
Gurobi 11.0.3 (linux64, Java) logging started seg 25 nov 2024 03:41:35 -03

Set parameter Username
Academic license - for non-commercial use only - expires 2025-10-10
Set parameter NonConvex to value 2
Set parameter TimeLimit to value 3600
Set parameter LogToConsole to value 0
Set parameter MIPGap to value 4.7614803339461642e-08
Set parameter Threads to value 2
Set parameter NodefileDir to value "/home/ps12398/experiment_hosp/goalProgrammingMarcos/"
Set parameter NodefileStart to value 1
Gurobi Optimizer version 11.0.3 build v11.0.3rc0 (linux64)

CPU model: Intel(R) Xeon(R) CPU           X5650  @ 2.67GHz, instruction set [SSE2]
Thread count: 12 physical cores, 24 logical processors, using up to 2 threads

Optimize a model with 61241 rows, 41336 columns and 205035 nonzeros
Model fingerprint: 0xab3f4277
Model has 148 quadratic constraints
Variable types: 20598 continuous, 20738 integer (143 binary)
Coefficient statistics:
  Matrix range     [7e-03, 6e+06]
  QMatrix range    [7e-03, 1e+05]
  QLMatrix range   [1e+00, 1e+05]
  Objective range  [1e+00, 4e+07]
  Bounds range     [1e+00, 1e+08]
  RHS range        [1e+00, 1e+07]
  QRHS range       [8e-02, 8e-02]
Presolve removed 60304 rows and 40323 columns
Presolve time: 0.15s
Presolved: 2236 rows, 1404 columns, 68719 nonzeros
Presolved model has 2 SOS constraint(s)
Presolved model has 143 bilinear constraint(s)

Solving non-convex MIQCP

Variable types: 558 continuous, 846 integer (145 binary)
Found heuristic solution: objective 1.612207e+07

Root relaxation: objective 0.000000e+00, 412 iterations, 0.01 seconds (0.01 work units)

    Nodes    |    Current Node    |     Objective Bounds      |     Work
 Expl Unexpl |  Obj  Depth IntInf | Incumbent    BestBd   Gap | It/Node Time

     0     0    0.00000    0  179 1.6122e+07    0.00000   100%     -    0s
     0     0    0.00000    0  311 1.6122e+07    0.00000   100%     -    0s
H    0     0                    1.540178e+07    0.00000   100%     -    0s
     0     0    0.00000    0  303 1.5402e+07    0.00000   100%     -    0s
     0     0    0.00000    0  248 1.5402e+07    0.00000   100%     -    1s
H    0     0                    5834970.8483    0.00000   100%     -    1s
     0     0    0.00000    0  245 5834970.85    0.00000   100%     -    1s
     0     0    0.00000    0  262 5834970.85    0.00000   100%     -    1s
     0     0    0.00000    0  259 5834970.85    0.00000   100%     -    1s
     0     2    0.00000    0  252 5834970.85    0.00000   100%     -    2s
H   95   112                    5441293.8724    0.00000   100%  64.4    3s
   270   424    0.00000   97  242 5441293.87    0.00000   100%  80.7    5s
H  348   424                    4846030.5293    0.00000   100%  76.4    5s
H  989  1093                    4657784.0207    0.00000   100%  32.1    7s
H  994   802                    2438477.2416    0.00000   100%  31.9    7s
H 1303  1101                    1962347.3360    0.00000   100%  25.4    8s
  1816  1723 43849.1403 1002  175 1962347.34    0.00000   100%  19.3   10s
H 2111  1880                    1729521.3407    0.00000   100%  18.1   11s
H 2242  1877                    1647384.2331    0.00000   100%  17.2   11s
  2898  2415 30618.9959  397  162 1647384.23    0.00000   100%  18.8   15s
H 2898  2294                    1647364.8507    0.00000   100%  18.8   15s
H 2933  2207                    1647346.5711    0.00000   100%  22.4   19s
  2980  2277    0.00000   29  222 1647346.57    0.00000   100%  23.1   20s
H 3001  2161                    1456868.7180    0.00000   100%  23.6   20s
H 3099  2118                    1231097.5856    0.00000   100%  25.5   22s
H 3186  2099                    1151710.3309    0.00000   100%  27.2   23s
H 3353  2427                    882948.03035    0.00000   100%  31.1   26s
H 3796  2177                    882195.28235    0.00000   100%  33.1   28s
H 3835  1984                    776147.83738    0.00000   100%  33.8   28s
  4053  2380 52519.0014  177  172 776147.837    0.00000   100%  35.1   31s
H 4821  2404                    699938.21070    0.00000   100%  34.2   34s
  4938  2513 47758.1783  109  223 699938.211    0.00000   100%  36.3   36s
H 5007  2405                    610154.34023    0.00000   100%  37.1   36s
H 5043  2000                    499983.87453    0.00000   100%  37.6   37s
H 5638  2067                    490519.92729    0.00000   100%  41.0   40s
H 5879  1971                    459384.93860    0.00000   100%  46.7   42s
  6193  1926 26167.2068  116  206 459384.939    0.00000   100%  51.2   45s
H 6293  1756                    429517.60774    0.00000   100%  52.8   46s
  6754  2223    0.00000  126  180 429517.608    0.00000   100%  56.6   51s
H 6911  2221                    428144.09734    0.00000   100%  56.1   51s
H 7894  3201                    401851.65274    0.00000   100%  52.3   54s
  8290  3526 138277.489  241  170 401851.653    0.00000   100%  52.8   56s
H 8594  3325                    353280.94228    0.00000   100%  52.1   56s
H 9506  3584                    273075.86080    0.00000   100%  49.5   60s
H12366  6074                    248896.62599    0.00000   100%  40.0   64s
 12917  6449 infeasible 1303      248896.626    0.00000   100%  38.4   65s
H13397  6825                    241158.26560    0.00000   100%  37.9   66s
H13749  6098                    224833.52213    0.00000   100%  37.1   67s
 14519  6547 162542.721  241  167 224833.522    0.00000   100%  37.2   70s
H14618  3042                    187483.22943    0.00000   100%  37.4   70s
H14806  3027                    185191.37377    0.00000   100%  37.3   72s
H15062  3265                    155493.36660    0.00000   100%  37.2   74s
 15561  3777 infeasible  351      155493.367    0.00000   100%  36.6   76s
H16526  3602                    133028.77172    0.00000   100%  35.9   79s
H16935  3563                    116014.14326    0.00000   100%  36.3   81s
H17244  3655                    115876.18195    0.00000   100%  36.5   82s
H17510  3725                    111743.63787    0.00000   100%  37.0   84s
 17841  3860 85870.4371  310  185 111743.638    0.00000   100%  37.6   85s
H17963  3370                    77043.011017    0.00000   100%  38.5   86s
H17989  2420                    57650.980168    0.00000   100%  38.7   87s
H18173  2527                    56468.994643    0.00000   100%  39.5   89s
 18343  2535 infeasible  276      56468.9946    0.00000   100%  39.8   90s
H18418  2370                    41680.923851    0.00000   100%  40.3   92s
H18686  2459                    33608.977421    0.00000   100%  41.4   94s
H18738  2524                    33593.613115    0.00000   100%  41.6   95s
H18810  2509                    32647.636219    0.00000   100%  41.9   95s
H18971  2464                    15193.335145    0.00000   100%  42.4   97s
H19230  2491                    13722.215401    0.00000   100%  43.2   99s
 19268  2547 infeasible  302      13722.2154    0.00000   100%  43.3  100s
H19502  2570                    11727.590694    0.00000   100%  43.7  101s
 19777  2817    0.00000  290  166 11727.5907    0.00000   100%  44.0  105s
H20023  2799                    6812.3504769    0.00000   100%  44.2  106s
H20419   228                       0.0000000    0.00000  0.00%  44.6  108s

Cutting planes:
  Gomory: 1
  Implied bound: 16
  MIR: 75
  StrongCG: 2
  Flow cover: 26
  RLT: 5

Explored 20518 nodes (919293 simplex iterations) in 108.17 seconds (63.71 work units)
Thread count was 2 (of 24 available processors)

Solution count 10: 0 6812.35 11727.6 ... 56469

Optimal solution found (tolerance 4.76e-08)
Best objective 0.000000000000e+00, best bound 0.000000000000e+00, gap 0.0000%
