
Gurobi 11.0.3 (linux64, Java) logging started sáb 23 nov 2024 18:34:22 -03

Set parameter Username
Academic license - for non-commercial use only - expires 2025-10-10
Set parameter NonConvex to value 2
Set parameter TimeLimit to value 3600
Set parameter LogToConsole to value 0
Set parameter MIPGap to value 4.7614803339461642e-08
Set parameter Threads to value 2
Set parameter NodefileDir to value "/home/ps12398/experiment_hosp/goalProgrammingMarcos/"
Set parameter NodefileStart to value 1
Gurobi Optimizer version 11.0.3 build v11.0.3rc0 (linux64)

CPU model: Intel(R) Xeon(R) CPU           X5650  @ 2.67GHz, instruction set [SSE2]
Thread count: 12 physical cores, 24 logical processors, using up to 2 threads

Optimize a model with 61241 rows, 41336 columns and 205035 nonzeros
Model fingerprint: 0x82706023
Model has 148 quadratic constraints
Variable types: 20598 continuous, 20738 integer (143 binary)
Coefficient statistics:
  Matrix range     [7e-03, 6e+06]
  QMatrix range    [7e-03, 1e+05]
  QLMatrix range   [1e+00, 1e+05]
  Objective range  [1e+00, 4e+07]
  Bounds range     [1e+00, 1e+08]
  RHS range        [1e+00, 1e+07]
  QRHS range       [1e-02, 1e-02]
Presolve removed 60304 rows and 40323 columns
Presolve time: 0.15s
Presolved: 2236 rows, 1404 columns, 68719 nonzeros
Presolved model has 2 SOS constraint(s)
Presolved model has 143 bilinear constraint(s)

Solving non-convex MIQCP

Variable types: 558 continuous, 846 integer (145 binary)
Found heuristic solution: objective 1.963328e+07

Root relaxation: objective 2.495421e+04, 882 iterations, 0.04 seconds (0.02 work units)

    Nodes    |    Current Node    |     Objective Bounds      |     Work
 Expl Unexpl |  Obj  Depth IntInf | Incumbent    BestBd   Gap | It/Node Time

     0     0 24954.2104    0  258 1.9633e+07 24954.2104   100%     -    0s
H    0     0                    1.953618e+07 24954.2104   100%     -    0s
     0     0 812024.021    0  339 1.9536e+07 812024.021  95.8%     -    0s
     0     0 840994.136    0  352 1.9536e+07 840994.136  95.7%     -    0s
     0     0 951947.582    0  350 1.9536e+07 951947.582  95.1%     -    1s
H    0     0                    1.891298e+07 951947.582  95.0%     -    1s
     0     0 961726.479    0  349 1.8913e+07 961726.479  94.9%     -    1s
     0     0 1026147.85    0  370 1.8913e+07 1026147.85  94.6%     -    1s
     0     0 1027868.00    0  375 1.8913e+07 1027868.00  94.6%     -    1s
     0     0 1055196.10    0  380 1.8913e+07 1055196.10  94.4%     -    2s
     0     0 1060078.47    0  398 1.8913e+07 1060078.47  94.4%     -    2s
     0     0 1068271.07    0  378 1.8913e+07 1068271.07  94.4%     -    2s
     0     0 1074775.33    0  372 1.8913e+07 1074775.33  94.3%     -    2s
     0     0 1083359.98    0  389 1.8913e+07 1083359.98  94.3%     -    2s
     0     0 1085743.52    0  390 1.8913e+07 1085743.52  94.3%     -    2s
     0     0 1087438.97    0  385 1.8913e+07 1087438.97  94.3%     -    2s
     0     0 1090657.89    0  371 1.8913e+07 1090657.89  94.2%     -    3s
     0     2 1090657.89    0  364 1.8913e+07 1090657.89  94.2%     -    3s
H   29    36                    1.816151e+07 1092204.43  94.0%  32.2    3s
H  152   154                    8245549.3415 1092204.43  86.8%  28.9    4s
   177   183 2305088.51   47  288 8245549.34 1092204.43  86.8%  28.3    5s
H  181   183                    8169753.1428 1092204.43  86.6%  28.0    5s
H 1005  1007                    8141182.6326 1092204.43  86.6%  18.0    9s
  1226  1333 5085249.69  504  170 8141182.63 1092204.43  86.6%  15.0   10s
H 2097  2136                    7865455.5424 1092204.43  86.1%   9.3   11s
H 2625  2664                    7323805.7027 1092204.43  85.1%   8.1   13s
H 3123  3126                    7148199.9953 1092204.43  84.7%   7.0   14s
H 3124  3126                    7055668.1825 1092204.43  84.5%   7.0   14s
  3454  3633 5097126.09 1502  166 7055668.18 1092204.43  84.5%   6.4   15s
H 3634  3453                    6911476.3178 1092204.43  84.2%   6.2   16s
  3673  3479 5091064.85  827  330 6911476.32 1466120.40  78.8%   6.1   20s
H 3693  3316                    6911344.6338 1556362.53  77.5%   6.1   22s
H 3713  3161                    6857483.3804 1572934.21  77.1%   6.1   24s
  3715  3163 5060464.10  286  355 6857483.38 1573152.62  77.1%   6.0   25s
H 3747  3025                    6835238.6450 1587358.69  76.8%   8.3   28s
  3762  3035 5420449.36  571  360 6835238.64 1590051.47  76.7%   8.3   30s
H 3762  2883                    6685717.4112 1590051.47  76.2%   8.3   30s
H 3774  2746                    6679621.3982 1597352.52  76.1%   8.3   33s
  3786  2754 5090703.10  782  345 6679621.40 1598519.09  76.1%   8.2   35s
H 3824  2644                    6627450.8660 1598519.09  75.9%  10.5   39s
  3828  2647 1665388.61   33  437 6627450.87 1598519.09  75.9%  10.7   40s
H 3880  2551                    6627450.8654 1598519.09  75.9%  11.6   43s
  3912  2571 2429270.38   52  322 6627450.87 1598519.09  75.9%  11.9   45s
H 3940  2464                    6549538.0033 1598519.09  75.6%  12.0   46s
  3997  2509 2643202.86   73  296 6549538.00 1598519.09  75.6%  12.2   50s
H 4052  2423                    6397528.6225 1598519.09  75.0%  12.3   52s
H 4065  2321                    6302498.9806 1598519.09  74.6%  12.4   53s
  4085  2343 2825732.79   95  252 6302498.98 1598519.09  74.6%  12.6   55s
H 4143  2262                    6292539.1517 1598519.09  74.6%  12.7   58s
  4168  2287 2972658.49  116  233 6292539.15 1598519.09  74.6%  12.7   60s
H 4177  2182                    6284708.5811 1598519.09  74.6%  12.7   60s
  4264  2255 3179092.30  138  207 6284708.58 1598519.09  74.6%  13.1   65s
H 4331  2193                    6276010.6713 1598519.09  74.5%  13.0   69s
  4341  2216 3215761.47  157  196 6276010.67 1598519.09  74.5%  13.1   71s
H 4368  2128                    6262394.2324 1598519.09  74.5%  13.0   72s
H 4368  2041                    6253880.8123 1598519.09  74.4%  13.0   72s
  4413  2082 3261232.91  174  189 6253880.81 1598519.09  74.4%  13.0   76s
H 4428  1993                    6249391.7131 1598519.09  74.4%  13.0   76s
  4505  2064 3261311.42  198  189 6249391.71 1598519.09  74.4%  12.9   81s
H 4544  2005                    6249372.5394 1598519.09  74.4%  12.9   83s
  4567  2032 3262939.71  212  187 6249372.54 1598519.09  74.4%  12.9   85s
H 4644  1995                    6202882.4603 1598519.09  74.2%  13.0   89s
  4666  2030 3262022.85  238  185 6202882.46 1598519.09  74.2%  12.9   91s
H 4730  1982                    6196684.2873 1598519.09  74.2%  12.8   94s
  4752  2009 3263617.12  259  183 6196684.29 1598519.09  74.2%  12.8   96s
  4827  2057 3263647.94  276  183 6196684.29 1598519.09  74.2%  12.8  101s
H 4842  1984                    6190115.8625 1598519.09  74.2%  12.8  101s
H 4866  1950                    6176095.7889 1598519.09  74.1%  12.8  104s
  4906  1979 3266844.35  297  186 6176095.79 1598519.09  74.1%  12.7  107s
H 4980  1934                    6176094.1124 1598519.09  74.1%  12.6  109s
  4990  1977 3266927.68  321  186 6176094.11 1598519.09  74.1%  12.6  111s
H 5031  1905                    6170766.2628 1598519.09  74.1%  12.5  111s
  5036  1952 3264097.61  334  183 6170766.26 1598519.09  74.1%  12.5  115s
  5134  2016 3270090.33  360  185 6170766.26 1598519.09  74.1%  12.4  121s
H 5135  1961                    6167451.7453 1598519.09  74.1%  12.4  121s
  5181  1995 3267397.26  373  184 6167451.75 1598519.09  74.1%  12.3  125s
H 5264  1967                    6167201.8531 1598519.09  74.1%  12.2  128s
  5282  2019 3267553.35  399  183 6167201.85 1598519.09  74.1%  12.2  132s
H 5290  1966                    6167201.8471 1598519.09  74.1%  12.2  132s
H 5320  1908                    6166945.8504 1598519.09  74.1%  12.2  132s
  5340  1960 3267635.94  414  183 6166945.85 1598519.09  74.1%  12.1  136s
H 5346  1913                    6159434.9904 1598519.09  74.0%  12.1  136s
  5399  1961 3269201.27  429  180 6159434.99 1598519.09  74.0%  12.1  140s
H 5403  1917                    6154964.2697 1598519.09  74.0%  12.1  140s
H 5464  1933                    6154960.4712 1598519.09  74.0%  12.0  145s
  5610  2022 3267981.38  483  183 6154960.47 1598519.09  74.0%  11.9  153s
H 5648  1971                    6151598.7623 1598519.09  74.0%  11.8  153s
  5681  2035 3268083.42  502  183 6151598.76 1598519.09  74.0%  11.9  157s
H 5756  2055                    6148420.0767 1598519.09  74.0%  11.9  162s
H 5837  2111                    6129561.7385 1598519.09  73.9%  11.8  166s
  5917  2197 3271526.99  564  185 6129561.74 1598519.09  73.9%  11.9  172s
H 6003  2283                    6129561.6799 1598519.09  73.9%  11.9  177s
  6089  2375 3269883.14  611  181 6129561.68 1598519.09  73.9%  12.0  182s
  6181  2470 3271864.33  636  185 6129561.68 1598519.09  73.9%  12.0  188s
  6276  2563 3268877.54  663  183 6129561.68 1598519.09  73.9%  12.0  194s
H 6327  2563                    6125549.1199 1598519.09  73.9%  11.9  194s
H 6369  2674                    6124940.5908 1598519.09  73.9%  12.1  200s
H 6482  2774                    6124182.2363 1598519.09  73.9%  12.0  206s
H 6616  2863                    6118029.3876 1598519.09  73.9%  12.2  212s
  6755  2962 3926839.20  773  178 6118029.39 1598519.09  73.9%  12.5  217s
  6904  3060 3927637.11  803  177 6118029.39 1598519.09  73.9%  12.5  223s
  7064  3163 3933861.67  836  176 6118029.39 1598519.09  73.9%  12.7  230s
  7221  3272 3933757.21  870  177 6118029.39 1598519.09  73.9%  13.0  239s
H 7392  3369                    6116921.9946 1598519.09  73.9%  12.9  247s
H 7591  3492                    6116616.1927 1598519.09  73.9%  12.9  254s
H 7728  3636                    6115957.4929 1598519.09  73.9%  13.3  262s
  7872  3792 3986403.73 1009  166 6115957.49 1598519.09  73.9%  13.5  271s
  8028  3951 4667157.70 1047  173 6115957.49 1598519.09  73.9%  13.7  279s
H 8187  4112                    6115957.0355 1598519.09  73.9%  13.7  290s
H 8270  4112                    6112841.3156 1598519.09  73.8%  13.7  290s
  8348  4278 4932196.73 1125  164 6112841.32 1598519.09  73.8%  13.7  300s
H 8435  4278                    6111934.5058 1598519.09  73.8%  13.6  300s
  8514  4448 5029663.50 1168  171 6111934.51 1598519.09  73.8%  13.6  310s
H 8684  4623                    6109824.0963 1598519.09  73.8%  13.8  319s
  8859  4809 4944333.58 1259  165 6109824.10 1598519.09  73.8%  13.9  328s
  9045  4990 5055673.13 1306  170 6109824.10 1598519.09  73.8%  13.9  339s
H 9226  5178                    6109426.0555 1598519.09  73.8%  13.9  351s
  9414  5365 4954352.48 1404  164 6109426.06 1598519.09  73.8%  14.0  361s
  9601  5561 4963445.06 1453  163 6109426.06 1598519.09  73.8%  14.0  372s
  9797  5752 5201528.59 1502  164 6109426.06 1598519.09  73.8%  13.9  385s
  9988  5947 5021407.57 1550  162 6109426.06 1598519.09  73.8%  13.9  396s
 10183  6138 5250446.23 1598  173 6109426.06 1598519.09  73.8%  13.8  408s
H10374  6332                    6101699.0974 1598519.09  73.8%  13.8  418s
H10568  6522                    6081528.9453 1598519.09  73.7%  13.7  428s
 10759  6725 5036180.42 1744  160 6081528.95 1598519.09  73.7%  13.7  439s
H10861  6725                    6081527.4795 1598519.09  73.7%  13.7  439s
 10962  6920 5040143.21 1795  163 6081527.48 1598519.09  73.7%  13.6  450s
 11157  7120 5370523.97 1844  173 6081527.48 1598519.09  73.7%  13.4  462s
H11357  7318                    6081216.6699 1598519.09  73.7%  13.4  472s
 11555  7514 5413379.40 1944  164 6081216.67 1598519.09  73.7%  13.3  483s
H11751  7703                    6080566.9077 1598519.09  73.7%  13.4  494s
 11940  7890 5428523.06 2045  163 6080566.91 1598519.09  73.7%  13.5  506s
 12127  8078 5142167.89 2095  160 6080566.91 1598519.09  73.7%  13.7  517s
H12226  8075                    6069344.7240 1598519.09  73.7%  13.8  517s
 12315  8272 5139452.84 2145  161 6069344.72 1598519.09  73.7%  13.8  528s
H12512  8458                    6069315.9895 1598519.09  73.7%  13.9  539s
H12607  8458                    6068495.8792 1598519.09  73.7%  14.0  539s
H12698  8651                    6062254.6964 1598519.09  73.6%  14.1  548s
 12891  8838 5148376.46 2292  150 6062254.70 1598519.09  73.6%  14.2  559s
 13078  9034 5148411.17 2341  150 6062254.70 1598519.09  73.6%  14.3  568s
 13274  9226 5150185.08 2391  151 6062254.70 1598519.09  73.6%  14.5  578s
 13466  9417 5149090.47 2440  150 6062254.70 1598519.09  73.6%  14.6  589s
 13657  9608 5152316.40 2489  152 6062254.70 1598519.09  73.6%  14.8  601s
H13758  9608                    6060986.8801 1598519.09  73.6%  14.8  601s
 13848  9797 5151636.48 2540  151 6060986.88 1598519.09  73.6%  14.9  610s
H13947  9797                    6056739.4018 1598519.09  73.6%  15.0  610s
H14037  9993                    6056737.9360 1598519.09  73.6%  15.1  620s
H14142  9993                    6055788.0616 1598519.09  73.6%  15.0  620s
 14233 10120 5756614.17 2642  147 6055788.06 1598519.09  73.6%  15.0  631s
H14261 10059                    5847113.2015 1598519.09  72.7%  15.0  631s
 14360 10206     cutoff 2672      5847113.20 1598519.09  72.7%  15.1  642s
H14457 10204                    5840190.4140 1600162.11  72.6%  15.3  642s
 14545 10411 2316283.83   67  304 5840190.41 1600162.11  72.6%  15.4  651s
H14752 10605                    5840190.4129 1600162.11  72.6%  15.8  662s
H14950 10749                    5831479.5498 1600162.11  72.6%  16.0  674s
H15160 10960                    5831385.0198 1600162.11  72.6%  16.3  685s
H15377 10565                    5685911.1607 1600162.11  71.9%  16.3  698s
 15594 10791 2122172.68   56  328 5685911.16 1600162.11  71.9%  16.5  708s
H15727 10789                    5677948.3099 1600162.11  71.8%  16.6  708s
H15820 10458                    5472050.8020 1600162.11  70.8%  16.6  718s
 16014 10666 3412343.02  174  192 5472050.80 1600162.11  70.8%  16.6  726s
H16222 10855                    5471461.4382 1600162.11  70.8%  16.5  738s
 16411 11058 3550849.09  280  153 5471461.44 1600162.11  70.8%  16.4  749s
H16614 11257                    5469434.9795 1600162.11  70.7%  16.3  759s
H16813 11454                    5469418.2358 1600162.11  70.7%  16.2  770s
H16919 10525                    5299505.6912 1600162.11  69.8%  16.2  770s
 17010 10730 3550945.97  439  149 5299505.69 1600162.11  69.8%  16.2  781s
 17215 10941 3562174.53  496  154 5299505.69 1600162.11  69.8%  16.2  792s
H17333 10758                    5255967.4773 1600162.11  69.6%  16.1  792s
 17426 10958 3561820.56  555  151 5255967.48 1600162.11  69.6%  16.2  803s
 17626 11168 3563147.53  610  154 5255967.48 1600162.11  69.6%  16.2  815s
 17836 11372 3562747.45  668  152 5255967.48 1600162.11  69.6%  16.2  826s
 18040 11579 3563059.22  723  150 5255967.48 1600162.11  69.6%  16.2  837s
 18247 11780 4041683.30  779  174 5255967.48 1600162.11  69.6%  16.2  846s
H18363 11418                    5200629.8466 1600162.11  69.2%  16.1  846s
 18448 11622 3836220.77  837  147 5200629.85 1600162.11  69.2%  16.2  856s
 18652 11822 4209691.88  896  165 5200629.85 1600162.11  69.2%  16.3  865s
 18852 12024 4224234.52  952  165 5200629.85 1600162.11  69.2%  16.4  874s
 19054 12226 3864880.70 1010  151 5200629.85 1600162.11  69.2%  16.5  884s
H19256 12414                    5182259.7207 1600162.11  69.1%  16.6  892s
H19369 12384                    5161525.0698 1600162.11  69.0%  16.5  892s
 19456 12558 3887353.05 1124  148 5161525.07 1600162.11  69.0%  16.7  904s
H19555 12556                    5158455.3234 1600162.11  69.0%  16.7  904s
 19630 12751 3888430.91 1173  148 5158455.32 1600162.11  69.0%  16.8  914s
 19827 12945 3892001.54 1230  146 5158455.32 1600162.11  69.0%  16.9  924s
 20021 13145 3894964.92 1285  145 5158455.32 1600162.11  69.0%  17.0  935s
 20221 13348 3896920.89 1341  145 5158455.32 1600162.11  69.0%  17.0  946s
 20424 13550 3897418.83 1397  145 5158455.32 1600162.11  69.0%  17.1  957s
H20539 13147                    5142734.9975 1600162.11  68.9%  17.0  957s
 20626 13285 3902028.80 1455  143 5142735.00 1602204.67  68.8%  17.1  967s
H20820 13391                    5140191.5225 1602204.67  68.8%  17.5  974s
 21001 13560 3254598.95   81  243 5140191.52 1602204.67  68.8%  18.0  983s
H21170 13660                    5112040.8052 1602204.67  68.7%  18.2  992s
H21368 13838                    5111322.7265 1605458.78  68.6%  18.7 1001s
 21546 14027 3592530.90   86  278 5111322.73 1605458.78  68.6%  19.0 1011s
H21644 14027                    5110837.5738 1605458.78  68.6%  19.1 1011s
 21737 14161 4648185.36  135  195 5110837.57 1606155.87  68.6%  19.3 1020s
H21823 14137                    5101418.5417 1606155.87  68.5%  19.6 1020s
 21919 14343 2898854.68   58  367 5101418.54 1606155.87  68.5%  19.9 1031s
H22020 14343                    5101323.9477 1606155.87  68.5%  20.2 1031s
 22125 14536 4419140.77   94  191 5101323.95 1606390.26  68.5%  20.3 1041s
H22382 14740                    5100514.5116 1610004.62  68.4%  20.8 1050s
 22590 14926 3851697.86   89  193 5100514.51 1610004.62  68.4%  20.9 1061s
 22776 15098 4590623.24  124  142 5100514.51 1613217.74  68.4%  20.9 1071s
 22975 15272 2230853.81   43  389 5100514.51 1613217.74  68.4%  20.9 1080s
 23149 15448 3642026.00   82  279 5100514.51 1613217.74  68.4%  21.0 1089s
 23325 15669 4417219.56  113  196 5100514.51 1613217.74  68.4%  21.2 1097s
 23546 15885 4802505.98  216  195 5100514.51 1613217.74  68.4%  21.1 1108s
H23667 15574                    5061937.6638 1613217.74  68.1%  21.0 1108s
H23762 15724                    5056500.0653 1613217.74  68.1%  21.0 1120s
 23961 15944 4645744.84  433  186 5056500.07 1613217.74  68.1%  20.8 1131s
H24082 15359                    4983440.5262 1613217.74  67.6%  20.7 1131s
 24181 15589 4652096.44  554  186 4983440.53 1613217.74  67.6%  20.7 1142s
H24411 15811                    4973369.6690 1613217.74  67.6%  20.5 1150s
H24667 15988                    4968475.7329 1613217.74  67.5%  20.3 1158s
H24861 16212                    4968159.6096 1613217.74  67.5%  20.2 1166s
H25094 16381                    4967949.1134 1613217.74  67.5%  20.1 1174s
 25311 16549 4719268.29  944  147 4967949.11 1613217.74  67.5%  20.0 1184s
H25479 16697                    4958808.6389 1613217.74  67.5%  20.1 1193s
H25672 16853                    4958590.8521 1613217.74  67.5%  20.1 1204s
H25756 16837                    4956622.4186 1613217.74  67.5%  20.0 1204s
 25834 16946 4879616.42 1052  148 4956622.42 1617003.08  67.4%  20.0 1215s
 26042 17092 1653057.29   32  450 4956622.42 1619612.60  67.3%  20.2 1225s
 26188 17263 3505234.25   78  222 4956622.42 1619612.60  67.3%  20.3 1233s
H26359 17400                    4954531.9963 1619612.60  67.3%  20.4 1243s
 26544 17528 4869669.11  150  130 4954532.00 1620737.08  67.3%  20.4 1252s
H26622 17524                    4953784.9426 1620737.08  67.3%  20.5 1252s
 26716 17661 2778079.96   61  341 4953784.94 1625386.57  67.2%  20.7 1262s
 26853 17783 3827818.12   93  282 4953784.94 1625386.57  67.2%  20.8 1271s
H26910 17781                    4953214.9448 1625386.57  67.2%  20.9 1271s
 26975 17913 4438802.59  122  185 4953214.94 1625386.57  67.2%  20.9 1282s
 27112 18015 4472302.72  155  160 4953214.94 1625386.57  67.2%  20.9 1289s
H27250 18133                    4951922.1086 1625386.57  67.2%  20.9 1298s
 27401 18272 4488351.00  216  173 4951922.11 1625386.57  67.2%  21.0 1309s
H27466 18262                    4950230.4082 1625386.57  67.2%  21.0 1309s
 27554 18394 4611059.07  249  143 4950230.41 1625386.57  67.2%  21.0 1320s
 27706 18560 4833063.53  280  165 4950230.41 1625386.57  67.2%  21.1 1329s
H27800 18560                    4950230.3778 1625386.57  67.2%  21.0 1329s
H27872 18679                    4949898.9161 1625386.57  67.2%  21.0 1338s
 28103 18799 4876724.62  358  140 4949898.92 1628672.39  67.1%  21.0 1347s
H28196 18799                    4949898.8864 1628672.39  67.1%  21.1 1347s
H28268 18946                    4949897.5849 1628672.39  67.1%  21.0 1355s
H28378 18940                    4949328.0395 1633244.09  67.0%  21.2 1355s
H28454 19041                    4949198.4584 1633244.09  67.0%  21.1 1365s
H28558 19041                    4949102.0939 1633298.54  67.0%  21.3 1365s
H28648 19145                    4947347.5951 1633298.54  67.0%  21.3 1374s
H28801 19276                    4947228.8323 1637182.00  66.9%  21.5 1385s
H28879 19253                    4945602.2195 1637374.19  66.9%  21.6 1385s
H28962 19377                    4945461.6756 1638673.80  66.9%  21.7 1394s
 29105 19487 4788387.36   97  240 4945461.68 1644281.25  66.8%  21.9 1403s
H29302 19592                    4944474.5906 1645050.00  66.7%  22.7 1413s
 29480 19724 3253354.43   62  334 4944474.59 1645420.31  66.7%  23.2 1421s
 29612 19871 4151505.55   89  240 4944474.59 1645420.31  66.7%  23.3 1431s
 29759 20004 4582933.04  130  208 4944474.59 1645420.31  66.7%  23.4 1443s
H29894 20116                    4944125.2488 1645420.31  66.7%  23.4 1452s
 30033 20264 4709688.48  222  180 4944125.25 1645420.31  66.7%  23.3 1462s
H30108 20252                    4943304.2801 1645420.31  66.7%  23.3 1462s
 30181 20382 4721751.79  294  175 4943304.28 1645420.31  66.7%  23.4 1473s
H30252 20375                    4942083.4425 1645420.31  66.7%  23.3 1473s
 30336 20536 4727811.89  354  166 4942083.44 1645420.31  66.7%  23.5 1484s
H30524 20679                    4940079.0484 1645420.31  66.7%  23.5 1497s
 30693 20808 4730174.61  495  150 4940079.05 1645420.31  66.7%  23.7 1509s
H30778 20803                    4938116.9777 1645420.31  66.7%  23.7 1509s
 30860 20910 4749201.12  543  145 4938116.98 1645420.31  66.7%  23.7 1520s
H30967 20910                    4938097.3360 1645420.31  66.7%  23.9 1520s
 31053 21005 4843546.08  567  148 4938097.34 1645420.31  66.7%  23.9 1530s
 31244 21111 4844538.47  599  140 4938097.34 1645420.31  66.7%  24.0 1543s
 31438 21244 4887756.56  634  149 4938097.34 1649762.13  66.6%  24.1 1553s
H31517 21219                    4932375.3764 1649762.13  66.6%  24.3 1553s
 31602 21372 3427738.82   58  345 4932375.38 1651973.20  66.5%  24.5 1564s
H31692 21359                    4924499.8305 1651973.20  66.5%  24.6 1564s
 31775 21507 2090905.17   35  393 4924499.83 1651973.20  66.5%  24.8 1575s
H31868 21505                    4923481.7594 1651973.20  66.4%  24.9 1575s
 31947 21644 2709907.18   54  365 4923481.76 1652421.17  66.4%  25.1 1583s
 32112 21772 4407913.81  104  240 4923481.76 1654049.73  66.4%  25.2 1593s
 32261 21904 4018020.75   73  235 4923481.76 1654920.60  66.4%  25.5 1602s
 32403 22013     cutoff   98      4923481.76 1655219.63  66.4%  25.7 1611s
H32537 22065                    4919554.0683 1655219.63  66.4%  26.1 1617s
 32602 22130 3200479.62   64  307 4919554.07 1657137.14  66.3%  26.2 1625s
 32719 22206 3735638.33   58  370 4919554.07 1657137.14  66.3%  26.3 1633s
 32759 22246 4443754.13   73  335 4919554.07 1657886.26  66.3%  26.3 1637s
 32817 22296 2252516.72   42  379 4919554.07 1657886.26  66.3%  26.5 1642s
 32867 22344 3929565.56   76  279 4919554.07 1658064.12  66.3%  26.5 1647s
H32911 22344                    4919384.1609 1658064.12  66.3%  26.5 1647s
 32927 22403 2221221.33   46  404 4919384.16 1658872.98  66.3%  26.5 1654s
H32993 22403                    4918631.7692 1658872.98  66.3%  26.6 1654s
 32998 22450 1749742.55   33  441 4918631.77 1658872.98  66.3%  26.7 1660s
H33045 22495                    4918239.5269 1658872.98  66.3%  26.7 1664s
 33090 22537 3380676.62   57  329 4918239.53 1658872.98  66.3%  26.7 1669s
 33132 22578 4273491.37   66  308 4918239.53 1665388.61  66.1%  26.7 1674s
H33152 22578                    4917721.8299 1665388.61  66.1%  26.7 1674s
 33187 22622 1844636.59   34  448 4917721.83 1665388.61  66.1%  26.8 1679s
 33232 22666 3222357.65   63  353 4917721.83 1665388.61  66.1%  26.8 1684s
H33242 22665                    4916333.8338 1665388.61  66.1%  26.8 1684s
 33292 22696     cutoff   92      4916333.83 1665570.69  66.1%  27.0 1690s
H33312 22696                    4916113.8719 1665570.69  66.1%  27.2 1690s
H33370 22745                    4915836.8825 1665570.69  66.1%  27.4 1695s
 33420 22800 4142573.07   90  271 4915836.88 1666237.78  66.1%  27.4 1703s
 33496 22855 2644296.32   54  346 4915836.88 1666237.78  66.1%  27.5 1711s
 33566 22918 3351035.74   73  266 4915836.88 1666237.78  66.1%  27.5 1717s
 33629 22980 3722022.38   85  212 4915836.88 1666237.78  66.1%  27.6 1723s
H33688 22980                    4914763.8511 1666237.78  66.1%  27.6 1723s
 33691 23061 4232333.88   99  169 4914763.85 1666237.78  66.1%  27.6 1729s
 33786 23131 4599684.42  113  153 4914763.85 1666237.78  66.1%  27.7 1734s
 33870 23197 4790094.57  132  143 4914763.85 1666237.78  66.1%  27.7 1740s
H33912 23197                    4914744.7114 1666237.78  66.1%  27.7 1740s
 33940 23242 4803739.56  153  144 4914744.71 1666761.94  66.1%  27.7 1747s
 34021 23320 2336644.73   43  381 4914744.71 1666761.94  66.1%  27.8 1756s
H34075 23281                    4897192.5344 1666761.94  66.0%  27.8 1756s
 34099 23340 4677386.20   96  242 4897192.53 1668434.25  65.9%  27.8 1764s
H34173 23415                    4897088.0547 1668434.25  65.9%  27.9 1772s
H34220 23410                    4896105.0294 1668434.25  65.9%  27.9 1772s
 34248 23469     cutoff  103      4896105.03 1670131.60  65.9%  27.9 1779s
H34249 23469                    4896105.0289 1670131.60  65.9%  27.9 1779s
 34338 23520 3389414.19   69  278 4896105.03 1670131.60  65.9%  27.9 1787s
 34404 23566     cutoff  105      4896105.03 1670233.83  65.9%  28.1 1793s
H34471 23629                    4890192.9712 1671477.56  65.8%  28.2 1800s
 34558 23694 2660880.55   53  390 4890192.97 1672039.37  65.8%  28.3 1807s
H34582 23694                    4889857.6247 1672039.37  65.8%  28.3 1807s
 34635 23770 3683132.36   77  338 4889857.62 1672039.37  65.8%  28.3 1814s
H34656 23770                    4889831.3727 1672039.37  65.8%  28.3 1814s
 34711 23813 3905605.89   98  286 4889831.37 1672039.37  65.8%  28.4 1822s
H34729 23804                    4887936.4690 1672039.37  65.8%  28.4 1822s
 34783 23864 4474618.61  114  254 4887936.47 1672475.38  65.8%  28.4 1828s
H34816 23864                    4887936.4531 1672475.38  65.8%  28.5 1828s
 34856 23935 2120270.26   40  399 4887936.45 1672475.38  65.8%  28.5 1836s
H34945 24014                    4885820.7379 1672475.38  65.8%  28.6 1845s
 35031 24095 3455658.76   71  298 4885820.74 1672475.38  65.8%  28.8 1853s
H35081 24094                    4885391.4807 1672475.38  65.8%  28.9 1853s
H35130 24125                    4873081.0039 1672475.38  65.7%  29.0 1863s
 35249 24216 4231305.75  109  238 4873081.00 1672475.38  65.7%  29.1 1872s
 35340 24321 4369131.71  154  205 4873081.00 1672475.38  65.7%  29.1 1880s
 35465 24421 4447218.86  203  194 4873081.00 1672475.38  65.7%  29.2 1887s
 35565 24490 4485299.73  235  182 4873081.00 1672475.38  65.7%  29.2 1897s
 35634 24556 4500042.88  263  183 4873081.00 1672475.38  65.7%  29.2 1909s
 35700 24632 4506962.60  288  185 4873081.00 1672475.38  65.7%  29.2 1919s
 35792 24713 4547981.64  305  171 4873081.00 1672475.38  65.7%  29.3 1928s
 35880 24777 4556443.12  317  154 4873081.00 1672475.38  65.7%  29.3 1937s
 35962 24847 4608289.33  330  147 4873081.00 1672475.38  65.7%  29.4 1944s
 36041 24919 4624809.02  358  163 4873081.00 1672475.38  65.7%  29.4 1954s
 36130 24981 4662612.26  389  142 4873081.00 1676969.36  65.6%  29.5 1962s
 36237 25070 2398606.48   46  346 4873081.00 1677148.86  65.6%  29.6 1968s
 36326 25138 4747217.73   96  235 4873081.00 1679977.66  65.5%  29.7 1975s
 36421 25206 2400337.06   51  391 4873081.00 1680113.56  65.5%  29.9 1982s
H36489 25258                    4871858.4018 1680113.56  65.5%  30.0 1989s
 36552 25311 3800410.49   84  284 4871858.40 1680113.56  65.5%  30.0 1996s
 36605 25362 4104768.37   95  265 4871858.40 1680113.56  65.5%  30.1 2000s
 36656 25411 4422920.34  107  219 4871858.40 1680113.56  65.5%  30.1 2007s
 36707 25439     cutoff  120      4871858.40 1680113.56  65.5%  30.1 2014s
 36768 25479     cutoff  137      4871858.40 1680421.86  65.5%  30.2 2019s
 36836 25540 2407894.97   47  370 4871858.40 1680421.86  65.5%  30.3 2027s
H36877 25540                    4871858.3422 1680421.86  65.5%  30.3 2027s
 36899 25589 4067819.78   68  268 4871858.34 1680703.93  65.5%  30.3 2034s
 36976 25654 2607554.08   49  354 4871858.34 1680703.93  65.5%  30.5 2041s
 37052 25725 1979171.00   38  426 4871858.34 1681022.72  65.5%  30.5 2048s
H37133 25725                    4871858.2810 1681022.72  65.5%  30.6 2048s
 37155 25800 1974736.85   38  419 4871858.28 1684354.79  65.4%  30.7 2056s
 37251 25896 1698179.20   33  442 4871858.28 1684636.62  65.4%  30.7 2064s
 37361 25970 2026549.68   37  411 4871858.28 1684636.62  65.4%  30.8 2071s
H37366 25959                    4870363.8347 1684636.62  65.4%  30.8 2071s
 37436 26026 4028615.98   78  281 4870363.83 1685410.86  65.4%  30.8 2078s
 37531 26085 2558984.51   53  382 4870363.83 1685410.86  65.4%  30.9 2086s
 37594 26129 3455209.24   84  308 4870363.83 1685410.86  65.4%  30.9 2094s
 37668 26181 4040271.30  120  172 4870363.83 1685410.86  65.4%  30.9 2102s
 37760 26263 4606359.11  151  188 4870363.83 1685410.86  65.4%  31.0 2111s
 37856 26345 4684400.21  172  196 4870363.83 1685410.86  65.4%  31.1 2122s
 37952 26423 4693817.18  187  190 4870363.83 1685410.86  65.4%  31.2 2131s
 38030 26486 4705092.08  206  184 4870363.83 1685410.86  65.4%  31.2 2140s
 38119 26564 4717237.14  214  184 4870363.83 1685410.86  65.4%  31.3 2150s
 38207 26656 4747943.81  234  179 4870363.83 1685410.86  65.4%  31.3 2161s
 38301 26739 4811199.36  247  178 4870363.83 1685410.86  65.4%  31.2 2171s
 38384 26817 4817196.42  262  176 4870363.83 1685410.86  65.4%  31.2 2180s
 38462 26886 4823397.83  272  188 4870363.83 1685410.86  65.4%  31.2 2191s
 38532 26938     cutoff  283      4870363.83 1685410.86  65.4%  31.1 2198s
 38614 26994 4833914.25  295  171 4870363.83 1686614.77  65.4%  31.1 2209s
 38711 27080 2702603.64   51  330 4870363.83 1686628.82  65.4%  31.2 2218s
 38821 27155 2644511.06   52  340 4870363.83 1686823.26  65.4%  31.2 2226s
 38910 27216 2502901.35   45  414 4870363.83 1686823.26  65.4%  31.3 2234s
H38982 27266                    4869603.1954 1686823.26  65.4%  31.3 2242s
 39061 27357 4273081.10  110  188 4869603.20 1686823.26  65.4%  31.3 2252s
 39166 27445 4834346.03  148  192 4869603.20 1688483.41  65.3%  31.4 2264s
H39223 27445                    4869412.4634 1688483.41  65.3%  31.5 2264s
 39273 27557 4415834.53   82  232 4869412.46 1689103.88  65.3%  31.5 2275s
 39409 27648 2127767.72   39  411 4869412.46 1689103.88  65.3%  31.7 2285s
 39518 27735 4598917.81   92  253 4869412.46 1691016.98  65.3%  31.8 2296s
H39570 27735                    4869371.8332 1691016.98  65.3%  31.9 2296s
H39618 27811                    4868095.2335 1691016.98  65.3%  31.9 2308s
 39714 27921 3093102.96   56  261 4868095.23 1691016.98  65.3%  32.0 2317s
 39836 28021 3426893.99   64  260 4868095.23 1691016.98  65.3%  32.1 2328s
 39944 28131 3763879.53   80  210 4868095.23 1691016.98  65.3%  32.2 2340s
 40071 28263 4040785.73   86  199 4868095.23 1691016.98  65.3%  32.4 2351s
 40218 28378 4406536.67  101  171 4868095.23 1691016.98  65.3%  32.4 2363s
 40333 28454 4591859.08  116  144 4868095.23 1691941.69  65.2%  32.4 2373s
 40457 28546 3116223.96   58  344 4868095.23 1692311.35  65.2%  32.5 2384s
 40549 28628 4145792.63  100  261 4868095.23 1692311.35  65.2%  32.6 2392s
 40652 28719 4710967.26  137  183 4868095.23 1692311.35  65.2%  32.7 2403s
H40694 28717                    4867933.2817 1692311.35  65.2%  32.7 2403s
 40772 28824 4832285.04  160  189 4867933.28 1693037.66  65.2%  32.8 2419s
H40818 28824                    4867927.5093 1693037.66  65.2%  32.9 2419s
 40909 28953 3134328.52   57  357 4867927.51 1694098.42  65.2%  32.9 2428s
 41064 29073 3288573.66   68  261 4867927.51 1694329.70  65.2%  33.1 2437s
 41213 29163 2900224.75   58  281 4867927.51 1694600.20  65.2%  33.2 2447s
 41325 29282 2337723.04   42  388 4867927.51 1696224.58  65.2%  33.3 2458s
 41462 29391 2156321.52   39  443 4867927.51 1696330.05  65.2%  33.4 2466s
 41571 29482 4166292.16   67  283 4867927.51 1696639.87  65.1%  33.5 2480s
 41695 29577 3157759.51   64  313 4867927.51 1697587.05  65.1%  33.7 2490s
 41792 29648 4544992.41  116  214 4867927.51 1697671.11  65.1%  33.8 2498s
 41886 29727 2558851.18   52  363 4867927.51 1697671.11  65.1%  33.9 2505s
 41981 29825 3168172.21   70  264 4867927.51 1697671.11  65.1%  34.0 2515s
 42108 29916 3634375.38   84  234 4867927.51 1697671.11  65.1%  34.0 2525s
 42215 30009 3976512.07  107  178 4867927.51 1697671.11  65.1%  34.2 2536s
 42318 30099 4237399.39  118  165 4867927.51 1697671.11  65.1%  34.3 2548s
 42416 30192 4437239.94  128  145 4867927.51 1697671.11  65.1%  34.3 2562s
 42513 30255 4654803.67  144  142 4867927.51 1697671.11  65.1%  34.3 2574s
 42609 30323 infeasible  164      4867927.51 1699873.39  65.1%  34.4 2586s
 42706 30424 2540827.98   48  362 4867927.51 1700856.09  65.1%  34.5 2599s
H42766 30381                    4864743.2018 1700856.09  65.0%  34.6 2599s
 42826 30516 2085372.05   37  431 4864743.20 1700856.09  65.0%  34.7 2612s
H42969 30616                    4863719.0251 1700856.09  65.0%  34.8 2624s
 43095 30725 2456558.10   45  388 4863719.03 1701397.44  65.0%  35.1 2637s
H43152 30725                    4863587.7900 1701397.44  65.0%  35.1 2637s
H43204 30824                    4863587.7895 1701397.44  65.0%  35.2 2647s
 43303 30905 4217389.19   84  261 4863587.79 1701397.44  65.0%  35.2 2658s
 43384 30973 4611019.60  105  239 4863587.79 1701397.44  65.0%  35.2 2667s
 43477 31066 4749608.49  125  192 4863587.79 1701784.50  65.0%  35.3 2680s
 43606 31171 2009442.14   35  397 4863587.79 1702669.54  65.0%  35.5 2693s
 43734 31269 1725037.83   36  454 4863587.79 1703420.23  65.0%  35.5 2702s
 43842 31365 1902643.54   36  407 4863587.79 1703813.83  65.0%  35.6 2714s
 43956 31443 1736100.70   32  457 4863587.79 1704161.01  65.0%  35.6 2727s
 44076 31565 2285269.67   43  433 4863587.79 1704590.11  65.0%  35.8 2740s
H44164 31565                    4863586.7759 1704590.11  65.0%  35.9 2740s
 44238 31701 2610642.64   45  375 4863586.78 1704966.60  64.9%  36.0 2755s
 44395 31796 2701586.52   50  330 4863586.78 1705156.89  64.9%  36.2 2767s
 44490 31887 3442121.41   74  248 4863586.78 1705156.89  64.9%  36.2 2778s
H44581 31972                    4863586.7754 1705156.89  64.9%  36.2 2790s
 44666 32058 4538534.72  108  150 4863586.78 1705156.89  64.9%  36.2 2803s
 44755 32135 4708833.55  127  145 4863586.78 1705167.88  64.9%  36.2 2813s
H44821 32131                    4862867.1323 1705167.88  64.9%  36.2 2813s
 44858 32218 2737865.57   52  310 4862867.13 1705222.36  64.9%  36.1 2824s
 45001 32300 2460504.97   47  404 4862867.13 1705252.06  64.9%  36.3 2837s
 45099 32388 2434490.03   38  424 4862867.13 1705252.06  64.9%  36.4 2851s
 45187 32468 3828431.34   91  197 4862867.13 1705275.21  64.9%  36.4 2863s
 45296 32554 2334116.87   42  377 4862867.13 1705275.21  64.9%  36.4 2876s
 45382 32659 4390884.01   93  250 4862867.13 1705275.21  64.9%  36.4 2893s
 45507 32774 4288040.45   91  213 4862867.13 1705448.17  64.9%  36.4 2907s
 45658 32891 2516374.66   45  372 4862867.13 1706176.11  64.9%  36.4 2924s
H45752 32891                    4862867.1014 1706176.11  64.9%  36.5 2924s
 45789 32988 2527462.39   46  387 4862867.10 1706176.11  64.9%  36.5 2937s
H45849 32983                    4861498.2264 1706176.11  64.9%  36.5 2937s
 45886 33074 3465241.99   76  315 4861498.23 1706176.11  64.9%  36.5 2951s
 45977 33167 3987670.46  103  252 4861498.23 1706176.11  64.9%  36.5 2966s
 46070 33254 4264139.18  131  203 4861498.23 1706176.11  64.9%  36.5 2979s
H46158 33327                    4861497.2123 1706176.11  64.9%  36.5 2992s
H46208 33323                    4860783.8178 1706176.11  64.9%  36.4 2992s
 46251 33408 4400679.81  181  200 4860783.82 1706176.11  64.9%  36.4 3007s
 46342 33495 4417041.04  206  189 4860783.82 1706176.11  64.9%  36.4 3020s
H46432 33584                    4860424.0369 1706176.11  64.9%  36.3 3034s
 46525 33676 4501517.95  258  177 4860424.04 1706176.11  64.9%  36.2 3050s
 46620 33763 infeasible  285      4860424.04 1706176.11  64.9%  36.2 3064s
 46716 33854 4551450.20  313  177 4860424.04 1706176.11  64.9%  36.1 3076s
 46813 33952 4579445.47  342  157 4860424.04 1706176.11  64.9%  36.0 3091s
H46869 33952                    4860423.0228 1706176.11  64.9%  36.0 3091s
H46911 34047                    4860178.2710 1706176.11  64.9%  36.0 3105s
 47010 34146 4584241.14  398  143 4860178.27 1706176.11  64.9%  35.9 3121s
 47109 34245 4584237.28  427  146 4860178.27 1706176.11  64.9%  35.8 3135s
 47208 34344 4584258.89  455  143 4860178.27 1706176.11  64.9%  35.7 3152s
 47307 34443 4584257.15  484  146 4860178.27 1706176.11  64.9%  35.7 3167s
 47406 34543 4584692.27  512  146 4860178.27 1706176.11  64.9%  35.6 3181s
 47506 34645 4596017.63  541  143 4860178.27 1706176.11  64.9%  35.5 3193s
H47608 34741                    4859777.2951 1706176.11  64.9%  35.5 3206s
 47709 34844 4584257.15  600  146 4859777.30 1706176.11  64.9%  35.4 3221s
 47812 34946 4584257.15  630  146 4859777.30 1706176.11  64.9%  35.3 3238s
H47871 34946                    4859733.1318 1706176.11  64.9%  35.3 3238s
 47914 35050 4596017.63  659  143 4859733.13 1706176.11  64.9%  35.3 3250s
 48018 35158 4596017.63  689  143 4859733.13 1706176.11  64.9%  35.2 3265s
 48126 35266 4596017.63  719  143 4859733.13 1706176.11  64.9%  35.1 3284s
 48234 35373 4584257.15  750  146 4859733.13 1706176.11  64.9%  35.0 3300s
H48341 35480                    4859690.0156 1706176.11  64.9%  35.0 3320s
 48448 35587 4585889.42  812  146 4859690.02 1706176.11  64.9%  34.9 3341s
 48555 35695 4585889.42  843  146 4859690.02 1706176.11  64.9%  34.8 3359s
 48663 35802 4585889.42  874  146 4859690.02 1706176.11  64.9%  34.7 3380s
H48725 35801                    4859637.9240 1706176.11  64.9%  34.7 3380s
 48770 35909 4585889.42  905  146 4859637.92 1706176.11  64.9%  34.7 3400s
 48878 36018 4586305.94  936  146 4859637.92 1706176.11  64.9%  34.6 3416s
 48987 36127 4585889.42  968  146 4859637.92 1706176.11  64.9%  34.5 3431s
 49096 36239 4596017.63  999  143 4859637.92 1706176.11  64.9%  34.4 3452s
 49208 36352 4585889.42 1032  146 4859637.92 1706176.11  64.9%  34.4 3467s
 49321 36465 4586305.94 1064  146 4859637.92 1706176.11  64.9%  34.3 3482s
 49434 36579 4585889.42 1097  146 4859637.92 1706176.11  64.9%  34.2 3497s
 49548 36731 4596017.63 1129  143 4859637.92 1706176.11  64.9%  34.1 3515s
H49614 36729                    4859484.9546 1706176.11  64.9%  34.1 3515s
 49700 36892 4585918.35 1162  143 4859484.95 1706176.11  64.9%  34.0 3532s
H49767 36892                    4859483.9404 1706176.11  64.9%  34.0 3532s
H49863 37025                    4855309.5840 1706176.11  64.9%  33.9 3546s
 50026 37187 4586289.41 1229  143 4855309.58 1706176.11  64.9%  33.8 3567s
 50188 37332 4599382.15 1262  145 4855309.58 1706176.11  64.9%  33.7 3582s
 50341 37474 4592088.57 1295  141 4855309.58 1706176.11  64.9%  33.7 3597s
H50494 37489                    4855204.6351 1706176.11  64.9%  33.6 3600s

Cutting planes:
  Gomory: 19
  Implied bound: 34
  MIR: 627
  Mixing: 15
  StrongCG: 7
  Flow cover: 734
  RLT: 24
  Relax-and-lift: 9
  BQP: 2

Explored 50510 nodes (1697656 simplex iterations) in 3600.10 seconds (2367.70 work units)
Thread count was 2 (of 24 available processors)

Solution count 10: 4.8552e+06 4.85531e+06 4.85948e+06 ... 4.86042e+06

Time limit reached
Best objective 4.855204635065e+06, best bound 1.706176113586e+06, gap 64.8588%
