
Gurobi 11.0.3 (linux64, Java) logging started dom 03 nov 2024 21:23:26 -03

Set parameter Username
Academic license - for non-commercial use only - expires 2025-10-10
Warning: Gurobi version mismatch between Java 11.0.1 and C library 11.0.3
Warning: Gurobi version mismatch between Java 11.0.1 and Jni 11.0.3
Set parameter NonConvex to value 2
Set parameter TimeLimit to value 3600
Set parameter LogToConsole to value 0
Set parameter MIPGap to value 1.8970935848319842e-08
Set parameter Threads to value 2
Set parameter NodefileDir to value "/home/ps12398/goal_programming/goalProgrammingMarcos/"
Set parameter NodefileStart to value 1
Gurobi Optimizer version 11.0.3 build v11.0.3rc0 (linux64)

CPU model: Intel(R) Xeon(R) CPU           X5650  @ 2.67GHz, instruction set [SSE2]
Thread count: 12 physical cores, 24 logical processors, using up to 2 threads

Optimize a model with 474212 rows, 319608 columns and 2916478 nonzeros
Model fingerprint: 0xa81b18ab
Model has 404 quadratic constraints
Variable types: 159606 continuous, 160002 integer (399 binary)
Coefficient statistics:
  Matrix range     [3e-03, 9e+06]
  QMatrix range    [3e-03, 2e+05]
  QLMatrix range   [1e+00, 2e+05]
  Objective range  [1e+00, 1e+08]
  Bounds range     [1e+00, 1e+08]
  RHS range        [1e+00, 6e+05]
  QRHS range       [9e-02, 9e-02]
Presolve removed 471665 rows and 316437 columns
Presolve time: 2.14s
Presolved: 4635 rows, 3824 columns, 642701 nonzeros
Presolved model has 2 SOS constraint(s)
Presolved model has 399 bilinear constraint(s)

Solving non-convex MIQCP

Variable types: 1329 continuous, 2495 integer (401 binary)

Root simplex log...

Iteration    Objective       Primal Inf.    Dual Inf.      Time
       0    0.0000000e+00   5.480510e+03   0.000000e+00      6s
     365    0.0000000e+00   0.000000e+00   0.000000e+00      6s

Root relaxation: objective 0.000000e+00, 365 iterations, 0.03 seconds (0.03 work units)
Total elapsed time = 6.00s (DegenMoves)

    Nodes    |    Current Node    |     Objective Bounds      |     Work
 Expl Unexpl |  Obj  Depth IntInf | Incumbent    BestBd   Gap | It/Node Time

     0     0    0.00000    0  493          -    0.00000      -     -    6s
     0     0    0.00000    0  467          -    0.00000      -     -    6s
     0     0    0.00000    0  463          -    0.00000      -     -    6s
H    0     0                    3.558947e+07    0.00000   100%     -    6s
     0     0    0.00000    0  472 3.5589e+07    0.00000   100%     -    6s
     0     0    0.00000    0  454 3.5589e+07    0.00000   100%     -    6s
     0     0    0.00000    0  454 3.5589e+07    0.00000   100%     -    6s
     0     0    0.00000    0  437 3.5589e+07    0.00000   100%     -    7s
     0     0    0.00000    0  449 3.5589e+07    0.00000   100%     -    7s
     0     0    0.00000    0  452 3.5589e+07    0.00000   100%     -    7s
     0     0    0.00000    0  462 3.5589e+07    0.00000   100%     -    7s
     0     0    0.00000    0  454 3.5589e+07    0.00000   100%     -    7s
H    0     0                    3.558942e+07    0.00000   100%     -    7s
     0     0    0.00000    0  453 3.5589e+07    0.00000   100%     -    7s
     0     0    0.00000    0  461 3.5589e+07    0.00000   100%     -    8s
     0     0    0.00000    0  458 3.5589e+07    0.00000   100%     -   11s
H    0     0                    1.160977e+07    0.00000   100%     -   12s
H    0     0                    7450930.6013    0.00000   100%     -   12s
     0     2    0.00000    0  458 7450930.60    0.00000   100%     -   12s
    92   207    0.00000   37  454 7450930.60    0.00000   100%  46.8   15s
H  453  1021                    7252326.2210    0.00000   100%  35.5   20s
H  739  1021                    6320056.3687    0.00000   100%  22.1   20s
H 1020  1090                    4499282.7851    0.00000   100%  16.3   21s
H 1089  1349                    4309938.6949    0.00000   100%  15.4   22s
H 2074  2096                    4254494.6586    0.00000   100%   8.6   25s
H 2723  2809                    4020696.3559    0.00000   100%   6.8   29s
H 2795  2809                    3439909.1589    0.00000   100%   6.6   29s
  2810  3259 190797.004  843  442 3439909.16    0.00000   100%   6.6   30s
H 3261  3261                    3231561.8305    0.00000   100%   5.8   32s
  4061  4060 210504.998  910  906 3231561.83    0.00000   100%   4.9   36s
H 4063  3857                    3141942.7255    0.00000   100%   4.9   39s
  4066  3859 201303.088  277   81 3141942.73    0.00000   100%   4.9   40s
  4074  3865 210542.088  958   89 3141942.73    0.00000   100%   4.9   45s
H 4079  3675                    2478018.3899    0.00000   100%   4.9   53s
H 4079  3491                    2158998.6799    0.00000   100%   4.9   54s
  4081  3495    0.00000   11  447 2158998.68    0.00000   100%   6.2   57s
  4087  3499    0.00000   13  447 2158998.68    0.00000   100%   6.2   61s
  4095  3505    0.00000   15  445 2158998.68    0.00000   100%   6.2   65s
  4101  3513    0.00000   16  473 2158998.68    0.00000   100%   6.3   71s
H 4107  3346                    2133909.1223    0.00000   100%   6.4   77s
  4117  3366    0.00000   20  486 2133909.12    0.00000   100%   6.5   89s
H 4141  3238                    2103382.1393    0.00000   100%   6.6  112s
  4187  3316    0.00000   38  469 2103382.14    0.00000   100%   6.8  156s
H 4280  3228                    2102256.5712    0.00000   100%   7.3  204s
H 4330  3061                    2056117.9140    0.00000   100%   7.6  204s
H 4381  3018                    1908876.1145    0.00000   100%   7.8  259s
H 4498  2930                    1684597.5035    0.00000   100%   7.9  305s
  4584  2997 3938.26975  130  493 1684597.50    0.00000   100%   7.8  365s
  4679  3061 11351.4520  152  491 1684597.50    0.00000   100%   7.7  422s
H 4724  2917                    1562084.9088    0.00000   100%   7.7  422s
H 4775  2917                    1442371.0767    0.00000   100%   7.7  493s
H 4838  2780                    1328155.5321    0.00000   100%   7.6  493s
  4914  2875 11696.5754  206  491 1328155.53    0.00000   100%   7.5  573s
H 4962  2749                    1318424.7146    0.00000   100%   7.5  573s
H 5034  2739                    1215589.4641    0.00000   100%   7.4  651s
H 5153  2732                    1159806.1878    0.00000   100%   7.4  721s
H 5230  2611                    1159572.8695    0.00000   100%   7.3  721s
H 5285  2835                    1139138.2770    0.00000   100%   7.3  793s
H 5508  2676                    1105874.7289    0.00000   100%   7.2  793s
H 5617  3070                    1100629.4867    0.00000   100%   7.1  849s
H 5866  2910                    1086231.2964    0.00000   100%   6.9  849s
H 6129  3364                    1085298.0300    0.00000   100%   6.7  919s
H 6543  3157                    1066801.5831    0.00000   100%   6.4  919s
H 6743  4083                    1066577.5316    0.00000   100%   6.3  977s
H 6890  3971                    1041929.3268    0.00000   100%   6.2  977s
H 7802  4518                    984483.84573    0.00000   100%   5.8 1019s
H 8597  5241                    960790.05704    0.00000   100%   5.4 1054s
H 9320  5988                    949361.66789    0.00000   100%   5.2 1087s
H 9651  5988                    931637.36087    0.00000   100%   5.1 1087s
H10067  6699                    924946.61399    0.00000   100%   5.0 1119s
H10778  7272                    908619.22292    0.00000   100%   4.9 1146s
H10822  7272                    905332.49742    0.00000   100%   4.8 1146s
H11058  7272                    892685.53957    0.00000   100%   4.8 1146s
H11351  7816                    886820.47989    0.00000   100%   4.7 1176s
H11895  8364                    885511.37767    0.00000   100%   4.8 1198s
 12443  8944 379385.681 2078  397 885511.378    0.00000   100%   4.8 1223s
H13023  9470                    885348.17530    0.00000   100%   4.7 1248s
H13549  9965                    883043.02311    0.00000   100%   4.6 1275s
 14044 10455 387150.503 2418  410 883043.023    0.00000   100%   4.5 1301s
H14234 10455                    883035.84437    0.00000   100%   4.5 1301s
H14534 10878                    878123.19855    0.00000   100%   4.5 1324s
H14957 11393                    877278.10854    0.00000   100%   4.5 1348s
H15181 11393                    873173.62149    0.00000   100%   4.4 1348s
 15472 11873 382536.142 2720  395 873173.621    0.00000   100%   4.4 1367s
H15952 12325                    869135.89185    0.00000   100%   4.3 1388s
H16404 12757                    868830.14414    0.00000   100%   4.3 1402s
H16603 12757                    863621.59817    0.00000   100%   4.3 1402s
H16836 13163                    863524.31592    0.00000   100%   4.3 1423s
H17023 13163                    861570.76348    0.00000   100%   4.3 1423s
H17242 13558                    860344.72334    0.00000   100%   4.3 1447s
H17421 13558                    858109.75531    0.00000   100%   4.4 1447s
H17637 13945                    857768.33392    0.00000   100%   4.3 1470s
H17808 13945                    857732.63166    0.00000   100%   4.3 1470s
H18024 14341                    857343.76525    0.00000   100%   4.3 1493s
H18195 14341                    856907.51815    0.00000   100%   4.3 1493s
 18420 14721 385105.061 3393  394 856907.518    0.00000   100%   4.3 1511s
H18591 14721                    855290.27967    0.00000   100%   4.3 1511s
 18800 15098 385470.965 3478  394 855290.280    0.00000   100%   4.3 1529s
H18964 15098                    855029.66762    0.00000   100%   4.3 1529s
H19177 15499                    852166.04572    0.00000   100%   4.3 1547s
H19364 15499                    838108.56908    0.00000   100%   4.3 1547s
H19578 15862                    835335.44786    0.00000   100%   4.3 1564s
H19750 15862                    832921.54616    0.00000   100%   4.3 1564s
H19941 16158                    832665.10228    0.00000   100%   4.3 1582s
H20237 16530                    830790.73995    0.00000   100%   4.3 1601s
H20609 16860                    830260.31308    0.00000   100%   4.3 1620s
H20652 16860                    823877.43237    0.00000   100%   4.3 1620s
 20939 17217 389096.376 3971  395 823877.432    0.00000   100%   4.3 1639s
 21296 17593 389921.268 4055  395 823877.432    0.00000   100%   4.3 1660s
 21672 17961 391129.716 4147  395 823877.432    0.00000   100%   4.3 1681s
H21860 17961                    822838.76065    0.00000   100%   4.3 1681s
 22040 18329 391681.315 4241  394 822838.761    0.00000   100%   4.3 1701s
H22408 18679                    822757.57420    0.00000   100%   4.3 1723s
 22758 19029 393375.156 4412  399 822757.574    0.00000   100%   4.3 1743s
H22926 19029                    822756.93446    0.00000   100%   4.3 1743s
 23108 19369 396004.188 4496  400 822756.934    0.00000   100%   4.2 1762s
H23271 19369                    821685.68345    0.00000   100%   4.2 1762s
H23448 19687                    821557.02684    0.00000   100%   4.2 1780s
H23766 20032                    821537.17105    0.00000   100%   4.2 1798s
 24111 20362 395192.086 4740  395 821537.171    0.00000   100%   4.2 1817s
 24441 20689 395886.658 4823  396 821537.171    0.00000   100%   4.3 1838s
H24768 21044                    821536.53132    0.00000   100%   4.2 1858s
 25123 21332 398158.289 4982  399 821536.531    0.00000   100%   4.2 1873s
H25194 21332                    821024.87416    0.00000   100%   4.2 1873s
H25260 21332                    820802.24247    0.00000   100%   4.2 1873s
H25411 21679                    820122.14491    0.00000   100%   4.2 1893s
H25758 22062                    820119.19729    0.00000   100%   4.2 1909s
 26141 22366 400317.260 5229  395 820119.197    0.00000   100%   4.2 1929s
H26305 22366                    820104.10161    0.00000   100%   4.2 1929s
 26445 22645 402117.303 5311  395 820104.102    0.00000   100%   4.2 1950s
H26550 22645                    819921.86527    0.00000   100%   4.2 1950s
H26606 22645                    819400.68164    0.00000   100%   4.2 1950s
H26724 22957                    819303.46090    0.00000   100%   4.2 1968s
H26897 22957                    818585.69844    0.00000   100%   4.2 1968s
 27036 23304 404402.452 5478  401 818585.698    0.00000   100%   4.2 1988s
 27383 23665 405613.370 5564  401 818585.698    0.00000   100%   4.3 2007s
H27744 24028                    818572.30054    0.00000   100%   4.3 2024s
H28107 24391                    818533.82031    0.00000   100%   4.3 2040s
H28283 24391                    818359.11729    0.00000   100%   4.3 2040s
 28470 24704 407754.356 5826  399 818359.117    0.00000   100%   4.3 2059s
 28783 25040 408495.031 5905  399 818359.117    0.00000   100%   4.3 2077s
H29119 25370                    817269.34641    0.00000   100%   4.2 2096s
H29449 25640                    816416.27850    0.00000   100%   4.2 2115s
H29719 25950                    816203.55172    0.00000   100%   4.2 2134s
H30029 26271                    815759.36361    0.00000   100%   4.2 2150s
H30178 26271                    815130.90992    0.00000   100%   4.2 2150s
 30350 26500 413757.258 6297  397 815130.910    0.00000   100%   4.2 2166s
H30475 26500                    815062.71776    0.00000   100%   4.2 2166s
H30579 26794                    814968.14724    0.00000   100%   4.2 2181s
H30873 27087                    814967.03522    0.00000   100%   4.2 2197s
H31026 27087                    814716.25154    0.00000   100%   4.2 2197s
 31166 27363 417994.317 6511  398 814716.252    0.00000   100%   4.2 2215s
H31319 27363                    814552.51096    0.00000   100%   4.2 2215s
H31442 27646                    814540.94968    0.00000   100%   4.2 2233s
 31725 27985 415494.249 6657  393 814540.950    0.00000   100%   4.2 2249s
H32064 28338                    814540.78107    0.00000   100%   4.2 2267s
H32417 28634                    814524.02573    0.00000   100%   4.1 2284s
 32713 28950 417825.852 6904  394 814524.026    0.00000   100%   4.1 2302s
H32870 28950                    814407.80944    0.00000   100%   4.1 2302s
H33029 29257                    814406.25938    0.00000   100%   4.1 2320s
H33336 29541                    813455.14113    0.00000   100%   4.2 2332s
H33620 29840                    813443.25131    0.00000   100%   4.2 2347s
 33919 30170 422229.800 7203  395 813443.251    0.00000   100%   4.2 2365s
 34249 30495 423673.559 7284  394 813443.251    0.00000   100%   4.2 2384s
 34574 30835 424099.528 7363  394 813443.251    0.00000   100%   4.2 2401s
 34914 31165 424932.528 7444  394 813443.251    0.00000   100%   4.2 2419s
 35244 31484 425664.728 7526  393 813443.251    0.00000   100%   4.2 2439s
 35563 31697 427590.235 7603  397 813443.251    0.00000   100%   4.2 2458s
H35670 31697                    813140.22830    0.00000   100%   4.2 2458s
H35776 31999                    812339.38492    0.00000   100%   4.2 2477s
 36078 32316 428796.388 7724  394 812339.385    0.00000   100%   4.2 2488s
H36395 32627                    812327.25210    0.00000   100%   4.2 2504s
H36706 32941                    812240.25396    0.00000   100%   4.2 2524s
H37020 33254                    812020.55139    0.00000   100%   4.2 2537s
 37333 33525 441451.842 8026  396 812020.551    0.00000   100%   4.2 2548s
H37363 33525                    811814.04094    0.00000   100%   4.2 2548s
H37462 33525                    811109.92965    0.00000   100%   4.2 2548s
 37604 33832 440097.916 8091  396 811109.930    0.00000   100%   4.2 2559s
H37756 33832                    810134.81612    0.00000   100%   4.2 2559s
 37911 34159 442085.306 8167  396 810134.816    0.00000   100%   4.3 2573s
 38238 34454 443500.317 8249  394 810134.816    0.00000   100%   4.3 2589s
H38346 34454                    810134.81317    0.00000   100%   4.3 2589s
H38391 34454                    809876.38697    0.00000   100%   4.3 2589s
 38533 34783 446409.191 8325  395 809876.387    0.00000   100%   4.3 2607s
 38862 35114 445979.111 8407  394 809876.387    0.00000   100%   4.3 2624s
 39193 35415 449091.111 8489  397 809876.387    0.00000   100%   4.3 2640s
H39343 35415                    809599.11498    0.00000   100%   4.3 2640s
H39496 35724                    809593.26531    0.00000   100%   4.3 2655s
 39805 36051 458369.174 8637  405 809593.265    0.00000   100%   4.3 2671s
 40132 36373 451722.176 8725  393 809593.265    0.00000   100%   4.3 2687s
 40454 36671 460411.979 8802  403 809593.265    0.00000   100%   4.3 2702s
H40610 36671                    809351.25492    0.00000   100%   4.3 2702s
H40752 36879                    808846.68155    0.00000   100%   4.3 2714s
H40960 37178                    808745.00967    0.00000   100%   4.3 2727s
 41259 37492 460027.592 9008  393 808745.010    0.00000   100%   4.3 2742s
H41573 37816                    808269.15612    0.00000   100%   4.3 2756s
H41897 38139                    808267.97583    0.00000   100%   4.3 2773s
H42220 38418                    808261.52038    0.00000   100%   4.3 2790s
H42278 38418                    806546.19276    0.00000   100%   4.3 2790s
 42499 38710 469138.515 9321  397 806546.193    0.00000   100%   4.3 2807s
H42791 38971                    806544.10302    0.00000   100%   4.3 2824s
H42914 38971                    806518.25779    0.00000   100%   4.3 2824s
 43052 39220 473071.843 9458  396 806518.258    0.00000   100%   4.3 2839s
 43301 39474 503867.886 9510  402 806518.258    0.00000   100%   4.3 2854s
H43410 39474                    806453.72225    0.00000   100%   4.4 2854s
 43555 39627 596291.501 9565  401 806453.722    0.00000   100%   4.3 2868s
H43650 39627                    806427.79523    0.00000   100%   4.3 2868s
 43789 39772    0.00000   22  455 806427.795    0.00000   100%   4.3 2887s
H43803 39772                    806422.08240    0.00000   100%   4.4 2887s
 43972 39900    0.00000   29  453 806422.082    0.00000   100%   4.3 2905s
 44184 40009    0.00000   37  456 806422.082    0.00000   100%   4.4 2922s
 44391 40142    0.00000   46  457 806422.082    0.00000   100%   4.4 2939s
H44405 40142                    806416.33842    0.00000   100%   4.4 2939s
H44606 40251                    806412.25267    0.00000   100%   4.4 2955s
H44619 40251                    806401.79926    0.00000   100%   4.4 2955s
 44827 40385    0.00000   59  466 806401.799    0.00000   100%   4.4 2971s
 45033 40548    0.00000   67  458 806401.799    0.00000   100%   4.4 2986s
H45048 40548                    806370.28577    0.00000   100%   4.4 2987s
 45196 40705    0.00000   74  473 806370.286    0.00000   100%   4.4 3006s
 45353 40863    0.00000   83  488 806370.286    0.00000   100%   4.4 3026s
 45511 41026    0.00000   91  482 806370.286    0.00000   100%   4.4 3042s
H45528 41026                    806118.96493    0.00000   100%   4.4 3042s
H45674 41203                    806114.44936    0.00000   100%   4.4 3061s
 45851 41304 6768.31064  108  499 806114.449    0.00000   100%   4.4 3077s
H46014 41448                    806022.15846    0.00000   100%   4.4 3095s
 46228 41594 52209.2611  128  472 806022.158    0.00000   100%   4.4 3111s
 46478 41728 59042.0324  140  464 806022.158    0.00000   100%   4.4 3130s
H46503 41728                    805444.59121    0.00000   100%   4.4 3130s
 46722 41866 71569.0117  152  469 805444.591    0.00000   100%   4.4 3146s
 46974 41987 423181.819  164  472 805444.591    0.00000   100%   4.4 3166s
H47224 41987                    805420.34304    0.00000   100%   4.4 3166s
 47225 42043 102862.171  180  456 805420.343    0.00000   100%   4.4 3186s
H47317 42096                    805410.67813    0.00000   100%   4.4 3201s
 47370 42151 103709.046  216  438 805410.678    0.00000   100%   4.4 3215s
H47420 42151                    805409.87977    0.00000   100%   4.4 3215s
 47425 42225 135798.206  237  443 805409.880    0.00000   100%   4.4 3236s
 47499 42291 139326.143  265  436 805409.880    0.00000   100%   4.4 3253s
 47565 42361 139551.869  289  436 805409.880    0.00000   100%   4.4 3271s
 47635 42427 137619.585  313  434 805409.880    0.00000   100%   4.4 3290s
H47696 42427                    805053.64535    0.00000   100%   4.4 3290s
 47701 42495 137802.155  337  432 805053.645    0.00000   100%   4.4 3306s
 47769 42564 138017.778  362  432 805053.645    0.00000   100%   4.4 3325s
 47838 42633 141440.060  388  433 805053.645    0.00000   100%   4.4 3344s
H47848 42633                    805043.38902    0.00000   100%   4.4 3344s
H47895 42633                    805040.46949    0.00000   100%   4.4 3344s
 47907 42736 138418.044  412  430 805040.469    0.00000   100%   4.4 3362s
 48010 42853 138745.044  436  428 805040.469    0.00000   100%   4.4 3382s
H48127 42994                    805016.29524    0.00000   100%   4.4 3402s
H48268 43191                    804938.12641    0.00000   100%   4.4 3420s
 48465 43393 165794.507  552  419 804938.126    0.00000   100%   4.4 3436s
 48667 43714 224161.757  612  411 804938.126    0.00000   100%   4.4 3455s
 48988 44074 308002.723  704  412 804938.126    0.00000   100%   4.4 3478s
H49186 44074                    804935.38914    0.00000   100%   4.4 3478s
H49348 44395                    804933.25219    0.00000   100%   4.4 3501s
H49669 44756                    804931.09918    0.00000   100%   4.4 3524s
 50032 45041 349856.872  974  408 804931.099    0.00000   100%   4.4 3545s
H50180 45041                    804865.26587    0.00000   100%   4.4 3545s
H50317 45377                    804766.67283    0.00000   100%   4.4 3567s
H50653 45732                    804658.75984    0.00000   100%   4.4 3590s
 51008 45839 347388.251 1224  399 804658.760    0.00000   100%   4.3 3600s
H51066 45839                    804638.74511    0.00000   100%   4.3 3600s

Cutting planes:
  MIR: 140
  Flow cover: 15

Explored 51115 nodes (225072 simplex iterations) in 3600.86 seconds (1623.34 work units)
Thread count was 2 (of 24 available processors)

Solution count 10: 804639 804659 804767 ... 805043

Time limit reached
Best objective 8.046387451090e+05, best bound 0.000000000000e+00, gap 100.0000%
