
Gurobi 11.0.3 (linux64, Java) logging started seg 11 nov 2024 17:54:14 -03

Set parameter Username
Academic license - for non-commercial use only - expires 2025-10-10
Set parameter NonConvex to value 2
Set parameter TimeLimit to value 3600
Set parameter LogToConsole to value 0
Set parameter MIPGap to value 1.8970935848319842e-08
Set parameter Threads to value 2
Set parameter NodefileDir to value "/home/ps12398/goal_programming/goalProgrammingMarcos/"
Set parameter NodefileStart to value 1
Gurobi Optimizer version 11.0.3 build v11.0.3rc0 (linux64)

CPU model: Intel(R) Xeon(R) CPU           X5650  @ 2.67GHz, instruction set [SSE2]
Thread count: 12 physical cores, 24 logical processors, using up to 2 threads

Optimize a model with 474212 rows, 319608 columns and 2916478 nonzeros
Model fingerprint: 0x69001453
Model has 404 quadratic constraints
Variable types: 159606 continuous, 160002 integer (399 binary)
Coefficient statistics:
  Matrix range     [3e-03, 9e+06]
  QMatrix range    [3e-03, 2e+05]
  QLMatrix range   [1e+00, 2e+05]
  Objective range  [1e+00, 1e+08]
  Bounds range     [1e+00, 1e+08]
  RHS range        [1e+00, 5e+06]
Presolve removed 471665 rows and 316437 columns
Presolve time: 1.98s
Presolved: 4635 rows, 3824 columns, 642701 nonzeros
Presolved model has 2 SOS constraint(s)
Presolved model has 399 bilinear constraint(s)

Solving non-convex MIQCP

Variable types: 1329 continuous, 2495 integer (401 binary)

Root simplex log...

Iteration    Objective       Primal Inf.    Dual Inf.      Time
    1938    8.7481153e+05   4.426012e+04   0.000000e+00      5s
    2010    9.0506742e+05   0.000000e+00   0.000000e+00      5s

Root relaxation: objective 9.050674e+05, 2010 iterations, 0.23 seconds (0.19 work units)
Total elapsed time = 5.03s (DegenMoves)

    Nodes    |    Current Node    |     Objective Bounds      |     Work
 Expl Unexpl |  Obj  Depth IntInf | Incumbent    BestBd   Gap | It/Node Time

     0     0 905067.422    0  681          - 905067.422      -     -    5s
     0     0 1101921.97    0  691          - 1101921.97      -     -    5s
     0     0 1101921.97    0  695          - 1101921.97      -     -    5s
     0     0 1120242.64    0  672          - 1120242.64      -     -    5s
     0     0 1120242.64    0  668          - 1120242.64      -     -    5s
     0     0 1121634.56    0  671          - 1121634.56      -     -    5s
     0     0 1121634.56    0  668          - 1121634.56      -     -    5s
     0     0 1121814.83    0  659          - 1121814.83      -     -    5s
     0     0 1121824.44    0  658          - 1121824.44      -     -    5s
     0     0 1121824.44    0  645          - 1121824.44      -     -    9s
     0     2 1121824.44    0  645          - 1121824.44      -     -   10s
  1452  1539 1674786.20  671  583          - 1121904.18      -   1.8   15s
  3154  3319 1674908.18 1545  574          - 1121904.18      -   1.5   20s
  3728  3727 1674742.48  211  316          - 1184887.88      -   1.4   25s
  3742  3737 1674921.82 1348  334          - 1186535.46      -   2.0   30s
  3755  3746 1186901.47  703  251          - 1186901.47      -   2.0   35s
  4094  4021 1187588.83  114  595          - 1187093.07      -   2.6   40s
  5184  4789 1187705.90  378  594          - 1187093.07      -   2.3   45s
  6351  5611 1187639.50  674  595          - 1187093.07      -   2.1   50s
  7622  6505 1187736.90  983  592          - 1187093.07      -   1.9   55s
  8831  7368 1187753.83 1285  591          - 1187093.07      -   1.8   60s
  9966  8129 1187884.18 1568  589          - 1187093.07      -   1.7   65s
 11201  8952 1187884.18 1896  591          - 1187093.07      -   1.6   70s
 12357  9705 1187793.64 2174  591          - 1187093.07      -   1.6   75s
 13527 10266 1187808.97 2474  590          - 1187093.07      -   1.5   81s
 14295 11001 1187832.73 2664  588          - 1187093.07      -   1.5   85s
 15441 11921 1187840.33 2972  588          - 1187093.07      -   1.5   90s
 16569 13017 1187853.26 3269  587          - 1187093.07      -   1.4   95s
 17857 14325 1188127.39 3589  592          - 1187093.07      -   1.4  100s
 18965 15435 1188049.36 3871  591          - 1187093.07      -   1.4  105s
 20121 16589 1187875.96 4182  590          - 1187093.07      -   1.4  110s
 21503 17968 1187875.96 4551  590          - 1187093.07      -   1.3  115s
 22547 18999 1187997.36 4821  588          - 1187093.07      -   1.3  120s
 23642 20123 1187899.42 5106  589          - 1187093.07      -   1.3  125s
 24803 21278 1187964.38 5397  585          - 1187093.07      -   1.3  130s
 26166 22620 1187917.16 5717  586          - 1187093.07      -   1.3  135s
 27221 23701 1187931.09 5977  585          - 1187093.07      -   1.3  140s
 28111 24359 1187931.09 6194  589          - 1187093.07      -   1.3  145s
 29189 25648 1187986.15 6445  590          - 1187093.07      -   1.3  150s
 30293 26760 1187941.33 6710  592          - 1187093.07      -   1.2  155s
 31435 27929 1187959.71 6995  589          - 1187093.07      -   1.2  160s
 32627 29082 1188012.71 7292  589          - 1187093.07      -   1.2  165s
 33725 30183 1188012.71 7552  589          - 1187093.07      -   1.2  170s
 34923 31373 1187989.21 7838  588          - 1187093.07      -   1.2  175s
 36082 32408 1188295.69 8135  585          - 1187093.07      -   1.2  182s
H36083 32408                    4.178907e+07 1187093.07  97.2%   1.2  182s
H36162 32410                    3.469250e+07 1187093.07  96.6%   1.2  187s
H36163 32410                    2.942401e+07 1187093.07  96.0%   1.2  187s
H36189 32463                    2.672964e+07 1187093.07  95.6%   1.2  189s
 36217 32509 1187990.39 8150  585 2.6730e+07 1187093.07  95.6%   1.2  190s
H36242 32509                    2.500941e+07 1187093.07  95.3%   1.2  190s
H36268 32521                    2.401756e+07 1187093.07  95.1%   1.2  191s
H36300 32579                    2.370619e+07 1187093.07  95.0%   1.2  193s
 36394 32685 1188295.69 8199  585 2.3706e+07 1187093.07  95.0%   1.2  196s
H36418 32685                    2.284829e+07 1187093.07  94.8%   1.2  196s
H36450 32697                    2.211148e+07 1187093.07  94.6%   1.2  197s
 36542 32888 1188295.69 8247  585 2.2111e+07 1187093.07  94.6%   1.2  200s
H36641 32888                    2.158980e+07 1187093.07  94.5%   1.2  200s
H36742 32989                    2.081395e+07 1187093.07  94.3%   1.2  201s
H36768 33041                    2.037591e+07 1187093.07  94.2%   1.2  203s
H36794 33041                    2.000923e+07 1187093.07  94.1%   1.2  203s
H36990 33238                    1.967982e+07 1187093.07  94.0%   1.2  206s
H37017 33290                    1.939594e+07 1187093.07  93.9%   1.2  207s
H37069 33408                    1.902048e+07 1187093.07  93.8%   1.2  208s
 37380 33846 1187990.39 8472  584 1.9020e+07 1187093.07  93.8%   1.2  211s
H37600 33949                    1.899341e+07 1187093.07  93.7%   1.2  212s
 37960 34343 1187990.39 8630  584 1.8993e+07 1187093.07  93.7%   1.2  215s
H38160 34407                    1.884864e+07 1187093.07  93.7%   1.2  216s
H38186 34507                    1.857919e+07 1187093.07  93.6%   1.2  217s
H38261 34572                    1.833167e+07 1187093.07  93.5%   1.2  219s
H38326 34580                    1.833126e+07 1187093.07  93.5%   1.3  220s
 38942 35355 1188117.31 8861  582 1.8331e+07 1187093.07  93.5%   1.3  225s
H39364 35698                    1.833126e+07 1187093.07  93.5%   1.4  227s
 39769 36286 1188005.01 9066  583 1.8331e+07 1187093.07  93.5%   1.4  230s
H40585 36837                    1.824958e+07 1187093.07  93.5%   1.4  234s
 40591 37075 1188037.08 9272  581 1.8250e+07 1187093.07  93.5%   1.4  235s
H40952 37225                    1.816087e+07 1187093.07  93.5%   1.4  236s
 41210 37506 1188014.07 9459  582 1.8161e+07 1187093.07  93.5%   1.4  244s
H41259 37506                    6617380.9825 1187093.07  82.1%   1.4  244s
 41260 37571 1188036.42 9471  581 6617380.98 1187093.07  82.1%   1.4  245s
H41325 37628                    6519169.6816 1187093.07  81.8%   1.4  246s
H41540 37787                    6119703.5295 1187093.07  80.6%   1.4  249s
 41541 37893 1188037.08 9536  581 6119703.53 1187093.07  80.6%   1.4  250s
 41974 38335 1188036.42 9638  581 6119703.53 1187093.07  80.6%   1.4  255s
H42107 38410                    6111488.7047 1187093.07  80.6%   1.4  256s
 42348 38709 1188036.42 9718  581 6111488.70 1187093.07  80.6%   1.4  260s
H42693 38940                    5973520.7872 1187093.07  80.1%   1.4  262s
 43221 39588 1188062.74 9966  580 5973520.79 1187093.07  80.1%   1.4  265s
H43261 39588                    5799878.8571 1187093.07  79.5%   1.4  265s
H44170 40635                    5777310.4795 1187093.07  79.5%   1.4  270s
H44389 40767                    5648620.3460 1187093.07  79.0%   1.4  272s
 44755 41317 1188051.82 10342  580 5648620.35 1187093.07  79.0%   1.4  275s
 45803 42271 1188058.09 10582  579 5648620.35 1187093.07  79.0%   1.3  280s
 46529 42997 1188058.09 10764  579 5648620.35 1187093.07  79.0%   1.3  285s
H46757 43037                    5398633.1685 1187093.07  78.0%   1.3  287s
 47310 43836 1188064.88 10952  578 5398633.17 1187093.07  78.0%   1.3  290s
H47865 44262                    5340003.1812 1187093.07  77.8%   1.3  293s
 48234 44708 1188064.88 11159  578 5340003.18 1187093.07  77.8%   1.3  295s
H48545 44796                    5338488.3120 1187093.07  77.8%   1.3  296s
 49081 45531 1188075.57 11374  591 5338488.31 1187093.07  77.8%   1.4  300s
H49700 46048                    5315632.3435 1187093.07  77.7%   1.5  303s
 50029 46461 1188088.53 11621  577 5315632.34 1187093.07  77.7%   1.5  305s
H50215 46604                    5308576.4133 1187093.07  77.6%   1.5  306s
 50976 47518 1188075.57 11883  579 5308576.41 1187093.07  77.6%   1.5  310s
H51449 47696                    5222931.9467 1187093.07  77.3%   1.5  312s
 51450 47698 1188075.57 12024  578 5222931.95 1187093.07  77.3%   1.5  315s
H51486 47786                    5129366.9226 1187093.07  76.9%   1.5  316s
 52388 48964 1188118.81 12262  582 5129366.92 1187093.07  76.9%   1.5  320s
 53881 50433 1188118.81 12630  582 5129366.92 1187093.07  76.9%   1.5  325s
H54759 51150                    5113051.1638 1187093.07  76.8%   1.5  327s
 55460 51918 1188219.63 12975  587 5113051.16 1187093.07  76.8%   1.5  330s
H55946 52230                    5087744.2209 1187093.07  76.7%   1.5  332s
H55953 52230                    5074668.6530 1187093.07  76.6%   1.5  332s
 56542 52790 1188219.63 13213  587 5074668.65 1187093.07  76.6%   1.5  335s
H56543 52790                    5071330.4182 1187093.07  76.6%   1.5  335s
 57112 53635 1188090.70 13327  588 5071330.42 1187093.07  76.6%   1.5  340s
 58364 54886 1188250.18 13636  589 5071330.42 1187093.07  76.6%   1.5  346s
H58779 55048                    5058909.5780 1187093.07  76.5%   1.5  347s
 59372 55864 1188098.27 13917  589 5058909.58 1187093.07  76.5%   1.5  350s
 60276 56786 1188098.27 14112  594 5058909.58 1187093.07  76.5%   1.5  355s
 61504 57813 1188101.48 14396  592 5058909.58 1187093.07  76.5%   1.5  360s
H61546 57813                    5007160.6324 1187093.07  76.3%   1.5  360s
 61857 58333 1188101.48 14474  592 5007160.63 1187093.07  76.3%   1.5  365s
 63248 59649 1188101.48 14825  592 5007160.63 1187093.07  76.3%   1.4  370s
H63365 59649                    4968312.9081 1187093.07  76.1%   1.4  370s
H64325 60713                    4939038.6407 1187093.07  76.0%   1.4  374s
 64467 60965 1188101.48 15128  591 4939038.64 1187093.07  76.0%   1.4  375s
H65516 61935                    4934787.1878 1187093.07  75.9%   1.4  378s
H65727 62112                    4933592.0459 1187093.07  75.9%   1.4  378s
 66101 62634 1188104.19 15476  598 4933592.05 1187093.07  75.9%   1.4  381s
H66831 63079                    4917346.9191 1187093.07  75.9%   1.4  387s
H66832 63079                    4913706.6751 1187093.07  75.8%   1.4  387s
H66853 63241                    4905627.4045 1187093.07  75.8%   1.4  388s
H66995 63256                    4897818.6855 1187093.07  75.8%   1.4  389s
H67009 63256                    4874323.2456 1187093.07  75.6%   1.4  389s
 67010 63469 1188253.02 15716  591 4874323.25 1187093.07  75.6%   1.4  390s
 68336 64834 1188249.41 16053  584 4874323.25 1187093.07  75.6%   1.4  395s
 69957 66486 1188208.17 16443  592 4874323.25 1187093.07  75.6%   1.4  400s
H70912 67159                    4863728.1035 1187093.07  75.6%   1.4  402s
 71419 67941 1188109.92 16834  592 4863728.10 1187093.07  75.6%   1.4  405s
H71973 68221                    4863014.7051 1187093.07  75.6%   1.4  409s
 71975 68317 1188208.17 16973  592 4863014.71 1187093.07  75.6%   1.4  411s
H72064 68317                    4840852.6934 1187093.07  75.5%   1.4  411s
 72839 69360 1188109.92 17206  599 4840852.69 1187093.07  75.5%   1.4  415s
H73199 69446                    4838816.9619 1187093.07  75.5%   1.4  416s
H73672 69920                    4835896.5121 1187093.07  75.5%   1.4  419s
 73674 70182 1188259.05 17437  598 4835896.51 1187093.07  75.5%   1.4  420s
 74849 71317 1188111.42 17728  590 4835896.51 1187093.07  75.5%   1.4  425s
 76139 72651 1188111.42 18051  592 4835896.51 1187093.07  75.5%   1.4  430s
 77151 73399 1188111.42 18305  592 4835896.51 1187093.07  75.5%   1.4  436s
H77152 73399                    4806629.3797 1187093.07  75.3%   1.4  436s
 77510 73960 1188255.05 18415  590 4806629.38 1187093.07  75.3%   1.4  440s
H77600 73960                    4803262.2956 1187093.07  75.3%   1.4  440s
 78529 75006 1188113.46 18667  596 4803262.30 1187093.07  75.3%   1.4  445s
 79536 76010 1188113.46 18901  593 4803262.30 1187093.07  75.3%   1.4  450s
 80713 77182 1188113.46 19206  593 4803262.30 1187093.07  75.3%   1.4  455s
H81160 77408                    4793481.3930 1187093.07  75.2%   1.3  457s
H81161 77408                    4788614.7572 1187093.07  75.2%   1.3  457s
 81587 78068 1188113.46 19425  593 4788614.76 1187093.07  75.2%   1.3  460s
 82233 78481 1188113.46 19591  593 4788614.76 1187093.07  75.2%   1.3  465s
H82234 78481                    4786037.8636 1187093.07  75.2%   1.3  465s
 83126 79502 1188113.78 19810  592 4786037.86 1187093.07  75.2%   1.3  470s
H83350 79602                    4780428.9834 1187093.07  75.2%   1.3  471s
H83356 79643                    4779380.3069 1187093.07  75.2%   1.3  472s
H83387 79643                    4777723.9314 1187093.07  75.2%   1.3  472s
 83921 80443 1188208.92 20045  591 4777723.93 1187093.07  75.2%   1.3  475s
 84913 81388 1188208.92 20279  591 4777723.93 1187093.07  75.2%   1.3  480s
 86162 82663 1188113.78 20596  592 4777723.93 1187093.07  75.2%   1.3  485s
H86450 82825                    4774409.9868 1187093.07  75.1%   1.3  486s
 87339 83587 1188113.78 20870  592 4774409.99 1187093.07  75.1%   1.3  492s
 87664 83930 1188114.02 20949  590 4774409.99 1187093.07  75.1%   1.3  495s
H87683 83930                    4773867.8085 1187093.07  75.1%   1.3  495s
 88527 84998 1188114.02 21177  590 4773867.81 1187093.07  75.1%   1.3  500s
H88752 85049                    4772486.1811 1187093.07  75.1%   1.3  501s
 89437 85912 1188114.02 21406  590 4772486.18 1187093.07  75.1%   1.3  505s
H90324 86649                    4738353.8655 1187093.07  74.9%   1.3  509s
 90403 86870 1188114.28 21635  589 4738353.87 1187093.07  74.9%   1.3  510s
 91614 87909 1188114.40 21945  599 4738353.87 1187093.07  74.9%   1.3  515s
 92298 88745 1188114.40 22138  562 4738353.87 1187093.07  74.9%   1.3  523s
 92746 89171 1188152.77 22235  561 4738353.87 1187093.07  74.9%   1.3  525s
 93877 90381 1188114.40 22456  563 4738353.87 1187093.07  74.9%   1.3  530s
 95061 91427 1188152.77 22735  562 4738353.87 1187093.07  74.9%   1.3  535s
 96064 92548 1188114.43 23001  575 4738353.87 1187093.07  74.9%   1.3  541s
 97008 93487 1188291.47 23267  574 4738353.87 1187093.07  74.9%   1.3  545s
 97676 93924 1188291.47 23439  574 4738353.87 1187093.07  74.9%   1.3  551s
 98236 94730 1188125.13 23588  574 4738353.87 1187093.07  74.9%   1.3  555s
 99186 95605 1188125.13 23853  564 4738353.87 1187093.07  74.9%   1.4  560s
 100128 96584 1188181.55 24069  555 4738353.87 1187093.07  74.9%   1.4  565s
 101228 97730 1188215.73 24380  553 4738353.87 1187093.07  74.9%   1.4  570s
H101912 98201                    4735443.3625 1187093.07  74.9%   1.4  573s
 102199 98691 1188215.73 24606  553 4735443.36 1187093.07  74.9%   1.4  575s
 102861 99282 1188215.73 24767  551 4735443.36 1187093.07  74.9%   1.4  580s
 103658 100085 1188215.73 24941  553 4735443.36 1187093.07  74.9%   1.4  585s
 104604 101090 1188215.73 25201  555 4735443.36 1187093.07  74.9%   1.4  590s
 105784 102269 1188215.73 25496  555 4735443.36 1187093.07  74.9%   1.4  595s
H106505 102910                    4730320.4553 1187093.07  74.9%   1.4  598s
 106926 103398 1188253.98 25777  554 4730320.46 1187093.07  74.9%   1.4  600s
H107585 103936                    4728176.6624 1187093.07  74.9%   1.4  604s
 107690 104174 1188218.69 25933  564 4728176.66 1187093.07  74.9%   1.4  605s
 108217 104667 1188218.78 25979  567 4728176.66 1187093.07  74.9%   1.4  610s
H108841 105169                    4722076.2482 1187093.07  74.9%   1.4  614s
 108923 105288 1188712.25 25980  583 4722076.25 1187093.07  74.9%   1.4  615s
 109938 106332 1188362.03 25977  552 4722076.25 1187093.07  74.9%   1.4  620s
H110026 106332                    4717745.4720 1187093.07  74.8%   1.4  620s
 110868 107363 1188265.33 25980  550 4717745.47 1187093.07  74.8%   1.5  625s
H111202 107610                    4711610.5708 1187093.07  74.8%   1.5  627s
 111966 108420 1188218.81 25974  561 4711610.57 1187093.07  74.8%   1.5  630s
H112303 108578                    4690681.6807 1187093.07  74.7%   1.5  632s
 112774 109244 1188218.81 25979  570 4690681.68 1187093.07  74.7%   1.5  635s
H113076 109323                    4667124.8685 1187093.07  74.6%   1.5  639s
 113077 109557 1188273.74 25979  572 4667124.87 1187093.07  74.6%   1.5  641s
H114213 110503                    4663572.0563 1187128.28  74.5%   1.5  646s
H114227 110503                    4662965.1527 1187128.28  74.5%   1.5  646s
 114958 111472 1187400.15  490  600 4662965.15 1187128.28  74.5%   1.5  650s
H115226 111492                    4649213.1405 1187128.28  74.5%   1.5  652s
 115788 112302 1187451.08  684  597 4649213.14 1187128.28  74.5%   1.5  655s
 116711 113222 1187460.62  934  596 4649213.14 1187128.28  74.5%   1.5  660s
 117764 114264 1187759.54 1213  594 4649213.14 1187128.28  74.5%   1.5  665s
H118156 114503                    4647928.2269 1187128.28  74.5%   1.5  667s
 118698 115190 1187808.23 1427  592 4647928.23 1187128.28  74.5%   1.5  670s
H119451 115820                    4645533.0621 1187128.28  74.4%   1.5  674s
 119574 116068 1187506.51 1628  592 4645533.06 1187128.28  74.4%   1.5  675s
H120628 116915                    4643984.2310 1187128.28  74.4%   1.5  679s
 120669 117118 1187553.44 1918  590 4643984.23 1187128.28  74.4%   1.5  680s
H121234 117500                    4637167.8606 1187128.28  74.4%   1.5  683s
 121505 117950 1187524.31 2154  591 4637167.86 1187128.28  74.4%   1.5  685s
 122568 119071 1187547.30 2405  590 4637167.86 1187128.28  74.4%   1.5  690s
 123344 119592 1187811.81 2590  594 4637167.86 1187128.28  74.4%   1.5  696s
 123985 120475 1187576.33 2745  595 4637167.86 1187128.28  74.4%   1.5  700s
H124598 120987                    4615317.3647 1187128.28  74.3%   1.5  703s
H125017 121431                    4614997.9194 1187128.28  74.3%   1.5  705s
H126244 122672                    4614997.1498 1187128.28  74.3%   1.5  711s
 127001 123491 1187794.10 3523  591 4614997.15 1187128.28  74.3%   1.5  715s
H127857 124128                    4608946.8070 1187128.28  74.2%   1.5  720s
 128734 125208 1187609.50 4013  591 4608946.81 1187128.28  74.2%   1.5  725s
H128782 125208                    4608275.0475 1187128.28  74.2%   1.5  725s
H130016 126310                    4605463.4646 1187128.28  74.2%   1.5  731s
H130132 126494                    4598576.8935 1187128.28  74.2%   1.5  732s
 130458 126940 1187625.60 4445  590 4598576.89 1187128.28  74.2%   1.5  735s
 131515 127950 1187632.03 4750  595 4598576.89 1187128.28  74.2%   1.5  740s
H131703 127950                    4598499.8071 1187128.28  74.2%   1.5  740s
 132419 128901 1187750.15 4951  594 4598499.81 1187128.28  74.2%   1.5  745s
 133361 129822 1187632.03 5135  595 4598499.81 1187128.28  74.2%   1.5  751s
H134017 130314                    4598122.9781 1187128.28  74.2%   1.5  754s
H134034 130314                    4595152.6338 1187128.28  74.2%   1.5  754s
 134068 130549 1187750.15 5275  594 4595152.63 1187128.28  74.2%   1.5  755s
H135083 131450                    4592532.4897 1187128.28  74.2%   1.5  760s
 136004 132534 1187648.30 5751  591 4592532.49 1187128.28  74.2%   1.5  765s
 137077 133561 1187648.30 6018  591 4592532.49 1187128.28  74.2%   1.5  771s
 138144 134627 1187648.31 6296  589 4592532.49 1187128.28  74.2%   1.5  775s
H138881 135265                    4590141.6815 1187128.28  74.1%   1.5  779s
 139019 135544 1187658.07 6482  588 4590141.68 1187128.28  74.1%   1.5  780s
 140672 137170 1187765.52 6886  588 4590141.68 1187128.28  74.1%   1.5  785s
H141067 137315                    4589293.5273 1187128.28  74.1%   1.5  786s
H142253 138551                    4586588.1947 1187128.28  74.1%   1.5  791s
 142986 139437 1187703.06 7474  590 4586588.19 1187128.28  74.1%   1.5  795s
H143440 139744                    4584855.7837 1187128.28  74.1%   1.5  796s
H143498 139873                    4576916.6660 1187128.28  74.1%   1.5  797s
 143853 140296 1187775.10 7659  595 4576916.67 1187128.28  74.1%   1.5  800s
H144543 140899                    4576598.9853 1187128.28  74.1%   1.5  803s
 144653 141160 1187683.56 7828  596 4576598.99 1187128.28  74.1%   1.5  805s
 145867 142398 1187683.56 8135  598 4576598.99 1187128.28  74.1%   1.5  810s
H147098 143564                    4576238.1641 1187128.28  74.1%   1.5  814s
 147318 143731 1187699.06 8515  596 4576238.16 1187128.28  74.1%   1.5  815s
 148091 144618 1187718.48 8702  590 4576238.16 1187128.28  74.1%   1.5  820s
 148987 145235 1187718.48 8938  590 4576238.16 1187128.28  74.1%   1.5  825s
H149102 145349                    4568902.6210 1187128.28  74.0%   1.5  827s
 149627 146145 1187722.67 9126  589 4568902.62 1187128.28  74.0%   1.5  830s
H150258 146544                    4568269.1965 1187128.28  74.0%   1.5  832s
 150658 147168 1187722.67 9417  589 4568269.20 1187128.28  74.0%   1.5  835s
H151376 147714                    4566963.5179 1187128.28  74.0%   1.5  838s
H151742 148017                    4563318.7231 1187128.28  74.0%   1.5  840s
 152565 148993 1187755.46 9874  587 4563318.72 1187128.28  74.0%   1.5  845s
 153633 150143 1187785.06 10159  587 4563318.72 1187128.28  74.0%   1.5  850s
H154340 150733                    4559238.1039 1187128.28  74.0%   1.5  856s
 155214 151722 1187744.51 10552  587 4559238.10 1187128.28  74.0%   1.5  860s
H155700 152083                    4559208.6442 1187128.28  74.0%   1.5  862s
 156327 152854 1187755.46 10800  587 4559208.64 1187128.28  74.0%   1.5  866s
 157221 153538 1187762.13 11036  586 4559208.64 1187128.28  74.0%   1.5  870s
 158323 154801 1187762.13 11329  586 4559208.64 1187128.28  74.0%   1.5  875s
 159296 155544 1187765.24 11577  587 4559208.64 1187128.28  74.0%   1.5  881s
H159398 155664                    4546231.6924 1187128.28  73.9%   1.5  882s
 159893 156305 1187762.13 11748  589 4546231.69 1187128.28  73.9%   1.5  885s
H160022 156305                    4542770.3616 1187128.28  73.9%   1.5  885s
 160823 157229 1187812.73 12009  588 4542770.36 1187128.28  73.9%   1.4  890s
H161520 157767                    4542456.4524 1187128.28  73.9%   1.4  894s
 161521 157983 1187860.67 12153  587 4542456.45 1187128.28  73.9%   1.4  895s
 162512 159010 1187765.72 12412  588 4542456.45 1187128.28  73.9%   1.4  900s
H163384 159800                    4537862.1795 1187128.28  73.8%   1.4  904s
H163554 159816                    4537221.6115 1187128.28  73.8%   1.4  906s
H163555 159816                    4535918.4372 1187128.28  73.8%   1.4  906s
 164294 160690 1187782.49 12830  584 4535918.44 1187128.28  73.8%   1.4  912s
H164707 161006                    4533465.3588 1187128.28  73.8%   1.4  914s
 164760 161282 1187782.49 12967  584 4533465.36 1187128.28  73.8%   1.4  916s
H165858 162262                    4531817.0245 1187128.28  73.8%   1.4  920s
H166390 162683                    4531723.0183 1187128.28  73.8%   1.4  923s
 166472 162898 1187793.22 13404  583 4531723.02 1187128.28  73.8%   1.4  925s
H167575 163861                    4528432.6033 1187128.28  73.8%   1.4  929s
 167615 164129 1187793.29 13727  583 4528432.60 1187128.28  73.8%   1.4  931s
 168646 165096 1187794.72 13988  583 4528432.60 1187128.28  73.8%   1.4  935s
H168850 165275                    4527758.0849 1187128.28  73.8%   1.4  936s
 169444 165832 1187937.53 14149  583 4527758.08 1187128.28  73.8%   1.4  941s
H170089 166337                    4527758.0625 1187128.28  73.8%   1.4  945s
H170090 166337                    4527177.4260 1187128.28  73.8%   1.4  945s
 170932 167412 1187794.72 14522  583 4527177.43 1187128.28  73.8%   1.4  950s
H171275 167560                    4527118.4227 1187128.28  73.8%   1.4  951s
 171803 168315 1187793.29 14760  584 4527118.42 1187128.28  73.8%   1.4  955s
H172329 168666                    4527006.9995 1187128.28  73.8%   1.4  957s
 173188 169705 1187796.04 15110  582 4527007.00 1187128.28  73.8%   1.4  960s
 174185 170668 1187840.75 15369  580 4527007.00 1187128.28  73.8%   1.4  965s
 175110 171637 1187811.30 15612  579 4527007.00 1187128.28  73.8%   1.4  970s
 176215 172739 1187907.64 15915  580 4527007.00 1187128.28  73.8%   1.4  975s
 177526 173906 1187807.01 16243  581 4527007.00 1187128.28  73.8%   1.4  980s
H177602 173906                    4526701.8368 1187128.28  73.8%   1.4  980s
 178575 175070 1187813.35 16542  583 4526701.84 1187128.28  73.8%   1.4  985s
H178824 175215                    4526194.6512 1187128.28  73.8%   1.4  987s
 179427 175944 1187812.75 16713  584 4526194.65 1187128.28  73.8%   1.4  990s
H180018 176308                    4525864.3235 1187128.28  73.8%   1.4  995s
H180396 176709                    4525851.7708 1187128.28  73.8%   1.4  998s
H180462 176709                    4525231.2746 1187128.28  73.8%   1.4  998s
 180734 177239 1187812.75 17013  584 4525231.27 1187128.28  73.8%   1.4 1000s
 181656 178074 1187813.57 17242  585 4525231.27 1187128.28  73.8%   1.4 1005s
H181770 178074                    4524448.9782 1187128.28  73.8%   1.4 1005s
 182280 178795 1187896.02 17423  584 4524448.98 1187128.28  73.8%   1.4 1010s
H183038 179462                    4523583.0577 1187128.28  73.8%   1.4 1013s
 183216 179729 1187813.35 17643  586 4523583.06 1187128.28  73.8%   1.4 1015s
H183622 179919                    4523525.9209 1187128.28  73.8%   1.4 1016s
H183809 180113                    4523382.9451 1187128.28  73.8%   1.4 1017s
H184260 180507                    4522504.0808 1187128.28  73.8%   1.4 1019s
 184261 180766 1187813.35 17978  586 4522504.08 1187128.28  73.8%   1.4 1020s
H184901 181148                    4518899.7242 1187128.28  73.7%   1.4 1024s
 184902 181405 1187813.66 18136  584 4518899.72 1187128.28  73.7%   1.4 1025s
H185433 181814                    4516879.6478 1187128.28  73.7%   1.4 1027s
 186114 182621 1187909.63 18414  583 4516879.65 1187128.28  73.7%   1.4 1031s
 186926 183433 1187813.88 18619  584 4516879.65 1187128.28  73.7%   1.4 1035s
 187908 184221 1187813.88 18869  584 4516879.65 1187128.28  73.7%   1.4 1040s
H187941 184221                    4516879.6105 1187128.28  73.7%   1.4 1040s
 188962 185378 1188031.40 19136  576 4516879.61 1187128.28  73.7%   1.4 1045s
 189911 186280 1187864.69 19369  576 4516879.61 1187128.28  73.7%   1.4 1052s
H190035 186323                    4515237.0218 1187128.28  73.7%   1.4 1053s
 190297 186808 1187864.45 19455  577 4515237.02 1187128.28  73.7%   1.4 1055s
 191409 187907 1187872.01 19734  581 4515237.02 1187128.28  73.7%   1.4 1060s
 192444 188897 1187864.69 19995  583 4515237.02 1187128.28  73.7%   1.4 1065s
H192651 188897                    4511989.6357 1187128.28  73.7%   1.4 1065s
 193446 189955 1187896.95 20257  581 4511989.64 1187128.28  73.7%   1.4 1070s
 194519 191033 1187909.33 20575  580 4511989.64 1187128.28  73.7%   1.4 1075s
 195277 191729 1187909.33 20793  583 4511989.64 1187128.28  73.7%   1.4 1080s
 196353 192780 1187909.33 21071  581 4511989.64 1187128.28  73.7%   1.4 1085s
 197556 194056 1187909.33 21376  581 4511989.64 1187128.28  73.7%   1.4 1090s
 198698 195141 1187935.86 21658  580 4511989.64 1187128.28  73.7%   1.4 1095s
 199810 196221 1187972.11 21923  577 4511989.64 1187128.28  73.7%   1.4 1100s
 200342 196839 1187999.60 22029  576 4511989.64 1187128.28  73.7%   1.4 1105s
 201535 198016 1187973.10 22344  576 4511989.64 1187128.28  73.7%   1.4 1110s
 202531 199007 1187976.05 22623  584 4511989.64 1187128.28  73.7%   1.4 1115s
 203462 199942 1187976.05 22863  584 4511989.64 1187128.28  73.7%   1.4 1121s
 204434 200965 1187989.51 23119  579 4511989.64 1187128.28  73.7%   1.4 1125s
H205357 201604                    4506119.5901 1187128.28  73.7%   1.4 1133s
 205369 201628 1187976.05 23354  582 4506119.59 1187128.28  73.7%   1.4 1135s
 205416 201675 1187976.05 23366  582 4506119.59 1187128.28  73.7%   1.4 1140s
 206072 202519 1187978.91 23557  580 4506119.59 1187128.28  73.7%   1.4 1145s
 207072 203559 1188013.80 23871  582 4506119.59 1187128.28  73.7%   1.4 1150s
 208095 204616 1188013.80 24134  584 4506119.59 1187128.28  73.7%   1.4 1155s
 209432 206013 1188072.90 24405  577 4506119.59 1187128.28  73.7%   1.4 1160s
 210369 206736 1188072.90 24617  577 4506119.59 1187128.28  73.7%   1.4 1167s
H210429 206736                    4505951.9441 1187128.28  73.7%   1.4 1167s
H210491 206841                    4501883.0608 1187128.28  73.6%   1.4 1168s
 210894 207413 1188072.90 24726  572 4501883.06 1187128.28  73.6%   1.4 1170s
 211963 208407 1188089.14 25011  575 4501883.06 1187128.28  73.6%   1.4 1175s
 212889 209391 1188089.03 25240  575 4501883.06 1187128.28  73.6%   1.4 1180s
 214181 210648 1188114.62 25534  566 4501883.06 1187128.28  73.6%   1.4 1185s
 215107 211567 1188102.52 25815  574 4501883.06 1187128.28  73.6%   1.4 1190s
H215575 211821                    4500121.0705 1187128.28  73.6%   1.4 1194s
H215576 211897                    4497806.9471 1187128.28  73.6%   1.4 1195s
 216220 212677 1188102.62 25980  572 4497806.95 1187128.28  73.6%   1.4 1200s
H216633 212958                    4497295.4805 1187128.28  73.6%   1.4 1202s
 217151 213605 1188146.08 25979  571 4497295.48 1187128.28  73.6%   1.4 1205s
H217508 213754                    4496747.7346 1187128.28  73.6%   1.4 1206s
 218138 214555 1188108.66 25981  570 4496747.73 1187128.28  73.6%   1.4 1210s
H218754 215165                    4496200.0938 1187128.28  73.6%   1.4 1215s
H219399 215781                    4493616.8062 1187159.33  73.6%   1.4 1218s
 219743 216193 1187863.88  192  600 4493616.81 1187159.33  73.6%   1.4 1220s
 220731 216978 1187519.05  464  598 4493616.81 1187159.33  73.6%   1.4 1225s
H220732 216978                    4493507.1698 1187159.33  73.6%   1.4 1225s
 221539 217841 1187759.02  648  595 4493507.17 1187159.33  73.6%   1.4 1230s
H221572 217841                    4493265.8957 1187159.33  73.6%   1.4 1230s
H221743 218038                    4493171.8189 1187159.33  73.6%   1.4 1231s
 222881 219394 1187878.28 1023  593 4493171.82 1187159.33  73.6%   1.4 1235s
H223836 220113                    4493072.8217 1187159.33  73.6%   1.4 1239s
 223868 220404 1187612.51 1299  594 4493072.82 1187159.33  73.6%   1.4 1240s
H224899 221215                    4491359.3667 1187159.33  73.6%   1.4 1245s
 225730 222095 1187794.33 1721  591 4491359.37 1187159.33  73.6%   1.4 1250s
H225804 222095                    4489355.0468 1187159.33  73.6%   1.4 1250s
H226625 222978                    4487500.4128 1187159.33  73.5%   1.4 1255s
 227485 223994 1187643.12 2149  591 4487500.41 1187159.33  73.5%   1.4 1260s
H227749 224034                    4486453.8551 1187159.33  73.5%   1.4 1261s
 228453 224966 1187643.12 2407  591 4486453.86 1187159.33  73.5%   1.4 1265s
 229447 225958 1187737.44 2659  590 4486453.86 1187159.33  73.5%   1.4 1270s
 230919 227166 1187852.68 3025  587 4486453.86 1187159.33  73.5%   1.4 1277s
H230920 227166                    4481005.8362 1187159.33  73.5%   1.4 1277s
H231040 227286                    4480541.5548 1187159.33  73.5%   1.4 1278s
 231354 227780 1187720.28 3136  587 4480541.55 1187159.33  73.5%   1.4 1281s
 232312 228849 1187720.28 3397  589 4480541.55 1187159.33  73.5%   1.4 1285s
 233399 229916 1187720.28 3660  589 4480541.55 1187159.33  73.5%   1.4 1290s
 234292 230801 1187744.56 3853  593 4480541.55 1187159.33  73.5%   1.4 1295s
H235164 231536                    4480357.8249 1187159.33  73.5%   1.4 1298s
 235291 231828 1187744.56 4097  593 4480357.82 1187159.33  73.5%   1.4 1300s
 236090 232447 1187728.43 4297  594 4480357.82 1187159.33  73.5%   1.4 1305s
H236202 232539                    4475161.0810 1187159.33  73.5%   1.4 1306s
H236810 233132                    4464940.8362 1187159.33  73.4%   1.4 1309s
 236887 233416 1187755.45 4447  592 4464940.84 1187159.33  73.4%   1.4 1310s
H237970 234312                    4464330.6157 1187159.33  73.4%   1.4 1315s
H238724 234970                    4463969.0047 1187159.33  73.4%   1.4 1319s
 238725 235252 1187761.88 4948  591 4463969.00 1187159.33  73.4%   1.4 1320s
 239787 236156 1187771.69 5213  585 4463969.00 1187159.33  73.4%   1.4 1325s
H240436 236683                    4462953.2772 1187159.33  73.4%   1.4 1328s
H240437 236683                    4461959.8553 1187159.33  73.4%   1.4 1328s
H240663 237095                    4461929.1367 1187159.33  73.4%   1.4 1330s
 241192 237629 1187771.69 5536  585 4461929.14 1187159.33  73.4%   1.4 1335s
H241529 237829                    4460973.6792 1187159.33  73.4%   1.4 1336s
 242438 238914 1187796.85 5877  582 4460973.68 1187159.33  73.4%   1.4 1341s
H242786 239032                    4460937.3153 1187159.33  73.4%   1.4 1342s
H243077 239485                    4460846.8686 1187159.33  73.4%   1.4 1345s
 244313 240560 1187784.54 6327  583 4460846.87 1187159.33  73.4%   1.4 1351s
H244314 240560                    4460845.9946 1187159.33  73.4%   1.4 1351s
 245260 241786 1187784.54 6563  583 4460845.99 1187159.33  73.4%   1.4 1355s
 246185 242586 1187970.63 6814  593 4460845.99 1187159.33  73.4%   1.4 1360s
 247378 243881 1187801.00 7108  592 4460845.99 1187159.33  73.4%   1.4 1366s
H247661 243928                    4460536.6094 1187159.33  73.4%   1.4 1367s
 248156 244680 1187851.03 7295  591 4460536.61 1187159.33  73.4%   1.4 1370s
H248709 245152                    4459731.6635 1187159.33  73.4%   1.4 1373s
 249197 245688 1187873.26 7530  589 4459731.66 1187159.33  73.4%   1.4 1375s
H250047 246318                    4459509.4473 1187159.33  73.4%   1.4 1378s
 250317 246842 1187860.03 7817  586 4459509.45 1187159.33  73.4%   1.4 1380s
 251253 247754 1187857.46 8081  594 4459509.45 1187159.33  73.4%   1.4 1385s
 251876 248399 1187842.27 8216  595 4459509.45 1187159.33  73.4%   1.4 1390s
H252804 249103                    4459197.6837 1187159.33  73.4%   1.4 1394s
 252858 249385 1187857.46 8481  594 4459197.68 1187159.33  73.4%   1.4 1395s
 253878 250406 1187844.99 8715  593 4459197.68 1187159.33  73.4%   1.4 1400s
 254876 251398 1187845.54 8952  594 4459197.68 1187159.33  73.4%   1.4 1405s
H255421 251842                    4458846.6046 1187159.33  73.4%   1.4 1407s
H255597 251962                    4458225.2223 1187159.33  73.4%   1.4 1408s
 255717 252234 1187845.54 9125  594 4458225.22 1187159.33  73.4%   1.4 1410s
 256498 252911 1187874.15 9325  592 4458225.22 1187159.33  73.4%   1.4 1415s
H256666 252914                    4456353.6766 1187159.33  73.4%   1.4 1416s
H256829 253095                    4455058.3350 1187159.33  73.4%   1.4 1418s
 257084 253621 1187863.27 9495  593 4455058.34 1187159.33  73.4%   1.4 1420s
H257987 254253                    4454920.3997 1187159.33  73.4%   1.3 1423s
 258008 254497 1187878.39 9721  592 4454920.40 1187159.33  73.4%   1.3 1425s
 259207 255636 1187891.87 10044  589 4454920.40 1187159.33  73.4%   1.3 1430s
H259624 255931                    4454877.4899 1187159.33  73.4%   1.3 1433s
H259661 255931                    4454836.9867 1187159.33  73.4%   1.3 1433s
 259972 256331 1187891.87 10216  589 4454836.99 1187159.33  73.4%   1.3 1435s
 261164 257599 1187889.23 10482  591 4454836.99 1187159.33  73.4%   1.3 1440s
H261636 257991                    4454112.0579 1187159.33  73.3%   1.3 1444s
 261746 258299 1187891.87 10604  589 4454112.06 1187159.33  73.3%   1.3 1445s
 262862 259203 1188021.20 10854  588 4454112.06 1187159.33  73.3%   1.3 1450s
H262956 259203                    4451660.4101 1187159.33  73.3%   1.3 1450s
 263810 260306 1187896.00 11102  588 4451660.41 1187159.33  73.3%   1.3 1455s
H264061 260479                    4451414.4664 1187159.33  73.3%   1.3 1456s
 264625 261185 1187953.41 11272  586 4451414.47 1187159.33  73.3%   1.3 1460s
 266086 262578 1187902.64 11636  583 4451414.47 1187159.33  73.3%   1.3 1465s
 266932 263405 1187915.80 11845  582 4451414.47 1187159.33  73.3%   1.3 1470s
 267923 264465 1187904.75 12123  582 4451414.47 1187159.33  73.3%   1.3 1475s
H268898 265175                    4451401.1363 1187159.33  73.3%   1.3 1479s
 268930 265465 1187902.64 12401  584 4451401.14 1187159.33  73.3%   1.3 1480s
H270011 266262                    4451222.0348 1187159.33  73.3%   1.3 1485s
H270013 266262                    4450709.2098 1187159.33  73.3%   1.3 1485s
H270040 266393                    4450683.6828 1187159.33  73.3%   1.3 1486s
H270252 266517                    4449403.0989 1187159.33  73.3%   1.3 1487s
 270534 267031 1187915.87 12805  587 4449403.10 1187159.33  73.3%   1.3 1490s
H271255 267717                    4449400.0125 1187159.33  73.3%   1.3 1493s
 271746 268155 1188065.31 13106  586 4449400.01 1187159.33  73.3%   1.3 1495s
H271858 268155                    4449299.0783 1187159.33  73.3%   1.3 1495s
 272509 268999 1187917.97 13303  586 4449299.08 1187159.33  73.3%   1.3 1500s
H272754 269095                    4449099.9046 1187159.33  73.3%   1.3 1502s
 273387 269882 1187917.97 13527  586 4449099.90 1187159.33  73.3%   1.3 1505s
H273914 270257                    4446878.2493 1187159.33  73.3%   1.3 1508s
 274301 270806 1187917.97 13761  586 4446878.25 1187159.33  73.3%   1.3 1510s
H275295 271591                    4445499.7058 1187159.33  73.3%   1.3 1514s
 275346 271867 1187919.90 13989  584 4445499.71 1187159.33  73.3%   1.3 1515s
H276145 272534                    4445252.5514 1187159.33  73.3%   1.3 1519s
 276289 272779 1187919.90 14191  584 4445252.55 1187159.33  73.3%   1.3 1520s
 277066 273513 1187924.30 14383  581 4445252.55 1187159.33  73.3%   1.3 1525s
 277821 274344 1187924.30 14565  581 4445252.55 1187159.33  73.3%   1.3 1530s
H279039 275310                    4445152.3550 1187159.33  73.3%   1.3 1534s
 279065 275568 1187928.61 14905  580 4445152.36 1187159.33  73.3%   1.3 1535s
 280540 277072 1187928.61 15253  580 4445152.36 1187159.33  73.3%   1.3 1540s
 281665 278206 1187957.87 15546  581 4445152.36 1187159.33  73.3%   1.3 1545s
 282466 278852 1187925.73 15755  581 4445152.36 1187159.33  73.3%   1.3 1550s
 283502 280021 1187970.50 15988  579 4445152.36 1187159.33  73.3%   1.3 1555s
 284545 281104 1187942.42 16277  578 4445152.36 1187159.33  73.3%   1.3 1560s
 285612 282168 1188041.65 16572  578 4445152.36 1187159.33  73.3%   1.3 1565s
 287045 283526 1188110.13 16931  581 4445152.36 1187159.33  73.3%   1.3 1570s
 287615 283887 1188110.13 17056  581 4445152.36 1187159.33  73.3%   1.3 1575s
H287616 283887                    4444472.9811 1187159.33  73.3%   1.3 1575s
 288362 284834 1187942.42 17242  582 4444472.98 1187159.33  73.3%   1.3 1580s
H288977 285279                    4444011.3707 1187159.33  73.3%   1.3 1582s
 289464 285959 1187943.02 17528  585 4444011.37 1187159.33  73.3%   1.3 1585s
 290471 286984 1188025.65 17786  583 4444011.37 1187159.33  73.3%   1.3 1590s
 291550 288091 1187943.02 18062  584 4444011.37 1187159.33  73.3%   1.3 1596s
 292685 288932 1187943.02 18347  585 4444011.37 1187159.33  73.3%   1.3 1601s
 293341 289868 1187943.33 18485  583 4444011.37 1187159.33  73.3%   1.3 1605s
 294843 291399 1187943.33 18822  583 4444011.37 1187159.33  73.3%   1.3 1610s
 296235 292540 1187943.33 19151  584 4444011.37 1187159.33  73.3%   1.3 1615s
H296294 292540                    4443736.8911 1187159.33  73.3%   1.3 1615s
 297095 293572 1187943.55 19374  577 4443736.89 1187159.33  73.3%   1.3 1620s
 297934 294444 1188160.99 19599  575 4443736.89 1187159.33  73.3%   1.3 1625s
 298954 295363 1187994.09 19859  576 4443736.89 1187159.33  73.3%   1.3 1630s
 300016 296321 1187994.32 20160  581 4443736.89 1187159.33  73.3%   1.3 1635s
H300049 296321                    4440683.4020 1187159.33  73.3%   1.3 1635s
 300938 297392 1188020.09 20416  576 4440683.40 1187159.33  73.3%   1.3 1640s
 301952 298429 1188020.09 20642  578 4440683.40 1187159.33  73.3%   1.3 1646s
 302873 299119 1188055.49 20886  580 4440683.40 1187159.33  73.3%   1.3 1652s
H302874 299119                    4439158.4002 1187159.33  73.3%   1.3 1652s
 302999 299508 1188081.85 20917  579 4439158.40 1187159.33  73.3%   1.3 1656s
 304035 300350 1188090.82 21178  574 4439158.40 1187159.33  73.3%   1.3 1660s
 304870 301391 1188077.54 21404  575 4439158.40 1187159.33  73.3%   1.3 1665s
 306165 302611 1188090.40 21718  574 4439158.40 1187159.33  73.3%   1.3 1670s
 307547 303994 1188091.40 22096  576 4439158.40 1187159.33  73.3%   1.3 1675s
H308011 304297                    4438729.2451 1187159.33  73.3%   1.3 1679s
 308053 304482 1188091.40 22226  572 4438729.25 1187159.33  73.3%   1.3 1680s
 309011 305437 1188091.40 22480  572 4438729.25 1187159.33  73.3%   1.3 1685s
 310236 306738 1188091.40 22790  574 4438729.25 1187159.33  73.3%   1.3 1690s
 311112 307611 1188097.36 22975  565 4438729.25 1187159.33  73.3%   1.3 1695s
H312205 308456                    4436213.0051 1187159.33  73.2%   1.3 1699s
 312212 308671 1188097.36 23283  565 4436213.01 1187159.33  73.2%   1.3 1701s
 312970 309438 1188124.43 23475  565 4436213.01 1187159.33  73.2%   1.3 1708s
H313081 309438                    4434926.5518 1187159.33  73.2%   1.3 1708s
 313283 309731 1188124.43 23543  565 4434926.55 1187159.33  73.2%   1.3 1710s
 314171 310699 1188142.72 23781  570 4434926.55 1187159.33  73.2%   1.3 1715s
H315317 311581                    4434701.5457 1187159.33  73.2%   1.3 1719s
 315337 311854 1188129.54 24083  571 4434701.55 1187159.33  73.2%   1.3 1720s
 316356 312806 1188132.41 24325  573 4434701.55 1187159.33  73.2%   1.3 1725s
 317297 313813 1188129.54 24570  574 4434701.55 1187159.33  73.2%   1.3 1730s
 318178 314596 1188132.41 24809  576 4434701.55 1187159.33  73.2%   1.3 1736s
 318692 315243 1188145.58 24954  576 4434701.55 1187159.33  73.2%   1.3 1740s
 319775 316269 1188145.58 25239  581 4434701.55 1187159.33  73.2%   1.3 1745s
 320858 317355 1188145.58 25488  585 4434701.55 1187159.33  73.2%   1.3 1750s
 321871 318379 1188349.69 25727  583 4434701.55 1187159.33  73.2%   1.3 1755s
 322998 319413 1188253.40 25980  570 4434701.55 1187159.33  73.2%   1.3 1760s
H323431 319677                    4434334.5359 1187159.33  73.2%   1.3 1765s
 324103 320629 1188246.44 25980  572 4434334.54 1187159.33  73.2%   1.3 1771s
 325137 321597 1188248.72 25981  579 4434334.54 1187159.33  73.2%   1.3 1775s
 326170 322700 1188257.24 25980  572 4434334.54 1187159.33  73.2%   1.3 1780s
 327198 323540 1187322.68   72  599 4434334.54 1187167.60  73.2%   1.3 1785s
 328315 324836 1187738.15  340  597 4434334.54 1187167.60  73.2%   1.3 1790s
H328594 324938                    4434282.7716 1187167.60  73.2%   1.3 1794s
 328694 325205 1187738.15  414  597 4434282.77 1187167.60  73.2%   1.3 1795s
 329933 326289 1187388.69  704  595 4434282.77 1187167.60  73.2%   1.3 1800s
 330805 327209 1187412.81  914  594 4434282.77 1187167.60  73.2%   1.3 1805s
 331784 328336 1187433.72 1147  592 4434282.77 1187167.60  73.2%   1.3 1810s
 332766 329279 1187433.72 1401  592 4434282.77 1187167.60  73.2%   1.3 1815s
 333535 330039 1187433.72 1602  592 4434282.77 1187167.60  73.2%   1.3 1820s
H333881 330142                    4433581.8381 1187167.60  73.2%   1.3 1821s
 334373 330904 1187450.64 1815  591 4433581.84 1187167.60  73.2%   1.3 1825s
 335439 331963 1187458.23 2077  590 4433581.84 1187167.60  73.2%   1.3 1830s
H336396 332730                    4433007.8344 1187167.60  73.2%   1.3 1834s
 336486 333014 1187468.12 2331  589 4433007.83 1187167.60  73.2%   1.3 1835s
 337597 334075 1187468.12 2609  589 4433007.83 1187167.60  73.2%   1.3 1840s
 338827 335149 1187562.04 2952  588 4433007.83 1187167.60  73.2%   1.3 1847s
 339339 335810 1187489.91 3066  589 4433007.83 1187167.60  73.2%   1.3 1850s
 340294 336771 1187726.70 3293  585 4433007.83 1187167.60  73.2%   1.3 1855s
 341317 337792 1187531.37 3536  586 4433007.83 1187167.60  73.2%   1.3 1860s
 342222 338691 1187546.69 3747  585 4433007.83 1187167.60  73.2%   1.3 1865s
 343332 339809 1187531.37 4007  586 4433007.83 1187167.60  73.2%   1.3 1870s
 344035 340408 1187554.28 4195  584 4433007.83 1187167.60  73.2%   1.3 1876s
 344708 341216 1187554.28 4345  584 4433007.83 1187167.60  73.2%   1.3 1880s
 345743 342211 1187554.28 4618  584 4433007.83 1187167.60  73.2%   1.3 1885s
 346862 343407 1187554.28 4888  584 4433007.83 1187167.60  73.2%   1.3 1890s
 347883 344389 1187554.28 5100  584 4433007.83 1187167.60  73.2%   1.3 1895s
 348924 345383 1187563.56 5378  584 4433007.83 1187167.60  73.2%   1.3 1900s
H349140 345385                    4432689.6607 1187167.60  73.2%   1.3 1903s
 349157 345417 1187572.70 5420  583 4432689.66 1187167.60  73.2%   1.3 1905s
 349592 346148 1187563.56 5549  586 4432689.66 1187167.60  73.2%   1.3 1911s
H350222 346521                    4432517.5525 1187167.60  73.2%   1.3 1915s
 351014 347544 1187687.99 5910  586 4432517.55 1187167.60  73.2%   1.3 1920s
 352456 348887 1187612.61 6291  583 4432517.55 1187167.60  73.2%   1.3 1926s
 353436 349869 1187697.90 6558  588 4432517.55 1187167.60  73.2%   1.3 1930s
 354332 350578 1187601.00 6775  589 4432517.55 1187167.60  73.2%   1.3 1935s
 354978 351487 1187612.61 6970  588 4432517.55 1187167.60  73.2%   1.3 1940s
 355868 352363 1187612.61 7211  591 4432517.55 1187167.60  73.2%   1.3 1945s
 356840 353316 1187621.96 7439  590 4432517.55 1187167.60  73.2%   1.3 1950s
H357105 353350                    4432385.9872 1187167.60  73.2%   1.3 1951s
 357815 354319 1187676.60 7677  588 4432385.99 1187167.60  73.2%   1.3 1955s
 359225 355776 1187646.48 8004  588 4432385.99 1187167.60  73.2%   1.3 1961s
 359674 356161 1187628.00 8132  589 4432385.99 1187167.60  73.2%   1.3 1965s
 360767 357332 1187644.91 8414  588 4432385.99 1187167.60  73.2%   1.3 1970s
 361956 358458 1187677.71 8719  585 4432385.99 1187167.60  73.2%   1.3 1976s
 363059 359601 1187715.54 9010  585 4432385.99 1187167.60  73.2%   1.3 1981s
 363792 360331 1187715.54 9196  585 4432385.99 1187167.60  73.2%   1.3 1985s
 364678 361203 1187663.35 9428  586 4432385.99 1187167.60  73.2%   1.3 1990s
 365823 362171 1187701.19 9715  582 4432385.99 1187167.60  73.2%   1.3 1995s
 366860 363388 1187705.10 9975  581 4432385.99 1187167.60  73.2%   1.3 2000s
 368217 364589 1187704.17 10307  581 4432385.99 1187167.60  73.2%   1.3 2005s
H368225 364589                    4429896.9732 1187167.60  73.2%   1.3 2006s
 369097 365619 1187704.17 10507  581 4429896.97 1187167.60  73.2%   1.3 2010s
 369784 366030 1187701.19 10653  582 4429896.97 1187167.60  73.2%   1.3 2015s
 371051 367567 1187705.10 10970  588 4429896.97 1187167.60  73.2%   1.3 2020s
 372570 368936 1187705.10 11331  588 4429896.97 1187167.60  73.2%   1.3 2025s
 373490 370013 1187865.73 11576  586 4429896.97 1187167.60  73.2%   1.3 2030s
 374550 371075 1187765.16 11859  585 4429896.97 1187167.60  73.2%   1.3 2035s
H375090 371554                    4428638.8229 1187167.60  73.2%   1.3 2039s
 375310 371854 1187716.89 12042  585 4428638.82 1187167.60  73.2%   1.3 2041s
 376128 372487 1187710.51 12253  586 4428638.82 1187167.60  73.2%   1.3 2045s
 377029 373547 1187721.18 12463  585 4428638.82 1187167.60  73.2%   1.3 2050s
 378041 374472 1187727.54 12703  584 4428638.82 1187167.60  73.2%   1.3 2055s
 379096 375616 1187727.60 12979  577 4428638.82 1187167.60  73.2%   1.3 2060s
H379787 376050                    4428617.8372 1187167.60  73.2%   1.3 2062s
 380083 376329 1187727.60 13268  579 4428617.84 1187167.60  73.2%   1.3 2065s
 380785 377309 1187829.06 13445  577 4428617.84 1187167.60  73.2%   1.3 2070s
 381906 378392 1187879.57 13745  578 4428617.84 1187167.60  73.2%   1.3 2075s
 383632 380159 1187729.53 14160  578 4428617.84 1187167.60  73.2%   1.3 2080s
 384974 381378 1187875.67 14470  578 4428617.84 1187167.60  73.2%   1.3 2086s
 385408 381918 1187731.32 14548  583 4428617.84 1187167.60  73.2%   1.3 2091s
 386382 382835 1187734.23 14750  579 4428617.84 1187167.60  73.2%   1.3 2096s
 387234 383759 1187734.23 14954  579 4428617.84 1187167.60  73.2%   1.3 2100s
 388328 384849 1187734.23 15207  579 4428617.84 1187167.60  73.2%   1.3 2105s
 389406 385810 1187771.41 15456  577 4428617.84 1187167.60  73.2%   1.3 2110s
H389413 385810                    4428181.7718 1187167.60  73.2%   1.3 2110s
 390364 386610 1187771.41 15648  577 4428181.77 1187167.60  73.2%   1.3 2116s
 390673 387179 1187736.73 15717  577 4428181.77 1187167.60  73.2%   1.3 2120s
 391735 388265 1187739.57 15975  577 4428181.77 1187167.60  73.2%   1.3 2125s
 392972 389499 1187771.41 16294  580 4428181.77 1187167.60  73.2%   1.3 2130s
 393991 390492 1187740.86 16538  579 4428181.77 1187167.60  73.2%   1.3 2136s
H394247 390492                    4427805.5038 1187167.60  73.2%   1.3 2136s
 395012 391535 1187740.86 16815  579 4427805.50 1187167.60  73.2%   1.3 2140s
H395571 391830                    4427568.8718 1187167.60  73.2%   1.3 2143s
 395826 392351 1187740.86 17069  579 4427568.87 1187167.60  73.2%   1.3 2145s
H396752 393030                    4425844.2264 1187167.60  73.2%   1.3 2149s
 396786 393180 1187742.22 17350  578 4425844.23 1187167.60  73.2%   1.3 2150s
 397619 394127 1187742.52 17553  574 4425844.23 1187167.60  73.2%   1.3 2155s
 398602 395126 1187742.71 17801  571 4425844.23 1187167.60  73.2%   1.3 2160s
 400181 396647 1187742.52 18219  574 4425844.23 1187167.60  73.2%   1.3 2165s
 400528 396888 1187742.71 18333  575 4425844.23 1187167.60  73.2%   1.3 2170s
 401463 397953 1187743.01 18591  576 4425844.23 1187167.60  73.2%   1.3 2175s
 402438 398916 1187743.01 18845  576 4425844.23 1187167.60  73.2%   1.3 2180s
 403569 400042 1187743.01 19121  576 4425844.23 1187167.60  73.2%   1.3 2185s
 404839 401350 1187841.16 19424  573 4425844.23 1187167.60  73.2%   1.3 2190s
 405549 401893 1187743.01 19608  574 4425844.23 1187167.60  73.2%   1.3 2196s
 406180 402704 1187743.21 19761  573 4425844.23 1187167.60  73.2%   1.3 2200s
 407235 403690 1187743.21 20014  573 4425844.23 1187167.60  73.2%   1.3 2205s
 408385 404864 1187743.21 20318  573 4425844.23 1187167.60  73.2%   1.3 2210s
 409085 405621 1187796.01 20510  571 4425844.23 1187167.60  73.2%   1.3 2215s
 409782 406181 1187796.01 20676  569 4425844.23 1187167.60  73.2%   1.3 2220s
 410625 407059 1187827.94 20876  570 4425844.23 1187167.60  73.2%   1.3 2227s
 411089 407627 1187827.94 20987  569 4425844.23 1187167.60  73.2%   1.3 2230s
 412357 408742 1187827.94 21246  575 4425844.23 1187167.60  73.2%   1.3 2235s
 413368 409905 1187852.86 21461  574 4425844.23 1187167.60  73.2%   1.3 2240s
 414495 411058 1187886.80 21743  571 4425844.23 1187167.60  73.2%   1.3 2245s
 415522 411923 1187886.80 21992  575 4425844.23 1187167.60  73.2%   1.3 2250s
 415999 412245 1187907.70 22149  574 4425844.23 1187167.60  73.2%   1.3 2256s
H416000 412245                    4425814.4920 1187167.60  73.2%   1.3 2256s
 416648 413216 1187919.86 22301  575 4425814.49 1187167.60  73.2%   1.3 2261s
 417570 414066 1187911.11 22540  575 4425814.49 1187167.60  73.2%   1.3 2265s
 418773 415275 1187907.70 22871  576 4425814.49 1187167.60  73.2%   1.3 2270s
 420064 416601 1187911.11 23227  570 4425814.49 1187167.60  73.2%   1.3 2275s
 421110 417356 1187923.50 23506  569 4425814.49 1187167.60  73.2%   1.3 2281s
 421792 418322 1187923.50 23661  570 4425814.49 1187167.60  73.2%   1.3 2285s
 422931 419346 1187928.46 23944  570 4425814.49 1187167.60  73.2%   1.3 2290s
 423873 420394 1187928.46 24225  571 4425814.49 1187167.60  73.2%   1.3 2295s
H424426 420748                    4425566.5458 1187167.60  73.2%   1.3 2297s
 425068 421537 1187928.46 24555  571 4425566.55 1187167.60  73.2%   1.3 2300s
 426132 422478 1187943.58 24884  567 4425566.55 1187167.60  73.2%   1.3 2307s
H426233 422478                    4425121.2452 1187167.60  73.2%   1.3 2307s
 426991 423457 1187943.58 25139  565 4425121.25 1187167.60  73.2%   1.3 2310s
 428372 424896 1187943.58 25511  566 4425121.25 1187167.60  73.2%   1.3 2315s
 429553 426112 1187980.42 25839  567 4425121.25 1187167.60  73.2%   1.3 2320s
 430611 427061 1187438.88  181  600 4425121.25 1187179.78  73.2%   1.3 2325s
 431329 427809 1187506.59  539  596 4425121.25 1187179.78  73.2%   1.3 2330s
 432454 428993 1187540.90 1174  595 4425121.25 1187179.78  73.2%   1.3 2335s
 433479 430042 1187554.00 1662  592 4425121.25 1187179.78  73.2%   1.3 2340s
 434870 431215 1187590.41 2380  589 4425121.25 1187179.78  73.2%   1.3 2345s
 436040 432528 1187628.05 2963  588 4425121.25 1187179.78  73.2%   1.3 2350s
H436514 432847                    4425067.3589 1187179.78  73.2%   1.3 2353s
 436995 433550 1187656.90 3394  589 4425067.36 1187179.78  73.2%   1.3 2356s
H437675 434145                    4424997.5766 1187179.78  73.2%   1.3 2358s
H437901 434196                    4424300.5072 1187179.78  73.2%   1.3 2359s
 437952 434524 1187673.03 3845  588 4424300.51 1187179.78  73.2%   1.3 2360s
H438921 435397                    4424269.7253 1187179.78  73.2%   1.3 2363s
H439029 435397                    4424153.9768 1187179.78  73.2%   1.3 2364s
 439531 435969 1187690.82 4545  590 4424153.98 1187179.78  73.2%   1.3 2366s
H439647 435969                    4423958.8870 1187179.78  73.2%   1.3 2366s
 440988 437548 1187713.45 5343  588 4423958.89 1187179.78  73.2%   1.3 2370s
 441599 437926 1187713.45 5674  585 4423958.89 1187179.78  73.2%   1.3 2375s
H441681 437926                    4423874.5955 1187179.78  73.2%   1.3 2375s
H442153 438512                    4423644.9577 1187179.78  73.2%   1.3 2377s
 442875 439316 1187719.78 6247  590 4423644.96 1187179.78  73.2%   1.3 2380s
 444060 440572 1187732.06 6714  589 4423644.96 1187179.78  73.2%   1.3 2385s
 445691 442243 1187752.63 7481  588 4423644.96 1187179.78  73.2%   1.3 2390s
 446569 442938 1187759.05 7930  584 4423644.96 1187179.78  73.2%   1.3 2395s
H447385 443686                    4422547.3964 1187179.78  73.2%   1.3 2399s
 447442 443872 1187776.84 8289  586 4422547.40 1187179.78  73.2%   1.3 2400s
H447765 444105                    4422528.1714 1187179.78  73.2%   1.3 2401s
 449370 445862 1187807.07 9239  584 4422528.17 1187179.78  73.2%   1.3 2405s
 451447 448017 1187822.14 10329  583 4422528.17 1187179.78  73.2%   1.3 2410s
H451773 448019                    4422364.8268 1187179.78  73.2%   1.3 2412s
H451774 448019                    4422192.1805 1187179.78  73.2%   1.3 2412s
 452522 448998 1187822.14 10761  583 4422192.18 1187179.78  73.2%   1.3 2415s
 453794 450284 1187832.02 11352  579 4422192.18 1187179.78  73.2%   1.3 2420s
H454153 450398                    4421674.3488 1187179.78  73.2%   1.3 2421s
 455009 451506 1187845.24 11981  584 4421674.35 1187179.78  73.2%   1.3 2425s
H455654 451984                    4420137.4120 1187179.78  73.1%   1.3 2429s
 455740 452109 1187856.25 12405  583 4420137.41 1187179.78  73.1%   1.3 2430s
 456799 453137 1187862.82 12984  583 4420137.41 1187179.78  73.1%   1.3 2435s
H457580 453871                    4420122.1493 1187179.78  73.1%   1.3 2438s
 457929 454540 1187864.88 13647  583 4420122.15 1187179.78  73.1%   1.3 2440s
H458642 454905                    4420001.8996 1187179.78  73.1%   1.3 2442s
 459348 455874 1187866.78 14284  580 4420001.90 1187179.78  73.1%   1.3 2445s
 460804 457336 1187869.82 15010  579 4420001.90 1187179.78  73.1%   1.3 2450s
H461952 458214                    4419988.1162 1187179.78  73.1%   1.3 2453s
 461970 458216 1187871.12 15719  583 4419988.12 1187179.78  73.1%   1.3 2455s
H462874 459134                    4419503.7064 1187179.78  73.1%   1.3 2459s
 462890 459460 1187872.52 16184  582 4419503.71 1187179.78  73.1%   1.3 2460s
 464396 460816 1187876.79 16963  580 4419503.71 1187179.78  73.1%   1.3 2465s
H464851 461246                    4419324.5599 1187179.78  73.1%   1.3 2467s
 465661 461999 1187878.80 17482  579 4419324.56 1187179.78  73.1%   1.3 2470s
H465729 461999                    4418637.2200 1187179.78  73.1%   1.3 2470s
H466077 462351                    4418609.7967 1187179.78  73.1%   1.3 2472s
 466413 462819 1187878.80 17873  578 4418609.80 1187179.78  73.1%   1.3 2475s
 467198 463500 1187879.11 18197  578 4418609.80 1187179.78  73.1%   1.3 2480s
H467238 463500                    4418449.0472 1187179.78  73.1%   1.3 2480s
 468487 464832 1187879.11 18785  576 4418449.05 1187179.78  73.1%   1.3 2485s
 470041 466429 1187879.32 19441  575 4418449.05 1187179.78  73.1%   1.3 2490s
H470960 467325                    4417056.9394 1187179.78  73.1%   1.3 2495s
H471463 467708                    4417034.8552 1187179.78  73.1%   1.3 2498s
 471677 468069 1187963.61 20026  578 4417034.86 1187179.78  73.1%   1.3 2500s
 472488 468748 1187989.73 20387  570 4417034.86 1187179.78  73.1%   1.3 2505s
 473656 470164 1188025.25 20731  566 4417034.86 1187179.78  73.1%   1.3 2510s
H474172 470431                    4416872.0910 1187179.78  73.1%   1.3 2512s
 474791 471426 1188047.16 21219  566 4416872.09 1187179.78  73.1%   1.3 2515s
H475182 471602                    4416781.1757 1187179.78  73.1%   1.3 2516s
 476038 472563 1188059.93 21792  565 4416781.18 1187179.78  73.1%   1.3 2520s
H477247 473587                    4416733.7467 1187179.78  73.1%   1.3 2524s
 477343 473629 1188061.98 22355  559 4416733.75 1187179.78  73.1%   1.3 2526s
 478329 474717 1188065.30 22840  558 4416733.75 1187179.78  73.1%   1.3 2530s
 479712 476194 1188071.30 23396  563 4416733.75 1187179.78  73.1%   1.3 2535s
 481072 477568 1188081.29 23901  570 4416733.75 1187179.78  73.1%   1.3 2540s
 482353 478803 1188084.19 24384  572 4416733.75 1187179.78  73.1%   1.3 2546s
 482921 479395 1188084.19 24586  577 4416733.75 1187179.78  73.1%   1.3 2550s
H483484 479729                    4416239.8556 1187179.78  73.1%   1.3 2553s
 483715 480240 1188119.96 24899  576 4416239.86 1187179.78  73.1%   1.3 2555s
H484667 480986                    4416229.6191 1187179.78  73.1%   1.3 2558s
H484700 480986                    4416166.2591 1187179.78  73.1%   1.3 2558s
 485070 481616 1188177.86 25447  571 4416166.26 1187179.78  73.1%   1.3 2560s
H486143 482388                    4415916.9977 1187179.78  73.1%   1.3 2563s
 486763 483256 1188177.89 25979  568 4415917.00 1187179.78  73.1%   1.3 2565s
 487587 483917 1188177.89 25981  569 4415917.00 1187179.78  73.1%   1.3 2570s
H487629 483917                    4414268.4978 1187179.78  73.1%   1.3 2570s
H487673 484272                    4414268.4861 1187179.78  73.1%   1.3 2571s
 488704 485209 1188178.16 25980  569 4414268.49 1187179.78  73.1%   1.3 2575s
 490660 486988 1188222.48 25980  570 4414268.49 1187179.78  73.1%   1.3 2580s
H490711 486988                    4414080.4125 1187179.78  73.1%   1.3 2580s
 491786 488176 1187509.05  456  597 4414080.41 1187190.51  73.1%   1.3 2585s
H492814 489060                    4413298.0504 1187190.51  73.1%   1.3 2592s
 493273 489844 1187560.05 1069  595 4413298.05 1187190.51  73.1%   1.3 2595s
 494636 491172 1187590.89 1688  591 4413298.05 1187190.51  73.1%   1.3 2600s
 496218 492759 1187609.49 2447  589 4413298.05 1187190.51  73.1%   1.3 2605s
 497520 494046 1187647.15 3118  588 4413298.05 1187190.51  73.1%   1.3 2610s
 498280 494874 1187676.02 3450  589 4413298.05 1187190.51  73.1%   1.3 2615s
 499815 496377 1187701.91 4325  587 4413298.05 1187190.51  73.1%   1.3 2620s
 501596 497924 1187732.61 5282  588 4413298.05 1187190.51  73.1%   1.3 2625s
 502836 499430 1187738.95 5852  587 4413298.05 1187190.51  73.1%   1.3 2630s
 503705 500256 1187751.23 6265  592 4413298.05 1187190.51  73.1%   1.3 2635s
 505150 501691 1187761.14 6863  592 4413298.05 1187190.51  73.1%   1.3 2640s
 506940 503383 1187771.82 7734  587 4413298.05 1187190.51  73.1%   1.3 2645s
 508160 504572 1187796.03 8374  584 4413298.05 1187190.51  73.1%   1.3 2650s
 509596 506138 1187826.29 9116  585 4413298.05 1187190.51  73.1%   1.3 2655s
 510840 507308 1187839.55 9839  581 4413298.05 1187190.51  73.1%   1.3 2660s
 512317 508804 1187843.67 10567  585 4413298.05 1187190.51  73.1%   1.3 2665s
 513232 509672 1187849.45 11045  582 4413298.05 1187190.51  73.1%   1.3 2671s
 514500 510942 1187864.50 11659  579 4413298.05 1187190.51  73.1%   1.3 2675s
 515699 512132 1187875.50 12274  578 4413298.05 1187190.51  73.1%   1.3 2680s
 517103 513632 1187884.15 13005  579 4413298.05 1187190.51  73.1%   1.3 2685s
 518476 514766 1187884.15 13611  583 4413298.05 1187190.51  73.1%   1.3 2690s
 519335 515923 1187886.05 14070  587 4413298.05 1187190.51  73.1%   1.3 2695s
 520906 517381 1187889.10 14937  586 4413298.05 1187190.51  73.1%   1.3 2700s
 522634 519188 1187891.80 15872  583 4413298.05 1187190.51  73.1%   1.3 2705s
 523602 520258 1187896.08 16495  580 4413298.05 1187190.51  73.1%   1.3 2710s
 525401 521860 1187897.52 17371  580 4413298.05 1187190.51  73.1%   1.3 2715s
 526596 523138 1187898.10 17830  580 4413298.05 1187190.51  73.1%   1.2 2720s
 528054 524538 1187898.10 18361  582 4413298.05 1187190.51  73.1%   1.2 2725s
 528983 525541 1187898.41 18841  580 4413298.05 1187190.51  73.1%   1.2 2730s
 530723 527244 1187898.62 19686  579 4413298.05 1187190.51  73.1%   1.2 2735s
 531811 528277 1187949.72 20286  580 4413298.05 1187190.51  73.1%   1.2 2740s
 533202 529675 1188008.20 21049  571 4413298.05 1187190.51  73.1%   1.2 2745s
 533875 530340 1188008.86 21225  568 4413298.05 1187190.51  73.1%   1.2 2750s
 535202 531752 1188044.38 21668  570 4413298.05 1187190.51  73.1%   1.2 2755s
 536480 533011 1188066.31 22322  569 4413298.05 1187190.51  73.1%   1.2 2760s
 537955 534405 1188081.03 22977  566 4413298.05 1187190.51  73.1%   1.2 2765s
 538912 535286 1188081.03 23386  567 4413298.05 1187190.51  73.1%   1.2 2770s
 540122 536696 1188084.26 23792  576 4413298.05 1187190.51  73.1%   1.2 2775s
 541432 538020 1188100.26 24386  578 4413298.05 1187190.51  73.1%   1.2 2780s
 542864 539369 1188100.26 24873  578 4413298.05 1187190.51  73.1%   1.2 2785s
 544041 540287 1188103.16 25424  576 4413298.05 1187190.51  73.1%   1.2 2792s
 544487 540976 1188125.66 25533  576 4413298.05 1187190.51  73.1%   1.2 2795s
 546165 542755 1188139.40 25979  572 4413298.05 1187190.51  73.1%   1.2 2800s
 547440 544047 1188151.42 25981  571 4413298.05 1187190.51  73.1%   1.2 2805s
 549213 545459 1188309.94 25979  572 4413298.05 1187190.51  73.1%   1.2 2813s
 549496 546034 1188368.52 25981  571 4413298.05 1187190.51  73.1%   1.2 2815s
 550679 547176 1192031.74 25980  595 4413298.05 1187190.51  73.1%   1.3 2820s
 552349 548912 1187425.95  724  595 4413298.05 1187209.35  73.1%   1.3 2825s
 553798 550373 1187489.51 1600  591 4413298.05 1187209.35  73.1%   1.3 2830s
 555261 551712 1187507.50 2419  589 4413298.05 1187209.35  73.1%   1.3 2835s
 556340 552842 1187529.83 3063  588 4413298.05 1187209.35  73.1%   1.3 2840s
 557824 554335 1187572.30 3767  589 4413298.05 1187209.35  73.1%   1.3 2845s
 559443 555689 1187605.24 4682  590 4413298.05 1187209.35  73.1%   1.3 2850s
 560214 556775 1187614.75 5012  589 4413298.05 1187209.35  73.1%   1.3 2855s
 561599 558201 1187627.23 5838  588 4413298.05 1187209.35  73.1%   1.3 2860s
H562710 559074                    4411996.4355 1187209.35  73.1%   1.2 2863s
 563025 559572 1187645.30 6535  591 4411996.44 1187209.35  73.1%   1.2 2865s
 564375 560879 1187673.92 7264  587 4411996.44 1187209.35  73.1%   1.2 2871s
H564880 561125                    4411996.4165 1187209.35  73.1%   1.2 2872s
 565890 562343 1187691.26 8186  587 4411996.42 1187209.35  73.1%   1.2 2875s
 567401 564064 1187720.66 8961  588 4411996.42 1187209.35  73.1%   1.2 2880s
 569061 565465 1187731.21 9838  586 4411996.42 1187209.35  73.1%   1.2 2885s
 569948 566413 1187731.21 10280  586 4411996.42 1187209.35  73.1%   1.2 2890s
 571177 567648 1187736.75 10872  583 4411996.42 1187209.35  73.1%   1.2 2895s
 572590 569160 1187755.29 11590  581 4411996.42 1187209.35  73.1%   1.2 2900s
 574039 570667 1187766.47 12419  579 4411996.42 1187209.35  73.1%   1.2 2905s
 574886 571409 1187768.49 12922  578 4411996.42 1187209.35  73.1%   1.2 2910s
 576361 572872 1187775.00 13453  585 4411996.42 1187209.35  73.1%   1.2 2915s
H577182 573567                    4410826.8101 1187209.35  73.1%   1.2 2918s
 577323 573869 1187776.85 13936  582 4410826.81 1187209.35  73.1%   1.2 2920s
 578920 575467 1187779.85 14792  583 4410826.81 1187209.35  73.1%   1.2 2925s
 579959 576469 1187781.20 15302  582 4410826.81 1187209.35  73.1%   1.2 2930s
 581332 577750 1187782.45 16022  581 4410826.81 1187209.35  73.1%   1.2 2935s
 583023 579428 1187786.70 16836  580 4410826.81 1187209.35  73.1%   1.2 2940s
 584343 580833 1187788.11 17597  579 4410826.81 1187209.35  73.1%   1.2 2946s
 585111 581566 1187788.63 17974  577 4410826.81 1187209.35  73.1%   1.2 2950s
H585235 581566                    4410826.7984 1187209.35  73.1%   1.2 2950s
 586259 582622 1187788.63 18483  578 4410826.80 1187209.35  73.1%   1.2 2955s
 587998 584578 1187789.15 19506  574 4410826.80 1187209.35  73.1%   1.2 2960s
 589850 586407 1187841.25 20478  569 4410826.80 1187209.35  73.1%   1.2 2965s
 591239 587955 1187899.42 21117  570 4410826.80 1187209.35  73.1%   1.2 2970s
 592870 589525 1187955.51 21811  569 4410826.80 1187209.35  73.1%   1.2 2976s
 594443 591010 1187958.32 22701  570 4410826.80 1187209.35  73.1%   1.2 2981s
 595394 591905 1187971.00 23152  567 4410826.80 1187209.35  73.1%   1.2 2985s
 596948 593386 1187975.34 24003  566 4410826.80 1187209.35  73.1%   1.2 2990s
 598218 594721 1187990.87 24487  569 4410826.80 1187209.35  73.1%   1.2 2995s
 599518 596043 1187990.87 24959  569 4410826.80 1187209.35  73.1%   1.2 3000s
 600385 596631 1187993.68 25400  574 4410826.80 1187209.35  73.1%   1.2 3005s
 601273 597836 1188015.66 25690  568 4410826.80 1187209.35  73.1%   1.2 3010s
 602767 599407 1188030.39 25980  568 4410826.80 1187209.35  73.1%   1.2 3016s
 604428 601047 1188107.62 25981  566 4410826.80 1187209.35  73.1%   1.2 3020s
 605488 601919 1188202.30 25980  569 4410826.80 1187209.35  73.1%   1.2 3025s
 607452 603917 1187494.57  386  596 4410826.80 1187221.50  73.1%   1.2 3030s
 609255 605724 1187546.76 1140  593 4410826.80 1187221.50  73.1%   1.2 3035s
 610549 606980 1187577.80 1768  591 4410826.80 1187221.50  73.1%   1.2 3040s
 612205 608724 1187596.91 2621  589 4410826.80 1187221.50  73.1%   1.2 3045s
 613356 609958 1187664.97 3264  587 4410826.80 1187221.50  73.1%   1.2 3050s
 614918 611291 1187664.97 3942  589 4410826.80 1187221.50  73.1%   1.2 3055s
 615718 612195 1187691.51 4336  587 4410826.80 1187221.50  73.1%   1.2 3060s
 617346 613826 1187709.82 5171  589 4410826.80 1187221.50  73.1%   1.2 3066s
 618675 615227 1187729.49 5866  587 4410826.80 1187221.50  73.1%   1.2 3071s
 620229 616903 1187762.07 6650  591 4410826.80 1187221.50  73.1%   1.2 3075s
 621119 617739 1187778.75 7103  589 4410826.80 1187221.50  73.1%   1.2 3080s
 622762 619337 1187796.95 7763  589 4410826.80 1187221.50  73.1%   1.2 3086s
 624006 620366 1187807.78 8305  585 4410826.80 1187221.50  73.1%   1.2 3090s
 625599 622224 1187821.39 9126  588 4410826.80 1187221.50  73.1%   1.2 3095s
 626297 622976 1187832.49 9430  587 4410826.80 1187221.50  73.1%   1.2 3100s
 628096 624735 1187832.49 10255  586 4410826.80 1187221.50  73.1%   1.2 3105s
H628628 624889                    4410264.3195 1187221.50  73.1%   1.2 3107s
 629420 626059 1187842.77 10901  581 4410264.32 1187221.50  73.1%   1.2 3111s
 630701 627243 1187858.09 11529  580 4410264.32 1187221.50  73.1%   1.2 3115s
H631590 627982                    4410264.3079 1187221.50  73.1%   1.2 3121s
 632764 629285 1187871.51 12674  579 4410264.31 1187221.50  73.1%   1.2 3125s
 633904 630464 1187878.24 13359  583 4410264.31 1187221.50  73.1%   1.2 3130s
H634675 630946                    4409697.1226 1187221.50  73.1%   1.2 3133s
 635049 631628 1187881.38 13949  584 4409697.12 1187221.50  73.1%   1.2 3135s
 636054 632592 1187883.34 14306  585 4409697.12 1187221.50  73.1%   1.2 3141s
 637044 633481 1187884.80 14727  583 4409697.12 1187221.50  73.1%   1.2 3145s
 638134 634699 1187884.80 15175  582 4409697.12 1187221.50  73.1%   1.2 3150s
 639837 636269 1187886.15 15915  581 4409697.12 1187221.50  73.1%   1.2 3156s
 640907 637490 1187886.15 16456  581 4409697.12 1187221.50  73.1%   1.2 3160s
 642299 638622 1187892.02 17077  580 4409697.12 1187221.50  73.1%   1.2 3165s
 643204 639731 1187892.63 17532  579 4409697.12 1187221.50  73.1%   1.2 3170s
 644538 641129 1187892.63 18081  578 4409697.12 1187221.50  73.1%   1.2 3175s
 646151 642680 1187892.95 18915  576 4409697.12 1187221.50  73.1%   1.2 3181s
 647067 643703 1187893.19 19333  574 4409697.12 1187221.50  73.1%   1.2 3185s
 647912 644511 1187893.19 19792  574 4409697.12 1187221.50  73.1%   1.2 3190s
 649568 646121 1188034.60 20557  570 4409697.12 1187221.50  73.1%   1.2 3195s
 650779 647369 1188061.14 21072  565 4409697.12 1187221.50  73.1%   1.2 3200s
 651950 648518 1188097.23 21561  572 4409697.12 1187221.50  73.1%   1.2 3205s
 653267 649841 1188132.46 22208  565 4409697.12 1187221.50  73.1%   1.2 3210s
 654765 651303 1188134.93 22858  567 4409697.12 1187221.50  73.1%   1.2 3215s
 655987 652651 1188134.93 23275  567 4409697.12 1187221.50  73.1%   1.2 3220s
 656941 653329 1188138.69 23721  570 4409697.12 1187221.50  73.1%   1.2 3226s
 657788 654338 1188138.69 24104  569 4409697.12 1187221.50  73.1%   1.2 3230s
 659209 655787 1188154.87 24781  574 4409697.12 1187221.50  73.1%   1.2 3235s
 660695 657207 1188180.65 25477  576 4409697.12 1187221.50  73.1%   1.2 3240s
 662069 658465 1188194.70 25980  575 4409697.12 1187221.50  73.1%   1.2 3246s
Created node file directory '/home/ps12398/goal_programming/goalProgrammingMarcos//grbnodes22'
 662221 658840 1188194.74 25981  577 4409697.12 1187221.50  73.1%   1.2 3272s
 663464 659896 1188194.92 25981  573 4409697.12 1187221.50  73.1%   1.2 3275s
 665162 661752 1188365.62 25977  575 4409697.12 1187221.50  73.1%   1.2 3280s
 666785 663491 1189972.39  568  566 4409697.12 1187224.59  73.1%   1.2 3285s
 667439 663970 1191272.55  881  541 4409697.12 1187224.59  73.1%   1.2 3290s
 667962 664282 1321917.76 1122  518 4409697.12 1187224.59  73.1%   1.2 3307s
 668562 665153 1324152.27 1405  489 4409697.12 1187224.59  73.1%   1.2 3334s
 668909 665409 1324800.35 1599  473 4409697.12 1187224.59  73.1%   1.2 3335s
 670003 666234 1451801.36 2124  397 4409697.12 1187224.59  73.1%   1.2 3340s
 670595 666853 2982704.19  572  606 4409697.12 1187224.59  73.1%   1.3 3359s
 670641 666988 2992676.72  610  593 4409697.12 1187224.59  73.1%   1.3 3361s
 671135 667377 3158398.19 1068  584 4409697.12 1187224.59  73.1%   1.3 3365s
 671710 668020 3218278.32 1616  575 4409697.12 1187224.59  73.1%   1.3 3370s
 672145 668544 3237298.32 2022  571 4409697.12 1187224.59  73.1%   1.3 3376s
 672597 669036 3248610.07 2453  568 4409697.12 1187224.59  73.1%   1.4 3380s
 673312 669781 3282314.83 3132  561 4409697.12 1187224.59  73.1%   1.4 3385s
 674148 670564 3294081.15 3929  561 4409697.12 1187224.59  73.1%   1.4 3393s
 674353 670770 3298883.48 4130  559 4409697.12 1187224.59  73.1%   1.4 3395s
 675055 671483 3348696.23 4812  555 4409697.12 1187224.59  73.1%   1.4 3401s
 675966 672397 3401567.03 5664  547 4409697.12 1187224.59  73.1%   1.5 3406s
 676731 673236 3409424.45 6385  546 4409697.12 1187224.59  73.1%   1.5 3413s
 677025 673404 3415942.17 6656  542 4409697.12 1187224.59  73.1%   1.5 3415s
 677400 673843 3428080.73 6996  538 4409697.12 1187224.59  73.1%   1.5 3420s
 678059 674450 3539397.22 7617  523 4409697.12 1187224.59  73.1%   1.5 3425s
 678680 675154 3574041.20 8218  517 4409697.12 1187224.59  73.1%   1.5 3430s
 679530 676014 3642433.57 9053  511 4409697.12 1187224.59  73.1%   1.6 3441s
 680002 676527 3648214.08 9489  508 4409697.12 1187224.59  73.1%   1.6 3445s
 680804 677244 3657929.93 10255  506 4409697.12 1187224.59  73.1%   1.6 3450s
 681829 678373 3692930.82 11061  500 4409697.12 1187224.59  73.1%   1.6 3456s
 682596 678809 3753492.20 11663  488 4409697.12 1187224.59  73.1%   1.6 3465s
H682597 678275                    3699607.5040 1187224.59  67.9%   1.6 3465s
 682877 678740 1981464.28  299  641 3699607.50 1187232.22  67.9%   1.6 3470s
H683087 676550                    3591991.4383 1187232.22  66.9%   1.6 3472s
H683227 676550                    3543750.3719 1187232.22  66.5%   1.6 3472s
H683286 676696                    3354618.0071 1187232.22  64.6%   1.6 3474s
 683640 677155 2002818.51  780  634 3354618.01 1187232.22  64.6%   1.6 3476s
H684099 677303                    3174009.6952 1187232.22  62.6%   1.6 3478s
 684455 677762 2002818.51 1134  634 3174009.70 1187232.22  62.6%   1.6 3480s
H685164 675304                    3125703.9567 1187232.22  62.0%   1.6 3482s
 685569 675889 2013463.76 1806  630 3125703.96 1187232.22  62.0%   1.6 3485s
H685739 675889                    3119506.1403 1187232.22  61.9%   1.6 3485s
 686713 677140 2033583.65 2400  628 3119506.14 1187232.22  61.9%   1.6 3491s
 687563 677780 2044223.39 2870  626 3119506.14 1187232.22  61.9%   1.6 3496s
H687774 677780                    3056193.3733 1187232.22  61.2%   1.6 3497s
H687967 678029                    3051874.7796 1187232.22  61.1%   1.6 3499s
 688024 678386 2044223.39 3168  626 3051874.78 1187232.22  61.1%   1.6 3501s
H688292 678386                    3036476.8935 1187232.22  60.9%   1.6 3501s
H688381 678728                    3024962.0406 1187232.22  60.8%   1.6 3506s
H688723 679070                    3010915.1162 1187232.22  60.6%   1.6 3508s
 689123 679184 2174739.05 3692  649 3010915.12 1187232.22  60.6%   1.6 3510s
H689228 679234                    2993676.8469 1187232.22  60.3%   1.6 3511s
H689288 679405                    2987915.9694 1187232.22  60.3%   1.6 3514s
 689400 679842 2203385.89 3800  649 2987915.97 1187232.22  60.3%   1.6 3516s
H690328 680558                    2979443.0018 1187232.22  60.2%   1.6 3520s
 690996 681413 2203386.41 4540  643 2979443.00 1187232.22  60.2%   1.6 3525s
H691408 681501                    2957833.1169 1187232.22  59.9%   1.6 3528s
 691960 682456 2270561.41 5054  631 2957833.12 1187232.22  59.9%   1.6 3531s
H692773 682924                    2954311.3476 1187232.22  59.8%   1.6 3538s
H692845 682924                    2814391.3212 1187232.22  57.8%   1.6 3538s
 693190 683581 2421531.90 5730  641 2814391.32 1187232.22  57.8%   1.6 3541s
 693576 683984 2421570.78 5936  640 2814391.32 1187232.22  57.8%   1.6 3545s
H693979 684221                    2803429.8474 1187232.22  57.7%   1.6 3547s
H694095 684221                    2768503.4940 1187232.22  57.1%   1.6 3547s
 694654 684971 2475593.22 6516  650 2768503.49 1187232.22  57.1%   1.6 3551s
H695389 685600                    2758424.3035 1187232.22  57.0%   1.6 3555s
H695595 685943                    2742929.6998 1187232.22  56.7%   1.6 3556s
H696310 686663                    2740600.0895 1187232.22  56.7%   1.6 3563s
 696658 687045 2508753.07 7458  629 2740600.09 1187232.22  56.7%   1.6 3566s
H697039 687045                    2725759.1101 1187232.22  56.4%   1.6 3566s
 697735 688040 2540716.10 8139  634 2725759.11 1187232.22  56.4%   1.6 3570s
H697915 688040                    2710841.7948 1187232.22  56.2%   1.6 3571s
H698036 688042                    2707034.0458 1187232.22  56.1%   1.6 3574s
 698037 688539 2589511.20 8321  620 2707034.05 1187232.22  56.1%   1.6 3575s
H698534 688757                    2704263.2990 1187232.22  56.1%   1.6 3577s
 699004 689178     cutoff 9008      2704263.30 1187232.22  56.1%   1.6 3583s
 699469 689540 1658369.32   51  712 2704263.30 1187232.22  56.1%   1.6 3585s
H700000 690024                    2693911.9496 1187232.22  55.9%   1.7 3589s
 700141 690152 2259003.14  310  619 2693911.95 1187232.22  55.9%   1.7 3591s
H700525 690520                    2690151.1809 1187232.22  55.9%   1.7 3598s
 700637 690653 2259005.79  314  618 2690151.18 1187232.22  55.9%   1.7 3600s

Cutting planes:
  Gomory: 2
  Implied bound: 1
  MIR: 196
  StrongCG: 23
  Flow cover: 127
  RLT: 200

Explored 700770 nodes (1171314 simplex iterations) in 3600.82 seconds (1305.14 work units)
Thread count was 2 (of 24 available processors)

Solution count 10: 2.69015e+06 2.69391e+06 2.70426e+06 ... 2.7685e+06

Time limit reached
Best objective 2.690151180857e+06, best bound 1.187232220006e+06, gap 55.8675%
