
Gurobi 11.0.3 (linux64, Java) logging started seg 04 nov 2024 05:18:02 -03

Set parameter Username
Academic license - for non-commercial use only - expires 2025-10-10
Warning: Gurobi version mismatch between Java 11.0.1 and C library 11.0.3
Warning: Gurobi version mismatch between Java 11.0.1 and Jni 11.0.3
Set parameter NonConvex to value 2
Set parameter TimeLimit to value 3600
Set parameter LogToConsole to value 0
Set parameter MIPGap to value 1.8970935848319842e-08
Set parameter Threads to value 2
Set parameter NodefileDir to value "/home/ps12398/goal_programming/goalProgrammingMarcos/"
Set parameter NodefileStart to value 1
Gurobi Optimizer version 11.0.3 build v11.0.3rc0 (linux64)

CPU model: Intel(R) Xeon(R) CPU           X5650  @ 2.67GHz, instruction set [SSE2]
Thread count: 12 physical cores, 24 logical processors, using up to 2 threads

Optimize a model with 474212 rows, 319608 columns and 2916478 nonzeros
Model fingerprint: 0x5b84961e
Model has 404 quadratic constraints
Variable types: 159606 continuous, 160002 integer (399 binary)
Coefficient statistics:
  Matrix range     [3e-03, 9e+06]
  QMatrix range    [3e-03, 2e+05]
  QLMatrix range   [1e+00, 2e+05]
  Objective range  [1e+00, 1e+08]
  Bounds range     [1e+00, 1e+08]
  RHS range        [1e+00, 6e+06]
Presolve removed 471665 rows and 316437 columns
Presolve time: 2.12s
Presolved: 4635 rows, 3824 columns, 642701 nonzeros
Presolved model has 2 SOS constraint(s)
Presolved model has 399 bilinear constraint(s)

Solving non-convex MIQCP

Variable types: 1329 continuous, 2495 integer (401 binary)

Root simplex log...

Iteration    Objective       Primal Inf.    Dual Inf.      Time
       0    0.0000000e+00   5.146288e+03   0.000000e+00      6s
     592    0.0000000e+00   0.000000e+00   0.000000e+00      6s

Root relaxation: objective 0.000000e+00, 592 iterations, 0.12 seconds (0.06 work units)
Total elapsed time = 5.98s (DegenMoves)

    Nodes    |    Current Node    |     Objective Bounds      |     Work
 Expl Unexpl |  Obj  Depth IntInf | Incumbent    BestBd   Gap | It/Node Time

     0     0    0.00000    0  645          -    0.00000      -     -    6s
     0     0 388830.828    0  940          - 388830.828      -     -    6s
     0     0 388830.828    0  944          - 388830.828      -     -    6s
     0     0 425774.276    0 1090          - 425774.276      -     -    7s
     0     0 425791.621    0 1089          - 425791.621      -     -    7s
     0     0 425980.077    0 1132          - 425980.077      -     -    7s
     0     0 426601.080    0 1130          - 426601.080      -     -    7s
     0     0 429648.433    0 1146          - 429648.433      -     -    8s
     0     0 430557.792    0 1135          - 430557.792      -     -    8s
     0     0 430641.852    0 1142          - 430641.852      -     -    8s
     0     0 430641.852    0 1027          - 430641.852      -     -   11s
     0     2 430641.852    0  979          - 430641.852      -     -   12s
   211   226 2016977.73   58  831          - 597883.157      -  63.7   15s
  1120  1199 4475560.48  328  673          - 597883.157      -  33.5   20s
  2586  2928 5134654.41 1037  572          - 597883.157      -  17.2   25s
  3652  3652 3250166.74 1475  715          - 597883.157      -  12.5   30s
  3664  3660 5091169.83  632  638          - 597883.157      -  12.4   44s
  3665  3664 597883.157   15  993          - 597883.157      -  14.4   45s
  3842  3794 1595613.06   48  892          - 621917.999      -  17.8   50s
  4326  4176 3224053.88  115  675          - 621917.999      -  24.8   55s
  5569  5095 4001686.92  340  550          - 621917.999      -  23.3   60s
  6960  6035 4153897.27  645  481          - 621917.999      -  21.4   65s
  8291  7007 4153897.27  943  422          - 621917.999      -  23.4   70s
  9422  7779 4159109.07 1150  407          - 621917.999      -  22.3   75s
 11060  8925 4160170.22 1532  420          - 621917.999      -  19.9   80s
 12699  9966 4185100.39 1937  408          - 621917.999      -  17.8   85s
 13932 10701 4431630.00 2245  404          - 621917.999      -  17.6   90s
 15098 11623 4398266.85 2635  401          - 621917.999      -  17.5   95s
 16642 13188 4400229.51 3232  400          - 621917.999      -  17.4  100s
 17936 14504 4430754.07 3676  400          - 621917.999      -  16.8  105s
 19129 15624 4435956.45 4037  400          - 621917.999      -  16.4  110s
 20107 16691 4449879.22 4412  401          - 621917.999      -  16.5  115s
 21357 17854 4446604.67 4805  400          - 621917.999      -  16.5  120s
 22203 18707 4451249.68 5140  400          - 621917.999      -  16.9  125s
 23785 20328 4458820.57 5686  400          - 621917.999      -  16.9  130s
 25049 21593 4464509.58 6096  401          - 621917.999      -  16.8  135s
 26150 22675 4467624.14 6465  397          - 621917.999      -  16.7  141s
 26872 23295 4483978.36 6726  393          - 621917.999      -  17.0  145s
 27202 23588 4486995.74 6804  389          - 621917.999      -  17.2  150s
 27733 24131 4489521.84 6932  385          - 621917.999      -  18.4  155s
 28416 24833 4492502.28 7103  385          - 621917.999      -  19.8  160s
 29123 25636 4494634.88 7252  385          - 621917.999      -  20.7  165s
 30139 26701 4496592.06 7356  384          - 621917.999      -  20.5  170s
 31078 27616 4498462.47 7452  385          - 621917.999      -  20.3  176s
 31926 28496 4500161.63 7529  383          - 621917.999      -  20.2  180s
 33093 29799 4501987.91 7634  382          - 621917.999      -  19.9  185s
 34460 31115 4502050.11 8023  371          - 621917.999      -  19.2  190s
 35839 32506 4502091.27 8388  371          - 621917.999      -  18.6  195s
 36820 33497 4502123.24 8639  371          - 621917.999      -  18.1  201s
 38034 34630 4502160.50 8973  373          - 621917.999      -  17.7  205s
 39089 35667 4502198.43 9292  373          - 621917.999      -  17.3  210s
 40570 37122 4502254.14 9760  371          - 621917.999      -  16.8  215s
 42116 38712 4502310.57 10217  371          - 621917.999      -  16.3  220s
 43830 40439 4502369.85 10736  373          - 621917.999      -  15.8  225s
 45525 42131 4502429.83 11240  371          - 621917.999      -  15.3  230s
 46910 43494 4502471.28 11591  373          - 621917.999      -  14.9  235s
 48440 45009 4502522.11 11999  371          - 621917.999      -  14.5  240s
 49629 46142 4502559.31 12332  373          - 621917.999      -  14.2  245s
 50624 46957 5069501.39 12601  378          - 621917.999      -  14.1  250s
 51702 48220 5143332.27 12870  373          - 621917.999      -  13.9  255s
 52850 49364 5199770.16 13170  373          - 621917.999      -  13.8  260s
 54224 50720 5337885.22 13469  380          - 621917.999      -  13.8  265s
 55334 51924 5512178.61 13698  384          - 621917.999      -  13.7  270s
 56585 53156 5869462.72 14005  418          - 621917.999      -  13.6  275s
 58018 54586 6023302.12 14404  417          - 621917.999      -  13.4  280s
 59279 55753 6030727.60 14689  420          - 621917.999      -  13.2  285s
 60441 57008 6043029.54 14929  417          - 621917.999      -  13.1  290s
 61830 58312 1.2757e+07 15293  154          - 621917.999      -  13.0  295s
 62926 59225 1.3680e+07 15615   10          - 621917.999      -  12.9  300s
 64447 60291 1.3688e+07 16041   10          - 621917.999      -  12.7  305s
 65950 61338 infeasible 16531               - 621917.999      -  12.5  310s
*66836 61815            16811    1.370101e+07 621917.999  95.5%  12.4  312s
 66942 61798     cutoff 16813      1.3701e+07 645334.123  95.3%  12.3  319s
 66947 61830 749426.969   19  989 1.3701e+07 645334.123  95.3%  12.3  320s
H66978 60194                    1.273299e+07 645334.123  94.9%  12.3  320s
H67009 60178                    1.229752e+07 645334.123  94.8%  12.4  322s
H67035 60283                    1.210607e+07 645334.123  94.7%  12.4  323s
H67125 60003                    1.133738e+07 645334.123  94.3%  12.4  324s
 67151 60034 1174474.69   38  894 1.1337e+07 645334.123  94.3%  12.4  325s
H67152 60034                    1.126423e+07 645334.123  94.3%  12.4  325s
H67206 60006                    1.071460e+07 645334.123  94.0%  12.4  328s
H67257 59976                    9958405.0633 645334.123  93.5%  12.4  329s
 67282 59997 1564594.72   77  780 9958405.06 645334.123  93.5%  12.4  331s
H67307 60005                    9890332.5200 645334.123  93.5%  12.4  332s
H67329 60001                    8972306.6812 645334.123  92.8%  12.4  334s
H67347 59986                    8890000.8587 645334.123  92.7%  12.4  335s
H67353 59980                    8062492.4135 645334.123  92.0%  12.4  335s
H67403 60081                    8051862.1571 645334.123  92.0%  12.5  336s
H67457 60083                    7430590.3069 645334.123  91.3%  12.5  337s
H67616 60241                    7303710.4191 645334.123  91.2%  12.6  339s
 67617 60296 1869858.27  147  601 7303710.42 645334.123  91.2%  12.6  340s
H67642 60296                    7287845.0223 645334.123  91.1%  12.6  341s
H67694 60340                    6922419.6210 645334.123  90.7%  12.6  342s
H67743 60378                    6922357.0983 645334.123  90.7%  12.7  343s
H67755 60378                    6830535.6756 645334.123  90.6%  12.7  343s
 67756 60438 1870176.20  181  571 6830535.68 645334.123  90.6%  12.7  345s
H67781 59956                    6739665.3490 645334.123  90.4%  12.7  345s
H67833 60007                    6732568.7969 645334.123  90.4%  12.8  346s
H67877 59972                    6484251.1354 645334.123  90.0%  12.8  347s
H67914 59992                    6444200.6612 645334.123  90.0%  12.8  348s
H67952 60050                    6408623.9491 645334.123  89.9%  12.8  349s
 67992 60095 1870700.31  225  580 6408623.95 645334.123  89.9%  12.8  351s
 68466 60718 1871326.45  382  534 6408623.95 645334.123  89.9%  12.9  355s
 69475 61635 1881589.24  584  490 6408623.95 645334.123  89.9%  12.9  360s
 70514 62757 1883009.63  754  475 6408623.95 645334.123  89.9%  12.9  365s
H71146 63205                    6302269.4339 645334.123  89.8%  13.0  367s
 71577 63806 1885430.23  911  466 6302269.43 645334.123  89.8%  13.1  370s
H71748 63834                    6151971.3080 645334.123  89.5%  13.2  371s
 72071 64131 1950851.52 1001  456 6151971.31 645334.123  89.5%  13.3  378s
 72128 64342 1951242.98 1005  456 6151971.31 645334.123  89.5%  13.3  380s
 73066 65330 1986036.40 1134  441 6151971.31 645334.123  89.5%  13.5  385s
H74180 66460                    6151971.1772 645334.123  89.5%  13.6  390s
H74402 64802                    5987141.3269 645334.123  89.2%  13.6  391s
 74700 65269 2023578.91 1297  453 5987141.33 645334.123  89.2%  13.7  395s
 75780 66277 2291582.25 1455  455 5987141.33 645334.123  89.2%  13.9  400s
 76599 67179 2091078.57 1601  405 5987141.33 645334.123  89.2%  14.1  406s
 77359 67956 2091408.09 1689  405 5987141.33 645334.123  89.2%  14.2  410s
 78637 69269 2093514.85 1892  405 5987141.33 645334.123  89.2%  14.3  415s
 79851 70418 2096448.54 2140  404 5987141.33 645334.123  89.2%  14.2  420s
H80019 70234                    5947681.1497 645334.123  89.1%  14.2  420s
 81156 71630 2100131.83 2451  404 5947681.15 645334.123  89.1%  14.2  426s
 82179 72621 2113492.55 2677  405 5947681.15 645334.123  89.1%  14.1  430s
H83318 73432                    5925554.1116 645334.123  89.1%  14.0  434s
 83319 73635 2106117.52 2959  404 5925554.11 645334.123  89.1%  14.0  435s
 84476 74761 2109169.51 3219  405 5925554.11 645334.123  89.1%  14.0  440s
 85318 75649 2110217.61 3315  405 5925554.11 645334.123  89.1%  14.1  445s
H85991 76251                    5921756.6587 645334.123  89.1%  14.1  449s
 86147 76253 2110637.00 3424  404 5921756.66 645334.123  89.1%  14.1  454s
H86148 76143                    5799443.3633 645334.123  88.9%  14.1  454s
H86149 76147                    5795029.3965 645334.123  88.9%  14.1  455s
H86160 76129                    5758267.2779 645334.123  88.8%  14.1  455s
 86585 76602 2111093.83 3551  405 5758267.28 645334.123  88.8%  14.3  460s
 87113 77082 2111595.59 3691  405 5758267.28 645334.123  88.8%  14.5  465s
 87546 77526 2112000.00 3801  405 5758267.28 645334.123  88.8%  14.7  470s
H87791 77791                    5758222.6256 645334.123  88.8%  14.8  473s
 88108 78150 2112539.21 3950  404 5758222.63 645334.123  88.8%  15.0  475s
 88633 78677 2122386.77 4057  402 5758222.63 645334.123  88.8%  15.2  480s
H88708 78668                    5755494.9093 645334.123  88.8%  15.2  480s
 89429 79461 2162656.59 4261  395 5755494.91 645334.123  88.8%  15.5  485s
H89725 76959                    5685303.3261 645334.123  88.6%  15.5  486s
 90304 77753 2166549.48 4578  395 5685303.33 645334.123  88.6%  15.7  490s
 91294 78620 2203718.49 4981  394 5685303.33 645334.123  88.6%  15.8  495s
H91586 78838                    5684994.4305 645334.123  88.6%  15.9  498s
H91625 77640                    5612920.4810 645334.123  88.5%  15.9  498s
 91704 77751 2288520.67 5121  412 5612920.48 645334.123  88.5%  15.9  500s
 92072 78191 2445820.94 5213  415 5612920.48 645334.123  88.5%  16.1  505s
 92633 78831 2448153.96 5377  412 5612920.48 645334.123  88.5%  16.1  510s
H93006 79074                    5611056.8203 645334.123  88.5%  16.2  513s
H93024 78175                    5587069.3517 645334.123  88.4%  16.3  513s
 93231 78551 2450121.16 5468  415 5587069.35 645334.123  88.4%  16.3  515s
 93962 79328 2468815.29 5713  414 5587069.35 645334.123  88.4%  16.5  520s
 95082 80424 2486292.03 6069  412 5587069.35 645334.123  88.4%  16.6  526s
 95974 81151 2488758.58 6210  416 5587069.35 645334.123  88.4%  16.8  530s
H96060 80923                    5583219.1597 645334.123  88.4%  16.9  530s
 96890 82119 2490070.64 6380  415 5583219.16 645334.123  88.4%  16.9  536s
 97976 83289 2495786.75 6551  422 5583219.16 645334.123  88.4%  16.7  541s
 99487 84652 2540156.65 6857  422 5583219.16 645334.123  88.4%  16.6  545s
H100155 83628                    5522688.9562 645334.123  88.3%  16.5  549s
 100307 83929 2575127.95 6966  422 5522688.96 645334.123  88.3%  16.5  551s
H101276 84806                    5522477.2704 645334.123  88.3%  16.4  554s
 101511 85042 2615014.52 7181  420 5522477.27 645334.123  88.3%  16.4  556s
 102488 85988 2577272.53 7320  422 5522477.27 645334.123  88.3%  16.3  560s
 104207 87828 2591092.52 7655  420 5522477.27 645334.123  88.3%  16.1  565s
H104863 88207                    5521602.2210 645334.123  88.3%  16.0  567s
H104900 88181                    5519967.8650 645334.123  88.3%  16.0  567s
 105543 88986 2591087.29 7984  419 5519967.86 645334.123  88.3%  16.0  571s
 106157 89402 2591492.06 8158  419 5519967.86 645334.123  88.3%  16.0  579s
 106159 89449 2592919.53 8158  420 5519967.86 645334.123  88.3%  16.0  580s
 107002 90425 2593071.19 8408  421 5519967.86 645334.123  88.3%  16.0  585s
 108124 91692 2593659.59 8770  421 5519967.86 645334.123  88.3%  15.9  591s
 109365 92893 2593981.85 9059  421 5519967.86 645334.123  88.3%  15.8  595s
 110723 94192 2595424.89 9393  422 5519967.86 645334.123  88.3%  15.6  601s
H111397 94008                    5506242.9385 645334.123  88.3%  15.6  604s
 111461 94166 2603335.19 9492  422 5506242.94 645334.123  88.3%  15.6  605s
 112204 95005 2639584.38 9636  431 5506242.94 645334.123  88.3%  15.5  610s
 113400 96218 2646620.15 9948  432 5506242.94 645334.123  88.3%  15.5  615s
 114649 97467 2751909.29 10295  424 5506242.94 645334.123  88.3%  15.4  620s
 116118 98981 2765968.76 10640  435 5506242.94 645334.123  88.3%  15.2  625s
H116434 98723                    5485077.3950 645334.123  88.2%  15.2  626s
 117109 99483 2778401.21 10834  424 5485077.40 645334.123  88.2%  15.1  630s
 118602 100982 2769392.17 11186  426 5485077.40 645334.123  88.2%  15.0  635s
 119674 101931 2793242.30 11470  426 5485077.40 645334.123  88.2%  14.9  640s
 120755 103095 2794567.62 11770  427 5485077.40 645334.123  88.2%  14.8  645s
H121839 104045                    5480900.9534 645334.123  88.2%  14.7  649s
 121979 104213 2810925.19 12014  432 5480900.95 645334.123  88.2%  14.7  650s
 123251 105515 2814773.32 12334  422 5480900.95 645334.123  88.2%  14.6  655s
H124364 106488                    5474795.5215 645334.123  88.2%  14.6  660s
 125493 107607 2881314.48 12878  420 5474795.52 645334.123  88.2%  14.5  665s
 126627 108805 2871588.50 13169  422 5474795.52 645334.123  88.2%  14.5  670s
H127179 109191                    5474544.7133 645334.123  88.2%  14.5  673s
 127643 109879 2896616.78 13487  421 5474544.71 645334.123  88.2%  14.4  675s
 128996 111253 2882330.14 13889  424 5474544.71 645334.123  88.2%  14.3  681s
H129752 111803                    5473388.0483 645334.123  88.2%  14.3  684s
 129849 112061 2883376.51 14128  424 5473388.05 645334.123  88.2%  14.3  685s
 131327 113475 2911924.02 14559  419 5473388.05 645334.123  88.2%  14.2  690s
 132371 114570 2918910.79 14830  422 5473388.05 645334.123  88.2%  14.1  695s
H132947 114764                    5465192.2404 645334.123  88.2%  14.1  698s
 133504 115433 2968636.18 15149  419 5465192.24 645334.123  88.2%  14.1  700s
 134698 116656 2979246.88 15558  418 5465192.24 645334.123  88.2%  14.0  705s
 136135 118075 2996742.03 16055  418 5465192.24 645334.123  88.2%  14.0  710s
 137434 119324 3035196.13 16490  412 5465192.24 645334.123  88.2%  13.9  715s
 138546 120508 3022087.23 16874  415 5465192.24 645334.123  88.2%  13.9  720s
 139432 121433 3026116.86 17177  415 5465192.24 645334.123  88.2%  13.8  725s
H140394 122163                    5462577.2285 645334.123  88.2%  13.8  729s
 140560 122464 3035228.77 17486  415 5462577.23 645334.123  88.2%  13.8  730s
 141108 122831 3030717.19 17627  414 5462577.23 645334.123  88.2%  13.7  744s
 141228 122934 3030724.00 17658  414 5462577.23 645334.123  88.2%  13.7  745s
 141921 123689 3032660.98 17782  416 5462577.23 645334.123  88.2%  13.7  750s
H142068 123368                    5454293.5088 645334.123  88.2%  13.7  750s
 142921 124446 3035220.20 18091  415 5454293.51 645334.123  88.2%  13.6  755s
 144267 125730 3065094.48 18416  414 5454293.51 645334.123  88.2%  13.5  760s
 145161 126722 3117969.05 18625  409 5454293.51 645334.123  88.2%  13.5  765s
 146714 128221 3135963.12 18977  402 5454293.51 645334.123  88.2%  13.4  770s
 147603 129077 3139355.67 19172  405 5454293.51 645334.123  88.2%  13.3  775s
H148579 128864                    5441688.2357 645334.123  88.1%  13.3  779s
 148885 129306 3129863.04 19469  402 5441688.24 645334.123  88.1%  13.3  780s
 150186 130546 3162531.41 19787  405 5441688.24 645334.123  88.1%  13.2  785s
 151548 131970 3177353.15 20130  404 5441688.24 645334.123  88.1%  13.2  790s
 152749 132995 3192861.56 20501  405 5441688.24 645334.123  88.1%  13.1  795s
 153875 134303 3198979.40 20860  403 5441688.24 645334.123  88.1%  13.1  800s
H154778 134897                    5438197.0897 645334.123  88.1%  13.1  804s
H154786 134804                    5434044.4646 645334.123  88.1%  13.1  804s
 154799 134887 3207934.78 21092  399 5434044.46 645334.123  88.1%  13.1  805s
 155548 135651 3211256.32 21225  406 5434044.46 645334.123  88.1%  13.1  810s
 156416 136574 3213807.82 21339  403 5434044.46 645334.123  88.1%  13.1  815s
 157321 137423 3244271.84 21463  400 5434044.46 645334.123  88.1%  13.2  820s
 158173 138297 3220919.71 21595  407 5434044.46 645334.123  88.1%  13.2  825s
 158666 138751 3278527.05 21674  413 5434044.46 645334.123  88.1%  13.2  830s
H158718 138697                    5432422.1393 645334.123  88.1%  13.2  830s
 159477 139593 3229454.48 21889  406 5432422.14 645334.123  88.1%  13.2  835s
 160373 140535 3231964.16 22007  406 5432422.14 645334.123  88.1%  13.1  840s
 161176 141347 3234282.12 22107  406 5432422.14 645334.123  88.1%  13.1  845s
 161982 142174 3236584.45 22200  406 5432422.14 645334.123  88.1%  13.1  850s
 163457 143688 3270883.03 22482  401 5432422.14 645334.123  88.1%  13.0  855s
 164600 144770 3258783.00 22717  404 5432422.14 645334.123  88.1%  13.0  860s
 166048 146262 3280729.64 23020  413 5432422.14 645334.123  88.1%  13.0  865s
 167403 147658 3284627.13 23334  407 5432422.14 645334.123  88.1%  12.9  870s
H168584 148488                    5425770.9434 645334.123  88.1%  12.9  875s
 169634 149647 3306016.09 24020  397 5425770.94 645334.123  88.1%  12.8  880s
 170288 150397 3305990.37 24215  398 5425770.94 645334.123  88.1%  12.8  885s
 171528 151620 3309700.91 24586  397 5425770.94 645334.123  88.1%  12.8  890s
 172919 152956 3316682.20 24995  399 5425770.94 645334.123  88.1%  12.7  895s
H173076 152401                    5411895.2216 645334.123  88.1%  12.7  895s
 174064 153611 3319861.82 25410  399 5411895.22 645334.123  88.1%  12.7  900s
H175100 153851                    5385520.0464 645334.123  88.0%  12.7  904s
 175130 154123 3320803.03 25715  397 5385520.05 645334.123  88.0%  12.7  905s
 176284 155188 4312530.72 25965  473 5385520.05 645334.123  88.0%  12.6  910s
H177123 155503                    5342211.8962 645334.123  87.9%  12.6  914s
 177124 155667 3341117.99 25964  402 5342211.90 645334.123  87.9%  12.6  915s
 178424 156971 4333205.98 25965  473 5342211.90 645334.123  87.9%  12.7  920s
 179423 157912 3390247.75 25963  395 5342211.90 645334.123  87.9%  12.7  925s
 180372 158769 3492055.11 25965  418 5342211.90 645334.123  87.9%  12.7  930s
 181140 159502 3401414.46 25964  415 5342211.90 645334.123  87.9%  12.8  935s
H181734 159884                    5329803.3293 672436.459  87.4%  12.8  939s
 181735 159917 1861659.38   62  909 5329803.33 672436.459  87.4%  12.8  940s
 182026 160260 3648288.62  120  738 5329803.33 672436.459  87.4%  12.9  945s
H182446 160592                    5320721.9322 672436.459  87.4%  13.0  948s
 182706 160943 4716925.79  322  599 5320721.93 672436.459  87.4%  13.0  950s
 183329 161703 4750232.83  530  573 5320721.93 672436.459  87.4%  13.0  955s
 184086 162463 4751987.03  783  568 5320721.93 672436.459  87.4%  13.0  961s
 184743 163026 4778126.10 1027  559 5320721.93 672436.459  87.4%  13.0  965s
 185757 164059 4787626.50 1396  553 5320721.93 672436.459  87.4%  13.1  970s
 186582 164885 4787733.68 1709  553 5320721.93 672436.459  87.4%  13.2  975s
 187779 166186 4788269.63 2024  553 5320721.93 672436.459  87.4%  13.2  980s
 188924 167261 4798387.36 2294  540 5320721.93 672436.459  87.4%  13.2  985s
 189834 168193 4798443.51 2500  540 5320721.93 672436.459  87.4%  13.2  990s
 190714 169099 4798612.38 2686  541 5320721.93 672436.459  87.4%  13.2  995s
 191682 169936 4829966.29 2939  524 5320721.93 672436.459  87.4%  13.3 1001s
H191875 169962                    5314481.9440 672436.459  87.3%  13.3 1002s
 192137 170261 4909375.36 3113  497 5314481.94 672436.459  87.3%  13.3 1005s
 192249 170375 4927625.22 3139  496 5314481.94 672436.459  87.3%  13.3 1010s
 192902 171276 5125957.33 3339  474 5314481.94 672436.459  87.3%  13.3 1015s
H193825 171960                    5313605.7882 672436.459  87.3%  13.3 1018s
 193905 172372 5126044.62 3647  475 5313605.79 672436.459  87.3%  13.3 1020s
 195277 173675 5126337.76 4035  473 5313605.79 672436.459  87.3%  13.2 1025s
 196282 174509 5126545.82 4327  473 5313605.79 672436.459  87.3%  13.2 1030s
H196449 174507                    5310102.9814 672436.459  87.3%  13.2 1030s
 197543 175781 5127204.63 4785  474 5310102.98 672436.459  87.3%  13.1 1035s
 198457 176535 969765.047   26  990 5310102.98 672436.459  87.3%  13.1 1040s
H198805 176698                    5291898.2825 672436.459  87.3%  13.2 1042s
 199252 177260 5168844.84  208  610 5291898.28 672436.459  87.3%  13.2 1045s
 199997 177982 1860242.58   67  812 5291898.28 691964.341  86.9%  13.3 1050s
H200560 178326                    5291731.1335 691964.341  86.9%  13.4 1054s
H200575 178326                    5287160.5350 691964.341  86.9%  13.5 1054s
 200577 178425 3332499.27  171  615 5287160.53 691964.341  86.9%  13.5 1055s
 201253 179218 3898347.24  429  555 5287160.53 691964.341  86.9%  13.6 1060s
 202111 180062 3941384.12  789  439 5287160.53 691964.341  86.9%  13.6 1066s
 203123 181072 3941678.92 1126  430 5287160.53 691964.341  86.9%  13.6 1070s
H203724 181064                    5278348.7058 691964.341  86.9%  13.6 1072s
 203839 181400 3955268.02 1355  393 5278348.71 691964.341  86.9%  13.6 1075s
 204079 181402 3955289.84 1399  393 5278348.71 691964.341  86.9%  13.6 1080s
H204151 181233                    5275313.3899 692970.860  86.9%  13.7 1082s
 204309 181393 1689712.13   35  901 5275313.39 692970.860  86.9%  13.8 1085s
 204911 182247 2189768.90  286  534 5275313.39 692970.860  86.9%  13.9 1091s
 205633 182998 2278533.11  581  519 5275313.39 692970.860  86.9%  14.0 1095s
 206778 184033 2291800.52  863  468 5275313.39 692970.860  86.9%  14.1 1100s
 207490 184716 2360437.10 1137  485 5275313.39 692970.860  86.9%  14.2 1105s
 208239 185506 2440359.19 1599  538 5275313.39 692970.860  86.9%  14.3 1110s
H208730 185875                    5275096.3166 692970.860  86.9%  14.4 1113s
 209154 186425 2413417.08 2167  485 5275096.32 692970.860  86.9%  14.4 1115s
 209888 187104 2424116.61 2725  484 5275096.32 692970.860  86.9%  14.5 1120s
 210917 188172 2479946.96 3542  483 5275096.32 692970.860  86.9%  14.6 1125s
H211783 188828                    5273052.1649 692970.860  86.9%  14.8 1131s
H211861 188010                    5258350.4206 692970.860  86.8%  14.8 1131s
 212495 188771 2513988.92 4920  479 5258350.42 692970.860  86.8%  14.8 1135s
 213306 189655 2528108.04 5641  479 5258350.42 692970.860  86.8%  14.9 1140s
 214988 191637 2546877.47 6612  478 5258350.42 692970.860  86.8%  14.9 1146s
 216599 192830 2557746.89 7595  474 5258350.42 692970.860  86.8%  14.9 1151s
H216637 192752                    5257102.0119 692970.860  86.8%  14.9 1151s
H216702 192620                    5254937.5623 692970.860  86.8%  14.9 1151s
 217273 193711 2655397.74 8033  474 5254937.56 692970.860  86.8%  14.9 1155s
 218707 194802 2908434.24 8665  480 5254937.56 692970.860  86.8%  14.9 1160s
 219868 196064 2988128.60 8888  469 5254937.56 692970.860  86.8%  14.9 1165s
 221469 197890 2987921.70 9771  457 5254937.56 692970.860  86.8%  14.8 1170s
 223348 199584 2998076.80 10773  455 5254937.56 692970.860  86.8%  14.7 1175s
H223494 198797                    5245240.6441 692970.860  86.8%  14.7 1175s
 225027 200354 3004718.84 11657  453 5245240.64 692970.860  86.8%  14.6 1180s
 226092 201302 3007348.83 12541  450 5245240.64 692970.860  86.8%  14.5 1185s
 227020 202443 3017235.26 13295  446 5245240.64 692970.860  86.8%  14.5 1190s
H227699 202660                    5243089.7026 692970.860  86.8%  14.5 1193s
 227853 202996 3111173.23 13588  437 5243089.70 692970.860  86.8%  14.5 1195s
 229240 204358 3119398.09 14274  428 5243089.70 692970.860  86.8%  14.5 1200s
 230370 205389 3141231.46 14747  425 5243089.70 692970.860  86.8%  14.4 1205s
 231395 206612 3175120.20 15141  421 5243089.70 692970.860  86.8%  14.4 1210s
 232780 208024 3178993.76 15400  422 5243089.70 692970.860  86.8%  14.3 1215s
 234154 209390 3180185.85 16057  420 5243089.70 692970.860  86.8%  14.2 1220s
H234447 209336                    5241253.0083 692970.860  86.8%  14.2 1221s
 235453 210342 3180974.31 16203  423 5241253.01 692970.860  86.8%  14.2 1227s
 235827 211006 3181226.62 16255  422 5241253.01 692970.860  86.8%  14.2 1230s
 237445 212625 3182284.97 16466  423 5241253.01 692970.860  86.8%  14.1 1235s
 238868 214029 3183154.79 16639  422 5241253.01 692970.860  86.8%  14.0 1240s
H239906 214887                    5240555.6403 692970.860  86.8%  14.0 1243s
 240267 215394 3183988.34 16805  422 5240555.64 692970.860  86.8%  13.9 1245s
 241430 216505 3184811.43 16968  423 5240555.64 692970.860  86.8%  13.9 1250s
 243012 218110 3185963.00 17198  423 5240555.64 692970.860  86.8%  13.8 1255s
H243674 218564                    5239523.5663 692970.860  86.8%  13.8 1258s
 244425 219443 3188665.57 17699  418 5239523.57 692970.860  86.8%  13.8 1260s
 246088 221161 3194020.90 18733  418 5239523.57 692970.860  86.8%  13.7 1265s
 247938 222958 3205335.80 19835  420 5239523.57 692970.860  86.8%  13.6 1270s
H248966 223733                    5239239.4185 692970.860  86.8%  13.6 1273s
 249252 224142 3243358.62 20456  419 5239239.42 692970.860  86.8%  13.6 1275s
 250263 225200 3267036.39 21009  418 5239239.42 692970.860  86.8%  13.5 1280s
 251932 226862 3269317.34 22025  418 5239239.42 692970.860  86.8%  13.5 1285s
H252159 226870                    5238593.0350 692970.860  86.8%  13.5 1285s
H252224 226866                    5237401.1942 692970.860  86.8%  13.5 1285s
 253312 228170 3277075.35 22894  421 5237401.19 692970.860  86.8%  13.5 1290s
 254811 229605 3367444.68 23801  429 5237401.19 692970.860  86.8%  13.4 1295s
 256250 231020 3333873.85 24597  432 5237401.19 692970.860  86.8%  13.4 1300s
H256671 231308                    5236815.9300 692970.860  86.8%  13.4 1301s
 257425 232160 3404354.49 25034  419 5236815.93 692970.860  86.8%  13.3 1308s
 257746 232543 3405160.81 25102  420 5236815.93 692970.860  86.8%  13.3 1310s
H258051 232615                    5230747.5687 692970.860  86.8%  13.3 1312s
 259111 233896 3411410.43 25626  420 5230747.57 692970.860  86.8%  13.3 1315s
 260582 235138 3483258.92 25962  418 5230747.57 692970.860  86.8%  13.3 1320s
 261601 236094 3537193.02 25964  420 5230747.57 692970.860  86.8%  13.3 1325s
H261608 236091                    5230129.5901 692970.860  86.8%  13.3 1325s
 262148 236675 3490636.35 25962  413 5230129.59 692970.860  86.8%  13.3 1330s
 262916 237267 3538998.87 25963  421 5230129.59 692970.860  86.8%  13.3 1335s
H262948 237185                    5226513.3730 692970.860  86.7%  13.3 1335s
 264232 238480 4037292.68  126  777 5226513.37 692970.860  86.7%  13.3 1340s
H264982 238916                    5213727.5662 693317.029  86.7%  13.3 1343s
 265256 239371 2390479.42   61  862 5213727.57 693317.029  86.7%  13.3 1345s
 266507 240517 4994616.99  151  644 5213727.57 693317.029  86.7%  13.3 1350s
H266638 240526                    5211159.8662 693317.029  86.7%  13.3 1351s
 267151 241216 2317709.08  151  593 5211159.87 693317.029  86.7%  13.4 1355s
 268248 242270 2213071.99  487  514 5211159.87 693317.029  86.7%  13.5 1360s
H268527 242480                    5209545.3134 693317.029  86.7%  13.5 1362s
H268609 242464                    5208777.0121 693317.029  86.7%  13.5 1362s
 268937 243052 2418017.42  695  538 5208777.01 693317.029  86.7%  13.5 1365s
 269873 243758 2239648.43  828  447 5208777.01 693317.029  86.7%  13.5 1370s
 270734 244752 2243189.52  955  437 5208777.01 693317.029  86.7%  13.6 1375s
H270920 244729                    5203544.5505 693317.029  86.7%  13.6 1376s
 271720 245776 2383723.26 1152  423 5203544.55 693317.029  86.7%  13.6 1380s
H273003 246824                    5201566.4221 693317.029  86.7%  13.7 1384s
H273073 246658                    5199974.9074 693317.029  86.7%  13.7 1384s
 273074 246767 4811738.39 1315  606 5199974.91 693317.029  86.7%  13.7 1385s
 274437 248266 2609516.69 1649  423 5199974.91 693317.029  86.7%  13.7 1390s
 275377 249090 4121499.15 1787  525 5199974.91 693317.029  86.7%  13.8 1395s
 276160 249860 2650536.38 1826  452 5199974.91 693317.029  86.7%  13.9 1400s
 277680 251529 2761345.13 2170  486 5199974.91 693317.029  86.7%  13.9 1405s
H277867 251352                    5196685.2496 693317.029  86.7%  13.9 1405s
 279526 253224 2781704.32 3089  481 5196685.25 693317.029  86.7%  13.8 1410s
 281378 255060 2801512.10 3871  472 5196685.25 693317.029  86.7%  13.8 1415s
 283265 256886 3284354.96 4458  531 5196685.25 693317.029  86.7%  13.7 1420s
 285082 258827 2917523.09 5302  487 5196685.25 693317.029  86.7%  13.7 1425s
H285651 258909                    5190603.0564 693317.029  86.6%  13.7 1427s
 286116 259574 2931542.82 5933  478 5190603.06 693317.029  86.6%  13.7 1430s
 286317 259576 2933495.05 6069  478 5190603.06 693317.029  86.6%  13.7 1436s
 286767 260220 2938611.37 6338  480 5190603.06 693317.029  86.6%  13.7 1440s
 288159 261675 2954772.48 7020  480 5190603.06 693317.029  86.6%  13.6 1445s
H289938 263168                    5189247.0281 693317.029  86.6%  13.6 1449s
 289944 263367 2977487.72 7981  480 5189247.03 693317.029  86.6%  13.6 1450s
 291000 264381 2991753.34 8585  480 5189247.03 693317.029  86.6%  13.6 1455s
 292787 266303 3009241.96 9407  477 5189247.03 693317.029  86.6%  13.6 1460s
 294838 268345 3023263.99 10324  480 5189247.03 693317.029  86.6%  13.5 1465s
H296101 269290                    5188875.8358 693317.029  86.6%  13.5 1469s
 296102 269494 3040262.80 11069  476 5188875.84 693317.029  86.6%  13.5 1470s
H297105 270284                    5186026.1859 693317.029  86.6%  13.5 1475s
 297805 271052 3161824.06 12346  466 5186026.19 693317.029  86.6%  13.5 1480s
H297901 271050                    5184941.3407 693317.029  86.6%  13.5 1480s
 298693 271943 3175153.86 12976  461 5184941.34 693317.029  86.6%  13.5 1485s
 299819 273074 3186685.45 13896  455 5184941.34 693317.029  86.6%  13.5 1490s
 300746 274007 3196809.57 14699  454 5184941.34 693317.029  86.6%  13.5 1495s
H301535 274712                    5184891.8348 693317.029  86.6%  13.5 1499s
 301669 274926 3202743.84 15351  438 5184891.83 693317.029  86.6%  13.5 1500s
H302091 275093                    5181721.9028 693317.029  86.6%  13.5 1502s
 302455 275622 3204070.49 15749  437 5181721.90 693317.029  86.6%  13.5 1505s
 303376 276553 3216002.19 16357  437 5181721.90 693317.029  86.6%  13.5 1510s
 304363 277456 3228012.58 17064  434 5181721.90 693317.029  86.6%  13.6 1515s
 305273 278381 3232316.92 17434  436 5181721.90 693317.029  86.6%  13.6 1520s
 306061 279165 3237848.45 17841  434 5181721.90 693317.029  86.6%  13.6 1525s
 307481 280715 3238582.17 18050  435 5181721.90 693317.029  86.6%  13.6 1530s
 309068 282170 3240688.48 18712  430 5181721.90 693317.029  86.6%  13.5 1535s
 310231 283273 3259854.33 19606  430 5181721.90 693317.029  86.6%  13.5 1540s
H310712 283563                    5181152.2658 693317.029  86.6%  13.5 1542s
 311810 285041 3264150.14 20170  423 5181152.27 693317.029  86.6%  13.5 1545s
 314177 287098 3304797.39 21753  425 5181152.27 693317.029  86.6%  13.5 1550s
 315284 288127 3380577.43 22375  417 5181152.27 693317.029  86.6%  13.5 1555s
H315414 288115                    5177777.8810 693317.029  86.6%  13.5 1556s
 316112 288795 3389955.14 22646  415 5177777.88 693317.029  86.6%  13.6 1564s
 316114 288850 3390746.75 22646  418 5177777.88 693317.029  86.6%  13.6 1565s
H316161 288841                    5177124.2385 693317.029  86.6%  13.6 1565s
 316839 289619 3394828.89 22865  417 5177124.24 693317.029  86.6%  13.6 1570s
 317900 290666 3437610.25 23603  412 5177124.24 693317.029  86.6%  13.6 1575s
H318653 291216                    5174299.8202 693317.029  86.6%  13.6 1579s
 318656 291360 3499719.68 24133  409 5174299.82 693317.029  86.6%  13.6 1580s
 319590 292314 3505815.39 24500  402 5174299.82 693317.029  86.6%  13.6 1585s
 320514 293251 3510928.86 24901  401 5174299.82 693317.029  86.6%  13.7 1590s
 321683 294513 3515575.73 25423  398 5174299.82 693317.029  86.6%  13.7 1595s
 322814 295686 3544443.11 25970  398 5174299.82 693317.029  86.6%  13.7 1600s
 324296 296990 3583692.43 25973  406 5174299.82 693317.029  86.6%  13.7 1605s
 325292 297733     cutoff 25970      5174299.82 693317.029  86.6%  13.7 1610s
 325838 298105     cutoff 25971      5174299.82 693317.029  86.6%  13.8 1615s
H326035 297938                    5170681.1016 698440.700  86.5%  13.8 1618s
 326287 298262 3151385.64   94  842 5170681.10 698440.700  86.5%  13.8 1620s
 327105 298781 777033.036   28  950 5170681.10 699749.335  86.5%  13.9 1625s
 327663 299144 1582827.51   42  967 5170681.10 699749.335  86.5%  14.0 1631s
H327682 299100                    5169005.2774 699749.335  86.5%  14.0 1631s
 327869 299305 3158546.98   77  789 5169005.28 699749.335  86.5%  14.1 1635s
H327918 299298                    5167843.9782 699749.335  86.5%  14.1 1636s
H327934 299282                    5167325.6847 699749.335  86.5%  14.1 1636s
 328165 299595     cutoff  186      5167325.68 699749.335  86.5%  14.2 1640s
 328958 300232 5110287.03  508  503 5167325.68 699749.335  86.5%  14.3 1645s
 329659 300869 5110571.81  791  440 5167325.68 699749.335  86.5%  14.3 1650s
H329780 300869                    5167219.3721 699749.335  86.5%  14.3 1650s
 329931 300945 1610847.67   62  944 5167219.37 699749.335  86.5%  14.4 1656s
H330025 300807                    5159161.6087 699749.335  86.4%  14.4 1657s
 330187 301040 3299979.58  189  659 5159161.61 699749.335  86.4%  14.5 1660s
 330965 301920 4842255.92  432  517 5159161.61 699749.335  86.4%  14.5 1665s
 332239 303046 5053772.19  865  534 5159161.61 699749.335  86.4%  14.6 1670s
 333496 304217 5054866.99 1224  448 5159161.61 699749.335  86.4%  14.6 1675s
 335173 305760 5054866.99 1801  444 5159161.61 699749.335  86.4%  14.6 1680s
H335457 305943                    5159161.6033 699749.335  86.4%  14.7 1681s
 336295 306799 5054866.99 2111  442 5159161.60 699749.335  86.4%  14.7 1686s
 337792 308292 5054866.99 2467  442 5159161.60 699749.335  86.4%  14.7 1690s
H339541 309468                    5154414.1671 699749.335  86.4%  14.6 1694s
 339570 309960 5054866.99 2849  440 5154414.17 699749.335  86.4%  14.6 1695s
 341272 311264 5054866.99 3259  443 5154414.17 699749.335  86.4%  14.6 1700s
 342971 312641     cutoff 3775      5154414.17 699749.335  86.4%  14.7 1705s
 344203 313672     cutoff 4197      5154414.17 699749.335  86.4%  14.7 1710s
 345184 314538 5054866.99 4286  446 5154414.17 699749.335  86.4%  14.8 1715s
H346020 315162                    5153537.5767 699749.335  86.4%  14.8 1719s
H346079 315158                    5153343.9187 699749.335  86.4%  14.8 1719s
 346080 315270     cutoff 4362      5153343.92 699749.335  86.4%  14.8 1720s
 347244 316168     cutoff 4485      5153343.92 699749.335  86.4%  14.9 1725s
H347272 316145                    5152385.1177 699749.335  86.4%  14.9 1725s
H347852 316728                    5149350.6726 699749.335  86.4%  14.9 1728s
 348175 317118 5054866.99 4618  444 5149350.67 699749.335  86.4%  14.9 1730s
 349569 318370 5054866.99 4762  446 5149350.67 699749.335  86.4%  15.0 1735s
 349812 318372 5054866.99 4786  446 5149350.67 699749.335  86.4%  15.0 1740s
H349814 318346                    5146880.1649 699749.335  86.4%  15.0 1741s
 350460 318903 5054866.99 4888  446 5146880.16 699749.335  86.4%  15.0 1745s
H350490 318848                    5145739.5016 699749.335  86.4%  15.0 1745s
 351365 319769 5054866.99 5014  446 5145739.50 699749.335  86.4%  15.1 1750s
 352240 320516 5054866.99 5110  446 5145739.50 699749.335  86.4%  15.1 1755s
H352555 313704                    5098115.2815 699749.335  86.3%  15.1 1757s
 353166 314176 4282781.88   98  826 5098115.28 699778.280  86.3%  15.1 1760s
H353177 314175                    5098077.5746 699778.280  86.3%  15.1 1761s
H353210 314171                    5097949.0270 699778.280  86.3%  15.1 1761s
 353603 314783 2756290.55   63  843 5097949.03 699778.280  86.3%  15.2 1765s
H354346 315274                    5096729.3543 699778.280  86.3%  15.2 1768s
 355027 316090     cutoff  152      5096729.35 699781.612  86.3%  15.2 1770s
 356306 317328     cutoff  177      5096729.35 699781.612  86.3%  15.2 1775s
 357297 318279 2424851.24   61  872 5096729.35 699821.290  86.3%  15.2 1780s
 358252 319232 4542477.46   97  756 5096729.35 699821.290  86.3%  15.2 1785s
 359543 320568 3650095.83  108  717 5096729.35 699821.290  86.3%  15.3 1790s
 360443 321492 2960185.96   52  881 5096729.35 699837.136  86.3%  15.3 1796s
 361149 322102 4133668.72   70  778 5096729.35 699837.136  86.3%  15.3 1800s
 361939 322896 4968359.25   90  770 5096729.35 699837.136  86.3%  15.3 1805s
 362898 323859 2853263.69   73  870 5096729.35 699837.136  86.3%  15.3 1810s
 363985 325058 2488412.62  254  428 5096729.35 699837.136  86.3%  15.3 1815s
 365593 326709 2699479.10 1007  339 5096729.35 699837.136  86.3%  15.3 1820s
 367127 327845 2699827.85 1883  339 5096729.35 699837.136  86.3%  15.2 1825s
 367187 327905 2699839.80 1913  339 5096729.35 699837.136  86.3%  15.2 1830s
 367247 327965 2699851.75 1943  339 5096729.35 699837.136  86.3%  15.2 1835s
 368094 329215 2700020.26 2366  339 5096729.35 699837.136  86.3%  15.2 1840s
 369932 331031 2714775.16 3373  325 5096729.35 699837.136  86.3%  15.1 1845s
 371895 332898 2720393.35 4322  326 5096729.35 699837.136  86.3%  15.0 1850s
 373299 334361 2723419.78 5020  325 5096729.35 699837.136  86.3%  15.0 1855s
 374771 335736 2726295.84 5687  325 5096729.35 699837.136  86.3%  14.9 1860s
 376287 337248 2729558.47 6506  324 5096729.35 699837.136  86.3%  14.9 1865s
 377753 338694 2739409.37 7255  319 5096729.35 699837.136  86.3%  14.8 1870s
 379090 339985 2742322.95 7956  323 5096729.35 699837.136  86.3%  14.8 1875s
 380192 341032 2745767.82 8668  324 5096729.35 699837.136  86.3%  14.8 1880s
 381143 342019 2749595.33 9448  322 5096729.35 699837.136  86.3%  14.7 1885s
 382629 343590 2762801.86 10357  315 5096729.35 699837.136  86.3%  14.7 1890s
 384699 345667 2772798.75 11810  316 5096729.35 699837.136  86.3%  14.7 1895s
 386120 346921 2784180.61 12679  314 5096729.35 699837.136  86.3%  14.6 1900s
 387504 348304 2796947.47 13628  305 5096729.35 699837.136  86.3%  14.6 1905s
 388555 349423 2802209.24 14370  304 5096729.35 699837.136  86.3%  14.6 1910s
 391059 351966 2808894.73 16488  300 5096729.35 699837.136  86.3%  14.6 1915s
 392616 353471 2810825.49 17711  303 5096729.35 699837.136  86.3%  14.6 1920s
 394061 354870 2819078.01 18641  299 5096729.35 699837.136  86.3%  14.6 1925s
 395675 356730 2834811.23 19979  292 5096729.35 699837.136  86.3%  14.6 1930s
 399230 360093 2839694.05 23224  290 5096729.35 699837.136  86.3%  14.6 1935s
 401600 362501 2913204.06 25045  290 5096729.35 699837.136  86.3%  14.6 1940s
 403551 364456 2918324.37 25895  289 5096729.35 699837.136  86.3%  14.5 1945s
 405690 366601 2965033.42 25965  284 5096729.35 699837.136  86.3%  14.5 1950s
 407224 368097 2928419.19 25962  283 5096729.35 699837.136  86.3%  14.4 1955s
 408695 369500 1013929.99   36  987 5096729.35 699837.136  86.3%  14.4 1960s
 409717 370463     cutoff  122      5096729.35 699837.136  86.3%  14.4 1965s
 410975 371737 4317269.24  114  805 5096729.35 699837.136  86.3%  14.4 1970s
 411620 372482 2059827.65   49  569 5096729.35 699837.136  86.3%  14.4 1975s
 413116 374011 2714670.21  769  363 5096729.35 699837.136  86.3%  14.3 1980s
 414341 375229 2715044.20 1364  363 5096729.35 699837.136  86.3%  14.3 1985s
 415749 376638 2715549.40 2075  364 5096729.35 699837.136  86.3%  14.3 1990s
 417166 378047 2716060.07 2772  364 5096729.35 699837.136  86.3%  14.2 1995s
 418478 379363 2716561.65 3456  364 5096729.35 699837.136  86.3%  14.2 2000s
 419816 380681 2717039.96 4108  364 5096729.35 699837.136  86.3%  14.1 2005s
 421249 382156 2718172.53 4902  366 5096729.35 699837.136  86.3%  14.1 2010s
 422756 383623 2718643.64 5572  368 5096729.35 699837.136  86.3%  14.1 2015s
 424137 384999 2719130.10 6229  368 5096729.35 699837.136  86.3%  14.0 2020s
 425579 386453 2788230.16 6913  365 5096729.35 699837.136  86.3%  14.0 2025s
 427276 388174 2794011.52 7700  365 5096729.35 699837.136  86.3%  13.9 2030s
 429168 390083 2798223.21 8603  364 5096729.35 699837.136  86.3%  13.9 2035s
 430726 391591 2803983.54 9473  363 5096729.35 699837.136  86.3%  13.8 2040s
 432483 393391 2808154.76 10357  363 5096729.35 699837.136  86.3%  13.8 2045s
 435457 396365 2812954.48 11381  361 5096729.35 699837.136  86.3%  13.7 2050s
 437385 398253 2816536.35 12125  361 5096729.35 699837.136  86.3%  13.6 2055s
 439010 399885 2824006.10 12985  361 5096729.35 699837.136  86.3%  13.6 2060s
 441330 402156 2832686.25 13954  361 5096729.35 699837.136  86.3%  13.5 2065s
 443275 404141 2841637.52 14988  361 5096729.35 699837.136  86.3%  13.4 2070s
 445064 405834 2848668.77 15902  360 5096729.35 699837.136  86.3%  13.4 2075s
 446784 407596 2853816.62 16714  361 5096729.35 699837.136  86.3%  13.3 2080s
 448304 409116 2858063.69 17465  354 5096729.35 699837.136  86.3%  13.3 2085s
 449690 410495 2865965.44 18196  355 5096729.35 699837.136  86.3%  13.3 2090s
 450931 411734 2874400.44 18841  355 5096729.35 699837.136  86.3%  13.3 2095s
 452514 413367 2892977.37 19753  346 5096729.35 699837.136  86.3%  13.2 2100s
 454342 415193 2921657.09 20839  344 5096729.35 699837.136  86.3%  13.2 2105s
 456329 416749 2939946.24 21847  340 5096729.35 699837.136  86.3%  13.1 2110s
 458966 419145 2954750.19 23054  332 5096729.35 699837.136  86.3%  13.1 2115s
 460173 420258 2965634.93 24125  330 5096729.35 699837.136  86.3%  13.1 2120s
 461394 421486 2977679.76 25204  330 5096729.35 699837.136  86.3%  13.1 2125s
 462734 422854 3105022.13 25965  318 5096729.35 699837.136  86.3%  13.2 2130s
 463896 423948 2987888.56 25965  323 5096729.35 699837.136  86.3%  13.1 2135s
 465013 425000 3040952.98 25965  317 5096729.35 699857.267  86.3%  13.2 2140s
 465624 425530 1800845.15  225  593 5096729.35 699857.267  86.3%  13.3 2145s
 467155 426947 1829982.70  468  551 5096729.35 699857.267  86.3%  13.3 2150s
 468393 427720 1905350.59  728  552 5096729.35 699857.267  86.3%  13.3 2155s
 469359 428735 1958506.89 1025  483 5096729.35 699857.267  86.3%  13.4 2160s
 470074 429374 1997704.24 1224  468 5096729.35 699857.267  86.3%  13.5 2165s
 470770 430012 2077513.56 1472  487 5096729.35 699857.267  86.3%  13.6 2170s
 471355 430484 2104541.74 1566  516 5096729.35 699857.267  86.3%  13.7 2175s
 471891 431129 2188220.52 1813  500 5096729.35 699857.267  86.3%  13.8 2180s
 473129 432401 2219324.69 2867  493 5096729.35 699857.267  86.3%  13.8 2185s
 474810 434088 2240377.93 4018  481 5096729.35 699857.267  86.3%  13.8 2190s
 476358 435622 2285534.96 4885  481 5096729.35 699857.267  86.3%  13.8 2195s
 477468 436705 2303682.01 5372  480 5096729.35 699857.267  86.3%  13.8 2200s
 478754 437980 2288791.52 5936  480 5096729.35 699857.267  86.3%  13.8 2205s
 479967 439251 2303535.37 6504  480 5096729.35 699857.267  86.3%  13.8 2210s
 481223 440486 2318352.47 7077  479 5096729.35 699857.267  86.3%  13.8 2215s
 482220 441469 2343523.97 7562  480 5096729.35 699857.267  86.3%  13.9 2220s
 482981 442247 2340788.51 7941  479 5096729.35 699857.267  86.3%  13.9 2225s
 484041 443275 2354165.02 8456  479 5096729.35 699857.267  86.3%  13.9 2230s
 485135 444381 2379584.90 9005  480 5096729.35 699857.267  86.3%  14.0 2235s
 486055 445350 2393189.68 9412  476 5096729.35 699857.267  86.3%  14.0 2240s
 487300 446546 2413482.13 10367  467 5096729.35 699857.267  86.3%  14.0 2245s
 488596 447934 2442291.18 11477  463 5096729.35 699857.267  86.3%  14.0 2250s
 490126 449399 2461811.98 12642  460 5096729.35 699857.267  86.3%  14.0 2255s
 491182 450409 2466900.25 13469  456 5096729.35 699857.267  86.3%  14.0 2260s
 492199 451434 2472177.79 14252  453 5096729.35 699857.267  86.3%  14.0 2265s
 493475 452663 2485597.85 15337  448 5096729.35 699857.267  86.3%  14.0 2270s
 494539 453730 2501754.32 16294  453 5096729.35 699857.267  86.3%  14.0 2275s
 495660 454834 2518993.78 17295  452 5096729.35 699857.267  86.3%  14.0 2280s
 496948 456172 2541186.54 18256  443 5096729.35 699857.267  86.3%  14.0 2285s
 498122 457331 2551608.52 19280  442 5096729.35 699857.267  86.3%  14.0 2290s
 498923 458098 2560321.77 20005  444 5096729.35 699857.267  86.3%  14.0 2295s
 499809 459030 2575702.09 20803  444 5096729.35 699857.267  86.3%  14.0 2300s
 501062 460261 2593708.40 21934  444 5096729.35 699857.267  86.3%  14.0 2305s
 502048 461247 2605296.12 22838  443 5096729.35 699857.267  86.3%  14.0 2310s
 502849 462100 2615283.98 23570  442 5096729.35 699857.267  86.3%  14.0 2315s
 503963 463162 2632220.50 24526  439 5096729.35 699857.267  86.3%  14.0 2320s
 504859 464013 2659206.71 25111  432 5096729.35 699857.267  86.3%  14.0 2325s
 505512 464696 2666616.03 25401  433 5096729.35 699857.267  86.3%  14.0 2330s
 506253 465347 2700001.14 25754  431 5096729.35 699857.267  86.3%  14.1 2335s
 507060 466249 2707879.82 25964  431 5096729.35 699857.267  86.3%  14.1 2340s
 507830 467033 2712245.10 25961  431 5096729.35 699857.267  86.3%  14.1 2346s
 508403 467585 2755744.82 25965  429 5096729.35 699857.267  86.3%  14.1 2350s
 509063 468162 1803882.09   67  806 5096729.35 699946.291  86.3%  14.1 2355s
 509857 468872 2793500.79  403  522 5096729.35 699946.291  86.3%  14.2 2360s
 510140 469362 3090380.45  436  549 5096729.35 699946.291  86.3%  14.3 2365s
 511015 470088 3143734.96  781  419 5096729.35 699946.291  86.3%  14.3 2370s
 511768 470834 4113273.84 1013  527 5096729.35 699946.291  86.3%  14.4 2375s
 512346 471374 4333990.24 1208  527 5096729.35 699946.291  86.3%  14.5 2380s
 512835 471987 4396039.33 1423  484 5096729.35 699946.291  86.3%  14.5 2385s
 513511 472564 4512890.38 1694  512 5096729.35 699946.291  86.3%  14.6 2390s
 514099 473286 4619617.99 1930  417 5096729.35 699946.291  86.3%  14.6 2395s
 514795 473955 4657630.24 2203  405 5096729.35 699946.291  86.3%  14.7 2400s
 515391 474632 4679059.38 2502  438 5096729.35 699946.291  86.3%  14.7 2405s
 516490 475568 4700966.66 3313  441 5096729.35 699946.291  86.3%  14.7 2410s
 517305 476531 4745094.32 3794  428 5096729.35 699946.291  86.3%  14.7 2416s
 518113 477295 4768555.01 4422  418 5096729.35 699946.291  86.3%  14.7 2420s
 519044 478222 4796578.06 5059  419 5096729.35 699946.291  86.3%  14.7 2425s
 520097 479284 4804539.32 5904  416 5096729.35 699946.291  86.3%  14.7 2431s
 520832 479983 4835791.93 6384  413 5096729.35 699946.291  86.3%  14.8 2435s
 521565 480968 4876628.36 6792  406 5096729.35 699946.291  86.3%  14.8 2440s
 522720 481786 4886798.19 7709  404 5096729.35 699946.291  86.3%  14.8 2445s
 523936 482905     cutoff 8231      5096729.35 699946.291  86.3%  14.8 2450s
 524554 483364 1058738.49   37  951 5096729.35 699946.291  86.3%  14.8 2455s
 525021 483813 5024615.51   92  742 5096729.35 699961.867  86.3%  14.9 2460s
 525464 484412 2156461.00   62  577 5096729.35 699961.867  86.3%  15.0 2465s
 526868 485945 4167344.74 1199  324 5096729.35 699961.867  86.3%  15.0 2471s
 528115 487165 4198342.94 2246  313 5096729.35 699961.867  86.3%  15.0 2475s
 530060 489012 4254706.37 3911  435 5096729.35 699961.867  86.3%  14.9 2480s
 531228 490286 4407124.17 4863  265 5096729.35 699961.867  86.3%  14.9 2485s
 533116 492160 4431343.93 6511  260 5096729.35 699961.867  86.3%  14.9 2490s
 534883 493819 4447392.13 8037  256 5096729.35 699961.867  86.3%  14.8 2495s
 536649 495583 4462170.08 9544  258 5096729.35 699961.867  86.3%  14.8 2500s
 538134 496960 4472812.86 10797  261 5096729.35 699961.867  86.3%  14.8 2505s
 539487 498310 4480575.88 11918  262 5096729.35 699961.867  86.3%  14.8 2510s
 541192 500082 4492270.16 13391  257 5096729.35 699961.867  86.3%  14.8 2515s
 542644 501348     cutoff 14613      5096729.35 699961.867  86.3%  14.7 2520s
 543604 502180     cutoff  586      5096729.35 699961.867  86.3%  14.7 2525s
 544316 502917 2003403.96   85  911 5096729.35 699961.867  86.3%  14.8 2530s
 545090 503719 2592010.33  139  725 5096729.35 699961.867  86.3%  14.9 2535s
 546042 504629 3346957.49  495  592 5096729.35 699961.867  86.3%  14.9 2540s
 547059 505474 4968563.25  906  413 5096729.35 699961.867  86.3%  14.9 2545s
 547821 506233 3860509.82  143  666 5096729.35 699961.867  86.3%  14.9 2550s
 548658 507004 2245205.46  103  930 5096729.35 699967.957  86.3%  15.0 2555s
 549410 507893 4066831.57  100  476 5096729.35 699967.957  86.3%  15.0 2560s
 550597 508692     cutoff  683      5096729.35 699967.957  86.3%  15.0 2565s
 551338 509317 infeasible  111      5096729.35 699967.957  86.3%  15.1 2570s
 551974 509910     cutoff  265      5096729.35 700000.585  86.3%  15.2 2575s
 552705 510642 808357.054   28  987 5096729.35 700005.319  86.3%  15.3 2580s
 553201 511098 5062526.02  153  820 5096729.35 700005.319  86.3%  15.3 2585s
 553943 511950 1585693.79  203  607 5096729.35 700005.319  86.3%  15.4 2591s
 554867 512866 1644396.50  519  488 5096729.35 700005.319  86.3%  15.4 2595s
 555787 513678 1736252.87  804  528 5096729.35 700005.319  86.3%  15.4 2600s
 556360 514236 1736514.39  908  528 5096729.35 700005.319  86.3%  15.5 2605s
 556846 514790 1710605.25  999  521 5096729.35 700005.319  86.3%  15.5 2610s
 557794 515969 1781205.50 1193  518 5096729.35 700005.319  86.3%  15.5 2616s
 558995 517179 1798496.05 1387  518 5096729.35 700005.319  86.3%  15.5 2621s
 560078 518019 1784232.68 1630  519 5096729.35 700005.319  86.3%  15.5 2626s
 560815 518801 1785953.70 1872  517 5096729.35 700005.319  86.3%  15.5 2630s
 561955 519937 1804053.27 2239  517 5096729.35 700005.319  86.3%  15.5 2636s
 562832 520786 1807189.15 2503  513 5096729.35 700005.319  86.3%  15.5 2640s
 563521 521472 1821157.07 2693  513 5096729.35 700005.319  86.3%  15.5 2645s
 564330 522394 1800083.22 2940  514 5096729.35 700005.319  86.3%  15.5 2650s
 565240 523145 1805609.30 3244  513 5096729.35 700005.319  86.3%  15.5 2655s
 566088 524176 1855072.02 3505  509 5096729.35 700005.319  86.3%  15.5 2660s
 567257 525084 1819749.61 3851  510 5096729.35 700005.319  86.3%  15.5 2665s
 568139 525916 1830395.96 4201  568 5096729.35 700005.319  86.3%  15.6 2670s
 568897 526600 1850346.15 4318  512 5096729.35 700005.319  86.3%  15.6 2675s
 569299 527005 1850420.25 4466  511 5096729.35 700005.319  86.3%  15.7 2680s
 570056 527599 1850505.64 4648  511 5096729.35 700005.319  86.3%  15.8 2685s
 570624 528135 1850562.87 4770  511 5096729.35 700005.319  86.3%  15.9 2690s
 571523 529165 1855647.65 5114  510 5096729.35 700005.319  86.3%  16.0 2695s
 572538 530065 1860618.67 5535  510 5096729.35 700005.319  86.3%  16.0 2700s
 573535 531021 1866156.66 5926  511 5096729.35 700005.319  86.3%  16.0 2705s
 574454 531859 1873609.49 6328  510 5096729.35 700005.319  86.3%  16.1 2710s
 575500 532733 1882948.79 6743  511 5096729.35 700005.319  86.3%  16.1 2715s
 576296 533532 1887016.10 7044  511 5096729.35 700005.319  86.3%  16.1 2720s
 577491 534603 1898319.57 7488  509 5096729.35 700005.319  86.3%  16.1 2726s
 578598 535516 1909226.41 7904  504 5096729.35 700005.319  86.3%  16.1 2730s
 579424 536442 1924459.39 8215  503 5096729.35 700005.319  86.3%  16.2 2735s
 580667 537644 2028476.71 8730  496 5096729.35 700005.319  86.3%  16.2 2740s
 581679 538535 2057142.65 9122  490 5096729.35 700005.319  86.3%  16.2 2745s
 582628 539602 2061789.13 9360  490 5096729.35 700005.319  86.3%  16.3 2751s
 583612 540639 2067498.41 9652  490 5096729.35 700005.319  86.3%  16.3 2756s
 584465 541438 2074420.91 9994  490 5096729.35 700005.319  86.3%  16.3 2760s
 585470 542374 2242237.73 10350  477 5096729.35 700005.319  86.3%  16.3 2765s
 586692 543659 2268010.07 10748  475 5096729.35 700005.319  86.3%  16.3 2770s
 587872 544821 2272450.37 11167  473 5096729.35 700005.319  86.3%  16.3 2775s
 589214 546286 2274399.23 11641  473 5096729.35 700005.319  86.3%  16.3 2780s
 590566 547660 2280324.84 11982  473 5096729.35 700005.319  86.3%  16.3 2785s
 591930 548923 2287234.29 12320  473 5096729.35 700005.319  86.3%  16.2 2790s
 593427 550439 2292878.37 12629  465 5096729.35 700005.319  86.3%  16.2 2795s
 594526 551558 2323597.00 12859  464 5096729.35 700005.319  86.3%  16.2 2800s
 595911 552962 2305168.55 13168  472 5096729.35 700005.319  86.3%  16.2 2805s
 597436 554494 2329247.39 13590  464 5096729.35 700005.319  86.3%  16.1 2811s
 598534 555471 2338453.58 13795  460 5096729.35 700005.319  86.3%  16.1 2815s
 599703 556686 2383701.31 14004  458 5096729.35 700005.319  86.3%  16.1 2821s
 600671 557642 2354828.67 14176  458 5096729.35 700005.319  86.3%  16.1 2825s
 602111 559117 2351425.61 14433  458 5096729.35 700005.319  86.3%  16.1 2830s
 603278 560233 2355719.93 14645  458 5096729.35 700005.319  86.3%  16.0 2835s
 604543 561515 2376844.42 14863  458 5096729.35 700005.319  86.3%  16.0 2840s
 605597 562569 2364324.99 15069  458 5096729.35 700005.319  86.3%  16.0 2845s
 606772 563752 2370909.98 15291  459 5096729.35 700005.319  86.3%  16.0 2850s
 608530 565470 2373782.57 15535  459 5096729.35 700005.319  86.3%  15.9 2855s
 609876 566804 2381786.57 15814  457 5096729.35 700005.319  86.3%  15.9 2860s
 611033 567910 2392056.86 15974  455 5096729.35 700005.319  86.3%  15.9 2865s
 612433 569305 2391830.28 16108  457 5096729.35 700005.319  86.3%  15.9 2870s
 613624 570501 2394027.91 16178  457 5096729.35 700005.319  86.3%  15.9 2875s
 615051 571971 2410305.88 16264  454 5096729.35 700005.319  86.3%  15.9 2880s
 616290 573188 2398752.24 16332  457 5096729.35 700005.319  86.3%  15.9 2885s
 617438 574423 2400492.17 16390  457 5096729.35 700005.319  86.3%  15.9 2890s
 618718 575635 2402269.42 16450  457 5096729.35 700005.319  86.3%  15.8 2895s
 619642 576536 2404023.61 16510  457 5096729.35 700005.319  86.3%  15.8 2900s
 620971 577956 2408371.61 16647  456 5096729.35 700005.319  86.3%  15.8 2905s
 622689 579632 2430419.88 16891  453 5096729.35 700005.319  86.3%  15.8 2910s
 623993 580912 2432767.09 16975  453 5096729.35 700005.319  86.3%  15.8 2915s
 624945 581832 2436266.12 17050  452 5096729.35 700005.319  86.3%  15.8 2920s
 625816 582770 2437772.55 17124  452 5096729.35 700005.319  86.3%  15.8 2925s
 627336 584374 2445255.41 17360  451 5096729.35 700005.319  86.3%  15.8 2931s
 628693 585692 2444593.44 17671  451 5096729.35 700005.319  86.3%  15.7 2935s
 630138 587023 2453989.57 18118  451 5096729.35 700005.319  86.3%  15.7 2940s
 631396 588201 2461360.10 18500  436 5096729.35 700005.319  86.3%  15.7 2945s
 632157 588880 2467264.92 18727  437 5096729.35 700005.319  86.3%  15.7 2950s
 633009 589754 2471082.55 19094  436 5096729.35 700005.319  86.3%  15.8 2955s
 634132 590804 2491131.80 19577  428 5096729.35 700005.319  86.3%  15.8 2960s
 634973 591683 2495886.87 19945  428 5096729.35 700005.319  86.3%  15.8 2965s
 635926 592652 2501684.66 20362  430 5096729.35 700005.319  86.3%  15.9 2970s
 636847 593595 2506807.75 20740  429 5096729.35 700005.319  86.3%  15.9 2975s
 637774 594401 2522610.17 21142  464 5096729.35 700005.319  86.3%  15.9 2980s
 638458 595086 2523537.56 21444  416 5096729.35 700005.319  86.3%  16.0 2985s
 639412 596098 2524422.53 21798  416 5096729.35 700005.319  86.3%  16.0 2990s
 640401 597182 2527970.00 22110  418 5096729.35 700005.319  86.3%  16.0 2995s
 641374 598117 2532768.65 22368  417 5096729.35 700005.319  86.3%  16.1 3000s
 642521 599138 2538133.36 22614  413 5096729.35 700005.319  86.3%  16.1 3005s
 643226 599926 2574169.62 22924  417 5096729.35 700005.319  86.3%  16.1 3010s
 644326 601004 2548972.85 23408  416 5096729.35 700005.319  86.3%  16.1 3015s
 645355 601974 2556012.24 23859  419 5096729.35 700005.319  86.3%  16.2 3020s
 646622 603288 2562964.99 24333  415 5096729.35 700005.319  86.3%  16.2 3026s
 647477 604128 2570138.15 24614  418 5096729.35 700005.319  86.3%  16.2 3030s
 648407 604999 2622113.93 24890  411 5096729.35 700005.319  86.3%  16.2 3035s
 649405 605994 2591785.95 25225  412 5096729.35 700005.319  86.3%  16.3 3040s
 650306 606922 2601095.95 25489  413 5096729.35 700005.319  86.3%  16.3 3045s
 650840 607558 2607649.39 25673  411 5096729.35 700005.319  86.3%  16.3 3050s
 651852 608687 2649608.51 25957  401 5096729.35 700005.319  86.3%  16.3 3055s
 653322 609969 2712782.95 25965  403 5096729.35 700005.319  86.3%  16.3 3060s
 653934 610436 4949048.72 25964  547 5096729.35 700005.319  86.3%  16.3 3065s
 654688 611241 4253632.30   98  715 5096729.35 700075.664  86.3%  16.3 3070s
 655340 611846 2810834.91   72  809 5096729.35 700075.664  86.3%  16.4 3075s
 656554 613364 4085818.26  302  538 5096729.35 700075.664  86.3%  16.4 3080s
 658071 614841 4255641.33  557  427 5096729.35 700075.664  86.3%  16.4 3086s
 659394 616050 4306432.18  808  390 5096729.35 700075.664  86.3%  16.4 3090s
 660800 617146 4309416.01 1094  431 5096729.35 700075.664  86.3%  16.4 3095s
Created node file directory '/home/ps12398/goal_programming/goalProgrammingMarcos//grbnodes5'
 661635 618109 4544762.18 1271  337 5096729.35 700075.664  86.3%  16.4 3104s
 661961 618163 4519935.56 1336  337 5096729.35 700075.664  86.3%  16.4 3105s
 662968 618997 4563126.49 1586  295 5096729.35 700075.664  86.3%  16.4 3110s
 663733 619601 4570887.55 1885  299 5096729.35 700075.664  86.3%  16.5 3115s
 664358 620189 4593878.34 2100  422 5096729.35 700075.664  86.3%  16.5 3120s
 664951 620644 4583207.34 2286  414 5096729.35 700075.664  86.3%  16.6 3125s
 665238 620943 4585383.56 2358  411 5096729.35 700075.664  86.3%  16.6 3134s
 665375 621116 4583536.33 2409  410 5096729.35 700075.664  86.3%  16.6 3135s
 666275 621935 4583995.35 2708  407 5096729.35 700075.664  86.3%  16.7 3140s
 666903 622532 4584189.00 2948  407 5096729.35 700075.664  86.3%  16.7 3145s
 667690 623310 4584474.19 3258  407 5096729.35 700075.664  86.3%  16.8 3150s
 667948 623672 4584554.84 3345  407 5096729.35 700075.664  86.3%  16.8 3156s
 668767 624283 4584770.84 3604  415 5096729.35 700075.664  86.3%  16.8 3160s
 669433 625082 4586834.12 3884  410 5096729.35 700075.664  86.3%  16.9 3166s
 669969 625508 4586942.52 4105  411 5096729.35 700075.664  86.3%  16.9 3170s
 671511 627099 4588613.20 4576  417 5096729.35 700075.664  86.3%  16.9 3180s
 672779 628062 4589307.10 4887  408 5096729.35 700075.664  86.3%  16.9 3185s
 674171 629436 4598213.66 5299  398 5096729.35 700075.664  86.3%  16.9 3190s
 674618 629677 4598227.44 5325  398 5096729.35 700075.664  86.3%  16.9 3198s
 675023 629775 4598259.14 5378  398 5096729.35 700075.664  86.3%  16.9 3200s
 675827 630602 4598366.38 5558  398 5096729.35 700075.664  86.3%  16.9 3205s
 676678 631106 4598414.64 5639  398 5096729.35 700075.664  86.3%  16.9 3210s
 677487 631780 4598465.85 5725  398 5096729.35 700075.664  86.3%  16.9 3215s
 678335 632655 4598502.48 5805  398 5096729.35 700075.664  86.3%  16.9 3225s
 679147 633409 4598526.56 5860  398 5096729.35 700075.664  86.3%  16.9 3230s
 680296 634542 4600256.27 5984  387 5096729.35 700075.664  86.3%  16.9 3235s
 681428 635688 4664195.91 6117  504 5096729.35 700075.664  86.3%  16.9 3247s
 682463 636640 4675891.61 6216  444 5096729.35 700075.664  86.3%  16.9 3250s
 684127 638314 4677005.26 6354  442 5096729.35 700075.664  86.3%  16.9 3259s
 684431 638639 4682994.19 6384  424 5096729.35 700075.664  86.3%  16.9 3260s
 686100 640318 4682152.88 6612  395 5096729.35 700075.664  86.3%  16.8 3265s
 686898 641057 4687311.85 6742  393 5096729.35 700075.664  86.3%  16.8 3272s
 687860 642067 4685714.45 6881  391 5096729.35 700075.664  86.3%  16.8 3276s
 688953 643125 4736480.64 7085  401 5096729.35 700075.664  86.3%  16.8 3280s
 690075 644240 4795036.75 7304  385 5096729.35 700075.664  86.3%  16.8 3285s
 690672 644771 4811222.05 7422  391 5096729.35 700075.664  86.3%  16.7 3290s
 692219 646332 4803516.24 7707  389 5096729.35 700075.664  86.3%  16.7 3295s
 693592 647638     cutoff 7981      5096729.35 700075.664  86.3%  16.7 3304s
 693879 647868 4883966.69 8034  392 5096729.35 700075.664  86.3%  16.7 3305s
 695285 649231 4908492.77 8250  392 5096729.35 700075.664  86.3%  16.7 3310s
 696703 650447 2152753.86   28  625 5096729.35 700099.315  86.3%  16.6 3315s
 696956 650789 4033956.08   76  502 5096729.35 700099.315  86.3%  16.6 3320s
 698428 651985 700099.315   35  966 5096729.35 700099.315  86.3%  16.6 3325s
 699318 652879 2286645.94   69  897 5096729.35 700099.315  86.3%  16.6 3330s
 699932 653505 2646785.22   82  774 5096729.35 700099.315  86.3%  16.6 3336s
 700661 654228 3021765.14   97  775 5096729.35 700099.315  86.3%  16.6 3340s
 701779 655323 5040969.22  127  804 5096729.35 700099.315  86.3%  16.6 3345s
 703325 656887 4993971.94  109  746 5096729.35 700099.315  86.3%  16.6 3350s
 703969 657440 1796157.94   68  827 5096729.35 700099.315  86.3%  16.6 3356s
 704639 658142 2650701.66  115  733 5096729.35 700099.315  86.3%  16.6 3360s
 705576 659017 3270000.87  200  636 5096729.35 700099.315  86.3%  16.7 3365s
 706440 659850 3282191.50  212  659 5096729.35 700099.315  86.3%  16.7 3371s
 706996 660508 4921683.98  221  754 5096729.35 700099.315  86.3%  16.7 3377s
 708013 661542 972419.007   55  884 5096729.35 700099.315  86.3%  16.7 3380s
 709164 662670 3000801.20  183  585 5096729.35 700099.315  86.3%  16.7 3385s
 710052 663519 4363917.91  303  581 5096729.35 700099.315  86.3%  16.7 3393s
 710671 664145 5000426.42  469  601 5096729.35 700099.315  86.3%  16.7 3396s
 711465 664829 5039194.76  543  586 5096729.35 700099.315  86.3%  16.7 3400s
 712531 665832 5039560.45  569  580 5096729.35 700099.315  86.3%  16.7 3405s
 713273 666329 5039639.73  620  574 5096729.35 700099.315  86.3%  16.7 3410s
 713647 666680 4136105.81  123  831 5096729.35 700099.315  86.3%  16.8 3415s
 714001 666947     cutoff  141      5096729.35 700099.315  86.3%  16.9 3420s
 714173 667046 1497247.98   57  864 5096729.35 700099.315  86.3%  16.9 3425s
 714555 667557 2799247.13  102  845 5096729.35 700099.315  86.3%  17.0 3430s
 715408 668443 1534139.06   62  857 5096729.35 700099.315  86.3%  17.0 3436s
 716098 669118 2706337.35  102  742 5096729.35 700099.315  86.3%  17.0 3440s
 716905 669613 3261380.68  204  644 5096729.35 700099.315  86.3%  17.0 3445s
 717325 669910 2276737.25   70  853 5096729.35 700099.315  86.3%  17.1 3450s
 717680 670244 4798284.90  164  661 5096729.35 700099.315  86.3%  17.2 3455s
 718028 670534 722055.120   43  952 5096729.35 700099.315  86.3%  17.3 3460s
 718422 671033 2944253.05  153  683 5096729.35 700099.315  86.3%  17.4 3465s
 719144 671762 3359095.35  417  528 5096729.35 700099.315  86.3%  17.4 3474s
 719328 672065 3372280.72  495  511 5096729.35 700099.315  86.3%  17.4 3475s
 720337 672927 3425969.90  895  430 5096729.35 700099.315  86.3%  17.5 3480s
 721139 673795 3428009.70 1242  426 5096729.35 700099.315  86.3%  17.5 3485s
 721924 674566 3442133.18 1529  368 5096729.35 700099.315  86.3%  17.5 3490s
 722364 675013 3475668.99 1702  324 5096729.35 700099.315  86.3%  17.5 3495s
 723222 675666 3503760.31 1994  356 5096729.35 700099.315  86.3%  17.6 3500s
 723730 676154 3540062.24 2151  512 5096729.35 700099.315  86.3%  17.7 3505s
 724300 676746 3557418.19 2364  504 5096729.35 700099.315  86.3%  17.7 3510s
H724595 676889                    5095196.7187 700099.315  86.3%  17.8 3512s
 724797 677194 3561637.70 2541  511 5095196.72 700099.315  86.3%  17.8 3515s
 725169 677586 3560865.90 2687  504 5095196.72 700099.315  86.3%  17.8 3521s
 725766 678138 3578613.43 2923  503 5095196.72 700099.315  86.3%  17.8 3525s
 726352 678720 3583446.63 3141  490 5095196.72 700099.315  86.3%  17.9 3530s
H726889 679087                    5095145.9812 700099.315  86.3%  17.9 3534s
H726920 679087                    5093472.3391 700099.315  86.3%  17.9 3534s
 726960 679306 3586742.17 3339  491 5093472.34 700099.315  86.3%  17.9 3536s
H727959 680017                    5089627.2242 700099.315  86.2%  17.9 3541s
 728331 680326 3593084.12 3586  482 5089627.22 700099.315  86.2%  17.9 3546s
 728949 680868 3593906.03 3751  477 5089627.22 700099.315  86.2%  17.9 3550s
H729028 681035                    5089541.4274 700099.315  86.2%  17.9 3552s
 729777 681683 3597080.34 4047  474 5089541.43 700099.315  86.2%  17.9 3555s
 730479 682707 3597260.44 4114  467 5089541.43 700099.315  86.2%  18.0 3562s
H730506 682707                    5085589.4053 700099.315  86.2%  18.0 3562s
 730943 683093 3597275.29 4128  467 5085589.41 700099.315  86.2%  18.0 3570s
 732761 684977 3597326.19 4176  467 5085589.41 700099.315  86.2%  18.0 3576s
 733618 685847 3597410.46 4198  470 5085589.41 700099.315  86.2%  18.0 3584s
 734083 686270 3597432.88 4210  469 5085589.41 700099.315  86.2%  18.0 3586s
 735225 687357 3597460.45 4236  469 5085589.41 700099.315  86.2%  18.0 3590s

Cutting planes:
  Implied bound: 4
  MIR: 158
  StrongCG: 1
  Flow cover: 88
  RLT: 309

Explored 736183 nodes (13224021 simplex iterations) in 3601.47 seconds (1542.92 work units)
Thread count was 2 (of 24 available processors)

Solution count 10: 5.08559e+06 5.08954e+06 5.08963e+06 ... 5.09812e+06

Time limit reached
Best objective 5.085589405253e+06, best bound 7.000993145624e+05, gap 86.2337%
