
Gurobi 11.0.3 (linux64, Java) logging started seg 11 nov 2024 19:54:25 -03

Set parameter Username
Academic license - for non-commercial use only - expires 2025-10-10
Set parameter NonConvex to value 2
Set parameter TimeLimit to value 3600
Set parameter LogToConsole to value 0
Set parameter MIPGap to value 1.8970935848319842e-08
Set parameter Threads to value 2
Set parameter NodefileDir to value "/home/ps12398/goal_programming/goalProgrammingMarcos/"
Set parameter NodefileStart to value 1
Gurobi Optimizer version 11.0.3 build v11.0.3rc0 (linux64)

CPU model: Intel(R) Xeon(R) CPU           X5650  @ 2.67GHz, instruction set [SSE2]
Thread count: 12 physical cores, 24 logical processors, using up to 2 threads

Optimize a model with 474212 rows, 319608 columns and 2916478 nonzeros
Model fingerprint: 0x17939043
Model has 404 quadratic constraints
Variable types: 159606 continuous, 160002 integer (399 binary)
Coefficient statistics:
  Matrix range     [3e-03, 9e+06]
  QMatrix range    [3e-03, 2e+05]
  QLMatrix range   [1e+00, 2e+05]
  Objective range  [1e+00, 1e+08]
  Bounds range     [1e+00, 1e+08]
  RHS range        [1e+00, 1e+06]
  QRHS range       [2e-01, 2e-01]
Presolve removed 471665 rows and 316437 columns
Presolve time: 1.91s
Presolved: 4635 rows, 3824 columns, 642701 nonzeros
Presolved model has 2 SOS constraint(s)
Presolved model has 399 bilinear constraint(s)

Solving non-convex MIQCP

Variable types: 1329 continuous, 2495 integer (401 binary)

Root relaxation: objective 2.655386e+05, 1215 iterations, 0.08 seconds (0.07 work units)

    Nodes    |    Current Node    |     Objective Bounds      |     Work
 Expl Unexpl |  Obj  Depth IntInf | Incumbent    BestBd   Gap | It/Node Time

     0     0 265538.552    0  552          - 265538.552      -     -    4s
     0     0 397897.393    0  597          - 397897.393      -     -    5s
     0     0 543541.783    0  300          - 543541.783      -     -    5s
     0     0 710697.716    0  616          - 710697.716      -     -    5s
     0     0 740830.452    0  627          - 740830.452      -     -    5s
     0     0 799942.901    0  594          - 799942.901      -     -    5s
     0     0 807763.855    0  607          - 807763.855      -     -    5s
     0     0 809799.326    0  634          - 809799.326      -     -    6s
     0     0 810381.069    0  624          - 810381.069      -     -    6s
     0     0 810800.699    0  622          - 810800.699      -     -    6s
     0     0 811993.877    0  627          - 811993.877      -     -    6s
     0     0 811993.877    0  638          - 811993.877      -     -    6s
     0     0 812555.191    0  638          - 812555.191      -     -    8s
     0     2 812555.191    0  638          - 812555.191      -     -    8s
    53    57 824856.700   26  543          - 818703.428      -   4.4   10s
  2355  2408 825050.268  876  425          - 818703.428      -   3.5   15s
  3649  3603 836895.653 1002  255          - 818703.428      -   5.1   22s
  3657  3609 829434.683 1271  187          - 826708.331      -   5.1   25s
  3752  3675 830475.778   39  524          - 828684.406      -   5.7   30s
  4723  4380 830514.373  244  396          - 828684.406      -   5.0   35s
  5908  5182 830534.545  520  394          - 828684.406      -   4.8   40s
  6734  5663 830570.411  784  392          - 828684.406      -   6.3   45s
  7149  6036 832115.218  888  397          - 828684.406      -   7.4   50s
  8052  6676 911605.923 1158  390          - 828684.406      -   8.6   55s
  8889  7313 922123.177 1448  390          - 828684.406      -   9.2   61s
  9580  7744 980120.008 1588  143          - 828684.406      -   9.8   65s
 10401  8084 1032123.39 1961   65          - 828684.406      -   9.8   70s
 10963  8883 1034636.27 2217   66          - 828684.406      -   9.5   75s
 12311  9682 1055747.10 2796   55          - 828684.406      -   9.5   80s
 13555 10712 1063765.45 3255   50          - 828684.406      -   9.7   86s
 14544 11340 1066770.95 3476   54          - 828684.406      -   9.5   90s
 16184 12810 1076403.33 3817   46          - 828684.406      -   9.3   95s
 17295 13936 1096031.85 4061   41          - 828684.406      -   9.2  100s
 18529 15164 1118592.98 4393   37          - 828684.406      -   9.1  105s
 19660 16258 1129935.60 4705   27          - 828684.406      -   9.2  110s
 20861 17455 1138449.91 5063   27          - 828684.406      -   9.0  115s
 22022 18606 1146631.26 5407   27          - 828684.406      -   8.8  121s
 22857 19434 1152546.56 5656   28          - 828684.406      -   8.7  125s
 24222 20525 1164494.02 6059   27          - 828684.406      -   8.5  132s
 24763 21329 1165912.60 6218   28          - 828684.406      -   8.4  135s
 25819 22378 1173285.33 6528   28          - 828684.406      -   8.3  140s
 26851 23327 1182824.42 6830   26          - 828684.406      -   8.2  145s
 28166 24795 1191178.53 7181   27          - 828684.406      -   8.1  151s
 29119 25645 1197943.34 7466   26          - 828684.406      -   8.0  155s
 30231 26778 1211481.23 7844   22          - 828684.406      -   7.9  160s
*30571 26892            7979    1246936.4427 828684.406  33.5%   7.8  160s
H30715 26831                    1246690.7262 828768.527  33.5%   7.8  164s
H30743 22828                    1161526.8953 828799.355  28.6%   7.9  165s
H30776 18732                    1083391.0408 828799.355  23.5%   7.9  166s
 30908 18887 829806.829   53  507 1083391.04 828799.355  23.5%   7.9  170s
 31095 19031 829820.411   69  491 1083391.04 828799.355  23.5%   7.9  175s
H31124 18919                    1075474.3895 828799.355  22.9%   7.9  175s
 31350 19066 829840.304  129  422 1075474.39 828799.355  22.9%   7.8  181s
H31735 15609                    1037269.5593 828799.355  20.1%   7.8  184s
H31779  5839                    904160.43522 828799.355  8.33%   7.8  187s
 32378  6610 829862.217  397  393 904160.435 828799.355  8.33%   7.7  190s
 33403  7564 829884.178  630  395 904160.435 828799.355  8.33%   7.5  195s
 34173  8291 829951.606  770  394 904160.435 828799.355  8.33%   7.4  200s
 34870  8957 843336.009  891  418 904160.435 828799.355  8.33%   7.6  205s
 35758  9888 849460.670 1110  388 904160.435 828799.355  8.33%   7.8  210s
 36739 10869 891443.253 1410  102 904160.435 828799.355  8.33%   7.9  215s
 37493 11756 892877.959 1622  104 904160.435 828799.355  8.33%   8.0  221s
 38168 12391 893435.122 1731   98 904160.435 828799.355  8.33%   8.0  225s
 38879 13057 894620.214 1857   97 904160.435 828799.355  8.33%   8.0  230s
 39747 13922 896156.583 2014   99 904160.435 828799.355  8.33%   7.9  235s
 40634 14615 898056.434 2167  101 904160.435 828799.355  8.33%   7.9  240s
 41279 15383 899977.916 2326  101 904160.435 828799.355  8.33%   7.9  245s
 42017 15978 838407.695   45  548 904160.435 829568.877  8.25%   8.0  250s
H42505 14635                    893776.65472 829568.877  7.18%   8.0  254s
 42795 15000 838480.281  231  421 893776.655 829568.877  7.18%   8.0  255s
H43554 12880                    880842.96222 829568.877  5.82%   8.0  260s
 44534 13871 838687.565  669  401 880842.962 829568.877  5.82%   8.1  265s
 45243 14617 838836.012  805  394 880842.962 829568.877  5.82%   8.1  270s
 46437 15777 840739.001 1015  395 880842.962 829568.877  5.82%   8.2  275s
 47441 16812 859509.782 1271  296 880842.962 829568.877  5.82%   8.2  280s
 48301 17707 858154.292 1499  235 880842.962 829568.877  5.82%   8.3  285s
 49467 18863 858381.406 1807  235 880842.962 829568.877  5.82%   8.2  290s
 50503 19893 858593.773 2095  235 880842.962 829568.877  5.82%   8.1  295s
 51333 20628 834128.018  117  475 880842.962 829570.324  5.82%   8.1  300s
 52510 21825 834271.885  377  393 880842.962 829570.324  5.82%   8.1  305s
 53536 22709 835384.135  598  394 880842.962 829570.324  5.82%   8.1  310s
 54752 24065 861858.715  916  145 880842.962 829570.324  5.82%   8.2  315s
 55820 24981 864505.193 1246  116 880842.962 829570.324  5.82%   8.2  320s
H56148 25157                    880832.67711 829570.324  5.82%   8.3  322s
H56152 25080                    880560.60077 829570.324  5.79%   8.3  322s
 56334 25403 866674.557 1394  106 880560.601 829570.324  5.79%   8.3  325s
 57180 26234 867945.451 1597   97 880560.601 829570.324  5.79%   8.3  330s
 58220 27319 871519.580 1816   95 880560.601 829570.324  5.79%   8.3  335s
 58921 28104 875619.855 1987   99 880560.601 829570.324  5.79%   8.2  340s
 59742 28755 832506.261   28  553 880560.601 829634.899  5.78%   8.2  346s
 60750 29981 833668.877  334  392 880560.601 829634.899  5.78%   8.2  350s
 62140 31182 833697.006  697  392 880560.601 829634.899  5.78%   8.1  355s
 63403 32424 833823.200  855  391 880560.601 829634.899  5.78%   8.1  360s
 64831 33849 834026.056 1011  401 880560.601 829634.899  5.78%   8.0  365s
 65863 34873 834289.615 1157  398 880560.601 829634.899  5.78%   8.0  370s
 66995 35946 834684.706 1381  396 880560.601 829634.899  5.78%   8.0  375s
 67924 36879 835408.478 1523  392 880560.601 829634.899  5.78%   8.1  380s
 68826 37757 835630.961 1655  393 880560.601 829634.899  5.78%   8.2  385s
 69825 38746 836148.284 1948  393 880560.601 829634.899  5.78%   8.3  390s
 70676 39643 836911.331 2050  391 880560.601 829634.899  5.78%   8.4  395s
 71626 40466 839058.487 2207  392 880560.601 829634.899  5.78%   8.8  400s
 72616 41479 861310.798 2230  481 880560.601 829634.899  5.78%   8.9  405s
 73708 42689 843725.565 2307  238 880560.601 829634.899  5.78%   8.9  411s
 74785 43709 843935.191 2379  389 880560.601 829634.899  5.78%   9.0  415s
 75674 44464 844754.575 2491  396 880560.601 829634.899  5.78%   9.0  420s
 76358 45090 844911.320 2551  232 880560.601 829634.899  5.78%   9.3  425s
 77124 45951 847659.097 2637  380 880560.601 829634.899  5.78%   9.6  431s
 78113 46835 847877.363 2933  380 880560.601 829634.899  5.78%   9.6  435s
 78844 47575 848107.737 3257  383 880560.601 829634.899  5.78%   9.8  440s
 79597 48318 849012.098 3450  376 880560.601 829634.899  5.78%   9.8  445s
 80531 49218 855249.476 3514  223 880560.601 829634.899  5.78%   9.8  450s
 81500 50178 859035.162 3788  200 880560.601 829634.899  5.78%   9.8  455s
 82610 51198 860729.541 4003  194 880560.601 829634.899  5.78%   9.8  460s
 83525 51955 867272.855 4050  393 880560.601 829634.899  5.78%   9.8  465s
 83924 52255 869559.416 4079  379 880560.601 829634.899  5.78%   9.8  470s
H84440 52528                    879883.50521 829634.899  5.71%   9.8  473s
H84552 52531                    878893.16476 829634.899  5.60%   9.8  475s
 85345 53320 871817.895 4322  368 878893.165 829634.899  5.60%   9.8  480s
 86837 55060 872059.966 4838  368 878893.165 829634.899  5.60%   9.6  486s
 88491 56497 872341.847 5439  368 878893.165 829634.899  5.60%   9.5  490s
 89895 57863 872682.435 6165  368 878893.165 829634.899  5.60%   9.4  495s
 91322 59235 875139.973 6614  367 878893.165 829634.899  5.60%   9.4  500s
 92669 60448 836693.692  261  479 878893.165 829700.842  5.60%   9.3  505s
 94002 61795 837425.454  732  400 878893.165 829700.842  5.60%   9.2  510s
 95272 63016 837773.814 1026  394 878893.165 829700.842  5.60%   9.2  515s
 96593 64330 838418.320 1384  398 878893.165 829700.842  5.60%   9.2  520s
H97156 64747                    878892.10548 829700.842  5.60%   9.2  523s
H97157 64740                    878858.43225 829700.842  5.59%   9.2  523s
 97337 64993 838560.088 1503  396 878858.432 829700.842  5.59%   9.2  525s
 98200 65896 838771.429 1634  393 878858.432 829700.842  5.59%   9.2  531s
 99196 67080 839511.047 1867  400 878858.432 829700.842  5.59%   9.2  535s
 100491 68235 840968.794 2281  398 878858.432 829700.842  5.59%   9.1  540s
 101585 69363 842293.194 2610  394 878858.432 829700.842  5.59%   9.1  545s
 102212 69893 842907.965 2716  393 878858.432 829700.842  5.59%   9.1  550s
 103135 70744 843849.590 2868  394 878858.432 829700.842  5.59%   9.1  555s
 104329 72077 845122.833 3128  394 878858.432 829700.842  5.59%   9.1  561s
 106079 73750 845662.609 3221  394 878858.432 829700.842  5.59%   9.0  565s
 107205 74798 845950.371 3273  394 878858.432 829700.842  5.59%   8.9  570s
 108953 76525 846938.795 3410  393 878858.432 829700.842  5.59%   8.9  575s
 110128 77683 848686.730 3686  398 878858.432 829700.842  5.59%   9.0  580s
 110947 78491 850231.412 3886  400 878858.432 829700.842  5.59%   9.0  585s
H111664 79187                    878824.75901 829700.842  5.59%   9.1  589s
 111880 79416 851706.779 4040  395 878824.759 829700.842  5.59%   9.1  590s
H112502 79990                    878671.35232 829700.842  5.57%   9.1  593s
H112565 79948                    878433.40282 829700.842  5.55%   9.1  593s
 112762 80249 852222.155 4160  401 878433.403 829700.842  5.55%   9.2  595s
H112946 80312                    878268.14083 829700.842  5.53%   9.2  596s
 113454 80926 852683.452 4292  398 878268.141 829700.842  5.53%   9.2  600s
 114235 81688 854201.853 4474  404 878268.141 829700.842  5.53%   9.3  605s
 114952 82449 855427.867 4562  393 878268.141 829700.842  5.53%   9.3  611s
 115798 83348 857839.902 4621  410 878268.141 829700.842  5.53%   9.3  615s
 117045 84586 863738.943 4956  394 878268.141 829700.842  5.53%   9.3  620s
 118689 86166 864538.205 5277  395 878268.141 829700.842  5.53%   9.3  625s
 119283 86742 865577.678 5433  392 878268.141 829700.842  5.53%   9.3  630s
 119973 87361 865774.165 5517  399 878268.141 829700.842  5.53%   9.3  635s
 120733 88204 868803.428 5735  395 878268.141 829700.842  5.53%   9.4  640s
 121775 89184 871259.738 5934  395 878268.141 829700.842  5.53%   9.3  645s
 122527 89849 874359.476 6245  393 878268.141 829700.842  5.53%   9.4  650s
 123363 90661     cutoff 6327      878268.141 829728.546  5.53%   9.4  655s
 124697 92051 833342.828  545  416 878268.141 829728.546  5.53%   9.3  660s
H126268 93301                    878257.52375 829728.546  5.53%   9.2  665s
 127293 94568 835349.130 1292  438 878257.524 829728.546  5.53%   9.2  670s
 128696 96014 841117.347 1980  408 878257.524 829728.546  5.53%   9.1  675s
 129985 97211 842065.337 2145  411 878257.524 829728.546  5.53%   9.1  680s
 131563 98807 842274.806 2486  394 878257.524 829728.546  5.53%   9.1  687s
 132280 99500 842287.164 2625  390 878257.524 829728.546  5.53%   9.0  690s
 133384 100584 842587.039 2802  389 878257.524 829728.546  5.53%   9.1  695s
 134466 101567 842919.414 2924  394 878257.524 829728.546  5.53%   9.1  700s
 135346 102543 843521.706 3204  393 878257.524 829728.546  5.53%   9.2  706s
 136168 103305 844137.589 3475  393 878257.524 829728.546  5.53%   9.2  711s
 136981 104168 844818.586 3771  393 878257.524 829728.546  5.53%   9.3  715s
 138221 105438 846171.908 3928  392 878257.524 829728.546  5.53%   9.2  720s
H139154 106373                    878246.90667 829728.546  5.52%   9.2  723s
H139648 106695                    878236.64649 829728.546  5.52%   9.2  724s
 139763 106977 847918.156 4107  394 878236.646 829728.546  5.52%   9.2  725s
 141279 108503 849636.210 4283  394 878236.646 829728.546  5.52%   9.2  730s
 142573 109837 851043.447 4427  394 878236.646 829728.546  5.52%   9.2  735s
 143743 110899 852139.623 4566  390 878236.646 829728.546  5.52%   9.2  740s
 144574 111721 852259.520 4622  392 878236.646 829728.546  5.52%   9.2  745s
 145427 112573 852363.277 4661  391 878236.646 829728.546  5.52%   9.2  751s
 146072 113233 852425.679 4685  391 878236.646 829728.546  5.52%   9.3  755s
 146985 114170 852511.554 4716  392 878236.646 829728.546  5.52%   9.3  761s
 147468 114632 852559.764 4735  391 878236.646 829728.546  5.52%   9.3  765s
 148229 115406 852627.572 4760  391 878236.646 829728.546  5.52%   9.4  770s
 149217 116374 852725.981 4797  391 878236.646 829728.546  5.52%   9.4  776s
 149693 116938 852756.063 4809  391 878236.646 829728.546  5.52%   9.4  780s
 150873 118334 852819.427 4890  395 878236.646 829728.546  5.52%   9.4  785s
 152400 119492 852971.809 5001  399 878236.646 829728.546  5.52%   9.4  791s
H152401 119492                    878233.31554 829728.546  5.52%   9.4  791s
H152402 119492                    878229.50941 829728.546  5.52%   9.4  791s
H152473 119492                    878229.36047 829728.546  5.52%   9.4  791s
 153073 120307 853011.837 5031  399 878229.360 829728.546  5.52%   9.4  796s
 153383 120718 853027.384 5048  390 878229.360 829728.546  5.52%   9.4  800s
 154340 121533 853083.442 5091  390 878229.360 829728.546  5.52%   9.4  805s
 155192 122299 853178.781 5134  392 878229.360 829728.546  5.52%   9.4  810s
 156706 123801 853363.917 5195  391 878229.360 829728.546  5.52%   9.4  816s
 157429 124580 853474.831 5237  390 878229.360 829728.546  5.52%   9.4  820s
 158681 125830 853675.400 5310  392 878229.360 829728.546  5.52%   9.4  825s
 159970 127099 853895.216 5387  391 878229.360 829728.546  5.52%   9.5  831s
 160727 127887 854006.678 5434  390 878229.360 829728.546  5.52%   9.5  836s
 161431 128479 854111.831 5472  390 878229.360 829728.546  5.52%   9.5  841s
 161864 129033 854180.421 5495  391 878229.360 829728.546  5.52%   9.5  845s
 162725 130008 854286.589 5533  393 878229.360 829728.546  5.52%   9.5  851s
 164144 131338 854413.879 5579  393 878229.360 829728.546  5.52%   9.5  856s
 164984 132142 854495.962 5611  392 878229.360 829728.546  5.52%   9.5  860s
 165795 133134 854598.872 5649  390 878229.360 829728.546  5.52%   9.5  865s
 167395 134399 854904.859 5700  402 878229.360 829728.546  5.52%   9.5  871s
 168154 135198 854839.011 5733  391 878229.360 829728.546  5.52%   9.5  875s
 168971 135997 854943.932 5771  391 878229.360 829728.546  5.52%   9.5  880s
 169787 136854 855047.922 5806  392 878229.360 829728.546  5.52%   9.5  885s
 170591 137657 855146.422 5842  391 878229.360 829728.546  5.52%   9.5  890s
 171467 138488 855259.623 5885  391 878229.360 829728.546  5.52%   9.5  895s
 172740 139877 855398.062 5936  392 878229.360 829728.546  5.52%   9.5  901s
 173542 140647 855506.491 5976  390 878229.360 829728.546  5.52%   9.5  905s
 174423 141515 855613.822 6013  391 878229.360 829728.546  5.52%   9.5  910s
 175305 142308 855718.975 6051  391 878229.360 829728.546  5.52%   9.5  915s
 176132 143215 855823.897 6089  391 878229.360 829728.546  5.52%   9.5  920s
 177019 144107 855932.301 6126  391 878229.360 829728.546  5.52%   9.5  925s
 178066 145151 856079.636 6179  392 878229.360 829728.546  5.52%   9.5  931s
 178916 145988 856187.218 6222  390 878229.360 829728.546  5.52%   9.5  935s
 179876 146744 856331.895 6270  392 878229.360 829728.546  5.52%   9.6  940s
 180455 147369 856441.139 6308  392 878229.360 829728.546  5.52%   9.7  945s
 181228 148122 856560.903 6347  390 878229.360 829728.546  5.52%   9.7  950s
 182365 149133 856698.251 6399  392 878229.360 829728.546  5.52%   9.7  956s
 182895 149879 856779.250 6425  394 878229.360 829728.546  5.52%   9.8  960s
 184697 151443 858444.554 6710  391 878229.360 829728.546  5.52%   9.8  966s
 185575 152497 859146.865 6972  389 878229.360 829728.546  5.52%   9.8  970s
 187187 153952 859314.979 7198  390 878229.360 829728.546  5.52%   9.7  975s
 188938 155693 859472.373 7389  391 878229.360 829728.546  5.52%   9.7  981s
 190145 157110 859592.245 7575  390 878229.360 829728.546  5.52%   9.7  987s
 191296 158061 859686.361 7680  391 878229.360 829728.546  5.52%   9.6  990s
 192367 158675 860510.299 7862  391 878229.360 829728.546  5.52%   9.6  995s
 193451 159760 862439.190 8005  390 878229.360 829728.546  5.52%   9.6 1000s
H194311 160431                    878221.96718 829728.546  5.52%   9.6 1004s
 194394 160474 863503.737 8082  393 878221.967 829728.546  5.52%   9.6 1006s
 194911 161112 865263.896 8182  393 878221.967 829728.546  5.52%   9.6 1011s
 195637 161875 865549.382 8223  392 878221.967 829728.546  5.52%   9.6 1015s
 196678 162932 865687.083 8243  393 878221.967 829728.546  5.52%   9.6 1020s
 197680 163935 865912.104 8268  393 878221.967 829728.546  5.52%   9.6 1026s
 198356 164629 866067.231 8284  394 878221.967 829728.546  5.52%   9.6 1030s
 199461 165529 866328.502 8315  393 878221.967 829728.546  5.52%   9.6 1036s
 200033 166260 866434.787 8326  393 878221.967 829728.546  5.52%   9.6 1041s
 200703 166915 866589.438 8344  394 878221.967 829728.546  5.52%   9.6 1045s
 201642 167880 866815.898 8370  392 878221.967 829728.546  5.52%   9.7 1051s
 202295 168503 866987.514 8388  393 878221.967 829728.546  5.52%   9.7 1056s
 202996 169238 867147.441 8408  392 878221.967 829728.546  5.52%   9.7 1060s
 203755 170006 867323.334 8431  393 878221.967 829728.546  5.52%   9.7 1065s
 204480 170801 867498.673 8451  393 878221.967 829728.546  5.52%   9.7 1070s
 205557 171861 867673.804 8468  392 878221.967 829728.546  5.52%   9.7 1076s
 206226 172587 867775.121 8483  392 878221.967 829728.546  5.52%   9.6 1080s
H207130 173279                    878214.57388 829728.546  5.52%   9.6 1085s
 208516 174864 868073.995 8515  393 878214.574 829728.546  5.52%   9.6 1090s
 210312 176562 868249.052 8535  392 878214.574 829728.546  5.52%   9.5 1096s
 211180 177416 868399.818 8553  393 878214.574 829728.546  5.52%   9.6 1101s
 211958 178322 868539.870 8571  392 878214.574 829728.546  5.52%   9.6 1106s
 212988 179276 868713.251 8589  393 878214.574 829728.546  5.52%   9.6 1110s
 214040 180246 868824.185 8603  392 878214.574 829728.546  5.52%   9.5 1115s
 214690 180795     cutoff 8631      878214.574 829790.757  5.51%   9.6 1121s
 215857 182077 833904.987  370  396 878214.574 829790.757  5.51%   9.5 1125s
 217447 183537 834069.567  930  392 878214.574 829790.757  5.51%   9.5 1131s
 218495 184255 834312.159 1141  392 878214.574 829790.757  5.51%   9.5 1136s
 219645 185502 834619.957 1343  393 878214.574 829790.757  5.51%   9.4 1141s
 220288 185976 834829.222 1451  392 878214.574 829790.757  5.51%   9.4 1145s
 221857 187558 835184.926 1651  392 878214.574 829790.757  5.51%   9.4 1150s
 222855 188715 839712.898 1707  398 878214.574 829790.757  5.51%   9.4 1155s
 224048 189714 841161.272 1763  403 878214.574 829790.757  5.51%   9.4 1160s
 225433 190868 841524.520 1858  398 878214.574 829790.757  5.51%   9.4 1165s
H226090 191571                    878207.18058 829790.757  5.51%   9.4 1169s
 226353 191834 841567.128 1931  392 878207.181 829790.757  5.51%   9.4 1171s
 227159 192359 841599.573 1974  392 878207.181 829790.757  5.51%   9.4 1176s
 227648 192828 841643.816 2035  392 878207.181 829790.757  5.51%   9.4 1180s
 228636 194128 841721.979 2141  392 878207.181 829790.757  5.51%   9.4 1186s
 229927 195346 841785.394 2226  392 878207.181 829790.757  5.51%   9.4 1190s
 231156 196390 841871.347 2332  398 878207.181 829790.757  5.51%   9.4 1195s
*231673 196633            2056    878206.57219 829790.757  5.51%   9.4 1196s
 231678 196880 841906.326 2393  390 878206.572 829790.757  5.51%   9.4 1201s
 232646 198147 841965.316 2470  392 878206.572 829790.757  5.51%   9.3 1205s
 233776 199081 842007.759 2517  390 878206.572 829790.757  5.51%   9.3 1210s
 234768 199734 842055.277 2594  392 878206.572 829790.757  5.51%   9.3 1215s
 235925 200838 842086.171 2622  388 878206.572 829790.757  5.51%   9.3 1221s
 236913 201824 843070.225 2627  395 878206.572 829790.757  5.51%   9.3 1225s
 238186 203218 849445.750 2695  249 878206.572 829790.757  5.51%   9.3 1230s
 239143 203969 851476.680 2709  403 878206.572 829790.757  5.51%   9.3 1235s
 240260 205458 856307.978 2799  397 878206.572 829790.757  5.51%   9.4 1240s
H241364 204975                    876664.35452 829790.757  5.35%   9.3 1243s
 242018 205490 857342.035 3066  372 876664.355 829790.757  5.35%   9.3 1246s
 243260 206676 857440.947 3277  372 876664.355 829790.757  5.35%   9.3 1250s
 244192 207605 857537.998 3479  371 876664.355 829790.757  5.35%   9.3 1255s
 245170 208614 857630.081 3680  372 876664.355 829790.757  5.35%   9.3 1260s
 245927 208976 857698.441 3821  371 876664.355 829790.757  5.35%   9.3 1265s
 246925 210061 857783.412 4007  372 876664.355 829790.757  5.35%   9.3 1270s
 248176 211224 857864.908 4174  371 876664.355 829790.757  5.35%   9.3 1275s
 249309 212421 857957.532 4371  371 876664.355 829790.757  5.35%   9.3 1280s
 250890 214126 858025.881 4516  371 876664.355 829790.757  5.35%   9.3 1285s
 252503 215600 858096.838 4670  371 876664.355 829790.757  5.35%   9.2 1290s
 253929 216974 858176.003 4836  371 876664.355 829790.757  5.35%   9.2 1295s
H254173 217030                    876662.31675 829790.757  5.35%   9.2 1296s
H254209 216878                    876613.41032 829790.757  5.34%   9.2 1296s
 254666 217496 858240.300 4934  361 876613.410 829790.757  5.34%   9.2 1300s
 255602 218488 858271.849 5041  371 876613.410 829790.757  5.34%   9.2 1305s
 256528 219387 858328.018 5160  370 876613.410 829790.757  5.34%   9.1 1310s
 257320 220159 858381.499 5274  370 876613.410 829790.757  5.34%   9.1 1315s
H257471 220039                    876567.58369 829790.757  5.34%   9.1 1315s
H257651 220139                    876531.80387 829790.757  5.33%   9.1 1316s
H257883 219364                    876113.93879 829790.757  5.29%   9.2 1318s
H257998 213464                    874139.90900 829790.757  5.07%   9.1 1318s
H258043 213636                    874132.33950 829790.757  5.07%   9.2 1319s
 258247 213771 858452.785 5424  367 874132.340 829790.757  5.07%   9.2 1321s
 259233 214675 858847.399 5868  361 874132.340 829790.757  5.07%   9.2 1327s
 259730 215201 860923.566 6026  350 874132.340 829790.757  5.07%   9.2 1330s
 260832 216135 868168.641 6198  387 874132.340 829790.757  5.07%   9.2 1335s
 261584 217220 835951.975  201  430 874132.340 829793.410  5.07%   9.2 1340s
 263763 219397 866784.200 2044  260 874132.340 829793.410  5.07%   9.2 1346s
 264447 219997 868176.187 2600  261 874132.340 829793.410  5.07%   9.2 1350s
 265429 220749 839162.859  179  520 874132.340 829793.552  5.07%   9.2 1355s
 266684 221851 858367.667 1042  138 874132.340 829793.552  5.07%   9.2 1360s
 268085 223123 868104.461 1853   62 874132.340 829793.552  5.07%   9.1 1366s
 268829 223926 832905.221  110  470 874132.340 829793.794  5.07%   9.1 1370s
 270330 224941 870325.033 1391  269 874132.340 829793.794  5.07%   9.1 1375s
 270940 225599 834344.110  167  414 874132.340 829793.868  5.07%   9.1 1380s
 272167 226632 872025.442 1108  144 874132.340 829793.868  5.07%   9.1 1385s
 273151 227584 838312.638  263  437 874132.340 829794.177  5.07%   9.1 1390s
 273899 228249 840392.123  490  407 874132.340 829794.177  5.07%   9.2 1395s
 274685 229052 851062.973  701  391 874132.340 829794.177  5.07%   9.2 1400s
 275400 229748 853843.098  822  395 874132.340 829794.177  5.07%   9.2 1405s
 276183 230598 851406.795  937  390 874132.340 829794.177  5.07%   9.2 1410s
 276964 231364 851690.632 1093  392 874132.340 829794.177  5.07%   9.3 1415s
 277630 232002 852071.118 1216  393 874132.340 829794.177  5.07%   9.3 1420s
 278319 232653 852393.172 1350  391 874132.340 829794.177  5.07%   9.3 1425s
H278877 233236                    874132.05196 829794.177  5.07%   9.3 1429s
H279046 233168                    874076.49681 829794.177  5.07%   9.4 1432s
H279166 233489                    874070.25172 829794.177  5.07%   9.4 1435s
H279244 233475                    874060.69282 829794.177  5.06%   9.4 1435s
H279378 233584                    874037.55609 829794.177  5.06%   9.4 1436s
 279728 233926 863561.082 1639  408 874037.556 829794.177  5.06%   9.4 1440s
 280570 234835 854577.954 1743  391 874037.556 829794.177  5.06%   9.4 1446s
 281430 235753 856145.193 1930  390 874037.556 829794.177  5.06%   9.4 1450s
 282712 237088 859438.855 2281  397 874037.556 829794.177  5.06%   9.4 1457s
 283323 237612 860831.594 2429  397 874037.556 829794.177  5.06%   9.4 1460s
 284733 238989 862732.495 2631  397 874037.556 829794.177  5.06%   9.4 1466s
 285327 239614 862999.857 2785  391 874037.556 829794.177  5.06%   9.4 1470s
 286207 240371 863176.917 3027  390 874037.556 829794.177  5.06%   9.4 1476s
 287161 241294 863364.124 3279  391 874037.556 829794.177  5.06%   9.4 1481s
 287802 241941 863483.581 3441  391 874037.556 829794.177  5.06%   9.4 1485s
 288443 242267 864424.345 3534  390 874037.556 829794.299  5.06%   9.4 1491s
 289068 243267 846608.041  133  503 874037.556 829794.299  5.06%   9.4 1496s
 290438 244667 831557.165   71  524 874037.556 829794.684  5.06%   9.4 1501s
 291800 245878 868119.760  773  281 874037.556 829794.684  5.06%   9.3 1506s
 293162 246994 833906.084  198  490 874037.556 829795.080  5.06%   9.3 1511s
 294147 248052 855136.420  685  181 874037.556 829795.080  5.06%   9.3 1515s
 295713 249253 858561.704 1284  125 874037.556 829795.080  5.06%   9.3 1520s
 296847 250446 863275.844 1649   90 874037.556 829795.080  5.06%   9.3 1525s
*297905 251286            2070    874037.19666 829795.498  5.06%   9.3 1529s
 298256 251698 831393.077   63  524 874037.197 829795.498  5.06%   9.3 1530s
H298702 237588                    869984.96349 829795.498  4.62%   9.3 1532s
 299187 238288 836971.393  181  519 869984.963 829795.498  4.62%   9.3 1536s
H300067 238900                    869978.41887 829795.498  4.62%   9.3 1538s
 300741 239718 844215.956  768  482 869978.419 829795.498  4.62%   9.2 1540s
 301738 240442 845716.714 1104  444 869978.419 829795.498  4.62%   9.2 1545s
 303418 242280 846224.965 1331  409 869978.419 829795.498  4.62%   9.2 1550s
 305447 244345 846885.784 1607  399 869978.419 829795.498  4.62%   9.2 1556s
 306731 245374 847242.909 1796  397 869978.419 829795.498  4.62%   9.1 1560s
 308027 246622 847652.031 2011  398 869978.419 829795.498  4.62%   9.1 1565s
 309582 248223 848224.437 2292  394 869978.419 829795.498  4.62%   9.1 1570s
 311781 250206 848539.980 2627  397 869978.419 829795.498  4.62%   9.0 1575s
H313030 251396                    869971.87425 829795.498  4.62%   9.0 1579s
 313255 251398 848721.279 2769  394 869971.874 829795.498  4.62%   9.0 1582s
H313256 250139                    869709.40075 829795.498  4.59%   9.0 1582s
 313821 250838 848807.111 2836  396 869709.401 829795.498  4.59%   9.0 1586s
 314629 251725 848958.268 2956  392 869709.401 829795.498  4.59%   9.0 1591s
 315812 252867 849123.138 3086  392 869709.401 829795.498  4.59%   9.0 1596s
 316522 253558 849247.425 3184  392 869709.401 829795.498  4.59%   9.0 1600s
H317270 248946                    868551.73854 829795.498  4.46%   9.0 1603s
 317666 249419 849495.488 3285  392 868551.739 829795.498  4.46%   9.0 1605s
H318139 227287                    865173.32890 829795.498  4.09%   9.0 1606s
 319215 228367 849668.818 3420  394 865173.329 829795.498  4.09%   9.0 1610s
 320474 229598 849848.487 3561  392 865173.329 829795.498  4.09%   9.0 1615s
 321735 230855 850043.901 3716  395 865173.329 829795.498  4.09%   9.0 1620s
 322752 231874 850195.983 3835  392 865173.329 829795.498  4.09%   9.0 1625s
 323756 232867 850349.156 3955  396 865173.329 829795.498  4.09%   9.0 1630s
 324524 233553 850477.950 4058  394 865173.329 829795.498  4.09%   9.0 1635s
 325490 234478 850744.500 4146  394 865173.329 829795.498  4.09%   8.9 1640s
 326408 235258 852351.317 4507  395 865173.329 829795.498  4.09%   8.9 1645s
H326463 235130                    865141.64089 829795.498  4.09%   8.9 1645s
 327459 236369 855243.232 4752  399 865141.641 829795.498  4.09%   8.9 1651s
 329034 237709 858001.550 4936  392 865141.641 829795.498  4.09%   8.9 1655s
 329803 238714 862702.794 5022  275 865141.641 829795.498  4.09%   8.9 1661s
 331109 239776 863852.515 5059  248 865141.641 829795.498  4.09%   8.9 1665s
 332549 241010 831913.680  114  512 865141.641 829797.414  4.09%   8.9 1670s
 334085 242440 842219.189  524  494 865141.641 829797.414  4.09%   8.9 1675s
 335321 243753 846184.868  928  468 865141.641 829797.414  4.09%   8.9 1680s
 336463 245001 853930.109 1515  469 865141.641 829797.414  4.09%   8.9 1685s
 337869 246134 862965.369 2199  450 865141.641 829797.414  4.09%   8.9 1690s
 338754 247260 845017.350  485  353 865141.641 829797.889  4.09%   8.9 1695s
H339642 246450                    864801.50743 829797.889  4.05%   8.9 1698s
 340055 247066 848307.145 1338  279 864801.507 829797.889  4.05%   8.9 1700s
 341298 248270 851893.151 2148  259 864801.507 829797.889  4.05%   8.9 1705s
 342649 249754 855768.088 2992  247 864801.507 829797.889  4.05%   8.8 1710s
 344126 251026 859744.178 4192  233 864801.507 829797.889  4.05%   8.9 1715s
 345099 251916 862726.638 4923  227 864801.507 829797.889  4.05%   8.8 1720s
 345833 252684 857837.322  459  273 864801.507 829798.098  4.05%   8.8 1725s
 347029 253836 842369.378  377  437 864801.507 829798.420  4.05%   8.8 1730s
 348329 255086 843968.759 1231  385 864801.507 829798.420  4.05%   8.8 1735s
H348643 255333                    864792.15298 829798.420  4.05%   8.8 1736s
 349592 256256 847767.559 2021  191 864792.153 829798.420  4.05%   8.8 1740s
 350603 257403 853598.493 2650  176 864792.153 829798.420  4.05%   8.8 1745s
 352091 258857 856909.737 3465  158 864792.153 829798.420  4.05%   8.8 1750s
H352867 258135                    864533.74150 829798.420  4.02%   8.8 1752s
 353361 258717 859544.081 4067  152 864533.742 829798.420  4.02%   8.8 1755s
 353947 259113 861096.140 4356  143 864533.742 829798.420  4.02%   8.8 1760s
 354907 260283 838456.932  182  382 864533.742 829798.449  4.02%   8.8 1765s
 356280 261613 858400.407  906  255 864533.742 829798.449  4.02%   8.7 1770s
 357410 262803 840247.567  505  324 864533.742 829798.566  4.02%   8.7 1775s
 359199 264528 848441.646 1537  281 864533.742 829798.566  4.02%   8.7 1780s
 360556 265839 850535.433 2306  267 864533.742 829798.566  4.02%   8.7 1785s
 361823 267076 852929.478 2955  260 864533.742 829798.566  4.02%   8.7 1790s
 363575 268611 857016.019 3673  243 864533.742 829798.566  4.02%   8.7 1795s
 364882 269869 861047.217 4293  228 864533.742 829798.566  4.02%   8.7 1800s
H365777 270404                    864525.98416 829798.566  4.02%   8.7 1803s
 365918 270406 863433.203 4652  223 864525.984 829798.566  4.02%   8.7 1805s
 366797 271494 853095.881  123  518 864525.984 829799.325  4.02%   8.6 1810s
 367807 272409 833286.070   73  421 864525.984 829799.383  4.02%   8.6 1815s
 369045 273742 839561.125  217  538 864525.984 829799.383  4.02%   8.6 1820s
 370503 275240 844217.561  430  288 864525.984 829799.383  4.02%   8.6 1825s
 371938 276678 848690.863  882  234 864525.984 829799.383  4.02%   8.6 1830s
H373347 277516                    864454.44684 829799.383  4.01%   8.6 1835s
 374895 279228 851327.771 1510  400 864454.447 829799.383  4.01%   8.6 1841s
 376253 280373 851914.829 1684  397 864454.447 829799.383  4.01%   8.6 1845s
 377125 281267 852103.638 1833  393 864454.447 829799.383  4.01%   8.6 1851s
 378287 282272 852298.686 1983  398 864454.447 829799.383  4.01%   8.6 1855s
 379082 283131 852504.401 2150  393 864454.447 829799.383  4.01%   8.6 1860s
 380062 284010 852707.057 2305  398 864454.447 829799.383  4.01%   8.6 1865s
 381683 285704 852980.177 2519  398 864454.447 829799.383  4.01%   8.5 1870s
 383382 287374 853225.397 2712  398 864454.447 829799.383  4.01%   8.5 1875s
 385412 289305 853564.465 2978  398 864454.447 829799.383  4.01%   8.5 1880s
 386510 290435 853778.631 3161  393 864454.447 829799.383  4.01%   8.5 1885s
 387595 291245 854272.656 3487  207 864454.447 829799.383  4.01%   8.5 1890s
 389165 292913 855664.464 3848  200 864454.447 829799.383  4.01%   8.5 1896s
 390514 294134 857003.979 4142  397 864454.447 829799.383  4.01%   8.5 1900s
 392038 295615 858251.674 4387  360 864454.447 829799.383  4.01%   8.5 1905s
 393386 296959 859273.717 4585  147 864454.447 829799.383  4.01%   8.5 1910s
 394482 297952 859154.408 4642  145 864454.447 829799.383  4.01%   8.5 1916s
 395005 298319 859583.711 4679  147 864454.447 829799.383  4.01%   8.5 1921s
 395923 299328 859402.898 4717  354 864454.447 829799.383  4.01%   8.5 1926s
 396637 299864 859556.434 4763  353 864454.447 829799.383  4.01%   8.5 1930s
 397442 300714 859814.162 4842  144 864454.447 829799.383  4.01%   8.5 1935s
 398360 301520 860139.767 4939  353 864454.447 829799.383  4.01%   8.5 1940s
 399006 302164 860504.599 5050  141 864454.447 829799.383  4.01%   8.5 1945s
H399419 302354                    864450.59180 829799.383  4.01%   8.5 1949s
 399440 302418 861635.040 5110  143 864450.592 829799.383  4.01%   8.5 1950s
 399705 302696     cutoff 5142      864450.592 829801.557  4.01%   8.6 1955s
 400733 303725 842126.110  663  508 864450.592 829801.557  4.01%   8.6 1961s
 401176 304048 845255.021  773  511 864450.592 829801.557  4.01%   8.6 1965s
 402196 305246 850196.888 1457  505 864450.592 829801.557  4.01%   8.6 1970s
 403378 306396 860625.535 2451  505 864450.592 829801.557  4.01%   8.6 1976s
 404347 307422 861701.549 2704  429 864450.592 829801.557  4.01%   8.6 1981s
 405209 308322 852537.315  160  321 864450.592 829801.653  4.01%   8.6 1987s
 405582 308730 855107.506  221  263 864450.592 829801.653  4.01%   8.5 1990s
 406642 309640 861686.224  381  167 864450.592 829801.653  4.01%   8.5 1997s
 407418 310386 840414.151  357  306 864450.592 829801.900  4.01%   8.5 2001s
 408251 311327 837779.954  384  336 864450.592 829801.960  4.01%   8.5 2006s
 409527 312472 843416.251 1374  285 864450.592 829801.960  4.01%   8.5 2010s
 410772 313746 849745.041 2248  271 864450.592 829801.960  4.01%   8.5 2015s
 412199 314989 856017.660 3298  243 864450.592 829801.960  4.01%   8.5 2020s
 413147 315999 860780.631 3985  233 864450.592 829801.960  4.01%   8.5 2026s
 414114 316891 857799.215  486  318 864450.592 829802.337  4.01%   8.5 2031s
 414671 317652 838558.472  275  416 864450.592 829802.337  4.01%   8.5 2035s
 416548 319647 850294.538 1702  265 864450.592 829802.337  4.01%   8.5 2040s
 418765 321547 857361.074 3298  249 864450.592 829802.337  4.01%   8.5 2046s
 420020 322600 860018.019 4154  239 864450.592 829802.337  4.01%   8.5 2050s
 421161 323721     cutoff 4679      864450.592 829803.622  4.01%   8.5 2056s
 422313 324999 848977.109  682  261 864450.592 829803.622  4.01%   8.5 2061s
 424433 326817 844698.431  474  446 864450.592 829804.508  4.01%   8.5 2065s
 425840 328340 834979.200  338  507 864450.592 829804.933  4.01%   8.5 2070s
 427020 329268 839505.790  583  501 864450.592 829804.933  4.01%   8.5 2075s
 428502 330829 844222.134 1066  351 864450.592 829804.933  4.01%   8.5 2080s
 429466 331742 850244.589 1278  339 864450.592 829804.933  4.01%   8.5 2085s
 430667 332903 852010.906 1492  308 864450.592 829804.933  4.01%   8.4 2090s
 432043 334251 853846.238 1662  305 864450.592 829804.933  4.01%   8.4 2095s
 433396 335501 855375.790 1810  304 864450.592 829804.933  4.01%   8.4 2100s
 434803 336900 857362.105 1997  300 864450.592 829804.933  4.01%   8.4 2105s
 435890 337989 858955.636 2158  295 864450.592 829804.933  4.01%   8.4 2110s
 437209 339238 859456.128 2238  291 864450.592 829804.933  4.01%   8.4 2115s
 438136 340022 860638.207 2364  291 864450.592 829804.933  4.01%   8.4 2121s
 438987 341029 861719.691 2472  288 864450.592 829804.933  4.01%   8.4 2126s
 439834 341707 863055.926 2497  329 864450.592 829804.933  4.01%   8.4 2130s
 441330 343070 860563.687  401  307 864450.592 829805.889  4.01%   8.4 2136s
 442994 344667 845172.905  848  295 864450.592 829805.889  4.01%   8.3 2140s
 444895 346792 854598.209 2020  265 864450.592 829805.889  4.01%   8.3 2145s
 446210 347740     cutoff 2769      864450.592 829805.889  4.01%   8.3 2150s
 447374 348943 835709.002  269  298 864450.592 829805.917  4.01%   8.3 2155s
 448373 349840 835905.307  507  272 864450.592 829805.917  4.01%   8.3 2160s
 449738 351303 836298.861  679  273 864450.592 829805.917  4.01%   8.3 2165s
 450846 352331 836629.123  812  267 864450.592 829805.917  4.01%   8.3 2170s
 452180 353460 841351.306  956  254 864450.592 829805.917  4.01%   8.3 2175s
 453051 354064 841584.031 1005  253 864450.592 829805.917  4.01%   8.3 2180s
 453842 355075 841890.636 1058  250 864450.592 829805.917  4.01%   8.3 2186s
 454880 356117 842080.591 1186  237 864450.592 829805.917  4.01%   8.3 2191s
 455808 356953 842345.527 1385  237 864450.592 829805.917  4.01%   8.3 2195s
 456714 357834 842601.351 1576  235 864450.592 829805.917  4.01%   8.3 2200s
 457896 359203 842956.634 1843  237 864450.592 829805.917  4.01%   8.3 2206s
 459081 360202 843164.422 1998  235 864450.592 829805.917  4.01%   8.3 2210s
 460618 361709 843415.631 2187  237 864450.592 829805.917  4.01%   8.3 2215s
 461697 362389 844019.163 2349  238 864450.592 829805.917  4.01%   8.3 2220s
 462902 363902 831697.595   83  506 864450.592 829807.423  4.01%   8.3 2225s
 464498 365192 infeasible  760      864450.592 829807.423  4.01%   8.3 2231s
 465253 365937 845389.734   92  495 864450.592 829807.597  4.01%   8.3 2235s
 466197 366394     cutoff  182      864450.592 829807.678  4.01%   8.3 2240s
 466873 367091     cutoff  395      864450.592 829808.236  4.01%   8.3 2245s
 469148 369413 857686.075 1021  242 864450.592 829808.236  4.01%   8.2 2251s
 470951 370872 834571.442  183  414 864450.592 829808.457  4.01%   8.2 2256s
 472504 372439 839866.840 1057  289 864450.592 829808.457  4.01%   8.2 2260s
 473771 373655 857471.887 1841  273 864450.592 829808.457  4.01%   8.2 2266s
 474856 374332 863047.797 2616  252 864450.592 829808.457  4.01%   8.2 2271s
 475789 375369 849353.393  645  267 864450.592 829808.868  4.01%   8.2 2275s
 477634 377041 863263.186 1145  138 864450.592 829808.883  4.01%   8.2 2280s
 479124 378570 860525.001  498  214 864450.592 829808.883  4.01%   8.2 2285s
 480239 379693 839400.602  367  306 864450.592 829809.216  4.01%   8.2 2290s
 481268 380653 850054.944 1033  237 864450.592 829809.216  4.01%   8.1 2295s
 482219 381463 836370.649  170  431 864450.592 829809.256  4.01%   8.1 2301s
 483235 382460 838004.595  433  271 864450.592 829809.256  4.01%   8.1 2305s
 483681 382869 838488.491  544  251 864450.592 829809.256  4.01%   8.1 2310s
 485043 384270 838997.876  821  250 864450.592 829809.256  4.01%   8.1 2315s
 485969 385147 839299.426 1047  250 864450.592 829809.256  4.01%   8.1 2320s
 486789 386018 839596.283 1268  249 864450.592 829809.256  4.01%   8.1 2325s
 487884 387131 839975.222 1552  249 864450.592 829809.256  4.01%   8.1 2330s
 488858 388085 840280.530 1795  246 864450.592 829809.256  4.01%   8.1 2335s
 489851 389077 840487.943 2073  245 864450.592 829809.256  4.01%   8.1 2341s
 490656 389945 840655.276 2286  241 864450.592 829809.256  4.01%   8.1 2346s
 491376 390676 840785.056 2462  241 864450.592 829809.256  4.01%   8.1 2351s
 492443 391760 841074.487 2622  236 864450.592 829809.256  4.01%   8.1 2356s
 493220 392408 841716.167 2772  235 864450.592 829809.256  4.01%   8.1 2360s
 494425 393660 842067.652 2982  232 864450.592 829809.256  4.01%   8.1 2365s
 495868 395075 842921.667 3194  217 864450.592 829809.256  4.01%   8.1 2370s
 497156 396361 843219.468 3373  217 864450.592 829809.256  4.01%   8.1 2376s
 498003 397144 843423.442 3494  217 864450.592 829809.256  4.01%   8.1 2380s
 498827 397787 843643.381 3624  216 864450.592 829809.256  4.01%   8.1 2386s
 499538 398474 843831.593 3738  215 864450.592 829809.256  4.01%   8.1 2390s
 500285 399161 844040.626 3863  217 864450.592 829809.256  4.01%   8.1 2396s
 501339 400259 844267.198 3998  217 864450.592 829809.256  4.01%   8.1 2400s
 502535 401133 844549.172 4168  217 864450.592 829809.256  4.01%   8.1 2405s
 503617 402089 844845.179 4344  215 864450.592 829809.256  4.01%   8.1 2410s
 504751 403298 845135.269 4517  217 864450.592 829809.256  4.01%   8.1 2415s
 505983 404712 845506.180 4737  215 864450.592 829809.256  4.01%   8.1 2420s
 507310 405861 845808.587 4920  215 864450.592 829809.256  4.01%   8.1 2426s
 508268 406743 846083.642 5084  217 864450.592 829809.256  4.01%   8.1 2430s
 509348 407885 846360.598 5251  217 864450.592 829809.256  4.01%   8.1 2435s
 510039 408404 846600.471 5393  217 864450.592 829809.256  4.01%   8.1 2440s
 510432 409082 846751.983 5485  217 864450.592 829809.256  4.01%   8.1 2446s
 511217 409782 846911.158 5577  215 864450.592 829809.256  4.01%   8.1 2450s
 512433 410751 847223.652 5767  217 864450.592 829809.256  4.01%   8.1 2455s
 513083 411675 847533.773 5951  217 864450.592 829809.256  4.01%   8.1 2461s
 514000 412577 847693.446 6046  216 864450.592 829809.256  4.01%   8.1 2465s
 515420 413791 848018.635 6239  216 864450.592 829809.256  4.01%   8.0 2470s
 516490 414954 848232.040 6366  214 864450.592 829809.256  4.01%   8.0 2476s
 517449 415709 848465.215 6506  216 864450.592 829809.256  4.01%   8.0 2481s
 518050 416322 848620.435 6598  214 864450.592 829809.256  4.01%   8.0 2485s
 519539 417771 848907.742 6772  216 864450.592 829809.256  4.01%   8.0 2490s
 520487 418669 849789.827 6911  209 864450.592 829809.256  4.01%   8.0 2496s
 521315 419449 849343.550 7050  206 864450.592 829809.256  4.01%   8.0 2500s
 522167 420180 849629.834 7212  206 864450.592 829809.256  4.01%   8.0 2505s
 523412 420854 850706.977 7403  204 864450.592 829809.256  4.01%   8.0 2510s
 524120 421454 851473.978 7507  202 864450.592 829809.256  4.01%   8.0 2515s
 524738 421964 852449.706 7627  202 864450.592 829809.256  4.01%   8.0 2520s
 525527 422705 853116.454 7709  202 864450.592 829809.256  4.01%   8.0 2525s
 526306 423450 853783.201 7791  202 864450.592 829809.256  4.01%   8.0 2530s
 527561 424496 854937.805 7932  202 864450.592 829809.256  4.01%   8.0 2536s
 528270 425089 855545.287 8062  202 864450.592 829809.256  4.01%   8.0 2541s
 529349 426080 855832.595 8295  201 864450.592 829809.256  4.01%   8.0 2546s
 530372 427225 856086.084 8501  201 864450.592 829809.256  4.01%   8.0 2550s
 531439 428061 856320.567 8693  202 864450.592 829809.256  4.01%   8.0 2555s
 532295 428446 856561.069 8887  201 864450.592 829809.256  4.01%   8.0 2560s
 533409 428982 856878.421 9142  202 864450.592 829809.256  4.01%   8.0 2566s
 533913 429212 857020.066 9257  201 864450.592 829809.256  4.01%   8.0 2570s
 534752 429736 857252.579 9447  202 864450.592 829809.256  4.01%   8.0 2576s
 535648 430962 857498.608 9646  202 864450.592 829809.256  4.01%   8.0 2581s
 537141 432236 857808.779 9899  202 864450.592 829809.256  4.01%   8.0 2586s
 538243 433278 858127.373 10154  202 864450.592 829809.256  4.01%   8.0 2590s
 539283 434119 859298.155 10361  208 864450.592 829812.826  4.01%   8.0 2596s
 539878 434811 856729.508  409  216 864450.592 829812.826  4.01%   8.0 2600s
 540995 435894 840447.703  548  352 864450.592 829812.848  4.01%   8.0 2605s
 542360 437248 850030.453 1435  297 864450.592 829812.848  4.01%   7.9 2610s
 543616 438445 861442.895 2332  275 864450.592 829812.848  4.01%   7.9 2615s
 544534 439225 845863.154  272  338 864450.592 829813.381  4.01%   7.9 2620s
 545502 440261 840223.384  407  323 864450.592 829813.480  4.01%   7.9 2625s
 547109 441708 844546.541 1638  276 864450.592 829813.480  4.01%   7.9 2630s
 548375 443116 852013.799 2483  288 864450.592 829813.480  4.01%   7.9 2636s
 549428 444152 857632.336 3192  251 864450.592 829813.480  4.01%   7.9 2640s
 550806 445380 860790.140 4055  244 864450.592 829813.480  4.01%   7.9 2646s
 551654 446266 837105.032  224  359 864450.592 829813.702  4.01%   7.9 2651s
 552595 446782     cutoff  677      864450.592 829813.828  4.01%   7.9 2655s
 553814 448078 852600.385  680  242 864450.592 829813.969  4.01%   7.9 2660s
 554700 448783 863292.142 1197  121 864450.592 829814.341  4.01%   7.9 2665s
 555504 449643 863338.677  470  187 864450.592 829814.775  4.01%   7.9 2670s
 556535 450482 infeasible  711      864450.592 829814.775  4.01%   7.9 2675s
 557934 452046 845442.117  928  299 864450.592 829814.976  4.01%   7.9 2681s
 558939 452678 848271.208 1609  269 864450.592 829814.976  4.01%   7.9 2685s
 559657 453645 849758.704 2026  271 864450.592 829814.976  4.01%   7.9 2690s
 560769 454752 859824.364 2773  278 864450.592 829814.976  4.01%   7.9 2696s
 561529 455325 832119.562  150  504 864450.592 829814.985  4.01%   7.8 2700s
 562996 457096 838433.118  762  498 864450.592 829814.985  4.01%   7.8 2705s
 564702 458603 842455.565 2077  422 864450.592 829814.985  4.01%   7.8 2710s
 566237 460065 842667.217 2597  407 864450.592 829814.985  4.01%   7.8 2715s
 567359 461174 844779.853 2981  395 864450.592 829814.985  4.01%   7.8 2720s
 568710 462477 847329.269 3295  396 864450.592 829814.985  4.01%   7.8 2725s
 569761 463529 848701.155 3597  395 864450.592 829814.985  4.01%   7.8 2730s
 571340 465236 849361.419 3843  392 864450.592 829814.985  4.01%   7.8 2735s
 572525 466317 850611.491 4012  391 864450.592 829814.985  4.01%   7.8 2740s
 573480 467246 851122.298 4127  391 864450.592 829814.985  4.01%   7.8 2745s
 574067 467883 851277.253 4243  390 864450.592 829814.985  4.01%   7.8 2750s
 575164 469150 851445.226 4368  391 864450.592 829814.985  4.01%   7.8 2755s
 576379 470110 851597.481 4482  390 864450.592 829814.985  4.01%   7.8 2761s
 577351 471060 851769.573 4611  391 864450.592 829814.985  4.01%   7.8 2765s
 579112 472891 852085.687 4848  391 864450.592 829814.985  4.01%   7.8 2770s
 580821 474297 852399.724 5083  390 864450.592 829814.985  4.01%   7.8 2776s
 581791 475386 852558.840 5202  391 864450.592 829814.985  4.01%   7.8 2781s
 582614 476115 852822.672 5321  389 864450.592 829814.985  4.01%   7.8 2785s
 584097 477357 853354.929 5513  389 864450.592 829814.985  4.01%   7.7 2790s
 585717 478899 853941.091 5724  389 864450.592 829814.985  4.01%   7.7 2795s
 587511 480671 854616.637 5968  390 864450.592 829814.985  4.01%   7.7 2800s
 589301 482513 855202.708 6179  390 864450.592 829814.985  4.01%   7.7 2805s
 590832 483900 855760.260 6381  389 864450.592 829814.985  4.01%   7.7 2810s
 591579 484613 856077.710 6496  390 864450.592 829814.985  4.01%   7.7 2815s
 592909 485740 856577.139 6676  389 864450.592 829814.985  4.01%   7.7 2820s
 594339 487353 856946.033 6809  390 864450.592 829814.985  4.01%   7.7 2825s
 595782 488785 858465.908 7075  392 864450.592 829814.985  4.01%   7.7 2830s
 596872 489720 858703.102 7261  390 864450.592 829814.985  4.01%   7.7 2835s
 597933 490671 858854.857 7466  390 864450.592 829814.985  4.01%   7.7 2840s
 598604 491276 858994.960 7656  390 864450.592 829814.985  4.01%   7.7 2845s
 599492 492263 859188.155 7918  390 864450.592 829814.985  4.01%   7.7 2850s
 600252 493043 859548.656 8056  389 864450.592 829814.985  4.01%   7.7 2855s
 601036 493887 860554.901 8265  391 864450.592 829814.985  4.01%   7.7 2860s
 602511 495373 860582.891 8597  391 864450.592 829814.985  4.01%   7.7 2865s
 604026 496864 860723.188 8945  391 864450.592 829814.985  4.01%   7.7 2871s
 605313 498055 860922.099 9369  391 864450.592 829814.985  4.01%   7.7 2876s
 606513 499347 861137.226 9825  391 864450.592 829814.985  4.01%   7.6 2880s
 607587 500325 861306.113 10179  391 864450.592 829814.985  4.01%   7.6 2885s
 608607 501364 861380.523 10338  392 864450.592 829814.985  4.01%   7.6 2890s
 609570 502316 861458.111 10503  391 864450.592 829814.985  4.01%   7.6 2895s
 610539 503285 861534.604 10666  391 864450.592 829814.985  4.01%   7.6 2900s
 611463 504234 861606.724 10821  391 864450.592 829814.985  4.01%   7.6 2905s
 612527 505302 861688.353 10995  391 864450.592 829814.985  4.01%   7.6 2910s
 613610 506360 861773.860 11176  391 864450.592 829814.985  4.01%   7.6 2916s
 614514 507105 863788.125 11219  410 864450.592 829816.496  4.01%   7.6 2921s
 615164 507978 848600.614  384  307 864450.592 829816.496  4.01%   7.6 2925s
 616324 508839 833961.906  168  500 864450.592 829816.534  4.01%   7.6 2930s
 617482 510140 839813.139  640  410 864450.592 829816.534  4.01%   7.6 2936s
 618783 511362 841182.876 1013  406 864450.592 829816.534  4.01%   7.6 2940s
 619761 512228 841949.560 1462  392 864450.592 829816.534  4.01%   7.6 2945s
 621021 513469 842084.570 1764  392 864450.592 829816.534  4.01%   7.6 2950s
 621910 514331 842764.409 1993  395 864450.592 829816.534  4.01%   7.6 2955s
 623105 515419 842941.174 2101  392 864450.592 829816.534  4.01%   7.6 2960s
 624278 516590 843286.014 2223  392 864450.592 829816.534  4.01%   7.6 2965s
 625507 517936 843612.658 2369  393 864450.592 829816.534  4.01%   7.6 2970s
 627332 519628 844120.448 2547  394 864450.592 829816.534  4.01%   7.6 2975s
 628326 520449 845227.732 2760  391 864450.592 829816.534  4.01%   7.6 2980s
 629994 522277 845935.795 3038  392 864450.592 829816.534  4.01%   7.6 2986s
 631685 523645 846574.456 3349  390 864450.592 829816.534  4.01%   7.5 2990s
 632950 524957 846697.211 3441  390 864450.592 829816.534  4.01%   7.5 2995s
 634105 526005 846851.989 3557  390 864450.592 829816.534  4.01%   7.5 3000s
 635433 527125 846982.542 3654  390 864450.592 829816.534  4.01%   7.5 3006s
 636920 528753 847102.825 3742  390 864450.592 829816.534  4.01%   7.5 3010s
 638387 530160 847250.279 3855  390 864450.592 829816.534  4.01%   7.5 3016s
 639683 531292 847354.354 3933  390 864450.592 829816.534  4.01%   7.5 3020s
 641138 532824 847513.874 4054  390 864450.592 829816.534  4.01%   7.5 3025s
 642649 534239 847668.244 4167  390 864450.592 829816.534  4.01%   7.5 3031s
 643122 534792 847714.539 4204  390 864450.592 829816.534  4.01%   7.5 3035s
 644559 536323 847867.508 4314  390 864450.592 829816.534  4.01%   7.5 3040s
 645818 537451 848004.288 4421  390 864450.592 829816.534  4.01%   7.5 3045s
 646827 538220 848536.193 4623  390 864450.592 829816.534  4.01%   7.5 3050s
 648119 539659 849257.341 4884  389 864450.592 829816.534  4.01%   7.5 3055s
 649316 540836 849869.975 5105  390 864450.592 829816.534  4.01%   7.5 3060s
 650593 542027 850457.695 5318  390 864450.592 829816.534  4.01%   7.5 3065s
 651883 543310 851130.465 5561  390 864450.592 829816.534  4.01%   7.5 3070s
 652819 544275 851656.900 5751  390 864450.592 829816.534  4.01%   7.5 3075s
 653779 545152 852119.281 5919  390 864450.592 829816.534  4.01%   7.5 3080s
 654850 546302 852887.171 6128  389 864450.592 829816.534  4.01%   7.5 3085s
 655979 547483 853114.149 6449  390 864450.592 829816.534  4.01%   7.5 3091s
 656802 548270 853264.991 6653  395 864450.592 829816.534  4.01%   7.5 3095s
 657831 549287 853449.143 6904  390 864450.592 829816.534  4.01%   7.5 3100s
 658483 550177 835121.944  148  440 864450.592 829820.083  4.01%   7.5 3105s
 660070 551525 844860.458 1354  280 864450.592 829820.083  4.01%   7.5 3110s
 661668 553043 862246.668 2469  258 864450.592 829820.083  4.01%   7.5 3115s
 662456 553757 831231.160   51  524 864450.592 829820.088  4.01%   7.5 3120s
 664045 555161 857366.850 1187  227 864450.592 829820.088  4.01%   7.5 3125s
 664848 556006 844451.715  303  288 864450.592 829820.419  4.01%   7.5 3130s
 666014 556898 856012.211  158  381 864450.592 829820.655  4.01%   7.5 3135s
 667238 558360 840070.223  230  512 864450.592 829820.779  4.01%   7.5 3140s
 668566 559440 844610.987 1048  230 864450.592 829820.779  4.01%   7.5 3145s
 670037 561173 848754.128 1983  294 864450.592 829820.779  4.01%   7.5 3151s
 671619 562485 854449.976 3078  164 864450.592 829820.779  4.01%   7.5 3155s
 673075 563957 857866.468 4024  165 864450.592 829820.779  4.01%   7.5 3161s
 674295 565188 860617.971 4789  152 864450.592 829820.779  4.01%   7.5 3166s
 675386 566209 837592.608  208  376 864450.592 829820.942  4.01%   7.5 3170s
 676776 567445 844478.355 1046  219 864450.592 829820.942  4.01%   7.5 3175s
 677667 568340 845232.282 1526  219 864450.592 829820.942  4.01%   7.5 3180s
 678647 569435 846924.102 2076  420 864450.592 829820.942  4.01%   7.5 3185s
 680179 570928 852722.125 3042  171 864450.592 829820.942  4.01%   7.5 3190s
 681694 572500 855842.682 3933  159 864450.592 829820.942  4.01%   7.5 3195s
 682739 573511 858766.209 4531  141 864450.592 829820.942  4.01%   7.5 3200s
 683832 574383 863207.505 5128  141 864450.592 829820.942  4.01%   7.5 3206s
 684688 575347 859455.114  447  190 864450.592 829821.056  4.01%   7.5 3210s
 685868 576519 840586.351  271  393 864450.592 829821.417  4.01%   7.5 3216s
 687674 578223 849224.176 1594  267 864450.592 829821.417  4.01%   7.5 3220s
 689467 579947 859185.390 2823  246 864450.592 829821.417  4.01%   7.5 3226s
 690351 580387     cutoff 3171      864450.592 829821.505  4.01%   7.5 3230s
 691448 581584 856642.007  547  164 864450.592 829821.505  4.01%   7.5 3235s
 692478 582446 837226.073  157  508 864450.592 829821.625  4.01%   7.5 3240s
 693871 583803 842854.861  655  481 864450.592 829821.625  4.01%   7.5 3245s
 695311 585243 845665.562 1011  427 864450.592 829821.625  4.01%   7.5 3250s
 696914 586888 851158.545 1461  430 864450.592 829821.625  4.01%   7.5 3255s
 698693 588435 855380.157 2030  395 864450.592 829821.625  4.01%   7.4 3260s
 700185 590011 856382.495 2207  396 864450.592 829821.625  4.01%   7.4 3265s
 701474 591202 857371.459 2380  395 864450.592 829821.625  4.01%   7.4 3270s
 702750 592498 858348.490 2554  395 864450.592 829821.625  4.01%   7.4 3275s
 704111 593933 860524.038 2783  396 864450.592 829821.625  4.01%   7.4 3280s
 705884 595642 860898.359 3005  389 864450.592 829821.625  4.01%   7.4 3286s
 707124 596893 861472.171 3351  390 864450.592 829821.625  4.01%   7.4 3290s
 708184 597840 862954.891 3685  395 864450.592 829821.625  4.01%   7.4 3295s
 709459 598925 845224.898  496  394 864450.592 829821.791  4.01%   7.4 3300s
 710696 600256 849586.427  842  388 864450.592 829821.791  4.01%   7.4 3305s
 712126 601672 849454.695  225  224 864450.592 829822.319  4.01%   7.4 3310s
 713203 602601     cutoff  505      864450.592 829822.613  4.01%   7.4 3315s
 714786 604093 854471.496  838  144 864450.592 829822.613  4.01%   7.4 3320s
 715771 604829     cutoff 1315      864450.592 829822.613  4.01%   7.4 3325s
 717026 606175 843159.096  710  294 864450.592 829822.791  4.01%   7.4 3331s
 718605 607708 844541.373 1574  281 864450.592 829822.791  4.01%   7.4 3335s
 720516 609637 846977.362 2436  189 864450.592 829822.791  4.01%   7.4 3340s
 722026 611196 855746.833 3161  186 864450.592 829822.791  4.01%   7.4 3345s
 723061 612139 859696.062 3602  155 864450.592 829822.791  4.01%   7.4 3350s
 724481 613150 infeasible 3910      864450.592 829822.791  4.01%   7.4 3355s
 725412 613971 833324.165  137  496 864450.592 829823.281  4.01%   7.4 3360s
 726476 615377 841236.495  191  513 864450.592 829823.281  4.01%   7.4 3365s
 728613 617119 845469.144 1073  441 864450.592 829823.281  4.01%   7.4 3370s
 730288 618612 850255.499 1645  279 864450.592 829823.281  4.01%   7.4 3376s
 731112 619514 851367.829 1792  262 864450.592 829823.281  4.01%   7.4 3380s
 732484 620884 853848.409 2115  210 864450.592 829823.281  4.01%   7.4 3385s
 733750 622118 855316.411 2371  210 864450.592 829823.281  4.01%   7.4 3390s
 735107 623436 857108.016 2686  209 864450.592 829823.281  4.01%   7.4 3395s
 736160 624531 857959.240 2920  205 864450.592 829823.281  4.01%   7.4 3400s
 737775 626133 860677.052 3246  199 864450.592 829823.281  4.01%   7.4 3405s
 738959 627319 831912.599  136  485 864450.592 829824.112  4.01%   7.4 3410s
Created node file directory '/home/ps12398/goal_programming/goalProgrammingMarcos//grbnodes27'
 739727 627872 851104.210  680  257 864450.592 829824.159  4.01%   7.4 3417s
 740709 628976 842917.159  725  303 864450.592 829824.159  4.01%   7.3 3420s
 742158 630391 854215.463 1824  278 864450.592 829824.159  4.01%   7.3 3425s
 742511 630652 855180.955 2053  274 864450.592 829824.159  4.01%   7.3 3431s
 743678 631761 857783.974 2909  256 864450.592 829824.159  4.01%   7.3 3435s
 744947 632818 862885.426 3699  248 864450.592 829824.159  4.01%   7.3 3441s
 746031 634045 838532.417  133  335 864450.592 829824.912  4.01%   7.3 3445s
 746517 634402 843322.286  203  270 864450.592 829824.912  4.01%   7.3 3450s
 747840 635680 861634.841  338  193 864450.592 829824.912  4.01%   7.3 3455s
 748775 636540 862768.119  434  161 864450.592 829824.912  4.01%   7.3 3460s
 749093 636746     cutoff  452      864450.592 829824.912  4.01%   7.3 3465s
 751063 638674 840851.439  210  348 864450.592 829825.322  4.01%   7.3 3471s
 752474 639993 837481.725  172  512 864450.592 829825.517  4.01%   7.3 3475s
 752853 640301 844232.069  405  213 864450.592 829825.517  4.01%   7.3 3480s
 754475 641795 859446.754 1257  105 864450.592 829825.517  4.01%   7.3 3485s
 755461 642782 835044.321  156  422 864450.592 829825.639  4.01%   7.3 3490s
 756558 643866 841431.120  233  397 864450.592 829825.652  4.01%   7.3 3497s
 758042 645153 863236.762 1300  236 864450.592 829826.070  4.01%   7.3 3500s
 759076 646199 852079.522  743  158 864450.592 829826.070  4.01%   7.3 3505s
 759350 646626 853845.440  939  145 864450.592 829826.070  4.01%   7.3 3510s
 761143 648120 862531.611 1654  104 864450.592 829826.081  4.01%   7.3 3515s
 762765 649816 846507.474  997  286 864450.592 829826.081  4.01%   7.3 3522s
 763436 650131 847259.386 1347  265 864450.592 829826.081  4.01%   7.3 3525s
 765249 652260 853924.296 2308  264 864450.592 829826.081  4.01%   7.3 3530s
 765567 652534 854647.248 2464  264 864450.592 829826.081  4.01%   7.3 3535s
 766980 653879 834264.890  145  489 864450.592 829826.130  4.01%   7.3 3540s
 768182 654952 864128.721  790  150 864450.592 829826.315  4.01%   7.3 3545s
 768634 655548 842835.618  250  351 864450.592 829826.315  4.01%   7.3 3550s
 770745 657644 847267.422 1318  254 864450.592 829826.315  4.01%   7.3 3555s
 771583 658457 849788.050 1813  180 864450.592 829826.315  4.01%   7.3 3562s
 772520 659354 852302.093 2369  173 864450.592 829826.315  4.01%   7.3 3565s
 774039 660849 855143.411 3155  164 864450.592 829826.315  4.01%   7.3 3570s
 774296 661109 855447.168 3283  157 864450.592 829826.315  4.01%   7.3 3575s
 775548 662375 857577.725 3854  160 864450.592 829826.315  4.01%   7.3 3580s
 776857 663616 860602.193 4472  145 864450.592 829826.315  4.01%   7.3 3585s
 778172 664928 847153.357  703  257 864450.592 829826.516  4.01%   7.3 3594s
 778433 665199 857200.105  910  253 864450.592 829826.516  4.01%   7.3 3595s
 779285 665904 863834.881 1397  136 864450.592 829826.517  4.01%   7.3 3600s

Cutting planes:
  Gomory: 15
  Implied bound: 2
  MIR: 200
  StrongCG: 34
  Flow cover: 24
  Zero half: 1
  RLT: 108
  Relax-and-lift: 1

Explored 779593 nodes (5694096 simplex iterations) in 3600.54 seconds (1959.76 work units)
Thread count was 2 (of 24 available processors)

Solution count 10: 864451 864454 864526 ... 869709

Time limit reached
Best objective 8.644505918015e+05, best bound 8.298265169250e+05, gap 4.0053%
