
Gurobi 11.0.3 (linux64, Java) logging started ter 05 nov 2024 16:17:41 -03

Set parameter Username
Academic license - for non-commercial use only - expires 2025-10-10
Warning: Gurobi version mismatch between Java 11.0.1 and C library 11.0.3
Warning: Gurobi version mismatch between Java 11.0.1 and Jni 11.0.3
Set parameter NonConvex to value 2
Set parameter TimeLimit to value 3600
Set parameter LogToConsole to value 0
Set parameter MIPGap to value 3.0591967898393180e-08
Set parameter Threads to value 2
Set parameter NodefileDir to value "/home/ps12398/goal_programming/goalProgrammingMarcos/"
Set parameter NodefileStart to value 1
Gurobi Optimizer version 11.0.3 build v11.0.3rc0 (linux64)

CPU model: Intel(R) Xeon(R) CPU           X5650  @ 2.67GHz, instruction set [SSE2]
Thread count: 12 physical cores, 24 logical processors, using up to 2 threads

Optimize a model with 253822 rows, 172586 columns and 1906318 nonzeros
Model fingerprint: 0xd8f4d6a0
Model has 298 quadratic constraints
Variable types: 86148 continuous, 86438 integer (293 binary)
Coefficient statistics:
  Matrix range     [3e-03, 3e+06]
  QMatrix range    [3e-03, 5e+04]
  QLMatrix range   [1e+00, 5e+04]
  Objective range  [1e+00, 7e+07]
  Bounds range     [1e+00, 1e+08]
  RHS range        [1e+00, 5e+05]
  QRHS range       [4e-02, 4e-02]
Presolve removed 249306 rows and 167920 columns
Presolve time: 1.48s
Presolved: 6930 rows, 5397 columns, 1055422 nonzeros
Presolved model has 2 SOS constraint(s)
Presolved model has 293 bilinear constraint(s)

Solving non-convex MIQCP

Variable types: 1103 continuous, 4294 integer (295 binary)
Found heuristic solution: objective 2.604700e+07

Root simplex log...

Iteration    Objective       Primal Inf.    Dual Inf.      Time
       0    0.0000000e+00   7.158654e+03   0.000000e+00      8s
     439    0.0000000e+00   0.000000e+00   0.000000e+00      8s

Root relaxation: objective 0.000000e+00, 439 iterations, 0.28 seconds (0.07 work units)
Total elapsed time = 7.80s (DegenMoves)
Total elapsed time = 10.77s (DegenMoves)

    Nodes    |    Current Node    |     Objective Bounds      |     Work
 Expl Unexpl |  Obj  Depth IntInf | Incumbent    BestBd   Gap | It/Node Time

     0     0    0.00000    0  434 2.6047e+07    0.00000   100%     -   10s
     0     0    0.00000    0  698 2.6047e+07    0.00000   100%     -   15s
     0     0    0.00000    0  649 2.6047e+07    0.00000   100%     -   17s
     0     0    0.00000    0  608 2.6047e+07    0.00000   100%     -   28s
H    0     0                    2.604694e+07    0.00000   100%     -   28s
     0     0    0.00000    0  673 2.6047e+07    0.00000   100%     -   30s
     0     0    0.00000    0  616 2.6047e+07    0.00000   100%     -   39s
     0     0    0.00000    0  608 2.6047e+07    0.00000   100%     -   41s
     0     0    0.00000    0  612 2.6047e+07    0.00000   100%     -   47s
     0     0    0.00000    0  556 2.6047e+07    0.00000   100%     -   56s
H    0     0                    2.214484e+07    0.00000   100%     -   69s
     0     2    0.00000    0  535 2.2145e+07    0.00000   100%     -   80s
     5     8    0.00000    2  640 2.2145e+07    0.00000   100%   907   88s
     9    12    0.00000    4  611 2.2145e+07    0.00000   100%   682   90s
    15    18    0.00000    6  604 2.2145e+07    0.00000   100%   457   95s
    25    38    0.00000   11  595 2.2145e+07    0.00000   100%   386  103s
    37    84    0.00000   17  602 2.2145e+07    0.00000   100%   326  116s
    83   227    0.00000   30  606 2.2145e+07    0.00000   100%   208  142s
H  145   227                    2.212951e+07    0.00000   100%   183  142s
H  227   346                    2.058867e+07    0.00000   100%   153  165s
   346   708 70254.0477  118  545 2.0589e+07    0.00000   100%   127  198s
   708  1031 309166.205  250  441 2.0589e+07    0.00000   100%  67.1  223s
H  901  1031                    2.015441e+07    0.00000   100%  53.0  223s
  1031  1033 310732.600  401  428 2.0154e+07    0.00000   100%  46.7  250s
  1033  1370 310757.904  402  428 2.0154e+07    0.00000   100%  46.6  275s
H 1370  1372                    1.918077e+07    0.00000   100%  35.5  300s
H 1371  1372                    1.771815e+07    0.00000   100%  35.4  300s
  1372  1540 312623.691  585  421 1.7718e+07    0.00000   100%  35.4  318s
H 1459  1540                    6593993.1574    0.00000   100%  33.4  318s
  1540  1577 313624.032  678  420 6593993.16    0.00000   100%  31.7  336s
H 1560  1577                    6016204.4007    0.00000   100%  31.3  336s
  1577  1912 313626.860  679  420 6016204.40    0.00000   100%  31.0  366s
H 1829  1912                    6016084.7389    0.00000   100%  26.9  366s
  1912  2090 314549.826  817  418 6016084.74    0.00000   100%  25.8  397s
H 1975  2090                    6015728.2154    0.00000   100%  25.0  397s
H 2011  2090                    6013792.8642    0.00000   100%  24.6  397s
  2090  2453 314942.369  860  418 6013792.86    0.00000   100%  23.7  433s
  2453  2824 316050.416  977  420 6013792.86    0.00000   100%  20.4  458s
  2824  2856 318267.864 1141  419 6013792.86    0.00000   100%  17.9  475s
H 2855  2856                    4550580.9881    0.00000   100%  17.7  475s
  2856  3230 318701.045 1168  417 4550580.99    0.00000   100%  17.7  507s
  3230  3615 320378.508 1280  417 4550580.99    0.00000   100%  15.8  533s
  3616  3616 259933.345  453 1866 4550580.99    0.00000   100%  14.3  593s
  3618  3617 313813.085  709  398 4550580.99    0.00000   100%  14.3  606s
  3619  3618 260436.985  591  416 4550580.99    0.00000   100%  14.3  620s
  3620  3619 259778.746  441  402 4550580.99    0.00000   100%  14.3  630s
  3621  3619 314207.374  782  451 4550580.99    0.00000   100%  14.3  652s
  3622  3620 314036.328  750  426 4550580.99    0.00000   100%  14.3  659s
  3623  3621 309903.901  288  447 4550580.99    0.00000   100%  14.3  671s
  3624  3621 309366.902  272  445 4550580.99    0.00000   100%  14.3  677s
  3625  3622 264512.085 1150  415 4550580.99    0.00000   100%  14.3  694s
  3626  3623 143409.265  172  398 4550580.99    0.00000   100%  14.2  697s
  3627  3623 319961.277 1253  437 4550580.99    0.00000   100%  14.2  708s
  3628  3624 309938.874  339  419 4550580.99    0.00000   100%  14.2  711s
  3629  3625 312064.751  557  395 4550580.99    0.00000   100%  14.2  722s
  3630  3625 315245.018  890  433 4550580.99    0.00000   100%  14.2  726s
  3631  3626 314103.064  726  430 4550580.99    0.00000   100%  14.2  735s
  3632  3627 259181.543  393  408 4550580.99    0.00000   100%  14.2  747s
  3633  3627 262223.905  783  408 4550580.99    0.00000   100%  14.2  772s
  3634  3631    0.00000   14  640 4550580.99    0.00000   100%  20.8  856s
  3636  3632    0.00000   15  636 4550580.99    0.00000   100%  20.8  874s
  3638  3634    0.00000   15  759 4550580.99    0.00000   100%  21.1  882s
  3640  3635    0.00000   16  672 4550580.99    0.00000   100%  21.4  893s
  3642  3636    0.00000   16  758 4550580.99    0.00000   100%  22.0  903s
  3644  3638    0.00000   17  668 4550580.99    0.00000   100%  22.3  910s
  3646  3639    0.00000   17  665 4550580.99    0.00000   100%  22.3  917s
  3648  3641    0.00000   18  670 4550580.99    0.00000   100%  22.4  925s
  3651  3642    0.00000   19  667 4550580.99    0.00000   100%  22.4  931s
  3653  3648    0.00000   19  669 4550580.99    0.00000   100%  22.5  943s
  3659  3657    0.00000   21  673 4550580.99    0.00000   100%  22.5  970s
  3670  3677    0.00000   24  653 4550580.99    0.00000   100%  22.6 1041s
  3694  3716    0.00000   30  652 4550580.99    0.00000   100%  23.4 1182s
  3741  3790    0.00000   41  663 4550580.99    0.00000   100%  25.7 1452s
  3831  3861    0.00000   63  738 4550580.99    0.00000   100%  29.1 1805s
  3932  3938    0.00000   88  671 4550580.99    0.00000   100%  32.2 2142s
  4042  4463    0.00000  114  655 4550580.99    0.00000   100%  35.1 2445s
  4604  4951 85350.6259  255  604 4550580.99    0.00000   100%  34.4 2514s
  5280  5535 328857.754  424  500 4550580.99    0.00000   100%  30.8 2559s
  6090  5874 333530.810  626  485 4550580.99    0.00000   100%  27.6 2613s
  6699  6561 337561.386  869  472 4550580.99    0.00000   100%  25.4 2668s
  7589  6625 341952.632 1071  461 4550580.99    0.00000   100%  22.8 2708s
  7949  7128 344591.224 1250  447 4550580.99    0.00000   100%  21.9 2748s
H 7973  6938                    3798094.4874    0.00000   100%  21.8 2748s
H 8572  7373                    3663683.4230    0.00000   100%  20.5 2788s
H 8972  7076                    3536537.4349    0.00000   100%  19.9 2788s
H 9380  7532                    3503174.7520    0.00000   100%  19.2 2825s
H 9802  7243                    3346430.1498    0.00000   100%  18.6 2825s
H10127  7745                    3304717.7613    0.00000   100%  18.2 2858s
 10878  9082 357382.216 2019  393 3304717.76    0.00000   100%  17.4 2915s
H11704  8833                    3292812.7488    0.00000   100%  16.6 2916s
H12466 10179                    3290127.1090    0.00000   100%  15.9 2960s
H13132 10179                    3281617.8794    0.00000   100%  15.3 2960s
 13812 11052 368703.155 2765  389 3281617.88    0.00000   100%  14.7 2990s
H14155 11052                    3280879.5693    0.00000   100%  14.5 2990s
 14685 11054 371129.538 2936  386 3280879.57    0.00000   100%  14.0 3027s
H14686 11054                    3278144.8431    0.00000   100%  14.0 3027s
 14687 11683 370994.480 2937  386 3278144.84    0.00000   100%  14.0 3050s
H14712 11683                    3268268.9247    0.00000   100%  14.0 3050s
H15316 12245                    3260564.6440    0.00000   100%  13.6 3070s
H15878 12888                    3258635.6864    0.00000   100%  13.3 3098s
H16292 12888                    3247076.3228    0.00000   100%  13.1 3098s
 16521 13571 391050.369 3424  394 3247076.32    0.00000   100%  13.0 3127s
 17204 14117 381397.534 3519  371 3247076.32    0.00000   100%  12.7 3144s
H17471 14117                    3244249.4032    0.00000   100%  12.6 3144s
 17750 14411 383971.941 3653  366 3244249.40    0.00000   100%  12.4 3159s
 18044 14882 386529.859 3755  366 3244249.40    0.00000   100%  12.4 3178s
 18515 15243 389313.396 3885  368 3244249.40    0.00000   100%  12.3 3200s
 18876 15812 389304.136 3902  364 3244249.40    0.00000   100%  12.2 3219s
 19445 16438 392585.667 4083  365 3244249.40    0.00000   100%  12.0 3278s
 20071 16662 394999.308 4239  362 3244249.40    0.00000   100%  11.8 3293s
 20295 17031 395051.525 4246  363 3244249.40    0.00000   100%  11.7 3314s
 20664 17672 398690.490 4430  361 3244249.40    0.00000   100%  11.5 3335s
 21305 18342 401420.443 4615  360 3244249.40    0.00000   100%  11.3 3356s
H21610 18342                    3242976.1488    0.00000   100%  11.2 3356s
 21975 18568 402716.074 4768  359 3242976.15    0.00000   100%  11.1 3371s
 22201 18807 403317.025 4856  360 3242976.15    0.00000   100%  11.1 3381s
H22440 19112                    3236231.9117    0.00000   100%  11.0 3399s
H22745 19661                    3234589.8028    0.00000   100%  10.9 3423s
 23294 20303 403829.689 5036  359 3234589.80    0.00000   100%  10.9 3450s
H23936 20305                    1785033.2331    0.00000   100%  10.7 3468s
 23938 20571 407004.642 5200  356 1785033.23    0.00000   100%  10.7 3483s
H23963 20571                    1779301.7571    0.00000   100%  10.6 3483s
 24204 21019 408214.335 5320  353 1779301.76    0.00000   100%  10.6 3500s
 24652 21480 410805.314 5469  350 1779301.76    0.00000   100%  10.4 3523s
H25113 21482                    1537429.2741    0.00000   100%  10.3 3538s
H25114 21482                    1465959.2387    0.00000   100%  10.3 3538s
 25115 21536 411382.797 5523  350 1465959.24    0.00000   100%  10.3 3580s
H25167 21536                    1465773.1678    0.00000   100%  10.3 3580s
 25169 22169 412082.713 5536  360 1465773.17    0.00000   100%  10.3 3600s
H25193 22169                    1465772.8582    0.00000   100%  10.3 3600s

Cutting planes:
  Gomory: 1
  Implied bound: 15
  MIR: 214
  Flow cover: 1
  Zero half: 3
  RLT: 32

Explored 25802 nodes (271982 simplex iterations) in 3600.13 seconds (3362.28 work units)
Thread count was 2 (of 24 available processors)

Solution count 10: 1.46577e+06 1.46596e+06 1.53743e+06 ... 3.24708e+06

Time limit reached
Best objective 1.465772858166e+06, best bound 0.000000000000e+00, gap 100.0000%
