
Gurobi 11.0.3 (linux64, Java) logging started qua 06 nov 2024 07:22:44 -03

Set parameter Username
Academic license - for non-commercial use only - expires 2025-10-10
Warning: Gurobi version mismatch between Java 11.0.1 and C library 11.0.3
Warning: Gurobi version mismatch between Java 11.0.1 and Jni 11.0.3
Set parameter NonConvex to value 2
Set parameter TimeLimit to value 3600
Set parameter LogToConsole to value 0
Set parameter MIPGap to value 3.0591967898393180e-08
Set parameter Threads to value 2
Set parameter NodefileDir to value "/home/ps12398/goal_programming/goalProgrammingMarcos/"
Set parameter NodefileStart to value 1
Gurobi Optimizer version 11.0.3 build v11.0.3rc0 (linux64)

CPU model: Intel(R) Xeon(R) CPU           X5650  @ 2.67GHz, instruction set [SSE2]
Thread count: 12 physical cores, 24 logical processors, using up to 2 threads

Optimize a model with 253822 rows, 172586 columns and 1906318 nonzeros
Model fingerprint: 0x311ccc02
Model has 298 quadratic constraints
Variable types: 86148 continuous, 86438 integer (293 binary)
Coefficient statistics:
  Matrix range     [3e-03, 3e+06]
  QMatrix range    [3e-03, 5e+04]
  QLMatrix range   [1e+00, 5e+04]
  Objective range  [1e+00, 7e+07]
  Bounds range     [1e+00, 1e+08]
  RHS range        [1e+00, 1e+06]
Presolve removed 249306 rows and 167920 columns
Presolve time: 1.51s
Presolved: 6930 rows, 5397 columns, 1055422 nonzeros
Presolved model has 2 SOS constraint(s)
Presolved model has 293 bilinear constraint(s)

Solving non-convex MIQCP

Variable types: 1103 continuous, 4294 integer (295 binary)
Found heuristic solution: objective 2.366672e+07

Root simplex log...

Iteration    Objective       Primal Inf.    Dual Inf.      Time
       0    0.0000000e+00   6.450250e+03   0.000000e+00      8s
     494    0.0000000e+00   0.000000e+00   0.000000e+00      8s

Root relaxation: objective 0.000000e+00, 494 iterations, 0.58 seconds (0.26 work units)
Total elapsed time = 7.99s (DegenMoves)
Total elapsed time = 10.34s (DegenMoves)

    Nodes    |    Current Node    |     Objective Bounds      |     Work
 Expl Unexpl |  Obj  Depth IntInf | Incumbent    BestBd   Gap | It/Node Time

     0     0    0.00000    0  515 2.3667e+07    0.00000   100%     -   12s
     0     0    0.00000    0  566 2.3667e+07    0.00000   100%     -   14s
     0     0    0.00000    0  563 2.3667e+07    0.00000   100%     -   15s
     0     0    0.00000    0  553 2.3667e+07    0.00000   100%     -   20s
     0     0    0.00000    0  564 2.3667e+07    0.00000   100%     -   20s
     0     0    0.00000    0  582 2.3667e+07    0.00000   100%     -   24s
     0     0    0.00000    0  586 2.3667e+07    0.00000   100%     -   25s
     0     0    0.00000    0  584 2.3667e+07    0.00000   100%     -   29s
     0     0    0.00000    0  584 2.3667e+07    0.00000   100%     -   30s
     0     0    0.00000    0  587 2.3667e+07    0.00000   100%     -   34s
     0     0    0.00000    0  587 2.3667e+07    0.00000   100%     -   39s
H    0     0                    1.054818e+07    0.00000   100%     -   46s
     0     2    0.00000    0  579 1.0548e+07    0.00000   100%     -   67s
     3     6    0.00000    2  569 1.0548e+07    0.00000   100%   315   70s
    20    33    0.00000    7  538 1.0548e+07    0.00000   100%   195   75s
    57   108    0.00000   20  517 1.0548e+07    0.00000   100%  93.0   86s
   107   224    0.00000   34  516 1.0548e+07    0.00000   100%  85.3  100s
   223   242    0.00000   77  489 1.0548e+07    0.00000   100%  63.4  115s
H  229   242                    9467824.7364    0.00000   100%  62.0  115s
   241   314    0.00000   82  481 9467824.74    0.00000   100%  71.0  133s
   313   474    0.00000  123  456 9467824.74    0.00000   100%  73.2  157s
H  332   474                    7231628.8038    0.00000   100%  69.1  157s
   473   506    0.00000  214  404 7231628.80    0.00000   100%  62.5  183s
H  475   506                    7053212.6367    0.00000   100%  62.3  183s
   505   947    0.00000  216  402 7053212.64    0.00000   100%  67.2  217s
   946  1253    0.00000  379  318 7053212.64    0.00000   100%  42.1  238s
H 1252  1255                    6149370.5712    0.00000   100%  36.4  270s
  1254  1514  335.35711  512  319 6149370.57    0.00000   100%  36.3  296s
  1513  1788 2743.05508  656  346 6149370.57    0.00000   100%  30.3  318s
  1787  2096 5506.37117  809  350 6149370.57    0.00000   100%  25.9  337s
  2095  2437 8669.91728  960  353 6149370.57    0.00000   100%  22.3  355s
H 2436  2451                    5372412.7215    0.00000   100%  19.4  366s
H 2449  2451                    5226855.4972    0.00000   100%  19.3  366s
  2450  2769 11921.9365 1113  359 5226855.50    0.00000   100%  19.3  386s
  2768  3135 15257.2521 1266  358 5226855.50    0.00000   100%  17.3  406s
  3134  3322 17900.5462 1419  343 5226855.50    0.00000   100%  15.4  427s
  3321  3672 18393.0041 1456  339 5226855.50    0.00000   100%  14.6  451s
  3672  3673 28206.2147  923 1866 5226855.50    0.00000   100%  13.4  506s
  3674  3674 3993.80083  726  467 5226855.50    0.00000   100%  13.4  519s
  3675  3675    0.00000  489  308 5226855.50    0.00000   100%  13.4  525s
  3676  3676    0.00000   25  361 5226855.50    0.00000   100%  13.4  534s
  3677  3676 27137.3925  622  374 5226855.50    0.00000   100%  13.4  552s
  3678  3677 3803.87781  716  356 5226855.50    0.00000   100%  13.4  564s
  3679  3678 5710.81437  815  328 5226855.50    0.00000   100%  13.4  581s
  3680  3678    0.00000  144  440 5226855.50    0.00000   100%  13.4  588s
  3681  3679 10269.2529 1040  407 5226855.50    0.00000   100%  13.3  599s
  3682  3680    0.00000  418  428 5226855.50    0.00000   100%  13.3  603s
  3683  3680 25977.4641  325  401 5226855.50    0.00000   100%  13.3  610s
  3684  3681 28206.7935  967  418 5226855.50    0.00000   100%  13.3  616s
  3685  3682 28208.4276 1067  538 5226855.50    0.00000   100%  13.3  628s
  3686  3682 18415.4025 1459  448 5226855.50    0.00000   100%  13.3  634s
  3687  3683    0.00000  202  348 5226855.50    0.00000   100%  13.3  640s
  3688  3684 28207.8275 1044  348 5226855.50    0.00000   100%  13.3  647s
  3689  3684 25823.8145  190  348 5226855.50    0.00000   100%  13.3  654s
  3690  3688    0.00000   10  582 5226855.50    0.00000   100%  19.3  666s
  3696  3692    0.00000   12  577 5226855.50    0.00000   100%  20.0  672s
  3700  3695    0.00000   13  569 5226855.50    0.00000   100%  20.2  675s
  3704  3697    0.00000   14  608 5226855.50    0.00000   100%  20.6  680s
  3710  3705    0.00000   15  552 5226855.50    0.00000   100%  20.7  689s
  3716  3706    0.00000   17  550 5226855.50    0.00000   100%  20.9  697s
  3719  3724    0.00000   18  550 5226855.50    0.00000   100%  20.9  711s
  3738  3753    0.00000   22  547 5226855.50    0.00000   100%  21.1  736s
  3773  3805    0.00000   31  589 5226855.50    0.00000   100%  22.1  796s
  3837  3897    0.00000   47  575 5226855.50    0.00000   100%  23.0  878s
  3950  3955    0.00000   75  576 5226855.50    0.00000   100%  24.2  926s
  4046  4002    0.00000  100  543 5226855.50    0.00000   100%  25.0  976s
  4125  4096    0.00000  121  535 5226855.50    0.00000   100%  25.7 1047s
  4248  4176    0.00000  151  507 5226855.50    0.00000   100%  26.9 1122s
  4370  4259    0.00000  181  533 5226855.50    0.00000   100%  28.5 1200s
  4494  4346    0.00000  214  476 5226855.50    0.00000   100%  29.9 1296s
H 4622  4251                    5182468.6042    0.00000   100%  31.3 1375s
  4755  4338 5639.71835  282  457 5182468.60    0.00000   100%  31.8 1467s
H 4818  4142                    4868531.8148    0.00000   100%  32.1 1467s
  4886  4266 7711.40991  314  464 4868531.81    0.00000   100%  31.7 1567s
H 4961  4074                    4788717.9036    0.00000   100%  31.9 1567s
H 5033  4038                    4533751.4523    0.00000   100%  31.5 1673s
H 5179  3998                    4476274.1437    0.00000   100%  31.1 1760s
H 5262  3827                    4433760.1512    0.00000   100%  30.8 1760s
  5337  3966 17527.0784  430  446 4433760.15    0.00000   100%  30.6 1875s
H 5501  3949                    4415552.4208    0.00000   100%  30.0 2009s
H 5591  3791                    4407432.7946    0.00000   100%  29.7 2009s
H 5675  3813                    4402324.3681    0.00000   100%  29.3 2125s
H 5848  3821                    4402324.0655    0.00000   100%  28.9 2248s
H 6029  3835                    4357330.4939    0.00000   100%  28.3 2379s
  6215  3965 88591.3777  657  400 4357330.49    0.00000   100%  27.6 2523s
H 6407  3989                    4357330.1574    0.00000   100%  26.9 2672s
H 6600  4018                    4341923.1696    0.00000   100%  26.4 2828s
H 6792  4055                    4333417.7342    0.00000   100%  25.9 2976s
  6988  4192 258782.540  852  321 4333417.73    0.00000   100%  25.3 3135s
H 7190  4250                    4333207.2926    0.00000   100%  24.7 3292s
H 7298  4129                    4329302.5057    0.00000   100%  24.3 3292s
  7406  4317 260663.616  956  321 4329302.51    0.00000   100%  24.0 3450s
  7630  4452 261490.083 1011  322 4329302.51    0.00000   100%  23.4 3600s

Cutting planes:
  Gomory: 25
  Implied bound: 11
  MIR: 198
  StrongCG: 4
  Flow cover: 12
  Zero half: 12
  RLT: 31
  Relax-and-lift: 1

Explored 7839 nodes (183643 simplex iterations) in 3600.09 seconds (4414.95 work units)
Thread count was 2 (of 24 available processors)

Solution count 10: 4.3293e+06 4.33321e+06 4.33342e+06 ... 4.47627e+06

Time limit reached
Best objective 4.329302505661e+06, best bound 0.000000000000e+00, gap 100.0000%
