
Gurobi 11.0.3 (linux64, Java) logging started qua 06 nov 2024 05:26:17 -03

Set parameter Username
Academic license - for non-commercial use only - expires 2025-10-10
Warning: Gurobi version mismatch between Java 11.0.1 and C library 11.0.3
Warning: Gurobi version mismatch between Java 11.0.1 and Jni 11.0.3
Set parameter NonConvex to value 2
Set parameter TimeLimit to value 3600
Set parameter LogToConsole to value 0
Set parameter MIPGap to value 3.0591967898393180e-08
Set parameter Threads to value 2
Set parameter NodefileDir to value "/home/ps12398/goal_programming/goalProgrammingMarcos/"
Set parameter NodefileStart to value 1
Gurobi Optimizer version 11.0.3 build v11.0.3rc0 (linux64)

CPU model: Intel(R) Xeon(R) CPU           X5650  @ 2.67GHz, instruction set [SSE2]
Thread count: 12 physical cores, 24 logical processors, using up to 2 threads

Optimize a model with 253822 rows, 172586 columns and 1906318 nonzeros
Model fingerprint: 0x590177d3
Model has 298 quadratic constraints
Variable types: 86148 continuous, 86438 integer (293 binary)
Coefficient statistics:
  Matrix range     [3e-03, 3e+06]
  QMatrix range    [3e-03, 5e+04]
  QLMatrix range   [1e+00, 5e+04]
  Objective range  [1e+00, 7e+07]
  Bounds range     [1e+00, 1e+08]
  RHS range        [1e+00, 4e+05]
  QRHS range       [2e-01, 2e-01]
Presolve removed 249306 rows and 167920 columns
Presolve time: 1.33s
Presolved: 6930 rows, 5397 columns, 1055422 nonzeros
Presolved model has 2 SOS constraint(s)
Presolved model has 293 bilinear constraint(s)

Solving non-convex MIQCP

Variable types: 1103 continuous, 4294 integer (295 binary)
Found heuristic solution: objective 2.344435e+07

Root simplex log...

Iteration    Objective       Primal Inf.    Dual Inf.      Time
       0    0.0000000e+00   6.450428e+03   0.000000e+00      6s
     384    0.0000000e+00   0.000000e+00   0.000000e+00      7s

Root relaxation: objective 0.000000e+00, 384 iterations, 0.27 seconds (0.07 work units)
Total elapsed time = 6.60s (DegenMoves)

    Nodes    |    Current Node    |     Objective Bounds      |     Work
 Expl Unexpl |  Obj  Depth IntInf | Incumbent    BestBd   Gap | It/Node Time

     0     0    0.00000    0  397 2.3444e+07    0.00000   100%     -    7s
     0     0    0.00000    0  420 2.3444e+07    0.00000   100%     -   10s
H    0     0                    3222040.3310    0.00000   100%     -   11s
     0     0    0.00000    0  394 3222040.33    0.00000   100%     -   12s
     0     0    0.00000    0  395 3222040.33    0.00000   100%     -   20s
     0     0    0.00000    0  387 3222040.33    0.00000   100%     -   22s
     0     0    0.00000    0  393 3222040.33    0.00000   100%     -   28s
     0     0    0.00000    0  363 3222040.33    0.00000   100%     -   29s
     0     0    0.00000    0  365 3222040.33    0.00000   100%     -   33s
     0     0    0.00000    0  361 3222040.33    0.00000   100%     -   35s
     0     0    0.00000    0  365 3222040.33    0.00000   100%     -   40s
     0     0    0.00000    0  363 3222040.33    0.00000   100%     -   46s
H    0     0                    2734746.3114    0.00000   100%     -   76s
     0     2    0.00000    0  363 2734746.31    0.00000   100%     -   79s
     1     4    0.00000    1  359 2734746.31    0.00000   100%   4.0   80s
    26    35    0.00000   12  356 2734746.31    0.00000   100%   3.8   86s
    34    63    0.00000   15  356 2734746.31    0.00000   100%   3.2   92s
    62   148    0.00000   23  356 2734746.31    0.00000   100%   2.7  103s
   147   208    0.00000   62  353 2734746.31    0.00000   100%   3.6  114s
H  207   255                    2332502.2208    0.00000   100%   7.8  124s
H  232   255                    1986920.4284    0.00000   100%  10.8  124s
   254   317    0.00000  112  353 1986920.43    0.00000   100%  13.1  139s
H  258   317                    645119.52453    0.00000   100%  13.0  139s
   317   466    0.00000  140  348 645119.525    0.00000   100%  16.1  232s
   466   824 12760.6714  187  327 645119.525    0.00000   100%  20.0  268s
H  829  1044                    510777.46583    0.00000   100%  20.6  304s
  1053  1595 271183.000  284  293 510777.466    0.00000   100%  17.4  332s
  1606  2063 271505.261  474  296 510777.466    0.00000   100%  12.4  349s
H 2074  2469                    502859.79989    0.00000   100%  10.1  368s
H 2266  2469                    461445.66440    0.00000   100%   9.5  368s
H 2482  1782                    236367.11600    0.00000   100%   8.8  380s
  2577  2029     cutoff  860      236367.116    0.00000   100%   8.6  403s
  2912  2207    0.00000  305  343 236367.116    0.00000   100%   8.6  415s
  3110  2518 11223.5019  374  340 236367.116    0.00000   100%   9.5  436s
  3422  2519 3983.25252  875 1866 236367.116    0.00000   100%   9.1  479s
  3424  2520 9478.54392 1124  109 236367.116    0.00000   100%   9.1  484s
  3425  2521    0.00000  208  168 236367.116    0.00000   100%   9.1  489s
  3426  2522   51.00035  654  131 236367.116    0.00000   100%   9.1  491s
  3427  2522    0.00000  203   93 236367.116    0.00000   100%   9.1  498s
  3429  2524 4129.07245  361  108 236367.116    0.00000   100%   9.1  505s
  3431  2525    0.00000  173  137 236367.116    0.00000   100%   9.1  512s
  3433  2526 5092.26331  997  134 236367.116    0.00000   100%   9.1  517s
  3435  2528    0.00000   59  127 236367.116    0.00000   100%   9.1  530s
  3437  2529    0.00000  170  148 236367.116    0.00000   100%   9.1  538s
  3439  2530    0.00000  130  146 236367.116    0.00000   100%   9.1  542s
  3440  2531    0.00000  333  117 236367.116    0.00000   100%   9.1  548s
  3441  2532    0.00000  363  117 236367.116    0.00000   100%   9.1  554s
  3442  2535    0.00000   11  375 236367.116    0.00000   100%  16.7  591s
  3452  2542    0.00000   14  417 236367.116    0.00000   100%  16.7  597s
  3472  2578    0.00000   19  347 236367.116    0.00000   100%  18.1  603s
  3502  2613    0.00000   21  357 236367.116    0.00000   100%  18.4  609s
  3554  2782    0.00000   34  354 236367.116    0.00000   100%  19.0  624s
  3760  2839    0.00000   48  353 236367.116    0.00000   100%  21.6  635s
  3910  2839    0.00000   60  354 236367.116    0.00000   100%  24.2  677s
  3974  2844    0.00000   76  364 236367.116    0.00000   100%  25.7  688s
  4018  2896    0.00000   80  377 236367.116    0.00000   100%  27.3  701s
  4101  2965    0.00000  102  351 236367.116    0.00000   100%  30.0  714s
  4227  3088    0.00000  130  314 236367.116    0.00000   100%  33.4  727s
  4416  3472    0.00000  188  301 236367.116    0.00000   100%  34.4  745s
  4896  3623    0.00000  348  282 236367.116    0.00000   100%  33.7  759s
  5225  3881   34.07145  478  295 236367.116    0.00000   100%  33.7  773s
  5605  4191  112.26283  623  292 236367.116    0.00000   100%  33.0  789s
  6065  4508  301.56541  756  293 236367.116    0.00000   100%  31.7  805s
  6537  4353  875.51773  886  291 236367.116    0.00000   100%  30.7  844s
  6539  4682  882.90984  886  293 236367.116    0.00000   100%  30.7  858s
  6869  4937 1168.43821  972  290 236367.116    0.00000   100%  30.7  871s
  7254  5027 1499.09461 1085  291 236367.116    0.00000   100%  30.6  886s
  7522  5397 1604.69478 1144  291 236367.116    0.00000   100%  30.1  907s
  8049  5687 1883.32241 1277  290 236367.116    0.00000   100%  29.2  925s
  8612  5849 2235.87972 1411  290 236367.116    0.00000   100%  28.1  943s
  9052  6011 2466.43414 1500  290 236367.116    0.00000   100%  27.6  961s
  9428  6275 3297.67446 1587  290 236367.116    0.00000   100%  27.1  979s
  9903  6495 4747.87191 1695  289 236367.116    0.00000   100%  26.7  997s
 10364  6722 6373.25427 1801  289 236367.116    0.00000   100%  26.2 1016s
 10827  6933 7898.58137 1909  290 236367.116    0.00000   100%  25.7 1033s
 11273  7214 18531.3865 2015  288 236367.116    0.00000   100%  25.2 1046s
 11695  7618 18734.2823 2119  293 236367.116    0.00000   100%  24.7 1061s
 12177  7718 18902.8105 2244  291 236367.116    0.00000   100%  24.1 1068s
 12294  8120 19059.1595 2276  297 236367.116    0.00000   100%  24.0 1084s
 12773  8502 19751.6863 2401  289 236367.116    0.00000   100%  23.5 1100s
 13215  8913 19878.1781 2512  289 236367.116    0.00000   100%  23.1 1118s
 13628  9270 21465.1835 2610  289 236367.116    0.00000   100%  23.0 1134s
 13985  9624 22882.7567 2698  297 236367.116    0.00000   100%  23.2 1147s
 14339 10008 23604.0573 2778  297 236367.116    0.00000   100%  23.6 1162s
 14744 10262 24864.1885 2889  288 236367.116    0.00000   100%  23.5 1175s
 15035 10527 218013.205 2967  308 236367.116    0.00000   100%  23.6 1188s
 15337 10534 26696.3416 3044  290 236367.116    0.00000   100%  23.7 1193s
 15345 10807 26743.6260 3046  290 236367.116    0.00000   100%  23.7 1209s
 15662 10890 27244.5437 3110  287 236367.116    0.00000   100%  23.8 1218s
 15757 11125 27377.6454 3121  298 236367.116    0.00000   100%  23.8 1233s
 16030 11301 27549.7926 3156  287 236367.116    0.00000   100%  23.8 1244s
 16243 11463 27796.1222 3194  286 236367.116    0.00000   100%  23.7 1254s
 16431 11759 39323.0321 3242  306 236367.116    0.00000   100%  23.8 1270s
 16783 12068 167354.573 3334  298 236367.116    0.00000   100%  23.7 1285s
 17192 12329 167672.168 3440  295 236367.116    0.00000   100%  23.4 1298s
 17547 12619 167891.709 3534  296 236367.116    0.00000   100%  23.3 1309s
 17924 12844 168134.706 3640  295 236367.116    0.00000   100%  23.3 1321s
 18239 13102    0.00000   64  314 236367.116    0.00000   100%  23.3 1337s
 18584 13399    0.00000  124  295 236367.116    0.00000   100%  23.3 1352s
 18890 13650    0.00000  189  312 236367.116    0.00000   100%  23.4 1365s
 19156 13889    0.00000  221  303 236367.116    0.00000   100%  23.5 1376s
 19416 14203    0.00000  271  308 236367.116    0.00000   100%  23.7 1388s
 19747 14441    0.00000  318  302 236367.116    0.00000   100%  23.7 1401s
 20011 14764    0.00000  371  291 236367.116    0.00000   100%  23.8 1414s
 20361 15087    0.00000  448  277 236367.116    0.00000   100%  23.8 1428s
 20718 15416    0.00000  535  309 236367.116    0.00000   100%  23.8 1443s
 21056 15425    0.00000  631  273 236367.116    0.00000   100%  23.8 1494s
 21065 15651    0.00000  634  272 236367.116    0.00000   100%  23.8 1502s
 21312 15817    0.00000  689  280 236367.116    0.00000   100%  23.9 1513s
 21487 16190    0.00000  702  281 236367.116    0.00000   100%  23.9 1528s
 21860 16523 1568.59583  796  272 236367.116    0.00000   100%  24.0 1544s
 22195 16851 1936.45391  890  271 236367.116    0.00000   100%  23.9 1559s
 22523 17187 8443.00328  972  276 236367.116    0.00000   100%  23.9 1572s
 22861 17561 12019.8573 1059  275 236367.116    0.00000   100%  23.9 1587s
 23240 17924 15074.2767 1156  267 236367.116    0.00000   100%  23.8 1600s
 23603 18173 16243.2728 1248  268 236367.116    0.00000   100%  23.8 1612s
 23852 18511 16503.5629 1295  267 236367.116    0.00000   100%  23.8 1626s
 24191 18901 16964.2530 1369  273 236367.116    0.00000   100%  23.9 1641s
 24597 19333 123005.929 1492  280 236367.116    0.00000   100%  23.9 1658s
 25032 19731 69543.0306 1631  279 236367.116    0.00000   100%  23.8 1674s
 25430 20105 70816.7279 1757  280 236367.116    0.00000   100%  23.7 1690s
 25804 20546 84649.1202 1867  278 236367.116    0.00000   100%  23.7 1707s
 26249 21042 73300.6243 2004  270 236367.116    0.00000   100%  23.6 1722s
 26745 21495 75992.4781 2150  268 236367.116    0.00000   100%  23.5 1737s
 27201 21792 140848.666 2302  268 236367.116    0.00000   100%  23.3 1750s
 27502 22191 142265.363 2393  267 236367.116    0.00000   100%  23.3 1766s
 27914 22548 154405.415 2514  266 236367.116    0.00000   100%  23.2 1780s
 28275 22806 155408.144 2616  267 236367.116    0.00000   100%  23.2 1792s
 28595 23037    0.00000  375  309 236367.116    0.00000   100%  23.2 1802s
 28832 23332    0.00000  433  305 236367.116    0.00000   100%  23.2 1814s
 29141 23664    0.00000  499  295 236367.116    0.00000   100%  23.1 1825s
 29486 23976    0.00000  559  283 236367.116    0.00000   100%  23.0 1837s
 29807 24141 4670.40499  628  292 236367.116    0.00000   100%  23.1 1846s
 29972 24331 4719.37952  692  288 236367.116    0.00000   100%  23.1 1856s
 30162 24701 4803.90705  741  289 236367.116    0.00000   100%  23.2 1872s
 30532 25073 5106.66172  834  285 236367.116    0.00000   100%  23.2 1883s
 30917 25403 5991.20714  928  284 236367.116    0.00000   100%  23.1 1893s
 31256 25738 6626.09602 1016  284 236367.116    0.00000   100%  23.1 1905s
 31597 26079 7408.85896 1111  283 236367.116    0.00000   100%  23.0 1916s
 31939 26250 8081.35296 1204  283 236367.116    0.00000   100%  22.9 1928s
 32110 26580 9376.00696 1286  284 236367.116    0.00000   100%  22.9 1942s
 32451 26936 16009.3818 1372  285 236367.116    0.00000   100%  22.9 1958s
 32811 27146 17510.5098 1465  285 236367.116    0.00000   100%  22.8 1970s
 33030 27472 18265.8646 1513  285 236367.116    0.00000   100%  22.8 1984s
 33367 27721 19465.0212 1613  287 236367.116    0.00000   100%  22.7 1993s
 33624 28097 25278.7188 1693  285 236367.116    0.00000   100%  22.7 2009s
 34001 28415 28574.8419 1807  285 236367.116    0.00000   100%  22.6 2024s
 34329 28870 36215.7068 1895  285 236367.116    0.00000   100%  22.6 2038s
 34786 29168 32993.5154 2015  284 236367.116    0.00000   100%  22.4 2049s
 35085 29496 34474.2349 2075  283 236367.116    0.00000   100%  22.3 2063s
 35448 29870 36894.4578 2179  283 236367.116    0.00000   100%  22.2 2076s
 35822 30264 39301.1070 2282  283 236367.116    0.00000   100%  22.2 2090s
 36216 30701 69032.4208 2384  277 236367.116    0.00000   100%  22.1 2106s
 36661 31183 44424.2113 2499  281 236367.116    0.00000   100%  22.0 2117s
 37164 31608 47320.0331 2627  283 236367.116    0.00000   100%  21.8 2130s
 37620 31841 50288.5974 2751  281 236367.116    0.00000   100%  21.7 2140s
 37857 32004 51601.9658 2811  283 236367.116    0.00000   100%  21.6 2148s
 38021 32441 53230.9620 2881  283 236367.116    0.00000   100%  21.6 2159s
 38462 32809 54699.3371 2980  281 236367.116    0.00000   100%  21.4 2173s
 38830 33173 55522.4040 3064  280 236367.116    0.00000   100%  21.3 2186s
 39204 33454 70673.9778 3147  280 236367.116    0.00000   100%  21.2 2195s
 39528 33737 57184.1247 3230  280 236367.116    0.00000   100%  21.1 2203s
 39822 34017 58024.8611 3313  280 236367.116    0.00000   100%  21.0 2214s
 40114 34222 58865.7318 3397  280 236367.116    0.00000   100%  21.0 2223s
 40357 34430 74017.4400 3481  280 236367.116    0.00000   100%  21.1 2233s
 40601 34616 60547.6077 3566  280 236367.116    0.00000   100%  21.2 2243s
 40829 34763 61268.3540 3638  280 236367.116    0.00000   100%  21.3 2250s
 41008 35052 61848.9552 3696  280 236367.116    0.00000   100%  21.4 2261s
 41306 35264 62727.6506 3782  281 236367.116    0.00000   100%  21.4 2269s
 41520 35622 63170.3235 3828  280 236367.116    0.00000   100%  21.4 2279s
 41878 35762 64051.2357 3916  280 236367.116    0.00000   100%  21.3 2286s
 42018 35764 64530.2349 3955  280 236367.116    0.00000   100%  21.2 2323s
 42020 35938 64451.6504 3956  280 236367.116    0.00000   100%  21.2 2332s
 42194 36245 79234.1324 4000  281 236367.116    0.00000   100%  21.2 2345s
 42503 36559 81553.7536 4074  280 236367.116    0.00000   100%  21.2 2360s
 42818 36863 82262.3313 4146  280 236367.116    0.00000   100%  21.1 2374s
 43122 37199 83572.8976 4216  280 236367.116    0.00000   100%  21.0 2387s
 43458 37358 91844.8582 4303  279 236367.116    0.00000   100%  21.0 2394s
 43656 37660 147041.512 4385  278 236367.116    0.00000   100%  20.9 2406s
 44024 37947    0.00000  488  310 236367.116    0.00000   100%  20.9 2420s
 44314 38251  120.62446  547  302 236367.116    0.00000   100%  20.9 2434s
 44631 38601 7710.05936  616  301 236367.116    0.00000   100%  20.9 2445s
 44989 38871 14698.3949  704  293 236367.116    0.00000   100%  20.9 2450s
 45277 39248 14849.0602  799  292 236367.116    0.00000   100%  20.8 2459s
 45679 39625 15235.8764  918  292 236367.116    0.00000   100%  20.8 2468s
 46070 39977 17135.4878 1008  290 236367.116    0.00000   100%  20.7 2481s
 46427 40294 18192.4129 1092  291 236367.116    0.00000   100%  20.6 2494s
 46801 40550 32701.7036 1160  293 236367.116    0.00000   100%  20.6 2507s
 47168 40831 33299.2687 1242  291 236367.116    0.00000   100%  20.6 2516s
 47566 41091 66687.1323 1324  289 236367.116    0.00000   100%  20.5 2527s
 47976 41322 infeasible 1410      236367.116    0.00000   100%  20.5 2538s
 48290 41454     cutoff 1486      236367.116    0.00000   100%  20.5 2546s
 48448 41741    0.00000  479  292 236367.116    0.00000   100%  20.5 2559s
 48740 41923    0.00000  553  292 236367.116    0.00000   100%  20.5 2570s
 48954 42224 1082.44214  624  291 236367.116    0.00000   100%  20.5 2582s
 49295 42536 2408.96007  702  293 236367.116    0.00000   100%  20.5 2593s
 49633 42857 3374.20159  777  294 236367.116    0.00000   100%  20.4 2604s
 49956 43182 5159.90462  844  298 236367.116    0.00000   100%  20.4 2614s
 50281 43563 5230.61487  906  298 236367.116    0.00000   100%  20.4 2625s
 50662 43816 5277.57806  983  299 236367.116    0.00000   100%  20.3 2635s
 50915 44129 5659.53449 1024  296 236367.116    0.00000   100%  20.3 2646s
 51230 44518 8596.81898 1068  298 236367.116    0.00000   100%  20.3 2656s
 51621 44907 11823.4697 1150  293 236367.116    0.00000   100%  20.2 2666s
 52010 45200 12233.8505 1233  292 236367.116    0.00000   100%  20.2 2674s
 52305 45572 13641.1902 1303  291 236367.116    0.00000   100%  20.2 2684s
 52677 45907 14159.7785 1378  291 236367.116    0.00000   100%  20.1 2695s
 53030 46198 14693.7089 1445  292 236367.116    0.00000   100%  20.1 2705s
 53351 46512 15331.9597 1497  293 236367.116    0.00000   100%  20.1 2715s
 53695 46841 15747.4191 1561  292 236367.116    0.00000   100%  20.1 2726s
 54050 46998 16381.8857 1631  291 236367.116    0.00000   100%  20.1 2735s
 54245 47327 18071.4727 1671  291 236367.116    0.00000   100%  20.1 2746s
 54605 47650 17400.7200 1743  290 236367.116    0.00000   100%  20.0 2758s
 54960 47917 18091.0909 1814  290 236367.116    0.00000   100%  20.0 2765s
 55249 48282 18633.0197 1852  290 236367.116    0.00000   100%  20.0 2775s
 55630 48372 24170.5706 1935  291 236367.116    0.00000   100%  19.9 2781s
 55738 48702 29160.7473 1979  291 236367.116    0.00000   100%  19.9 2791s
 56084 49019 29696.9872 2045  290 236367.116    0.00000   100%  19.9 2802s
 56433 49328 35478.1757 2113  288 236367.116    0.00000   100%  19.9 2811s
 56775 49565 73290.1212 2178  286 236367.116    0.00000   100%  19.8 2821s
 57054 49895 73428.7421 2220  286 236367.116    0.00000   100%  19.8 2830s
 57426 49897 95074.2084 2301  282 236367.116    0.00000   100%  19.8 2858s
 57428 49921 96391.3003 2301  282 236367.116    0.00000   100%  19.8 2863s
 57452 50241 95482.4606 2313  282 236367.116    0.00000   100%  19.8 2872s
 57798 50537 102789.770 2380  283 236367.116    0.00000   100%  19.7 2883s
 58134 50867 148786.086 2443  130 236367.116    0.00000   100%  19.7 2893s
 58486 51223 182669.491 2514  132 236367.116    0.00000   100%  19.6 2906s
 58842 51563 183322.386 2590  132 236367.116    0.00000   100%  19.6 2919s
 59200 51839 184117.679 2665  128 236367.116    0.00000   100%  19.5 2931s
 59540 51896 203135.878 2730  127 236367.116    0.00000   100%  19.5 2938s
 59633 52173 203470.192 2768  126 236367.116    0.00000   100%  19.5 2950s
 59972 52336 204088.812 2833  126 236367.116    0.00000   100%  19.5 2958s
 60177 52614 204458.930 2881  126 236367.116    0.00000   100%  19.4 2968s
 60520 52871 211423.086 2948  125 236367.116    0.00000   100%  19.4 2978s
 60839 53142 infeasible 3011      236367.116    0.00000   100%  19.4 2988s
 61191 53468 213801.957 3120  126 236367.116    0.00000   100%  19.3 2996s
 61698 53720    0.00000  165  298 236367.116    0.00000   100%  19.2 3008s
 61963 53929    0.00000  199  323 236367.116    0.00000   100%  19.2 3014s
 62176 54128    0.00000  236  337 236367.116    0.00000   100%  19.2 3021s
 62375 54371    0.00000  283  329 236367.116    0.00000   100%  19.2 3029s
 62619 54420    0.00000  348  308 236367.116    0.00000   100%  19.2 3035s
 62670 54603    0.00000  374  315 236367.116    0.00000   100%  19.2 3043s
 62858 54837    0.00000  407  315 236367.116    0.00000   100%  19.2 3054s
 63097 55072    0.00000  451  325 236367.116    0.00000   100%  19.2 3064s
 63339 55287    0.00000  483  318 236367.116    0.00000   100%  19.2 3073s
 63556 55520    0.00000  504  315 236367.116    0.00000   100%  19.3 3081s
 63790 55673    0.00000  538  305 236367.116    0.00000   100%  19.3 3088s
 63945 55925    0.00000  547  306 236367.116    0.00000   100%  19.3 3098s
 64203 56185    0.00000  588  314 236367.116    0.00000   100%  19.3 3108s
 64471 56434    0.00000  608  306 236367.116    0.00000   100%  19.4 3117s
 64737 56685    0.00000  630  301 236367.116    0.00000   100%  19.5 3130s
 65037 56686    0.00000  673  312 236367.116    0.00000   100%  19.5 3186s
 65039 56708    0.00000  674  316 236367.116    0.00000   100%  19.5 3190s
 65067 56764    0.00000  677  295 236367.116    0.00000   100%  19.5 3200s
 65120 56887    0.00000  690  296 236367.116    0.00000   100%  19.5 3208s
 65250 57038    0.00000  700  294 236367.116    0.00000   100%  19.5 3218s
 65413 57267    0.00000  722  298 236367.116    0.00000   100%  19.5 3233s
 65670 57500    0.00000  778  286 236367.116    0.00000   100%  19.6 3248s
 65915 57753    0.00000  838  289 236367.116    0.00000   100%  19.6 3259s
 66174 57944 1198.06671  863  302 236367.116    0.00000   100%  19.7 3270s
 66386 58224 8423.23063  890  306 236367.116    0.00000   100%  19.8 3286s
 66709 58442 8565.01913  921  303 236367.116    0.00000   100%  19.8 3300s
 66994 58556 8776.20901  960  303 236367.116    0.00000   100%  19.8 3310s
 67113 58671 8786.87831  960  303 236367.116    0.00000   100%  19.8 3320s
 67258 58975 8932.73598  990  303 236367.116    0.00000   100%  19.8 3334s
 67630 59264 9226.07280 1046  304 236367.116    0.00000   100%  19.8 3345s
 67984 59586 9522.39853 1105  303 236367.116    0.00000   100%  19.8 3362s
 68362 59844 9817.16784 1160  303 236367.116    0.00000   100%  19.7 3373s
 68686 60143 10110.9441 1220  303 236367.116    0.00000   100%  19.6 3384s
 69043 60469 10410.7528 1276  305 236367.116    0.00000   100%  19.6 3401s
 69414 60807 10619.3042 1314  302 236367.116    0.00000   100%  19.5 3420s
 69788 61076 10803.7995 1346  302 236367.116    0.00000   100%  19.5 3435s
 70090 61339 10945.7434 1375  302 236367.116    0.00000   100%  19.4 3450s
 70521 61467 11130.3261 1410  302 236367.116    0.00000   100%  19.3 3459s
 70737 61699 11225.7403 1429  302 236367.116    0.00000   100%  19.3 3473s
 71139 62039 11372.6829 1458  302 236367.116    0.00000   100%  19.2 3484s
 71563 62240 11511.5489 1479  303 236367.116    0.00000   100%  19.1 3499s
 71791 62284 11628.6142 1507  303 236367.116    0.00000   100%  19.1 3504s
 71843 62332 11645.6094 1508  303 236367.116    0.00000   100%  19.1 3511s
 71898 62383 11664.8604 1514  303 236367.116    0.00000   100%  19.1 3517s
 71955 62662 11680.7991 1518  303 236367.116    0.00000   100%  19.1 3528s
 72286 62891 11793.8080 1534  302 236367.116    0.00000   100%  19.1 3539s
 72576 62991 12051.6406 1558  306 236367.116    0.00000   100%  19.1 3545s
 72694 63117 12367.4770 1594  306 236367.116    0.00000   100%  19.1 3555s
 72843 63371 12695.2917 1643  303 236367.116    0.00000   100%  19.2 3567s
 73149 63691 13578.0253 1743  305 236367.116    0.00000   100%  19.2 3578s
 73494 64001 14152.9839 1783  305 236367.116    0.00000   100%  19.2 3590s
 73804 64234 14310.1710 1805  305 236367.116    0.00000   100%  19.2 3600s

Cutting planes:
  Gomory: 2
  Implied bound: 7
  MIR: 263
  StrongCG: 1
  Flow cover: 3

Explored 74037 nodes (1420537 simplex iterations) in 3600.45 seconds (1805.77 work units)
Thread count was 2 (of 24 available processors)

Solution count 10: 236367 461446 502860 ... 2.34444e+07

Time limit reached
Best objective 2.363671159985e+05, best bound 0.000000000000e+00, gap 100.0000%
