
Gurobi 11.0.3 (linux64, Java) logging started seg 04 nov 2024 16:51:32 -03

Set parameter Username
Academic license - for non-commercial use only - expires 2025-10-10
Warning: Gurobi version mismatch between Java 11.0.1 and C library 11.0.3
Warning: Gurobi version mismatch between Java 11.0.1 and Jni 11.0.3
Set parameter NonConvex to value 2
Set parameter TimeLimit to value 3600
Set parameter LogToConsole to value 0
Set parameter MIPGap to value 3.0591967898393180e-08
Set parameter Threads to value 2
Set parameter NodefileDir to value "/home/ps12398/goal_programming/goalProgrammingMarcos/"
Set parameter NodefileStart to value 1
Gurobi Optimizer version 11.0.3 build v11.0.3rc0 (linux64)

CPU model: Intel(R) Xeon(R) CPU           X5650  @ 2.67GHz, instruction set [SSE2]
Thread count: 12 physical cores, 24 logical processors, using up to 2 threads

Optimize a model with 253822 rows, 172586 columns and 1906318 nonzeros
Model fingerprint: 0x88c11bc0
Model has 298 quadratic constraints
Variable types: 86148 continuous, 86438 integer (293 binary)
Coefficient statistics:
  Matrix range     [3e-03, 3e+06]
  QMatrix range    [3e-03, 5e+04]
  QLMatrix range   [1e+00, 5e+04]
  Objective range  [1e+00, 7e+07]
  Bounds range     [1e+00, 1e+08]
  RHS range        [1e+00, 1e+06]
  QRHS range       [3e-03, 3e-03]
Presolve removed 249306 rows and 167920 columns
Presolve time: 1.44s
Presolved: 6930 rows, 5397 columns, 1055422 nonzeros
Presolved model has 2 SOS constraint(s)
Presolved model has 293 bilinear constraint(s)

Solving non-convex MIQCP

Variable types: 1103 continuous, 4294 integer (295 binary)
Found heuristic solution: objective 3.129257e+07

Root simplex log...

Iteration    Objective       Primal Inf.    Dual Inf.      Time
       0    0.0000000e+00   8.575315e+03   0.000000e+00      8s
     769    0.0000000e+00   0.000000e+00   0.000000e+00      8s

Root relaxation: objective 0.000000e+00, 769 iterations, 0.61 seconds (0.25 work units)
Total elapsed time = 8.31s (DegenMoves)
Total elapsed time = 10.52s (DegenMoves)

    Nodes    |    Current Node    |     Objective Bounds      |     Work
 Expl Unexpl |  Obj  Depth IntInf | Incumbent    BestBd   Gap | It/Node Time

     0     0    0.00000    0  590 3.1293e+07    0.00000   100%     -   13s
     0     0    0.00000    0  486 3.1293e+07    0.00000   100%     -   15s
     0     0    0.00000    0  480 3.1293e+07    0.00000   100%     -   16s
     0     0    0.00000    0  429 3.1293e+07    0.00000   100%     -   20s
     0     0    0.00000    0  431 3.1293e+07    0.00000   100%     -   22s
     0     0    0.00000    0  426 3.1293e+07    0.00000   100%     -   28s
     0     0    0.00000    0  436 3.1293e+07    0.00000   100%     -   30s
     0     0    0.00000    0  441 3.1293e+07    0.00000   100%     -   34s
     0     0    0.00000    0  436 3.1293e+07    0.00000   100%     -   36s
     0     0    0.00000    0  434 3.1293e+07    0.00000   100%     -   41s
     0     0    0.00000    0  442 3.1293e+07    0.00000   100%     -   43s
     0     0    0.00000    0  440 3.1293e+07    0.00000   100%     -   47s
     0     0    0.00000    0  414 3.1293e+07    0.00000   100%     -   60s
     0     2    0.00000    0  403 3.1293e+07    0.00000   100%     -   86s
     3     6    0.00000    2  422 3.1293e+07    0.00000   100%  1092   90s
    15    19    0.00000    5  427 3.1293e+07    0.00000   100%   478   95s
    25    43    0.00000    8  420 3.1293e+07    0.00000   100%   367  100s
    42    67    0.00000   15  447 3.1293e+07    0.00000   100%   300  107s
    66   113    0.00000   23  436 3.1293e+07    0.00000   100%   266  120s
   112   248    0.00000   38  422 3.1293e+07    0.00000   100%   246  145s
   247   614 22382.5667   87  405 3.1293e+07    0.00000   100%   208  186s
   613   846 73602.6673  334  387 3.1293e+07    0.00000   100%  97.9  210s
   845  1125 73673.2093  392  385 3.1293e+07    0.00000   100%  72.1  237s
H 1044  1125                    4986061.1006    0.00000   100%  58.7  238s
H 1124  1573                    4977989.6237    0.00000   100%  54.6  266s
H 1348  1573                    4975524.3489    0.00000   100%  45.8  266s
H 1572  1652                    4964576.0751    0.00000   100%  39.4  295s
  1651  1874 74138.0938  693  387 4964576.08    0.00000   100%  37.6  317s
H 1675  1874                    4957735.8175    0.00000   100%  37.1  317s
H 1872  1874                    4953200.7806    0.00000   100%  33.3  317s
  1873  2003 74337.2588  828  385 4953200.78    0.00000   100%  33.3  348s
  2002  2410 74365.8822  846  385 4953200.78    0.00000   100%  31.4  381s
  2409  2769 74512.9955 1090  383 4953200.78    0.00000   100%  26.5  415s
H 2669  2769                    4925021.6584    0.00000   100%  24.1  415s
  2768  2868 75404.1331 1302  381 4925021.66    0.00000   100%  23.4  452s
H 2867  3187                    4908311.2119    0.00000   100%  22.7  491s
H 3186  3504                    3710480.6654    0.00000   100%  20.7  521s
  3503  3944 76488.3324 1545  377 3710480.67    0.00000   100%  19.0  553s
  3944  3945 112768.506  793 1866 3710480.67    0.00000   100%  17.0  618s
  3946  3946 106614.394  988  291 3710480.67    0.00000   100%  17.0  624s
  3947  3947 77064.7547 1682  286 3710480.67    0.00000   100%  17.0  630s
  3949  3948 76201.4451 1456  200 3710480.67    0.00000   100%  16.9  644s
  3950  3949 74142.4801  112  242 3710480.67    0.00000   100%  16.9  647s
  3951  3950 104694.264  491  183 3710480.67    0.00000   100%  16.9  659s
  3952  3950 73862.0455  518  242 3710480.67    0.00000   100%  16.9  663s
  3953  3951 114482.068  678  184 3710480.67    0.00000   100%  16.9  677s
  3954  3952 73629.9941  357  234 3710480.67    0.00000   100%  16.9  680s
  3955  3952 105170.931  742  192 3710480.67    0.00000   100%  16.9  687s
  3957  3954 39615.2212  103  225 3710480.67    0.00000   100%  16.9  695s
  3959  3955 74507.7683 1085  185 3710480.67    0.00000   100%  16.9  705s
  3961  3956 74677.4819 1178  176 3710480.67    0.00000   100%  16.9  713s
  3962  3957 113246.692  869  234 3710480.67    0.00000   100%  16.9  716s
  3963  3958 104630.609  386  170 3710480.67    0.00000   100%  16.9  721s
  3964  3958 76725.9339 1599  148 3710480.67    0.00000   100%  16.9  726s
  3965  3959 76887.5107 1639  148 3710480.67    0.00000   100%  16.9  746s
  3966  3963    0.00000   12  462 3710480.67    0.00000   100%  25.4  755s
  3970  3965    0.00000   13  461 3710480.67    0.00000   100%  26.1  762s
  3972  3967    0.00000   14  456 3710480.67    0.00000   100%  26.1  765s
  3976  3969    0.00000   15  524 3710480.67    0.00000   100%  26.6  772s
  3978  3971    0.00000   15  480 3710480.67    0.00000   100%  27.0  776s
  3982  3973    0.00000   16  508 3710480.67    0.00000   100%  27.1  782s
  3984  3976    0.00000   17  510 3710480.67    0.00000   100%  27.2  785s
  3987  3984    0.00000   17  508 3710480.67    0.00000   100%  27.3  793s
  3996  4000    0.00000   20  531 3710480.67    0.00000   100%  27.6  805s
  4015  4032    0.00000   25  503 3710480.67    0.00000   100%  28.0  837s
  4054  4062    0.00000   37  503 3710480.67    0.00000   100%  29.8  888s
  4098  4344    0.00000   47  508 3710480.67    0.00000   100%  32.6  977s
  4394  4809    0.00000   68  472 3710480.67    0.00000   100%  39.8 1033s
  4960  5014 69804.0583  210  403 3710480.67    0.00000   100%  45.5 1075s
  5355  5643 71193.5046  238  393 3710480.67    0.00000   100%  42.6 1104s
  6115  5391 71892.9255  428  386 3710480.67    0.00000   100%  37.8 1134s
  6117  6056 71895.6950  428  384 3710480.67    0.00000   100%  37.8 1154s
  6782  6635 72361.3011  656  384 3710480.67    0.00000   100%  34.4 1197s
  7583  7390 72854.6056  893  385 3710480.67    0.00000   100%  31.2 1224s
  8605  7051 73549.5302 1170  374 3710480.67    0.00000   100%  27.8 1243s
  8607  7300 73402.1959 1171  376 3710480.67    0.00000   100%  27.8 1259s
  8856  8023 73637.1452 1184  373 3710480.67    0.00000   100%  27.1 1285s
  9662  7756 74068.1185 1395  366 3710480.67    0.00000   100%  25.1 1309s
  9664  8097 147420.355 1395  394 3710480.67    0.00000   100%  25.1 1329s
 10006  8020 163524.620 1401  363 3710480.67    0.00000   100%  24.3 1337s
 10043  8680 163513.090 1410  363 3710480.67    0.00000   100%  24.3 1367s
 10715  8518 163729.020 1584  364 3710480.67    0.00000   100%  22.9 1373s
 10777  9258 163772.829 1603  361 3710480.67    0.00000   100%  22.8 1395s
 11538  9887 164557.544 1820  358 3710480.67    0.00000   100%  21.5 1422s
 12420 10323 165603.843 2067  358 3710480.67    0.00000   100%  20.2 1442s
 13150 10417 167063.679 2286  346 3710480.67    0.00000   100%  19.4 1453s
 13488 10992 167304.068 2414  349 3710480.67    0.00000   100%  19.1 1470s
 14175 11259 167869.810 2640  349 3710480.67    0.00000   100%  18.7 1483s
 14671 11221 168495.497 2793  346 3710480.67    0.00000   100%  18.4 1509s
 14799 11869 168635.814 2825  346 3710480.67    0.00000   100%  18.2 1532s
 15489 12293 169711.984 3013  339 3710480.67    0.00000   100%  17.6 1551s
 16143 12796 171091.580 3225  336 3710480.67    0.00000   100%  17.0 1573s
H16764 12798                    2161883.2464    0.00000   100%  16.5 1585s
H16765 12798                    1956359.8029    0.00000   100%  16.5 1585s
 16766 13541 172409.859 3381  332 1956359.80    0.00000   100%  16.5 1604s
 17509 14341 172458.498 3607  332 1956359.80    0.00000   100%  15.8 1624s
 18309 15199 172510.308 3831  332 1956359.80    0.00000   100%  15.2 1642s
 19167 15812 172555.375 4041  332 1956359.80    0.00000   100%  14.6 1658s
 19780 15992 173286.735 4145  332 1956359.80    0.00000   100%  14.3 1685s
H19960 16188                    1947382.9003    0.00000   100%  14.2 1693s
H19987 16188                    1941317.8233    0.00000   100%  14.2 1693s
H20156 16210                    1927535.8512    0.00000   100%  14.1 1697s
 20178 16743 174031.423 4214  328 1927535.85    0.00000   100%  14.1 1708s
 20711 17432 175006.182 4314  328 1927535.85    0.00000   100%  13.9 1726s
 21400 17722 175654.216 4501  328 1927535.85    0.00000   100%  13.6 1737s
H21689 17722                    1779401.4509    0.00000   100%  13.4 1737s
 21690 18363 176147.041 4646  328 1779401.45    0.00000   100%  13.4 1752s
 22331 18777 176863.163 4816  324 1779401.45    0.00000   100%  13.2 1763s
H22745 18779                    1671416.5530    0.00000   100%  13.0 1773s
H22746 18779                    1475637.1839    0.00000   100%  13.0 1773s
 22747 19109 176990.521 4900  327 1475637.18    0.00000   100%  13.0 1787s
 23077 19611 177827.077 4992  322 1475637.18    0.00000   100%  13.0 1800s
 23579 19657 179075.867 5091  322 1475637.18    0.00000   100%  12.8 1852s
H23601 19657                    1434060.9056    0.00000   100%  12.7 1852s
H23625 19832                    1432837.4567    0.00000   100%  12.7 1864s
 23800 20164 179993.360 5190  319 1432837.46    0.00000   100%  12.7 1875s
 24132 20634 180001.112 5203  319 1432837.46    0.00000   100%  12.5 1887s
 24602 20999 180147.890 5307  320 1432837.46    0.00000   100%  12.4 1899s
H24967 21064                    1365475.0225    0.00000   100%  12.3 1932s
 25032 21066 180154.458 5410  320 1365475.02    0.00000   100%  12.3 1936s
 25034 21449 180135.076 5411  319 1365475.02    0.00000   100%  12.3 1951s
 25417 21866 180881.705 5513  319 1365475.02    0.00000   100%  12.2 1968s
 25834 22274 181840.183 5617  319 1365475.02    0.00000   100%  12.0 1984s
H26242 22276                    1365472.7693    0.00000   100%  11.8 1996s
 26244 22639 182665.471 5717  319 1365472.77    0.00000   100%  11.8 2010s
 26607 22917 183556.179 5814  321 1365472.77    0.00000   100%  11.8 2022s
 26885 23358 185213.485 5914  318 1365472.77    0.00000   100%  11.7 2034s
 27326 23360 186744.995 6048  316 1365472.77    0.00000   100%  11.6 2041s
 27328 23763 187187.405 6048  322 1365472.77    0.00000   100%  11.6 2053s
 27731 24166 187111.722 6142  320 1365472.77    0.00000   100%  11.5 2067s
 28134 24519 187588.832 6227  321 1365472.77    0.00000   100%  11.3 2078s
 28487 24864 188347.784 6318  323 1365472.77    0.00000   100%  11.2 2090s
 28832 25207 190744.765 6405  317 1365472.77    0.00000   100%  11.1 2099s
 29175 25545 192610.191 6491  318 1365472.77    0.00000   100%  11.0 2113s
 29513 25821 194316.281 6571  319 1365472.77    0.00000   100%  11.0 2124s
 29789 26156 194553.580 6618  318 1365472.77    0.00000   100%  11.0 2137s
 30124 26158 197105.538 6690  322 1365472.77    0.00000   100%  10.9 2165s
 30126 26567 196785.761 6690  318 1365472.77    0.00000   100%  10.9 2175s
 30535 26995 197904.160 6739  314 1365472.77    0.00000   100%  10.8 2189s
 30963 27337 198723.654 6816  313 1365472.77    0.00000   100%  10.7 2203s
 31305 27688 199586.131 6893  316 1365472.77    0.00000   100%  10.7 2215s
 31656 28052 201251.751 6975  317 1365472.77    0.00000   100%  10.6 2229s
 32020 28404 202790.255 7066  318 1365472.77    0.00000   100%  10.5 2244s
 32372 28752 205543.944 7147  318 1365472.77    0.00000   100%  10.5 2258s
 32720 29114 208996.533 7222  313 1365472.77    0.00000   100%  10.4 2269s
 33082 29470 210194.509 7306  314 1365472.77    0.00000   100%  10.3 2280s
 33438 29915 212445.151 7383  310 1365472.77    0.00000   100%  10.3 2289s
 33883 30329 213376.849 7457  310 1365472.77    0.00000   100%  10.2 2301s
 34297 30657 214461.585 7530  318 1365472.77    0.00000   100%  10.1 2314s
 34625 30995 215186.792 7601  314 1365472.77    0.00000   100%  10.1 2328s
 34963 31375 217181.797 7680  312 1365472.77    0.00000   100%  10.1 2336s
 35343 31762 217898.573 7740  312 1365472.77    0.00000   100%  10.0 2349s
 35733 32109 221792.645 7808  312 1365472.77    0.00000   100%  10.0 2362s
 36082 32358 223157.163 7873  310 1365472.77    0.00000   100%  10.0 2373s
 36331 32783 224409.470 7940  308 1365472.77    0.00000   100%  10.0 2386s
 36756 32785 225486.663 8001  309 1365472.77    0.00000   100%  10.0 2425s
 36758 32993 227824.393 8001  345 1365472.77    0.00000   100%  10.0 2437s
 36966 33120 225495.881 8002  311 1365472.77    0.00000   100%   9.9 2445s
 37093 33179 383707.118 8006  366 1365472.77    0.00000   100%   9.9 2452s
 37152 33448 228163.666 8011  329 1365472.77    0.00000   100%   9.9 2465s
 37421 33683 261234.304 8050  334 1365472.77    0.00000   100%   9.9 2472s
 37656 34043 275792.461 8102  328 1365472.77    0.00000   100%   9.8 2486s
 38016 34430 299214.354 8193  322 1365472.77    0.00000   100%   9.8 2502s
 38403 34871 303028.749 8290  316 1365472.77    0.00000   100%   9.7 2511s
 38844 35225 305945.976 8427  320 1365472.77    0.00000   100%   9.6 2521s
 39198 35529 307365.472 8524  314 1365472.77    0.00000   100%   9.5 2531s
 39502 35857 308263.457 8598  314 1365472.77    0.00000   100%   9.5 2542s
 39830 36144 309161.442 8672  314 1365472.77    0.00000   100%   9.5 2553s
 40117 36401 310649.655 8746  312 1365472.77    0.00000   100%   9.4 2564s
 40384 36747 312386.782 8818  312 1365472.77    0.00000   100%   9.4 2575s
 40730 37046 326249.502 8897  311 1365472.77    0.00000   100%   9.4 2586s
 41031 37326 327649.608 8971  311 1365472.77    0.00000   100%   9.4 2598s
 41311 37601 329042.001 9046  308 1365472.77    0.00000   100%   9.3 2608s
 41586 37876 330429.234 9118  308 1365472.77    0.00000   100%   9.3 2620s
 41861 38126 337791.047 9190  306 1365472.77    0.00000   100%   9.3 2632s
 42113 38582 549482.277 9252  358 1365472.77    0.00000   100%   9.3 2644s
 42569 38938 555126.402 9322  346 1365472.77    0.00000   100%   9.3 2657s
 42925 39271 574951.034 9402  326 1365472.77    0.00000   100%   9.2 2669s
 43258 39605 588331.749 9487  314 1365472.77    0.00000   100%   9.2 2682s
 43592 39789 607759.561 9586  325 1365472.77    0.00000   100%   9.2 2693s
 43776 40067 596215.700 9678  317 1365472.77    0.00000   100%   9.2 2703s
 44054 40347 604217.637 9747  357 1365472.77    0.00000   100%   9.2 2713s
 44334 40625 605295.525 9817  354 1365472.77    0.00000   100%   9.2 2722s
 44612 40910 609659.390 9886  324 1365472.77    0.00000   100%   9.2 2733s
 44897 41158 603940.301 9959  308 1365472.77    0.00000   100%   9.2 2745s
 45145 41405 606024.815 10028  336 1365472.77    0.00000   100%   9.3 2755s
 45392 41629 607991.377 10106  331 1365472.77    0.00000   100%   9.3 2767s
 45616 41850 612270.659 10185  325 1365472.77    0.00000   100%   9.3 2777s
 45837 42062 614154.118 10265  328 1365472.77    0.00000   100%   9.3 2789s
H46049 42064                    1365415.6763    0.00000   100%   9.3 2791s
 46051 42358 621528.021 10342  337 1365415.68    0.00000   100%   9.3 2805s
 46345 42669 616145.202 10424  312 1365415.68    0.00000   100%   9.2 2820s
 46656 42946 623456.640 10509  304 1365415.68    0.00000   100%   9.2 2835s
 46935 43235 652801.353 10578  326 1365415.68    0.00000   100%   9.2 2846s
 47224 43463 656327.951 10647  308 1365415.68    0.00000   100%   9.2 2856s
 47453 43771 662278.465 10696  366 1365415.68    0.00000   100%   9.2 2868s
 47761 44073 659037.029 10761  307 1365415.68    0.00000   100%   9.2 2881s
 48077 44308 660216.405 10826  310 1365415.68    0.00000   100%   9.2 2891s
 48373 44575 661685.839 10882  312 1365415.68    0.00000   100%   9.2 2902s
 48708 44856 663351.728 10948  311 1365415.68    0.00000   100%   9.2 2916s
 49059 45177 664586.589 11018  311 1365415.68    0.00000   100%   9.2 2927s
 49387 45515 666348.454 11091  314 1365415.68    0.00000   100%   9.2 2940s
 49725 45818 668126.443 11168  311 1365415.68    0.00000   100%   9.2 2974s
 50028 46028 670016.693 11237  350 1365415.68    0.00000   100%   9.1 2987s
 50238 46330 671833.671 11261  339 1365415.68    0.00000   100%   9.1 3001s
 50562 46484 704339.447 11334  322 1365415.68    0.00000   100%   9.1 3011s
 50718 46663 716197.648 11410  331 1365415.68    0.00000   100%   9.1 3023s
 50983 46824 718231.880 11490  328 1365415.68    0.00000   100%   9.1 3035s
 51166 47014 719553.946 11572  326 1365415.68    0.00000   100%   9.1 3047s
 51358 47213 723074.456 11660  317 1365415.68    0.00000   100%   9.2 3057s
 51561 47414 756736.148 11756  306 1365415.68    0.00000   100%   9.2 3065s
 51762 47629 759312.145 11853  333 1365415.68    0.00000   100%   9.3 3074s
 51977 47884 765789.159 11949  335 1365415.68    0.00000   100%   9.4 3090s
 52234 48031 764571.191 12051  310 1365415.68    0.00000   100%   9.4 3100s
 52384 48460 765140.392 12070  309 1365415.68    0.00000   100%   9.4 3114s
 52813 48854 768081.745 12176  317 1365415.68    0.00000   100%   9.3 3130s
 53217 49240 845239.310 12281  321 1365415.68    0.00000   100%   9.3 3144s
 53613 49646 932230.423 12382  304 1365415.68    0.00000   100%   9.2 3161s
 54019 50049 934147.095 12489  304 1365415.68    0.00000   100%   9.2 3177s
 54422 50251 977103.753 12595  333 1365415.68    0.00000   100%   9.2 3192s
 54624 50721 943465.193 12696  307 1365415.68    0.00000   100%   9.2 3207s
 55096 51279 1003374.81 12827  309 1365415.68    0.00000   100%   9.1 3217s
 55654 51744 1003543.45 12995  307 1365415.68    0.00000   100%   9.0 3231s
 56119 52066 1005446.19 13124  327 1365415.68    0.00000   100%   9.0 3243s
 56441 52471 1037299.44 13207  306 1365415.68    0.00000   100%   8.9 3257s
 56846 52848 1039502.37 13313  306 1365415.68    0.00000   100%   8.9 3270s
 57223 53184 1041639.93 13416  306 1365415.68    0.00000   100%   8.9 3282s
 57559 53515 1043622.50 13506  304 1365415.68    0.00000   100%   8.9 3293s
 57890 53820 1045987.81 13593  313 1365415.68    0.00000   100%   8.8 3303s
 58197 54000 1050996.14 13672  304 1365415.68    0.00000   100%   8.8 3311s
 58377 54353 1052561.51 13672  329 1365415.68    0.00000   100%   8.8 3324s
 58730 54620 1094203.17 13757  308 1365415.68    0.00000   100%   8.8 3353s
 58997 54948 1092009.28 13818  330 1365415.68    0.00000   100%   8.7 3365s
 59330 55292 1094914.24 13898  305 1365415.68    0.00000   100%   8.7 3378s
 59709 55606 1093374.72 13987  304 1365415.68    0.00000   100%   8.7 3390s
 60068 55930 1094057.64 14077  311 1365415.68    0.00000   100%   8.6 3402s
 60427 56247 1094681.36 14173  304 1365415.68    0.00000   100%   8.6 3412s
 60744 56515 infeasible 14257      1365415.68    0.00000   100%   8.6 3422s
 61014 56796 1281723.24 14310  372 1365415.68    0.00000   100%   8.6 3433s
 61298 56979 1296288.09 14364  364 1365415.68    0.00000   100%   8.6 3442s
 61526 57159     cutoff 14372      1365415.68    0.00000   100%   8.5 3451s
 61710 57346    0.00000  127  463 1365415.68    0.00000   100%   8.6 3461s
 61897 57551 11594.6708  131  457 1365415.68    0.00000   100%   8.6 3470s
 62102 57797 16680.8196  142  442 1365415.68    0.00000   100%   8.6 3482s
 62348 58057 49988.9213  173  419 1365415.68    0.00000   100%   8.6 3491s
 62608 58389 53420.2057  210  372 1365415.68    0.00000   100%   8.6 3501s
 62940 58696 53531.1579  283  366 1365415.68    0.00000   100%   8.6 3511s
 63247 59044 53934.5108  344  353 1365415.68    0.00000   100%   8.5 3527s
 63595 59146 54220.2144  423  353 1365415.68    0.00000   100%   8.5 3532s
 63697 59531 54304.5723  446  353 1365415.68    0.00000   100%   8.5 3546s
 64082 59923 54520.9419  541  351 1365415.68    0.00000   100%   8.5 3562s
 64474 60291 55038.3885  640  343 1365415.68    0.00000   100%   8.4 3576s
 64842 60656 55367.3421  729  346 1365415.68    0.00000   100%   8.4 3589s
 65207 60938 55790.8819  817  346 1365415.68    0.00000   100%   8.3 3600s

Cutting planes:
  Gomory: 6
  Implied bound: 6
  MIR: 231
  StrongCG: 11
  Flow cover: 55
  RLT: 29

Explored 65489 nodes (559894 simplex iterations) in 3600.58 seconds (1696.14 work units)
Thread count was 2 (of 24 available processors)

Solution count 10: 1.36542e+06 1.36547e+06 1.43284e+06 ... 1.94738e+06

Time limit reached
Best objective 1.365415676310e+06, best bound 0.000000000000e+00, gap 100.0000%
