
Gurobi 11.0.3 (linux64, Java) logging started ter 05 nov 2024 00:08:11 -03

Set parameter Username
Academic license - for non-commercial use only - expires 2025-10-10
Warning: Gurobi version mismatch between Java 11.0.1 and C library 11.0.3
Warning: Gurobi version mismatch between Java 11.0.1 and Jni 11.0.3
Set parameter NonConvex to value 2
Set parameter TimeLimit to value 3600
Set parameter LogToConsole to value 0
Set parameter MIPGap to value 3.0591967898393180e-08
Set parameter Threads to value 2
Set parameter NodefileDir to value "/home/ps12398/goal_programming/goalProgrammingMarcos/"
Set parameter NodefileStart to value 1
Gurobi Optimizer version 11.0.3 build v11.0.3rc0 (linux64)

CPU model: Intel(R) Xeon(R) CPU           X5650  @ 2.67GHz, instruction set [SSE2]
Thread count: 12 physical cores, 24 logical processors, using up to 2 threads

Optimize a model with 253822 rows, 172586 columns and 1906318 nonzeros
Model fingerprint: 0x4cada8d3
Model has 298 quadratic constraints
Variable types: 86148 continuous, 86438 integer (293 binary)
Coefficient statistics:
  Matrix range     [3e-03, 3e+06]
  QMatrix range    [3e-03, 5e+04]
  QLMatrix range   [1e+00, 5e+04]
  Objective range  [1e+00, 7e+07]
  Bounds range     [1e+00, 1e+08]
  RHS range        [1e+00, 2e+06]
  QRHS range       [3e-03, 3e-03]
Presolve removed 249306 rows and 167920 columns
Presolve time: 2.02s
Presolved: 6930 rows, 5397 columns, 1055422 nonzeros
Presolved model has 2 SOS constraint(s)
Presolved model has 293 bilinear constraint(s)

Solving non-convex MIQCP

Variable types: 1103 continuous, 4294 integer (295 binary)
Found heuristic solution: objective 2.999127e+07

Root simplex log...

Iteration    Objective       Primal Inf.    Dual Inf.      Time
       0    0.0000000e+00   8.221143e+03   0.000000e+00     10s
     870    0.0000000e+00   0.000000e+00   0.000000e+00     11s

Root relaxation: objective 0.000000e+00, 870 iterations, 1.26 seconds (0.41 work units)
Total elapsed time = 11.08s (DegenMoves)

    Nodes    |    Current Node    |     Objective Bounds      |     Work
 Expl Unexpl |  Obj  Depth IntInf | Incumbent    BestBd   Gap | It/Node Time

     0     0    0.00000    0  618 2.9991e+07    0.00000   100%     -   13s
     0     0    0.00000    0  627 2.9991e+07    0.00000   100%     -   18s
     0     0    0.00000    0  502 2.9991e+07    0.00000   100%     -   22s
     0     0    0.00000    0  432 2.9991e+07    0.00000   100%     -   40s
     0     0    0.00000    0  462 2.9991e+07    0.00000   100%     -   43s
     0     0    0.00000    0  466 2.9991e+07    0.00000   100%     -   53s
     0     0    0.00000    0  439 2.9991e+07    0.00000   100%     -   55s
     0     0    0.00000    0  442 2.9991e+07    0.00000   100%     -   60s
     0     0    0.00000    0  450 2.9991e+07    0.00000   100%     -   61s
     0     0    0.00000    0  372 2.9991e+07    0.00000   100%     -   68s
     0     0    0.00000    0  431 2.9991e+07    0.00000   100%     -   72s
     0     0    0.00000    0  467 2.9991e+07    0.00000   100%     -   76s
     0     0    0.00000    0  466 2.9991e+07    0.00000   100%     -   77s
     0     0    0.00000    0  473 2.9991e+07    0.00000   100%     -   80s
     0     0    0.00000    0  473 2.9991e+07    0.00000   100%     -   90s
H    0     0                    2.943503e+07    0.00000   100%     -  137s
     0     2    0.00000    0  473 2.9435e+07    0.00000   100%     -  141s
    11    15    0.00000    4  427 2.9435e+07    0.00000   100%   242  145s
    23    30    0.00000    7  424 2.9435e+07    0.00000   100%   156  150s
    50    92    0.00000   16  423 2.9435e+07    0.00000   100%   173  163s
    92   208    0.00000   33  420 2.9435e+07    0.00000   100%   153  184s
H  208   338                    2.940551e+07    0.00000   100%   127  208s
   338   553    0.00000  107  403 2.9406e+07    0.00000   100%   134  223s
   553   671    0.00000  151  400 2.9406e+07    0.00000   100%   104  339s
H  671   673                    2.668199e+07    0.00000   100%  97.3  371s
   673   809 25724.8781  191  377 2.6682e+07    0.00000   100%  97.6  395s
H  686   809                    4364538.9806    0.00000   100%  97.7  395s
   809  1073 27139.2189  274  372 4364538.98    0.00000   100%  88.8  434s
  1073  1207 27440.4212  453  371 4364538.98    0.00000   100%  73.1  464s
  1207  1662 27855.7952  586  371 4364538.98    0.00000   100%  65.6  494s
  1664  2129 28122.8356  826  365 4364538.98    0.00000   100%  51.9  531s
  2131  2463 28345.7625 1041  364 4364538.98    0.00000   100%  42.0  558s
H 2322  2463                    2475338.5762    0.00000   100%  39.3  558s
  2465  2897 28545.1248 1232  364 2475338.58    0.00000   100%  37.5  588s
  2899  3291 28840.2038 1411  362 2475338.58    0.00000   100%  33.5  618s
  3293  3684 29624.4109 1555  360 2475338.58    0.00000   100%  32.5  649s
  3687  3685 25150.7009  616 1866 2475338.58    0.00000   100%  31.0  709s
  3688  3686 26892.5660  849 1866 2475338.58    0.00000   100%  31.0  710s
  3689  3686 32112.0924  928  335 2475338.58    0.00000   100%  31.0  722s
  3690  3687    0.00000  352  330 2475338.58    0.00000   100%  31.0  729s
  3691  3688 28369.1978 1060  327 2475338.58    0.00000   100%  31.0  736s
  3692  3688 25023.9742  575  244 2475338.58    0.00000   100%  31.0  748s
  3693  3689 27251.7972  388  280 2475338.58    0.00000   100%  31.0  752s
  3694  3690 28093.3404  787  271 2475338.58    0.00000   100%  31.0  762s
  3695  3690 29155.9576 1469  296 2475338.58    0.00000   100%  31.0  766s
  3696  3691 27784.5874  557  263 2475338.58    0.00000   100%  30.9  783s
  3697  3692    0.00000  190  280 2475338.58    0.00000   100%  30.9  788s
  3698  3692 28507.6832 1192  261 2475338.58    0.00000   100%  30.9  815s
  3699  3693    0.00000  144  286 2475338.58    0.00000   100%  30.9  821s
  3700  3694    0.00000   61  297 2475338.58    0.00000   100%  30.9  842s
  3702  3695 28520.2728 1204  278 2475338.58    0.00000   100%  30.9  854s
  3703  3696    0.00000   51  301 2475338.58    0.00000   100%  30.9  857s
  3704  3696 28064.5338  762  291 2475338.58    0.00000   100%  30.9  866s
  3705  3697 25420.3618  555  291 2475338.58    0.00000   100%  30.9  873s
  3706  3698 34759.1422 1281  291 2475338.58    0.00000   100%  30.9  884s
  3707  3701    0.00000   12  503 2475338.58    0.00000   100%  38.7  903s
  3709  3703    0.00000   13  536 2475338.58    0.00000   100%  38.9  913s
  3711  3704    0.00000   13  502 2475338.58    0.00000   100%  38.8  918s
  3713  3705    0.00000   14  501 2475338.58    0.00000   100%  38.8  922s
  3715  3707    0.00000   14  501 2475338.58    0.00000   100%  39.0  927s
  3717  3708    0.00000   15  506 2475338.58    0.00000   100%  39.0  931s
  3719  3709    0.00000   15  499 2475338.58    0.00000   100%  39.0  940s
  3721  3711    0.00000   16  520 2475338.58    0.00000   100%  39.0  945s
  3725  3713    0.00000   17  515 2475338.58    0.00000   100%  39.0  951s
  3727  3719    0.00000   17  546 2475338.58    0.00000   100%  39.4  963s
  3733  3720    0.00000   19  511 2475338.58    0.00000   100%  39.6  980s
  3736  3733    0.00000   19  529 2475338.58    0.00000   100%  39.7 1010s
  3750  3754    0.00000   23  512 2475338.58    0.00000   100%  39.7 1076s
  3776  3794    0.00000   29  498 2475338.58    0.00000   100%  40.4 1205s
  3825  3885    0.00000   40  503 2475338.58    0.00000   100%  40.4 1442s
  3932  3956    0.00000   62  533 2475338.58    0.00000   100%  42.1 1675s
  4039  4001    0.00000   87  552 2475338.58    0.00000   100%  43.3 1907s
  4119  4070    0.00000  107  553 2475338.58    0.00000   100%  44.4 2181s
  4215  4141    0.00000  127  531 2475338.58    0.00000   100%  45.3 2481s
  4318  4201    0.00000  154  535 2475338.58    0.00000   100%  47.0 2767s
  4415  4301    0.00000  176  538 2475338.58    0.00000   100%  48.4 3093s
  4548  4363    0.00000  211  493 2475338.58    0.00000   100%  50.3 3446s
  4654  4386    0.00000  239  484 2475338.58    0.00000   100%  51.6 3600s

Cutting planes:
  Gomory: 1
  Implied bound: 15
  MIR: 223
  StrongCG: 6
  Flow cover: 59
  RLT: 45

Explored 4712 nodes (264613 simplex iterations) in 3600.28 seconds (5012.85 work units)
Thread count was 2 (of 24 available processors)

Solution count 6: 2.47534e+06 4.36454e+06 2.6682e+07 ... 2.99913e+07

Time limit reached
Best objective 2.475338576246e+06, best bound 0.000000000000e+00, gap 100.0000%
