
Gurobi 11.0.3 (linux64, Java) logging started seg 04 nov 2024 21:59:15 -03

Set parameter Username
Academic license - for non-commercial use only - expires 2025-10-10
Warning: Gurobi version mismatch between Java 11.0.1 and C library 11.0.3
Warning: Gurobi version mismatch between Java 11.0.1 and Jni 11.0.3
Set parameter NonConvex to value 2
Set parameter TimeLimit to value 3600
Set parameter LogToConsole to value 0
Set parameter MIPGap to value 3.0591967898393180e-08
Set parameter Threads to value 2
Set parameter NodefileDir to value "/home/ps12398/goal_programming/goalProgrammingMarcos/"
Set parameter NodefileStart to value 1
Gurobi Optimizer version 11.0.3 build v11.0.3rc0 (linux64)

CPU model: Intel(R) Xeon(R) CPU           X5650  @ 2.67GHz, instruction set [SSE2]
Thread count: 12 physical cores, 24 logical processors, using up to 2 threads

Optimize a model with 253822 rows, 172586 columns and 1906318 nonzeros
Model fingerprint: 0x85854924
Model has 298 quadratic constraints
Variable types: 86148 continuous, 86438 integer (293 binary)
Coefficient statistics:
  Matrix range     [3e-03, 3e+06]
  QMatrix range    [3e-03, 5e+04]
  QLMatrix range   [1e+00, 5e+04]
  Objective range  [1e+00, 7e+07]
  Bounds range     [1e+00, 1e+08]
  RHS range        [1e+00, 1e+06]
Presolve removed 249306 rows and 167920 columns
Presolve time: 1.62s
Presolved: 6930 rows, 5397 columns, 1055422 nonzeros
Presolved model has 2 SOS constraint(s)
Presolved model has 293 bilinear constraint(s)

Solving non-convex MIQCP

Variable types: 1103 continuous, 4294 integer (295 binary)
Found heuristic solution: objective 3.017330e+07

Root simplex log...

Iteration    Objective       Primal Inf.    Dual Inf.      Time
       0    0.0000000e+00   8.221141e+03   0.000000e+00      8s
     622    0.0000000e+00   0.000000e+00   0.000000e+00      9s

Root relaxation: objective 0.000000e+00, 622 iterations, 0.59 seconds (0.25 work units)
Total elapsed time = 8.53s (DegenMoves)
Total elapsed time = 10.34s (DegenMoves)

    Nodes    |    Current Node    |     Objective Bounds      |     Work
 Expl Unexpl |  Obj  Depth IntInf | Incumbent    BestBd   Gap | It/Node Time

     0     0    0.00000    0  614 3.0173e+07    0.00000   100%     -   12s
     0     0    0.00000    0  529 3.0173e+07    0.00000   100%     -   15s
     0     0    0.00000    0  459 3.0173e+07    0.00000   100%     -   26s
     0     0    0.00000    0  496 3.0173e+07    0.00000   100%     -   28s
     0     0    0.00000    0  452 3.0173e+07    0.00000   100%     -   43s
     0     0    0.00000    0  692 3.0173e+07    0.00000   100%     -   47s
     0     0    0.00000    0  692 3.0173e+07    0.00000   100%     -   58s
H    0     0                    7137607.3383    0.00000   100%     -   58s
     0     0    0.00000    0  674 7137607.34    0.00000   100%     -   61s
     0     0    0.00000    0  672 7137607.34    0.00000   100%     -   69s
     0     0    0.00000    0  671 7137607.34    0.00000   100%     -   81s
     0     2    0.00000    0  640 7137607.34    0.00000   100%     -  139s
     1     4    0.00000    1  632 7137607.34    0.00000   100%  1705  141s
     7    10    0.00000    3  494 7137607.34    0.00000   100%   940  145s
    11    14    0.00000    5  480 7137607.34    0.00000   100%   758  150s
    31    50    0.00000   12  488 7137607.34    0.00000   100%   529  159s
    49    84    0.00000   18  498 7137607.34    0.00000   100%   438  169s
    83   293 4386.19235   29  673 7137607.34    0.00000   100%   413  198s
H  236   293                    5390534.1013    0.00000   100%   174  198s
H  292   425                    5385036.1657    0.00000   100%   143  210s
H  369   425                    5244577.2552    0.00000   100%   118  210s
H  424   616                    4113970.5796    0.00000   100%   106  228s
H  615   851                    3504765.6453    0.00000   100%  75.2  240s
   850  1079 206303.433  292  385 3504765.65    0.00000   100%  54.7  270s
  1078  1436 206402.907  376  385 3504765.65    0.00000   100%  43.3  285s
  1435  1621 206581.243  521  384 3504765.65    0.00000   100%  32.8  297s
H 1620  1623                    2998541.0773    0.00000   100%  29.2  309s
  1622  1763 206684.005  606  384 2998541.08    0.00000   100%  29.1  321s
H 1647  1763                    2848749.4058    0.00000   100%  28.7  321s
  1762  1974 206768.360  676  384 2848749.41    0.00000   100%  26.9  336s
H 1973  1976                    2659592.5092    0.00000   100%  24.1  359s
H 1975  1978                    2199991.9143    0.00000   100%  24.1  393s
  1977  2185 207065.204  780  382 2199991.91    0.00000   100%  24.1  408s
  2184  2383 207541.727  892  382 2199991.91    0.00000   100%  21.9  431s
  2382  2586 207919.705  981  382 2199991.91    0.00000   100%  20.2  448s
  2585  2960 208313.871 1072  379 2199991.91    0.00000   100%  18.7  465s
  2959  3303 208585.593 1245  379 2199991.91    0.00000   100%  16.4  485s
H 3302  3305                    2185098.2488    0.00000   100%  14.8  497s
H 3303  3305                    2184599.0520    0.00000   100%  14.8  497s
  3304  3335 208813.021 1390  379 2184599.05    0.00000   100%  14.8  525s
  3334  3720 208841.321 1408  379 2184599.05    0.00000   100%  14.7  539s
  3720  3721 92633.6122   78 1866 2184599.05    0.00000   100%  13.3  626s
  3722  3722 265390.680  948  269 2184599.05    0.00000   100%  13.3  640s
  3723  3723 208749.600 1341  459 2184599.05    0.00000   100%  13.3  646s
  3724  3724 19997.9614   47  488 2184599.05    0.00000   100%  13.3  654s
  3725  3724 206587.001  483  460 2184599.05    0.00000   100%  13.3  668s
  3726  3725 265539.335 1061  509 2184599.05    0.00000   100%  13.3  676s
  3727  3726 265122.749  603  512 2184599.05    0.00000   100%  13.3  692s
  3728  3726 265302.381  702  563 2184599.05 4427.82710   100%  13.3  701s
  3729  3727 265270.482  660  580 2184599.05 17739.2670  99.2%  13.3  709s
  3730  3728 206791.865  653  583 2184599.05 19483.2579  99.1%  13.3  716s
  3732  3729 265488.821 1040  604 2184599.05 29629.8825  98.6%  13.2  724s
  3733  3730 110835.576   81  607 2184599.05 33636.5974  98.5%  13.2  725s
  3734  3730 206371.366  292  616 2184599.05 33662.1721  98.5%  13.2  730s
  3736  3732 34703.1396   47  609 2184599.05 34703.1396  98.4%  13.2  736s
  3738  3733 265375.626  930  650 2184599.05 37808.6607  98.3%  13.2  740s
  3740  3734 190353.735  130  644 2184599.05 39528.4808  98.2%  13.2  748s
  3741  3735 208633.816 1259  631 2184599.05 40014.0175  98.2%  13.2  751s
  3742  3736 264914.526  457  632 2184599.05 40087.1838  98.2%  13.2  756s
  3744  3737 264868.244  419  630 2184599.05 40556.0367  98.1%  13.2  763s
  3745  3738 265401.591  972  646 2184599.05 41390.4253  98.1%  13.2  765s
  3746  3738 264604.044  199  659 2184599.05 41396.9862  98.1%  13.2  770s
  3748  3740 265687.227 1071  635 2184599.05 43006.5629  98.0%  13.2  779s
  3749  3740 208686.862 1309  664 2184599.05 43180.4113  98.0%  13.2  781s
  3750  3741 206659.657  584  659 2184599.05 43392.6332  98.0%  13.2  786s
  3752  3742 264860.937  413  674 2184599.05 44122.6481  98.0%  13.2  794s
  3753  3743 264670.524  264  672 2184599.05 44505.0178  98.0%  13.2  796s
  3754  3744 208370.091 1091  653 2184599.05 44634.1105  98.0%  13.2  801s
  3756  3745 207843.874  957  646 2184599.05 44866.9680  97.9%  13.2  805s
  3760  3748 207503.058  882  663 2184599.05 45155.4686  97.9%  13.2  812s
  3762  3749 208133.192 1025  671 2184599.05 45284.2820  97.9%  13.1  815s
  3765  3751 264741.164  322  671 2184599.05 46305.2704  97.9%  13.1  820s
  3768  3753 207281.815  830  683 2184599.05 47569.2862  97.8%  13.1  826s
  3771  3755 208858.642 1418  666 2184599.05 48685.8747  97.8%  13.1  830s
  3774  3757 208030.638 1006  702 2184599.05 49757.4142  97.7%  13.1  836s
  3776  3758 265275.039  666  702 2184599.05 49926.2637  97.7%  13.1  840s
  3779  3760 265738.168 1091  702 2184599.05 50767.3637  97.7%  13.1  845s
  3782  3762 206652.427  578  689 2184599.05 51312.7859  97.7%  13.1  851s
  3784  3764 51415.1742   37  695 2184599.05 51415.1742  97.6%  13.1  855s
  3788  3766 265422.610 1006  710 2184599.05 52426.2259  97.6%  13.1  861s
  3790  3768 206830.428  685  684 2184599.05 52426.2259  97.6%  13.0  865s
  3794  3770 207103.118  788  701 2184599.05 52658.0194  97.6%  13.0  871s
  3796  3772 265054.199  561  699 2184599.05 53097.6003  97.6%  13.0  875s
  3799  3774 264797.189  368  703 2184599.05 53703.4349  97.5%  13.0  880s
  3802  3776 206560.489  461  689 2184599.05 53765.3301  97.5%  13.0  886s
  3805  3778 53822.8715   46  706 2184599.05 53822.8715  97.5%  13.0  891s
  3806  3778 264590.140  198  698 2184599.05 53822.8715  97.5%  13.0  895s
  3808  3780 53920.1985   43  725 2184599.05 53920.1985  97.5%  13.0  902s
  3810  3781 266243.692 1301  702 2184599.05 54016.3951  97.5%  13.0  907s
  3811  3782 264530.330  152  716 2184599.05 54096.3810  97.5%  13.0  910s
  3813  3783 207647.717  916  705 2184599.05 54096.3810  97.5%  13.0  916s
  3814  3784 206427.034  393  703 2184599.05 54096.3810  97.5%  13.0  920s
  3816  3785 265906.275 1157  704 2184599.05 54105.0398  97.5%  13.0  926s
  3818  3786 265154.648  645  709 2184599.05 54108.0941  97.5%  13.0  932s
  3820  3788 92633.6122   78  707 2184599.05 54108.0941  97.5%  12.9  938s
  3821  3788 264731.420  314  717 2184599.05 54202.6264  97.5%  12.9  940s
  3822  3789 265390.680  948  717 2184599.05 54202.6264  97.5%  12.9  945s
  3827  3794 265122.749  603 1948 2184599.05 54202.6264  97.5%  17.1  957s
  3829  3795 265270.482  660  268 2184599.05 54202.6264  97.5%  17.0  967s
  3830  3796 206791.865  653  570 2184599.05 54202.6264  97.5%  17.0  971s
  3831  3797 208671.164 1299  616 2184599.05 54202.6264  97.5%  17.0  981s
  3832  3797 265488.821 1040  664 2184599.05 54202.6264  97.5%  17.0  990s
  3833  3798 110835.576   81  684 2184599.05 54202.6264  97.5%  17.0  996s
  3835  3799 276965.434 1290  747 2184599.05 57051.9721  97.4%  17.0 1004s
  3836  3800 58747.0463   47  744 2184599.05 58747.0463  97.3%  17.0 1005s
  3837  3801 266323.602 1344  749 2184599.05 59008.9930  97.3%  17.0 1011s
  3841  3805 208633.816 1259 1948 2184599.05 59245.3522  97.3%  18.5 1020s
  3843  3806 206199.663  201  275 2184599.05 59245.3522  97.3%  18.5 1027s
  3844  3807 264868.244  419  525 2184599.05 59245.3522  97.3%  18.5 1030s
  3845  3808 265401.591  972  612 2184599.05 59245.3522  97.3%  18.5 1035s
  3847  3809 206231.627  174  704 2184599.05 59899.2007  97.3%  18.4 1043s
  3848  3810 265687.227 1071  728 2184599.05 66609.3111  97.0%  18.4 1045s
  3851  3812 214037.561  138  729 2184599.05 70303.1331  96.8%  18.4 1052s
  3855  3816 71693.6853   40 1948 2184599.05 71693.6853  96.7%  20.0 1060s
  3857  3817 266329.140 1345  261 2184599.05 71693.6853  96.7%  19.9 1065s
  3859  3819 206734.021  605  643 2184599.05 71693.6853  96.7%  19.9 1073s
  3860  3819 207503.058  882  643 2184599.05 71693.6853  96.7%  19.9 1079s
  3861  3820 265437.173  856  699 2184599.05 71693.6853  96.7%  19.9 1082s
  3863  3821 207911.507  978  736 2184599.05 75157.4079  96.6%  19.9 1086s
  3865  3823 264741.164  322  735 2184599.05 75540.9451  96.5%  19.9 1090s
  3869  3827 208728.004 1319 1948 2184599.05 75660.2598  96.5%  21.5 1097s
  3871  3828 208858.642 1418  247 2184599.05 75660.2598  96.5%  21.5 1104s
  3872  3829 208583.583 1227  513 2184599.05 75660.2598  96.5%  21.4 1108s
  3873  3830 265855.334 1137  603 2184599.05 75660.2598  96.5%  21.4 1113s
  3874  3830 208030.638 1006  647 2184599.05 75660.2598  96.5%  21.4 1118s
  3875  3831 208423.464 1125  695 2184599.05 75660.2598  96.5%  21.4 1122s
  3877  3832 265234.026  612  717 2184599.05 75939.7886  96.5%  21.4 1127s
  3879  3834 265738.168 1091  746 2184599.05 76838.6801  96.5%  21.4 1133s
  3883  3838 206568.071  508 1948 2184599.05 76883.5949  96.5%  22.9 1141s
  3885  3839 264889.455  426  254 2184599.05 76883.5949  96.5%  22.8 1146s
  3887  3841 264630.838  221  615 2184599.05 76883.5949  96.5%  22.8 1156s
  3888  3841 265422.610 1006  641 2184599.05 76883.5949  96.5%  22.8 1161s
  3889  3842 208360.291 1093  684 2184599.05 76883.5949  96.5%  22.8 1166s
  3891  3843 207971.515  987  724 2184599.05 78566.7771  96.4%  22.8 1173s
  3893  3845 265407.990  976  726 2184599.05 79084.5224  96.4%  22.8 1177s
  3897  3849 208533.350 1195 1948 2184599.05 80099.6705  96.3%  24.3 1184s
  3899  3850 264797.189  368  264 2184599.05 80099.6705  96.3%  24.3 1193s
  3900  3851 208708.839 1323  558 2184599.05 80099.6705  96.3%  24.3 1198s
  3901  3852 209145.490 1517  626 2184599.05 80099.6705  96.3%  24.3 1206s
  3902  3852 206560.489  461  646 2184599.05 80099.6705  96.3%  24.3 1215s
  3903  3853 265185.028  685  687 2184599.05 80099.6705  96.3%  24.3 1220s
  3905  3854 80199.9412   46  738 2184599.05 80199.9412  96.3%  24.3 1227s
  3907  3856 266374.095 1370  726 2184599.05 80700.3374  96.3%  24.3 1234s
  3908  3856 80740.2485   43  725 2184599.05 80740.2485  96.3%  24.3 1235s
  3911  3860 264530.330  152 1948 2184599.05 80740.2485  96.3%  25.9 1242s
  3913  3861 207647.717  916  293 2184599.05 80740.2485  96.3%  25.8 1252s
  3914  3862 206427.034  393  545 2184599.05 80740.2485  96.3%  25.8 1256s
  3915  3863 265436.428 1022  643 2184599.05 80740.2485  96.3%  25.8 1264s
  3916  3863 265906.275 1157  665 2184599.05 80740.2485  96.3%  25.8 1271s
  3917  3864 208432.555 1147  707 2184599.05 80740.2485  96.3%  25.8 1276s
  3919  3865 264540.074  160  735 2184599.05 80740.2485  96.3%  25.8 1283s
  3921  3867 264731.420  314  725 2184599.05 81098.8613  96.3%  25.8 1288s
  3923  3868 208749.600 1341  726 2184599.05 81098.8613  96.3%  25.8 1298s
  3924  3869 81098.8613   47  726 2184599.05 81098.8613  96.3%  25.8 1305s
  3925  3872 126594.656   93 1017 2184599.05 81613.2450  96.3%  27.3 1314s
  3927  3874 128834.921   94 1010 2184599.05 81824.8862  96.3%  27.3 1315s
  3937  3880 141046.306   96  992 2184599.05 85533.9039  96.1%  27.5 1320s
  3947  3887 131458.093   99  983 2184599.05 87491.1370  96.0%  27.8 1325s
  3955  3893 133325.314  101  974 2184599.05 88992.0342  95.9%  28.0 1332s
  3963  3899 134730.964  103  964 2184599.05 89890.6834  95.9%  28.2 1336s
  3969  3904 135616.703  105  952 2184599.05 89890.6834  95.9%  28.3 1340s
  3977  3909 136299.440  107  941 2184599.05 89890.6834  95.9%  28.6 1345s
  3989  3917 139539.146  110  928 2184599.05 89890.6834  95.9%  28.8 1350s
  4001  3927 144569.240  113  915 2184599.05 89890.6834  95.9%  29.1 1357s
  4010  3932 148498.259  115  899 2184599.05 89890.6834  95.9%  29.2 1362s
  4020  3940 149820.291  117  887 2184599.05 89890.6834  95.9%  29.3 1366s
  4032  3948 151664.517  120  862 2184599.05 89890.6834  95.9%  29.5 1372s
  4038  3953 165158.648  121  856 2184599.05 89890.6834  95.9%  29.7 1375s
  4052  3962 156282.791  125  809 2184599.05 89890.6834  95.9%  29.9 1381s
  4059  3968 158548.115  127  814 2184599.05 89890.6834  95.9%  30.1 1385s
H 4067  3779                    1915199.2861 89890.6834  95.3%  30.2 1389s
  4075  3784 159496.587  131  808 1915199.29 89890.6834  95.3%  30.2 1393s
  4083  3792 160025.548  133  804 1915199.29 89890.6834  95.3%  30.3 1396s
  4093  3798 165161.598  135  781 1915199.29 89890.6834  95.3%  30.3 1401s
H 4097  3613                    1811345.6490 89890.6834  95.0%  30.3 1401s
H 4102  3436                    1786402.3546 89890.6834  95.0%  30.4 1401s
  4103  3448 161530.227  138  796 1786402.35 89890.6834  95.0%  30.4 1405s
  4127  3462 165100.760  144  772 1786402.35 89890.6834  95.0%  30.5 1413s
H 4128  3296                    1770292.5903 89890.6834  94.9%  30.5 1413s
H 4133  3136                    1743238.6928 89890.6834  94.8%  30.5 1413s
  4137  3148 170057.647  146  771 1743238.69 89890.6834  94.8%  30.5 1418s
  4150  3157 168639.214  149  740 1743238.69 89890.6834  94.8%  30.5 1423s
H 4164  3016                    1728102.7697 89890.6834  94.8%  30.5 1428s
  4176  3027 170501.480  156  685 1728102.77 89890.6834  94.8%  30.5 1433s
  4191  3035 181028.275  159  718 1728102.77 89890.6834  94.8%  30.6 1438s
H 4196  2890                    1727478.2276 89890.6834  94.8%  30.6 1438s
  4204  2903 190503.291  162  741 1727478.23 89890.6834  94.8%  30.7 1442s
  4220  2916 181243.068  166  728 1727478.23 89890.6834  94.8%  30.7 1448s
H 4237  2775                    1721649.6627 89890.6834  94.8%  30.7 1448s
  4238  2793 200497.787  170  685 1721649.66 89890.6834  94.8%  30.8 1455s
  4256  2805 186475.068  175  617 1721649.66 89890.6834  94.8%  30.8 1461s
H 4271  2671                    1718096.9393 89890.6834  94.8%  30.8 1461s
  4274  2688 194680.814  179  627 1718096.94 89890.6834  94.8%  30.8 1468s
  4292  2701 202110.750  183  637 1718096.94 89890.6834  94.8%  30.9 1474s
H 4297  2577                    1714599.6536 89890.6834  94.8%  30.9 1474s
H 4307  2458                    1711773.7443 89890.6834  94.7%  30.8 1474s
  4311  2476 206031.380  188  607 1711773.74 89890.6834  94.7%  30.8 1481s
  4330  2488 226910.664  193  603 1711773.74 89890.6834  94.7%  30.8 1489s
H 4333  2377                    1710285.8282 89890.6834  94.7%  30.8 1489s
  4349  2392 228305.845  198  583 1710285.83 89890.6834  94.7%  30.8 1497s
H 4369  2295                    1707605.0904 89890.6834  94.7%  30.9 1504s
  4383  2313 260075.243  206  558 1707605.09 89890.6834  94.7%  31.0 1512s
  4405  2328 240611.070  212  532 1707605.09 89890.6834  94.7%  30.9 1520s
  4428  2344 246922.198  217  513 1707605.09 89890.6834  94.7%  30.9 1529s
  4451  2360 245834.896  223  469 1707605.09 89890.6834  94.7%  30.9 1538s
  4475  2376 245864.886  229  448 1707605.09 89890.6834  94.7%  30.8 1548s
H 4499  2295                    1706632.9163 89890.6834  94.7%  30.7 1558s
  4526  2311 245908.220  242  428 1706632.92 89890.6834  94.7%  30.6 1569s
  4551  2331 245926.045  249  414 1706632.92 89890.6834  94.7%  30.4 1579s
H 4564  2232                    1696900.0971 89890.6834  94.7%  30.3 1579s
  4579  2243 245963.214  256  403 1696900.10 89890.6834  94.7%  30.4 1590s
  4595  2269 245968.121  258  400 1696900.10 89890.6834  94.7%  30.4 1608s
  4626  2285 246007.368  266  399 1696900.10 89890.6834  94.7%  30.3 1620s
  4652  2306 246033.819  272  387 1696900.10 89890.6834  94.7%  30.4 1637s
  4682  2332 246055.232  279  382 1696900.10 89890.6834  94.7%  30.3 1653s
  4718  2356 246073.941  289  381 1696900.10 89890.6834  94.7%  30.2 1669s
  4754  2381 246190.333  298  382 1696900.10 89890.6834  94.7%  30.2 1686s
  4791  2391 246087.867  308  382 1696900.10 89890.6834  94.7%  30.2 1704s
  4813  2424 246102.362  313  381 1696900.10 89890.6834  94.7%  30.2 1723s
  4854  2452 246106.815  324  382 1696900.10 89890.6834  94.7%  30.2 1738s
  4895  2473 246232.965  334  382 1696900.10 89890.6834  94.7%  30.1 1766s
  4930  2479 246126.850  341  382 1696900.10 89890.6834  94.7%  30.1 1791s
  4948  2517 246130.499  344  382 1696900.10 89890.6834  94.7%  30.0 1828s
H 4991  2413                    1681461.4673 89890.6834  94.7%  29.7 1828s
  4992  2467 246152.099  355  381 1681461.47 89890.6834  94.7%  29.7 1852s
  5046  2502 246160.009  369  382 1681461.47 89890.6834  94.7%  29.4 1879s
  5099  2528 246289.808  382  382 1681461.47 89890.6834  94.7%  29.1 1908s
  5143  2571 246197.100  393  381 1681461.47 89890.6834  94.7%  28.9 1933s
  5201  2611 246320.597  408  382 1681461.47 89890.6834  94.7%  28.6 1954s
  5260  2649 246337.176  422  382 1681461.47 89890.6834  94.7%  28.3 1981s
H 5286  2556                    1677118.4053 89890.6834  94.6%  28.1 1981s
  5318  2609 246246.837  435  381 1677118.41 89890.6834  94.6%  28.0 2015s
  5382  2653 246265.785  451  381 1677118.41 89890.6834  94.6%  27.7 2046s
  5447  2696 246278.431  469  382 1677118.41 89890.6834  94.6%  27.4 2067s
  5512  2748 246308.417  487  381 1677118.41 89890.6834  94.6%  27.1 2098s
  5586  2798 246329.733  505  381 1677118.41 89890.6834  94.6%  26.7 2134s
  5660  2858 246353.417  525  381 1677118.41 89890.6834  94.6%  26.4 2168s
  5745  2910 246484.020  546  382 1677118.41 89890.6834  94.6%  26.0 2199s
  5825  2973 246416.921  568  377 1677118.41 89890.6834  94.6%  25.7 2222s
  5915  3011 246448.577  591  376 1677118.41 89890.6834  94.6%  25.3 2259s
  5983  3078 246470.257  606  376 1677118.41 89890.6834  94.6%  25.0 2288s
  6073  3133 246501.921  628  374 1677118.41 89890.6834  94.6%  24.7 2317s
  6158  3210 246530.593  646  373 1677118.41 89890.6834  94.6%  24.4 2345s
  6263  3281 246564.890  673  370 1677118.41 89890.6834  94.6%  24.0 2371s
H 6369  3267                    1663310.1965 89890.6834  94.6%  23.6 2399s
H 6471  3263                    1660684.9472 89890.6834  94.6%  23.3 2434s
  6578  3333 246683.572  755  352 1660684.95 89890.6834  94.6%  22.9 2477s
H 6638  3240                    1658168.4744 89890.6834  94.6%  22.8 2477s
  6684  3335 246716.530  785  352 1658168.47 89890.6834  94.6%  22.6 2527s
  6794  3423 246761.547  813  379 1658168.47 89890.6834  94.6%  22.3 2575s
  6919  3487 246793.157  846  351 1658168.47 89890.6834  94.6%  21.9 2630s
  7025  3590 246813.208  873  352 1658168.47 89890.6834  94.6%  21.7 2686s
H 7163  3610                    1657062.9542 89890.6834  94.6%  21.3 2735s
  7299  3706 246887.879  940  348 1657062.95 89890.6834  94.6%  20.9 2789s
  7440  3815 246935.942  975  347 1657062.95 89890.6834  94.6%  20.6 2855s
  7596  3926 246985.629 1016  375 1657062.95 89890.6834  94.6%  20.2 2921s
  7759  4032 247028.226 1059  347 1657062.95 89890.6834  94.6%  19.9 2987s
  7920  4155 247063.657 1100  348 1657062.95 89890.6834  94.6%  19.5 3062s
  8078  4347 247116.115 1139  347 1657062.95 89890.6834  94.6%  19.2 3133s
H 8270  4530                    1656405.0257 89890.6834  94.6%  18.8 3204s
  8453  4737 247210.871 1234  348 1656405.03 89890.6834  94.6%  18.4 3269s
  8660  4953 247267.999 1286  348 1656405.03 89890.6834  94.6%  18.1 3358s
  8876  5165 247328.391 1341  348 1656405.03 89890.6834  94.6%  17.7 3434s
H 9088  5346                    1652786.3539 89890.6834  94.6%  17.3 3497s
  9269  5563 247437.186 1440  348 1652786.35 89890.6834  94.6%  17.0 3584s
  9486  5610 247497.578 1495  348 1652786.35 89890.6834  94.6%  16.7 3600s

Cutting planes:
  Gomory: 15
  Implied bound: 3
  MIR: 435
  StrongCG: 14
  Flow cover: 114
  RLT: 72
  Relax-and-lift: 1

Explored 9533 nodes (177434 simplex iterations) in 3600.05 seconds (1775.15 work units)
Thread count was 2 (of 24 available processors)

Solution count 10: 1.65279e+06 1.65641e+06 1.65706e+06 ... 1.70663e+06

Time limit reached
Best objective 1.652786353919e+06, best bound 8.989068338489e+04, gap 94.5613%
