
Gurobi 11.0.3 (linux64, Java) logging started qua 06 nov 2024 01:25:47 -03

Set parameter Username
Academic license - for non-commercial use only - expires 2025-10-10
Warning: Gurobi version mismatch between Java 11.0.1 and C library 11.0.3
Warning: Gurobi version mismatch between Java 11.0.1 and Jni 11.0.3
Set parameter NonConvex to value 2
Set parameter TimeLimit to value 3600
Set parameter LogToConsole to value 0
Set parameter MIPGap to value 3.0591967898393180e-08
Set parameter Threads to value 2
Set parameter NodefileDir to value "/home/ps12398/goal_programming/goalProgrammingMarcos/"
Set parameter NodefileStart to value 1
Gurobi Optimizer version 11.0.3 build v11.0.3rc0 (linux64)

CPU model: Intel(R) Xeon(R) CPU           X5650  @ 2.67GHz, instruction set [SSE2]
Thread count: 12 physical cores, 24 logical processors, using up to 2 threads

Optimize a model with 253822 rows, 172586 columns and 1906318 nonzeros
Model fingerprint: 0xc434d3a2
Model has 298 quadratic constraints
Variable types: 86148 continuous, 86438 integer (293 binary)
Coefficient statistics:
  Matrix range     [3e-03, 3e+06]
  QMatrix range    [3e-03, 5e+04]
  QLMatrix range   [1e+00, 5e+04]
  Objective range  [1e+00, 7e+07]
  Bounds range     [1e+00, 1e+08]
  RHS range        [1e+00, 1e+06]
  QRHS range       [4e-02, 4e-02]
Presolve removed 249306 rows and 167920 columns
Presolve time: 1.56s
Presolved: 6930 rows, 5397 columns, 1055422 nonzeros
Presolved model has 2 SOS constraint(s)
Presolved model has 293 bilinear constraint(s)

Solving non-convex MIQCP

Variable types: 1103 continuous, 4294 integer (295 binary)
Found heuristic solution: objective 2.474570e+07

Root simplex log...

Iteration    Objective       Primal Inf.    Dual Inf.      Time
       0    0.0000000e+00   6.804482e+03   0.000000e+00      6s
     405    0.0000000e+00   0.000000e+00   0.000000e+00      6s

Root relaxation: objective 0.000000e+00, 405 iterations, 0.21 seconds (0.07 work units)
Total elapsed time = 6.50s (DegenMoves)

    Nodes    |    Current Node    |     Objective Bounds      |     Work
 Expl Unexpl |  Obj  Depth IntInf | Incumbent    BestBd   Gap | It/Node Time

     0     0    0.00000    0  405 2.4746e+07    0.00000   100%     -    7s
     0     0    0.00000    0  632 2.4746e+07    0.00000   100%     -   10s
     0     0    0.00000    0  467 2.4746e+07    0.00000   100%     -   11s
     0     0    0.00000    0  381 2.4746e+07    0.00000   100%     -   19s
     0     0    0.00000    0  577 2.4746e+07    0.00000   100%     -   21s
     0     0    0.00000    0  578 2.4746e+07    0.00000   100%     -   27s
     0     0    0.00000    0  563 2.4746e+07    0.00000   100%     -   28s
     0     0    0.00000    0  558 2.4746e+07    0.00000   100%     -   33s
     0     0    0.00000    0  551 2.4746e+07    0.00000   100%     -   34s
     0     0    0.00000    0  513 2.4746e+07    0.00000   100%     -   39s
     0     0    0.00000    0  513 2.4746e+07    0.00000   100%     -   45s
     0     2    0.00000    0  513 2.4746e+07    0.00000   100%     -   82s
     5     8    0.00000    3  468 2.4746e+07    0.00000   100%   537   85s
    22    36    0.00000    8  467 2.4746e+07    0.00000   100%   200   90s
H   61    76                    2.181514e+07    0.00000   100%   148  102s
    76   166    0.00000   28  453 2.1815e+07    0.00000   100%   128  115s
   166   331    0.00000   62  431 2.1815e+07    0.00000   100%   114  138s
   331   403    0.00000  110  455 2.1815e+07    0.00000   100%   112  155s
   403   617    0.00000  146  398 2.1815e+07    0.00000   100%   112  180s
   617   880    0.00000  262  333 2.1815e+07    0.00000   100%   100  282s
   880  1061    0.00000  383  322 2.1815e+07    0.00000   100%  78.4  347s
H  884  1061                    5983772.3556    0.00000   100%  78.6  347s
H  887  1061                    5979697.6604    0.00000   100%  78.4  347s
H 1060  1061                    4516815.3023    0.00000   100%  68.4  347s
H 1061  1520                    2732963.4671    0.00000   100%  68.4  383s
H 1520  1808                    1910228.8630    0.00000   100%  56.8  410s
  1808  2229 2767.74987  662  311 1910228.86    0.00000   100%  51.2  442s
  2229  2721 6935.57909  926  310 1910228.86    0.00000   100%  44.4  473s
H 2723  2941                    1525727.0395    0.00000   100%  38.3  498s
H 2943  3180                    1152254.0976    0.00000   100%  36.9  524s
  3182  3545 11440.5168 1340  294 1152254.10    0.00000   100%  36.2  549s
  3547  3933 12947.2323 1498  293 1152254.10    0.00000   100%  36.6  575s
  3936  3934 11175.9913 1273 1866 1152254.10    0.00000   100%  35.8  639s
  3937  3935 2858.22656  667 1866 1152254.10    0.00000   100%  35.8  640s
  3938  3935 13492.2963 1542  322 1152254.10    0.00000   100%  35.8  662s
  3939  3936    0.00000  114  308 1152254.10    0.00000   100%  35.7  674s
  3940  3937 4221.67906  453  332 1152254.10    0.00000   100%  35.7  684s
  3941  3937  997.30622  655  272 1152254.10    0.00000   100%  35.7  704s
  3942  3938 8808.78816 1042  326 1152254.10    0.00000   100%  35.7  710s
  3943  3939    0.00000  488  261 1152254.10    0.00000   100%  35.7  724s
  3944  3939    0.00000  583  261 1152254.10    0.00000   100%  35.7  728s
  3945  3940    0.00000  388  264 1152254.10    0.00000   100%  35.7  739s
  3946  3941 6527.92987 1338  271 1152254.10    0.00000   100%  35.7  743s
  3947  3941 8052.21539 1000  291 1152254.10    0.00000   100%  35.7  751s
  3948  3942 10988.5970 1221  295 1152254.10    0.00000   100%  35.7  755s
  3949  3943    0.00000  484  268 1152254.10    0.00000   100%  35.7  775s
  3951  3944    0.00000  195  279 1152254.10    0.00000   100%  35.6  784s
  3952  3945    0.00000    8  279 1152254.10    0.00000   100%  35.6  791s
  3953  3945 6089.56928 1297  279 1152254.10    0.00000   100%  35.6  811s
  3954  3949    0.00000   16  560 1152254.10    0.00000   100%  41.8  831s
  3956  3950    0.00000   17  559 1152254.10    0.00000   100%  41.8  836s
  3958  3952    0.00000   17  556 1152254.10    0.00000   100%  41.8  841s
  3960  3953    0.00000   18  555 1152254.10    0.00000   100%  41.8  847s
  3962  3954    0.00000   18  555 1152254.10    0.00000   100%  41.8  855s
  3964  3956    0.00000   19  554 1152254.10    0.00000   100%  41.7  864s
  3966  3957    0.00000   19  554 1152254.10    0.00000   100%  41.7  871s
  3968  3958    0.00000   20  553 1152254.10    0.00000   100%  41.7  879s
  3970  3960    0.00000   20  553 1152254.10    0.00000   100%  41.7  887s
  3972  3961    0.00000   21  552 1152254.10    0.00000   100%  41.7  894s
  3974  3966    0.00000   21  552 1152254.10    0.00000   100%  41.6  910s
  3980  3969    0.00000   23  549 1152254.10    0.00000   100%  41.6  940s
  3985  3990    0.00000   24  548 1152254.10    0.00000   100%  41.5  996s
  4008  4021    0.00000   28  540 1152254.10    0.00000   100%  42.4 1105s
  4049  4065    0.00000   37  509 1152254.10    0.00000   100%  43.5 1283s
  4107  4155    0.00000   48  493 1152254.10    0.00000   100%  44.4 1606s
  4218  4214    0.00000   76  468 1152254.10    0.00000   100%  47.4 1935s
  4314  4527    0.00000  103  498 1152254.10    0.00000   100%  47.9 2280s
  4659  5033    0.00000  137  494 1152254.10    0.00000   100%  46.7 2338s
  5281  5566    0.00000  292  335 1152254.10    0.00000   100%  45.2 2386s
H 6006  5126                    1079935.6628    0.00000   100%  41.5 2386s
  6027  5881    0.00000  479  312 1079935.66    0.00000   100%  41.5 2448s
H 6410  5565                    1076801.0708    0.00000   100%  40.1 2448s
H 6410  5387                    970262.78142    0.00000   100%  40.1 2448s
  6793  5661    0.00000  670  365 970262.781    0.00000   100%  39.7 2484s
H 6992  5425                    968223.98875    0.00000   100%  39.2 2484s
H 6992  5264                    921290.26981    0.00000   100%  39.2 2484s
H 7198  5462                    908600.59695    0.00000   100%  38.7 2520s
  7618  5958 13137.6177  979  358 908600.597    0.00000   100%  38.3 2569s
H 7643  5804                    838343.62716    0.00000   100%  38.3 2569s
H 8235  5469                    774814.67178    0.00000   100%  38.2 2569s
  8254  6537 14967.4426 1284  357 774814.672    0.00000   100%  38.1 2621s
H 8278  6398                    774814.08981    0.00000   100%  38.1 2621s
  9328  6671 17179.7403 1402  356 774814.090    0.00000   100%  37.3 2661s
H 9665  6433                    733741.01307    0.00000   100%  37.2 2661s
H 9665  6315                    538089.06050    0.00000   100%  37.2 2661s
H 9990  6602                    535945.40179    0.00000   100%  37.9 2702s
H10497  6486                    534160.21541    0.00000   100%  38.3 2702s
 10498  6797 27038.9319 1824  344 534160.215    0.00000   100%  38.3 2730s
H10814  6797                    531806.58578    0.00000   100%  38.6 2730s
 10817  7488 29113.6633 1969  347 531806.586    0.00000   100%  38.6 2769s
H10839  7488                    428905.07712    0.00000   100%  38.6 2769s
 11553  8031 32868.8198 2240  352 428905.077    0.00000   100%  39.2 2799s
H12095  8031                    407058.21990    0.00000   100%  38.8 2799s
 12096  8375 36142.6744 2511  324 407058.220    0.00000   100%  38.8 2825s
 12445  9059 44873.5961 2672  331 407058.220    0.00000   100%  38.4 2856s
H13142  9061                    407031.73175    0.00000   100%  38.6 2886s
H13143  9061                    406657.41860    0.00000   100%  38.6 2886s
 13144  9630 58231.8378 2911  335 406657.419    0.00000   100%  38.6 2918s
H13169  9630                    396076.45452    0.00000   100%  38.6 2918s
 13713 10669 52435.9043 3096  311 396076.455    0.00000   100%  38.8 2961s
 14752 10671 56647.1644 3370  316 396076.455    0.00000   100%  37.9 2984s
 14754 11611 56548.3811 3371  317 396076.455    0.00000   100%  37.9 3023s
H15694 11707                    395895.13007    0.00000   100%  37.1 3043s
 15790 12590 63499.5416 3649  310 395895.130    0.00000   100%  37.0 3074s
 16673 12984 69413.3100 3865  326 395895.130    0.00000   100%  35.9 3101s
 17067 13037 71474.9184 4062  319 395895.130    0.00000   100%  35.7 3118s
 17120 14015 74734.2630 4075  330 395895.130    0.00000   100%  35.7 3146s
H17660 14015                    392427.66881    0.00000   100%  35.0 3146s
 18098 14619 80949.3740 4333  315 392427.669    0.00000   100%  34.3 3167s
H18440 14619                    390714.25538    0.00000   100%  34.1 3167s
H18702 15318                    384063.64178    0.00000   100%  33.7 3196s
 19401 15683 83749.2516 4654  310 384063.642    0.00000   100%  33.4 3219s
 19766 15711 88926.5249 4743  319 384063.642    0.00000   100%  33.4 3237s
 19794 15857 88169.1844 4757  303 384063.642    0.00000   100%  33.4 3267s
 19940 16081 90402.1329 4772  307 384063.642    0.00000   100%  33.4 3281s
H20119 16081                    381864.64306    0.00000   100%  33.5 3281s
 20164 16801 93068.6495 4862  313 381864.643    0.00000   100%  33.5 3305s
H20884 17253                    375604.76991    0.00000   100%  33.4 3325s
 21336 17668 100592.597 5206  319 375604.770    0.00000   100%  33.3 3347s
H21751 17928                    374665.66114    0.00000   100%  33.4 3361s
 22011 18517 108942.702 5425  321 374665.661    0.00000   100%  33.4 3389s
 22602 18884 105278.825 5569  297 374665.661    0.00000   100%  33.4 3404s
H22969 18886                    314198.95299    0.00000   100%  33.4 3432s
 22971 19027 107066.241 5642  313 314198.953    0.00000   100%  33.4 3448s
 23112 19340 108492.963 5699  313 314198.953    0.00000   100%  33.4 3460s
 23425 19448 109958.603 5766  297 314198.953    0.00000   100%  33.4 3470s
 23533 19826 110618.549 5793  297 314198.953    0.00000   100%  33.4 3486s
H23911 20338                    256985.43836    0.00000   100%  33.4 3505s
 24423 20340 126700.986 6080  350 256985.438    0.00000   100%  33.2 3522s
 24425 20403 129492.897 6080  348 256985.438    0.00000   100%  33.2 3535s
 24488 20788 134726.895 6098  345 256985.438    0.00000   100%  33.2 3555s
H24512 20788                    234342.71285    0.00000   100%  33.2 3555s
H24873 20843                    233978.86148    0.00000   100%  33.0 3594s
 24928 20896 135630.075 6235  306 233978.861    0.00000   100%  32.9 3600s
H24979 20896                    233978.49272    0.00000   100%  32.9 3600s

Cutting planes:
  Gomory: 7
  Implied bound: 18
  MIR: 234
  StrongCG: 2
  Flow cover: 13
  Zero half: 1
  RLT: 30

Explored 24981 nodes (830562 simplex iterations) in 3600.53 seconds (3473.16 work units)
Thread count was 2 (of 24 available processors)

Solution count 10: 233978 234343 256985 ... 392428

Time limit reached
Best objective 2.339784927192e+05, best bound 0.000000000000e+00, gap 100.0000%
