
Gurobi 11.0.3 (linux64, Java) logging started qua 06 nov 2024 03:01:12 -03

Set parameter Username
Academic license - for non-commercial use only - expires 2025-10-10
Warning: Gurobi version mismatch between Java 11.0.1 and C library 11.0.3
Warning: Gurobi version mismatch between Java 11.0.1 and Jni 11.0.3
Set parameter NonConvex to value 2
Set parameter TimeLimit to value 3600
Set parameter LogToConsole to value 0
Set parameter MIPGap to value 3.0591967898393180e-08
Set parameter Threads to value 2
Set parameter NodefileDir to value "/home/ps12398/goal_programming/goalProgrammingMarcos/"
Set parameter NodefileStart to value 1
Gurobi Optimizer version 11.0.3 build v11.0.3rc0 (linux64)

CPU model: Intel(R) Xeon(R) CPU           X5650  @ 2.67GHz, instruction set [SSE2]
Thread count: 12 physical cores, 24 logical processors, using up to 2 threads

Optimize a model with 253822 rows, 172586 columns and 1906318 nonzeros
Model fingerprint: 0x1e07ef94
Model has 298 quadratic constraints
Variable types: 86148 continuous, 86438 integer (293 binary)
Coefficient statistics:
  Matrix range     [3e-03, 3e+06]
  QMatrix range    [3e-03, 5e+04]
  QLMatrix range   [1e+00, 5e+04]
  Objective range  [1e+00, 7e+07]
  Bounds range     [1e+00, 1e+08]
  RHS range        [1e+00, 2e+06]
  QRHS range       [4e-02, 4e-02]
Presolve removed 249306 rows and 167920 columns
Presolve time: 1.58s
Presolved: 6930 rows, 5397 columns, 1055422 nonzeros
Presolved model has 2 SOS constraint(s)
Presolved model has 293 bilinear constraint(s)

Solving non-convex MIQCP

Variable types: 1103 continuous, 4294 integer (295 binary)
Found heuristic solution: objective 2.474570e+07

Root simplex log...

Iteration    Objective       Primal Inf.    Dual Inf.      Time
       0    0.0000000e+00   6.804482e+03   0.000000e+00      7s
     404    0.0000000e+00   0.000000e+00   0.000000e+00      7s

Root relaxation: objective 0.000000e+00, 404 iterations, 0.24 seconds (0.07 work units)
Total elapsed time = 7.53s (DegenMoves)

    Nodes    |    Current Node    |     Objective Bounds      |     Work
 Expl Unexpl |  Obj  Depth IntInf | Incumbent    BestBd   Gap | It/Node Time

     0     0    0.00000    0  406 2.4746e+07    0.00000   100%     -    8s
     0     0    0.00000    0  621 2.4746e+07    0.00000   100%     -   12s
     0     0    0.00000    0  456 2.4746e+07    0.00000   100%     -   13s
     0     0    0.00000    0  429 2.4746e+07    0.00000   100%     -   21s
     0     0    0.00000    0  459 2.4746e+07    0.00000   100%     -   23s
     0     0    0.00000    0  463 2.4746e+07    0.00000   100%     -   27s
H    0     0                    9360799.3895    0.00000   100%     -   27s
     0     0    0.00000    0  462 9360799.39    0.00000   100%     -   28s
     0     0    0.00000    0  435 9360799.39    0.00000   100%     -   32s
     0     0    0.00000    0  450 9360799.39    0.00000   100%     -   34s
     0     0    0.00000    0  443 9360799.39    0.00000   100%     -   38s
     0     0    0.00000    0  439 9360799.39    0.00000   100%     -   48s
H    0     0                    6964498.5637    0.00000   100%     -   83s
     0     2    0.00000    0  436 6964498.56    0.00000   100%     -   88s
     7    10    0.00000    3  446 6964498.56    0.00000   100%  84.1   90s
    33    48    0.00000   13  430 6964498.56    0.00000   100%  49.6   99s
    47    97    0.00000   17  439 6964498.56    0.00000   100%  62.9  108s
    96   212    0.00000   35  442 6964498.56    0.00000   100%  42.4  123s
H  107   212                    6743700.2090    0.00000   100%  38.3  123s
   211   293    0.00000   74  419 6743700.21    0.00000   100%  37.5  144s
H  246   293                    6738228.5463    0.00000   100%  40.7  144s
   292   421    0.00000   98  405 6738228.55    0.00000   100%  43.3  160s
H  358   421                    5787811.4361    0.00000   100%  44.5  160s
   420   639    0.00000  143  389 5787811.44    0.00000   100%  46.1  182s
   638   802    0.00000  226  342 5787811.44    0.00000   100%  44.3  297s
   801   838    0.00000  314  303 5787811.44    0.00000   100%  36.6  314s
   837  1255    0.00000  347  295 5787811.44    0.00000   100%  35.3  357s
H 1025  1255                    1286172.3759    0.00000   100%  32.1  357s
  1264  1583    0.00000  457  293 1286172.38    0.00000   100%  27.6  386s
  1614  1789    0.00000  619  292 1286172.38    0.00000   100%  25.3  411s
H 1725  1789                    453381.97979    0.00000   100%  24.0  412s
H 1828  1789                    260917.49971    0.00000   100%  23.6  412s
  1829  2066    0.00000  728  295 260917.500    0.00000   100%  23.6  447s
  2121  2192 35746.6977  839  306 260917.500    0.00000   100%  21.9  477s
  2247  2633 35746.6977  840  306 260917.500    0.00000   100%  21.3  509s
  2688  3092 48456.4196 1032  292 260917.500    0.00000   100%  19.3  538s
H 3149  3532                    260917.42324    0.00000   100%  18.0  562s
  3591  3948 117430.282 1444  291 260917.423    0.00000   100%  17.1  587s
  4008  3949 105122.436 1321 1866 260917.423    0.00000   100%  16.6  637s
  4010  3950 5275.11345  979  205 260917.423    0.00000   100%  16.6  647s
  4011  3951 2149.15966  813  209 260917.423    0.00000   100%  16.6  651s
  4012  3952    0.00000  176  182 260917.423    0.00000   100%  16.6  655s
  4013  3952 8012.77755 1275  278 260917.423    0.00000   100%  16.6  662s
  4014  3953    0.00000  207  194 260917.423    0.00000   100%  16.6  665s
  4015  3954    0.00000  404  171 260917.423    0.00000   100%  16.6  678s
  4016  3954 6566.38360 1076  164 260917.423    0.00000   100%  16.6  680s
  4017  3955 125510.006 1532  182 260917.423    0.00000   100%  16.5  694s
  4018  3956    0.00000  545  161 260917.423    0.00000   100%  16.5  696s
  4019  3956    0.00000  618  189 260917.423    0.00000   100%  16.5  706s
  4021  3958    0.00000  435  227 260917.423    0.00000   100%  16.5  714s
  4022  3958 4672.18076  947  217 260917.423    0.00000   100%  16.5  715s
  4023  3959    0.00000  159  189 260917.423    0.00000   100%  16.5  722s
  4025  3960 110416.981 1365  180 260917.423    0.00000   100%  16.5  728s
  4027  3962 122978.998 1504  137 260917.423    0.00000   100%  16.5  737s
  4028  3962 36102.7269  872  149 260917.423    0.00000   100%  16.5  740s
  4030  3964 35251.5511  815  146 260917.423    0.00000   100%  16.5  749s
  4031  3964    0.00000  188  146 260917.423    0.00000   100%  16.5  759s
  4032  3968    0.00000   15  438 260917.423    0.00000   100%  22.1  775s
  4034  3969    0.00000   16  435 260917.423    0.00000   100%  22.1  781s
  4036  3971    0.00000   16  435 260917.423    0.00000   100%  22.0  788s
  4038  3972    0.00000   17  433 260917.423    0.00000   100%  22.0  794s
  4040  3973    0.00000   17  431 260917.423    0.00000   100%  22.0  799s
  4042  3975    0.00000   18  430 260917.423    0.00000   100%  22.0  805s
  4044  3976    0.00000   18  430 260917.423    0.00000   100%  22.0  810s
  4046  3977    0.00000   19  428 260917.423    0.00000   100%  22.0  816s
  4048  3979    0.00000   19  429 260917.423    0.00000   100%  22.0  825s
  4050  3980    0.00000   20  428 260917.423    0.00000   100%  22.0  831s
  4052  3985    0.00000   20  426 260917.423    0.00000   100%  22.0  844s
  4058  3989    0.00000   21  428 260917.423    0.00000   100%  22.0  878s
  4064  4001    0.00000   23  427 260917.423    0.00000   100%  22.1  935s
  4078  4016    0.00000   27  434 260917.423    0.00000   100%  22.3 1031s
  4097  4049    0.00000   32  430 260917.423    0.00000   100%  22.8 1201s
  4138  4507    0.00000   42  359 260917.423    0.00000   100%  24.4 1402s
H 4372  4230                    4411.4637825    0.00000   100%  24.7 1402s
  4610  4737    0.00000  160  291 4411.46378    0.00000   100%  25.7 1452s
H 4760  4037                       0.0000000    0.00000  0.00%  25.3 1452s

Cutting planes:
  Gomory: 1
  Implied bound: 12
  MIR: 208
  StrongCG: 7
  Flow cover: 5
  RLT: 3

Explored 5206 nodes (136651 simplex iterations) in 1452.38 seconds (1317.14 work units)
Thread count was 2 (of 24 available processors)

Solution count 10: 0 4411.46 260917 ... 9.3608e+06

Optimal solution found (tolerance 3.06e-08)
Best objective 0.000000000000e+00, best bound 0.000000000000e+00, gap 0.0000%
