
Gurobi 11.0.3 (linux64, Java) logging started seg 04 nov 2024 23:25:59 -03

Set parameter Username
Academic license - for non-commercial use only - expires 2025-10-10
Warning: Gurobi version mismatch between Java 11.0.1 and C library 11.0.3
Warning: Gurobi version mismatch between Java 11.0.1 and Jni 11.0.3
Set parameter NonConvex to value 2
Set parameter TimeLimit to value 3600
Set parameter LogToConsole to value 0
Set parameter MIPGap to value 3.0591967898393180e-08
Set parameter Threads to value 2
Set parameter NodefileDir to value "/home/ps12398/goal_programming/goalProgrammingMarcos/"
Set parameter NodefileStart to value 1
Gurobi Optimizer version 11.0.3 build v11.0.3rc0 (linux64)

CPU model: Intel(R) Xeon(R) CPU           X5650  @ 2.67GHz, instruction set [SSE2]
Thread count: 12 physical cores, 24 logical processors, using up to 2 threads

Optimize a model with 253822 rows, 172586 columns and 1906318 nonzeros
Model fingerprint: 0x3328852c
Model has 298 quadratic constraints
Variable types: 86148 continuous, 86438 integer (293 binary)
Coefficient statistics:
  Matrix range     [3e-03, 3e+06]
  QMatrix range    [3e-03, 5e+04]
  QLMatrix range   [1e+00, 5e+04]
  Objective range  [1e+00, 7e+07]
  Bounds range     [1e+00, 1e+08]
  RHS range        [1e+00, 1e+06]
  QRHS range       [2e-01, 2e-01]
Presolve removed 249306 rows and 167920 columns
Presolve time: 2.27s
Presolved: 6930 rows, 5397 columns, 1055422 nonzeros
Presolved model has 2 SOS constraint(s)
Presolved model has 293 bilinear constraint(s)

Solving non-convex MIQCP

Variable types: 1103 continuous, 4294 integer (295 binary)
Found heuristic solution: objective 2.995094e+07

Root simplex log...

Iteration    Objective       Primal Inf.    Dual Inf.      Time
       0    0.0000000e+00   8.221319e+03   0.000000e+00      8s
     517    0.0000000e+00   0.000000e+00   0.000000e+00      8s

Root relaxation: objective 0.000000e+00, 517 iterations, 0.25 seconds (0.08 work units)
Total elapsed time = 8.13s (DegenMoves)
Total elapsed time = 11.09s (DegenMoves)

    Nodes    |    Current Node    |     Objective Bounds      |     Work
 Expl Unexpl |  Obj  Depth IntInf | Incumbent    BestBd   Gap | It/Node Time

     0     0    0.00000    0  462 2.9951e+07    0.00000   100%     -   11s
     0     0    0.00000    0  423 2.9951e+07    0.00000   100%     -   12s
     0     0    0.00000    0  381 2.9951e+07    0.00000   100%     -   13s
     0     0    0.00000    0  365 2.9951e+07    0.00000   100%     -   17s
     0     0    0.00000    0  364 2.9951e+07    0.00000   100%     -   18s
     0     0    0.00000    0  366 2.9951e+07    0.00000   100%     -   21s
     0     0    0.00000    0  362 2.9951e+07    0.00000   100%     -   23s
     0     0    0.00000    0  360 2.9951e+07    0.00000   100%     -   25s
     0     0    0.00000    0  362 2.9951e+07    0.00000   100%     -   26s
     0     0    0.00000    0  362 2.9951e+07    0.00000   100%     -   29s
     0     0    0.00000    0  362 2.9951e+07    0.00000   100%     -   34s
     0     2    0.00000    0  362 2.9951e+07    0.00000   100%     -   55s
    11    13    0.00000    6  334 2.9951e+07    0.00000   100%  52.4   60s
    25    44    0.00000   11  333 2.9951e+07    0.00000   100%  39.5   66s
    44   164    0.00000   26  331 2.9951e+07    0.00000   100%  27.9   81s
H   67   164                    2.584607e+07    0.00000   100%  18.7   81s
   164   229    0.00000   64  333 2.5846e+07    0.00000   100%  14.7  100s
   229   326    0.00000  114  328 2.5846e+07    0.00000   100%  20.2  118s
   326   446    0.00000  131  327 2.5846e+07    0.00000   100%  34.6  140s
   446   522    0.00000  203  300 2.5846e+07    0.00000   100%  38.2  261s
   523  1022 infeasible  227      2.5846e+07    0.00000   100%  34.9  317s
H  524  1022                    1374696.4805    0.00000   100%  34.8  317s
H  543  1022                    1236262.6957    0.00000   100%  35.2  317s
H  554  1022                    1219687.1770    0.00000   100%  34.6  317s
H 1072  1022                    163831.08645    0.00000   100%  36.8  330s
  1074  1165    0.00000  379  292 163831.086    0.00000   100%  36.8  357s
H 1100   263                       0.0000000    0.00000  0.00%  36.0  357s

Cutting planes:
  Gomory: 2
  Implied bound: 6
  MIR: 199
  StrongCG: 9
  RLT: 2

Explored 1226 nodes (44892 simplex iterations) in 357.39 seconds (143.82 work units)
Thread count was 2 (of 24 available processors)

Solution count 7: 0 163831 1.21969e+06 ... 2.99509e+07

Optimal solution found (tolerance 3.06e-08)
Best objective 0.000000000000e+00, best bound 0.000000000000e+00, gap 0.0000%
