
Gurobi 11.0.3 (linux64, Java) logging started ter 05 nov 2024 01:23:40 -03

Set parameter Username
Academic license - for non-commercial use only - expires 2025-10-10
Warning: Gurobi version mismatch between Java 11.0.1 and C library 11.0.3
Warning: Gurobi version mismatch between Java 11.0.1 and Jni 11.0.3
Set parameter NonConvex to value 2
Set parameter TimeLimit to value 3600
Set parameter LogToConsole to value 0
Set parameter MIPGap to value 3.0591967898393180e-08
Set parameter Threads to value 2
Set parameter NodefileDir to value "/home/ps12398/goal_programming/goalProgrammingMarcos/"
Set parameter NodefileStart to value 1
Gurobi Optimizer version 11.0.3 build v11.0.3rc0 (linux64)

CPU model: Intel(R) Xeon(R) CPU           X5650  @ 2.67GHz, instruction set [SSE2]
Thread count: 12 physical cores, 24 logical processors, using up to 2 threads

Optimize a model with 253822 rows, 172586 columns and 1906318 nonzeros
Model fingerprint: 0x9840fca7
Model has 298 quadratic constraints
Variable types: 86148 continuous, 86438 integer (293 binary)
Coefficient statistics:
  Matrix range     [3e-03, 3e+06]
  QMatrix range    [3e-03, 5e+04]
  QLMatrix range   [1e+00, 5e+04]
  Objective range  [1e+00, 7e+07]
  Bounds range     [1e+00, 1e+08]
  RHS range        [1e+00, 3e+06]
  QRHS range       [3e-02, 3e-02]
Presolve removed 249306 rows and 167920 columns
Presolve time: 2.06s
Presolved: 6930 rows, 5397 columns, 1055422 nonzeros
Presolved model has 2 SOS constraint(s)
Presolved model has 293 bilinear constraint(s)

Solving non-convex MIQCP

Variable types: 1103 continuous, 4294 integer (295 binary)
Found heuristic solution: objective 2.995094e+07

Root simplex log...

Iteration    Objective       Primal Inf.    Dual Inf.      Time
       0    0.0000000e+00   8.221166e+03   0.000000e+00     10s
     740    0.0000000e+00   0.000000e+00   0.000000e+00     11s

Root relaxation: objective 0.000000e+00, 740 iterations, 0.68 seconds (0.24 work units)
Total elapsed time = 10.92s (DegenMoves)

    Nodes    |    Current Node    |     Objective Bounds      |     Work
 Expl Unexpl |  Obj  Depth IntInf | Incumbent    BestBd   Gap | It/Node Time

     0     0    0.00000    0  579 2.9951e+07    0.00000   100%     -   13s
     0     0    0.00000    0  503 2.9951e+07    0.00000   100%     -   18s
     0     0    0.00000    0  488 2.9951e+07    0.00000   100%     -   20s
     0     0    0.00000    0  444 2.9951e+07    0.00000   100%     -   35s
     0     0    0.00000    0  462 2.9951e+07    0.00000   100%     -   38s
     0     0    0.00000    0  467 2.9951e+07    0.00000   100%     -   45s
     0     0    0.00000    0  468 2.9951e+07    0.00000   100%     -   47s
     0     0    0.00000    0  354 2.9951e+07    0.00000   100%     -   58s
     0     0    0.00000    0  356 2.9951e+07    0.00000   100%     -   59s
     0     0    0.00000    0  364 2.9951e+07    0.00000   100%     -   62s
     0     0    0.00000    0  367 2.9951e+07    0.00000   100%     -   64s
     0     0    0.00000    0  364 2.9951e+07    0.00000   100%     -   69s
     0     0    0.00000    0  361 2.9951e+07    0.00000   100%     -   74s
     0     0    0.00000    0  360 2.9951e+07    0.00000   100%     -   84s
     0     2    0.00000    0  360 2.9951e+07    0.00000   100%     -  127s
    15    19    0.00000    8  345 2.9951e+07    0.00000   100%   6.7  130s
    32    69    0.00000   18  341 2.9951e+07    0.00000   100%  21.9  136s
    69   106    0.00000   37  329 2.9951e+07    0.00000   100%  14.8  144s
   106   137    0.00000   62  328 2.9951e+07    0.00000   100%  32.8  160s
H  136   137                    2.318589e+07    0.00000   100%  54.3  160s
   137   203    0.00000   71  350 2.3186e+07    0.00000   100%  56.8  177s
H  203   257                    2.059665e+07    0.00000   100%  95.8  190s
H  256   257                    1.961419e+07    0.00000   100%  98.0  190s
   257   392    0.00000  131  321 1.9614e+07    0.00000   100%  97.8  213s
   393   532    0.00000  180  322 1.9614e+07    0.00000   100%   105  233s
   533   784    0.00000  222  362 1.9614e+07    0.00000   100%   112  349s
   786   806    0.00000  408  300 1.9614e+07    0.00000   100%  78.8  372s
H  788   806                    4256161.7839    0.00000   100%  78.6  372s
H  799   806                    925671.80595    0.00000   100%  77.6  372s
   808  1252    0.00000  416  298 925671.806    0.00000   100%  76.8  415s
H 1031  1252                    925108.61942    0.00000   100%  67.7  415s
H 1050  1252                    910436.40345    0.00000   100%  67.5  415s
H 1127  1252                    827666.85193    0.00000   100%  63.9  415s
H 1193  1252                    813838.16220    0.00000   100%  61.4  415s
  1270  1449    0.00000  564  295 813838.162    0.00000   100%  61.0  442s
H 1320  1449                    260814.71691    0.00000   100%  60.5  442s
  1483  1751    0.00000  602  302 260814.717    0.00000   100%  61.0  464s
  1800  2023    0.00000  700  298 260814.717    0.00000   100%  61.0  487s
  2084  2541 5738.16561  814  312 260814.717    0.00000   100%  61.5  518s
H 2604  1480                    6317.4701439    0.00000   100%  53.8  535s
H 2605  1395                     364.0805057    0.00000   100%  53.8  535s
  2607  1598     cutoff 1171       364.08051    0.00000   100%  53.8  566s
H 2899   325                       0.0000000    0.00000  0.00%  51.6  566s

Cutting planes:
  Gomory: 2
  Implied bound: 13
  MIR: 187
  StrongCG: 7
  Flow cover: 36

Explored 2900 nodes (160346 simplex iterations) in 566.46 seconds (230.38 work units)
Thread count was 2 (of 24 available processors)

Solution count 10: 0 364.081 6317.47 ... 4.25616e+06

Optimal solution found (tolerance 3.06e-08)
Best objective 0.000000000000e+00, best bound 0.000000000000e+00, gap 0.0000%
