
Gurobi 11.0.3 (linux64, Java) logging started ter 05 nov 2024 15:16:05 -03

Set parameter Username
Academic license - for non-commercial use only - expires 2025-10-10
Warning: Gurobi version mismatch between Java 11.0.1 and C library 11.0.3
Warning: Gurobi version mismatch between Java 11.0.1 and Jni 11.0.3
Set parameter NonConvex to value 2
Set parameter TimeLimit to value 3600
Set parameter LogToConsole to value 0
Set parameter MIPGap to value 3.0591967898393180e-08
Set parameter Threads to value 2
Set parameter NodefileDir to value "/home/ps12398/goal_programming/goalProgrammingMarcos/"
Set parameter NodefileStart to value 1
Gurobi Optimizer version 11.0.3 build v11.0.3rc0 (linux64)

CPU model: Intel(R) Xeon(R) CPU           X5650  @ 2.67GHz, instruction set [SSE2]
Thread count: 12 physical cores, 24 logical processors, using up to 2 threads

Optimize a model with 253822 rows, 172586 columns and 1906318 nonzeros
Model fingerprint: 0xfccaa28c
Model has 298 quadratic constraints
Variable types: 86148 continuous, 86438 integer (293 binary)
Coefficient statistics:
  Matrix range     [3e-03, 3e+06]
  QMatrix range    [3e-03, 5e+04]
  QLMatrix range   [1e+00, 5e+04]
  Objective range  [1e+00, 7e+07]
  Bounds range     [1e+00, 1e+08]
  RHS range        [1e+00, 5e+05]
  QRHS range       [1e-02, 1e-02]
Presolve removed 249306 rows and 167920 columns
Presolve time: 2.05s
Presolved: 6930 rows, 5397 columns, 1055422 nonzeros
Presolved model has 2 SOS constraint(s)
Presolved model has 293 bilinear constraint(s)

Solving non-convex MIQCP

Variable types: 1103 continuous, 4294 integer (295 binary)
Found heuristic solution: objective 2.604700e+07

Root simplex log...

Iteration    Objective       Primal Inf.    Dual Inf.      Time
       0    0.0000000e+00   7.158621e+03   0.000000e+00      9s
     392    0.0000000e+00   0.000000e+00   0.000000e+00      9s

Root relaxation: objective 0.000000e+00, 392 iterations, 0.24 seconds (0.06 work units)
Total elapsed time = 9.29s (DegenMoves)
Total elapsed time = 10.30s (DegenMoves)

    Nodes    |    Current Node    |     Objective Bounds      |     Work
 Expl Unexpl |  Obj  Depth IntInf | Incumbent    BestBd   Gap | It/Node Time

     0     0    0.00000    0  445 2.6047e+07    0.00000   100%     -   10s
     0     0 60593.8627    0  758 2.6047e+07 60593.8627   100%     -   13s
     0     0 179477.499    0  767 2.6047e+07 179477.499  99.3%     -   20s
H    0     0                    2.602214e+07 180812.318  99.3%     -   21s
     0     0 186193.986    0  767 2.6022e+07 186193.986  99.3%     -   21s
     0     0 205339.346    0  784 2.6022e+07 205339.346  99.2%     -   27s
     0     0 209259.867    0  769 2.6022e+07 209259.867  99.2%     -   29s
     0     0 212814.439    0  787 2.6022e+07 212814.439  99.2%     -   33s
     0     0 213794.166    0  797 2.6022e+07 213794.166  99.2%     -   34s
     0     0 213794.166    0  794 2.6022e+07 213794.166  99.2%     -   34s
     0     0 214704.183    0  797 2.6022e+07 214704.183  99.2%     -   35s
     0     0 214704.183    0  797 2.6022e+07 214704.183  99.2%     -   39s
     0     2 214704.183    0  797 2.6022e+07 214704.183  99.2%     -   49s
     3     6 214827.984    2  795 2.6022e+07 214827.984  99.2%  11.3   50s
    17    20 219291.632    6  791 2.6022e+07 215325.223  99.2%  29.2   55s
H   28    30                    2.598373e+07 215325.223  99.2%  32.7   59s
    29    34 229874.858   11  791 2.5984e+07 215325.223  99.2%  33.9   60s
    50    55 245080.911   17  782 2.5984e+07 215325.223  99.2%  32.4   65s
    65    71 279663.632   22  756 2.5984e+07 215325.223  99.2%  32.6   70s
    82    86 304533.997   26  744 2.5984e+07 215325.223  99.2%  34.1   77s
    90    98 329965.269   29  735 2.5984e+07 215325.223  99.2%  33.3   80s
H  110   116                    2.488234e+07 215325.223  99.1%  29.9   84s
   115   123 362172.479   37  702 2.4882e+07 215325.223  99.1%  29.4   85s
   147   158 369245.610   48  684 2.4882e+07 215325.223  99.1%  25.5   91s
H  171   182                    2.218451e+07 215325.223  99.0%  23.1   95s
H  209   217                    2.008374e+07 215325.223  98.9%  20.9  118s
   216   235 396258.463   70  662 2.0084e+07 215325.223  98.9%  20.5  121s
   254   276 431822.102   82  625 2.0084e+07 215325.223  98.9%  19.0  126s
   294   318 445556.130   99  609 2.0084e+07 215325.223  98.9%  17.7  130s
   364   376 490734.694  119  575 2.0084e+07 215325.223  98.9%  16.0  143s
   375   398 497952.510  120  573 2.0084e+07 215325.223  98.9%  15.8  145s
   421   451 535823.923  132  558 2.0084e+07 215325.223  98.9%  15.2  151s
   450   481 558567.348  141  549 2.0084e+07 215325.223  98.9%  14.9  155s
   506   537 605848.331  158  538 2.0084e+07 215325.223  98.9%  14.5  162s
   536   570 627260.194  168  518 2.0084e+07 215325.223  98.9%  14.1  165s
   601   632 695567.171  193  476 2.0084e+07 215325.223  98.9%  14.1  172s
   631   670 748226.009  204  468 2.0084e+07 215325.223  98.9%  14.2  176s
   676   733 780637.795  221  444 2.0084e+07 215325.223  98.9%  14.2  185s
   785   844 781170.341  263  443 2.0084e+07 215325.223  98.9%  12.5  196s
   843   862 781561.985  291  443 2.0084e+07 215325.223  98.9%  11.7  202s
   861   926 781694.935  300  443 2.0084e+07 215325.223  98.9%  11.5  209s
   925  1003 782141.798  327  442 2.0084e+07 215325.223  98.9%  10.9  217s
  1002  1005 782806.655  364  440 2.0084e+07 215325.223  98.9%  10.3  239s
  1004  1084 782795.433  365  441 2.0084e+07 215325.223  98.9%  10.3  248s
  1083  1171 783284.689  397  440 2.0084e+07 215325.223  98.9%   9.7  258s
  1170  1260 783968.292  440  440 2.0084e+07 215325.223  98.9%   9.1  268s
  1259  1262 784660.043  484  440 2.0084e+07 215325.223  98.9%   8.5  278s
  1261  1364 784669.562  485  440 2.0084e+07 215325.223  98.9%   8.5  285s
  1363  1451 785312.219  527  440 2.0084e+07 215325.223  98.9%   7.9  291s
H 1365  1451                    7896415.2888 215325.223  97.3%   7.9  291s
  1450  1559 785884.036  564  438 7896415.29 215325.223  97.3%   7.6  302s
  1558  1670 786645.006  612  438 7896415.29 215325.223  97.3%   7.1  314s
  1669  1785 787432.993  663  437 7896415.29 215325.223  97.3%   6.7  324s
  1784  1894 788057.343  706  434 7896415.29 215325.223  97.3%   6.4  337s
  1893  2000 788538.650  739  433 7896415.29 215325.223  97.3%   6.1  345s
  1999  2088 789179.790  781  432 7896415.29 215325.223  97.3%   5.9  355s
  2087  2210 789875.531  821  430 7896415.29 215325.223  97.3%   5.7  365s
  2209  2257 790806.182  874  428 7896415.29 215325.223  97.3%   5.5  386s
  2256  2385 791076.926  895  426 7896415.29 215325.223  97.3%   5.4  401s
H 2384  2387                    5179781.7004 215325.223  95.8%   5.2  413s
  2386  2511 791412.548  938  425 5179781.70 215325.223  95.8%   5.2  427s
  2510  2644 791737.776  978  425 5179781.70 215325.223  95.8%   5.0  444s
  2643  2793 792083.893 1021  425 5179781.70 215325.223  95.8%   4.8  464s
  2792  2935 792488.174 1071  425 5179781.70 215325.223  95.8%   4.7  478s
  2934  3093 792845.698 1122  421 5179781.70 215325.223  95.8%   4.5  496s
  3092  3301 801165.659 1179  415 5179781.70 215325.223  95.8%   4.4  512s
  3300  3519 795800.339 1264  411 5179781.70 215325.223  95.8%   4.2  528s
H 3518  3682                    5001470.1525 215325.223  95.7%   4.0  543s
H 3681  3682                    4679551.9749 215325.223  95.4%   3.9  570s
  3682  3683 789839.972  599 1866 4679551.97 215325.223  95.4%   3.9  614s
  3683  3684 800476.403 1406 1866 4679551.97 215325.223  95.4%   3.9  615s
  3684  3684 800306.383 1398  529 4679551.97 215325.223  95.4%   3.9  627s
  3685  3685 784750.306  491  567 4679551.97 215325.223  95.4%   3.9  634s
  3686  3686 791608.871  833  588 4679551.97 223973.418  95.2%   3.9  643s
  3687  3686 788560.989  498  607 4679551.97 230958.058  95.1%   3.9  651s
  3688  3687 802594.195 1534  636 4679551.97 241689.840  94.8%   3.9  662s
  3689  3688 414478.862   77  661 4679551.97 248096.839  94.7%   3.9  668s
  3690  3688 251287.078   12  686 4679551.97 251287.078  94.6%   3.9  676s
  3691  3689 796085.657 1192  671 4679551.97 253349.050  94.6%   3.9  682s
  3692  3690 785801.458  557  679 4679551.97 253871.250  94.6%   3.9  686s
  3694  3691 792766.151  935  685 4679551.97 255389.833  94.5%   3.9  696s
  3696  3692 792205.969  874  699 4679551.97 261896.854  94.4%   3.9  703s
  3697  3693 631944.856  169  697 4679551.97 263441.183  94.4%   3.9  705s
  3698  3694 798853.132 1274  699 4679551.97 263548.937  94.4%   3.9  711s
  3699  3694 801301.625 1460  696 4679551.97 269407.393  94.2%   3.9  715s
  3700  3695 784627.850  480  705 4679551.97 269678.451  94.2%   3.9  720s
  3702  3696 791049.388  887  708 4679551.97 270665.619  94.2%   3.9  728s
  3703  3697 784068.038  447  715 4679551.97 277205.509  94.1%   3.9  731s
  3704  3698 793316.247  993  714 4679551.97 277698.280  94.1%   3.9  736s
  3706  3699 790664.692  858  715 4679551.97 283879.072  93.9%   3.9  744s
  3707  3700 794969.787 1135  709 4679551.97 288384.975  93.8%   3.9  746s
  3708  3700 792250.689 1039  709 4679551.97 288455.515  93.8%   3.9  751s
  3710  3702 787975.162  695  713 4679551.97 289403.365  93.8%   3.9  757s
  3712  3703 782375.272  340  710 4679551.97 293048.078  93.7%   3.9  764s
  3713  3704 786923.254  410  708 4679551.97 293629.894  93.7%   3.9  765s
  3714  3704 793477.151 1016  722 4679551.97 293629.894  93.7%   3.9  772s
  3716  3706 789877.099  822  723 4679551.97 295366.623  93.7%   3.9  780s
  3718  3707 788392.195  729  728 4679551.97 296854.395  93.7%   3.9  786s
  3720  3708 491075.814  115  733 4679551.97 297647.997  93.6%   3.9  791s
  3722  3710 784953.397  296  736 4679551.97 301665.018  93.6%   3.9  800s
  3724  3711 791065.489  795  724 4679551.97 305036.232  93.5%   3.9  809s
  3725  3712 785075.083  312  717 4679551.97 306626.304  93.4%   3.9  811s
  3726  3712 792513.672  907  725 4679551.97 306917.229  93.4%   3.9  815s
  3728  3714 793401.719 1155  733 4679551.97 307700.342  93.4%   3.9  820s
  3730  3715 790657.248  728  730 4679551.97 307909.781  93.4%   3.9  825s
  3732  3716 794930.591 1131  739 4679551.97 308043.831  93.4%   3.9  831s
  3734  3718 791041.308  791  737 4679551.97 308289.638  93.4%   3.9  836s
  3736  3719 794507.789 1185  732 4679551.97 310572.081  93.4%   3.9  842s
  3738  3720 575027.628  151  733 4679551.97 311340.050  93.3%   3.9  847s
  3740  3722 786927.964  630  739 4679551.97 311981.095  93.3%   3.9  852s
  3742  3723 788966.680  524  725 4679551.97 312582.605  93.3%   3.9  858s
  3743  3724 793610.279 1165  726 4679551.97 314103.658  93.3%   3.9  860s
  3745  3725 587764.114  155  718 4679551.97 315057.450  93.3%   3.9  865s
  3747  3726 785770.311  349  727 4679551.97 316300.847  93.2%   3.9  871s
  3749  3728 785377.962  330  705 4679551.97 316603.486  93.2%   3.9  878s
  3750  3728 377510.656   51  727 4679551.97 316613.174  93.2%   3.9  881s
  3752  3730 795993.086 1186  720 4679551.97 317617.661  93.2%   3.9  886s
  3754  3731 792632.196  922  717 4679551.97 318144.040  93.2%   3.8  892s
  3756  3732 792305.703 1047  718 4679551.97 319084.195  93.2%   3.8  897s
  3758  3734 798044.926 1290  722 4679551.97 319890.441  93.2%   3.8  903s
  3759  3734 786921.308  409  721 4679551.97 320438.419  93.2%   3.8  905s
  3761  3736 784507.990  475  719 4679551.97 320833.534  93.1%   3.8  910s
  3763  3737 800093.856 1388  735 4679551.97 320945.157  93.1%   3.8  916s
  3765  3738 790826.550  756  735 4679551.97 320988.103  93.1%   3.8  921s
  3767  3740 783973.762  441  696 4679551.97 321160.752  93.1%   3.8  925s
  3769  3741 796917.707 1325  722 4679551.97 322608.439  93.1%   3.8  931s
  3771  3742 793088.613  972  714 4679551.97 322812.087  93.1%   3.8  939s
  3772  3743 796661.905 1312  720 4679551.97 322819.721  93.1%   3.8  945s
  3774  3744 771433.812  212  714 4679551.97 323485.216  93.1%   3.8  954s
  3775  3745 635751.756  176  729 4679551.97 324099.367  93.1%   3.8  957s
  3776  3746 790349.344  680  732 4679551.97 324119.183  93.1%   3.8  963s
  3777  3746 794500.329 1185  722 4679551.97 324350.428  93.1%   3.8  967s
  3778  3747 635404.624  179  721 4679551.97 324396.302  93.1%   3.8  973s
  3779  3748 799580.802 1363  726 4679551.97 324649.737  93.1%   3.8  976s
  3780  3748 789839.972  599  725 4679551.97 324732.173  93.1%   3.8  981s
  3782  3750 789839.972  599  731 4679551.97 324905.093  93.1%   3.8  988s
  3783  3750 800476.403 1406  736 4679551.97 325040.245  93.1%   3.8  990s
  3785  3752 784750.306  491  744 4679551.97 325175.849  93.1%   3.8  995s
  3787  3753 788560.989  498  728 4679551.97 325175.849  93.1%   3.8 1000s
  3789  3754 414478.862   77  731 4679551.97 325175.849  93.1%   3.8 1005s
  3791  3756 796085.657 1192  735 4679551.97 325175.849  93.1%   3.8 1010s
  3794  3758 792766.151  935  731 4679551.97 325175.849  93.1%   3.8 1018s
  3795  3758 396359.216   70  721 4679551.97 325175.849  93.1%   3.8 1020s
  3797  3760 631944.856  169  725 4679551.97 325248.561  93.0%   3.8 1025s
  3799  3761 801301.625 1460  729 4679551.97 325248.561  93.0%   3.8 1030s
  3801  3762 786767.842  401  735 4679551.97 325248.561  93.0%   3.8 1035s
  3803  3764 784068.038  447  726 4679551.97 325248.561  93.0%   3.8 1040s
  3805  3765 605856.148  159  736 4679551.97 325248.561  93.0%   3.8 1046s
  3807  3766 794969.787 1135  721 4679551.97 326368.259  93.0%   3.8 1054s
  3808  3767 792250.689 1039  726 4679551.97 326701.752  93.0%   3.8 1058s
  3809  3768 786853.162  544  729 4679551.97 326750.605  93.0%   3.8 1060s
  3811  3769 795658.197 1168  736 4679551.97 326839.147  93.0%   3.8 1065s
  3813  3770 786923.254  410  726 4679551.97 327169.029  93.0%   3.8 1070s
  3815  3772 791624.806  963  721 4679551.97 327626.267  93.0%   3.8 1075s
  3817  3773 785819.741  560  726 4679551.97 327626.267  93.0%   3.8 1080s
  3819  3774 785883.068  564  733 4679551.97 327626.267  93.0%   3.8 1089s
  3822  3778 784953.397  296 1949 4679551.97 327626.267  93.0%   7.8 1096s
  3824  3779 791065.489  795  592 4679551.97 327626.267  93.0%   7.8 1107s
  3825  3780 785075.083  312  625 4679551.97 327626.267  93.0%   7.8 1111s
  3826  3781 792513.672  907  714 4679551.97 327626.267  93.0%   7.8 1118s
  3827  3781 786522.542  390  726 4679551.97 327626.267  93.0%   7.8 1121s
  3828  3782 793401.719 1155  738 4679551.97 327626.267  93.0%   7.8 1126s
  3830  3783 790657.248  728  765 4679551.97 328316.308  93.0%   7.8 1132s
  3832  3785 794930.591 1131  770 4679551.97 329759.443  93.0%   7.8 1138s
  3834  3786 791041.308  791  772 4679551.97 330364.690  92.9%   7.8 1143s
  3836  3787 794507.789 1185  777 4679551.97 330364.690  92.9%   7.8 1148s
  3837  3788 330889.762   25  750 4679551.97 330889.762  92.9%   7.8 1150s
  3839  3789 799150.094 1338  769 4679551.97 331754.648  92.9%   7.8 1155s
  3840  3790 786927.964  630  771 4679551.97 331754.648  92.9%   7.8 1160s
  3842  3791 788966.680  524  776 4679551.97 331952.926  92.9%   7.8 1165s
  3844  3793 795523.276 1162  772 4679551.97 332248.204  92.9%   7.8 1170s
  3846  3794 802021.458 1494  782 4679551.97 332248.204  92.9%   7.8 1176s
  3848  3795 790150.416  835  790 4679551.97 332915.584  92.9%   7.8 1181s
  3850  3797 377510.656   51  791 4679551.97 333021.262  92.9%   7.8 1187s
  3852  3798 795993.086 1186  791 4679551.97 333169.644  92.9%   7.8 1192s
  3854  3799 792632.196  922  793 4679551.97 333239.490  92.9%   7.8 1199s
  3855  3800 783583.447  414  788 4679551.97 333420.310  92.9%   7.8 1200s
  3856  3801 792305.703 1047  791 4679551.97 333420.310  92.9%   7.7 1205s
  3859  3803 786921.308  409  794 4679551.97 333527.703  92.9%   7.7 1210s
  3862  3805 787022.955  636  797 4679551.97 333612.538  92.9%   7.7 1218s
  3864  3806 796426.611 1218  785 4679551.97 333612.538  92.9%   7.7 1222s
  3866  3807 797340.268 1371  789 4679551.97 333759.108  92.9%   7.7 1227s
  3868  3809 786674.656  614  786 4679551.97 334041.109  92.9%   7.7 1231s
  3870  3810 792312.618 1049  803 4679551.97 334244.631  92.9%   7.7 1236s
  3872  3811 796661.905 1312  802 4679551.97 334359.681  92.9%   7.7 1240s
  3874  3813 771433.812  212  796 4679551.97 334867.908  92.8%   7.7 1245s
  3876  3814 790349.344  680  794 4679551.97 335303.892  92.8%   7.7 1251s
  3878  3815 635404.624  179  794 4679551.97 335303.892  92.8%   7.7 1258s
  3880  3817 789839.972  599  779 4679551.97 335565.718  92.8%   7.7 1263s
  3882  3818 789839.972  599  774 4679551.97 335720.218  92.8%   7.7 1268s
  3883  3819 800476.403 1406  768 4679551.97 335855.672  92.8%   7.7 1270s
  3886  3821 791608.871  833  776 4679551.97 336014.657  92.8%   7.7 1278s
  3888  3822 802594.195 1534  782 4679551.97 336264.204  92.8%   7.7 1283s
  3890  3823 336340.952   12  793 4679551.97 336340.952  92.8%   7.7 1287s
  3892  3825 785801.458  557  787 4679551.97 336608.970  92.8%   7.7 1292s
  3894  3826 792766.151  935  794 4679551.97 336640.213  92.8%   7.7 1296s
  3896  3827 792205.969  874  789 4679551.97 336757.273  92.8%   7.7 1302s
  3897  3828 631944.856  169  789 4679551.97 336757.273  92.8%   7.7 1307s
  3899  3829 801301.625 1460  786 4679551.97 336757.273  92.8%   7.7 1311s
  3901  3831 786767.842  401  791 4679551.97 336757.273  92.8%   7.7 1316s
  3903  3832 784068.038  447  785 4679551.97 336932.722  92.8%   7.7 1323s
  3905  3833 605856.148  159  780 4679551.97 336995.699  92.8%   7.7 1330s
  3907  3835 794969.787 1135  783 4679551.97 337265.495  92.8%   7.6 1336s
  3909  3836 786853.162  544  784 4679551.97 337279.791  92.8%   7.6 1342s
  3911  3837 795658.197 1168  779 4679551.97 337315.366  92.8%   7.6 1346s
  3913  3839 786923.254  410  784 4679551.97 337351.877  92.8%   7.6 1351s
  3915  3840 791624.806  963  787 4679551.97 337368.842  92.8%   7.6 1355s
  3918  3842 788392.195  729  791 4679551.97 337395.212  92.8%   7.6 1360s
  3920  3843 491075.814  115  790 4679551.97 337689.803  92.8%   7.6 1370s
  3921  3844 797012.786 1331  790 4679551.97 337689.803  92.8%   7.6 1376s
  3922  3848 356069.911   25 1060 4679551.97 337689.803  92.8%   9.8 1386s
  3926  3850 378904.840   26 1046 4679551.97 337689.803  92.8%  10.1 1390s
  3932  3854 358403.636   28 1052 4679551.97 337807.357  92.8%  10.6 1396s
  3938  3858 360449.895   29 1051 4679551.97 337807.357  92.8%  10.9 1400s
  3944  3862 365000.568   31 1048 4679551.97 337807.357  92.8%  11.4 1406s
  3950  3866 378728.974   32 1021 4679551.97 337807.357  92.8%  11.7 1411s
  3956  3871 371847.447   34 1042 4679551.97 337807.357  92.8%  12.0 1416s
  3963  3877 375629.802   35 1037 4679551.97 337807.357  92.8%  12.3 1421s
  3971  3882 396183.574   37  994 4679551.97 337807.357  92.8%  12.6 1426s
  3975  3883 402692.081   38  982 4679551.97 337807.357  92.8%  12.7 1430s
  3985  3892 407894.016   41  996 4679551.97 337807.357  92.8%  13.1 1437s
  3989  3896 409924.825   42  985 4679551.97 337807.357  92.8%  13.2 1440s
  4000  3904 432464.936   45  975 4679551.97 337807.357  92.8%  13.6 1446s
  4011  3911 437107.746   47  965 4679551.97 337807.357  92.8%  13.9 1452s
  4017  3915 443537.544   49  952 4679551.97 337807.357  92.8%  13.9 1455s
  4031  3924 478422.935   52  935 4679551.97 337807.357  92.8%  14.2 1461s
  4044  3935 479917.599   55  923 4679551.97 337807.357  92.8%  14.3 1468s
  4052  3941 483439.059   57  921 4679551.97 337807.357  92.8%  14.4 1472s
  4061  3946 501090.019   60  915 4679551.97 337807.357  92.8%  14.5 1475s
  4069  3953 504781.783   62  895 4679551.97 337807.357  92.8%  14.6 1480s
  4078  3960 508773.595   64  910 4679551.97 337807.357  92.8%  14.7 1485s
  4097  3972 533103.505   69  875 4679551.97 337807.357  92.8%  14.8 1495s
  4107  3981 543649.914   71  881 4679551.97 337807.357  92.8%  14.9 1501s
  4119  3987 573820.832   74  873 4679551.97 337807.357  92.8%  15.0 1507s
  4129  3996 560860.793   76  863 4679551.97 337807.357  92.8%  15.0 1513s
  4141  4006 582744.347   79  856 4679551.97 337807.357  92.8%  15.1 1518s
  4155  4012 578991.772   83  854 4679551.97 337807.357  92.8%  15.1 1524s
  4166  4023 620560.800   85  842 4679551.97 337807.357  92.8%  15.2 1530s
  4195  4043 607297.579   92  832 4679551.97 337807.357  92.8%  15.2 1541s
  4210  4055 624116.356   96  832 4679551.97 337807.357  92.8%  15.2 1548s
  4227  4064 631364.924  100  817 4679551.97 337807.357  92.8%  15.2 1556s
  4242  4076 638146.593  103  803 4679551.97 337807.357  92.8%  15.2 1565s
  4259  4085 641893.087  107  805 4679551.97 337807.357  92.8%  15.2 1573s
  4274  4098 656900.169  111  796 4679551.97 337807.357  92.8%  15.3 1582s
  4292  4111 674577.210  116  784 4679551.97 337807.357  92.8%  15.3 1593s
  4311  4125 679116.941  120  763 4679551.97 337807.357  92.8%  15.3 1602s
  4331  4136 687848.668  125  746 4679551.97 337807.357  92.8%  15.3 1613s
  4349  4152 689217.375  130  729 4679551.97 337807.357  92.8%  15.3 1624s
  4371  4165 704511.484  135  727 4679551.97 337807.357  92.8%  15.3 1636s
  4391  4182 704435.657  140  712 4679551.97 337807.357  92.8%  15.3 1646s
  4415  4196 711304.244  146  694 4679551.97 337807.357  92.8%  15.3 1659s
  4437  4215 719440.401  152  690 4679551.97 337807.357  92.8%  15.3 1669s
  4463  4229 725639.591  158  672 4679551.97 337807.357  92.8%  15.3 1680s
  4486  4250 730044.524  164  653 4679551.97 337807.357  92.8%  15.3 1690s
  4514  4267 745113.445  171  627 4679551.97 337807.357  92.8%  15.3 1700s
  4541  4286 753286.624  178  614 4679551.97 337807.357  92.8%  15.4 1715s
  4571  4307 758112.693  186  605 4679551.97 337807.357  92.8%  15.3 1730s
  4602  4326 769128.156  194  587 4679551.97 337807.357  92.8%  15.3 1744s
  4631  4346 775558.056  201  572 4679551.97 337807.357  92.8%  15.3 1761s
  4663  4358 788587.652  209  588 4679551.97 337807.357  92.8%  15.4 1779s
  4685  4383 798212.763  217  568 4679551.97 337807.357  92.8%  15.5 1796s
  4718  4407 804980.525  226  528 4679551.97 337807.357  92.8%  15.5 1815s
  4753  4424 812070.753  235  554 4679551.97 337807.357  92.8%  15.4 1837s
  4781  4452 805255.943  240  541 4679551.97 337807.357  92.8%  15.4 1856s
  4819  4478 805395.036  250  525 4679551.97 337807.357  92.8%  15.3 1877s
  4857  4502 805635.110  259  517 4679551.97 337807.357  92.8%  15.3 1899s
  4894  4532 805923.173  269  514 4679551.97 337807.357  92.8%  15.4 1929s
  4936  4561 806053.967  280  507 4679551.97 337807.357  92.8%  15.3 1952s
  4979  4585 806077.476  291  507 4679551.97 337807.357  92.8%  15.2 1977s
  5018  4620 806099.878  301  507 4679551.97 337807.357  92.8%  15.1 2001s
  5066  4654 806126.761  313  507 4679551.97 337807.357  92.8%  15.0 2022s
  5116  4691 806445.234  325  520 4679551.97 337807.357  92.8%  14.9 2040s
  5169  4727 806293.614  338  509 4679551.97 337807.357  92.8%  14.8 2069s
  5223  4758 815182.172  352  515 4679551.97 337807.357  92.8%  14.7 2101s
  5272  4798 806487.411  365  519 4679551.97 337807.357  92.8%  14.6 2129s
  5328  4839 806392.775  379  509 4679551.97 337807.357  92.8%  14.5 2158s
  5388  4885 806697.481  394  508 4679551.97 337807.357  92.8%  14.5 2198s
  5454  4925 806551.902  411  504 4679551.97 337807.357  92.8%  14.4 2226s
  5516  4971 806796.261  426  496 4679551.97 337807.357  92.8%  14.4 2251s
  5583  5021 807361.012  443  489 4679551.97 337807.357  92.8%  14.3 2280s
  5655  5072 807674.379  462  478 4679551.97 337807.357  92.8%  14.2 2311s
  5730  5121 808366.039  481  473 4679551.97 337807.357  92.8%  14.1 2352s
  5804  5173 809192.907  501  469 4679551.97 337807.357  92.8%  14.3 2390s
  5881  5227 810097.620  521  461 4679551.97 337807.357  92.8%  14.3 2433s
  5960  5262 810709.477  541  459 4679551.97 337807.357  92.8%  14.2 2483s
  6022  5324 810818.630  557  452 4679551.97 337807.357  92.8%  14.1 2533s
  6104  5389 810926.245  581  450 4679551.97 337807.357  92.8%  14.0 2571s
  6197  5441 811013.112  606  451 4679551.97 337807.357  92.8%  13.9 2620s
  6280  5513 811206.390  631  450 4679551.97 337807.357  92.8%  14.1 2665s
  6379  5584 811306.195  658  450 4679551.97 337807.357  92.8%  14.3 2721s
  6483  5658 811386.479  685  449 4679551.97 337807.357  92.8%  14.2 2758s
  6592  5734 819830.917  713  444 4679551.97 337807.357  92.8%  14.1 2809s
  6704  5815 812995.633  743  435 4679551.97 337807.357  92.8%  14.1 2860s
  6823  5894 813658.191  775  435 4679551.97 337807.357  92.8%  14.3 2914s
  6941  5957 815339.880  804  436 4679551.97 337807.357  92.8%  14.3 2968s
  7044  6057 822991.358  829  431 4679551.97 337807.357  92.8%  14.4 3025s
  7178  6152 823568.458  863  429 4679551.97 337807.357  92.8%  14.4 3084s
  7318  6244 824207.414  899  423 4679551.97 337807.357  92.8%  14.4 3148s
  7456  6349 817996.123  933  415 4679551.97 337807.357  92.8%  14.3 3208s
  7607  6454 818683.042  972  411 4679551.97 337807.357  92.8%  14.3 3281s
  7763  6563 819042.101 1012  409 4679551.97 337807.357  92.8%  14.2 3348s
  7924  6674 819417.437 1054  419 4679551.97 337807.357  92.8%  14.1 3413s
  8088  6781 819691.265 1096  409 4679551.97 337807.357  92.8%  14.1 3508s
  8250  6910 820428.988 1138  407 4679551.97 337807.357  92.8%  14.0 3588s
  8433  6876 821327.479 1186  410 4679551.97 337807.357  92.8%  13.9 3600s

Cutting planes:
  Gomory: 1
  Implied bound: 9
  MIR: 417
  Mixing: 4
  StrongCG: 1
  Flow cover: 365
  RLT: 41

Explored 8462 nodes (120013 simplex iterations) in 3600.10 seconds (1887.76 work units)
Thread count was 2 (of 24 available processors)

Solution count 10: 4.67955e+06 5.00147e+06 5.17978e+06 ... 2.6047e+07

Time limit reached
Best objective 4.679551974939e+06, best bound 3.378073572628e+05, gap 92.7812%
