
Gurobi 11.0.3 (linux64, Java) logging started seg 04 nov 2024 19:23:39 -03

Set parameter Username
Academic license - for non-commercial use only - expires 2025-10-10
Warning: Gurobi version mismatch between Java 11.0.1 and C library 11.0.3
Warning: Gurobi version mismatch between Java 11.0.1 and Jni 11.0.3
Set parameter NonConvex to value 2
Set parameter TimeLimit to value 3600
Set parameter LogToConsole to value 0
Set parameter MIPGap to value 4.7300647268466746e-08
Set parameter Threads to value 2
Set parameter NodefileDir to value "/home/ps12398/goal_programming/goalProgrammingMarcos/"
Set parameter NodefileStart to value 1
Gurobi Optimizer version 11.0.3 build v11.0.3rc0 (linux64)

CPU model: Intel(R) Xeon(R) CPU           X5650  @ 2.67GHz, instruction set [SSE2]
Thread count: 12 physical cores, 24 logical processors, using up to 2 threads

Optimize a model with 61275 rows, 41336 columns and 205069 nonzeros
Model fingerprint: 0xb30c09bf
Model has 148 quadratic constraints
Variable types: 20598 continuous, 20738 integer (143 binary)
Coefficient statistics:
  Matrix range     [7e-03, 6e+06]
  QMatrix range    [7e-03, 1e+05]
  QLMatrix range   [1e+00, 1e+05]
  Objective range  [1e+00, 4e+07]
  Bounds range     [1e+00, 1e+08]
  RHS range        [1e+00, 1e+06]
  QRHS range       [1e-02, 1e-02]
Presolve removed 60525 rows and 40414 columns
Presolve time: 0.13s
Presolved: 1811 rows, 1245 columns, 54298 nonzeros
Presolved model has 2 SOS constraint(s)
Presolved model has 143 bilinear constraint(s)

Solving non-convex MIQCP

Variable types: 524 continuous, 721 integer (145 binary)
Found heuristic solution: objective 1.797712e+07

Root relaxation: objective 1.161887e+05, 563 iterations, 0.03 seconds (0.02 work units)

    Nodes    |    Current Node    |     Objective Bounds      |     Work
 Expl Unexpl |  Obj  Depth IntInf | Incumbent    BestBd   Gap | It/Node Time

     0     0 116188.666    0  272 1.7977e+07 116188.666  99.4%     -    0s
H    0     0                    1.726534e+07 116188.666  99.3%     -    0s
     0     0 2524136.39    0  347 1.7265e+07 2524136.39  85.4%     -    0s
H    0     0                    1.669978e+07 2543069.17  84.8%     -    0s
     0     0 2560936.65    0  347 1.6700e+07 2560936.65  84.7%     -    0s
     0     0 2822207.81    0  344 1.6700e+07 2822207.81  83.1%     -    1s
     0     0 2841768.89    0  350 1.6700e+07 2841768.89  83.0%     -    1s
     0     0 2912365.87    0  377 1.6700e+07 2912365.87  82.6%     -    1s
     0     0 2935702.49    0  377 1.6700e+07 2935702.49  82.4%     -    1s
     0     0 2962064.25    0  379 1.6700e+07 2962064.25  82.3%     -    1s
     0     0 2966614.35    0  380 1.6700e+07 2966614.35  82.2%     -    2s
     0     0 2968390.08    0  379 1.6700e+07 2968390.08  82.2%     -    2s
     0     0 2970026.93    0  379 1.6700e+07 2970026.93  82.2%     -    2s
     0     2 2970478.72    0  379 1.6700e+07 2970478.72  82.2%     -    3s
H   84    86                    1.664760e+07 3008234.04  81.9%  35.8    4s
H  110   120                    1.664459e+07 3008234.04  81.9%  32.4    4s
H  138   148                    1.660149e+07 3008234.04  81.9%  28.7    4s
H  172   176                    1.499042e+07 3008234.04  79.9%  25.2    4s
H  200   208                    1.486555e+07 3008234.04  79.8%  23.7    4s
   245   260 5602601.33   71  207 1.4866e+07 3008234.04  79.8%  23.7    5s
H  376   379                    1.079018e+07 3008234.04  72.1%  27.8    5s
H  379   381                    9804107.4494 3008234.04  69.3%  27.9    5s
H 1019  1022                    9402927.7172 3008234.04  68.0%  12.1    7s
H 1279  1284                    9267455.3276 3008234.04  67.5%  10.0    7s
H 2266  2282                    9137837.4390 3008234.04  67.1%   7.9    9s
H 2267  2282                    8900589.8511 3008234.04  66.2%   7.9    9s
  2632  2699 8052025.59 1297  150 8900589.85 3008234.04  66.2%   7.3   10s
H 3340  3342                    8842639.1610 3008234.04  66.0%   6.1   11s
H 3341  3395                    8798836.0418 3008234.04  65.8%   6.1   11s
H 3392  3395                    8693750.4690 3008234.04  65.4%   6.0   11s
H 3742  3555                    8612692.0502 3008234.04  65.1%   5.7   12s
  3756  3564 8054093.84 1592  258 8612692.05 3296352.28  61.7%   5.6   15s
H 3765  3391                    8604121.7366 3332504.27  61.3%   5.6   16s
H 3769  3224                    8597112.9039 3332529.46  61.2%   5.6   16s
H 3802  3084                    8538972.1906 3354450.84  60.7%   6.5   19s
  3804  3085 3447211.00   21  251 8538972.19 3354450.84  60.7%   6.4   20s
H 3808  2936                    8518191.7208 3358373.42  60.6%   6.9   22s
H 3835  2808                    8516931.0250 3411611.98  59.9%   7.7   24s
  3858  2825 3940645.71   36  358 8516931.03 3411611.98  59.9%   8.1   25s
H 3862  2687                    8506747.2575 3411611.98  59.9%   8.1   25s
H 3863  2554                    8454347.7375 3411611.98  59.6%   8.2   25s
H 3892  2448                    8309831.6772 3411611.98  58.9%   8.5   27s
H 3919  2347                    8188172.0115 3411611.98  58.3%   8.7   29s
  3934  2361 4658180.72   55  290 8188172.01 3411611.98  58.3%   8.9   30s
H 3941  2246                    8078103.7579 3411611.98  57.8%   8.9   30s
H 3946  2145                    8076476.9245 3411611.98  57.8%   8.9   31s
H 3975  2065                    8076475.8014 3411611.98  57.8%   9.1   33s
  4001  2084 5280041.47   72  257 8076475.80 3411611.98  57.8%   9.3   35s
H 4005  1986                    8072650.0088 3411611.98  57.7%   9.3   35s
H 4043  1915                    8072641.0741 3411611.98  57.7%   9.7   36s
H 4048  1836                    8070063.8244 3411611.98  57.7%   9.8   37s
H 4054  1751                    8000211.1094 3411611.98  57.4%   9.9   37s
H 4081  1701                    7890867.6482 3411611.98  56.8%  10.3   38s
H 4101  1634                    7864923.2429 3411611.98  56.6%  10.5   39s
  4110  1647 6534560.75  101  202 7864923.24 3411611.98  56.6%  10.5   40s
H 4124  1570                    7862036.0889 3411611.98  56.6%  10.6   40s
H 4172  1539                    7860731.7571 3411611.98  56.6%  10.7   43s
  4179  1557 6849482.29  120  185 7860731.76 3411611.98  56.6%  10.7   45s
H 4210  1502                    7840395.3980 3411611.98  56.5%  10.7   46s
H 4238  1471                    7840335.8953 3411611.98  56.5%  10.7   48s
  4281  1503 6849012.55  149  182 7840335.90 3411611.98  56.5%  10.6   51s
H 4327  1478                    7713299.2290 3411611.98  55.8%  10.6   53s
H 4366  1434                    7713299.1732 3411611.98  55.8%  10.5   54s
  4378  1460 6858372.14  176  179 7713299.17 3411611.98  55.8%  10.5   56s
H 4407  1398                    7687647.4085 3411611.98  55.6%  10.5   56s
H 4434  1394                    7642917.1903 3411611.98  55.4%  10.4   59s
  4463  1415 6865050.79  198  178 7642917.19 3411611.98  55.4%  10.4   61s
H 4525  1411                    7613770.6428 3411611.98  55.2%  10.3   64s
  4560  1430 6870374.14  224  168 7613770.64 3411611.98  55.2%  10.3   66s
H 4585  1377                    7591574.5927 3411611.98  55.1%  10.2   66s
  4627  1436 6870528.44  242  168 7591574.59 3411611.98  55.1%  10.3   70s
H 4666  1414                    7580379.5463 3411611.98  55.0%  10.4   72s
H 4713  1353                    7531231.0715 3411611.98  54.7%  10.4   74s
  4748  1371 6872251.85  272  168 7531231.07 3411611.98  54.7%  10.5   76s
  4840  1392 6872329.31  292  168 7531231.07 3411611.98  54.7%  10.6   80s
H 4908  1356                    7531218.4566 3411611.98  54.7%  10.7   83s
H 4931  1311                    7529505.7901 3411611.98  54.7%  10.7   83s
H 4964  1291                    7528575.7174 3411611.98  54.7%  10.7   85s
H 4964  1258                    7518372.6786 3411611.98  54.6%  10.7   85s
  5100  1293 6872523.64  342  167 7518372.68 3411611.98  54.6%  10.8   91s
H 5227  1314                    7518247.6979 3411611.98  54.6%  11.0   98s
H 5293  1315                    7518145.1415 3411611.98  54.6%  11.1  101s
H 5364  1315                    7499671.3714 3411611.98  54.5%  11.3  103s
  5436  1352 7137440.49  421  176 7499671.37 3411611.98  54.5%  11.5  107s
H 5472  1352                    7498631.4151 3411611.98  54.5%  11.5  107s
  5511  1409 7137637.76  439  176 7498631.42 3411611.98  54.5%  11.7  111s
H 5590  1470                    7492977.1598 3411611.98  54.5%  11.8  114s
  5671  1511 6891565.83  476  165 7492977.16 3411611.98  54.5%  12.0  118s
H 5778  1552                    7472474.7020 3411611.98  54.3%  12.2  123s
H 5881  1618                    7467636.9404 3411611.98  54.3%  12.5  126s
H 5953  1693                    7467016.7982 3411611.98  54.3%  12.9  129s
  6028  1780 6904253.27  558  164 7467016.80 3411611.98  54.3%  13.1  134s
  6115  1871 6904342.89  581  165 7467016.80 3411611.98  54.3%  13.5  137s
  6206  1968 6917702.69  603  164 7467016.80 3411611.98  54.3%  13.6  142s
H 6253  1968                    7466864.0033 3411611.98  54.3%  13.5  142s
H 6305  2051                    7466729.8059 3411611.98  54.3%  13.5  146s
  6419  2125 6915999.44  653  164 7466729.81 3411611.98  54.3%  13.6  151s
H 6519  2202                    7440884.3987 3411611.98  54.2%  14.2  154s
H 6624  2309                    7440811.3720 3411611.98  54.2%  14.5  159s
  6731  2416 6904958.34  735  165 7440811.37 3411611.98  54.2%  14.8  165s
  6854  2525 6905077.94  765  165 7440811.37 3411611.98  54.2%  15.1  171s
H 6910  2525                    7438752.5412 3411611.98  54.1%  15.1  171s
H 6963  2634                    7435046.2031 3411611.98  54.1%  15.4  177s
  7072  2759 6916405.59  823  164 7435046.20 3411611.98  54.1%  15.7  183s
  7209  2890 6916564.39  859  164 7435046.20 3411611.98  54.1%  15.8  188s
  7340  3036 6936679.12  892  163 7435046.20 3411611.98  54.1%  16.0  194s
  7486  3173 6916760.55  931  164 7435046.20 3411611.98  54.1%  16.4  200s
  7635  3319 6916869.53  971  164 7435046.20 3411611.98  54.1%  16.6  207s
  7781  3467 6939186.50 1012  163 7435046.20 3411611.98  54.1%  16.8  214s
H 7961  3624                    7432908.7112 3411611.98  54.1%  16.9  222s
  8118  3800 6950305.19 1097  162 7432908.71 3411611.98  54.1%  17.1  229s
  8303  3965 6987063.41 1145  163 7432908.71 3411611.98  54.1%  17.7  236s
  8468  4150 7003353.46 1188  162 7432908.71 3411611.98  54.1%  17.9  246s
H 8668  4332                    7427550.5494 3411611.98  54.1%  17.9  252s
  8851  4522 7006775.45 1287  162 7427550.55 3411611.98  54.1%  18.0  258s
H 8957  4522                    7427037.1393 3411611.98  54.1%  17.8  258s
  9059  4719 7068335.83 1340  160 7427037.14 3411611.98  54.1%  18.2  266s
H 9162  4719                    7426388.8247 3411611.98  54.1%  18.1  266s
H 9262  4864                    7425465.2241 3411611.98  54.1%  18.3  274s
  9483  4957     cutoff 1452      7425465.22 3411611.98  54.1%  18.9  282s
H 9484  4956                    7423568.5711 3411611.98  54.0%  18.9  282s
  9732  5051     cutoff 1531      7423568.57 3411611.98  54.0%  19.5  291s
  9977  5131     cutoff 1603      7423568.57 3411611.98  54.0%  20.0  299s
 10230  5260 7104825.43 1679  149 7423568.57 3411611.98  54.0%  20.5  309s
 10429  5362     cutoff 1738      7423568.57 3411611.98  54.0%  20.9  317s
 10665  5463 7176565.11 1810  140 7423568.57 3411611.98  54.0%  21.4  325s
 10908  5560     cutoff 1881      7423568.57 3411611.98  54.0%  21.8  333s
H11057  5559                    7423052.7994 3411611.98  54.0%  22.3  333s
H11155  5656                    7422456.0449 3411611.98  54.0%  22.3  341s
 11392  5758     cutoff 2026      7422456.04 3411611.98  54.0%  22.5  348s
H11393  5758                    7422453.8976 3411611.98  54.0%  22.5  348s
H11538  5753                    7418566.1391 3411611.98  54.0%  23.0  348s
 11638  5897     cutoff 2099      7418566.14 3411611.98  54.0%  22.8  356s
 11838  6022     cutoff 2155      7418566.14 3411611.98  54.0%  22.8  365s
H11839  6022                    7418564.9967 3411611.98  54.0%  22.8  365s
H12067  6146                    7414756.1862 3411611.98  54.0%  22.9  374s
 12277  6290     cutoff 2270      7414756.19 3492097.55  52.9%  22.8  384s
H12503  6454                    7413942.7771 3492097.55  52.9%  22.7  392s
H12578  6454                    7413283.2733 3492097.55  52.9%  22.8  392s
H12667  6626                    7413036.8663 3492097.55  52.9%  22.6  399s
 12839  6821 6982725.85  121  197 7413036.87 3492097.55  52.9%  22.7  406s
H12944  6821                    7412896.7464 3492097.55  52.9%  22.5  406s
 13036  7011 7159811.80  221  179 7412896.75 3492097.55  52.9%  22.4  415s
 13228  7203 7168267.16  318  179 7412896.75 3492097.55  52.9%  22.1  425s
H13428  7394                    7412775.0855 3492097.55  52.9%  21.8  434s
 13621  7589 7216252.55  491  165 7412775.09 3492097.55  52.9%  21.6  443s
 13820  7786 7223140.46  587  159 7412775.09 3492097.55  52.9%  21.3  450s
 14017  7982 7230440.95  685  157 7412775.09 3492097.55  52.9%  21.0  460s
 14213  8136 7241958.46  770  153 7412775.09 3492097.55  52.9%  20.7  469s
 14367  8332 7243828.13  834  155 7412775.09 3492097.55  52.9%  20.5  479s
H14563  8527                    7412775.0663 3492097.55  52.9%  20.3  488s
 14758  8724 7246878.29 1028  154 7412775.07 3492097.55  52.9%  20.0  498s
 14955  8914 7249804.46 1125  154 7412775.07 3492097.55  52.9%  19.8  506s
 15145  9099 7260736.10 1209  155 7412775.07 3492097.55  52.9%  19.6  513s
 15348  9262 7278816.35 1288  155 7412775.07 3492097.55  52.9%  19.4  523s
 15545  9449 7282868.29 1364  147 7412775.07 3492097.55  52.9%  19.3  532s
 15732  9630 7282962.06 1457  143 7412775.07 3492097.55  52.9%  19.1  541s
 15915  9798 7284075.55 1539  147 7412775.07 3492097.55  52.9%  18.9  551s
 16109  9927 7302204.64 1632  146 7412775.07 3492628.18  52.9%  18.8  561s
H16209  9927                    7412165.1309 3492628.18  52.9%  18.8  561s
H16326 10113                    7411770.8118 3492628.18  52.9%  18.8  569s
H16413 10113                    7410994.3085 3492628.18  52.9%  19.0  569s
 16512 10272 6130631.27   78  246 7410994.31 3492718.81  52.9%  18.9  577s
 16713 10468 5025521.07   62  280 7410994.31 3492729.95  52.9%  19.4  586s
 16909 10619 6511699.60  100  199 7410994.31 3492729.95  52.9%  19.7  595s
H16988 10619                    7409927.4482 3492729.95  52.9%  19.6  595s
 17074 10781 6671747.08  170  189 7409927.45 3492729.95  52.9%  19.8  604s
H17249 10952                    7409906.8668 3492729.95  52.9%  19.9  613s
H17332 10952                    7409624.3005 3492729.95  52.9%  19.9  613s
 17420 11109 6776062.64  302  172 7409624.30 3492729.95  52.9%  20.0  622s
 17619 11275 6856041.73  361  167 7409624.30 3492729.95  52.9%  20.1  627s
 17803 11439 6911031.80  429  169 7409624.30 3492729.95  52.9%  20.2  635s
H17882 11439                    7409533.8912 3492729.95  52.9%  20.2  635s
 17967 11604 6914219.09  507  164 7409533.89 3492729.95  52.9%  20.2  644s
 18132 11773 7046416.83  568  170 7409533.89 3492729.95  52.9%  20.2  654s
 18301 11941 7073631.10  638  172 7409533.89 3492729.95  52.9%  20.0  661s
H18469 12112                    7407293.6255 3492729.95  52.8%  19.9  671s
 18640 12272 7096493.15  745  158 7407293.63 3492729.95  52.8%  19.7  679s
H18712 12270                    7402125.0627 3492729.95  52.8%  19.7  679s
 18800 12442 7147505.29  791  176 7402125.06 3492729.95  52.8%  19.6  688s
 18972 12611 7111664.19  856  151 7402125.06 3492729.95  52.8%  19.4  697s
 19141 12783 7116400.32  909  158 7402125.06 3492729.95  52.8%  19.3  706s
 19313 12938 7118414.61  965  155 7402125.06 3492729.95  52.8%  19.2  715s
 19468 13110 7125343.09 1016  157 7402125.06 3492729.95  52.8%  19.1  723s
 19641 13285 7126713.11 1087  155 7402125.06 3492729.95  52.8%  19.0  732s
H19723 13275                    7388839.4638 3492729.95  52.7%  18.9  732s
 19816 13454 7127334.05 1166  147 7388839.46 3492729.95  52.7%  18.9  741s
 19995 13624 7127958.62 1242  145 7388839.46 3492729.95  52.7%  18.7  752s
H20073 13624                    7387654.5028 3492729.95  52.7%  18.7  752s
 20166 13797 7129826.60 1314  150 7387654.50 3492729.95  52.7%  18.6  760s
 20339 13932 7300326.64 1373  170 7387654.50 3505002.88  52.6%  18.5  770s
H20442 13932                    7387640.3831 3505002.88  52.6%  18.7  770s
 20532 14108 4591186.93   59  316 7387640.38 3505037.28  52.6%  18.7  778s
H20729 14284                    7387369.2802 3505037.28  52.6%  18.8  785s
 20929 14454 6854989.59   97  223 7387369.28 3517139.37  52.4%  18.8  791s
H21043 14454                    7387362.8364 3517139.37  52.4%  19.0  791s
 21133 14630 5415571.96   64  269 7387362.84 3520593.32  52.3%  18.9  800s
H21340 14789                    7384845.5152 3520593.32  52.3%  19.1  810s
 21526 14935 6494245.64   88  214 7384845.52 3521930.27  52.3%  19.3  817s
 21724 15061 4051247.86   35  372 7384845.52 3529860.07  52.2%  19.4  825s
H21964 15221                    7384670.3408 3531365.91  52.2%  19.7  833s
H22167 15379                    7384480.7861 3547224.33  52.0%  20.0  842s
 22348 15528 5025403.84   57  297 7384480.79 3551395.06  51.9%  20.2  851s
H22458 15528                    7383931.0475 3556387.66  51.8%  20.3  851s
H22541 15716                    7383929.1020 3556387.66  51.8%  20.5  860s
 22729 15897 6111894.17   87  220 7383929.10 3556387.66  51.8%  20.5  869s
H22821 15897                    7383693.5213 3556387.66  51.8%  20.5  869s
 22910 16065 7078011.95  133  180 7383693.52 3556387.66  51.8%  20.5  880s
 23080 16226 7089801.99  176  166 7383693.52 3556387.66  51.8%  20.4  888s
 23256 16366 7108968.48  221  159 7383693.52 3556387.66  51.8%  20.3  898s
 23466 16490 7109489.74  270  156 7383693.52 3556387.66  51.8%  20.2  908s
 23672 16600     cutoff  320      7383693.52 3556387.66  51.8%  20.2  916s
 23886 16680 7196071.07  374  151 7383693.52 3556387.66  51.8%  20.2  925s
 24130 16813     cutoff  445      7383693.52 3557555.17  51.8%  20.2  933s
 24334 16953 3777100.65   30  373 7383693.52 3560500.73  51.8%  20.4  941s
 24536 17078 4893761.94   58  277 7383693.52 3560500.73  51.8%  20.5  947s
H24623 17068                    7380582.3042 3560500.73  51.8%  20.5  947s
 24703 17171     cutoff  136      7380582.30 3560725.74  51.8%  20.5  954s
H24802 17171                    7380581.7015 3560725.74  51.8%  20.6  954s
 24937 17288 7297591.84  117  200 7380581.70 3560962.59  51.8%  20.6  964s
 25155 17463 5688798.12   80  248 7380581.70 3564574.86  51.7%  20.7  972s
 25342 17635 3811018.82   31  372 7380581.70 3569148.96  51.6%  20.7  979s
H25440 17630                    7379702.6022 3569148.96  51.6%  20.8  979s
 25528 17804 4674318.95   50  315 7379702.60 3569896.77  51.6%  20.7  988s
H25720 17977                    7379631.7768 3569896.77  51.6%  20.7  996s
 25901 18143 6137059.43   81  250 7379631.78 3573252.81  51.6%  20.7 1004s
H26087 18296                    7379631.1742 3573252.81  51.6%  20.7 1013s
 26274 18410 7227355.76  177  183 7379631.17 3573622.79  51.6%  20.7 1022s
 26482 18503 5501609.34   66  280 7379631.17 3573673.45  51.6%  20.7 1030s
H26577 18503                    7379617.4443 3573673.45  51.6%  20.8 1030s
H26705 18578                    7378990.4128 3573673.45  51.6%  20.9 1039s
 26948 18665 4817686.90   53  302 7378990.41 3576465.59  51.5%  21.0 1048s
H27050 18665                    7378891.0217 3576465.59  51.5%  21.1 1048s
 27191 18749 4688181.59   49  307 7378891.02 3581663.42  51.5%  21.2 1056s
 27443 18874 5370251.59   72  270 7378891.02 3582076.10  51.5%  21.3 1064s
H27544 18872                    7378564.6627 3582076.10  51.5%  21.3 1064s
H27648 19013                    7378561.7640 3582076.10  51.5%  21.3 1074s
 27841 19148 6051252.18   76  233 7378561.76 3582433.97  51.4%  21.3 1083s
H28044 19288                    7378427.9584 3582433.97  51.4%  21.3 1090s
H28134 19285                    7378194.5132 3582433.97  51.4%  21.4 1090s
 28238 19413 7233029.45  117  192 7378194.51 3583443.81  51.4%  21.3 1100s
 28444 19559 5199308.45   58  276 7378194.51 3583443.81  51.4%  21.4 1107s
 28642 19689 6896890.73  105  199 7378194.51 3583443.81  51.4%  21.4 1114s
H28731 19689                    7378187.4841 3583443.81  51.4%  21.4 1114s
 28833 19809 7227920.24  149  184 7378187.48 3584099.10  51.4%  21.4 1125s
H28929 19806                    7377662.4298 3584099.10  51.4%  21.4 1125s
 29032 19934 4295053.73   49  322 7377662.43 3586619.85  51.4%  21.4 1135s
H29137 19934                    7377636.5306 3586619.85  51.4%  21.5 1135s
 29238 20061 4587076.85   53  303 7377636.53 3586924.92  51.4%  21.4 1145s
 29437 20192 5219836.96   67  276 7377636.53 3587228.23  51.4%  21.5 1153s
H29532 20190                    7377589.2211 3587228.23  51.4%  21.5 1153s
 29636 20305 5711406.12   72  251 7377589.22 3587261.24  51.4%  21.5 1162s
H29725 20304                    7377264.0676 3587261.24  51.4%  21.6 1162s
 29805 20433 6010443.65   85  245 7377264.07 3588440.72  51.4%  21.6 1172s
 30006 20569 6276707.74   93  207 7377264.07 3588440.72  51.4%  21.6 1182s
 30196 20705 7200583.01  161  187 7377264.07 3588440.72  51.4%  21.5 1191s
 30398 20831 7281566.39  224  183 7377264.07 3592702.04  51.3%  21.4 1200s
 30608 20976 3936040.75   33  356 7377264.07 3592702.04  51.3%  21.5 1209s
H30805 21121                    7377164.3222 3592702.04  51.3%  21.5 1216s
H30905 21120                    7377070.0793 3595980.57  51.3%  21.6 1216s
 31010 21282 5756657.50   76  247 7377070.08 3595980.57  51.3%  21.5 1226s
 31228 21459 7154732.65  128  184 7377070.08 3595980.57  51.3%  21.6 1235s
 31405 21626 7178001.93  209  176 7377070.08 3595980.57  51.3%  21.6 1242s
 31594 21794 7183895.26  300  171 7377070.08 3595980.57  51.3%  21.5 1252s
 31779 21966 7235134.27  350  163 7377070.08 3595980.57  51.3%  21.6 1263s
 31955 22112 7245146.58  437  161 7377070.08 3595980.57  51.3%  21.5 1271s
 32149 22284 7249124.06  523  151 7377070.08 3595980.57  51.3%  21.5 1279s
H32337 22451                    7377020.2458 3595980.57  51.3%  21.5 1288s
 32523 22618 7258485.45  670  154 7377020.25 3595980.57  51.3%  21.5 1298s
H32710 22778                    7377017.6389 3595980.57  51.3%  21.5 1308s
 32897 22940 7279771.41  846  149 7377017.64 3595980.57  51.3%  21.5 1315s
 33071 23100 7282336.41  935  147 7377017.64 3615445.54  51.0%  21.5 1324s
H33271 23270                    7376922.2414 3615445.54  51.0%  21.6 1334s
H33464 23427                    7376920.7060 3615445.54  51.0%  21.6 1344s
 33664 23594 7070824.03  186  177 7376920.71 3615445.54  51.0%  21.5 1353s
H33870 23780                    7376913.6770 3615445.54  51.0%  21.5 1363s
 34064 23952 7167681.92  321  163 7376913.68 3615445.54  51.0%  21.5 1374s
 34262 24114 7170445.71  397  162 7376913.68 3615445.54  51.0%  21.6 1384s
 34464 24285 7213335.81  448  157 7376913.68 3615445.54  51.0%  21.6 1391s
 34657 24438 7214352.42  537  154 7376913.68 3621488.75  50.9%  21.6 1401s
 34862 24564 4353623.15   41  336 7376913.68 3625083.44  50.9%  21.7 1409s
H35023 24722                    7376615.2239 3627525.34  50.8%  21.8 1418s
 35210 24881 4447205.14   48  329 7376615.22 3629673.02  50.8%  21.9 1427s
 35402 25033 5257431.62   64  295 7376615.22 3630530.39  50.8%  22.0 1436s
 35587 25204 5313051.81   69  253 7376615.22 3631636.16  50.8%  22.0 1445s
 35770 25365 7267891.09  145  185 7376615.22 3631636.16  50.8%  22.0 1455s
 35944 25529 7278573.99  201  185 7376615.22 3631636.16  50.8%  22.0 1462s
 36116 25668 7282944.03  256  182 7376615.22 3634071.59  50.7%  21.9 1472s
 36307 25845 4282814.45   46  325 7376615.22 3634544.03  50.7%  22.1 1481s
 36486 25975 6469648.46   93  218 7376615.22 3634904.92  50.7%  22.2 1490s
 36685 26144 5181209.19   63  286 7376615.22 3637402.72  50.7%  22.3 1497s
 36876 26318 5300833.74   66  268 7376615.22 3637803.54  50.7%  22.4 1505s
 37050 26522 5953317.98   80  236 7376615.22 3637803.54  50.7%  22.4 1515s
 37254 26679 7029190.25  100  209 7376615.22 3637840.11  50.7%  22.4 1524s
 37467 26852 3948740.42   32  375 7376615.22 3640319.95  50.7%  22.4 1531s
H37654 27025                    7376567.0741 3640319.95  50.7%  22.4 1539s
 37840 27172 5584818.27   59  285 7376567.07 3641164.54  50.6%  22.5 1547s
H38034 27346                    7376565.4438 3646014.48  50.6%  22.6 1554s
H38208 27493                    7376524.9875 3646014.48  50.6%  22.5 1564s
 38399 27668 5929481.76   74  251 7376524.99 3648898.66  50.5%  22.6 1572s
 38599 27823 7148576.94   98  213 7376524.99 3651397.93  50.5%  22.7 1579s
H38810 27988                    7376523.2294 3655126.46  50.4%  22.8 1587s
 38979 28159 6669413.74  117  198 7376523.23 3655126.46  50.4%  22.9 1595s
 39156 28308 7020279.01  181  188 7376523.23 3655126.46  50.4%  22.9 1602s
 39339 28445     cutoff  240      7376523.23 3660125.60  50.4%  22.9 1610s
 39524 28632 5023898.88   50  295 7376523.23 3661382.65  50.4%  23.1 1618s
 39720 28811 4927552.81   54  287 7376523.23 3661382.65  50.4%  23.1 1626s
H39810 28811                    7376409.1996 3661382.65  50.4%  23.1 1626s
 39907 28972 7227491.45  138  189 7376409.20 3663005.32  50.3%  23.1 1634s
 40103 29163 5749314.98   77  252 7376409.20 3663129.60  50.3%  23.2 1643s
 40294 29333 7160475.39  126  196 7376409.20 3663129.60  50.3%  23.3 1653s
 40470 29503 7277463.55  195  183 7376409.20 3663129.60  50.3%  23.2 1660s
H40551 29503                    7376381.7733 3663129.60  50.3%  23.2 1660s
 40641 29653 7277085.66  258  177 7376381.77 3663728.66  50.3%  23.1 1670s
 40833 29812 3837840.48   36  366 7376381.77 3663728.66  50.3%  23.1 1678s
 41014 29970 7278832.90  118  195 7376381.77 3663805.61  50.3%  23.1 1687s
 41217 30124 3792136.37   34  372 7376381.77 3665182.24  50.3%  23.1 1696s
 41411 30277 4370807.23   46  321 7376381.77 3666617.99  50.3%  23.2 1706s
 41598 30426 7247526.38  125  200 7376381.77 3668337.12  50.3%  23.2 1712s
 41797 30597 4153906.14   36  358 7376381.77 3671600.59  50.2%  23.3 1720s
 41984 30774 5668804.58   69  263 7376381.77 3674474.11  50.2%  23.4 1727s
 42184 30932 5102117.02   63  262 7376381.77 3674474.11  50.2%  23.5 1734s
 42372 31075 6992719.84  140  192 7376381.77 3676738.71  50.2%  23.5 1743s
H42457 31075                    7376358.6146 3676738.71  50.2%  23.5 1743s
H42552 31241                    7376356.8564 3677009.25  50.2%  23.6 1752s
 42750 31392 5606110.38   71  260 7376356.86 3679458.01  50.1%  23.6 1762s
H42848 31383                    7375533.6473 3679458.01  50.1%  23.7 1762s
 42949 31540 5797348.72   73  265 7375533.65 3679544.18  50.1%  23.7 1770s
H43052 31538                    7375276.0358 3679544.18  50.1%  23.8 1770s
 43157 31702 6788212.64   90  222 7375276.04 3680418.72  50.1%  23.8 1780s
H43249 31702                    7375275.9595 3680418.72  50.1%  23.9 1780s
 43347 31866     cutoff  107      7375275.96 3682055.99  50.1%  23.9 1789s
H43348 31866                    7375274.1747 3682055.99  50.1%  23.9 1789s
 43541 32030     cutoff  105      7375274.17 3682251.06  50.1%  24.0 1798s
 43727 32196 6966368.99  119  195 7375274.17 3682361.42  50.1%  24.0 1806s
 43911 32355 7093736.62  205  171 7375274.17 3682361.42  50.1%  24.0 1815s
 44097 32531 7210082.23  290  170 7375274.17 3682361.42  50.1%  24.0 1823s
 44273 32708 7211656.83  376  151 7375274.17 3682361.42  50.1%  24.0 1832s
H44458 32869                    7375174.2599 3682361.42  50.1%  24.0 1840s
 44651 33032 7217069.28  552  147 7375174.26 3683843.28  50.1%  23.9 1849s
H44749 33032                    7374960.2953 3683843.28  50.0%  24.0 1849s
 44850 33232 5377791.71   65  265 7374960.30 3683989.52  50.0%  24.0 1859s
H45050 33392                    7374705.1149 3683989.52  50.0%  24.0 1869s
 45232 33586 7151166.89  174  184 7374705.11 3683989.52  50.0%  24.0 1879s
 45427 33769 7200062.57  236  174 7374705.11 3683989.52  50.0%  24.0 1889s
 45630 33939 7218376.41  311  157 7374705.11 3683989.52  50.0%  24.0 1898s
 45834 34082     cutoff  380      7374705.11 3686768.70  50.0%  24.0 1906s
 46041 34245 7307650.59   98  206 7374705.11 3689944.77  50.0%  24.1 1914s
 46237 34417 4037506.52   37  345 7374705.11 3693673.04  49.9%  24.2 1924s
 46431 34611 4542788.13   44  329 7374705.11 3695434.64  49.9%  24.2 1935s
 46625 34787 6788674.81   88  186 7374705.11 3696191.56  49.9%  24.3 1943s
 46839 34948 6508443.91   92  225 7374705.11 3696584.41  49.9%  24.3 1951s
 47032 35134 5150067.99   61  286 7374705.11 3698078.51  49.9%  24.4 1961s
 47237 35315 4555039.62   50  303 7374705.11 3698511.75  49.8%  24.5 1971s
 47437 35493 6348444.37   97  214 7374705.11 3698511.75  49.8%  24.5 1979s
 47627 35663 7292418.56  144  203 7374705.11 3698511.75  49.8%  24.5 1989s
 47810 35823 7033460.69  189  174 7374705.11 3698511.75  49.8%  24.6 1999s
 47988 36011 7064478.77  234  164 7374705.11 3698511.75  49.8%  24.6 2010s
 48176 36140 7069087.65  279  153 7374705.11 3699204.77  49.8%  24.6 2020s
 48381 36304 5330695.10   57  294 7374705.11 3700356.02  49.8%  24.7 2029s
 48583 36468 6224932.55   78  248 7374705.11 3701250.64  49.8%  24.8 2037s
 48786 36629 5131299.54   71  269 7374705.11 3702719.72  49.8%  24.9 2046s
 48984 36753 7316461.87  133  194 7374705.11 3702921.24  49.8%  25.0 2055s
H49094 36750                    7374448.7226 3702921.24  49.8%  25.0 2055s
 49197 36898 4116761.36   38  346 7374448.72 3703546.80  49.8%  25.0 2061s
 49397 37097 4807932.65   53  304 7374448.72 3703548.67  49.8%  25.1 2070s
 49596 37244 6504389.36   93  223 7374448.72 3703719.07  49.8%  25.1 2079s
H49697 37244                    7374446.8616 3703719.07  49.8%  25.1 2079s
 49785 37396 4930701.23   57  283 7374446.86 3704745.25  49.8%  25.1 2090s
 49961 37572 4087876.27   38  340 7374446.86 3705101.45  49.8%  25.1 2099s
 50164 37686 5155864.69   68  284 7374446.86 3706040.16  49.7%  25.1 2109s
 50335 37847 5283528.73   64  277 7374446.86 3706187.76  49.7%  25.1 2119s
 50523 38022 5565540.72   81  250 7374446.86 3707940.86  49.7%  25.2 2127s
 50712 38189 5948451.37   81  250 7374446.86 3709070.71  49.7%  25.3 2136s
 50904 38387 5565019.83   73  253 7374446.86 3709690.88  49.7%  25.3 2146s
H51009 38387                    7374438.1355 3709690.88  49.7%  25.3 2146s
 51106 38516 infeasible  105      7374438.14 3710069.39  49.7%  25.4 2155s
 51301 38683 3920040.78   37  346 7374438.14 3713070.68  49.6%  25.4 2164s
H51492 38848                    7374412.7074 3713097.80  49.6%  25.5 2171s
 51681 39018 4006917.97   36  355 7374412.71 3715353.34  49.6%  25.5 2181s
 51882 39195 4190516.54   35  361 7374412.71 3716052.59  49.6%  25.6 2191s
 52071 39361 5664025.06   66  280 7374412.71 3716390.35  49.6%  25.6 2201s
H52277 39521                    7374393.2955 3716460.95  49.6%  25.7 2209s
H52473 39682                    7374391.4657 3718418.20  49.6%  25.8 2217s
 52666 39843 6306061.57   87  246 7374391.47 3721593.11  49.5%  25.8 2227s
 52867 39984 6262459.77   92  223 7374391.47 3722725.89  49.5%  25.9 2235s
H52964 39984                    7374355.8877 3722725.89  49.5%  25.9 2235s
 53083 40162 5876222.47   76  251 7374355.89 3722964.96  49.5%  25.9 2244s
H53174 40162                    7374355.2110 3722964.96  49.5%  26.0 2244s
 53275 40317 6029163.69   88  234 7374355.21 3723245.70  49.5%  26.0 2254s
 53452 40489 5966745.50   76  251 7374355.21 3723902.03  49.5%  26.0 2262s
 53645 40658 6397635.47   95  217 7374355.21 3724131.57  49.5%  26.0 2272s
 53836 40832 6097259.49   83  242 7374355.21 3724862.30  49.5%  26.0 2282s
 54023 41003 7239932.04  101  205 7374355.21 3725006.67  49.5%  26.0 2293s
 54213 41188 4180774.54   43  324 7374355.21 3725006.67  49.5%  26.0 2302s
 54418 41345     cutoff  102      7374355.21 3726089.61  49.5%  26.0 2311s
 54607 41515 4275960.99   44  335 7374355.21 3726475.30  49.5%  26.1 2323s
 54789 41698 4582642.63   49  304 7374355.21 3726475.30  49.5%  26.1 2335s
 54972 41888 6595170.98  100  203 7374355.21 3726475.30  49.5%  26.0 2344s
 55162 42073 7071749.71  150  175 7374355.21 3726475.30  49.5%  26.0 2356s
 55347 42240 7104775.47  234  160 7374355.21 3726475.30  49.5%  25.9 2364s
 55514 42415 7107401.19  306  151 7374355.21 3726475.30  49.5%  25.9 2375s
 55693 42592 7107891.97  386  140 7374355.21 3726475.30  49.5%  25.8 2385s
 55877 42774 7108315.31  430  138 7374355.21 3726475.30  49.5%  25.7 2393s
 56061 42950 7109043.48  495  135 7374355.21 3726475.30  49.5%  25.7 2405s
 56244 43128 7109586.99  560  136 7374355.21 3726475.30  49.5%  25.6 2414s
 56425 43307 7110755.92  629  136 7374355.21 3726475.30  49.5%  25.5 2425s
 56609 43483 7110712.76  685  135 7374355.21 3726475.30  49.5%  25.5 2436s
H56797 43648                    7374334.5040 3726475.30  49.5%  25.4 2446s
 56990 43826 7160480.08  815  147 7374334.50 3726475.30  49.5%  25.3 2457s
 57170 43980 7161515.62  901  142 7374334.50 3726812.52  49.5%  25.3 2467s
H57290 43977                    7373954.6866 3726812.52  49.5%  25.3 2467s
H57374 44152                    7373954.4302 3726812.52  49.5%  25.2 2478s
 57557 44331 6843680.67   87  231 7373954.43 3726920.21  49.5%  25.2 2489s
 57744 44499 5917165.81   73  262 7373954.43 3727169.42  49.5%  25.2 2498s
H57843 44499                    7373954.0716 3727169.42  49.5%  25.3 2498s
 57928 44672 5617920.45   69  271 7373954.07 3727572.89  49.4%  25.2 2510s
 58125 44787 3968541.13   36  344 7373954.07 3727572.89  49.4%  25.2 2518s
 58340 44921 infeasible  108      7373954.07 3727736.39  49.4%  25.3 2527s
 58543 45089 6830442.64  100  206 7373954.07 3728225.58  49.4%  25.3 2537s
 58745 45256 7216877.40  109  196 7373954.07 3728555.05  49.4%  25.4 2547s
 58939 45448 5883893.33   79  242 7373954.07 3728797.74  49.4%  25.4 2555s
 59139 45587     cutoff  112      7373954.07 3728889.89  49.4%  25.5 2563s
 59339 45763 4641578.11   49  299 7373954.07 3730373.35  49.4%  25.6 2571s
 59542 45932 5729200.56   72  256 7373954.07 3730914.58  49.4%  25.6 2581s
 59755 46091 6072159.62   80  249 7373954.07 3732428.93  49.4%  25.7 2590s
 59954 46249 5834845.35   82  241 7373954.07 3733449.99  49.4%  25.7 2601s
 60189 46407 5069897.74   58  291 7373954.07 3733993.90  49.4%  25.7 2612s
 60396 46565 5674136.10   68  268 7373954.07 3735240.13  49.3%  25.8 2622s
 60607 46736 6436468.76   88  223 7373954.07 3737397.70  49.3%  25.8 2631s
 60797 46830     cutoff  106      7373954.07 3737905.84  49.3%  25.9 2638s
 61040 46985 4132835.84   36  357 7373954.07 3738374.79  49.3%  25.9 2647s
 61254 47171 4959086.83   57  282 7373954.07 3738746.53  49.3%  26.0 2657s
H61347 47171                    7373936.3126 3738746.53  49.3%  26.0 2657s
H61458 47325                    7373681.5029 3738746.53  49.3%  26.1 2668s
 61653 47461 6550890.46   72  242 7373681.50 3740356.62  49.3%  26.1 2674s
H61764 47461                    7373679.9317 3740356.62  49.3%  26.2 2674s
H61876 47621                    7373669.6409 3740395.26  49.3%  26.2 2683s
H62079 47768                    7373661.4212 3740656.76  49.3%  26.3 2694s
H62171 47768                    7373369.5467 3740939.39  49.3%  26.3 2694s
H62281 47929                    7373369.5294 3741133.83  49.3%  26.3 2704s
 62470 48114 5043322.99   63  277 7373369.53 3742412.04  49.2%  26.4 2715s
 62655 48306 7051975.40  108  196 7373369.53 3742412.04  49.2%  26.4 2727s
H62851 48496                    7373270.8906 3742412.04  49.2%  26.3 2735s
 63041 48672 7122318.08  275  184 7373270.89 3742412.04  49.2%  26.2 2746s
 63225 48845 7196525.01  339  155 7373270.89 3742412.04  49.2%  26.2 2755s
 63413 49001 7198074.08  410  142 7373270.89 3742412.04  49.2%  26.1 2766s
 63627 49160 7200162.57  507  141 7373270.89 3742773.88  49.2%  26.1 2775s
 63825 49328 6026073.70   92  237 7373270.89 3743617.34  49.2%  26.1 2785s
 64044 49454 6374165.86   94  208 7373270.89 3743649.86  49.2%  26.2 2795s
 64247 49611 7178874.09  149  184 7373270.89 3743689.60  49.2%  26.2 2802s
H64460 49746                    7373270.2139 3744026.97  49.2%  26.3 2811s
 64656 49936 4491034.82   47  313 7373270.21 3744218.33  49.2%  26.4 2821s
 64846 50115 6723597.05   95  217 7373270.21 3744654.99  49.2%  26.4 2832s
 65041 50291 5563939.02   80  247 7373270.21 3744817.72  49.2%  26.4 2844s
 65233 50438 4186511.59   39  341 7373270.21 3745071.91  49.2%  26.4 2852s
 65425 50558 4240697.05   44  322 7373270.21 3745480.12  49.2%  26.4 2861s
 65661 50652 5035345.91   66  281 7373270.21 3745579.66  49.2%  26.5 2872s
H65759 50652                    7373146.2477 3745579.66  49.2%  26.5 2872s
 65885 50758 5765533.36   83  241 7373146.25 3746668.86  49.2%  26.4 2884s
H66146 50846                    7373145.5710 3746668.86  49.2%  26.4 2895s
 66386 50936 4804475.75   54  306 7373145.57 3747911.10  49.2%  26.4 2903s
 66652 51056 4994664.33   54  294 7373145.57 3749092.10  49.2%  26.4 2913s
 66863 51231 5538424.49   72  255 7373145.57 3749475.05  49.1%  26.5 2921s
 67063 51386     cutoff  106      7373145.57 3749790.06  49.1%  26.5 2931s
 67248 51545 6978048.33  106  207 7373145.57 3751043.41  49.1%  26.6 2941s
H67357 51545                    7373141.6633 3751043.41  49.1%  26.6 2941s
H67471 51699                    7373140.9867 3752152.66  49.1%  26.6 2951s
 67656 51863 4425062.28   48  327 7373140.99 3752756.09  49.1%  26.6 2961s
 67858 52061 4261940.24   40  339 7373140.99 3753580.77  49.1%  26.7 2971s
 68056 52208 6669663.47   87  223 7373140.99 3754112.99  49.1%  26.7 2981s
 68277 52368 4298117.19   38  346 7373140.99 3754581.22  49.1%  26.8 2990s
 68481 52550 5724657.53   69  270 7373140.99 3755310.31  49.1%  26.9 3000s
 68693 52692 7118159.82   99  212 7373140.99 3755901.19  49.1%  26.9 3008s
 68880 52886 3802458.46   33  364 7373140.99 3757400.26  49.0%  26.9 3020s
 69088 53063 6255303.55   90  221 7373140.99 3757400.26  49.0%  26.9 3030s
 69277 53244 7189986.26  139  177 7373140.99 3757400.26  49.0%  26.9 3042s
 69470 53382 7214933.99  224  173 7373140.99 3757400.26  49.0%  26.9 3051s
 69679 53501 7258910.59  299  173 7373140.99 3757400.26  49.0%  26.9 3062s
 69883 53647 7281348.15  383  161 7373140.99 3758656.52  49.0%  26.9 3071s
 70079 53839 5309603.63   72  260 7373140.99 3758794.87  49.0%  26.9 3081s
 70275 53999 7345774.71  121  199 7373140.99 3758794.87  49.0%  26.9 3090s
 70486 54163 6912824.20  170  181 7373140.99 3759209.60  49.0%  27.0 3099s
 70711 54307 4074393.24   37  336 7373140.99 3760532.84  49.0%  27.0 3107s
H70889 54460                    7373123.1083 3760685.59  49.0%  27.1 3117s
H70950 54459                    7372727.2088 3760685.59  49.0%  27.0 3117s
 71044 54582 6116006.45   99  224 7372727.21 3760751.47  49.0%  27.0 3125s
 71240 54711 4531127.78   43  339 7372727.21 3761057.86  49.0%  27.0 3135s
 71469 54879 4950347.79   55  290 7372727.21 3761981.78  49.0%  27.0 3145s
H71665 55043                    7372726.5322 3762357.07  49.0%  27.1 3155s
 71859 55191 5873859.31   84  239 7372726.53 3763249.57  49.0%  27.1 3163s
 72055 55375 4364360.53   43  343 7372726.53 3763491.20  49.0%  27.1 3170s
 72242 55536 6425952.51   80  228 7372726.53 3763550.19  49.0%  27.1 3181s
 72438 55700 5756604.36   82  246 7372726.53 3764138.83  48.9%  27.2 3191s
 72635 55885 5173219.78   59  282 7372726.53 3764683.21  48.9%  27.2 3203s
 72838 56041 3976801.23   34  355 7372726.53 3764683.21  48.9%  27.2 3211s
 73024 56187 7258683.39  119  185 7372726.53 3764778.29  48.9%  27.2 3221s
 73243 56337 7325555.88  101  204 7372726.53 3765275.21  48.9%  27.2 3230s
 73446 56511 3968624.05   35  373 7372726.53 3765679.15  48.9%  27.2 3239s
 73654 56681 4716281.26   55  306 7372726.53 3765717.84  48.9%  27.2 3250s
 73836 56860 6956049.33  135  199 7372726.53 3765717.84  48.9%  27.3 3261s
 74015 57004 7250792.73  202  184 7372726.53 3765896.75  48.9%  27.3 3271s
 74217 57164 4291988.84   43  335 7372726.53 3765896.75  48.9%  27.3 3283s
 74417 57304     cutoff  113      7372726.53 3766078.45  48.9%  27.3 3292s
 74617 57467 4464249.35   45  315 7372726.53 3768595.41  48.9%  27.4 3302s
 74814 57636 5125212.92   57  306 7372726.53 3768931.62  48.9%  27.4 3309s
 75015 57779 5775231.71   77  257 7372726.53 3769349.33  48.9%  27.4 3319s
 75209 57947 5708651.10   75  260 7372726.53 3769544.10  48.9%  27.5 3326s
 75404 58092 5225426.74   67  273 7372726.53 3769745.32  48.9%  27.5 3335s
 75577 58242 7202737.17  134  189 7372726.53 3770130.19  48.9%  27.5 3342s
 75779 58417 5209125.36   64  277 7372726.53 3770462.86  48.9%  27.5 3351s
 75990 58572 6992565.87   88  222 7372726.53 3771140.05  48.9%  27.5 3359s
 76169 58723 7032374.72  105  203 7372726.53 3771908.33  48.8%  27.6 3368s
 76367 58918 5705506.13   75  244 7372726.53 3772275.99  48.8%  27.6 3379s
 76580 59067 7238417.10  125  193 7372726.53 3772543.83  48.8%  27.6 3387s
 76775 59237 5420518.21   67  270 7372726.53 3773083.12  48.8%  27.7 3394s
 76958 59401 5275724.17   63  295 7372726.53 3773479.33  48.8%  27.7 3403s
 77157 59581 5072256.09   60  284 7372726.53 3773690.16  48.8%  27.7 3412s
 77351 59735 3949717.63   36  350 7372726.53 3773780.56  48.8%  27.8 3418s
 77545 59956 4658244.70   47  322 7372726.53 3773942.99  48.8%  27.8 3429s
 77786 60153 5543929.65   76  257 7372726.53 3774102.03  48.8%  27.8 3440s
 77985 60295 infeasible  110      7372726.53 3774181.36  48.8%  27.8 3450s
 78182 60476 4364386.99   42  334 7372726.53 3775250.25  48.8%  27.8 3460s
 78387 60649 4587741.55   45  327 7372726.53 3775250.52  48.8%  27.9 3468s
 78570 60798 7154425.01   83  225 7372726.53 3775773.86  48.8%  27.9 3479s
 78757 60941 7046101.48   98  207 7372726.53 3775787.91  48.8%  27.9 3490s
 78962 61099 3998878.13   36  349 7372726.53 3776230.30  48.8%  27.9 3498s
 79151 61278 4210222.29   44  318 7372726.53 3776230.30  48.8%  27.9 3509s
H79350 61426                    7372709.9935 3776230.30  48.8%  27.9 3519s
 79547 61563 5653167.85   70  279 7372709.99 3776766.91  48.8%  28.0 3527s
 79760 61726 5326548.87   67  274 7372709.99 3777198.01  48.8%  28.0 3534s
 79961 61891 5858297.65   78  248 7372709.99 3777667.92  48.8%  28.1 3543s
 80144 62069 6651955.48   87  217 7372709.99 3778099.90  48.8%  28.1 3553s
H80252 62069                    7372709.3169 3778099.90  48.8%  28.1 3553s
 80351 62229     cutoff  116      7372709.32 3779474.76  48.7%  28.1 3564s
 80549 62392 7027632.37  112  195 7372709.32 3780037.19  48.7%  28.1 3572s
 80751 62560 6257650.27   86  233 7372709.32 3781058.88  48.7%  28.2 3579s
 80935 62745 6566301.57   90  222 7372709.32 3781377.81  48.7%  28.1 3587s
 81132 62902 6661371.22  103  210 7372709.32 3781660.09  48.7%  28.1 3595s
 81331 62947 6048151.32   88  217 7372709.32 3781679.11  48.7%  28.1 3600s
H81361 62947                    7372708.4245 3781679.11  48.7%  28.1 3600s

Cutting planes:
  Implied bound: 19
  MIR: 158
  StrongCG: 2
  Flow cover: 324
  RLT: 48

Explored 81376 nodes (2290453 simplex iterations) in 3600.08 seconds (1423.04 work units)
Thread count was 2 (of 24 available processors)

Solution count 10: 7.37271e+06 7.37271e+06 7.37273e+06 ... 7.37367e+06

Time limit reached
Best objective 7.372708424465e+06, best bound 3.781679110316e+06, gap 48.7071%
