
Gurobi 11.0.3 (linux64, Java) logging started ter 05 nov 2024 18:08:47 -03

Set parameter Username
Academic license - for non-commercial use only - expires 2025-10-10
Warning: Gurobi version mismatch between Java 11.0.1 and C library 11.0.3
Warning: Gurobi version mismatch between Java 11.0.1 and Jni 11.0.3
Set parameter NonConvex to value 2
Set parameter TimeLimit to value 3600
Set parameter LogToConsole to value 0
Set parameter MIPGap to value 4.7300647268466746e-08
Set parameter Threads to value 2
Set parameter NodefileDir to value "/home/ps12398/goal_programming/goalProgrammingMarcos/"
Set parameter NodefileStart to value 1
Gurobi Optimizer version 11.0.3 build v11.0.3rc0 (linux64)

CPU model: Intel(R) Xeon(R) CPU           X5650  @ 2.67GHz, instruction set [SSE2]
Thread count: 12 physical cores, 24 logical processors, using up to 2 threads

Optimize a model with 61275 rows, 41336 columns and 205069 nonzeros
Model fingerprint: 0x09f6d8fb
Model has 148 quadratic constraints
Variable types: 20598 continuous, 20738 integer (143 binary)
Coefficient statistics:
  Matrix range     [7e-03, 6e+06]
  QMatrix range    [7e-03, 1e+05]
  QLMatrix range   [1e+00, 1e+05]
  Objective range  [1e+00, 4e+07]
  Bounds range     [1e+00, 1e+08]
  RHS range        [1e+00, 4e+05]
  QRHS range       [3e-03, 3e-03]
Presolve removed 60525 rows and 40414 columns
Presolve time: 0.14s
Presolved: 1811 rows, 1245 columns, 54298 nonzeros
Presolved model has 2 SOS constraint(s)
Presolved model has 143 bilinear constraint(s)

Solving non-convex MIQCP

Variable types: 524 continuous, 721 integer (145 binary)
Found heuristic solution: objective 1.481500e+07

Root relaxation: objective 0.000000e+00, 268 iterations, 0.02 seconds (0.01 work units)

    Nodes    |    Current Node    |     Objective Bounds      |     Work
 Expl Unexpl |  Obj  Depth IntInf | Incumbent    BestBd   Gap | It/Node Time

     0     0    0.00000    0  246 1.4815e+07    0.00000   100%     -    0s
H    0     0                    1.466344e+07    0.00000   100%     -    0s
     0     0 718742.662    0  336 1.4663e+07 718742.662  95.1%     -    0s
H    0     0                    1.226763e+07 747930.013  93.9%     -    0s
     0     0 747930.013    0  339 1.2268e+07 747930.013  93.9%     -    0s
     0     0 810310.424    0  379 1.2268e+07 810310.424  93.4%     -    0s
     0     0 811020.965    0  385 1.2268e+07 811020.965  93.4%     -    1s
     0     0 978021.101    0  361 1.2268e+07 978021.101  92.0%     -    1s
H    0     0                    1.109154e+07 993935.844  91.0%     -    1s
H    0     0                    1.017153e+07 993935.844  90.2%     -    1s
     0     0 1000882.89    0  366 1.0172e+07 1000882.89  90.2%     -    1s
     0     0 1067912.31    0  362 1.0172e+07 1067912.31  89.5%     -    1s
     0     0 1076227.25    0  362 1.0172e+07 1076227.25  89.4%     -    1s
     0     0 1076227.25    0  370 1.0172e+07 1076227.25  89.4%     -    1s
     0     0 1076227.25    0  370 1.0172e+07 1076227.25  89.4%     -    2s
H    0     0                    9237375.7540 1076227.25  88.3%     -    2s
     0     2 1076227.25    0  370 9237375.75 1076227.25  88.3%     -    2s
H   32    36                    9236634.8210 1117585.75  87.9%  31.1    2s
H   63    66                    9159885.4384 1117585.75  87.8%  27.4    2s
H  101   108                    9087135.1029 1117585.75  87.7%  21.9    2s
H  127   133                    8966252.3150 1117585.75  87.5%  20.0    3s
H  348   361                    8870492.8804 1117585.75  87.4%  20.6    4s
H  450   452                    8807549.9394 1117585.75  87.3%  16.2    4s
   551   610 6036616.02  197  185 8807549.94 1117585.75  87.3%  13.3    5s
H  817   819                    8133296.6712 1117585.75  86.3%   9.4    5s
H 1456  1459                    8109514.4434 1117585.75  86.2%   5.8    6s
H 1642  1716                    8108708.7461 1117585.75  86.2%   5.3    7s
H 2162  2210                    8105889.2942 1117585.75  86.2%   4.3    8s
H 2932  2984                    8088742.1092 1117585.75  86.2%   3.5    9s
  3190  3373 6412921.94 1536  169 8088742.11 1117585.75  86.2%   3.4   10s
H 3722  3723                    8084214.7636 1117585.75  86.2%   3.2   11s
H 3724  3538                    8019840.6115 1117585.75  86.1%   3.2   12s
H 3727  3363                    7573025.3185 1203670.57  84.1%   3.2   12s
H 3734  3199                    7562407.0983 1215051.75  83.9%   3.2   13s
  3753  3212 6167973.74  769  242 7562407.10 1378391.34  81.8%   3.2   15s
H 3761  3055                    7338553.2073 1420089.23  80.6%   3.2   15s
H 3791  2920                    7039981.2988 1520854.96  78.4%   3.2   17s
H 3809  2784                    7034068.0218 1534495.37  78.2%   3.1   18s
  3826  2797 6157919.21  568  234 7034068.02 1536271.99  78.2%   4.5   20s
H 3827  2658                    7010016.2399 1536271.99  78.1%   4.5   20s
H 3835  2529                    7006183.8971 1541843.44  78.0%   4.5   21s
  3870  2555 1942126.93   28  365 7006183.90 1569739.59  77.6%   5.8   25s
H 3925  2466                    6871940.3388 1569739.59  77.2%   6.6   27s
H 3929  2346                    6794272.9520 1569739.59  76.9%   6.6   27s
H 3953  2251                    6767782.6715 1569739.59  76.8%   6.9   29s
  3959  2257 2718894.30   50  318 6767782.67 1569739.59  76.8%   6.9   30s
H 4016  2181                    6760151.9990 1569739.59  76.8%   7.4   32s
H 4018  2080                    6729178.5296 1569739.59  76.7%   7.4   33s
  4050  2107 3392130.22   72  268 6729178.53 1569739.59  76.7%   7.6   35s
H 4075  2018                    6677883.3063 1569739.59  76.5%   7.7   36s
H 4103  1948                    6677493.9770 1569739.59  76.5%   7.9   38s
H 4105  1859                    6675440.1793 1569739.59  76.5%   7.9   38s
  4121  1878 4373929.96   88  231 6675440.18 1569739.59  76.5%   8.0   40s
H 4133  1799                    6634118.1797 1569739.59  76.3%   8.1   41s
H 4169  1734                    6625529.9442 1569739.59  76.3%   8.5   44s
  4170  1751 4310769.43   98  230 6625529.94 1569739.59  76.3%   8.5   45s
H 4205  1684                    6625230.1662 1569739.59  76.3%   8.7   46s
H 4249  1652                    6623757.5330 1569739.59  76.3%   8.7   49s
  4263  1676 5710317.16  120  192 6623757.53 1569739.59  76.3%   8.7   51s
H 4341  1643                    6587982.7780 1569739.59  76.2%   8.6   54s
  4354  1672 5726723.84  144  180 6587982.78 1569739.59  76.2%   8.6   56s
H 4367  1603                    6587198.2121 1569739.59  76.2%   8.6   56s
H 4430  1598                    6577781.0579 1569739.59  76.1%   8.6   59s
  4465  1627 5737700.79  171  176 6577781.06 1569739.59  76.1%   8.6   61s
H 4492  1559                    6577780.2534 1569739.59  76.1%   8.6   61s
  4545  1624 5745148.40  190  176 6577780.25 1569739.59  76.1%   8.7   65s
  4685  1718 5789727.92  226  166 6577780.25 1569739.59  76.1%   8.7   71s
H 4713  1652                    6554145.9915 1569739.59  76.0%   8.6   71s
H 4739  1641                    6551639.8163 1569739.59  76.0%   8.6   74s
  4781  1678 5827953.77  250  160 6551639.82 1569739.59  76.0%   8.7   76s
H 4815  1596                    6497133.7538 1569739.59  75.8%   8.7   76s
  4892  1646 5809124.60  277  163 6497133.75 1569739.59  75.8%   8.7   81s
H 4987  1609                    6464863.0877 1569739.59  75.7%   8.8   84s
  5021  1644 5807536.10  307  160 6464863.09 1569739.59  75.7%   8.9   87s
H 5051  1582                    6442457.3116 1569739.59  75.6%   9.0   87s
H 5083  1569                    6421539.6532 1569739.59  75.6%   9.2   90s
H 5236  1587                    6421538.8487 1569739.59  75.6%   9.3   96s
  5391  1649 5808601.99  386  160 6421538.85 1569739.59  75.6%   9.4  101s
  5561  1722 5809090.93  421  160 6421538.85 1569739.59  75.6%   9.5  106s
H 5656  1715                    6420358.9648 1569739.59  75.6%   9.5  110s
  5850  1794 6371165.93  480  166 6420358.96 1569739.59  75.6%   9.7  116s
H 5892  1742                    6416494.1383 1569739.59  75.5%   9.7  116s
H 5950  1796                    6416407.8959 1569739.59  75.5%   9.7  119s
H 5997  1796                    6415579.0449 1569739.59  75.5%   9.7  119s
  6056  1873 6374183.95  524  166 6415579.04 1569739.59  75.5%   9.8  121s
  6281  2039 5817599.60  571  160 6415579.04 1569739.59  75.5%   9.9  127s
H 6333  2039                    6410383.4357 1569739.59  75.5%   9.9  127s
H 6401  2131                    6409719.6736 1569739.59  75.5%   9.9  130s
  6666  2328 5812261.69  654  160 6409719.67 1569739.59  75.5%   9.9  139s
H 6806  2432                    6409707.0781 1569739.59  75.5%   9.9  144s
H 6869  2432                    6409346.8742 1569739.59  75.5%   9.9  144s
  6952  2537 5873671.30  714  166 6409346.87 1569739.59  75.5%   9.9  149s
H 7016  2537                    6406269.7437 1569739.59  75.5%   9.9  149s
  7099  2647 5813520.07  746  160 6406269.74 1569739.59  75.5%   9.9  155s
H 7421  2887                    6405880.8226 1569739.59  75.5%   9.9  164s
H 7593  3015                    6401127.9207 1569739.59  75.5%   9.9  170s
H 7772  3176                    6396492.8227 1569739.59  75.5%   9.9  176s
H 7937  3346                    6396489.1500 1569739.59  75.5%   9.8  181s
  8111  3524 5822289.58  967  160 6396489.15 1569739.59  75.5%   9.7  187s
H 8197  3524                    6396328.1131 1569739.59  75.5%   9.7  187s
H 8291  3704                    6394881.0237 1569739.59  75.5%   9.6  195s
H 8483  3883                    6388957.9828 1569739.59  75.4%   9.5  202s
  8681  4078 5847806.09 1099  166 6388957.98 1569739.59  75.4%   9.5  209s
  8896  4254 5821622.63 1148  160 6388957.98 1569739.59  75.4%   9.4  215s
H 8992  4254                    6388955.5762 1569739.59  75.4%   9.4  215s
  9122  4456 5830398.33 1196  157 6388955.58 1569739.59  75.4%   9.4  222s
  9330  4596 5830455.30 1244  157 6388955.58 1569739.59  75.4%   9.4  229s
H 9399  4596                    6388470.3646 1569739.59  75.4%   9.4  229s
  9572  4726 5852851.81 1297  159 6388470.36 1569739.59  75.4%   9.5  237s
  9824  4840 5872986.96 1354  157 6388470.36 1569739.59  75.4%   9.7  245s
 10076  4963 5917695.75 1405  152 6388470.36 1569739.59  75.4%  10.1  250s
 10245  5022 5962141.83 1456  150 6388470.36 1569739.59  75.4%  10.2  255s
 10426  5152     cutoff 1528      6388470.36 1569739.59  75.4%  10.5  260s
H10427  5144                    6382348.2560 1569739.59  75.4%  10.5  260s
 10628  5316     cutoff 1591      6382348.26 1569739.59  75.4%  10.8  265s
 10864  5489 5962262.40 1655  143 6382348.26 1569739.59  75.4%  10.7  270s
H11081  5690                    6382313.4783 1569739.59  75.4%  10.6  277s
 11282  5890 5962355.78 1761  143 6382313.48 1569739.59  75.4%  10.5  285s
H11379  5890                    6382276.3204 1569739.59  75.4%  10.4  285s
H11488  6079                    6377045.3298 1569739.59  75.4%  10.4  293s
H11694  6280                    6376290.0140 1569739.59  75.4%  10.3  302s
 11895  6476 5963469.51 1906  143 6376290.01 1569739.59  75.4%  10.2  310s
 12091  6681 5964688.95 1954  143 6376290.01 1569739.59  75.4%  10.0  319s
 12296  6888 5962579.94 2003  143 6376290.01 1569739.59  75.4%   9.9  327s
 12503  6951 5962613.33 2053  142 6376290.01 1572049.50  75.3%   9.8  334s
H12589  6951                    6376219.3518 1572049.50  75.3%  10.0  334s
 12722  6992 2073632.23   36  350 6376219.35 1572049.50  75.3%  10.2  340s
 12909  7058 2601390.25   57  294 6376219.35 1572049.50  75.3%  10.7  347s
 13113  7148 3926116.56   90  223 6376219.35 1572049.50  75.3%  11.2  355s
 13349  7238 4848804.68  135  168 6376219.35 1572049.50  75.3%  11.6  363s
 13583  7326 4864445.49  180  162 6376219.35 1572049.50  75.3%  12.0  369s
H13672  7326                    6375153.2506 1572049.50  75.3%  12.2  369s
 13811  7448 4852235.42  224  162 6375153.25 1572049.50  75.3%  12.5  375s
 14033  7594 4855717.04  271  150 6375153.25 1572049.50  75.3%  12.7  381s
 14243  7682 4859700.16  317  143 6375153.25 1572049.50  75.3%  12.8  388s
 14464  7772 4866972.16  358  144 6375153.25 1572049.50  75.3%  13.3  396s
 14664  7907 4869158.36  400  144 6375153.25 1572049.50  75.3%  13.6  404s
 14876  7998 4879263.57  449  147 6375153.25 1572049.50  75.3%  13.8  412s
 15100  8089     cutoff  499      6375153.25 1572049.50  75.3%  14.1  420s
H15214  8088                    6375057.4283 1572049.50  75.3%  14.3  420s
 15333  8168     cutoff  556      6375057.43 1572049.50  75.3%  14.4  428s
H15456  7753                    6327792.6058 1572049.50  75.2%  14.6  428s
H15581  7792                    6327792.6022 1572049.50  75.2%  14.7  434s
 15780  7835 2235292.93   43  323 6327792.60 1572159.55  75.2%  15.1  441s
H15959  7889                    6326627.5956 1572159.55  75.2%  15.4  448s
 16161  7965 4090051.14   89  220 6326627.60 1572159.55  75.2%  15.8  454s
 16389  8053 6110731.14  128  184 6326627.60 1572159.55  75.2%  16.2  460s
H16483  8053                    6326627.5565 1572159.55  75.2%  16.1  460s
 16637  8120 6144025.74  175  170 6326627.56 1572159.55  75.2%  16.3  467s
H16733  8120                    6324543.3731 1572159.55  75.1%  16.3  467s
 16884  8141 6224775.75  222  166 6324543.37 1596259.51  74.8%  16.4  472s
 17127  8187 1748273.40   28  364 6324543.37 1596259.51  74.8%  16.7  479s
 17327  8227 2294575.78   51  309 6324543.37 1596259.51  74.8%  17.0  486s
H17369  8223                    6323383.6574 1596259.51  74.8%  17.0  486s
 17517  8282 2986063.11   72  277 6323383.66 1596259.51  74.8%  17.1  493s
H17575  8270                    6316728.3277 1596259.51  74.7%  17.2  493s
 17726  8351 4045345.78  101  206 6316728.33 1596259.51  74.7%  17.3  501s
H17808  8350                    6312555.4133 1596259.51  74.7%  17.4  501s
 17959  8435 4630597.99  141  175 6312555.41 1596259.51  74.7%  17.5  509s
 18192  8522 4702857.78  184  163 6312555.41 1596259.51  74.7%  17.6  517s
H18280  8516                    6307974.6984 1596259.51  74.7%  17.5  517s
H18427  8603                    6304281.1089 1596259.51  74.7%  17.7  523s
 18666  8685 4660966.91  272  143 6304281.11 1596259.51  74.7%  17.7  528s
 18896  8768 5875834.03  313  155 6304281.11 1596259.51  74.7%  17.9  532s
 19127  8858 5973760.04  355  156 6304281.11 1596259.51  74.7%  18.0  537s
H19216  8857                    6301924.2996 1596259.51  74.7%  17.9  537s
H19365  8943                    6301808.5550 1596259.51  74.7%  18.0  541s
 19603  9035 6052651.10  444  151 6301808.55 1596259.51  74.7%  18.1  548s
H19827  9121                    6301780.1493 1596259.51  74.7%  18.1  554s
H20061  9201                    6301776.5688 1596259.51  74.7%  18.2  561s
H20282  9264                    6300980.1214 1596259.51  74.7%  18.2  568s
 20510  9343 6109972.31  620  132 6300980.12 1596259.51  74.7%  18.3  574s
 20722  9407 6111283.85  661  132 6300980.12 1596259.51  74.7%  18.4  579s
 20946  9468 6112559.78  702  132 6300980.12 1596259.51  74.7%  18.5  586s
 21170  9530 6113839.13  743  132 6300980.12 1596259.51  74.7%  18.6  593s
 21394  9576 6115109.25  784  132 6300980.12 1596259.51  74.7%  18.7  598s
H21628  9606                    6300340.5337 1596259.51  74.7%  18.8  604s
 21818  9704 2037026.56   38  331 6300340.53 1597494.73  74.6%  19.0  610s
H21855  9704                    6300268.6294 1597494.73  74.6%  19.1  610s
H21962  9798                    6299063.4160 1597494.73  74.6%  19.1  616s
H22104  9909                    6298706.7869 1597494.73  74.6%  19.1  623s
H22263 10017                    6298486.1643 1597494.73  74.6%  19.1  630s
 22431 10144 5048034.07  127  170 6298486.16 1597494.73  74.6%  19.2  637s
H22490 10144                    6296930.0883 1597494.73  74.6%  19.2  637s
 22594 10301 5702844.66  156  163 6296930.09 1597494.73  74.6%  19.2  645s
H22751 10406                    6296886.7404 1597494.73  74.6%  19.1  651s
 22878 10517 1973406.92   36  342 6296886.74 1615707.05  74.3%  19.1  658s
 22991 10548 2295241.61   48  312 6296886.74 1615707.05  74.3%  19.1  664s
 23146 10577 2530315.67   59  284 6296886.74 1615707.05  74.3%  19.2  671s
 23315 10616 3087725.43   73  258 6296886.74 1615707.05  74.3%  19.3  675s
H23355 10616                    6296886.5135 1615707.05  74.3%  19.4  675s
 23496 10649 5054017.30   92  208 6296886.51 1615707.05  74.3%  19.5  681s
 23675 10689     cutoff  110      6296886.51 1616337.43  74.3%  19.7  688s
H23679 10689                    6296571.8753 1616337.43  74.3%  19.7  688s
H23888 10742                    6296539.5831 1616337.43  74.3%  19.9  694s
 24061 10815 4102867.05   81  245 6296539.58 1616337.43  74.3%  20.1  701s
H24264 10745                    6243950.3874 1616337.43  74.1%  20.2  709s
H24490 10863                    6243947.6616 1616337.43  74.1%  20.3  717s
 24706 11046 5998352.20  186  163 6243947.66 1616337.43  74.1%  20.3  724s
 24891 11185 6036330.25  265  156 6243947.66 1616337.43  74.1%  20.2  732s
 25036 11359 6039427.20  328  148 6243947.66 1616337.43  74.1%  20.1  738s
 25222 11534 6043755.79  409  146 6243947.66 1616337.43  74.1%  20.0  746s
 25399 11708 6045975.52  486  141 6243947.66 1616337.43  74.1%  19.8  753s
H25581 11834                    6243349.9773 1616337.43  74.1%  19.7  761s
 25722 11993 3204005.89   56  284 6243349.98 1616787.40  74.1%  19.7  766s
 25881 12072 4700551.64   88  226 6243349.98 1616787.40  74.1%  19.7  773s
 26102 12192 5852235.67  124  183 6243349.98 1616787.40  74.1%  19.8  778s
 26248 12317 5879552.66  196  164 6243349.98 1616787.40  74.1%  19.8  782s
 26373 12478 5881560.88  274  161 6243349.98 1616787.40  74.1%  19.8  788s
 26534 12645 5887679.05  355  157 6243349.98 1616787.40  74.1%  19.8  793s
H26703 12809                    6243200.8249 1616787.40  74.1%  19.7  800s
 26867 12959 5912315.96  490  151 6243200.82 1616787.40  74.1%  19.6  806s
 27033 13074 5914983.76  567  148 6243200.82 1616787.40  74.1%  19.5  815s
H27120 13071                    6241463.2201 1616787.40  74.1%  19.5  815s
H27204 13197                    6241414.0386 1616787.40  74.1%  19.5  820s
H27343 13342                    6241411.4133 1616787.40  74.1%  19.5  825s
H27440 13341                    6241370.9755 1616787.40  74.1%  19.5  825s
 27504 13484 5929603.91  795  138 6241370.98 1616787.40  74.1%  19.5  832s
 27676 13595 5961198.83  874  136 6241370.98 1616787.40  74.1%  19.5  840s
H27761 13595                    6241220.2434 1616787.40  74.1%  19.4  840s
H27787 13709                    6237256.0927 1616787.40  74.1%  19.5  846s
H27788 13709                    6236631.5223 1616787.40  74.1%  19.5  846s
 27928 13856 6000828.68 1004  132 6236631.52 1616787.40  74.1%  19.5  854s
H28025 13856                    6236343.8387 1616787.40  74.1%  19.5  854s
H28105 14027                    6236342.0275 1616787.40  74.1%  19.5  862s
 28292 14203 6064321.92 1139  133 6236342.03 1616787.40  74.1%  19.5  869s
H28482 14362                    6235285.6798 1616787.40  74.1%  19.4  877s
 28663 14527 6121296.54 1297  135 6235285.68 1616787.40  74.1%  19.3  883s
 28858 14664 6153060.47 1380  140 6235285.68 1632103.37  73.8%  19.3  888s
H29037 14754                    6223029.5428 1632103.37  73.8%  19.3  893s
 29202 14879 3840996.80   71  269 6223029.54 1632103.37  73.8%  19.3  898s
 29359 15004 5122541.10   93  208 6223029.54 1632103.37  73.8%  19.4  903s
H29455 14994                    6218065.2769 1632103.37  73.8%  19.4  903s
H29581 15105                    6218056.4611 1632103.37  73.8%  19.4  908s
 29740 15241 3076125.85   55  301 6218056.46 1633429.02  73.7%  19.4  914s
 29884 15363 4527140.39   79  241 6218056.46 1633429.02  73.7%  19.4  919s
 30034 15450 5188987.94   95  218 6218056.46 1633429.02  73.7%  19.4  924s
H30121 15572                    6217508.5834 1633429.02  73.7%  19.4  931s
 30309 15721 2038314.05   32  358 6217508.58 1634340.04  73.7%  19.4  937s
H30458 15810                    6217504.2481 1634340.04  73.7%  19.4  945s
 30615 15921 4554675.99   90  228 6217504.25 1634340.04  73.7%  19.5  952s
 30772 16051 5638598.96  112  194 6217504.25 1634760.13  73.7%  19.5  960s
 30944 16130 2240068.83   37  335 6217504.25 1634760.13  73.7%  19.5  967s
 31035 16234 4200606.28   76  250 6217504.25 1640658.98  73.6%  19.5  975s
 31162 16345 2533904.91   48  327 6217504.25 1655891.31  73.4%  19.6  982s
 31273 16424 4400631.98   75  246 6217504.25 1656513.80  73.4%  19.7  990s
 31400 16477 2035150.79   36  352 6217504.25 1656513.80  73.4%  19.9  996s
 31453 16551 3017702.96   67  279 6217504.25 1656513.80  73.4%  19.9 1004s
 31527 16691 4556287.48   96  218 6217504.25 1656513.80  73.4%  20.0 1011s
H31594 16691                    6217488.9733 1656513.80  73.4%  20.0 1011s
 31709 16841 5859954.11  143  174 6217488.97 1656513.80  73.4%  20.0 1019s
 31935 16928 6036843.11  207  170 6217488.97 1667392.86  73.2%  20.0 1026s
 32107 17106 3331828.65   64  275 6217488.97 1669358.73  73.2%  20.2 1032s
 32285 17284 5306748.65  103  202 6217488.97 1669358.73  73.2%  20.3 1040s
 32487 17413 5762205.50  176  175 6217488.97 1669358.73  73.2%  20.3 1049s
 32629 17536 5784816.54  247  155 6217488.97 1669358.73  73.2%  20.3 1057s
H32774 17624                    6216086.9086 1669358.73  73.1%  20.3 1064s
H32895 17690                    6214261.5919 1686741.52  72.9%  20.5 1072s
 32985 17748 2597008.45   48  320 6214261.59 1686741.52  72.9%  20.5 1079s
 33043 17830 2993753.83   59  296 6214261.59 1686741.52  72.9%  20.5 1084s
H33127 17919                    6214261.5694 1686741.52  72.9%  20.5 1091s
 33232 17984 5960758.06   97  187 6214261.57 1692634.80  72.8%  20.6 1099s
 33329 18090 2361267.60   46  326 6214261.57 1692634.80  72.8%  20.7 1107s
 33435 18210 3892453.95   78  250 6214261.57 1693547.72  72.7%  20.6 1115s
 33588 18299 1977204.69   31  351 6214261.57 1693547.72  72.7%  20.6 1121s
H33623 18299                    6214250.7905 1693547.72  72.7%  20.7 1121s
 33739 18414 3611412.87   66  277 6214250.79 1693547.72  72.7%  20.6 1127s
 33884 18506 5885212.32  109  194 6214250.79 1693698.45  72.7%  20.6 1135s
 34087 18591 3651997.70   68  262 6214250.79 1693724.34  72.7%  20.5 1142s
 34268 18658 2164662.77   35  343 6214250.79 1693724.34  72.7%  20.5 1150s
H34351 18721                    6214249.9988 1693724.34  72.7%  20.6 1157s
 34426 18806 1922522.16   28  373 6214250.00 1699515.46  72.7%  20.6 1165s
H34511 18883                    6213056.0542 1699515.46  72.6%  20.7 1172s
 34638 18958 1743305.40   28  379 6213056.05 1701412.86  72.6%  20.7 1181s
H34686 18958                    6213055.2401 1701412.86  72.6%  20.8 1181s
 34713 19084 3276539.40   76  258 6213055.24 1701412.86  72.6%  20.8 1190s
H34781 19084                    6212981.1047 1701412.86  72.6%  20.8 1190s
 34839 19275 5587392.35  129  182 6212981.10 1701412.86  72.6%  20.7 1199s
 35038 19459 5951718.30  200  167 6212981.10 1701412.86  72.6%  20.7 1208s
H35135 19459                    6212964.5583 1701412.86  72.6%  20.6 1208s
 35234 19613 6003818.84  266  155 6212964.56 1701412.86  72.6%  20.6 1216s
 35484 19726 6056852.37  348  124 6212964.56 1701412.86  72.6%  20.5 1224s
 35745 19827 6124755.48  433  149 6212964.56 1701412.86  72.6%  20.4 1233s
 36008 19935     cutoff  521      6212964.56 1701412.86  72.6%  20.3 1243s
 36174 20080 6144312.97  591  150 6212964.56 1701412.86  72.6%  20.3 1253s
 36321 20198 6144688.58  654  150 6212964.56 1701412.86  72.6%  20.2 1260s
 36489 20292 6145506.23  730  146 6212964.56 1703993.27  72.6%  20.2 1269s
 36637 20359 3156159.74   55  309 6212964.56 1703993.27  72.6%  20.3 1277s
 36784 20479 4226525.27   73  248 6212964.56 1711094.63  72.5%  20.5 1285s
 36918 20547 2368116.27   40  334 6212964.56 1711094.63  72.5%  20.6 1293s
 37001 20619 3718591.67   72  264 6212964.56 1711094.63  72.5%  20.6 1302s
 37073 20738     cutoff  108      6212964.56 1711720.30  72.4%  20.6 1312s
 37219 20909 3477675.35   68  296 6212964.56 1712217.46  72.4%  20.6 1322s
 37406 21107 3023628.61   60  288 6212964.56 1712217.46  72.4%  20.6 1332s
 37608 21327 4837037.40   97  194 6212964.56 1712217.46  72.4%  20.6 1343s
H37734 21327                    6212957.3654 1712217.46  72.4%  20.6 1343s
 37836 21528 5967261.25  176  177 6212957.37 1712217.46  72.4%  20.5 1353s
 38070 21621 6057876.71  269  164 6212957.37 1713271.44  72.4%  20.4 1364s
 38234 21714 3340960.99   62  287 6212957.37 1713271.44  72.4%  20.5 1373s
 38391 21826 5463347.05   98  203 6212957.37 1713954.93  72.4%  20.5 1383s
 38539 21901 4602928.02   81  236 6212957.37 1715933.74  72.4%  20.5 1391s
 38648 21976 2770029.94   45  319 6212957.37 1716138.80  72.4%  20.6 1400s
 38723 22032 4582345.60   76  261 6212957.37 1716138.80  72.4%  20.6 1409s
H38743 22032                    6212930.9863 1716138.80  72.4%  20.6 1409s
 38799 22117 5478899.56   96  220 6212930.99 1717085.88  72.4%  20.6 1418s
H38866 22114                    6212430.4580 1717085.88  72.4%  20.7 1418s
 38900 22218 3825894.47   70  269 6212430.46 1719861.53  72.3%  20.7 1428s
 39057 22305 1983509.12   36  354 6212430.46 1720494.01  72.3%  20.7 1436s
 39144 22379 2602433.41   50  313 6212430.46 1720494.01  72.3%  20.8 1446s
 39218 22466 3344627.58   63  280 6212430.46 1720494.01  72.3%  20.9 1454s
 39321 22584 3999335.19   74  249 6212430.46 1724238.39  72.2%  20.9 1463s
H39461 22672                    6212116.1654 1724238.39  72.2%  20.9 1472s
 39569 22809 3343648.22   64  276 6212116.17 1724238.39  72.2%  21.0 1482s
 39706 23018 4809485.58   96  218 6212116.17 1724238.39  72.2%  21.0 1492s
 39915 23211 5901116.58  126  194 6212116.17 1724238.39  72.2%  20.9 1504s
H40046 23211                    6212102.5572 1724238.39  72.2%  20.9 1504s
 40178 23354 6028971.57  235  178 6212102.56 1724238.39  72.2%  20.9 1513s
 40441 23453 6136691.21  323  185 6212102.56 1725815.28  72.2%  20.8 1520s
H40616 23518                    6205108.3436 1725815.28  72.2%  20.8 1526s
 40739 23626 3330029.01   67  273 6205108.34 1725815.28  72.2%  20.8 1532s
 40847 23702 5139678.24  102  209 6205108.34 1729487.57  72.1%  20.9 1538s
H40918 23702                    6204896.0661 1729487.57  72.1%  20.9 1538s
H40958 23781                    6204849.2955 1729700.72  72.1%  21.0 1543s
 41037 23884 4632174.14   84  234 6204849.30 1730648.23  72.1%  21.0 1553s
 41178 23981 3605449.91   65  271 6204849.30 1732974.92  72.1%  21.1 1563s
 41309 24097 2348907.22   42  346 6204849.30 1733030.57  72.1%  21.1 1572s
H41381 24097                    6204756.0454 1733030.57  72.1%  21.1 1572s
H41425 24281                    6204733.1510 1733030.57  72.1%  21.1 1579s
 41615 24495 5812613.76  192  177 6204733.15 1733030.57  72.1%  21.1 1590s
H41718 24494                    6201995.2768 1733030.57  72.1%  21.0 1590s
 41833 24666 5967010.90  270  170 6201995.28 1734164.65  72.0%  21.0 1600s
H41936 24665                    6201928.0972 1734164.65  72.0%  21.0 1600s
 42059 24776 2388545.49   37  338 6201928.10 1734164.65  72.0%  20.9 1609s
 42192 24876 4104006.15   63  262 6201928.10 1737135.36  72.0%  21.0 1619s
 42306 24962 2192814.69   34  345 6201928.10 1737135.36  72.0%  21.0 1627s
H42353 24961                    6201720.8628 1737135.36  72.0%  21.1 1627s
 42392 25039 4722338.01   81  244 6201720.86 1738062.20  72.0%  21.1 1635s
 42499 25117 2913318.48   50  309 6201720.86 1739133.36  72.0%  21.2 1644s
 42592 25196 1876360.83   26  381 6201720.86 1739133.36  72.0%  21.2 1653s
 42696 25341 3427988.21   75  258 6201720.86 1739133.36  72.0%  21.2 1663s
H42841 25483                    6201149.8970 1739133.36  72.0%  21.2 1675s
H42950 25482                    6200504.2299 1739133.36  72.0%  21.1 1675s
 42998 25616 5908337.21  228  166 6200504.23 1739133.36  72.0%  21.2 1687s
H43188 25701                    6199918.1633 1739133.36  71.9%  21.2 1698s
H43344 25777                    6192991.9946 1746395.11  71.8%  21.3 1710s
 43472 25897 5519663.86  102  204 6192991.99 1746939.90  71.8%  21.3 1720s
H43622 26039                    6192991.9891 1746939.90  71.8%  21.4 1729s
 43788 26203 5010773.00   99  208 6192991.99 1746939.90  71.8%  21.5 1736s
H43927 26201                    6192102.9842 1746939.90  71.8%  21.5 1736s
H44000 26317                    6192019.4417 1746939.90  71.8%  21.5 1746s
 44270 26455     cutoff  239      6192019.44 1749575.99  71.7%  21.7 1756s
 44478 26554 2071862.27   35  344 6192019.44 1749575.99  71.7%  21.7 1766s
H44577 26634                    6191830.7195 1749575.99  71.7%  21.8 1775s
 44677 26728 5667186.02  100  201 6191830.72 1750425.91  71.7%  21.8 1783s
H44788 26805                    6191829.1483 1750425.91  71.7%  21.8 1792s
 44902 26920 1928537.80   32  357 6191829.15 1751455.24  71.7%  21.9 1802s
 45017 27064 4397605.00   89  231 6191829.15 1752435.79  71.7%  21.9 1813s
H45100 27058                    6191389.5486 1752435.79  71.7%  21.9 1813s
H45189 27181                    6190040.7223 1752667.37  71.7%  21.9 1822s
 45340 27289 2167159.70   39  345 6190040.72 1753125.09  71.7%  21.9 1833s
 45470 27374 5032182.85   93  220 6190040.72 1753855.19  71.7%  22.0 1843s
 45582 27493 2451454.78   45  323 6190040.72 1753855.19  71.7%  22.0 1852s
 45717 27617 4000037.10   89  236 6190040.72 1754132.17  71.7%  22.0 1862s
H45821 27617                    6190010.7622 1754132.17  71.7%  22.1 1862s
 45882 27731 1883368.24   30  368 6190010.76 1755999.76  71.6%  22.2 1874s
 46012 27820 3774927.44   72  266 6190010.76 1758560.25  71.6%  22.2 1886s
 46116 27938 1936877.10   32  362 6190010.76 1758560.25  71.6%  22.2 1895s
H46251 28023                    6189259.7190 1758560.25  71.6%  22.2 1905s
 46356 28149 2603602.46   51  309 6189259.72 1761125.35  71.5%  22.3 1912s
 46500 28266 4745212.43   93  223 6189259.72 1761987.50  71.5%  22.4 1923s
H46586 28264                    6188824.0157 1761987.50  71.5%  22.4 1923s
 46629 28339 3776487.81   75  257 6188824.02 1762067.00  71.5%  22.4 1933s
H46685 28339                    6188796.3727 1762067.00  71.5%  22.4 1933s
 46761 28494 1885777.89   37  351 6188796.37 1762489.74  71.5%  22.4 1945s
 46916 28687 4259695.61   88  244 6188796.37 1762489.74  71.5%  22.4 1958s
 47193 28872 5868548.83  184  182 6188796.37 1765078.29  71.5%  22.4 1968s
 47488 28980 2537938.83   38  341 6188796.37 1765078.29  71.5%  22.3 1975s
 47718 29077 5567452.47   96  213 6188796.37 1767211.14  71.4%  22.3 1987s
H47789 29077                    6188637.1444 1767211.14  71.4%  22.3 1987s
 47841 29146 3517602.89   64  278 6188637.14 1767211.14  71.4%  22.4 1999s
 47933 29246 infeasible  108      6188637.14 1767658.35  71.4%  22.4 2009s
 48043 29368 2676769.02   48  318 6188637.14 1767658.35  71.4%  22.4 2020s
 48183 29518 4058488.11   73  252 6188637.14 1767658.35  71.4%  22.5 2031s
 48337 29636 5254791.01   85  231 6188637.14 1768290.34  71.4%  22.4 2045s
 48521 29733 2367605.80   46  329 6188637.14 1768290.34  71.4%  22.4 2057s
 48646 29848 5132074.61   90  228 6188637.14 1769028.71  71.4%  22.5 2069s
 48789 29973 3412708.71   64  283 6188637.14 1771042.58  71.4%  22.5 2080s
 48956 30126 2762993.76   59  277 6188637.14 1771578.66  71.4%  22.5 2091s
 49109 30316 5077970.23  103  208 6188637.14 1771578.66  71.4%  22.6 2104s
H49299 30508                    6188619.4481 1771578.66  71.4%  22.6 2117s
 49521 30703 5908296.65  260  176 6188619.45 1771578.66  71.4%  22.6 2128s
H49742 30913                    6188616.3229 1771578.66  71.4%  22.6 2143s
 50040 31106 5972107.33  469  158 6188616.32 1771578.66  71.4%  22.6 2157s
 50351 31261 5990063.22  574  147 6188616.32 1771578.66  71.4%  22.5 2170s
 50672 31372     cutoff  667      6188616.32 1771578.66  71.4%  22.5 2183s
 50987 31505 6041557.28  761  154 6188616.32 1772215.40  71.4%  22.5 2197s
 51254 31650 4021346.50   85  249 6188616.32 1772888.35  71.4%  22.4 2208s
 51491 31799 2597401.80   45  313 6188616.32 1772975.03  71.4%  22.5 2219s
 51656 32004     cutoff   95      6188616.32 1772975.03  71.4%  22.5 2230s
 51921 32112 6006721.18  174  162 6188616.32 1773135.54  71.3%  22.6 2239s
 52115 32248 3433201.83   72  269 6188616.32 1773732.61  71.3%  22.6 2250s
 52267 32370 2677247.23   48  321 6188616.32 1774642.42  71.3%  22.6 2260s
 52433 32554 1991979.88   32  369 6188616.32 1775375.25  71.3%  22.7 2272s
 52617 32802 5176526.72  112  207 6188616.32 1775375.25  71.3%  22.6 2283s
 52891 32953 6079085.32  212  182 6188616.32 1775611.18  71.3%  22.6 2294s
 53164 33094 2741230.30   51  317 6188616.32 1775611.18  71.3%  22.6 2302s
 53425 33271 5047968.22   95  205 6188616.32 1775611.18  71.3%  22.5 2313s
H53660 33461                    6188457.4053 1775611.18  71.3%  22.6 2324s
 53882 33625 6036069.30  327  183 6188457.41 1777440.47  71.3%  22.5 2334s
H54085 33758                    6188440.4008 1777440.47  71.3%  22.5 2344s
 54239 33859 5982211.14  107  199 6188440.40 1777844.91  71.3%  22.5 2355s
H54320 33859                    6188436.4878 1777844.91  71.3%  22.6 2355s
H54386 34041                    6188267.3284 1779564.53  71.2%  22.6 2368s
H54568 34288                    6188245.6675 1779564.53  71.2%  22.6 2381s
 54815 34500 5925986.55  234  177 6188245.67 1779564.53  71.2%  22.5 2392s
 55049 34674 6101169.42  300  176 6188245.67 1779841.55  71.2%  22.5 2405s
 55318 34795 2098286.75   34  346 6188245.67 1779841.55  71.2%  22.4 2418s
 55505 34894 4438769.73   85  233 6188245.67 1781045.06  71.2%  22.4 2429s
 55678 35004 3514750.89   61  290 6188245.67 1782621.54  71.2%  22.4 2440s
 55817 35085 2767833.96   46  318 6188245.67 1782621.54  71.2%  22.5 2450s
 55912 35196 5156080.82   88  218 6188245.67 1783329.05  71.2%  22.5 2460s
H56042 35360                    6187518.8381 1783329.05  71.2%  22.5 2469s
H56227 35544                    6187509.5657 1783329.05  71.2%  22.6 2480s
H56426 35645                    6187404.2418 1783329.05  71.2%  22.5 2491s
H56533 35645                    6187394.9695 1785318.14  71.1%  22.5 2491s
 56579 35743 2456200.26   42  334 6187394.97 1785318.14  71.1%  22.6 2500s
 56695 35836 4493837.93   87  225 6187394.97 1786075.68  71.1%  22.6 2512s
 56841 35904 4868194.94   73  242 6187394.97 1786416.74  71.1%  22.6 2520s
 56984 36001 2877663.18   54  306 6187394.97 1786513.62  71.1%  22.7 2527s
 57110 36095 6066116.95  106  209 6187394.97 1786845.99  71.1%  22.7 2537s
 57208 36183 4414635.94   81  235 6187394.97 1788090.63  71.1%  22.8 2546s
 57334 36330 2265102.33   38  341 6187394.97 1788505.09  71.1%  22.8 2555s
H57393 36330                    6187392.7688 1788505.09  71.1%  22.8 2555s
H57487 36508                    6187247.7452 1788505.09  71.1%  22.8 2566s
H57683 36622                    6187107.9454 1788505.09  71.1%  22.9 2578s
 57864 36724 3436795.40   66  275 6187107.95 1790063.23  71.1%  22.9 2589s
 57991 36857 2587617.90   50  323 6187107.95 1790250.04  71.1%  22.9 2601s
 58168 36961 2269727.84   38  335 6187107.95 1790321.07  71.1%  22.9 2613s
 58294 37099 4388546.47   86  228 6187107.95 1790659.81  71.1%  23.0 2625s
 58462 37257 2805339.03   49  325 6187107.95 1790995.01  71.1%  23.1 2636s
 58621 37469 5982402.46   90  183 6187107.95 1790995.01  71.1%  23.1 2648s
 58881 37620     cutoff  160      6187107.95 1790995.01  71.1%  23.1 2660s
H58882 37619                    6186959.7682 1790995.01  71.1%  23.1 2660s
 59262 37791     cutoff  285      6186959.77 1791240.04  71.0%  23.0 2673s
H59264 37791                    6186870.9494 1791240.04  71.0%  23.0 2673s
 59448 38008 3413843.12   73  267 6186870.95 1791240.04  71.0%  23.0 2684s
H59665 38258                    6186824.6559 1791240.04  71.0%  23.0 2697s
 59915 38482 6056662.99  195  180 6186824.66 1791240.04  71.0%  22.9 2711s
 60169 38646 6009734.13  298  152 6186824.66 1791518.95  71.0%  22.9 2724s
 60453 38769 1987305.23   32  352 6186824.66 1791518.95  71.0%  22.9 2735s
 60648 38894 3853958.58   73  260 6186824.66 1791851.44  71.0%  22.9 2749s
 60901 39010 2684417.04   46  321 6186824.66 1791851.44  71.0%  22.9 2762s
 61133 39144 4112384.81   71  259 6186824.66 1791935.22  71.0%  23.0 2774s
 61414 39236 2306471.81   39  324 6186824.66 1791935.22  71.0%  23.0 2785s
 61642 39347 4543704.69   92  222 6186824.66 1791971.58  71.0%  23.0 2798s
H61724 39347                    6186702.5465 1791971.58  71.0%  23.0 2798s
 61882 39411 3063207.59   60  287 6186702.55 1791971.58  71.0%  23.0 2808s
 62080 39523 4417603.53   89  226 6186702.55 1792337.99  71.0%  23.0 2819s
 62300 39625 2975299.87   51  309 6186702.55 1792337.99  71.0%  23.0 2832s
H62359 39625                    6186668.2934 1792337.99  71.0%  23.0 2832s
H62524 39739                    6186649.1424 1792337.99  71.0%  23.0 2844s
 62758 39828 4471180.63   88  232 6186649.14 1793450.90  71.0%  23.0 2855s
 62999 39959 2641484.11   57  307 6186649.14 1793450.90  71.0%  23.0 2865s
 63232 40146 5414170.76  129  196 6186649.14 1793450.90  71.0%  23.0 2876s
H63507 40325                    6186639.1669 1793450.90  71.0%  22.9 2885s
 63784 40467 5944409.32  285  173 6186639.17 1793457.29  71.0%  22.9 2895s
 64042 40562 2350437.27   39  340 6186639.17 1793457.29  71.0%  22.9 2908s
 64237 40655 3842678.52   75  255 6186639.17 1793457.29  71.0%  22.9 2920s
 64453 40747 6022921.40  114  195 6186639.17 1793586.09  71.0%  22.9 2932s
H64666 40826                    6186607.5134 1793586.09  71.0%  22.9 2943s
 64869 40923 2016146.58   35  354 6186607.51 1793997.73  71.0%  22.9 2955s
 65062 41021 3628724.48   73  269 6186607.51 1794337.48  71.0%  22.9 2966s
H65302 41097                    6186599.8660 1794337.48  71.0%  22.9 2978s
 65508 41141 3008767.69   61  287 6186599.87 1794337.48  71.0%  22.9 2989s
 65732 41277 4001191.88   86  243 6186599.87 1794337.48  71.0%  22.9 3001s
H65829 41275                    6186039.7624 1794337.48  71.0%  23.0 3001s
H65990 41396                    6186021.3623 1794337.48  71.0%  22.9 3012s
 66241 41464 2641233.75   44  320 6186021.36 1794420.07  71.0%  23.0 3020s
H66279 41464                    6186000.0091 1794420.07  71.0%  23.0 3020s
 66375 41581 4119867.55   81  243 6186000.01 1794668.87  71.0%  23.0 3031s
H66446 41581                    6185996.3054 1794668.87  71.0%  23.0 3031s
 66600 41672 3376604.72   68  273 6185996.31 1794696.38  71.0%  23.0 3042s
 66825 41767 2411945.91   46  330 6185996.31 1794696.38  71.0%  22.9 3052s
 67000 41935 4880782.96  102  227 6185996.31 1794696.38  71.0%  23.0 3062s
 67168 42099 5668420.98  172  183 6185996.31 1794696.38  71.0%  23.0 3073s
 67346 42247 5962576.62  247  177 6185996.31 1794696.38  71.0%  23.0 3083s
 67520 42359 6149460.32  326  164 6185996.31 1796543.69  71.0%  22.9 3091s
 67681 42483 2817750.05   54  285 6185996.31 1796728.55  71.0%  23.0 3101s
 67807 42558 5038568.76   85  193 6185996.31 1796906.46  71.0%  23.0 3111s
 67976 42652 3528367.06   70  265 6185996.31 1797408.72  70.9%  23.1 3122s
 68090 42784 2201119.54   43  334 6185996.31 1797408.72  70.9%  23.1 3134s
 68240 42944 5277203.39  119  203 6185996.31 1797408.72  70.9%  23.1 3148s
 68400 43113 5720875.31  193  178 6185996.31 1797408.72  70.9%  23.1 3158s
 68577 43254 6111643.05  266  160 6185996.31 1797466.81  70.9%  23.1 3170s
 68758 43362 3939759.21   79  239 6185996.31 1798418.89  70.9%  23.1 3180s
H68884 43463                    6185964.8348 1798418.89  70.9%  23.1 3190s
 69015 43557     cutoff  107      6185964.83 1798552.99  70.9%  23.2 3199s
H69018 43557                    6185963.0771 1798552.99  70.9%  23.2 3199s
 69193 43645 5031191.72  104  201 6185963.08 1798729.50  70.9%  23.2 3207s
 69327 43743 3275969.61   69  263 6185963.08 1799621.12  70.9%  23.3 3214s
 69439 43838 2461574.74   40  337 6185963.08 1799621.12  70.9%  23.3 3226s
 69554 43916 4487355.41   81  236 6185963.08 1800928.66  70.9%  23.3 3236s
 69641 44017 2608360.29   48  306 6185963.08 1800928.66  70.9%  23.4 3246s
 69756 44143 4280678.61   88  224 6185963.08 1800928.66  70.9%  23.4 3254s
 69882 44273 5696606.65  117  198 6185963.08 1801683.15  70.9%  23.4 3264s
H70057 44396                    6185418.6860 1803038.83  70.9%  23.4 3274s
 70181 44607 5160146.72  116  202 6185418.69 1803038.83  70.9%  23.4 3288s
 70396 44807 5622556.26  169  183 6185418.69 1803038.83  70.9%  23.4 3301s
H70513 44806                    6185365.8455 1803038.83  70.8%  23.4 3301s
 70622 44924 6108356.01  241  171 6185365.85 1803038.83  70.8%  23.3 3314s
H70876 45025                    6185365.8294 1803038.83  70.8%  23.3 3325s
 71013 45134 3674723.75   77  266 6185365.83 1803471.43  70.8%  23.3 3332s
H71204 45260                    6185362.6662 1803586.83  70.8%  23.4 3344s
 71346 45362 4217660.27   81  248 6185362.67 1803954.50  70.8%  23.4 3352s
 71470 45471 2047570.40   35  362 6185362.67 1803954.50  70.8%  23.4 3364s
H71579 45605                    6185361.4047 1803954.50  70.8%  23.4 3374s
 71746 45776 5283405.01  154  203 6185361.40 1803954.50  70.8%  23.4 3384s
 71932 45965 5737297.28  215  180 6185361.40 1803954.50  70.8%  23.4 3393s
 72121 46141 5956113.58  292  170 6185361.40 1803954.50  70.8%  23.4 3403s
 72383 46272     cutoff  384      6185361.40 1803954.50  70.8%  23.4 3415s
H72384 46272                    6185361.3807 1803954.50  70.8%  23.4 3415s
 72647 46365 6060351.39  484  161 6185361.38 1803954.50  70.8%  23.4 3429s
 72822 46455 6077302.34  577  151 6185361.38 1803954.50  70.8%  23.4 3441s
 73024 46567 6096258.39  675  151 6185361.38 1803954.50  70.8%  23.3 3449s
 73204 46639 6146426.64  768  142 6185361.38 1805620.96  70.8%  23.3 3457s
 73382 46779 2326833.61   41  332 6185361.38 1805620.96  70.8%  23.3 3469s
H73542 46942                    6184852.2465 1805620.96  70.8%  23.3 3481s
 73735 47080 2788490.94   50  319 6184852.25 1806010.52  70.8%  23.3 3495s
 73997 47200 6020862.31  149  195 6184852.25 1806545.60  70.8%  23.3 3505s
 74166 47289 4070417.19   79  259 6184852.25 1807089.17  70.8%  23.3 3516s
 74317 47407 2934952.96   60  283 6184852.25 1808116.15  70.8%  23.3 3524s
 74452 47541 2702209.06   47  318 6184852.25 1808116.15  70.8%  23.4 3535s
 74609 47761 4453726.49   90  230 6184852.25 1808116.15  70.8%  23.4 3547s
 74843 47985 5683326.97  150  177 6184852.25 1808116.15  70.8%  23.4 3558s
 75071 48226 6013388.24  212  177 6184852.25 1808116.15  70.8%  23.3 3571s
 75326 48348 6087245.52  294  158 6184852.25 1808633.73  70.8%  23.3 3585s
 75538 48419 3127480.03   56  304 6184852.25 1809864.02  70.7%  23.3 3597s
 75609 48435 5171640.31   92  219 6184852.25 1809864.02  70.7%  23.3 3600s
H75641 48417                    6179408.3584 1809864.02  70.7%  23.3 3600s

Cutting planes:
  Implied bound: 32
  MIR: 177
  Flow cover: 269
  RLT: 45
  Relax-and-lift: 2

Explored 75649 nodes (1764056 simplex iterations) in 3600.11 seconds (1447.37 work units)
Thread count was 2 (of 24 available processors)

Solution count 10: 6.17941e+06 6.18485e+06 6.18536e+06 ... 6.18661e+06

Time limit reached
Best objective 6.179408358356e+06, best bound 1.809864017051e+06, gap 70.7114%
