
Gurobi 11.0.3 (linux64, Java) logging started ter 05 nov 2024 15:08:39 -03

Set parameter Username
Academic license - for non-commercial use only - expires 2025-10-10
Warning: Gurobi version mismatch between Java 11.0.1 and C library 11.0.3
Warning: Gurobi version mismatch between Java 11.0.1 and Jni 11.0.3
Set parameter NonConvex to value 2
Set parameter TimeLimit to value 3600
Set parameter LogToConsole to value 0
Set parameter MIPGap to value 4.7300647268466746e-08
Set parameter Threads to value 2
Set parameter NodefileDir to value "/home/ps12398/goal_programming/goalProgrammingMarcos/"
Set parameter NodefileStart to value 1
Gurobi Optimizer version 11.0.3 build v11.0.3rc0 (linux64)

CPU model: Intel(R) Xeon(R) CPU           X5650  @ 2.67GHz, instruction set [SSE2]
Thread count: 12 physical cores, 24 logical processors, using up to 2 threads

Optimize a model with 61275 rows, 41336 columns and 205069 nonzeros
Model fingerprint: 0xc38117d6
Model has 148 quadratic constraints
Variable types: 20598 continuous, 20738 integer (143 binary)
Coefficient statistics:
  Matrix range     [7e-03, 6e+06]
  QMatrix range    [7e-03, 1e+05]
  QLMatrix range   [1e+00, 1e+05]
  Objective range  [1e+00, 4e+07]
  Bounds range     [1e+00, 1e+08]
  RHS range        [1e+00, 3e+06]
  QRHS range       [1e-02, 1e-02]
Presolve removed 60525 rows and 40414 columns
Presolve time: 0.14s
Presolved: 1811 rows, 1245 columns, 54298 nonzeros
Presolved model has 2 SOS constraint(s)
Presolved model has 143 bilinear constraint(s)

Solving non-convex MIQCP

Variable types: 524 continuous, 721 integer (145 binary)
Found heuristic solution: objective 1.575535e+07

Root relaxation: objective 0.000000e+00, 267 iterations, 0.01 seconds (0.01 work units)

    Nodes    |    Current Node    |     Objective Bounds      |     Work
 Expl Unexpl |  Obj  Depth IntInf | Incumbent    BestBd   Gap | It/Node Time

     0     0    0.00000    0  243 1.5755e+07    0.00000   100%     -    0s
     0     0 547706.930    0  345 1.5755e+07 547706.930  96.5%     -    0s
     0     0 573302.720    0  347 1.5755e+07 573302.720  96.4%     -    0s
     0     0 586155.180    0  376 1.5755e+07 586155.180  96.3%     -    0s
H    0     0                    1.504357e+07 604448.405  96.0%     -    0s
     0     0 604448.405    0  376 1.5044e+07 604448.405  96.0%     -    0s
     0     0 604448.405    0  396 1.5044e+07 604448.405  96.0%     -    1s
     0     0 614108.700    0  399 1.5044e+07 614108.700  95.9%     -    1s
     0     0 614108.700    0  412 1.5044e+07 614108.700  95.9%     -    1s
H    0     0                    6846503.3707 615337.336  91.0%     -    1s
     0     0 615337.336    0  413 6846503.37 615337.336  91.0%     -    1s
     0     0 615337.336    0  406 6846503.37 615337.336  91.0%     -    1s
     0     0 615550.688    0  411 6846503.37 615550.688  91.0%     -    1s
     0     0 615550.688    0  412 6846503.37 615550.688  91.0%     -    2s
     0     0 615550.688    0  382 6846503.37 615550.688  91.0%     -    2s
     0     2 615550.688    0  367 6846503.37 615550.688  91.0%     -    3s
H   29    34                    6714245.4471 776519.031  88.4%  73.1    3s
H  241   243                    6635355.8049 776519.031  88.3%  36.8    4s
   287   298 3951562.66   95  199 6635355.80 776519.031  88.3%  42.7    5s
H  300   308                    6442831.1736 776519.031  87.9%  43.4    5s
H 1364  1393                    6427287.9625 776519.031  87.9%  13.5    7s
H 1940  1974                    6415614.8351 776519.031  87.9%  10.2    8s
H 1972  1974                    6352487.0502 776519.031  87.8%  10.1    8s
  3023  3131 5261567.98 1606  182 6352487.05 776519.031  87.8%   7.8   10s
H 3739  3736                    6339086.9735 776519.031  87.8%   7.4   12s
  3757  3748 4851529.11 1616  284 6339086.97 776519.031  87.8%   7.3   15s
H 3792  3582                    5990009.5551 776519.031  87.0%   7.3   17s
  3828  3606 4853157.19 1799  303 5990009.56 778113.842  87.0%   7.2   20s
  3856  3627 897836.926   15  410 5990009.56 800845.184  86.6%  11.3   25s
H 3992  3540                    5920700.9149 819916.582  86.2%  15.5   28s
H 4023  3381                    5918514.0497 819916.582  86.1%  16.5   29s
  4032  3393 2237156.17   62  297 5918514.05 819916.582  86.1%  16.9   30s
H 4091  3261                    5786691.2452 819916.582  85.8%  19.4   33s
H 4119  3136                    5762898.2295 819916.582  85.8%  20.6   34s
  4133  3157 3078340.20   82  246 5762898.23 819916.582  85.8%  20.9   35s
H 4222  3068                    5753313.7115 819916.582  85.7%  21.5   37s
H 4512  3129                    5744640.4822 819916.582  85.7%  21.3   39s
H 4548  3053                    5729671.1297 819916.582  85.7%  21.2   40s
H 4619  2980                    5728123.2565 819916.582  85.7%  21.0   41s
H 4703  2839                    5602149.1906 819916.582  85.4%  20.8   41s
H 4729  2800                    5602049.6411 819916.582  85.4%  20.7   42s
H 4874  2726                    5596024.2771 819916.582  85.3%  20.8   43s
H 4901  2736                    5594311.4469 819916.582  85.3%  20.7   44s
  5087  2931 4548968.83  246  187 5594311.45 819916.582  85.3%  20.8   45s
H 5161  2807                    5591140.2118 819916.582  85.3%  20.6   45s
H 5676  3048                    5591140.2112 819916.582  85.3%  19.6   47s
H 6025  3300                    5591140.2107 819916.582  85.3%  18.8   48s
H 6079  3197                    5584591.7216 819916.582  85.3%  18.8   48s
  6481  3579 5015648.71  503  170 5584591.72 819916.582  85.3%  17.8   50s
H 7032  3866                    5584565.9436 819916.582  85.3%  16.9   51s
H 8226  4624                    5582688.0552 819916.582  85.3%  15.0   54s
H 8279  4624                    5568694.8642 819916.582  85.3%  15.0   54s
  8903  5339 5331682.38  867  153 5568694.86 819916.582  85.3%  14.2   55s
H 9409  5663                    5567564.8465 819920.749  85.3%  14.0   56s
H 9803  5959                    5549949.4149 819920.749  85.2%  14.2   58s
H 9867  6056                    5549809.1046 819920.749  85.2%  14.2   58s
H 9964  6164                    5549595.5097 819920.749  85.2%  14.4   59s
 10072  6263 1287225.12   36  370 5549595.51 819920.749  85.2%  14.5   60s
H10276  6483                    5549588.6094 819920.749  85.2%  14.9   61s
H10491  6673                    5537800.9988 819920.749  85.2%  15.3   62s
H10760  6944                    5535572.1379 819920.749  85.2%  15.4   64s
H10852  7014                    5529933.2342 819920.749  85.2%  15.5   65s
H11225  7395                    5529929.2097 819920.749  85.2%  15.8   67s
 11759  7990 4996916.76  287  161 5529929.21 819920.749  85.2%  16.1   70s
H11772  7990                    5529929.2092 819920.749  85.2%  16.1   70s
H12427  8674                    5529929.1778 819920.749  85.2%  16.4   73s
H12796  8936                    5529715.5829 819920.749  85.2%  16.8   74s
 12844  9101 5272417.71  487  168 5529715.58 819920.749  85.2%  16.9   75s
H13802 10143                    5529715.5824 819920.749  85.2%  17.1   78s
H13860 10143                    5529674.7774 819920.749  85.2%  17.2   78s
H14264 10600                    5523491.0815 819920.749  85.2%  17.0   80s
H15273 11619                    5523491.0356 819920.749  85.2%  16.6   83s
 15953 12152 5010863.67  889  147 5523491.04 819920.749  85.2%  16.5   85s
H16134 12251                    5523145.0530 819920.749  85.2%  16.6   86s
 16853 13050 5019726.12 1117  146 5523145.05 819920.749  85.2%  17.2   90s
 18045 14279 5027716.62 1333  149 5523145.05 819920.749  85.2%  18.6   95s
H18084 14279                    5522504.4306 819920.749  85.2%  18.7   95s
H18528 14753                    5519160.6975 819920.749  85.1%  19.2   98s
 18990 15255 5029418.69 1450  148 5519160.70 819920.749  85.1%  19.7  100s
H19193 15374                    5518409.8175 819920.749  85.1%  19.8  101s
H19282 15457                    5518409.8170 819920.749  85.1%  19.8  102s
H19727 15938                    5514994.4668 819920.749  85.1%  20.1  104s
 19846 16047 5381526.72 1561  171 5514994.47 819920.749  85.1%  20.3  105s
H20753 16761                    5514994.4454 838213.624  84.8%  20.8  110s
H20765 16759                    5501812.5590 838213.624  84.8%  21.0  110s
H20804 16811                    5501811.3557 838213.624  84.8%  21.2  111s
 20958 17015 2417844.10   74  236 5501811.36 838213.624  84.8%  22.5  115s
H21301 17495                    5497950.5561 838213.624  84.8%  22.9  117s
H21966 17988                    5494930.1731 838213.624  84.7%  22.6  119s
 22040 18111 4159890.18  326  150 5494930.17 838213.624  84.7%  22.7  120s
H22056 18111                    5494928.9698 838213.624  84.7%  22.7  120s
 22790 18957 4597431.08  626  148 5494928.97 838213.624  84.7%  23.5  125s
H24045 20174                    5492008.0802 838213.624  84.7%  23.0  129s
 24226 20480 4666354.76  959  137 5492008.08 838213.624  84.7%  23.0  131s
H25098 21085                    5490754.8349 838213.624  84.7%  22.9  133s
H25109 21085                    5488765.2157 838213.624  84.7%  23.0  133s
 25265 21268 948870.677   27  386 5488765.22 839062.484  84.7%  23.0  135s
H25475 21457                    5474073.3536 839062.484  84.7%  23.3  136s
H25807 21774                    5473700.8017 839062.484  84.7%  23.5  138s
H25871 21902                    5473611.1759 839062.484  84.7%  23.5  140s
H25999 21993                    5473544.0080 839062.484  84.7%  23.6  140s
H26224 22255                    5473543.8674 839062.484  84.7%  23.7  142s
 26631 22603 4590840.55  171  182 5473543.87 839062.484  84.7%  23.6  145s
H26978 22999                    5449849.7530 839062.484  84.6%  23.6  148s
 27240 23258 4783630.47  229  182 5449849.75 839062.484  84.6%  23.7  150s
H27408 23390                    5449385.7381 839062.484  84.6%  23.7  151s
H27550 23516                    5449385.7040 839062.484  84.6%  23.7  152s
H28021 24042                    5445307.0331 839062.484  84.6%  23.6  156s
H28476 24408                    5444864.5553 839062.484  84.6%  23.6  158s
 28704 24747 5080296.27  542  159 5444864.56 839062.484  84.6%  23.7  160s
H28885 24871                    5441716.7660 839062.484  84.6%  23.7  161s
 29369 25583 4972785.35  691  147 5441716.77 839062.484  84.6%  23.9  165s
H29736 23719                    5302667.5504 839062.484  84.2%  23.8  165s
H29737 23449                    5197410.4167 839062.484  83.9%  23.8  166s
H30588 24150                    5197040.2835 839062.484  83.9%  23.4  168s
H30657 24109                    5169273.6054 839062.484  83.8%  23.4  168s
 30959 24423 infeasible  846      5169273.61 839189.330  83.8%  23.2  170s
H31011 24403                    5165172.5845 839189.330  83.8%  23.3  170s
H31556 24506                    5158038.5169 839189.330  83.7%  23.2  173s
 31927 25090 2297164.92   61  298 5158038.52 839189.330  83.7%  23.1  175s
H32181 25090                    5158021.5718 839189.330  83.7%  23.1  175s
H32551 25593                    5158019.9500 839189.330  83.7%  23.1  177s
H33029 21276                    4991136.4768 839189.330  83.2%  23.0  179s
 33259 21255     cutoff  226      4991136.48 839285.112  83.2%  23.0  180s
H33265 21200                    4984508.3037 839285.112  83.2%  22.9  180s
H33338 19951                    4922165.9721 839551.349  82.9%  23.3  181s
H33420 19699                    4916107.8323 839551.349  82.9%  23.7  183s
H33475 19738                    4914617.5487 839551.349  82.9%  23.9  184s
 33499 19827 3127240.90   85  234 4914617.55 839551.349  82.9%  24.0  185s
H33618 20033                    4914589.9950 839551.349  82.9%  24.3  185s
H33861 20070                    4906986.0188 839551.349  82.9%  24.3  186s
H34294 17737                    4846070.6955 839551.349  82.7%  24.1  188s
H34808 17851                    4846069.6437 839551.349  82.7%  23.9  188s
H35158 17835                    4842089.1395 839551.349  82.7%  23.7  189s
 35199 18091 4729922.09  707  145 4842089.14 839551.349  82.7%  23.7  190s
H35994 18810                    4842087.5559 839551.349  82.7%  23.5  192s
 36826 19330 1383127.33   41  358 4842087.56 841947.119  82.6%  23.8  195s
H37113 18261                    4819504.4576 841947.119  82.5%  24.4  197s
 37451 18732 4018449.33  172  160 4819504.46 841947.119  82.5%  24.7  200s
 38716 20216 4124462.13 1025  146 4819504.46 841947.119  82.5%  24.5  205s
 42008 23287 4195010.53 2660  139 4819504.46 841947.119  82.5%  22.9  210s
 43881 24792 2293013.85   63  275 4819504.46 843526.445  82.5%  22.6  215s
 46031 27180 4059384.01 1455  142 4819504.46 843526.445  82.5%  22.3  220s
 47962 28998 4065956.73 3136  139 4819504.46 843526.445  82.5%  21.8  225s
 50103 31174 4074379.41 4564  140 4819504.46 843526.445  82.5%  21.2  230s
 52226 33234 899196.074   25  428 4819504.46 844675.205  82.5%  20.7  235s
 54215 35104 1101430.21   33  391 4819504.46 846034.097  82.4%  20.3  240s
 55269 35975 4568381.52  136  178 4819504.46 846034.097  82.4%  20.6  245s
 55748 36410 2578892.92   71  238 4819504.46 847394.694  82.4%  21.2  250s
 57489 38292 4124966.30 1509  137 4819504.46 847394.694  82.4%  21.0  255s
 60700 41308 4219351.03 4336  142 4819504.46 847394.694  82.4%  20.5  260s
 61450 41814 infeasible  144      4819504.46 848893.125  82.4%  21.3  265s
 61960 42227 1106272.20   33  398 4819504.46 849122.215  82.4%  22.1  270s
 62649 42835 4614993.81   96  184 4819504.46 850568.691  82.4%  22.7  275s
 62979 43133 4540796.09  109  196 4819504.46 850634.493  82.4%  23.4  280s
 63503 43639 infeasible  299      4819504.46 850787.241  82.3%  23.9  285s
 64178 44200 infeasible  232      4819504.46 850812.778  82.3%  24.4  290s
 64488 44485 2600626.06   68  260 4819504.46 850844.180  82.3%  25.1  295s
 64994 44780 1162972.25   36  379 4819504.46 850851.660  82.3%  25.8  300s
 65289 44992 infeasible  101      4819504.46 851166.479  82.3%  26.1  305s
 65717 45379 915544.093   20  426 4819504.46 851186.659  82.3%  26.7  310s
 66471 45915 infeasible  109      4819504.46 851710.680  82.3%  27.2  315s
 66796 46153 2470057.47   61  257 4819504.46 851713.904  82.3%  27.9  320s
H66810 45994                    4796882.5331 851713.904  82.2%  28.0  320s
H66973 46213                    4795421.7063 851713.904  82.2%  28.2  322s
H67210 45837                    4780346.7543 851716.342  82.2%  28.3  322s
 67351 45959 1594316.13   40  366 4780346.75 851716.342  82.2%  28.5  325s
H67403 45998                    4780339.8696 851716.342  82.2%  28.6  326s
H67451 46084                    4780337.6729 851716.342  82.2%  28.7  327s
H67528 45062                    4747631.3632 851716.342  82.1%  28.8  328s
 68085 45429 1060260.18   29  404 4747631.36 851772.666  82.1%  28.7  330s
H68614 46178                    4746981.5766 852029.576  82.1%  28.9  334s
 68986 46370     cutoff  107      4746981.58 852031.510  82.1%  28.8  335s
H69079 46329                    4736558.1485 852031.510  82.0%  28.9  335s
H70065 47194                    4736558.1481 852031.510  82.0%  28.7  337s
H70554 48028                    4733650.9992 852031.510  82.0%  28.5  340s
H71783 48301                    4728381.6379 852031.510  82.0%  28.3  342s
H71831 48293                    4727353.5203 852113.452  82.0%  28.4  343s
H71894 48375                    4727353.1769 852113.452  82.0%  28.5  344s
 71933 48416 2306685.72   56  299 4727353.18 852113.452  82.0%  28.6  345s
 72353 48779 2962162.23   75  229 4727353.18 853803.871  81.9%  29.1  350s
H72373 48595                    4716917.9198 853803.871  81.9%  29.2  350s
 72983 49196 1064978.18   25  388 4716917.92 853803.871  81.9%  29.4  355s
H73000 49123                    4705612.5779 853803.871  81.9%  29.4  355s
 73276 49386 2910098.52   62  297 4705612.58 853803.871  81.9%  29.9  360s
H73410 49400                    4702627.2288 853803.871  81.8%  30.1  361s
H73523 49504                    4702626.8801 853963.707  81.8%  30.3  364s
 73568 49563 2916910.87   76  269 4702626.88 853963.707  81.8%  30.3  365s
H73675 49593                    4701847.1100 854050.854  81.8%  30.5  366s
 73928 49857 2432115.35   62  304 4701847.11 855255.540  81.8%  30.9  370s
H74023 49859                    4701846.8703 855266.032  81.8%  31.0  371s
H74038 49888                    4701846.7613 855266.032  81.8%  31.1  372s
 74201 50042 1476699.08   41  341 4701846.76 855339.704  81.8%  31.4  375s
 74524 50271 1028342.93   34  388 4701846.76 855341.101  81.8%  32.1  380s
H74525 50271                    4701846.7609 855341.101  81.8%  32.1  380s
H74526 50209                    4696455.6148 855341.101  81.8%  32.1  380s
 74765 50395 1039044.69   32  396 4696455.61 855360.403  81.8%  32.4  385s
H74780 49964                    4671573.6990 855360.403  81.7%  32.5  385s
H74951 50090                    4670845.8859 855360.822  81.7%  32.7  388s
 75030 50166 1154741.71   36  388 4670845.89 855360.822  81.7%  32.8  390s
H75100 50253                    4670840.0655 855360.822  81.7%  33.0  391s
H75202 50330                    4670807.2076 855360.822  81.7%  33.0  392s
H75244 50325                    4670418.7028 855360.822  81.7%  33.0  392s
 75426 50581 2677996.14   80  225 4670418.70 855406.904  81.7%  33.4  395s
H75437 50579                    4670347.4204 855406.904  81.7%  33.4  395s
H75560 50019                    4661728.5752 855406.904  81.7%  33.4  396s
H75689 49610                    4658858.6710 855406.904  81.6%  33.4  396s
H75908 49839                    4658817.9579 855704.513  81.6%  33.5  398s
H75979 49826                    4658669.6140 855704.513  81.6%  33.7  399s
 76011 50018 1619381.32   48  356 4658669.61 855704.513  81.6%  33.7  401s
H76472 50577                    4658667.4000 855867.357  81.6%  33.7  403s
 76789 50637 1782616.52   45  351 4658667.40 855867.357  81.6%  33.6  405s
H76988 50781                    4658659.8532 856281.406  81.6%  34.0  408s
H77099 50516                    4657939.3790 856281.406  81.6%  34.1  409s
 77115 50571 1200482.84   37  387 4657939.38 856281.406  81.6%  34.1  410s
H77196 50645                    4657938.9283 856281.406  81.6%  34.3  411s
 77485 50957 2843156.44   67  290 4657938.93 857302.910  81.6%  34.4  415s
 77934 51266 1999617.69   52  305 4657938.93 857302.910  81.6%  34.8  420s
H78257 51214                    4652588.4629 857452.279  81.6%  35.2  425s
H78348 51263                    4652586.6997 857545.817  81.6%  35.4  426s
 78490 51433 2764109.93   76  232 4652586.70 857545.817  81.6%  35.7  430s
H78547 51431                    4652577.9299 857545.817  81.6%  35.8  430s
H78624 51579                    4652576.1667 857545.817  81.6%  36.0  432s
H78688 50640                    4644735.7037 857545.817  81.5%  36.1  432s
 78780 50764 2872314.53   75  246 4644735.70 857545.817  81.5%  36.1  435s
H78861 50445                    4637474.3549 857545.817  81.5%  36.2  436s
H78923 50468                    4637474.3310 857545.817  81.5%  36.3  438s
H78940 50468                    4637463.9111 857820.316  81.5%  36.4  438s
 79061 50606 1837499.13   49  365 4637463.91 857820.316  81.5%  36.6  441s
H79355 50890                    4637410.8869 859102.707  81.5%  37.0  445s
 79715 51077 2273173.39   54  301 4637410.89 859540.920  81.5%  37.6  450s
H79988 50833                    4633266.3296 860365.153  81.4%  38.0  454s
 80044 50937 1048619.20   33  397 4633266.33 860497.589  81.4%  38.1  456s
H80049 50823                    4632415.7080 860497.589  81.4%  38.1  456s
H80160 50943                    4632415.2572 860497.589  81.4%  38.2  458s
H80274 50943                    4632413.1453 860497.589  81.4%  38.3  458s
 80423 51046 1163673.19   30  380 4632413.15 860889.382  81.4%  38.5  460s
H80458 50797                    4629412.3873 860889.382  81.4%  38.5  460s
H80576 50911                    4629407.3581 860890.378  81.4%  38.7  463s
H80703 50989                    4627653.5949 860890.378  81.4%  39.0  466s
H80732 51069                    4627039.8042 860890.378  81.4%  39.0  468s
H80831 51105                    4626975.8178 860890.378  81.4%  39.1  470s
H80935 51174                    4626887.3500 861262.109  81.4%  39.3  471s
 81163 51670 infeasible  210      4626887.35 861262.109  81.4%  39.5  475s
H81655 51319                    4621180.3582 861350.166  81.4%  39.4  477s
H81908 51340                    4617112.0075 861350.166  81.3%  39.3  478s
 82170 51435 944592.770   31  418 4617112.01 862235.473  81.3%  39.5  480s
H82243 51496                    4617110.5157 862235.473  81.3%  39.6  481s
H82303 51496                    4617105.4462 862235.473  81.3%  39.7  481s
 82499 51662 4248061.38   78  213 4617105.45 863808.646  81.3%  40.0  485s
H82557 51750                    4614814.1690 864256.379  81.3%  40.1  486s
H82691 52127                    4613882.1376 864256.379  81.3%  40.2  489s
 83094 52331 4336248.41  153  181 4613882.14 864256.379  81.3%  40.2  491s
H83394 52372                    4611090.7014 865603.388  81.2%  40.3  493s
H83434 52437                    4611077.5522 865603.388  81.2%  40.3  494s
 83518 52485 2325328.67   73  268 4611077.55 865603.388  81.2%  40.4  495s
H83810 53029                    4610999.3403 865603.388  81.2%  40.6  500s
H84131 53403                    4610517.3669 865603.388  81.2%  40.5  503s
 84748 53891 4088359.55 1046  177 4610517.37 865603.388  81.2%  40.4  506s
H85503 54160                    4609805.4615 865603.388  81.2%  40.1  508s
 85511 54482 4077048.26 1639  136 4609805.46 865603.388  81.2%  40.1  510s
 86233 55338 4091007.34 2239  135 4609805.46 865603.388  81.2%  39.9  515s
H86733 55688                    4609805.2986 865603.388  81.2%  39.8  517s
H87143 56117                    4609805.0171 865603.388  81.2%  39.7  519s
 87634 56401 4114995.31 3261  136 4609805.02 865603.388  81.2%  39.6  520s
H88178 56635                    4609676.8602 865603.388  81.2%  39.4  522s
H88204 56711                    4607546.1165 865603.388  81.2%  39.5  523s
 88547 56981 4153187.16 4009  135 4607546.12 865603.388  81.2%  39.4  525s
H89166 57331                    4607546.0497 872831.406  81.1%  39.4  529s
 89234 57402 2307787.91   60  296 4607546.05 877124.662  81.0%  39.4  531s
H89412 57494                    4607546.0480 877145.672  81.0%  39.7  533s
 89475 57625 3025291.79   72  261 4607546.05 877145.672  81.0%  39.8  535s
H89575 57564                    4606832.1964 877145.672  81.0%  40.0  536s
 90016 58288 3888102.55  276  159 4606832.20 877145.672  81.0%  40.2  541s
 90823 58806 3893530.01  962  141 4606832.20 877145.672  81.0%  39.9  556s
 91048 59468 3895884.24 1130  141 4606832.20 877145.672  81.0%  39.9  560s
 91944 59871 1404829.85   37  336 4606832.20 883696.667  80.8%  39.9  565s
H92061 59906                    4606806.3034 887256.046  80.7%  40.0  567s
H92143 59912                    4605461.7271 887334.008  80.7%  40.1  568s
H92169 59953                    4605369.5822 887334.008  80.7%  40.1  569s
 92267 60011 1008376.36   31  392 4605369.58 887339.936  80.7%  40.2  572s
H92327 59817                    4604260.0988 887339.936  80.7%  40.3  574s
H92354 59807                    4604199.1335 887339.936  80.7%  40.4  576s
H92390 59843                    4604199.1045 887339.936  80.7%  40.4  577s
 92477 59928 3974077.99   88  206 4604199.10 887866.967  80.7%  40.6  580s
H92599 60005                    4603687.0418 887871.644  80.7%  40.8  582s
H92737 60105                    4603620.7818 889288.475  80.7%  41.0  585s
H92978 60318                    4603585.5894 889406.644  80.7%  41.2  588s
 93016 60529 2413776.00   63  303 4603585.59 889406.644  80.7%  41.2  590s
H93109 60529                    4603501.7110 889406.644  80.7%  41.3  590s
H93231 60863                    4603500.3056 889406.644  80.7%  41.3  592s
 93868 61095 1701347.68   46  317 4603500.31 890186.127  80.7%  41.4  596s
H93872 61094                    4603432.2720 890186.127  80.7%  41.4  596s
H93936 61088                    4603129.1930 891003.931  80.6%  41.4  596s
 94192 61328 1508397.49   43  341 4603129.19 891005.263  80.6%  41.6  600s
 94540 61609 3417811.59   88  215 4603129.19 891010.858  80.6%  42.0  605s
H94615 61684                    4603128.8938 891725.759  80.6%  42.1  607s
 94864 61850 1315822.76   39  350 4603128.89 892688.793  80.6%  42.4  611s
 95189 62101 2721241.62   67  258 4603128.89 893508.499  80.6%  42.9  615s
H95371 62270                    4602898.5063 893508.499  80.6%  43.1  617s
 95590 62442 infeasible  102      4602898.51 893744.691  80.6%  43.3  620s
H95591 62442                    4602774.6987 893744.691  80.6%  43.3  620s
H95665 62509                    4602753.7441 893744.691  80.6%  43.4  621s
 95986 62708 2157208.80   55  287 4602753.74 893772.557  80.6%  43.8  625s
H96221 62841                    4602496.1441 894299.111  80.6%  44.1  628s
 96256 62985 1159408.80   30  389 4602496.14 894299.111  80.6%  44.1  630s
 96690 63308 1511040.03   46  317 4602496.14 894870.599  80.6%  44.4  635s
 97008 63592 2110513.57   56  272 4602496.14 895006.670  80.6%  44.7  640s
 97498 63937 2228702.69   62  282 4602496.14 895013.628  80.6%  45.2  646s
H97609 64042                    4602485.5603 895067.735  80.6%  45.3  648s
 97754 64046 4419442.28   98  195 4602485.56 895142.701  80.6%  45.5  650s
 98178 65177 4436841.64  220  174 4602485.56 895816.317  80.5%  45.7  657s
 99565 66234 2897889.47   77  238 4602485.56 895816.317  80.5%  45.2  661s
H100981 67238                    4602480.9083 895816.317  80.5%  44.7  665s
H101278 67254                    4602479.3748 895816.317  80.5%  44.7  666s
 101678 67696 4330293.56  227  159 4602479.37 895838.116  80.5%  44.8  671s
H102031 68134                    4602474.5503 895838.116  80.5%  44.8  674s
 102388 68480 4334095.71  816  144 4602474.55 895838.116  80.5%  44.7  675s
H102692 67945                    4599723.4265 895838.116  80.5%  44.6  675s
H102734 68075                    4599674.0186 895838.116  80.5%  44.6  677s
H103213 68430                    4599669.2132 895838.116  80.5%  44.5  679s
 103241 68828 4339896.82 1558  150 4599669.21 895838.116  80.5%  44.5  681s
 104430 69928 4354743.30 2608  148 4599669.21 895838.116  80.5%  44.2  686s
 105281 70785 4364324.42 3330  148 4599669.21 895838.116  80.5%  43.9  690s
H105673 70732                    4599096.4859 895838.116  80.5%  43.8  690s
H105906 71269                    4599096.3266 895838.116  80.5%  43.8  692s
H106656 71558                    4598163.8738 895838.116  80.5%  43.5  693s
 107106 72295 4377946.81 4930  144 4598163.87 895838.116  80.5%  43.4  696s
 107893 72708 1437883.69   46  340 4598163.87 897469.084  80.5%  43.4  712s
 108056 73022 2319733.05   63  291 4598163.87 897469.084  80.5%  43.4  715s
H108286 73264                    4597808.2907 897469.084  80.5%  43.4  716s
 109069 74038 3340309.59   69  264 4597808.29 897616.094  80.5%  43.2  720s
H109925 74838                    4597737.4535 897870.049  80.5%  43.0  724s
 110210 75115 1438323.12   42  350 4597737.45 897870.049  80.5%  42.9  725s
H111179 75839                    4597429.2944 897870.049  80.5%  42.7  728s
 111434 75887 1300504.04   41  380 4597429.29 897870.049  80.5%  42.7  730s
 111732 76187 2049759.41   56  296 4597429.29 898173.667  80.5%  43.0  735s
H111870 76214                    4597429.2852 898173.667  80.5%  43.1  736s
 112047 76418 2749560.25   64  251 4597429.29 898201.193  80.5%  43.3  740s
 112353 76747 2427835.76   62  297 4597429.29 898201.193  80.5%  43.6  745s
H112423 76745                    4597417.3085 898201.193  80.5%  43.6  745s
 112692 77188 3903255.92  107  199 4597417.31 898472.128  80.5%  43.9  750s
 113259 77447 infeasible  108      4597417.31 898756.481  80.5%  44.0  755s
H113472 77796                    4597415.2285 898756.481  80.5%  44.2  759s
H113476 77787                    4597374.5895 898756.481  80.5%  44.2  759s
 113662 77947 3700284.15   80  233 4597374.59 898756.481  80.5%  44.2  761s
 114109 78371 infeasible  103      4597374.59 898843.933  80.4%  44.4  766s
H114110 78349                    4597284.6193 898843.933  80.4%  44.4  766s
H114115 78298                    4596929.9078 898843.933  80.4%  44.4  766s
H114316 78426                    4596921.0348 898843.933  80.4%  44.4  767s
H114699 78629                    4596910.7187 898843.933  80.4%  44.5  770s
H114737 78682                    4596906.8130 899185.361  80.4%  44.5  772s
H114804 78729                    4596710.8785 899185.361  80.4%  44.6  773s
H114924 78806                    4596710.2748 899185.361  80.4%  44.6  774s
 114973 78862     cutoff  111      4596710.27 899379.139  80.4%  44.7  775s
 115422 79447 3386677.86  103  185 4596710.27 899379.139  80.4%  44.7  780s
 116447 80665 4102261.79  955  142 4596710.27 899379.139  80.4%  44.5  785s
H118153 82103                    4596491.3398 899379.139  80.4%  44.1  790s
H119062 82760                    4596465.1525 899379.139  80.4%  43.8  793s
 119391 83254 4141961.74 3548  137 4596465.15 899379.139  80.4%  43.8  795s
H119926 83578                    4596352.9834 899598.220  80.4%  43.8  799s
 119987 83648 2418496.24   67  237 4596352.98 899598.220  80.4%  43.8  800s
 120598 84264 2363908.00   60  289 4596352.98 899647.945  80.4%  43.9  805s
H120933 84453                    4596352.9829 899670.265  80.4%  44.1  810s
 121253 84706 1017501.01   32  385 4596352.98 899770.508  80.4%  44.4  815s
 121775 85196 1482127.39   42  360 4596352.98 900400.342  80.4%  44.6  820s
 122014 85370 1579470.90   46  340 4596352.98 900758.519  80.4%  44.8  825s
 122441 85809 1124135.67   26  402 4596352.98 901158.856  80.4%  44.9  830s
H122713 85956                    4596352.9824 901158.856  80.4%  45.0  832s
 123114 86316 4530761.90  247  170 4596352.98 901182.828  80.4%  45.0  835s
 123308 86493 1132619.21   26  410 4596352.98 901576.581  80.4%  45.1  840s
H123429 86559                    4596240.4208 901576.581  80.4%  45.2  841s
H123580 86658                    4595977.0686 902209.246  80.4%  45.3  844s
 123632 86682 1069102.74   28  393 4595977.07 902209.246  80.4%  45.3  845s
H123766 86799                    4595949.2169 902209.246  80.4%  45.5  847s
 123893 86939 1216567.09   42  363 4595949.22 902601.076  80.4%  45.6  850s
H123981 86996                    4595634.3985 902601.076  80.4%  45.6  851s
 124295 87178 1505854.86   43  371 4595634.40 902689.740  80.4%  45.7  855s
 124890 87569 957305.738   30  407 4595634.40 902798.808  80.4%  45.8  860s
H125072 87646                    4595548.5781 902798.808  80.4%  45.9  863s
H125109 87692                    4595521.6768 902901.621  80.4%  46.0  864s
 125158 87775 2187700.54   59  278 4595521.68 902914.799  80.4%  46.0  865s
H125161 87692                    4595374.7105 902914.799  80.4%  46.0  865s
 125471 87956 2326066.71   59  304 4595374.71 903316.633  80.3%  46.3  870s
H125707 88114                    4595368.9815 903365.570  80.3%  46.5  874s
 125774 88194 3058073.24   71  217 4595368.98 903365.570  80.3%  46.6  876s
 125992 88368 1428034.68   40  349 4595368.98 903677.957  80.3%  46.8  880s
H126176 88414                    4595269.7120 903677.957  80.3%  47.0  883s
 126287 88568 3257591.30   77  241 4595269.71 903677.957  80.3%  47.1  885s
H126453 88576                    4595237.6877 903677.957  80.3%  47.1  886s
 126724 88796 1628175.87   46  301 4595237.69 903914.235  80.3%  47.4  891s
 126984 88998 infeasible  104      4595237.69 903985.306  80.3%  47.6  895s
H127074 89056                    4595235.4975 903998.993  80.3%  47.7  896s
 127274 89262 2831180.97   65  260 4595235.50 904394.815  80.3%  47.9  900s
H127446 89349                    4595211.1472 904465.507  80.3%  48.0  902s
H127516 89233                    4594909.4377 904465.507  80.3%  48.0  903s
 127561 89330 1761625.86   47  333 4594909.44 904465.507  80.3%  48.1  905s
H127658 89365                    4594909.3599 904465.507  80.3%  48.2  906s
 127826 89519 4475361.56   99  207 4594909.36 904591.443  80.3%  48.3  910s
H127860 89516                    4594904.5635 904591.443  80.3%  48.4  910s
 128120 89917 3749828.28   97  204 4594904.56 904802.107  80.3%  48.6  916s
H128377 89912                    4594897.0898 904802.107  80.3%  48.6  918s
 128556 90172 1744340.50   46  327 4594897.09 904887.158  80.3%  48.6  920s
 128875 90404 3624997.74   86  234 4594897.09 904927.487  80.3%  48.8  925s
H129093 90549                    4594814.9000 905001.849  80.3%  49.0  927s
 129305 90725 infeasible   91      4594814.90 905076.403  80.3%  49.1  930s
 129559 91121 2380589.62   61  273 4594814.90 905271.568  80.3%  49.3  935s
H130188 91475                    4594514.9630 905271.568  80.3%  49.3  938s
 130382 91599 4478365.93  336  170 4594514.96 905408.907  80.3%  49.2  940s
 130795 91835 1166567.37   36  375 4594514.96 905642.198  80.3%  49.6  946s
H130826 91827                    4594489.0114 905642.198  80.3%  49.6  946s
 131081 92595 3939350.36  112  197 4594489.01 905707.286  80.3%  49.8  951s
H131439 92441                    4594177.5735 905707.286  80.3%  49.7  951s
H131678 92374                    4593615.5416 905707.286  80.3%  49.7  953s
 132109 92522 964809.927   25  408 4593615.54 905849.456  80.3%  49.7  956s
H132212 92609                    4593615.3429 905849.456  80.3%  49.7  958s
H132464 92759                    4593578.0391 905849.456  80.3%  49.8  961s
 132636 92920 3141590.52   83  212 4593578.04 906320.110  80.3%  50.1  966s
 132920 93545 3087428.50   89  221 4593578.04 906320.110  80.3%  50.2  971s
 133574 93661 4568370.92  299  162 4593578.04 906320.110  80.3%  50.1  975s
H133637 93776                    4593565.6918 906512.705  80.3%  50.1  976s
 133830 93921 2905109.91   69  274 4593565.69 906693.621  80.3%  50.3  980s
H134005 93982                    4593530.7361 906693.621  80.3%  50.4  981s
H134208 94473                    4593528.4378 906892.401  80.3%  50.5  986s
H134238 94422                    4592932.5771 906892.401  80.3%  50.5  986s
 134766 94659 1067909.48   31  398 4592932.58 907153.647  80.2%  50.4  990s
 135080 95113 3415910.54   82  236 4592932.58 907153.647  80.2%  50.7  996s
H135275 95336                    4592927.8857 907153.647  80.2%  50.7  998s
H135561 95885                    4592927.7807 907182.572  80.2%  50.7 1000s
H136164 95939                    4592923.0374 907225.987  80.2%  50.7 1002s
 136279 96074 2724756.47   65  286 4592923.04 907324.607  80.2%  50.8 1005s
H136804 96859                    4592741.8718 907331.163  80.2%  50.9 1012s
 137290 97030 1965631.65   50  306 4592741.87 907331.163  80.2%  50.9 1015s
H137445 97104                    4592741.1100 907468.974  80.2%  50.9 1016s
 137661 97657 3695657.17   85  225 4592741.11 907468.974  80.2%  51.0 1020s
 138589 98175 1069634.22   30  400 4592741.11 907523.022  80.2%  50.9 1025s
 138658 98180 2389538.18   59  283 4592741.11 907523.022  80.2%  50.9 1030s
H138742 98274                    4592693.5628 907523.022  80.2%  51.0 1031s
H138893 98418                    4592675.4249 907627.015  80.2%  51.2 1034s
 138972 98444 3708978.50   93  217 4592675.42 907684.752  80.2%  51.2 1036s
 139207 98678 1177054.48   34  381 4592675.42 908342.682  80.2%  51.5 1041s
 139588 99169 3622645.32  107  199 4592675.42 908342.682  80.2%  51.7 1045s
H140047 99298                    4592524.6844 908387.881  80.2%  51.7 1049s
 140094 99397 2085853.77   59  264 4592524.68 908387.881  80.2%  51.8 1050s
H140280 99544                    4592520.0570 908420.338  80.2%  52.0 1053s
 140408 99586 976504.098   31  397 4592520.06 908429.224  80.2%  52.1 1055s
H140430 99586                    4592513.2291 908429.224  80.2%  52.1 1055s
H140735 99852                    4592505.9251 908492.713  80.2%  52.2 1058s
 140866 100136 3822541.29   84  217 4592505.93 908534.698  80.2%  52.3 1061s
 141225 100304     cutoff   94      4592505.93 908555.162  80.2%  52.4 1065s
H141314 100377                    4592446.8876 908664.089  80.2%  52.4 1066s
H141459 100445                    4592444.9562 908664.089  80.2%  52.5 1068s
 141506 100544 2545774.05   63  247 4592444.96 908664.089  80.2%  52.5 1070s
 141847 100775 1016056.91   30  390 4592444.96 908738.794  80.2%  52.8 1076s
H141930 100841                    4591852.0011 908908.342  80.2%  52.9 1078s
H142171 101027                    4591836.4006 908924.327  80.2%  53.0 1081s
H142490 101263                    4591666.3878 909160.514  80.2%  53.2 1086s
H142503 101253                    4591261.5045 909160.514  80.2%  53.2 1086s
 142619 101456 2289301.09   72  262 4591261.50 909160.514  80.2%  53.3 1090s
H142847 101530                    4591235.9605 909447.604  80.2%  53.3 1093s
 143031 101695 1091950.37   32  397 4591235.96 910067.212  80.2%  53.5 1097s
 143287 102038 2089512.67   44  350 4591235.96 910165.679  80.2%  53.6 1101s
H143649 102171                    4591235.7781 910598.577  80.2%  53.8 1104s
H143721 102192                    4591162.7609 910598.577  80.2%  53.8 1107s
H143733 102192                    4591140.9855 910598.577  80.2%  53.8 1107s
 143895 102478 2691030.24   63  279 4591140.99 910756.583  80.2%  53.8 1111s
H144122 102563                    4591136.8190 910776.917  80.2%  54.0 1112s
 144279 102755 2026462.13   53  313 4591136.82 910929.520  80.2%  54.1 1116s
 144536 102890 infeasible   99      4591136.82 911163.819  80.2%  54.3 1120s
H144537 102890                    4591131.7904 911163.819  80.2%  54.3 1120s
 144839 103196 3242311.18   73  256 4591131.79 911476.258  80.1%  54.5 1125s
 145156 103684 2241421.07   56  298 4591131.79 911835.669  80.1%  54.8 1132s
 145483 103869 4344981.42  203  159 4591131.79 911837.630  80.1%  54.8 1135s
H145637 103865                    4590788.9429 911837.630  80.1%  54.8 1135s
 145966 104159 3198267.67   81  227 4590788.94 912011.545  80.1%  55.0 1141s
 146262 104403 2419387.13   64  266 4590788.94 912230.069  80.1%  55.2 1145s
H146634 104673                    4590726.2249 912284.598  80.1%  55.3 1149s
H146685 104775                    4590663.2107 912287.715  80.1%  55.4 1152s
H146919 104704                    4590232.0081 912382.407  80.1%  55.5 1154s
H146962 104996                    4590232.0063 912382.407  80.1%  55.5 1157s
 147254 105375 2691995.73   79  231 4590232.01 912382.407  80.1%  55.6 1161s
 147852 105586 1489478.02   44  356 4590232.01 912389.206  80.1%  55.5 1165s
H148300 105774                    4589939.6050 912400.408  80.1%  55.7 1169s
 148369 105857 4446111.30  221  153 4589939.60 912557.458  80.1%  55.8 1171s
H148740 106141                    4589934.7902 912564.937  80.1%  55.8 1173s
 148788 106226 4471334.51  211  177 4589934.79 912564.937  80.1%  55.8 1177s
 148905 106332     cutoff  263      4589934.79 912576.978  80.1%  55.8 1180s
H148909 106288                    4589815.3055 912576.978  80.1%  55.8 1180s
H149055 106389                    4589785.3856 912594.898  80.1%  55.9 1182s
 149201 106432 973836.154   25  416 4589785.39 912656.608  80.1%  56.0 1185s
H149302 106508                    4589783.7181 912721.567  80.1%  56.1 1187s
 149426 106718 3004525.63   70  257 4589783.72 912754.439  80.1%  56.2 1190s
 149778 107091 920030.690   31  410 4589783.72 912973.776  80.1%  56.3 1195s
H150061 107161                    4589653.1295 912982.127  80.1%  56.4 1198s
H150144 107220                    4589580.7680 912982.127  80.1%  56.4 1200s
H150258 107339                    4589580.3785 912982.127  80.1%  56.5 1202s
H150341 107339                    4589579.1005 913061.367  80.1%  56.5 1202s
 150408 107458 1861256.15   52  286 4589579.10 913089.574  80.1%  56.6 1205s
H150685 107402                    4588799.7942 913131.576  80.1%  56.9 1211s
 150905 107568 2214095.95   52  291 4588799.79 913174.930  80.1%  57.1 1216s
H151044 107702                    4588648.7029 913227.151  80.1%  57.2 1218s
 151230 108051 1887543.40   49  292 4588648.70 913287.288  80.1%  57.2 1221s
 152278 109238 3716644.51  892  146 4588648.70 913287.288  80.1%  57.0 1225s
H152739 109230                    4588577.9152 913287.288  80.1%  56.9 1225s
H152988 109406                    4588573.5873 913590.212  80.1%  56.9 1227s
 153298 109656     cutoff   87      4588573.59 913746.960  80.1%  57.0 1231s
H153300 109648                    4588462.5298 913746.960  80.1%  57.0 1231s
 153659 109886 1236564.05   35  388 4588462.53 913788.783  80.1%  57.2 1235s
H153692 109886                    4588461.9961 913788.783  80.1%  57.2 1235s
 154029 110251 1564848.67   44  366 4588462.00 913886.743  80.1%  57.5 1242s
 154295 110416 1946374.52   46  323 4588462.00 913991.813  80.1%  57.6 1246s
H154348 110387                    4588087.0702 913991.813  80.1%  57.6 1246s
 154507 110501 1036386.86   27  408 4588087.07 914182.984  80.1%  57.7 1250s
 154722 110733 3776539.82   78  246 4588087.07 914225.895  80.1%  57.8 1255s
 155015 110999 2860244.81   63  268 4588087.07 914561.847  80.1%  58.0 1261s
 155344 111361 4369875.43  165  183 4588087.07 914619.958  80.1%  58.1 1266s
 155696 111567 3870123.20   76  222 4588087.07 914768.053  80.1%  58.2 1271s
 155843 111676 2225981.20   56  283 4588087.07 914768.053  80.1%  58.2 1278s
 155960 111768 3058200.98   71  221 4588087.07 914768.053  80.1%  58.3 1281s
 156189 111921 918492.347   28  417 4588087.07 915136.669  80.1%  58.5 1285s
 156385 112128 3409263.73   70  289 4588087.07 915263.380  80.1%  58.6 1290s
 156642 112417 1734974.35   45  359 4588087.07 915279.192  80.1%  58.8 1295s
 156959 112606 2177108.39   52  325 4588087.07 915337.772  80.0%  58.9 1300s
H157018 112606                    4588077.7325 915337.772  80.0%  59.0 1300s
H157143 112785                    4588039.5382 915393.753  80.0%  59.1 1305s
 157386 112957 3077311.37   59  256 4588039.54 915466.832  80.0%  59.2 1310s
H157527 113039                    4588033.8240 915533.114  80.0%  59.3 1313s
 157605 113146 1454060.49   37  304 4588033.82 915679.769  80.0%  59.3 1315s
 157902 113383 1026870.22   31  384 4588033.82 915936.402  80.0%  59.5 1320s
H158160 113589                    4588008.0668 915942.935  80.0%  59.6 1323s
 158246 113697 1070377.62   36  410 4588008.07 915992.938  80.0%  59.6 1326s
 158483 113885 1242340.51   36  378 4588008.07 916061.023  80.0%  59.8 1331s
 158721 114052 4408445.19   91  228 4588008.07 916112.256  80.0%  60.0 1336s
 158995 114310 infeasible   97      4588008.07 916288.382  80.0%  60.2 1341s
H158997 114310                    4587998.3357 916288.382  80.0%  60.2 1341s
H159147 114336                    4587821.5028 916415.138  80.0%  60.2 1343s
 159203 114539 1527230.17   37  362 4587821.50 916514.194  80.0%  60.3 1346s
H159544 114716                    4587798.6685 916535.434  80.0%  60.5 1352s
 159785 114925 1979842.01   45  305 4587798.67 916622.534  80.0%  60.7 1357s
 159920 115015 2386284.57   58  277 4587798.67 916693.246  80.0%  60.8 1360s
 160157 115236 3002043.32   61  298 4587798.67 916781.468  80.0%  60.9 1365s
H160305 115348                    4586843.0857 916801.457  80.0%  61.0 1368s
 160490 115435 4028220.40   81  206 4586843.09 916856.438  80.0%  61.0 1370s
H160605 115600                    4586842.6734 916865.977  80.0%  61.1 1373s
 160770 115689 3952957.73   83  175 4586842.67 917008.711  80.0%  61.2 1376s
 161079 115916 3025225.60   57  293 4586842.67 917102.456  80.0%  61.3 1382s
 161204 116047 1723372.22   49  322 4586842.67 917123.102  80.0%  61.4 1385s
 161478 116266 1746237.92   41  363 4586842.67 917199.845  80.0%  61.6 1390s
 161739 116571 3860385.42   66  281 4586842.67 917210.621  80.0%  61.7 1396s
H161855 116569                    4586831.4516 917210.621  80.0%  61.7 1396s
 162162 116844 4312715.10   83  205 4586831.45 917223.354  80.0%  61.8 1402s
H162346 116930                    4586831.0393 917252.085  80.0%  62.0 1404s
 162413 117066 1898322.65   44  356 4586831.04 917313.143  80.0%  62.0 1407s
 162564 117163 2895572.72   66  261 4586831.04 917333.252  80.0%  62.1 1410s
H162694 117233                    4586817.9269 917333.252  80.0%  62.2 1413s
 162785 117309 1227900.68   34  383 4586817.93 917452.760  80.0%  62.3 1415s
 163032 117575 1211370.31   31  371 4586817.93 917459.314  80.0%  62.5 1420s
 163366 117790 1553495.61   43  352 4586817.93 917521.237  80.0%  62.7 1425s
 163544 117904 3283901.72   72  274 4586817.93 917523.424  80.0%  62.9 1431s
 163651 118013 1338365.70   38  372 4586817.93 917597.380  80.0%  63.0 1435s
H163794 118128                    4586792.8095 917608.700  80.0%  63.1 1438s
 163923 118299 4196001.35   82  265 4586792.81 917636.909  80.0%  63.2 1441s
H164035 118297                    4586735.0692 917636.909  80.0%  63.3 1441s
 164300 118501 infeasible   81      4586735.07 917728.196  80.0%  63.4 1447s
 164369 118629 4288374.31   76  253 4586735.07 917732.446  80.0%  63.4 1450s
 164742 118887 2598283.89   56  275 4586735.07 917765.113  80.0%  63.6 1457s
 165082 119206 4271756.88   86  234 4586735.07 917838.577  80.0%  63.7 1463s
 165219 119284     cutoff   74      4586735.07 918016.736  80.0%  63.8 1465s
 165444 119629 1979213.93   49  293 4586735.07 918306.388  80.0%  64.0 1472s
 165683 119845 3627853.71   75  217 4586735.07 918308.324  80.0%  64.0 1475s
 166117 120089 1595064.40   46  356 4586735.07 918416.435  80.0%  64.2 1481s
 166504 120377 3963883.99   81  234 4586735.07 918417.134  80.0%  64.4 1487s
 166634 120508 1964778.46   40  342 4586735.07 918462.061  80.0%  64.6 1490s
 167048 120890 2014469.24   45  295 4586735.07 918570.190  80.0%  64.7 1497s
H167241 121073                    4586725.6300 918627.448  80.0%  64.8 1501s
 167622 121350 2023463.88   45  302 4586725.63 918885.617  80.0%  65.0 1506s
 167768 121490 2393344.79   50  278 4586725.63 919043.905  80.0%  65.1 1510s
H167890 121490                    4586717.1062 919043.905  80.0%  65.1 1510s
 168175 121700 3677039.43   68  285 4586717.11 919253.777  80.0%  65.2 1517s
H168287 121779                    4586620.7627 919360.592  80.0%  65.3 1519s
 168385 121892 1012374.09   35  393 4586620.76 919411.564  80.0%  65.4 1523s
 168514 121991 infeasible   97      4586620.76 919462.547  80.0%  65.5 1526s
H168515 121991                    4586620.3504 919462.547  80.0%  65.5 1526s
 168621 122113 4097678.33   84  193 4586620.35 919520.715  80.0%  65.5 1530s
 168930 122297 infeasible   90      4586620.35 919538.268  80.0%  65.7 1537s
 169019 122398 3819684.37   72  271 4586620.35 919562.411  80.0%  65.8 1540s
 169240 122546 1036338.26   35  399 4586620.35 919681.274  79.9%  65.9 1547s
 169369 122668 1092068.08   32  383 4586620.35 919727.698  79.9%  66.0 1551s
H169576 122820                    4586573.4681 919754.031  79.9%  66.1 1554s
 169673 122907 2426943.49   57  280 4586573.47 919796.176  79.9%  66.2 1557s
H169803 122907                    4586543.6774 919796.176  79.9%  66.2 1557s
 169884 123099 1048519.62   33  387 4586543.68 919950.428  79.9%  66.3 1560s
H170002 123098                    4586536.9967 919950.428  79.9%  66.3 1560s
 170205 123259 2451539.07   55  282 4586537.00 920110.171  79.9%  66.5 1566s
 170331 123398 1357734.12   35  355 4586537.00 920121.141  79.9%  66.6 1570s
H170406 123390                    4586341.0044 920121.141  79.9%  66.7 1570s
H170470 123506                    4586337.6126 920121.141  79.9%  66.8 1573s
H170646 123603                    4586294.4250 920222.625  79.9%  66.8 1577s
 170768 123728 1496036.12   35  395 4586294.43 920360.864  79.9%  66.9 1581s
 171076 123925 1240077.04   40  361 4586294.43 920360.864  79.9%  67.1 1589s
H171150 124044                    4586274.1796 920360.864  79.9%  67.2 1593s
 171282 124188 1841091.07   48  350 4586274.18 920623.814  79.9%  67.2 1597s
 171608 124433 1682704.43   38  376 4586274.18 920791.718  79.9%  67.4 1602s
H171700 124433                    4586238.6194 920791.718  79.9%  67.4 1602s
H171841 124527                    4586231.6014 920809.460  79.9%  67.5 1604s
 171915 124687 2465607.61   56  280 4586231.60 920963.971  79.9%  67.5 1608s
 172103 124810 3175203.15   62  249 4586231.60 921000.822  79.9%  67.6 1611s
 172264 124944 3339020.71   62  237 4586231.60 921147.663  79.9%  67.7 1615s
H172495 125082                    4586224.7147 921231.813  79.9%  67.8 1619s
 172596 125307 922541.654   29  399 4586224.71 921362.607  79.9%  67.9 1622s
 172852 125456 4146617.44   78  206 4586224.71 921473.819  79.9%  68.0 1625s
 173265 125760 4446757.38   90  229 4586224.71 921726.840  79.9%  68.3 1632s
 173451 125839 2303984.07   53  303 4586224.71 922007.759  79.9%  68.4 1635s
 173904 126225 3112708.47   54  296 4586224.71 922326.565  79.9%  68.5 1644s
 174075 126453 2385709.25   52  280 4586224.71 922344.358  79.9%  68.6 1646s
 174368 126610 1314924.75   31  393 4586224.71 922685.745  79.9%  68.7 1650s
H174563 126596                    4585967.2833 922919.178  79.9%  68.8 1666s
 174565 126728 3548070.31   70  266 4585967.28 922937.756  79.9%  68.8 1670s
H174745 126851                    4585960.0031 923036.861  79.9%  68.8 1674s
 174897 126956 1074411.58   32  406 4585960.00 923283.600  79.9%  68.9 1677s
 175016 127105 4127758.64   91  181 4585960.00 923431.649  79.9%  68.9 1681s
H175115 127103                    4585950.4375 923431.649  79.9%  69.0 1681s
 175469 127358 1039274.37   33  404 4585950.44 923572.700  79.9%  69.1 1689s
H175479 127353                    4585865.4393 923572.700  79.9%  69.1 1689s
H175558 127452                    4585808.6475 923572.700  79.9%  69.1 1692s
 175729 127683 1277963.43   39  369 4585808.65 924023.784  79.9%  69.2 1696s
 175990 127782 4321804.74   96  213 4585808.65 924115.971  79.8%  69.3 1700s
 176366 128112 1100230.25   31  398 4585808.65 924507.864  79.8%  69.5 1707s
 176562 128254 1343297.56   29  376 4585808.65 925143.924  79.8%  69.6 1711s
 176938 128610 1126639.60   36  377 4585808.65 925817.136  79.8%  69.8 1717s
 177155 128752 1391151.26   35  376 4585808.65 925934.249  79.8%  69.9 1721s
 177401 128880 1108564.53   32  403 4585808.65 926297.713  79.8%  69.9 1725s
 177743 129188 4167940.34   84  257 4585808.65 926574.815  79.8%  70.1 1732s
 177939 129357 1100622.49   33  398 4585808.65 926816.225  79.8%  70.1 1736s
 178326 129671 1134860.86   33  372 4585808.65 927278.654  79.8%  70.3 1740s
 178705 129944 1062811.87   33  392 4585808.65 927593.664  79.8%  70.5 1745s
H178781 129944                    4585805.6959 927593.664  79.8%  70.6 1745s
 179004 130266 1379589.25   35  395 4585805.70 928159.460  79.8%  70.7 1751s
 179415 130622 3195198.02   70  269 4585805.70 928415.769  79.8%  70.9 1756s
H179639 130736                    4585804.7531 928453.837  79.8%  70.9 1758s
H179734 130736                    4585799.9621 928493.161  79.8%  71.0 1758s
 179803 130902 1037911.99   29  399 4585799.96 929592.591  79.7%  71.0 1761s
 180141 131192 3370252.51   64  219 4585799.96 929832.058  79.7%  71.2 1766s
H180326 131308                    4585799.9129 930511.926  79.7%  71.3 1768s
 180480 131470 2987320.45   69  255 4585799.91 931000.286  79.7%  71.4 1771s
H180790 131554                    4585618.2303 931208.575  79.7%  71.5 1774s
 180861 131719 4533362.22   88  239 4585618.23 931450.220  79.7%  71.5 1777s
 181082 131822 1519784.63   37  378 4585618.23 931647.655  79.7%  71.6 1782s
H181183 131822                    4585617.9554 931647.655  79.7%  71.7 1782s
H181213 131934                    4585616.4912 931647.655  79.7%  71.7 1785s
H181347 132081                    4585587.9116 931940.724  79.7%  71.8 1790s
H181533 132206                    4585587.8688 932119.667  79.7%  71.8 1794s
H181622 132201                    4585566.5325 932165.988  79.7%  71.9 1794s
 181703 132340 1213879.04   33  379 4585566.53 932974.060  79.7%  71.9 1797s
H181866 132453                    4585566.4897 933234.815  79.6%  72.0 1802s
 182035 132576 2254978.29   52  282 4585566.49 934772.946  79.6%  72.0 1806s
 182345 132854 3006976.58   64  316 4585566.49 935015.916  79.6%  72.2 1813s
 182562 133083 1418610.94   39  372 4585566.49 935245.415  79.6%  72.3 1817s
H182706 133082                    4585554.5471 935245.415  79.6%  72.3 1817s
 182871 133305 1734456.78   40  339 4585554.55 935508.115  79.6%  72.4 1821s
 183150 133437 2299206.96   54  274 4585554.55 936027.834  79.6%  72.4 1825s
 183504 133816 1154864.51   29  386 4585554.55 937860.606  79.5%  72.6 1833s
H183768 133981                    4585541.1452 937956.435  79.5%  72.7 1837s
H183976 134172                    4585539.6810 938231.034  79.5%  72.8 1840s
 184437 134449 3056948.50   71  220 4585539.68 939423.240  79.5%  73.0 1847s
 184577 134637 1166133.59   39  366 4585539.68 940055.006  79.5%  73.1 1850s
 184845 134783 1327063.31   36  367 4585539.68 940055.006  79.5%  73.1 1855s
 185225 135069 2691232.82   62  272 4585539.68 940127.649  79.5%  73.3 1863s
H185374 135248                    4585525.9148 940127.649  79.5%  73.4 1867s
 185556 135387 3776421.87   72  258 4585525.91 940129.774  79.5%  73.5 1871s
 185740 135571 1931140.15   46  293 4585525.91 940420.250  79.5%  73.6 1875s
H186051 135716                    4585514.0308 940817.452  79.5%  73.7 1879s
 186172 135910 2176049.43   47  290 4585514.03 941136.316  79.5%  73.7 1882s
 186411 136046 1199223.49   31  376 4585514.03 941319.063  79.5%  73.8 1886s
 186774 136393 1054119.43   29  403 4585514.03 941649.499  79.5%  73.9 1893s
 186986 136557 2981527.20   64  224 4585514.03 941693.807  79.5%  74.0 1897s
 187195 136727 2138449.15   50  341 4585514.03 941759.219  79.5%  74.0 1902s
 187383 136789 4130184.72   82  231 4585514.03 941777.973  79.5%  74.1 1906s
H187445 136787                    4585507.6804 941777.973  79.5%  74.2 1906s
 187502 136949 1064258.71   35  371 4585507.68 941788.508  79.5%  74.2 1910s
 187963 137340 1291252.02   35  396 4585507.68 942699.283  79.4%  74.3 1918s
H188149 137486                    4585507.5427 942734.951  79.4%  74.4 1922s
 188374 137610 1469323.58   39  384 4585507.54 942912.436  79.4%  74.4 1926s
 188508 137736 3146581.59   60  322 4585507.54 942979.910  79.4%  74.5 1930s
H188655 137868                    4585494.3609 943210.880  79.4%  74.5 1934s
 188836 138039 1005816.07   31  423 4585494.36 943413.041  79.4%  74.6 1938s
 189042 138233 1081677.44   30  395 4585494.36 943701.984  79.4%  74.7 1943s
 189278 138637 1183765.32   38  352 4585494.36 943701.984  79.4%  74.8 1948s
 189734 138732 4208708.19   92  249 4585494.36 943710.731  79.4%  74.8 1953s
H189867 138907                    4585494.3414 944116.390  79.4%  74.9 1958s
 190066 139007 1832251.03   47  309 4585494.34 944388.862  79.4%  74.9 1962s
 190186 139141 infeasible   92      4585494.34 944568.201  79.4%  75.0 1966s
 190356 139252 1291568.09   39  388 4585494.34 944615.830  79.4%  75.1 1970s
H190499 139406                    4585487.1868 944636.612  79.4%  75.1 1974s
 190704 139582 1060568.94   31  390 4585487.19 944836.615  79.4%  75.3 1978s
 190904 139804 3859032.79   74  261 4585487.19 945194.954  79.4%  75.3 1981s
 191167 139969 3310645.85   71  273 4585487.19 945435.085  79.4%  75.4 1985s
 191577 140295 2555298.87   55  278 4585487.19 946067.616  79.4%  75.6 1992s
 191788 140477 3850062.75   73  266 4585487.19 946338.612  79.4%  75.6 1997s
H191905 140467                    4585446.1648 946338.612  79.4%  75.7 1997s
 192094 140612 1810788.47   48  335 4585446.16 947308.879  79.3%  75.7 2000s
 192860 141203 4570840.30  337  154 4585446.16 947483.738  79.3%  75.7 2007s
 193037 141331 4260188.24   67  246 4585446.16 947772.078  79.3%  75.8 2011s
 193346 141576 1187846.94   28  376 4585446.16 948652.124  79.3%  76.0 2018s
H193498 141692                    4585443.2374 948770.716  79.3%  76.1 2022s
 193632 141893 1949242.78   39  321 4585443.24 948874.389  79.3%  76.1 2026s
H193781 141890                    4585433.3481 948874.389  79.3%  76.1 2026s
 193863 142035 4371146.28   89  180 4585433.35 948948.935  79.3%  76.2 2030s
H194150 142217                    4585405.3262 948948.935  79.3%  76.3 2034s
 194265 142359 2652757.99   58  321 4585405.33 949196.474  79.3%  76.3 2037s
H194458 142468                    4585266.7824 949350.108  79.3%  76.4 2040s
H194644 142638                    4585256.1874 949644.112  79.3%  76.5 2044s
 194862 142896 1143531.32   32  404 4585256.19 949915.637  79.3%  76.6 2047s
 195144 143173 1017400.55   27  373 4585256.19 950082.602  79.3%  76.6 2050s
 196038 143797 2928198.16   57  294 4585256.19 950140.094  79.3%  76.5 2058s
 196268 143962 2605150.76   62  327 4585256.19 950287.101  79.3%  76.5 2061s
 196476 144086 3118392.23   79  256 4585256.19 950553.385  79.3%  76.6 2065s
H196830 144412                    4585251.5752 950953.289  79.3%  76.8 2071s
 197212 144714 2126439.14   51  336 4585251.58 951222.169  79.3%  76.9 2077s
 197432 144829 1170332.64   32  387 4585251.58 951411.933  79.3%  77.0 2080s
H197573 145009                    4585233.3490 951423.982  79.3%  77.0 2084s
 197801 145166 1407113.76   32  369 4585233.35 951810.502  79.2%  77.1 2088s
 197988 145382 3318627.95   60  277 4585233.35 951826.173  79.2%  77.1 2091s
 198270 145485 1618971.42   41  373 4585233.35 951906.389  79.2%  77.2 2095s
 198516 145720 3696820.26   66  224 4585233.35 952141.016  79.2%  77.3 2102s
 198655 145900 2523654.77   56  284 4585233.35 952141.016  79.2%  77.3 2106s
 198879 146029 1164200.28   32  392 4585233.35 952501.151  79.2%  77.4 2110s
 199263 146333 1808570.65   42  357 4585233.35 952659.959  79.2%  77.5 2118s
 199430 146485 1066097.77   30  399 4585233.35 952896.621  79.2%  77.6 2122s
 199600 146647 3655481.72   69  288 4585233.35 952992.683  79.2%  77.6 2125s
 199962 146942 1499559.50   42  312 4585233.35 953444.472  79.2%  77.8 2133s
H200147 147139                    4585223.4093 953444.472  79.2%  78.0 2136s
 200381 147231 1662158.73   47  362 4585223.41 953444.472  79.2%  78.0 2140s
 200693 147516 1437611.05   39  352 4585223.41 953444.472  79.2%  78.1 2146s
 200904 147666 3463145.39   77  268 4585223.41 953542.550  79.2%  78.2 2150s
 201324 147974 1010264.47   30  384 4585223.41 953594.075  79.2%  78.4 2157s
 201472 148153 3907688.05   62  299 4585223.41 953704.218  79.2%  78.4 2161s
 201874 148412 1066248.32   35  380 4585223.41 954078.343  79.2%  78.5 2167s
H201999 148554                    4585221.7244 954078.343  79.2%  78.7 2172s
 202164 148673 3773492.46   68  269 4585221.72 954193.416  79.2%  78.7 2175s
H202380 148796                    4585220.4818 954290.680  79.2%  78.8 2178s
 202460 148965 1188102.37   25  390 4585220.48 954371.625  79.2%  78.8 2182s
H202690 149107                    4585191.2359 954427.721  79.2%  78.9 2186s
 202835 149281 3815349.32   71  213 4585191.24 954427.721  79.2%  79.0 2190s
 203201 149596 2286907.23   52  279 4585191.24 954586.423  79.2%  79.1 2197s
 203450 149697 4117635.60   59  267 4585191.24 954604.003  79.2%  79.2 2201s
H203565 149742                    4585156.7569 954604.003  79.2%  79.2 2204s
 203650 149880 1923752.00   47  302 4585156.76 954880.187  79.2%  79.3 2208s
H203728 149880                    4585155.9627 954880.187  79.2%  79.4 2208s
 203818 150027 1080032.23   32  394 4585155.96 954939.688  79.2%  79.4 2211s
H204075 150170                    4585154.2778 954961.461  79.2%  79.5 2214s
H204155 150335                    4585133.1837 954977.235  79.2%  79.5 2218s
 204352 150441 2003165.89   44  287 4585133.18 955051.291  79.2%  79.6 2222s
H204465 150430                    4585070.2884 955074.972  79.2%  79.6 2222s
 204544 150612 1374711.05   36  380 4585070.29 955076.229  79.2%  79.6 2226s
H204666 150612                    4585070.2562 955076.229  79.2%  79.6 2226s
 204980 150897 2002816.82   45  294 4585070.26 955175.616  79.2%  79.7 2232s
H205082 150897                    4585070.2358 955198.044  79.2%  79.8 2232s
 205175 151017 2892470.08   59  281 4585070.24 955309.349  79.2%  79.8 2236s
 205317 151082 2334668.86   51  310 4585070.24 955396.565  79.2%  79.8 2240s
H205364 151074                    4585010.0392 955509.102  79.2%  79.8 2240s
 205402 151222 1201564.51   33  394 4585010.04 955552.025  79.2%  79.9 2246s
H205585 151371                    4585010.0374 955564.991  79.2%  79.9 2250s
 205960 151736 2197656.22   52  286 4585010.04 955591.352  79.2%  80.0 2258s
 206180 151857 3025798.42   67  290 4585010.04 955594.316  79.2%  80.1 2262s
 206353 151931 4388985.13   81  181 4585010.04 955678.191  79.2%  80.2 2266s
 206619 152256 1908005.82   52  295 4585010.04 955721.913  79.2%  80.4 2272s
H206727 152256                    4585009.8330 955721.913  79.2%  80.4 2272s
 206835 152393 4313641.65   85  251 4585009.83 955760.957  79.2%  80.5 2277s
 207013 152548 1187794.46   32  383 4585009.83 955994.064  79.1%  80.6 2280s
 207341 152757 1599362.47   36  339 4585009.83 956248.354  79.1%  80.8 2288s
 207445 152913 2473934.28   53  266 4585009.83 956281.406  79.1%  80.8 2292s
 207649 153078 3417032.69   73  227 4585009.83 956356.813  79.1%  80.9 2296s
 207864 153322 1328925.91   34  364 4585009.83 956485.972  79.1%  80.9 2300s
 208150 153496 3363696.56   67  222 4585009.83 956485.972  79.1%  81.0 2305s
 208529 153780 1382376.99   34  385 4585009.83 956730.051  79.1%  81.1 2312s
H208610 153780                    4585009.8325 956730.051  79.1%  81.1 2312s
 208697 153930 2356725.16   46  328 4585009.83 956802.553  79.1%  81.1 2316s
H208809 153899                    4584892.6606 956802.553  79.1%  81.2 2316s
 208885 154059 2619933.71   53  295 4584892.66 956865.014  79.1%  81.2 2320s
 209243 154319 964089.059   35  390 4584892.66 956941.821  79.1%  81.4 2327s
 209386 154408 1250295.13   35  345 4584892.66 956977.473  79.1%  81.5 2331s
 209503 154570 1446729.94   40  383 4584892.66 957073.393  79.1%  81.6 2336s
H209610 154570                    4584892.6114 957073.393  79.1%  81.6 2336s
 209959 154894 1078494.18   24  407 4584892.61 957254.136  79.1%  81.8 2344s
H210154 155111                    4584838.9117 957359.641  79.1%  81.8 2347s
 210429 155247 3346766.37   77  267 4584838.91 957368.884  79.1%  81.9 2352s
H210524 155234                    4584802.1614 957373.556  79.1%  82.0 2352s
 210601 155338 2720526.23   55  263 4584802.16 957390.189  79.1%  82.0 2356s
 210721 155489 3262605.02   63  271 4584802.16 957415.562  79.1%  82.0 2360s
H210815 155489                    4584800.4765 957415.562  79.1%  82.0 2360s
 211237 155864 2025225.78   45  295 4584800.48 957577.461  79.1%  82.1 2367s
 211369 156022 1910925.52   42  354 4584800.48 957598.488  79.1%  82.2 2371s
H211468 156022                    4584796.7330 957617.289  79.1%  82.2 2371s
 211790 156422 1065248.64   33  392 4584796.73 957705.900  79.1%  82.3 2378s
 212036 156618 2812928.92   57  316 4584796.73 957705.900  79.1%  82.4 2382s
 212232 156749 4264361.93   73  249 4584796.73 957878.181  79.1%  82.4 2386s
 212437 156880 4163763.55   90  225 4584796.73 957939.025  79.1%  82.4 2390s
 212609 156999 4579181.70  103  195 4584796.73 957952.855  79.1%  82.5 2395s
 212906 157268 2482470.27   57  286 4584796.73 958106.847  79.1%  82.7 2402s
 213096 157430 1098622.11   35  387 4584796.73 958106.847  79.1%  82.8 2407s
 213287 157564 1072142.83   30  384 4584796.73 958107.613  79.1%  82.9 2411s
 213435 157673 3962390.66   62  251 4584796.73 958226.941  79.1%  82.9 2415s
 213753 157978 1200415.89   35  390 4584796.73 958360.884  79.1%  83.0 2423s
 213964 158223 2701882.04   52  328 4584796.73 958407.700  79.1%  83.1 2428s
 214275 158379 2432666.44   49  290 4584796.73 958487.352  79.1%  83.1 2431s
 214467 158560 1244352.89   37  387 4584796.73 958487.840  79.1%  83.1 2435s
 214885 158915 2193085.98   40  347 4584796.73 958660.437  79.1%  83.2 2441s
 215348 159166 4177030.84   99  215 4584796.73 958875.797  79.1%  83.3 2448s
 215446 159281 1208660.67   33  390 4584796.73 958875.797  79.1%  83.4 2451s
 215790 159588 1020090.05   33  414 4584796.73 958880.498  79.1%  83.6 2459s
 215940 159695 3717693.22   77  262 4584796.73 959021.196  79.1%  83.6 2463s
 216084 159859 1080529.73   32  399 4584796.73 959056.668  79.1%  83.7 2467s
 216283 160067 3737519.58   70  289 4584796.73 959074.572  79.1%  83.8 2471s
H216511 160189                    4584790.8879 959074.572  79.1%  83.8 2475s
 216693 160377 1711321.99   46  324 4584790.89 959277.637  79.1%  83.9 2480s
H216791 160376                    4584787.9604 959277.637  79.1%  83.9 2480s
 217125 160726 4394960.94   84  252 4584787.96 959321.396  79.1%  84.0 2488s
 217325 160842 1250220.80   30  393 4584787.96 959441.369  79.1%  84.0 2492s
 217464 160957 1327055.46   33  390 4584787.96 959445.367  79.1%  84.1 2496s
 217632 161129 1388202.16   38  369 4584787.96 959454.492  79.1%  84.2 2501s
H217755 161124                    4584768.0520 959454.492  79.1%  84.2 2501s
H217952 161302                    4584765.1245 959472.477  79.1%  84.3 2504s
 218052 161472     cutoff   76      4584765.12 959495.713  79.1%  84.4 2508s
H218053 161468                    4584750.5133 959495.713  79.1%  84.4 2508s
 218252 161629 2129447.38   51  317 4584750.51 959514.773  79.1%  84.4 2511s
 218464 161746 3943900.65   86  227 4584750.51 959533.351  79.1%  84.5 2516s
 218627 161951 4465189.70   88  226 4584750.51 959567.564  79.1%  84.6 2521s
 218877 162134 2527318.65   57  306 4584750.51 959609.967  79.1%  84.6 2526s
H218937 162133                    4584747.5096 959609.967  79.1%  84.7 2526s
H219102 162189                    4584747.2713 959616.784  79.1%  84.7 2532s
 219180 162289 2177214.18   41  344 4584747.27 959616.784  79.1%  84.8 2535s
 219423 162544 2003010.62   49  313 4584747.27 959677.151  79.1%  84.9 2542s
 219609 162680 2135583.17   55  300 4584747.27 959716.771  79.1%  85.0 2546s
H219773 162775                    4584597.8597 959717.373  79.1%  85.1 2551s
H219943 162941                    4584596.7500 959788.055  79.1%  85.2 2555s
H220076 162903                    4584555.1900 959788.055  79.1%  85.2 2555s
H220141 163044                    4584536.9769 959788.055  79.1%  85.2 2560s
 220380 163229 1101092.29   30  405 4584536.98 959876.727  79.1%  85.2 2565s
H220702 163359                    4584533.6781 959953.236  79.1%  85.3 2569s
H220774 163445                    4584520.1653 959953.236  79.1%  85.4 2573s
 220936 163537 1130077.83   32  392 4584520.17 960030.779  79.1%  85.4 2578s
 221054 163677 1079105.84   27  385 4584520.17 960045.088  79.1%  85.5 2582s
 221244 163857 2087261.18   51  314 4584520.17 960061.612  79.1%  85.6 2587s
 221462 164094 1226450.63   31  377 4584520.17 960121.587  79.1%  85.6 2591s
 221743 164246 2265783.76   56  302 4584520.17 960167.271  79.1%  85.7 2595s
H222142 164625                    4584376.2319 960239.252  79.1%  85.9 2603s
 222367 164807 2715548.74   56  265 4584376.23 960274.370  79.1%  86.0 2607s
H222605 164982                    4583988.3050 960352.528  79.0%  86.0 2612s
 222817 165142 1457353.54   38  345 4583988.31 960405.890  79.0%  86.1 2617s
 223072 165371 2249562.14   49  318 4583988.31 960439.603  79.0%  86.2 2622s
 223328 165516 3810649.84   64  290 4583988.31 960481.930  79.0%  86.2 2626s
 223488 165679 3393934.74   70  278 4583988.31 960484.750  79.0%  86.3 2630s
 223703 165854 1015858.58   34  410 4583988.31 960506.951  79.0%  86.3 2635s
H223855 165854                    4583988.0537 960506.951  79.0%  86.3 2635s
 224067 166089 1810186.48   45  316 4583988.05 960587.318  79.0%  86.4 2643s
 224213 166245 1413199.84   38  373 4583988.05 960643.583  79.0%  86.5 2647s
H224301 166237                    4583930.2786 960643.583  79.0%  86.5 2647s
 224422 166402 2252200.51   39  349 4583930.28 960699.674  79.0%  86.5 2652s
 224615 166574 1093501.99   29  393 4583930.28 960749.610  79.0%  86.5 2655s
H224910 166688                    4583927.4464 960775.566  79.0%  86.6 2659s
 224992 167141 2578100.09   63  282 4583927.45 960785.680  79.0%  86.7 2664s
H225461 167284                    4583914.9194 960785.680  79.0%  86.7 2670s
H225853 167545                    4583914.9102 960938.781  79.0%  86.8 2678s
 225988 167602 3390246.12   57  279 4583914.91 960938.781  79.0%  86.8 2682s
H225993 167601                    4583902.1242 960938.781  79.0%  86.8 2682s
 226061 167691 3500301.35   60  275 4583902.12 960938.781  79.0%  86.9 2687s
 226166 167849 3656988.03   63  260 4583902.12 960979.926  79.0%  86.9 2692s
 226361 167987 2315045.31   45  343 4583902.12 960990.770  79.0%  86.9 2696s
 226539 168109 1016858.45   28  412 4583902.12 961118.573  79.0%  87.0 2700s
 226834 168353 1764212.04   40  359 4583902.12 961251.316  79.0%  87.1 2708s
 226984 168474 2581342.89   52  285 4583902.12 961303.427  79.0%  87.2 2713s
H227132 168665                    4583895.5686 961400.414  79.0%  87.2 2717s
 227347 168814 3398836.93   65  280 4583895.57 961621.341  79.0%  87.3 2721s
 227528 168963 1422730.85   34  373 4583895.57 961651.836  79.0%  87.3 2725s
 227700 169168 1712101.66   37  361 4583895.57 961671.285  79.0%  87.4 2730s
 228188 169526 1035800.40   34  403 4583895.57 961744.451  79.0%  87.5 2740s
 228359 169932 2884650.38   59  269 4583895.57 961761.762  79.0%  87.5 2745s
 228793 170504 4196931.48   89  202 4583895.57 961793.559  79.0%  87.5 2751s
 229462 170929 1562078.95   37  377 4583895.57 961861.653  79.0%  87.3 2755s
 230155 171368 4353738.02   92  210 4583895.57 962035.373  79.0%  87.3 2763s
 230537 171513 1110608.30   26  389 4583895.57 962096.981  79.0%  87.3 2766s
 230693 171617     cutoff   80      4583895.57 962111.502  79.0%  87.3 2770s
 231010 171892 2646821.09   57  298 4583895.57 962290.121  79.0%  87.5 2777s
 231182 171930 2375949.41   52  310 4583895.57 962386.126  79.0%  87.5 2780s
 231388 172218 3211893.52   52  316 4583895.57 962444.623  79.0%  87.5 2787s
 231569 172320 1179683.40   34  408 4583895.57 962572.635  79.0%  87.6 2791s
 231695 172483 infeasible   93      4583895.57 962614.275  79.0%  87.7 2795s
 232098 172762 2247875.40   52  313 4583895.57 962755.145  79.0%  87.8 2802s
 232287 172905 2238420.84   44  335 4583895.57 962755.145  79.0%  87.9 2806s
 232462 173028 1792094.21   43  334 4583895.57 962781.858  79.0%  87.9 2810s
 232864 173406 3493295.52   68  235 4583895.57 962842.052  79.0%  88.0 2817s
 233078 173611 1312585.59   38  364 4583895.57 962903.513  79.0%  88.1 2821s
 233330 173767 4015583.46   82  233 4583895.57 962949.429  79.0%  88.1 2825s
H233789 174053                    4583872.0808 963008.976  79.0%  88.2 2833s
 233920 174175 2060222.46   39  353 4583872.08 963008.976  79.0%  88.3 2836s
 234057 174337 1523619.73   38  343 4583872.08 963043.095  79.0%  88.4 2840s
H234239 174145                    4582999.0128 963047.208  79.0%  88.5 2844s
 234404 174300 1123817.43   34  400 4582999.01 963186.997  79.0%  88.5 2848s
 234626 174516 1021354.17   24  405 4582999.01 963201.152  79.0%  88.6 2851s
 234854 174677 4259724.08   76  175 4582999.01 963300.184  79.0%  88.6 2855s
 235238 174920 3309982.27   66  269 4582999.01 963477.697  79.0%  88.8 2862s
H235296 174918                    4582986.8166 963477.697  79.0%  88.8 2863s
 235357 175074 2435563.96   51  297 4582986.82 963504.569  79.0%  88.8 2867s
 235542 175275 3744557.72   62  282 4582986.82 963538.457  79.0%  88.9 2871s
 235761 175400 3948679.66   72  264 4582986.82 963552.483  79.0%  88.9 2875s
 236221 175724 2367575.67   43  349 4582986.82 963685.060  79.0%  89.0 2883s
H236364 175833                    4582986.5144 963697.624  79.0%  89.0 2888s
 236498 175976 2682825.63   56  309 4582986.51 963710.152  79.0%  89.1 2892s
 236670 176168 2448589.52   54  308 4582986.51 963773.569  79.0%  89.2 2896s
 236888 176360 2348584.13   47  305 4582986.51 963805.326  79.0%  89.2 2900s
 237318 176656 3048014.41   63  277 4582986.51 963983.081  79.0%  89.3 2908s
H237497 176845                    4582750.0035 963983.081  79.0%  89.5 2912s
 237750 176976 1025764.95   30  398 4582750.00 964089.059  79.0%  89.5 2915s
 238072 177305 1404473.52   31  381 4582750.00 964267.426  79.0%  89.6 2920s
 238340 177400 2656555.50   65  281 4582750.00 964277.777  79.0%  89.7 2925s
 238695 177717 1144528.64   33  396 4582750.00 964508.650  79.0%  89.7 2934s
H238776 177717                    4582749.6544 964508.650  79.0%  89.8 2934s
 238868 177864 2030648.13   50  284 4582749.65 964548.206  79.0%  89.8 2937s
 239047 177988 2694450.74   46  322 4582749.65 964574.245  79.0%  89.9 2941s
 239201 178094 1592785.97   39  348 4582749.65 964658.644  79.0%  89.9 2945s
 239664 178454 2706416.28   53  272 4582749.65 964749.101  78.9%  90.0 2952s
H239826 178583                    4582677.7654 964768.714  78.9%  90.1 2955s
H240175 178814                    4582669.0288 964802.725  78.9%  90.2 2959s
 240283 178942 2166798.35   49  312 4582669.03 964816.126  78.9%  90.2 2963s
 240473 179079 2790534.22   60  280 4582669.03 964825.121  78.9%  90.2 2967s
 240633 179279 3151406.02   65  244 4582669.03 964877.419  78.9%  90.3 2971s
 240906 179460 1972751.72   39  369 4582669.03 965011.806  78.9%  90.3 2976s
 241227 179630 3198280.94   61  284 4582669.03 965086.187  78.9%  90.4 2985s
 241387 179903 1516069.62   35  356 4582669.03 965088.513  78.9%  90.4 2992s
 241618 179954 2196879.29   49  302 4582669.03 965154.166  78.9%  90.4 2997s
H241679 180087                    4582656.5408 965154.166  78.9%  90.5 3000s
 241980 180356 2866176.41   53  281 4582656.54 965290.867  78.9%  90.6 3007s
 242149 180487 973902.512   31  404 4582656.54 965389.932  78.9%  90.7 3011s
 242300 180628 1635430.81   37  311 4582656.54 965413.727  78.9%  90.8 3015s
 242689 180910 1082643.12   32  400 4582656.54 965488.911  78.9%  90.9 3022s
 242849 181096 2945572.24   67  285 4582656.54 965501.805  78.9%  91.0 3026s
 243318 181454 1847153.61   44  319 4582656.54 965595.335  78.9%  91.1 3033s
 243575 181931 4465943.36   80  193 4582656.54 965730.699  78.9%  91.2 3038s
 244139 182092 1142168.93   30  410 4582656.54 965730.699  78.9%  91.1 3041s
 244320 182267 infeasible   80      4582656.54 965790.721  78.9%  91.1 3045s
 244723 182584 4571401.41   88  192 4582656.54 966045.011  78.9%  91.2 3053s
 244917 182681 2395434.74   52  317 4582656.54 966059.897  78.9%  91.3 3059s
H245005 182681                    4582653.5550 966059.897  78.9%  91.3 3059s
 245051 182758 1200371.55   34  393 4582653.55 966161.894  78.9%  91.3 3063s
 245135 182862 1312050.89   37  375 4582653.55 966161.894  78.9%  91.3 3066s
H245206 182862                    4582651.2660 966161.894  78.9%  91.4 3066s
 245267 182963 2311265.09   53  308 4582651.27 966291.367  78.9%  91.4 3070s
H245559 183012                    4580938.7999 966424.914  78.9%  91.6 3077s
H245738 183093                    4580796.2002 966527.869  78.9%  91.6 3082s
H245818 183058                    4580483.1155 966609.224  78.9%  91.6 3082s
 245883 183233 1074253.53   27  404 4580483.12 966643.226  78.9%  91.7 3086s
 246084 183355 3193931.86   73  279 4580483.12 966710.806  78.9%  91.7 3090s
 246354 183618 1263908.96   31  412 4580483.12 966836.339  78.9%  91.8 3098s
H246440 183584                    4580237.7824 966836.339  78.9%  91.8 3098s
H246528 183819                    4580224.0524 966836.339  78.9%  91.9 3102s
 246814 183929 978694.842   28  404 4580224.05 967130.778  78.9%  91.9 3108s
H246954 184101                    4580210.5717 967154.509  78.9%  91.9 3112s
 247157 184263 3631441.26   73  265 4580210.57 967161.213  78.9%  92.0 3116s
 247412 184375 2299875.51   50  299 4580210.57 967241.315  78.9%  92.0 3120s
 247888 184744 4152723.64   92  206 4580210.57 967453.133  78.9%  92.1 3127s
H247973 184744                    4580202.5455 967453.133  78.9%  92.2 3127s
 248030 184905 4493527.71   89  233 4580202.55 967489.112  78.9%  92.2 3132s
 248243 184982 infeasible   86      4580202.55 967542.598  78.9%  92.3 3135s
 248491 185292 1392522.32   38  380 4580202.55 967787.762  78.9%  92.4 3142s
 248706 185447 4282864.90   76  261 4580202.55 967917.513  78.9%  92.5 3146s
 249082 185747 4205008.38   74  259 4580202.55 968055.550  78.9%  92.6 3154s
H249190 185725                    4580091.4304 968055.550  78.9%  92.6 3154s
 249306 185948 1516048.58   32  385 4580091.43 968064.762  78.9%  92.6 3158s
 249550 186067 4127548.39   64  273 4580091.43 968127.994  78.9%  92.7 3162s
 249718 186249 1221743.52   33  394 4580091.43 968343.134  78.9%  92.7 3166s
 249927 186434 2858231.25   60  281 4580091.43 968373.925  78.9%  92.8 3171s
H250150 186549                    4580080.3575 968401.489  78.9%  92.8 3174s
 250302 186726 1143024.70   31  400 4580080.36 968555.283  78.9%  92.9 3178s
 250503 186857 4403569.32   77  228 4580080.36 968579.808  78.9%  93.0 3181s
 250669 187076 1200044.48   36  385 4580080.36 968630.217  78.9%  93.1 3185s
H250827 187076                    4580080.3443 968630.217  78.9%  93.1 3186s
 250903 187232 4173940.82   81  209 4580080.34 968757.771  78.8%  93.1 3190s
 251299 187502 1438588.68   37  373 4580080.34 968892.402  78.8%  93.2 3197s
H251349 187501                    4580078.4842 968892.402  78.8%  93.2 3197s
H251457 187683                    4580051.1795 968892.402  78.8%  93.3 3201s
 251668 187860     cutoff   87      4580051.18 968992.257  78.8%  93.3 3206s
 251877 187986 3469996.16   67  275 4580051.18 969076.931  78.8%  93.3 3211s
H252042 187964                    4579937.4598 969086.412  78.8%  93.4 3211s
 252043 188104 4040274.35   75  194 4579937.46 969163.197  78.8%  93.4 3215s
 252324 188332 2702633.19   57  290 4579937.46 969399.431  78.8%  93.6 3224s
H252500 188464                    4579935.9202 969403.355  78.8%  93.6 3227s
 252671 188606 3746422.26   70  218 4579935.92 969474.508  78.8%  93.7 3232s
 252925 188784 3244913.61   68  286 4579935.92 969530.801  78.8%  93.8 3236s
 253145 188933 2022808.48   47  302 4579935.92 969626.525  78.8%  93.8 3240s
 253553 189279 2312246.40   55  299 4579935.92 970038.089  78.8%  94.0 3248s
 253787 189397 infeasible   93      4579935.92 970143.694  78.8%  94.0 3253s
 253963 189548     cutoff   81      4579935.92 970216.019  78.8%  94.1 3256s
 254134 189723 1927805.69   45  340 4579935.92 970238.557  78.8%  94.2 3261s
 254354 189929 infeasible   89      4579935.92 970304.484  78.8%  94.2 3266s
H254357 189929                    4579934.9702 970304.484  78.8%  94.2 3266s
H254593 190104                    4579926.5949 970313.164  78.8%  94.3 3270s
 254996 190406 2739191.50   61  247 4579926.59 970707.512  78.8%  94.4 3279s
 255169 190517 4363347.31   82  249 4579926.59 970854.480  78.8%  94.5 3283s
 255311 190683 1241172.57   33  378 4579926.59 970953.238  78.8%  94.5 3287s
 255528 190810 1162943.94   27  402 4579926.59 970976.543  78.8%  94.6 3292s
 255691 191012 1196389.93   32  400 4579926.59 971023.423  78.8%  94.6 3296s
 255915 191197 2844529.91   61  272 4579926.59 971297.186  78.8%  94.7 3301s
 256305 191548 4279179.86   76  230 4579926.59 971583.820  78.8%  94.8 3307s
 256558 191728 3867388.96   82  254 4579926.59 971690.748  78.8%  94.9 3311s
 256812 191866 4002004.98   76  277 4579926.59 971735.879  78.8%  94.9 3315s
 257006 192024 1636426.56   36  354 4579926.59 971815.854  78.8%  94.9 3321s
 257308 192637 2066970.73   46  319 4579926.59 971974.789  78.8%  95.0 3330s
 258112 192938 2387290.89   54  279 4579926.59 972045.093  78.8%  94.9 3337s
 258288 193027 4071737.13   73  244 4579926.59 972083.213  78.8%  95.0 3341s
 258603 193295 2977192.15   55  291 4579926.59 972160.289  78.8%  95.1 3347s
 258779 193468 4397536.58   81  232 4579926.59 972172.195  78.8%  95.2 3350s
 258968 193626 4050985.96   74  215 4579926.59 972236.677  78.8%  95.2 3355s
H259092 193621                    4579910.1540 972236.677  78.8%  95.2 3355s
 259285 193876 2895291.99   58  322 4579910.15 972429.335  78.8%  95.3 3363s
 259499 194007 infeasible   78      4579910.15 972653.203  78.8%  95.4 3367s
 259658 194182 2130894.61   54  335 4579910.15 972764.454  78.8%  95.4 3372s
 259877 194300     cutoff   81      4579910.15 972830.147  78.8%  95.4 3375s
 260029 194401 1250703.04   31  396 4579910.15 972901.164  78.8%  95.5 3380s
H260255 194394                    4579270.9377 972962.728  78.8%  95.6 3384s
H260326 194474                    4579182.0023 972988.234  78.8%  95.6 3388s
 260453 194706 2338029.24   57  318 4579182.00 973002.263  78.8%  95.7 3393s
 260715 194931 2588399.25   51  277 4579182.00 973098.544  78.7%  95.8 3397s
 260970 195047 3599681.70   69  289 4579182.00 973201.144  78.7%  95.8 3402s
H261137 194376                    4575776.6064 973205.331  78.7%  95.8 3406s
H261297 194588                    4575758.7912 973304.333  78.7%  95.9 3411s
 261761 194890 1084308.50   29  416 4575758.79 973406.501  78.7%  96.0 3418s
H261949 194888                    4575281.9805 973406.746  78.7%  96.0 3422s
 262130 194977 2018513.33   49  347 4575281.98 973530.187  78.7%  96.1 3426s
 262241 195100 1081998.29   28  401 4575281.98 973575.919  78.7%  96.1 3430s
H262558 195437                    4575281.0305 973633.303  78.7%  96.3 3437s
 262784 195588 3929532.23   60  264 4575281.03 973674.332  78.7%  96.3 3440s
H263070 195669                    4575182.7065 973797.828  78.7%  96.4 3444s
 263136 195798 2307688.38   46  300 4575182.71 973855.057  78.7%  96.5 3448s
H263214 195719                    4574956.6325 973855.057  78.7%  96.5 3448s
 263293 195904 3322735.07   64  288 4574956.63 973897.432  78.7%  96.5 3452s
 263544 195981 2610651.26   58  281 4574956.63 974013.371  78.7%  96.5 3455s
H263973 196267                    4574915.0822 974099.607  78.7%  96.7 3462s
 264130 196391 2248504.39   46  312 4574915.08 974262.107  78.7%  96.8 3466s
 264278 196565 2984922.13   56  298 4574915.08 974300.526  78.7%  96.8 3470s
 264678 196946 2946291.49   66  312 4574915.08 974540.419  78.7%  97.0 3479s
H264828 196946                    4574914.5595 974540.419  78.7%  97.0 3479s
 264932 197094 1261633.12   33  378 4574914.56 974635.437  78.7%  97.0 3483s
 265116 197276 2299102.31   49  294 4574914.56 974765.623  78.7%  97.0 3487s
 265364 197383 2347678.13   49  308 4574914.56 974810.059  78.7%  97.1 3492s
H265469 197325                    4574632.6675 974810.059  78.7%  97.1 3492s
 265532 197505 2409935.63   51  332 4574632.67 974815.895  78.7%  97.1 3496s
H265639 197505                    4574632.5902 974815.895  78.7%  97.2 3496s
 265737 197613 2620146.92   56  298 4574632.59 974818.925  78.7%  97.2 3500s
H265808 197599                    4574566.4730 974818.925  78.7%  97.2 3500s
 266084 197914 2626619.76   47  342 4574566.47 974877.753  78.7%  97.3 3508s
 266256 198064 3432091.99   63  249 4574566.47 974943.614  78.7%  97.4 3512s
H266336 198045                    4574474.7384 974943.614  78.7%  97.4 3512s
 266465 198228 4509669.80   84  186 4574474.74 975110.798  78.7%  97.4 3517s
 266696 198384 1741518.05   44  331 4574474.74 975311.006  78.7%  97.4 3521s
 267094 198714 3269383.96   60  272 4574474.74 975388.132  78.7%  97.5 3528s
H267322 198714                    4574222.2774 975391.938  78.7%  97.5 3531s
 267445 198892 1406681.63   29  376 4574222.28 975458.939  78.7%  97.6 3535s
H267562 198748                    4573972.3096 975458.939  78.7%  97.6 3535s
H267745 198671                    4573596.2937 975525.855  78.7%  97.6 3540s
 267971 198886 1154411.49   28  398 4573596.29 975657.796  78.7%  97.7 3548s
 268112 199071 1697526.69   37  371 4573596.29 975657.796  78.7%  97.7 3553s
 268321 199183 2222524.16   45  337 4573596.29 975700.406  78.7%  97.7 3557s
 268461 199315 2785363.31   54  237 4573596.29 975709.824  78.7%  97.7 3562s
H268572 199315                    4573595.0760 975709.824  78.7%  97.8 3562s
 268655 199502 1878968.03   46  289 4573595.08 975786.238  78.7%  97.8 3566s
 268874 199647 3375659.14   63  314 4573595.08 975903.492  78.7%  97.9 3571s
 269081 199763 4444565.58   81  282 4573595.08 975971.333  78.7%  97.9 3575s
 269375 199973 1021615.07   29  412 4573595.08 976004.749  78.7%  98.1 3583s
 269467 200082 1725961.60   39  380 4573595.08 976028.398  78.7%  98.1 3588s
 269620 200215 1320093.79   33  372 4573595.08 976166.571  78.7%  98.2 3593s
 269787 200352 1749974.91   39  327 4573595.08 976292.655  78.7%  98.2 3597s
H269857 200352                    4573591.9553 976292.655  78.7%  98.2 3597s
H269951 200384                    4573362.0836 976318.200  78.7%  98.3 3600s

Cutting planes:
  Gomory: 1
  Implied bound: 31
  Projected implied bound: 1
  MIR: 1586
  StrongCG: 5
  Flow cover: 2721
  Inf proof: 6
  RLT: 71
  Relax-and-lift: 2

Explored 270049 nodes (26541943 simplex iterations) in 3600.10 seconds (2653.16 work units)
Thread count was 2 (of 24 available processors)

Solution count 10: 4.57336e+06 4.57359e+06 4.5736e+06 ... 4.57491e+06

Time limit reached
Best objective 4.573362083596e+06, best bound 9.763308669488e+05, gap 78.6518%
