
Gurobi 11.0.3 (linux64, Java) logging started qua 06 nov 2024 09:06:14 -03

Set parameter Username
Academic license - for non-commercial use only - expires 2025-10-10
Warning: Gurobi version mismatch between Java 11.0.1 and C library 11.0.3
Warning: Gurobi version mismatch between Java 11.0.1 and Jni 11.0.3
Set parameter NonConvex to value 2
Set parameter TimeLimit to value 3600
Set parameter LogToConsole to value 0
Set parameter MIPGap to value 4.7300647268466746e-08
Set parameter Threads to value 2
Set parameter NodefileDir to value "/home/ps12398/goal_programming/goalProgrammingMarcos/"
Set parameter NodefileStart to value 1
Gurobi Optimizer version 11.0.3 build v11.0.3rc0 (linux64)

CPU model: Intel(R) Xeon(R) CPU           X5650  @ 2.67GHz, instruction set [SSE2]
Thread count: 12 physical cores, 24 logical processors, using up to 2 threads

Optimize a model with 61275 rows, 41336 columns and 205069 nonzeros
Model fingerprint: 0x769512c7
Model has 148 quadratic constraints
Variable types: 20598 continuous, 20738 integer (143 binary)
Coefficient statistics:
  Matrix range     [7e-03, 6e+06]
  QMatrix range    [7e-03, 1e+05]
  QLMatrix range   [1e+00, 1e+05]
  Objective range  [1e+00, 4e+07]
  Bounds range     [1e+00, 1e+08]
  RHS range        [1e+00, 4e+05]
  QRHS range       [2e-01, 2e-01]
Presolve removed 60525 rows and 40414 columns
Presolve time: 0.09s
Presolved: 1811 rows, 1245 columns, 54298 nonzeros
Presolved model has 2 SOS constraint(s)
Presolved model has 143 bilinear constraint(s)

Solving non-convex MIQCP

Variable types: 524 continuous, 721 integer (145 binary)
Found heuristic solution: objective 1.242272e+07

Root relaxation: objective 0.000000e+00, 139 iterations, 0.00 seconds (0.00 work units)

    Nodes    |    Current Node    |     Objective Bounds      |     Work
 Expl Unexpl |  Obj  Depth IntInf | Incumbent    BestBd   Gap | It/Node Time

     0     0    0.00000    0  147 1.2423e+07    0.00000   100%     -    0s
H    0     0                       0.0000000    0.00000  0.00%     -    0s
     0     0    0.00000    0  147    0.00000    0.00000  0.00%     -    0s

Explored 1 nodes (161 simplex iterations) in 0.46 seconds (0.24 work units)
Thread count was 2 (of 24 available processors)

Solution count 2: 0 1.24227e+07 

Optimal solution found (tolerance 4.73e-08)
Best objective 0.000000000000e+00, best bound 0.000000000000e+00, gap 0.0000%
