
Gurobi 11.0.3 (linux64, Java) logging started ter 05 nov 2024 06:02:47 -03

Set parameter Username
Academic license - for non-commercial use only - expires 2025-10-10
Warning: Gurobi version mismatch between Java 11.0.1 and C library 11.0.3
Warning: Gurobi version mismatch between Java 11.0.1 and Jni 11.0.3
Set parameter NonConvex to value 2
Set parameter TimeLimit to value 3600
Set parameter LogToConsole to value 0
Set parameter MIPGap to value 4.7300647268466746e-08
Set parameter Threads to value 2
Set parameter NodefileDir to value "/home/ps12398/goal_programming/goalProgrammingMarcos/"
Set parameter NodefileStart to value 1
Gurobi Optimizer version 11.0.3 build v11.0.3rc0 (linux64)

CPU model: Intel(R) Xeon(R) CPU           X5650  @ 2.67GHz, instruction set [SSE2]
Thread count: 12 physical cores, 24 logical processors, using up to 2 threads

Optimize a model with 61275 rows, 41336 columns and 205069 nonzeros
Model fingerprint: 0xb61e2d9b
Model has 148 quadratic constraints
Variable types: 20598 continuous, 20738 integer (143 binary)
Coefficient statistics:
  Matrix range     [7e-03, 6e+06]
  QMatrix range    [7e-03, 1e+05]
  QLMatrix range   [1e+00, 1e+05]
  Objective range  [1e+00, 4e+07]
  Bounds range     [1e+00, 1e+08]
  RHS range        [1e+00, 2e+06]
  QRHS range       [1e-01, 1e-01]
Presolve removed 60525 rows and 40414 columns
Presolve time: 0.13s
Presolved: 1811 rows, 1245 columns, 54298 nonzeros
Presolved model has 2 SOS constraint(s)
Presolved model has 143 bilinear constraint(s)

Solving non-convex MIQCP

Variable types: 524 continuous, 721 integer (145 binary)
Found heuristic solution: objective 1.686622e+07

Root relaxation: objective 0.000000e+00, 222 iterations, 0.01 seconds (0.00 work units)

    Nodes    |    Current Node    |     Objective Bounds      |     Work
 Expl Unexpl |  Obj  Depth IntInf | Incumbent    BestBd   Gap | It/Node Time

     0     0    0.00000    0  179 1.6866e+07    0.00000   100%     -    0s
H    0     0                    1.676023e+07    0.00000   100%     -    0s
     0     0    0.00000    0  223 1.6760e+07    0.00000   100%     -    0s
H    0     0                    1.573510e+07    0.00000   100%     -    0s
     0     0    0.00000    0  182 1.5735e+07    0.00000   100%     -    0s
     0     0    0.00000    0  200 1.5735e+07    0.00000   100%     -    1s
H    0     0                    1.573506e+07    0.00000   100%     -    1s
     0     0    0.00000    0  204 1.5735e+07    0.00000   100%     -    1s
     0     0    0.00000    0  194 1.5735e+07    0.00000   100%     -    1s
     0     0    0.00000    0  199 1.5735e+07    0.00000   100%     -    1s
     0     2    0.00000    0  193 1.5735e+07    0.00000   100%     -    1s
H   26    51                    1.572665e+07    0.00000   100%  70.6    2s
H   40    51                    1.569862e+07    0.00000   100%  55.0    2s
H   66   111                    1.545649e+07    0.00000   100%  58.1    2s
H   92   111                    1.537644e+07    0.00000   100%  59.8    2s
H  184   230                    1.505421e+07    0.00000   100%  60.1    3s
H  246   756                    2588702.1665    0.00000   100%  58.8    4s
H  376   756                    2330122.2305    0.00000   100%  40.2    4s
H  755  1033                    2202142.6236    0.00000   100%  20.8    5s
H 1032  1141                    2159118.9921    0.00000   100%  15.5    6s
H 1266  1327                    2154361.8597    0.00000   100%  12.9    7s
H 2572  2760                    2154361.7537    0.00000   100%   7.4    9s
  3156  3408 238049.771 1214  156 2154361.75    0.00000   100%   6.3   10s
H 3858  3655                    2153238.5676    0.00000   100%   5.4   13s
  3866  3661 232367.179  422   76 2153238.57    0.00000   100%   5.4   15s
H 3866  3478                    2048390.6744    0.00000   100%   5.4   15s
H 3895  3333                    1930453.3342    0.00000   100%   8.1   16s
H 3922  3197                    1930453.2282    0.00000   100%   8.1   16s
  4322  3939 1800.47581  158  186 1930453.23    0.00000   100%  11.4   20s
H 5046  4018                    1847020.1996    0.00000   100%  11.3   22s
H 5496  4129                    1846766.1983    0.00000   100%  11.0   23s
H 5882  4012                    1833544.6524    0.00000   100%  10.8   24s
  5925  4065 655667.960  172  177 1833544.65    0.00000   100%  10.7   25s
H 5947  3924                    1636750.3707    0.00000   100%  10.7   25s
H 6492  4355                    1587282.4887    0.00000   100%  10.1   28s
  7059  4786 772567.567  555  168 1587282.49    0.00000   100%  10.0   30s
H 7173  4626                    1480381.3392    0.00000   100%   9.9   30s
H 7393  4883                    1411140.6193    0.00000   100%   9.9   31s
H 8427  5548                    1411140.5873    0.00000   100%   9.3   33s
H 8969  5745                    1377732.2113    0.00000   100%   9.0   34s
H 9452  5866                    1321831.9060    0.00000   100%   8.7   35s
H 9631  5712                    1263504.3757    0.00000   100%   8.6   35s
H 9834  6233                    1262184.3823    0.00000   100%   8.5   36s
H11217  7322                    1160998.8822    0.00000   100%   7.9   38s
H11217  7316                    1143447.7903    0.00000   100%   7.9   38s
 12071  8288 826979.757 1833  168 1143447.79    0.00000   100%   8.1   40s
H12434  8563                    1143444.0135    0.00000   100%   8.2   41s
H12996  8991                    1105827.2634    0.00000   100%   8.1   41s
H13492  9638                    1056130.2855    0.00000   100%   8.3   43s
H14146 10204                    1035926.1033    0.00000   100%   8.4   45s
H14384 10233                    896519.23832    0.00000   100%   8.5   47s
H14637 10563                    895027.48966    0.00000   100%   8.7   48s
H14882 10670                    890720.39757    0.00000   100%   9.0   49s
 14974 10980    0.00000   76  202 890720.398    0.00000   100%   9.1   50s
H15389 11279                    876821.04260    0.00000   100%   9.1   51s
H15858 11778                    876599.44155    0.00000   100%   9.0   52s
H16098 12208                    876579.68320    0.00000   100%   8.9   53s
 16837 12882 277589.973  462  161 876579.683    0.00000   100%   8.9   55s
H17256 10049                    801646.90927    0.00000   100%   8.8   55s
H18316  9729                    783960.14906    0.00000   100%   9.4   59s
H18453  9871                    783958.12339    0.00000   100%   9.5   60s
H18537  9605                    782696.55641    0.00000   100%   9.6   60s
H18612  7602                    764120.12008    0.00000   100%   9.7   61s
 19325  8354 396211.856 1251  174 764120.120    0.00000   100%  10.0   65s
H19334  8048                    761485.17063    0.00000   100%  10.0   65s
H19591  8050                    761483.98280    0.00000   100%  10.1   66s
 20970  9880 320357.820 1476  156 761483.983    0.00000   100%   9.8   70s
H23327 12034                    761247.90787    0.00000   100%   9.3   73s
H24309 13093                    761246.72004    0.00000   100%   9.1   74s
 24637 13147 334014.381 2169  156 761246.720    0.00000   100%   9.0   75s
H26123 14212                    752668.28541    0.00000   100%   9.0   78s
H26304 14320                    752651.23027    0.00000   100%   9.0   79s
H26725 14606                    752195.97089    0.00000   100%   9.2   79s
 26747 14769 400154.168 2665  148 752195.971    0.00000   100%   9.3   80s
H26886 12500                    726617.15708    0.00000   100%   9.3   80s
H27099 12833                    726477.24923    0.00000   100%   9.4   81s
H27965 13497                    725983.42513    0.00000   100%   9.3   82s
H28211 13699                    725580.57291    0.00000   100%   9.3   82s
 29321 14957 558547.235 3667  164 725580.573    0.00000   100%   9.5   85s
H29806 15072                    708230.03223    0.00000   100%   9.7   87s
H29911 15206                    706299.01933    0.00000   100%   9.8   88s
H30052 15360                    706194.20073    0.00000   100%   9.9   89s
 30129 15502 421205.906 3873  147 706194.201    0.00000   100%  10.0   90s
H30271 15717                    705820.99153    0.00000   100%  10.1   90s
H31393 16873                    697973.57351    0.00000   100%  10.3   94s
 31653 17350 429260.244 4289  146 697973.574    0.00000   100%  10.2   95s
H32130 17726                    697928.11585    0.00000   100%  10.1   95s
H33628 18756                    697926.36667    0.00000   100%  10.1   98s
H33859 18784                    687039.25284    0.00000   100%  10.2   98s
H34010 18905                    687037.50365    0.00000   100%  10.3   99s
H34088 18904                    686869.70458    0.00000   100%  10.3   99s
 34156 18963    0.00000   49  203 686869.705    0.00000   100%  10.4  100s
H34255 19013                    686846.89210    0.00000   100%  10.5  100s
H34492 19138                    683592.34516    0.00000   100%  10.7  101s
H34605 19189                    683591.92899    0.00000   100%  10.8  102s
H34840 18889                    660209.87240    0.00000   100%  10.8  103s
H35041 19036                    660208.53937    0.00000   100%  10.9  104s
 35141 19309 352091.622  418  158 660208.539    0.00000   100%  10.9  105s
H35821 19506                    655588.81017    0.00000   100%  11.1  106s
H35911 19567                    650412.28581    0.00000   100%  11.1  107s
H36220 19809                    647718.19154    0.00000   100%  11.3  108s
 36503 19990    0.00000   73  196 647718.192    0.00000   100%  11.4  110s
H36902 20320                    644728.64790    0.00000   100%  11.7  112s
H37069 20373                    644724.56401    0.00000   100%  11.8  112s
 37450 20761 537205.516  169  179 644724.564    0.00000   100%  12.1  115s
H37780 20949                    641632.33492    0.00000   100%  12.2  116s
H37883 21167                    640285.87332    0.00000   100%  12.3  117s
H38119 21559                    640282.60524    0.00000   100%  12.3  117s
H38545 22107                    640282.00198    0.00000   100%  12.3  118s
H39574 22001                    617977.16296    0.00000   100%  12.2  120s
H39668 22080                    617969.05852    0.00000   100%  12.4  121s
H39745 22355                    617964.61702    0.00000   100%  12.4  122s
H40049 22595                    617926.94753    0.00000   100%  12.4  123s
 40562 22929 351922.219  107  190 617926.948    0.00000   100%  12.5  125s
H40811 23051                    617604.50293    0.00000   100%  12.7  127s
H40850 23038                    617413.26773    0.00000   100%  12.8  127s
H41070 23167                    593768.10230    0.00000   100%  12.9  128s
 41519 23414 40536.0468  102  193 593768.102    0.00000   100%  13.0  130s
H42868 24515                    591931.91521    0.00000   100%  12.8  132s
H43362 25015                    591927.47371    0.00000   100%  12.7  133s
 44163 25982 480876.013 2201  155 591927.474    0.00000   100%  12.7  135s
H44482 26000                    590429.88585    0.00000   100%  12.7  136s
H45029 26435                    589681.16917    0.00000   100%  12.6  137s
 45129 26641 498117.268  586  156 589681.169    0.00000   100%  12.7  140s
H45133 26546                    589004.19248    0.00000   100%  12.7  140s
H45305 26762                    589000.04812    0.00000   100%  12.7  141s
H45401 26760                    588014.58332    0.00000   100%  12.8  141s
H46331 27745                    588010.47032    0.00000   100%  12.6  143s
H46531 28176                    587890.90680    0.00000   100%  12.6  144s
 47013 28579 430117.111 1003  154 587890.907    0.00000   100%  12.5  145s
H47341 28579                    587886.76243    0.00000   100%  12.5  145s
H48350 29112                    585720.11416    0.00000   100%  12.5  147s
H48476 29159                    585719.56368    0.00000   100%  12.6  148s
H49065 29554                    583839.50335    0.00000   100%  12.7  149s
 49191 29783 55491.9389  349  144 583839.503    0.00000   100%  12.7  150s
H49354 29240                    574600.53146    0.00000   100%  12.7  150s
H49861 29635                    574597.79775    0.00000   100%  12.8  151s
H49977 29881                    574042.74380    0.00000   100%  12.8  153s
H50281 30078                    573165.98407    0.00000   100%  12.8  154s
 50850 30410 162799.708  147  166 573165.984    0.00000   100%  12.7  155s
H51258 30836                    573152.83699    0.00000   100%  12.8  156s
 53426 33313 404656.744 1018  156 573152.837    0.00000   100%  12.5  160s
H53630 33313                    573150.10328    0.00000   100%  12.5  160s
H55057 34297                    572907.31837    0.00000   100%  12.3  162s
 55757 35348 511298.310 2186  170 572907.318    0.00000   100%  12.2  165s
H55907 35347                    572906.35792    0.00000   100%  12.2  165s
H56239 35648                    572845.89303    0.00000   100%  12.2  166s
H56680 35791                    569383.61555    0.00000   100%  12.2  167s
H57286 36248                    569381.89794    0.00000   100%  12.1  168s
H57305 36248                    569378.11492    0.00000   100%  12.1  168s
H57569 36485                    569344.60607    0.00000   100%  12.2  170s
 58773 37658 270329.982  466  154 569344.606    0.00000   100%  12.4  175s
H59367 38127                    567806.95384    0.00000   100%  12.6  177s
H59514 38167                    567617.22155    0.00000   100%  12.6  178s
H59710 38221                    567613.28360    0.00000   100%  12.8  178s
H59766 38276                    567592.44131    0.00000   100%  12.8  179s
 59911 38328 316215.892  733  139 567592.441    0.00000   100%  12.8  180s
H60026 38328                    567590.22097    0.00000   100%  12.9  180s
H60146 38335                    567412.47541    0.00000   100%  12.9  181s
H60343 38373                    567406.65062    0.00000   100%  13.0  182s
 60727 38649     cutoff  963      567406.651    0.00000   100%  13.1  185s
H60975 38702                    567385.79267    0.00000   100%  13.1  185s
H61334 38712                    565294.14675    0.00000   100%  13.2  186s
H61429 38740                    565269.68435    0.00000   100%  13.2  187s
H62120 39109                    565186.36534    0.00000   100%  13.4  189s
H62588 39210                    565168.50193    0.00000   100%  13.5  189s
 62611 39366 392544.322 1641  147 565168.502    0.00000   100%  13.5  190s
H62828 39366                    565168.49758    0.00000   100%  13.5  190s
H63720 39903                    565168.44024    0.00000   100%  13.7  193s
H63895 39896                    564641.01461    0.00000   100%  13.7  193s
 64193 40599 297796.750  137  190 564641.015    0.00000   100%  13.7  195s
H64309 40599                    564638.79427    0.00000   100%  13.7  195s
 65547 41324    0.00000   98  188 564638.794    0.00000   100%  13.7  201s
H65548 41280                    562923.17699    0.00000   100%  13.7  201s
H65724 36404                    512123.82578    0.00000   100%  13.8  203s
H65837 28257                    436070.88733    0.00000   100%  13.8  204s
 65878 28338     cutoff  126      436070.887    0.00000   100%  13.8  205s
H65881 28132                    435445.77682    0.00000   100%  13.8  205s
H66385 25469                    422047.85228    0.00000   100%  13.9  207s
H66503 15172                    365798.95262    0.00000   100%  13.9  208s
 66933 15481 123653.358  103  174 365798.953    0.00000   100%  14.0  210s
H67053 14778                    353901.13361    0.00000   100%  14.0  210s
H67399 15048                    353893.14423    0.00000   100%  14.2  213s
H67434 14573                    350777.25621    0.00000   100%  14.2  213s
 67615 14794 126342.578  109  182 350777.256    0.00000   100%  14.3  215s
H67869 14371                    345422.10344    0.00000   100%  14.3  216s
H68087 13092                    331739.25192    0.00000   100%  14.4  217s
H68141 11777                    313975.35419    0.00000   100%  14.4  217s
H68214 11348                    303522.91757    0.00000   100%  14.5  218s
H68276 11395                    302990.52127    0.00000   100%  14.5  219s
 68410 11476 6384.54439  101  193 302990.521    0.00000   100%  14.6  220s
H68778 11721                    302562.10608    0.00000   100%  14.6  222s
H69020 11413                    294870.10747    0.00000   100%  14.7  224s
 69179 11565 infeasible  118      294870.107    0.00000   100%  14.8  225s
H69227 11326                    287266.45473    0.00000   100%  14.8  225s
H69866 11905                    287266.30907    0.00000   100%  14.9  228s
 70485 12210    0.00000   90  191 287266.309    0.00000   100%  15.0  230s
H70644 12104                    283645.06089    0.00000   100%  15.0  232s
 71017 12364    0.00000   89  194 283645.061    0.00000   100%  15.1  235s
H71255 11965                    273930.27956    0.00000   100%  15.2  236s
H71856 12367                    273887.82131    0.00000   100%  15.2  238s
H72085 12576                    272813.17206    0.00000   100%  15.3  240s
H73003 13070                    272514.13929    0.00000   100%  15.6  245s
H73210 13176                    272486.97854    0.00000   100%  15.6  246s
H73368 13286                    272486.41207    0.00000   100%  15.7  247s
H73500 13281                    272335.93251    0.00000   100%  15.7  247s
H73593 13383                    272335.36604    0.00000   100%  15.8  248s
H73771 13524                    272320.86021    0.00000   100%  15.8  249s
H73892 13514                    272076.87932    0.00000   100%  15.9  249s
H73973 13328                    265764.44485    0.00000   100%  15.9  250s
H74553 13575                    265556.55675    0.00000   100%  16.0  252s
H74649 13695                    265543.31580    0.00000   100%  16.0  253s
H74727 13362                    256945.19604    0.00000   100%  16.0  253s
H74849 13504                    256943.41145    0.00000   100%  16.0  255s
H75688 13682                    253299.91769    0.00000   100%  16.3  259s
H75787 13683                    253299.72585    0.00000   100%  16.3  260s
H75788 13683                    253299.49235    0.00000   100%  16.3  260s
H76066 13626                    246676.11827    0.00000   100%  16.4  262s
H76274 13693                    244727.45450    0.00000   100%  16.4  263s
H76657 13947                    244724.56042    0.00000   100%  16.5  266s
H77014 14143                    244059.15086    0.00000   100%  16.6  267s
H77248 14288                    243623.55487    0.00000   100%  16.7  268s
H77504 14264                    239554.85054    0.00000   100%  16.7  269s
 77727 14369     cutoff  161      239554.851    0.00000   100%  16.8  270s
H77802 14217                    236192.60778    0.00000   100%  16.8  270s
H78068 14408                    236192.55210    0.00000   100%  16.8  271s
H78383 14684                    236108.61009    0.00000   100%  16.8  272s
H78678 15101                    236108.60236    0.00000   100%  16.9  274s
H79060 14979                    230195.10442    0.00000   100%  17.0  276s
H79465 14629                    220593.07836    0.00000   100%  17.0  277s
 80045 15054 119856.386   99  194 220593.078    0.00000   100%  17.1  281s
H80188 15038                    220248.52820    0.00000   100%  17.2  281s
H80310 14704                    209568.33688    0.00000   100%  17.2  282s
H80967 15010                    209454.02392    0.00000   100%  17.3  286s
H81347 15269                    208888.25225    0.00000   100%  17.4  288s
 81939 15781 172649.406  123  190 208888.252    0.00000   100%  17.5  291s
 83052 16400 17249.5612  112  187 208888.252    0.00000   100%  17.6  295s
H83358 16497                    207334.46415    0.00000   100%  17.6  296s
H83636 16622                    207332.50670    0.00000   100%  17.7  298s
 84058 16902 9795.11301   88  217 207332.507    0.00000   100%  17.8  300s
H84871 17383                    207282.45120    0.00000   100%  17.9  304s
 85052 17543 24388.5570   81  211 207282.451    0.00000   100%  18.0  305s
H85183 17528                    206958.96848    0.00000   100%  18.0  305s
H85648 17825                    206958.96392    0.00000   100%  18.1  308s
 86064 18008 infeasible  101      206958.964    0.00000   100%  18.1  311s
H86227 18114                    206622.39711    0.00000   100%  18.2  312s
 86521 18412 17489.9532   92  208 206622.397    0.00000   100%  18.3  315s
 87777 19207     cutoff  364      206622.397    0.00000   100%  18.4  320s
H88954 18222                    180107.74141    0.00000   100%  18.6  324s
H89026 18455                    180104.84318    0.00000   100%  18.7  326s
H89244 18133                    175702.25572    0.00000   100%  18.7  326s
H89342 18229                    175633.93147    0.00000   100%  18.7  327s
H89419 17666                    170023.65309    0.00000   100%  18.7  327s
 89799 17916 infeasible   78      170023.653    0.00000   100%  18.8  330s
H89800 17845                    169099.72154    0.00000   100%  18.8  330s
H90279 17496                    162453.70987    0.00000   100%  18.9  333s
H90496 17597                    162410.13564    0.00000   100%  19.0  334s
 90726 17713    0.00000   81  191 162410.136    0.00000   100%  19.0  335s
H90820 17471                    159874.93716    0.00000   100%  19.0  335s
H91095 17570                    158781.76009    0.00000   100%  19.1  337s
 91246 17858    0.00000   95  185 158781.760    0.00000   100%  19.1  340s
H92218 17940                    155140.20554    0.00000   100%  19.3  343s
 92480 18056    0.00000  106  173 155140.206    0.00000   100%  19.3  345s
H93055 18319                    155137.72635    0.00000   100%  19.4  348s
 93639 18669 55617.7528  107  179 155137.726    0.00000   100%  19.6  350s
H94403 18556                    150898.25193    0.00000   100%  19.6  353s
H94658 18389                    147972.57636    0.00000   100%  19.7  354s
 94932 18491 infeasible  116      147972.576    0.00000   100%  19.7  355s
H95058 17513                    140773.45097    0.00000   100%  19.8  355s
H95178 17079                    136621.38965    0.00000   100%  19.8  357s
H95613 16138                    127439.86041    0.00000   100%  19.9  358s
H95719 15755                    122826.21192    0.00000   100%  19.9  360s
H96614 15996                    122236.67698    0.00000   100%  20.0  364s
 96722 16051 60500.7167  111  174 122236.677    0.00000   100%  20.0  365s
H96937 16120                    121940.48852    0.00000   100%  20.1  367s
H97209 15637                    117330.70306    0.00000   100%  20.1  368s
 97506 15736 infeasible  114      117330.703    0.00000   100%  20.2  370s
H97663 15688                    116916.88727    0.00000   100%  20.2  370s
H97745 15838                    116916.86871    0.00000   100%  20.2  371s
H98069 15923                    116832.18261    0.00000   100%  20.3  373s
 98714 16140 infeasible  113      116832.183    0.00000   100%  20.5  376s
H98716 16133                    116764.26394    0.00000   100%  20.5  376s
H98850 16132                    116749.05024    0.00000   100%  20.5  376s
H99325 16339                    116678.05590    0.00000   100%  20.6  379s
 99666 16414 57683.5868  112  181 116678.056    0.00000   100%  20.6  381s
H100209 16483                    115658.52010    0.00000   100%  20.7  384s
 100545 16607  379.43980  106  186 115658.520    0.00000   100%  20.8  385s
H100848 16628                    115102.54782    0.00000   100%  20.8  387s
H101078 16502                    113003.78379    0.00000   100%  20.9  388s
 101359 16586 infeasible  116      113003.784    0.00000   100%  20.9  392s
H101456 16172                    109245.89159    0.00000   100%  21.0  392s
H101555 16142                    108335.64022    0.00000   100%  21.0  394s
H101775 16189                    107318.62311    0.00000   100%  21.0  395s
H102908 16581                    107291.22755    0.00000   100%  21.1  401s
H103645 16782                    107160.71305    0.00000   100%  21.2  404s
 103890 16853 infeasible  108      107160.713    0.00000   100%  21.2  406s
H103892 16840                    107050.96101    0.00000   100%  21.2  406s
H104004 16839                    107049.87095    0.00000   100%  21.3  406s
H104219 16927                    107047.46500    0.00000   100%  21.3  407s
 104616 17019 58156.8198  118  183 107047.465    0.00000   100%  21.4  410s
H105302 17188                    107026.33663    0.00000   100%  21.6  414s
 105530 17267     cutoff  104      107026.337    0.00000   100%  21.6  415s
 106311 17442 infeasible   99      107026.337    0.00000   100%  21.8  420s
H106501 17523                    106939.98402    0.00000   100%  21.8  422s
 107059 17654     cutoff  111      106939.984    0.00000   100%  22.0  425s
H107571 17809                    106843.94430    0.00000   100%  22.1  428s
 107823 17863 infeasible  105      106843.944    0.00000   100%  22.1  430s
H107824 17854                    106757.13713    0.00000   100%  22.1  430s
H108947 18172                    105944.52529    0.00000   100%  22.3  436s
H109197 18196                    105488.92985    0.00000   100%  22.4  437s
H109569 18245                    105430.04588    0.00000   100%  22.4  439s
 109677 18271     cutoff  106      105430.046    0.00000   100%  22.5  440s
H109679 18269                    105419.50095    0.00000   100%  22.5  440s
H109893 18353                    105379.50887    0.00000   100%  22.5  442s
H110006 18297                    104748.97366    0.00000   100%  22.6  442s
 110445 18508 infeasible  125      104748.974    0.00000   100%  22.6  445s
H110588 18452                    104346.20438    0.00000   100%  22.6  445s
 111631 18749 62378.2316  118  180 104346.204    0.00000   100%  22.8  450s
H111926 18771                    104321.21646    0.00000   100%  22.8  452s
H112114 18820                    104305.86082    0.00000   100%  22.9  453s
 112379 18892     cutoff  129      104305.861    0.00000   100%  22.9  455s
 113238 19165     cutoff  106      104305.861    0.00000   100%  23.1  460s
H113241 19165                    104305.86080    0.00000   100%  23.1  460s
 114195 19490 infeasible  118      104305.861    0.00000   100%  23.2  465s
 115372 19872 infeasible  123      104305.861    0.00000   100%  23.4  471s
 116359 20158 7962.04589  121  172 104305.861    0.00000   100%  23.5  476s
 116988 20324 62476.6706  108  180 104305.861    0.00000   100%  23.6  480s
 117845 20566     cutoff  107      104305.861    0.00000   100%  23.7  485s
 119021 20846 32896.3985  113  183 104305.861    0.00000   100%  23.8  491s
H119143 20846                    104305.86079    0.00000   100%  23.8  491s
 119823 21033 98093.2994  111  186 104305.861    0.00000   100%  23.9  496s
 120575 21214 27028.9120   97  189 104305.861    0.00000   100%  24.1  501s
 121449 21528 32658.9270   92  192 104305.861    0.00000   100%  24.3  505s
 122317 21819     cutoff  101      104305.861    0.00000   100%  24.4  511s
H122318 21819                    104305.86076    0.00000   100%  24.4  511s
 122921 22095 82621.2339   94  182 104305.861    0.00000   100%  24.5  516s
H123517 22353                    104290.87619    0.00000   100%  24.6  519s
 123873 22463 56403.1418   94  198 104290.876    0.00000   100%  24.6  521s
H124048 22463                    104290.77337    0.00000   100%  24.6  521s
 124789 22839 50119.2621   95  184 104290.773    0.00000   100%  24.7  526s
 125356 23097    0.00000   88  206 104290.773    0.00000   100%  24.8  530s
 126151 23469 44907.8356  122  177 104290.773    0.00000   100%  24.9  535s
H126336 23469                    104290.67759    0.00000   100%  25.0  535s
H126506 23530                    104249.53219    0.00000   100%  25.0  536s
 127401 23790 95399.9553  106  184 104249.532    0.00000   100%  25.1  540s
H127726 23842                    104206.31578    0.00000   100%  25.1  541s
H128112 23977                    104196.99599    0.00000   100%  25.2  543s
 128595 24219 45796.9402  113  185 104196.996    0.00000   100%  25.2  545s
 129916 24878 11904.4618   90  195 104196.996    0.00000   100%  25.5  550s
 130922 25403 83447.7145   96  193 104196.996    0.00000   100%  25.6  555s
H131074 25402                    104191.56194    0.00000   100%  25.6  555s
 132599 26001 1968.62135   99  176 104191.562    0.00000   100%  25.7  561s
 133376 26331 43141.2518  105  190 104191.562    0.00000   100%  25.8  566s
 134016 26623 46280.7156  115  193 104191.562    0.00000   100%  25.8  570s
 135086 27040 69952.9385  129  188 104191.562    0.00000   100%  25.9  575s
 136397 27430 59337.5311  123  185 104191.562    0.00000   100%  26.0  581s
H137303 27737                    104148.84297    0.00000   100%  26.1  586s
 137959 27935     cutoff  125      104148.843    0.00000   100%  26.2  590s
H138792 28231                    104106.12400    0.00000   100%  26.2  594s
 139090 28350 infeasible  122      104106.124    0.00000   100%  26.3  596s
 140000 28633     cutoff  127      104106.124    0.00000   100%  26.3  601s
 140876 28866 95015.7151  119  180 104106.124    0.00000   100%  26.4  605s
 141858 29201     cutoff  117      104106.124    0.00000   100%  26.5  610s
 142717 29426 51859.3651  113  174 104106.124    0.00000   100%  26.6  615s
H143405 29596                    104092.68180    0.00000   100%  26.7  620s
 144267 29855 95932.1590  113  182 104092.682    0.00000   100%  26.8  625s
H144579 29906                    104054.34336    0.00000   100%  26.8  627s
 145165 30084 infeasible  117      104054.343    0.00000   100%  26.9  630s
 146018 30336 59827.7758  125  185 104054.343    0.00000   100%  27.0  635s
H146481 30396                    104046.35398    0.00000   100%  27.0  636s
H146776 30467                    103977.96710    0.00000   100%  27.0  638s
 146942 30559 7619.52139  110  183 103977.967    0.00000   100%  27.1  640s
H147244 30588                    103849.81020    0.00000   100%  27.1  642s
H147505 30670                    103764.37226    0.00000   100%  27.1  644s
 147787 30797 57611.4374  113  189 103764.372    0.00000   100%  27.1  645s
H148417 30854                    103382.27505    0.00000   100%  27.2  650s
H149114 31144                    103322.03898    0.00000   100%  27.2  654s
 149458 31212     cutoff  116      103322.039    0.00000   100%  27.3  656s
H149459 31192                    103294.46362    0.00000   100%  27.3  656s
 150356 31539 33330.0908  114  190 103294.464    0.00000   100%  27.3  661s
H150741 31591                    103275.58191    0.00000   100%  27.4  662s
H150892 31581                    103261.77731    0.00000   100%  27.4  662s
H151176 31734                    103261.57898    0.00000   100%  27.4  664s
 151356 31830    0.00000  106  177 103261.579    0.00000   100%  27.4  666s
H151953 32024                    103251.54632    0.00000   100%  27.5  669s
 152251 32098 98716.8795  119  180 103251.546    0.00000   100%  27.5  670s
 153145 32424 52571.7554  114  199 103251.546    0.00000   100%  27.6  675s
 153891 32685 68658.2230  129  184 103251.546    0.00000   100%  27.6  680s
 154918 32995 63420.7053  123  189 103251.546    0.00000   100%  27.7  685s
 155735 33223 infeasible  130      103251.546    0.00000   100%  27.8  690s
 157031 33669     cutoff  108      103251.546    0.00000   100%  27.8  696s
 157975 34083 34410.8339   96  185 103251.546    0.00000   100%  27.9  701s
 158539 34287 8791.41170   97  175 103251.546    0.00000   100%  27.9  705s
 159596 34839 39139.7839   91  183 103251.546    0.00000   100%  28.0  710s
 160675 35397    0.00000   84  200 103251.546    0.00000   100%  28.1  715s
 161478 35708 15511.3592   86  214 103251.546    0.00000   100%  28.2  720s
 162505 36173    0.00000   46  212 103251.546    0.00000   100%  28.4  726s
 163308 36499     cutoff  104      103251.546    0.00000   100%  28.5  731s
 163842 36745     cutoff   92      103251.546    0.00000   100%  28.6  736s
 164650 37092 5945.38091   82  206 103251.546    0.00000   100%  28.7  741s
 164879 37172 18045.0931   82  195 103251.546    0.00000   100%  28.7  746s
H165011 37197                    103209.02568    0.00000   100%  28.7  749s
 165106 37344 2492.80676   83  193 103209.026    0.00000   100%  28.7  750s
 166046 38007 64268.7714  101  166 103209.026    0.00000   100%  28.8  755s
 167476 38552 6690.11918   83  195 103209.026    0.00000   100%  28.9  760s
 168595 39139    0.00000   84  194 103209.026    0.00000   100%  29.0  766s
 169253 39479 79460.2591  100  195 103209.026    0.00000   100%  29.1  771s
 170183 39890 19279.2116   84  191 103209.026    0.00000   100%  29.2  776s
 170978 40216 88457.1669   92  188 103209.026    0.00000   100%  29.3  780s
 171792 40598     cutoff   95      103209.026    0.00000   100%  29.4  785s
 172498 40939 40705.8608  104  188 103209.026    0.00000   100%  29.6  790s
 173428 41298     cutoff   98      103209.026    0.00000   100%  29.7  795s
 173978 41489 47971.3389   92  185 103209.026    0.00000   100%  29.8  801s
H174124 41446                    103038.14981    0.00000   100%  29.8  801s
 174712 42432    0.00000   81  189 103038.150    0.00000   100%  29.8  806s
H175699 42571                    102995.43084    0.00000   100%  29.8  807s
 176439 43064     cutoff   92      102995.431    0.00000   100%  29.8  810s
H176905 43366                    102952.71188    0.00000   100%  29.8  814s
 177264 43580 25131.1462   90  192 102952.712    0.00000   100%  29.8  816s
H177641 43664                    102941.24855    0.00000   100%  29.8  817s
 178166 43914 75428.4492   98  191 102941.249    0.00000   100%  29.9  820s
H178644 44201                    102909.99291    0.00000   100%  30.0  823s
 178989 44347 12759.6251   89  203 102909.993    0.00000   100%  30.0  825s
 179292 44349 28099.6506   97  199 102909.993    0.00000   100%  30.0  831s
H179293 44167                    102148.42741    0.00000   100%  30.0  831s
 179769 44479 43044.8121   96  200 102148.427    0.00000   100%  30.0  836s
 180581 44856 32814.1290  110  196 102148.427    0.00000   100%  30.1  840s
 181431 45331 71847.9127  100  187 102148.427    0.00000   100%  30.2  845s
 182752 45958 60422.2142   93  192 102148.427    0.00000   100%  30.3  850s
 183524 46272 62131.0428   80  205 102148.427    0.00000   100%  30.4  855s
 184331 46535 47721.9916   88  170 102148.427    0.00000   100%  30.5  860s
 184899 46868 infeasible  109      102148.427    0.00000   100%  30.6  865s
H185454 47157                    102057.36851    0.00000   100%  30.6  868s
 185731 47235     cutoff   72      102057.369    0.00000   100%  30.7  870s
 186434 47527 67646.4512   88  196 102057.369    0.00000   100%  30.8  875s
H186644 47621                    101941.15652    0.00000   100%  30.8  877s
 187109 47887    0.00000   86  197 101941.157    0.00000   100%  30.9  880s
H187905 48203                    101393.40497    0.00000   100%  31.1  886s
H188529 48488                    101384.87239    0.00000   100%  31.1  889s
 188832 48615 35177.0297  101  192 101384.872    0.00000   100%  31.1  891s
H188982 48568                    101175.91878    0.00000   100%  31.1  891s
 189373 48760     cutoff   91      101175.919    0.00000   100%  31.2  896s
H189576 48908                    101115.79627    0.00000   100%  31.2  898s
 189862 49622    0.00000   88  187 101115.796    0.00000   100%  31.2  900s
 191868 50775 66574.3441  162  192 101115.796    0.00000   100%  31.1  905s
H192570 51259                    101073.07730    0.00000   100%  31.1  907s
 193356 51500 74730.7891  169  185 101073.077    0.00000   100%  31.1  910s
H193763 51639                    100819.37412    0.00000   100%  31.1  912s
H193943 52289                    100819.37050    0.00000   100%  31.1  913s
 194680 52345 infeasible  366      100819.370    0.00000   100%  31.0  915s
H195847 53271                    100776.17786    0.00000   100%  31.0  920s
H195953 53169                    100353.88409    0.00000   100%  31.0  920s
H196038 53388                    100316.13965    0.00000   100%  31.0  921s
H196371 53487                    100292.83969    0.00000   100%  31.0  923s
H197017 53924                    100241.61591    0.00000   100%  31.0  924s
H197226 54072                    100241.39628    0.00000   100%  30.9  925s
H198427 54954                    100191.65452    0.00000   100%  30.9  931s
 199587 56075 20209.1842  239  183 100191.655    0.00000   100%  30.8  936s
H200012 56003                    99876.946211    0.00000   100%  30.8  936s
H201627 58030                    99834.227243    0.00000   100%  30.6  940s
 203451 59289    0.00000  120  179 99834.2272    0.00000   100%  30.4  945s
H204149 59426                    99808.101873    0.00000   100%  30.4  947s
 204722 59721 infeasible  154      99808.1019    0.00000   100%  30.4  950s
H204825 59721                    99808.050685    0.00000   100%  30.4  950s
H205016 59842                    99808.046328    0.00000   100%  30.4  951s
 205410 60047    0.00000  112  182 99808.0463    0.00000   100%  30.4  955s
 206355 60514     cutoff  107      99808.0463    0.00000   100%  30.4  960s
 207461 61106 infeasible  128      99808.0463    0.00000   100%  30.5  965s
 208252 61232 53759.3028  115  190 99808.0463    0.00000   100%  30.5  970s
 209083 61383 28744.3421  129  195 99808.0463    0.00000   100%  30.6  975s
H209243 61409                    99791.729231    0.00000   100%  30.6  976s
 209771 61465 61527.8153  146  195 99791.7292    0.00000   100%  30.7  980s
H210246 61552                    99782.112490    0.00000   100%  30.8  988s
H210260 61476                    99483.059373    0.00000   100%  30.8  988s
 210290 61520    0.00000   94  201 99483.0594    0.00000   100%  30.8  990s
H210669 61557                    99449.756535    0.00000   100%  30.8  992s
H210838 61574                    99407.037568    0.00000   100%  30.8  994s
 211031 61630 74576.1932  132  188 99407.0376    0.00000   100%  30.9  995s
H211278 61666                    99385.826171    0.00000   100%  30.9  997s
 211779 61829 6965.57080   97  198 99385.8262    0.00000   100%  30.9 1001s
H212613 61998                    99350.632148    0.00000   100%  31.0 1006s
 213120 62117     cutoff  104      99350.6321    0.00000   100%  31.1 1010s
H213425 62167                    99349.442217    0.00000   100%  31.2 1011s
 213898 62292 66768.8805  102  189 99349.4422    0.00000   100%  31.2 1016s
 214598 62496 infeasible  111      99349.4422    0.00000   100%  31.3 1020s
 215241 62677    0.00000  109  188 99349.4422    0.00000   100%  31.4 1025s
 216041 62922 20218.2362   94  194 99349.4422    0.00000   100%  31.5 1031s
H216444 63036                    99226.709359    0.00000   100%  31.6 1032s
 216917 63240     cutoff  107      99226.7094    0.00000   100%  31.6 1035s
H217673 63502                    99193.442730    0.00000   100%  31.6 1038s
 217790 63636 infeasible  105      99193.4427    0.00000   100%  31.6 1040s
 218952 64041 54797.2550   98  192 99193.4427    0.00000   100%  31.7 1046s
 219835 64333     cutoff  109      99193.4427    0.00000   100%  31.8 1050s
 220455 64473 10821.0481  108  193 99193.4427    0.00000   100%  31.9 1055s
 220859 64581 71680.9911  100  196 99193.4427    0.00000   100%  31.9 1060s
H220972 64546                    99065.285827    0.00000   100%  32.0 1060s
 221920 64818 infeasible  117      99065.2858    0.00000   100%  32.1 1065s
 222729 65069    0.00000  106  191 99065.2858    0.00000   100%  32.1 1070s
 223891 65334 infeasible   98      99065.2858    0.00000   100%  32.3 1075s
 224779 65548 2296.82766  110  191 99065.2858    0.00000   100%  32.3 1080s
 225584 65778     cutoff  106      99065.2858    0.00000   100%  32.4 1085s
 226382 65963 14383.3418  102  192 99065.2858    0.00000   100%  32.5 1090s
 227239 66137     cutoff  109      99065.2858    0.00000   100%  32.5 1095s
 228421 66485 66383.8293  114  190 99065.2858    0.00000   100%  32.6 1100s
 229127 66651 65147.6026  100  195 99065.2858    0.00000   100%  32.7 1105s
 229906 66824 48343.4342  110  188 99065.2858    0.00000   100%  32.8 1110s
 230723 67068    0.00000  114  190 99065.2858    0.00000   100%  32.9 1115s
 231680 67489 83583.4753  112  191 99065.2858    0.00000   100%  32.9 1120s
 232517 67769 4283.96757  105  196 99065.2858    0.00000   100%  33.0 1125s
 233343 67962     cutoff   99      99065.2858    0.00000   100%  33.1 1130s
H233612 68011                    99053.162102    0.00000   100%  33.1 1132s
H233629 68009                    99050.446480    0.00000   100%  33.1 1132s
H233709 68065                    99038.322755    0.00000   100%  33.2 1134s
H233717 68062                    99022.566859    0.00000   100%  33.2 1134s
 233825 68292     cutoff  112      99022.5669    0.00000   100%  33.2 1136s
 234791 68526     cutoff  113      99022.5669    0.00000   100%  33.2 1141s
 235618 68803 44077.5276   88  202 99022.5669    0.00000   100%  33.3 1146s
 236224 68925 80721.3396  102  196 99022.5669    0.00000   100%  33.4 1155s
H236302 68925                    99022.533998    0.00000   100%  33.4 1155s
 236821 69231    0.00000   78  192 99022.5340    0.00000   100%  33.4 1160s
H237399 69447                    98979.847892    0.00000   100%  33.5 1164s
 237747 69531 68345.9065   93  205 98979.8479    0.00000   100%  33.5 1165s
 238610 69935 95749.6339  106  191 98979.8479    0.00000   100%  33.6 1171s
H239425 70164                    98914.558401    0.00000   100%  33.7 1174s
H239678 70235                    98901.525618    0.00000   100%  33.7 1175s
 240399 70587    0.00000   80  214 98901.5256    0.00000   100%  33.8 1181s
 241131 70975 5061.46131   91  200 98901.5256    0.00000   100%  33.9 1186s
 241388 71022 43252.2999   85  205 98901.5256    0.00000   100%  33.9 1190s
 242037 71409    0.00000   79  206 98901.5256    0.00000   100%  34.0 1195s
 242916 71801    0.00000   75  192 98901.5256    0.00000   100%  34.1 1201s
 243854 72168    0.00000   72  222 98901.5256    0.00000   100%  34.2 1206s
 244690 72565    0.00000   87  192 98901.5256    0.00000   100%  34.3 1211s
H245251 72775                    98894.409957    0.00000   100%  34.4 1214s
 245567 72879    0.00000  106  193 98894.4100    0.00000   100%  34.4 1216s
 246191 73139 35903.4188   98  195 98894.4100    0.00000   100%  34.4 1220s
 246914 73417    0.00000   80  204 98894.4100    0.00000   100%  34.5 1225s
 247792 73876 21650.7749   90  193 98894.4100    0.00000   100%  34.6 1231s
 248734 74217    0.00000   89  197 98894.4100    0.00000   100%  34.7 1236s
 249336 74454    0.00000   95  194 98894.4100    0.00000   100%  34.8 1240s
 250197 74780    0.00000   84  210 98894.4100    0.00000   100%  34.8 1245s
 251109 75112 5563.83572   94  192 98894.4100    0.00000   100%  34.9 1251s
 251962 75461 41938.0775   92  203 98894.4100    0.00000   100%  34.9 1256s
 252780 75768     cutoff   98      98894.4100    0.00000   100%  35.0 1261s
 253656 76100 48874.0906   96  195 98894.4100    0.00000   100%  35.1 1265s
 254883 76550 4235.81094   85  217 98894.4100    0.00000   100%  35.2 1271s
 255513 76729 46922.8388   98  194 98894.4100    0.00000   100%  35.3 1275s
H255978 76778                    98791.452985    0.00000   100%  35.3 1277s
 256376 77079    0.00000   84  204 98791.4530    0.00000   100%  35.4 1281s
H256478 77079                    98791.445846    0.00000   100%  35.4 1281s
 256993 77223 17335.4401   84  205 98791.4458    0.00000   100%  35.4 1285s
H256994 77222                    98789.518668    0.00000   100%  35.4 1285s
H257020 77361                    98789.511736    0.00000   100%  35.4 1287s
H257564 77646                    98772.208348    0.00000   100%  35.5 1291s
 258182 77900 69823.1395   98  199 98772.2083    0.00000   100%  35.5 1295s
H259223 78425                    98723.534086    0.00000   100%  35.5 1300s
 260533 79369 78460.3178  370  185 98723.5341    0.00000   100%  35.5 1307s
H262171 80418                    98638.753453    0.00000   100%  35.3 1311s
 263199 81687     cutoff  269      98638.7535    0.00000   100%  35.2 1315s
H263200 81644                    98509.939248    0.00000   100%  35.2 1315s
H263865 81869                    98424.501313    0.00000   100%  35.2 1317s
 264958 82844 infeasible  225      98424.5013    0.00000   100%  35.1 1320s
H264962 82832                    98393.113928    0.00000   100%  35.1 1320s
H265225 82832                    98390.364361    0.00000   100%  35.1 1320s
 266985 84483 29000.1325  324  158 98390.3644    0.00000   100%  34.9 1326s
 268205 85097     cutoff  157      98390.3644    0.00000   100%  34.8 1330s
 270725 86940 24740.4900  289  185 98390.3644    0.00000   100%  34.6 1336s
H271187 87248                    98381.782346    0.00000   100%  34.6 1337s
 272313 88360 85639.1934  255  175 98381.7823    0.00000   100%  34.5 1342s
H273249 88985                    98168.187508    0.00000   100%  34.4 1344s
 273719 89362 infeasible  225      98168.1875    0.00000   100%  34.4 1345s
H274027 89349                    98125.468540    0.00000   100%  34.3 1345s
H275735 91078                    98082.776430    0.00000   100%  34.2 1350s
 277879 92360 34361.0200  143  182 98082.7764    0.00000   100%  34.0 1355s
H278112 92526                    98082.754562    0.00000   100%  34.0 1357s
H279017 93328                    98040.030605    0.00000   100%  34.0 1360s
 280959 94628 22909.0230  202  169 98040.0306    0.00000   100%  33.8 1366s
 282270 95910 65201.9992  240  182 98040.0306    0.00000   100%  33.7 1370s
 284083 96905 53974.0978  144  177 98040.0306    0.00000   100%  33.6 1375s
 285656 98129 30881.9415  246  162 98040.0306    0.00000   100%  33.5 1380s
 287478 99605 infeasible  184      98040.0306    0.00000   100%  33.4 1386s
 288932 100858 20644.1630  168  181 98040.0306    0.00000   100%  33.3 1390s
 290699 101870 infeasible  167      98040.0306    0.00000   100%  33.2 1395s
H291994 102701                    98034.595218    0.00000   100%  33.1 1399s
 292001 102735 14191.2723  156  176 98034.5952    0.00000   100%  33.1 1400s
 293105 103549 infeasible  256      98034.5952    0.00000   100%  33.0 1405s
 294620 104548 23205.4847  140  185 98034.5952    0.00000   100%  32.9 1410s
 296253 105904 infeasible  199      98034.5952    0.00000   100%  32.9 1415s
H297773 106929                    98028.767199    0.00000   100%  32.8 1420s
 299099 108048 31090.8905  413  152 98028.7672    0.00000   100%  32.7 1425s
 301139 109275 64599.9119  152  183 98028.7672    0.00000   100%  32.6 1430s
 302996 110859 62633.6352  447  168 98028.7672    0.00000   100%  32.5 1435s
 303695 111217 12462.7991  149  176 98028.7672    0.00000   100%  32.4 1440s
 305497 112445 36132.9860  160  178 98028.7672    0.00000   100%  32.3 1445s
 307317 113794 23332.5358  160  183 98028.7672    0.00000   100%  32.2 1450s
H308109 114314                    98022.726487    0.00000   100%  32.2 1453s
H308633 114548                    97983.960169    0.00000   100%  32.1 1457s
H308660 114599                    97983.953516    0.00000   100%  32.1 1458s
H308775 114802                    97917.740711    0.00000   100%  32.1 1459s
 308955 115073 infeasible  172      97917.7407    0.00000   100%  32.1 1460s
 310587 115983 70537.2180  164  179 97917.7407    0.00000   100%  32.0 1465s
 312820 118412 22803.6068  312  167 97917.7407    0.00000   100%  31.9 1470s
H313164 118410                    97911.873702    0.00000   100%  31.8 1470s
 315434 120225 27472.2583  195  170 97911.8737    0.00000   100%  31.6 1475s
H317420 122371                    97901.636923    0.00000   100%  31.5 1479s
H317946 122473                    97895.284559    0.00000   100%  31.4 1480s
H318336 122855                    97891.025071    0.00000   100%  31.4 1482s
H318556 123143                    97854.411686    0.00000   100%  31.4 1482s
 318878 123349 50189.8182  424  164 97854.4117    0.00000   100%  31.4 1485s
H319239 123459                    97832.282901    0.00000   100%  31.3 1486s
H319301 123458                    97826.435767    0.00000   100%  31.3 1486s
H320879 124882                    97820.253514    0.00000   100%  31.2 1488s
 321443 125521 59725.4385 1456  150 97820.2535    0.00000   100%  31.2 1490s
 323238 126962 infeasible  155      97820.2535    0.00000   100%  31.0 1495s
 324239 127775 28302.6266  162  179 97820.2535    0.00000   100%  31.0 1500s
H324859 128011                    97792.785876    0.00000   100%  31.0 1502s
 325886 129027 21720.3966  170  173 97792.7859    0.00000   100%  30.9 1505s
 328948 131565 35563.1278  167  182 97792.7859    0.00000   100%  30.7 1510s
 331037 133071 70475.1415  514  163 97792.7859    0.00000   100%  30.6 1515s
 332601 134253 34317.0607  187  172 97792.7859    0.00000   100%  30.5 1520s
 334616 135696 23324.5671  152  175 97792.7859    0.00000   100%  30.4 1526s
 336659 137553 infeasible  148      97792.7859    0.00000   100%  30.3 1530s
H337644 138197                    97785.198423    0.00000   100%  30.2 1533s
 337831 138601 71186.4957  476  165 97785.1984    0.00000   100%  30.2 1535s
H339265 139869                    97783.716799    0.00000   100%  30.1 1538s
 340072 140517 46420.1025  280  161 97783.7168    0.00000   100%  30.0 1540s
 341928 141881 67631.5984  180  180 97783.7168    0.00000   100%  29.9 1545s
 344403 144197 12692.2255  135  180 97783.7168    0.00000   100%  29.8 1550s
 346178 145677 33014.4954  466  145 97783.7168    0.00000   100%  29.7 1555s
 349025 148415 14201.4568  132  180 97783.7168    0.00000   100%  29.5 1560s
 351013 150395 26883.1587  217  173 97783.7168    0.00000   100%  29.3 1565s
 353024 151749 37331.9103  214  177 97783.7168    0.00000   100%  29.2 1570s
 355008 153132     cutoff  825      97783.7168    0.00000   100%  29.1 1575s
 355832 153769 37478.4793  365  161 97783.7168    0.00000   100%  29.1 1580s
 356817 154204 46155.3320  614  151 97783.7168    0.00000   100%  29.1 1585s
H357857 154595                    97774.408683    0.00000   100%  29.1 1588s
H357904 154716                    97766.200852    0.00000   100%  29.1 1589s
 358143 154746     cutoff  159      97766.2009    0.00000   100%  29.1 1590s
 359513 155764 37829.3988  210  167 97766.2009    0.00000   100%  29.0 1595s
 361306 156987    0.00000  145  170 97766.2009    0.00000   100%  29.0 1600s
 362626 157865 42948.3186  205  164 97766.2009    0.00000   100%  28.9 1605s
 364486 159188 37352.6463  408  172 97766.2009    0.00000   100%  28.8 1610s
 366051 160370 43058.0918  200  173 97766.2009    0.00000   100%  28.8 1615s
 368102 162047 infeasible  215      97766.2009    0.00000   100%  28.7 1620s
H369211 162761                    97763.140502    0.00000   100%  28.6 1621s
 370727 163700    0.00000   91  197 97763.1405    0.00000   100%  28.6 1627s
H370729 163693                    97740.997832    0.00000   100%  28.6 1627s
 371173 164350 27500.7695  306  173 97740.9978    0.00000   100%  28.6 1630s
 372599 165131 47854.0178  176  181 97740.9978    0.00000   100%  28.5 1635s
 374025 166284 57568.3137  543  161 97740.9978    0.00000   100%  28.5 1640s
 375792 167475 26181.3762  175  178 97740.9978    0.00000   100%  28.4 1645s
 377865 169740 25730.2238  279  170 97740.9978    0.00000   100%  28.3 1650s
 379752 171068 42466.9252  288  162 97740.9978    0.00000   100%  28.2 1655s
 380930 171949 45847.9889  190  172 97740.9978    0.00000   100%  28.1 1660s
 382491 173252 infeasible  323      97740.9978    0.00000   100%  28.0 1665s
 383915 174440 infeasible  187      97740.9978    0.00000   100%  28.0 1670s
 385819 175967 infeasible  161      97740.9978    0.00000   100%  27.9 1675s
 387421 177275 82799.5674  168  184 97740.9978    0.00000   100%  27.8 1680s
 389312 178700 17514.3045  156  178 97740.9978    0.00000   100%  27.7 1685s
 390855 179800 65916.5212  180  179 97740.9978    0.00000   100%  27.7 1690s
 392371 180926 38488.2363  206  168 97740.9978    0.00000   100%  27.6 1695s
 394008 182130     cutoff  172      97740.9978    0.00000   100%  27.6 1700s
 395411 182721     cutoff  179      97740.9978    0.00000   100%  27.5 1705s
 396331 183217     cutoff  177      97740.9978    0.00000   100%  27.5 1710s
 397405 184199 39026.2234  196  172 97740.9978    0.00000   100%  27.5 1715s
 398759 185018 14736.5417  157  177 97740.9978    0.00000   100%  27.5 1720s
 400680 186368     cutoff  142      97740.9978    0.00000   100%  27.4 1725s
 401747 187339 58042.5310  196  181 97740.9978    0.00000   100%  27.3 1730s
 403743 189119 44484.2803  272  161 97740.9978    0.00000   100%  27.3 1735s
 405791 190883 59028.6928  892  142 97740.9978    0.00000   100%  27.2 1740s
H406509 191214                    97655.559897    0.00000   100%  27.1 1742s
 407450 191789     cutoff  135      97655.5599    0.00000   100%  27.1 1745s
 409337 193447 31601.4502  164  179 97655.5599    0.00000   100%  27.0 1750s
 410818 194163 51980.0871  253  171 97655.5599    0.00000   100%  27.0 1755s
H411321 194317                    97635.888353    0.00000   100%  27.0 1756s
H411743 194573                    97625.363816    0.00000   100%  27.0 1759s
 411835 194890 5767.53053  143  174 97625.3638    0.00000   100%  27.0 1760s
H413121 195846                    97592.635215    0.00000   100%  26.9 1763s
 414054 196782 19645.4754  189  171 97592.6352    0.00000   100%  26.9 1765s
H414233 196782                    97590.255354    0.00000   100%  26.9 1765s
H415122 197596                    97582.265977    0.00000   100%  26.8 1768s
H415426 197691                    97570.262020    0.00000   100%  26.8 1768s
 415657 197909 51583.7307  224  175 97570.2620    0.00000   100%  26.8 1770s
H415968 197944                    97562.272520    0.00000   100%  26.8 1771s
 417025 198664 27689.7757  154  178 97562.2725    0.00000   100%  26.8 1775s
 418770 200246 infeasible  158      97562.2725    0.00000   100%  26.7 1780s
H418796 200240                    97525.258167    0.00000   100%  26.7 1780s
H420015 201173                    97525.258134    0.00000   100%  26.7 1784s
 420238 201644 36627.8987  200  174 97525.2581    0.00000   100%  26.7 1785s
 422250 203229 55079.0118  169  186 97525.2581    0.00000   100%  26.6 1790s
H424631 205418                    97486.931751    0.00000   100%  26.4 1795s
H425737 206539                    97486.931734    0.00000   100%  26.4 1798s
H426635 207188                    97486.870251    0.00000   100%  26.3 1800s
H426984 207300                    97464.666534    0.00000   100%  26.3 1800s
H427397 207551                    97446.108259    0.00000   100%  26.3 1804s
 427398 207759 35160.2998  203  170 97446.1083    0.00000   100%  26.3 1805s
 429161 209357 86944.2087  728  171 97446.1083    0.00000   100%  26.2 1810s
H430659 210773                    97431.675689    0.00000   100%  26.2 1813s
 431393 211134 infeasible  160      97431.6757    0.00000   100%  26.1 1815s
H432157 211642                    97399.246091    0.00000   100%  26.1 1817s
 432364 211937 78274.5460  235  181 97399.2461    0.00000   100%  26.1 1820s
 434041 213772 77540.1793  764  173 97399.2461    0.00000   100%  26.0 1825s
 435922 215149 35518.9180  141  184 97399.2461    0.00000   100%  25.9 1830s
 437528 216562 29843.5176  210  173 97399.2461    0.00000   100%  25.9 1836s
 439299 218068 29810.9435  268  159 97399.2461    0.00000   100%  25.8 1840s
 441135 219450 79030.0318  445  165 97399.2461    0.00000   100%  25.7 1845s
 442452 220969 infeasible  266      97399.2461    0.00000   100%  25.7 1851s
 444263 222433 67594.9368  559  179 97399.2461    0.00000   100%  25.6 1855s
 445829 223810 68692.0999  818  135 97399.2461    0.00000   100%  25.5 1860s
 447492 224883 23076.7141  152  178 97399.2461    0.00000   100%  25.5 1865s
 449101 226331 16041.8666  137  179 97399.2461    0.00000   100%  25.4 1870s
 450889 228228 62748.8681  972  154 97399.2461    0.00000   100%  25.3 1875s
 452699 229751 25188.7544  173  178 97399.2461    0.00000   100%  25.3 1880s
 453309 230022 72398.7528  247  175 97399.2461    0.00000   100%  25.2 1886s
H453406 230219                    97371.299865    0.00000   100%  25.2 1888s
H453585 230410                    97361.009157    0.00000   100%  25.2 1889s
H453744 230408                    97356.527124    0.00000   100%  25.2 1889s
 453832 230544 40248.8444  369  158 97356.5271    0.00000   100%  25.2 1890s
 455624 232223 infeasible  246      97356.5271    0.00000   100%  25.2 1895s
 457771 234163    0.00000  119  177 97356.5271    0.00000   100%  25.1 1900s
 459088 235532     cutoff  464      97356.5271    0.00000   100%  25.0 1905s
 461524 237618 67649.3697  330  161 97356.5271    0.00000   100%  24.9 1910s
 463461 239192 infeasible  150      97356.5271    0.00000   100%  24.8 1917s
 463894 239506     cutoff  318      97356.5271    0.00000   100%  24.8 1920s
 465030 240247 4669.06444  136  174 97356.5271    0.00000   100%  24.8 1925s
 466144 241082 67992.9330  166  177 97356.5271    0.00000   100%  24.8 1930s
H466562 241213                    97353.841630    0.00000   100%  24.8 1931s
H467522 242115                    97333.260214    0.00000   100%  24.7 1934s
 467709 242463 46955.4961  402  165 97333.2602    0.00000   100%  24.7 1935s
 468708 242966 70059.6155  232  177 97333.2602    0.00000   100%  24.7 1940s
H469301 243440                    97317.268241    0.00000   100%  24.7 1942s
 469881 243966 infeasible  218      97317.2682    0.00000   100%  24.7 1945s
 472298 245969     cutoff  307      97317.2682    0.00000   100%  24.6 1950s
 473830 247138 64785.1168  302  174 97317.2682    0.00000   100%  24.6 1955s
 475006 248223 59325.2062  437  149 97317.2682    0.00000   100%  24.5 1960s
 476688 249280 84537.4497  163  171 97317.2682    0.00000   100%  24.5 1965s
 479134 251338 69472.7986 1134  153 97317.2682    0.00000   100%  24.4 1970s
 480643 252768     cutoff  284      97317.2682    0.00000   100%  24.3 1975s
 482479 254324 65632.3718  921  150 97317.2682    0.00000   100%  24.3 1980s
 484569 255997     cutoff 2200      97317.2682    0.00000   100%  24.2 1985s
 486008 257653 65014.7530  684  155 97317.2682    0.00000   100%  24.1 1990s
H487588 258882                    97313.808156    0.00000   100%  24.1 1992s
 488705 259823 28197.7613  231  162 97313.8082    0.00000   100%  24.0 1995s
 490073 260659 infeasible  215      97313.8082    0.00000   100%  24.0 2000s
 491279 261469 20703.8019  293  165 97313.8082    0.00000   100%  24.0 2005s
 492782 262624 infeasible  151      97313.8082    0.00000   100%  23.9 2010s
H493529 263030                    97232.916601    0.00000   100%  23.9 2012s
 494431 263810 21090.3544  207  172 97232.9166    0.00000   100%  23.9 2016s
H494546 263804                    97213.443904    0.00000   100%  23.9 2016s
 495435 264762 35078.1987  134  174 97213.4439    0.00000   100%  23.9 2020s
H496626 265320                    97188.940629    0.00000   100%  23.8 2023s
 496976 265647 59086.2738  274  191 97188.9406    0.00000   100%  23.8 2025s
 498354 266917 26980.9993  185  170 97188.9406    0.00000   100%  23.8 2030s
H499854 267803                    97185.931640    0.00000   100%  23.8 2034s
 499881 268010 34196.7146  192  170 97185.9316    0.00000   100%  23.7 2035s
 501773 269635 36636.4419  245  178 97185.9316    0.00000   100%  23.7 2040s
 503441 271086 33322.8996  328  167 97185.9316    0.00000   100%  23.6 2045s
 504867 272032    0.00000  123  174 97185.9316    0.00000   100%  23.6 2050s
H505013 272032                    97185.651253    0.00000   100%  23.6 2050s
 506499 273300 76011.6798  189  177 97185.6513    0.00000   100%  23.6 2055s
 508610 275003     cutoff  134      97185.6513    0.00000   100%  23.5 2060s
 509946 275897 36168.0653  135  177 97185.6513    0.00000   100%  23.5 2065s
 511589 277435 68102.4693  241  171 97185.6513    0.00000   100%  23.4 2070s
 513602 278912 infeasible  181      97185.6513    0.00000   100%  23.4 2075s
 514964 279731 43597.2603  237  174 97185.6513    0.00000   100%  23.4 2081s
 516058 280919 59348.8082  144  182 97185.6513    0.00000   100%  23.3 2085s
H517854 282025                    97175.956218    0.00000   100%  23.3 2090s
H519166 283020                    97156.917325    0.00000   100%  23.2 2094s
 519224 283207 58661.6992  420  181 97156.9173    0.00000   100%  23.2 2095s
 520392 284124 30110.1906  145  176 97156.9173    0.00000   100%  23.2 2100s
H521167 284570                    97142.932286    0.00000   100%  23.2 2102s
 522088 285022     cutoff  144      97142.9323    0.00000   100%  23.2 2105s
 523990 286454 56227.1241  179  171 97142.9323    0.00000   100%  23.1 2110s
 525337 287184 16780.7341  210  174 97142.9323    0.00000   100%  23.1 2116s
 526407 288068 infeasible  176      97142.9323    0.00000   100%  23.1 2120s
 528628 289662 74942.5360  234  167 97142.9323    0.00000   100%  23.1 2125s
 530061 290811 72582.5971  184  160 97142.9323    0.00000   100%  23.0 2130s
 530722 291300 40316.3851  141  172 97142.9323    0.00000   100%  23.0 2135s
 532120 292208 55094.8837  155  184 97142.9323    0.00000   100%  23.0 2140s
 533463 293190    0.00000  116  173 97142.9323    0.00000   100%  23.0 2145s
 534660 293852 60274.4566  159  166 97142.9323    0.00000   100%  23.0 2150s
 536109 294715 78395.6678  164  165 97142.9323    0.00000   100%  22.9 2155s
 537933 295942 infeasible  185      97142.9323    0.00000   100%  22.9 2160s
 539824 297300 11276.5504  131  180 97142.9323    0.00000   100%  22.9 2165s
 541015 298049 infeasible  159      97142.9323    0.00000   100%  22.9 2170s
 543280 299783 infeasible  368      97142.9323    0.00000   100%  22.8 2175s
 544852 300868 40609.2841  187  177 97142.9323    0.00000   100%  22.8 2180s
 546402 301656     cutoff  186      97142.9323    0.00000   100%  22.8 2185s
 548428 302991 53983.7672  169  174 97142.9323    0.00000   100%  22.7 2190s
 550147 304259 59833.5256  165  175 97142.9323    0.00000   100%  22.7 2195s
 551511 305144 56567.9185  387  161 97142.9323    0.00000   100%  22.7 2200s
 553203 306349 34686.3300  332  174 97142.9323    0.00000   100%  22.7 2205s
 555276 307768 51763.8010  176  182 97142.9323    0.00000   100%  22.6 2210s
 556471 308584 75603.6489  353  158 97142.9323    0.00000   100%  22.6 2215s
 557850 309458 6505.92001  128  181 97142.9323    0.00000   100%  22.6 2220s
 560046 311226 infeasible  133      97142.9323    0.00000   100%  22.5 2225s
 561288 312027 68220.3583  185  181 97142.9323    0.00000   100%  22.5 2230s
 562922 312963 55186.9523  141  172 97142.9323    0.00000   100%  22.5 2235s
 564341 313961 60399.7595  172  165 97142.9323    0.00000   100%  22.5 2240s
 566086 315283 20552.1407  145  177 97142.9323    0.00000   100%  22.4 2245s
 566574 315616 61177.0869  165  171 97142.9323    0.00000   100%  22.4 2250s
 568680 317054     cutoff  125      97142.9323    0.00000   100%  22.4 2255s
 569943 317794 52485.7717  156  176 97142.9323    0.00000   100%  22.4 2260s
 571363 318692 61615.1026  262  170 97142.9323    0.00000   100%  22.4 2265s
 572581 319495 35316.1213  134  178 97142.9323    0.00000   100%  22.4 2270s
 574645 321183 43902.3815  213  171 97142.9323    0.00000   100%  22.3 2275s
 576557 322436 infeasible  150      97142.9323    0.00000   100%  22.3 2284s
 576710 322485 25238.3483  172  183 97142.9323    0.00000   100%  22.3 2285s
 577971 323299 67228.3320  159  171 97142.9323    0.00000   100%  22.3 2290s
 579448 324249 43388.1668  144  173 97142.9323    0.00000   100%  22.2 2295s
 580657 325100 29974.8806  145  182 97142.9323    0.00000   100%  22.2 2300s
 582604 326500 21302.7083  135  179 97142.9323    0.00000   100%  22.2 2305s
 584052 327286 18868.9759  140  173 97142.9323    0.00000   100%  22.2 2310s
 585444 328433 21680.1195  170  177 97142.9323    0.00000   100%  22.2 2315s
 586670 329316     cutoff  281      97142.9323    0.00000   100%  22.1 2321s
 587923 330299 67257.5284  331  170 97142.9323    0.00000   100%  22.1 2325s
 589879 331800     cutoff  269      97142.9323    0.00000   100%  22.1 2330s
 591380 332922 11549.2296  132  179 97142.9323    0.00000   100%  22.1 2335s
 593067 334277 72915.2913  266  156 97142.9323    0.00000   100%  22.0 2340s
 594655 335394 infeasible  161      97142.9323    0.00000   100%  22.0 2345s
 596358 336334 30350.7819  165  179 97142.9323    0.00000   100%  22.0 2350s
 597285 337315 70856.0693  312  180 97142.9323    0.00000   100%  22.0 2355s
 599520 339333 23274.8885  177  175 97142.9323    0.00000   100%  21.9 2360s
 601476 340858     cutoff  223      97142.9323    0.00000   100%  21.9 2365s
 602467 341470 85113.6911  312  168 97142.9323    0.00000   100%  21.8 2370s
 604619 342972 26395.4125  175  172 97142.9323    0.00000   100%  21.8 2375s
 605778 343554 29749.5364  197  172 97142.9323    0.00000   100%  21.8 2380s
 607393 344500 20952.8342  185  174 97142.9323    0.00000   100%  21.8 2388s
 607593 344623     cutoff  234      97142.9323    0.00000   100%  21.8 2390s
 609049 345581 68586.9685  310  170 97142.9323    0.00000   100%  21.8 2395s
 610522 346744 82615.7363  307  173 97142.9323    0.00000   100%  21.8 2400s
 612427 348032 19525.3024  248  160 97142.9323    0.00000   100%  21.7 2406s
 613665 349103     cutoff  153      97142.9323    0.00000   100%  21.7 2410s
 615323 350253 45533.5236  404  152 97142.9323    0.00000   100%  21.7 2415s
 617396 351703     cutoff  189      97142.9323    0.00000   100%  21.7 2420s
 618624 352714 59757.5138  272  177 97142.9323    0.00000   100%  21.7 2425s
 620099 354028 22970.6669  220  173 97142.9323    0.00000   100%  21.6 2430s
 622505 355911 16938.2469  201  174 97142.9323    0.00000   100%  21.6 2435s
 623034 356282 38602.3027  327  151 97142.9323    0.00000   100%  21.6 2440s
 624712 357587 40544.2214  501  147 97142.9323    0.00000   100%  21.6 2445s
 626597 359030 16068.7119  236  156 97142.9323    0.00000   100%  21.5 2450s
 628289 360451 15784.2426  188  162 97142.9323    0.00000   100%  21.5 2455s
 631121 362986 12476.7342  198  168 97142.9323    0.00000   100%  21.4 2460s
 633013 364190     cutoff  202      97142.9323    0.00000   100%  21.4 2466s
 634974 366086 26501.5443  356  157 97142.9323    0.00000   100%  21.4 2470s
 636893 367787     cutoff  437      97142.9323    0.00000   100%  21.3 2475s
 637898 368245 infeasible  192      97142.9323    0.00000   100%  21.3 2480s
 639400 369549 45020.8641  334  161 97142.9323    0.00000   100%  21.3 2485s
 641836 371675 63589.8739  270  177 97142.9323    0.00000   100%  21.3 2490s
 644031 373699 24699.9109  140  185 97142.9323    0.00000   100%  21.2 2495s
 646205 375742 31025.4199  435  158 97142.9323    0.00000   100%  21.2 2500s
 648128 377260 39234.7472  189  172 97142.9323    0.00000   100%  21.1 2505s
 650176 379251 44765.6282  190  164 97142.9323    0.00000   100%  21.1 2510s
 652950 381620 infeasible  180      97142.9323    0.00000   100%  21.0 2515s
 654808 382913 infeasible  173      97142.9323    0.00000   100%  21.0 2520s
 656292 384221 25025.2559  262  160 97142.9323    0.00000   100%  21.0 2525s
 658649 386437 31304.1151  709  156 97142.9323    0.00000   100%  20.9 2530s
 660035 387550 infeasible  156      97142.9323    0.00000   100%  20.9 2535s
 661297 388341 71975.7926  176  179 97142.9323    0.00000   100%  20.9 2540s
 663112 390109 13666.8309  232  169 97142.9323    0.00000   100%  20.9 2545s
 665047 391682 41136.5472  447  147 97142.9323    0.00000   100%  20.8 2550s
 667286 393673 16810.0450  200  166 97142.9323    0.00000   100%  20.8 2555s
 668910 394782     cutoff  193      97142.9323    0.00000   100%  20.8 2560s
 670944 397170 37875.7214  984  145 97142.9323    0.00000   100%  20.7 2565s
 673704 399750    0.00000  117  175 97142.9323    0.00000   100%  20.6 2570s
 674735 400386 70799.2854  222  168 97142.9323    0.00000   100%  20.6 2575s
H676711 402268                    97142.589305    0.00000   100%  20.6 2580s
H677549 402958                    97135.073756    0.00000   100%  20.6 2582s
 679128 404375 37348.4889  762  163 97135.0738    0.00000   100%  20.5 2585s
 680905 405658     cutoff  157      97135.0738    0.00000   100%  20.5 2590s
H682253 406694                    97100.213318    0.00000   100%  20.5 2593s
 682863 407247 infeasible  238      97100.2133    0.00000   100%  20.5 2595s
 684307 408542     cutoff  224      97100.2133    0.00000   100%  20.5 2600s
H685792 409323                    97100.159003    0.00000   100%  20.5 2604s
 685848 409571 9826.10441  125  175 97100.1590    0.00000   100%  20.5 2605s
H686543 410036                    97089.411712    0.00000   100%  20.4 2607s
 687365 410731 60332.1091  166  173 97089.4117    0.00000   100%  20.4 2610s
 688933 411995 44699.0205  280  168 97089.4117    0.00000   100%  20.4 2615s
H689476 412245                    97071.928093    0.00000   100%  20.4 2617s
 689739 412502 infeasible  151      97071.9281    0.00000   100%  20.4 2620s
 691339 413718 infeasible  184      97071.9281    0.00000   100%  20.4 2625s
 693572 415557 80206.4609  268  162 97071.9281    0.00000   100%  20.4 2630s
 694904 416544 51220.9611  146  175 97071.9281    0.00000   100%  20.4 2635s
 696528 417575 30837.4801  132  179 97071.9281    0.00000   100%  20.3 2640s
 697830 418649 45000.9642  364  171 97071.9281    0.00000   100%  20.3 2645s
 699623 419851 47522.3712  133  176 97071.9281    0.00000   100%  20.3 2652s
 701400 421503 infeasible  145      97071.9281    0.00000   100%  20.3 2655s
H701401 421500                    97063.763347    0.00000   100%  20.3 2655s
 702782 422845 75939.7804  363  157 97063.7633    0.00000   100%  20.3 2660s
 704473 424049 60109.3728  225  169 97063.7633    0.00000   100%  20.2 2665s
 705451 424576     cutoff  233      97063.7633    0.00000   100%  20.2 2670s
 706663 425367 48109.1806  134  176 97063.7633    0.00000   100%  20.2 2675s
 708322 426575 66324.2330  158  176 97063.7633    0.00000   100%  20.2 2680s
 709761 427570 infeasible  191      97063.7633    0.00000   100%  20.2 2685s
 711286 428752 19943.2984  168  177 97063.7633    0.00000   100%  20.2 2690s
 712882 429851 59673.0106  627  185 97063.7633    0.00000   100%  20.2 2695s
 714133 430686 62049.3036  140  175 97063.7633    0.00000   100%  20.2 2700s
 715493 431873 8150.73729  132  180 97063.7633    0.00000   100%  20.1 2705s
 717746 433902 42852.3017  641  148 97063.7633    0.00000   100%  20.1 2710s
 720226 435933 18898.5483  188  174 97063.7633    0.00000   100%  20.1 2715s
 721664 437213 4554.80682  122  181 97063.7633    0.00000   100%  20.0 2720s
 723327 438364 48550.6862  365  174 97063.7633    0.00000   100%  20.0 2725s
 725467 440065 41795.1968  731  157 97063.7633    0.00000   100%  20.0 2731s
 726605 441160 12113.3551  252  155 97063.7633    0.00000   100%  20.0 2735s
 729014 443330 6424.10498  116  181 97063.7633    0.00000   100%  20.0 2740s
 730561 444259 50010.6638  223  173 97063.7633    0.00000   100%  19.9 2745s
 731971 445307 47207.4608  451  137 97063.7633    0.00000   100%  19.9 2750s
 734860 447928 26810.1122  230  181 97063.7633    0.00000   100%  19.9 2755s
 735804 448637 24813.1731  409  162 97063.7633    0.00000   100%  19.9 2760s
 737289 449822 infeasible  181      97063.7633    0.00000   100%  19.8 2765s
 739541 451587 infeasible  173      97063.7633    0.00000   100%  19.8 2770s
 740687 452309 33891.8523  288  158 97063.7633    0.00000   100%  19.8 2775s
 742322 453624 18415.7620  160  176 97063.7633    0.00000   100%  19.8 2780s
 743915 454851     cutoff  220      97063.7633    0.00000   100%  19.8 2785s
 745712 456525 26602.1244 1027  151 97063.7633    0.00000   100%  19.7 2790s
 747536 458010 15460.6064  176  171 97063.7633    0.00000   100%  19.7 2795s
 750081 460002 19034.6337  194  172 97063.7633    0.00000   100%  19.7 2800s
 752269 461736 59788.2791  323  169 97063.7633    0.00000   100%  19.7 2805s
H753479 462599                    97060.714209    0.00000   100%  19.6 2810s
H753928 462807                    97060.709385    0.00000   100%  19.6 2811s
H754003 462916                    97032.555094    0.00000   100%  19.6 2812s
 754992 463643 infeasible  192      97032.5551    0.00000   100%  19.6 2815s
 756262 464848 21629.9698  418  155 97032.5551    0.00000   100%  19.6 2820s
 758217 466463 34345.6193  189  170 97032.5551    0.00000   100%  19.6 2825s
 760359 467962 62860.1910  281  184 97032.5551    0.00000   100%  19.6 2830s
 761599 468739 44627.0190  650  185 97032.5551    0.00000   100%  19.6 2835s
 763733 470181 30115.9410  163  175 97032.5551    0.00000   100%  19.6 2840s
 765761 471593 23180.2504  184  179 97032.5551    0.00000   100%  19.6 2845s
 767538 473018 42925.5299  326  175 97032.5551    0.00000   100%  19.5 2850s
 768848 473689 39698.0742  250  167 97032.5551    0.00000   100%  19.5 2855s
 770242 474605 53043.6777  155  176 97032.5551    0.00000   100%  19.5 2860s
 771577 475294 infeasible  162      97032.5551    0.00000   100%  19.5 2865s
 773312 476585     cutoff  156      97032.5551    0.00000   100%  19.5 2870s
 774894 477619 infeasible  182      97032.5551    0.00000   100%  19.5 2875s
 776458 478816 51707.5752  498  159 97032.5551    0.00000   100%  19.5 2880s
 777530 479459 31475.1907  163  179 97032.5551    0.00000   100%  19.5 2885s
 779925 481241 6694.41976  139  175 97032.5551    0.00000   100%  19.5 2890s
 781656 482501 41174.0729  174  178 97032.5551    0.00000   100%  19.5 2895s
 783416 483956 19827.1992  159  173 97032.5551    0.00000   100%  19.5 2900s
 785190 485714 66858.1609  419  156 97032.5551    0.00000   100%  19.5 2905s
 787240 486907 60740.6730  162  180 97032.5551    0.00000   100%  19.4 2910s
 789974 489508 70459.7083  346  165 97032.5551    0.00000   100%  19.4 2915s
 792153 491009 39111.4712  121  186 97032.5551    0.00000   100%  19.4 2921s
 793863 493126 26920.8764  735  158 97032.5551    0.00000   100%  19.3 2925s
 796155 494680     cutoff  165      97032.5551    0.00000   100%  19.3 2930s
 797285 495386    0.00000  119  176 97032.5551    0.00000   100%  19.3 2935s
 798838 496635 46341.2610  189  175 97032.5551    0.00000   100%  19.3 2940s
 799969 497113 32812.1238  122  180 97032.5551    0.00000   100%  19.3 2945s
 801633 498261 46071.2900  150  185 97032.5551    0.00000   100%  19.3 2950s
 802512 498756 5837.45830  119  183 97032.5551    0.00000   100%  19.3 2955s
 803798 499484 65409.4254  156  175 97032.5551    0.00000   100%  19.3 2960s
 805118 500259 infeasible  164      97032.5551    0.00000   100%  19.3 2965s
 807414 502106 66377.3729  837  152 97032.5551    0.00000   100%  19.3 2971s
 808955 503703 63880.9598  212  165 97032.5551    0.00000   100%  19.3 2975s
 810948 504942 infeasible  123      97032.5551    0.00000   100%  19.2 2980s
 812645 505928 65745.4907  296  161 97032.5551    0.00000   100%  19.2 2985s
 813884 506898 infeasible  159      97032.5551    0.00000   100%  19.2 2990s
 815570 508009     cutoff  125      97032.5551    0.00000   100%  19.2 2995s
H816437 508398                    97030.742977    0.00000   100%  19.2 2998s
 817048 508766 infeasible  162      97030.7430    0.00000   100%  19.2 3000s
 818074 509445 infeasible  186      97030.7430    0.00000   100%  19.2 3005s
 819402 510265 56450.3624  127  184 97030.7430    0.00000   100%  19.2 3010s
 820618 510647 6584.11676  111  183 97030.7430    0.00000   100%  19.3 3015s
 821797 511237 53241.2609  136  178 97030.7430    0.00000   100%  19.3 3020s
 823040 512114 infeasible  181      97030.7430    0.00000   100%  19.3 3025s
 824363 513134 infeasible  202      97030.7430    0.00000   100%  19.3 3030s
 825818 514065 58045.4782  141  176 97030.7430    0.00000   100%  19.3 3035s
 827288 515131 68344.4621  142  179 97030.7430    0.00000   100%  19.3 3040s
 828403 515636     cutoff  157      97030.7430    0.00000   100%  19.3 3045s
 829438 516240 infeasible  136      97030.7430    0.00000   100%  19.3 3050s
 831377 517614 12028.2219  116  183 97030.7430    0.00000   100%  19.2 3055s
 832929 518568 31157.9721  115  179 97030.7430    0.00000   100%  19.2 3061s
 833900 519254 83926.7384  222  167 97030.7430    0.00000   100%  19.2 3065s
 834856 519730 30938.5496  126  180 97030.7430    0.00000   100%  19.3 3070s
H835372 519932                    97014.775383    0.00000   100%  19.3 3072s
 836291 520702 67777.0808  250  173 97014.7754    0.00000   100%  19.3 3075s
 837923 521662 37570.7729  139  181 97014.7754    0.00000   100%  19.2 3080s
 838781 521982 infeasible  152      97014.7754    0.00000   100%  19.3 3085s
 840811 523330 76021.5319  408  166 97014.7754    0.00000   100%  19.3 3090s
H841561 523705                    96972.056415    0.00000   100%  19.3 3093s
 842208 524286 31025.2017  109  180 96972.0564    0.00000   100%  19.3 3095s
 843358 525042 17987.2396  108  185 96972.0564    0.00000   100%  19.3 3100s
 844884 525911 17439.2349  119  182 96972.0564    0.00000   100%  19.3 3105s
 846280 526677 91160.6061  165  179 96972.0564    0.00000   100%  19.3 3110s
 847939 527985 48085.6463  112  180 96972.0564    0.00000   100%  19.3 3115s
 849082 528463 78174.4407  224  169 96972.0564    0.00000   100%  19.3 3120s
 850757 529610 infeasible  166      96972.0564    0.00000   100%  19.3 3125s
 852067 530306 65995.8514  139  177 96972.0564    0.00000   100%  19.3 3130s
 853399 531033     cutoff  123      96972.0564    0.00000   100%  19.3 3135s
 854164 531378 36723.1074  179  176 96972.0564    0.00000   100%  19.3 3140s
 855157 531964 45575.0990  104  181 96972.0564    0.00000   100%  19.3 3145s
 856760 533404 65093.2260  164  177 96972.0564    0.00000   100%  19.3 3150s
 858508 534288 53357.3270  114  183 96972.0564    0.00000   100%  19.3 3155s
 858963 534463    0.00000   91  196 96972.0564    0.00000   100%  19.3 3160s
 859731 534835 9182.76951  117  193 96972.0564    0.00000   100%  19.4 3165s
 860746 535090 69270.1042  127  194 96972.0564    0.00000   100%  19.4 3170s
 861480 535370    0.00000   92  187 96972.0564    0.00000   100%  19.4 3175s
 862302 535636 77714.9069   88  200 96972.0564    0.00000   100%  19.5 3180s
 863290 536056 5981.97940   93  188 96972.0564    0.00000   100%  19.5 3185s
 864230 536796 84643.1900  101  195 96972.0564    0.00000   100%  19.5 3190s
 865315 537473 47348.9546  107  182 96972.0564    0.00000   100%  19.5 3195s
 866750 538329 66731.8245  201  175 96972.0564    0.00000   100%  19.5 3200s
 868140 539066     cutoff  105      96972.0564    0.00000   100%  19.5 3205s
 869083 539417 36067.7861  105  179 96972.0564    0.00000   100%  19.6 3210s
 870780 540885     cutoff   95      96972.0564    0.00000   100%  19.6 3215s
 871825 541077     cutoff   99      96972.0564    0.00000   100%  19.6 3220s
 872736 541373 53087.5211  103  207 96972.0564    0.00000   100%  19.6 3225s
 873604 541687    0.00000   98  186 96972.0564    0.00000   100%  19.7 3230s
 874375 541906 93668.1736   96  207 96972.0564    0.00000   100%  19.7 3235s
 875020 542197     cutoff   90      96972.0564    0.00000   100%  19.7 3240s
 875948 542524 infeasible  108      96972.0564    0.00000   100%  19.7 3246s
 876824 542851 13292.7979   84  205 96972.0564    0.00000   100%  19.8 3251s
 877602 543182 84313.1285   92  201 96972.0564    0.00000   100%  19.8 3255s
 878472 543563 infeasible   94      96972.0564    0.00000   100%  19.8 3260s
H879096 543726                    96819.673829    0.00000   100%  19.9 3264s
 879233 543799     cutoff   72      96819.6738    0.00000   100%  19.9 3270s
H879393 543779                    96758.461577    0.00000   100%  19.9 3270s
 880012 544069     cutoff   96      96758.4616    0.00000   100%  19.9 3275s
 880733 544402 85707.7160  109  196 96758.4616    0.00000   100%  19.9 3280s
 881739 544772    0.00000   80  196 96758.4616    0.00000   100%  20.0 3286s
 882468 545032 57984.1034   85  197 96758.4616    0.00000   100%  20.0 3290s
 883479 545433 75829.2771   83  203 96758.4616    0.00000   100%  20.0 3296s
 884225 545703    0.00000   95  194 96758.4616    0.00000   100%  20.0 3300s
H884477 545721                    96715.742610    0.00000   100%  20.1 3306s
 885146 546022     cutoff  107      96715.7426    0.00000   100%  20.1 3311s
 885889 546354 80755.8150   97  193 96715.7426    0.00000   100%  20.1 3315s
 886746 546684 38441.5180  108  198 96715.7426    0.00000   100%  20.1 3320s
 887557 546990 81422.0205   94  185 96715.7426    0.00000   100%  20.2 3325s
 888649 547470     cutoff  112      96715.7426    0.00000   100%  20.2 3331s
 889481 547666     cutoff   96      96715.7426    0.00000   100%  20.2 3337s
 889812 547833     cutoff   99      96715.7426    0.00000   100%  20.3 3341s
 890608 548185 31432.2930   93  187 96715.7426    0.00000   100%  20.3 3346s
 891438 548543 25797.3898  102  194 96715.7426    0.00000   100%  20.3 3351s
 892367 548780 infeasible  114      96715.7426    0.00000   100%  20.3 3356s
 892983 548910 infeasible  110      96715.7426    0.00000   100%  20.4 3360s
 894128 549264 35444.5569  100  192 96715.7426    0.00000   100%  20.4 3365s
 894747 549416 23287.1068   88  193 96715.7426    0.00000   100%  20.4 3370s
 895355 549709 81156.7759   98  192 96715.7426    0.00000   100%  20.5 3376s
 896434 550001     cutoff  114      96715.7426    0.00000   100%  20.5 3381s
 897368 550216 infeasible   94      96715.7426    0.00000   100%  20.5 3386s
H897385 550216                    96713.604695    0.00000   100%  20.5 3386s
H897750 550395                    96702.215534    0.00000   100%  20.5 3389s
 897981 550484 71335.7747  107  194 96702.2155    0.00000   100%  20.5 3391s
 898965 550919 infeasible  178      96702.2155    0.00000   100%  20.6 3396s
 899756 551166    0.00000   89  190 96702.2155    0.00000   100%  20.6 3401s
 900401 551579     cutoff   98      96702.2155    0.00000   100%  20.6 3405s
 901347 551934 20826.3278   85  191 96702.2155    0.00000   100%  20.7 3410s
 902215 552238    0.00000  122  192 96702.2155    0.00000   100%  20.7 3416s
 903100 552547 20940.5067   86  189 96702.2155    0.00000   100%  20.7 3421s
 903963 552884 55702.4468  104  173 96702.2155    0.00000   100%  20.7 3425s
 904787 553186 31993.4444   95  191 96702.2155    0.00000   100%  20.8 3431s
 905097 553232    0.00000   71  191 96702.2155    0.00000   100%  20.8 3435s
H905157 553228                    96697.950266    0.00000   100%  20.8 3435s
 905755 553630    0.00000   75  216 96697.9503    0.00000   100%  20.8 3440s
 906641 554010 39685.4827   96  191 96697.9503    0.00000   100%  20.8 3446s
 907548 554344 45157.8000   95  185 96697.9503    0.00000   100%  20.9 3451s
 908252 554608    0.00000   89  189 96697.9503    0.00000   100%  20.9 3455s
 909185 554951 85433.7985   86  195 96697.9503    0.00000   100%  20.9 3460s
 910133 555229 infeasible   98      96697.9503    0.00000   100%  20.9 3467s
 910610 555428 65899.9425   89  184 96697.9503    0.00000   100%  21.0 3470s
 911485 555838     cutoff  105      96697.9503    0.00000   100%  21.0 3476s
 912485 556135 69740.5101   89  193 96697.9503    0.00000   100%  21.0 3481s
 913293 556449    0.00000   69  216 96697.9503    0.00000   100%  21.0 3486s
 914259 556752    0.00000   67  200 96697.9503    0.00000   100%  21.1 3491s
 915112 556995 infeasible   96      96697.9503    0.00000   100%  21.1 3496s
 915510 557149 10087.7770   89  205 96697.9503    0.00000   100%  21.1 3500s
 916374 557464    0.00000   87  186 96697.9503    0.00000   100%  21.2 3505s
 917188 557735     cutoff  103      96697.9503    0.00000   100%  21.2 3510s
H917836 557912                    96676.860160    0.00000   100%  21.2 3514s
 918184 558006 35534.6088  100  198 96676.8602    0.00000   100%  21.2 3516s
 919145 558307 39583.5072  100  195 96676.8602    0.00000   100%  21.2 3521s
 919735 558541 43376.6864   90  199 96676.8602    0.00000   100%  21.3 3525s
 920620 558769 85025.6585   93  213 96676.8602    0.00000   100%  21.3 3534s
 920622 558885 88933.2219   94  205 96676.8602    0.00000   100%  21.3 3535s
 921356 559233 64640.1396   86  197 96676.8602    0.00000   100%  21.3 3540s
 922227 559588 37454.5945  104  192 96676.8602    0.00000   100%  21.4 3545s
 923237 559897 61972.4163  108  200 96676.8602    0.00000   100%  21.4 3550s
 924101 560256    0.00000   82  201 96676.8602    0.00000   100%  21.4 3555s
H924796 560483                    96674.851202    0.00000   100%  21.4 3558s
 925437 560712     cutoff   94      96674.8512    0.00000   100%  21.5 3561s
 926100 561019 60240.2247   97  193 96674.8512    0.00000   100%  21.5 3565s
 927025 561435 55399.7091   95  190 96674.8512    0.00000   100%  21.5 3570s
 927966 561859 54727.5351   96  190 96674.8512    0.00000   100%  21.5 3575s
 928935 562299 10072.6836   83  202 96674.8512    0.00000   100%  21.6 3580s
 930528 563939 infeasible  208      96674.8512    0.00000   100%  21.6 3587s
 931844 565156 65856.2017  240  183 96674.8512    0.00000   100%  21.6 3590s
 933560 566110 64381.9693  129  178 96674.8512    0.00000   100%  21.5 3595s
 935442 567055 63310.3624  154  176 96674.8512    0.00000   100%  21.6 3600s

Cutting planes:
  Gomory: 2
  Implied bound: 11
  MIR: 59
  Flow cover: 14
  RLT: 1

Explored 935444 nodes (20162615 simplex iterations) in 3600.08 seconds (2042.91 work units)
Thread count was 2 (of 24 available processors)

Solution count 10: 96674.9 96676.9 96698 ... 97014.8

Time limit reached
Best objective 9.667485120173e+04, best bound 0.000000000000e+00, gap 100.0000%
