
Gurobi 11.0.3 (linux64, Java) logging started qua 06 nov 2024 15:40:19 -03

Set parameter Username
Academic license - for non-commercial use only - expires 2025-10-10
Warning: Gurobi version mismatch between Java 11.0.1 and C library 11.0.3
Warning: Gurobi version mismatch between Java 11.0.1 and Jni 11.0.3
Set parameter NonConvex to value 2
Set parameter TimeLimit to value 3600
Set parameter LogToConsole to value 0
Set parameter MIPGap to value 4.7300647268466746e-08
Set parameter Threads to value 2
Set parameter NodefileDir to value "/home/ps12398/goal_programming/goalProgrammingMarcos/"
Set parameter NodefileStart to value 1
Gurobi Optimizer version 11.0.3 build v11.0.3rc0 (linux64)

CPU model: Intel(R) Xeon(R) CPU           X5650  @ 2.67GHz, instruction set [SSE2]
Thread count: 12 physical cores, 24 logical processors, using up to 2 threads

Optimize a model with 61275 rows, 41336 columns and 205069 nonzeros
Model fingerprint: 0x04b742e7
Model has 148 quadratic constraints
Variable types: 20598 continuous, 20738 integer (143 binary)
Coefficient statistics:
  Matrix range     [7e-03, 6e+06]
  QMatrix range    [7e-03, 1e+05]
  QLMatrix range   [1e+00, 1e+05]
  Objective range  [1e+00, 4e+07]
  Bounds range     [1e+00, 1e+08]
  RHS range        [1e+00, 1e+06]
  QRHS range       [1e-02, 1e-02]
Presolve removed 60525 rows and 40414 columns
Presolve time: 0.14s
Presolved: 1811 rows, 1245 columns, 54298 nonzeros
Presolved model has 2 SOS constraint(s)
Presolved model has 143 bilinear constraint(s)

Solving non-convex MIQCP

Variable types: 524 continuous, 721 integer (145 binary)
Found heuristic solution: objective 1.131185e+07

Root relaxation: objective 0.000000e+00, 184 iterations, 0.01 seconds (0.00 work units)

    Nodes    |    Current Node    |     Objective Bounds      |     Work
 Expl Unexpl |  Obj  Depth IntInf | Incumbent    BestBd   Gap | It/Node Time

     0     0    0.00000    0  199 1.1312e+07    0.00000   100%     -    0s
H    0     0                    1.116486e+07    0.00000   100%     -    0s
     0     0    0.00000    0  244 1.1165e+07    0.00000   100%     -    0s
     0     0    0.00000    0  244 1.1165e+07    0.00000   100%     -    0s
     0     0    0.00000    0  274 1.1165e+07    0.00000   100%     -    0s
H    0     0                    1.106887e+07    0.00000   100%     -    0s
     0     0    0.00000    0  271 1.1069e+07    0.00000   100%     -    0s
     0     0    0.00000    0  260 1.1069e+07    0.00000   100%     -    1s
     0     0    0.00000    0  249 1.1069e+07    0.00000   100%     -    1s
H    0     0                    7599607.6124    0.00000   100%     -    2s
     0     2    0.00000    0  248 7599607.61    0.00000   100%     -    2s
H   31    35                    7599291.1506    0.00000   100%   113    2s
H   70    72                    7377191.2210    0.00000   100%   141    3s
H   97   107                    7080535.9998    0.00000   100%   134    3s
H  114   347                    6600425.8770    0.00000   100%   137    4s
H  349   381                    6180631.7206    0.00000   100%  55.3    4s
   383   517 3259513.13  141  154 6180631.72    0.00000   100%  50.4    5s
H  474   517                    4899859.6371    0.00000   100%  41.5    5s
H  532   545                    4458264.8340    0.00000   100%  37.5    5s
H  546   545                    4255088.7848    0.00000   100%  36.6    5s
*  771   893             272    3506154.2211    0.00000   100%  26.9    6s
H  972   758                    3497764.7070    0.00000   100%  27.9    8s
   978   762 3385962.32  240  237 3497764.71    0.00000   100%  27.7   10s
  1003   781 132522.377   15  374 3497764.71 3549.56584   100%  40.4   15s
H 1035   765                    3224128.6008 3549.56584   100%  41.3   18s
  1055   780 238112.985   25  344 3224128.60 3549.56584   100%  42.1   20s
H 1092   771                    3222830.0420 3549.56584   100%  42.6   23s
  1116   789 585918.798   36  327 3222830.04 3549.56584   100%  43.6   25s
H 1153   778                    3158438.4947 3549.56584   100%  43.6   27s
  1205   818 769867.580   56  296 3158438.49 3549.56584   100%  44.0   30s
H 1225   788                    3141694.4686 3549.56584   100%  43.9   31s
H 1260   779                    3119152.5073 3549.56584   100%  43.4   32s
H 1286   774                    3119024.3504 3549.56584   100%  42.7   34s
  1296   789 1422154.21   82  214 3119024.35 3549.56584   100%  42.7   35s
H 1355   794                    3117645.9771 3549.56584   100%  41.4   39s
H 1365   764                    3101191.4167 3549.56584   100%  41.1   39s
  1367   780 2243157.06  100  166 3101191.42 3549.56584   100%  41.1   40s
H 1391   768                    3097349.8336 3549.56584   100%  40.4   41s
H 1442   769                    3097329.3461 3549.56584   100%  39.0   44s
H 1448   765                    3081545.2917 3549.56584   100%  38.9   46s
H 1469   765                    3080781.4188 3549.56584   100%  38.4   48s
  1524   802 2267492.86  141  164 3080781.42 3549.56584   100%  37.1   51s
H 1551   772                    2925110.9997 3549.56584   100%  36.5   51s
  1616   847 2292651.65  165  162 2925111.00 3549.56584   100%  35.1   56s
H 1649   850                    2922888.1076 3549.56584   100%  34.4   58s
H 1666   825                    2921504.0917 3549.56584   100%  34.0   58s
  1683   852 2353503.55  182  160 2921504.09 3549.56584   100%  33.7   60s
H 1709   826                    2918261.0403 3549.56584   100%  33.2   60s
H 1752   873                    2916497.9717 3549.56584   100%  32.5   64s
H 1773   850                    2914104.4091 3549.56584   100%  32.1   64s
  1793   878 2485390.76  210  156 2914104.41 3549.56584   100%  31.8   66s
H 1808   857                    2904933.3008 3549.56584   100%  31.5   66s
H 1853   880                    2903280.9670 3549.56584   100%  30.8   68s
  1861   926 2503041.57  224  156 2903280.97 3549.56584   100%  30.7   71s
H 1898   926                    2903086.7322 3549.56584   100%  30.2   71s
  1966  1037 2546088.80  244  156 2903086.73 3549.56584   100%  29.3   76s
H 2039  1100                    2903018.9374 3549.56584   100%  28.4   78s
  2081  1169 2605592.10  264  153 2903018.94 3549.56584   100%  27.9   80s
H 2150  1233                    2902812.3628 3549.56584   100%  27.1   83s
H 2168  1233                    2901410.1627 3549.56584   100%  26.9   83s
  2214  1302 2636527.14  285  152 2901410.16 3549.56584   100%  26.4   86s
H 2236  1302                    2900134.1495 3549.56584   100%  26.1   86s
H 2350  1457                    2900108.4225 3549.56584   100%  24.9   93s
H 2438  1550                    2900015.5327 3549.56584   100%  24.1   96s
H 2531  1644                    2900005.6325 3549.56584   100%  23.3   99s
  2625  1735 2825839.02  359  148 2900005.63 3549.56584   100%  22.6  103s
H 2716  1829                    2899872.4080 3549.56584   100%  22.0  107s
  2810  1923 2684602.46  392  147 2899872.41 3549.56584   100%  21.4  111s
  2904  2021 2684696.75  407  147 2899872.41 3549.56584   100%  20.9  115s
H 3002  2112                    2898959.4280 3549.56584   100%  20.3  119s
  3093  2217 2701038.22  439  152 2898959.43 3549.56584   100%  19.9  124s
H 3198  2328                    2898472.4864 3549.56584   100%  19.3  128s
  3309  2447 2826608.28  476  148 2898472.49 3549.56584   100%  18.8  133s
  3428  2569 2702285.09  497  152 2898472.49 3549.56584   100%  18.3  138s
H 3550  2691                    2897652.3255 3549.56584   100%  17.9  143s
  3672  2817 2827060.84  539  148 2897652.33 3549.56584   100%  17.4  148s
  3798  2955 2685738.01  560  147 2897652.33 3549.56584   100%  17.0  153s
  3936  3095 2685887.26  583  147 2897652.33 3549.56584   100%  16.6  160s
H 4076  3243                    2897533.4602 3549.56584   100%  16.2  165s
H 4126  3243                    2897315.5573 3549.56584   100%  16.2  165s
H 4224  3403                    2897303.0384 3549.56584   100%  15.9  171s
H 4285  3403                    2897277.3345 3549.56584   100%  15.8  171s
  4384  3572 2827439.66  662  148 2897277.33 3549.56584   100%  15.5  178s
H 4449  3572                    2897275.5036 3549.56584   100%  15.4  178s
  4553  3751 2686603.37  695  147 2897275.50 3549.56584   100%  15.2  185s
H 4624  3751                    2896918.6919 3549.56584   100%  15.0  185s
  4732  3837 2737519.95  730  150 2896918.69 3549.56584   100%  14.8  192s
  4879  3930 2733839.17  758  145 2896918.69 3549.56584   100%  14.9  199s
  4972  4049 2723241.33  787  143 2896918.69 3549.56584   100%  15.0  204s
H 5091  4150                    2896880.4692 3549.56584   100%  15.1  209s
  5196  4249 2723691.26  850  144 2896880.47 3549.56584   100%  15.5  213s
  5305  4380 2741647.16  883  146 2896880.47 3549.56584   100%  15.8  220s
  5436  4538 2881156.73  918  144 2896880.47 3549.56584   100%  16.0  228s
  5594  4709 2724379.82  956  142 2896880.47 3549.56584   100%  15.9  234s
H 5765  4875                    2896880.2782 3549.56584   100%  15.6  243s
  5931  5054 2881550.39 1033  144 2896880.28 3549.56584   100%  15.7  253s
H 6110  5222                    2896864.2735 3549.56584   100%  15.5  260s
H 6278  5416                    2896834.5596 3549.56584   100%  15.7  268s
  6478  5624 2872544.44 1161  144 2896834.56 3549.56584   100%  16.3  277s
  6688  5851 2801367.45 1205  144 2896834.56 3549.56584   100%  17.0  287s
  6921  6019 2810613.55 1254  142 2896834.56 3549.56584   100%  17.3  296s
  7205  6132     cutoff 1306      2896834.56 3549.56584   100%  17.4  304s
H 7206  6132                    2896823.3175 3549.56584   100%  17.4  304s
  7390  6270 2859742.87 1361  144 2896823.32 3549.56584   100%  18.1  313s
H 7582  6404                    2896700.1933 3549.56584   100%  18.8  318s
  7764  6538     cutoff 1465      2896700.19 3549.56584   100%  19.1  325s
H 7765  6538                    2896499.3827 3549.56584   100%  19.1  325s
  7944  6676 infeasible 1514      2896499.38 3549.56584   100%  19.2  334s
H 7945  6676                    2896035.5142 3549.56584   100%  19.2  334s
  8140  6787 2826328.93 1567  140 2896035.51 3549.56584   100%  19.3  344s
H 8349  6913                    2896028.8496 3549.56584   100%  19.4  351s
  8533  7050     cutoff 1673      2896028.85 24994.8598  99.1%  19.7  358s
H 8534  7050                    2896011.7267 24994.8598  99.1%  19.7  358s
  8730  7202 396779.915   19  365 2896011.73 55508.0553  98.1%  19.7  365s
H 8796  7202                    2896009.8794 55508.0553  98.1%  20.0  365s
H 8882  7390                    2895995.9193 55508.0553  98.1%  19.8  374s
  9070  7586 2493688.73   96  171 2895995.92 55508.0553  98.1%  20.1  383s
  9266  7823 2618940.44  138  163 2895995.92 55508.0553  98.1%  20.1  392s
  9563  7903 2727425.61  203  164 2895995.92 56412.6426  98.1%  21.1  401s
  9693  7993 651880.313   35  324 2895995.92 86091.9059  97.0%  21.6  408s
H 9744  7993                    2895804.9165 86091.9059  97.0%  21.7  408s
  9783  8101 1042988.97   61  267 2895804.92 86091.9059  97.0%  21.8  417s
  9891  8266 2252670.19   86  206 2895804.92 86091.9059  97.0%  21.9  427s
 10056  8431 2543705.06  132  178 2895804.92 86091.9059  97.0%  21.8  436s
H10145  8429                    2895714.5390 86091.9059  97.0%  21.6  436s
H10229  8537                    2895423.2605 86091.9059  97.0%  21.4  445s
 10387  8691 2598273.63  216  169 2895423.26 86091.9059  97.0%  21.2  454s
H10563  8825                    2895415.3284 86091.9059  97.0%  20.9  463s
 10749  8987 2639031.22  295  163 2895415.33 86091.9059  97.0%  20.8  473s
 10925  9144 2654696.82  342  161 2895415.33 86097.6383  97.0%  20.7  482s
 11116  9321 1059757.97   65  257 2895415.33 88716.1597  96.9%  20.7  491s
H11293  9480                    2895330.4360 88716.1597  96.9%  20.5  500s
H11452  9655                    2895314.5502 88716.1597  96.9%  20.2  508s
H11627  9839                    2895278.7998 88716.1597  96.9%  20.0  517s
 11811  9996 2372397.40  241  164 2895278.80 88716.1597  96.9%  20.1  526s
H11912  9996                    2895263.8930 88716.1597  96.9%  20.0  526s
 12005 10168 2543983.78  281  165 2895263.89 88716.1597  96.9%  20.1  536s
H12177  9672                    2876008.6933 88716.1597  96.9%  20.0  543s
 12370  9879 2764989.17  364  152 2876008.69 88716.1597  96.9%  19.9  551s
H12518  9860                    2875632.2092 88716.1597  96.9%  19.7  551s
H12590  9924                    2873485.6253 88716.1597  96.9%  19.7  561s
H12773 10041                    2872049.1045 98172.7587  96.6%  19.8  569s
H12942 10199                    2871095.5790 98172.7587  96.6%  19.9  576s
 13104 10386 2307368.05  158  172 2871095.58 98172.7587  96.6%  19.9  584s
H13291 10548                    2871023.6335 98172.7587  96.6%  19.7  594s
 13483 10718 2595666.26  231  164 2871023.63 98172.7587  96.6%  19.5  604s
H13585 10718                    2871008.6613 98172.7587  96.6%  19.4  604s
 13669 10851 2680954.46  269  161 2871008.66 102676.043  96.4%  19.5  614s
 13867 10981 141057.552   23  369 2871008.66 104991.483  96.3%  19.4  621s
 13997 11129 968903.886   54  277 2871008.66 104991.483  96.3%  19.6  629s
 14145 11277 2506733.42   86  199 2871008.66 105005.393  96.3%  19.7  637s
H14228 11276                    2870872.5239 105894.657  96.3%  19.7  637s
H14305 11428                    2870870.7075 105894.657  96.3%  19.6  646s
H14471 11545                    2869505.7247 106334.591  96.3%  19.5  656s
H14634 11693                    2869272.0626 106334.591  96.3%  19.4  666s
H14718 11520                    2858356.3383 106334.591  96.3%  19.3  666s
H14788 11695                    2857249.4795 106334.591  96.3%  19.2  675s
H14967 11757                    2855733.7109 106334.591  96.3%  19.1  681s
 15153 11940 2614119.13  330  168 2855733.71 106334.591  96.3%  18.9  691s
H15253 11939                    2855729.4490 106334.591  96.3%  18.9  691s
H15366 12098                    2855729.4487 106334.591  96.3%  18.8  700s
H15461 11885                    2852397.9312 106334.591  96.3%  18.8  700s
 15560 12090 2647332.68  495  169 2852397.93 106334.591  96.3%  18.8  711s
H15785 12269                    2851699.0030 106334.591  96.3%  18.8  719s
 16012 12401 1780931.70   52  292 2851699.00 120861.605  95.8%  19.2  729s
 16152 12577 2308369.74   72  234 2851699.00 123841.062  95.7%  19.2  737s
H16255 12576                    2851047.0002 123841.062  95.7%  19.3  737s
 16358 12719 2704697.22  101  163 2851047.00 131966.348  95.4%  19.2  746s
 16548 12905 2617554.35   87  177 2851047.00 136713.585  95.2%  19.4  754s
H16651 12905                    2850983.2262 136713.585  95.2%  19.4  754s
 16759 13070 450711.162   34  341 2850983.23 136731.357  95.2%  19.3  762s
H16854 13070                    2850904.5478 136882.066  95.2%  19.3  762s
 16968 13220 421544.689   37  313 2850904.55 137975.539  95.2%  19.3  771s
H17058 13201                    2848047.4048 138278.897  95.1%  19.3  771s
 17155 13386 561239.530   32  342 2848047.40 138278.897  95.1%  19.4  779s
H17230 13340                    2847115.6945 138278.897  95.1%  19.5  779s
 17340 13495 1729690.48   70  235 2847115.69 138278.897  95.1%  19.4  788s
H17412 13495                    2847088.3001 138278.897  95.1%  19.5  788s
 17531 13663 2689589.60  106  181 2847088.30 138880.536  95.1%  19.4  799s
H17619 13663                    2847079.5031 142320.697  95.0%  19.4  799s
 17718 13833 2296266.20   79  218 2847079.50 142746.386  95.0%  19.4  807s
 17914 14005 1841374.17   74  217 2847079.50 145752.484  94.9%  19.4  816s
 18109 14149 952587.126   54  289 2847079.50 146496.113  94.9%  19.4  825s
H18164 14149                    2847041.5915 146496.113  94.9%  19.5  825s
 18253 14281 2168898.89   73  240 2847041.59 146839.094  94.8%  19.5  834s
 18408 14451 1036719.88   64  256 2847041.59 148025.198  94.8%  19.6  842s
 18627 14609 1591668.60   77  206 2847041.59 152193.511  94.7%  19.7  848s
 18810 14740 508033.427   23  355 2847041.59 152193.511  94.7%  19.7  854s
 18963 14854 905110.752   31  341 2847041.59 152193.511  94.7%  19.6  860s
 19104 15047 2021192.41   46  310 2847041.59 154815.444  94.6%  19.8  869s
H19221 15047                    2847017.8638 154815.444  94.6%  20.0  869s
H19307 15200                    2846987.4197 154815.444  94.6%  20.0  879s
H19491 15368                    2846954.4461 156811.346  94.5%  20.3  888s
 19659 15532 2221655.05   81  215 2846954.45 158348.950  94.4%  20.4  899s
H19749 15532                    2846936.2175 158348.950  94.4%  20.3  899s
H19849 15689                    2846897.8448 158348.950  94.4%  20.3  909s
H19948 15689                    2846835.8316 159347.469  94.4%  20.3  909s
H20030 15851                    2846827.7754 160265.328  94.4%  20.3  917s
 20230 15977 427129.888   27  344 2846827.78 160929.690  94.3%  20.3  926s
 20402 16070 441419.799   22  359 2846827.78 164279.452  94.2%  20.3  935s
 20507 16174 966748.956   28  344 2846827.78 164279.452  94.2%  20.4  946s
H20544 16174                    2846798.4796 164279.452  94.2%  20.4  946s
 20611 16344 1888425.53   40  316 2846798.48 165853.486  94.2%  20.4  955s
 20827 16534 1105508.52   61  252 2846798.48 169407.539  94.0%  20.7  965s
 21027 16747 1480947.77   69  231 2846798.48 172132.571  94.0%  20.6  975s
 21258 16906 2096426.76   80  222 2846798.48 172139.640  94.0%  20.5  985s
H21356 16906                    2846785.9501 172139.640  94.0%  20.5  985s
 21475 17097 1361386.89   68  236 2846785.95 173645.587  93.9%  20.5  996s
 21688 17284 1071852.90   58  265 2846785.95 173784.894  93.9%  20.5 1005s
 21885 17499 496560.528   37  321 2846785.95 177087.681  93.8%  20.4 1016s
H22128 17669                    2846716.6376 177087.681  93.8%  20.5 1027s
 22299 17828 2557802.05  139  165 2846716.64 177087.681  93.8%  20.5 1036s
 22484 18003 2744035.69  187  161 2846716.64 177087.681  93.8%  20.4 1045s
 22669 18193 2589688.48  233  162 2846716.64 177087.681  93.8%  20.5 1053s
H22763 18193                    2846684.4345 177087.681  93.8%  20.4 1053s
H22869 18372                    2846606.0624 177087.681  93.8%  20.4 1062s
 23064 18567 2723262.46  326  156 2846606.06 177087.681  93.8%  20.3 1073s
H23280 18800                    2846600.2509 177087.681  93.8%  20.3 1083s
 23549 19009 1178992.71   48  290 2846600.25 181043.495  93.6%  20.1 1092s
 23818 19172 2168880.76   82  183 2846600.25 181694.657  93.6%  20.2 1101s
 24025 19325 410112.566   36  326 2846600.25 183128.654  93.6%  20.2 1111s
H24118 19325                    2846586.5295 183128.654  93.6%  20.2 1111s
 24178 19511 1916049.42   78  214 2846586.53 183128.654  93.6%  20.2 1119s
 24386 19705 2449492.68  142  157 2846586.53 183128.654  93.6%  20.1 1130s
 24589 19904 2518325.07  211  157 2846586.53 183128.654  93.6%  20.0 1138s
 24808 20039 2577942.53  280  159 2846586.53 183128.654  93.6%  19.9 1146s
H24894 20039                    2846554.3264 183128.654  93.6%  19.9 1146s
 24953 20215 2587442.15  354  158 2846554.33 183128.654  93.6%  19.9 1157s
 25151 20358 2659104.90  407  155 2846554.33 183128.654  93.6%  19.8 1167s
 25301 20519 2704294.44  469  151 2846554.33 183128.654  93.6%  19.9 1173s
 25485 20650 2794074.63  488  151 2846554.33 190530.539  93.3%  20.0 1181s
H25656 20816                    2846533.1575 190530.539  93.3%  20.2 1190s
 25837 21016 714179.336   46  294 2846533.16 190985.050  93.3%  20.1 1198s
H25989 21016                    2846533.1572 190985.050  93.3%  20.1 1198s
 26086 21221 688820.116   46  296 2846533.16 190985.050  93.3%  20.0 1205s
 26321 21400 1374716.69   60  262 2846533.16 190985.050  93.3%  20.0 1215s
 26524 21586 2270948.33   90  176 2846533.16 190985.050  93.3%  20.0 1224s
H26632 21584                    2846510.8315 190985.050  93.3%  19.9 1224s
 26716 21766 2379288.85  173  162 2846510.83 190985.050  93.3%  19.9 1232s
 26904 22017 2525904.72  226  159 2846510.83 190985.050  93.3%  19.9 1243s
H27054 22017                    2846507.4123 190985.050  93.3%  19.8 1243s
 27155 22256 2552095.47  371  156 2846507.41 190985.050  93.3%  19.8 1253s
H27394 22482                    2846502.2180 190985.050  93.3%  19.6 1263s
H27620 22695                    2846466.6691 190985.050  93.3%  19.6 1271s
 27833 22861 2757525.20  631  148 2846466.67 190985.050  93.3%  19.5 1281s
H27942 22861                    2846463.4869 190985.050  93.3%  19.5 1281s
 28023 23001 2767441.71  725  148 2846463.49 195792.718  93.1%  19.5 1289s
 28204 23127 1391907.95   36  328 2846463.49 195804.139  93.1%  19.7 1298s
 28351 23238 2648942.65   58  286 2846463.49 196365.638  93.1%  19.8 1308s
 28483 23372 1312993.13   63  247 2846463.49 197458.824  93.1%  19.9 1318s
H28657 23513                    2846350.6683 198139.015  93.0%  19.9 1327s
H28840 23638                    2846350.6081 199944.360  93.0%  19.9 1337s
 28993 23787 458215.894   23  365 2846350.61 202511.868  92.9%  20.0 1347s
 29142 23958 887773.678   56  280 2846350.61 202511.868  92.9%  20.1 1356s
 29313 24143 2425793.21   99  181 2846350.61 202511.868  92.9%  20.0 1367s
 29521 24308 2836388.02  150  163 2846350.61 202551.534  92.9%  19.9 1378s
 29722 24457 478226.113   35  336 2846350.61 202551.534  92.9%  19.9 1389s
H29871 24621                    2846333.5228 202551.534  92.9%  19.9 1400s
 30049 24812 1547227.30   72  235 2846333.52 206767.302  92.7%  19.9 1409s
H30256 24984                    2846308.1646 206767.302  92.7%  19.9 1419s
 30490 25108 2307074.62   82  203 2846308.16 209125.149  92.7%  19.8 1430s
H30556 25108                    2846303.5232 209125.149  92.7%  19.8 1430s
H30639 25240                    2846296.6254 209125.149  92.7%  19.8 1438s
 30819 25391 2224827.06   80  223 2846296.63 209203.120  92.6%  19.8 1447s
 31036 25589 817058.102   58  276 2846296.63 209306.041  92.6%  19.8 1457s
 31284 25729     cutoff  157      2846296.63 209702.523  92.6%  19.7 1466s
 31477 25923 294552.976   35  341 2846296.63 211131.442  92.6%  19.7 1477s
H31695 26070                    2845780.4402 211132.891  92.6%  19.7 1483s
 31872 26227 1897861.80   75  230 2845780.44 214159.608  92.5%  19.8 1489s
H31946 26227                    2845780.3901 214159.608  92.5%  19.8 1489s
 32066 26423 1639029.09   72  222 2845780.39 216292.179  92.4%  19.8 1495s
 32336 26563 605008.069   31  336 2845780.39 220154.535  92.3%  19.8 1501s
 32516 26691 566471.630   30  348 2845780.39 220490.307  92.3%  19.8 1508s
 32660 26816 2175144.57   81  224 2845780.39 222448.067  92.2%  19.8 1519s
 32846 26964 474846.762   30  346 2845780.39 222856.385  92.2%  19.8 1529s
 33004 27126 491072.456   40  311 2845780.39 223121.577  92.2%  19.8 1541s
 33196 27304 568523.252   43  313 2845780.39 223657.929  92.1%  19.8 1548s
 33385 27467 1298989.98   64  245 2845780.39 223739.520  92.1%  19.8 1559s
 33590 27601 2644181.65   90  180 2845780.39 223946.995  92.1%  19.8 1569s
 33783 27851 442589.229   33  341 2845780.39 224272.366  92.1%  19.8 1580s
 34057 28088 1713925.43   66  242 2845780.39 224278.549  92.1%  19.8 1588s
 34308 28301 1664775.75   68  256 2845780.39 224978.262  92.1%  19.7 1598s
 34533 28457 1727663.00   80  213 2845780.39 225097.651  92.1%  19.8 1607s
 34747 28615 2712073.14   52  294 2845780.39 226820.394  92.0%  19.9 1616s
 34965 28788 468870.456   35  341 2845780.39 228046.646  92.0%  20.0 1624s
 35163 29001 1918564.68   65  230 2845780.39 228147.633  92.0%  20.0 1635s
 35399 29180 579747.134   32  337 2845780.39 228147.633  92.0%  19.9 1643s
 35604 29350 2293320.59   95  183 2845780.39 228147.633  92.0%  20.0 1654s
 35774 29539 2538037.77  178  166 2845780.39 228147.633  92.0%  19.9 1664s
 35995 29712 2628708.23  253  160 2845780.39 230324.572  91.9%  19.9 1671s
 36215 29806 373030.473   24  361 2845780.39 230913.061  91.9%  19.9 1681s
 36332 29937 1003177.34   31  342 2845780.39 230913.061  91.9%  19.9 1691s
 36477 30080 2561728.51   58  281 2845780.39 232127.441  91.8%  20.0 1702s
H36665 30211                    2845770.6298 232657.275  91.8%  20.1 1710s
 36842 30345 2560210.58  165  155 2845770.63 233377.697  91.8%  20.1 1719s
 37020 30566 869437.151   41  331 2845770.63 233684.474  91.8%  20.0 1727s
 37250 30840 1419349.58   65  234 2845770.63 234035.432  91.8%  20.0 1738s
H37370 30840                    2845770.6295 234035.432  91.8%  20.0 1738s
 37555 31125 638766.704   45  286 2845770.63 234195.558  91.8%  19.9 1747s
 37864 31433 901824.718   53  271 2845770.63 234685.555  91.8%  19.8 1757s
 38188 31700 1456514.91   58  258 2845770.63 234883.292  91.7%  19.7 1769s
 38468 31958 1814052.86   73  214 2845770.63 235282.040  91.7%  19.7 1781s
 38750 32194 425322.093   37  327 2845770.63 237234.198  91.7%  19.6 1792s
 39017 32438 485243.915   21  367 2845770.63 237234.198  91.7%  19.5 1801s
 39261 32686 1652611.39   63  253 2845770.63 237285.030  91.7%  19.5 1810s
 39519 32871 1311786.62   64  239 2845770.63 237338.002  91.7%  19.4 1816s
H39632 32871                    2845696.1103 237338.002  91.7%  19.4 1816s
 39772 33030     cutoff   98      2845696.11 238363.166  91.6%  19.5 1826s
 39961 33185 1865861.83   74  233 2845696.11 239601.550  91.6%  19.5 1833s
 40155 33339 2358612.39   81  198 2845696.11 240024.167  91.6%  19.5 1842s
 40340 33543 1815960.83   75  216 2845696.11 240459.513  91.6%  19.5 1852s
 40574 33711 1786011.40   70  247 2845696.11 241489.778  91.5%  19.5 1861s
 40764 33835 392534.821   31  329 2845696.11 241489.778  91.5%  19.6 1870s
 40940 33995 1752559.81   86  199 2845696.11 241489.778  91.5%  19.6 1879s
H41106 34179                    2845672.4285 241489.778  91.5%  19.5 1886s
 41323 34401 2440785.32  106  163 2845672.43 242941.988  91.5%  19.5 1897s
H41603 34563                    2845671.6020 244528.168  91.4%  19.5 1906s
 41785 34713 2625918.90  162  156 2845671.60 244741.650  91.4%  19.5 1914s
 42012 34906 1059157.30   57  275 2845671.60 244788.303  91.4%  19.7 1923s
 42205 35110 2576431.38  102  163 2845671.60 244788.303  91.4%  19.7 1933s
H42332 35110                    2845666.9073 244788.303  91.4%  19.7 1933s
 42429 35260     cutoff  158      2845666.91 245145.289  91.4%  19.6 1943s
 42617 35440     cutoff   91      2845666.91 245625.699  91.4%  19.6 1954s
H42619 35440                    2845666.0808 245625.699  91.4%  19.6 1954s
H42839 35754                    2845626.5878 245780.741  91.4%  19.6 1964s
 43153 35894 2782634.38  333  154 2845626.59 245793.390  91.4%  19.5 1973s
H43247 35894                    2845542.9970 245793.390  91.4%  19.5 1973s
H43343 35997                    2845526.7625 245850.570  91.4%  19.5 1983s
 43483 36098 897734.865   49  318 2845526.76 245995.087  91.4%  19.5 1993s
 43606 36230 2554867.12   82  204 2845526.76 246606.684  91.3%  19.5 2002s
 43756 36353 1197747.19   62  266 2845526.76 247020.166  91.3%  19.5 2011s
 43908 36514 643343.653   28  353 2845526.76 247020.954  91.3%  19.6 2020s
 44106 36650 434053.336   29  350 2845526.76 250660.681  91.2%  19.7 2027s
 44280 36780 391057.326   28  352 2845526.76 251095.251  91.2%  19.8 2037s
H44443 36925                    2845517.5530 251620.590  91.2%  19.8 2046s
H44588 37063                    2845516.6515 251620.590  91.2%  19.9 2054s
 44767 37239 684304.704   52  293 2845516.65 252285.554  91.1%  19.9 2065s
H44963 37385                    2845510.2731 252285.554  91.1%  19.9 2075s
 45149 37502 1074205.47   42  319 2845510.27 254059.438  91.1%  19.9 2086s
 45280 37650 925612.651   51  294 2845510.27 254567.783  91.1%  19.9 2096s
H45383 37650                    2845498.1053 254567.783  91.1%  19.9 2096s
 45470 37825 1936867.69   72  220 2845498.11 255417.054  91.0%  19.9 2105s
 45675 37909 2080051.58  104  166 2845498.11 255417.054  91.0%  19.9 2117s
 45767 37971 2586032.69  146  155 2845498.11 255550.481  91.0%  19.9 2127s
H45783 37971                    2845497.2788 255550.481  91.0%  19.9 2127s
H45805 33695                    2730205.7036 255550.481  90.6%  19.9 2127s
 45881 33837 455878.455   24  345 2730205.70 255559.129  90.6%  19.9 2137s
 46052 33985 1111753.67   57  282 2730205.70 255673.152  90.6%  19.9 2147s
H46228 34056                    2727889.0315 255673.152  90.6%  19.8 2155s
H46316 33967                    2723943.9944 255966.657  90.6%  19.8 2155s
 46419 34115 541185.139   36  324 2723943.99 256188.014  90.6%  19.9 2163s
 46585 34231 893290.450   32  347 2723943.99 256188.014  90.6%  19.9 2174s
 46727 34354 1714935.80   46  314 2723943.99 256625.572  90.6%  19.9 2183s
 46882 34524 1094055.69   43  307 2723943.99 256757.761  90.6%  20.0 2194s
 47096 34684 2140789.88   69  242 2723943.99 257054.061  90.6%  20.1 2201s
 47314 34823 542695.421   30  351 2723943.99 257143.064  90.6%  20.1 2212s
 47477 34989 2529128.97   92  194 2723943.99 258620.845  90.5%  20.1 2222s
 47701 35115 507576.878   27  363 2723943.99 259361.106  90.5%  20.1 2232s
H47827 35258                    2723554.8341 259361.106  90.5%  20.1 2243s
 47987 35417 2318124.01   50  301 2723554.83 259916.949  90.5%  20.2 2251s
 48199 35573 1439724.57   61  260 2723554.83 260063.304  90.5%  20.3 2262s
H48393 35644                    2722571.9802 260185.656  90.4%  20.3 2272s
 48556 35891 2462786.83  117  166 2722571.98 260185.656  90.4%  20.2 2280s
H48817 36004                    2721550.6782 260185.656  90.4%  20.2 2289s
 49024 36135 2591123.63  203  158 2721550.68 261000.811  90.4%  20.2 2300s
H49215 36292                    2720809.2313 261068.719  90.4%  20.2 2308s
H49424 36491                    2720766.5123 261158.738  90.4%  20.2 2319s
H49634 36717                    2719896.8945 261158.738  90.4%  20.2 2330s
H49908 36924                    2719880.9200 261158.738  90.4%  20.1 2339s
H50032 36580                    2718553.9783 261158.738  90.4%  20.1 2339s
 50133 36792 2398548.19  453  160 2718553.98 261158.738  90.4%  20.1 2350s
 50347 36972 2428089.12  569  162 2718553.98 261158.738  90.4%  20.0 2361s
H50450 36969                    2718352.9171 261158.738  90.4%  20.0 2361s
 50527 37191 2497307.92  672  161 2718352.92 261158.738  90.4%  20.0 2372s
H50667 37188                    2718226.6005 261158.738  90.4%  19.9 2372s
 50749 37383 2556324.90  812  158 2718226.60 261158.738  90.4%  19.9 2383s
H50877 37383                    2718217.7988 261158.738  90.4%  19.8 2383s
 50989 37516 2568537.10  940  156 2718217.80 263286.803  90.3%  19.8 2393s
H51112 37515                    2718172.9376 263286.803  90.3%  19.8 2393s
 51196 37656 646770.560   21  367 2718172.94 263680.126  90.3%  19.9 2403s
H51273 37618                    2717062.2444 263680.126  90.3%  19.9 2403s
H51363 37751                    2717034.0459 263680.126  90.3%  19.9 2413s
 51536 37890 719814.180   38  325 2717034.05 264940.744  90.2%  19.9 2422s
 51705 38025 717813.511   37  308 2717034.05 264968.381  90.2%  19.9 2433s
H51777 38008                    2716602.7290 264968.381  90.2%  19.9 2433s
 51840 38183 2036661.73   73  231 2716602.73 265647.078  90.2%  20.0 2443s
 52024 38347 2570829.79   89  179 2716602.73 265812.631  90.2%  19.9 2451s
H52103 38347                    2716593.0712 265812.631  90.2%  19.9 2451s
 52196 38505 2479871.93   91  184 2716593.07 265833.634  90.2%  19.9 2461s
 52374 38670 444080.954   32  346 2716593.07 265963.306  90.2%  19.9 2471s
H52473 38670                    2716587.2171 265999.315  90.2%  19.9 2471s
 52579 38825 1413196.81   54  282 2716587.22 266113.373  90.2%  19.9 2481s
 52766 39015 2487651.31   81  218 2716587.22 266220.178  90.2%  19.9 2491s
 52998 39170 2708665.87  113  170 2716587.22 266723.668  90.2%  19.9 2501s
 53186 39290 872105.056   31  355 2716587.22 267172.262  90.2%  19.9 2511s
 53325 39430 2570170.99   51  288 2716587.22 267470.938  90.2%  19.9 2519s
H53493 39573                    2716473.3591 267890.156  90.1%  20.0 2526s
 53639 39714 1516968.75   72  249 2716473.36 268239.477  90.1%  20.0 2532s
 53818 39891 845493.695   58  277 2716473.36 268273.810  90.1%  20.1 2541s
H54028 40090                    2716439.1468 268312.971  90.1%  20.1 2549s
 54230 40286 2008798.85  129  170 2716439.15 268312.971  90.1%  20.1 2557s
 54426 40465 2249768.33  164  165 2716439.15 268312.971  90.1%  20.0 2568s
 54605 40638 2457143.54  182  162 2716439.15 268312.971  90.1%  20.0 2577s
 54778 40813 2460434.71  199  161 2716439.15 268312.971  90.1%  20.0 2586s
 54954 40958 2555483.34  230  157 2716439.15 268434.958  90.1%  20.0 2597s
 55187 41108 509244.465   26  357 2716439.15 268852.501  90.1%  20.2 2606s
 55359 41263 2380386.26   93  195 2716439.15 269013.482  90.1%  20.2 2614s
 55656 41478 975657.419   62  261 2716439.15 269013.482  90.1%  20.1 2623s
 55893 41639 2265019.34  186  165 2716439.15 269013.482  90.1%  20.1 2633s
 56079 41825 2375421.93  299  158 2716439.15 269013.482  90.1%  20.1 2643s
 56265 42017 2386215.46  406  161 2716439.15 269013.482  90.1%  20.1 2655s
 56481 42250 2407216.77  525  160 2716439.15 269013.482  90.1%  20.0 2666s
H56612 42248                    2716382.3211 269013.482  90.1%  20.0 2666s
 56728 42452 2472343.71  656  158 2716382.32 269013.482  90.1%  20.0 2676s
 56951 42688 2501586.25  759  160 2716382.32 269013.482  90.1%  19.9 2686s
 57193 42845 2624149.12  895  156 2716382.32 270648.507  90.0%  19.9 2694s
 57440 42984 747968.205   45  297 2716382.32 271664.460  90.0%  20.0 2703s
 57593 43146 673960.689   45  304 2716382.32 271854.455  90.0%  20.0 2708s
H57808 43230                    2715445.1059 271953.555  90.0%  20.1 2714s
H57994 43378                    2715435.2166 272452.238  90.0%  20.2 2720s
H58159 43513                    2715427.7183 272452.238  90.0%  20.2 2728s
 58330 43656 648029.591   31  345 2715427.72 272948.463  89.9%  20.2 2736s
 58524 43789 1067578.46   39  312 2715427.72 273114.693  89.9%  20.3 2746s
 58665 43940 1870775.53   62  276 2715427.72 273600.072  89.9%  20.3 2753s
 58831 44092 684489.932   46  314 2715427.72 273600.072  89.9%  20.3 2761s
 58983 44255 1615534.75   79  231 2715427.72 273600.072  89.9%  20.3 2769s
 59146 44433 2028544.81  118  174 2715427.72 273600.072  89.9%  20.3 2777s
 59324 44619 2265918.92  163  170 2715427.72 273600.072  89.9%  20.2 2787s
 59510 44788 2193821.56  208  165 2715427.72 273600.072  89.9%  20.1 2797s
 59685 44937 2628714.45  251  158 2715427.72 273607.100  89.9%  20.1 2806s
H59906 45072                    2714582.8918 273767.301  89.9%  20.1 2817s
H60142 45217                    2714579.3816 274078.025  89.9%  20.1 2826s
 60321 45342 485006.649   32  336 2714579.38 274510.955  89.9%  20.1 2837s
H60478 45486                    2714264.9580 274902.440  89.9%  20.1 2846s
 60656 45618 2351480.70   92  195 2714264.96 275078.238  89.9%  20.1 2854s
 60810 45763 993633.079   52  262 2714264.96 275102.268  89.9%  20.2 2862s
 60965 45918     cutoff   82      2714264.96 275572.844  89.8%  20.2 2873s
 61130 46083 2042284.52  113  173 2714264.96 275572.844  89.8%  20.2 2884s
H61213 46083                    2714258.3422 275572.844  89.8%  20.2 2884s
 61334 46291 2173240.21  196  171 2714258.34 275572.844  89.8%  20.1 2894s
 61558 46475 2410247.52  288  168 2714258.34 275572.844  89.8%  20.1 2905s
 61754 46641 2511646.68  373  165 2714258.34 275572.844  89.8%  20.1 2915s
 61939 46798 2551557.26  455  158 2714258.34 276247.905  89.8%  20.1 2925s
 62137 46994 1344113.27   57  255 2714258.34 276426.543  89.8%  20.1 2934s
 62348 47164 1526887.97   70  254 2714258.34 276498.264  89.8%  20.1 2944s
H62457 47095                    2713721.8531 276498.264  89.8%  20.1 2944s
 62566 47260 2530422.69  119  166 2713721.85 276901.315  89.8%  20.1 2954s
 62779 47456 457909.687   23  361 2713721.85 277298.338  89.8%  20.1 2963s
H63013 47615                    2713717.6088 277312.400  89.8%  20.1 2973s
 63213 47796 1122994.31   55  283 2713717.61 278036.983  89.8%  20.2 2982s
 63419 47883     cutoff   85      2713717.61 278440.618  89.7%  20.2 2992s
 63597 48053 629551.614   23  363 2713717.61 278495.612  89.7%  20.2 3003s
 63790 48168 2610956.63   53  295 2713717.61 279469.095  89.7%  20.3 3012s
H63880 45830                    2682452.4153 279469.095  89.6%  20.4 3012s
 63936 45977 1952909.78   70  239 2682452.42 279706.565  89.6%  20.4 3023s
H64031 45975                    2682250.3143 279706.565  89.6%  20.4 3023s
H64096 46044                    2679479.3753 279706.565  89.6%  20.4 3034s
H64190 45738                    2673438.9826 279706.565  89.5%  20.4 3034s
H64270 45848                    2672122.5964 279706.565  89.5%  20.4 3045s
H64515 45998                    2672055.0378 279706.565  89.5%  20.4 3055s
 64744 46169 2530279.26  306  164 2672055.04 279938.518  89.5%  20.4 3064s
H64836 46074                    2670421.9645 279938.518  89.5%  20.4 3064s
 64941 46250 1372556.24   72  234 2670421.96 280025.106  89.5%  20.4 3072s
H65026 46247                    2670337.4545 280025.106  89.5%  20.4 3072s
H65129 46412                    2669912.8938 280025.106  89.5%  20.4 3082s
 65328 46572 infeasible  174      2669912.89 280523.836  89.5%  20.4 3090s
H65562 46746                    2669872.4460 280632.207  89.5%  20.4 3100s
H65654 46677                    2667856.5282 281009.362  89.5%  20.4 3100s
 65762 46865 493894.609   36  322 2667856.53 281460.095  89.4%  20.4 3110s
 66006 47010 940947.173   62  254 2667856.53 281545.298  89.4%  20.4 3121s
 66189 47185 418973.375   20  371 2667856.53 281845.400  89.4%  20.4 3132s
H66285 47167                    2667558.0983 281845.400  89.4%  20.4 3132s
H66383 47348                    2667505.0310 282112.017  89.4%  20.4 3141s
 66630 47502 621429.545   33  331 2667505.03 282654.182  89.4%  20.4 3151s
H66718 47484                    2667060.2372 282654.182  89.4%  20.4 3151s
 66825 47656 575916.874   42  311 2667060.24 282777.893  89.4%  20.4 3158s
 67016 47792 1027486.70   52  299 2667060.24 283844.369  89.4%  20.4 3169s
 67152 47969 2194778.28   82  214 2667060.24 284552.265  89.3%  20.5 3178s
 67384 48147 453037.778   35  342 2667060.24 285228.893  89.3%  20.5 3188s
H67470 48136                    2666747.5861 285228.893  89.3%  20.5 3188s
 67589 48310 683673.591   43  315 2666747.59 285321.155  89.3%  20.5 3195s
 67810 48497 1181510.59   57  279 2666747.59 285727.484  89.3%  20.5 3206s
H67920 48477                    2665850.7701 285727.484  89.3%  20.5 3206s
 68013 48617 1611636.54   67  255 2665850.77 285732.195  89.3%  20.5 3215s
H68074 48616                    2665764.2689 285732.195  89.3%  20.5 3215s
 68187 48779 407742.140   19  378 2665764.27 285808.776  89.3%  20.5 3223s
H68246 48776                    2665678.8309 285808.776  89.3%  20.6 3223s
H68380 48928                    2665499.7856 285808.776  89.3%  20.5 3231s
 68602 49104 691104.559   34  333 2665499.79 286191.494  89.3%  20.5 3240s
H68703 48994                    2662123.5753 286191.494  89.2%  20.5 3240s
 68802 49192 1190321.27   63  262 2662123.58 286221.942  89.2%  20.6 3248s
 69026 49324 2401950.67  169  162 2662123.58 286221.942  89.2%  20.5 3256s
 69166 49431 2494864.21  241  160 2662123.58 286362.093  89.2%  20.5 3267s
 69339 49582 748360.914   39  319 2662123.58 286572.322  89.2%  20.5 3274s
 69490 49719 1969964.89   73  243 2662123.58 286581.457  89.2%  20.5 3284s
H69554 49692                    2660860.7083 286581.457  89.2%  20.5 3284s
 69640 49888 900480.382   43  316 2660860.71 287290.357  89.2%  20.5 3294s
 69851 50052 2198735.43   82  209 2660860.71 287352.272  89.2%  20.5 3305s
 70056 50228 841922.269   48  295 2660860.71 287642.919  89.2%  20.5 3316s
H70287 50131                    2655261.2428 287642.919  89.2%  20.4 3325s
 70525 50285 707527.930   34  343 2655261.24 287742.153  89.2%  20.5 3335s
 70710 50410 2120643.75   76  236 2655261.24 287852.177  89.2%  20.5 3345s
 70887 50561 833715.661   59  279 2655261.24 288436.211  89.1%  20.6 3355s
H70955 50549                    2654959.2988 288436.211  89.1%  20.6 3355s
H71042 50702                    2654903.7035 288436.211  89.1%  20.6 3365s
 71229 50864 2198731.01  123  170 2654903.70 288436.211  89.1%  20.6 3376s
 71391 51052 2213379.78  158  166 2654903.70 288436.211  89.1%  20.6 3387s
H71453 51043                    2654723.9815 288436.211  89.1%  20.6 3387s
 71579 51233 2279444.25  206  166 2654723.98 288436.211  89.1%  20.5 3398s
 71771 51373 2306130.92  262  165 2654723.98 288604.101  89.1%  20.5 3408s
 71998 51555 1857509.75   63  258 2654723.98 289217.153  89.1%  20.5 3417s
 72221 51746 730709.747   43  315 2654723.98 289462.214  89.1%  20.5 3426s
 72432 51977 1188120.04   54  266 2654723.98 289592.477  89.1%  20.5 3434s
 72681 52182     cutoff  111      2654723.98 289660.407  89.1%  20.5 3444s
 72900 52395 830723.739   57  270 2654723.98 290112.559  89.1%  20.5 3454s
 73131 52604 985112.917   51  280 2654723.98 290161.681  89.1%  20.4 3464s
 73352 52802 1061268.97   56  266 2654723.98 290281.948  89.1%  20.4 3475s
 73562 52978 1266541.52   48  301 2654723.98 290363.100  89.1%  20.4 3484s
 73764 53153 1701920.49   72  223 2654723.98 290415.589  89.1%  20.3 3493s
 73961 53306 864729.944   48  286 2654723.98 290727.773  89.0%  20.3 3504s
H74060 53305                    2654676.4424 290727.773  89.0%  20.3 3504s
 74188 53483 2166986.01   71  242 2654676.44 291262.608  89.0%  20.3 3515s
 74401 53679 502224.879   33  336 2654676.44 291511.085  89.0%  20.3 3525s
 74634 53848 2048795.25   84  196 2654676.44 291738.563  89.0%  20.3 3535s
H74821 54043                    2654655.5638 291738.563  89.0%  20.3 3545s
H75030 54210                    2654615.1160 291796.011  89.0%  20.3 3556s
 75226 54345 2148706.77   84  203 2654615.12 292123.288  89.0%  20.3 3567s
 75416 54521 1116865.65   59  261 2654615.12 292154.481  89.0%  20.3 3577s
H75526 54498                    2654051.0227 292154.481  89.0%  20.3 3577s
 75618 54737 1965644.54   79  222 2654051.02 292330.263  89.0%  20.3 3588s
H75868 54921                    2654051.0224 292330.263  89.0%  20.3 3597s
 76119 54954 1833045.43   72  223 2654051.02 293250.049  89.0%  20.3 3600s

Cutting planes:
  Gomory: 31
  Implied bound: 16
  MIR: 31
  Flow cover: 50
  RLT: 31

Explored 76164 nodes (1551052 simplex iterations) in 3600.10 seconds (1507.06 work units)
Thread count was 2 (of 24 available processors)

Solution count 10: 2.65405e+06 2.65405e+06 2.65462e+06 ... 2.66086e+06

Time limit reached
Best objective 2.654051022406e+06, best bound 2.932500493635e+05, gap 88.9509%
