
Gurobi 11.0.3 (linux64, Java) logging started qua 06 nov 2024 00:04:17 -03

Set parameter Username
Academic license - for non-commercial use only - expires 2025-10-10
Warning: Gurobi version mismatch between Java 11.0.1 and C library 11.0.3
Warning: Gurobi version mismatch between Java 11.0.1 and Jni 11.0.3
Set parameter NonConvex to value 2
Set parameter TimeLimit to value 3600
Set parameter LogToConsole to value 0
Set parameter MIPGap to value 4.7300647268466746e-08
Set parameter Threads to value 2
Set parameter NodefileDir to value "/home/ps12398/goal_programming/goalProgrammingMarcos/"
Set parameter NodefileStart to value 1
Gurobi Optimizer version 11.0.3 build v11.0.3rc0 (linux64)

CPU model: Intel(R) Xeon(R) CPU           X5650  @ 2.67GHz, instruction set [SSE2]
Thread count: 12 physical cores, 24 logical processors, using up to 2 threads

Optimize a model with 61275 rows, 41336 columns and 205069 nonzeros
Model fingerprint: 0x0b919271
Model has 148 quadratic constraints
Variable types: 20598 continuous, 20738 integer (143 binary)
Coefficient statistics:
  Matrix range     [7e-03, 6e+06]
  QMatrix range    [7e-03, 1e+05]
  QLMatrix range   [1e+00, 1e+05]
  Objective range  [1e+00, 4e+07]
  Bounds range     [1e+00, 1e+08]
  RHS range        [1e+00, 3e+06]
  QRHS range       [3e-03, 3e-03]
Presolve removed 60525 rows and 40414 columns
Presolve time: 0.13s
Presolved: 1811 rows, 1245 columns, 54298 nonzeros
Presolved model has 2 SOS constraint(s)
Presolved model has 143 bilinear constraint(s)

Solving non-convex MIQCP

Variable types: 524 continuous, 721 integer (145 binary)
Found heuristic solution: objective 1.481500e+07

Root relaxation: objective 0.000000e+00, 268 iterations, 0.02 seconds (0.01 work units)

    Nodes    |    Current Node    |     Objective Bounds      |     Work
 Expl Unexpl |  Obj  Depth IntInf | Incumbent    BestBd   Gap | It/Node Time

     0     0    0.00000    0  246 1.4815e+07    0.00000   100%     -    0s
     0     0 719274.913    0  337 1.4815e+07 719274.913  95.1%     -    0s
H    0     0                    1.234595e+07 739818.642  94.0%     -    0s
     0     0 739818.642    0  340 1.2346e+07 739818.642  94.0%     -    0s
     0     0 805109.055    0  395 1.2346e+07 805109.055  93.5%     -    0s
     0     0 826238.200    0  395 1.2346e+07 826238.200  93.3%     -    0s
     0     0 826238.200    0  393 1.2346e+07 826238.200  93.3%     -    1s
     0     0 826238.200    0  375 1.2346e+07 826238.200  93.3%     -    1s
     0     2 826238.200    0  363 1.2346e+07 826238.200  93.3%     -    2s
H   62    64                    1.092119e+07 944284.599  91.4%  41.3    2s
H  180   186                    7122633.1638 944284.599  86.7%  23.4    3s
H  490   503                    6920934.3317 944284.599  86.4%  17.3    4s
   991  1021 2743154.66  568  206 6920934.33 944284.599  86.4%   9.5    5s
H 1706  1706                    6920226.9022 944284.599  86.4%   7.9    6s
H 2342  2399                    6513145.4386 944284.599  85.5%   6.2    7s
H 3386  3504                    6512968.1328 944284.599  85.5%   6.2    9s
H 3490  3504                    6413494.3656 944284.599  85.3%   6.1    9s
  3661  3660 2743155.97  579  227 6413494.37 944284.599  85.3%   6.2   10s
  3709  3695 1220590.11   19  355 6413494.37 1029821.36  83.9%   7.5   15s
H 3736  3527                    6314119.0184 1029821.36  83.7%   7.8   16s
H 3763  3370                    6314116.6061 1029821.36  83.7%   8.0   17s
H 3811  3233                    6251185.4260 1029821.36  83.5%   8.5   19s
  3814  3237 2309183.32   45  301 6251185.43 1029821.36  83.5%   8.6   20s
H 3843  3095                    6195820.9319 1029821.36  83.4%   9.0   21s
  3911  3151 3060314.88   68  251 6195820.93 1029821.36  83.4%   9.4   25s
H 3923  3009                    6195338.7691 1029821.36  83.4%   9.5   25s
H 3958  2879                    6149740.1257 1029821.36  83.3%   9.5   28s
  3980  2899 3700284.84   83  224 6149740.13 1029821.36  83.3%   9.5   30s
H 3987  2765                    6013775.1290 1029821.36  82.9%   9.6   31s
  4029  2803 3763246.41   92  218 6013775.13 1029821.36  82.9%   9.8   35s
  4095  2850 5143668.59  108  188 6013775.13 1029821.36  82.9%  10.8   40s
H 4110  2716                    6013668.3408 1029821.36  82.9%  10.8   40s
H 4118  2607                    6000685.0122 1029821.36  82.8%  10.8   41s
H 4144  2518                    6000685.0116 1029821.36  82.8%  10.8   43s
  4184  2546 5362175.73  130  166 6000685.01 1029821.36  82.8%  10.8   45s
H 4236  2461                    6000577.4657 1029821.36  82.8%  10.8   48s
H 4270  2388                    5894905.3973 1029821.36  82.5%  10.8   50s
H 4347  2340                    5891075.7145 1029821.36  82.5%  10.9   53s
  4368  2361 5564205.09  176  181 5891075.71 1029821.36  82.5%  10.9   55s
H 4437  2301                    5873723.6894 1029821.36  82.5%  10.8   59s
  4453  2327 5508028.16  199  170 5873723.69 1029821.36  82.5%  10.8   61s
  4517  2374 5652871.40  215  182 5873723.69 1029821.36  82.5%  10.9   65s
H 4592  2323                    5858839.8147 1029821.36  82.4%  11.0   69s
  4616  2356 5525900.37  240  167 5858839.81 1029821.36  82.4%  11.0   71s
  4692  2407 5679788.23  259  182 5858839.81 1029821.36  82.4%  11.2   76s
H 4741  2348                    5829368.6374 1029821.36  82.3%  11.3   78s
  4776  2387 5537962.75  281  171 5829368.64 1029821.36  82.3%  11.3   80s
H 4862  2327                    5808112.2604 1029821.36  82.3%  11.5   83s
  4878  2353 5547568.72  308  168 5808112.26 1040781.35  82.1%  11.5   86s
H 4888  2273                    5803105.5689 1040781.35  82.1%  11.6   86s
H 4986  2217                    5760291.7600 1040781.35  81.9%  12.1   89s
  4987  2262 1796798.99   32  325 5760291.76 1040781.35  81.9%  12.1   92s
  5034  2288 2154327.77   42  298 5760291.76 1040781.35  81.9%  12.2   95s
H 5103  2234                    5740802.7230 1040781.35  81.9%  12.7   98s
H 5135  2182                    5740484.3941 1040781.35  81.9%  13.0  101s
H 5205  2128                    5737419.1839 1040781.35  81.9%  13.7  105s
H 5283  2110                    5734432.9561 1040781.35  81.9%  14.0  107s
  5353  2156 4906563.19  107  186 5734432.96 1040781.35  81.9%  14.5  111s
  5422  2198 4192668.61  124  179 5734432.96 1040781.35  81.9%  14.7  115s
H 5459  2050                    5687312.9790 1040781.35  81.7%  14.6  115s
  5551  2138 4192520.08  161  176 5687312.98 1040781.35  81.7%  15.5  123s
  5608  2177 4193346.59  181  171 5687312.98 1040781.35  81.7%  15.5  126s
  5731  2275 4199318.84  220  158 5687312.98 1040781.35  81.7%  15.8  134s
H 5747  2208                    5685012.3798 1040781.35  81.7%  15.8  134s
H 5790  2114                    5680933.2727 1040781.35  81.7%  15.8  134s
  5805  2186 5367154.32  241  159 5680933.27 1040781.35  81.7%  15.7  138s
H 5816  2135                    5680913.8507 1040781.35  81.7%  15.7  138s
  5882  2192 5389878.18  263  155 5680913.85 1040781.35  81.7%  15.8  143s
H 5886  2143                    5680911.5650 1040781.35  81.7%  15.8  143s
H 5932  2085                    5680911.4667 1040781.35  81.7%  15.9  143s
  5961  2158 4199328.86  286  151 5680911.47 1040781.35  81.7%  15.8  148s
H 6012  2004                    5657384.4424 1040781.35  81.6%  15.7  148s
  6044  2084 4199330.30  312  150 5657384.44 1040781.35  81.6%  15.7  154s
  6129  2174 4199330.30  337  150 5657384.44 1040781.35  81.6%  15.7  160s
  6219  2268 4199353.61  364  149 5657384.44 1040781.35  81.6%  15.7  166s
H 6313  2248                    5592389.9128 1040781.35  81.4%  15.7  172s
H 6400  2340                    5592276.2718 1040781.35  81.4%  15.5  178s
  6492  2430 4199353.61  448  149 5592276.27 1040781.35  81.4%  15.5  183s
H 6550  2428                    5590139.8944 1040781.35  81.4%  15.4  183s
  6582  2532 4199330.30  477  150 5590139.89 1040781.35  81.4%  15.4  191s
H 6647  2532                    5589423.2947 1040781.35  81.4%  15.3  191s
H 6686  2639                    5586724.0881 1040781.35  81.4%  15.4  198s
H 6793  2728                    5563389.1609 1040781.35  81.3%  15.5  205s
  6900  2828 4199454.69  576  150 5563389.16 1040781.35  81.3%  15.8  213s
H 6962  2828                    5558695.3904 1040781.35  81.3%  16.4  213s
H 7000  2926                    5555807.4418 1040781.35  81.3%  16.4  219s
  7098  3036 4199330.30  639  150 5555807.44 1040781.35  81.3%  17.0  226s
  7208  3154 4199330.30  676  150 5555807.44 1040781.35  81.3%  17.3  236s
  7326  3280 4199330.30  715  150 5555807.44 1040781.35  81.3%  17.4  245s
H 7409  3271                    5550613.6869 1040781.35  81.2%  17.2  245s
  7452  3399 4199362.51  757  151 5550613.69 1040781.35  81.2%  17.6  255s
  7604  3599 4199363.91  799  151 5550613.69 1040781.35  81.2%  17.6  264s
H 7690  3599                    5550606.8521 1040781.35  81.2%  17.4  264s
  7806  3775 4199330.30  842  150 5550606.85 1040781.35  81.2%  18.4  271s
  7982  3963 4199363.91  887  151 5550606.85 1040781.35  81.2%  18.9  280s
H 8075  3963                    5543840.8714 1040781.35  81.2%  18.7  280s
H 8170  4179                    5528086.4661 1040781.35  81.2%  18.6  292s
  8390  4380 4199330.30  984  150 5528086.47 1040781.35  81.2%  18.2  300s
H 8591  4610                    5528084.1398 1040781.35  81.2%  17.8  311s
  8821  4847 4199461.57 1084  149 5528084.14 1040781.35  81.2%  17.9  323s
H 9058  5077                    5527712.6661 1040781.35  81.2%  17.9  334s
H 9288  5296                    5527712.6646 1040781.35  81.2%  18.2  345s
  9507  5511 4222576.75 1233  152 5527712.66 1040781.35  81.2%  18.6  355s
H 9596  5511                    5524525.7945 1040781.35  81.2%  19.1  355s
H 9722  5703                    5524524.7574 1040781.35  81.2%  19.0  364s
H 9821  5703                    5523335.4555 1040781.35  81.2%  19.6  364s
H 9946  5838                    5483620.5138 1040781.35  81.0%  19.5  374s
 10173  6022 4200475.93 1378  147 5483620.51 1040781.35  81.0%  20.0  388s
H10282  6022                    5483593.7432 1040781.35  81.0%  20.6  388s
 10403  6202 infeasible 1432      5483593.74 1040781.35  81.0%  20.5  401s
H10514  6202                    5483592.5141 1040781.35  81.0%  21.2  401s
H10637  6353                    5482421.1672 1040781.35  81.0%  21.0  410s
 10866  6515 infeasible 1541      5482421.17 1040781.35  81.0%  21.8  421s
H10965  6515                    5481510.5921 1040781.35  81.0%  22.7  421s
 11078  6665 4200476.01 1591  146 5481510.59 1040781.35  81.0%  22.8  428s
 11314  6773 4200476.01 1642  145 5481510.59 1040781.35  81.0%  24.0  436s
H11413  6735                    5480779.0794 1040781.35  81.0%  24.9  436s
 11472  6821 5466165.32 1691  173 5480779.08 1040781.35  81.0%  25.4  445s
H11569  6763                    5472357.6308 1040781.35  81.0%  26.2  445s
H11606  6836                    5467800.1803 1040781.35  81.0%  26.6  453s
H11731  6715                    5457663.6359 1040781.35  80.9%  27.4  453s
 11775  6747 infeasible 1802      5457663.64 1040781.35  80.9%  27.6  464s
H11776  6563                    5454295.2562 1040781.35  80.9%  27.6  464s
H11928  6496                    5452718.6778 1040781.35  80.9%  28.4  464s
 11997  6579 4200476.01 1879  146 5452718.68 1040781.35  80.9%  28.6  475s
H12134  6579                    5452679.6275 1040781.35  80.9%  29.3  475s
 12198  6636 infeasible 1947      5452679.63 1085524.96  80.1%  29.4  486s
 12367  6751 1861888.04   31  317 5452679.63 1095699.13  79.9%  30.0  495s
H12462  6750                    5448762.1081 1095699.13  79.9%  30.1  495s
 12482  6821 3260218.55   79  227 5448762.11 1095699.13  79.9%  30.0  503s
H12488  6819                    5445669.8437 1095699.13  79.9%  30.1  503s
 12553  6889 3947241.86  102  195 5445669.84 1095699.13  79.9%  30.2  512s
H12561  6885                    5443044.0737 1095699.13  79.9%  30.2  512s
 12623  6978 4291473.59  121  186 5443044.07 1095699.13  79.9%  30.4  522s
H12625  6961                    5434040.1086 1095699.13  79.8%  30.4  522s
H12724  7056                    5433991.6617 1095699.13  79.8%  30.6  530s
H12775  7041                    5433011.9353 1095699.13  79.8%  30.6  530s
H12823  6954                    5397085.2758 1095699.13  79.7%  30.5  537s
H12936  7073                    5396657.3341 1095699.13  79.7%  30.4  547s
 13104  7241 4662391.93  223  168 5396657.33 1095699.13  79.7%  30.9  555s
H13157  7152                    5387129.3933 1095699.13  79.7%  30.9  555s
H13291  7301                    5381701.5108 1095699.13  79.6%  30.9  564s
H13453  7470                    5381701.4573 1095699.13  79.6%  30.9  572s
H13624  7637                    5381392.1077 1095699.13  79.6%  30.9  584s
H13676  7581                    5366934.8355 1095699.13  79.6%  31.0  584s
 13813  7751 4907064.99  328  164 5366934.84 1095699.13  79.6%  31.0  595s
H13871  7737                    5364256.6434 1095699.13  79.6%  30.9  595s
H13983  7895                    5359402.1852 1095699.13  79.6%  31.0  606s
 14151  8085 4913275.52  387  155 5359402.19 1095699.13  79.6%  31.0  618s
H14216  8085                    5359401.8608 1095699.13  79.6%  31.0  618s
H14365  8271                    5359400.0994 1095699.13  79.6%  30.9  631s
 14565  8468 4924125.63  443  161 5359400.10 1095699.13  79.6%  30.6  641s
 14774  8654 4926700.53  472  152 5359400.10 1095699.13  79.6%  30.4  653s
 14976  8834 4938834.25  499  137 5359400.10 1095699.13  79.6%  30.3  664s
H15029  8834                    5358324.5863 1095699.13  79.6%  30.2  664s
H15188  8970                    5355334.3946 1095699.13  79.5%  30.2  674s
 15363  9137 5185213.11  543  167 5355334.39 1095699.13  79.5%  30.0  684s
H15578  9150                    5326729.5218 1095699.13  79.4%  29.7  694s
 15814  9238 4956807.47  592  131 5326729.52 1095699.13  79.4%  29.5  707s
H15862  9238                    5326726.9638 1095699.13  79.4%  29.5  707s
H16052  9307                    5323122.0946 1095699.13  79.4%  29.4  717s
 16291  9425 5226281.03  639  172 5323122.09 1095699.13  79.4%  29.3  726s
H16344  9338                    5304967.5071 1095699.13  79.3%  29.2  726s
 16565  9457 4962635.70  666  131 5304967.51 1095699.13  79.3%  29.1  737s
H16618  9457                    5302768.8614 1095699.13  79.3%  29.1  737s
H16844  9582                    5302768.8543 1095699.13  79.3%  28.9  748s
 17139  9727 4957472.64  722  131 5302768.85 1095699.13  79.3%  28.8  759s
H17199  9727                    5302763.0532 1095699.13  79.3%  28.8  759s
 17394  9889 4957621.89  752  131 5302763.05 1095699.13  79.3%  29.0  770s
H17584 10058                    5302647.3678 1095699.13  79.3%  29.1  780s
 17754 10248 4963250.38  810  131 5302647.37 1095699.13  79.3%  29.2  791s
 17946 10424 5230705.47  837  172 5302647.37 1095699.13  79.3%  29.2  802s
H18000 10424                    5302645.3925 1095699.13  79.3%  29.2  802s
H18145 10586                    5298980.4574 1095699.13  79.3%  29.3  813s
 18315 10770 4958468.41  892  131 5298980.46 1095699.13  79.3%  29.4  826s
H18499 10945                    5298980.4569 1095699.13  79.3%  29.3  839s
 18674 11107 4958711.78  942  131 5298980.46 1095699.13  79.3%  29.1  849s
H18721 11087                    5289427.9791 1095699.13  79.3%  29.1  849s
 18836 11273 4963876.38  966  131 5289427.98 1095699.13  79.3%  29.0  860s
 19022 11452 4958941.97  992  131 5289427.98 1095699.13  79.3%  28.9  872s
 19201 11639 4959092.10 1018  131 5289427.98 1095699.13  79.3%  28.7  883s
H19388 11745                    5280571.8364 1095699.13  79.3%  28.5  894s
 19591 11913 4959416.70 1073  131 5280571.84 1095699.13  79.3%  28.7  903s
H19652 11883                    5278260.2706 1095699.13  79.2%  28.7  903s
 19759 12038 5238063.02 1103  177 5278260.27 1095699.13  79.2%  28.8  915s
H19817 12035                    5278216.2611 1095699.13  79.2%  28.8  915s
 19914 12204 4959809.71 1132  131 5278216.26 1095699.13  79.2%  28.7  927s
H20083 12326                    5274043.6808 1095699.13  79.2%  28.7  937s
H20260 12417                    5273981.9784 1095699.13  79.2%  29.0  944s
H20344 12402                    5270855.2936 1095699.13  79.2%  29.1  944s
 20351 12513 5244801.78 1213  179 5270855.29 1095699.13  79.2%  29.1  955s
 20462 12622 4965099.10 1240  131 5270855.29 1095699.13  79.2%  29.3  965s
 20571 12735 4960657.71 1266  131 5270855.29 1095699.13  79.2%  29.2  976s
H20625 12731                    5269596.2844 1095699.13  79.2%  29.2  976s
 20684 12846 5246840.46 1293  178 5269596.28 1095699.13  79.2%  29.2  988s
H20799 13003                    5269531.8139 1095699.13  79.2%  29.1 1000s
H20956 13169                    5269236.5395 1095699.13  79.2%  29.0 1010s
 21122 13333 5246941.89 1375  179 5269236.54 1095699.13  79.2%  28.9 1020s
H21177 13333                    5269224.9135 1095699.13  79.2%  28.9 1020s
H21286 13502                    5269207.2194 1095699.13  79.2%  28.8 1033s
 21455 13675 4965922.82 1432  131 5269207.22 1095699.13  79.2%  28.7 1043s
H21628 13842                    5269048.8882 1095699.13  79.2%  28.5 1056s
H21798 14021                    5269048.7987 1095699.13  79.2%  28.5 1070s
H21977 14196                    5268921.2721 1095699.13  79.2%  28.3 1082s
H22155 14366                    5268138.8823 1095699.13  79.2%  28.2 1093s
 22330 14549 5250468.00 1593  180 5268138.88 1095699.13  79.2%  28.1 1105s
 22513 14736 4966772.88 1630  131 5268138.88 1095699.13  79.2%  28.0 1116s
 22700 14924 4963726.71 1666  131 5268138.88 1095699.13  79.2%  27.9 1128s
H22766 14901                    5266005.6973 1095699.13  79.2%  27.9 1128s
 22888 15097 4963170.46 1699  131 5266005.70 1095699.13  79.2%  27.7 1136s
 23084 15290 4963377.38 1737  131 5266005.70 1095699.13  79.2%  27.6 1149s
H23158 15289                    5265826.1368 1095699.13  79.2%  27.5 1149s
H23277 15476                    5265701.4549 1095699.13  79.2%  27.4 1158s
H23469 15669                    5265022.0439 1095699.13  79.2%  27.3 1169s
H23666 15861                    5264340.4877 1095699.13  79.2%  27.2 1180s
H23864 16046                    5263719.0391 1095699.13  79.2%  27.0 1191s
H24095 16219                    5263097.8648 1095699.13  79.2%  26.9 1200s
 24312 16327 4965098.98 1996  131 5263097.86 1095699.13  79.2%  26.8 1212s
 24532 16495 4965323.37 2029  131 5263097.86 1095699.13  79.2%  26.7 1220s
H24612 16491                    5262413.3299 1095699.13  79.2%  26.7 1220s
H24718 16664                    5262372.0073 1095699.13  79.2%  26.8 1232s
 24927 16834 infeasible 2117      5262372.01 1095699.13  79.2%  26.7 1246s
 25133 17032 4975135.10 2173  130 5262372.01 1095699.13  79.2%  26.6 1256s
H25231 17032                    5262306.9406 1095699.13  79.2%  26.5 1256s
 25333 17172 4976768.67 2222  137 5262306.94 1095699.13  79.2%  26.4 1264s
 25507 17327 4969862.32 2264  131 5262306.94 1095699.13  79.2%  26.3 1274s
H25708 17411                    5261597.5337 1095699.13  79.2%  26.3 1285s
 25942 17489 4985324.29 2357  135 5261597.53 1095699.13  79.2%  26.7 1296s
 26160 17563 4970625.93 2396  131 5261597.53 1095699.13  79.2%  27.0 1307s
 26386 17639 4970848.24 2434  131 5261597.53 1095699.13  79.2%  27.5 1317s
H26466 17639                    5261320.2711 1095699.13  79.2%  27.4 1317s
 26596 17715 4971058.06 2474  131 5261320.27 1095699.13  79.2%  27.8 1328s
H26681 17715                    5261240.3411 1095699.13  79.2%  27.8 1328s
H26802 17792                    5261008.5746 1095699.13  79.2%  28.1 1338s
H26880 17792                    5260957.9776 1095699.13  79.2%  28.1 1338s
H26969 17870                    5260759.8582 1095699.13  79.2%  28.3 1349s
 27187 17949 4971745.80 2594  131 5260759.86 1095699.13  79.2%  28.7 1360s
 27400 18029 4976818.92 2633  137 5260759.86 1095699.13  79.2%  29.0 1373s
H27614 18103                    5260662.4915 1095699.13  79.2%  29.3 1383s
H27838 18181                    5260619.0979 1095699.13  79.2%  29.6 1395s
 28060 18258 4985395.70 2753  135 5260619.10 1095699.13  79.2%  30.0 1404s
 28271 18334 4976841.25 2791  137 5260619.10 1095699.13  79.2%  30.3 1415s
H28349 18334                    5260578.7560 1095699.13  79.2%  30.2 1415s
 28487 18409 4985395.70 2829  135 5260578.76 1095699.13  79.2%  30.6 1425s
 28700 18484 4973296.22 2868  131 5260578.76 1095699.13  79.2%  30.9 1436s
H28925 18547                    5260109.8159 1095699.13  79.2%  31.2 1447s
 29142 18624 4973735.74 2945  131 5260109.82 1095699.13  79.2%  31.4 1456s
H29349 18703                    5260016.5229 1095699.13  79.2%  31.7 1467s
 29574 18814 4974192.23 3023  131 5260016.52 1095699.13  79.2%  31.9 1475s
 29779 18947 4974417.22 3061  131 5260016.52 1095699.13  79.2%  32.1 1484s
 29974 19088 4974624.69 3098  131 5260016.52 1095699.13  79.2%  32.1 1494s
H30163 19163                    5259561.6270 1095699.13  79.2%  32.1 1506s
 30386 19223 infeasible 3202      5259561.63 1095699.13  79.2%  32.0 1516s
H30387 19223                    5259412.4261 1095699.13  79.2%  32.0 1516s
H30534 19187                    5257309.1170 1095699.13  79.2%  32.0 1516s
 30630 19240 infeasible 3276      5257309.12 1095699.13  79.2%  32.1 1525s
H30729 19240                    5257305.5924 1095699.13  79.2%  32.1 1525s
H30813 19338                    5253975.9742 1095699.13  79.1%  32.2 1534s
H31057 19507                    5253959.0729 1095699.13  79.1%  32.2 1546s
H31146 19506                    5253803.9607 1095699.13  79.1%  32.1 1546s
 31276 19633 4982386.67 3416  130 5253803.96 1095699.13  79.1%  32.2 1558s
H31368 19628                    5252651.8202 1095699.13  79.1%  32.1 1558s
H31495 19705                    5252649.1834 1095699.13  79.1%  32.2 1569s
 31742 19782 4989861.89 3507  134 5252649.18 1095699.13  79.1%  32.3 1580s
 32015 19852 infeasible 3552      5252649.18 1095699.13  79.1%  32.4 1592s
H32016 19844                    5252135.3241 1095699.13  79.1%  32.4 1592s
 32299 19892 infeasible 3598      5252135.32 1095699.13  79.1%  32.6 1601s
 32581 19934 infeasible 3640      5252135.32 1095699.13  79.1%  32.7 1610s
H32582 19918                    5251792.8520 1095699.13  79.1%  32.7 1610s
 32859 19960 4992564.19 3683  135 5251792.85 1095699.13  79.1%  32.9 1619s
 33135 20002 4989861.89 3725  134 5251792.85 1095699.13  79.1%  33.1 1628s
H33220 20002                    5251711.7444 1095699.13  79.1%  33.0 1628s
 33415 20044 4992564.19 3767  135 5251711.74 1095699.13  79.1%  33.2 1638s
H33695 20041                    5250298.7548 1095699.13  79.1%  33.3 1646s
H33969 20079                    5250100.4855 1095699.13  79.1%  33.4 1656s
H34246 20124                    5250068.7795 1095699.13  79.1%  33.5 1664s
H34509 20165                    5250068.6154 1095699.13  79.1%  33.7 1674s
H34766 20208                    5249965.5618 1095699.13  79.1%  34.0 1685s
 35019 20252 4989861.89 4019  134 5249965.56 1095699.13  79.1%  34.2 1694s
 35283 20334 infeasible 4062      5249965.56 1095699.13  79.1%  34.3 1704s
 35529 20473 infeasible 4104      5249965.56 1095699.13  79.1%  34.3 1713s
 35746 20530 4984228.83 4138  130 5249965.56 1095699.13  79.1%  34.3 1723s
H35800 20477                    5248758.3096 1095699.13  79.1%  34.2 1723s
 35937 20534 4992564.19 4165  135 5248758.31 1095699.13  79.1%  34.3 1733s
H35995 20533                    5248713.7338 1095699.13  79.1%  34.3 1733s
H36186 20595                    5248621.4549 1095699.13  79.1%  34.4 1742s
 36420 20655 4984446.53 4225  130 5248621.45 1095699.13  79.1%  34.5 1753s
 36638 20716 4984517.36 4255  130 5248621.45 1095699.13  79.1%  34.6 1763s
H36700 20715                    5248573.4331 1095699.13  79.1%  34.5 1763s
H36861 20777                    5248502.0212 1095699.13  79.1%  34.7 1774s
H36924 20775                    5248422.3834 1095699.13  79.1%  34.6 1774s
 37097 20837 4988852.40 4316  131 5248422.38 1095699.13  79.1%  34.7 1784s
H37329 20884                    5248140.0590 1095699.13  79.1%  34.8 1792s
 37550 20945 4988856.04 4378  131 5248140.06 1095699.13  79.1%  34.8 1800s
 37773 21006 4991405.59 4408  133 5248140.06 1095699.13  79.1%  34.9 1812s
H37988 21064                    5248093.0233 1095699.13  79.1%  34.9 1822s
H38049 21047                    5247863.5979 1095699.13  79.1%  34.8 1822s
 38197 21106 4991405.59 4468  133 5247863.60 1095699.13  79.1%  34.9 1833s
 38414 21165 4988863.33 4498  131 5247863.60 1095699.13  79.1%  34.9 1843s
 38653 21224 4992564.19 4527  135 5247863.60 1095699.13  79.1%  35.0 1853s
H38713 21216                    5247598.4398 1095699.13  79.1%  34.9 1853s
 38886 21274 4985284.75 4557  130 5247598.44 1095699.13  79.1%  35.1 1861s
 39120 21337 4985360.32 4586  130 5247598.44 1095699.13  79.1%  35.1 1871s
H39353 21280                    5243672.3327 1095699.13  79.1%  35.2 1882s
H39587 21338                    5242751.4106 1095699.13  79.1%  35.2 1891s
H39813 21397                    5240887.5433 1095699.13  79.1%  35.3 1899s
H39874 21397                    5240765.1745 1095699.13  79.1%  35.2 1899s
H40036 21438                    5238969.5710 1095699.13  79.1%  35.3 1910s
H40262 21500                    5238969.5602 1095699.13  79.1%  35.3 1919s
 40512 21562 4992564.19 4771  135 5238969.56 1095699.13  79.1%  35.3 1930s
 40746 21625 4985898.54 4802  130 5238969.56 1095699.13  79.1%  35.3 1940s
H40810 21618                    5238677.5431 1095699.13  79.1%  35.2 1940s
 40979 21663 4992564.19 4833  135 5238677.54 1095699.13  79.1%  35.3 1949s
 41188 21724 4988885.19 4856  131 5238677.54 1095699.13  79.1%  35.3 1957s
H41435 21740                    5237966.3447 1095699.13  79.1%  35.2 1967s
 41681 21806 4989247.50 4916  130 5237966.34 1095699.13  79.1%  35.2 1977s
H41943 21825                    5237964.4235 1095699.13  79.1%  35.1 1987s
 42216 21851 infeasible 4982      5237964.42 1095699.13  79.1%  34.9 1997s
 42464 21868 5052488.74 5008  137 5237964.42 1095699.13  79.1%  34.8 2006s
 42719 21885 infeasible 5034      5237964.42 1095699.13  79.1%  34.6 2014s
H42721 21885                    5237666.5473 1095699.13  79.1%  34.6 2014s
H42772 21863                    5236405.2922 1095699.13  79.1%  34.6 2014s
H42974 21886                    5236405.2130 1095699.13  79.1%  34.5 2022s
 43217 21910 5070611.88 5083  134 5236405.21 1095699.13  79.1%  34.4 2030s
 43453 21932 infeasible 5107      5236405.21 1095699.13  79.1%  34.2 2039s
 43689 21955 5099372.45 5130  140 5236405.21 1095699.13  79.1%  34.1 2049s
 43930 21984 5071465.03 5155  134 5236405.21 1095699.13  79.1%  33.9 2057s
H43976 21984                    5236398.9295 1095699.13  79.1%  33.9 2057s
H44173 22025                    5236398.8954 1095699.13  79.1%  33.8 2066s
 44404 22060 5072204.30 5198  133 5236398.90 1095699.13  79.1%  33.7 2077s
 44633 22096 5088386.96 5215  134 5236398.90 1095699.13  79.1%  33.5 2087s
 44861 22132 5086494.22 5233  134 5236398.90 1095699.13  79.1%  33.4 2098s
 45093 22166 5084745.04 5251  134 5236398.90 1095699.13  79.1%  33.2 2106s
H45321 22139                    5233873.4182 1095699.13  79.1%  33.1 2114s
H45555 22173                    5233873.1658 1095699.13  79.1%  33.0 2121s
 45759 22210 5076367.48 5304  134 5233873.17 1095699.13  79.1%  32.9 2130s
 45964 22248 5078919.12 5323  134 5233873.17 1095699.13  79.1%  32.7 2138s
 46148 22284 5074714.86 5342  134 5233873.17 1095699.13  79.1%  32.6 2146s
 46350 22308 5077728.39 5360  135 5233873.17 1095699.13  79.1%  32.5 2155s
 46562 22331 5076422.68 5382  134 5233873.17 1095699.13  79.1%  32.4 2164s
 46769 22352 5098172.27 5403  139 5233873.17 1095699.13  79.1%  32.3 2173s
 46978 22385 infeasible 5424      5233873.17 1095699.13  79.1%  32.2 2182s
 47173 22408 infeasible 5447      5233873.17 1095699.13  79.1%  32.1 2191s
 47372 22432 5092458.09 5471  138 5233873.17 1095699.13  79.1%  32.1 2200s
 47578 22440 infeasible 5498      5233873.17 1095699.13  79.1%  32.1 2208s
 47776 22449 5105149.88 5527  137 5233873.17 1095699.13  79.1%  32.1 2216s
 47977 22470 5123654.43 5553  136 5233873.17 1095699.13  79.1%  32.1 2224s
H48020 22470                    5233872.0698 1095699.13  79.1%  32.1 2224s
 48166 22492 5125245.27 5574  134 5233872.07 1095699.13  79.1%  32.0 2232s
 48352 22520 infeasible 5595      5233872.07 1095699.13  79.1%  32.0 2241s
 48536 22578 5126300.78 5616  134 5233872.07 1095699.13  79.1%  32.0 2251s
 48696 22636 5126827.30 5636  134 5233872.07 1095699.13  79.1%  31.9 2260s
 48856 22692 infeasible 5657      5233872.07 1095699.13  79.1%  31.9 2269s
H48899 22692                    5233828.2566 1095699.13  79.1%  31.9 2269s
 49020 22748 5127116.37 5678  134 5233828.26 1095699.13  79.1%  31.9 2278s
H49061 22748                    5233626.3341 1095699.13  79.1%  31.8 2278s
 49186 22810 5127726.74 5698  134 5233626.33 1095699.13  79.1%  31.8 2287s
 49352 22886 infeasible 5719      5233626.33 1095699.13  79.1%  31.8 2295s
H49396 22886                    5233605.8587 1095699.13  79.1%  31.7 2295s
 49510 22910 5129121.50 5740  134 5233605.86 1095699.13  79.1%  31.7 2304s
 49718 22932 infeasible 5763      5233605.86 1095699.13  79.1%  31.7 2313s
 49944 22956 5131352.37 5786  134 5233605.86 1095699.13  79.1%  31.6 2322s
 50168 23062 5132164.06 5810  134 5233605.86 1095699.13  79.1%  31.6 2331s
 50328 23184 infeasible 5835      5233605.86 1095699.13  79.1%  31.6 2339s
H50381 23184                    5233601.7340 1095699.13  79.1%  31.5 2339s
 50494 23336 infeasible 5861      5233601.73 1122358.42  78.6%  31.5 2347s
 50678 23532 1829656.04   24  336 5233601.73 1153423.37  78.0%  31.5 2355s
 50903 23707 3046997.98   59  271 5233601.73 1153597.63  78.0%  31.5 2364s
H51005 23707                    5233559.0150 1153598.49  78.0%  31.6 2364s
 51102 23854 2607010.91   44  300 5233559.02 1153598.49  78.0%  31.7 2374s
 51249 23918 4051874.60   75  216 5233559.02 1153598.49  78.0%  31.8 2381s
 51345 24082 4507316.95   86  199 5233559.02 1154400.75  77.9%  32.0 2391s
 51529 24255 3836227.04   69  255 5233559.02 1154525.15  77.9%  32.1 2400s
 51742 24411 3871174.84   77  242 5233559.02 1154960.38  77.9%  32.1 2409s
 51948 24545 infeasible   83      5233559.02 1156926.02  77.9%  32.2 2417s
 52144 24703 1793027.90   38  305 5233559.02 1156926.02  77.9%  32.2 2423s
 52318 24854 3222875.47   84  232 5233559.02 1156926.02  77.9%  32.2 2431s
 52515 25005 5180435.44  124  198 5233559.02 1161279.65  77.8%  32.3 2440s
 52699 25143 3694199.97   72  260 5233559.02 1161611.92  77.8%  32.3 2448s
 52865 25315 3911737.12   77  245 5233559.02 1163212.09  77.8%  32.4 2457s
 53099 25431 4452468.75   65  215 5233559.02 1164943.33  77.7%  32.4 2463s
 53311 25583 2447148.87   38  313 5233559.02 1164943.33  77.7%  32.5 2469s
 53477 25659 3364347.23   65  214 5233559.02 1164943.33  77.7%  32.5 2479s
 53680 25831 1460365.80   26  349 5233559.02 1164943.33  77.7%  32.7 2489s
 53898 25981 2196569.39   39  321 5233559.02 1165416.83  77.7%  33.0 2498s
 54060 26121 1719026.34   33  331 5233559.02 1165416.83  77.7%  33.1 2507s
 54200 26262 3197389.18   87  192 5233559.02 1165416.83  77.7%  33.1 2513s
 54361 26412 3841172.27  131  154 5233559.02 1165416.83  77.7%  33.2 2523s
 54531 26558 3841470.85  166  136 5233559.02 1165416.83  77.7%  33.3 2533s
H54593 26556                    5233388.3887 1165416.83  77.7%  33.2 2533s
 54711 26703 3851666.63  213  164 5233388.39 1165416.83  77.7%  33.3 2538s
 54880 26856 infeasible  238      5233388.39 1171631.61  77.6%  33.2 2547s
H54978 26856                    5233385.4994 1171631.61  77.6%  33.3 2547s
H55075 27011                    5233341.4359 1171692.33  77.6%  33.3 2555s
 55270 27159 3327635.47   52  289 5233341.44 1172376.88  77.6%  33.4 2563s
H55430 27349                    5233122.2828 1172376.88  77.6%  33.3 2571s
H55520 27349                    5233100.3991 1173586.39  77.6%  33.4 2571s
 55645 27518 3112975.13   52  299 5233100.40 1173646.92  77.6%  33.4 2579s
H55730 27517                    5233039.7574 1173646.92  77.6%  33.3 2579s
 55814 27662 4503570.60   80  249 5233039.76 1174005.34  77.6%  33.3 2589s
 55989 27839 2874920.70   47  311 5233039.76 1174332.21  77.6%  33.4 2597s
H56166 27983                    5232982.0420 1174332.21  77.6%  33.4 2603s
 56342 28098 1857464.43   26  345 5232982.04 1174563.66  77.6%  33.4 2608s
 56469 28228 2700626.38   47  297 5232982.04 1174596.88  77.6%  33.4 2614s
 56620 28383 4563940.12   64  246 5232982.04 1175055.63  77.5%  33.4 2620s
 56797 28518 5077566.98   94  217 5232982.04 1175282.30  77.5%  33.4 2628s
H56909 28518                    5232963.2763 1175282.30  77.5%  33.4 2628s
H56969 28651                    5231203.6899 1175282.30  77.5%  33.4 2637s
 57166 28802 1730576.20   28  323 5231203.69 1180784.53  77.4%  33.4 2645s
 57321 28965 3362789.61   66  252 5231203.69 1183471.10  77.4%  33.4 2655s
H57439 28943                    5230838.4016 1183471.10  77.4%  33.4 2655s
 57506 29084 3410121.39   66  273 5230838.40 1183471.10  77.4%  33.4 2665s
H57607 29084                    5230834.0918 1183471.10  77.4%  33.5 2665s
 57671 29255 4792074.02   75  246 5230834.09 1185131.98  77.3%  33.5 2674s
H57789 29255                    5230832.3749 1185131.98  77.3%  33.5 2674s
 57860 29419 3192858.99   69  248 5230832.37 1185131.98  77.3%  33.5 2685s
H57950 29419                    5230826.5418 1185131.98  77.3%  33.5 2685s
 58030 29560 4798221.07  136  183 5230826.54 1185131.98  77.3%  33.5 2696s
 58185 29669 infeasible  185      5230826.54 1185131.98  77.3%  33.4 2703s
 58328 29824 5151975.69  228  149 5230826.54 1186092.03  77.3%  33.4 2712s
 58523 30005 4424678.24   68  248 5230826.54 1186092.03  77.3%  33.4 2722s
H58640 30004                    5230813.9476 1186092.03  77.3%  33.4 2722s
 58726 30188 2418124.46   44  309 5230813.95 1187159.08  77.3%  33.4 2731s
H58842 30135                    5230070.5445 1188452.11  77.3%  33.4 2731s
H58926 30266                    5229337.5731 1188452.11  77.3%  33.3 2743s
 59118 30429 1263061.42   22  348 5229337.57 1188539.07  77.3%  33.3 2752s
H59202 30424                    5229218.1595 1188539.07  77.3%  33.3 2752s
 59281 30627 3135707.80   64  253 5229218.16 1188539.07  77.3%  33.3 2760s
 59492 30748 infeasible  121      5229218.16 1188539.07  77.3%  33.2 2770s
H59493 30746                    5228620.7294 1188539.07  77.3%  33.2 2770s
 59731 30908 5034197.50  192  178 5228620.73 1188539.07  77.3%  33.3 2781s
 59971 31060 infeasible  263      5228620.73 1188539.07  77.3%  33.2 2792s
H59972 31060                    5228513.4084 1188539.07  77.3%  33.2 2792s
 60215 31194 5036929.67  337  169 5228513.41 1188539.07  77.3%  33.1 2801s
 60409 31319 5037662.21  387  166 5228513.41 1188539.07  77.3%  33.1 2812s
 60662 31429 5039850.58  466  166 5228513.41 1188539.07  77.3%  33.0 2822s
H60839 31429                    5228488.0649 1188539.07  77.3%  33.0 2822s
 60932 31548 5042114.10  554  179 5228488.06 1188539.07  77.3%  33.0 2833s
 61227 31661 infeasible  653      5228488.06 1188539.07  77.3%  32.9 2844s
H61385 31660                    5228325.3820 1188539.07  77.3%  32.9 2844s
 61478 31735 infeasible  732      5228325.38 1188539.07  77.3%  32.9 2853s
H61513 31735                    5228308.7806 1188539.07  77.3%  32.9 2853s
 61667 31845 5042972.63  791  168 5228308.78 1188539.07  77.3%  32.9 2861s
 61917 31975 5046656.04  864  187 5228308.78 1188539.07  77.3%  32.8 2872s
 62205 32078 infeasible  958      5228308.78 1188539.07  77.3%  32.8 2882s
H62206 32078                    5228296.2489 1188539.07  77.3%  32.8 2882s
 62466 32218 infeasible 1043      5228296.25 1188539.07  77.3%  32.8 2893s
 62718 32390 infeasible 1124      5228296.25 1188600.04  77.3%  32.7 2903s
 62918 32566 3013652.37   70  258 5228296.25 1188600.04  77.3%  32.7 2912s
 63134 32756 4929842.62  103  202 5228296.25 1188600.04  77.3%  32.7 2921s
H63226 32756                    5228286.3485 1188600.04  77.3%  32.7 2921s
 63328 32933 5121163.57  180  201 5228286.35 1188600.04  77.3%  32.7 2931s
 63539 33113 3194533.71   59  255 5228286.35 1188600.04  77.3%  32.7 2941s
 63731 33289 infeasible   93      5228286.35 1188602.93  77.3%  32.7 2950s
 63937 33444 2363758.76   41  296 5228286.35 1189154.08  77.3%  32.8 2960s
H64034 33444                    5228262.5776 1189154.08  77.3%  32.8 2960s
 64122 33636 2028609.18   40  315 5228262.58 1189172.56  77.3%  32.8 2970s
 64358 33801 2970065.79   58  276 5228262.58 1191797.27  77.2%  32.8 2980s
 64552 33965 3410493.80   56  277 5228262.58 1192315.50  77.2%  33.0 2988s
 64785 34101 3163800.13   76  256 5228262.58 1192660.48  77.2%  33.0 2997s
 64964 34232 1267501.95   21  352 5228262.58 1192735.00  77.2%  33.1 3006s
 65117 34365 1354119.47   23  351 5228262.58 1192735.00  77.2%  33.1 3015s
H65195 34365                    5228229.8595 1192735.00  77.2%  33.2 3015s
 65272 34489 4691012.66   92  204 5228229.86 1192735.00  77.2%  33.2 3023s
H65472 34655                    5228091.2808 1192770.80  77.2%  33.3 3029s
H65567 34655                    5227621.3727 1192770.80  77.2%  33.4 3029s
 65654 34766 4139776.49   95  216 5227621.37 1192770.80  77.2%  33.3 3038s
 65838 34888 5189194.43  128  197 5227621.37 1192770.80  77.2%  33.5 3049s
H65931 34882                    5226968.8184 1192770.80  77.2%  33.5 3049s
H66020 35009                    5226842.0885 1192770.80  77.2%  33.5 3056s
 66197 35122 3423648.60   62  271 5226842.09 1193622.63  77.2%  33.5 3063s
H66245 35122                    5226841.2655 1193644.54  77.2%  33.5 3063s
 66352 35247 1351518.86   24  357 5226841.27 1193644.54  77.2%  33.6 3072s
 66511 35371 4022839.32   78  234 5226841.27 1193644.54  77.2%  33.6 3081s
 66709 35512 2359442.61   33  306 5226841.27 1193644.54  77.2%  33.6 3091s
 66870 35720 2242662.18   32  318 5226841.27 1193644.54  77.2%  33.6 3099s
 67091 35895 infeasible   85      5226841.27 1193644.54  77.2%  33.6 3109s
 67289 36050 1360982.53   24  350 5226841.27 1193644.54  77.2%  33.5 3119s
 67470 36258 5175309.17   98  204 5226841.27 1195024.10  77.1%  33.5 3126s
 67683 36426 3419548.61   52  285 5226841.27 1195024.10  77.1%  33.6 3136s
 67893 36563 4689141.00   80  250 5226841.27 1195534.89  77.1%  33.6 3146s
 68138 36734 1319176.84   21  349 5226841.27 1196054.68  77.1%  33.8 3155s
 68353 36938 1839094.78   28  337 5226841.27 1196054.68  77.1%  33.9 3164s
 68599 37115 4571338.70   81  188 5226841.27 1196073.00  77.1%  34.1 3175s
H68736 37115                    5226817.1251 1196073.00  77.1%  34.1 3175s
 68852 37295 1393253.76   22  349 5226817.13 1196963.36  77.1%  34.1 3184s
H69052 37435                    5226684.7734 1198463.42  77.1%  34.1 3194s
 69260 37582 4875215.41   72  203 5226684.77 1200871.62  77.0%  34.2 3201s
H69360 37582                    5226680.2760 1200871.62  77.0%  34.2 3201s
H69438 37792                    5226677.0273 1200871.62  77.0%  34.2 3211s
 69668 37944 4028472.53   76  245 5226677.03 1201986.32  77.0%  34.2 3219s
 69866 38129 2275222.34   42  302 5226677.03 1201986.32  77.0%  34.4 3228s
 70068 38269 5108901.93  113  191 5226677.03 1201986.32  77.0%  34.5 3237s
 70287 38412 infeasible  168      5226677.03 1202679.81  77.0%  34.6 3244s
H70288 38408                    5226476.0419 1202679.81  77.0%  34.6 3244s
 70532 38580 2225495.17   36  320 5226476.04 1205488.38  76.9%  34.7 3250s
 70770 38719 infeasible   90      5226476.04 1206627.46  76.9%  34.9 3258s
H70773 38719                    5226460.8449 1206627.46  76.9%  34.9 3258s
H70959 38885                    5226143.3172 1207034.78  76.9%  35.0 3268s
 71150 39064 3346696.67   61  256 5226143.32 1207034.78  76.9%  35.1 3277s
 71357 39196 1847406.36   35  315 5226143.32 1207034.78  76.9%  35.1 3288s
H71419 39196                    5226140.2991 1207034.78  76.9%  35.2 3288s
 71489 39319 2816840.20   71  242 5226140.30 1207034.78  76.9%  35.2 3293s
H71549 39318                    5226121.3587 1207034.78  76.9%  35.3 3293s
 71636 39479 3427769.03   98  212 5226121.36 1207034.78  76.9%  35.4 3304s
 71797 39614 4869083.71  112  207 5226121.36 1207034.78  76.9%  35.4 3312s
H71841 39517                    5219569.3069 1207034.78  76.9%  35.5 3312s
 71942 39633 5160541.15  124  196 5219569.31 1208332.92  76.8%  35.5 3320s
 72146 39772 3682889.56   75  246 5219569.31 1208343.79  76.8%  35.6 3330s
H72254 39772                    5219566.4382 1208617.30  76.8%  35.6 3330s
H72377 39935                    5219391.6081 1208617.30  76.8%  35.7 3339s
H72477 39921                    5219106.9732 1208617.30  76.8%  35.7 3339s
H72562 40029                    5219092.6546 1208617.30  76.8%  35.8 3348s
 72711 40188 4835858.69   77  193 5219092.65 1208646.13  76.8%  35.8 3357s
 72911 40341 1587709.37   25  344 5219092.65 1209398.48  76.8%  35.8 3365s
 73102 40515 3091048.21   68  269 5219092.65 1209398.48  76.8%  35.8 3375s
 73326 40712 infeasible  102      5219092.65 1209398.48  76.8%  35.9 3384s
H73330 40712                    5219089.7859 1209398.48  76.8%  35.9 3384s
 73535 40831 5052624.59  153  176 5219089.79 1210798.01  76.8%  35.9 3391s
 73736 41010 3793027.65   66  269 5219089.79 1212158.42  76.8%  36.0 3401s
H73846 41007                    5218188.9665 1212158.42  76.8%  36.0 3401s
 73945 41132     cutoff   93      5218188.97 1212181.61  76.8%  36.0 3410s
H74166 41304                    5218186.5683 1212181.61  76.8%  36.1 3419s
H74380 41464                    5215913.2919 1212455.43  76.8%  36.0 3428s
 74599 41669 4456498.83   92  249 5215913.29 1213959.15  76.7%  36.0 3436s
H74827 41877                    5215909.0582 1213959.15  76.7%  35.9 3446s
 75054 42026 4198056.49   87  214 5215909.06 1214557.70  76.7%  36.0 3454s
 75271 42198 3985269.65   76  251 5215909.06 1214557.70  76.7%  36.0 3463s
 75480 42370 2405699.40   39  332 5215909.06 1214557.70  76.7%  36.1 3472s
H75578 42307                    5214076.2747 1214557.70  76.7%  36.2 3472s
 75675 42472 infeasible   88      5214076.27 1214557.89  76.7%  36.3 3481s
H75678 42472                    5214054.3985 1214557.89  76.7%  36.3 3481s
H75772 42468                    5213961.3686 1214572.35  76.7%  36.4 3481s
H75873 42593                    5212362.2934 1215510.35  76.7%  36.5 3489s
 76101 42788 2955063.63   62  289 5212362.29 1218442.16  76.6%  36.5 3496s
H76220 42772                    5211945.4752 1218442.16  76.6%  36.5 3496s
H76334 42755                    5210197.8249 1218992.62  76.6%  36.5 3506s
H76429 42671                    5209190.1103 1218992.62  76.6%  36.6 3506s
 76542 42798 3988527.22  101  203 5209190.11 1218992.62  76.6%  36.6 3514s
H76727 42969                    5209185.1119 1218992.62  76.6%  36.7 3521s
 76933 43105 4306692.78   57  265 5209185.11 1220805.38  76.6%  36.7 3530s
H76976 42873                    5202905.5307 1220805.38  76.5%  36.7 3530s
 77071 43041 infeasible   75      5202905.53 1220880.72  76.5%  36.7 3540s
H77159 43039                    5202897.9227 1220880.72  76.5%  36.7 3540s
H77266 43155                    5202897.4720 1220880.72  76.5%  36.8 3547s
H77355 43155                    5202891.9216 1220890.12  76.5%  36.8 3547s
 77422 43327 1349143.00   20  352 5202891.92 1220890.12  76.5%  36.8 3555s
H77642 43490                    5201527.1066 1221034.71  76.5%  36.9 3563s
H77882 43679                    5201527.0525 1222008.32  76.5%  36.9 3571s
 78116 43869 5110802.28   79  196 5201527.05 1222340.02  76.5%  37.0 3580s
H78347 43992                    5200656.3445 1222933.03  76.5%  37.0 3589s
H78448 43794                    5198346.1730 1223067.66  76.5%  37.0 3589s
 78555 44004 3503052.12   52  293 5198346.17 1223218.60  76.5%  37.0 3597s
 78775 44084 3180508.54   47  295 5198346.17 1223265.33  76.5%  37.0 3600s

Cutting planes:
  Implied bound: 26
  MIR: 130
  Flow cover: 148
  RLT: 76

Explored 78887 nodes (2922521 simplex iterations) in 3600.07 seconds (1510.54 work units)
Thread count was 2 (of 24 available processors)

Solution count 10: 5.19835e+06 5.20066e+06 5.20153e+06 ... 5.20919e+06

Time limit reached
Best objective 5.198346173014e+06, best bound 1.223896251373e+06, gap 76.4560%
