
Gurobi 11.0.3 (linux64, Java) logging started ter 05 nov 2024 06:05:15 -03

Set parameter Username
Academic license - for non-commercial use only - expires 2025-10-10
Warning: Gurobi version mismatch between Java 11.0.1 and C library 11.0.3
Warning: Gurobi version mismatch between Java 11.0.1 and Jni 11.0.3
Set parameter NonConvex to value 2
Set parameter TimeLimit to value 3600
Set parameter LogToConsole to value 0
Set parameter MIPGap to value 4.7300647268466746e-08
Set parameter Threads to value 2
Set parameter NodefileDir to value "/home/ps12398/goal_programming/goalProgrammingMarcos/"
Set parameter NodefileStart to value 1
Gurobi Optimizer version 11.0.3 build v11.0.3rc0 (linux64)

CPU model: Intel(R) Xeon(R) CPU           X5650  @ 2.67GHz, instruction set [SSE2]
Thread count: 12 physical cores, 24 logical processors, using up to 2 threads

Optimize a model with 61275 rows, 41336 columns and 205069 nonzeros
Model fingerprint: 0xbdba5cea
Model has 148 quadratic constraints
Variable types: 20598 continuous, 20738 integer (143 binary)
Coefficient statistics:
  Matrix range     [7e-03, 6e+06]
  QMatrix range    [7e-03, 1e+05]
  QLMatrix range   [1e+00, 1e+05]
  Objective range  [1e+00, 4e+07]
  Bounds range     [1e+00, 1e+08]
  RHS range        [1e+00, 2e+06]
  QRHS range       [1e-02, 1e-02]
Presolve removed 60525 rows and 40414 columns
Presolve time: 0.14s
Presolved: 1811 rows, 1245 columns, 54298 nonzeros
Presolved model has 2 SOS constraint(s)
Presolved model has 143 bilinear constraint(s)

Solving non-convex MIQCP

Variable types: 524 continuous, 721 integer (145 binary)
Found heuristic solution: objective 1.686622e+07

Root relaxation: objective 0.000000e+00, 316 iterations, 0.02 seconds (0.01 work units)

    Nodes    |    Current Node    |     Objective Bounds      |     Work
 Expl Unexpl |  Obj  Depth IntInf | Incumbent    BestBd   Gap | It/Node Time

     0     0    0.00000    0  239 1.6866e+07    0.00000   100%     -    0s
     0     0 916402.335    0  367 1.6866e+07 916402.335  94.6%     -    0s
H    0     0                    8145438.6985 953260.541  88.3%     -    0s
     0     0 953260.541    0  368 8145438.70 953260.541  88.3%     -    0s
     0     0 1126208.53    0  384 8145438.70 1126208.53  86.2%     -    1s
     0     0 1169379.45    0  388 8145438.70 1169379.45  85.6%     -    1s
     0     0 1329981.35    0  391 8145438.70 1329981.35  83.7%     -    1s
     0     0 1337644.83    0  386 8145438.70 1337644.83  83.6%     -    1s
     0     0 1394016.05    0  389 8145438.70 1394016.05  82.9%     -    1s
H    0     0                    8071922.3692 1403411.02  82.6%     -    2s
     0     0 1403411.02    0  383 8071922.37 1403411.02  82.6%     -    2s
     0     0 1403411.02    0  393 8071922.37 1403411.02  82.6%     -    2s
     0     0 1404905.87    0  393 8071922.37 1404905.87  82.6%     -    2s
     0     2 1404905.87    0  393 8071922.37 1404905.87  82.6%     -    2s
H   26    31                    7674357.1621 1425829.90  81.4%  63.1    2s
H   57    60                    7653147.1429 1425829.90  81.4%  60.5    2s
H  116   127                    7437752.0130 1425829.90  80.8%  42.2    3s
H  178   181                    7437709.2940 1425829.90  80.8%  36.4    3s
H  183   189                    7345528.9212 1425829.90  80.6%  35.6    4s
H  362   367                    7342970.1981 1425829.90  80.6%  42.3    5s
H  910   957                    7342958.9314 1425829.90  80.6%  19.5    5s
H  958   994                    7071497.1965 1425829.90  79.8%  18.6    6s
H 1555  1559                    6908672.6030 1425829.90  79.4%  12.6    6s
H 1559  1559                    6904063.9820 1425829.90  79.3%  12.5    6s
H 2642  2642                    6866836.6630 1425829.90  79.2%   8.1    8s
H 3231  3151                    6823656.3077 1438899.39  78.9%   7.5    9s
  3300  3301 2000848.65   19  332 6823656.31 1438899.39  78.9%   7.6   10s
  3648  3556 5399845.54 1299  284 6823656.31 1701060.65  75.1%   7.5   15s
  3687  3583 5407717.36 1376  280 6823656.31 1730058.78  74.6%   8.3   20s
  3725  3614 2022366.84   35  382 6823656.31 1801469.91  73.6%  10.3   25s
  3813  3676 2719367.90   56  307 6823656.31 1801469.91  73.6%  12.0   30s
H 3828  3505                    6790728.9109 1801469.91  73.5%  12.2   31s
H 3859  3356                    6716770.2191 1801469.91  73.2%  12.4   33s
H 3888  3214                    6635295.0081 1801469.91  72.9%  12.7   35s
H 3957  3098                    6570711.2937 1801469.91  72.6%  13.1   39s
  3958  3114 3704626.56   89  235 6570711.29 1801469.91  72.6%  13.1   40s
H 3989  2986                    6570705.8770 1801469.91  72.6%  13.5   41s
H 4030  2870                    6569307.3166 1801469.91  72.6%  13.7   43s
  4060  2903 4666714.93  114  185 6569307.32 1801469.91  72.6%  13.8   45s
H 4156  2839                    6561272.1935 1801469.91  72.5%  13.8   48s
H 4211  2750                    6561269.5660 1801469.91  72.5%  13.7   50s
  4326  2836 4713882.38  175  169 6561269.57 1801469.91  72.5%  13.6   55s
  4432  2909 4715954.40  198  160 6561269.57 1801469.91  72.5%  13.5   60s
H 4469  2816                    6512874.0008 1801469.91  72.3%  13.6   62s
  4549  2874 4727941.88  224  151 6512874.00 1801469.91  72.3%  13.6   65s
H 4557  2758                    6512871.3734 1801469.91  72.3%  13.6   65s
  4679  2848 5017725.06  253  162 6512871.37 1801469.91  72.3%  13.9   71s
H 4740  2765                    6505915.2747 1801469.91  72.3%  14.3   72s
  4770  2803 5023130.43  273  157 6505915.27 1801469.91  72.3%  14.4   75s
H 4911  2732                    6505912.6473 1801469.91  72.3%  14.6   79s
  4946  2743 4787479.67  310  141 6505912.65 1801469.91  72.3%  14.9   81s
H 5008  2668                    6504009.4999 1801469.91  72.3%  15.4   84s
H 5036  2545                    6486651.8909 1801469.91  72.2%  15.4   84s
  5051  2585 5365746.90  335  163 6486651.89 1801469.91  72.2%  15.7   86s
H 5092  2479                    6483343.7765 1801469.91  72.2%  15.9   86s
  5148  2564 4932149.11  365  138 6483343.78 1801469.91  72.2%  16.0   90s
H 5179  2471                    6483169.5716 1801469.91  72.2%  16.1   90s
H 5205  2441                    6450534.5841 1801469.91  72.1%  16.2   92s
  5258  2486 5527212.07  395  164 6450534.58 1801469.91  72.1%  16.3   95s
H 5294  2399                    6450370.9079 1801469.91  72.1%  16.3   95s
H 5320  2376                    6432892.7804 1801469.91  72.0%  16.4   99s
  5381  2425 5547691.26  429  166 6432892.78 1801469.91  72.0%  16.5  102s
  5450  2496 5557876.32  445  167 6432892.78 1801469.91  72.0%  16.4  105s
  5628  2604 5596337.39  485  157 6432892.78 1801469.91  72.0%  16.4  113s
H 5667  2503                    6410911.5393 1801469.91  71.9%  16.4  113s
  5712  2567 5649052.45  504  165 6410911.54 1801469.91  71.9%  16.3  117s
H 5751  2489                    6405976.7177 1801469.91  71.9%  16.3  117s
  5791  2563 5700689.07  524  168 6405976.72 1801469.91  71.9%  16.3  121s
  5878  2623 5753523.15  545  165 6405976.72 1801469.91  71.9%  16.3  126s
H 5922  2523                    6397924.7178 1801469.91  71.8%  16.2  126s
  5967  2603 5766027.51  567  164 6397924.72 1801469.91  71.8%  16.1  131s
  6062  2673 5780352.78  591  165 6397924.72 1801469.91  71.8%  16.0  136s
  6163  2745 5741682.80  617  143 6397924.72 1801469.91  71.8%  16.0  141s
  6269  2819 5742404.47  643  139 6397924.72 1801469.91  71.8%  15.9  146s
H 6378  2821                    6384482.8072 1801469.91  71.8%  15.9  152s
H 6493  2845                    6384482.8065 1801469.91  71.8%  15.9  158s
H 6610  2883                    6384472.4068 1801469.91  71.8%  15.8  165s
  6739  2986 5742409.96  757  139 6384472.41 1801469.91  71.8%  15.9  171s
  6859  3120 5742455.17  787  139 6384472.41 1801469.91  71.8%  16.0  177s
  6993  3254 5872017.11  820  163 6384472.41 1801469.91  71.8%  16.1  184s
H 7127  3396                    6384471.9736 1801469.91  71.8%  16.3  190s
H 7199  3394                    6379949.5051 1801469.91  71.8%  16.3  190s
  7269  3538 5867197.33  890  163 6379949.51 1801469.91  71.8%  16.4  197s
  7413  3693 5742429.08  927  139 6379949.51 1801469.91  71.8%  16.5  203s
H 7568  3849                    6379585.4074 1801469.91  71.8%  16.6  211s
  7724  4015 5742431.19 1005  139 6379585.41 1801469.91  71.8%  16.8  220s
  7890  4168 5743174.82 1045  138 6379585.41 1801469.91  71.8%  16.8  227s
  8043  4338 5743175.91 1086  138 6379585.41 1801469.91  71.8%  17.2  235s
  8214  4487 5743543.03 1129  138 6379585.41 1801469.91  71.8%  17.3  243s
  8400  4625 5745294.49 1174  137 6379585.41 1801469.91  71.8%  17.6  252s
  8538  4788 5745598.02 1218  140 6379585.41 1801469.91  71.8%  18.2  261s
  8701  4950 5745800.01 1264  140 6379585.41 1801469.91  71.8%  18.6  271s
  8863  5124 5751887.05 1309  137 6379585.41 1801469.91  71.8%  19.2  280s
  9037  5302 5760208.15 1362  135 6379585.41 1801469.91  71.8%  19.0  288s
  9215  5471 5760861.87 1411  138 6379585.41 1801469.91  71.8%  19.0  297s
  9384  5640 5761509.89 1461  136 6379585.41 1801469.91  71.8%  20.0  306s
  9553  5809 5762163.90 1511  138 6379585.41 1801469.91  71.8%  21.1  315s
  9722  5984 5942439.02 1560  163 6379585.41 1801469.91  71.8%  22.1  323s
H 9897  6150                    6363782.8204 1801469.91  71.7%  23.0  331s
H 9996  6150                    6362592.9398 1801469.91  71.7%  23.1  331s
H10065  6302                    6325182.2897 1801469.91  71.5%  23.9  339s
H10234  6475                    6319985.3006 1801469.91  71.5%  24.8  347s
 10407  6647 5765483.27 1763  135 6319985.30 1801469.91  71.5%  25.6  357s
H10512  6647                    6319974.0339 1801469.91  71.5%  25.7  357s
 10579  6818 5949148.25 1815  160 6319974.03 1801469.91  71.5%  26.4  365s
 10750  6990 5946836.81 1868  163 6319974.03 1801469.91  71.5%  27.1  375s
 10922  7161 5946783.15 1921  161 6319974.03 1801469.91  71.5%  27.8  384s
 11093  7332 5948356.96 1974  163 6319974.03 1801469.91  71.5%  28.5  393s
 11264  7508 5952188.92 2026  160 6319974.03 1801469.91  71.5%  29.2  402s
H11440  7657                    6295555.0847 1801469.91  71.4%  29.9  412s
 11617  7837 5770327.58 2134  136 6295555.08 1801469.91  71.4%  30.6  421s
H11797  8014                    6295474.5014 1801469.91  71.4%  31.2  430s
 11974  8195 5955361.61 2242  160 6295474.50 1801469.91  71.4%  31.8  441s
 12155  8379 5772490.48 2298  135 6295474.50 1801469.91  71.4%  32.4  448s
H12339  8562                    6294706.8262 1801469.91  71.4%  33.0  458s
H12522  8744                    6293852.4469 1801469.91  71.4%  33.5  465s
 12704  8924 5955347.72 2463  163 6293852.45 1801469.91  71.4%  34.0  474s
H12884  9107                    6292578.2101 1801469.91  71.4%  34.4  485s
 13067  9289 5790011.64 2571  137 6292578.21 1801469.91  71.4%  34.6  495s
 13249  9463 5791297.87 2624  137 6292578.21 1801469.91  71.4%  35.1  504s
 13431  9645 5801626.61 2677  135 6292578.21 1801469.91  71.4%  35.4  514s
 13613  9826 6059439.22 2729  161 6292578.21 1805728.52  71.3%  36.0  522s
 13828 10043 2598684.72   59  304 6292578.21 1805728.52  71.3%  36.3  532s
H13963  9989                    6274671.3766 1805728.52  71.2%  36.4  532s
 14047 10164 5195109.21  127  179 6274671.38 1814188.51  71.1%  36.9  540s
H14159 10116                    6264226.5251 1814188.51  71.0%  36.9  540s
 14242 10309 2682355.86   52  338 6264226.53 1814188.51  71.0%  37.4  549s
H14337 10307                    6260240.6210 1814188.51  71.0%  37.4  549s
 14435 10508 4106078.52  100  222 6260240.62 1814188.51  71.0%  38.1  557s
 14636 10709 5521486.78  150  186 6260240.62 1814188.51  71.0%  38.6  567s
 14839 10892 5646300.28  201  184 6260240.62 1814188.51  71.0%  39.1  575s
H14938 10892                    6260065.0718 1814188.51  71.0%  38.9  575s
 15022 11031 5756837.00  251  178 6260065.07 1814188.51  71.0%  39.4  584s
 15161 11222 5652225.03  290  154 6260065.07 1814188.51  71.0%  39.6  591s
H15352 11412                    6259629.8327 1814188.51  71.0%  40.0  600s
 15542 11607 6040817.04  392  170 6259629.83 1814188.51  71.0%  40.4  610s
H15647 11568                    6245548.0052 1814188.51  71.0%  40.5  610s
 15737 11767 5696444.26  445  146 6245548.01 1814188.51  71.0%  40.7  618s
H15835 11764                    6225876.4547 1814188.51  70.9%  40.9  618s
 15936 11941 5697255.70  494  146 6225876.45 1814188.51  70.9%  41.4  627s
 16113 12120 5698045.12  542  147 6225876.45 1814188.51  70.9%  42.0  638s
 16292 12301 5698903.61  591  147 6225876.45 1814188.51  70.9%  42.6  646s
 16473 12484 6112525.89  640  170 6225876.45 1814188.51  70.9%  43.3  655s
H16656 12665                    6225871.0379 1814188.51  70.9%  43.8  665s
H16757 12625                    6188550.8676 1814188.51  70.7%  44.0  665s
H16837 12812                    6188550.7165 1814188.51  70.7%  44.4  674s
 17040 12948 5706758.50  793  143 6188550.72 1814188.51  70.7%  44.5  684s
 17284 13047     cutoff  866      6188550.72 1814188.51  70.7%  44.7  695s
H17285 13045                    6184952.2125 1814188.51  70.7%  44.7  695s
 17539 13139     cutoff  947      6184952.21 1814188.51  70.7%  45.0  706s
H17540 13139                    6184918.7505 1814188.51  70.7%  45.0  706s
 17787 13229     cutoff 1025      6184918.75 1814188.51  70.7%  45.4  715s
H17788 13215                    6177713.1951 1814188.51  70.6%  45.4  715s
H18037 13281                    6170847.1214 1814188.51  70.6%  45.5  724s
H18191 13162                    6145282.4848 1814188.51  70.5%  45.9  724s
 18295 13213     cutoff 1179      6145282.48 1814188.51  70.5%  45.9  733s
 18566 13251 5744144.07 1254  149 6145282.48 1814188.51  70.5%  46.1  742s
 18854 13350 5745473.11 1332  146 6145282.48 1814188.51  70.5%  46.3  751s
 19091 13471 5780775.12 1404  143 6145282.48 1814188.51  70.5%  46.7  761s
 19374 13531 5782213.20 1482  146 6145282.48 1814188.51  70.5%  47.1  769s
H19650 12908                    6105920.1206 1814188.51  70.3%  47.4  778s
 19884 12949     cutoff 1635      6105920.12 1814188.51  70.3%  47.5  786s
 20073 12999 5837482.02 1709  147 6105920.12 1814188.51  70.3%  47.6  794s
 20237 13052     cutoff 1768      6105920.12 1814188.51  70.3%  47.6  803s
 20428 13099     cutoff 1842      6105920.12 1814188.51  70.3%  47.7  812s
 20619 13144 5851946.01 1918  136 6105920.12 1814188.51  70.3%  47.7  821s
H20767 13125                    6080686.2748 1814188.51  70.2%  47.8  821s
H20802 13172                    6080675.4413 1814188.51  70.2%  47.8  830s
 20991 13216     cutoff 2068      6080675.44 1814188.51  70.2%  47.8  839s
 21176 13258     cutoff 2143      6080675.44 1814188.51  70.2%  47.9  847s
 21364 13305     cutoff 2218      6080675.44 1814188.51  70.2%  47.9  854s
H21365 13234                    6058942.8852 1814188.51  70.1%  47.9  854s
 21553 13270     cutoff 2295      6058942.89 1814188.51  70.1%  48.0  862s
H21713 13270                    6058931.4724 1814188.51  70.1%  48.1  862s
 21749 13310     cutoff 2375      6058931.47 1814188.51  70.1%  48.0  869s
H21750 13310                    6058116.9391 1814188.51  70.1%  48.0  869s
 21945 13349     cutoff 2454      6058116.94 1814188.51  70.1%  48.1  878s
H21946 13349                    6058102.1682 1814188.51  70.1%  48.1  878s
 22150 13396     cutoff 2537      6058102.17 1814188.51  70.1%  48.2  885s
 22341 13430     cutoff 2614      6058102.17 1814188.51  70.1%  48.2  892s
 22536 13463     cutoff 2694      6058102.17 1814188.51  70.1%  48.3  899s
 22729 13498     cutoff 2774      6058102.17 1814188.51  70.1%  48.4  907s
H22730 13496                    6056549.5132 1814188.51  70.0%  48.4  907s
H22891 13389                    6036760.2980 1814188.51  69.9%  48.5  907s
 22926 13424     cutoff 2855      6036760.30 1814188.51  69.9%  48.5  917s
H23089 13424                    6036749.4644 1814188.51  69.9%  48.6  917s
H23125 13462                    6036744.3868 1814188.51  69.9%  48.5  926s
H23286 13382                    6023023.2145 1814188.51  69.9%  48.6  926s
 23323 13450     cutoff 3017      6023023.21 1814188.51  69.9%  48.6  934s
H23324 13450                    6019082.6320 1814188.51  69.9%  48.6  934s
 23567 13658     cutoff 3099      6019082.63 1907198.70  68.3%  48.7  942s
H23568 13603                    6011691.7721 1907198.70  68.3%  48.7  942s
 23783 13775 3452697.19   74  236 6011691.77 1907198.70  68.3%  48.6  952s
 23995 13988 4264788.41   97  196 6011691.77 1907198.70  68.3%  48.4  963s
 24224 14210 4905320.70  184  171 6011691.77 1907198.70  68.3%  48.3  971s
 24446 14444 5637971.47  266  172 6011691.77 1907198.70  68.3%  48.1  981s
 24686 14677 5723916.87  338  149 6011691.77 1907198.70  68.3%  47.7  988s
 24920 14908 5770908.79  456  143 6011691.77 1907198.70  68.3%  47.3  997s
 25154 15123 5801321.52  556  134 6011691.77 1907198.70  68.3%  46.9 1005s
H25374 15119                    6010638.1543 1907198.70  68.3%  46.5 1005s
H25375 15353                    6010624.3885 1907198.70  68.3%  46.5 1014s
H25629 15586                    6008319.9609 1907198.70  68.3%  46.2 1025s
H25882 15791                    6008319.5210 1907198.70  68.3%  45.7 1036s
 26140 16019 5805242.88  982  134 6008319.52 1907198.70  68.3%  45.4 1047s
 26399 16232 5806280.02 1093  135 6008319.52 1907198.70  68.3%  45.1 1058s
H26659 16467                    6006582.0957 1907198.70  68.2%  44.8 1064s
 26906 16678 5811790.22 1295  132 6006582.10 1907198.70  68.2%  44.4 1074s
H27152 16788                    6006570.8217 1907198.70  68.2%  44.1 1080s
H27396 16982                    6006567.8967 1913885.85  68.1%  44.2 1089s
 27590 17172 4030496.18   97  223 6006567.90 1913885.85  68.1%  44.2 1099s
H27689 17168                    6006462.6475 1913885.85  68.1%  44.2 1100s
H27784 17380                    6005951.4696 1913885.85  68.1%  44.1 1110s
 27999 17635 5287846.80  215  171 6005951.47 1913885.85  68.1%  43.9 1121s
H28133 17635                    6005943.1206 1913885.85  68.1%  43.7 1121s
 28254 17829 5292731.33  348  168 6005943.12 1913885.85  68.1%  43.5 1127s
H28500 18001                    6005937.2707 1913885.85  68.1%  43.4 1133s
 28729 18177 3287461.80   75  263 6005937.27 1913906.01  68.1%  43.3 1142s
H28847 18173                    6003202.5729 1913906.01  68.1%  43.2 1142s
 28983 18382 4324093.29  133  194 6003202.57 1913906.01  68.1%  43.1 1151s
H29240 18607                    6002623.5711 1913906.01  68.1%  42.9 1159s
H29465 18848                    6002623.5704 1913906.01  68.1%  42.7 1168s
H29710 19038                    6002606.6824 1913906.01  68.1%  42.4 1176s
 29926 19227 4718079.72  457  146 6002606.68 1913906.01  68.1%  42.3 1184s
H30120 19438                    6002594.9752 1913906.01  68.1%  42.2 1193s
H30331 19666                    6002592.9166 1913906.01  68.1%  42.1 1203s
H30446 19666                    6002592.4834 1913906.01  68.1%  41.9 1203s
 30560 19888 4738444.59  752  142 6002592.48 1913906.01  68.1%  41.8 1213s
H30676 19888                    6002512.1615 1913906.01  68.1%  41.6 1213s
 30786 20063 4739139.37  868  140 6002512.16 1913906.01  68.1%  41.5 1222s
H31015 20232                    5998997.8877 1913906.01  68.1%  41.4 1230s
H31221 20412                    5998359.4775 1913906.01  68.1%  41.3 1239s
H31429 20596                    5998345.7118 1913906.01  68.1%  41.2 1248s
H31614 20752                    5998274.9626 1913906.01  68.1%  41.1 1258s
H31770 20899                    5998266.9024 1913906.01  68.1%  41.0 1265s
H31920 21041                    5998212.9830 1913906.01  68.1%  40.8 1275s
H32062 21067                    5992846.5995 1913906.01  68.1%  40.7 1283s
 32202 21193 2073987.21   32  381 5992846.60 1920702.17  68.0%  40.8 1291s
 32348 21367 4705994.93   89  188 5992846.60 1923351.09  67.9%  40.9 1301s
 32534 21566 2455047.69   53  332 5992846.60 1925613.51  67.9%  40.9 1311s
H32758 21704                    5992616.6682 1925613.51  67.9%  40.8 1319s
H32962 21860                    5992616.6676 1926504.44  67.9%  40.9 1328s
H33053 21860                    5992616.2277 1927680.39  67.8%  40.9 1328s
H33159 22033                    5992577.3004 1930345.88  67.8%  40.9 1336s
 33346 22155 3980855.01   66  281 5992577.30 1933147.03  67.7%  40.9 1343s
H33443 22155                    5991805.8328 1935752.75  67.7%  41.0 1343s
 33534 22321 3832322.85   66  275 5991805.83 1938202.39  67.7%  41.0 1351s
H33732 22479                    5991794.9920 1938721.21  67.6%  41.0 1359s
H33927 22611                    5991713.9103 1939385.91  67.6%  41.1 1367s
H34094 22714                    5986323.7832 1945079.49  67.5%  41.1 1375s
 34248 22899 3201233.41   70  261 5986323.78 1945079.49  67.5%  41.2 1385s
H34433 23122                    5986312.6854 1945079.49  67.5%  41.1 1394s
 34656 23335 5646349.84  162  176 5986312.69 1945079.49  67.5%  40.9 1403s
H34759 23333                    5985731.2444 1945079.49  67.5%  40.9 1403s
 34869 23530 5664043.43  214  165 5985731.24 1945079.49  67.5%  40.8 1412s
H35066 23716                    5985720.1466 1945079.49  67.5%  40.8 1423s
 35294 23849     cutoff  314      5985720.15 1945079.49  67.5%  40.7 1432s
 35547 23910     cutoff  384      5985720.15 1945079.49  67.5%  40.6 1438s
H35548 23908                    5985136.5560 1945079.49  67.5%  40.6 1438s
H35643 23848                    5983222.9375 1945079.49  67.5%  40.6 1438s
 35670 23961 5748635.31  428  139 5983222.94 1945079.49  67.5%  40.6 1448s
 35917 24029 5775036.33  497  132 5983222.94 1945079.49  67.5%  40.6 1457s
 36183 24068     cutoff  571      5983222.94 1945079.49  67.5%  40.7 1466s
 36434 24146 5789654.82  634  133 5983222.94 1945079.49  67.5%  40.9 1475s
 36702 24217     cutoff  710      5983222.94 1945079.49  67.5%  41.0 1483s
H36703 24217                    5983220.1879 1945079.49  67.5%  40.9 1483s
 36937 24321 5795947.99  785  135 5983220.19 1945079.49  67.5%  41.0 1491s
H37125 24380                    5983181.3342 1945079.49  67.5%  41.0 1499s
 37368 24452 5815998.72  923  131 5983181.33 1945079.49  67.5%  41.1 1505s
 37600 24551     cutoff  995      5983181.33 1945079.49  67.5%  41.2 1512s
 37841 24659     cutoff 1069      5983181.33 1945079.49  67.5%  41.2 1519s
 38079 24780     cutoff 1139      5983181.33 1945079.49  67.5%  41.2 1528s
 38326 24884     cutoff 1208      5983181.33 1945079.49  67.5%  41.2 1536s
 38580 24993     cutoff 1282      5983181.33 1945079.49  67.5%  41.1 1544s
H38719 24883                    5980348.4580 1945079.49  67.5%  41.2 1544s
 38821 24977 5833041.33 1352  134 5980348.46 1945079.49  67.5%  41.1 1550s
 39065 25111 5834277.38 1424  134 5980348.46 1952795.08  67.3%  41.1 1558s
H39161 25111                    5980334.8150 1953130.56  67.3%  41.1 1558s
 39269 25247 5797621.13   98  211 5980334.81 1953859.05  67.3%  41.1 1565s
H39363 25152                    5978664.5689 1953859.05  67.3%  41.2 1565s
 39447 25294 5857509.55  101  224 5978664.57 1956537.94  67.3%  41.2 1573s
 39628 25420     cutoff  109      5978664.57 1957669.50  67.3%  41.2 1580s
 39769 25574 2566885.83   49  335 5978664.57 1958934.12  67.2%  41.3 1587s
 39923 25713 4795665.64   87  237 5978664.57 1960516.95  67.2%  41.4 1594s
 40113 25841 4366921.19   78  261 5978664.57 1966534.44  67.1%  41.5 1601s
 40270 25934 3431382.21   71  276 5978664.57 1967624.41  67.1%  41.5 1608s
 40363 26047 4639409.35  102  205 5978664.57 1967624.41  67.1%  41.5 1616s
 40484 26152 5179955.50  124  187 5978664.57 1967624.41  67.1%  41.4 1624s
 40638 26285     cutoff  158      5978664.57 1969566.13  67.1%  41.4 1634s
H40714 26263                    5978192.6304 1969566.13  67.1%  41.4 1634s
 40794 26415 5427909.86  107  184 5978192.63 1971160.97  67.0%  41.4 1643s
H40964 26534                    5978184.2025 1971160.97  67.0%  41.4 1650s
 41110 26621 2793118.08   61  321 5978184.20 1979681.22  66.9%  41.5 1658s
 41197 26715 4806154.56  114  195 5978184.20 1979681.22  66.9%  41.4 1665s
 41291 26849 5022548.73  138  190 5978184.20 1979681.22  66.9%  41.4 1674s
 41425 26981 5796504.73  182  175 5978184.20 1982703.09  66.8%  41.3 1682s
 41581 27092 2619832.30   46  355 5978184.20 1982703.09  66.8%  41.2 1691s
H41648 27060                    5977556.0429 1982703.09  66.8%  41.2 1691s
 41754 27237 3973265.84   69  271 5977556.04 1983686.02  66.8%  41.2 1698s
 41939 27431 3165356.96   52  309 5977556.04 1984661.50  66.8%  41.2 1707s
H42028 27429                    5977509.8357 1984661.50  66.8%  41.3 1707s
H42143 27636                    5977495.6440 1984661.50  66.8%  41.2 1715s
H42364 27807                    5977495.6434 1985261.93  66.8%  41.1 1724s
 42546 27970 4095436.06   92  236 5977495.64 1985631.95  66.8%  41.0 1732s
H42709 28092                    5976684.0967 1985631.95  66.8%  40.9 1742s
 42884 28297 5718805.48  167  176 5976684.10 1985631.95  66.8%  40.7 1753s
 43103 28463 infeasible  243      5976684.10 1985710.70  66.8%  40.6 1762s
H43105 28397                    5975756.0005 1985710.70  66.8%  40.6 1762s
H43307 28573                    5975588.4596 1985710.70  66.8%  40.5 1769s
 43509 28758 5896953.62  109  216 5975588.46 1988866.71  66.7%  40.4 1779s
H43595 28725                    5975131.7451 1988866.71  66.7%  40.4 1779s
 43715 28871 5410071.16  112  182 5975131.75 1988866.71  66.7%  40.3 1789s
 43920 29027 5946615.49  197  181 5975131.75 1990324.25  66.7%  40.3 1797s
H44019 28820                    5972261.9290 1990324.25  66.7%  40.4 1797s
 44109 28967 2648731.08   50  338 5972261.93 1992165.42  66.6%  40.3 1806s
 44266 29119 4222915.05   89  242 5972261.93 1992165.42  66.6%  40.4 1815s
 44436 29286 5447026.25  129  179 5972261.93 1992165.42  66.6%  40.4 1822s
 44619 29441 5506393.54  172  163 5972261.93 1992165.42  66.6%  40.4 1828s
 44799 29605 5561939.41  214  155 5972261.93 1992165.42  66.6%  40.4 1836s
 44985 29746 5603591.23  260  145 5972261.93 1992165.42  66.6%  40.4 1845s
 45169 29817 5755243.88  311  155 5972261.93 1992165.42  66.6%  40.4 1854s
H45310 29780                    5971751.1876 1992165.42  66.6%  40.3 1854s
 45344 29913     cutoff  381      5971751.19 2002363.97  66.5%  40.3 1862s
H45505 29791                    5968716.3960 2002363.97  66.5%  40.3 1871s
 45679 29929 2620421.90   55  318 5968716.40 2004517.50  66.4%  40.2 1880s
H45778 29927                    5968689.1242 2004517.50  66.4%  40.3 1880s
 45885 30039 3062572.03   58  307 5968689.12 2004517.50  66.4%  40.2 1888s
H46013 30196                    5967993.1829 2004517.50  66.4%  40.2 1897s
H46229 30312                    5967292.9838 2004517.50  66.4%  40.2 1905s
 46386 30462 5395617.16  192  166 5967292.98 2004517.50  66.4%  40.2 1916s
 46542 30618 5406910.71  282  155 5967292.98 2004517.50  66.4%  40.1 1925s
 46733 30800 5408879.33  353  137 5967292.98 2004517.50  66.4%  40.1 1933s
H46927 30974                    5967282.6152 2004517.50  66.4%  40.0 1942s
 47117 31167 5411468.08  551  139 5967282.62 2004517.50  66.4%  39.9 1950s
 47317 31362 5416692.85  630  134 5967282.62 2004517.50  66.4%  39.9 1961s
 47531 31514 5418818.21  730  135 5967282.62 2004517.50  66.4%  39.8 1970s
 47721 31628 5420078.69  819  135 5967282.62 2008153.04  66.3%  39.8 1978s
 47898 31711 3089635.48   71  285 5967282.62 2009313.30  66.3%  39.9 1984s
 47981 31850 4652700.49  107  193 5967282.62 2009313.30  66.3%  39.9 1991s
 48129 32027 5659664.46  149  186 5967282.62 2009313.30  66.3%  39.8 2000s
 48339 32196 5704729.78  191  177 5967282.62 2009313.30  66.3%  39.7 2007s
H48435 32181                    5967057.7916 2009313.30  66.3%  39.7 2007s
 48526 32337     cutoff  233      5967057.79 2009313.30  66.3%  39.7 2016s
H48527 32307                    5966638.4844 2009313.30  66.3%  39.7 2016s
 48706 32440 5896997.64  283  166 5966638.48 2010869.59  66.3%  39.7 2024s
H48801 32372                    5963429.1555 2010869.59  66.3%  39.7 2024s
H48895 32534                    5963429.0816 2010937.75  66.3%  39.7 2031s
 49071 32705 3336078.40   61  311 5963429.08 2012959.42  66.2%  39.8 2041s
 49268 32853 4655183.85   81  234 5963429.08 2013919.38  66.2%  39.8 2049s
 49463 33000 4504517.49   93  235 5963429.08 2014555.04  66.2%  39.8 2057s
 49673 33119 2251354.62   42  347 5963429.08 2015282.23  66.2%  39.9 2064s
 49792 33220 4267983.24   96  235 5963429.08 2015282.23  66.2%  39.9 2071s
 49899 33365 5570327.56  135  189 5963429.08 2015887.40  66.2%  39.8 2081s
 50072 33512 5044744.63   85  253 5963429.08 2016122.75  66.2%  39.8 2088s
H50170 33512                    5963385.5350 2016659.74  66.2%  39.8 2088s
 50263 33680 5367894.47  106  203 5963385.53 2016788.47  66.2%  39.8 2097s
 50463 33864 3536304.68   69  297 5963385.53 2017138.83  66.2%  39.8 2106s
 50663 34046 3293525.19   72  269 5963385.53 2017138.83  66.2%  39.8 2115s
 50847 34239 5543424.80  151  165 5963385.53 2017529.93  66.2%  39.6 2123s
H51065 34393                    5963059.8455 2017529.93  66.2%  39.6 2130s
 51223 34561 4646875.85  104  209 5963059.85 2017529.93  66.2%  39.5 2139s
 51403 34735 5072863.98  149  171 5963059.85 2017529.93  66.2%  39.4 2150s
 51583 34882 5086085.56  206  156 5963059.85 2017529.93  66.2%  39.3 2160s
 51768 35006 5104492.18  257  150 5963059.85 2017529.93  66.2%  39.2 2167s
 51941 35161 5267619.51  304  149 5963059.85 2017529.93  66.2%  39.2 2176s
H52110 35303                    5963054.1753 2017529.93  66.2%  39.2 2185s
 52268 35442 5288936.47  420  137 5963054.18 2017529.93  66.2%  39.1 2194s
H52340 35442                    5963052.2441 2017529.93  66.2%  39.1 2194s
 52433 35567 5289466.90  487  135 5963052.24 2017529.93  66.2%  39.1 2202s
 52558 35662 5289538.77  557  135 5963052.24 2017529.93  66.2%  39.0 2211s
 52671 35757 5557261.65  586  147 5963052.24 2020659.76  66.1%  39.0 2219s
 52792 35881 2991844.83   56  298 5963052.24 2020659.76  66.1%  39.0 2229s
H52968 36010                    5962480.9049 2020659.76  66.1%  39.0 2236s
H53190 36144                    5962465.6483 2023642.46  66.1%  38.9 2243s
 53373 36330 2759263.95   51  318 5962465.65 2025221.40  66.0%  39.0 2251s
 53561 36474 4798902.15   93  217 5962465.65 2025673.48  66.0%  39.0 2259s
 53782 36657 3023549.18   60  307 5962465.65 2025765.20  66.0%  39.1 2267s
 53965 36840 4380657.68   93  230 5962465.65 2025796.93  66.0%  39.1 2275s
H54072 36840                    5962465.2151 2025796.93  66.0%  39.1 2275s
 54174 36994 2210968.21   35  366 5962465.22 2025796.93  66.0%  39.1 2284s
 54388 37199 5636310.75  131  190 5962465.22 2025796.93  66.0%  39.1 2296s
 54605 37361 5845455.82  237  171 5962465.22 2025796.93  66.0%  39.0 2307s
 54827 37532 5857063.89  325  171 5962465.22 2025922.91  66.0%  38.9 2316s
H55039 37716                    5962137.1539 2025922.91  66.0%  38.9 2324s
 55240 37908 2557126.49   44  332 5962137.15 2026415.20  66.0%  38.8 2333s
 55447 38026 3372585.91   62  276 5962137.15 2026451.37  66.0%  38.8 2343s
 55678 38154 3859240.04   80  250 5962137.15 2027084.44  66.0%  38.9 2352s
 55824 38276 4270919.85   77  284 5962137.15 2027719.07  66.0%  38.9 2360s
 55977 38428 2368540.62   45  336 5962137.15 2027719.07  66.0%  38.9 2370s
 56131 38562 4519046.80   97  204 5962137.15 2027719.07  66.0%  38.8 2379s
H56293 38561                    5962128.7266 2027719.07  66.0%  38.8 2379s
 56294 38713 5701428.92  129  165 5962128.73 2028183.13  66.0%  38.8 2390s
 56492 38828 2782020.72   52  317 5962128.73 2029186.01  66.0%  38.8 2399s
H56590 38828                    5962118.8867 2029186.01  66.0%  38.8 2399s
 56644 38995 3001066.19   52  310 5962118.89 2029944.45  66.0%  38.8 2407s
 56848 39198 5836617.17  146  182 5962118.89 2029944.45  66.0%  38.9 2416s
 57075 39395 5838271.64  269  182 5962118.89 2029944.45  66.0%  38.8 2427s
H57299 39547                    5961956.3139 2029944.45  66.0%  38.7 2436s
 57506 39751 5956861.17  100  206 5961956.31 2032119.16  65.9%  38.7 2444s
 57750 39894 2905051.88   55  306 5961956.31 2032119.16  65.9%  38.7 2453s
H57971 40080                    5961943.5491 2032119.16  65.9%  38.7 2461s
 58173 40279 5213706.33  146  176 5961943.55 2032119.16  65.9%  38.8 2469s
H58372 40457                    5961941.0573 2032119.16  65.9%  38.7 2478s
 58574 40657 5275172.23  329  153 5961941.06 2032119.16  65.9%  38.7 2489s
 58806 40858 5286564.47  435  147 5961941.06 2032119.16  65.9%  38.6 2499s
H59017 41058                    5961897.2983 2032119.16  65.9%  38.6 2509s
 59247 41209 5285061.29  631  141 5961897.30 2032119.16  65.9%  38.5 2518s
H59398 41378                    5961895.3670 2032119.16  65.9%  38.4 2527s
H59619 41528                    5960565.2926 2034628.09  65.9%  38.4 2537s
 59817 41678 2263673.82   47  367 5960565.29 2035186.23  65.9%  38.4 2544s
 59981 41823 5242985.55  117  190 5960565.29 2035723.45  65.8%  38.4 2552s
H60184 41984                    5960522.5736 2035896.10  65.8%  38.4 2562s
 60395 42152 3284109.35   64  307 5960522.57 2036625.03  65.8%  38.5 2571s
H60492 42152                    5960479.3457 2036625.03  65.8%  38.5 2571s
 60579 42340 2481969.82   39  354 5960479.35 2036625.03  65.8%  38.5 2579s
 60786 42495 4482669.23   89  234 5960479.35 2036625.03  65.8%  38.6 2588s
 60957 42639 5877829.95  137  189 5960479.35 2036988.23  65.8%  38.5 2598s
H61146 42747                    5960473.3039 2037008.40  65.8%  38.6 2607s
H61270 42832                    5960472.3115 2037204.20  65.8%  38.6 2616s
H61324 42832                    5960432.9820 2037204.20  65.8%  38.6 2616s
H61355 42924                    5960431.9896 2037204.20  65.8%  38.6 2626s
H61364 42924                    5960420.4110 2037204.20  65.8%  38.6 2626s
 61483 43066 5799377.07  194  178 5960420.41 2037320.99  65.8%  38.6 2635s
H61602 43066                    5960418.6643 2037320.99  65.8%  38.6 2635s
 61680 43203     cutoff  122      5960418.66 2038083.84  65.8%  38.5 2646s
H61861 43322                    5959694.2331 2038083.84  65.8%  38.5 2655s
H62026 43456                    5959574.4636 2038328.90  65.8%  38.5 2666s
 62203 43523 5545924.53  123  184 5959574.46 2038328.90  65.8%  38.5 2676s
 62308 43637 5887388.18  189  183 5959574.46 2039946.35  65.8%  38.5 2686s
H62446 43745                    5958917.5117 2039946.35  65.8%  38.5 2695s
 62573 43867 5708185.39  107  195 5958917.51 2040485.96  65.8%  38.5 2704s
H62663 43867                    5958916.9156 2040485.96  65.8%  38.5 2704s
 62716 44033 5862831.75  101  207 5958916.92 2040620.93  65.8%  38.5 2714s
 62894 44168 5535937.28  117  210 5958916.92 2040950.63  65.7%  38.5 2723s
H63067 44377                    5958908.4478 2041370.81  65.7%  38.4 2733s
 63276 44571 5003277.89  109  192 5958908.45 2041370.81  65.7%  38.4 2744s
 63470 44781 5271491.56  189  162 5958908.45 2041370.81  65.7%  38.4 2754s
H63682 45006                    5958905.5228 2041370.81  65.7%  38.3 2766s
 63907 45231 5321557.53  351  139 5958905.52 2041370.81  65.7%  38.2 2779s
 64132 45468 5322597.16  457  136 5958905.52 2041370.81  65.7%  38.0 2792s
 64371 45640 5323349.83  565  134 5958905.52 2041780.91  65.7%  37.9 2804s
 64579 45821 4841366.08  105  191 5958905.52 2041780.91  65.7%  37.9 2815s
 64764 45983 5720140.17  152  180 5958905.52 2042424.87  65.7%  37.8 2825s
 64966 46142 2817371.50   54  333 5958905.52 2042424.87  65.7%  37.8 2837s
 65129 46315 4185848.00   88  251 5958905.52 2042424.87  65.7%  37.8 2848s
 65332 46464 5354725.82  147  176 5958905.52 2042424.87  65.7%  37.7 2857s
 65532 46645 5401462.00  201  155 5958905.52 2042424.87  65.7%  37.8 2868s
 65721 46820 5832926.49  257  162 5958905.52 2042424.87  65.7%  37.7 2880s
 65904 46953 5762772.69  309  144 5958905.52 2042424.87  65.7%  37.7 2891s
 66115 47030 5763116.71  372  134 5958905.52 2042424.87  65.7%  37.7 2902s
 66356 47114     cutoff  446      5958905.52 2042424.87  65.7%  37.8 2912s
H66504 47114                    5958875.3455 2042424.87  65.7%  37.9 2912s
 66586 47175     cutoff  520      5958875.35 2042424.87  65.7%  37.9 2921s
H66795 47272                    5958874.3531 2042424.87  65.7%  37.9 2930s
 67048 47388 infeasible  654      5958874.35 2043321.28  65.7%  38.0 2940s
 67284 47556 4269595.74   72  269 5958874.35 2043630.44  65.7%  38.1 2951s
 67456 47754 5781654.58  148  175 5958874.35 2043630.44  65.7%  38.0 2962s
 67654 47951 5812244.94  238  175 5958874.35 2043630.44  65.7%  37.9 2973s
H67851 48119                    5958871.4416 2043630.44  65.7%  37.8 2983s
H68021 48268                    5958852.5058 2043630.44  65.7%  37.7 2991s
H68218 48396                    5958844.4537 2044096.49  65.7%  37.7 3000s
 68379 48538 5622699.93  140  182 5958844.45 2044302.37  65.7%  37.7 3009s
 68574 48740 2667518.86   47  320 5958844.45 2044302.37  65.7%  37.7 3016s
 68788 48907 5796441.07  145  188 5958844.45 2044353.93  65.7%  37.7 3026s
H68965 49078                    5958839.4701 2044353.93  65.7%  37.6 3035s
 69168 49283 3736774.19   78  267 5958839.47 2044633.47  65.7%  37.6 3049s
 69385 49469 3482903.34   81  252 5958839.47 2044633.47  65.7%  37.5 3060s
 69573 49654 5442315.23  158  174 5958839.47 2044633.47  65.7%  37.5 3071s
 69758 49859 5581109.79  234  163 5958839.47 2044633.47  65.7%  37.4 3081s
 69963 50053 5785267.38  328  168 5958839.47 2044633.47  65.7%  37.3 3092s
 70185 50218     cutoff  422      5958839.47 2044950.69  65.7%  37.2 3101s
 70366 50398 4308719.08   96  233 5958839.47 2044950.69  65.7%  37.2 3113s
H70552 50534                    5958594.7631 2044950.69  65.7%  37.1 3122s
 70725 50708 2962591.14   64  304 5958594.76 2045309.38  65.7%  37.1 3132s
H70797 50707                    5958577.0939 2045309.38  65.7%  37.1 3132s
 70902 50876 5696045.55  136  173 5958577.09 2045309.38  65.7%  37.1 3143s
 71111 51005 5806609.93  238  169 5958577.09 2045309.38  65.7%  37.0 3151s
 71270 51194 5831608.10  305  166 5958577.09 2045309.38  65.7%  37.0 3161s
 71465 51331     cutoff  405      5958577.09 2045755.34  65.7%  36.9 3171s
 71610 51492 5691870.81  108  184 5958577.09 2046348.05  65.7%  36.9 3177s
H71787 51549                    5958351.5827 2046348.05  65.7%  36.9 3184s
 71851 51714 4119007.57   72  268 5958351.58 2046373.27  65.7%  36.9 3192s
 72042 51902 3141623.83   61  297 5958351.58 2046373.27  65.7%  36.9 3204s
H72153 50983                    5943974.1054 2046373.27  65.6%  36.9 3204s
 72230 51140 4824971.36  105  198 5943974.11 2046727.84  65.6%  36.8 3215s
 72429 51274 2605542.37   52  337 5943974.11 2046727.84  65.6%  36.8 3223s
H72563 51402                    5943889.6259 2046727.84  65.6%  36.8 3234s
 72703 51577 5348651.62  141  183 5943889.63 2046727.84  65.6%  36.7 3245s
H72811 51577                    5943889.5868 2046727.84  65.6%  36.7 3245s
H72897 51743                    5943887.8715 2046727.84  65.6%  36.7 3255s
H73000 51743                    5943887.6092 2046870.48  65.6%  36.7 3255s
 73089 51893 2688794.22   52  341 5943887.61 2046870.48  65.6%  36.7 3265s
 73249 52067     cutoff  116      5943887.61 2047115.58  65.6%  36.6 3275s
 73444 52215 3063268.77   53  322 5943887.61 2047335.58  65.6%  36.6 3283s
 73654 52356 2759044.26   54  341 5943887.61 2047335.58  65.6%  36.6 3294s
H73716 52356                    5943881.6658 2047335.58  65.6%  36.6 3294s
 73809 52535 5930872.58  109  207 5943881.67 2047454.94  65.6%  36.6 3305s
H74014 52680                    5943880.6745 2047454.94  65.6%  36.6 3317s
 74164 52857 5210553.23  116  202 5943880.67 2048182.99  65.5%  36.5 3324s
H74266 52814                    5943368.0469 2048182.99  65.5%  36.6 3324s
 74359 53016 4403428.48   93  231 5943368.05 2048182.99  65.5%  36.5 3335s
 74573 53193 5821601.99  207  166 5943368.05 2048182.99  65.5%  36.4 3349s
 74830 53401 5874874.50  330  157 5943368.05 2048182.99  65.5%  36.4 3362s
H75065 53619                    5943352.4663 2048182.99  65.5%  36.3 3374s
 75306 53819 5886730.66  566  149 5943352.47 2048182.99  65.5%  36.3 3382s
 75526 54016 5891244.43  678  145 5943352.47 2048535.79  65.5%  36.2 3393s
H75647 54007                    5943138.4159 2048535.79  65.5%  36.2 3393s
H75761 54204                    5943120.3191 2048535.79  65.5%  36.2 3403s
 75962 54372 4374828.18   72  281 5943120.32 2048743.33  65.5%  36.2 3410s
 76178 54523 3604758.81   80  259 5943120.32 2048800.53  65.5%  36.2 3421s
 76331 54707 5675420.13  129  188 5943120.32 2048800.53  65.5%  36.1 3431s
 76517 54881 5745713.28  199  175 5943120.32 2048965.73  65.5%  36.0 3439s
H76716 55070                    5943119.8859 2048965.73  65.5%  36.0 3448s
 76905 55218 5066610.12  122  198 5943119.89 2049172.83  65.5%  35.9 3457s
H77077 55426                    5943116.6735 2049172.83  65.5%  35.9 3469s
 77311 55617 5787134.67  162  172 5943116.67 2049275.44  65.5%  35.8 3479s
 77520 55771 4645026.29   89  240 5943116.67 2049445.89  65.5%  35.8 3488s
 77685 55962 2547191.36   44  342 5943116.67 2049510.04  65.5%  35.8 3499s
 77890 56137 2452850.39   45  336 5943116.67 2049510.04  65.5%  35.7 3510s
 78101 56333 4518221.41   96  213 5943116.67 2049510.04  65.5%  35.7 3518s
H78323 56502                    5942959.8245 2049510.04  65.5%  35.7 3528s
 78522 56704 3466541.22   74  274 5942959.82 2050155.91  65.5%  35.7 3538s
 78740 56881 4874844.52  111  194 5942959.82 2050155.91  65.5%  35.7 3549s
H78934 57073                    5942948.3541 2050155.91  65.5%  35.7 3559s
H79043 57072                    5942942.5042 2050155.91  65.5%  35.6 3559s
 79169 57259 5519124.66  229  168 5942942.50 2050155.91  65.5%  35.7 3567s
H79278 57221                    5942220.9893 2050155.91  65.5%  35.7 3567s
H79382 57384                    5942219.5154 2050155.91  65.5%  35.7 3576s
 79566 57541     cutoff  114      5942219.52 2052148.01  65.5%  35.7 3586s
H79568 57541                    5942218.5241 2052148.01  65.5%  35.7 3586s
H79758 57705                    5942216.9449 2052317.27  65.5%  35.7 3598s
 79983 57726 2818913.46   53  332 5942216.94 2052873.43  65.5%  35.8 3600s

Cutting planes:
  Gomory: 3
  Implied bound: 28
  MIR: 198
  Flow cover: 201
  RLT: 47

Explored 80004 nodes (2863608 simplex iterations) in 3600.11 seconds (1476.01 work units)
Thread count was 2 (of 24 available processors)

Solution count 10: 5.94222e+06 5.94222e+06 5.94222e+06 ... 5.94388e+06

Time limit reached
Best objective 5.942216944904e+06, best bound 2.052873431266e+06, gap 65.4527%
