
Gurobi 11.0.3 (linux64, Java) logging started dom 24 nov 2024 03:58:09 -03

Set parameter Username
Academic license - for non-commercial use only - expires 2025-10-10
Set parameter NonConvex to value 2
Set parameter TimeLimit to value 3600
Set parameter LogToConsole to value 0
Set parameter MIPGap to value 1.8644701200280312e-08
Set parameter Threads to value 2
Set parameter NodefileDir to value "/home/ps12398/experiment_hosp/goalProgrammingMarcos/"
Set parameter NodefileStart to value 1
Gurobi Optimizer version 11.0.3 build v11.0.3rc0 (linux64)

CPU model: Intel(R) Xeon(R) CPU           X5650  @ 2.67GHz, instruction set [SSE2]
Thread count: 12 physical cores, 24 logical processors, using up to 2 threads

Optimize a model with 474094 rows, 319608 columns and 2916360 nonzeros
Model fingerprint: 0x8992b41e
Model has 404 quadratic constraints
Variable types: 159606 continuous, 160002 integer (399 binary)
Coefficient statistics:
  Matrix range     [3e-03, 8e+06]
  QMatrix range    [3e-03, 2e+05]
  QLMatrix range   [1e+00, 2e+05]
  Objective range  [1e+00, 1e+08]
  Bounds range     [1e+00, 1e+08]
  RHS range        [1e+00, 2e+07]
  QRHS range       [8e-02, 8e-02]
Presolve removed 469765 rows and 314957 columns
Presolve time: 2.32s
Presolved: 7243 rows, 5540 columns, 1247421 nonzeros
Presolved model has 2 SOS constraint(s)
Presolved model has 399 bilinear constraint(s)

Solving non-convex MIQCP

Variable types: 1447 continuous, 4093 integer (401 binary)

Root simplex log...

Iteration    Objective       Primal Inf.    Dual Inf.      Time
       0    0.0000000e+00   9.427968e+03   0.000000e+00      9s
     289    0.0000000e+00   0.000000e+00   0.000000e+00      9s

Root relaxation: objective 0.000000e+00, 289 iterations, 0.31 seconds (0.08 work units)
Total elapsed time = 9.20s (DegenMoves)
Total elapsed time = 10.69s (DegenMoves)

    Nodes    |    Current Node    |     Objective Bounds      |     Work
 Expl Unexpl |  Obj  Depth IntInf | Incumbent    BestBd   Gap | It/Node Time

     0     0    0.00000    0  477          -    0.00000      -     -   12s
H    0     0                    3737291.7044    0.00000   100%     -   12s
     0     0    0.00000    0  503 3737291.70    0.00000   100%     -   13s
     0     0    0.00000    0  503 3737291.70    0.00000   100%     -   15s
     0     0    0.00000    0  501 3737291.70    0.00000   100%     -   18s
     0     0    0.00000    0  521 3737291.70    0.00000   100%     -   19s
     0     0    0.00000    0  500 3737291.70    0.00000   100%     -   30s
     0     0    0.00000    0  534 3737291.70    0.00000   100%     -   32s
     0     0    0.00000    0  685 3737291.70    0.00000   100%     -   48s
     0     0    0.00000    0  666 3737291.70    0.00000   100%     -   51s
     0     0    0.00000    0  721 3737291.70    0.00000   100%     -   71s
     0     0    0.00000    0  680 3737291.70    0.00000   100%     -   83s
     0     2    0.00000    0  679 3737291.70    0.00000   100%     -   97s
     3     6    0.00000    2  662 3737291.70    0.00000   100%   302  100s
     9    12    0.00000    3  618 3737291.70    0.00000   100%   394  105s
    24    42    0.00000   13  593 3737291.70    0.00000   100%   156  110s
    41    85    0.00000   20  591 3737291.70    0.00000   100%   106  118s
    84   181    0.00000   39  582 3737291.70    0.00000   100%  67.1  130s
   180   255    0.00000   77  563 3737291.70    0.00000   100%  46.6  144s
   254   350    0.00000  120  546 3737291.70    0.00000   100%  71.7  162s
   349   453    0.00000  161  512 3737291.70    0.00000   100%   107  181s
   452   667    0.00000  213  475 3737291.70    0.00000   100%   117  208s
   666   683    0.00000  351  406 3737291.70    0.00000   100%  92.0  344s
   682   852    0.00000  357  399 3737291.70    0.00000   100%   104  375s
   851  1078    0.00000  449  401 3737291.70    0.00000   100%  93.9  409s
  1086  1173    0.00000  622  386 3737291.70    0.00000   100%  86.5  438s
  1188  1230    0.00000  678  381 3737291.70    0.00000   100%  84.1  459s
  1248  1554    0.00000  692  383 3737291.70    0.00000   100%  86.4  493s
  1598  1892    0.00000  866  406 3737291.70    0.00000   100%  68.6  525s
  1941  2045    0.00000 1050  377 3737291.70    0.00000   100%  58.7  553s
  2094  2395    0.00000 1051  377 3737291.70    0.00000   100%  54.8  588s
  2446  2779    0.00000 1205  382 3737291.70    0.00000   100%  48.2  620s
  2856  3031    0.00000 1351  374 3737291.70    0.00000   100%  42.3  658s
  3131  3195    0.00000 1436  374 3737291.70    0.00000   100%  39.4  686s
  3295  3337    0.00000 1437  374 3737291.70    0.00000   100%  38.1  718s
  3438  3743    0.00000 1437  375 3737291.70    0.00000   100%  37.3  762s
  3859  3744    0.00000 1019 1674 3737291.70    0.00000   100%  34.3  823s
H 3860  3557                    2943365.0095    0.00000   100%  34.3  825s
  3866  3561 36953.1406 1514  165 2943365.01    0.00000   100%  34.2  831s
  3869  3563    0.00000  956  443 2943365.01    0.00000   100%  34.2  835s
  3873  3565    0.00000  417  123 2943365.01    0.00000   100%  34.1  840s
H 3874  3390                    2896061.1384    0.00000   100%  40.2  843s
  3897  3412    0.00000   22  518 2896061.14    0.00000   100%  40.7  845s
H 3900  3241                    2653885.4301    0.00000   100%  40.7  845s
H 3930  3101                    2649698.8040    0.00000   100%  40.5  847s
H 3935  2947                    2648686.8957    0.00000   100%  40.6  847s
  3962  3005    0.00000   38  514 2648686.90    0.00000   100%  40.9  850s
H 4036  2967                    2544968.4580    0.00000   100%  41.6  853s
  4140  3128    0.00000   67  516 2544968.46    0.00000   100%  42.0  856s
H 4439  2730                       0.0000000    0.00000  0.00%  41.6  859s

Cutting planes:
  Gomory: 12
  Implied bound: 2
  MIR: 192
  StrongCG: 4
  Flow cover: 12
  Zero half: 13
  RLT: 101

Explored 4520 nodes (201600 simplex iterations) in 859.75 seconds (378.74 work units)
Thread count was 2 (of 24 available processors)

Solution count 9: 0 2.54497e+06 2.64869e+06 ... 3.73729e+06

Optimal solution found (tolerance 1.86e-08)
Best objective 0.000000000000e+00, best bound 0.000000000000e+00, gap 0.0000%
