
Gurobi 11.0.3 (linux64, Java) logging started sáb 23 nov 2024 08:24:23 -03

Set parameter Username
Academic license - for non-commercial use only - expires 2025-10-10
Set parameter NonConvex to value 2
Set parameter TimeLimit to value 3600
Set parameter LogToConsole to value 0
Set parameter MIPGap to value 1.8644701200280312e-08
Set parameter Threads to value 2
Set parameter NodefileDir to value "/home/ps12398/experiment_hosp/goalProgrammingMarcos/"
Set parameter NodefileStart to value 1
Gurobi Optimizer version 11.0.3 build v11.0.3rc0 (linux64)

CPU model: Intel(R) Xeon(R) CPU           X5650  @ 2.67GHz, instruction set [SSE2]
Thread count: 12 physical cores, 24 logical processors, using up to 2 threads

Optimize a model with 474094 rows, 319608 columns and 2916360 nonzeros
Model fingerprint: 0xc17045c7
Model has 404 quadratic constraints
Variable types: 159606 continuous, 160002 integer (399 binary)
Coefficient statistics:
  Matrix range     [3e-03, 8e+06]
  QMatrix range    [3e-03, 2e+05]
  QLMatrix range   [1e+00, 2e+05]
  Objective range  [1e+00, 1e+08]
  Bounds range     [1e+00, 1e+08]
  RHS range        [1e+00, 2e+07]
  QRHS range       [8e-02, 8e-02]
Presolve removed 469765 rows and 314957 columns
Presolve time: 3.20s
Presolved: 7243 rows, 5540 columns, 1247421 nonzeros
Presolved model has 2 SOS constraint(s)
Presolved model has 399 bilinear constraint(s)

Solving non-convex MIQCP

Variable types: 1447 continuous, 4093 integer (401 binary)

Root simplex log...

Iteration    Objective       Primal Inf.    Dual Inf.      Time
       0    0.0000000e+00   1.293320e+04   0.000000e+00     11s
     623    0.0000000e+00   0.000000e+00   0.000000e+00     11s

Root relaxation: objective 0.000000e+00, 623 iterations, 0.37 seconds (0.12 work units)
Total elapsed time = 10.96s (DegenMoves)

    Nodes    |    Current Node    |     Objective Bounds      |     Work
 Expl Unexpl |  Obj  Depth IntInf | Incumbent    BestBd   Gap | It/Node Time

     0     0    0.00000    0  576          -    0.00000      -     -   12s
     0     0    0.00000    0  826          -    0.00000      -     -   17s
     0     0    0.00000    0  686          -    0.00000      -     -   20s
     0     0    0.00000    0  629          -    0.00000      -     -   31s
     0     0    0.00000    0  574          -    0.00000      -     -   33s
     0     0    0.00000    0  538          -    0.00000      -     -   42s
     0     0    0.00000    0  538          -    0.00000      -     -   42s
     0     0    0.00000    0  522          -    0.00000      -     -   47s
     0     0    0.00000    0  533          -    0.00000      -     -   48s
     0     0    0.00000    0  532          -    0.00000      -     -   54s
     0     0    0.00000    0  539          -    0.00000      -     -   55s
     0     0    0.00000    0  537          -    0.00000      -     -   59s
     0     0    0.00000    0  534          -    0.00000      -     -   60s
     0     0    0.00000    0  533          -    0.00000      -     -   65s
     0     0    0.00000    0  530          -    0.00000      -     -   77s
     0     2    0.00000    0  530          -    0.00000      -     -   97s
    11    14    0.00000    4  529          -    0.00000      -  42.5  100s
    27    44    0.00000    9  531          -    0.00000      -  26.1  106s
    43    79    0.00000   14  535          -    0.00000      -  23.7  111s
    78   150    0.00000   26  539          -    0.00000      -  20.1  121s
   149   233    0.00000   46  528          -    0.00000      -  50.0  142s
   233   337    0.00000   54  553          -    0.00000      -  74.7  161s
   337   488    0.00000   91  474          -    0.00000      -   102  181s
   490   656    0.00000  163  447          -    0.00000      -  98.8  204s
   659   719    0.00000  221  431          -    0.00000      -   101  400s
   722  1120    0.00000  259  399          -    0.00000      -   102  442s
  1125  1404    0.00000  363  397          -    0.00000      -  72.4  484s
  1455  1600    0.00000  458  399          -    0.00000      -  62.2  526s
H 1459  1600                    1088695.8302    0.00000   100%  62.0  526s
  1767  1687    0.00000  534  396 1088695.83    0.00000   100%  59.9  541s
  1898  1836    0.00000  556  396 1088695.83    0.00000   100%  65.5  565s
  2093  1986 infeasible  579      1088695.83    0.00000   100%  70.0  588s
  2293  2166 infeasible  602      1088695.83    0.00000   100%  74.4  602s
  2525  2389    0.00000  628  396 1088695.83    0.00000   100%  81.1  624s
H 2766  2454                    477413.13749    0.00000   100%  82.4  652s
  2832  2642    0.00000  682  396 477413.137    0.00000   100%  84.9  672s
H 2864  2642                    216795.39821    0.00000   100%  87.7  672s
  3027  2823    0.00000  698  396 216795.398    0.00000   100%  86.9  699s
H 3221   277                       0.0000000    0.00000  0.00%  87.8  727s

Cutting planes:
  Gomory: 43
  Implied bound: 9
  MIR: 134
  StrongCG: 7
  Zero half: 4
  Relax-and-lift: 1

Explored 3431 nodes (316924 simplex iterations) in 727.98 seconds (292.71 work units)
Thread count was 2 (of 24 available processors)

Solution count 4: 0 216795 477413 1.0887e+06 

Optimal solution found (tolerance 1.86e-08)
Best objective 0.000000000000e+00, best bound 0.000000000000e+00, gap 0.0000%
