
Gurobi 11.0.3 (linux64, Java) logging started sáb 23 nov 2024 11:48:52 -03

Set parameter Username
Academic license - for non-commercial use only - expires 2025-10-10
Set parameter NonConvex to value 2
Set parameter TimeLimit to value 3600
Set parameter LogToConsole to value 0
Set parameter MIPGap to value 1.8644701200280312e-08
Set parameter Threads to value 2
Set parameter NodefileDir to value "/home/ps12398/experiment_hosp/goalProgrammingMarcos/"
Set parameter NodefileStart to value 1
Gurobi Optimizer version 11.0.3 build v11.0.3rc0 (linux64)

CPU model: Intel(R) Xeon(R) CPU           X5650  @ 2.67GHz, instruction set [SSE2]
Thread count: 12 physical cores, 24 logical processors, using up to 2 threads

Optimize a model with 474094 rows, 319608 columns and 2916360 nonzeros
Model fingerprint: 0xb1feaf79
Model has 404 quadratic constraints
Variable types: 159606 continuous, 160002 integer (399 binary)
Coefficient statistics:
  Matrix range     [3e-03, 8e+06]
  QMatrix range    [3e-03, 2e+05]
  QLMatrix range   [1e+00, 2e+05]
  Objective range  [1e+00, 1e+08]
  Bounds range     [1e+00, 1e+08]
  RHS range        [1e+00, 2e+07]
  QRHS range       [1e-02, 1e-02]
Presolve removed 469765 rows and 314957 columns
Presolve time: 3.69s
Presolved: 7243 rows, 5540 columns, 1247421 nonzeros
Presolved model has 2 SOS constraint(s)
Presolved model has 399 bilinear constraint(s)

Solving non-convex MIQCP

Variable types: 1447 continuous, 4093 integer (401 binary)

Root simplex log...

Iteration    Objective       Primal Inf.    Dual Inf.      Time
       0    0.0000000e+00   1.223209e+04   0.000000e+00     15s
     657    0.0000000e+00   0.000000e+00   0.000000e+00     16s

Root relaxation: objective 0.000000e+00, 657 iterations, 0.65 seconds (0.26 work units)
Total elapsed time = 15.89s (DegenMoves)
Total elapsed time = 21.37s (DegenMoves)

    Nodes    |    Current Node    |     Objective Bounds      |     Work
 Expl Unexpl |  Obj  Depth IntInf | Incumbent    BestBd   Gap | It/Node Time

     0     0    0.00000    0  547          -    0.00000      -     -   23s
     0     0    0.00000    0  983          -    0.00000      -     -   29s
     0     0    0.00000    0  686          -    0.00000      -     -   33s
     0     0    0.00000    0  680          -    0.00000      -     -   46s
     0     0    0.00000    0  716          -    0.00000      -     -   47s
     0     0    0.00000    0  713          -    0.00000      -     -   52s
     0     0    0.00000    0  715          -    0.00000      -     -   53s
     0     0    0.00000    0  721          -    0.00000      -     -   59s
     0     0    0.00000    0  725          -    0.00000      -     -   60s
     0     0    0.00000    0  728          -    0.00000      -     -   66s
     0     0    0.00000    0  697          -    0.00000      -     -   77s
H    0     0                    2.550321e+07    0.00000   100%     -  100s
     0     2    0.00000    0  687 2.5503e+07    0.00000   100%     -  114s
     3     4 infeasible    2      2.5503e+07    0.00000   100%   192  116s
    17    23    0.00000    7  681 2.5503e+07    0.00000   100%  90.1  120s
    31    53    0.00000   12  669 2.5503e+07    0.00000   100%  63.7  133s
    54    81    0.00000   18  674 2.5503e+07    0.00000   100%   130  149s
H   66    81                    2.463094e+07    0.00000   100%   125  149s
    82   149    0.00000   27  726 2.4631e+07    0.00000   100%   123  172s
   150   301    0.00000   50  734 2.4631e+07    0.00000   100%   117  211s
H  302   442                    2.462994e+07    0.00000   100%  84.4  240s
   444   693    0.00000   79  727 2.4630e+07    0.00000   100%  80.0  450s
   695   998    0.00000   87  746 2.4630e+07    0.00000   100%  60.7  524s
  1004  1207    0.00000   93  713 2.4630e+07    0.00000   100%  52.2  556s
  1213  1216    0.00000   98  719 2.4630e+07    0.00000   100%  51.9  577s
  1222  1280    0.00000  102  706 2.4630e+07    0.00000   100%  54.5  602s
H 1279  1280                    5171670.0170    0.00000   100%  57.3  602s
H 1282  1280                    5171007.7004    0.00000   100%  57.3  602s
  1286  1440    0.00000  109  692 5171007.70    0.00000   100%  57.3  633s
H 1287  1440                    5144760.8170    0.00000   100%  57.3  633s
  1446  1552    0.00000  114  702 5144760.82    0.00000   100%  60.0  667s
H 1557  1552                    5134578.5097    0.00000   100%  59.0  667s
  1558  1850    0.00000  115  710 5134578.51    0.00000   100%  59.0  722s
  1856  2126    0.00000  122  685 5134578.51    0.00000   100%  57.8  772s
H 2132  2359                    4949328.4659    0.00000   100%  56.5  812s
  2365  2698    0.00000  139  706 4949328.47    0.00000   100%  56.4  874s
H 2703  2698                    4829860.2652    0.00000   100%  55.0  874s
  2704  2930    0.00000  151  689 4829860.27    0.00000   100%  55.4  928s
H 2730  2930                    4743626.7625    0.00000   100%  56.9  928s
  2936  3139    0.00000  169  687 4743626.76    0.00000   100%  55.3  972s
H 3145  3264                    4536468.7360    0.00000   100%  55.6 1010s
H 3155  3264                    4385198.3718    0.00000   100%  57.2 1010s
H 3270  3597                    4083611.3185    0.00000   100%  56.2 1066s
  3603  3904    0.00000  188  664 4083611.32    0.00000   100%  55.5 1124s
H 3614  3904                    3857673.1531    0.00000   100%  57.5 1124s
  3911  3905    0.00000   21 1674 3857673.15    0.00000   100%  55.3 1205s
  3914  3907 51372.0096  888  363 3857673.15    0.00000   100%  55.3 1211s
H 3915  3712                    3492278.0622    0.00000   100%  55.3 1215s
  3921  3716 50856.4901  827  287 3492278.06    0.00000   100%  55.2 1220s
  3925  3718    0.00000  641  223 3492278.06    0.00000   100%  55.1 1225s
  3930  3722 104065.820 2265  202 3492278.06    0.00000   100%  55.1 1230s
  3932  3723    0.00000  192  186 3492278.06    0.00000   100%  55.0 1238s
  3962  3745    0.00000   18  583 3492278.06    0.00000   100%  64.9 1240s
H 4003  3587                    3119779.8388    0.00000   100%  64.9 1243s
H 4052  3439                    2837941.5322    0.00000   100%  64.8 1244s
  4054  3507    0.00000   44  597 2837941.53    0.00000   100%  64.9 1248s
H 4078  3331                    2790118.6538    0.00000   100%  65.5 1248s
  4123  3365    0.00000   56  578 2790118.65    0.00000   100%  66.2 1254s
H 4129  3203                    2215673.7920    0.00000   100%  66.5 1254s
  4172  3244    0.00000   68  574 2215673.79    0.00000   100%  67.4 1259s
  4227  3331    0.00000   89  462 2215673.79    0.00000   100%  70.8 1266s
H 4243  3173                    1601976.8326    0.00000   100%  70.8 1266s
  4332  3248    0.00000  124  429 1601976.83    0.00000   100%  71.0 1271s
H 4403  3080                    1268736.3733    0.00000   100%  72.6 1271s
H 4437  3103                    1254178.0011    0.00000   100%  73.4 1278s
H 4550  2934                    967179.78051    0.00000   100%  75.1 1278s
  4608  3347    0.00000  212  442 967179.781    0.00000   100%  76.4 1283s
H 4916  3121                    960883.85017    0.00000   100%  72.3 1284s
H 5041  3223                    910396.18378    0.00000   100%  72.0 1292s
H 5048  3109                    898415.92510    0.00000   100%  71.9 1292s
H 5303  3396                    596224.80304    0.00000   100%  69.2 1299s
H 5783  3594                    449237.61899    0.00000   100%  64.0 1305s
H 6042  1694                       0.0000000    0.00000  0.00%  61.8 1305s

Cutting planes:
  Gomory: 12
  Implied bound: 14
  MIR: 196
  StrongCG: 5
  Flow cover: 12
  Zero half: 4
  RLT: 53
  Relax-and-lift: 1

Explored 6242 nodes (386316 simplex iterations) in 1305.76 seconds (524.95 work units)
Thread count was 2 (of 24 available processors)

Solution count 10: 0 449238 596225 ... 1.60198e+06

Optimal solution found (tolerance 1.86e-08)
Best objective 0.000000000000e+00, best bound 0.000000000000e+00, gap 0.0000%
