
Gurobi 11.0.3 (linux64, Java) logging started sáb 23 nov 2024 04:33:54 -03

Set parameter Username
Academic license - for non-commercial use only - expires 2025-10-10
Set parameter NonConvex to value 2
Set parameter TimeLimit to value 3600
Set parameter LogToConsole to value 0
Set parameter MIPGap to value 1.8644701200280312e-08
Set parameter Threads to value 2
Set parameter NodefileDir to value "/home/ps12398/experiment_hosp/goalProgrammingMarcos/"
Set parameter NodefileStart to value 1
Gurobi Optimizer version 11.0.3 build v11.0.3rc0 (linux64)

CPU model: Intel(R) Xeon(R) CPU           X5650  @ 2.67GHz, instruction set [SSE2]
Thread count: 12 physical cores, 24 logical processors, using up to 2 threads

Optimize a model with 474094 rows, 319608 columns and 2916360 nonzeros
Model fingerprint: 0xd1a0e535
Model has 404 quadratic constraints
Variable types: 159606 continuous, 160002 integer (399 binary)
Coefficient statistics:
  Matrix range     [3e-03, 8e+06]
  QMatrix range    [3e-03, 2e+05]
  QLMatrix range   [1e+00, 2e+05]
  Objective range  [1e+00, 1e+08]
  Bounds range     [1e+00, 1e+08]
  RHS range        [1e+00, 3e+07]
  QRHS range       [8e-02, 8e-02]
Presolve removed 469765 rows and 314957 columns
Presolve time: 3.05s
Presolved: 7243 rows, 5540 columns, 1247421 nonzeros
Presolved model has 2 SOS constraint(s)
Presolved model has 399 bilinear constraint(s)

Solving non-convex MIQCP

Variable types: 1447 continuous, 4093 integer (401 binary)

Root simplex log...

Iteration    Objective       Primal Inf.    Dual Inf.      Time
       0    0.0000000e+00   1.363425e+04   0.000000e+00     11s
     762    0.0000000e+00   0.000000e+00   0.000000e+00     12s

Root relaxation: objective 0.000000e+00, 762 iterations, 0.77 seconds (0.25 work units)
Total elapsed time = 11.72s (DegenMoves)
Total elapsed time = 17.71s (DegenMoves)
Total elapsed time = 20.04s (DegenMoves)

    Nodes    |    Current Node    |     Objective Bounds      |     Work
 Expl Unexpl |  Obj  Depth IntInf | Incumbent    BestBd   Gap | It/Node Time

     0     0    0.00000    0  655          -    0.00000      -     -   20s
     0     0    0.00000    0  758          -    0.00000      -     -   26s
     0     0    0.00000    0  665          -    0.00000      -     -   29s
     0     0    0.00000    0  592          -    0.00000      -     -   42s
     0     0    0.00000    0  562          -    0.00000      -     -   44s
     0     0    0.00000    0  511          -    0.00000      -     -   52s
     0     0    0.00000    0  511          -    0.00000      -     -   53s
     0     0    0.00000    0  504          -    0.00000      -     -   58s
     0     0    0.00000    0  502          -    0.00000      -     -   59s
     0     0    0.00000    0  501          -    0.00000      -     -   63s
     0     0    0.00000    0  501          -    0.00000      -     -   64s
     0     0    0.00000    0  490          -    0.00000      -     -   68s
     0     0    0.00000    0  490          -    0.00000      -     -   69s
     0     0    0.00000    0  487          -    0.00000      -     -   72s
     0     0    0.00000    0  492          -    0.00000      -     -   73s
     0     0    0.00000    0  492          -    0.00000      -     -   77s
     0     0    0.00000    0  490          -    0.00000      -     -   85s
     0     2    0.00000    0  488          -    0.00000      -     -  103s
     7    10    0.00000    3  491          -    0.00000      -   8.3  105s
    27    41    0.00000   14  488          -    0.00000      -   3.6  111s
    40    53    0.00000   21  504          -    0.00000      -  25.6  116s
    52    92    0.00000   25  499          -    0.00000      -  74.1  125s
    91   194    0.00000   47  461          -    0.00000      -  80.9  146s
   195   275    0.00000   98  435          -    0.00000      -  74.2  166s
   277   373    0.00000  117  439          -    0.00000      -   105  187s
   375   565    0.00000  160  419          -    0.00000      -   118  390s
   572  1011    0.00000  233  404          -    0.00000      -  91.7  450s
  1029  1301    0.00000  353  398          -    0.00000      -  66.3  485s
  1332  1580    0.00000  433  420          -    0.00000      -  60.3  520s
  1619  1722    0.00000  516  398          -    0.00000      -  56.3  559s
H 1653  1720                    1086021.9862    0.00000   100%  56.7  559s
  1853  1879    0.00000  569  398 1086021.99    0.00000   100%  56.1  589s
  2037  2076    0.00000  583  398 1086021.99    0.00000   100%  55.6  626s
H 2264  2353                    976289.40472    0.00000   100%  53.4  663s
  2551  2487    0.00000  664  412 976289.405    0.00000   100%  50.7  693s
H 2656  2487                    976275.96325    0.00000   100%  50.1  693s
  2704  2686    0.00000  736  382 976275.963    0.00000   100%  49.7  727s
H 2723  2686                    602831.91125    0.00000   100%  49.5  727s
  2970  2907 infeasible  775      602831.911    0.00000   100%  46.8  764s
H 2971  2907                    602830.70871    0.00000   100%  46.8  765s
H 3325  3123                    602828.53720    0.00000   100%  43.4  804s
  3648  3124    0.00000  691 1674 602828.537    0.00000   100%  41.2  845s
H 3652  2970                    602828.06244    0.00000   100%  41.1  850s
  3659  2974 8840.04094 1219   81 602828.062    0.00000   100%  41.1  855s
  3669  2981    0.00000  493   34 602828.062    0.00000   100%  41.0  861s
H 3696  2854                    1564.6499674    0.00000   100%  45.0  863s
H 3723  2744                       0.0000000    0.00000  0.00%  45.0  863s

Cutting planes:
  Gomory: 17
  Implied bound: 17
  MIR: 226
  StrongCG: 32
  Flow cover: 110
  Zero half: 2
  RLT: 1
  Relax-and-lift: 5

Explored 3740 nodes (181868 simplex iterations) in 864.18 seconds (354.03 work units)
Thread count was 2 (of 24 available processors)

Solution count 9: 0 1564.65 602828 ... 1.08602e+06

Optimal solution found (tolerance 1.86e-08)
Best objective 0.000000000000e+00, best bound 0.000000000000e+00, gap 0.0000%
