
Gurobi 11.0.3 (linux64, Java) logging started sáb 23 nov 2024 13:15:54 -03

Set parameter Username
Academic license - for non-commercial use only - expires 2025-10-10
Set parameter NonConvex to value 2
Set parameter TimeLimit to value 3600
Set parameter LogToConsole to value 0
Set parameter MIPGap to value 1.8644701200280312e-08
Set parameter Threads to value 2
Set parameter NodefileDir to value "/home/ps12398/experiment_hosp/goalProgrammingMarcos/"
Set parameter NodefileStart to value 1
Gurobi Optimizer version 11.0.3 build v11.0.3rc0 (linux64)

CPU model: Intel(R) Xeon(R) CPU           X5650  @ 2.67GHz, instruction set [SSE2]
Thread count: 12 physical cores, 24 logical processors, using up to 2 threads

Optimize a model with 474094 rows, 319608 columns and 2916360 nonzeros
Model fingerprint: 0x6a650863
Model has 404 quadratic constraints
Variable types: 159606 continuous, 160002 integer (399 binary)
Coefficient statistics:
  Matrix range     [3e-03, 8e+06]
  QMatrix range    [3e-03, 2e+05]
  QLMatrix range   [1e+00, 2e+05]
  Objective range  [1e+00, 1e+08]
  Bounds range     [1e+00, 1e+08]
  RHS range        [1e+00, 7e+05]
  QRHS range       [3e-02, 3e-02]
Presolve removed 469765 rows and 314957 columns
Presolve time: 3.43s
Presolved: 7243 rows, 5540 columns, 1247421 nonzeros
Presolved model has 2 SOS constraint(s)
Presolved model has 399 bilinear constraint(s)

Solving non-convex MIQCP

Variable types: 1447 continuous, 4093 integer (401 binary)
Found heuristic solution: objective 4.105128e+07

Root simplex log...

Iteration    Objective       Primal Inf.    Dual Inf.      Time
       0    0.0000000e+00   1.153106e+04   0.000000e+00     13s
     596    0.0000000e+00   0.000000e+00   0.000000e+00     14s

Root relaxation: objective 0.000000e+00, 596 iterations, 0.87 seconds (0.27 work units)
Total elapsed time = 13.75s (DegenMoves)

    Nodes    |    Current Node    |     Objective Bounds      |     Work
 Expl Unexpl |  Obj  Depth IntInf | Incumbent    BestBd   Gap | It/Node Time

     0     0    0.00000    0  685 4.1051e+07    0.00000   100%     -   14s
H    0     0                    4.100687e+07    0.00000   100%     -   14s
     0     0 199626.591    0  965 4.1007e+07 199626.591   100%     -   22s
     0     0 437287.177    0  926 4.1007e+07 437287.177  98.9%     -   36s
H    0     0                    1.724393e+07 439976.409  97.4%     -   37s
     0     0 441721.098    0  945 1.7244e+07 441721.098  97.4%     -   38s
     0     0 496076.449    0  963 1.7244e+07 496076.449  97.1%     -   44s
     0     0 501633.654    0  973 1.7244e+07 501633.654  97.1%     -   47s
     0     0 503181.742    0  990 1.7244e+07 503181.742  97.1%     -   48s
     0     0 505001.245    0  990 1.7244e+07 505001.245  97.1%     -   48s
     0     0 505001.245    0  988 1.7244e+07 505001.245  97.1%     -   62s
     0     2 505001.245    0  988 1.7244e+07 505001.245  97.1%     -   72s
     5     8 523014.173    2  988 1.7244e+07 510326.817  97.0%  17.6   75s
    17    20 541305.889    5  983 1.7244e+07 513434.984  97.0%  21.2   80s
H   27    30                    1.724353e+07 513434.984  97.0%  20.7   87s
H   28    30                    1.724321e+07 513434.984  97.0%  20.6   87s
    34    37 540889.868   11  981 1.7243e+07 513434.984  97.0%  20.5   90s
    45    49 559574.614   14  975 1.7243e+07 513434.984  97.0%  21.2   95s
    56    59 566509.730   17  975 1.7243e+07 513434.984  97.0%  20.3  100s
    68    74 584097.614   20  976 1.7243e+07 513434.984  97.0%  19.2  105s
    82    87 594057.634   24  974 1.7243e+07 513434.984  97.0%  18.4  110s
    93   100 611867.376   27  970 1.7243e+07 513434.984  97.0%  18.8  116s
   104   110 624516.310   30  956 1.7243e+07 513434.984  97.0%  19.5  120s
   109   115 629188.315   32  951 1.7243e+07 513434.984  97.0%  20.3  127s
   117   125 653625.155   34  947 1.7243e+07 513434.984  97.0%  31.4  130s
   138   143 669999.498   39  936 1.7243e+07 513434.984  97.0%  30.5  137s
H  141   143                    1.724208e+07 513434.984  97.0%  30.1  137s
   148   157 691121.809   41  938 1.7242e+07 513434.984  97.0%  30.2  142s
   166   173 726362.341   49  913 1.7242e+07 513434.984  97.0%  29.3  146s
H  171   173                    1.710605e+07 513434.984  97.0%  28.9  146s
   181   195 754256.198   57  900 1.7106e+07 513434.984  97.0%  28.6  151s
   205   219 783686.200   65  878 1.7106e+07 513434.984  97.0%  27.8  156s
   218   229 797108.579   70  870 1.7106e+07 513434.984  97.0%  26.9  160s
H  222   229                    1.662796e+07 513434.984  96.9%  26.6  160s
   244   260 812608.673   77  861 1.6628e+07 513434.984  96.9%  25.8  167s
   259   278 829470.403   82  851 1.6628e+07 513434.984  96.9%  25.1  171s
   291   313 864194.997   91  828 1.6628e+07 513434.984  96.9%  24.0  178s
   312   333 880222.585   98  817 1.6628e+07 513434.984  96.9%  23.2  182s
   332   357 894785.772  104  806 1.6628e+07 513434.984  96.9%  22.6  186s
   356   377 909294.196  110  804 1.6628e+07 513434.984  96.9%  21.9  192s
   376   396 930621.909  115  796 1.6628e+07 513434.984  96.9%  21.5  196s
   395   414 933980.682  119  791 1.6628e+07 513434.984  96.9%  21.8  201s
   426   443 973799.514  127  770 1.6628e+07 513434.984  96.9%  24.2  208s
   442   462 983538.977  130  769 1.6628e+07 513434.984  96.9%  25.7  213s
H  461   478                    1.659386e+07 513434.984  96.9%  27.0  218s
   477   500 1029639.43  141  759 1.6594e+07 513434.984  96.9%  28.0  224s
H  499   515                    1.657940e+07 513434.984  96.9%  28.2  229s
   514   548 1060493.17  152  829 1.6579e+07 513434.984  96.9%  28.3  235s
   547   592 1117876.78  161  752 1.6579e+07 513434.984  96.9%  27.2  243s
   591   635 1192846.41  175  730 1.6579e+07 513434.984  96.9%  25.7  251s
   634   663 1276277.45  193  693 1.6579e+07 513434.984  96.9%  24.4  259s
   662   699 1342908.77  204  672 1.6579e+07 513434.984  96.9%  25.9  269s
   698   764 1354372.15  233  670 1.6579e+07 513434.984  96.9%  26.7  283s
H  741   764                    1.657503e+07 513434.984  96.9%  25.2  283s
   763   861 1355145.88  277  670 1.6575e+07 513434.984  96.9%  24.8  298s
   860   963 1355777.67  312  670 1.6575e+07 513434.984  96.9%  22.2  310s
H  962  1002                    1.656821e+07 513434.984  96.9%  20.0  340s
H 1001  1011                    1.656290e+07 513434.984  96.9%  19.2  348s
H 1003  1011                    1.252608e+07 513434.984  95.9%  19.2  348s
H 1006  1011                    1.200984e+07 513434.984  95.7%  19.1  348s
  1010  1093 1356538.66  343  664 1.2010e+07 513434.984  95.7%  19.1  358s
  1092  1255 1365775.52  397  659 1.2010e+07 513434.984  95.7%  17.7  372s
H 1254  1257                    1.200955e+07 513434.984  95.7%  15.6  403s
H 1256  1316                    1.199456e+07 513434.984  95.7%  15.6  417s
  1315  1463 1366546.97  472  657 1.1995e+07 513434.984  95.7%  14.9  432s
  1462  1608 1367584.79  552  657 1.1995e+07 513434.984  95.7%  13.5  444s
  1607  1739 1369021.20  628  655 1.1995e+07 513434.984  95.7%  12.4  459s
  1738  1854 1369846.11  680  655 1.1995e+07 513434.984  95.7%  11.6  472s
  1853  1990 1370729.09  737  652 1.1995e+07 513434.984  95.7%  10.9  485s
  1989  2071 1371664.36  812  652 1.1995e+07 513434.984  95.7%  10.2  500s
H 2033  2071                    1.168729e+07 513434.984  95.6%  10.0  500s
  2070  2196 1392047.71  851  658 1.1687e+07 513434.984  95.6%   9.9  517s
H 2093  2196                    1.167711e+07 513434.984  95.6%   9.8  517s
H 2164  2196                    1.167605e+07 513434.984  95.6%   9.5  517s
  2195  2341 1389993.24  913  654 1.1676e+07 513434.984  95.6%   9.4  538s
  2340  2455 1391646.53  979  654 1.1676e+07 513434.984  95.6%   8.9  563s
H 2393  2455                    1.141169e+07 513434.984  95.5%   8.7  563s
  2454  2601 1393046.15 1033  654 1.1412e+07 513434.984  95.5%   8.5  582s
  2600  2659 1394257.24 1085  648 1.1412e+07 513434.984  95.5%   8.1  601s
  2658  2855 1394904.31 1126  647 1.1412e+07 513434.984  95.5%   8.0  622s
  2854  3035 1395804.29 1182  647 1.1412e+07 513434.984  95.5%   7.5  688s
H 3034  3127                    1.125364e+07 513434.984  95.4%   7.2  708s
  3126  3280 1397526.47 1288  646 1.1254e+07 513434.984  95.4%   7.0  725s
  3279  3476 1398514.96 1353  645 1.1254e+07 513434.984  95.4%   7.0  745s
  3475  3649 1399222.77 1419  646 1.1254e+07 513434.984  95.4%   6.7  771s
  3649  3650 1366625.74  473 1674 1.1254e+07 513434.984  95.4%   6.7  831s
  3653  3653 1464056.73 1102  637 1.1254e+07 558431.934  95.0%   6.7  835s
H 3653  3470                    1.087656e+07 577918.139  94.7%   6.7  836s
  3667  3479 1466036.15 1243  688 1.0877e+07 618895.135  94.3%   6.6  840s
  3684  3490 1399004.11 1393  700 1.0877e+07 668749.754  93.9%   6.6  845s
  3700  3501 1469744.89 1497  723 1.0877e+07 704164.468  93.5%   6.6  850s
H 3701  3326                    1.086552e+07 705516.732  93.5%   6.6  850s
H 3709  3163                    9980963.5129 720581.120  92.8%   6.6  853s
  3717  3168 1460040.93  863  757 9980963.51 730037.248  92.7%   6.5  855s
  3733  3179 1454540.81  647  757 9980963.51 740989.480  92.6%   6.5  860s
  3755  3194 1366662.09  475  768 9980963.51 745620.093  92.5%   6.5  865s
  3779  3211 1392819.23  198  599 9980963.51 747075.478  92.5%  10.7  870s
H 3781  3052                    9290484.7823 747075.478  92.0%  10.7  872s
  3788  3056 1462685.78 1031  760 9290484.78 752091.314  91.9%  10.7  875s
  3800  3064 1469744.89 1497  747 9290484.78 755299.757  91.9%  10.7  880s
H 3805  2914                    8810432.6587 757048.667  91.4%  10.7  884s
  3809  2916 1467008.98 1315  781 8810432.66 757048.667  91.4%  10.7  885s
  3824  2926 757048.667   47  782 8810432.66 757048.667  91.4%  10.6  890s
  3839  2936 1354364.56  226  792 8810432.66 757048.667  91.4%  10.6  895s
  3842  2941 757771.483   29 1176 8810432.66 757048.667  91.4%  12.9  901s
  3854  2949 764709.511   32 1187 8810432.66 758988.706  91.4%  14.1  905s
H 3868  2811                    8489552.1473 759849.010  91.0%  15.2  910s
  3889  2826 814569.851   41 1122 8489552.15 759849.010  91.0%  16.3  915s
H 3896  2689                    7980568.8818 759849.010  90.5%  16.6  917s
  3914  2704 806237.962   47 1131 7980568.88 759849.010  90.5%  17.2  920s
  3943  2726 827203.246   54 1112 7980568.88 759849.010  90.5%  18.0  925s
H 3952  2594                    7928461.6875 759849.010  90.4%  18.2  927s
  3973  2615 852855.703   61 1080 7928461.69 759849.010  90.4%  18.6  931s
H 3983  2490                    7226838.1245 759849.010  89.5%  18.8  933s
  3995  2502 871417.933   66 1058 7226838.12 759849.010  89.5%  19.0  935s
H 4017  2391                    7153485.6387 759849.010  89.4%  19.3  939s
H 4019  2276                    6876061.8010 759849.010  88.9%  19.4  939s
  4022  2289 891093.250   72 1042 6876061.80 759849.010  88.9%  19.4  941s
H 4051  2194                    6861914.1817 759849.010  88.9%  19.8  945s
H 4056  2089                    6822423.3875 759849.010  88.9%  19.8  945s
  4068  2108 929368.456   85  996 6822423.39 759849.010  88.9%  19.9  950s
H 4082  2012                    6522132.7090 759849.010  88.3%  20.0  953s
  4089  2020 954976.844   90  984 6522132.71 759849.010  88.3%  20.1  955s
  4112  2035 1009964.36   99  975 6522132.71 759849.010  88.3%  20.4  960s
H 4119  1939                    6489707.7411 759849.010  88.3%  20.4  960s
  4136  1960 1023750.32  108  951 6489707.74 759849.010  88.3%  20.6  966s
H 4145  1869                    6283640.6668 759849.010  87.9%  20.6  966s
  4165  1893 1049646.02  119  958 6283640.67 759849.010  87.9%  20.8  972s
H 4171  1807                    6222215.1454 759849.010  87.8%  20.8  972s
H 4188  1732                    5927155.1656 759849.010  87.2%  20.9  974s
  4192  1738 1075447.11  130  942 5927155.17 759849.010  87.2%  20.9  978s
H 4197  1660                    5912059.8227 759849.010  87.1%  20.9  978s
  4201  1667 1097866.66  133  939 5912059.82 759849.010  87.1%  21.0  982s
  4209  1672 1106168.49  135  935 5912059.82 759849.010  87.1%  21.0  985s
H 4225  1611                    5882382.1009 759849.010  87.1%  21.2  993s
  4233  1618 1116466.20  141  932 5882382.10 759849.010  87.1%  21.2  997s
  4243  1624 1128772.43  144  928 5882382.10 759849.010  87.1%  21.3 1002s
H 4252  1560                    5701369.7911 759849.010  86.7%  21.3 1008s
  4260  1566 1140182.04  148  913 5701369.79 759849.010  86.7%  21.3 1012s
  4269  1573 1143623.23  151  895 5701369.79 759849.010  86.7%  21.4 1017s
  4279  1581 1148775.31  154  884 5701369.79 759849.010  86.7%  21.4 1021s
  4290  1587 1154170.29  157  877 5701369.79 759849.010  86.7%  21.5 1026s
  4300  1598 1163899.22  159  884 5701369.79 759849.010  86.7%  21.6 1031s
  4314  1611 1166192.33  164  876 5701369.79 759849.010  86.7%  21.7 1035s
  4356  1652 1204350.72  179  830 5701369.79 759849.010  86.7%  21.8 1045s
  4387  1680 1218705.47  192  805 5701369.79 759849.010  86.7%  21.9 1051s
  4425  1692 1274166.45  207  783 5701369.79 759849.010  86.7%  21.9 1058s
H 4443  1621                    5699336.2829 759849.010  86.7%  22.3 1058s
  4450  1639 1280217.29  216  777 5699336.28 759849.010  86.7%  22.3 1064s
H 4470  1595                    5510453.5123 759849.010  86.2%  23.0 1072s
  4495  1632 1293241.00  232  753 5510453.51 759849.010  86.2%  23.0 1079s
H 4515  1566                    5510452.6138 759849.010  86.2%  23.0 1079s
  4540  1602 1320751.96  251  718 5510452.61 759849.010  86.2%  23.1 1086s
H 4541  1545                    5482036.7619 759849.010  86.1%  23.1 1086s
H 4578  1480                    5470807.6279 759849.010  86.1%  23.1 1086s
  4584  1514 1347482.28  270  705 5470807.63 759849.010  86.1%  23.1 1094s
H 4604  1457                    5438950.8257 759849.010  86.0%  23.0 1094s
  4620  1496 1362908.05  284  698 5438950.83 759849.010  86.0%  23.0 1104s
H 4630  1445                    5396111.9736 759849.010  85.9%  23.0 1104s
H 4664  1433                    5329542.2401 759849.010  85.7%  22.9 1114s
  4709  1463 1399758.23  320  690 5329542.24 759849.010  85.7%  22.8 1122s
H 4728  1413                    5213850.6262 759849.010  85.4%  22.7 1122s
H 4754  1414                    5192235.3058 759849.010  85.4%  22.7 1130s
H 4796  1361                    5171301.7267 759849.010  85.3%  22.5 1130s
  4805  1421 1401525.50  359  674 5171301.73 759849.010  85.3%  22.5 1138s
  4868  1465 1401755.99  385  665 5171301.73 759849.010  85.3%  22.3 1148s
  4933  1511 1403862.08  412  651 5171301.73 759849.010  85.3%  22.1 1156s
  5000  1554 1415521.25  439  647 5171301.73 759849.010  85.3%  22.0 1166s
H 5054  1499                    5102064.0360 759849.010  85.1%  21.9 1166s
  5066  1576 1411615.40  466  633 5102064.04 759849.010  85.1%  21.9 1177s
H 5147  1593                    5101449.4176 759849.010  85.1%  21.8 1185s
H 5213  1538                    5100840.6252 759849.010  85.1%  21.6 1185s
  5226  1617 1415003.99  533  617 5100840.63 759849.010  85.1%  21.6 1197s
H 5307  1558                    5099620.9977 759849.010  85.1%  21.6 1197s
  5309  1629 1424712.06  567  637 5099621.00 759849.010  85.1%  21.6 1208s
H 5333  1591                    5055668.1859 759849.010  85.0%  21.5 1208s
  5381  1704 1415721.95  596  618 5055668.19 759849.010  85.0%  21.5 1220s
H 5510  1808                    5050129.4016 759849.010  85.0%  21.3 1231s
H 5582  1808                    5041774.0800 759849.010  84.9%  21.1 1231s
H 5652  1954                    5038079.8011 759849.010  84.9%  21.3 1244s
H 5798  2086                    5037489.7918 759849.010  84.9%  21.0 1258s
H 5930  2225                    5036801.7649 759849.010  84.9%  20.7 1270s
  6069  2376 1435273.74  785  604 5036801.76 759849.010  84.9%  20.5 1283s
H 6220  2534                    5015214.1098 759849.010  84.8%  20.2 1298s
  6378  2693 1432693.80  867  543 5015214.11 759849.010  84.8%  20.0 1312s
H 6466  2693                    5011660.3116 759849.010  84.8%  20.0 1312s
H 6537  2864                    5011657.3283 759849.010  84.8%  19.9 1325s
  6708  3037 1434834.94  956  540 5011657.33 759849.010  84.8%  19.8 1343s
H 6801  3037                    5006852.4462 759849.010  84.8%  19.8 1343s
H 6881  3191                    5005062.6717 759849.010  84.8%  19.6 1359s
H 7035  3371                    5004207.9913 759849.010  84.8%  19.6 1374s
H 7133  3371                    4999796.4719 759849.010  84.8%  19.6 1374s
H 7215  3561                    4999067.0442 759849.010  84.8%  19.4 1388s
H 7330  3561                    4998886.8246 759849.010  84.8%  19.3 1388s
H 7405  3770                    4996152.3112 759849.010  84.8%  19.2 1407s
H 7614  3995                    4995235.7584 759849.010  84.8%  19.1 1426s
  7839  4194 1454081.13 1275  549 4995235.76 759849.010  84.8%  18.9 1443s
H 7873  4194                    4990077.9829 759849.010  84.8%  18.9 1443s
  8038  4414 1456116.66 1330  555 4990077.98 759849.010  84.8%  18.8 1466s
H 8258  4643                    4989807.3409 759849.010  84.8%  18.6 1487s
H 8387  4643                    4989050.0739 759849.010  84.8%  18.4 1487s
H 8487  4897                    4989047.3463 759849.010  84.8%  18.3 1508s
H 8635  4897                    4987588.0728 759849.010  84.8%  18.2 1508s
H 8741  5132                    4928405.6805 759849.010  84.6%  18.0 1533s
H 8976  5404                    4886835.5540 759849.010  84.5%  17.8 1558s
H 9248  5685                    4884319.7648 759849.010  84.4%  17.7 1583s
  9529  5982 1452154.88 1762  516 4884319.76 759849.010  84.4%  17.6 1604s
H 9704  5982                    4883987.0150 759849.010  84.4%  17.6 1604s
H 9826  6234                    4880817.2882 759849.010  84.4%  17.4 1621s
H 9839  6234                    4878659.6845 759849.010  84.4%  17.4 1621s
 10078  6519 1456611.83 1922  512 4878659.68 759849.010  84.4%  17.3 1645s
H10243  6519                    4878117.8876 759849.010  84.4%  17.3 1645s
H10363  6802                    4876869.0272 759849.010  84.4%  17.2 1667s
H10528  6802                    4874435.6205 759849.010  84.4%  17.1 1667s
 10646  7089 1460809.45 2087  511 4874435.62 759849.010  84.4%  17.0 1684s
H10933  7346                    4874268.6620 759849.010  84.4%  16.8 1705s
H11077  7346                    4874199.1246 759849.010  84.4%  16.9 1705s
 11190  7626 1463723.64 2240  505 4874199.12 759849.010  84.4%  16.9 1727s
H11350  7626                    4872868.9631 759849.010  84.4%  16.9 1727s
 11470  7899 1465461.06 2320  505 4872868.96 759849.010  84.4%  16.9 1748s
H11743  8145                    4872867.0750 759849.010  84.4%  16.9 1769s
H11805  8145                    4872855.8488 759849.010  84.4%  16.8 1769s
 11989  8426 1466849.12 2471  490 4872855.85 759849.010  84.4%  16.6 1789s
 12270  8721 1468048.04 2544  483 4872855.85 759849.010  84.4%  16.4 1808s
H12424  8721                    4863840.4106 759849.010  84.4%  16.4 1808s
H12565  9011                    4863813.3466 759849.010  84.4%  16.2 1825s
 12855  9291 1471599.18 2695  482 4863813.35 759849.010  84.4%  16.0 1844s
H12997  9291                    4863409.0696 759849.010  84.4%  15.9 1844s
H13135  9525                    4863150.3295 759849.010  84.4%  15.8 1865s
 13369  9694 1486345.94 2840  496 4863150.33 759849.010  84.4%  15.7 1886s
 13538  9860 1475724.83 2915  476 4863150.33 759849.010  84.4%  15.6 1903s
H13691  9860                    4861245.4162 759849.010  84.4%  15.6 1903s
 13704 10007 1478091.99 2988  477 4861245.42 759849.010  84.4%  15.6 1922s
H13771 10007                    4861235.1443 759849.010  84.4%  15.5 1922s
 13851 10158 1479364.72 3052  475 4861235.14 759849.010  84.4%  15.5 1940s
H14000 10158                    4860074.5429 759849.010  84.4%  15.5 1940s
 14002 10321 1480683.09 3117  474 4860074.54 759849.010  84.4%  15.5 1957s
H14165 10476                    4858368.4377 759849.010  84.4%  15.3 1978s
 14320 10634 1492462.48 3255  482 4858368.44 759849.010  84.4%  15.3 1995s
H14326 10634                    4858367.5058 759849.010  84.4%  15.3 1995s
 14478 10776 1482345.10 3324  470 4858367.51 759849.010  84.4%  15.3 2010s
H14489 10776                    4856009.4009 759849.010  84.4%  15.3 2010s
H14613 10776                    4845134.5767 759849.010  84.3%  15.2 2010s
 14620 10931 1483654.64 3386  461 4845134.58 759849.010  84.3%  15.2 2027s
H14639 10931                    4837664.2221 759849.010  84.3%  15.2 2027s
H14754 10931                    4829149.5738 759849.010  84.3%  15.3 2027s
 14775 11094 1484453.88 3453  462 4829149.57 759849.010  84.3%  15.3 2047s
 14938 11247 1486428.04 3524  460 4829149.57 759849.010  84.3%  15.3 2066s
H15071 11247                    4828395.3597 759849.010  84.3%  15.4 2066s
 15091 11412 1486926.12 3591  460 4828395.36 759849.010  84.3%  15.4 2083s
 15256 11561 1488134.33 3663  455 4828395.36 759849.010  84.3%  15.4 2100s
 15405 11687 1491006.36 3726  455 4828395.36 759849.010  84.3%  15.5 2120s
H15420 11687                    4828391.9524 759849.010  84.3%  15.5 2120s
 15531 11808 1506304.31 3778  474 4828391.95 759849.010  84.3%  15.5 2141s
 15652 11914 1493045.13 3828  455 4828391.95 759849.010  84.3%  15.6 2163s
 15758 12017 1493303.14 3870  453 4828391.95 759849.010  84.3%  15.5 2186s
 15861 12137 1493355.00 3911  453 4828391.95 759849.010  84.3%  15.4 2210s
H15963 12137                    4828053.3156 759849.010  84.3%  15.3 2210s
 15981 12261 1493706.32 3960  453 4828053.32 759849.010  84.3%  15.3 2230s
H15989 12261                    4826738.8503 759849.010  84.3%  15.3 2230s
 16105 12403 1495130.12 4010  453 4826738.85 759849.010  84.3%  15.4 2251s
H16115 12403                    4823424.7509 759849.010  84.2%  15.4 2251s
 16247 12556 1512249.37 4070  470 4823424.75 759849.010  84.2%  15.4 2274s
H16384 12556                    4794755.2236 759849.010  84.2%  15.5 2274s
 16400 12671 1498204.12 4136  454 4794755.22 759849.010  84.2%  15.5 2295s
H16512 12671                    4745980.7408 759849.010  84.0%  15.6 2295s
 16515 12859 1513845.53 4182  471 4745980.74 759849.010  84.0%  15.6 2317s
H16538 12859                    4745978.0372 759849.010  84.0%  15.6 2317s
H16702 12859                    4744733.7918 759849.010  84.0%  15.7 2317s
 16703 13021 1501353.13 4264  454 4744733.79 759849.010  84.0%  15.7 2335s
H16720 13021                    4743022.4649 759849.010  84.0%  15.7 2335s
H16728 13021                    4739517.4055 759849.010  84.0%  15.7 2335s
H16865 13193                    4733547.8615 759849.010  83.9%  15.7 2360s
 17037 13317 1502962.73 4408  451 4733547.86 759849.010  83.9%  15.7 2382s
 17161 13439 1503063.26 4457  450 4733547.86 759849.010  83.9%  15.6 2399s
H17163 13439                    4731306.9084 759849.010  83.9%  15.6 2399s
H17262 13439                    4729969.8236 759849.010  83.9%  15.5 2399s
 17283 13652 1503137.99 4507  450 4729969.82 759849.010  83.9%  15.5 2421s
 17496 13859 1503263.99 4601  449 4729969.82 759849.010  83.9%  15.3 2438s
H17502 13859                    4717571.2814 759849.010  83.9%  15.3 2438s
H17703 13985                    4703189.2193 759849.010  83.8%  15.1 2461s
 17829 14134 1504876.22 4743  448 4703189.22 759849.010  83.8%  15.1 2480s
H17963 14134                    4702770.3666 759849.010  83.8%  15.2 2480s
 17978 14310 1519245.71 4805  465 4702770.37 759849.010  83.8%  15.2 2497s
H17989 14310                    4702744.0269 759849.010  83.8%  15.2 2497s
 18154 14501 1505544.74 4881  448 4702744.03 759849.010  83.8%  15.3 2518s
H18166 14501                    4702742.0001 759849.010  83.8%  15.3 2518s
 18345 14649 1507947.05 4963  447 4702742.00 759849.010  83.8%  15.3 2538s
H18480 14649                    4702669.9524 759849.010  83.8%  15.4 2538s
 18493 14785 1508458.72 5025  447 4702669.95 759849.010  83.8%  15.4 2562s
H18506 14785                    4702668.0145 759849.010  83.8%  15.4 2562s
 18629 14924 1509755.14 5080  447 4702668.01 759849.010  83.8%  15.4 2582s
H18686 14924                    4696912.7630 759849.010  83.8%  15.4 2582s
 18768 15136 1510015.05 5137  446 4696912.76 759849.010  83.8%  15.4 2603s
H18782 15136                    4696580.3854 759849.010  83.8%  15.3 2603s
 18980 15359 1510128.35 5229  446 4696580.39 759849.010  83.8%  15.2 2626s
H18993 15359                    4696569.6565 759849.010  83.8%  15.2 2626s
 19203 15577 1510180.74 5328  444 4696569.66 759849.010  83.8%  15.1 2649s
H19216 15577                    4696498.2813 759849.010  83.8%  15.1 2649s
H19408 15577                    4695429.3272 759849.010  83.8%  14.9 2649s
 19421 15794 1510270.71 5424  442 4695429.33 759849.010  83.8%  14.9 2669s
 19638 15973 1510332.38 5520  440 4695429.33 759849.010  83.8%  14.8 2691s
H19669 15973                    4695352.2593 759849.010  83.8%  14.8 2691s
 19817 16178 1510411.75 5597  441 4695352.26 759849.010  83.8%  14.7 2716s
H20013 16178                    4695208.5482 759849.010  83.8%  14.6 2716s
 20022 16389 1510503.35 5687  436 4695208.55 759849.010  83.8%  14.6 2739s
H20039 16389                    4694881.6929 759849.010  83.8%  14.5 2739s
 20233 16608 1510599.06 5780  437 4694881.69 759849.010  83.8%  14.4 2761s
H20445 16608                    4694641.5608 759849.010  83.8%  14.3 2761s
 20452 16821 1510697.43 5877  436 4694641.56 759849.010  83.8%  14.3 2784s
H20471 16821                    4691045.6783 759849.010  83.8%  14.3 2784s
 20665 16958 1510780.47 5971  435 4691045.68 759849.010  83.8%  14.2 2807s
H20798 16958                    4685536.2165 759849.010  83.8%  14.1 2807s
 20802 17097 1510832.82 6028  436 4685536.22 759849.010  83.8%  14.1 2829s
H20938 17097                    4685532.0952 759849.010  83.8%  14.0 2829s
 20941 17234 1510864.02 6085  436 4685532.10 759849.010  83.8%  14.0 2855s
 21078 17375 1510876.70 6141  436 4685532.10 759849.010  83.8%  14.0 2879s
H21102 17375                    4685531.8134 759849.010  83.8%  13.9 2879s
 21219 17511 1510910.07 6198  433 4685531.81 759849.010  83.8%  13.9 2901s
H21243 17511                    4685524.5116 759849.010  83.8%  13.9 2901s
 21355 17650 1510971.19 6253  431 4685524.51 759849.010  83.8%  13.8 2923s
H21493 17650                    4683714.7433 759849.010  83.8%  13.8 2923s
 21494 17803 1511034.37 6310  432 4683714.74 759849.010  83.8%  13.8 2947s
H21519 17803                    4682282.8920 759849.010  83.8%  13.8 2947s
 21647 18029 1511119.35 6374  432 4682282.89 759849.010  83.8%  13.7 2971s
H21672 18029                    4669839.9386 759849.010  83.7%  13.7 2971s
 21873 18186 1511254.14 6473  430 4669839.94 759849.010  83.7%  13.6 2995s
H22028 18186                    4669710.6795 759849.010  83.7%  13.5 2995s
 22030 18350 1511331.86 6539  428 4669710.68 759849.010  83.7%  13.5 3021s
H22054 18350                    4669265.0585 759849.010  83.7%  13.5 3021s
 22194 18508 1511381.14 6607  425 4669265.06 759849.010  83.7%  13.5 3046s
H22216 18508                    4669260.6643 759849.010  83.7%  13.5 3046s
H22348 18508                    4666937.7209 759849.010  83.7%  13.4 3046s
 22352 18660 1511607.83 6673  425 4666937.72 759849.010  83.7%  13.4 3072s
H22374 18660                    4665377.6527 759849.010  83.7%  13.4 3072s
 22504 18800 1511807.82 6735  424 4665377.65 759849.010  83.7%  13.3 3098s
H22524 18800                    4664856.0563 759849.010  83.7%  13.3 3098s
 22644 18959 1511867.44 6791  424 4664856.06 759849.010  83.7%  13.3 3119s
H22793 18959                    4664851.6620 759849.010  83.7%  13.3 3119s
 22803 19113 1530134.81 6856  448 4664851.66 759849.010  83.7%  13.3 3139s
H22819 19113                    4664743.1068 759849.010  83.7%  13.3 3139s
 22957 19267 1530258.31 6919  448 4664743.11 759849.010  83.7%  13.3 3162s
H22971 19267                    4664476.1634 759849.010  83.7%  13.3 3162s
H23098 19267                    4657444.2801 759849.010  83.7%  13.4 3162s
 23111 19423 1515402.96 6983  424 4657444.28 759849.010  83.7%  13.4 3183s
H23124 19423                    4657357.7410 759849.010  83.7%  13.4 3183s
H23129 19423                    4585188.2005 759849.010  83.4%  13.4 3183s
 23267 19642 1515624.71 7047  422 4585188.20 759849.010  83.4%  13.4 3210s
H23278 19642                    4582611.7593 759849.010  83.4%  13.4 3210s
 23486 19849 1515682.43 7142  421 4582611.76 759849.010  83.4%  13.3 3236s
H23494 19849                    4582471.0225 759849.010  83.4%  13.3 3236s
H23673 19849                    4581352.4767 759849.010  83.4%  13.2 3236s
 23693 20065 1515751.70 7231  420 4581352.48 759849.010  83.4%  13.2 3261s
H23699 20065                    4580636.7533 759849.010  83.4%  13.2 3261s
H23886 20065                    4576647.0383 759849.010  83.4%  13.1 3261s
 23909 20272 1515793.19 7325  422 4576647.04 759849.010  83.4%  13.1 3279s
H23912 20272                    4563204.0521 759849.010  83.3%  13.1 3279s
 24116 20424 1515847.73 7415  422 4563204.05 759849.010  83.3%  13.0 3299s
H24242 20424                    4560006.0125 759849.010  83.3%  12.9 3299s
 24268 20574 1515883.07 7477  422 4560006.01 759849.010  83.3%  12.9 3326s
 24418 20723 1516353.76 7538  422 4560006.01 759849.010  83.3%  12.9 3349s
 24567 20857 1517719.49 7598  422 4560006.01 759849.010  83.3%  13.0 3377s
H24584 20857                    4556972.1659 759849.010  83.3%  13.0 3377s
H24701 20994                    4551925.5030 759849.010  83.3%  13.0 3402s
 24838 21148 1518800.00 7706  420 4551925.50 759849.010  83.3%  13.0 3424s
 24992 21305 1518867.11 7767  417 4551925.50 759849.010  83.3%  12.9 3449s
H25120 21305                    4551069.8458 759849.010  83.3%  12.8 3449s
 25149 21463 1518927.74 7831  417 4551069.85 759849.010  83.3%  12.8 3471s
 25307 21622 1518941.06 7896  415 4551069.85 759849.010  83.3%  12.8 3494s
 25466 21771 1518954.00 7961  411 4551069.85 759849.010  83.3%  12.7 3522s
H25585 21771                    4548063.7983 759849.010  83.3%  12.7 3522s
 25615 21929 1537787.65 8020  443 4548063.80 759849.010  83.3%  12.7 3550s
 25773 22084 1538752.82 8083  443 4548063.80 759849.010  83.3%  12.8 3576s
 25928 22244 1524136.41 8145  411 4548063.80 759849.010  83.3%  12.9 3600s
H26059 22244                    4548061.6741 759849.010  83.3%  12.9 3600s

Cutting planes:
  Gomory: 1
  Implied bound: 12
  MIR: 524
  StrongCG: 1
  Flow cover: 344
  RLT: 136
  Relax-and-lift: 1

Explored 26088 nodes (341177 simplex iterations) in 3600.27 seconds (1680.65 work units)
Thread count was 2 (of 24 available processors)

Solution count 10: 4.54806e+06 4.55107e+06 4.55193e+06 ... 4.58247e+06

Time limit reached
Best objective 4.548061674072e+06, best bound 7.598490095175e+05, gap 83.2929%
