
Gurobi 11.0.3 (linux64, Java) logging started qua 04 dez 2024 21:48:36 -03

Set parameter Username
Academic license - for non-commercial use only - expires 2025-10-10
Set parameter NonConvex to value 2
Set parameter TimeLimit to value 3600
Set parameter LogToConsole to value 0
Set parameter MIPGap to value 4.7614803339461642e-08
Set parameter Threads to value 2
Set parameter NodefileDir to value "/home/ps12398/experiment_epec/goalProgrammingMarcos/"
Set parameter NodefileStart to value 1
Gurobi Optimizer version 11.0.3 build v11.0.3rc0 (linux64)

CPU model: Intel(R) Xeon(R) CPU           X5650  @ 2.67GHz, instruction set [SSE2]
Thread count: 12 physical cores, 24 logical processors, using up to 2 threads

Optimize a model with 61384 rows, 41336 columns and 205178 nonzeros
Model fingerprint: 0x30e454e1
Model has 148 quadratic constraints
Variable types: 20598 continuous, 20738 integer (143 binary)
Coefficient statistics:
  Matrix range     [7e-03, 6e+06]
  QMatrix range    [7e-03, 1e+05]
  QLMatrix range   [1e+00, 1e+05]
  Objective range  [1e+00, 4e+07]
  Bounds range     [1e+00, 1e+08]
  RHS range        [1e+00, 8e+06]
  QRHS range       [3e-03, 3e-03]
Presolve removed 61040 rows and 40627 columns
Presolve time: 0.12s
Presolved: 910 rows, 885 columns, 20546 nonzeros
Presolved model has 2 SOS constraint(s)
Presolved model has 143 bilinear constraint(s)

Solving non-convex MIQCP

Variable types: 467 continuous, 418 integer (145 binary)
Found heuristic solution: objective 8313060.5341

Root relaxation: objective 5.625543e+06, 155 iterations, 0.01 seconds (0.00 work units)

    Nodes    |    Current Node    |     Objective Bounds      |     Work
 Expl Unexpl |  Obj  Depth IntInf | Incumbent    BestBd   Gap | It/Node Time

     0     0 5625542.87    0  134 8313060.53 5625542.87  32.3%     -    0s
H    0     0                    7896008.1170 5625542.87  28.8%     -    0s
     0     0 5761207.24    0  134 7896008.12 5761207.24  27.0%     -    0s
H    0     0                    7268386.7580 5761207.24  20.7%     -    0s
     0     0 5764145.76    0  134 7268386.76 5764145.76  20.7%     -    0s
H    0     0                    7157598.3365 5764145.76  19.5%     -    0s
     0     0 5769098.66    0  134 7157598.34 5769098.66  19.4%     -    0s
     0     0 5925780.11    0  134 7157598.34 5925780.11  17.2%     -    0s
     0     0 5925780.11    0  134 7157598.34 5925780.11  17.2%     -    0s
     0     0 5925780.11    0  134 7157598.34 5925780.11  17.2%     -    0s
     0     0 5925780.11    0  134 7157598.34 5925780.11  17.2%     -    0s
     0     0 5925780.11    0  134 7157598.34 5925780.11  17.2%     -    0s
H    0     0                    7111759.0114 5926273.46  16.7%     -    0s
H    0     0                    7090881.4831 5926273.46  16.4%     -    0s
     0     2 5926273.46    0  134 7090881.48 5926273.46  16.4%     -    0s
H  386   388                    7089719.5263 5929442.30  16.4%   8.5    1s
H  697   726                    6975906.2890 5929442.30  15.0%  11.2    1s
H  722   726                    6844374.5748 5929442.30  13.4%  11.0    1s
H 1377  1401                    6776624.5484 5929442.30  12.5%  10.0    2s
H 1787  1836                    6641345.6427 5929442.30  10.7%   9.0    2s
H 2195  2229                    6549978.7500 5929442.30  9.47%   7.8    2s
H 2687  2716                    6499129.1476 5929442.30  8.77%   6.8    3s
H 2782  2886                    6496803.4940 5929442.30  8.73%   6.8    3s
H 3084  3152                    6496774.3813 5929442.30  8.73%   6.4    4s
  3626  3625 6130474.27  439   48 6496774.38 6130474.27  5.64%   5.9    5s
  3838  3781 6188150.43   89  125 6496774.38 6183651.76  4.82%   6.1   10s
H 3918  3654                    6496774.2885 6183651.76  4.82%   6.0   11s
H 4044  3564                    6496741.8987 6183651.76  4.82%   5.9   12s
H 4135  3468                    6496741.6141 6183651.76  4.82%   5.8   14s
  4202  3518 6188821.19  180  116 6496741.61 6183651.76  4.82%   5.8   15s
  4713  3914 6190919.31  319  108 6496741.61 6183651.76  4.82%   5.5   20s
  5314  4293 6191867.98  467  101 6496741.61 6183651.76  4.82%   5.4   25s
  5837  4661 6196353.79  597  113 6496741.61 6183651.76  4.82%   5.4   30s
  6159  4890 6196373.25  676  115 6496741.61 6183651.76  4.82%   5.4   35s
H 6856  5204                    6495959.7541 6183651.76  4.81%   5.5   39s
  7150  5514 6196025.61  890  103 6495959.75 6183651.76  4.81%   5.6   40s
  8269  6297 6196094.95 1171   86 6495959.75 6183651.76  4.81%   6.0   45s
H 9029  6408                    6494337.9832 6183651.76  4.78%   6.2   47s
  9806  7177 6197529.91 1558   86 6494337.98 6183651.76  4.78%   6.4   50s
 11042  7990 6198897.94 1870   85 6494337.98 6183651.76  4.78%   6.6   56s
 11757  8458 6202952.43 2049   89 6494337.98 6183651.76  4.78%   6.7   61s
 12463  9047 6208327.20 2226   89 6494337.98 6183651.76  4.78%   6.9   66s
H12580  9047                    6494311.4980 6183651.76  4.78%   6.9   66s
H13040  9503                    6494311.3356 6183651.76  4.78%   7.0   69s
 13157  9743 6220797.43 2390   98 6494311.34 6183651.76  4.78%   7.0   70s
 13875 10415 6223441.93 2388   96 6494311.34 6183651.76  4.78%   6.7   75s
H14069 10479                    6490837.6498 6183651.76  4.73%   6.6   77s
H14264 10751                    6490800.8285 6184133.33  4.72%   6.5   80s
H14539 11024                    6490800.5829 6184133.33  4.72%   6.5   84s
 14678 11236 6201179.33  191  106 6490800.58 6184133.33  4.72%   6.5   86s
 15338 11864 6194476.67  358  102 6490800.58 6184133.33  4.72%   6.3   91s
H15787 12265                    6490665.4241 6184133.33  4.72%   6.3   95s
H15987 12398                    6490665.2768 6184133.33  4.72%   6.3   96s
 16187 12668 6196444.17  580  111 6490665.28 6184133.33  4.72%   6.4  100s
 16664 13220 6196960.33  690   97 6490665.28 6184133.33  4.72%   6.5  105s
 17349 13939 6201758.11  855  110 6490665.28 6184133.33  4.72%   6.6  110s
 18074 14671 6203219.42 1035  103 6490665.28 6184133.33  4.72%   6.6  115s
H18624 15428                    6490240.7780 6184133.33  4.72%   6.6  118s
H19082 15877                    6471342.9657 6184133.33  4.44%   6.7  119s
H19203 15877                    6433895.1635 6184133.33  3.88%   6.7  119s
 19531 17197 6212684.94 1517  100 6433895.16 6184133.33  3.88%   6.8  120s
 26238 23087 6198602.37  547  110 6433895.16 6184144.34  3.88%   6.6  125s
H27763 24524                    6433883.2905 6184144.34  3.88%   6.6  126s
H29580 26335                    6433877.6853 6184144.34  3.88%   6.8  127s
 32943 29643 6251898.70 2237   86 6433877.69 6184144.34  3.88%   6.9  130s
 42016 38661 6225926.22 1900   94 6433877.69 6185648.85  3.86%   6.6  135s
 49810 46333 6275123.55 2392   93 6433877.69 6185698.59  3.86%   6.0  140s
 57593 54224 6229382.80  792   90 6433877.69 6186280.38  3.85%   5.4  145s
 66250 62861 6260711.81 2273   86 6433877.69 6186344.65  3.85%   4.9  150s
 73636 70119 6197963.34  407   94 6433877.69 6186633.74  3.84%   4.7  155s
 79842 75862 6415658.35  261  108 6433877.69 6186656.53  3.84%   4.7  160s
 85357 80824 6394514.85 1414   90 6433877.69 6187114.93  3.84%   5.0  165s
 92064 86934 6386527.06 1305   87 6433877.69 6187383.05  3.83%   5.4  170s
 97691 91705 6364804.70  196  115 6433877.69 6187920.52  3.82%   5.7  175s
 101974 95725 6339507.61   64  125 6433877.69 6188123.17  3.82%   5.8  180s
H106882 99297                    6432614.7993 6188507.89  3.79%   5.9  184s
 107517 99728 6408851.69   70   88 6432614.80 6188542.96  3.79%   5.9  185s
 114809 106839 6386632.42 2061   95 6432614.80 6188561.84  3.79%   6.1  190s
 120716 111023 6383784.28   74   81 6432614.80 6188710.53  3.79%   6.3  195s
 125876 115130 6362243.22  182  108 6432614.80 6188810.40  3.79%   6.4  200s
 131999 119731     cutoff  137      6432614.80 6188945.95  3.79%   6.5  205s
 138615 125347 6418587.64 1071  100 6432614.80 6188995.15  3.79%   6.6  210s
 143087 128341 6412457.19  107   89 6432614.80 6189230.70  3.78%   6.7  215s
 147015 131387     cutoff  128      6432614.80 6189295.64  3.78%   6.8  220s
 150628 134245 6404486.66  256   74 6432614.80 6189337.03  3.78%   6.9  225s
 154451 136995 6400149.79  262  106 6432614.80 6189398.17  3.78%   7.0  230s
 158305 139793 6382651.66  152  106 6432614.80 6189446.49  3.78%   7.0  235s
 161344 142301 6356453.18  117  121 6432614.80 6189474.19  3.78%   7.0  240s
 165051 144941 6424700.25   90   86 6432614.80 6189560.50  3.78%   7.1  245s
 169606 148683 6399763.96  114   73 6432614.80 6189591.89  3.78%   7.1  250s
 174680 152986 6410976.89  711  100 6432614.80 6189634.86  3.78%   7.1  255s
 179215 156869 6415904.28 1973   91 6432614.80 6189634.86  3.78%   7.2  260s
 183349 159782     cutoff  237      6432614.80 6189758.57  3.78%   7.2  265s
 187991 163418 6407721.35  339   99 6432614.80 6189803.53  3.77%   7.2  270s
 192912 167272 6415162.39  305  107 6432614.80 6189835.38  3.77%   7.3  275s
 197813 171182 6355324.31  182  120 6432614.80 6189889.14  3.77%   7.3  280s
 202906 175104 6418964.71  210  108 6432614.80 6189942.68  3.77%   7.4  285s
 207848 178958 6427139.40  137   87 6432614.80 6189986.97  3.77%   7.4  290s
 212658 182872 6388767.42  258  102 6432614.80 6190066.82  3.77%   7.4  295s
 217172 186377 6410211.31  291  102 6432614.80 6190146.71  3.77%   7.5  300s
 221616 189570 6389823.54  230  106 6432614.80 6190185.68  3.77%   7.6  305s
 225914 193317 6417077.98  698   89 6432614.80 6190216.71  3.77%   7.6  310s
 230284 196833 6422432.02  501  104 6432614.80 6190255.26  3.77%   7.7  315s
 235131 200401 6429374.53  248  117 6432614.80 6190353.92  3.77%   7.7  320s
 239279 203450 6394358.16  213   83 6432614.80 6190469.22  3.76%   7.8  325s
 243625 207166 6428239.28   67   88 6432614.80 6190523.82  3.76%   7.8  330s
 248266 211159 6397894.58  217  108 6432614.80 6190552.00  3.76%   7.8  335s
 254278 215993 6376404.89  338  101 6432614.80 6190584.50  3.76%   7.9  340s
 260839 220889 6346291.47  225   90 6432614.80 6190616.60  3.76%   7.9  345s
 267973 227227 6416429.30  397  112 6432614.80 6190640.33  3.76%   8.0  350s
 275470 233106 6409678.91  367   98 6432614.80 6190695.96  3.76%   8.0  355s
 281758 238159     cutoff  256      6432614.80 6190765.01  3.76%   8.0  360s
 288321 243482 6348173.26  130   87 6432614.80 6190816.74  3.76%   8.1  365s
 293191 247292 6392717.77  305  110 6432614.80 6190843.15  3.76%   8.1  370s
 298463 251606 6378774.79  165  115 6432614.80 6190909.88  3.76%   8.1  375s
 302822 255423 6396528.92  342   98 6432614.80 6190933.29  3.76%   8.2  380s
 308132 259620     cutoff  216      6432614.80 6190955.88  3.76%   8.2  385s
 312182 262484 6340443.40  238  119 6432614.80 6190984.90  3.76%   8.3  390s
 318342 267031 6375873.33  357  108 6432614.80 6191023.27  3.76%   8.3  395s
 324165 271559 6414650.78  355  100 6432614.80 6191055.10  3.76%   8.4  400s
 328848 275200 6421833.89  389   77 6432614.80 6191076.66  3.75%   8.4  405s
 332911 278296 6414128.12  499  106 6432614.80 6191103.58  3.75%   8.4  410s
 337573 282087 6341105.81  183  120 6432614.80 6191128.84  3.75%   8.4  415s
 342086 285679 6367396.79  155  108 6432614.80 6191142.56  3.75%   8.4  420s
 345921 288036 6348530.28  148   83 6432614.80 6191169.71  3.75%   8.4  425s
 350217 291742 6402048.84  909   94 6432614.80 6191188.01  3.75%   8.4  430s
 355288 295724 6425295.20  433  106 6432614.80 6191211.51  3.75%   8.4  435s
 360115 299516 6341840.42  257  116 6432614.80 6191243.69  3.75%   8.5  440s
 364234 302828     cutoff  202      6432614.80 6191266.96  3.75%   8.5  445s
 369357 306498     cutoff  127      6432614.80 6191297.62  3.75%   8.5  450s
 373785 309630 6396967.53  242  116 6432614.80 6191320.15  3.75%   8.5  455s
 378231 313121     cutoff  338      6432614.80 6191341.21  3.75%   8.5  460s
 382038 316103 6415649.12  162   85 6432614.80 6191350.09  3.75%   8.6  465s
 385766 319173 6375145.13  366  117 6432614.80 6191364.30  3.75%   8.6  470s
 391627 323479 6359228.13  213  117 6432614.80 6191374.64  3.75%   8.6  475s
 398071 329255 6419170.83  398   83 6432614.80 6191386.76  3.75%   8.6  480s
 402669 333075 6414254.59  684   90 6432614.80 6191395.86  3.75%   8.7  485s
 408664 338652 6419674.90 2613   86 6432614.80 6191395.86  3.75%   8.6  490s
 412514 341175 6416704.63  228  114 6432614.80 6191421.70  3.75%   8.6  495s
 416576 344437 6378064.50  347  108 6432614.80 6191442.73  3.75%   8.7  500s
 420325 347505 6394689.32  418  104 6432614.80 6191463.39  3.75%   8.7  505s
 424593 350325 6416360.06  370  103 6432614.80 6191477.63  3.75%   8.7  510s
 429059 353625 6412273.61  221   77 6432614.80 6191500.17  3.75%   8.7  515s
 432606 356139     cutoff  286      6432614.80 6191513.41  3.75%   8.7  520s
 435726 358227 6406567.75  378   75 6432614.80 6191539.71  3.75%   8.8  525s
 440035 361906 6416317.28 1028   55 6432614.80 6191553.11  3.75%   8.8  530s
 444261 365688 6382011.15  654   56 6432614.80 6191573.08  3.75%   8.8  535s
 449137 369094 6373445.82  117  120 6432614.80 6191592.59  3.75%   8.7  540s
 453103 372028 6415166.88  276  107 6432614.80 6191613.53  3.75%   8.8  545s
 457512 375687 6402479.02  269  110 6432614.80 6191624.34  3.75%   8.8  550s
 461639 379189 6399366.78  417  110 6432614.80 6191632.45  3.75%   8.8  555s
 467237 384263 6401131.81 2165   88 6432614.80 6191632.45  3.75%   8.8  560s
 472040 388026 6373738.87  193  112 6432614.80 6191655.79  3.75%   8.8  565s
 475285 390301 6373723.23  295   80 6432614.80 6191673.79  3.75%   8.8  570s
 479482 393983 6408878.30  385   99 6432614.80 6191688.79  3.75%   8.8  575s
 483289 396918 6341790.65  351  113 6432614.80 6191706.64  3.75%   8.8  580s
 487285 399721 6342878.79   96  124 6432614.80 6191728.73  3.74%   8.8  585s
 492235 403866 6411863.53  428   78 6432614.80 6191751.38  3.74%   8.8  590s
 496610 407286 6396789.59  208  106 6432614.80 6191758.37  3.74%   8.8  595s
 501211 410966 6402340.87  317  106 6432614.80 6191766.91  3.74%   8.8  600s
 504946 413484 6375769.30  420  102 6432614.80 6191783.98  3.74%   8.8  605s
 509074 417500 6401665.41 1380   86 6432614.80 6191787.04  3.74%   8.9  610s
H509157 416970                    6432201.3986 6191787.04  3.74%   8.9  610s
H509497 385195                    6420888.7552 6191787.04  3.57%   8.9  611s
H510554 385922                    6420888.7161 6191788.57  3.57%   8.9  613s
H510554 385770                    6420831.4472 6191788.57  3.57%   8.9  613s
 511900 387023 6385734.56  310  105 6420831.45 6191792.32  3.57%   8.9  615s
 515828 389926     cutoff  130      6420831.45 6191808.33  3.57%   8.9  620s
 520766 394244     cutoff  276      6420831.45 6191820.43  3.57%   8.9  625s
 525639 397876 6362365.20  162   88 6420831.45 6191832.89  3.57%   9.0  630s
 529561 400435 6414197.50  352   84 6420831.45 6191859.68  3.57%   9.0  635s
 533195 403113     cutoff  512      6420831.45 6191888.18  3.57%   9.1  640s
 536542 405150 6392192.94  337  112 6420831.45 6191916.78  3.57%   9.1  645s
 541702 408814     cutoff  206      6420831.45 6191990.36  3.56%   9.1  650s
 546050 413050 6407856.00 1359   89 6420831.45 6191998.57  3.56%   9.1  655s
 549913 415218     cutoff  331      6420831.45 6192026.27  3.56%   9.2  660s
 551866 416360 6407136.29  363   72 6420831.45 6192038.81  3.56%   9.2  665s
 555444 418995 6418917.39  310  122 6420831.45 6192057.45  3.56%   9.2  670s
 558918 421425 6405487.38  474   82 6420831.45 6192077.86  3.56%   9.2  675s
 563314 424965 6342312.06  257  115 6420831.45 6192104.52  3.56%   9.2  680s
 566740 427473 6366269.06  352  110 6420831.45 6192122.69  3.56%   9.3  685s
 570320 429984 6415980.69  406   80 6420831.45 6192140.92  3.56%   9.3  690s
 573403 432020 6377380.69  124  110 6420831.45 6192166.52  3.56%   9.3  695s
 577136 434788 6411566.38  501   64 6420831.45 6192183.88  3.56%   9.4  700s
 580408 436696     cutoff  352      6420831.45 6192197.78  3.56%   9.4  705s
H582149 437905                    6420795.8482 6192205.26  3.56%   9.4  707s
H582663 438142                    6420795.5387 6192212.96  3.56%   9.4  708s
 584019 439223 6352356.22  359   90 6420795.54 6192220.53  3.56%   9.4  710s
 587833 442496 6411646.15  403   72 6420795.54 6192228.83  3.56%   9.4  715s
 591231 445109 6341970.26  358  114 6420795.54 6192248.84  3.56%   9.4  720s
 595157 448001     cutoff  387      6420795.54 6192257.47  3.56%   9.4  725s
 598584 450354     cutoff  246      6420795.54 6192303.90  3.56%   9.5  730s
 602343 452967 infeasible  440      6420795.54 6192335.79  3.56%   9.5  735s
 605910 455689     cutoff  391      6420795.54 6192371.62  3.56%   9.5  740s
 609033 457918 6418597.48  447   68 6420795.54 6192392.16  3.56%   9.6  745s
 613207 461330 6387295.35  570  104 6420795.54 6192408.90  3.56%   9.6  750s
 616869 464117     cutoff  545      6420795.54 6192430.56  3.56%   9.6  755s
 619587 466194 6355975.16  394  117 6420795.54 6192463.16  3.56%   9.6  760s
 623855 469635 6404680.79  637   99 6420795.54 6192476.23  3.56%   9.6  765s
H626452 471417                    6420795.5088 6192479.68  3.56%   9.6  768s
 627804 472592     cutoff  495      6420795.51 6192481.58  3.56%   9.7  770s
 631897 476194 6348994.18  155   89 6420795.51 6192489.96  3.56%   9.6  775s
 635950 479755 6403874.50  639  106 6420795.51 6192496.93  3.56%   9.7  780s
 639449 482137 6351200.19   58   94 6420795.51 6192515.94  3.56%   9.7  785s
 643788 486234     cutoff  488      6420795.51 6192523.00  3.56%   9.7  790s
 647336 489090 6399946.07  664  101 6420795.51 6192540.01  3.55%   9.7  795s
 651043 491758 6367484.77  432   83 6420795.51 6192569.89  3.55%   9.7  800s
 654460 494024     cutoff  178      6420795.51 6192592.30  3.55%   9.7  805s
 657898 496314 6417498.33  477  118 6420795.51 6192611.32  3.55%   9.8  810s
 662330 500159 6356817.30  288   86 6420795.51 6192630.80  3.55%   9.8  815s
 666178 503286 6396303.58  497   76 6420795.51 6192646.51  3.55%   9.8  820s
 669860 505816     cutoff  324      6420795.51 6192672.79  3.55%   9.8  825s
 672455 507787 6392593.91  278  108 6420795.51 6192695.10  3.55%   9.8  830s
 675693 509789     cutoff  228      6420795.51 6192728.30  3.55%   9.9  835s
 679383 512987 6344056.81  114  129 6420795.51 6192749.92  3.55%   9.9  840s
 683128 516139 6412222.90  431  110 6420795.51 6192774.07  3.55%   9.9  845s
 686473 518498 6412636.14  130  121 6420795.51 6192808.58  3.55%   9.9  850s
 691141 522361 6371440.37  125  118 6420795.51 6192825.11  3.55%   9.9  855s
 694818 525337     cutoff  479      6420795.51 6192838.99  3.55%   9.9  860s
 702364 532458 6412242.64 2928  105 6420795.51 6192856.56  3.55%   9.9  865s
 705968 534684     cutoff  734      6420795.51 6192878.76  3.55%   9.9  870s
H706525 534438                    6420603.9094 6192883.46  3.55%  10.0  872s
 708900 536218 6418262.14  231   77 6420603.91 6192895.98  3.55%  10.0  875s
H710867 537849                    6420596.4124 6192906.29  3.55%  10.0  877s
 714660 541666 6406884.68 2181   88 6420596.41 6192906.29  3.55%  10.0  880s
H718006 523291                    6416877.7629 6192915.90  3.49%  10.0  882s
 720436 525313 6408152.84 1407   89 6416877.76 6192915.90  3.49%  10.0  885s
 725633 528444 6409877.69  487  118 6416877.76 6192951.03  3.49%  10.0  890s
 728939 530656 6414150.02  488  119 6416877.76 6192982.99  3.49%  10.0  895s
 732490 533615     cutoff  530      6416877.76 6193002.37  3.49%  10.1  900s
 735948 536012 6374828.98  195   79 6416877.76 6193021.17  3.49%  10.1  905s
 740175 539560 6415190.43  635   85 6416877.76 6193041.96  3.49%  10.1  910s
 743842 542310 6388666.98  630   63 6416877.76 6193054.14  3.49%  10.1  915s
 746729 544014     cutoff  545      6416877.76 6193092.55  3.49%  10.1  920s
 749839 546283 6414664.24  510  117 6416877.76 6193128.50  3.49%  10.2  925s
 753617 549561 6367167.53  201   73 6416877.76 6193159.94  3.49%  10.2  930s
 756539 551561 6402117.52  468   79 6416877.76 6193183.60  3.49%  10.2  935s
 760797 554774     cutoff  478      6416877.76 6193197.77  3.49%  10.2  940s
 764154 557368 6360590.07  465   82 6416877.76 6193213.59  3.49%  10.3  945s
 767787 560159 6386557.18  623   74 6416877.76 6193233.24  3.49%  10.3  950s
 771141 562277 6396614.66  287  112 6416877.76 6193260.17  3.48%  10.3  955s
 774505 565089 6367145.64  370  118 6416877.76 6193281.88  3.48%  10.3  960s
 777749 567495 6375320.28  393  107 6416877.76 6193296.16  3.48%  10.4  965s
 781396 569899 6391275.08  332   86 6416877.76 6193315.47  3.48%  10.4  970s
 783794 571752 6408365.93  535  111 6416877.76 6193338.52  3.48%  10.4  975s
 787340 574592 6370504.13  110  122 6416877.76 6193362.09  3.48%  10.4  980s
 791474 578292 6382023.80  282  114 6416877.76 6193367.69  3.48%  10.5  985s
 795641 581779 6366948.06  344   85 6416877.76 6193373.39  3.48%  10.5  990s
 799743 585401 6403309.41  739  101 6416877.76 6193385.67  3.48%  10.5  995s
 804270 589392 6410650.89  580   99 6416877.76 6193394.67  3.48%  10.5 1000s
 807411 591374     cutoff  576      6416877.76 6193407.46  3.48%  10.5 1005s
 810572 593658 6398332.65  524  119 6416877.76 6193423.87  3.48%  10.5 1010s
 814817 597315 6398517.85  850   96 6416877.76 6193434.86  3.48%  10.5 1015s
 818679 599979 6362078.51  119  122 6416877.76 6193450.58  3.48%  10.5 1020s
 821506 602263 infeasible  380      6416877.76 6193463.25  3.48%  10.5 1025s
 826139 605657 6410745.28  625   78 6416877.76 6193472.31  3.48%  10.5 1030s
 830623 609592     cutoff  544      6416877.76 6193484.66  3.48%  10.6 1035s
 835779 613480 6415552.56  593  118 6416877.76 6193493.47  3.48%  10.6 1040s
 839235 616575 6410686.19 1530   87 6416877.76 6193500.39  3.48%  10.6 1045s
 844030 620924 6403319.21  717   91 6416877.76 6193521.14  3.48%  10.5 1050s
 847345 623344     cutoff  432      6416877.76 6193529.91  3.48%  10.6 1055s
 851068 626267 6392018.80  687   66 6416877.76 6193536.00  3.48%  10.6 1060s
 855314 629493 6414536.67  491  109 6416877.76 6193553.23  3.48%  10.6 1065s
 858524 632144     cutoff  771      6416877.76 6193564.04  3.48%  10.6 1070s
 861691 634365 6384886.95  339  113 6416877.76 6193575.72  3.48%  10.6 1075s
 865020 637016 6351521.31  256  119 6416877.76 6193590.57  3.48%  10.7 1080s
 868373 639222 6400334.61  375  107 6416877.76 6193605.09  3.48%  10.7 1085s
 871062 641526     cutoff  622      6416877.76 6193615.75  3.48%  10.7 1090s
 875621 645708     cutoff  339      6416877.76 6193623.42  3.48%  10.7 1095s
 880467 650078 6389518.65 2320  101 6416877.76 6193623.42  3.48%  10.7 1100s
 883976 652368 6348328.47   67   92 6416877.76 6193657.06  3.48%  10.7 1105s
 887568 654746     cutoff  737      6416877.76 6193670.75  3.48%  10.7 1110s
 893732 660390 6410282.34 1004   94 6416877.76 6193686.24  3.48%  10.7 1115s
 898009 663875 6381896.43  813  117 6416877.76 6193697.10  3.48%  10.7 1120s
 902513 667947 6372791.86  277  115 6416877.76 6193703.16  3.48%  10.8 1125s
 906325 671207 6403172.02 1469   48 6416877.76 6193708.85  3.48%  10.8 1130s
 910127 673700 6411331.15  793   80 6416877.76 6193728.17  3.48%  10.8 1135s
 914031 676381     cutoff  594      6416877.76 6193755.19  3.48%  10.8 1140s
 917539 678877 6416685.57  833   56 6416877.76 6193767.54  3.48%  10.8 1145s
 921791 682618 6399684.57  901   66 6416877.76 6193773.13  3.48%  10.8 1150s
 925404 685150 6393961.68  674  116 6416877.76 6193782.65  3.48%  10.8 1155s
 930110 689926 6402899.40  902   93 6416877.76 6193788.38  3.48%  10.8 1160s
 934998 693576     cutoff  286      6416877.76 6193789.31  3.48%  10.8 1165s
 937599 695854 6371015.07  636  115 6416877.76 6193796.41  3.48%  10.8 1170s
 941333 698133     cutoff  286      6416877.76 6193811.42  3.48%  10.9 1175s
 945162 701105     cutoff  284      6416877.76 6193818.81  3.48%  10.9 1180s
 948260 702231 6351461.43   71   92 6416877.76 6193831.22  3.48%  10.9 1185s
 951451 704730 6360495.41   91   90 6416877.76 6193851.23  3.48%  10.9 1190s
 955419 707938 6412742.62  476  117 6416877.76 6193866.16  3.48%  10.9 1195s
 959440 710938 6389288.84  199   79 6416877.76 6193885.18  3.48%  10.9 1200s
 963217 713499 6411422.91  349   83 6416877.76 6193910.17  3.47%  10.9 1205s
 965672 715499 6349652.28  155  123 6416877.76 6193928.70  3.47%  11.0 1210s
 970005 718938 6409093.26   98  117 6416877.76 6193951.42  3.47%  11.0 1215s
 974694 722001 6363754.90  339   83 6416877.76 6193983.04  3.47%  11.0 1220s
 979139 725220 6359530.70   67   90 6416877.76 6194014.47  3.47%  11.0 1225s
 983267 728574 6373099.31  264   85 6416877.76 6194064.35  3.47%  11.0 1230s
 986666 730897 6415558.36  449  115 6416877.76 6194087.55  3.47%  11.0 1235s
 990883 734397 6410529.81  491  105 6416877.76 6194112.76  3.47%  11.0 1240s
 994133 737193 6373885.30  732   95 6416877.76 6194125.42  3.47%  11.0 1245s
 998698 741283 6398358.56 2648   86 6416877.76 6194125.42  3.47%  11.0 1250s
 1002072 743361 6369301.35  698  103 6416877.76 6194148.71  3.47%  11.0 1255s
 1005891 746243 6376323.01  234  116 6416877.76 6194162.98  3.47%  11.0 1260s
 1009520 749666 6362307.76  789   80 6416877.76 6194164.64  3.47%  11.1 1265s
 1013579 752892 6394463.58  972   94 6416877.76 6194169.02  3.47%  11.1 1270s
 1017836 756070 6408398.04  753   70 6416877.76 6194181.51  3.47%  11.1 1275s
 1022187 760216 6385812.34  405   74 6416877.76 6194189.19  3.47%  11.1 1280s
 1025932 763121 6369495.86 1396  100 6416877.76 6194197.41  3.47%  11.1 1285s
 1030446 767107 6394343.48 3043   94 6416877.76 6194197.41  3.47%  11.1 1290s
 1035667 770957 6397063.07  779   72 6416877.76 6194210.43  3.47%  11.1 1295s
 1038640 772911     cutoff  364      6416877.76 6194221.25  3.47%  11.1 1300s
 1041884 775010 6349381.66  141  123 6416877.76 6194245.08  3.47%  11.1 1305s
 1044413 776652 6352362.18  668  106 6416877.76 6194259.17  3.47%  11.1 1310s
 1048156 780202 6394324.85 1776   91 6416877.76 6194259.17  3.47%  11.1 1315s
 1052549 783732 6395727.34  551   74 6416877.76 6194277.29  3.47%  11.1 1320s
 1056374 786662 6365869.02  683   76 6416877.76 6194290.69  3.47%  11.1 1325s
 1059377 788550     cutoff  463      6416877.76 6194310.53  3.47%  11.1 1330s
 1062183 790831 6353086.82  135  121 6416877.76 6194330.17  3.47%  11.2 1335s
 1068037 795662 6382015.14  243  114 6416877.76 6194336.32  3.47%  11.2 1340s
 1073577 800665     cutoff  971      6416877.76 6194358.02  3.47%  11.2 1345s
 1078944 805322 6390746.03 1180   98 6416877.76 6194369.01  3.47%  11.2 1350s
 1083217 808548 6363282.15  859  107 6416877.76 6194385.46  3.47%  11.2 1355s
 1086528 811619 6395057.61 2048   86 6416877.76 6194385.46  3.47%  11.2 1360s
 1091117 815574 6396658.93  591   93 6416877.76 6194398.44  3.47%  11.2 1365s
H1093097 815969                    6416663.2364 6194398.44  3.46%  11.2 1367s
H1093375 805090                    6415432.9006 6194398.44  3.45%  11.2 1368s
H1094473 805661                    6415432.8986 6194400.36  3.45%  11.2 1370s
H1094576 805587                    6415425.6021 6194402.16  3.45%  11.2 1370s
H1094674 805646                    6415425.3698 6194402.16  3.45%  11.2 1370s
 1098793 809658 6393187.32 2339   88 6415425.37 6194402.64  3.45%  11.2 1375s
 1102945 813661 6360876.38 1047   94 6415425.37 6194417.70  3.44%  11.2 1380s
 1108543 818392 6401022.69 3103   61 6415425.37 6194417.70  3.44%  11.2 1385s
 1112437 821619 6396631.28  810   71 6415425.37 6194430.03  3.44%  11.2 1390s
 1116100 824468 6397436.67  502  103 6415425.37 6194436.41  3.44%  11.2 1395s
 1119953 827589 6369943.28   81   86 6415425.37 6194451.82  3.44%  11.2 1400s
 1124750 832298 6398926.27 2040   93 6415425.37 6194454.84  3.44%  11.2 1405s
 1128905 835328 6407318.40 1314  102 6415425.37 6194460.01  3.44%  11.2 1410s
 1132064 837308 6351115.38  165  118 6415425.37 6194470.82  3.44%  11.2 1415s
 1134953 839332 6411251.62 1023  111 6415425.37 6194481.58  3.44%  11.2 1420s
 1137800 841108 6374080.14 1002   74 6415425.37 6194499.37  3.44%  11.2 1425s
 1142021 844940 6378886.13 2245   98 6415425.37 6194503.93  3.44%  11.2 1430s
 1146215 848669 6352845.49  142  118 6415425.37 6194524.18  3.44%  11.2 1435s
 1150021 851167 6401583.08  181   79 6415425.37 6194543.00  3.44%  11.2 1440s
 1153956 854188 6347374.19  691  108 6415425.37 6194569.88  3.44%  11.2 1445s
 1158885 859086 6397883.74  766   98 6415425.37 6194577.34  3.44%  11.2 1450s
 1164349 863968 6375751.72  457   99 6415425.37 6194580.32  3.44%  11.2 1455s
 1167875 866885 6365906.58  443  114 6415425.37 6194590.30  3.44%  11.2 1460s
 1171536 870117 6401234.57 1392   88 6415425.37 6194594.86  3.44%  11.3 1465s
 1174961 872860 6407248.85 2261   96 6415425.37 6194594.86  3.44%  11.3 1470s
 1178225 874989 6372093.63  803  110 6415425.37 6194612.29  3.44%  11.3 1475s
 1181557 877411 6385885.66   95   83 6415425.37 6194624.31  3.44%  11.3 1480s
 1184430 879299 6404387.52  159  113 6415425.37 6194633.73  3.44%  11.3 1485s
 1187835 882488 6374420.69  888  100 6415425.37 6194640.23  3.44%  11.3 1490s
 1192726 886677 6401472.57 2174   88 6415425.37 6194640.23  3.44%  11.3 1495s
 1195250 888303     cutoff  772      6415425.37 6194652.36  3.44%  11.3 1500s
 1198845 891426 6413987.76  845   58 6415425.37 6194659.17  3.44%  11.3 1505s
 1203693 895383 6397007.74  845  109 6415425.37 6194668.85  3.44%  11.3 1510s
 1206634 897396 6358493.25  741   87 6415425.37 6194677.53  3.44%  11.4 1515s
 1209536 898999 6404588.74  696  118 6415425.37 6194689.18  3.44%  11.4 1520s
 1212518 901368 6396169.56  521   62 6415425.37 6194702.90  3.44%  11.4 1525s
 1215466 902816     cutoff  398      6415425.37 6194720.45  3.44%  11.4 1530s
 1219066 906031 6382883.93 2559   95 6415425.37 6194720.45  3.44%  11.4 1535s
 1222543 908750 6360102.24  159  115 6415425.37 6194738.82  3.44%  11.4 1540s
 1227148 912851 6362894.03  919  105 6415425.37 6194750.49  3.44%  11.4 1545s
 1231656 917114 6387420.59 2472   88 6415425.37 6194750.49  3.44%  11.4 1550s
 1236045 920877 6412904.16 1215  116 6415425.37 6194758.13  3.44%  11.4 1555s
 1238065 921763 6414740.40 1314   72 6415425.37 6194763.19  3.44%  11.5 1560s
 1241957 924790     cutoff  850      6415425.37 6194771.16  3.44%  11.5 1565s
 1247390 929131 6406489.16  828   86 6415425.37 6194776.55  3.44%  11.5 1570s
 1251570 933011 6410104.97  700   93 6415425.37 6194778.24  3.44%  11.5 1575s
Created node file directory '/home/ps12398/experiment_epec/goalProgrammingMarcos//grbnodes2'
 1255402 936098 6376632.46  686   95 6415425.37 6194792.33  3.44%  11.5 1584s
 1255865 936502 6384258.45  774   96 6415425.37 6194792.33  3.44%  11.5 1585s
 1261571 942369 6400833.81 1901   93 6415425.37 6194792.33  3.44%  11.4 1590s
 1266479 945854 6356201.12  815   85 6415425.37 6194797.98  3.44%  11.4 1595s
 1268347 947617 6390649.30  999  102 6415425.37 6194797.98  3.44%  11.4 1601s
 1271544 950513     cutoff 1096      6415425.37 6194802.37  3.44%  11.4 1605s
 1274821 952803 6355146.34  825  102 6415425.37 6194806.22  3.44%  11.5 1610s
 1279101 956428 6397146.88 2118   91 6415425.37 6194806.22  3.44%  11.5 1615s
 1283940 960927 6392215.80 1262   97 6415425.37 6194816.36  3.44%  11.4 1620s
 1284792 961769 6411147.30 1367   94 6415425.37 6194816.36  3.44%  11.5 1625s
 1287559 963557     cutoff  330      6415425.37 6194823.23  3.44%  11.5 1630s
 1290407 964970     cutoff  237      6415425.37 6194832.24  3.44%  11.5 1635s
 1293232 967440 6392498.65 1639   88 6415425.37 6194832.60  3.44%  11.5 1640s
 1296727 970147 6361202.21  907  100 6415425.37 6194837.46  3.44%  11.5 1645s
 1300902 973778 6386514.94 2247   90 6415425.37 6194837.46  3.44%  11.5 1656s
 1303556 975496 6403027.74  161  118 6415425.37 6194841.74  3.44%  11.5 1660s
 1306119 976710 6399803.56  421   78 6415425.37 6194851.76  3.44%  11.5 1665s
 1309109 978747 6368848.11  952  103 6415425.37 6194859.12  3.44%  11.5 1670s
 1312584 981665 6383655.98 2181   99 6415425.37 6194859.12  3.44%  11.5 1675s
 1316560 985301 6402531.66  168  119 6415425.37 6194870.92  3.44%  11.5 1680s
 1318604 986852 6410419.55  101   82 6415425.37 6194873.38  3.44%  11.5 1689s
 1319037 986918 6407771.61 1109  117 6415425.37 6194879.85  3.44%  11.5 1690s
 1321879 988516 6374720.75  467  110 6415425.37 6194886.98  3.44%  11.6 1695s
 1324402 989835     cutoff  166      6415425.37 6194904.01  3.44%  11.6 1700s
 1327804 991765 6415351.35 1055   98 6415425.37 6194908.47  3.44%  11.6 1705s
 1330088 993268 6365280.67 1228   93 6415425.37 6194910.87  3.44%  11.6 1710s
 1334228 996726 6389068.01 2750   98 6415425.37 6194910.87  3.44%  11.6 1715s
 1337536 999226 6403337.21  481   82 6415425.37 6194913.72  3.44%  11.6 1720s
 1339642 1000682 6387458.53 1211   98 6415425.37 6194915.58  3.44%  11.6 1731s
 1343800 1004846 6398386.40 2043   92 6415425.37 6194915.58  3.44%  11.6 1735s
 1348143 1007970 6401399.00  991  117 6415425.37 6194920.61  3.44%  11.6 1740s
 1353541 1012856 6412061.13 1016  113 6415425.37 6194923.15  3.44%  11.6 1745s
 1355698 1014631     cutoff 1104      6415425.37 6194923.43  3.44%  11.6 1755s
 1359586 1017923 6371847.00 1571  103 6415425.37 6194928.85  3.44%  11.7 1760s
 1364321 1021515     cutoff  158      6415425.37 6194934.26  3.44%  11.7 1765s
 1368995 1025835 6363486.13 2057   92 6415425.37 6194934.71  3.44%  11.7 1770s
 1372317 1028843 6405682.48 3258   53 6415425.37 6194934.71  3.44%  11.7 1781s
 1374369 1029998 6406839.76  966  120 6415425.37 6194941.92  3.44%  11.7 1785s
 1377790 1033186 6380355.47 2093   87 6415425.37 6194943.95  3.44%  11.7 1790s
 1381608 1036097 6374778.43  992   75 6415425.37 6194946.96  3.44%  11.7 1795s
 1384461 1037886 6379815.02  313   86 6415425.37 6194951.27  3.44%  11.7 1800s
 1387952 1040563 6398537.28  551  101 6415425.37 6194956.52  3.44%  11.7 1805s
 1390772 1042758 6399000.07  884   81 6415425.37 6194965.02  3.44%  11.7 1816s
 1393099 1044064     cutoff  300      6415425.37 6194980.64  3.44%  11.7 1820s
 1395716 1045477 6397861.77  175   84 6415425.37 6194993.13  3.44%  11.8 1825s
 1398853 1047449 6410668.65  845  112 6415425.37 6195004.43  3.44%  11.8 1830s
 1403055 1050524 6358964.43  973   92 6415425.37 6195012.21  3.44%  11.8 1835s
 1408529 1054739 6387817.30  332   86 6415425.37 6195016.51  3.44%  11.8 1840s
 1410342 1056390 6385412.80  630  103 6415425.37 6195019.59  3.44%  11.8 1850s
 1413524 1058714 6411828.07  858  111 6415425.37 6195028.22  3.44%  11.8 1855s
 1417184 1061522 6371735.64  834  110 6415425.37 6195035.37  3.44%  11.8 1860s
 1422278 1066230 6407479.53  121  114 6415425.37 6195040.09  3.44%  11.8 1865s
 1423396 1067397 6369867.68  154  121 6415425.37 6195040.15  3.44%  11.8 1873s
 1424345 1068114     cutoff  177      6415425.37 6195040.15  3.44%  11.8 1875s
 1427943 1070992     cutoff  116      6415425.37 6195041.90  3.44%  11.8 1880s
 1430732 1072630     cutoff  206      6415425.37 6195046.45  3.44%  11.8 1885s
 1433885 1074767     cutoff  119      6415425.37 6195054.23  3.44%  11.8 1890s
 1436679 1076234     cutoff 1055      6415425.37 6195059.37  3.43%  11.8 1895s
 1440507 1078990     cutoff  784      6415425.37 6195070.82  3.43%  11.8 1900s
 1440792 1079298 6374792.41  950   81 6415425.37 6195071.91  3.43%  11.8 1910s
 1443737 1080798 6410313.43  249  111 6415425.37 6195084.96  3.43%  11.8 1915s
 1447112 1083330 6397607.15  217  108 6415425.37 6195089.95  3.43%  11.8 1920s
 1450221 1085108     cutoff  955      6415425.37 6195095.28  3.43%  11.8 1925s
 1452873 1086326     cutoff  991      6415425.37 6195098.74  3.43%  11.9 1930s
 1456294 1088783 6401660.71  514  111 6415425.37 6195107.05  3.43%  11.9 1935s
 1459130 1090129     cutoff  105      6415425.37 6195118.75  3.43%  11.9 1940s
 1462809 1092787 6412491.02  390  119 6415425.37 6195134.82  3.43%  11.9 1945s
 1463259 1093202 6406430.74  996  110 6415425.37 6195134.82  3.43%  11.9 1951s
 1465717 1094875 6357713.50  971  104 6415425.37 6195145.15  3.43%  11.9 1955s
 1470929 1099321 6407243.80 2502   49 6415425.37 6195145.15  3.43%  11.9 1960s
 1476402 1103579 6373939.94 1085  101 6415425.37 6195155.50  3.43%  11.9 1965s
 1479808 1106028 6387702.36  382  115 6415425.37 6195162.59  3.43%  11.9 1975s
 1484549 1110263     cutoff  534      6415425.37 6195167.01  3.43%  11.9 1980s
 1487977 1112780 6412645.85 1047  114 6415425.37 6195172.41  3.43%  11.9 1985s
 1491600 1115221 6398069.77 1946   91 6415425.37 6195177.09  3.43%  11.9 1990s
 1495636 1117589 6354781.20  995  101 6415425.37 6195200.64  3.43%  11.9 1995s
 1497320 1119403 6376896.80 1266   97 6415425.37 6195200.64  3.43%  11.9 2002s
 1500331 1122184 6404219.12 2335   95 6415425.37 6195200.64  3.43%  11.9 2005s
 1504432 1124772 6388115.10  205   86 6415425.37 6195220.22  3.43%  11.9 2010s
 1507156 1126759     cutoff  358      6415425.37 6195226.87  3.43%  11.9 2015s
 1510185 1129665 6412759.29  413  118 6415425.37 6195232.55  3.43%  11.9 2025s
 1513338 1131667 6414710.16  124  117 6415425.37 6195236.28  3.43%  11.9 2030s
 1516919 1134504 6388600.58  440   80 6415425.37 6195251.83  3.43%  11.9 2035s
 1520877 1137672 6383893.33  725   42 6415425.37 6195261.49  3.43%  11.9 2040s
 1523753 1139868 6406386.29  961  110 6415425.37 6195264.80  3.43%  11.9 2045s
 1525544 1141551     cutoff  551      6415425.37 6195269.06  3.43%  11.9 2056s
 1528210 1143485 6392302.01  377  104 6415425.37 6195271.74  3.43%  11.9 2060s
 1531232 1145594 6356786.27  119  125 6415425.37 6195279.80  3.43%  12.0 2065s
 1534413 1147549 6409037.87  162  123 6415425.37 6195292.43  3.43%  12.0 2070s
 1537757 1149999     cutoff  379      6415425.37 6195305.25  3.43%  12.0 2075s
 1541816 1153878 6405617.31 1329   90 6415425.37 6195307.17  3.43%  12.0 2080s
 1543631 1155224 6354451.64  488   85 6415425.37 6195311.86  3.43%  12.0 2089s
 1543898 1155451     cutoff  522      6415425.37 6195311.86  3.43%  12.0 2090s
 1549767 1160698 6363923.42  642  112 6415425.37 6195313.66  3.43%  12.0 2095s
 1552970 1162513     cutoff  203      6415425.37 6195319.08  3.43%  12.0 2100s
 1555673 1164006 6398252.26  282  118 6415425.37 6195328.24  3.43%  12.0 2105s
 1558256 1165303 6351233.28  934  104 6415425.37 6195335.10  3.43%  12.0 2110s
 1560497 1167456 6395179.77 1467   88 6415425.37 6195335.10  3.43%  12.0 2118s
 1561941 1168045     cutoff 2006      6415425.37 6195338.76  3.43%  12.0 2120s
 1565081 1170219     cutoff  917      6415425.37 6195344.24  3.43%  12.0 2125s
 1568578 1172114     cutoff  967      6415425.37 6195356.24  3.43%  12.0 2131s
 1571588 1174211 6391880.64  443  116 6415425.37 6195365.45  3.43%  12.0 2135s
 1575439 1176763 6408488.06  645  107 6415425.37 6195374.28  3.43%  12.0 2140s
 1579265 1179454 6408506.23 1493   96 6415425.37 6195380.02  3.43%  12.0 2150s
 1583583 1182267 6403872.87 1895   84 6415425.37 6195384.20  3.43%  12.0 2155s
 1588872 1186465 6378038.65  991   68 6415425.37 6195389.46  3.43%  12.0 2160s
H1592325 1189274                    6415266.8074 6195391.08  3.43%  12.0 2164s
 1592638 1189614 6411924.85 1014  110 6415266.81 6195391.08  3.43%  12.0 2172s
 1596041 1192728 6406340.89  958   77 6415266.81 6195393.22  3.43%  12.0 2175s
H1596898 1193150                    6414879.3475 6195394.91  3.42%  12.0 2175s
H1597763 1182848                    6413696.5708 6195395.08  3.40%  12.0 2176s
 1600090 1184584     cutoff  759      6413696.57 6195397.01  3.40%  12.0 2180s
 1602837 1186333 6404800.34 1124  100 6413696.57 6195403.44  3.40%  12.0 2185s
 1606025 1188692 6402672.84  356  103 6413696.57 6195407.61  3.40%  12.1 2190s
 1608429 1190493 6404407.66  392  116 6413696.57 6195417.94  3.40%  12.1 2200s
 1610833 1191967 6403274.68  793  118 6413696.57 6195419.99  3.40%  12.1 2205s
 1613792 1193529 6400153.49  968  116 6413696.57 6195424.01  3.40%  12.1 2210s
 1617400 1196846 6393438.03 2184   89 6413696.57 6195424.53  3.40%  12.1 2215s
 1620395 1198792 6392310.89  346   79 6413696.57 6195426.87  3.40%  12.1 2220s
 1623341 1200705 6407827.04  813  120 6413696.57 6195431.30  3.40%  12.1 2225s
 1626006 1202850 6394076.28 1447   90 6413696.57 6195434.73  3.40%  12.1 2233s
 1627049 1203681 6369411.24  767  109 6413696.57 6195436.64  3.40%  12.1 2235s
 1630421 1206544 6397412.74 1399   90 6413696.57 6195441.24  3.40%  12.1 2240s
 1634030 1208626 6409810.76  334  115 6413696.57 6195449.01  3.40%  12.1 2245s
 1636887 1210326     cutoff 1055      6413696.57 6195454.66  3.40%  12.1 2250s
 1639448 1211547 6400074.14 1032  116 6413696.57 6195455.48  3.40%  12.2 2255s
 1642579 1213717     cutoff 1103      6413696.57 6195458.32  3.40%  12.2 2260s
 1645147 1215117     cutoff 1070      6413696.57 6195459.69  3.40%  12.2 2265s
 1645534 1215443 6412360.07 1072  116 6413696.57 6195460.50  3.40%  12.2 2272s
 1647721 1216916     cutoff 1267      6413696.57 6195462.92  3.40%  12.2 2275s
 1650856 1219262 6406804.93 1059   90 6413696.57 6195463.30  3.40%  12.2 2280s
 1653099 1220446 6409212.42 1189  114 6413696.57 6195466.18  3.40%  12.2 2285s
 1655905 1222207 6398978.05 1177   74 6413696.57 6195471.56  3.40%  12.2 2290s
 1658618 1223605 6403521.28  372   80 6413696.57 6195480.58  3.40%  12.3 2295s
 1661294 1225727 6387239.47  894  116 6413696.57 6195485.05  3.40%  12.3 2300s
 1663760 1227653 6404014.34 1473   94 6413696.57 6195485.05  3.40%  12.3 2308s
 1664842 1228087 6408844.40  109  118 6413696.57 6195491.73  3.40%  12.3 2310s
 1668856 1231245 6402734.53  574  105 6413696.57 6195496.70  3.40%  12.3 2315s
 1672325 1232779 6402266.87  114  115 6413696.57 6195501.13  3.40%  12.3 2320s
 1675184 1234223 6410059.08  532  120 6413696.57 6195504.58  3.40%  12.3 2325s
 1679457 1238427 6407761.10 1124   42 6413696.57 6195507.32  3.40%  12.3 2330s
 1681565 1240558 6411255.06 1841   43 6413696.57 6195507.32  3.40%  12.3 2337s
H1684104 1221451                    6412379.7208 6195507.32  3.38%  12.3 2339s
 1684314 1221575 6410886.47 2653   40 6412379.72 6195507.32  3.38%  12.3 2340s
 1686981 1222912 6360606.59  170  122 6412379.72 6195508.71  3.38%  12.3 2345s
 1690004 1225111 6370776.15 1075  103 6412379.72 6195511.85  3.38%  12.3 2350s
 1695006 1229448 6394422.97 1927   55 6412379.72 6195512.92  3.38%  12.3 2355s
 1695870 1229725     cutoff  438      6412379.72 6195515.59  3.38%  12.3 2365s
 1698854 1232056 6382070.11  328  115 6412379.72 6195518.01  3.38%  12.3 2370s
 1703909 1236805 6389929.82 1117   96 6412379.72 6195518.53  3.38%  12.3 2375s
 1708000 1239849     cutoff  100      6412379.72 6195521.69  3.38%  12.3 2380s
 1710898 1241867 6390873.55 1150  120 6412379.72 6195524.47  3.38%  12.3 2385s
 1712584 1243017     cutoff  974      6412379.72 6195525.80  3.38%  12.3 2396s
 1714230 1244331 6365960.71  306   83 6412379.72 6195527.13  3.38%  12.3 2400s
 1717966 1246553     cutoff  277      6412379.72 6195529.31  3.38%  12.3 2405s
 1721173 1248733 6410278.76 1184  115 6412379.72 6195535.43  3.38%  12.4 2410s
 1723531 1250204 6377702.24  431   86 6412379.72 6195538.99  3.38%  12.4 2415s
 1727060 1252975 6401749.40  460  102 6412379.72 6195540.31  3.38%  12.4 2420s
 1730087 1255319 6398007.23 1961   88 6412379.72 6195542.53  3.38%  12.4 2432s
 1732131 1256614 6385760.26 1375   98 6412379.72 6195544.01  3.38%  12.4 2435s
 1734670 1258085 6369520.13 1070   60 6412379.72 6195545.95  3.38%  12.4 2440s
 1737645 1259931 6405733.26  492  118 6412379.72 6195549.73  3.38%  12.4 2445s
 1740303 1261486 6387112.17  331  106 6412379.72 6195553.60  3.38%  12.4 2450s
 1743384 1263853 6386773.51  401   73 6412379.72 6195558.65  3.38%  12.4 2455s
 1746454 1265500 6397148.20 1000  110 6412379.72 6195560.77  3.38%  12.4 2460s
 1748334 1266590 6363970.70  465  125 6412379.72 6195562.69  3.38%  12.5 2469s
 1748974 1266684     cutoff  449      6412379.72 6195564.69  3.38%  12.5 2470s
 1751754 1268803 6398220.25  933   88 6412379.72 6195566.85  3.38%  12.5 2475s
 1754643 1271230 6411762.65  315  122 6412379.72 6195568.91  3.38%  12.5 2480s
 1758094 1273720 6403988.30  790   55 6412379.72 6195571.45  3.38%  12.5 2485s
 1761221 1276085 6386461.33 1513  102 6412379.72 6195575.18  3.38%  12.5 2490s
 1764634 1278760 6380070.55 1217   95 6412379.72 6195581.92  3.38%  12.5 2501s
 1766671 1279874     cutoff 1246      6412379.72 6195585.74  3.38%  12.5 2505s
 1771126 1283578 6395892.61  317  116 6412379.72 6195589.09  3.38%  12.5 2510s
 1774921 1286109     cutoff  394      6412379.72 6195591.89  3.38%  12.5 2515s
 1778278 1288695     cutoff 1089      6412379.72 6195595.33  3.38%  12.5 2520s
 1780866 1290498     cutoff 1138      6412379.72 6195599.11  3.38%  12.5 2525s
 1781298 1290726 6406860.63 1155  117 6412379.72 6195599.50  3.38%  12.5 2532s
 1782805 1291533     cutoff 1136      6412379.72 6195600.47  3.38%  12.5 2535s
 1786464 1295113 6390695.35 2253   88 6412379.72 6195601.45  3.38%  12.5 2540s
 1789717 1297148 6407172.88 1100  113 6412379.72 6195606.53  3.38%  12.5 2545s
 1792869 1299235 6406030.73 1232  117 6412379.72 6195610.06  3.38%  12.5 2550s
 1796035 1301904 6395582.76 1527   87 6412379.72 6195610.55  3.38%  12.5 2560s
H1796991 1281564                    6410872.5162 6195610.55  3.36%  12.5 2560s
 1801186 1283414 6394247.99 1356   99 6410872.52 6195612.23  3.36%  12.5 2565s
 1804329 1285998 6399261.29 1139  118 6410872.52 6195614.20  3.36%  12.5 2570s
 1806736 1288055 6404412.70  331  118 6410872.52 6195614.87  3.36%  12.5 2575s
 1806989 1288281     cutoff 1180      6410872.52 6195614.87  3.36%  12.5 2583s
 1809368 1290947 6378043.99 1587   91 6410872.52 6195615.05  3.36%  12.5 2585s
 1815261 1295368     cutoff  513      6410872.52 6195616.24  3.36%  12.5 2590s
 1819211 1298157 6384264.31 1299   78 6410872.52 6195618.94  3.36%  12.5 2595s
 1821987 1299865     cutoff  589      6410872.52 6195625.40  3.36%  12.6 2600s
 1822467 1300212 6399554.14  194  118 6410872.52 6195627.28  3.36%  12.6 2608s
 1823237 1300546     cutoff 1261      6410872.52 6195627.54  3.36%  12.6 2610s
 1826403 1302801 6406761.69 1961   99 6410872.52 6195629.10  3.36%  12.6 2615s
 1828623 1304039     cutoff 1196      6410872.52 6195632.53  3.36%  12.6 2620s
 1831222 1305476 6401318.93 1219  112 6410872.52 6195634.45  3.36%  12.6 2625s
 1833566 1306873 6404697.16  242  118 6410872.52 6195637.91  3.36%  12.6 2630s
 1837247 1310197 6382507.27 1659   59 6410872.52 6195638.79  3.36%  12.6 2635s
 1838944 1311869 6396139.86 2126   59 6410872.52 6195638.79  3.36%  12.6 2642s
 1841658 1314255 6390257.03 3103   48 6410872.52 6195638.79  3.36%  12.6 2645s
 1845669 1317174     cutoff  858      6410872.52 6195641.91  3.36%  12.6 2650s
 1849036 1319926     cutoff 1048      6410872.52 6195645.00  3.36%  12.6 2655s
 1850012 1320620 6410585.08 1193   78 6410872.52 6195646.27  3.36%  12.6 2663s
 1851463 1321769     cutoff  261      6410872.52 6195648.24  3.36%  12.6 2665s
 1856425 1325644     cutoff  819      6410872.52 6195649.56  3.36%  12.7 2670s
 1862120 1330177 6360821.60  230  120 6410872.52 6195653.76  3.36%  12.7 2675s
 1866664 1332846 6368148.04 1069  115 6410872.52 6195656.65  3.36%  12.7 2685s
 1869132 1334209 6370756.05  121  115 6410872.52 6195662.93  3.36%  12.7 2690s
 1873052 1337014 6408666.20  582   77 6410872.52 6195667.29  3.36%  12.7 2695s
 1876566 1339743 6393532.07 1387   97 6410872.52 6195676.61  3.36%  12.7 2700s
 1880400 1343490 6393454.71 1655   94 6410872.52 6195681.33  3.36%  12.7 2705s
 1881451 1344364     cutoff 2111      6410872.52 6195681.33  3.36%  12.7 2712s
 1883415 1345530 6360541.35  206  118 6410872.52 6195684.45  3.36%  12.7 2715s
 1886285 1347372 6402324.40 1254  113 6410872.52 6195687.73  3.36%  12.7 2720s
 1888781 1348978 6386792.99  277   80 6410872.52 6195691.13  3.36%  12.7 2725s
 1891363 1350263 6395347.08  512  116 6410872.52 6195692.78  3.36%  12.7 2730s
 1894087 1351965 6398199.74 1259  119 6410872.52 6195697.22  3.36%  12.7 2735s
 1897335 1354646 6357324.68  405  111 6410872.52 6195700.32  3.36%  12.7 2740s
 1898325 1355377     cutoff  604      6410872.52 6195700.44  3.36%  12.7 2747s
H1898846 349719                    6367763.7304 6195700.44  2.70%  12.7 2750s
 1901465 350802 6290810.03  515  116 6367763.73 6195706.49  2.70%  12.7 2755s
 1903853 351738 6261817.03  490  112 6367763.73 6195714.66  2.70%  12.8 2760s
 1906639 353872 6295199.24  455  117 6367763.73 6195716.60  2.70%  12.8 2765s
 1909134 354802     cutoff  115      6367763.73 6195725.96  2.70%  12.8 2770s
 1911483 356033     cutoff  214      6367763.73 6195733.06  2.70%  12.9 2775s
 1914106 357374 6260827.67  107  120 6367763.73 6195740.85  2.70%  12.9 2780s
 1916900 358696 6237410.20 1061  120 6367763.73 6195750.61  2.70%  12.9 2785s
 1920147 360640     cutoff  571      6367763.73 6195757.73  2.70%  13.0 2790s
 1922598 361754 6263539.25 1301  115 6367763.73 6195769.66  2.70%  13.0 2795s
 1925938 362966 6358737.40  417  120 6367763.73 6195782.85  2.70%  13.1 2800s
 1929541 364025 6360217.62 1109  124 6367763.73 6195803.05  2.70%  13.1 2805s
 1933211 365657 6245589.88 1112  119 6367763.73 6195817.02  2.70%  13.2 2810s
 1936685 366630 6361240.99  479  126 6367763.73 6195839.53  2.70%  13.3 2815s
 1939708 367513 6287631.51  515  118 6367763.73 6195854.84  2.70%  13.3 2820s
 1942962 369060 6261292.72  144  112 6367763.73 6195866.81  2.70%  13.4 2825s
 1945658 370168     cutoff  524      6367763.73 6195878.80  2.70%  13.4 2830s
 1948151 370858 6285214.67  539  108 6367763.73 6195893.95  2.70%  13.5 2835s
 1950741 372081     cutoff  908      6367763.73 6195905.11  2.70%  13.5 2840s
 1953063 372633 6245609.88  473  122 6367763.73 6195915.72  2.70%  13.5 2845s
 1955568 373727 6364591.97  282  126 6367763.73 6195925.59  2.70%  13.6 2850s
 1957508 374193     cutoff  453      6367763.73 6195940.98  2.70%  13.6 2855s
 1960088 375223 6260914.86  529  115 6367763.73 6195952.48  2.70%  13.7 2860s
 1962743 376004 6235980.53  242  118 6367763.73 6195961.93  2.70%  13.7 2865s
 1964303 376335     cutoff  897      6367763.73 6195966.53  2.70%  13.7 2870s
 1966998 377395 6301907.05 1142  105 6367763.73 6195981.01  2.70%  13.8 2875s
 1969381 378162     cutoff  914      6367763.73 6195989.65  2.70%  13.8 2880s
 1971768 379292     cutoff  383      6367763.73 6195999.53  2.70%  13.9 2885s
 1974277 379601 6234397.42  918  114 6367763.73 6196008.76  2.70%  13.9 2890s
 1975958 379932 6283949.68  961  109 6367763.73 6196013.50  2.70%  14.0 2895s
 1978428 380694 6303119.44  254  121 6367763.73 6196024.36  2.70%  14.0 2900s
 1980623 381678 6238922.14  941  121 6367763.73 6196027.86  2.70%  14.0 2905s
H1981466 381509                    6367745.3349 6196028.68  2.70%  14.1 2906s
 1982991 382841 6308823.84  497  105 6367745.33 6196030.05  2.70%  14.1 2910s
 1985151 383315 6304999.07  961  115 6367745.33 6196033.68  2.70%  14.1 2915s
 1987493 384492 6358873.58  976   88 6367745.33 6196034.45  2.70%  14.1 2920s
 1990587 385799     cutoff 1100      6367745.33 6196035.62  2.70%  14.2 2925s
 1993090 387217     cutoff 1047      6367745.33 6196040.88  2.70%  14.2 2930s
 1995811 388393 6331059.35 1151  104 6367745.33 6196041.83  2.70%  14.2 2935s
 1998464 389816 6240644.80  436  119 6367745.33 6196048.20  2.70%  14.3 2940s
 2001074 390704     cutoff  513      6367745.33 6196060.20  2.70%  14.3 2945s
 2003893 391777 6327886.89  479  111 6367745.33 6196073.91  2.70%  14.3 2950s
 2006321 392717 6327447.36  445  112 6367745.33 6196082.83  2.70%  14.4 2955s
 2008618 393698 6362874.66  421   89 6367745.33 6196093.67  2.70%  14.4 2960s
 2010775 394437 6330052.16  458  108 6367745.33 6196100.53  2.70%  14.4 2965s
 2013230 396019 6268724.67 1180  106 6367745.33 6196107.62  2.70%  14.5 2970s
 2015722 397157 6284827.23 1123  114 6367745.33 6196111.33  2.70%  14.5 2975s
 2018409 398413     cutoff 1046      6367745.33 6196114.71  2.70%  14.5 2980s
 2021040 399486     cutoff  477      6367745.33 6196121.63  2.70%  14.6 2985s
 2023070 400251     cutoff 1108      6367745.33 6196123.67  2.70%  14.6 2990s
 2025653 401444 6359434.01  199  119 6367745.33 6196128.81  2.70%  14.6 2995s
 2028176 402728     cutoff 1257      6367745.33 6196133.39  2.70%  14.6 3000s
 2031547 404445 6260782.24  397  123 6367745.33 6196141.36  2.69%  14.7 3005s
 2034478 405724 6280600.02  328  111 6367745.33 6196147.83  2.69%  14.7 3010s
 2037979 407333     cutoff  579      6367745.33 6196151.84  2.69%  14.7 3015s
H2037985 406940                    6367722.8107 6196151.84  2.69%  14.7 3015s
 2040002 407702 6293371.80 1252  113 6367722.81 6196157.19  2.69%  14.8 3020s
 2042795 408813     cutoff  544      6367722.81 6196164.11  2.69%  14.8 3025s
 2045664 410479 6270185.50  456  107 6367722.81 6196170.62  2.69%  14.8 3030s
 2048182 411331     cutoff  406      6367722.81 6196181.25  2.69%  14.9 3035s
 2050984 412638     cutoff  711      6367722.81 6196192.81  2.69%  14.9 3040s
 2053181 413538 6312535.44  284  112 6367722.81 6196200.08  2.69%  14.9 3045s
 2056602 414868     cutoff 1362      6367722.81 6196206.17  2.69%  15.0 3050s
 2059002 416316 6242625.04  182  113 6367722.81 6196217.26  2.69%  15.0 3055s
 2062712 418351 6361674.19  172  124 6367722.81 6196221.81  2.69%  15.0 3060s
 2065359 419338     cutoff  462      6367722.81 6196224.96  2.69%  15.0 3065s
 2068345 420443 6278899.01  654  116 6367722.81 6196229.71  2.69%  15.1 3070s
 2070755 421365 6254336.34 1351   98 6367722.81 6196234.12  2.69%  15.1 3075s
 2073672 422515 6294252.34  257  108 6367722.81 6196239.22  2.69%  15.1 3080s
 2076495 423916     cutoff 1381      6367722.81 6196244.31  2.69%  15.1 3085s
 2079081 424799 6296604.98  207  109 6367722.81 6196247.23  2.69%  15.2 3090s
 2082662 427145     cutoff  364      6367722.81 6196251.32  2.69%  15.2 3095s
 2085595 428591 6244672.06  587  123 6367722.81 6196255.82  2.69%  15.2 3100s
H2085598 424622                    6367527.4683 6196255.82  2.69%  15.2 3100s
 2088259 425786 6319224.31  659  110 6367527.47 6196259.64  2.69%  15.2 3105s
H2088805 425993                    6367526.2086 6196261.19  2.69%  15.2 3106s
H2088901 425993                    6367526.2041 6196261.56  2.69%  15.2 3106s
 2091030 427247 6355616.10 1528  101 6367526.20 6196268.14  2.69%  15.3 3110s
 2094167 428946 6325680.82 1384  114 6367526.20 6196270.95  2.69%  15.3 3115s
 2097216 430381     cutoff 1226      6367526.20 6196279.00  2.69%  15.3 3120s
 2100119 431496     cutoff  450      6367526.20 6196287.38  2.69%  15.3 3125s
 2102381 432359 6243960.18  548  123 6367526.20 6196294.98  2.69%  15.4 3130s
 2105686 434194     cutoff  350      6367526.20 6196302.68  2.69%  15.4 3135s
H2105833 380867                    6364699.7522 6196304.05  2.65%  15.4 3135s
H2106251 381060                    6364697.1004 6196305.57  2.65%  15.4 3136s
H2106642 381128                    6364696.6882 6196305.57  2.65%  15.4 3137s
 2108087 381714     cutoff  540      6364696.69 6196309.56  2.65%  15.4 3140s
 2111323 383143 6256849.01  773  110 6364696.69 6196316.21  2.65%  15.5 3145s
 2114043 384322 6296463.18  623  109 6364696.69 6196321.83  2.65%  15.5 3150s
 2116480 385326     cutoff  371      6364696.69 6196332.23  2.65%  15.5 3155s
 2119332 386697     cutoff 1257      6364696.69 6196337.57  2.65%  15.5 3160s
 2121849 387790 6264298.88  620  115 6364696.69 6196346.67  2.65%  15.6 3165s
 2124874 389493 6247041.95  577  124 6364696.69 6196351.58  2.64%  15.6 3170s
 2127932 390562 6272865.64  581  114 6364696.69 6196355.73  2.64%  15.6 3175s
 2130793 392023 6364275.65  199   93 6364696.69 6196363.38  2.64%  15.7 3180s
 2133472 393050     cutoff 1016      6364696.69 6196369.27  2.64%  15.7 3185s
 2136472 394187 6256371.65  643  112 6364696.69 6196377.22  2.64%  15.7 3190s
 2139734 396011     cutoff  906      6364696.69 6196381.40  2.64%  15.7 3195s
 2141878 396934     cutoff  750      6364696.69 6196384.38  2.64%  15.8 3200s
 2144491 397741     cutoff  500      6364696.69 6196390.88  2.64%  15.8 3205s
 2147334 398863 6270847.08  651  118 6364696.69 6196396.01  2.64%  15.8 3210s
 2150253 400058     cutoff  361      6364696.69 6196401.94  2.64%  15.8 3215s
 2152723 401118     cutoff  586      6364696.69 6196405.19  2.64%  15.9 3220s
 2156584 403337     cutoff  702      6364696.69 6196412.74  2.64%  15.9 3225s
 2160434 405474     cutoff  248      6364696.69 6196419.55  2.64%  15.9 3230s
 2162786 406305     cutoff  761      6364696.69 6196424.27  2.64%  16.0 3235s
 2165988 408313     cutoff  452      6364696.69 6196430.79  2.64%  16.0 3240s
 2169490 409909 6245978.77  608  121 6364696.69 6196442.49  2.64%  16.0 3245s
 2173753 411741 6288328.14  522  109 6364696.69 6196450.37  2.64%  16.0 3250s
 2177022 413121 6328551.31  508  114 6364696.69 6196453.96  2.64%  16.1 3255s
 2181096 415121     cutoff  484      6364696.69 6196463.64  2.64%  16.1 3260s
 2183775 416029     cutoff  493      6364696.69 6196469.10  2.64%  16.1 3265s
 2186239 417300 6362494.63  590   95 6364696.69 6196474.86  2.64%  16.2 3270s
 2189649 418741     cutoff  181      6364696.69 6196482.10  2.64%  16.2 3275s
 2192320 419510     cutoff  758      6364696.69 6196489.58  2.64%  16.2 3280s
 2195636 421523     cutoff  862      6364696.69 6196495.84  2.64%  16.3 3285s
 2197817 422333     cutoff  284      6364696.69 6196500.87  2.64%  16.3 3290s
 2200516 423342     cutoff  288      6364696.69 6196509.37  2.64%  16.3 3295s
 2203176 424256     cutoff  640      6364696.69 6196518.05  2.64%  16.3 3300s
 2206307 425457 6284856.84  400  106 6364696.69 6196523.92  2.64%  16.4 3305s
 2208993 426562 6252229.86  516  118 6364696.69 6196528.85  2.64%  16.4 3310s
 2212011 428110     cutoff  520      6364696.69 6196535.36  2.64%  16.4 3315s
 2214853 428925 6364046.98  593  126 6364696.69 6196547.06  2.64%  16.5 3320s
 2217665 430218 6252768.99  937  121 6364696.69 6196552.54  2.64%  16.5 3325s
 2220222 431424     cutoff  449      6364696.69 6196559.27  2.64%  16.5 3330s
 2222989 432295     cutoff  326      6364696.69 6196565.89  2.64%  16.5 3335s
 2226078 433827     cutoff  590      6364696.69 6196573.30  2.64%  16.6 3340s
 2228641 434787     cutoff  433      6364696.69 6196583.09  2.64%  16.6 3345s
 2230825 435716 6273782.88  773  112 6364696.69 6196587.15  2.64%  16.6 3350s
 2233736 436763     cutoff  923      6364696.69 6196594.57  2.64%  16.7 3355s
 2236597 437994     cutoff  430      6364696.69 6196604.71  2.64%  16.7 3360s
 2239081 438970     cutoff  182      6364696.69 6196612.83  2.64%  16.7 3365s
 2241776 440305 6347633.01  776  113 6364696.69 6196621.26  2.64%  16.7 3370s
 2244547 441367     cutoff 1252      6364696.69 6196629.56  2.64%  16.8 3375s
 2247356 442777 6274043.49  398  113 6364696.69 6196633.69  2.64%  16.8 3380s
 2250814 444300 infeasible  748      6364696.69 6196640.22  2.64%  16.8 3385s
 2253689 445411     cutoff  604      6364696.69 6196647.92  2.64%  16.8 3390s
 2256244 446385 6360973.48  557   95 6364696.69 6196656.54  2.64%  16.9 3395s
 2258204 447097 6288868.35  517  119 6364696.69 6196662.78  2.64%  16.9 3400s
 2260914 448155 6358563.56  797  113 6364696.69 6196666.64  2.64%  16.9 3405s
 2263893 449799 6319608.26 1233  110 6364696.69 6196675.31  2.64%  16.9 3410s
 2266658 450669     cutoff  678      6364696.69 6196680.31  2.64%  17.0 3415s
 2269620 452371 6271967.01 1266  111 6364696.69 6196686.24  2.64%  17.0 3420s
 2273311 454215 6251615.11  150  114 6364696.69 6196698.06  2.64%  17.0 3425s
 2277550 455969     cutoff  804      6364696.69 6196707.78  2.64%  17.1 3430s
 2280148 457023 6251491.90  843  113 6364696.69 6196715.28  2.64%  17.1 3435s
 2283095 458220 6257388.78  675  111 6364696.69 6196720.32  2.64%  17.1 3440s
 2286113 459371     cutoff  620      6364696.69 6196727.96  2.64%  17.2 3445s
 2289139 460825     cutoff  244      6364696.69 6196733.05  2.64%  17.2 3450s
 2291936 461553 6247564.82 1128  121 6364696.69 6196737.72  2.64%  17.2 3455s
 2295117 463039 6279245.03  338  110 6364696.69 6196743.04  2.64%  17.2 3460s
 2298713 464568     cutoff 1159      6364696.69 6196748.47  2.64%  17.3 3465s
 2301399 465557     cutoff  762      6364696.69 6196752.59  2.64%  17.3 3470s
 2304198 466241 6339651.00  352  112 6364696.69 6196757.51  2.64%  17.3 3475s
 2306798 467195 6298746.24  810  113 6364696.69 6196763.31  2.64%  17.4 3480s
 2310314 468155 6313807.02 1193  110 6364696.69 6196767.84  2.64%  17.4 3485s
 2314675 469612     cutoff 1229      6364696.69 6196775.27  2.64%  17.4 3490s
 2319193 472272 6266674.22  311  115 6364696.69 6196780.09  2.64%  17.5 3495s
 2323600 473242 6252935.85  353  110 6364696.69 6196786.84  2.64%  17.5 3500s
 2326248 474036 6265906.87 1226  117 6364696.69 6196790.19  2.64%  17.5 3505s
 2328556 474751 6245871.71 1439   99 6364696.69 6196795.42  2.64%  17.6 3510s
 2331090 475227 6242957.78  582  116 6364696.69 6196798.67  2.64%  17.6 3515s
 2334107 476388     cutoff  591      6364696.69 6196803.88  2.64%  17.6 3520s
 2336449 477059     cutoff 1231      6364696.69 6196811.11  2.64%  17.7 3525s
 2339723 478767     cutoff  101      6364696.69 6196814.58  2.64%  17.7 3530s
 2342827 480382 6245355.14 1469   98 6364696.69 6196824.69  2.64%  17.7 3535s
 2345877 481972     cutoff 1189      6364696.69 6196829.84  2.64%  17.7 3540s
 2348856 483224 6260188.26  321  117 6364696.69 6196837.02  2.64%  17.8 3545s
 2351813 483995 6275809.08 1466  110 6364696.69 6196842.68  2.64%  17.8 3550s
 2354594 484785 6289933.99  681  111 6364696.69 6196847.08  2.64%  17.8 3555s
 2357606 486016     cutoff 1483      6364696.69 6196852.48  2.64%  17.8 3560s
 2360887 487651     cutoff 1507      6364696.69 6196858.19  2.64%  17.9 3565s
 2363940 488967 6245297.12 1486   98 6364696.69 6196864.56  2.64%  17.9 3570s
 2366848 489796 6324690.66  756  111 6364696.69 6196868.89  2.64%  17.9 3575s
 2369340 490714     cutoff  652      6364696.69 6196873.90  2.64%  17.9 3580s
 2372545 492410 6262379.32 1201  110 6364696.69 6196877.05  2.64%  18.0 3585s
 2376141 493632 6246467.37 1228  115 6364696.69 6196880.84  2.64%  18.0 3590s
 2379781 495315     cutoff  503      6364696.69 6196885.20  2.64%  18.0 3595s
 2383049 496511 6290675.53 1474  115 6364696.69 6196890.54  2.64%  18.0 3600s

Cutting planes:
  RLT: 89

Explored 2383178 nodes (43008224 simplex iterations) in 3600.04 seconds (2378.82 work units)
Thread count was 2 (of 24 available processors)

Solution count 10: 6.3647e+06 6.3647e+06 6.36753e+06 ... 6.4137e+06

Time limit reached
Best objective 6.364696688223e+06, best bound 6.196890542787e+06, gap 2.6365%
