
Gurobi 11.0.3 (linux64, Java) logging started seg 02 dez 2024 07:24:14 -03

Set parameter Username
Academic license - for non-commercial use only - expires 2025-10-10
Set parameter NonConvex to value 2
Set parameter TimeLimit to value 3600
Set parameter LogToConsole to value 0
Set parameter MIPGap to value 4.7614803339461642e-08
Set parameter Threads to value 2
Set parameter NodefileDir to value "/home/ps12398/experiment_epec/goalProgrammingMarcos/"
Set parameter NodefileStart to value 1
Gurobi Optimizer version 11.0.3 build v11.0.3rc0 (linux64)

CPU model: Intel(R) Xeon(R) CPU           X5650  @ 2.67GHz, instruction set [SSE2]
Thread count: 12 physical cores, 24 logical processors, using up to 2 threads

Optimize a model with 61384 rows, 41336 columns and 205178 nonzeros
Model fingerprint: 0x277c826a
Model has 148 quadratic constraints
Variable types: 20598 continuous, 20738 integer (143 binary)
Coefficient statistics:
  Matrix range     [7e-03, 6e+06]
  QMatrix range    [7e-03, 1e+05]
  QLMatrix range   [1e+00, 1e+05]
  Objective range  [1e+00, 4e+07]
  Bounds range     [1e+00, 1e+08]
  RHS range        [1e+00, 5e+06]
  QRHS range       [8e-02, 8e-02]
Presolve removed 61040 rows and 40627 columns
Presolve time: 0.12s
Presolved: 910 rows, 885 columns, 20546 nonzeros
Presolved model has 2 SOS constraint(s)
Presolved model has 143 bilinear constraint(s)

Solving non-convex MIQCP

Variable types: 467 continuous, 418 integer (145 binary)
Found heuristic solution: objective 1.011730e+07

Root relaxation: objective 6.177777e+06, 280 iterations, 0.02 seconds (0.01 work units)

    Nodes    |    Current Node    |     Objective Bounds      |     Work
 Expl Unexpl |  Obj  Depth IntInf | Incumbent    BestBd   Gap | It/Node Time

     0     0 6177776.90    0  133 1.0117e+07 6177776.90  38.9%     -    0s
H    0     0                    8388729.5731 6177776.90  26.4%     -    0s
     0     0 6669836.28    0  137 8388729.57 6669836.28  20.5%     -    0s
H    0     0                    7900932.3208 6669852.27  15.6%     -    0s
     0     0 6699848.81    0  139 7900932.32 6699848.81  15.2%     -    0s
H    0     0                    7652987.5919 6699862.52  12.5%     -    0s
     0     0 6699902.90    0  139 7652987.59 6699902.90  12.5%     -    0s
     0     0 6699914.16    0  139 7652987.59 6699914.16  12.5%     -    0s
H    0     0                    7620592.0434 6699917.24  12.1%     -    0s
     0     2 6699917.24    0  139 7620592.04 6699917.24  12.1%     -    0s
H   77    80                    7611853.3427 6700241.81  12.0%   1.7    0s
H  757   768                    7584863.6280 6700241.81  11.7%   1.6    1s
H 1096  1106                    7574878.6868 6700241.81  11.5%   1.5    2s
H 1944  2032                    7567165.6416 6700241.81  11.5%   1.7    3s
H 1988  2032                    7522091.9254 6700241.81  10.9%   1.7    3s
H 2215  2267                    7514619.4866 6700241.81  10.8%   1.9    3s
H 2802  2844                    7513141.0653 6700241.81  10.8%   2.2    3s
H 3718  3720                    7510403.5925 6700241.81  10.8%   2.6    4s
  3720  3721 7003217.34 1204   32 7510403.59 6700241.81  10.8%   2.6    5s
H 3742  3552                    7503816.7692 7048982.66  6.06%   2.8    7s
H 3742  3374                    7503755.1036 7048982.66  6.06%   2.8    7s
H 3750  3211                    7503491.0857 7049116.64  6.06%   2.9    7s
H 3750  3051                    7503432.3537 7049116.64  6.05%   2.9    7s
H 5339  4019                    7483583.3648 7082739.21  5.36%   3.6    9s
  5400  4107 7117813.42  520  128 7483583.36 7082739.21  5.36%   3.6   10s
H 5436  3950                    7474158.0338 7082739.21  5.24%   3.7   10s
H 5982  4171                    7473894.3438 7082739.21  5.23%   4.1   10s
H 6406  4372                    7471671.9573 7082739.21  5.21%   4.8   10s
H 6979  4640                    7464093.4289 7082739.21  5.11%   5.4   11s
H 8214  5410                    7464069.7908 7082739.21  5.11%   6.3   12s
H 8637  5493                    7462932.2072 7082739.21  5.09%   6.4   12s
H10286  6716                    7459991.1963 7082739.21  5.06%   7.6   14s
H10480  6907                    7459696.3319 7082739.21  5.05%   7.8   14s
 10866  7244 7194234.72 1817  118 7459696.33 7082739.21  5.05%   8.3   15s
H11062  7434                    7449003.8942 7082739.21  4.92%   8.5   15s
H11353  7756                    7448911.0572 7082739.21  4.92%   8.7   15s
H13681 10199                    7447133.2261 7082739.21  4.89%   8.4   17s
 15617 12053 7227967.13  426  129 7447133.23 7082762.57  4.89%   7.7   20s
H17464 13833                    7436053.4754 7082762.57  4.75%   7.5   21s
H17946 14314                    7432260.1049 7082762.57  4.70%   7.5   22s
H17949 14314                    7424693.6539 7082762.57  4.61%   7.5   22s
H18040 14314                    7419578.0943 7082762.57  4.54%   7.5   22s
H20180 16662                    7412573.8740 7082762.57  4.45%   7.5   23s
H20307 16662                    7412243.9970 7082762.57  4.45%   7.5   23s
H21247 17695                    7410893.5208 7082762.57  4.43%   7.6   24s
 21701 18188 7305191.42 1944   60 7410893.52 7082762.57  4.43%   7.7   25s
 26865 23264 7268670.03  632  120 7410893.52 7082774.54  4.43%   7.5   30s
 32229 28669 7356363.57  438   68 7410893.52 7082811.57  4.43%   7.3   35s
H34090 30200                    7409387.6829 7082812.93  4.41%   7.3   37s
 36227 32470 7326617.14  290   75 7409387.68 7082816.35  4.41%   7.2   40s
H40728 36084                    7402401.0071 7082825.33  4.32%   7.2   44s
 41459 37093 7314966.87 1079  116 7402401.01 7082825.33  4.32%   7.1   45s
H41587 36621                    7401047.1204 7082825.33  4.30%   7.2   45s
H41781 36603                    7401001.1953 7082825.33  4.30%   7.1   45s
H42027 36713                    7400007.2852 7082825.33  4.29%   7.1   45s
H42755 37249                    7399351.4733 7082832.60  4.28%   7.1   46s
 46669 40985 7088634.98   68  132 7399351.47 7082883.40  4.28%   6.9   50s
H51431 45138                    7399351.4577 7083068.08  4.27%   6.6   54s
 51735 45544 7327310.18  197  117 7399351.46 7083095.95  4.27%   6.6   55s
 56861 50559 7333283.51  319  114 7399351.46 7083149.59  4.27%   6.3   60s
 61154 54291 7352835.67  203  113 7399351.46 7083283.81  4.27%   6.0   65s
H61313 54291                    7399349.2636 7083283.81  4.27%   6.0   65s
H63733 56399                    7397597.4021 7083294.47  4.25%   5.9   67s
H64606 56550                    7395429.7344 7083294.47  4.22%   5.9   68s
 66103 57625 7326985.12  118  119 7395429.73 7083329.94  4.22%   5.9   70s
H68681 59937                    7395429.5829 7083351.53  4.22%   5.8   72s
 71289 62491 7212733.50   85  133 7395429.58 7083375.41  4.22%   5.6   75s
 76102 66993 7373393.96  337  106 7395429.58 7083448.52  4.22%   5.6   80s
 79941 70472 7289557.24  170   89 7395429.58 7083508.06  4.22%   5.5   85s
H81451 71697                    7395429.4819 7083522.90  4.22%   5.5   86s
H81641 71739                    7395322.6829 7083523.01  4.22%   5.5   86s
H84048 74091                    7395322.4722 7083537.67  4.22%   5.5   89s
 84506 74561 7104847.39   60  133 7395322.47 7083542.14  4.22%   5.5   90s
 89303 79085 7278796.80   76   94 7395322.47 7083657.57  4.21%   5.4   95s
 93826 83189 7311549.04  264   79 7395322.47 7083744.11  4.21%   5.3  100s
 98792 87355 7311632.45  111  119 7395322.47 7083777.23  4.21%   5.2  105s
 103946 92051 7319014.18   93  120 7395322.47 7083836.12  4.21%   5.2  110s
 109242 96791     cutoff  184      7395322.47 7083838.80  4.21%   5.1  115s
 114029 100730 7223680.93  118  130 7395322.47 7083883.07  4.21%   5.1  120s
 118916 105207 7268968.86   80   85 7395322.47 7083953.82  4.21%   5.1  125s
 123654 109692 7350526.61  745   54 7395322.47 7083978.22  4.21%   5.1  130s
 129583 115199 7249480.85   87   94 7395322.47 7083996.10  4.21%   5.0  135s
 137491 122502 7201748.49   66  127 7395322.47 7084020.72  4.21%   5.0  140s
 142560 126954 7319618.06  202  116 7395322.47 7084031.83  4.21%   5.0  145s
 147537 131888 7375019.56  343  111 7395322.47 7084062.83  4.21%   5.0  150s
 152887 136702 7340719.83  134  113 7395322.47 7084134.38  4.21%   5.0  155s
 157755 140927 7387709.99  165  102 7395322.47 7084195.15  4.21%   5.0  160s
 162633 145487 7393424.03 1160   40 7395322.47 7084236.63  4.21%   4.9  165s
 168485 150567 7200673.88   61  130 7395322.47 7084429.71  4.20%   4.9  170s
 173469 155128 7260584.48  101   93 7395322.47 7084514.61  4.20%   4.9  175s
 178757 159749 7299506.34  239   84 7395322.47 7084623.14  4.20%   4.9  180s
 183324 163334 7302425.81  140   82 7395322.47 7084807.37  4.20%   4.8  185s
 187868 167371 7356463.09  165   79 7395322.47 7084868.78  4.20%   4.8  190s
 192482 171359 7377802.23  148  114 7395322.47 7085028.54  4.20%   4.8  195s
 196923 175429 7266719.46  119   92 7395322.47 7085206.34  4.19%   4.9  200s
 201874 179640 7340823.33  261  118 7395322.47 7085427.31  4.19%   4.9  205s
 206691 183983 7328305.81  348  112 7395322.47 7085645.03  4.19%   4.9  210s
 212382 188743 7390824.01  562   47 7395322.47 7085904.00  4.18%   4.9  215s
 218019 193021 7385830.07  849   49 7395322.47 7085979.75  4.18%   4.9  220s
 222590 196497 7293099.11  127  123 7395322.47 7086048.16  4.18%   5.0  225s
 226226 199728     cutoff  194      7395322.47 7086152.95  4.18%   5.0  230s
 230769 203635     cutoff  161      7395322.47 7086187.12  4.18%   5.0  235s
 236173 208481 7311741.75  121   80 7395322.47 7086213.40  4.18%   5.0  240s
 241048 213015 7263694.37  343  123 7395322.47 7086291.66  4.18%   5.0  245s
 245815 217526 7326969.50  576   74 7395322.47 7086294.83  4.18%   5.0  250s
 250509 221335 7304222.34  294  111 7395322.47 7086618.51  4.17%   5.0  255s
 256094 225772     cutoff  265      7395322.47 7086632.58  4.17%   5.0  260s
 260930 230015 7323884.38  142  120 7395322.47 7086710.64  4.17%   5.0  265s
 265733 234055 7387733.79  129  112 7395322.47 7086856.35  4.17%   5.0  270s
 269822 238061 7338994.75  701   72 7395322.47 7086862.27  4.17%   5.0  275s
 273990 241331 7360509.05  185  113 7395322.47 7086914.97  4.17%   5.0  280s
 278620 245413 7262757.91  156   88 7395322.47 7087064.68  4.17%   5.0  285s
 283790 250144 7383354.02  397   99 7395322.47 7087167.27  4.17%   5.0  290s
 288677 254375 7369614.14  655  108 7395322.47 7087368.04  4.16%   5.0  295s
 293197 258200 7256535.63  188  124 7395322.47 7087420.58  4.16%   5.0  300s
 297802 262141 7331855.92  322  119 7395322.47 7087527.98  4.16%   5.0  305s
 303308 267572 7324930.38  204  115 7395322.47 7087561.40  4.16%   5.1  310s
 308345 272075 7327267.03  149  118 7395322.47 7087638.90  4.16%   5.1  315s
 312917 276013 7275313.53  204  124 7395322.47 7087800.73  4.16%   5.1  320s
 316757 279156     cutoff  259      7395322.47 7087926.87  4.16%   5.1  325s
 321382 283281 infeasible  280      7395322.47 7088064.28  4.15%   5.0  330s
 325912 287489 7379171.66  440   58 7395322.47 7088099.24  4.15%   5.1  335s
 330540 291647 7263710.42  231   92 7395322.47 7088200.02  4.15%   5.1  340s
 335873 296737 7373604.14 1090   60 7395322.47 7088262.63  4.15%   5.1  345s
 340803 301421 7372244.42 1255   93 7395322.47 7088298.62  4.15%   5.1  350s
 346042 306109 7395322.34  316  100 7395322.47 7088360.91  4.15%   5.0  355s
 351508 310998 7276636.38  267  123 7395322.47 7088425.24  4.15%   5.1  360s
 356344 315442 7382698.07  449   53 7395322.47 7088429.34  4.15%   5.1  365s
 361131 319764 7371100.31  578   92 7395322.47 7088431.32  4.15%   5.0  370s
 365879 323803 7310730.25  185   86 7395322.47 7088435.77  4.15%   5.0  375s
 369286 326902 7352111.43  202  109 7395322.47 7088519.29  4.15%   5.0  380s
 373830 330900 7362091.99  286   65 7395322.47 7088566.13  4.15%   5.1  385s
 378303 334822 7322487.91   95  118 7395322.47 7088657.22  4.15%   5.1  390s
 383087 339071 7365550.84  229  114 7395322.47 7088730.36  4.15%   5.1  395s
 388355 343826 7317615.66  317  114 7395322.47 7088778.50  4.15%   5.1  400s
 394661 349008 7387352.01  649   99 7395322.47 7088829.51  4.14%   5.1  405s
 401272 354400 7282943.72  244   91 7395322.47 7088905.60  4.14%   5.1  410s
 408463 360039 7271795.06  227   87 7395322.47 7088938.12  4.14%   5.1  415s
 413463 364577 7354444.21  488   89 7395322.47 7089002.50  4.14%   5.1  420s
 417785 368479 7286653.32   70   84 7395322.47 7089042.17  4.14%   5.1  425s
 422590 372775 7379940.42  231   72 7395322.47 7089079.40  4.14%   5.1  430s
 427135 376941 7377273.90   95  112 7395322.47 7089103.38  4.14%   5.1  435s
 431000 380393 7262699.19  146  125 7395322.47 7089177.74  4.14%   5.1  440s
 435591 384159 7380838.19   91  112 7395322.47 7089228.02  4.14%   5.1  445s
 439776 387768 7383373.21  810   89 7395322.47 7089275.78  4.14%   5.1  450s
 443294 391522 7384014.77 1533   87 7395322.47 7089275.78  4.14%   5.2  455s
 448053 395511 7384583.32  490  102 7395322.47 7089328.33  4.14%   5.2  460s
 452417 399281 7313806.80  165   86 7395322.47 7089396.34  4.14%   5.2  465s
 458884 404826     cutoff   98      7395322.47 7089451.51  4.14%   5.1  470s
 463685 409585 7312968.28  529  119 7395322.47 7089510.66  4.14%   5.2  475s
 467644 412470     cutoff  240      7395322.47 7089575.98  4.13%   5.2  480s
 472111 416440 7225673.17  133  127 7395322.47 7089620.17  4.13%   5.2  485s
 476919 420800 7301681.24   85   82 7395322.47 7089623.26  4.13%   5.1  490s
 480432 423391 7350686.33  131  118 7395322.47 7089647.24  4.13%   5.1  495s
 485032 427649 7227631.54  117   93 7395322.47 7089679.12  4.13%   5.1  500s
 489344 430658     cutoff  217      7395322.47 7089723.81  4.13%   5.1  505s
 493293 434034 7394133.30  115  114 7395322.47 7089752.23  4.13%   5.1  510s
 497377 437477     cutoff  106      7395322.47 7089800.37  4.13%   5.1  515s
 501282 440682 7311972.66  351   75 7395322.47 7089876.48  4.13%   5.1  520s
 505766 444426 7212835.75   67  129 7395322.47 7089920.93  4.13%   5.1  525s
 509550 447572 7342788.35  211  112 7395322.47 7090021.18  4.13%   5.2  530s
 513398 450659 7279576.52  188  123 7395322.47 7090093.14  4.13%   5.2  535s
 517773 455115 7293571.83  195  119 7395322.47 7090137.48  4.13%   5.2  540s
 521589 458687 7268355.35  276  118 7395322.47 7090149.93  4.13%   5.1  545s
 525779 462219 7315775.01  389   80 7395322.47 7090198.52  4.13%   5.2  550s
 530038 465531     cutoff  255      7395322.47 7090284.80  4.12%   5.2  555s
 534857 469512 7351929.04   86  116 7395322.47 7090395.82  4.12%   5.2  560s
 539256 473144 7374118.99  102   73 7395322.47 7090479.37  4.12%   5.2  565s
 543060 476590 7384667.15  354  105 7395322.47 7090526.62  4.12%   5.2  570s
 547166 479836     cutoff   95      7395322.47 7090686.16  4.12%   5.2  575s
 551142 483286 7345719.96   86  117 7395322.47 7090779.57  4.12%   5.2  580s
 555240 487030 7304659.49  196  120 7395322.47 7090886.96  4.12%   5.2  585s
 559667 490541 7277468.74  137  120 7395322.47 7091019.48  4.11%   5.2  590s
 563510 493533 7314458.30  228  118 7395322.47 7091133.77  4.11%   5.2  595s
 568008 497433 7289062.01  159  129 7395322.47 7091211.64  4.11%   5.2  600s
 572482 501158 7373431.45  117  111 7395322.47 7091284.25  4.11%   5.2  605s
 576632 504964 7361085.98  392   68 7395322.47 7091332.66  4.11%   5.2  610s
 580795 508358 7231443.15  117   95 7395322.47 7091434.09  4.11%   5.2  615s
 584532 511365 7350459.93  388  110 7395322.47 7091542.80  4.11%   5.2  620s
 587846 514369     cutoff  285      7395322.47 7091640.61  4.11%   5.2  625s
 591349 516894 7299373.41  128  125 7395322.47 7091754.26  4.10%   5.3  630s
 596474 521749 7388952.84 2556   49 7395322.47 7091774.80  4.10%   5.2  635s
 600584 525673 7378846.35  354   71 7395322.47 7091826.20  4.10%   5.3  640s
 604487 528389     cutoff  247      7395322.47 7091942.79  4.10%   5.3  645s
 608500 532384 7371874.61  388  103 7395322.47 7092007.80  4.10%   5.3  650s
 612821 535902 7234983.36   79   96 7395322.47 7092040.07  4.10%   5.3  655s
 616143 538719 7342993.43   98   82 7395322.47 7092158.76  4.10%   5.3  660s
 620588 542955 7384718.34  369   98 7395322.47 7092231.23  4.10%   5.3  665s
 625524 546923 7328089.43  229  109 7395322.47 7092261.05  4.10%   5.2  670s
 629440 550147     cutoff  172      7395322.47 7092337.83  4.10%   5.3  675s
 634381 554669 7322506.22  124   86 7395322.47 7092365.10  4.10%   5.3  680s
 637014 556173 7384481.03  122  112 7395322.47 7092464.14  4.10%   5.3  685s
H640204 558065                    7394661.6044 7092521.51  4.09%   5.3  689s
 640920 558534 7316025.49  305   87 7394661.60 7092529.07  4.09%   5.3  690s
H642069 559419                    7394660.4021 7092532.67  4.09%   5.3  691s
 644385 561444 7316310.28   95  124 7394660.40 7092587.13  4.09%   5.3  695s
 648751 565199 7317665.50  131   76 7394660.40 7092656.64  4.08%   5.3  700s
 653120 569443 7377633.98  585   56 7394660.40 7092673.21  4.08%   5.3  705s
 657408 573430 7380963.68 2037   52 7394660.40 7092673.21  4.08%   5.3  710s
 661826 577102 7221380.57   63   96 7394660.40 7092717.25  4.08%   5.3  715s
 665934 580491 7365388.02  116   75 7394660.40 7092787.97  4.08%   5.3  720s
 670604 584693 7303395.64  227  114 7394660.40 7092899.16  4.08%   5.3  725s
 674493 587795 7226287.76  119  126 7394660.40 7092963.15  4.08%   5.3  730s
 678125 590945     cutoff  131      7394660.40 7093024.63  4.08%   5.3  735s
 682833 595337 7343951.21  342  106 7394660.40 7093029.23  4.08%   5.3  740s
 687618 599017 7359201.69  101  115 7394660.40 7093084.38  4.08%   5.3  745s
 691522 602492 7247137.68   74  129 7394660.40 7093181.98  4.08%   5.3  750s
 698377 608535 7319611.27  101  122 7394660.40 7093199.59  4.08%   5.3  755s
 703790 613222     cutoff  114      7394660.40 7093271.47  4.08%   5.3  760s
 709403 617649 7377680.90  401  103 7394660.40 7093350.59  4.07%   5.3  765s
 714775 621847 7343678.71   85  120 7394660.40 7093435.94  4.07%   5.3  770s
 719264 626169 7340726.82  261  109 7394660.40 7093453.66  4.07%   5.3  775s
 723896 629973 7286294.29  267   87 7394660.40 7093488.33  4.07%   5.3  780s
 728454 633789     cutoff  300      7394660.40 7093515.10  4.07%   5.3  785s
 732721 637509 7366262.91  335  107 7394660.40 7093587.26  4.07%   5.3  790s
 736021 640106 7235018.07  211   88 7394660.40 7093632.80  4.07%   5.3  795s
 740375 643981 7277491.33   74   86 7394660.40 7093649.53  4.07%   5.3  800s
 744925 648163 7365218.71  334  105 7394660.40 7093675.31  4.07%   5.4  805s
 749655 652082 7387069.06  345   96 7394660.40 7093692.89  4.07%   5.4  810s
 753699 655675 7279176.41  193  114 7394660.40 7093721.16  4.07%   5.4  815s
 758201 659234     cutoff  114      7394660.40 7093755.41  4.07%   5.4  820s
 762280 662490     cutoff   90      7394660.40 7093803.06  4.07%   5.4  825s
 766178 665917 7366725.42  290  103 7394660.40 7093884.41  4.07%   5.4  830s
 770105 669119 7371916.22  293   66 7394660.40 7093919.54  4.07%   5.4  835s
 773937 672437 7391092.01  101  111 7394660.40 7093961.88  4.07%   5.4  840s
 778639 676460 7379912.68  116  114 7394660.40 7093992.45  4.07%   5.4  845s
 782902 680300 7326291.81  258  110 7394660.40 7094016.88  4.07%   5.4  850s
 787236 683882 7325802.56  124  126 7394660.40 7094048.38  4.07%   5.4  855s
 791120 687041 7273553.85  195  126 7394660.40 7094106.34  4.06%   5.4  860s
 795306 690599 7385453.14   88  114 7394660.40 7094146.14  4.06%   5.4  865s
 800011 694747 7388880.24   98  112 7394660.40 7094183.22  4.06%   5.4  870s
 803574 697675 7385209.49  252  106 7394660.40 7094218.98  4.06%   5.4  875s
 807572 700951 7307437.03  137   87 7394660.40 7094292.53  4.06%   5.4  880s
 811984 704868 7342639.20  201  113 7394660.40 7094324.55  4.06%   5.4  885s
 815975 708272 7270025.96  149  124 7394660.40 7094371.13  4.06%   5.4  890s
 820189 711463     cutoff   91      7394660.40 7094426.97  4.06%   5.4  895s
 824045 714533 7272543.36   80   85 7394660.40 7094458.10  4.06%   5.4  900s
 828407 718313 7373011.66   84  116 7394660.40 7094511.33  4.06%   5.4  905s
 833074 722434 7342392.87  118  115 7394660.40 7094558.86  4.06%   5.4  910s
 837954 727321     cutoff   94      7394660.40 7094574.35  4.06%   5.4  915s
 841353 729786 7321037.37  181  120 7394660.40 7094643.59  4.06%   5.4  920s
 845429 733501 7265872.08  134  123 7394660.40 7094726.53  4.06%   5.4  925s
 850278 737775 7324218.61  269  109 7394660.40 7094755.48  4.06%   5.4  930s
 854734 741515 7295824.09  203   87 7394660.40 7094798.79  4.06%   5.4  935s
 858515 744566 7377271.30   90  114 7394660.40 7094867.19  4.05%   5.4  940s
 862870 748201 7231769.70   73   92 7394660.40 7094939.02  4.05%   5.4  945s
 866746 751280 7382525.29   83   79 7394660.40 7094998.70  4.05%   5.4  950s
 871040 754987 7320556.38  113   88 7394660.40 7095081.21  4.05%   5.4  955s
 874011 757398 7313953.71  266   88 7394660.40 7095132.12  4.05%   5.4  960s
 878092 760747 7255727.85  234  125 7394660.40 7095176.74  4.05%   5.5  965s
H878280 760700                    7394654.3241 7095176.74  4.05%   5.4  965s
 882740 764778 7245591.28  311   93 7394654.32 7095211.28  4.05%   5.4  970s
 885785 767364 7304624.95  353   91 7394654.32 7095262.02  4.05%   5.5  975s
 889974 770353 7349517.65  318  122 7394654.32 7095299.98  4.05%   5.5  980s
 894813 774488     cutoff  261      7394654.32 7095332.03  4.05%   5.5  985s
 900702 779067     cutoff  214      7394654.32 7095378.31  4.05%   5.5  990s
 905507 783738 7361794.00  347   96 7394654.32 7095409.35  4.05%   5.5  995s
 909905 786838 7234463.89  196  120 7394654.32 7095472.01  4.05%   5.5 1000s
 914700 790933 7341068.29  253  121 7394654.32 7095546.50  4.04%   5.5 1005s
 918584 794300 7293364.19  197  118 7394654.32 7095613.73  4.04%   5.5 1010s
 923233 798352 7269189.86  160   92 7394654.32 7095657.35  4.04%   5.5 1015s
 927922 802581 7355603.53  252   78 7394654.32 7095691.19  4.04%   5.5 1020s
 931966 806072 7272490.88  337   94 7394654.32 7095724.98  4.04%   5.5 1025s
 936341 809629     cutoff   99      7394654.32 7095767.39  4.04%   5.5 1030s
 939087 811653 7377070.19  102  114 7394654.32 7095812.16  4.04%   5.5 1035s
 942836 814998 7347383.70  405   75 7394654.32 7095888.12  4.04%   5.5 1040s
 947288 818441 7380489.72  166  113 7394654.32 7095938.48  4.04%   5.5 1045s
 952060 822919 7384073.16  405   58 7394654.32 7095981.07  4.04%   5.5 1050s
 956242 826607     cutoff  367      7394654.32 7096010.24  4.04%   5.5 1055s
 960328 830257 7348353.55  307   73 7394654.32 7096043.31  4.04%   5.5 1060s
 964364 833838 7327453.65  399   80 7394654.32 7096097.71  4.04%   5.5 1065s
 969494 838380 7393164.11  477   41 7394654.32 7096156.29  4.04%   5.5 1070s
H970081 836595                    7393800.5853 7096156.29  4.03%   5.5 1071s
 973938 839658 7242159.16  161  126 7393800.59 7096203.96  4.02%   5.5 1075s
 979830 844740 7296236.96  282  122 7393800.59 7096250.42  4.02%   5.5 1080s
 985667 849622 7350740.96   84  122 7393800.59 7096299.42  4.02%   5.5 1085s
 991822 854940 7377657.28  171  112 7393800.59 7096393.47  4.02%   5.5 1090s
 997848 859780 7378285.48  252   69 7393800.59 7096486.11  4.02%   5.6 1095s
 1004379 865367 7278904.87  161  124 7393800.59 7096531.42  4.02%   5.6 1100s
 1008769 868980 7364741.97  163   75 7393800.59 7096566.62  4.02%   5.6 1105s
 1011565 871154 7318075.71  116   87 7393800.59 7096637.69  4.02%   5.6 1110s
 1015224 874177 7346485.24  226   81 7393800.59 7096695.36  4.02%   5.6 1115s
 1018920 876718     cutoff  148      7393800.59 7096754.85  4.02%   5.6 1120s
 1023333 880347 7227072.00   69   93 7393800.59 7096787.27  4.02%   5.6 1125s
 1027785 883936 7380816.90   78  117 7393800.59 7096832.78  4.02%   5.6 1130s
 1031717 887419 7388528.97  298   46 7393800.59 7096896.96  4.02%   5.6 1135s
 1035225 890426 7232951.33   84  129 7393800.59 7096938.63  4.02%   5.6 1140s
 1041404 896136 7383623.01  870   93 7393800.59 7096949.29  4.01%   5.6 1145s
 1045417 899289 7350421.07   76   86 7393800.59 7096983.53  4.01%   5.6 1150s
 1050060 903306 7387296.19  391   89 7393800.59 7097015.86  4.01%   5.6 1155s
 1054202 907131 7260940.19  352   93 7393800.59 7097045.74  4.01%   5.6 1160s
 1058831 910953 7368467.40  229  108 7393800.59 7097060.57  4.01%   5.6 1165s
 1063344 914597 7334222.47   77   85 7393800.59 7097088.29  4.01%   5.6 1170s
 1067845 919118 7333239.89  223   75 7393800.59 7097117.47  4.01%   5.6 1175s
 1074651 924870 7285882.44   69   88 7393800.59 7097145.47  4.01%   5.6 1180s
 1080046 929240 7382602.20   80   81 7393800.59 7097173.74  4.01%   5.6 1185s
 1084305 932825 7341221.84   77  124 7393800.59 7097207.54  4.01%   5.6 1190s
 1087645 935961 7252467.48  150  126 7393800.59 7097236.06  4.01%   5.6 1195s
 1092550 940313 7101889.15  149  131 7393800.59 7097241.60  4.01%   5.6 1200s
 1097163 944562 7359394.14  238  114 7393800.59 7097250.15  4.01%   5.6 1205s
 1101320 948080 7325405.97  136   87 7393800.59 7097276.41  4.01%   5.6 1210s
 1105310 950997 7382702.59   83   83 7393800.59 7097323.45  4.01%   5.6 1215s
 1109527 954675 7379124.30  275   94 7393800.59 7097369.29  4.01%   5.6 1220s
 1113974 958512 7387962.18  445  100 7393800.59 7097400.70  4.01%   5.6 1225s
H1114541 958587                    7393768.9129 7097414.70  4.01%   5.6 1225s
 1117015 960635     cutoff   85      7393768.91 7097432.33  4.01%   5.6 1230s
 1121513 964632 7253365.91  121  121 7393768.91 7097465.25  4.01%   5.6 1235s
 1126535 969089 7290581.48  151  120 7393768.91 7097477.24  4.01%   5.6 1240s
 1131531 973572 7323476.22  256   81 7393768.91 7097503.60  4.01%   5.6 1245s
 1136205 977257 7257621.94  138  123 7393768.91 7097546.91  4.01%   5.6 1250s
 1140543 981106 7264100.73  192  124 7393768.91 7097572.94  4.01%   5.6 1255s
 1144297 983933 7373716.84  399  113 7393768.91 7097609.98  4.01%   5.6 1260s
 1147830 986684 7264217.58  146  119 7393768.91 7097617.69  4.01%   5.6 1265s
 1151387 989484 7346978.43  288  117 7393768.91 7097628.12  4.01%   5.6 1270s
 1156108 993537 7223706.44   68  128 7393768.91 7097645.00  4.01%   5.6 1275s
 1160332 997661 7374637.85  380   97 7393768.91 7097660.49  4.00%   5.6 1280s
 1164206 1000656 7367772.40  236   62 7393768.91 7097679.43  4.00%   5.6 1285s
 1168524 1004264 7336178.58  184   81 7393768.91 7097708.79  4.00%   5.6 1290s
 1172922 1008488 7345624.83  429   82 7393768.91 7097712.96  4.00%   5.6 1295s
 1177684 1012765     cutoff   89      7393768.91 7097732.41  4.00%   5.6 1300s
 1182748 1016964     cutoff  296      7393768.91 7097755.32  4.00%   5.6 1305s
 1187276 1021306 7311937.72  163  115 7393768.91 7097787.81  4.00%   5.6 1310s
 1190743 1023844 7315523.43  142   79 7393768.91 7097817.04  4.00%   5.6 1315s
 1195830 1028269 7325228.39   94   83 7393768.91 7097852.51  4.00%   5.6 1320s
 1201594 1033206 7305959.37  226   94 7393768.91 7097891.92  4.00%   5.6 1325s
 1205536 1036596 7317077.87  348  112 7393768.91 7097919.33  4.00%   5.6 1330s
 1211812 1041832 7378051.79  101   71 7393768.91 7097945.68  4.00%   5.6 1335s
 1217578 1046174 7366997.40   85   82 7393768.91 7097991.71  4.00%   5.6 1340s
 1223801 1051465 7247971.37   68   92 7393768.91 7098056.32  4.00%   5.6 1345s
 1229769 1057681 7377751.52  906   96 7393768.91 7098091.52  4.00%   5.6 1350s
 1236935 1062594     cutoff   81      7393768.91 7098156.79  4.00%   5.6 1355s
 1243141 1067877 7321394.40  315  114 7393768.91 7098207.65  4.00%   5.6 1360s
 1247308 1071447 7233273.97   97  127 7393768.91 7098222.41  4.00%   5.6 1365s
 1251528 1075132 7266847.03  146   90 7393768.91 7098245.29  4.00%   5.6 1370s
 1255896 1078767 7266897.17  159  122 7393768.91 7098271.57  4.00%   5.6 1375s
 1259591 1081820 7345131.94  131  120 7393768.91 7098286.21  4.00%   5.6 1380s
 1262972 1084524     cutoff  106      7393768.91 7098329.76  4.00%   5.6 1385s
 1268097 1089277     cutoff  312      7393768.91 7098349.83  4.00%   5.6 1390s
 1273021 1093645 7357161.39  410  121 7393768.91 7098371.43  4.00%   5.6 1395s
 1278009 1098104 7360622.32  245  104 7393768.91 7098393.95  3.99%   5.6 1400s
 1282307 1101340     cutoff  394      7393768.91 7098408.47  3.99%   5.6 1405s
H1285605 1093369                    7391662.9226 7098420.19  3.97%   5.6 1409s
H1285847 1093290                    7391662.9164 7098420.19  3.97%   5.6 1410s
 1289445 1096679 7318884.18  340  112 7391662.92 7098439.76  3.97%   5.6 1415s
 1293437 1099779 7389716.31  381   97 7391662.92 7098475.31  3.97%   5.6 1420s
 1297436 1103221 7222506.17   69  129 7391662.92 7098498.62  3.97%   5.6 1425s
 1301644 1107080 7323912.64  439  121 7391662.92 7098514.26  3.97%   5.6 1430s
 1306561 1111351 7379368.14  268  105 7391662.92 7098563.52  3.97%   5.6 1435s
 1310619 1114375 7360259.58   78   84 7391662.92 7098598.37  3.96%   5.6 1440s
 1315052 1118182 7361804.58   88  117 7391662.92 7098629.11  3.96%   5.6 1445s
 1319831 1122353 7249294.63   66   94 7391662.92 7098661.49  3.96%   5.6 1450s
 1323795 1125666 7359261.57   82  119 7391662.92 7098703.90  3.96%   5.6 1455s
 1327244 1128741 7282155.30   69   92 7391662.92 7098729.42  3.96%   5.6 1460s
Created node file directory '/home/ps12398/experiment_epec/goalProgrammingMarcos//grbnodes7'
 1330231 1130859 7381610.39  416  119 7391662.92 7098761.67  3.96%   5.6 1468s
 1330968 1130922 7378524.33   91   80 7391662.92 7098764.93  3.96%   5.6 1470s
 1334553 1133774 7329854.19  245  114 7391662.92 7098775.89  3.96%   5.6 1475s
 1337933 1135560 7372704.22   93   74 7391662.92 7098797.42  3.96%   5.6 1480s
 1341071 1138266 7362586.65  582   68 7391662.92 7098797.42  3.96%   5.6 1485s
 1344285 1140303 7309906.36  182   79 7391662.92 7098805.30  3.96%   5.6 1490s
 1348267 1143243 7371258.98  408  114 7391662.92 7098813.46  3.96%   5.6 1495s
 1351091 1144318     cutoff  106      7391662.92 7098819.88  3.96%   5.6 1500s
 1354241 1146259     cutoff  115      7391662.92 7098824.36  3.96%   5.6 1505s
 1358033 1149955 7312275.12  359  117 7391662.92 7098828.14  3.96%   5.6 1510s
 1362508 1153995     cutoff  455      7391662.92 7098828.14  3.96%   5.6 1518s
 1363853 1155001     cutoff  156      7391662.92 7098829.83  3.96%   5.6 1520s
 1367584 1157326     cutoff  173      7391662.92 7098839.98  3.96%   5.6 1525s
 1373844 1162367 7347061.89  432  108 7391662.92 7098839.98  3.96%   5.6 1530s
 1378279 1165905     cutoff  115      7391662.92 7098854.22  3.96%   5.6 1535s
 1382842 1169773 7301878.43  170  119 7391662.92 7098857.27  3.96%   5.6 1540s
 1386454 1173068 7375887.61  324   75 7391662.92 7098857.43  3.96%   5.6 1548s
 1387343 1173747 7299378.23  143   85 7391662.92 7098862.00  3.96%   5.6 1550s
 1390698 1175762     cutoff   92      7391662.92 7098870.82  3.96%   5.6 1555s
 1394633 1178553     cutoff  231      7391662.92 7098872.42  3.96%   5.6 1560s
 1398389 1181063 7239653.57  176  125 7391662.92 7098877.33  3.96%   5.7 1565s
 1402069 1183984 7360695.68  318  100 7391662.92 7098877.33  3.96%   5.6 1570s
 1405420 1186267 7293567.11  410   87 7391662.92 7098891.98  3.96%   5.6 1575s
 1409182 1188796     cutoff  149      7391662.92 7098897.62  3.96%   5.6 1580s
 1412102 1190240 7243304.47  124  126 7391662.92 7098925.79  3.96%   5.7 1585s
 1416043 1193191     cutoff  295      7391662.92 7098926.69  3.96%   5.6 1590s
 1418938 1195248 7255969.06   80  125 7391662.92 7098942.31  3.96%   5.6 1595s
 1419352 1195672 7287170.84   89  123 7391662.92 7098942.31  3.96%   5.6 1600s
 1424141 1198933 7357634.51   77   82 7391662.92 7098960.17  3.96%   5.7 1605s
 1427649 1200520     cutoff   93      7391662.92 7098964.83  3.96%   5.7 1610s
 1433797 1206633 7381621.24  409  104 7391662.92 7098970.27  3.96%   5.7 1615s
 1438954 1209910 7387023.99  600   93 7391662.92 7098979.18  3.96%   5.7 1620s
 1442615 1212032 7377953.25  121   68 7391662.92 7098982.37  3.96%   5.7 1625s
 1446307 1214966 7378058.98  100   74 7391662.92 7098987.46  3.96%   5.7 1634s
 1447107 1215305 7384253.08   95   77 7391662.92 7098988.02  3.96%   5.7 1635s
 1450923 1218128 7313723.75  216  110 7391662.92 7098993.63  3.96%   5.7 1640s
 1454620 1221263 7382680.27  539   50 7391662.92 7098993.63  3.96%   5.7 1645s
 1457886 1223918 7379891.51 1746   91 7391662.92 7098993.63  3.96%   5.7 1650s
 1461929 1227159 7287593.88  173  119 7391662.92 7099009.08  3.96%   5.7 1655s
 1463787 1228741 7337628.35  228  109 7391662.92 7099009.08  3.96%   5.7 1660s
 1468436 1232485 7375655.73  112   75 7391662.92 7099036.92  3.96%   5.7 1665s
 1471514 1234738     cutoff   84      7391662.92 7099039.76  3.96%   5.7 1670s
 1474342 1235924 7237448.95   69   93 7391662.92 7099055.48  3.96%   5.7 1675s
 1476994 1237188 7274817.99   93  124 7391662.92 7099068.10  3.96%   5.7 1680s
 1480954 1240404 7336707.87  138  126 7391662.92 7099074.43  3.96%   5.7 1685s
 1485068 1242884 7383832.72  161  109 7391662.92 7099092.61  3.96%   5.7 1690s
 1488691 1246132 7342273.33   96   82 7391662.92 7099093.01  3.96%   5.7 1698s
 1489756 1247036 7366669.73  108  113 7391662.92 7099093.01  3.96%   5.7 1700s
 1493250 1249110     cutoff  176      7391662.92 7099101.48  3.96%   5.7 1705s
 1496988 1251786 7343492.60  229  113 7391662.92 7099104.49  3.96%   5.7 1710s
 1499777 1253691 7291345.83  182  118 7391662.92 7099110.22  3.96%   5.7 1715s
 1504295 1257297 7362446.08  114   78 7391662.92 7099123.11  3.96%   5.7 1720s
 1508543 1260546 7356895.03  156  111 7391662.92 7099132.85  3.96%   5.7 1725s
 1512249 1263537 7242897.13  106  126 7391662.92 7099141.08  3.96%   5.7 1730s
 1513995 1265387 7273103.17  162  118 7391662.92 7099141.08  3.96%   5.7 1735s
 1520458 1271279 7373426.85  506  104 7391662.92 7099141.08  3.96%   5.7 1740s
 1524120 1273339 7297284.37  178  122 7391662.92 7099160.14  3.96%   5.7 1745s
 1528315 1277217 7381534.80  747   93 7391662.92 7099160.14  3.96%   5.7 1750s
 1531198 1277597     cutoff  101      7391662.92 7099181.77  3.96%   5.7 1755s
 1533616 1279281 7259174.90  236  124 7391662.92 7099184.65  3.96%   5.7 1763s
 1534859 1280163 7290136.13  291  119 7391662.92 7099184.65  3.96%   5.7 1765s
 1538394 1282903 7385666.95  442  102 7391662.92 7099184.65  3.96%   5.7 1770s
 1542733 1285389     cutoff   92      7391662.92 7099211.23  3.96%   5.7 1775s
 1548343 1290098 7378034.10  128  112 7391662.92 7099224.73  3.96%   5.7 1780s
 1551996 1292753 7304681.82  238  117 7391662.92 7099224.75  3.96%   5.7 1785s
 1555614 1295729 7242021.83   69  127 7391662.92 7099241.02  3.96%   5.7 1793s
 1557402 1297322 7365813.69  102   79 7391662.92 7099241.15  3.96%   5.7 1795s
 1560924 1300018 7323833.01   76   80 7391662.92 7099250.73  3.96%   5.7 1800s
 1564046 1302639 7326922.94  373   80 7391662.92 7099252.91  3.96%   5.7 1805s
 1567819 1305536 7384261.10  462  105 7391662.92 7099252.91  3.96%   5.7 1810s
 1570529 1306023     cutoff  426      7391662.92 7099296.79  3.96%   5.7 1815s
 1573898 1307470 7385701.48   82   79 7391662.92 7099311.36  3.96%   5.7 1820s
 1577274 1309293     cutoff  415      7391662.92 7099322.39  3.96%   5.7 1825s
 1580364 1310657     cutoff  150      7391662.92 7099339.36  3.95%   5.7 1830s
 1583745 1313438     cutoff   88      7391662.92 7099347.52  3.95%   5.7 1838s
 1585228 1314115 7369739.79   84   83 7391662.92 7099357.46  3.95%   5.7 1840s
 1588941 1317174 7360057.31  171  119 7391662.92 7099363.78  3.95%   5.7 1845s
 1592729 1320287 7106301.30   67  131 7391662.92 7099372.80  3.95%   5.7 1850s
 1597014 1323406 7359036.61   85  117 7391662.92 7099378.72  3.95%   5.7 1855s
 1600790 1326142 7389213.30  107   74 7391662.92 7099384.23  3.95%   5.7 1860s
 1603986 1328769 7391316.68  112   82 7391662.92 7099396.09  3.95%   5.7 1867s
 1605470 1329877 7373408.86   87   80 7391662.92 7099401.34  3.95%   5.7 1870s
 1610410 1334653 7309556.17  222  115 7391662.92 7099403.99  3.95%   5.7 1875s
 1615577 1338924 7374685.97  144   71 7391662.92 7099405.26  3.95%   5.7 1880s
 1618468 1340676 7277891.63  251  122 7391662.92 7099406.23  3.95%   5.7 1885s
 1621554 1343852 7346125.30  376  104 7391662.92 7099406.23  3.95%   5.7 1890s
 1626898 1348596     cutoff   92      7391662.92 7099406.76  3.95%   5.7 1895s
 1630414 1351067     cutoff  175      7391662.92 7099411.03  3.95%   5.7 1900s
 1633091 1352661     cutoff  176      7391662.92 7099418.45  3.95%   5.7 1905s
 1635497 1354642 7282902.46  215  123 7391662.92 7099418.50  3.95%   5.7 1912s
 1638607 1357475 7364561.48  330  107 7391662.92 7099418.50  3.95%   5.7 1915s
 1642597 1359983 7282297.81   75  123 7391662.92 7099432.25  3.95%   5.7 1920s
 1647448 1363698 7367226.84   89  116 7391662.92 7099433.01  3.95%   5.7 1925s
 1652629 1368084 7354363.73   94   84 7391662.92 7099442.28  3.95%   5.7 1930s
 1655568 1369839 7387345.40  231  116 7391662.92 7099451.34  3.95%   5.7 1936s
 1659079 1372722 7241972.65  216   96 7391662.92 7099459.35  3.95%   5.7 1940s
 1663463 1376268 7362281.57  136  114 7391662.92 7099466.49  3.95%   5.7 1945s
 1667668 1378626 7378565.26  114   73 7391662.92 7099477.55  3.95%   5.7 1950s
 1673065 1383065 7388539.70  104  114 7391662.92 7099492.66  3.95%   5.7 1955s
 1675071 1384808 7263185.75  140  124 7391662.92 7099503.18  3.95%   5.7 1961s
 1679161 1389017 7373663.38  349  100 7391662.92 7099503.18  3.95%   5.7 1965s
 1683602 1392578     cutoff  113      7391662.92 7099507.54  3.95%   5.7 1970s
 1686168 1393033     cutoff   85      7391662.92 7099518.46  3.95%   5.7 1975s
 1690495 1396946 7342954.51  311  107 7391662.92 7099518.46  3.95%   5.7 1980s
 1693138 1399237 7371965.70  361  106 7391662.92 7099518.46  3.95%   5.7 1987s
 1694973 1400440 7242088.52   65   94 7391662.92 7099532.90  3.95%   5.7 1990s
 1700141 1405632 7334495.90  271  105 7391662.92 7099532.90  3.95%   5.7 1995s
 1703634 1407619     cutoff   90      7391662.92 7099542.72  3.95%   5.7 2000s
 1706159 1409107     cutoff   91      7391662.92 7099551.88  3.95%   5.7 2005s
 1709301 1410849 7370188.76   85   79 7391662.92 7099565.36  3.95%   5.7 2010s
 1713079 1413740     cutoff   87      7391662.92 7099581.95  3.95%   5.7 2015s
 1714835 1415238 7223594.90   66  129 7391662.92 7099582.66  3.95%   5.7 2020s
 1718753 1417623 7385471.48  296   73 7391662.92 7099594.45  3.95%   5.7 2025s
 1723961 1421130     cutoff  318      7391662.92 7099596.46  3.95%   5.7 2030s
 1728546 1424042 7275022.47   91  124 7391662.92 7099605.30  3.95%   5.7 2035s
 1733363 1427728 7238720.13   99  130 7391662.92 7099616.74  3.95%   5.7 2040s
 1736174 1429989 7328112.03  286  119 7391662.92 7099616.74  3.95%   5.6 2046s
 1738845 1431723 7390393.92  104  114 7391662.92 7099628.23  3.95%   5.6 2050s
 1742966 1435384 7322667.66  222  109 7391662.92 7099628.57  3.95%   5.6 2055s
 1747201 1439315 7375444.85  930   92 7391662.92 7099628.57  3.95%   5.6 2060s
 1750696 1441225 7353380.89  101   82 7391662.92 7099641.36  3.95%   5.6 2065s
 1753938 1443722     cutoff  110      7391662.92 7099649.89  3.95%   5.6 2072s
 1756160 1445195 7370552.32  192   61 7391662.92 7099652.29  3.95%   5.6 2075s
 1760251 1448713 7364753.65  426  100 7391662.92 7099652.29  3.95%   5.6 2080s
 1763375 1450560 7271138.23  114  125 7391662.92 7099670.99  3.95%   5.6 2085s
 1767520 1454181 7379019.42  332   99 7391662.92 7099670.99  3.95%   5.6 2090s
 1771622 1456873 7302846.82  536  120 7391662.92 7099685.22  3.95%   5.6 2095s
 1774441 1459169 7376034.64  621  102 7391662.92 7099685.22  3.95%   5.6 2100s
 1778425 1462665 7372024.32  113   71 7391662.92 7099718.29  3.95%   5.6 2105s
 1781704 1464929 7370590.13   84   83 7391662.92 7099722.05  3.95%   5.6 2110s
 1785855 1468185 7371762.78  424   82 7391662.92 7099748.89  3.95%   5.6 2115s
 1789783 1471101 7259517.30  189  124 7391662.92 7099766.64  3.95%   5.6 2120s
 1793471 1475024 7344419.28  338  107 7391662.92 7099766.64  3.95%   5.6 2127s
 1796573 1477916 7379872.77  706   94 7391662.92 7099766.64  3.95%   5.6 2130s
 1800652 1480580 7381443.06  112   78 7391662.92 7099780.76  3.95%   5.6 2135s
 1805435 1484259 7382297.89  102  115 7391662.92 7099802.61  3.95%   5.6 2140s
 1806814 1485643 7367972.80   98   82 7391662.92 7099804.00  3.95%   5.6 2145s
 1810740 1488551 7300311.35  172  114 7391662.92 7099807.40  3.95%   5.6 2150s
 1814723 1491470 7390821.49  306   95 7391662.92 7099818.27  3.95%   5.6 2155s
 1818689 1494397 7322596.58  323  113 7391662.92 7099823.59  3.95%   5.6 2160s
 1822156 1496877 7317211.67  162   78 7391662.92 7099838.61  3.95%   5.6 2165s
 1825599 1499398     cutoff   89      7391662.92 7099843.14  3.95%   5.6 2170s
 1829089 1501738 7305459.92  272  115 7391662.92 7099850.05  3.95%   5.6 2175s
 1830708 1503345 7350726.63  329  108 7391662.92 7099850.05  3.95%   5.6 2180s
 1833357 1504695 7376538.64  122   84 7391662.92 7099864.05  3.95%   5.7 2185s
 1837080 1507704 7384463.35   92   80 7391662.92 7099869.77  3.95%   5.6 2190s
 1841601 1511203 7328853.63  107  119 7391662.92 7099873.84  3.95%   5.6 2195s
 1845125 1513768 7276005.75  150  122 7391662.92 7099878.60  3.95%   5.6 2200s
 1848874 1517693 7333898.82  225  103 7391662.92 7099878.60  3.95%   5.6 2207s
 1851725 1520244 7379854.02  296   98 7391662.92 7099878.60  3.95%   5.6 2210s
 1855048 1522214     cutoff  112      7391662.92 7099902.52  3.95%   5.6 2215s
 1858914 1525635 7278275.83  220  122 7391662.92 7099910.75  3.95%   5.6 2220s
 1862746 1528230 7229203.03   86  126 7391662.92 7099921.80  3.95%   5.6 2225s
 1866219 1531075 7350897.53  268  109 7391662.92 7099921.80  3.95%   5.6 2230s
 1869972 1534246 7262390.12  200  124 7391662.92 7099929.08  3.95%   5.6 2235s
 1871082 1535274 7293725.31  240  123 7391662.92 7099929.08  3.95%   5.6 2240s
 1875100 1538316     cutoff  102      7391662.92 7099934.26  3.95%   5.6 2245s
 1879183 1541392     cutoff  106      7391662.92 7099944.30  3.95%   5.6 2250s
 1882609 1544030     cutoff   97      7391662.92 7099948.51  3.95%   5.6 2255s
 1886384 1546630 7300128.51  261  119 7391662.92 7099950.12  3.95%   5.6 2260s
 1888674 1548905 7346835.27  324  111 7391662.92 7099950.12  3.95%   5.6 2266s
 1890948 1549719     cutoff  142      7391662.92 7099967.75  3.95%   5.6 2270s
 1893421 1551028 7388074.43  415   97 7391662.92 7099975.95  3.95%   5.6 2275s
 1896803 1553103 7297375.19  270  125 7391662.92 7099980.07  3.95%   5.6 2280s
 1901271 1556678     cutoff  371      7391662.92 7099988.85  3.95%   5.6 2285s
 1907078 1562558 7370933.38  448  106 7391662.92 7099989.10  3.95%   5.6 2290s
 1910142 1563329 7378818.18   78  120 7391662.92 7099999.81  3.95%   5.6 2295s
 1912286 1564426 7234978.85  131  123 7391662.92 7100006.22  3.95%   5.6 2301s
 1916470 1568783 7329733.62  382  111 7391662.92 7100006.22  3.95%   5.6 2305s
 1921921 1572618 7384891.36   94   76 7391662.92 7100012.86  3.95%   5.6 2310s
 1924504 1574005 7291214.00  273  125 7391662.92 7100022.24  3.95%   5.6 2315s
 1928107 1576879 7381435.71  438   98 7391662.92 7100022.24  3.95%   5.6 2320s
 1932414 1580634 7302495.05  242  115 7391662.92 7100049.56  3.95%   5.6 2327s
 1934856 1582836 7361299.96  286  110 7391662.92 7100049.56  3.95%   5.6 2330s
 1938274 1584740 7274117.66   67  123 7391662.92 7100052.86  3.95%   5.6 2335s
 1941460 1586376 7281377.18  172  122 7391662.92 7100056.79  3.95%   5.7 2340s
 1945697 1589883 7385280.33  486   99 7391662.92 7100056.79  3.95%   5.7 2345s
 1948756 1592214     cutoff  121      7391662.92 7100068.75  3.94%   5.7 2350s
 1950478 1593369     cutoff  238      7391662.92 7100076.55  3.94%   5.7 2355s
 1953240 1595123 7279803.47  107   84 7391662.92 7100078.76  3.94%   5.7 2360s
 1957827 1597747     cutoff  106      7391662.92 7100089.30  3.94%   5.7 2365s
 1961106 1599266 7370963.79   82  117 7391662.92 7100094.82  3.94%   5.7 2370s
 1965304 1602606 7321968.43   76   88 7391662.92 7100098.41  3.94%   5.7 2375s
 1969197 1605756 7275559.71  244  124 7391662.92 7100100.36  3.94%   5.7 2380s
 1972978 1608520 7375750.82  399  109 7391662.92 7100100.36  3.94%   5.7 2388s
 1973899 1609103 7329967.91  299  115 7391662.92 7100111.10  3.94%   5.7 2390s
 1977408 1611506 7369090.70   81   84 7391662.92 7100120.28  3.94%   5.7 2395s
 1980628 1614320 7357454.02   96   79 7391662.92 7100132.76  3.94%   5.7 2400s
 1983837 1616115 7316563.22  354   88 7391662.92 7100139.27  3.94%   5.7 2405s
 1987206 1618374 7322612.13  319   86 7391662.92 7100153.97  3.94%   5.7 2410s
 1991626 1621508 7380575.86   89  117 7391662.92 7100161.12  3.94%   5.7 2415s
 1994937 1624310 7305705.67  351  116 7391662.92 7100163.06  3.94%   5.7 2421s
 1998265 1627482 7380033.71  511  101 7391662.92 7100163.06  3.94%   5.7 2425s
 2001539 1629125 7347935.32   80   87 7391662.92 7100168.27  3.94%   5.7 2430s
 2006070 1633330 7374603.65  559   98 7391662.92 7100168.27  3.94%   5.7 2435s
 2010113 1636327 7287541.54  186  119 7391662.92 7100178.85  3.94%   5.7 2440s
 2012618 1638416 7340658.09  259  108 7391662.92 7100178.85  3.94%   5.7 2445s
 2016514 1641355     cutoff  103      7391662.92 7100191.34  3.94%   5.7 2450s
H2017436 1641429                    7390599.0700 7100198.53  3.93%   5.7 2452s
H2017503 1641460                    7390598.9064 7100198.53  3.93%   5.7 2453s
 2018572 1642067     cutoff  154      7390598.91 7100205.46  3.93%   5.7 2455s
 2021799 1644498 7338410.33  493   79 7390598.91 7100206.20  3.93%   5.7 2460s
 2025827 1647120 7273903.94  308  122 7390598.91 7100210.01  3.93%   5.7 2465s
 2030900 1650878 7388729.28  708   92 7390598.91 7100217.41  3.93%   5.7 2470s
 2033107 1652828 7384011.32  224   75 7390598.91 7100217.41  3.93%   5.7 2475s
 2036963 1655247 7348133.02   76   85 7390598.91 7100237.93  3.93%   5.7 2480s
 2041235 1658726 7337627.50  324  114 7390598.91 7100241.37  3.93%   5.7 2485s
 2044423 1660024 7382482.10   83   83 7390598.91 7100253.29  3.93%   5.7 2490s
 2048394 1663358     cutoff  117      7390598.91 7100264.56  3.93%   5.7 2495s
 2051517 1665269 7387296.58   90  113 7390598.91 7100265.93  3.93%   5.7 2500s
 2053578 1667271 7242541.23   80  127 7390598.91 7100267.80  3.93%   5.7 2505s
 2058022 1670840 7332203.82  337  110 7390598.91 7100267.80  3.93%   5.7 2510s
 2060886 1672343     cutoff  365      7390598.91 7100278.69  3.93%   5.7 2515s
 2063955 1674776 7390029.19  139   67 7390598.91 7100287.68  3.93%   5.7 2520s
 2068061 1678089     cutoff  101      7390598.91 7100291.51  3.93%   5.7 2525s
 2071762 1680776 7356340.69  657  102 7390598.91 7100291.75  3.93%   5.7 2530s
 2075377 1683606 7373234.84  171   68 7390598.91 7100294.43  3.93%   5.7 2537s
 2078171 1686100 7322142.92  220  118 7390598.91 7100295.88  3.93%   5.7 2540s
 2081703 1688013 7258309.93  209  124 7390598.91 7100303.81  3.93%   5.7 2545s
 2085597 1691237 7347996.64  364  105 7390598.91 7100303.81  3.93%   5.7 2550s
 2089166 1693449 7382539.78  203   72 7390598.91 7100318.69  3.93%   5.7 2555s
 2092936 1696251 7249445.18   67  127 7390598.91 7100329.85  3.93%   5.7 2560s
 2095463 1698054 7366504.15   82   82 7390598.91 7100332.28  3.93%   5.7 2565s
 2097932 1698924 7379401.12   90   83 7390598.91 7100360.12  3.93%   5.7 2570s
 2101746 1702237 7320933.57  247  109 7390598.91 7100366.53  3.93%   5.7 2575s
 2106739 1706853     cutoff   87      7390598.91 7100366.91  3.93%   5.7 2580s
 2110807 1709664 7389975.41  209   70 7390598.91 7100372.27  3.93%   5.7 2585s
 2114702 1712689     cutoff   79      7390598.91 7100377.95  3.93%   5.7 2592s
 2116529 1713697 7382814.06  139  115 7390598.91 7100381.28  3.93%   5.7 2595s
 2122569 1718674 7375426.88  210   80 7390598.91 7100388.70  3.93%   5.7 2600s
 2127034 1720247 7370612.96  475  120 7390598.91 7100419.71  3.93%   5.7 2605s
 2131768 1723346 7297316.47  251  120 7390598.91 7100430.74  3.93%   5.7 2610s
 2136144 1727674 7371604.43  320  110 7390598.91 7100430.74  3.93%   5.7 2616s
 2139481 1729823 7317167.86   94  123 7390598.91 7100438.45  3.93%   5.7 2620s
 2142887 1731839     cutoff   86      7390598.91 7100446.07  3.93%   5.7 2625s
 2146082 1733511 7389886.10   89  116 7390598.91 7100450.31  3.93%   5.7 2630s
 2149157 1735209 7284420.34   90  120 7390598.91 7100458.16  3.93%   5.7 2635s
 2153321 1738301 7317545.35  237  109 7390598.91 7100460.05  3.93%   5.7 2640s
 2157805 1741605 7388070.65 1316   98 7390598.91 7100463.75  3.93%   5.7 2646s
 2159578 1741796 7254020.96   75   88 7390598.91 7100485.19  3.93%   5.7 2650s
 2162444 1743529 7272296.97  310  128 7390598.91 7100493.82  3.93%   5.7 2655s
 2166742 1747002 7379775.47  460  102 7390598.91 7100493.82  3.93%   5.7 2660s
 2170202 1748927     cutoff  104      7390598.91 7100511.02  3.93%   5.7 2665s
 2174768 1752394 7230548.05  105  128 7390598.91 7100517.85  3.93%   5.7 2670s
 2179788 1757469 7356608.82  339  110 7390598.91 7100517.85  3.93%   5.7 2676s
 2181928 1758857 7376359.65   91  119 7390598.91 7100519.58  3.92%   5.7 2680s
 2184859 1759677     cutoff   98      7390598.91 7100535.50  3.92%   5.7 2685s
 2188342 1762438 7306948.76  246   84 7390598.91 7100538.41  3.92%   5.7 2690s
H2192052 1764232                    7390115.4571 7100545.81  3.92%   5.7 2695s
 2194775 1765884     cutoff   96      7390115.46 7100552.93  3.92%   5.7 2700s
 2198292 1768438 7273554.14  171  122 7390115.46 7100569.36  3.92%   5.7 2705s
 2202857 1773071 7372583.18  318  100 7390115.46 7100569.36  3.92%   5.7 2711s
 2206203 1775558     cutoff   84      7390115.46 7100573.03  3.92%   5.7 2715s
 2209646 1777498 7264587.41  172  120 7390115.46 7100585.67  3.92%   5.7 2720s
 2213620 1780971 7367913.41  288  105 7390115.46 7100585.67  3.92%   5.7 2725s
 2216792 1782555 7254328.12  205  128 7390115.46 7100601.99  3.92%   5.7 2730s
 2221002 1786799 7345336.60  408  113 7390115.46 7100601.99  3.92%   5.7 2735s
 2224718 1789787 7320581.62   90   80 7390115.46 7100602.68  3.92%   5.7 2740s
 2228712 1792862 7265729.11  294  123 7390115.46 7100613.32  3.92%   5.7 2745s
 2234153 1798127 7381593.77  402  107 7390115.46 7100613.32  3.92%   5.7 2750s
 2237236 1799929 7231473.74   77  129 7390115.46 7100630.19  3.92%   5.7 2755s
 2239498 1801707 7310590.77  197  115 7390115.46 7100630.19  3.92%   5.7 2760s
 2244059 1804336 7247938.41  117  125 7390115.46 7100633.51  3.92%   5.7 2765s
 2248821 1808537 7375558.31  677   93 7390115.46 7100633.51  3.92%   5.7 2770s
 2253047 1811596 7290160.58  426   89 7390115.46 7100651.69  3.92%   5.7 2775s
 2256524 1815017 7378390.22  683   47 7390115.46 7100651.69  3.92%   5.7 2781s
 2259502 1816853 7375575.87   82   80 7390115.46 7100659.87  3.92%   5.7 2785s
 2264478 1820693 7366896.62   81   78 7390115.46 7100664.10  3.92%   5.7 2790s
 2267630 1822451 7325626.46  253  117 7390115.46 7100665.86  3.92%   5.7 2795s
 2270854 1825177 7359547.64  269  101 7390115.46 7100668.78  3.92%   5.7 2800s
 2275319 1827615 7315067.57   96  120 7390115.46 7100681.17  3.92%   5.7 2805s
 2279827 1830698 7334035.60  207  112 7390115.46 7100690.94  3.92%   5.7 2812s
 2282606 1832416 7112061.93   71  134 7390115.46 7100695.99  3.92%   5.7 2815s
 2286552 1835588     cutoff   89      7390115.46 7100707.44  3.92%   5.7 2820s
 2289471 1837417 7377448.62   89   85 7390115.46 7100710.48  3.92%   5.7 2825s
 2293356 1840594 7299479.05   71   91 7390115.46 7100717.48  3.92%   5.7 2830s
 2295678 1842470 7382782.63   81   81 7390115.46 7100719.76  3.92%   5.7 2835s
 2298569 1843144     cutoff  117      7390115.46 7100727.76  3.92%   5.7 2840s
 2302099 1845721 7314273.74  195  114 7390115.46 7100739.19  3.92%   5.7 2845s
H2305689 1848106                    7390108.0313 7100744.27  3.92%   5.7 2848s
H2305859 1848132                    7390108.0035 7100744.27  3.92%   5.7 2849s
 2306006 1848147     cutoff  117      7390108.00 7100745.13  3.92%   5.7 2850s
 2310846 1851682 7349614.42  108  110 7390108.00 7100758.08  3.92%   5.7 2855s
 2314960 1854260 7333708.01  438  123 7390108.00 7100766.72  3.92%   5.7 2860s
 2318305 1857174 7385776.26   92   78 7390108.00 7100766.72  3.92%   5.7 2865s
 2321091 1858388 7374905.87   97  114 7390108.00 7100771.73  3.92%   5.7 2870s
 2325170 1861615 7243371.21   87  126 7390108.00 7100790.92  3.91%   5.7 2875s
 2328942 1864348 7294646.44  303  119 7390108.00 7100798.64  3.91%   5.7 2880s
 2332624 1867324 7378283.40  429  103 7390108.00 7100798.64  3.91%   5.7 2885s
 2334345 1868663     cutoff  107      7390108.00 7100808.64  3.91%   5.7 2890s
 2337990 1871091 7367930.49   99   76 7390108.00 7100809.75  3.91%   5.7 2895s
 2341606 1873764 7298283.77  313  117 7390108.00 7100813.74  3.91%   5.7 2900s
 2345456 1876316 7315380.42  220   86 7390108.00 7100820.82  3.91%   5.7 2905s
 2349205 1879010 7372658.13  120  116 7390108.00 7100829.89  3.91%   5.7 2910s
 2352659 1880823 7338149.98  592   77 7390108.00 7100843.28  3.91%   5.7 2915s
 2356162 1882951 7253916.10   70   89 7390108.00 7100851.09  3.91%   5.7 2923s
 2357639 1883932     cutoff   94      7390108.00 7100855.73  3.91%   5.7 2925s
 2360883 1886617 7261425.02  111  125 7390108.00 7100858.13  3.91%   5.7 2930s
 2366424 1890932     cutoff   88      7390108.00 7100860.18  3.91%   5.7 2935s
 2371017 1892598 7235336.61   89  129 7390108.00 7100869.78  3.91%   5.7 2940s
H2372498 1893733                    7390107.8859 7100869.78  3.91%   5.7 2941s
 2373830 1894955 7320330.44  266  115 7390107.89 7100869.78  3.91%   5.7 2946s
H2375210 1895866                    7390107.8581 7100869.78  3.91%   5.7 2948s
 2376067 1896365 7361844.62   78   82 7390107.86 7100874.41  3.91%   5.7 2950s
 2378828 1897362 7373349.70  419  104 7390107.86 7100885.43  3.91%   5.7 2955s
 2382322 1899792 7323789.51  218  110 7390107.86 7100888.44  3.91%   5.7 2960s
 2385655 1901738 7374442.77  254  117 7390107.86 7100901.63  3.91%   5.7 2965s
 2389533 1904902 7338923.77  275  104 7390107.86 7100901.63  3.91%   5.7 2970s
 2392626 1906481     cutoff  113      7390107.86 7100905.40  3.91%   5.7 2975s
 2395864 1909396 7354067.98  379  104 7390107.86 7100905.40  3.91%   5.7 2981s
 2398241 1909824 7365000.92  137  111 7390107.86 7100916.74  3.91%   5.7 2985s
 2404017 1915807 7329420.00  290  109 7390107.86 7100920.58  3.91%   5.7 2990s
H2405417 1906522                    7389762.9289 7100920.58  3.91%   5.7 2991s
 2407877 1908663 7382987.67  373   95 7389762.93 7100920.58  3.91%   5.7 2995s
 2410998 1909995 7282242.08  163  122 7389762.93 7100926.28  3.91%   5.7 3000s
 2412851 1911530 7327393.12  230  108 7389762.93 7100926.28  3.91%   5.7 3005s
H2415185 1913026                    7389758.5986 7100933.24  3.91%   5.7 3008s
 2415965 1913381 7249095.81  146  127 7389758.60 7100935.01  3.91%   5.7 3010s
 2420031 1916768     cutoff  481      7389758.60 7100940.19  3.91%   5.7 3015s
 2423184 1917902 7267937.53  156  125 7389758.60 7100953.30  3.91%   5.7 3020s
 2427505 1921545 7378633.07  620   99 7389758.60 7100953.30  3.91%   5.7 3025s
 2431001 1923414 7295656.46  197  121 7389758.60 7100966.28  3.91%   5.7 3030s
 2434289 1926556 7374275.65  305   97 7389758.60 7100966.28  3.91%   5.7 3035s
 2437679 1927852 7359350.13   88   87 7389758.60 7100973.42  3.91%   5.7 3040s
 2440971 1929940 7315090.58  440   89 7389758.60 7100980.10  3.91%   5.7 3045s
 2444436 1932500 7381745.10  101   83 7389758.60 7100989.81  3.91%   5.7 3050s
 2448334 1935667 7359758.04   89  120 7389758.60 7101000.06  3.91%   5.7 3055s
 2452377 1939024 7322029.55  258   74 7389758.60 7101003.59  3.91%   5.7 3060s
 2454440 1940610 7378831.90  695   99 7389758.60 7101003.59  3.91%   5.7 3065s
 2456666 1940937     cutoff   84      7389758.60 7101023.15  3.91%   5.7 3070s
 2459333 1941892     cutoff  236      7389758.60 7101032.56  3.91%   5.7 3075s
 2463623 1945782 7376309.15  101   68 7389758.60 7101039.30  3.91%   5.7 3080s
 2467405 1948603 7388719.42  168   73 7389758.60 7101042.27  3.91%   5.7 3085s
 2471283 1951569 7367651.63  118  119 7389758.60 7101051.40  3.91%   5.7 3090s
 2473371 1953531 7368282.45  113  117 7389758.60 7101051.40  3.91%   5.7 3095s
 2477481 1957149 7295186.62  307  114 7389758.60 7101054.06  3.91%   5.7 3100s
 2482354 1961944 7375318.51  426  101 7389758.60 7101054.06  3.91%   5.7 3105s
 2485868 1963210 7364904.48  115  111 7389758.60 7101061.85  3.91%   5.7 3110s
 2488369 1964875     cutoff   96      7389758.60 7101067.97  3.91%   5.7 3116s
 2491541 1967473     cutoff  105      7389758.60 7101074.16  3.91%   5.7 3120s
H2493438 1968940                    7389758.3298 7101074.40  3.91%   5.7 3123s
 2494238 1969363 7244842.82  192   94 7389758.33 7101075.59  3.91%   5.7 3125s
H2494458 1969528                    7389757.8719 7101075.59  3.91%   5.7 3126s
H2494841 1969737                    7389757.8484 7101075.59  3.91%   5.7 3126s
 2497403 1971885 7367198.58  367  101 7389757.85 7101075.59  3.91%   5.7 3130s
 2500412 1973070     cutoff  488      7389757.85 7101090.88  3.91%   5.7 3135s
 2503717 1975503 7334191.30  422  114 7389757.85 7101092.80  3.91%   5.7 3140s
 2506829 1976681 7389559.64  158   77 7389757.85 7101101.71  3.91%   5.7 3145s
 2510504 1979812 7305776.74  204  114 7389757.85 7101101.71  3.91%   5.7 3152s
 2512950 1982368 7371123.33  295   94 7389757.85 7101101.71  3.91%   5.7 3155s
 2516053 1982909 7374012.37   83   83 7389757.85 7101114.25  3.91%   5.7 3160s
 2518676 1984101 7255617.05  175  128 7389757.85 7101115.76  3.91%   5.8 3165s
 2522250 1986512     cutoff  393      7389757.85 7101122.65  3.91%   5.8 3170s
 2526241 1990044 7289276.22  273  119 7389757.85 7101128.53  3.91%   5.8 3175s
 2529674 1993063 7376642.16  358   98 7389757.85 7101128.53  3.91%   5.7 3181s
 2532249 1994256 7251768.44  118  124 7389757.85 7101138.41  3.91%   5.8 3185s
 2536109 1997261     cutoff  328      7389757.85 7101138.41  3.91%   5.8 3190s
 2538582 1998394 7252863.35   62  128 7389757.85 7101148.55  3.91%   5.8 3195s
 2543336 2001877 7389342.64  243  108 7389757.85 7101155.46  3.91%   5.7 3200s
 2547323 2005034 7319249.87  209  117 7389757.85 7101162.91  3.91%   5.7 3205s
 2550750 2008351 7378019.95  250   60 7389757.85 7101162.91  3.91%   5.7 3210s
 2553991 2009177 7380841.95  104   77 7389757.85 7101166.75  3.91%   5.7 3215s
 2557052 2010319 7388940.59   86  121 7389757.85 7101175.10  3.91%   5.7 3220s
 2560725 2012688 7367874.80   87   79 7389757.85 7101186.65  3.91%   5.7 3225s
 2564298 2015191 7358522.96  186  111 7389757.85 7101190.83  3.90%   5.8 3230s
 2567530 2017441 7297133.14  167  115 7389757.85 7101190.83  3.90%   5.7 3235s
 2571680 2020506 7264104.60  163  121 7389757.85 7101197.98  3.90%   5.7 3240s
 2573319 2021939 7317423.44  220  107 7389757.85 7101197.98  3.90%   5.7 3245s
 2577158 2025066 7227859.60   70  128 7389757.85 7101209.74  3.90%   5.7 3250s
 2583460 2031470 7348956.17  210  104 7389757.85 7101209.74  3.90%   5.7 3255s
 2585834 2033271 7237106.59  141   94 7389757.85 7101210.16  3.90%   5.7 3260s
 2589141 2035084     cutoff   85      7389757.85 7101219.34  3.90%   5.7 3265s
 2592905 2038306     cutoff   82      7389757.85 7101221.35  3.90%   5.7 3270s
 2595886 2039873 7387813.87   82   80 7389757.85 7101229.66  3.90%   5.7 3275s
 2599660 2042605 7364821.26  114  115 7389757.85 7101231.86  3.90%   5.7 3280s
 2602205 2043009 7382018.57   93   83 7389757.85 7101245.46  3.90%   5.8 3285s
 2604998 2045181 7304279.32  218  113 7389757.85 7101249.67  3.90%   5.8 3290s
 2607480 2047130 7368968.86  297  101 7389757.85 7101249.67  3.90%   5.7 3295s
 2610764 2049683 7378829.02   83   83 7389757.85 7101257.51  3.90%   5.7 3300s
 2613460 2050781 7230813.49  116  125 7389757.85 7101266.23  3.90%   5.8 3305s
 2619181 2056552 7353444.62  381  103 7389757.85 7101266.23  3.90%   5.7 3310s
H2620711 2057696                    7389757.7638 7101266.60  3.90%   5.7 3312s
 2621692 2057899 7362981.52   96   80 7389757.76 7101276.29  3.90%   5.7 3315s
 2625253 2060556 7343301.44  113  116 7389757.76 7101281.60  3.90%   5.7 3322s
 2627645 2062648 7374851.28  128  110 7389757.76 7101281.60  3.90%   5.7 3325s
 2630852 2063968 7262993.96  125  124 7389757.76 7101290.93  3.90%   5.7 3330s
 2635332 2067570 7350767.70  284  106 7389757.76 7101290.93  3.90%   5.7 3335s
 2638548 2069532     cutoff   87      7389757.76 7101304.72  3.90%   5.7 3340s
 2643427 2073459 7379167.27   86   82 7389757.76 7101306.78  3.90%   5.7 3345s
 2645273 2074347 7258120.32  136  125 7389757.76 7101310.25  3.90%   5.7 3350s
 2649110 2077501 7366909.94  280  102 7389757.76 7101310.25  3.90%   5.7 3355s
 2652508 2079577 7380206.57  264   72 7389757.76 7101317.11  3.90%   5.7 3360s
 2656121 2082600     cutoff  349      7389757.76 7101322.88  3.90%   5.7 3365s
 2660120 2085192 7317526.38  218  114 7389757.76 7101328.91  3.90%   5.7 3370s
 2662373 2086926 7363586.01  278  106 7389757.76 7101328.91  3.90%   5.7 3375s
 2665567 2089131 7238745.77  121  124 7389757.76 7101341.50  3.90%   5.7 3380s
 2670242 2093896 7338567.11  287  114 7389757.76 7101341.50  3.90%   5.7 3385s
 2674132 2096857 7304145.68  138   89 7389757.76 7101341.80  3.90%   5.7 3390s
 2677241 2099262 7282941.76  236  122 7389757.76 7101348.18  3.90%   5.7 3396s
 2681396 2103548 7373572.84  355   62 7389757.76 7101348.18  3.90%   5.7 3400s
 2684764 2105794 7370462.08  106   71 7389757.76 7101352.62  3.90%   5.7 3405s
 2687929 2107395     cutoff  103      7389757.76 7101366.97  3.90%   5.7 3410s
 2692851 2112331 7327485.96  260  110 7389757.76 7101367.74  3.90%   5.7 3417s
 2696161 2115305 7379064.02  372   96 7389757.76 7101367.74  3.90%   5.7 3420s
 2699134 2116481 7385288.47   92  116 7389757.76 7101372.03  3.90%   5.7 3425s
 2702225 2118634     cutoff  101      7389757.76 7101376.00  3.90%   5.7 3430s
 2706067 2121268 7383083.47   89   76 7389757.76 7101377.97  3.90%   5.7 3435s
 2709758 2123979 7370224.17   80   81 7389757.76 7101379.71  3.90%   5.7 3440s
 2711423 2125513 7345679.19   72   86 7389757.76 7101381.83  3.90%   5.7 3445s
 2715950 2129033     cutoff  281      7389757.76 7101383.34  3.90%   5.7 3450s
 2719280 2130470 7372527.92  227  116 7389757.76 7101387.64  3.90%   5.7 3455s
 2722071 2131291 7243658.86   98  128 7389757.76 7101399.03  3.90%   5.7 3460s
 2726740 2135209     cutoff  237      7389757.76 7101400.90  3.90%   5.7 3465s
 2731380 2139120 7301433.89  183  119 7389757.76 7101405.99  3.90%   5.7 3472s
 2733930 2141701 7344725.49  233  108 7389757.76 7101405.99  3.90%   5.7 3475s
 2737302 2143140 7381415.74   91   79 7389757.76 7101409.25  3.90%   5.7 3480s
 2741647 2147153 7318067.37  178  110 7389757.76 7101411.54  3.90%   5.7 3485s
 2745402 2150751 7381286.43  285   98 7389757.76 7101411.54  3.90%   5.7 3490s
 2748464 2151824     cutoff   88      7389757.76 7101425.92  3.90%   5.7 3495s
 2752279 2154971 7329888.49  245  107 7389757.76 7101425.92  3.90%   5.7 3500s
 2755661 2157756 7378853.66  856   91 7389757.76 7101425.92  3.90%   5.7 3505s
 2757183 2159014 7379244.50 1350   90 7389757.76 7101425.92  3.90%   5.7 3510s
 2760979 2161752     cutoff   87      7389757.76 7101437.41  3.90%   5.7 3515s
 2763334 2162963 7368369.59   83   84 7389757.76 7101439.42  3.90%   5.7 3520s
 2768687 2167779 7353750.06  317  103 7389757.76 7101442.02  3.90%   5.7 3525s
 2772293 2169382 7360731.18  105   78 7389757.76 7101453.47  3.90%   5.7 3530s
 2776141 2172676 7271129.97   81  124 7389757.76 7101455.32  3.90%   5.7 3535s
 2779755 2174442 7264486.84  263  125 7389757.76 7101461.59  3.90%   5.7 3540s
 2781687 2176070 7342744.30  366  113 7389757.76 7101461.59  3.90%   5.7 3545s
 2785372 2179133 7247372.91  251  125 7389757.76 7101472.57  3.90%   5.7 3550s
 2792697 2185488     cutoff   85      7389757.76 7101476.16  3.90%   5.7 3555s
 2796208 2187490 7293583.71  169  121 7389757.76 7101481.44  3.90%   5.7 3560s
 2798848 2189353 7383112.59  336   98 7389757.76 7101485.43  3.90%   5.7 3565s
 2802915 2192930 7303302.90  168  117 7389757.76 7101490.61  3.90%   5.7 3570s
 2808766 2198161 7338547.23  124   79 7389757.76 7101495.90  3.90%   5.7 3575s
 2813034 2201247     cutoff  225      7389757.76 7101501.55  3.90%   5.7 3580s
 2815416 2203188 7380821.03   89   84 7389757.76 7101503.79  3.90%   5.7 3585s
 2818825 2205031 7352866.61   76   84 7389757.76 7101518.29  3.90%   5.7 3590s
 2823147 2208771 7251106.28   73  129 7389757.76 7101526.42  3.90%   5.7 3595s
 2826275 2209611 7386987.61   82   83 7389757.76 7101536.73  3.90%   5.7 3600s

Cutting planes:
  RLT: 50

Explored 2826337 nodes (16244470 simplex iterations) in 3600.05 seconds (2601.54 work units)
Thread count was 2 (of 24 available processors)

Solution count 10: 7.38976e+06 7.38976e+06 7.38976e+06 ... 7.39166e+06

Time limit reached
Best objective 7.389757763829e+06, best bound 7.101536730693e+06, gap 3.9003%
