
Gurobi 11.0.3 (linux64, Java) logging started ter 03 dez 2024 23:14:58 -03

Set parameter Username
Academic license - for non-commercial use only - expires 2025-10-10
Set parameter NonConvex to value 2
Set parameter TimeLimit to value 3600
Set parameter LogToConsole to value 0
Set parameter MIPGap to value 4.7614803339461642e-08
Set parameter Threads to value 2
Set parameter NodefileDir to value "/home/ps12398/experiment_epec/goalProgrammingMarcos/"
Set parameter NodefileStart to value 1
Gurobi Optimizer version 11.0.3 build v11.0.3rc0 (linux64)

CPU model: Intel(R) Xeon(R) CPU           X5650  @ 2.67GHz, instruction set [SSE2]
Thread count: 12 physical cores, 24 logical processors, using up to 2 threads

Optimize a model with 61384 rows, 41336 columns and 205178 nonzeros
Model fingerprint: 0xd36258c6
Model has 148 quadratic constraints
Variable types: 20598 continuous, 20738 integer (143 binary)
Coefficient statistics:
  Matrix range     [7e-03, 6e+06]
  QMatrix range    [7e-03, 1e+05]
  QLMatrix range   [1e+00, 1e+05]
  Objective range  [1e+00, 4e+07]
  Bounds range     [1e+00, 1e+08]
  RHS range        [1e+00, 1e+07]
  QRHS range       [1e-01, 1e-01]
Presolve removed 61040 rows and 40627 columns
Presolve time: 0.12s
Presolved: 910 rows, 885 columns, 20546 nonzeros
Presolved model has 2 SOS constraint(s)
Presolved model has 143 bilinear constraint(s)

Solving non-convex MIQCP

Variable types: 467 continuous, 418 integer (145 binary)
Found heuristic solution: objective 5882316.6863

Root relaxation: objective 1.942793e+06, 253 iterations, 0.02 seconds (0.01 work units)

    Nodes    |    Current Node    |     Objective Bounds      |     Work
 Expl Unexpl |  Obj  Depth IntInf | Incumbent    BestBd   Gap | It/Node Time

     0     0 1942793.37    0  134 5882316.69 1942793.37  67.0%     -    0s
H    0     0                    4153734.4959 1942793.37  53.2%     -    0s
     0     0 2301676.95    0  137 4153734.50 2301676.95  44.6%     -    0s
H    0     0                    3684667.0575 2301734.79  37.5%     -    0s
     0     0 2433262.92    0  139 3684667.06 2433262.92  34.0%     -    0s
H    0     0                    3595688.5313 2433288.00  32.3%     -    0s
     0     0 2457482.09    0  139 3595688.53 2457482.09  31.7%     -    0s
     0     0 2464871.09    0  139 3595688.53 2464871.09  31.4%     -    0s
     0     0 2464928.17    0  139 3595688.53 2464928.17  31.4%     -    0s
     0     0 2464983.16    0  139 3595688.53 2464983.16  31.4%     -    0s
     0     0 2464993.81    0  139 3595688.53 2464993.81  31.4%     -    0s
H    0     0                    3386632.7555 2464996.48  27.2%     -    0s
H    0     0                    3372475.0770 2464996.48  26.9%     -    0s
     0     2 2464996.48    0  139 3372475.08 2464996.48  26.9%     -    0s
H  301   313                    3368360.9222 2465278.63  26.8%   1.3    1s
H  581   584                    3362727.5824 2465278.63  26.7%   1.3    1s
H 2304  2306                    3336907.4766 2465278.63  26.1%   1.4    3s
H 2526  2598                    3305784.9150 2465278.63  25.4%   1.4    3s
H 3196  3308                    3273626.3090 2465278.63  24.7%   1.9    4s
  3735  3736 2614859.20 1190   33 3273626.31 2465278.63  24.7%   2.1    5s
H 3766  3571                    3273603.3483 2554723.54  22.0%   2.3    8s
  3789  3590 2872115.06 1759   52 3273603.35 2818044.72  13.9%   2.6   10s
H 5586  4630                    3250242.2591 2847370.30  12.4%   3.0   12s
H 7358  5624                    3232034.8785 2847370.30  11.9%   4.7   13s
H 7921  5857                    3231223.0760 2847370.30  11.9%   5.6   14s
H 8042  5793                    3230596.6725 2847370.30  11.9%   5.8   14s
H 8432  5907                    3229273.5579 2847370.30  11.8%   6.3   14s
  8849  6342 2975837.81 1337  121 3229273.56 2847370.30  11.8%   6.8   15s
H11890  8150                    3229272.9416 2847370.30  11.8%   8.2   18s
 13322  9736 3040459.51 2440  114 3229272.94 2847370.30  11.8%   8.8   20s
 18356 14954 2919665.58 1252  111 3229272.94 2847377.92  11.8%   8.8   25s
H18601 14954                    3228065.9957 2847377.92  11.8%   8.8   25s
H18949 15252                    3221060.8264 2847377.92  11.6%   8.8   25s
H19251 15613                    3217704.5549 2847377.92  11.5%   8.8   25s
H19540 15951                    3216291.9657 2847377.92  11.5%   8.8   25s
H19983 16214                    3210207.5697 2847377.92  11.3%   8.8   25s
H20173 16473                    3207490.6142 2847377.92  11.2%   8.8   26s
H20498 16716                    3207237.6455 2847377.92  11.2%   8.9   26s
H21137 17372                    3207031.2770 2847377.92  11.2%   9.1   26s
H21333 17608                    3206831.7920 2847377.92  11.2%   9.2   26s
H21509 17771                    3206213.6384 2847377.92  11.2%   9.2   27s
 23881 20379 3063268.47 2443  111 3206213.64 2847377.92  11.2%  10.2   30s
 29203 25744 2887829.43 1489  127 3206213.64 2847391.46  11.2%   9.3   35s
H34276 30551                    3204476.8746 2847399.02  11.1%   8.9   39s
H34348 30681                    3204248.7474 2847399.02  11.1%   8.9   39s
H34422 30681                    3202731.1896 2847399.02  11.1%   8.9   39s
 35150 31516 2944301.43  456  123 3202731.19 2847399.02  11.1%   9.0   40s
 43545 39694 3016219.17  219   87 3202731.19 2847408.46  11.1%   8.4   45s
H46983 42957                    3202504.4555 2847408.46  11.1%   8.1   46s
 52432 48538 3163250.27  853   97 3202504.46 2847413.41  11.1%   8.0   50s
H52869 48829                    3202068.5075 2847413.41  11.1%   7.9   50s
 59184 55106 3085074.20 1189   62 3202068.51 2847420.31  11.1%   7.5   55s
H65664 61062                    3201768.8141 2847427.01  11.1%   7.1   58s
 67169 62670 2886316.32  324  115 3201768.81 2847429.27  11.1%   7.1   60s
H71791 66833                    3197957.7107 2847437.68  11.0%   7.1   62s
H74912 70002                    3197956.2833 2847442.32  11.0%   6.9   64s
 75214 70157 3171945.47  233  100 3197956.28 2847442.32  11.0%   6.9   65s
 83345 78082 3104797.13  568   97 3197956.28 2847447.10  11.0%   6.4   70s
H90020 84568                    3196423.6001 2847451.26  10.9%   6.2   73s
 93731 87184 3193226.82  999   86 3196423.60 2847451.88  10.9%   6.1   75s
H96698 88588                    3196423.5649 2847451.88  10.9%   6.0   77s
H98383 89155                    3188003.8327 2847451.88  10.7%   6.0   78s
H98916 89931                    3187613.8998 2847453.48  10.7%   5.9   78s
H99207 89888                    3187131.9559 2847453.48  10.7%   5.9   78s
 102803 93481 3186149.76 1871   90 3187131.96 2847455.77  10.7%   5.8   80s
H104612 95405                    3187131.4938 2847456.13  10.7%   5.7   80s
 113122 103442 3050942.72  293  119 3187131.49 2847475.22  10.7%   5.5   85s
H120213 106412                    3172683.3099 2847479.04  10.3%   5.3   88s
H121204 106471                    3169497.1139 2847479.08  10.2%   5.3   88s
 123407 108502 3082074.51  226   74 3169497.11 2847485.47  10.2%   5.2   90s
 129226 113987 3008536.10  174  124 3169497.11 2847500.03  10.2%   5.1   95s
 134978 119468 2987075.92  130   90 3169497.11 2847504.62  10.2%   5.0  100s
 141317 125674 2999925.77  409  109 3169497.11 2847505.64  10.2%   4.9  105s
 147435 131856 3156016.14 1238   52 3169497.11 2847509.33  10.2%   4.8  110s
 153614 137390 2972263.16   96   96 3169497.11 2847526.09  10.2%   4.7  115s
 158957 142048 3161230.17  425   95 3169497.11 2847535.93  10.2%   4.7  120s
 164960 148279 3088063.56  436  115 3169497.11 2847540.26  10.2%   4.6  125s
 171738 154630 3070876.24  465   74 3169497.11 2847555.64  10.2%   4.5  130s
 179759 162446 3135483.17 1708   87 3169497.11 2847582.86  10.2%   4.4  135s
 186327 168381 3021603.56  128   87 3169497.11 2847593.99  10.2%   4.4  140s
 193530 175129 3131557.23  256   74 3169497.11 2847622.82  10.2%   4.4  145s
H194169 175623                    3168522.2607 2847622.93  10.1%   4.4  145s
H197415 178521                    3168522.1159 2847630.86  10.1%   4.4  147s
 203306 184242 3154925.96 2442   58 3168522.12 2847641.73  10.1%   4.3  150s
 212195 192701 3113409.96  377   70 3168522.12 2847662.88  10.1%   4.2  155s
 221103 201111 2996495.83  174  121 3168522.12 2847686.83  10.1%   4.2  160s
 228400 208084 3093016.36  284   76 3168522.12 2847710.59  10.1%   4.2  165s
 234475 213662 3078307.34  174   83 3168522.12 2847722.78  10.1%   4.2  170s
 240544 219215 3135023.83  379   71 3168522.12 2847739.40  10.1%   4.1  175s
 244455 222861 3114324.07  166   78 3168522.12 2847745.80  10.1%   4.1  180s
 251027 229252 3091785.44  651   78 3168522.12 2847750.47  10.1%   4.1  185s
 256098 233853 3159692.59  625   91 3168522.12 2847759.92  10.1%   4.1  190s
 263637 241031 3107406.08  450   68 3168522.12 2847773.59  10.1%   4.1  195s
 270866 247796 3122055.48  526   71 3168522.12 2847781.01  10.1%   4.0  200s
 275904 252306 3154600.18  787   73 3168522.12 2847786.68  10.1%   4.0  205s
 280736 257133 3089203.18  139   78 3168522.12 2847792.17  10.1%   4.0  210s
 286964 263004 2980696.99   94  129 3168522.12 2847800.22  10.1%   4.0  215s
 292288 268236 3106800.33  991   47 3168522.12 2847806.62  10.1%   4.0  220s
 298021 273822 2985226.75   85   98 3168522.12 2847807.74  10.1%   4.0  225s
 303211 278854 3074948.09  159   73 3168522.12 2847812.39  10.1%   4.0  230s
 309059 284302 3119898.26  337   69 3168522.12 2847817.02  10.1%   4.0  235s
 314676 289766 3080581.28  208   88 3168522.12 2847819.34  10.1%   4.0  240s
 321341 296023 3148202.76 1294   55 3168522.12 2847825.28  10.1%   4.0  245s
H322504 296973                    3168515.9335 2847825.28  10.1%   4.0  245s
 327400 301941 3138466.07  884  101 3168515.93 2847828.67  10.1%   4.0  250s
 333045 307095 3073497.26 1585   57 3168515.93 2847831.64  10.1%   4.0  255s
H335202 308876                    3168515.8577 2847837.36  10.1%   4.0  257s
H336723 310075                    3167206.3574 2847838.32  10.1%   4.0  259s
 337364 310679 3155189.74  282   60 3167206.36 2847840.57  10.1%   4.0  260s
H337461 310679                    3167206.0616 2847840.57  10.1%   4.0  260s
 343435 316662 3134876.26  596   69 3167206.06 2847845.41  10.1%   4.0  265s
 349560 322331 3141648.11  320   60 3167206.06 2847852.44  10.1%   4.0  270s
 354832 327136 2991111.69  183  131 3167206.06 2847858.54  10.1%   4.0  275s
 359329 331515 3102852.20  253   74 3167206.06 2847861.14  10.1%   4.0  280s
 364706 336829 3043644.71   96   89 3167206.06 2847864.24  10.1%   4.0  285s
 369538 341352 3146337.49  683   68 3167206.06 2847869.64  10.1%   4.0  290s
H370391 342095                    3167205.9878 2847872.33  10.1%   4.0  291s
 374592 346377 3127132.66  469   69 3167205.99 2847882.51  10.1%   4.0  295s
 382889 354143 3120213.81  160   84 3167205.99 2847882.98  10.1%   4.0  300s
 388505 359488     cutoff 2125      3167205.99 2847888.36  10.1%   4.0  305s
 394631 365142 3055809.77  476  114 3167205.99 2847890.74  10.1%   4.0  310s
 401090 371340 3151645.10  199   70 3167205.99 2847901.97  10.1%   4.0  315s
 406488 376223 3065610.66  664   96 3167205.99 2847912.27  10.1%   4.0  320s
 412724 381786 2973740.42   99   94 3167205.99 2847924.24  10.1%   4.0  325s
 417703 386034 3056113.05  527  124 3167205.99 2847925.83  10.1%   4.0  330s
 423838 391773 2966256.04   89   97 3167205.99 2847942.68  10.1%   4.0  335s
 430057 397491     cutoff  215      3167205.99 2847953.73  10.1%   4.0  340s
 434393 401804 3096137.24  619  113 3167205.99 2847959.55  10.1%   4.0  345s
 440556 407674 3120232.03 1961   49 3167205.99 2847959.55  10.1%   4.0  350s
 445879 413043 3142746.78  372  118 3167205.99 2847975.36  10.1%   4.0  355s
 452536 419381 3098887.30  299   83 3167205.99 2847984.57  10.1%   4.0  360s
 457141 423512 3157949.35  785   96 3167205.99 2847993.69  10.1%   4.0  365s
 463956 430047 3086061.37 1661   65 3167205.99 2847993.69  10.1%   4.0  370s
 473418 439134 3101419.91  155  116 3167205.99 2848011.97  10.1%   4.0  375s
 481151 446381 3128443.62  880   70 3167205.99 2848018.63  10.1%   4.0  380s
 487162 452182 3136890.51 2453   68 3167205.99 2848018.63  10.1%   4.0  385s
 491783 456234 3006850.65  165  127 3167205.99 2848039.69  10.1%   4.0  390s
 497673 462015 3105760.60 2009   49 3167205.99 2848039.69  10.1%   4.0  395s
 503334 467138 3026903.47  355  110 3167205.99 2848048.16  10.1%   4.0  400s
 508549 472268 3127193.12 1847   52 3167205.99 2848048.16  10.1%   4.0  405s
 515159 478283 infeasible 1242      3167205.99 2848061.44  10.1%   4.0  410s
 519301 481855 3160431.20  129   81 3167205.99 2848084.08  10.1%   4.0  415s
 523889 485900 3150834.77  110  119 3167205.99 2848095.64  10.1%   4.1  420s
 528689 490415 3149402.41  488   81 3167205.99 2848109.31  10.1%   4.1  425s
 534152 494481 3138188.50  125   81 3167205.99 2848118.08  10.1%   4.1  430s
 537565 497674 3118427.28  280   77 3167205.99 2848128.46  10.1%   4.1  435s
H540876 498021                    3164690.9663 2848145.50  10.0%   4.1  439s
H540973 496178                    3163257.5640 2848145.50  10.0%   4.1  439s
H541361 495379                    3162283.9064 2848145.50  9.93%   4.1  439s
 541469 495761 3145925.01  668   85 3162283.91 2848145.50  9.93%   4.1  440s
 546776 498849 3144225.16  140  110 3162283.91 2848161.73  9.93%   4.1  445s
H547322 499225                    3162283.9048 2848164.04  9.93%   4.1  446s
 549868 501722 3093892.93  404  101 3162283.90 2848166.06  9.93%   4.1  450s
H550532 501916                    3162283.5804 2848174.89  9.93%   4.1  450s
 553991 504977 3146105.24  519   64 3162283.58 2848183.34  9.93%   4.1  455s
 557664 508035 3159668.79  124   82 3162283.58 2848201.79  9.93%   4.1  460s
 561799 511396 3143846.15  110   82 3162283.58 2848218.37  9.93%   4.1  465s
 564610 514136 3131323.43  218   73 3162283.58 2848226.33  9.93%   4.2  470s
 569098 517728 3122435.04  102   83 3162283.58 2848240.67  9.93%   4.2  475s
 573280 521426 2997966.59  126  132 3162283.58 2848265.58  9.93%   4.2  480s
 576798 524014     cutoff  126      3162283.58 2848296.05  9.93%   4.2  485s
 580427 527008     cutoff  320      3162283.58 2848316.81  9.93%   4.2  490s
 583488 530108 3158461.04  542   73 3162283.58 2848319.15  9.93%   4.2  495s
 587670 533311 3129836.59  110  121 3162283.58 2848343.50  9.93%   4.2  500s
 591805 537130 2989129.49  103  133 3162283.58 2848356.18  9.93%   4.2  505s
 596710 541123 3083330.41  105   88 3162283.58 2848376.19  9.93%   4.2  510s
 602612 546174 3091657.81  197  125 3162283.58 2848417.78  9.93%   4.3  515s
 608427 550885 3079585.93  107  129 3162283.58 2848450.50  9.92%   4.3  520s
 614220 556065     cutoff  290      3162283.58 2848475.42  9.92%   4.3  525s
H616209 557536                    3162252.3973 2848486.77  9.92%   4.3  526s
 619777 560871 3006831.49   88   91 3162252.40 2848496.89  9.92%   4.3  530s
H620008 560961                    3162252.3957 2848497.64  9.92%   4.3  530s
H621095 561944                    3162252.2173 2848516.74  9.92%   4.3  532s
H621884 562596                    3162252.2157 2848517.10  9.92%   4.3  532s
H623191 563751                    3162251.8915 2848521.89  9.92%   4.3  534s
 623261 563923 3143505.25  386   71 3162251.89 2848522.78  9.92%   4.3  535s
 627271 567339 3066935.41  110  127 3162251.89 2848555.25  9.92%   4.3  540s
 631039 570393 3104422.10  234   63 3162251.89 2848570.44  9.92%   4.3  545s
 635167 573914 3124963.93  146   88 3162251.89 2848604.98  9.92%   4.3  550s
 639232 577426 3160871.60  295  100 3162251.89 2848633.03  9.92%   4.3  555s
H641562 578213                    3161155.1812 2848641.86  9.89%   4.3  557s
 643020 579086 3079301.49  217   85 3161155.18 2848655.22  9.89%   4.4  560s
H645667 581598                    3161155.1110 2848661.66  9.89%   4.4  563s
 646454 582286 3146946.76  467   66 3161155.11 2848663.94  9.89%   4.4  565s
 649973 584916 3102985.52  113   82 3161155.11 2848709.88  9.88%   4.4  570s
 653522 588230 3114528.61  258  118 3161155.11 2848727.57  9.88%   4.4  575s
 657456 591101     cutoff  133      3161155.11 2848758.20  9.88%   4.4  580s
 660143 593482 2984754.08   95  133 3161155.11 2848782.68  9.88%   4.4  585s
 664239 597176 3084951.36  165   90 3161155.11 2848812.37  9.88%   4.4  590s
H665018 597690                    3161140.5456 2848813.40  9.88%   4.4  591s
 668089 600607 3147011.58  306   39 3161140.55 2848821.15  9.88%   4.4  595s
H668140 600532                    3161096.8119 2848821.15  9.88%   4.4  595s
H669350 601710                    3161095.4498 2848821.15  9.88%   4.4  597s
 672179 604551 3148729.11 1838   34 3161095.45 2848821.15  9.88%   4.4  600s
 676187 607803 3097942.26  135   90 3161095.45 2848843.45  9.88%   4.4  605s
 679579 610499 3111590.35  114   86 3161095.45 2848871.09  9.88%   4.4  610s
H682278 610730                    3159987.4693 2848877.18  9.85%   4.4  613s
 682965 611344 3104001.63  128  122 3159987.47 2848878.99  9.85%   4.4  615s
 686032 613775     cutoff  112      3159987.47 2848923.05  9.84%   4.4  620s
 689602 616928 3006024.15   95   93 3159987.47 2848945.25  9.84%   4.5  625s
 693110 620024 3122064.24  230   78 3159987.47 2848954.15  9.84%   4.5  630s
 696759 622929 3140903.05  112   77 3159987.47 2848968.84  9.84%   4.5  635s
 701151 626751 3115003.27  141   81 3159987.47 2848990.13  9.84%   4.5  640s
 705312 630034 3125414.28  146   81 3159987.47 2849025.14  9.84%   4.5  645s
 708648 633167 3132334.71  261   70 3159987.47 2849045.83  9.84%   4.5  650s
 711970 635774 3076650.49  178   97 3159987.47 2849068.06  9.84%   4.5  655s
H712207 635434                    3159802.8436 2849068.06  9.83%   4.5  655s
 715137 637820 3147926.21  194  112 3159802.84 2849096.93  9.83%   4.5  660s
H716227 638734                    3159801.5592 2849103.29  9.83%   4.5  661s
 718792 641069 3096163.67  235  113 3159801.56 2849114.38  9.83%   4.5  665s
H720132 640809                    3159076.8130 2849130.03  9.81%   4.5  667s
H720520 634462                    3155994.1496 2849130.03  9.72%   4.5  667s
H720617 632165                    3155295.7764 2849130.03  9.70%   4.5  667s
 722069 633041     cutoff  113      3155295.78 2849150.06  9.70%   4.5  670s
H724352 634741                    3155293.9823 2849159.27  9.70%   4.5  672s
 726179 636307     cutoff  150      3155293.98 2849168.25  9.70%   4.5  675s
 730379 640093 3046606.86  218  119 3155293.98 2849189.01  9.70%   4.5  680s
 733439 643067 3050706.19  202  120 3155293.98 2849203.55  9.70%   4.5  685s
 737299 645772 3096717.69  223  116 3155293.98 2849238.95  9.70%   4.6  690s
 742958 650506 2989056.02  112  123 3155293.98 2849287.55  9.70%   4.6  695s
 746286 653275 3142069.59  112   73 3155293.98 2849313.71  9.70%   4.6  700s
 749960 656606 3093104.21  202   83 3155293.98 2849349.60  9.70%   4.6  705s
 753462 658896 3149436.17  268   73 3155293.98 2849364.76  9.70%   4.6  710s
 757586 662444     cutoff  111      3155293.98 2849392.83  9.69%   4.6  715s
 761838 665853 3080471.65  127   86 3155293.98 2849437.84  9.69%   4.6  720s
H763224 666694                    3155288.2719 2849443.27  9.69%   4.6  722s
 765682 669230 3006814.75  132   96 3155288.27 2849455.18  9.69%   4.6  725s
 769597 672773 3089163.16  190   81 3155288.27 2849476.89  9.69%   4.6  730s
 773494 675581 3130212.40  345  111 3155288.27 2849497.44  9.69%   4.6  735s
 776759 678070 3112284.54  279  110 3155288.27 2849525.15  9.69%   4.6  740s
 780790 681487 3094342.32  113  119 3155288.27 2849553.28  9.69%   4.7  745s
 784420 684431 3094275.53  114   85 3155288.27 2849591.78  9.69%   4.7  750s
 788258 687713 3011901.17  133   97 3155288.27 2849621.68  9.69%   4.7  755s
 791339 690422 3030969.06  120  127 3155288.27 2849637.74  9.69%   4.7  760s
 795008 693320 3123777.71  107  124 3155288.27 2849672.82  9.69%   4.7  765s
 798857 696674 3118144.85  120   82 3155288.27 2849705.29  9.68%   4.7  770s
 802462 699588 3125261.29  171   73 3155288.27 2849732.70  9.68%   4.7  775s
 805302 702067 3033575.84  109   90 3155288.27 2849762.84  9.68%   4.7  780s
 809618 705785 3060193.88  176  121 3155288.27 2849812.77  9.68%   4.7  785s
 813110 708550 2995239.92   99   92 3155288.27 2849844.68  9.68%   4.7  790s
 817143 711894 3095287.31  194   84 3155288.27 2849873.32  9.68%   4.7  795s
 819943 714160 3125137.56  238   80 3155288.27 2849894.05  9.68%   4.7  800s
H821345 715110                    3155285.3259 2849917.64  9.68%   4.8  802s
H822144 715718                    3155283.6511 2849930.37  9.68%   4.8  803s
 823142 716742 3129425.41  307  105 3155283.65 2849951.76  9.68%   4.8  805s
 827618 720153 3067479.94  108   88 3155283.65 2849985.54  9.68%   4.8  810s
 830911 723091     cutoff  165      3155283.65 2850018.35  9.67%   4.8  815s
 834354 725759 2977487.32  135   91 3155283.65 2850093.26  9.67%   4.8  820s
 838310 729229     cutoff  181      3155283.65 2850138.81  9.67%   4.8  825s
 842179 732439 3135768.74  124  121 3155283.65 2850177.11  9.67%   4.8  830s
 846006 735688 3084430.49  154  123 3155283.65 2850201.31  9.67%   4.8  835s
 849685 738992 3029822.82  130  128 3155283.65 2850227.47  9.67%   4.8  840s
 853339 741999 3138689.82  148   84 3155283.65 2850259.00  9.67%   4.8  845s
 856665 744745 3015001.81  118  128 3155283.65 2850317.31  9.67%   4.8  850s
 859537 746943 3098883.46  219   80 3155283.65 2850340.52  9.66%   4.8  855s
 863404 749985 3033582.01   87   92 3155283.65 2850380.00  9.66%   4.8  860s
 867271 753452 3068909.54  127   93 3155283.65 2850416.09  9.66%   4.8  865s
 871029 756446 2986440.06  147  127 3155283.65 2850458.79  9.66%   4.8  870s
 874253 759368 3113462.74  133   81 3155283.65 2850492.61  9.66%   4.8  875s
 878177 762599 3040205.87  139   91 3155283.65 2850547.25  9.66%   4.9  880s
 881792 766013 3075041.30  231  111 3155283.65 2850587.54  9.66%   4.9  885s
 885630 768912 3154687.39  317   70 3155283.65 2850642.66  9.65%   4.9  891s
 888239 771378 3150233.56  130   80 3155283.65 2850682.87  9.65%   4.9  895s
 891861 774167 3095667.85  316  112 3155283.65 2850710.27  9.65%   4.9  900s
 895572 777248 3005793.25  120   95 3155283.65 2850766.94  9.65%   4.9  905s
 899020 779876 3133699.32  275   77 3155283.65 2850812.37  9.65%   4.9  910s
 902175 782821 3128667.91  295  115 3155283.65 2850840.98  9.65%   4.9  915s
 906324 786217 3129395.29  236   74 3155283.65 2850893.29  9.65%   4.9  920s
 910053 789169     cutoff  141      3155283.65 2850956.12  9.65%   4.9  925s
 914560 792902 3137834.28  188  118 3155283.65 2851010.28  9.64%   4.9  930s
 920151 797698     cutoff  257      3155283.65 2851058.76  9.64%   4.9  935s
 925390 801475 3108392.68  132   82 3155283.65 2851151.78  9.64%   5.0  940s
 928574 804082 3052314.87  262  124 3155283.65 2851215.74  9.64%   5.0  945s
 932698 807407 3107987.13  296   79 3155283.65 2851255.14  9.64%   5.0  950s
 936374 810436 3155060.58  271   70 3155283.65 2851276.34  9.63%   5.0  955s
 939893 813429 3097854.99  204   83 3155283.65 2851329.03  9.63%   5.0  960s
 942746 815267     cutoff  173      3155283.65 2851370.19  9.63%   5.0  965s
 947053 819217 3085366.01  178  126 3155283.65 2851384.65  9.63%   5.0  970s
 950221 821256 3146795.61  176  109 3155283.65 2851449.48  9.63%   5.0  975s
 953617 823752 2993988.89   96   93 3155283.65 2851495.23  9.63%   5.0  980s
 956673 826550 3123615.11  275   65 3155283.65 2851555.44  9.63%   5.0  985s
 960576 829989 2982949.69   95  131 3155283.65 2851593.18  9.62%   5.0  990s
 964449 833308 3116048.52  272  116 3155283.65 2851666.36  9.62%   5.0  995s
 967296 835622 3155028.29  118  118 3155283.65 2851715.75  9.62%   5.0 1000s
 971036 838861 3147770.10  252  113 3155283.65 2851757.39  9.62%   5.0 1005s
 975062 841477 3154182.12  147  116 3155283.65 2851864.48  9.62%   5.0 1010s
 979257 845066 3014685.10  112  130 3155283.65 2851912.67  9.61%   5.1 1015s
 983152 848528 3045035.15  197  123 3155283.65 2852009.08  9.61%   5.1 1020s
 988049 852846 3126410.68  191   83 3155283.65 2852060.63  9.61%   5.1 1025s
 992354 856039     cutoff  147      3155283.65 2852164.08  9.61%   5.1 1030s
 996754 859619     cutoff  332      3155283.65 2852253.57  9.60%   5.1 1035s
 1001751 864143 3037459.18  114  128 3155283.65 2852281.59  9.60%   5.1 1040s
 1005805 867537 3100564.51  178  125 3155283.65 2852339.70  9.60%   5.1 1045s
 1010355 871456 3035088.25  216  128 3155283.65 2852396.53  9.60%   5.1 1050s
 1014635 874598 3137993.77  153  120 3155283.65 2852453.69  9.60%   5.1 1055s
 1018304 877183 3138750.37  126   75 3155283.65 2852574.63  9.59%   5.1 1060s
 1022621 881087 3070509.72  192  120 3155283.65 2852635.75  9.59%   5.1 1065s
 1026756 884019 3150462.42  120  116 3155283.65 2852673.04  9.59%   5.1 1070s
 1030931 887718 3044627.69  112   91 3155283.65 2852720.99  9.59%   5.1 1075s
 1035444 891722 3091056.30  234  119 3155283.65 2852744.82  9.59%   5.1 1080s
 1040933 896300     cutoff  135      3155283.65 2852796.07  9.59%   5.1 1085s
 1047504 902307 3037204.02  158  127 3155283.65 2852834.57  9.59%   5.1 1090s
 1053381 907158 3114972.97  278  110 3155283.65 2852903.45  9.58%   5.1 1095s
 1058145 910938 3116359.74  373   85 3155283.65 2852944.43  9.58%   5.1 1100s
 1062195 914174 3136593.51  111   77 3155283.65 2852971.57  9.58%   5.1 1105s
 1066061 917392 3053472.04  226  126 3155283.65 2853016.35  9.58%   5.2 1110s
 1070513 921138 3015376.07  226  119 3155283.65 2853060.29  9.58%   5.2 1115s
 1075075 924758 3130078.69  112   77 3155283.65 2853088.90  9.58%   5.2 1120s
 1079524 928502 3024209.14   94   94 3155283.65 2853123.10  9.58%   5.2 1125s
 1083655 931916 3129715.81  235  113 3155283.65 2853155.16  9.58%   5.2 1130s
 1087515 934926 3030930.60  109   92 3155283.65 2853214.72  9.57%   5.2 1135s
 1092663 939306 3129690.68  121  115 3155283.65 2853265.03  9.57%   5.2 1140s
 1096705 942571 3131784.79  120   75 3155283.65 2853302.41  9.57%   5.2 1145s
 1101338 946806 3096142.38  403  109 3155283.65 2853346.06  9.57%   5.2 1150s
 1105497 949894 3010204.99  104  130 3155283.65 2853398.63  9.57%   5.2 1155s
 1109661 953150 3038222.57  202  126 3155283.65 2853445.67  9.57%   5.2 1160s
 1113691 956363 3143331.29  124   79 3155283.65 2853472.05  9.57%   5.2 1165s
 1117872 960373 3059094.66  304  120 3155283.65 2853520.90  9.56%   5.2 1170s
 1123069 964156 3058542.01  150   91 3155283.65 2853614.07  9.56%   5.2 1175s
 1127964 968289 3083749.76  161   90 3155283.65 2853652.85  9.56%   5.2 1180s
 1132530 972015 3074164.52  145   93 3155283.65 2853718.60  9.56%   5.2 1185s
 1137003 975593 3090875.30  133  121 3155283.65 2853784.90  9.56%   5.2 1190s
 1141619 979414 3077057.11  152  123 3155283.65 2853830.47  9.55%   5.2 1195s
 1145729 982628 3119426.69  173  117 3155283.65 2853878.15  9.55%   5.2 1200s
 1149842 986062 2986983.33   84   95 3155283.65 2853925.23  9.55%   5.2 1205s
 1153875 989230 3123073.69  200  119 3155283.65 2853993.39  9.55%   5.2 1210s
 1158089 992863     cutoff  310      3155283.65 2854041.19  9.55%   5.2 1215s
 1161737 995673     cutoff  218      3155283.65 2854093.88  9.55%   5.2 1220s
 1165949 999151 3033753.80  241  128 3155283.65 2854182.34  9.54%   5.3 1225s
 1170593 1002601     cutoff  160      3155283.65 2854258.78  9.54%   5.3 1230s
 1174193 1005491 2878048.69  114  131 3155283.65 2854307.52  9.54%   5.3 1235s
 1178470 1009157 3124009.81  225   72 3155283.65 2854357.85  9.54%   5.3 1240s
 1182900 1013195 3130201.84  238   72 3155283.65 2854407.67  9.54%   5.3 1245s
 1187347 1016520 3120384.14  111   82 3155283.65 2854458.55  9.53%   5.3 1250s
 1190988 1019271 3148364.55  245  119 3155283.65 2854529.26  9.53%   5.3 1255s
 1194993 1022376     cutoff  160      3155283.65 2854623.39  9.53%   5.3 1260s
 1199548 1026478 3140156.93  340   65 3155283.65 2854656.29  9.53%   5.3 1265s
 1203170 1028849 3020838.35  242   87 3155283.65 2854739.75  9.53%   5.3 1270s
 1207626 1032277 3140360.01  251   85 3155283.65 2854808.18  9.52%   5.3 1275s
 1211332 1034981 3127360.94  325  102 3155283.65 2854907.22  9.52%   5.3 1280s
 1215186 1037968 3037356.80  152  121 3155283.65 2854969.34  9.52%   5.3 1285s
 1219788 1041338 3142139.61  164   67 3155283.65 2855066.03  9.51%   5.3 1290s
 1226600 1047240 3087147.71  107   90 3155283.65 2855156.59  9.51%   5.3 1295s
 1232987 1052676 3141805.74  279   57 3155283.65 2855239.67  9.51%   5.3 1300s
 1237785 1056534     cutoff  181      3155283.65 2855290.39  9.51%   5.3 1305s
 1241940 1059595 3151268.31  264  117 3155283.65 2855387.58  9.50%   5.3 1310s
 1246055 1063210 3040771.65  254  121 3155283.65 2855473.53  9.50%   5.3 1315s
 1250129 1066539 3089583.38  185  125 3155283.65 2855531.06  9.50%   5.3 1320s
 1254385 1069924 3112585.90  181   80 3155283.65 2855577.85  9.50%   5.4 1325s
 1258477 1073078 2865170.19   98  134 3155283.65 2855659.51  9.50%   5.4 1330s
 1262815 1077089 3019549.39   92   93 3155283.65 2855690.85  9.49%   5.4 1335s
 1266845 1080752 3008522.33  248  128 3155283.65 2855704.05  9.49%   5.4 1340s
 1271529 1084921 3056686.13  179  121 3155283.65 2855754.68  9.49%   5.4 1345s
 1276045 1088067 3098064.86  274  120 3155283.65 2855843.02  9.49%   5.4 1350s
 1281895 1093191 3077448.01  221   78 3155283.65 2855918.04  9.49%   5.4 1355s
 1285910 1096614 3079336.35  240  119 3155283.65 2855965.49  9.49%   5.4 1360s
 1290267 1099879 3150852.11  251  118 3155283.65 2855972.70  9.49%   5.4 1365s
 1294597 1103244     cutoff  216      3155283.65 2855986.88  9.49%   5.4 1370s
 1299199 1107244 3138565.46  387  110 3155283.65 2856008.79  9.48%   5.4 1375s
 1303782 1111137     cutoff  138      3155283.65 2856016.56  9.48%   5.4 1380s
 1307563 1113822 3069813.80  338  123 3155283.65 2856025.29  9.48%   5.4 1385s
 1311748 1117101 3099030.35  432  116 3155283.65 2856036.54  9.48%   5.4 1390s
 1315747 1120127 3101943.13  286   84 3155283.65 2856069.41  9.48%   5.4 1395s
 1320374 1123894     cutoff  166      3155283.65 2856081.75  9.48%   5.4 1400s
 1324196 1126790 2860549.77  102  135 3155283.65 2856122.25  9.48%   5.4 1405s
 1328238 1129977 3043712.77  103   83 3155283.65 2856176.54  9.48%   5.4 1410s
 1332410 1133089     cutoff  120      3155283.65 2856263.83  9.48%   5.4 1415s
 1337001 1136978 3125818.15  289  100 3155283.65 2856351.99  9.47%   5.4 1420s
 1340701 1139615 3125638.97  113  117 3155283.65 2856467.06  9.47%   5.4 1425s
 1345219 1143808 3016093.17  135  131 3155283.65 2856509.39  9.47%   5.4 1430s
 1349759 1147281     cutoff  180      3155283.65 2856517.28  9.47%   5.4 1435s
 1353975 1151110 3043596.48  218  125 3155283.65 2856519.31  9.47%   5.4 1440s
 1358047 1154148 3141343.41  341  105 3155283.65 2856533.23  9.47%   5.4 1445s
 1361883 1156592     cutoff  301      3155283.65 2856551.51  9.47%   5.4 1450s
 1365966 1159530     cutoff  432      3155283.65 2856554.40  9.47%   5.4 1455s
 1370123 1162981 3144108.72  109   81 3155283.65 2856557.02  9.47%   5.4 1460s
 1373585 1165145 3052156.63  171   89 3155283.65 2856632.03  9.47%   5.5 1465s
 1377876 1168529 3124335.38  219  110 3155283.65 2856709.22  9.46%   5.5 1470s
 1381789 1171535 3109759.07  280   84 3155283.65 2856771.99  9.46%   5.5 1475s
 1386324 1175595 3052888.97  263  128 3155283.65 2856836.65  9.46%   5.5 1480s
 1391088 1179731     cutoff  125      3155283.65 2856885.77  9.46%   5.5 1485s
 1397101 1184726     cutoff  121      3155283.65 2856943.12  9.46%   5.5 1490s
 1404148 1191009 3023638.94  201  130 3155283.65 2857022.17  9.45%   5.5 1495s
 1410156 1196012 3099873.12  114  117 3155283.65 2857105.53  9.45%   5.5 1500s
 1415333 1200504 3140928.36  536  108 3155283.65 2857159.28  9.45%   5.5 1505s
 1419381 1203965 3025984.13  104  124 3155283.65 2857192.32  9.45%   5.5 1510s
 1424199 1208179 3042796.69  182  129 3155283.65 2857229.92  9.45%   5.5 1515s
 1428903 1211963 3008675.13   99  128 3155283.65 2857285.63  9.44%   5.5 1520s
 1433303 1215893 3053547.18  104   91 3155283.65 2857318.05  9.44%   5.5 1525s
 1437142 1218695     cutoff  124      3155283.65 2857352.63  9.44%   5.5 1530s
Created node file directory '/home/ps12398/experiment_epec/goalProgrammingMarcos//grbnodes4'
 1437583 1219073 2879975.03  111  132 3155283.65 2857352.63  9.44%   5.5 1535s
 1441912 1222570 3135855.67  169  114 3155283.65 2857373.13  9.44%   5.5 1540s
 1446966 1226049 3144644.11  273   82 3155283.65 2857403.33  9.44%   5.5 1545s
 1453231 1231242 3094793.97  201  118 3155283.65 2857409.24  9.44%   5.5 1550s
 1459281 1235164     cutoff  227      3155283.65 2857416.57  9.44%   5.5 1555s
 1460962 1236504 3071508.82  432  123 3155283.65 2857424.17  9.44%   5.5 1560s
 1465329 1239383 3042341.27  148  126 3155283.65 2857437.57  9.44%   5.5 1565s
 1469982 1242204 3130576.32  124   84 3155283.65 2857457.80  9.44%   5.5 1570s
 1475322 1245816     cutoff  301      3155283.65 2857471.79  9.44%   5.5 1575s
 1481166 1249863 3140400.09  134   82 3155283.65 2857484.99  9.44%   5.5 1580s
 1483949 1252237 2990725.49   94  122 3155283.65 2857490.13  9.44%   5.5 1586s
 1487005 1253836 3070947.83  265  118 3155283.65 2857499.84  9.44%   5.5 1590s
 1490921 1256308 3144199.23  138   77 3155283.65 2857514.57  9.44%   5.5 1595s
 1494632 1259411 3106136.14  335  109 3155283.65 2857517.55  9.44%   5.5 1600s
 1498069 1261196     cutoff  163      3155283.65 2857542.70  9.44%   5.5 1605s
 1502598 1265155 3104432.09  481  113 3155283.65 2857553.12  9.44%   5.5 1610s
 1503710 1266250 3140571.00  533  106 3155283.65 2857553.12  9.44%   5.5 1615s
 1507299 1267977 3012615.10  167  123 3155283.65 2857570.40  9.44%   5.5 1620s
 1513073 1273942 3132148.45  432   99 3155283.65 2857570.40  9.44%   5.5 1625s
 1516920 1275795 3145166.16  124   79 3155283.65 2857583.86  9.43%   5.5 1630s
 1521156 1279515 3121165.77  294   97 3155283.65 2857587.73  9.43%   5.5 1635s
 1525066 1281774 3065468.07  586   86 3155283.65 2857621.15  9.43%   5.5 1643s
 1526104 1282409 3084071.09  593  122 3155283.65 2857621.15  9.43%   5.5 1645s
 1531483 1286661 3125036.90  256  101 3155283.65 2857659.35  9.43%   5.5 1650s
 1534940 1288074     cutoff  135      3155283.65 2857671.74  9.43%   5.5 1655s
 1538318 1289661 3121876.41  147   74 3155283.65 2857685.89  9.43%   5.5 1660s
 1543443 1293049 3108170.65  562   80 3155283.65 2857693.56  9.43%   5.5 1665s
 1544836 1294289 3124191.43  582  115 3155283.65 2857693.56  9.43%   5.5 1671s
 1547252 1295686 3041790.90  174  122 3155283.65 2857699.43  9.43%   5.5 1675s
 1552837 1300925 3119053.07  278   67 3155283.65 2857701.62  9.43%   5.5 1680s
 1556934 1303328 3052891.94  187   83 3155283.65 2857716.24  9.43%   5.5 1685s
 1563293 1308467     cutoff  120      3155283.65 2857729.56  9.43%   5.5 1692s
 1564840 1309843 3119962.09  125   84 3155283.65 2857737.91  9.43%   5.5 1695s
 1568539 1311786     cutoff  161      3155283.65 2857758.16  9.43%   5.5 1700s
 1574084 1317577 3128657.40  315  110 3155283.65 2857761.67  9.43%   5.5 1705s
 1577490 1320121     cutoff  120      3155283.65 2857767.78  9.43%   5.5 1710s
 1581010 1321549     cutoff  112      3155283.65 2857778.08  9.43%   5.5 1715s
 1584621 1323951     cutoff  142      3155283.65 2857795.80  9.43%   5.5 1720s
 1585789 1325040 3087726.94  274  123 3155283.65 2857797.49  9.43%   5.5 1725s
 1589295 1326808     cutoff  126      3155283.65 2857813.97  9.43%   5.5 1730s
 1592308 1327715     cutoff  174      3155283.65 2857820.06  9.43%   5.5 1735s
 1597698 1332867 3106452.27  304  109 3155283.65 2857823.01  9.43%   5.5 1740s
 1601712 1334987     cutoff  112      3155283.65 2857841.76  9.43%   5.5 1745s
 1605023 1336091     cutoff  150      3155283.65 2857865.31  9.43%   5.5 1750s
 1608931 1338793 3070656.13  253  123 3155283.65 2857878.46  9.43%   5.5 1755s
 1611433 1340788 3133743.02  439  109 3155283.65 2857878.46  9.43%   5.5 1763s
 1612911 1341490 3021356.13  147  126 3155283.65 2857900.07  9.42%   5.5 1765s
 1617365 1345302 3138158.97  257   73 3155283.65 2857900.07  9.42%   5.5 1770s
 1622535 1349629 3089546.58  253  110 3155283.65 2857920.36  9.42%   5.5 1775s
 1626212 1351864 3138929.11  123  119 3155283.65 2857922.93  9.42%   5.5 1780s
 1630597 1355477 3099380.01  264  110 3155283.65 2857935.04  9.42%   5.5 1788s
 1632760 1357909 3132716.65  302   59 3155283.65 2857935.04  9.42%   5.5 1790s
 1637247 1359502 3131184.35  124   80 3155283.65 2857972.40  9.42%   5.5 1795s
 1642841 1363956     cutoff  124      3155283.65 2857988.77  9.42%   5.5 1800s
 1646867 1366040 3137647.99  132   78 3155283.65 2858018.60  9.42%   5.5 1805s
 1649285 1367983     cutoff  133      3155283.65 2858021.09  9.42%   5.5 1812s
 1651186 1368653 3133808.35  319  121 3155283.65 2858032.90  9.42%   5.5 1815s
 1655689 1372461 3135144.69  138   76 3155283.65 2858033.52  9.42%   5.5 1820s
 1659553 1374535 3057401.55  130   91 3155283.65 2858057.10  9.42%   5.5 1825s
 1664163 1377960 3042454.00  177  119 3155283.65 2858066.53  9.42%   5.5 1830s
 1668881 1380758     cutoff  226      3155283.65 2858081.58  9.42%   5.5 1835s
 1672348 1383696     cutoff  176      3155283.65 2858091.86  9.42%   5.5 1843s
 1673736 1384726     cutoff  112      3155283.65 2858096.89  9.42%   5.5 1845s
 1677530 1386720     cutoff  333      3155283.65 2858106.92  9.42%   5.5 1850s
 1680706 1388048 3090205.91  133  125 3155283.65 2858117.38  9.42%   5.5 1855s
 1685163 1392160 3088572.04  194  114 3155283.65 2858122.68  9.42%   5.5 1860s
 1690317 1395700     cutoff  129      3155283.65 2858123.02  9.42%   5.5 1865s
 1694223 1398257     cutoff  206      3155283.65 2858135.41  9.42%   5.5 1873s
 1695374 1399083 3143227.86  313  119 3155283.65 2858135.67  9.42%   5.5 1875s
 1699357 1400746     cutoff  122      3155283.65 2858162.62  9.42%   5.5 1880s
 1704930 1404761 3147277.88  174   72 3155283.65 2858183.54  9.42%   5.5 1885s
 1711699 1410745     cutoff  140      3155283.65 2858196.47  9.42%   5.5 1890s
 1715490 1413074 3101018.47  207  120 3155283.65 2858210.56  9.42%   5.5 1895s
 1716523 1413679 3136419.43  179  115 3155283.65 2858211.02  9.42%   5.5 1900s
 1720417 1416016 3141776.84  187  116 3155283.65 2858242.99  9.41%   5.5 1905s
 1723819 1417839 3043267.42  190  117 3155283.65 2858247.31  9.41%   5.5 1910s
 1728001 1420827 3155121.77  193  116 3155283.65 2858252.14  9.41%   5.5 1915s
 1732887 1425596 3098085.39  416  117 3155283.65 2858261.73  9.41%   5.5 1920s
 1736144 1427484 3137253.90  142  110 3155283.65 2858274.23  9.41%   5.5 1925s
 1737380 1428106     cutoff  133      3155283.65 2858280.61  9.41%   5.6 1932s
 1739881 1430056     cutoff  121      3155283.65 2858281.17  9.41%   5.5 1935s
 1743127 1431983 3013818.70  104  126 3155283.65 2858289.41  9.41%   5.6 1940s
 1748323 1436457     cutoff  126      3155283.65 2858309.97  9.41%   5.6 1945s
 1752571 1439535     cutoff  120      3155283.65 2858315.03  9.41%   5.6 1950s
 1754658 1441115 3144000.85  126   77 3155283.65 2858318.44  9.41%   5.6 1956s
 1757437 1442751 3019357.48  159  126 3155283.65 2858324.02  9.41%   5.6 1960s
 1762727 1448125 3134162.90  451  107 3155283.65 2858324.02  9.41%   5.6 1965s
 1765947 1449187 3112945.01  109  119 3155283.65 2858339.69  9.41%   5.6 1970s
 1769758 1452219 3150593.75  123   75 3155283.65 2858344.20  9.41%   5.5 1975s
 1772859 1454395     cutoff  152      3155283.65 2858348.13  9.41%   5.5 1983s
 1773562 1455072 2991061.15  110  131 3155283.65 2858348.13  9.41%   5.5 1985s
 1777784 1458857 3136583.89  350  103 3155283.65 2858348.13  9.41%   5.5 1990s
 1780750 1459311     cutoff  149      3155283.65 2858364.37  9.41%   5.6 1995s
 1783741 1461579 3027801.60  286  125 3155283.65 2858365.77  9.41%   5.6 2000s
 1787650 1464647 3134737.46  446   98 3155283.65 2858365.77  9.41%   5.6 2005s
 1790220 1466456 3098696.30  441   82 3155283.65 2858390.04  9.41%   5.6 2011s
 1792781 1468398 3152717.11  476   70 3155283.65 2858390.04  9.41%   5.6 2015s
 1795976 1470130 2994572.98  105  129 3155283.65 2858399.92  9.41%   5.6 2020s
 1800119 1473579 3129427.46  368  103 3155283.65 2858399.92  9.41%   5.6 2025s
 1804531 1476843 3149188.25  315  117 3155283.65 2858411.42  9.41%   5.6 2030s
 1806863 1478307 3138279.57  227   80 3155283.65 2858417.58  9.41%   5.6 2037s
 1808639 1479051 2995861.93  119  127 3155283.65 2858419.78  9.41%   5.6 2040s
 1811901 1482077 3122224.78  301  107 3155283.65 2858419.78  9.41%   5.6 2045s
 1816752 1485475     cutoff  121      3155283.65 2858432.87  9.41%   5.6 2050s
 1820544 1488425 3137370.95  304   77 3155283.65 2858435.78  9.41%   5.6 2055s
 1823392 1489077 3149213.93  269  114 3155283.65 2858455.90  9.41%   5.6 2060s
 1826954 1491492 3051988.90  188  124 3155283.65 2858460.75  9.41%   5.6 2065s
H1827162 1491492                    3155279.7302 2858460.75  9.41%   5.6 2065s
 1829558 1493502 3126947.48  349  111 3155279.73 2858460.75  9.41%   5.6 2071s
 1832979 1496118     cutoff  136      3155279.73 2858472.63  9.41%   5.6 2075s
 1837871 1500416     cutoff  320      3155279.73 2858494.77  9.41%   5.6 2080s
 1844528 1505850 3132596.16  310  101 3155279.73 2858494.77  9.41%   5.6 2085s
 1845727 1506285 3140905.69  217  105 3155279.73 2858498.81  9.41%   5.6 2090s
 1850169 1509663 3144767.08  116   81 3155279.73 2858521.48  9.41%   5.6 2095s
 1854648 1513350 3080852.91  218  115 3155279.73 2858531.46  9.40%   5.6 2100s
 1859090 1516574 3137649.81  287   82 3155279.73 2858556.91  9.40%   5.6 2105s
 1861416 1518243 3092467.00  394   82 3155279.73 2858567.12  9.40%   5.6 2110s
 1864404 1520541 3143183.43  437   72 3155279.73 2858567.12  9.40%   5.6 2115s
 1869045 1523851     cutoff  150      3155279.73 2858589.59  9.40%   5.6 2120s
H1870689 1524541                    3155278.3207 2858593.43  9.40%   5.6 2123s
 1871436 1525180 3012519.96  131  127 3155278.32 2858595.00  9.40%   5.6 2125s
 1876596 1529203 3146674.11  450  102 3155278.32 2858595.00  9.40%   5.6 2130s
 1880078 1531313     cutoff  148      3155278.32 2858617.88  9.40%   5.6 2138s
 1881259 1531652     cutoff  138      3155278.32 2858623.02  9.40%   5.6 2140s
 1884916 1534168 3118805.15  386   79 3155278.32 2858625.10  9.40%   5.6 2145s
 1887821 1536012 2996480.29   92  126 3155278.32 2858642.23  9.40%   5.6 2150s
 1891644 1537727     cutoff  159      3155278.32 2858650.94  9.40%   5.6 2155s
 1895692 1540204 3138649.72  146  114 3155278.32 2858664.51  9.40%   5.6 2160s
 1899263 1542170 2876351.95   86  131 3155278.32 2858683.28  9.40%   5.6 2165s
 1903928 1545269 3142358.83  157   81 3155278.32 2858693.59  9.40%   5.6 2170s
 1904922 1545545 3150979.58  132  113 3155278.32 2858693.59  9.40%   5.6 2175s
 1909553 1549250     cutoff  128      3155278.32 2858698.28  9.40%   5.6 2180s
 1913937 1551684 3110210.22  285  117 3155278.32 2858707.63  9.40%   5.6 2185s
 1920781 1558006 3129162.95  291  107 3155278.32 2858717.38  9.40%   5.6 2190s
 1923038 1559807 3027277.18   94   91 3155278.32 2858717.85  9.40%   5.6 2195s
 1925789 1560470 3084841.45  111   86 3155278.32 2858731.69  9.40%   5.6 2200s
 1928223 1561606 3027322.31  154  125 3155278.32 2858739.27  9.40%   5.6 2205s
 1932063 1564916 3143889.57  265   96 3155278.32 2858739.27  9.40%   5.6 2210s
 1934748 1565532 3143836.65  120   81 3155278.32 2858760.90  9.40%   5.6 2215s
 1937849 1567229     cutoff  245      3155278.32 2858768.07  9.40%   5.6 2220s
 1941423 1569893     cutoff  175      3155278.32 2858774.94  9.40%   5.6 2225s
 1944575 1571813 3148079.70  114   77 3155278.32 2858785.19  9.40%   5.6 2230s
 1945960 1573064 3034497.71   90   92 3155278.32 2858785.53  9.40%   5.6 2235s
 1949155 1575182 3125883.88  123  120 3155278.32 2858791.96  9.40%   5.6 2240s
 1952404 1577677     cutoff  130      3155278.32 2858806.83  9.40%   5.6 2245s
 1957162 1581702 3103591.51  184  122 3155278.32 2858809.93  9.40%   5.6 2250s
 1960564 1584067 3147448.70  215   77 3155278.32 2858809.93  9.40%   5.6 2255s
 1963146 1584896 2989896.23  119  127 3155278.32 2858816.25  9.40%   5.6 2260s
 1965650 1587062 3083385.04  192  113 3155278.32 2858816.25  9.40%   5.6 2266s
 1969914 1590416 3104857.67  215   78 3155278.32 2858819.71  9.40%   5.6 2270s
 1972994 1592388 3087279.40  176  121 3155278.32 2858823.38  9.40%   5.6 2275s
 1976908 1595227 3135868.61  143  116 3155278.32 2858829.64  9.40%   5.6 2280s
 1981076 1598291 3095628.55  227  122 3155278.32 2858833.20  9.40%   5.6 2285s
 1984542 1600873 3076686.48  137   89 3155278.32 2858851.67  9.39%   5.6 2293s
 1985715 1601675     cutoff  165      3155278.32 2858851.67  9.39%   5.6 2295s
 1988969 1603902 3077659.04  357  120 3155278.32 2858851.72  9.39%   5.6 2300s
 1992535 1606529 3022365.10  192  123 3155278.32 2858862.95  9.39%   5.6 2305s
 1996653 1610300 3137008.49  419  105 3155278.32 2858862.95  9.39%   5.6 2310s
 1999714 1611878 3005389.65  129  128 3155278.32 2858877.58  9.39%   5.6 2315s
 2002726 1614911 3105635.48  329  105 3155278.32 2858877.58  9.39%   5.6 2321s
 2006028 1617907 3143801.00  350   66 3155278.32 2858877.58  9.39%   5.6 2325s
 2008648 1618464 2994659.59   90  131 3155278.32 2858879.73  9.39%   5.6 2330s
 2013506 1622791 3064966.89  161  125 3155278.32 2858889.13  9.39%   5.6 2335s
 2018453 1627251 3144904.48  540   99 3155278.32 2858889.13  9.39%   5.6 2340s
 2020021 1627508     cutoff  123      3155278.32 2858902.04  9.39%   5.6 2345s
 2023677 1630608 3047723.84  209  123 3155278.32 2858912.42  9.39%   5.6 2350s
 2026532 1632188 3137785.63  159  117 3155278.32 2858919.78  9.39%   5.6 2355s
 2030442 1634792 3029442.73  163  124 3155278.32 2858930.37  9.39%   5.6 2360s
 2036194 1639672 3131868.77  303  104 3155278.32 2858930.37  9.39%   5.6 2365s
 2039045 1641206 3062959.87  246  123 3155278.32 2858949.30  9.39%   5.6 2370s
 2040419 1642066 3097866.26  278  122 3155278.32 2858949.30  9.39%   5.6 2375s
 2044836 1644628     cutoff  130      3155278.32 2858967.08  9.39%   5.6 2380s
 2047559 1645037     cutoff  125      3155278.32 2858994.94  9.39%   5.6 2385s
 2051516 1648253 3078947.81  186  120 3155278.32 2859000.78  9.39%   5.6 2390s
 2056203 1652118 3137675.59  122   81 3155278.32 2859004.73  9.39%   5.6 2395s
 2059160 1653694 3039221.46  364  122 3155278.32 2859011.96  9.39%   5.6 2400s
 2063452 1657881 3149779.01  642   69 3155278.32 2859011.96  9.39%   5.6 2406s
 2066436 1659740 3107061.58  126   81 3155278.32 2859016.40  9.39%   5.6 2410s
 2070125 1662420     cutoff  162      3155278.32 2859038.40  9.39%   5.6 2415s
 2074063 1665260 3146932.49  325  106 3155278.32 2859045.10  9.39%   5.6 2420s
 2077793 1667941     cutoff  327      3155278.32 2859049.42  9.39%   5.6 2425s
 2081125 1669945 3141373.04  151  116 3155278.32 2859059.33  9.39%   5.6 2430s
 2083513 1670526 3145290.03  174   81 3155278.32 2859076.07  9.39%   5.6 2435s
 2086401 1671756 3050000.80  191  123 3155278.32 2859098.38  9.39%   5.6 2440s
 2088171 1673548 3115015.13  290  119 3155278.32 2859098.38  9.39%   5.6 2445s
 2092427 1677033 3132484.15  135   80 3155278.32 2859105.10  9.39%   5.6 2450s
 2095583 1678577 3053555.91  240  124 3155278.32 2859111.12  9.39%   5.6 2455s
 2099346 1681038     cutoff  309      3155278.32 2859116.59  9.39%   5.6 2460s
 2101809 1682031 3023471.72  161  125 3155278.32 2859120.37  9.39%   5.6 2465s
 2106794 1686814 3143323.83  381   86 3155278.32 2859120.37  9.39%   5.6 2473s
 2109595 1688407 3073321.94   97   83 3155278.32 2859125.62  9.39%   5.6 2475s
 2112725 1690163 3071654.21  252  116 3155278.32 2859139.17  9.39%   5.6 2480s
 2117896 1694032 3080472.63  100   86 3155278.32 2859152.51  9.39%   5.6 2485s
 2121767 1696894 3134342.79  132   74 3155278.32 2859156.39  9.38%   5.6 2490s
 2125510 1699296 3043065.86  173  120 3155278.32 2859165.37  9.38%   5.6 2495s
 2129330 1702274 3148295.61  320  100 3155278.32 2859165.37  9.38%   5.6 2503s
 2130535 1702424 3143255.20  125   74 3155278.32 2859172.90  9.38%   5.6 2505s
 2133770 1704885     cutoff  107      3155278.32 2859181.47  9.38%   5.6 2510s
 2137052 1707078     cutoff  128      3155278.32 2859181.88  9.38%   5.6 2515s
 2141906 1711194 3030406.22  187   87 3155278.32 2859196.78  9.38%   5.6 2520s
 2143732 1713077 3137277.94  132   79 3155278.32 2859201.27  9.38%   5.6 2526s
 2146372 1714967 3097359.42  232  117 3155278.32 2859202.06  9.38%   5.6 2530s
 2150132 1717535 3085376.11  270  115 3155278.32 2859222.07  9.38%   5.6 2535s
 2153319 1719544 3037002.79  159  126 3155278.32 2859242.80  9.38%   5.6 2540s
 2157546 1722834 3130252.66  213  113 3155278.32 2859242.80  9.38%   5.6 2545s
 2161211 1725346 3141460.45  138   72 3155278.32 2859261.00  9.38%   5.6 2550s
 2163857 1726424     cutoff  161      3155278.32 2859276.28  9.38%   5.6 2555s
 2166441 1726841     cutoff  129      3155278.32 2859300.90  9.38%   5.6 2560s
 2168685 1728070 3146264.04  245   62 3155278.32 2859311.54  9.38%   5.6 2566s
 2172031 1731331 3085121.00  345  114 3155278.32 2859319.08  9.38%   5.6 2570s
 2175551 1733739 3135719.59  236   72 3155278.32 2859328.15  9.38%   5.6 2575s
 2179901 1737521 3097630.61  214  115 3155278.32 2859338.38  9.38%   5.6 2580s
 2183244 1740143 3147775.28  292   58 3155278.32 2859341.18  9.38%   5.6 2585s
 2184547 1740694 infeasible  140      3155278.32 2859341.18  9.38%   5.6 2590s
 2187529 1741773 3148458.48  258  116 3155278.32 2859358.55  9.38%   5.6 2595s
 2190497 1743933     cutoff  213      3155278.32 2859374.25  9.38%   5.6 2600s
 2194876 1746977 2992499.24  108  129 3155278.32 2859384.65  9.38%   5.6 2605s
 2200229 1752570 3117303.68  395  106 3155278.32 2859384.65  9.38%   5.6 2610s
 2203584 1754528 3136795.62  170  110 3155278.32 2859395.69  9.38%   5.6 2615s
 2205583 1755944 2999496.95  136  130 3155278.32 2859401.93  9.38%   5.6 2620s
 2211174 1761712 3105130.44  254  116 3155278.32 2859401.93  9.38%   5.6 2625s
 2215431 1764804 3136524.45  118   75 3155278.32 2859406.61  9.38%   5.6 2630s
 2218704 1766530 3146594.40  256  114 3155278.32 2859417.54  9.38%   5.6 2635s
 2220315 1767729 3147116.55  187  116 3155278.32 2859417.57  9.38%   5.6 2640s
 2224846 1770758     cutoff  146      3155278.32 2859432.79  9.38%   5.6 2645s
 2228880 1773105     cutoff  127      3155278.32 2859446.56  9.38%   5.6 2650s
 2232275 1775312     cutoff  120      3155278.32 2859455.82  9.38%   5.6 2655s
 2236118 1777745 3023556.27  131   90 3155278.32 2859484.30  9.37%   5.6 2660s
 2239493 1780138 3137230.36  135   76 3155278.32 2859486.41  9.37%   5.6 2665s
 2242280 1782551 3107769.03  171  121 3155278.32 2859509.79  9.37%   5.6 2671s
 2244274 1784028 2999753.39   87  131 3155278.32 2859514.84  9.37%   5.6 2675s
 2248109 1786396 3093688.11  301  113 3155278.32 2859525.31  9.37%   5.6 2680s
 2251168 1788117     cutoff  319      3155278.32 2859537.96  9.37%   5.6 2685s
 2256020 1793129 3055170.03  163  126 3155278.32 2859539.78  9.37%   5.6 2693s
 2257316 1793891 3062045.98  164  124 3155278.32 2859539.78  9.37%   5.6 2695s
 2262329 1797526     cutoff  323      3155278.32 2859568.06  9.37%   5.6 2700s
 2267656 1802313 3134522.64  130   70 3155278.32 2859584.60  9.37%   5.6 2705s
 2272152 1804986 3151581.98  554   62 3155278.32 2859603.59  9.37%   5.6 2710s
 2276140 1806481 3152181.73  169  114 3155278.32 2859622.30  9.37%   5.6 2715s
 2279546 1808615 3149002.26  132  118 3155278.32 2859634.89  9.37%   5.6 2720s
 2282970 1811021 3023923.61   89   92 3155278.32 2859645.18  9.37%   5.6 2725s
 2287098 1814337 3110561.86  497   71 3155278.32 2859645.77  9.37%   5.6 2730s
 2289861 1815074     cutoff  177      3155278.32 2859662.61  9.37%   5.6 2735s
 2293691 1817895 3082281.51  165  123 3155278.32 2859662.61  9.37%   5.6 2740s
 2297618 1821071     cutoff  799      3155278.32 2859694.59  9.37%   5.6 2747s
 2300305 1824062 3072847.85  212  114 3155278.32 2859705.04  9.37%   5.6 2750s
 2305051 1828411 3143076.11  274  101 3155278.32 2859705.04  9.37%   5.6 2755s
 2307702 1829585 3009185.87  123  130 3155278.32 2859716.72  9.37%   5.6 2760s
 2311304 1832567 3121322.58  228  115 3155278.32 2859716.72  9.37%   5.6 2769s
 2312052 1833067 3129594.63  228  113 3155278.32 2859716.72  9.37%   5.6 2770s
 2316065 1835502 3119200.77  171   79 3155278.32 2859743.99  9.37%   5.6 2775s
 2321507 1839759 3073298.97  376   82 3155278.32 2859768.39  9.37%   5.6 2780s
 2326628 1844298 3148868.31  416   73 3155278.32 2859768.39  9.37%   5.6 2785s
 2329610 1845521 3021151.79   98   97 3155278.32 2859777.95  9.37%   5.6 2790s
 2330874 1846566     cutoff  126      3155278.32 2859782.62  9.37%   5.6 2795s
 2334565 1849844 3081453.97  112   87 3155278.32 2859785.18  9.37%   5.6 2800s
 2339096 1853724 3153227.01  143  118 3155278.32 2859792.50  9.36%   5.6 2805s
 2343012 1856269 3040060.54  172  121 3155278.32 2859805.35  9.36%   5.6 2810s
 2346672 1859839 3124392.51  250  105 3155278.32 2859805.35  9.36%   5.6 2816s
 2348648 1860712     cutoff  182      3155278.32 2859813.21  9.36%   5.6 2820s
 2351276 1862047     cutoff  127      3155278.32 2859831.81  9.36%   5.6 2825s
 2354337 1863331 3144653.42  319  119 3155278.32 2859858.76  9.36%   5.6 2830s
 2358482 1867206 3144615.89  175  117 3155278.32 2859864.78  9.36%   5.6 2835s
 2361543 1868222 3089177.72  109   74 3155278.32 2859878.22  9.36%   5.6 2840s
 2364252 1869027 3154729.61  139  114 3155278.32 2859881.68  9.36%   5.6 2845s
 2367794 1871024     cutoff  315      3155278.32 2859902.56  9.36%   5.6 2850s
 2370439 1873233 3105801.83  343   85 3155278.32 2859909.09  9.36%   5.6 2856s
 2373166 1875351 3000254.05  105  130 3155278.32 2859917.62  9.36%   5.6 2860s
 2378685 1880902 3112034.98  268   69 3155278.32 2859917.62  9.36%   5.6 2865s
 2381685 1883008 3154319.49  299  105 3155278.32 2859926.37  9.36%   5.6 2870s
 2384672 1883516 3143319.60  133  112 3155278.32 2859964.78  9.36%   5.6 2875s
 2386349 1884716 3050120.95  182  123 3155278.32 2859966.04  9.36%   5.6 2880s
 2390560 1887424 3141945.62  386   75 3155278.32 2859986.99  9.36%   5.6 2885s
 2396052 1891884 3031163.01   97   88 3155278.32 2859996.74  9.36%   5.6 2890s
 2399460 1893885 3093057.96  516  115 3155278.32 2859999.19  9.36%   5.6 2895s
 2404149 1896382 3143207.26  396  120 3155278.32 2860025.13  9.36%   5.6 2900s
 2405294 1897139     cutoff  168      3155278.32 2860026.29  9.36%   5.6 2905s
 2407903 1898517 3083808.01  417  120 3155278.32 2860038.69  9.36%   5.6 2910s
 2411534 1900502 3071525.99  100   91 3155278.32 2860062.01  9.36%   5.6 2915s
 2414015 1901209     cutoff  197      3155278.32 2860065.31  9.36%   5.6 2920s
 2418209 1905355 3117738.87  315  108 3155278.32 2860074.91  9.36%   5.6 2925s
 2421858 1907362 3038420.79  124   89 3155278.32 2860088.27  9.36%   5.6 2930s
 2425677 1910494 3140914.75  306  107 3155278.32 2860088.27  9.36%   5.6 2935s
 2426733 1910893 2998489.81  119  130 3155278.32 2860107.40  9.35%   5.6 2940s
 2430552 1914266 3099173.90  348  112 3155278.32 2860107.40  9.35%   5.6 2945s
 2433914 1916118     cutoff  139      3155278.32 2860122.35  9.35%   5.6 2950s
 2437990 1918580 3116355.56  122   86 3155278.32 2860149.19  9.35%   5.6 2955s
 2442470 1922386 3135530.38  301  104 3155278.32 2860155.93  9.35%   5.6 2960s
 2447700 1925441     cutoff  124      3155278.32 2860196.35  9.35%   5.6 2967s
 2449051 1926641     cutoff  132      3155278.32 2860196.87  9.35%   5.6 2970s
 2452250 1927608 3151458.78  127   79 3155278.32 2860199.94  9.35%   5.6 2975s
 2455144 1929198 3077232.65  172  119 3155278.32 2860207.54  9.35%   5.6 2980s
 2459626 1932189     cutoff  353      3155278.32 2860233.84  9.35%   5.6 2985s
 2463180 1934727     cutoff  195      3155278.32 2860240.80  9.35%   5.6 2990s
 2467011 1937941 3127386.58  309  110 3155278.32 2860252.84  9.35%   5.6 2996s
 2469224 1939492     cutoff  203      3155278.32 2860255.90  9.35%   5.6 3000s
 2471813 1940502 3138500.32  179   80 3155278.32 2860261.16  9.35%   5.6 3005s
 2476058 1943505 3126113.87  286   74 3155278.32 2860262.63  9.35%   5.6 3010s
 2479275 1945858 2997296.64  106  126 3155278.32 2860277.01  9.35%   5.6 3015s
 2483539 1949271 3137923.57  602  104 3155278.32 2860277.01  9.35%   5.6 3020s
 2485460 1950166     cutoff  136      3155278.32 2860293.31  9.35%   5.6 3025s
 2488330 1952713     cutoff  350      3155278.32 2860293.31  9.35%   5.6 3030s
 2493280 1956629     cutoff  150      3155278.32 2860304.10  9.35%   5.6 3035s
 2496598 1959814 3050571.49  287  127 3155278.32 2860305.47  9.35%   5.6 3042s
 2498866 1961982 3093410.44  325  122 3155278.32 2860305.47  9.35%   5.6 3045s
 2502396 1964472     cutoff  425      3155278.32 2860305.47  9.35%   5.6 3050s
 2506423 1967079 3147846.82  121   82 3155278.32 2860326.23  9.35%   5.6 3055s
 2509483 1968890 3149967.51  133   78 3155278.32 2860336.79  9.35%   5.6 3060s
 2514009 1973151 3110899.25  316  106 3155278.32 2860337.95  9.35%   5.6 3065s
 2515392 1974557 3140309.90  389   68 3155278.32 2860337.95  9.35%   5.6 3070s
 2520163 1977943 3059827.23  149   91 3155278.32 2860344.84  9.35%   5.6 3075s
 2523826 1980558 3105411.61  437  113 3155278.32 2860348.34  9.35%   5.6 3080s
 2525970 1981219 3145180.58  131  111 3155278.32 2860357.02  9.35%   5.6 3085s
 2529398 1983844 3148639.32  324  108 3155278.32 2860365.65  9.35%   5.6 3090s
 2532741 1985770 3055067.57  296  122 3155278.32 2860380.83  9.35%   5.6 3095s
 2535062 1987811 3110112.20  377  105 3155278.32 2860380.83  9.35%   5.6 3101s
 2537387 1988845     cutoff  143      3155278.32 2860392.14  9.35%   5.6 3105s
 2541520 1992448     cutoff  171      3155278.32 2860399.14  9.35%   5.6 3110s
 2544421 1993454     cutoff  121      3155278.32 2860422.73  9.34%   5.6 3115s
 2548282 1997516 3077490.53  299  124 3155278.32 2860423.97  9.34%   5.6 3121s
 2551436 2000176 3116046.39  322  125 3155278.32 2860423.97  9.34%   5.6 3125s
 2554282 2002050 3141926.70  347   78 3155278.32 2860423.97  9.34%   5.6 3130s
 2556833 2003445 3016033.57  307  128 3155278.32 2860438.08  9.34%   5.6 3135s
 2560860 2006347 3132007.83  516  102 3155278.32 2860446.81  9.34%   5.6 3140s
 2564307 2008158 3092060.87  367  122 3155278.32 2860451.91  9.34%   5.6 3145s
 2568297 2011328 3048658.09  139  125 3155278.32 2860472.07  9.34%   5.7 3150s
 2570044 2013348 3071855.67  250  116 3155278.32 2860472.07  9.34%   5.6 3155s
 2574283 2016439     cutoff  113      3155278.32 2860472.29  9.34%   5.7 3160s
 2577665 2018550 3142031.37  129  115 3155278.32 2860490.21  9.34%   5.7 3165s
 2581352 2020140 3152227.90  133  117 3155278.32 2860503.06  9.34%   5.7 3170s
 2585071 2022985 3098120.06  257  112 3155278.32 2860511.56  9.34%   5.7 3175s
 2586403 2023817 3141033.13  289  110 3155278.32 2860511.56  9.34%   5.7 3180s
 2589145 2024268 3142800.80  134  112 3155278.32 2860540.58  9.34%   5.7 3185s
 2591169 2024773 3145805.67  256   77 3155278.32 2860550.50  9.34%   5.7 3190s
 2594860 2028015 3075308.67  219   72 3155278.32 2860554.35  9.34%   5.7 3195s
 2599752 2031775 3084865.79  105   83 3155278.32 2860564.65  9.34%   5.7 3200s
 2603451 2034571 3076156.64  180  118 3155278.32 2860569.63  9.34%   5.7 3205s
 2605782 2036438 3124514.77  272  107 3155278.32 2860569.63  9.34%   5.7 3211s
 2608375 2037761     cutoff  116      3155278.32 2860590.15  9.34%   5.7 3215s
 2611724 2039765 3062325.27  129   90 3155278.32 2860600.97  9.34%   5.7 3220s
 2615145 2041797 3139274.29  155   75 3155278.32 2860609.48  9.34%   5.7 3225s
 2619896 2046612 3090621.61  225  112 3155278.32 2860609.98  9.34%   5.7 3230s
 2621941 2048356 3134655.50  264  103 3155278.32 2860609.98  9.34%   5.7 3235s
 2625071 2049349 3143489.92  327  121 3155278.32 2860617.37  9.34%   5.7 3240s
 2628596 2052250 3129449.35  261  110 3155278.32 2860618.62  9.34%   5.7 3245s
 2632910 2055171 3068242.49  144   92 3155278.32 2860626.55  9.34%   5.7 3250s
 2637883 2058592 3138642.71  147   75 3155278.32 2860639.83  9.34%   5.7 3255s
 2642442 2061967 3141236.62  124  119 3155278.32 2860648.87  9.34%   5.7 3262s
 2644130 2063116 3107433.54  118   80 3155278.32 2860653.86  9.34%   5.7 3265s
 2646718 2063583 3135224.54  121   80 3155278.32 2860668.32  9.34%   5.7 3270s
 2650550 2067071     cutoff  143      3155278.32 2860674.99  9.34%   5.7 3275s
 2653846 2068606     cutoff  132      3155278.32 2860690.06  9.34%   5.7 3280s
 2658043 2072680 3139293.26  138   78 3155278.32 2860694.09  9.34%   5.7 3285s
 2661287 2074576     cutoff  141      3155278.32 2860713.55  9.34%   5.7 3293s
 2662478 2075361     cutoff  119      3155278.32 2860720.52  9.34%   5.7 3295s
 2665323 2076630 3152858.26  143   72 3155278.32 2860728.24  9.34%   5.7 3300s
 2668524 2079170 3148847.36  153  119 3155278.32 2860740.85  9.33%   5.7 3305s
 2672442 2081670     cutoff  129      3155278.32 2860754.59  9.33%   5.7 3310s
 2676063 2084104 3070070.82  333  116 3155278.32 2860758.39  9.33%   5.7 3315s
 2679721 2087191 3145781.22  446  101 3155278.32 2860758.39  9.33%   5.7 3321s
 2682971 2089524     cutoff  115      3155278.32 2860771.65  9.33%   5.7 3325s
 2686073 2090996     cutoff  130      3155278.32 2860788.33  9.33%   5.7 3330s
 2690525 2095162 3125943.34  454  104 3155278.32 2860788.33  9.33%   5.7 3335s
 2693718 2096632 3141417.03  135  118 3155278.32 2860799.67  9.33%   5.7 3340s
 2695955 2099160 3064214.99  206  123 3155278.32 2860800.09  9.33%   5.7 3345s
 2701024 2104496 3127476.36  344  105 3155278.32 2860800.09  9.33%   5.7 3350s
 2705121 2106233 3141541.89  348  118 3155278.32 2860808.12  9.33%   5.7 3355s
 2709049 2108885 3090624.94  229  125 3155278.32 2860813.60  9.33%   5.7 3360s
 2712884 2112915 3150623.90  946   46 3155278.32 2860829.39  9.33%   5.7 3365s
 2716694 2115446 3095470.38  328  112 3155278.32 2860830.30  9.33%   5.7 3370s
 2720486 2118031 3125889.11  363   80 3155278.32 2860843.40  9.33%   5.7 3375s
 2724844 2120926 3050977.11  121  126 3155278.32 2860855.86  9.33%   5.7 3380s
 2727285 2121494     cutoff  126      3155278.32 2860870.26  9.33%   5.7 3385s
 2729712 2123778 3075493.53  129  125 3155278.32 2860872.99  9.33%   5.7 3390s
 2734255 2126413 3141896.65  205  117 3155278.32 2860885.21  9.33%   5.7 3395s
 2738731 2130404     cutoff  242      3155278.32 2860886.45  9.33%   5.7 3400s
 2741623 2131480 3145883.37  134  114 3155278.32 2860889.76  9.33%   5.7 3405s
 2744457 2132644 3130534.58  359  120 3155278.32 2860900.08  9.33%   5.7 3410s
 2747663 2134841 3133204.67  555  110 3155278.32 2860900.08  9.33%   5.7 3415s
 2751105 2137059     cutoff  176      3155278.32 2860927.59  9.33%   5.7 3422s
 2753704 2138889     cutoff  121      3155278.32 2860942.61  9.33%   5.7 3425s
 2757304 2141532 3082960.99  379  122 3155278.32 2860942.70  9.33%   5.7 3430s
 2760340 2142793 3139741.49  137   73 3155278.32 2860959.30  9.33%   5.7 3435s
 2763270 2144118     cutoff  121      3155278.32 2860973.77  9.33%   5.7 3440s
 2766517 2146833 3145626.88  194  117 3155278.32 2860977.49  9.33%   5.7 3445s
 2768568 2148135 3135718.26  182  118 3155278.32 2860979.67  9.33%   5.7 3450s
 2772278 2150725 3136044.25  131   76 3155278.32 2860985.04  9.33%   5.7 3455s
 2777097 2155283 3104552.66  473  112 3155278.32 2861010.29  9.33%   5.7 3460s
 2780820 2158021     cutoff  154      3155278.32 2861014.95  9.33%   5.7 3465s
 2785320 2162071 3045934.79  412  117 3155278.32 2861028.62  9.33%   5.7 3470s
 2788687 2165320 3131460.58  522   98 3155278.32 2861028.62  9.33%   5.7 3475s
 2791587 2166288 3154874.64  245   61 3155278.32 2861040.80  9.33%   5.7 3480s
 2795067 2169368     cutoff  141      3155278.32 2861052.76  9.32%   5.7 3485s
 2798446 2171772 3142108.45  399   82 3155278.32 2861054.02  9.32%   5.7 3490s
 2800126 2172807 3132825.57  143   73 3155278.32 2861058.96  9.32%   5.7 3495s
 2804056 2175843     cutoff  133      3155278.32 2861065.31  9.32%   5.7 3500s
 2808092 2179036     cutoff  155      3155278.32 2861073.82  9.32%   5.7 3505s
 2810576 2180515 3131767.94  227  104 3155278.32 2861076.14  9.32%   5.7 3510s
 2814215 2182896 3081447.30  191  118 3155278.32 2861080.25  9.32%   5.7 3515s
 2816651 2184805     cutoff  208      3155278.32 2861081.36  9.32%   5.7 3520s
 2821254 2188928 3051157.90  274  121 3155278.32 2861090.34  9.32%   5.7 3525s
 2826570 2193376     cutoff  356      3155278.32 2861091.14  9.32%   5.7 3530s
 2829373 2193962 3010296.33  332   94 3155278.32 2861104.19  9.32%   5.7 3535s
 2831611 2195537 3017865.86  336   94 3155278.32 2861104.19  9.32%   5.7 3541s
 2834484 2197699 3102653.33  432  118 3155278.32 2861104.19  9.32%   5.7 3545s
 2840019 2203256 3143755.79  455   77 3155278.32 2861104.19  9.32%   5.7 3550s
 2842996 2204125 3152956.76  129  115 3155278.32 2861144.98  9.32%   5.7 3555s
 2846469 2206920 3071352.99  313  116 3155278.32 2861151.00  9.32%   5.7 3560s
 2849273 2209258 3149134.37  464  100 3155278.32 2861151.00  9.32%   5.7 3565s
 2853645 2213050 3077424.83  330  116 3155278.32 2861166.56  9.32%   5.7 3570s
 2858556 2216952     cutoff  119      3155278.32 2861168.41  9.32%   5.7 3575s
 2862994 2220782 3093796.44  247  117 3155278.32 2861176.50  9.32%   5.7 3580s
 2865031 2222511 3142841.60  341   70 3155278.32 2861176.50  9.32%   5.7 3585s
 2868268 2223913 2999741.03   96  129 3155278.32 2861193.01  9.32%   5.7 3590s
 2873725 2229535 3104494.76  389  110 3155278.32 2861193.01  9.32%   5.7 3595s

Cutting planes:
  RLT: 50

Explored 2878744 nodes (16336350 simplex iterations) in 3601.50 seconds (2686.23 work units)
Thread count was 2 (of 24 available processors)

Solution count 10: 3.15528e+06 3.15528e+06 3.15528e+06 ... 3.1598e+06

Time limit reached
Best objective 3.155278320710e+06, best bound 2.861193013008e+06, gap 9.3204%
