
Gurobi 11.0.3 (linux64, Java) logging started qua 04 dez 2024 00:33:45 -03

Set parameter Username
Academic license - for non-commercial use only - expires 2025-10-10
Set parameter NonConvex to value 2
Set parameter TimeLimit to value 3600
Set parameter LogToConsole to value 0
Set parameter MIPGap to value 4.7614803339461642e-08
Set parameter Threads to value 2
Set parameter NodefileDir to value "/home/ps12398/experiment_epec/goalProgrammingMarcos/"
Set parameter NodefileStart to value 1
Gurobi Optimizer version 11.0.3 build v11.0.3rc0 (linux64)

CPU model: Intel(R) Xeon(R) CPU           X5650  @ 2.67GHz, instruction set [SSE2]
Thread count: 12 physical cores, 24 logical processors, using up to 2 threads

Optimize a model with 61384 rows, 41336 columns and 205178 nonzeros
Model fingerprint: 0x7570fa13
Model has 148 quadratic constraints
Variable types: 20598 continuous, 20738 integer (143 binary)
Coefficient statistics:
  Matrix range     [7e-03, 6e+06]
  QMatrix range    [7e-03, 1e+05]
  QLMatrix range   [1e+00, 1e+05]
  Objective range  [1e+00, 4e+07]
  Bounds range     [1e+00, 1e+08]
  RHS range        [1e+00, 4e+05]
  QRHS range       [1e-02, 1e-02]
Presolve removed 61040 rows and 40627 columns
Presolve time: 0.12s
Presolved: 910 rows, 885 columns, 20546 nonzeros
Presolved model has 2 SOS constraint(s)
Presolved model has 143 bilinear constraint(s)

Solving non-convex MIQCP

Variable types: 467 continuous, 418 integer (145 binary)
Found heuristic solution: objective 9328602.1799

Root relaxation: objective 6.684767e+06, 119 iterations, 0.01 seconds (0.00 work units)

    Nodes    |    Current Node    |     Objective Bounds      |     Work
 Expl Unexpl |  Obj  Depth IntInf | Incumbent    BestBd   Gap | It/Node Time

     0     0 6684767.39    0  135 9328602.18 6684767.39  28.3%     -    0s
H    0     0                    8959192.5419 6684767.39  25.4%     -    0s
     0     0 6992720.25    0  136 8959192.54 6992720.25  21.9%     -    0s
H    0     0                    8259428.4591 6992720.25  15.3%     -    0s
     0     0 7118980.36    0  135 8259428.46 7118980.36  13.8%     -    0s
H    0     0                    8193425.4470 7118980.36  13.1%     -    0s
     0     0 7120201.50    0  135 8193425.45 7120201.50  13.1%     -    0s
     0     0 7122232.85    0  135 8193425.45 7122232.85  13.1%     -    0s
H    0     0                    8101522.4504 7122232.85  12.1%     -    0s
     0     0 7122314.37    0  135 8101522.45 7122314.37  12.1%     -    0s
     0     0 7122534.59    0  135 8101522.45 7122534.59  12.1%     -    0s
     0     0 7123238.78    0  135 8101522.45 7123238.78  12.1%     -    0s
H    0     0                    8045957.4942 7123251.08  11.5%     -    0s
     0     2 7123251.08    0  135 8045957.49 7123251.08  11.5%     -    0s
H  466   493                    8002356.0212 7124405.39  11.0%   4.4    1s
H  648   662                    7949719.2005 7124405.39  10.4%   4.3    1s
H 1750  1799                    7904585.2436 7124405.39  9.87%   3.0    2s
H 1796  1799                    7885378.1002 7124405.39  9.65%   3.0    2s
H 2380  2386                    7881902.3552 7124405.39  9.61%   2.7    2s
H 2644  2691                    7870994.9710 7124405.39  9.49%   2.6    3s
H 3073  3146                    7869166.2539 7124405.39  9.46%   2.5    3s
  3718  3715 7363302.35 1415   50 7869166.25 7157724.10  9.04%   2.5    5s
  4111  4018 7450468.44  155  122 7869166.25 7439166.24  5.46%   2.8   10s
  4817  4519 7463900.61  333  125 7869166.25 7439166.24  5.46%   3.2   15s
  5537  5027 7469256.16  507  109 7869166.25 7439166.24  5.46%   3.5   20s
H 5797  5005                    7868174.4173 7439166.24  5.45%   3.6   22s
H 5801  4825                    7868139.9320 7439166.24  5.45%   3.6   22s
H 5805  4655                    7868058.8853 7439166.24  5.45%   3.6   22s
H 5882  4561                    7867575.2509 7439166.24  5.45%   3.6   23s
H 5886  4408                    7867546.7466 7439166.24  5.44%   3.6   23s
H 5890  4262                    7866390.4846 7439166.24  5.43%   3.6   23s
H 5988  4183                    7852459.5302 7439166.24  5.26%   3.7   23s
  6183  4348 7475614.60  669  125 7852459.53 7439166.24  5.26%   3.7   25s
H 6766  4521                    7850034.0046 7439166.24  5.23%   4.0   29s
H 6768  4396                    7849207.7405 7439166.24  5.22%   4.0   29s
H 6772  4277                    7848063.7269 7439166.24  5.21%   4.0   29s
H 6774  4164                    7848048.3704 7439166.24  5.21%   4.0   29s
H 6775  4057                    7846883.2673 7439166.24  5.20%   4.0   29s
H 6785  3952                    7846855.0065 7439166.24  5.20%   4.0   29s
H 6794  3853                    7846831.8776 7439166.24  5.20%   4.0   29s
H 6800  4254                    7846241.8391 7439166.24  5.19%   4.0   29s
H 6802  4168                    7843878.2848 7439166.24  5.16%   4.0   29s
H 6804  4084                    7843806.8870 7439166.24  5.16%   4.0   29s
H 6805  4006                    7843319.8585 7439166.24  5.15%   4.0   29s
H 6806  3930                    7842937.1246 7439166.24  5.15%   4.0   29s
H 7180  3736                    7836122.7223 7439166.24  5.07%   4.2   29s
  7290  4174 7483236.53  924  105 7836122.72 7439166.24  5.07%   4.3   30s
H 7604  4012                    7834180.0525 7439166.24  5.04%   4.7   30s
H 7861  4445                    7832258.8645 7439166.24  5.02%   5.2   30s
H 7958  4445                    7823109.8686 7439166.24  4.91%   5.3   30s
H 8346  4880                    7817434.3213 7439166.24  4.84%   6.0   31s
H 8637  5311                    7811566.9241 7439166.24  4.77%   6.5   31s
H 9607  6249                    7807574.3456 7439166.24  4.72%   8.0   32s
H 9704  6249                    7805735.4651 7439166.24  4.70%   8.0   32s
 11998  8757 7507156.33 1882   95 7805735.47 7439166.24  4.70%   9.1   35s
H12129  8757                    7804625.8295 7439166.24  4.68%   9.2   35s
H12614  9150                    7803755.1964 7439166.24  4.67%   9.1   35s
H13002  9490                    7803055.6336 7439166.24  4.66%   9.1   36s
H14454 11096                    7800752.2242 7439166.24  4.64%   9.1   37s
H14962 11427                    7800235.4199 7439166.24  4.63%   9.2   39s
H15180 11793                    7799772.2123 7439166.24  4.62%   9.2   39s
 15546 12216 7512609.40 2440  107 7799772.21 7439166.24  4.62%   9.2   40s
H16322 12895                    7794928.0812 7439166.24  4.56%   9.1   40s
H17534 13929                    7792942.4096 7439250.93  4.54%   8.9   41s
H18977 15414                    7792942.4030 7439250.93  4.54%   8.7   42s
 21498 18187 7555026.54 1320  113 7792942.40 7439250.93  4.54%   8.5   45s
H28010 24259                    7777880.8069 7439285.09  4.35%   8.2   50s
H29440 25920                    7777807.8282 7439285.09  4.35%   8.2   52s
H30506 26996                    7777807.8244 7439285.09  4.35%   8.2   53s
 32411 28891 7596130.37 1680   94 7777807.82 7439285.09  4.35%   8.3   55s
 39181 35673 7498160.45  626  108 7777807.82 7439316.25  4.35%   7.8   60s
 46937 43377 7529170.96 1847   91 7777807.82 7439316.25  4.35%   7.7   65s
 53845 50316 7555744.38  674  112 7777807.82 7439349.36  4.35%   7.4   70s
 62992 59643 7642031.10 2142   92 7777807.82 7439351.27  4.35%   6.7   75s
 71162 67577 7589673.81 2442  101 7777807.82 7439365.65  4.35%   6.3   80s
 83433 79745 7686511.36 2442   90 7777807.82 7439602.41  4.35%   5.6   85s
 90790 87000 7757928.78  447   91 7777807.82 7439649.02  4.35%   5.4   90s
 99719 95838 7582519.83 1613   92 7777807.82 7439737.96  4.35%   5.1   95s
 109899 105733 7683006.58 1589   94 7777807.82 7439818.40  4.35%   4.9  100s
 117755 113285 7599292.93 2350   92 7777807.82 7439860.31  4.35%   4.9  105s
 124406 119792     cutoff 2459      7777807.82 7439878.02  4.34%   4.7  110s
 132277 127571 7723179.42 2440  102 7777807.82 7439922.97  4.34%   4.6  115s
 139842 134941 7587942.67 1127  100 7777807.82 7439933.59  4.34%   4.5  120s
 147866 143132 7612182.65 1042   94 7777807.82 7440018.99  4.34%   4.4  125s
 155910 150875 7546652.12  150  120 7777807.82 7440049.29  4.34%   4.3  130s
 163400 158110 7657146.12 1056  106 7777807.82 7440114.40  4.34%   4.2  135s
 168905 163792 7692158.43 1239   56 7777807.82 7440138.91  4.34%   4.2  140s
 175367 169990 7726705.45  800   75 7777807.82 7440161.19  4.34%   4.3  145s
 182402 176727 7708791.00 1233  107 7777807.82 7440171.70  4.34%   4.2  150s
 189095 183009 7740930.46 1272   61 7777807.82 7440199.67  4.34%   4.1  155s
 193923 187782 7682942.55 1565   55 7777807.82 7440214.19  4.34%   4.2  160s
 200332 193887 7630458.98  220   75 7777807.82 7440227.28  4.34%   4.2  165s
 206025 199348 7703722.72 1452   56 7777807.82 7440234.84  4.34%   4.1  170s
 212413 205388 7738772.53  945   66 7777807.82 7440280.93  4.34%   4.2  175s
 219265 212138 7748832.77 2441  102 7777807.82 7440324.98  4.34%   4.1  180s
 226330 219061 7719090.35  539  110 7777807.82 7440351.13  4.34%   4.1  185s
 234561 226957 7722431.47 1291   90 7777807.82 7440384.29  4.34%   4.0  190s
 242464 234354 7689620.38  823   63 7777807.82 7440409.76  4.34%   3.9  195s
 247389 239175 7713563.52 1784   88 7777807.82 7440423.94  4.34%   3.9  200s
 253209 244872 7698515.43  496  113 7777807.82 7440462.67  4.34%   3.9  205s
 260141 251678 7722999.40 1629   90 7777807.82 7440475.18  4.34%   3.9  210s
 266466 257486 7652276.48  339   64 7777807.82 7440505.87  4.34%   3.9  215s
 272349 263069 7723225.68 2438  101 7777807.82 7440514.96  4.34%   3.9  220s
 281514 271946 7702845.87  318   78 7777807.82 7440543.30  4.34%   3.9  225s
 289778 280062 7688790.89 2036   53 7777807.82 7440565.82  4.34%   4.1  230s
 295188 285261 7618176.06  201  127 7777807.82 7440620.44  4.34%   4.1  235s
 302378 292199 7708298.33  818   68 7777807.82 7440721.58  4.33%   4.0  240s
 310918 300437 7712214.48  600  102 7777807.82 7440747.30  4.33%   4.0  245s
 319049 308287 7756707.50 2463  108 7777807.82 7440816.67  4.33%   3.9  250s
 327451 316051 7702077.17  819  103 7777807.82 7440847.14  4.33%   3.9  255s
 335309 323850 7754156.00 2442   67 7777807.82 7440847.14  4.33%   3.9  260s
 342565 330770 7644020.60  272   65 7777807.82 7440951.57  4.33%   3.9  265s
 351645 339332 7610435.41   98  131 7777807.82 7441018.71  4.33%   3.8  270s
 362643 349893 7731538.17  552   69 7777807.82 7441130.18  4.33%   3.8  275s
 372799 359560 7630816.49  245  119 7777807.82 7441232.83  4.33%   3.7  280s
 382181 368633 7698852.70 1947   56 7777807.82 7441232.83  4.33%   3.8  285s
 389215 375901 7691787.38 1742   90 7777807.82 7441263.43  4.33%   3.8  290s
 397512 383403 7635624.75  671   84 7777807.82 7441307.45  4.33%   3.7  295s
 405032 390900 7724331.35 2456   65 7777807.82 7441307.45  4.33%   3.8  300s
 412889 398431 7709825.46  228   77 7777807.82 7441443.00  4.32%   3.7  305s
 419954 405228 7690498.70 1136   99 7777807.82 7441443.82  4.32%   3.7  310s
 426014 411218 7703560.39 2195   57 7777807.82 7441443.82  4.32%   3.7  315s
 432511 417556 7742303.58  674   62 7777807.82 7441537.83  4.32%   3.7  320s
 440064 424710 7704746.80 1627   75 7777807.82 7441544.31  4.32%   3.7  325s
 447017 431507 7654697.60  820  111 7777807.82 7441607.62  4.32%   3.7  330s
 455691 439858 7669981.56  500  112 7777807.82 7441692.14  4.32%   3.7  335s
 464109 448194 7700410.45 1990   90 7777807.82 7441692.14  4.32%   3.7  340s
 472365 456157 7727769.98  884   68 7777807.82 7441742.34  4.32%   3.7  345s
 480308 463833 7708833.33  655   71 7777807.82 7441767.82  4.32%   3.7  350s
 486963 470299 7652511.80  432  100 7777807.82 7441778.63  4.32%   3.7  355s
 494173 477196 7759446.79 2388   55 7777807.82 7441807.37  4.32%   3.7  360s
 501211 483994 7741734.93 1116   54 7777807.82 7441911.54  4.32%   3.7  365s
 508805 491015 7707547.19  435   77 7777807.82 7441973.80  4.32%   3.7  370s
 515547 497516 7606962.69   91   89 7777807.82 7442012.27  4.32%   3.6  375s
 522555 504350 7731482.05 1115   90 7777807.82 7442038.44  4.32%   3.6  380s
 529082 510366 7651824.66  326  117 7777807.82 7442071.50  4.32%   3.6  385s
 535701 516732 7752557.06 1210   64 7777807.82 7442091.54  4.32%   3.6  390s
 543747 524335 7773534.54  418   94 7777807.82 7442124.96  4.32%   3.6  395s
 550441 530900     cutoff  264      7777807.82 7442149.09  4.32%   3.6  400s
 558227 538752 7725987.56  767  102 7777807.82 7442178.29  4.32%   3.5  405s
 567372 547509 7700744.62 1213   52 7777807.82 7442201.00  4.31%   3.5  410s
 574166 553747 7609173.85   87   92 7777807.82 7442264.49  4.31%   3.5  415s
 582053 561114 7739800.22 2459  111 7777807.82 7442296.80  4.31%   3.5  420s
 589903 568644 7658815.05  113   69 7777807.82 7442356.26  4.31%   3.5  425s
 596535 575202 7720570.44 1214   92 7777807.82 7442385.79  4.31%   3.5  430s
 602677 581213 7743187.96 1274   90 7777807.82 7442425.09  4.31%   3.5  435s
 612142 590216 7662699.48  152   85 7777807.82 7442460.30  4.31%   3.5  440s
 621636 599487 7710930.41  190   73 7777807.82 7442476.89  4.31%   3.4  445s
 629257 606877 7718472.31 2090   55 7777807.82 7442534.92  4.31%   3.4  450s
 636034 613415 7747469.72 1186   56 7777807.82 7442544.26  4.31%   3.4  455s
 646316 623082 7746162.82 2461  111 7777807.82 7442585.81  4.31%   3.4  460s
 653561 630129 7676224.31  710   86 7777807.82 7442625.77  4.31%   3.4  465s
H658020 634137                    7773510.6652 7442625.77  4.26%   3.5  469s
 658621 634807 7697795.71 1739   90 7773510.67 7442625.77  4.26%   3.5  470s
 664696 640732 7713320.84 2460  115 7773510.67 7442635.14  4.26%   3.5  475s
H669761 645664                    7772676.8721 7442650.97  4.25%   3.5  478s
 672598 648076 7760225.50 1849   70 7772676.87 7442650.97  4.25%   3.5  480s
H678476 653746                    7772399.9876 7442670.45  4.24%   3.5  484s
 678647 654153 7688334.49  732   71 7772399.99 7442670.45  4.24%   3.5  485s
 686894 662109 7614623.79  102  124 7772399.99 7442679.31  4.24%   3.5  490s
H691437 666047                    7771542.0352 7442718.72  4.23%   3.5  493s
H691440 665689                    7768985.0646 7442718.72  4.20%   3.5  493s
H692729 666628                    7765980.2827 7442718.72  4.16%   3.5  494s
 693222 666972 7619920.05  108   91 7765980.28 7442732.05  4.16%   3.5  495s
H697720 670952                    7765277.4367 7442732.05  4.15%   3.5  498s
H698769 672091                    7765139.3520 7442732.05  4.15%   3.5  499s
 699053 672264 7698761.42 1562   54 7765139.35 7442732.05  4.15%   3.5  500s
 706257 679553 7737052.10  915   66 7765139.35 7442773.22  4.15%   3.5  505s
H711669 684337                    7765116.9117 7442810.04  4.15%   3.5  509s
 711729 684543 7749384.81  274   67 7765116.91 7442811.52  4.15%   3.5  510s
 719097 691580 7651967.53  249  114 7765116.91 7442840.40  4.15%   3.4  515s
 726980 699097 7678316.97  397   82 7765116.91 7442867.04  4.15%   3.4  520s
H728773 700900                    7765111.2061 7442867.04  4.15%   3.4  521s
 732819 704886 7747576.29 1332   63 7765111.21 7442870.81  4.15%   3.5  525s
 739433 711136 7615630.66  136  126 7765111.21 7442894.48  4.15%   3.5  530s
H741458 712800                    7765102.4126 7442905.43  4.15%   3.5  531s
H741461 712459                    7764410.3405 7442910.56  4.14%   3.5  531s
H745110 715118                    7763100.4010 7442923.01  4.12%   3.5  534s
 745902 715871 7652953.16  118   77 7763100.40 7442926.24  4.12%   3.5  535s
 752930 722589 7714282.61  311   70 7763100.40 7442975.63  4.12%   3.4  540s
 760508 729713 7690373.27  579  109 7763100.40 7442985.82  4.12%   3.4  545s
 765979 734904 7726226.90 1649   97 7763100.40 7442985.82  4.12%   3.4  550s
H771706 740227                    7763036.3429 7442985.82  4.12%   3.4  553s
 772667 741386 7706664.96  505   66 7763036.34 7443024.59  4.12%   3.4  555s
 778841 747018 7671282.29  424   73 7763036.34 7443077.39  4.12%   3.4  560s
H784455 752403                    7763034.4728 7443089.40  4.12%   3.4  564s
 786376 754348 7729116.97  928   49 7763034.47 7443126.49  4.12%   3.4  565s
 794474 761876 7597790.02   92   95 7763034.47 7443210.61  4.12%   3.4  570s
H797142 764591                    7763028.2632 7443210.61  4.12%   3.4  572s
 800480 768003 7721021.54 1412   66 7763028.26 7443210.61  4.12%   3.4  575s
 807224 774784 7695941.11  943   50 7763028.26 7443229.18  4.12%   3.5  580s
 814659 781344 7740000.35  992  109 7763028.26 7443272.12  4.12%   3.5  585s
 821989 788330 7726586.20 1150   90 7763028.26 7443296.22  4.12%   3.4  590s
 828481 794460 7606704.25  149  126 7763028.26 7443375.58  4.12%   3.4  595s
 834801 800503 7688023.89 1337  104 7763028.26 7443375.58  4.12%   3.4  600s
 839315 804878 7691207.51 2139   92 7763028.26 7443375.58  4.12%   3.4  605s
 846200 811700 7709134.16  363   77 7763028.26 7443425.59  4.12%   3.4  610s
 854612 819626 7684253.11 1173  106 7763028.26 7443445.20  4.12%   3.4  615s
 861188 825902 7695768.85 2367  116 7763028.26 7443445.20  4.12%   3.5  620s
H866413 830929                    7762847.4431 7443514.87  4.11%   3.4  623s
H867573 831024                    7762226.0783 7443516.65  4.11%   3.4  624s
 868768 832118 7716340.80  259   70 7762226.08 7443538.31  4.11%   3.4  625s
 876317 839707 7699942.01  473   99 7762226.08 7443567.34  4.11%   3.4  630s
H880347 843203                    7762224.5633 7443629.34  4.10%   3.4  632s
H880452 843176                    7762196.8675 7443629.34  4.10%   3.4  632s
H881695 826183                    7757050.0829 7443629.34  4.04%   3.4  633s
 883452 827832 7668339.55  184   68 7757050.08 7443658.80  4.04%   3.4  635s
 889615 833715 7672919.39  385  107 7757050.08 7443682.97  4.04%   3.4  640s
H894366 838207                    7757049.6381 7443689.51  4.04%   3.4  644s
H895685 836100                    7756154.9365 7443696.13  4.03%   3.4  645s
 901942 841772 7733574.71 2452  108 7756154.94 7443712.87  4.03%   3.4  650s
H904158 843327                    7756024.1280 7443762.68  4.03%   3.4  652s
 907985 847295 7708932.14  867   95 7756024.13 7443789.35  4.03%   3.4  655s
 915860 854571 7722387.18  474   65 7756024.13 7443827.35  4.03%   3.4  660s
H916985 851046                    7755009.8405 7443833.13  4.01%   3.4  661s
H916995 850177                    7754731.1432 7443833.13  4.01%   3.4  661s
H916997 843330                    7752831.0029 7443833.13  3.99%   3.4  661s
 922624 848894 7731649.22 2458   69 7752831.00 7443850.41  3.99%   3.4  665s
 929255 855489 7718175.43 1462   55 7752831.00 7443866.53  3.99%   3.4  670s
 935423 861029     cutoff  164      7752831.00 7443917.18  3.98%   3.4  675s
H937082 860958                    7752291.9461 7443926.58  3.98%   3.4  676s
H937157 860487                    7752127.0787 7443929.31  3.98%   3.4  676s
 939829 862995 7632262.38  153  119 7752127.08 7443943.32  3.98%   3.4  680s
 946131 869263 7665816.71  569  111 7752127.08 7443943.70  3.98%   3.4  685s
H950326 871600                    7751627.6695 7443968.69  3.97%   3.4  688s
H950338 871464                    7751574.8468 7443968.69  3.97%   3.4  688s
 951655 872792 7635568.23  177   78 7751574.85 7443969.81  3.97%   3.4  690s
 959534 880584 7694994.04 1614   91 7751574.85 7443969.81  3.97%   3.4  695s
H964232 885051                    7751562.1824 7443969.81  3.97%   3.4  698s
 965558 886498 7711007.18  268  112 7751562.18 7444001.99  3.97%   3.4  700s
 973174 893760 7696893.58 1487   90 7751562.18 7444023.30  3.97%   3.4  705s
H977155 897065                    7751558.8747 7444036.24  3.97%   3.4  708s
H977159 896550                    7751399.9689 7444036.24  3.97%   3.4  708s
H978262 897467                    7751341.4824 7444036.24  3.96%   3.4  709s
 979145 898522     cutoff  246      7751341.48 7444041.28  3.96%   3.4  710s
H979601 899061                    7751340.8142 7444041.28  3.96%   3.4  710s
H979780 898522                    7751129.7157 7444041.28  3.96%   3.4  710s
H982902 899072                    7750227.1368 7444043.72  3.95%   3.4  712s
H984040 900218                    7750205.9148 7444043.72  3.95%   3.4  713s
 985019 901268 7702494.93  935   67 7750205.91 7444043.72  3.95%   3.4  715s
 991652 907350 7672781.99  155  118 7750205.91 7444113.81  3.95%   3.4  720s
H995266 910678                    7750071.2142 7444117.87  3.95%   3.4  723s
H996453 911685                    7750067.5944 7444128.94  3.95%   3.4  724s
 997560 912852 7617931.72  110  128 7750067.59 7444137.78  3.95%   3.4  725s
H997861 912273                    7749725.6694 7444137.78  3.94%   3.4  725s
H998897 912541                    7749500.8346 7444138.83  3.94%   3.4  726s
H1000104 913514                    7749459.7275 7444142.81  3.94%   3.4  727s
H1000988 914404                    7749459.7141 7444142.81  3.94%   3.4  728s
 1003163 916681 7704336.95  305   66 7749459.71 7444165.85  3.94%   3.4  730s
 1009946 923085 7624401.48  138  122 7749459.71 7444239.91  3.94%   3.4  735s
H1013684 924812                    7748829.6801 7444239.91  3.93%   3.4  737s
 1016001 927211 7654538.73  150   69 7748829.68 7444267.17  3.93%   3.4  740s
 1021409 932293 7695041.16  359   72 7748829.68 7444323.83  3.93%   3.4  745s
H1026278 936843                    7748822.7777 7444330.97  3.93%   3.4  748s
 1027417 938026 7650723.05  118   70 7748822.78 7444332.34  3.93%   3.4  750s
H1027615 935883                    7748121.7628 7444332.34  3.92%   3.4  750s
H1028715 934799                    7747306.6145 7444356.94  3.91%   3.4  751s
H1029958 933058                    7746243.1659 7444366.31  3.90%   3.4  752s
 1032446 935881 7678040.48 1485  102 7746243.17 7444372.12  3.90%   3.4  755s
 1038903 941795 7671826.56  133   63 7746243.17 7444424.89  3.90%   3.4  760s
H1042948 945782                    7746242.9305 7444437.28  3.90%   3.4  763s
 1044228 947115 7704860.20 2197  108 7746242.93 7444437.28  3.90%   3.4  765s
 1050756 953451 7722272.95 1163   51 7746242.93 7444483.93  3.90%   3.4  770s
H1055846 957516                    7746140.1515 7444517.60  3.89%   3.4  774s
 1056133 957937 7652043.04  117   76 7746140.15 7444525.71  3.89%   3.4  775s
 1063063 964204 7745211.20  157   73 7746140.15 7444575.90  3.89%   3.4  780s
 1070855 971946 7697527.61  877   69 7746140.15 7444609.45  3.89%   3.4  785s
 1079014 979804 7677433.79  154   59 7746140.15 7444659.17  3.89%   3.3  790s
 1087324 987768     cutoff  237      7746140.15 7444698.99  3.89%   3.3  795s
H1090818 988917                    7745731.4465 7444714.45  3.89%   3.3  798s
 1093812 992130 7676406.79  756   92 7745731.45 7444729.25  3.89%   3.3  800s
H1103468 1001103                    7745728.3788 7444753.76  3.89%   3.3  805s
H1104690 1000588                    7745379.6484 7444756.02  3.88%   3.3  806s
 1109402 1005307 7696077.02 1006   63 7745379.65 7444772.29  3.88%   3.3  810s
 1115155 1010742 7630555.72  105   81 7745379.65 7444794.29  3.88%   3.3  815s
 1120123 1015432 7727610.99  166  109 7745379.65 7444812.89  3.88%   3.3  820s
 1127601 1022463 7605005.00  123  129 7745379.65 7444833.01  3.88%   3.4  825s
 1133958 1028701 7694656.79 1468   79 7745379.65 7444833.01  3.88%   3.4  830s
 1140005 1034248 7644592.64  121  121 7745379.65 7444845.89  3.88%   3.4  835s
 1147060 1040921 7708882.87  406  109 7745379.65 7444870.66  3.88%   3.3  840s
 1153715 1047264 7631435.23   98   87 7745379.65 7444893.48  3.88%   3.3  845s
 1161361 1054417 7708235.17  687  104 7745379.65 7444902.59  3.88%   3.3  850s
 1169277 1062238 7719895.59 1965   87 7745379.65 7444902.59  3.88%   3.4  855s
 1175592 1068049 7705516.01  605   70 7745379.65 7444943.38  3.88%   3.4  860s
 1180434 1072634 7700722.12  278   71 7745379.65 7444967.33  3.88%   3.4  865s
 1187184 1079094 7713638.51 2480  110 7745379.65 7445003.32  3.88%   3.3  870s
 1194646 1086344 7675955.36 1550   89 7745379.65 7445048.66  3.88%   3.3  875s
 1201437 1092867 7676460.79  650  105 7745379.65 7445092.33  3.88%   3.3  880s
 1209497 1100417 7693857.90  467   73 7745379.65 7445122.72  3.88%   3.3  885s
 1216268 1106743 7615106.34  100  126 7745379.65 7445155.98  3.88%   3.3  890s
 1223999 1114201 7605582.19  106   96 7745379.65 7445194.69  3.88%   3.3  895s
 1230949 1119545 7641157.58  210  123 7745379.65 7445231.20  3.88%   3.3  900s
 1237547 1125781 7699623.57 1023   95 7745379.65 7445246.85  3.87%   3.3  905s
 1243089 1131240 7709835.60 2094   90 7745379.65 7445246.85  3.87%   3.3  910s
 1248516 1136486 7658392.49  207  107 7745379.65 7445320.61  3.87%   3.3  915s
 1254470 1142095 7605075.10  113  129 7745379.65 7445346.02  3.87%   3.3  920s
 1263407 1150447 7658758.22  152   76 7745379.65 7445397.17  3.87%   3.3  925s
 1270228 1156839 7712191.14  503   71 7745379.65 7445413.53  3.87%   3.3  930s
 1277297 1163416 7729805.99 2471  111 7745379.65 7445443.30  3.87%   3.3  935s
 1283549 1169486 7719815.82  685   67 7745379.65 7445479.21  3.87%   3.3  940s
Created node file directory '/home/ps12398/experiment_epec/goalProgrammingMarcos//grbnodes6'
 1284616 1170442 7652355.92  165   65 7745379.65 7445484.07  3.87%   3.3  950s
 1290191 1175521 7656682.95  852  115 7745379.65 7445491.77  3.87%   3.3  955s
 1294661 1180013 7696170.84 2325   56 7745379.65 7445491.77  3.87%   3.3  960s
 1297580 1183076 7709044.80 2477   76 7745379.65 7445491.77  3.87%   3.3  969s
 1298422 1183928 7706403.41 2477   63 7745379.65 7445491.77  3.87%   3.3  970s
 1305408 1190062 7665912.20  183   60 7745379.65 7445541.71  3.87%   3.3  975s
 1307630 1192098 7626927.56  163  115 7745379.65 7445548.15  3.87%   3.3  985s
 1315529 1199464 7690228.20  657   67 7745379.65 7445562.45  3.87%   3.3  990s
 1319705 1203498 7728599.27 1681   74 7745379.65 7445562.45  3.87%   3.3 1001s
 1323876 1207233 7621319.59  144  124 7745379.65 7445572.50  3.87%   3.3 1005s
 1330350 1212421 7628547.48  124   89 7745379.65 7445590.81  3.87%   3.3 1017s
 1333103 1214911 7681333.43  497  110 7745379.65 7445595.97  3.87%   3.3 1020s
 1338927 1219860 7627473.54  119  126 7745379.65 7445629.87  3.87%   3.3 1025s
 1342492 1223235 7673439.93  298   78 7745379.65 7445641.90  3.87%   3.3 1035s
 1348094 1228349 7693958.31  224   74 7745379.65 7445662.14  3.87%   3.3 1040s
 1354219 1233714 7653015.16  356  110 7745379.65 7445736.59  3.87%   3.3 1045s
 1354539 1233915 7673944.63  488  112 7745379.65 7445736.59  3.87%   3.3 1055s
 1360501 1239248 7742663.20  645   75 7745379.65 7445768.41  3.87%   3.3 1060s
 1364565 1242966 7627138.18  151  118 7745379.65 7445788.48  3.87%   3.3 1065s
 1367310 1245536 7739336.70  220   68 7745379.65 7445797.17  3.87%   3.3 1073s
 1368408 1246623 7659740.76  146   66 7745379.65 7445798.48  3.87%   3.3 1075s
 1375950 1253545 7667367.86  193   69 7745379.65 7445824.01  3.87%   3.3 1080s
 1378162 1255598 7729251.81  637   64 7745379.65 7445831.63  3.87%   3.3 1089s
 1379067 1256552 7602721.34  105  133 7745379.65 7445831.63  3.87%   3.3 1090s
 1385382 1262042 7722686.85  508   72 7745379.65 7445879.70  3.87%   3.3 1095s
 1390002 1266080 7666404.15  537  111 7745379.65 7445898.73  3.87%   3.3 1107s
 1392138 1267704 7603637.61  127  124 7745379.65 7445915.47  3.87%   3.3 1110s
 1397867 1273051 7678464.65  498  108 7745379.65 7445956.62  3.87%   3.3 1115s
 1401691 1276143 7730086.89  169   69 7745379.65 7445989.62  3.87%   3.3 1125s
 1407133 1280859 7614188.37   84   92 7745379.65 7446023.58  3.86%   3.3 1130s
 1412335 1285160 7726147.65  644   66 7745379.65 7446037.86  3.86%   3.3 1135s
 1416778 1289425 7706677.23  410   69 7745379.65 7446057.12  3.86%   3.3 1147s
 1420471 1292637 7706424.03  593  103 7745379.65 7446068.74  3.86%   3.3 1150s
 1426234 1297347 7720273.89  682   71 7745379.65 7446101.10  3.86%   3.3 1155s
 1430404 1301052     cutoff  398      7745379.65 7446122.84  3.86%   3.3 1166s
 1435183 1305414 7631575.09  196  109 7745379.65 7446148.70  3.86%   3.3 1170s
 1439370 1309378 7706047.69 1245   91 7745379.65 7446148.70  3.86%   3.3 1175s
 1442415 1311983 7657059.98  160   79 7745379.65 7446169.97  3.86%   3.3 1185s
 1448049 1317110 7616772.91  152   85 7745379.65 7446202.35  3.86%   3.3 1190s
 1453891 1321961 7724896.81  800  103 7745379.65 7446235.00  3.86%   3.3 1195s
 1455433 1323661 7719651.32  471   71 7745379.65 7446238.88  3.86%   3.3 1202s
 1458465 1325980 infeasible  289      7745379.65 7446259.26  3.86%   3.3 1205s
 1464995 1331947     cutoff  293      7745379.65 7446295.54  3.86%   3.3 1210s
 1468073 1334594 7717979.26  481   68 7745379.65 7446300.58  3.86%   3.3 1220s
 1473389 1339516 7723498.45  871   56 7745379.65 7446315.97  3.86%   3.3 1225s
 1477960 1343737 7688156.85 1573   89 7745379.65 7446349.13  3.86%   3.3 1230s
 1481338 1346752 7705154.16 2464  103 7745379.65 7446349.13  3.86%   3.3 1240s
 1486106 1351126 7711252.64  922  112 7745379.65 7446374.94  3.86%   3.3 1245s
 1492629 1357038 7627678.20  109  125 7745379.65 7446398.71  3.86%   3.3 1250s
 1493488 1357911 7684916.85  143   78 7745379.65 7446398.71  3.86%   3.3 1258s
 1494744 1358940 7726724.14  179   72 7745379.65 7446421.84  3.86%   3.3 1260s
 1500725 1364223 7685886.91  468  111 7745379.65 7446435.24  3.86%   3.3 1265s
 1505986 1368103 7622516.42  165  118 7745379.65 7446460.70  3.86%   3.3 1270s
 1507679 1369483 7725240.92  785  105 7745379.65 7446460.70  3.86%   3.3 1278s
 1508894 1370608 7694000.28  131   76 7745379.65 7446477.58  3.86%   3.3 1280s
 1514465 1375881 7720402.89 1006   64 7745379.65 7446503.18  3.86%   3.3 1285s
 1519589 1379717 7643586.87  194  114 7745379.65 7446526.64  3.86%   3.3 1290s
 1520798 1380883 7688588.29  685  113 7745379.65 7446526.64  3.86%   3.3 1298s
 1522776 1382730 7707865.21 2090   92 7745379.65 7446526.64  3.86%   3.3 1300s
 1527520 1386776 7696895.93  199   72 7745379.65 7446568.43  3.86%   3.3 1305s
 1532120 1391200 7678022.04  523  118 7745379.65 7446576.52  3.86%   3.3 1318s
 1534381 1393347 7701715.18 2022   89 7745379.65 7446576.52  3.86%   3.3 1320s
 1539504 1397201     cutoff  219      7745379.65 7446622.12  3.86%   3.3 1325s
 1543831 1400995 7662610.89  198   65 7745379.65 7446628.93  3.86%   3.3 1338s
 1545462 1402203 7691852.57  346   75 7745379.65 7446646.29  3.86%   3.3 1340s
 1551325 1407596 7676238.69  218   76 7745379.65 7446671.80  3.86%   3.3 1345s
 1556870 1412520 7705892.09  808  105 7745379.65 7446705.87  3.86%   3.3 1350s
 1558243 1413920 7717788.38  604   68 7745379.65 7446716.91  3.86%   3.3 1357s
 1560995 1415927 7630602.94  125   84 7745379.65 7446728.31  3.86%   3.3 1360s
 1567009 1421527 7699230.09  583   71 7745379.65 7446754.51  3.86%   3.3 1365s
 1571368 1425401 7676224.92  219   76 7745379.65 7446797.23  3.85%   3.3 1375s
 1576369 1429905 7704104.48  450   64 7745379.65 7446814.22  3.85%   3.3 1380s
 1582094 1434820 7736330.02  810  113 7745379.65 7446838.59  3.85%   3.3 1385s
 1584471 1437072 7719193.09  758   59 7745379.65 7446846.10  3.85%   3.3 1395s
 1591990 1444152 7706510.26  278   68 7745379.65 7446872.51  3.85%   3.3 1400s
 1597628 1448911 7702687.52  698   94 7745379.65 7446903.85  3.85%   3.3 1412s
 1602122 1453068     cutoff  866      7745379.65 7446916.22  3.85%   3.3 1415s
 1606910 1456841 7662725.67  353  113 7745379.65 7446942.54  3.85%   3.3 1420s
 1612192 1461224 7734425.49  294  106 7745379.65 7446977.71  3.85%   3.3 1432s
 1616295 1465459 7710612.82 1998   92 7745379.65 7446977.81  3.85%   3.3 1435s
 1621968 1470215 7679588.99  169  115 7745379.65 7446991.82  3.85%   3.3 1440s
 1627314 1475902 7665100.45 1407   91 7745379.65 7446995.30  3.85%   3.3 1451s
 1632229 1480021 7724596.09 2453  108 7745379.65 7446995.30  3.85%   3.3 1455s
 1636070 1483284 7667068.01  201   63 7745379.65 7447030.11  3.85%   3.3 1460s
 1639412 1486585 7705928.77  796  100 7745379.65 7447031.75  3.85%   3.3 1470s
 1644411 1490218     cutoff  207      7745379.65 7447054.95  3.85%   3.3 1475s
 1650286 1495746 7738751.08  161  112 7745379.65 7447094.85  3.85%   3.3 1480s
 1652819 1497636 7676082.47  269   64 7745379.65 7447101.35  3.85%   3.3 1488s
 1654365 1498494 7729215.78  599   68 7745379.65 7447112.63  3.85%   3.3 1490s
 1663155 1506293     cutoff 2510      7745379.65 7447144.62  3.85%   3.3 1495s
 1667454 1509987 7654171.30  250  110 7745379.65 7447173.68  3.85%   3.3 1505s
 1672813 1514529     cutoff 2460      7745379.65 7447173.68  3.85%   3.3 1510s
 1679408 1520669 7730571.18  642   76 7745379.65 7447207.06  3.85%   3.3 1515s
 1681440 1522425 7617587.32  152  118 7745379.65 7447216.88  3.85%   3.3 1523s
 1683836 1524696 7699634.99  833  103 7745379.65 7447225.70  3.85%   3.3 1525s
 1688901 1528841 7653397.66  286  113 7745379.65 7447243.40  3.85%   3.3 1530s
 1693608 1533215 7658372.29  392  114 7745379.65 7447256.61  3.85%   3.3 1535s
 1694450 1534096 7681327.90  736  106 7745379.65 7447256.61  3.85%   3.3 1541s
 1698576 1537370     cutoff 2509      7745379.65 7447256.61  3.85%   3.3 1545s
 1703465 1541620 7687417.17  258   73 7745379.65 7447290.89  3.85%   3.3 1550s
 1708185 1545424 7617711.68  103   84 7745379.65 7447311.88  3.85%   3.3 1561s
 1712976 1549147 7727890.43  674  100 7745379.65 7447321.78  3.85%   3.3 1565s
 1718150 1554134 7679331.78  307  113 7745379.65 7447329.85  3.85%   3.3 1570s
 1721311 1556598 7704573.59  581   62 7745379.65 7447337.57  3.85%   3.2 1580s
 1726396 1560911 7699900.19  125   60 7745379.65 7447344.16  3.85%   3.2 1585s
 1732644 1566822 7707817.36  365   64 7745379.65 7447357.85  3.85%   3.2 1590s
 1733436 1567350     cutoff  648      7745379.65 7447357.85  3.85%   3.2 1598s
 1735750 1569196 7657232.85  168   63 7745379.65 7447368.00  3.85%   3.2 1600s
 1740278 1573432 7724397.31  657  102 7745379.65 7447376.24  3.85%   3.2 1605s
 1746291 1578766 7639069.10  151  123 7745379.65 7447390.90  3.85%   3.2 1610s
 1746511 1578941 7664086.38  166  122 7745379.65 7447390.90  3.85%   3.2 1617s
 1748760 1581119 7681317.21  235  117 7745379.65 7447396.86  3.85%   3.2 1620s
 1755176 1586526     cutoff  676      7745379.65 7447405.53  3.85%   3.2 1625s
 1759716 1590163     cutoff  897      7745379.65 7447417.45  3.85%   3.2 1637s
 1762543 1592558 7624754.96  127  118 7745379.65 7447431.18  3.85%   3.2 1640s
 1768038 1597539 7696149.39  270   75 7745379.65 7447438.02  3.85%   3.2 1645s
 1772017 1600989 7716950.00  387   67 7745379.65 7447448.29  3.85%   3.2 1650s
 1773230 1602173 7656375.55  178   66 7745379.65 7447460.71  3.85%   3.2 1658s
 1776914 1605672 7656578.09  116   77 7745379.65 7447461.58  3.85%   3.2 1660s
 1782721 1610492 7640006.44  184  109 7745379.65 7447468.73  3.85%   3.2 1665s
 1785069 1612168 7694597.41  233  113 7745379.65 7447483.50  3.85%   3.2 1674s
 1785522 1612665     cutoff  266      7745379.65 7447489.69  3.85%   3.2 1675s
 1791100 1616979     cutoff  352      7745379.65 7447534.95  3.85%   3.2 1680s
 1798008 1622985 7722860.62  259  109 7745379.65 7447562.24  3.85%   3.2 1685s
 1800346 1624879     cutoff  575      7745379.65 7447575.90  3.84%   3.2 1692s
 1803733 1628044 7712461.52  192   80 7745379.65 7447581.56  3.84%   3.2 1695s
 1808593 1632049 7670685.94  127   77 7745379.65 7447592.60  3.84%   3.2 1700s
 1813396 1635863 7720871.11  439  105 7745379.65 7447606.27  3.84%   3.2 1710s
 1821050 1642276     cutoff  260      7745379.65 7447650.30  3.84%   3.2 1715s
 1826654 1647006 7726178.41  853   50 7745379.65 7447696.02  3.84%   3.2 1724s
 1827239 1647439 7736127.65  199   68 7745379.65 7447707.57  3.84%   3.2 1725s
 1834292 1653586 7698803.02  310   74 7745379.65 7447734.17  3.84%   3.2 1730s
 1838151 1656795 7721859.91  519   72 7745379.65 7447744.94  3.84%   3.2 1739s
 1838761 1657270 7623986.30  144  119 7745379.65 7447748.61  3.84%   3.2 1740s
 1842675 1660790 7683478.43 1102   91 7745379.65 7447748.61  3.84%   3.2 1745s
 1847595 1665279 7696221.30 2225  117 7745379.65 7447748.61  3.84%   3.2 1750s
 1850592 1667732 7717258.26 2473  106 7745379.65 7447748.61  3.84%   3.2 1759s
 1851491 1668506     cutoff 2472      7745379.65 7447748.61  3.84%   3.2 1760s
 1857692 1674136 7631515.99   97   84 7745379.65 7447801.24  3.84%   3.2 1765s
 1863144 1679208 7700504.24 1367   91 7745379.65 7447816.11  3.84%   3.2 1770s
 1864086 1679786 7646845.61  147   76 7745379.65 7447816.61  3.84%   3.2 1776s
 1868156 1683138 7674091.45  746  119 7745379.65 7447825.95  3.84%   3.2 1780s
 1875941 1690332 7701849.92 2062   91 7745379.65 7447825.95  3.84%   3.2 1785s
 1876269 1690794 7702787.15 2150   91 7745379.65 7447825.95  3.84%   3.2 1792s
 1878025 1691933 7707455.91 2485  115 7745379.65 7447825.95  3.84%   3.3 1795s
 1883445 1696992 7675451.19  237   77 7745379.65 7447876.41  3.84%   3.3 1800s
 1887309 1700403 7744553.37  233  106 7745379.65 7447883.73  3.84%   3.2 1809s
 1888204 1701242 7693783.97  201   76 7745379.65 7447884.15  3.84%   3.2 1810s
 1893367 1706294 7687479.53  384   74 7745379.65 7447892.83  3.84%   3.2 1815s
 1899501 1711131 7678872.46  202   64 7745379.65 7447913.06  3.84%   3.2 1820s
 1900601 1712108 7705404.67  438   62 7745379.65 7447914.25  3.84%   3.2 1828s
 1902137 1713322 7683325.08  220  118 7745379.65 7447916.40  3.84%   3.2 1830s
 1906925 1717539 7679963.23  166  114 7745379.65 7447936.58  3.84%   3.2 1835s
 1911940 1721629 7627540.06  184  121 7745379.65 7447967.17  3.84%   3.2 1840s
 1914526 1724329 7722537.20 1050   90 7745379.65 7447967.17  3.84%   3.2 1850s
 1920282 1729125 7624493.43  145   91 7745379.65 7447990.46  3.84%   3.2 1855s
 1924783 1732967 7687849.33  340  117 7745379.65 7447997.64  3.84%   3.2 1860s
 1925480 1733450 7723892.69  526  104 7745379.65 7447997.64  3.84%   3.2 1870s
 1932098 1739801 7676310.13  366   71 7745379.65 7448046.31  3.84%   3.2 1875s
 1935816 1742676 7720440.97  177  110 7745379.65 7448052.89  3.84%   3.2 1880s
 1937009 1743714 7696879.49  257  110 7745379.65 7448069.38  3.84%   3.2 1889s
 1937594 1744071 7705430.68  330   95 7745379.65 7448071.92  3.84%   3.2 1890s
 1943128 1748984 7661319.07  321  110 7745379.65 7448113.06  3.84%   3.2 1895s
 1949522 1754564     cutoff 2460      7745379.65 7448113.06  3.84%   3.2 1900s
 1950896 1755669 7734122.72  301   70 7745379.65 7448176.10  3.84%   3.2 1908s
 1953704 1758459 7693508.72  437  106 7745379.65 7448176.72  3.84%   3.2 1910s
 1958486 1761954 7670316.16  235  106 7745379.65 7448235.53  3.84%   3.2 1915s
 1963544 1766320     cutoff  172      7745379.65 7448274.96  3.84%   3.2 1920s
 1964332 1766993 7648397.20  176  117 7745379.65 7448281.55  3.84%   3.2 1928s
 1966022 1768340 7716121.81  649  110 7745379.65 7448281.55  3.84%   3.2 1930s
 1970966 1772806     cutoff  143      7745379.65 7448298.44  3.84%   3.2 1935s
 1975916 1777419 7696463.75 1201   65 7745379.65 7448318.35  3.84%   3.2 1945s
 1981311 1781723     cutoff  175      7745379.65 7448331.61  3.84%   3.2 1950s
 1986803 1786708 7647463.92  290  121 7745379.65 7448379.75  3.83%   3.2 1955s
 1987521 1787199 7662811.64  460  119 7745379.65 7448379.75  3.83%   3.2 1961s
 1993171 1792485 7660851.80  180  111 7745379.65 7448397.98  3.83%   3.2 1965s
 1998740 1797678 7709916.54  730  105 7745379.65 7448410.13  3.83%   3.2 1970s
 1998959 1797806     cutoff  776      7745379.65 7448414.76  3.83%   3.2 1977s
 2000892 1799113 7733155.13  473   69 7745379.65 7448414.76  3.83%   3.2 1980s
 2004275 1802206 7668829.00  382  110 7745379.65 7448427.40  3.83%   3.2 1985s
 2009230 1806362 7689484.43  181   69 7745379.65 7448433.82  3.83%   3.2 1995s
 2015067 1811114 7622853.12  107  128 7745379.65 7448482.41  3.83%   3.2 2000s
 2019658 1815004 7607084.30  113  121 7745379.65 7448497.79  3.83%   3.2 2005s
 2022880 1817978 7661860.48  175   79 7745379.65 7448509.38  3.83%   3.2 2013s
 2024472 1819490 7624301.07  112  127 7745379.65 7448515.54  3.83%   3.2 2015s
 2030055 1824230 7700384.35 1112   89 7745379.65 7448524.78  3.83%   3.2 2020s
 2035935 1829270 7629299.48  160  115 7745379.65 7448537.00  3.83%   3.2 2025s
 2036377 1829620 7635944.46  187  110 7745379.65 7448537.00  3.83%   3.2 2031s
 2040990 1833557 7737811.63  841  114 7745379.65 7448559.29  3.83%   3.2 2035s
 2047304 1839175 7688657.00  414  112 7745379.65 7448566.60  3.83%   3.2 2040s
 2048773 1840405 7724815.34  400   62 7745379.65 7448581.02  3.83%   3.2 2047s
 2051298 1842465 7733432.51  324  111 7745379.65 7448604.84  3.83%   3.2 2050s
 2057065 1847741 7609458.12  133   93 7745379.65 7448649.28  3.83%   3.2 2055s
 2061110 1850666     cutoff  337      7745379.65 7448667.69  3.83%   3.2 2066s
 2065893 1855296 7642334.12  137   79 7745379.65 7448681.59  3.83%   3.2 2070s
 2071194 1859674 7701539.10  300  110 7745379.65 7448689.83  3.83%   3.2 2075s
 2072886 1860987 7642233.66  213  117 7745379.65 7448690.09  3.83%   3.2 2082s
 2078331 1865825     cutoff 2477      7745379.65 7448690.09  3.83%   3.2 2085s
 2083938 1870759 7644052.58  161  115 7745379.65 7448750.51  3.83%   3.2 2090s
 2085466 1872180 7673636.56  170   78 7745379.65 7448760.41  3.83%   3.2 2097s
 2088415 1874790 7623926.33  183  120 7745379.65 7448770.29  3.83%   3.2 2100s
 2094742 1880891 7711807.85 2482   97 7745379.65 7448770.29  3.83%   3.2 2105s
 2097588 1883259 7650467.19  355   84 7745379.65 7448812.46  3.83%   3.2 2114s
 2098948 1884224 7723310.55 1064   65 7745379.65 7448812.46  3.83%   3.2 2115s
 2104406 1889184 7744870.81  625   73 7745379.65 7448855.42  3.83%   3.2 2120s
 2109872 1893487 7744478.23  510   65 7745379.65 7448895.29  3.83%   3.2 2130s
 2115437 1898180 7720029.74  367   65 7745379.65 7448918.80  3.83%   3.2 2135s
 2122324 1904679 7656689.71  169  113 7745379.65 7448962.83  3.83%   3.2 2145s
 2126954 1908226     cutoff  212      7745379.65 7448983.62  3.83%   3.2 2150s
 2130875 1911595 7659217.28  339  116 7745379.65 7448994.61  3.83%   3.2 2155s
 2134124 1914445 7646738.70  565  124 7745379.65 7449005.71  3.83%   3.2 2163s
 2136109 1916392 7676058.87 1094   70 7745379.65 7449005.71  3.83%   3.2 2165s
 2142097 1922000 7717842.10 2476   65 7745379.65 7449005.71  3.83%   3.2 2170s
 2143513 1923098 7735340.43 2477   62 7745379.65 7449042.37  3.83%   3.2 2178s
 2145184 1924447 7740736.10  286  110 7745379.65 7449061.37  3.83%   3.2 2180s
 2150380 1928775     cutoff  536      7745379.65 7449081.02  3.83%   3.2 2185s
 2155235 1932852 7688324.37  147  115 7745379.65 7449108.23  3.83%   3.2 2190s
 2156895 1933965 7729283.75  176  109 7745379.65 7449108.23  3.83%   3.2 2197s
 2159806 1936631 7666713.84  283   80 7745379.65 7449132.82  3.82%   3.2 2200s
 2164716 1940555 7742333.73  573  113 7745379.65 7449151.90  3.82%   3.2 2205s
 2170233 1945610 7626301.33  173   83 7745379.65 7449164.03  3.82%   3.2 2214s
 2171129 1946471 7702792.25  662   72 7745379.65 7449164.03  3.82%   3.2 2215s
 2176545 1951383 7652176.18  234  114 7745379.65 7449192.10  3.82%   3.2 2220s
 2181380 1955649 7621550.65  134  120 7745379.65 7449227.99  3.82%   3.2 2231s
 2185162 1959180 7692343.75  292   78 7745379.65 7449231.58  3.82%   3.2 2235s
 2191143 1964764 7662917.64  311  114 7745379.65 7449261.29  3.82%   3.2 2240s
 2193361 1967283 7700819.50 1563   89 7745379.65 7449261.29  3.82%   3.2 2248s
 2196117 1969650 7628382.86   91   87 7745379.65 7449268.33  3.82%   3.2 2250s
H2199520 1961499                    7742124.2816 7449272.81  3.78%   3.2 2255s
 2203859 1965531 7722049.21  757   90 7742124.28 7449280.92  3.78%   3.2 2266s
 2207188 1968215     cutoff  699      7742124.28 7449288.87  3.78%   3.2 2270s
 2211858 1972115 7611971.73   94   86 7742124.28 7449314.75  3.78%   3.2 2275s
 2216212 1975933 7659826.53  235  112 7742124.28 7449327.57  3.78%   3.2 2284s
 2217363 1977093 7724508.58  582  105 7742124.28 7449328.01  3.78%   3.2 2285s
 2222822 1981373 7734478.08  182   73 7742124.28 7449340.66  3.78%   3.2 2290s
 2228430 1985945 7634303.37  126  123 7742124.28 7449390.69  3.78%   3.2 2295s
 2228802 1986471 7633984.87  134  122 7742124.28 7449390.69  3.78%   3.2 2301s
 2232535 1989801 7739541.27 1171   68 7742124.28 7449393.86  3.78%   3.2 2305s
 2237501 1994431 7664029.95  131   82 7742124.28 7449413.36  3.78%   3.2 2310s
 2240863 1997288 7619142.03  117  127 7742124.28 7449428.93  3.78%   3.2 2318s
 2242913 1999678 7703264.37  811   91 7742124.28 7449428.93  3.78%   3.2 2320s
 2248388 2004158 7638729.30  156   84 7742124.28 7449452.70  3.78%   3.2 2325s
 2253216 2008023 7681421.36  180   69 7742124.28 7449463.27  3.78%   3.2 2334s
 2253367 2008020     cutoff  223      7742124.28 7449463.27  3.78%   3.2 2335s
 2258143 2012339 7722926.84  227  110 7742124.28 7449483.22  3.78%   3.2 2340s
 2262729 2016192 7693714.87  517  112 7742124.28 7449503.30  3.78%   3.2 2345s
 2265309 2018454 7654942.36  463  122 7742124.28 7449511.23  3.78%   3.2 2352s
 2267807 2020651 7708619.81 1310   66 7742124.28 7449511.23  3.78%   3.2 2355s
 2273412 2025477 7648477.97  147  111 7742124.28 7449535.14  3.78%   3.2 2360s
 2277249 2029053 7631257.82  247  119 7742124.28 7449556.41  3.78%   3.2 2368s
 2278631 2029936 7684179.83  523  103 7742124.28 7449556.41  3.78%   3.2 2370s
 2284117 2034691 7704720.95 1835   88 7742124.28 7449556.41  3.78%   3.2 2375s
 2289257 2039306 7720473.19  567   61 7742124.28 7449556.41  3.78%   3.2 2384s
 2290106 2039777     cutoff  202      7742124.28 7449595.98  3.78%   3.2 2385s
 2295205 2044039 7732106.53  161   69 7742124.28 7449647.82  3.78%   3.2 2390s
 2300398 2048320 7731795.50  248  111 7742124.28 7449675.52  3.78%   3.2 2395s
 2302875 2050299 7665813.01  197   82 7742124.28 7449686.06  3.78%   3.2 2401s
 2306714 2053816 7672964.95  137   70 7742124.28 7449699.42  3.78%   3.2 2405s
 2311734 2057664 7738007.43  270   66 7742124.28 7449720.25  3.78%   3.2 2410s
 2314558 2060031 7715444.05  602  106 7742124.28 7449722.47  3.78%   3.2 2419s
 2315231 2060566 7644024.69  226   85 7742124.28 7449724.59  3.78%   3.2 2420s
 2321009 2066034 7723577.21  703   58 7742124.28 7449758.18  3.78%   3.2 2425s
 2326490 2070841 7679088.25  331  113 7742124.28 7449766.45  3.78%   3.2 2430s
 2326990 2071354 7719486.58  221   64 7742124.28 7449771.73  3.78%   3.2 2436s
 2330725 2074735     cutoff  754      7742124.28 7449786.58  3.78%   3.2 2440s
 2335744 2079174 7683832.37  346   77 7742124.28 7449791.72  3.78%   3.2 2445s
 2338589 2081321 7730111.35  701  115 7742124.28 7449796.93  3.78%   3.2 2453s
 2340702 2083218 7741671.34 1063   69 7742124.28 7449802.31  3.78%   3.2 2455s
 2345728 2087248 7718845.00  576   66 7742124.28 7449810.26  3.78%   3.2 2460s
 2351837 2093386     cutoff 1728      7742124.28 7449821.82  3.78%   3.2 2465s
 2352280 2093758 7698349.32  253   75 7742124.28 7449821.82  3.78%   3.2 2470s
 2357198 2097387     cutoff  178      7742124.28 7449826.55  3.78%   3.2 2475s
 2362782 2102215 7665707.77  201   77 7742124.28 7449846.24  3.78%   3.2 2480s
 2363968 2103326     cutoff  849      7742124.28 7449847.52  3.78%   3.2 2487s
 2366849 2105886 7615966.95  128  132 7742124.28 7449854.09  3.78%   3.2 2490s
 2372730 2111352 7711544.50  176   73 7742124.28 7449863.78  3.77%   3.2 2495s
 2376104 2113891 7692218.75  438   72 7742124.28 7449870.77  3.77%   3.2 2505s
 2380489 2118067 7693204.56 1256   90 7742124.28 7449876.13  3.77%   3.2 2510s
 2385044 2121620 7729306.33 2488  108 7742124.28 7449876.13  3.77%   3.2 2515s
 2386151 2122610 7656206.29  129   69 7742124.28 7449899.23  3.77%   3.2 2523s
 2387554 2123758 7693123.89  268   72 7742124.28 7449910.79  3.77%   3.2 2525s
 2392603 2128065 7665209.92  278  109 7742124.28 7449931.90  3.77%   3.2 2530s
 2397164 2132116 7662972.56  120   75 7742124.28 7449952.91  3.77%   3.2 2535s
 2399943 2134453 7726197.46  246  112 7742124.28 7449963.35  3.77%   3.2 2544s
 2401228 2135508 7700276.91  207  115 7742124.28 7449963.35  3.77%   3.2 2545s
 2406032 2139709 7656666.34  290  120 7742124.28 7449980.77  3.77%   3.2 2550s
 2411527 2144082 7724205.00  234  107 7742124.28 7450001.65  3.77%   3.2 2555s
 2412220 2144557     cutoff  211      7742124.28 7450004.42  3.77%   3.2 2562s
 2415586 2147576 7720347.80  476  114 7742124.28 7450018.50  3.77%   3.2 2565s
 2420292 2151948 7645483.71  234  111 7742124.28 7450031.40  3.77%   3.2 2570s
 2423778 2155269 7719103.33 2476  100 7742124.28 7450031.40  3.77%   3.2 2579s
 2424229 2155559 7729814.56 2477  109 7742124.28 7450031.40  3.77%   3.2 2580s
 2429003 2159480 7641466.31  121  123 7742124.28 7450054.76  3.77%   3.2 2585s
 2432352 2161408 7674606.88  172  112 7742124.28 7450073.66  3.77%   3.2 2590s
 2435922 2164595 7642785.84  124  125 7742124.28 7450087.50  3.77%   3.2 2598s
 2437602 2165611     cutoff  178      7742124.28 7450089.33  3.77%   3.2 2600s
 2442552 2169529 7690240.32  178   73 7742124.28 7450134.92  3.77%   3.2 2605s
 2447408 2173294 7734016.40  499   73 7742124.28 7450164.64  3.77%   3.2 2610s
 2449094 2174647 7721480.14  142   67 7742124.28 7450164.95  3.77%   3.2 2615s
H2450986 2102089                    7733652.6622 7450166.14  3.67%   3.2 2618s
 2451774 2102633 7698447.42  164   75 7733652.66 7450190.90  3.67%   3.2 2620s
 2457258 2107319     cutoff  553      7733652.66 7450216.43  3.66%   3.2 2625s
 2462307 2111755 7635276.30  261  114 7733652.66 7450227.98  3.66%   3.2 2634s
 2462885 2112148 7681522.13  279  115 7733652.66 7450227.98  3.66%   3.2 2635s
H2463418 2112383                    7733629.8892 7450229.60  3.66%   3.2 2636s
H2463609 2112497                    7733625.4987 7450229.60  3.66%   3.2 2637s
H2463617 2112497                    7733418.1858 7450229.60  3.66%   3.2 2637s
H2464794 2113524                    7733331.2345 7450244.63  3.66%   3.2 2639s
 2465659 2114204     cutoff  247      7733331.23 7450246.82  3.66%   3.2 2640s
 2470826 2118654 7676899.91  798   91 7733331.23 7450263.85  3.66%   3.2 2645s
 2474565 2121910 7683655.86 1688   91 7733331.23 7450263.85  3.66%   3.2 2655s
 2479842 2126865     cutoff 2529      7733331.23 7450263.85  3.66%   3.2 2660s
H2481706 2128364                    7732864.7510 7450263.85  3.65%   3.2 2663s
 2483383 2129544 7609602.07  185  120 7732864.75 7450309.79  3.65%   3.2 2665s
 2485689 2132045 7666577.81  593  121 7732864.75 7450310.38  3.65%   3.2 2673s
 2488064 2134206 7704708.18 1270   63 7732864.75 7450310.38  3.65%   3.2 2675s
 2493439 2138750 7702881.61  526   70 7732864.75 7450333.97  3.65%   3.2 2680s
H2494466 2128797                    7732769.6477 7450342.33  3.65%   3.2 2681s
H2495603 2130061                    7732713.2039 7450342.33  3.65%   3.2 2683s
H2496641 2130921                    7732357.5918 7450342.33  3.65%   3.2 2684s
 2498067 2132410 7674848.22 1529   95 7732357.59 7450342.33  3.65%   3.2 2690s
 2503112 2136094 7665914.94  181   82 7732357.59 7450354.33  3.65%   3.2 2695s
 2507911 2139961     cutoff  358      7732357.59 7450386.73  3.65%   3.2 2700s
H2509874 2141443                    7732126.3585 7450386.95  3.64%   3.2 2702s
 2510288 2141974 7688004.92  576  114 7732126.36 7450386.95  3.64%   3.2 2709s
 2511046 2142455     cutoff  260      7732126.36 7450404.18  3.64%   3.2 2710s
 2515438 2146192     cutoff  303      7732126.36 7450433.45  3.64%   3.2 2715s
 2521509 2150771 7727165.59  523   74 7732126.36 7450463.09  3.64%   3.2 2720s
H2522935 2151823                    7732101.7007 7450479.94  3.64%   3.2 2721s
 2524286 2152905 7714581.90  685   66 7732101.70 7450493.18  3.64%   3.2 2727s
H2524396 2152905                    7732064.9155 7450493.18  3.64%   3.2 2727s
 2527058 2155382 7691811.54  202   75 7732064.92 7450512.35  3.64%   3.2 2730s
 2531859 2159434 7706625.47  630  113 7732064.92 7450528.36  3.64%   3.2 2735s
 2536443 2163450 7655628.91  133  112 7732064.92 7450554.32  3.64%   3.2 2740s
 2536725 2163659 7684110.17  137  115 7732064.92 7450554.32  3.64%   3.2 2746s
H2539834 2166135                    7731848.3304 7450583.05  3.64%   3.2 2749s
 2540397 2166975 7668408.40  357  123 7731848.33 7450583.05  3.64%   3.2 2750s
 2546149 2171796 7707008.79  763   61 7731848.33 7450612.05  3.64%   3.2 2755s
 2549365 2174446 7654538.66  191  105 7731848.33 7450636.04  3.64%   3.2 2762s
 2552189 2176564 7691952.73  239   75 7731848.33 7450656.80  3.64%   3.2 2765s
H2552677 2176915                    7731842.4014 7450667.98  3.64%   3.2 2765s
 2556639 2180339     cutoff  188      7731842.40 7450676.78  3.64%   3.2 2770s
 2561586 2184354     cutoff  651      7731842.40 7450688.09  3.64%   3.2 2778s
 2563364 2185561 7651505.01  183  119 7731842.40 7450693.26  3.64%   3.2 2780s
H2565690 2187616                    7731841.6836 7450697.00  3.64%   3.2 2783s
H2567364 2189047                    7731830.4032 7450697.00  3.64%   3.2 2784s
 2567512 2189556 7693532.21 1462   94 7731830.40 7450697.00  3.64%   3.2 2785s
 2573382 2194172 7700095.28  168   75 7731830.40 7450742.19  3.64%   3.2 2790s
 2573659 2194222     cutoff  173      7731830.40 7450742.19  3.64%   3.2 2796s
 2577194 2197229 7660762.67  227  118 7731830.40 7450761.88  3.64%   3.2 2800s
H2579986 2199455                    7731829.1611 7450772.47  3.64%   3.2 2803s
H2579992 2178398                    7730385.3974 7450772.47  3.62%   3.2 2803s
 2581334 2179445 7681326.47  265   77 7730385.40 7450781.96  3.62%   3.2 2805s
 2586223 2183676 7689997.67  432  116 7730385.40 7450804.82  3.62%   3.2 2815s
 2590636 2187200 7715114.37  278  113 7730385.40 7450827.07  3.62%   3.2 2820s
H2592578 2188689                    7730342.4486 7450827.07  3.62%   3.2 2822s
H2592585 2188689                    7730254.5177 7450827.07  3.61%   3.2 2822s
H2592641 2188689                    7729909.4929 7450827.07  3.61%   3.2 2822s
 2594282 2190446 7637160.71  139  112 7729909.49 7450843.62  3.61%   3.2 2825s
 2598140 2193755 7710181.07  592   69 7729909.49 7450845.27  3.61%   3.2 2834s
 2598942 2194261 7721461.34  614   71 7729909.49 7450845.27  3.61%   3.2 2835s
 2604384 2198156     cutoff  290      7729909.49 7450874.98  3.61%   3.2 2840s
H2605605 2188498                    7729779.1709 7450886.28  3.61%   3.2 2841s
H2605612 2188498                    7729738.1985 7450886.28  3.61%   3.2 2841s
H2606632 2178984                    7728585.5496 7450901.28  3.59%   3.2 2842s
 2608647 2180310     cutoff  193      7728585.55 7450915.03  3.59%   3.2 2845s
 2611051 2182698 7668269.66  303  114 7728585.55 7450925.65  3.59%   3.2 2851s
 2615963 2186703 7642944.79  206   75 7728585.55 7450941.48  3.59%   3.2 2855s
H2619540 2190164                    7728580.1209 7450948.41  3.59%   3.2 2858s
H2619542 2190164                    7728294.9709 7450948.41  3.59%   3.2 2858s
 2620272 2190430     cutoff 1956      7728294.97 7450962.79  3.59%   3.2 2860s
 2624239 2193583 7706929.59  140   77 7728294.97 7450970.45  3.59%   3.2 2868s
 2625425 2194387 7635910.58  194   78 7728294.97 7450981.53  3.59%   3.2 2870s
 2630138 2197998 7726986.41  163  114 7728294.97 7451030.41  3.59%   3.2 2875s
H2632413 2199816                    7728274.4936 7451035.20  3.59%   3.2 2877s
H2632416 2199815                    7728242.7315 7451035.20  3.59%   3.2 2878s
H2632417 2199815                    7728198.8453 7451035.20  3.59%   3.2 2878s
 2634197 2201220 7643696.24  141   78 7728198.85 7451058.58  3.59%   3.2 2880s
 2637556 2203561 7635799.19  129   88 7728198.85 7451087.31  3.59%   3.2 2887s
 2640595 2205899 7717854.06  177  110 7728198.85 7451091.48  3.59%   3.2 2890s
H2641948 2196578                    7727340.3763 7451101.65  3.57%   3.2 2891s
 2645401 2199231 7629885.76  163  111 7727340.38 7451120.11  3.57%   3.2 2895s
 2650226 2202899 7464433.78  162  125 7727340.38 7451152.57  3.57%   3.2 2900s
 2651225 2203542     cutoff  309      7727340.38 7451175.48  3.57%   3.2 2905s
H2654848 2206864                    7727339.9697 7451181.53  3.57%   3.2 2907s
H2654850 2175282                    7725859.1623 7451181.53  3.56%   3.2 2908s
H2655978 2176106                    7725852.9879 7451186.29  3.56%   3.2 2909s
 2656694 2176427 7703701.99  193   75 7725852.99 7451197.05  3.56%   3.2 2910s
 2661457 2180179     cutoff  224      7725852.99 7451242.69  3.55%   3.2 2915s
 2664641 2183148 7659315.69  329  122 7725852.99 7451244.65  3.55%   3.2 2921s
 2667658 2185454 7705150.24  340  113 7725852.99 7451266.36  3.55%   3.2 2925s
H2668715 2186312                    7725850.8483 7451270.05  3.55%   3.2 2926s
 2671600 2188757 7637657.19  268   85 7725850.85 7451316.13  3.55%   3.2 2930s
 2677054 2193462     cutoff  508      7725850.85 7451351.98  3.55%   3.2 2939s
 2677945 2194274 7618862.91  151  113 7725850.85 7451355.51  3.55%   3.2 2940s
H2681746 2197570                    7725850.0350 7451358.89  3.55%   3.2 2942s
 2685029 2200449 7720636.22  358   72 7725850.04 7451383.44  3.55%   3.2 2945s
 2689619 2203904 7715810.82  200  111 7725850.04 7451387.67  3.55%   3.2 2954s
 2689849 2204031 7710038.98  198  110 7725850.04 7451387.67  3.55%   3.2 2955s
H2694405 2207729                    7725849.9927 7451431.89  3.55%   3.2 2960s
H2695635 2208803                    7725772.4571 7451445.93  3.55%   3.2 2962s
 2698433 2211295     cutoff  213      7725772.46 7451454.41  3.55%   3.2 2965s
 2703341 2214955 7674500.23  535  107 7725772.46 7451477.66  3.55%   3.2 2974s
 2703636 2215354 7678227.87  621  117 7725772.46 7451477.66  3.55%   3.2 2975s
H2708358 2219090                    7725768.2369 7451501.43  3.55%   3.2 2980s
H2708477 2219090                    7725525.3441 7451501.43  3.55%   3.2 2980s
 2714814 2224577 7702800.95  194   80 7725525.34 7451540.24  3.55%   3.2 2985s
 2715592 2225198     cutoff  209      7725525.34 7451545.00  3.55%   3.2 2990s
 2720733 2229552 7615394.68  164  121 7725525.34 7451579.51  3.55%   3.2 2995s
 2724821 2232907 7659366.33  143   73 7725525.34 7451587.78  3.55%   3.2 3000s
 2728318 2235215 7706173.78  434   74 7725525.34 7451601.85  3.55%   3.2 3009s
 2728893 2235671     cutoff  285      7725525.34 7451602.59  3.55%   3.2 3010s
 2733398 2239480 7689343.82  198   71 7725525.34 7451610.48  3.55%   3.2 3015s
 2738734 2244178 7670378.13  213   79 7725525.34 7451631.32  3.55%   3.2 3020s
 2739647 2244999     cutoff  607      7725525.34 7451640.89  3.55%   3.2 3025s
 2745250 2249779 7633719.87  240  114 7725525.34 7451662.36  3.54%   3.2 3030s
 2751826 2255326 7646788.52  228  118 7725525.34 7451675.47  3.54%   3.2 3035s
 2752299 2255844 7665640.11  332  119 7725525.34 7451675.47  3.54%   3.2 3041s
 2756677 2259313 7652293.38  148   69 7725525.34 7451701.48  3.54%   3.2 3045s
 2764146 2265045     cutoff  196      7725525.34 7451724.37  3.54%   3.2 3050s
 2766561 2266864 7718319.15  297   71 7725525.34 7451740.89  3.54%   3.2 3057s
H2767491 2267942                    7725514.4059 7451742.26  3.54%   3.2 3058s
 2769624 2270371 7696007.74  509  112 7725514.41 7451742.26  3.54%   3.2 3060s
 2774965 2274024 7617595.95  118   84 7725514.41 7451778.75  3.54%   3.2 3065s
 2779201 2277941 7702003.86  907  117 7725514.41 7451786.99  3.54%   3.2 3073s
H2780225 2278726                    7725490.3135 7451789.44  3.54%   3.2 3074s
 2780353 2278982 7686971.08  209   74 7725490.31 7451789.44  3.54%   3.2 3075s
 2785239 2283018 7711276.23  241   77 7725490.31 7451815.32  3.54%   3.2 3080s
 2791806 2289201 7597709.94  128  130 7725490.31 7451831.59  3.54%   3.2 3089s
 2792902 2290211 7638685.34  148  120 7725490.31 7451831.59  3.54%   3.2 3090s
 2798097 2293931 7689475.71  222  101 7725490.31 7451859.58  3.54%   3.2 3095s
 2802672 2297792     cutoff  316      7725490.31 7451894.19  3.54%   3.2 3100s
 2805696 2300300 7651786.00  307  118 7725490.31 7451903.73  3.54%   3.2 3106s
H2806151 2300629                    7725463.5351 7451903.73  3.54%   3.2 3107s
 2808119 2301952 7701685.99  159   78 7725463.54 7451906.12  3.54%   3.2 3110s
 2814307 2307422 7669625.82  215  117 7725463.54 7451917.36  3.54%   3.2 3115s
 2818644 2310530 7723184.76  865   74 7725463.54 7451928.16  3.54%   3.2 3122s
H2818856 2310535                    7725414.7425 7451929.60  3.54%   3.2 3123s
 2820260 2311690 7635719.37  112  122 7725414.74 7451939.72  3.54%   3.2 3125s
 2825466 2315554 7724661.38  207   73 7725414.74 7451981.29  3.54%   3.2 3130s
 2830826 2320156 7702549.54  199   78 7725414.74 7452011.55  3.54%   3.2 3135s
 2832946 2321603     cutoff  632      7725414.74 7452027.26  3.54%   3.2 3140s
H2834808 2323547                    7725410.5782 7452029.83  3.54%   3.2 3142s
 2837169 2325863 7666229.61  245  113 7725410.58 7452031.96  3.54%   3.2 3145s
 2841858 2329150 7723070.70  226  114 7725410.58 7452049.25  3.54%   3.2 3150s
 2846012 2332698 7617742.33  141  122 7725410.58 7452064.00  3.54%   3.2 3159s
 2847209 2334055 7645914.33  199  109 7725410.58 7452064.00  3.54%   3.2 3160s
H2847745 2334293                    7725409.1499 7452064.00  3.54%   3.2 3161s
H2847753 2334293                    7725406.3452 7452064.00  3.54%   3.2 3161s
 2852100 2338108     cutoff  336      7725406.35 7452080.61  3.54%   3.2 3165s
 2856638 2341481     cutoff  399      7725406.35 7452125.90  3.54%   3.2 3170s
 2857609 2342368 7706297.16  627   72 7725406.35 7452125.90  3.54%   3.2 3176s
H2860876 2345518                    7725402.7567 7452133.37  3.54%   3.2 3180s
 2864665 2348331     cutoff  291      7725402.76 7452154.49  3.54%   3.2 3185s
 2869239 2351920 7723008.04  604  116 7725402.76 7452189.85  3.54%   3.2 3190s
 2871516 2354252 7705368.17  228   74 7725402.76 7452191.29  3.54%   3.2 3196s
 2875017 2356934 7622566.69  147  115 7725402.76 7452209.87  3.54%   3.2 3200s
 2880267 2361426     cutoff  449      7725402.76 7452226.98  3.54%   3.2 3205s
 2884617 2365032 7724364.07  298   70 7725402.76 7452246.08  3.54%   3.2 3213s
 2885706 2365945 7697980.89  517  110 7725402.76 7452246.08  3.54%   3.2 3215s
 2889532 2369022     cutoff  511      7725402.76 7452259.41  3.54%   3.2 3220s
 2894096 2372528 7721993.25  277   73 7725402.76 7452278.27  3.54%   3.2 3225s
 2897353 2375130 7724349.20  268   78 7725402.76 7452292.76  3.54%   3.2 3232s
 2900001 2377407     cutoff  870      7725402.76 7452295.83  3.54%   3.2 3235s
H2900108 2366880                    7725182.9296 7452295.83  3.53%   3.2 3235s
 2904475 2370250 7666574.60  290   74 7725182.93 7452315.15  3.53%   3.2 3240s
 2909969 2374831 7698191.99 1541   89 7725182.93 7452323.17  3.53%   3.2 3248s
 2910872 2375607 7699530.15 1807   89 7725182.93 7452323.17  3.53%   3.2 3250s
H2912975 2377524                    7725110.4794 7452323.17  3.53%   3.2 3253s
 2914544 2378697 7703658.66 2564   89 7725110.48 7452323.17  3.53%   3.2 3255s
 2920394 2383605 7689454.50  403  110 7725110.48 7452348.67  3.53%   3.2 3264s
 2921159 2384053     cutoff  229      7725110.48 7452356.64  3.53%   3.2 3265s
H2925796 2387653                    7725109.1513 7452368.55  3.53%   3.2 3270s
 2931350 2391903 7705316.39  271   79 7725109.15 7452389.87  3.53%   3.2 3275s
 2935829 2395764 7676972.81  166  112 7725109.15 7452394.97  3.53%   3.2 3284s
 2936450 2396108 7723909.78  225   76 7725109.15 7452414.12  3.53%   3.2 3285s
H2938389 2397305                    7725103.4151 7452418.56  3.53%   3.2 3287s
H2939849 2387820                    7724470.5713 7452427.44  3.52%   3.2 3289s
 2939982 2387977     cutoff  688      7724470.57 7452432.89  3.52%   3.2 3290s
 2944694 2391578     cutoff  502      7724470.57 7452464.50  3.52%   3.2 3295s
 2949238 2394771     cutoff  222      7724470.57 7452484.34  3.52%   3.2 3300s
 2951360 2396409 7632158.65  181  116 7724470.57 7452494.38  3.52%   3.2 3305s
H2952648 2397363                    7724428.8022 7452506.20  3.52%   3.2 3307s
 2954635 2398979 7620392.67  132  123 7724428.80 7452512.66  3.52%   3.2 3310s
 2960131 2403818 7701191.08  566  110 7724428.80 7452526.72  3.52%   3.2 3315s
 2964934 2407656     cutoff  191      7724428.80 7452559.10  3.52%   3.2 3323s
H2965379 2408075                    7724422.6746 7452559.10  3.52%   3.2 3324s
 2965812 2408211     cutoff  530      7724422.67 7452564.82  3.52%   3.2 3325s
 2970810 2412242 7656895.60  258  114 7724422.67 7452589.89  3.52%   3.2 3330s
 2974732 2414985 infeasible  372      7724422.67 7452616.63  3.52%   3.2 3335s
H2978123 2418058                    7724422.3821 7452629.61  3.52%   3.2 3338s
 2978424 2418247 7642224.58  155   73 7724422.38 7452629.61  3.52%   3.2 3342s
 2981058 2420482 7673508.08  121   73 7724422.38 7452641.99  3.52%   3.2 3345s
 2987291 2425144     cutoff  145      7724422.38 7452665.72  3.52%   3.2 3350s
H2990983 2428449                    7724387.7004 7452686.15  3.52%   3.2 3354s
 2991208 2428845 7621917.66  138  118 7724387.70 7452686.15  3.52%   3.2 3355s
H2992458 2429839                    7724364.4453 7452686.15  3.52%   3.2 3360s
 2996454 2433135     cutoff  239      7724364.45 7452708.96  3.52%   3.3 3365s
 3001377 2437166 7709336.41  398   72 7724364.45 7452724.83  3.52%   3.3 3370s
 3002875 2438541 7621418.54  125  115 7724364.45 7452732.83  3.52%   3.3 3378s
 3005326 2440587 7681550.09  351  115 7724364.45 7452733.96  3.52%   3.3 3380s
 3010675 2444999 7708143.78  431  109 7724364.45 7452764.83  3.52%   3.3 3385s
 3015520 2449234     cutoff  210      7724364.45 7452792.98  3.52%   3.3 3390s
 3018149 2451341 7661700.60  607   83 7724364.45 7452797.37  3.52%   3.3 3397s
 3020474 2453464     cutoff 1201      7724364.45 7452814.29  3.52%   3.3 3400s
 3025292 2457486 7636354.37  339  118 7724364.45 7452856.36  3.51%   3.3 3405s
 3030037 2461265 7651536.53  202  110 7724364.45 7452891.74  3.51%   3.3 3410s
 3031803 2462804 7672642.48  185  119 7724364.45 7452903.39  3.51%   3.3 3415s
 3035817 2465503     cutoff  774      7724364.45 7452924.95  3.51%   3.3 3420s
 3040368 2469454     cutoff  850      7724364.45 7452940.56  3.51%   3.3 3425s
 3044029 2472317 7670487.53  405  103 7724364.45 7452954.19  3.51%   3.3 3431s
 3046638 2474063 7612962.82  120  125 7724364.45 7452964.75  3.51%   3.3 3435s
 3051448 2478184     cutoff  291      7724364.45 7452980.68  3.51%   3.3 3440s
 3055732 2481294 7713949.43  200   74 7724364.45 7453008.26  3.51%   3.3 3445s
 3058001 2483447 7613565.90  132  125 7724364.45 7453020.86  3.51%   3.3 3450s
 3062484 2486716 7631499.25  219  123 7724364.45 7453039.45  3.51%   3.3 3455s
 3068509 2492034 7703744.66  428   78 7724364.45 7453064.44  3.51%   3.3 3460s
 3071016 2494244     cutoff  308      7724364.45 7453066.57  3.51%   3.3 3465s
 3075659 2498171 7627417.07  221  114 7724364.45 7453077.97  3.51%   3.3 3470s
 3080631 2502036 7714695.09  228   78 7724364.45 7453109.09  3.51%   3.3 3475s
 3083645 2504549 7637980.76  185   91 7724364.45 7453121.82  3.51%   3.3 3481s
 3087402 2507249     cutoff  596      7724364.45 7453131.80  3.51%   3.3 3485s
 3092655 2511826 7702475.09  423   67 7724364.45 7453144.25  3.51%   3.3 3490s
 3096185 2514418 7706495.13  168   74 7724364.45 7453162.75  3.51%   3.3 3496s
 3099675 2517661     cutoff  204      7724364.45 7453175.07  3.51%   3.3 3500s
 3104897 2520912 7644508.16  165  122 7724364.45 7453199.90  3.51%   3.3 3505s
 3110333 2525340 7686546.26  271   73 7724364.45 7453235.76  3.51%   3.3 3512s
 3112765 2527328 7630404.12  127   93 7724364.45 7453255.51  3.51%   3.3 3515s
 3118208 2531888 7634843.40  174  112 7724364.45 7453266.79  3.51%   3.3 3520s
 3123410 2536085 7638558.11  324   80 7724364.45 7453304.67  3.51%   3.3 3525s
 3124209 2536561 7620273.99  179   88 7724364.45 7453314.73  3.51%   3.3 3530s
 3128776 2540132 7639356.38  169  111 7724364.45 7453338.16  3.51%   3.3 3535s
 3133536 2543844 7627827.96  194   90 7724364.45 7453356.34  3.51%   3.3 3540s
 3138546 2547790 7695624.03  302   71 7724364.45 7453389.05  3.51%   3.3 3548s
 3140666 2549643 7651704.67  363  115 7724364.45 7453390.80  3.51%   3.3 3550s
 3145804 2553642 7628593.27  194   86 7724364.45 7453446.91  3.51%   3.3 3555s
 3151372 2558177 7722185.40  766  112 7724364.45 7453466.73  3.51%   3.3 3563s
 3153118 2559426 7622681.31  132  123 7724364.45 7453480.54  3.51%   3.3 3565s
 3158084 2563056 7602402.11  110  127 7724364.45 7453493.53  3.51%   3.3 3570s
 3163787 2567675     cutoff  160      7724364.45 7453506.96  3.51%   3.3 3575s
 3166032 2569470 7648903.43  244   81 7724364.45 7453510.71  3.51%   3.3 3580s
 3173887 2575622 7644510.71  227  114 7724364.45 7453535.60  3.51%   3.3 3585s
 3178883 2579091 7667100.23  163   80 7724364.45 7453555.22  3.51%   3.3 3591s
 3182583 2582450 7660917.86  333  118 7724364.45 7453568.45  3.51%   3.3 3595s
 3188019 2586792 7648631.18  364  113 7724364.45 7453582.03  3.51%   3.3 3600s

Cutting planes:
  RLT: 83

Explored 3188328 nodes (10428267 simplex iterations) in 3600.04 seconds (1617.30 work units)
Thread count was 2 (of 24 available processors)

Solution count 10: 7.72436e+06 7.72439e+06 7.72442e+06 ... 7.72518e+06

Time limit reached
Best objective 7.724364445323e+06, best bound 7.453582033433e+06, gap 3.5056%
