
Gurobi 11.0.3 (linux64, Java) logging started seg 02 dez 2024 02:11:17 -03

Set parameter Username
Academic license - for non-commercial use only - expires 2025-10-10
Set parameter NonConvex to value 2
Set parameter TimeLimit to value 3600
Set parameter LogToConsole to value 0
Set parameter MIPGap to value 4.7614803339461642e-08
Set parameter Threads to value 2
Set parameter NodefileDir to value "/home/ps12398/experiment_epec/goalProgrammingMarcos/"
Set parameter NodefileStart to value 1
Gurobi Optimizer version 11.0.3 build v11.0.3rc0 (linux64)

CPU model: Intel(R) Xeon(R) CPU           X5650  @ 2.67GHz, instruction set [SSE2]
Thread count: 12 physical cores, 24 logical processors, using up to 2 threads

Optimize a model with 61384 rows, 41336 columns and 205178 nonzeros
Model fingerprint: 0xf81f587a
Model has 148 quadratic constraints
Variable types: 20598 continuous, 20738 integer (143 binary)
Coefficient statistics:
  Matrix range     [7e-03, 6e+06]
  QMatrix range    [7e-03, 1e+05]
  QLMatrix range   [1e+00, 1e+05]
  Objective range  [1e+00, 4e+07]
  Bounds range     [1e+00, 1e+08]
  RHS range        [1e+00, 1e+07]
  QRHS range       [2e-01, 2e-01]
Presolve removed 61040 rows and 40627 columns
Presolve time: 0.12s
Presolved: 910 rows, 885 columns, 20546 nonzeros
Presolved model has 2 SOS constraint(s)
Presolved model has 143 bilinear constraint(s)

Solving non-convex MIQCP

Variable types: 467 continuous, 418 integer (145 binary)
Found heuristic solution: objective 7708187.3682

Root relaxation: objective 4.103375e+06, 252 iterations, 0.01 seconds (0.01 work units)

    Nodes    |    Current Node    |     Objective Bounds      |     Work
 Expl Unexpl |  Obj  Depth IntInf | Incumbent    BestBd   Gap | It/Node Time

     0     0 4103375.42    0  132 7708187.37 4103375.42  46.8%     -    0s
H    0     0                    6006873.1171 4103375.42  31.7%     -    0s
     0     0 4307635.28    0  132 6006873.12 4307635.28  28.3%     -    0s
H    0     0                    5411694.0674 4307651.78  20.4%     -    0s
     0     0 4326162.79    0  134 5411694.07 4326162.79  20.1%     -    0s
     0     0 4331340.15    0  135 5411694.07 4331340.15  20.0%     -    0s
H    0     0                    5337554.7994 4331358.06  18.9%     -    0s
     0     0 4331515.53    0  135 5337554.80 4331515.53  18.8%     -    0s
     0     0 4335673.57    0  134 5337554.80 4335673.57  18.8%     -    0s
     0     0 4336260.19    0  134 5337554.80 4336260.19  18.8%     -    0s
     0     0 4337329.83    0  135 5337554.80 4337329.83  18.7%     -    0s
     0     0 4337584.39    0  135 5337554.80 4337584.39  18.7%     -    0s
     0     0 4338024.69    0  135 5337554.80 4338024.69  18.7%     -    0s
     0     0 4338063.97    0  135 5337554.80 4338063.97  18.7%     -    0s
     0     0 4338262.84    0  136 5337554.80 4338262.84  18.7%     -    0s
     0     0 4338279.90    0  136 5337554.80 4338279.90  18.7%     -    0s
H    0     0                    5287386.4956 4338279.90  18.0%     -    0s
     0     2 4338279.90    0  136 5287386.50 4338279.90  18.0%     -    0s
H  332   339                    5251474.1767 4338393.19  17.4%   1.6    1s
H 1307  1309                    5244919.9929 4338393.19  17.3%   1.7    2s
H 1987  1989                    5200307.4583 4338393.19  16.6%   1.7    2s
H 2235  2324                    5164809.3063 4338393.19  16.0%   1.9    2s
H 2720  2839                    5138279.8117 4338393.19  15.6%   2.3    3s
H 2989  3044                    5138277.3738 4338393.19  15.6%   2.7    3s
H 3039  3044                    5137488.8471 4338393.19  15.6%   2.7    3s
H 3255  3301                    5128779.7155 4338393.19  15.4%   2.8    3s
H 3496  3626                    5128778.6157 4338393.19  15.4%   2.9    4s
  3633  3632 4379467.44  893   48 5128778.62 4379467.44  14.6%   2.9    5s
H 3666  3476                    5103803.0317 4637016.29  9.15%   3.2    8s
H 3668  3304                    5087928.1974 4638501.38  8.83%   3.2    8s
H 3677  3145                    5087786.9022 4638545.16  8.83%   3.3    9s
  4650  3907 4690884.60  239  132 5087786.90 4683917.90  7.94%   3.2   10s
H 6979  5317                    5085351.5704 4683917.90  7.89%   4.1   11s
H 8054  5974                    5085256.8052 4683917.90  7.89%   4.2   12s
H 8734  6260                    5081110.9229 4683917.90  7.82%   4.4   13s
H 9413  6576                    5079192.4310 4683917.90  7.78%   4.6   13s
H 9462  6432                    5067020.2260 4683917.90  7.56%   4.6   13s
H10056  6566                    5066260.0034 4683917.90  7.55%   4.7   14s
 11144  7695 4866006.32 1507   85 5066260.00 4683917.90  7.55%   4.8   15s
H12100  8516                    5050475.0101 4683917.90  7.26%   4.9   15s
 16969 13385 4848012.63  130   91 5050475.01 4683944.14  7.26%   5.8   20s
H17951 14158                    5045035.7392 4683948.29  7.16%   5.8   20s
H22475 18375                    5045035.6735 4683970.10  7.16%   5.9   23s
 24684 20639 5035665.99  815   46 5045035.67 4683970.10  7.16%   5.8   25s
H25933 21470                    5040266.0165 4683975.95  7.07%   5.8   25s
H26388 21939                    5030276.4984 4683975.95  6.88%   5.8   26s
H27788 23080                    5027725.0590 4683977.51  6.84%   5.7   27s
H28393 23521                    5027595.7106 4683977.51  6.83%   5.7   28s
 30662 25996 4974013.46  785  110 5027595.71 4683977.51  6.83%   5.7   30s
 37564 32173 4884809.00  327   81 5027595.71 4684015.28  6.83%   5.4   35s
H41169 35119                    5027066.7996 4684046.57  6.82%   5.1   37s
 44558 38550 4903746.16  375  114 5027066.80 4684057.49  6.82%   4.9   40s
 50279 43617 5017144.07  186   91 5027066.80 4684092.78  6.82%   4.6   45s
H52190 45181                    5021466.7383 4684092.78  6.72%   4.5   46s
H53354 45322                    5010979.8788 4684092.78  6.52%   4.5   47s
H55314 47113                    5010976.6630 4684101.39  6.52%   4.5   48s
 56509 48262 4842140.08  186   84 5010976.66 4684105.77  6.52%   4.4   50s
 64688 56190 4838945.27  185  126 5010976.66 4684147.30  6.52%   4.2   55s
 73517 64128 4871221.75  342  121 5010976.66 4684175.60  6.52%   4.2   60s
H75982 62437                    5004640.2448 4684206.20  6.40%   4.3   61s
H76758 63070                    5004638.5778 4684216.39  6.40%   4.2   62s
 81682 67318 4832799.12  109   90 5004638.58 4684257.51  6.40%   4.2   65s
 89568 74221 4826083.27   86   91 5004638.58 4684305.23  6.40%   4.2   70s
 97484 81419 4873757.51  119   85 5004638.58 4684335.65  6.40%   4.2   75s
 102746 86235 4888217.27  320  123 5004638.58 4684358.59  6.40%   4.3   80s
 108088 90791 4974050.80  179   72 5004638.58 4684388.35  6.40%   4.3   85s
 112300 94866 4940801.98  270  113 5004638.58 4684414.32  6.40%   4.3   90s
 117341 99000 4826069.66   93   88 5004638.58 4684477.57  6.40%   4.3   95s
 122253 103630 4889360.75  252  122 5004638.58 4684521.88  6.40%   4.3  100s
H123094 97581                    4987379.1698 4684521.88  6.07%   4.3  100s
H124547 98612                    4987378.8375 4684541.50  6.07%   4.3  102s
 127070 100904 4978868.72  162   78 4987378.84 4684548.91  6.07%   4.3  105s
 130574 103814     cutoff  459      4987378.84 4684570.79  6.07%   4.3  110s
 134781 107222 4802574.21  105   94 4987378.84 4684611.54  6.07%   4.4  115s
 139191 111109 4892745.52  248   91 4987378.84 4684659.22  6.07%   4.4  120s
 143676 114905     cutoff  152      4987378.84 4684696.36  6.07%   4.4  125s
 148178 118863 4900367.75  300  119 4987378.84 4684731.59  6.07%   4.5  130s
 152811 122736     cutoff  121      4987378.84 4684772.89  6.07%   4.5  135s
 157151 126168 4975234.34  332   86 4987378.84 4684826.10  6.07%   4.6  140s
 161364 129929     cutoff  147      4987378.84 4684854.81  6.07%   4.6  145s
 165380 133070 4951278.25  115   78 4987378.84 4684908.52  6.06%   4.7  150s
 169432 136556 4945131.97  316  108 4987378.84 4684947.15  6.06%   4.7  155s
 174173 140750 4946718.58  282  100 4987378.84 4684976.04  6.06%   4.7  160s
 177474 143921 4872942.10  219  126 4987378.84 4685011.88  6.06%   4.7  165s
 182186 147941 4979640.27  364   75 4987378.84 4685041.25  6.06%   4.7  170s
 186227 151480 4963672.51  123   86 4987378.84 4685075.13  6.06%   4.8  175s
 190580 155468 4965522.03  132   81 4987378.84 4685100.67  6.06%   4.8  180s
 194612 158814 4977656.52  335   94 4987378.84 4685120.07  6.06%   4.8  185s
 198860 162474 4885646.75   98   85 4987378.84 4685154.62  6.06%   4.9  190s
 203498 166415 4705261.08   95  128 4987378.84 4685183.85  6.06%   4.9  195s
 207346 169552 4971767.62  108   81 4987378.84 4685222.61  6.06%   4.9  200s
 213223 174760 4929215.87  225  118 4987378.84 4685246.74  6.06%   4.9  205s
 218311 179446 4972234.27  123  120 4987378.84 4685294.58  6.06%   5.0  210s
 224060 184284 4965897.99  495   74 4987378.84 4685307.92  6.06%   5.0  215s
 228023 187465 4980670.95  117   77 4987378.84 4685336.29  6.06%   5.0  220s
 232016 190963 4949110.08  238  110 4987378.84 4685370.23  6.06%   5.1  225s
 236677 194832 4967852.39  132   79 4987378.84 4685388.02  6.06%   5.1  230s
 240856 198417 4851096.51  193  120 4987378.84 4685428.28  6.05%   5.1  235s
 244047 200597 4940063.57  134   74 4987378.84 4685474.81  6.05%   5.1  240s
 247995 203740 4962047.51  168  110 4987378.84 4685520.02  6.05%   5.2  245s
 251117 206127 4946837.06  139  114 4987378.84 4685563.37  6.05%   5.2  250s
 255118 209460 4939735.99  251  118 4987378.84 4685591.77  6.05%   5.2  255s
 259031 213176 4919900.24  379  115 4987378.84 4685614.47  6.05%   5.2  260s
 263086 216289 4863029.84  195  121 4987378.84 4685649.63  6.05%   5.3  265s
 267177 219810 4817731.63  136  131 4987378.84 4685695.20  6.05%   5.3  270s
 271331 223355 4827409.07  138  121 4987378.84 4685739.47  6.05%   5.3  275s
 275971 227112 4972299.39  111   78 4987378.84 4685769.05  6.05%   5.4  280s
 280102 230862 4806413.24  108  120 4987378.84 4685796.90  6.05%   5.4  285s
 283670 233436 4872508.85  177  129 4987378.84 4685837.74  6.05%   5.4  290s
 286630 236170     cutoff  147      4987378.84 4685854.86  6.05%   5.4  295s
 290622 239386 4974249.88  131  112 4987378.84 4685897.99  6.04%   5.5  300s
 294276 242083 4914666.38  174   89 4987378.84 4685956.19  6.04%   5.5  305s
 297818 245112 4929522.94  158  119 4987378.84 4686017.35  6.04%   5.5  310s
H298075 243835                    4985724.6746 4686017.35  6.01%   5.5  310s
H298315 243974                    4985724.3513 4686020.51  6.01%   5.5  310s
 300655 245937 4965367.02  318   65 4985724.35 4686047.54  6.01%   5.6  315s
 305292 249777 4959969.04  131  112 4985724.35 4686085.77  6.01%   5.6  320s
 309435 253277 4894908.03  122   90 4985724.35 4686122.52  6.01%   5.6  325s
 313414 256963 infeasible  314      4985724.35 4686141.88  6.01%   5.6  330s
 317602 260400 4850893.68  233  122 4985724.35 4686190.73  6.01%   5.6  335s
 321079 263301 4909867.88  268   86 4985724.35 4686209.35  6.01%   5.7  340s
 324702 266085 4906974.56  195  125 4985724.35 4686281.34  6.01%   5.7  345s
 328547 269245 4976224.99  294   69 4985724.35 4686321.56  6.01%   5.7  350s
 332521 272559 4908303.73  289  112 4985724.35 4686356.45  6.00%   5.8  355s
 336513 275901 4933566.86  259  118 4985724.35 4686387.55  6.00%   5.8  360s
 340474 279080 4948334.50  134  119 4985724.35 4686430.33  6.00%   5.8  365s
 343378 281290 4915885.79  116   86 4985724.35 4686462.69  6.00%   5.8  370s
 347048 284445 4860937.24  201  127 4985724.35 4686491.75  6.00%   5.8  375s
 350891 287865 4902692.33  305  119 4985724.35 4686532.89  6.00%   5.9  380s
 354216 290603 4949681.89  129   86 4985724.35 4686554.32  6.00%   5.9  385s
 357967 293940 4959102.81  120   87 4985724.35 4686575.37  6.00%   6.0  390s
 361911 297234 4880397.07  249  127 4985724.35 4686616.25  6.00%   6.0  395s
 365916 300773 4923819.20  258  111 4985724.35 4686652.83  6.00%   6.0  400s
 369833 303985 4921261.80  216  118 4985724.35 4686693.69  6.00%   6.0  405s
 373129 306770 4899027.36  249  119 4985724.35 4686726.98  6.00%   6.0  410s
H373745 307437                    4985657.4172 4686726.98  6.00%   6.0  411s
 377343 310752 4978633.61 2311   33 4985657.42 4686726.98  6.00%   6.0  415s
 381672 314335 4834128.50  185  125 4985657.42 4686764.22  6.00%   6.0  420s
 385783 317780 4882877.65  333  121 4985657.42 4686799.41  5.99%   6.0  425s
H386543 318431                    4985637.4430 4686799.41  5.99%   6.0  426s
 388605 320077 4955699.93  141  116 4985637.44 4686816.05  5.99%   6.1  430s
 393999 324713 4818008.61  124  124 4985637.44 4686860.96  5.99%   6.1  435s
 398299 328329 4857914.77  197  126 4985637.44 4686883.51  5.99%   6.1  440s
 402242 331607     cutoff  191      4985637.44 4686915.69  5.99%   6.1  445s
 405923 334944 4918538.30  230   88 4985637.44 4686933.63  5.99%   6.1  450s
 409715 338038 4791290.21  138  121 4985637.44 4686962.44  5.99%   6.1  455s
 413296 340801 4956818.95  194  124 4985637.44 4686995.09  5.99%   6.1  460s
 416938 343915 4971464.64  148  111 4985637.44 4687010.49  5.99%   6.2  465s
 420664 346700 4941996.96  224   84 4985637.44 4687054.79  5.99%   6.2  470s
 424024 349214 4821491.37  124   91 4985637.44 4687100.56  5.99%   6.2  475s
 428161 352782     cutoff  185      4985637.44 4687139.86  5.99%   6.2  480s
 432307 355940 4897383.06  236  124 4985637.44 4687173.77  5.99%   6.2  485s
 436063 359325 4972363.71  104   70 4985637.44 4687232.55  5.99%   6.3  490s
 440351 362689 4953993.89  132  121 4985637.44 4687282.92  5.98%   6.3  495s
 444355 366285 4972909.60  250   53 4985637.44 4687327.33  5.98%   6.3  500s
 447922 368708 4975541.81  132   75 4985637.44 4687400.87  5.98%   6.3  505s
 451323 371434 4895319.80  181   84 4985637.44 4687469.68  5.98%   6.3  510s
 455096 374539 4963851.12  168   83 4985637.44 4687501.93  5.98%   6.4  515s
 458709 377769 4946307.97  254   81 4985637.44 4687537.36  5.98%   6.4  520s
 462338 380518 4915283.86  243  123 4985637.44 4687570.92  5.98%   6.4  525s
 465561 383261 4957027.26  234   70 4985637.44 4687602.85  5.98%   6.4  530s
 469406 386455 4904067.26  185  125 4985637.44 4687635.17  5.98%   6.4  535s
 472918 389523 4963694.08  173  121 4985637.44 4687667.62  5.98%   6.5  540s
 476748 392708 4873057.66  216  128 4985637.44 4687699.81  5.98%   6.5  545s
 480487 395829 4972434.62  215  116 4985637.44 4687720.36  5.98%   6.5  550s
 484607 399164 4871169.23  231  125 4985637.44 4687803.93  5.97%   6.5  555s
 488177 402023 4953605.69  158  116 4985637.44 4687847.66  5.97%   6.5  560s
 492560 405636 4791491.75  110  119 4985637.44 4687886.73  5.97%   6.5  565s
 495820 408221 4855830.91  182   92 4985637.44 4687925.50  5.97%   6.5  570s
 500123 411942 4933752.42  294   78 4985637.44 4687981.29  5.97%   6.5  575s
 504258 415375     cutoff  313      4985637.44 4688042.06  5.97%   6.6  580s
 508257 418675 4852965.71  195   86 4985637.44 4688087.84  5.97%   6.6  585s
 511978 421693 4901401.01  178   90 4985637.44 4688129.22  5.97%   6.6  590s
 515328 424537 4951783.90  255  114 4985637.44 4688173.71  5.97%   6.6  595s
 518862 427263 4939962.72  142  116 4985637.44 4688229.41  5.97%   6.6  600s
 522915 430663 4915768.20  299   89 4985637.44 4688272.24  5.96%   6.6  605s
 526680 433648     cutoff  455      4985637.44 4688312.10  5.96%   6.6  610s
 529994 436413     cutoff  253      4985637.44 4688361.59  5.96%   6.6  615s
 534094 439540 4943802.59  118   86 4985637.44 4688407.94  5.96%   6.6  620s
 537645 442334     cutoff  442      4985637.44 4688454.54  5.96%   6.6  625s
 541563 445745 4890726.23  321  122 4985637.44 4688505.47  5.96%   6.6  630s
 545287 448793 4915445.30  277  118 4985637.44 4688534.89  5.96%   6.7  635s
 549347 452324 4864242.37  233  120 4985637.44 4688566.90  5.96%   6.7  640s
 552847 455257 4969635.38  315   79 4985637.44 4688597.60  5.96%   6.7  645s
 556697 458467 4960964.89  291  108 4985637.44 4688646.02  5.96%   6.7  650s
 560080 461321 4966583.95  270   72 4985637.44 4688664.47  5.96%   6.7  655s
 564204 464569 4840071.77  141   95 4985637.44 4688695.92  5.96%   6.7  660s
 568581 468489     cutoff  196      4985637.44 4688726.40  5.96%   6.7  665s
 572286 471392 4895894.58  263  126 4985637.44 4688785.67  5.95%   6.7  670s
 575767 474182 4958169.58  224  121 4985637.44 4688837.54  5.95%   6.8  675s
 579726 477316 4982135.41  292   67 4985637.44 4688907.57  5.95%   6.8  680s
 583686 480413 4913886.06  371  121 4985637.44 4688966.29  5.95%   6.8  685s
 587171 483455 4967181.73  247   76 4985637.44 4689011.05  5.95%   6.8  690s
 590859 486228 4912529.87  241   90 4985637.44 4689051.03  5.95%   6.8  695s
 594701 489616 4906832.23  235  123 4985637.44 4689090.68  5.95%   6.8  700s
 598366 492564 4916387.77  297  117 4985637.44 4689133.56  5.95%   6.8  705s
H599686 489560                    4983122.0267 4689138.66  5.90%   6.8  706s
 601919 491401 4957020.63  196  118 4983122.03 4689150.92  5.90%   6.8  710s
H602877 492205                    4983120.6083 4689158.62  5.90%   6.8  711s
 605440 494029     cutoff  182      4983120.61 4689188.30  5.90%   6.8  715s
 608933 497048     cutoff  245      4983120.61 4689214.47  5.90%   6.8  720s
 612703 500269 4860308.71  171  122 4983120.61 4689239.80  5.90%   6.8  725s
 616557 503226 4974021.89  173  120 4983120.61 4689255.80  5.90%   6.8  730s
 620148 506100 4972979.17  100   80 4983120.61 4689296.91  5.90%   6.8  735s
 624279 509749 4892488.86  229  123 4983120.61 4689321.29  5.90%   6.8  740s
 628825 513410 4960776.47  277   77 4983120.61 4689359.06  5.90%   6.8  745s
 633537 517447 4966653.57  413   63 4983120.61 4689387.84  5.89%   6.8  750s
 638373 521277 4864029.19  109  120 4983120.61 4689422.34  5.89%   6.8  755s
 644671 526409     cutoff  100      4983120.61 4689463.61  5.89%   6.8  760s
 650764 531606     cutoff  104      4983120.61 4689506.79  5.89%   6.8  765s
H651917 528015                    4981271.1569 4689517.80  5.86%   6.8  766s
H654464 530605                    4981270.1745 4689533.66  5.86%   6.9  769s
 655767 531590 4937448.53  313   81 4981270.17 4689533.66  5.86%   6.8  770s
 659236 534606 4874506.09  116   89 4981270.17 4689559.17  5.86%   6.8  775s
 663856 538744 4942627.95  354  113 4981270.17 4689584.71  5.86%   6.9  780s
 667356 541576 4831555.90  224  129 4981270.17 4689623.57  5.85%   6.9  785s
 672783 546004 4952073.49  149  115 4981270.17 4689660.72  5.85%   6.9  790s
 678572 550698 4889980.21  269  123 4981270.17 4689698.80  5.85%   6.9  795s
 682693 554415 4861874.26  209  122 4981270.17 4689727.18  5.85%   6.9  800s
 686546 557108 4952035.23  284   78 4981270.17 4689760.68  5.85%   6.9  805s
 690267 560289 4843752.25  244  128 4981270.17 4689785.41  5.85%   6.9  810s
 694094 563406 4953436.45  106   79 4981270.17 4689808.14  5.85%   6.9  815s
 697970 566747 4945076.91  250  116 4981270.17 4689825.63  5.85%   6.9  820s
 701151 569394     cutoff  109      4981270.17 4689844.69  5.85%   6.9  825s
 705391 572932 4969829.86  227  117 4981270.17 4689865.46  5.85%   6.9  830s
 708768 575004 4979892.47  104   77 4981270.17 4689902.99  5.85%   6.9  835s
H712218 577619                    4981161.4529 4689928.46  5.85%   6.9  839s
 712319 577621 4842402.94  232  128 4981161.45 4689928.46  5.85%   6.9  840s
H712979 578461                    4981160.3629 4689928.46  5.85%   6.9  841s
H713199 578461                    4981159.4475 4689928.46  5.85%   6.9  841s
 715700 580868 4849571.26  301  128 4981159.45 4689943.74  5.85%   6.9  845s
 719195 583491     cutoff  105      4981159.45 4689964.90  5.85%   6.9  850s
 723281 586993     cutoff  242      4981159.45 4689977.95  5.85%   7.0  855s
 726954 590314 4956872.09  314   74 4981159.45 4689996.69  5.85%   7.0  860s
 731107 593637     cutoff  128      4981159.45 4690024.35  5.84%   7.0  865s
 735661 597855 4940171.46  371  108 4981159.45 4690043.19  5.84%   6.9  870s
 739525 600194 4838584.93   87   93 4981159.45 4690083.77  5.84%   6.9  875s
 743407 603224 4966748.30  254  116 4981159.45 4690108.73  5.84%   7.0  880s
 748804 607801 4960114.97  391  106 4981159.45 4690133.35  5.84%   7.0  885s
 754337 612338 4936999.07  278   84 4981159.45 4690149.86  5.84%   7.0  890s
 758064 615316     cutoff  349      4981159.45 4690165.60  5.84%   7.0  895s
H760986 617558                    4981073.2153 4690185.38  5.84%   7.0  898s
 761861 618433 4960491.50  227   74 4981073.22 4690207.50  5.84%   7.0  900s
 765154 621133 4874073.36  160  117 4981073.22 4690222.43  5.84%   7.0  905s
 769476 624437     cutoff  244      4981073.22 4690241.98  5.84%   7.0  910s
 773721 628243 4941533.30  349   68 4981073.22 4690261.05  5.84%   7.0  915s
 777758 631711 4972737.84  134   78 4981073.22 4690279.30  5.84%   7.0  920s
 781807 635135 4902845.40  359  120 4981073.22 4690301.66  5.84%   7.0  925s
 786104 638690 4823784.70   92  129 4981073.22 4690312.42  5.84%   7.0  930s
 789818 641441 4705609.94   99  131 4981073.22 4690334.04  5.84%   7.0  935s
 793759 644656 4910875.35  163   86 4981073.22 4690363.16  5.84%   7.0  940s
 796939 647440 4961039.47  208   81 4981073.22 4690384.70  5.84%   7.0  945s
 801381 651193 4806035.04  100  126 4981073.22 4690399.92  5.84%   7.0  950s
 807589 656277     cutoff  166      4981073.22 4690428.73  5.83%   7.0  955s
 812214 660006 4882958.43  243   91 4981073.22 4690456.49  5.83%   7.0  960s
 816096 663037 4972679.29  179   74 4981073.22 4690473.11  5.83%   7.0  965s
 818860 665536 4940587.32  254  117 4981073.22 4690489.90  5.83%   7.0  970s
 823267 669165 4842391.97   95   96 4981073.22 4690510.65  5.83%   7.0  975s
 827181 672411 4941592.96  231   82 4981073.22 4690529.61  5.83%   7.0  980s
 831878 676632 4959464.02  135  114 4981073.22 4690553.57  5.83%   7.0  985s
 838200 681903 4906058.24  220  124 4981073.22 4690583.58  5.83%   7.0  990s
 844402 687145 4937228.86  233  113 4981073.22 4690607.44  5.83%   7.0  995s
 847760 689769 4903308.30  146  118 4981073.22 4690635.36  5.83%   7.0 1000s
 851628 692915 4973515.66  133   72 4981073.22 4690664.36  5.83%   7.0 1005s
 856003 696684 4914925.91  133  119 4981073.22 4690688.28  5.83%   7.0 1010s
 859860 699970     cutoff  106      4981073.22 4690706.91  5.83%   7.0 1015s
 863796 703024 4911053.33  256  120 4981073.22 4690725.95  5.83%   7.0 1020s
 867217 705947 4954961.23  286  102 4981073.22 4690738.39  5.83%   7.0 1025s
 871007 709016 4969503.75  248  110 4981073.22 4690755.46  5.83%   7.0 1030s
 874818 712043 4842707.34   90   91 4981073.22 4690777.77  5.83%   7.0 1035s
 878982 715558 4858697.82  106   94 4981073.22 4690804.51  5.83%   7.0 1040s
 882923 718845     cutoff  222      4981073.22 4690829.58  5.83%   7.0 1045s
 886655 721850 4861707.44  203  122 4981073.22 4690851.86  5.83%   7.0 1050s
H889882 721606                    4980106.1438 4690868.07  5.81%   7.1 1055s
H890270 720270                    4979714.6715 4690868.07  5.80%   7.1 1056s
H890942 720877                    4979714.6479 4690875.02  5.80%   7.1 1057s
 893065 722831 4925947.21  101  118 4979714.65 4690886.44  5.80%   7.1 1060s
 896427 725445 4828103.16  104   96 4979714.65 4690917.34  5.80%   7.1 1065s
 900829 729403 4969711.47  348  102 4979714.65 4690941.77  5.80%   7.1 1070s
 904704 732704 4946294.16  255  112 4979714.65 4690952.48  5.80%   7.1 1075s
 909105 736415 4965555.00  356  106 4979714.65 4690972.63  5.80%   7.1 1080s
 913604 740567 4956663.84  241  107 4979714.65 4690988.26  5.80%   7.1 1085s
 917895 744231 4954781.20  302   75 4979714.65 4691007.79  5.80%   7.1 1090s
 921776 747020 4965894.66  260   86 4979714.65 4691037.28  5.80%   7.1 1095s
 926011 750887 4970621.42  326   64 4979714.65 4691050.23  5.80%   7.1 1100s
 929086 753630 4870904.88  270  121 4979714.65 4691070.32  5.80%   7.1 1105s
 933312 757314 4820719.58  136  119 4979714.65 4691089.78  5.80%   7.1 1110s
 937863 761172 4861129.63  178  121 4979714.65 4691112.62  5.80%   7.1 1115s
 942252 764597     cutoff  112      4979714.65 4691143.21  5.79%   7.1 1120s
 946300 767649 4942355.15  119   86 4979714.65 4691189.11  5.79%   7.1 1125s
 950070 770600 4962421.12  295  113 4979714.65 4691229.48  5.79%   7.1 1130s
 954436 774171 4964734.67  105   79 4979714.65 4691263.06  5.79%   7.1 1135s
 958659 777946 4894164.92  201  122 4979714.65 4691310.59  5.79%   7.1 1140s
 962140 780767 4701047.08   89  128 4979714.65 4691333.80  5.79%   7.1 1145s
 967005 784967     cutoff  125      4979714.65 4691350.47  5.79%   7.1 1150s
 970930 788420 4840529.55  126  130 4979714.65 4691377.85  5.79%   7.1 1155s
 975081 791906     cutoff  319      4979714.65 4691404.19  5.79%   7.1 1160s
 978358 794260 4959458.33  219   75 4979714.65 4691449.50  5.79%   7.1 1165s
 982721 797827 4900095.11  277  120 4979714.65 4691485.62  5.79%   7.1 1170s
 986878 801311 4881572.86  202  124 4979714.65 4691523.52  5.79%   7.1 1175s
 990957 804636     cutoff  112      4979714.65 4691555.73  5.79%   7.1 1180s
 994052 807247 4831970.16  141   91 4979714.65 4691597.08  5.79%   7.1 1185s
 997978 810277 4820430.89  106  125 4979714.65 4691654.21  5.78%   7.1 1190s
 1001957 813357     cutoff  269      4979714.65 4691682.83  5.78%   7.1 1195s
 1006309 816988 4979283.27  307   64 4979714.65 4691720.43  5.78%   7.1 1200s
 1010581 820833 4968843.37  161   78 4979714.65 4691754.14  5.78%   7.0 1205s
 1014583 824508 4951794.23  226   78 4979714.65 4691774.11  5.78%   7.0 1210s
 1018695 827704 4896584.81  129  119 4979714.65 4691798.56  5.78%   7.1 1215s
 1022563 830820 4961496.48  104   76 4979714.65 4691823.40  5.78%   7.1 1220s
 1026130 833673 4967316.60  115  121 4979714.65 4691865.16  5.78%   7.1 1225s
 1029883 836963 4932805.55  128   84 4979714.65 4691896.48  5.78%   7.1 1230s
 1033198 839689 4887952.92  265  117 4979714.65 4691913.30  5.78%   7.1 1235s
 1037175 843160 4895343.23  264  120 4979714.65 4691944.14  5.78%   7.1 1240s
 1041202 846280 4918858.31  114   86 4979714.65 4691980.99  5.78%   7.1 1245s
 1044907 849158 4962068.19  107   79 4979714.65 4692060.60  5.78%   7.1 1250s
 1048512 851746 4960002.81  207  120 4979714.65 4692159.18  5.77%   7.1 1255s
 1052447 854937 4827952.86  111  123 4979714.65 4692214.90  5.77%   7.1 1260s
H1052652 854910                    4979707.7879 4692214.90  5.77%   7.1 1260s
 1056478 858401 4853712.06  133  118 4979707.79 4692256.14  5.77%   7.1 1265s
 1060529 861488 4832101.77   96   93 4979707.79 4692321.09  5.77%   7.1 1270s
 1066271 866440 4926140.13  198  125 4979707.79 4692384.68  5.77%   7.1 1275s
 1071176 870472 4958099.76  446  109 4979707.79 4692451.97  5.77%   7.1 1280s
 1075085 873701     cutoff  177      4979707.79 4692498.06  5.77%   7.1 1285s
 1079040 877317 4969244.78  346   58 4979707.79 4692551.86  5.77%   7.1 1290s
 1083614 881067 4911476.76  225  122 4979707.79 4692601.71  5.77%   7.1 1295s
 1087279 883724 4830368.93  173   96 4979707.79 4692689.52  5.76%   7.1 1300s
 1091329 887144 4725277.05  130  131 4979707.79 4692740.53  5.76%   7.1 1305s
 1094924 890002 4851102.93  282  121 4979707.79 4692833.09  5.76%   7.1 1310s
 1098332 892831 4931653.95  194  122 4979707.79 4692873.39  5.76%   7.1 1315s
 1102359 896186 4920514.15  325   77 4979707.79 4692945.75  5.76%   7.1 1320s
 1106421 898986 4979244.01  122   59 4979707.79 4693051.07  5.76%   7.1 1325s
 1110383 901984 4803813.00  144   98 4979707.79 4693154.12  5.75%   7.1 1330s
 1114435 905462     cutoff  307      4979707.79 4693202.62  5.75%   7.1 1335s
 1118217 908794 4976090.59  243   85 4979707.79 4693259.64  5.75%   7.1 1340s
 1121922 911797 4938337.85  268  118 4979707.79 4693368.74  5.75%   7.1 1345s
 1125951 914998 4949893.26  255  115 4979707.79 4693479.53  5.75%   7.1 1350s
 1128915 917456     cutoff  152      4979707.79 4693534.73  5.75%   7.1 1355s
 1133186 920800 4921450.14  110   89 4979707.79 4693597.98  5.75%   7.1 1360s
 1136986 923889 4962778.40  209   79 4979707.79 4693666.73  5.74%   7.1 1365s
 1141205 927523     cutoff  122      4979707.79 4693754.77  5.74%   7.1 1370s
 1146311 931840 4950429.50  292  112 4979707.79 4693840.06  5.74%   7.1 1375s
 1151957 936530 4967909.02  426  103 4979707.79 4693928.38  5.74%   7.1 1380s
 1155878 939706 4886607.88  158  124 4979707.79 4693978.17  5.74%   7.1 1385s
 1159580 942602 4710814.01  198  131 4979707.79 4694028.94  5.74%   7.1 1390s
 1163323 945848 4914799.85  188  119 4979707.79 4694141.22  5.73%   7.1 1395s
 1167729 949269     cutoff  111      4979707.79 4694212.72  5.73%   7.1 1400s
 1171417 952308     cutoff  207      4979707.79 4694279.99  5.73%   7.1 1405s
 1175524 955793 4926131.13  286  116 4979707.79 4694315.58  5.73%   7.1 1410s
 1179363 959011 4969161.75  315  114 4979707.79 4694370.30  5.73%   7.1 1415s
 1183027 962005 4883179.13  163  121 4979707.79 4694419.21  5.73%   7.1 1420s
 1187365 965421 4857074.45  208   93 4979707.79 4694464.10  5.73%   7.1 1425s
 1190601 968161 4820309.80  128   95 4979707.79 4694496.66  5.73%   7.1 1430s
 1195088 972240 4901432.80  356  114 4979707.79 4694562.56  5.73%   7.1 1435s
 1199726 976032 4710985.95  107  129 4979707.79 4694592.80  5.73%   7.1 1440s
 1203751 979401 4948159.69  104   82 4979707.79 4694631.58  5.72%   7.1 1445s
 1207506 982708 4975701.86  171   73 4979707.79 4694676.42  5.72%   7.1 1450s
 1211699 986123     cutoff  170      4979707.79 4694718.01  5.72%   7.1 1455s
 1215454 988969 4914414.27  130   82 4979707.79 4694757.76  5.72%   7.1 1460s
 1219517 992334 4973789.68  302  105 4979707.79 4694800.87  5.72%   7.1 1465s
 1222939 995319 4892727.90  378  122 4979707.79 4694836.77  5.72%   7.1 1470s
 1227198 998691     cutoff  109      4979707.79 4694863.15  5.72%   7.1 1475s
 1231445 1002175 4943041.37  259  117 4979707.79 4694898.15  5.72%   7.1 1480s
 1235475 1005287 4907383.33  269   84 4979707.79 4694965.05  5.72%   7.1 1485s
 1239369 1008269     cutoff  276      4979707.79 4695000.35  5.72%   7.1 1490s
 1243521 1011913 4860900.19   93   91 4979707.79 4695022.83  5.72%   7.1 1495s
 1247718 1015466 4833468.73   87   94 4979707.79 4695058.77  5.72%   7.1 1500s
 1250806 1017999 4951224.42  134  115 4979707.79 4695088.27  5.72%   7.1 1505s
 1254823 1021318 4931776.31  226  115 4979707.79 4695116.59  5.72%   7.1 1510s
 1259448 1025293     cutoff  288      4979707.79 4695140.72  5.71%   7.1 1515s
 1263377 1028514 4911631.23  101   80 4979707.79 4695174.87  5.71%   7.1 1520s
 1267073 1031668 4883811.24  118  125 4979707.79 4695201.17  5.71%   7.1 1525s
 1271297 1035392 4817676.13   85   91 4979707.79 4695222.42  5.71%   7.1 1530s
 1275119 1038581 4920509.43  234  114 4979707.79 4695244.29  5.71%   7.1 1535s
 1279805 1042408 4863772.09  150  122 4979707.79 4695279.48  5.71%   7.1 1540s
 1285097 1046495 4972085.29  585   98 4979707.79 4695300.21  5.71%   7.1 1545s
 1290659 1051507 4942265.19  281  115 4979707.79 4695332.17  5.71%   7.1 1550s
 1295046 1054939 4977368.20  438  107 4979707.79 4695345.86  5.71%   7.1 1555s
 1298978 1058043 4971905.63  296   84 4979707.79 4695372.11  5.71%   7.1 1560s
 1303641 1062122 4974455.38  294   67 4979707.79 4695394.56  5.71%   7.1 1565s
 1308016 1065976 4933377.04  378  120 4979707.79 4695411.96  5.71%   7.1 1570s
 1312124 1069235 4957573.38  265   75 4979707.79 4695442.57  5.71%   7.1 1575s
 1316213 1072657 4943910.54  265  112 4979707.79 4695471.17  5.71%   7.1 1580s
 1320393 1075648 4869305.00  172  118 4979707.79 4695487.33  5.71%   7.1 1585s
 1324006 1078850 4824779.36  114   96 4979707.79 4695497.61  5.71%   7.1 1590s
 1328040 1082392 4934290.43  217  113 4979707.79 4695525.94  5.71%   7.1 1595s
 1332323 1085966 4810184.04   98  126 4979707.79 4695557.55  5.71%   7.1 1600s
 1338017 1090621 4893764.85  132  118 4979707.79 4695576.35  5.71%   7.1 1605s
 1342696 1094677 4929685.61  183  120 4979707.79 4695606.36  5.71%   7.1 1610s
 1347110 1098221     cutoff  129      4979707.79 4695634.76  5.70%   7.1 1615s
 1351325 1101797 4964888.61  298  108 4979707.79 4695653.42  5.70%   7.1 1620s
 1354796 1104645 4971344.77  353   69 4979707.79 4695674.80  5.70%   7.1 1625s
 1359054 1108267     cutoff  356      4979707.79 4695712.07  5.70%   7.1 1630s
 1362692 1111357 4952404.82  306   72 4979707.79 4695749.36  5.70%   7.1 1635s
H1363124 1099940                    4977372.1461 4695749.36  5.66%   7.1 1635s
H1363410 1099358                    4977063.9830 4695749.56  5.65%   7.1 1636s
 1367197 1101682 4808010.16   90  128 4977063.98 4695760.60  5.65%   7.1 1640s
 1371971 1105891 4945393.05  200  115 4977063.98 4695784.83  5.65%   7.1 1645s
 1376660 1110128     cutoff  509      4977063.98 4695801.12  5.65%   7.1 1650s
 1380921 1113569 4889791.82  153  118 4977063.98 4695816.16  5.65%   7.1 1655s
 1384815 1116912 4871168.84  165  124 4977063.98 4695842.35  5.65%   7.1 1660s
 1389009 1120153 4947117.75  232   67 4977063.98 4695873.60  5.65%   7.1 1665s
 1393272 1123635 4967197.10  163   74 4977063.98 4695902.82  5.65%   7.1 1670s
H1395577 1125189                    4977063.8199 4695933.59  5.65%   7.1 1673s
 1396531 1126205 4814474.47   93  128 4977063.82 4695943.75  5.65%   7.1 1675s
 1401713 1130795 4920996.93  329  118 4977063.82 4695966.62  5.65%   7.1 1680s
 1405880 1134220 4907987.32  237  123 4977063.82 4695987.43  5.65%   7.1 1685s
 1409534 1136620 4855719.57   98   88 4977063.82 4696045.26  5.65%   7.1 1690s
 1413724 1140177 4949247.12  198   71 4977063.82 4696092.98  5.65%   7.1 1695s
 1417747 1143206 4860701.89  112  123 4977063.82 4696130.01  5.64%   7.1 1700s
 1423596 1148308 4860785.33  164  119 4977063.82 4696171.92  5.64%   7.1 1705s
 1430133 1153763 4923078.97  254  113 4977063.82 4696236.79  5.64%   7.1 1710s
 1436631 1159086 4974996.91  493  104 4977063.82 4696287.23  5.64%   7.1 1715s
 1441688 1163663 4958027.36  305   67 4977063.82 4696318.76  5.64%   7.1 1720s
 1446740 1167628 4925619.13  208  120 4977063.82 4696390.53  5.64%   7.1 1725s
 1451312 1171109 4974933.69  112   71 4977063.82 4696431.90  5.64%   7.1 1730s
 1455145 1174240 4832864.45   98  127 4977063.82 4696482.26  5.64%   7.1 1735s
 1459381 1177690 4925272.91  175   79 4977063.82 4696503.53  5.64%   7.1 1740s
 1463246 1181088 4821060.25   99  130 4977063.82 4696528.02  5.64%   7.1 1745s
 1466805 1183809 4955021.37  287   70 4977063.82 4696570.91  5.64%   7.1 1750s
 1470553 1187156 4905155.56  255  121 4977063.82 4696598.06  5.64%   7.1 1755s
 1474488 1190203 4840122.72  130  121 4977063.82 4696624.86  5.63%   7.1 1760s
 1478986 1193739 4961544.60  233   77 4977063.82 4696676.63  5.63%   7.1 1765s
 1482785 1196836     cutoff  318      4977063.82 4696722.96  5.63%   7.1 1770s
 1486848 1200187 4859445.00  131  123 4977063.82 4696753.31  5.63%   7.1 1775s
 1491011 1203590     cutoff  304      4977063.82 4696779.59  5.63%   7.1 1780s
H1495209 1206376                    4977023.9427 4696826.93  5.63%   7.1 1785s
H1495216 1206402                    4977022.3687 4696830.46  5.63%   7.1 1786s
 1498692 1209668 4967381.10  496  106 4977022.37 4696852.41  5.63%   7.1 1790s
 1502325 1212657 4938592.86  371  114 4977022.37 4696912.61  5.63%   7.1 1795s
 1505808 1215287 4877742.26  127   83 4977022.37 4696943.50  5.63%   7.1 1800s
 1509716 1218795 4970005.28  539  106 4977022.37 4696971.25  5.63%   7.1 1805s
 1513559 1221648 4809694.22   94   96 4977022.37 4697022.20  5.63%   7.1 1810s
 1518032 1225382     cutoff  412      4977022.37 4697071.47  5.62%   7.1 1815s
 1521509 1227936 4851228.48  126   92 4977022.37 4697133.86  5.62%   7.1 1820s
 1525760 1231587 4970368.18  242  114 4977022.37 4697165.13  5.62%   7.1 1825s
 1529753 1234939 4949649.37  456  118 4977022.37 4697187.84  5.62%   7.1 1830s
 1534372 1238850 4869602.16  225  120 4977022.37 4697230.17  5.62%   7.1 1835s
 1538773 1242495 4962883.07  413  111 4977022.37 4697271.90  5.62%   7.1 1840s
 1542421 1245242 4714535.33  315  133 4977022.37 4697330.15  5.62%   7.1 1845s
 1546610 1249119 4897628.97  225  120 4977022.37 4697378.23  5.62%   7.1 1850s
 1551508 1253360 4933260.68  448  111 4977022.37 4697395.93  5.62%   7.1 1855s
 1555766 1256983 4921158.90  174   86 4977022.37 4697442.79  5.62%   7.1 1860s
 1559792 1260364 4963963.39  142  118 4977022.37 4697471.21  5.62%   7.1 1865s
 1563569 1262998 4941662.72   99   81 4977022.37 4697543.33  5.62%   7.1 1870s
 1567418 1266436 4956482.64  243  110 4977022.37 4697578.78  5.61%   7.1 1875s
 1571349 1269507 4962872.33  200   76 4977022.37 4697616.06  5.61%   7.1 1880s
 1574764 1271895 4853005.49  118  123 4977022.37 4697692.72  5.61%   7.1 1885s
 1579057 1275625 4918532.20  131  117 4977022.37 4697742.60  5.61%   7.1 1890s
 1583489 1279297 4945004.55   98   80 4977022.37 4697782.42  5.61%   7.1 1895s
 1587920 1282672     cutoff  190      4977022.37 4697852.30  5.61%   7.1 1900s
 1591121 1285552 4731021.57  105  127 4977022.37 4697911.04  5.61%   7.1 1905s
 1595731 1289131 4963602.21  432   69 4977022.37 4697980.76  5.61%   7.1 1910s
 1600191 1292814 4966785.94  238   76 4977022.37 4698036.00  5.61%   7.1 1915s
 1604105 1296195 4854976.12  159  127 4977022.37 4698095.70  5.60%   7.1 1920s
 1607930 1299220     cutoff  103      4977022.37 4698142.70  5.60%   7.1 1925s
 1611992 1302676 4961681.07  318  111 4977022.37 4698178.63  5.60%   7.1 1930s
 1616427 1306549 4859952.47  133   91 4977022.37 4698230.97  5.60%   7.1 1935s
 1620693 1309992 4957290.16  340  102 4977022.37 4698247.73  5.60%   7.1 1940s
 1624561 1313631 4955579.87  248  113 4977022.37 4698301.47  5.60%   7.1 1945s
 1628497 1316637 4960674.05  156   78 4977022.37 4698376.39  5.60%   7.1 1950s
H1631453 1318700                    4977014.8624 4698424.67  5.60%   7.1 1953s
 1632001 1319294 4852394.93  159  128 4977014.86 4698431.97  5.60%   7.1 1955s
 1636296 1322923 4969326.20  142   79 4977014.86 4698462.09  5.60%   7.1 1960s
 1640493 1326410     cutoff  258      4977014.86 4698526.07  5.60%   7.1 1965s
 1645085 1330016 4975826.65  166   67 4977014.86 4698579.30  5.59%   7.1 1970s
 1649018 1333559 4975626.27  158   74 4977014.86 4698614.13  5.59%   7.1 1975s
 1653580 1337360 4827589.72   98  125 4977014.86 4698660.00  5.59%   7.1 1980s
 1658512 1341446 4972644.08  354  120 4977014.86 4698725.78  5.59%   7.1 1985s
 1662279 1344228 4932365.12  354   87 4977014.86 4698759.62  5.59%   7.1 1990s
 1665629 1346932 4874597.07  203   85 4977014.86 4698830.68  5.59%   7.1 1995s
 1669846 1350197 4974135.03  358   67 4977014.86 4698854.88  5.59%   7.1 2000s
Created node file directory '/home/ps12398/experiment_epec/goalProgrammingMarcos//grbnodes0'
 1671506 1351500 4869519.02  215   92 4977014.86 4698872.62  5.59%   7.1 2005s
 1674546 1353790 4968342.17  348   81 4977014.86 4698878.99  5.59%   7.1 2010s
 1677942 1355546 4893645.98  182  121 4977014.86 4698889.12  5.59%   7.1 2015s
 1681088 1358017 4955360.60  248  112 4977014.86 4698889.12  5.59%   7.1 2020s
 1683987 1359644 4910085.55  231  123 4977014.86 4698899.27  5.59%   7.1 2025s
 1687619 1362386 4962638.80  366   84 4977014.86 4698916.23  5.59%   7.1 2030s
 1690225 1363489 4957207.12  351   79 4977014.86 4698925.78  5.59%   7.1 2035s
 1693816 1366143     cutoff  127      4977014.86 4698931.03  5.59%   7.1 2040s
 1696808 1367881 4894818.13  335  120 4977014.86 4698944.13  5.59%   7.1 2045s
 1698920 1369206     cutoff  437      4977014.86 4698947.43  5.59%   7.1 2051s
 1700812 1369788 4831605.36  255  119 4977014.86 4698957.51  5.59%   7.1 2055s
 1705239 1372971     cutoff  320      4977014.86 4698966.67  5.59%   7.1 2060s
 1707306 1373280     cutoff  130      4977014.86 4698982.46  5.59%   7.1 2065s
 1710735 1375554 4922334.54  171  122 4977014.86 4699010.12  5.59%   7.1 2070s
 1714278 1377815     cutoff  267      4977014.86 4699027.16  5.59%   7.1 2075s
 1717457 1379566 4955034.08  120   76 4977014.86 4699037.32  5.59%   7.1 2080s
 1720812 1381885     cutoff  189      4977014.86 4699042.82  5.59%   7.1 2085s
 1723416 1383365     cutoff  362      4977014.86 4699047.96  5.59%   7.1 2090s
 1727443 1386933     cutoff  116      4977014.86 4699054.10  5.58%   7.1 2095s
 1730809 1388921 4924946.46  395  116 4977014.86 4699072.32  5.58%   7.1 2100s
 1733701 1389940     cutoff  161      4977014.86 4699080.58  5.58%   7.1 2105s
 1735418 1390749 4955162.12  116   73 4977014.86 4699097.23  5.58%   7.1 2110s
 1738130 1392080 4833795.22  107  124 4977014.86 4699107.05  5.58%   7.1 2115s
 1742386 1395859 4964434.55  318   95 4977014.86 4699107.05  5.58%   7.1 2120s
 1745818 1397875 4953498.05  540  113 4977014.86 4699145.23  5.58%   7.1 2125s
 1748576 1398947     cutoff  162      4977014.86 4699156.23  5.58%   7.1 2130s
 1751833 1401257     cutoff  108      4977014.86 4699169.70  5.58%   7.1 2135s
 1754945 1403223 4954358.37  155  110 4977014.86 4699172.42  5.58%   7.1 2140s
 1760017 1408377 4971722.68  363  104 4977014.86 4699173.27  5.58%   7.1 2145s
 1763009 1409370 4866423.93  209   88 4977014.86 4699188.40  5.58%   7.1 2152s
 1764972 1410797 4919271.84  246   78 4977014.86 4699188.40  5.58%   7.1 2155s
 1768002 1412741 4879525.61  471  120 4977014.86 4699208.41  5.58%   7.1 2160s
 1771324 1415257 4963310.94  591   72 4977014.86 4699208.41  5.58%   7.2 2165s
 1774909 1417928 4938621.25  431  114 4977014.86 4699225.85  5.58%   7.2 2170s
 1778554 1420342 4962478.20  125   76 4977014.86 4699232.01  5.58%   7.2 2175s
 1781253 1421996 4958255.15  103   81 4977014.86 4699242.53  5.58%   7.2 2180s
 1784827 1424891 4896692.09  339   75 4977014.86 4699250.49  5.58%   7.2 2185s
 1787544 1426515 4855544.89  134  122 4977014.86 4699257.59  5.58%   7.2 2191s
 1791403 1430490 4947193.51  256  107 4977014.86 4699257.59  5.58%   7.2 2195s
 1795338 1432196 4950755.37  104   79 4977014.86 4699267.48  5.58%   7.2 2200s
 1799859 1434646 4959401.53   97   78 4977014.86 4699290.44  5.58%   7.2 2205s
 1804742 1437977 4833508.25  111   96 4977014.86 4699298.46  5.58%   7.2 2210s
 1809119 1440113 4852081.85  399  107 4977014.86 4699315.17  5.58%   7.2 2215s
 1812633 1441625     cutoff  379      4977014.86 4699333.70  5.58%   7.2 2220s
 1814894 1443476 4898924.63  181  122 4977014.86 4699333.70  5.58%   7.2 2225s
 1819565 1446940 4974531.53  110   78 4977014.86 4699340.20  5.58%   7.2 2230s
 1823344 1450023 4896504.52  180  119 4977014.86 4699348.19  5.58%   7.2 2235s
 1828324 1454549     cutoff  107      4977014.86 4699352.96  5.58%   7.2 2240s
 1831405 1456141 4943173.70  174  115 4977014.86 4699360.32  5.58%   7.2 2245s
 1834753 1458849 4885168.18  172   82 4977014.86 4699367.28  5.58%   7.2 2250s
 1836598 1460668 4915802.70  209   80 4977014.86 4699367.28  5.58%   7.2 2255s
 1839674 1461904     cutoff  105      4977014.86 4699382.63  5.58%   7.2 2260s
 1843520 1464964 4968085.77  247  107 4977014.86 4699382.63  5.58%   7.2 2265s
 1847383 1467562 4971722.89  106   79 4977014.86 4699410.02  5.58%   7.2 2270s
 1851135 1470455 4964863.25  146   76 4977014.86 4699415.76  5.58%   7.2 2275s
 1854707 1473165 4875106.29  262  118 4977014.86 4699425.50  5.58%   7.2 2280s
 1858695 1477308 4960777.35  415  104 4977014.86 4699425.50  5.58%   7.2 2287s
 1861113 1478331 4967524.91  412   73 4977014.86 4699433.54  5.58%   7.2 2290s
 1865164 1481697 4943053.92  420  116 4977014.86 4699445.69  5.58%   7.2 2295s
 1868583 1484358 4967792.50  116   75 4977014.86 4699448.96  5.58%   7.2 2300s
 1871762 1486081 4801958.88  126  121 4977014.86 4699463.33  5.58%   7.2 2305s
 1876055 1490572 4970712.51  267  100 4977014.86 4699463.33  5.58%   7.2 2310s
 1879349 1492347 4975006.18  143   71 4977014.86 4699469.25  5.58%   7.2 2316s
 1882869 1495673 4905482.00  178  117 4977014.86 4699472.26  5.58%   7.1 2320s
 1887485 1500098 4970499.47  358   98 4977014.86 4699483.29  5.58%   7.1 2325s
 1890524 1501306 4963893.06  131   78 4977014.86 4699489.87  5.58%   7.1 2330s
 1895621 1505833 4927378.63  199  116 4977014.86 4699490.07  5.58%   7.1 2335s
 1899574 1507796 4958673.10  124   82 4977014.86 4699504.05  5.58%   7.2 2340s
 1901666 1509129     cutoff  105      4977014.86 4699508.74  5.58%   7.2 2345s
 1904869 1511190 4947579.14  390   79 4977014.86 4699518.40  5.58%   7.2 2350s
 1908634 1514267 4960585.02  413   78 4977014.86 4699518.40  5.58%   7.2 2355s
 1912163 1515983     cutoff  253      4977014.86 4699521.76  5.58%   7.2 2360s
 1915285 1518498 4942751.99  226  119 4977014.86 4699524.75  5.58%   7.2 2365s
 1918009 1519499     cutoff  255      4977014.86 4699546.22  5.58%   7.2 2370s
 1920490 1519705     cutoff  110      4977014.86 4699556.61  5.57%   7.2 2375s
 1923078 1520216 4935910.88  188   71 4977014.86 4699572.02  5.57%   7.2 2380s
 1925799 1521043 4720610.48  373  113 4977014.86 4699576.03  5.57%   7.2 2385s
 1930428 1525341 4963624.61  125   82 4977014.86 4699578.69  5.57%   7.2 2390s
 1932231 1525714     cutoff  111      4977014.86 4699586.01  5.57%   7.2 2395s
 1936319 1529185 4881066.25  160  123 4977014.86 4699591.75  5.57%   7.2 2400s
 1941713 1534360     cutoff  377      4977014.86 4699595.22  5.57%   7.2 2405s
 1944069 1534850 4960022.13  106   77 4977014.86 4699607.07  5.57%   7.2 2410s
 1947227 1537116     cutoff  211      4977014.86 4699624.09  5.57%   7.2 2415s
 1951970 1541214 4910735.84  261  113 4977014.86 4699627.17  5.57%   7.2 2420s
 1953824 1542617 4906372.66  351   70 4977014.86 4699628.87  5.57%   7.2 2425s
 1956484 1543325 4843402.13  127  127 4977014.86 4699644.04  5.57%   7.2 2430s
 1960526 1546607 4937665.24  275   70 4977014.86 4699653.64  5.57%   7.2 2435s
 1963312 1546876 4966887.63  102   79 4977014.86 4699662.85  5.57%   7.2 2440s
 1965940 1547671     cutoff  126      4977014.86 4699673.24  5.57%   7.2 2445s
 1968953 1548033     cutoff  173      4977014.86 4699688.48  5.57%   7.2 2450s
 1972881 1550258     cutoff  144      4977014.86 4699694.85  5.57%   7.2 2455s
 1976341 1552471 4946720.86  236   84 4977014.86 4699709.80  5.57%   7.2 2460s
 1979870 1555255 4945218.81  105   81 4977014.86 4699711.01  5.57%   7.2 2465s
 1982072 1556855 4971044.12  432   62 4977014.86 4699714.38  5.57%   7.2 2470s
 1984513 1557511     cutoff  118      4977014.86 4699722.22  5.57%   7.2 2475s
 1988658 1561020 4961461.48  110   79 4977014.86 4699726.37  5.57%   7.2 2480s
 1992333 1563005 4920487.92  171  120 4977014.86 4699730.22  5.57%   7.2 2485s
 1995696 1564866     cutoff  111      4977014.86 4699749.24  5.57%   7.2 2490s
 1998772 1567159     cutoff  119      4977014.86 4699753.50  5.57%   7.2 2495s
 2003193 1570607 4955460.79  137  110 4977014.86 4699753.79  5.57%   7.2 2500s
 2005457 1571239 4867444.40  107   89 4977014.86 4699764.40  5.57%   7.2 2505s
 2008337 1573316 4967347.88  241   69 4977014.86 4699764.40  5.57%   7.2 2512s
 2009836 1573662 4944632.93  100   81 4977014.86 4699775.83  5.57%   7.2 2515s
 2012697 1574445 4972881.08  101   73 4977014.86 4699781.39  5.57%   7.2 2520s
 2015489 1574801 4965991.94  111   82 4977014.86 4699799.79  5.57%   7.2 2525s
 2018709 1576798 4862856.67  185  121 4977014.86 4699813.47  5.57%   7.2 2530s
 2023221 1580547 4957904.32  110   80 4977014.86 4699815.58  5.57%   7.2 2535s
 2025624 1581381 4961069.61  101   81 4977014.86 4699822.93  5.57%   7.2 2540s
 2029471 1584306 4954674.91  219  111 4977014.86 4699824.01  5.57%   7.2 2545s
 2032834 1585874 4816156.50   88  127 4977014.86 4699835.61  5.57%   7.2 2550s
 2036044 1588430 4920686.49  189  116 4977014.86 4699835.61  5.57%   7.2 2556s
 2039024 1590604 4970461.25  226  110 4977014.86 4699835.61  5.57%   7.2 2560s
 2042119 1592373 4896752.24  221  115 4977014.86 4699858.99  5.57%   7.2 2565s
 2045377 1594229 4963288.69  233   76 4977014.86 4699884.31  5.57%   7.2 2570s
 2049148 1597014 4702364.89   87  131 4977014.86 4699885.25  5.57%   7.2 2575s
 2052622 1599138     cutoff  139      4977014.86 4699898.20  5.57%   7.2 2580s
 2057032 1603040 4961013.79  121   75 4977014.86 4699900.95  5.57%   7.2 2585s
 2059029 1604359 4976066.30  217   70 4977014.86 4699901.66  5.57%   7.2 2590s
 2061654 1604698 4729731.58   93  128 4977014.86 4699916.58  5.57%   7.2 2595s
 2065059 1606461     cutoff  129      4977014.86 4699928.57  5.57%   7.2 2600s
 2068238 1607755     cutoff  109      4977014.86 4699940.01  5.57%   7.2 2605s
 2070883 1609639 4873482.72  178  119 4977014.86 4699950.28  5.57%   7.2 2610s
 2075416 1613161     cutoff  114      4977014.86 4699951.86  5.57%   7.2 2615s
 2078525 1615087 4849856.69  114   92 4977014.86 4699956.57  5.57%   7.2 2620s
 2081878 1617408 4949557.27  199   66 4977014.86 4699956.57  5.57%   7.2 2625s
 2085194 1619211     cutoff  114      4977014.86 4699962.01  5.57%   7.2 2630s
 2087452 1621286 4845591.97  133  126 4977014.86 4699967.34  5.57%   7.2 2635s
 2090191 1621982 4960209.38  118   78 4977014.86 4699969.29  5.57%   7.2 2640s
 2094828 1625965     cutoff  107      4977014.86 4699972.94  5.57%   7.2 2645s
 2098092 1627662 4962152.94  120   79 4977014.86 4699979.51  5.57%   7.2 2650s
 2101097 1629033 4841702.25  128  120 4977014.86 4699991.54  5.57%   7.2 2655s
 2105074 1631930 4954533.81  265  111 4977014.86 4699991.54  5.57%   7.2 2660s
 2109063 1634076 4877401.45  163  119 4977014.86 4700010.29  5.57%   7.2 2665s
 2111325 1635705 4904593.59  175  122 4977014.86 4700010.29  5.57%   7.2 2670s
 2114644 1637738 4934145.65  109   83 4977014.86 4700015.70  5.57%   7.2 2675s
 2119352 1642267 4940653.70  388  106 4977014.86 4700017.58  5.57%   7.2 2680s
 2122908 1644705 4816349.03  101  126 4977014.86 4700020.13  5.57%   7.2 2685s
 2125429 1646201     cutoff  104      4977014.86 4700025.10  5.57%   7.2 2690s
 2129721 1649435 4956371.80  121   80 4977014.86 4700028.21  5.57%   7.2 2695s
 2131813 1651181 4882844.73  123  120 4977014.86 4700032.07  5.57%   7.2 2700s
 2135740 1653046 4938700.61  117   85 4977014.86 4700036.54  5.57%   7.2 2705s
 2138673 1654118 4963955.33  139   76 4977014.86 4700049.83  5.56%   7.2 2710s
 2141626 1655156 4966457.96  190   73 4977014.86 4700057.14  5.56%   7.2 2715s
 2145588 1657634     cutoff  167      4977014.86 4700062.54  5.56%   7.2 2720s
 2148393 1658921     cutoff  144      4977014.86 4700067.40  5.56%   7.2 2725s
 2153233 1663738 4945415.61  219  118 4977014.86 4700071.38  5.56%   7.2 2730s
 2156663 1666755 4963829.84  101   78 4977014.86 4700073.51  5.56%   7.2 2737s
 2158651 1667603 4852525.94  113  125 4977014.86 4700079.47  5.56%   7.2 2740s
 2162736 1670621 4915856.49  165  119 4977014.86 4700079.47  5.56%   7.2 2745s
 2166226 1672992 4936660.52  100   85 4977014.86 4700091.35  5.56%   7.2 2750s
 2169742 1675028 4960218.76  161  114 4977014.86 4700105.65  5.56%   7.2 2755s
 2174427 1679599     cutoff  383      4977014.86 4700108.39  5.56%   7.2 2762s
 2176325 1681394 4947327.06  140  112 4977014.86 4700108.39  5.56%   7.2 2765s
 2179741 1683107     cutoff  111      4977014.86 4700110.11  5.56%   7.2 2770s
 2184890 1688472 4911462.29  193  119 4977014.86 4700114.44  5.56%   7.2 2775s
 2189480 1692223     cutoff  109      4977014.86 4700117.10  5.56%   7.2 2780s
 2193332 1694397 4923064.01  204  114 4977014.86 4700119.93  5.56%   7.2 2785s
 2195018 1695795 4948705.97  303  104 4977014.86 4700119.93  5.56%   7.2 2790s
 2197990 1696977 4965579.73  118   81 4977014.86 4700127.09  5.56%   7.2 2795s
 2201348 1699246 4960885.41  181   75 4977014.86 4700132.78  5.56%   7.2 2800s
 2204554 1700957 4920587.65  232  112 4977014.86 4700138.92  5.56%   7.2 2805s
 2207662 1702046 4974352.69  108   80 4977014.86 4700148.79  5.56%   7.2 2810s
 2211467 1704905 4936564.48  204  122 4977014.86 4700150.61  5.56%   7.2 2815s
 2214675 1706745 4876245.20  442  122 4977014.86 4700158.02  5.56%   7.2 2820s
 2216570 1707911 4956375.24  591   67 4977014.86 4700158.02  5.56%   7.2 2825s
 2219165 1709509 4845699.02  129  123 4977014.86 4700174.23  5.56%   7.2 2830s
 2224461 1714576 4886298.32  399   92 4977014.86 4700175.86  5.56%   7.2 2835s
 2228452 1717242     cutoff  105      4977014.86 4700177.68  5.56%   7.2 2840s
 2231275 1718042 4958722.65  114   69 4977014.86 4700191.41  5.56%   7.2 2845s
 2235186 1721518 4963294.56  473  114 4977014.86 4700201.95  5.56%   7.2 2850s
 2236825 1722939     cutoff  400      4977014.86 4700202.97  5.56%   7.2 2855s
 2241015 1725392     cutoff  113      4977014.86 4700211.57  5.56%   7.2 2860s
 2244062 1726596 4824249.29   95  121 4977014.86 4700221.32  5.56%   7.2 2865s
 2249472 1732065 4949315.82  299  111 4977014.86 4700221.32  5.56%   7.1 2870s
 2252781 1733447     cutoff  136      4977014.86 4700225.89  5.56%   7.1 2875s
 2256553 1736258 4970114.69  279   79 4977014.86 4700231.24  5.56%   7.1 2880s
 2259386 1737319 4889285.02  209   84 4977014.86 4700238.23  5.56%   7.2 2886s
 2262504 1740225     cutoff  235      4977014.86 4700238.23  5.56%   7.1 2890s
 2266192 1742900 4909644.13  267   73 4977014.86 4700244.99  5.56%   7.1 2895s
 2269908 1745861 4854114.64   91   86 4977014.86 4700246.39  5.56%   7.1 2900s
 2273545 1748070 4927855.60  321  106 4977014.86 4700254.50  5.56%   7.1 2905s
 2278226 1751059 4867746.95  113   87 4977014.86 4700265.08  5.56%   7.1 2910s
 2279986 1752301 4925110.16  167   77 4977014.86 4700265.08  5.56%   7.1 2915s
 2284332 1755889 4875428.27  163  120 4977014.86 4700282.06  5.56%   7.1 2920s
 2290307 1759955 4957553.29  396   71 4977014.86 4700288.11  5.56%   7.1 2925s
 2294960 1762321     cutoff  109      4977014.86 4700315.53  5.56%   7.1 2930s
 2300430 1766407     cutoff  111      4977014.86 4700319.57  5.56%   7.1 2935s
 2302731 1768223 4833728.30  251  124 4977014.86 4700324.60  5.56%   7.1 2940s
 2307217 1771232     cutoff  156      4977014.86 4700338.71  5.56%   7.1 2945s
 2310697 1773199     cutoff  137      4977014.86 4700345.80  5.56%   7.1 2950s
 2314757 1775857 4956688.82  104   74 4977014.86 4700356.51  5.56%   7.1 2955s
 2320163 1779402     cutoff  166      4977014.86 4700359.77  5.56%   7.1 2960s
 2324493 1781422 4962257.48  104   82 4977014.86 4700371.82  5.56%   7.1 2967s
 2325862 1782417     cutoff  111      4977014.86 4700374.19  5.56%   7.1 2970s
 2329020 1783329     cutoff  239      4977014.86 4700378.45  5.56%   7.1 2975s
 2332637 1785967 4933918.50  178  119 4977014.86 4700380.46  5.56%   7.1 2980s
 2335825 1787759 4958577.89  118   81 4977014.86 4700395.48  5.56%   7.1 2985s
 2339546 1789773 4963519.59  130   83 4977014.86 4700401.82  5.56%   7.1 2990s
 2344195 1793689 4898875.42  190  122 4977014.86 4700406.51  5.56%   7.1 2995s
 2347142 1795861 4961463.84  156   72 4977014.86 4700419.30  5.56%   7.1 3000s
 2350955 1799109 4887150.52  124   85 4977014.86 4700420.92  5.56%   7.1 3005s
 2354800 1802784 4953999.64  411   68 4977014.86 4700420.92  5.56%   7.1 3010s
 2358318 1804767     cutoff  119      4977014.86 4700432.63  5.56%   7.1 3015s
 2361564 1806802 4912772.42  196  119 4977014.86 4700436.56  5.56%   7.1 3020s
 2364782 1808741 4912257.49  123  116 4977014.86 4700444.49  5.56%   7.1 3025s
 2366986 1810585 4889190.35  274  122 4977014.86 4700446.17  5.56%   7.1 3030s
 2372433 1815926 4961777.16  401  118 4977014.86 4700446.17  5.56%   7.1 3035s
 2375932 1817314 4970066.51  146   69 4977014.86 4700452.69  5.56%   7.1 3040s
 2380536 1820375 4973474.23  381   84 4977014.86 4700457.88  5.56%   7.1 3045s
 2383919 1823018 4967505.79  126   58 4977014.86 4700460.88  5.56%   7.1 3051s
 2386539 1824834 4965559.59  113   78 4977014.86 4700462.30  5.56%   7.1 3055s
 2389632 1826111 4867796.16  132  121 4977014.86 4700464.76  5.56%   7.1 3060s
 2394856 1831319 4963894.15  450  106 4977014.86 4700466.93  5.56%   7.1 3065s
 2398268 1833606 4965535.12  110   75 4977014.86 4700468.54  5.56%   7.1 3070s
 2401790 1836145 4915366.54  191  121 4977014.86 4700470.86  5.56%   7.1 3075s
 2403893 1837842 4967417.47  320  103 4977014.86 4700470.86  5.56%   7.1 3080s
 2407489 1840038     cutoff  115      4977014.86 4700488.20  5.56%   7.1 3085s
 2411230 1842567     cutoff  111      4977014.86 4700492.86  5.56%   7.1 3090s
 2414744 1845402 4845826.10  111  126 4977014.86 4700495.36  5.56%   7.1 3095s
 2418725 1848270 4961883.14  113   72 4977014.86 4700496.11  5.56%   7.1 3100s
 2422208 1850676 4957865.16  337  101 4977014.86 4700496.41  5.56%   7.1 3105s
 2423892 1851459     cutoff  151      4977014.86 4700511.41  5.56%   7.1 3110s
 2428723 1854865     cutoff  116      4977014.86 4700520.22  5.56%   7.1 3115s
 2433756 1859640 4945010.46  517   70 4977014.86 4700522.64  5.56%   7.1 3120s
 2436941 1861103 4861454.68  147  127 4977014.86 4700532.72  5.56%   7.1 3125s
 2441235 1865154 4913155.20  184  120 4977014.86 4700532.72  5.56%   7.1 3130s
 2446339 1868583     cutoff  118      4977014.86 4700540.83  5.56%   7.1 3135s
 2451063 1872172 4974600.19  157  114 4977014.86 4700542.00  5.55%   7.1 3140s
 2456288 1875098 4885237.64  214  123 4977014.86 4700556.35  5.55%   7.1 3145s
 2460107 1877927 4956226.35  273  108 4977014.86 4700560.25  5.55%   7.1 3150s
 2463772 1880625 4928691.91  257  113 4977014.86 4700562.54  5.55%   7.1 3155s
 2466358 1881660 4945122.62  128  115 4977014.86 4700575.70  5.55%   7.1 3160s
 2470476 1885074 4964579.12  132  123 4977014.86 4700587.74  5.55%   7.1 3165s
 2473535 1887160 4860177.60  135  123 4977014.86 4700596.21  5.55%   7.1 3170s
 2476302 1889853 4902512.13  169  119 4977014.86 4700596.21  5.55%   7.1 3175s
 2480949 1893832     cutoff  144      4977014.86 4700596.27  5.55%   7.1 3180s
 2483709 1894691     cutoff  243      4977014.86 4700610.63  5.55%   7.1 3185s
 2488144 1898290 4968427.64  385   67 4977014.86 4700618.15  5.55%   7.1 3190s
 2493151 1901569 4962100.88  406   70 4977014.86 4700631.54  5.55%   7.1 3195s
 2496221 1903314 4864499.71  155  123 4977014.86 4700639.27  5.55%   7.1 3200s
 2498869 1905510 4962442.84  310   49 4977014.86 4700657.84  5.55%   7.1 3206s
 2502166 1908321 4883086.84  170  119 4977014.86 4700662.47  5.55%   7.1 3210s
 2507302 1913133 4945837.43  216  110 4977014.86 4700662.47  5.55%   7.1 3215s
 2510682 1914950 4954031.15   98   80 4977014.86 4700668.68  5.55%   7.1 3220s
 2513930 1917043     cutoff  143      4977014.86 4700672.93  5.55%   7.1 3225s
 2517465 1920196 4904150.72  240  116 4977014.86 4700677.00  5.55%   7.1 3232s
 2520338 1922610 4964165.74  381  102 4977014.86 4700677.00  5.55%   7.1 3235s
 2523946 1923627 4841848.76  101  127 4977014.86 4700694.89  5.55%   7.1 3240s
 2528057 1924601 4964222.57  137   74 4977014.86 4700712.22  5.55%   7.1 3245s
 2532831 1926976 4930396.15  353   75 4977014.86 4700718.24  5.55%   7.1 3250s
 2536587 1929764 4914680.02  195  118 4977014.86 4700725.41  5.55%   7.1 3255s
 2539978 1931816 4821246.90  111  122 4977014.86 4700736.40  5.55%   7.1 3260s
 2542364 1933936 4899969.22  194  120 4977014.86 4700736.40  5.55%   7.1 3265s
 2546385 1936073     cutoff  112      4977014.86 4700740.72  5.55%   7.1 3270s
 2549191 1938148 4910515.29  156   84 4977014.86 4700744.75  5.55%   7.1 3275s
 2552481 1939782     cutoff  129      4977014.86 4700750.88  5.55%   7.1 3280s
 2556647 1943290 4931999.74  222  120 4977014.86 4700752.52  5.55%   7.1 3285s
 2559401 1944997 4973892.18  283   73 4977014.86 4700763.19  5.55%   7.1 3290s
 2563120 1947382 4836440.89   94  124 4977014.86 4700772.35  5.55%   7.1 3295s
 2566007 1948597     cutoff  209      4977014.86 4700775.80  5.55%   7.1 3300s
 2569103 1949760 4967377.11  169  110 4977014.86 4700775.80  5.55%   7.1 3305s
 2572228 1951782 4942533.25  378   73 4977014.86 4700786.97  5.55%   7.1 3310s
 2574138 1952640 4846966.37   98  129 4977014.86 4700793.45  5.55%   7.1 3315s
 2578962 1957273 4972202.99  250  104 4977014.86 4700793.45  5.55%   7.1 3322s
 2580949 1957951 4966803.09  124   87 4977014.86 4700807.62  5.55%   7.1 3325s
 2586055 1962880 4942887.31  210   60 4977014.86 4700808.12  5.55%   7.1 3330s
 2589917 1965246 4864640.70   90   87 4977014.86 4700810.01  5.55%   7.1 3335s
 2593725 1967900 4914011.66  176  117 4977014.86 4700813.35  5.55%   7.1 3340s
 2596355 1970083 4955605.62  265  104 4977014.86 4700813.35  5.55%   7.1 3345s
 2599705 1972477 4887877.64  413   88 4977014.86 4700820.66  5.55%   7.1 3350s
 2604117 1976613     cutoff  193      4977014.86 4700822.31  5.55%   7.1 3355s
 2606960 1977965 4962027.59  156  112 4977014.86 4700829.89  5.55%   7.1 3360s
 2611002 1981291 4914931.16  212  118 4977014.86 4700834.79  5.55%   7.1 3365s
 2614928 1985079 4974068.18  326  103 4977014.86 4700834.79  5.55%   7.1 3370s
 2617807 1985860 4836110.36  106  125 4977014.86 4700849.68  5.55%   7.1 3375s
 2622771 1989677 4972494.27  307   98 4977014.86 4700849.68  5.55%   7.1 3380s
 2628064 1993115     cutoff  138      4977014.86 4700875.62  5.55%   7.1 3385s
 2631523 1995916 4913605.76  177  126 4977014.86 4700877.34  5.55%   7.1 3390s
 2634846 1997682     cutoff  114      4977014.86 4700888.52  5.55%   7.1 3395s
 2637783 1999374 4881568.61  169  119 4977014.86 4700891.46  5.55%   7.1 3400s
 2641513 2002377 4948182.91  244  110 4977014.86 4700891.46  5.55%   7.1 3405s
 2645283 2005059     cutoff  109      4977014.86 4700903.96  5.55%   7.1 3410s
 2648979 2007562     cutoff  122      4977014.86 4700908.19  5.55%   7.1 3415s
 2651880 2008303     cutoff  126      4977014.86 4700920.72  5.55%   7.1 3420s
 2653765 2009710 4954025.69  181  108 4977014.86 4700920.72  5.55%   7.1 3425s
 2657467 2011856 4961033.81  107   78 4977014.86 4700928.23  5.55%   7.1 3430s
 2660367 2012806 4870784.78   94   91 4977014.86 4700932.28  5.55%   7.1 3435s
 2663172 2014422 4946358.96  140   76 4977014.86 4700941.92  5.55%   7.1 3440s
 2666481 2016947 4964147.41  109   74 4977014.86 4700947.70  5.55%   7.1 3445s
 2669916 2019014 4972993.11  112   74 4977014.86 4700953.27  5.55%   7.1 3450s
 2672220 2020695 4966943.39  119   73 4977014.86 4700953.27  5.55%   7.1 3455s
 2674478 2021517 4861902.09  107   85 4977014.86 4700962.78  5.55%   7.1 3460s
 2678410 2023981 4973607.05  186   75 4977014.86 4700973.37  5.55%   7.1 3465s
 2682044 2026464 4936878.73  330  108 4977014.86 4700974.23  5.55%   7.1 3470s
 2685084 2028641 4842503.60  116  122 4977014.86 4700990.27  5.55%   7.1 3475s
 2689842 2033215 4925180.89  172  115 4977014.86 4700990.27  5.55%   7.1 3480s
 2692302 2035697 4970623.63  268  103 4977014.86 4700990.27  5.55%   7.1 3485s
 2695965 2037170 4971728.10  155  117 4977014.86 4700995.51  5.55%   7.1 3490s
 2700706 2040424     cutoff  234      4977014.86 4701011.44  5.55%   7.1 3495s
 2706141 2045610 4928198.23  196  119 4977014.86 4701012.92  5.55%   7.1 3500s
 2708866 2048056 4959658.68  297  105 4977014.86 4701012.92  5.55%   7.1 3505s
 2712078 2049499 4881851.37  180  118 4977014.86 4701022.63  5.55%   7.1 3510s
 2714882 2051199 4969947.47  231   68 4977014.86 4701022.63  5.55%   7.1 3515s
 2717691 2052327     cutoff  119      4977014.86 4701053.24  5.54%   7.1 3520s
 2720578 2053486 4968846.99  107   77 4977014.86 4701064.26  5.54%   7.1 3525s
 2723834 2055974     cutoff  178      4977014.86 4701066.28  5.54%   7.1 3530s
 2725569 2057358     cutoff  309      4977014.86 4701070.43  5.54%   7.1 3535s
 2728263 2057627     cutoff  109      4977014.86 4701088.80  5.54%   7.1 3540s
 2731315 2059410 4929536.62  294   75 4977014.86 4701090.52  5.54%   7.1 3545s
 2734230 2060560 4965975.09  130   75 4977014.86 4701106.51  5.54%   7.1 3550s
 2736669 2060802 4957281.37  105   79 4977014.86 4701115.83  5.54%   7.1 3555s
 2739686 2063089 4914774.59  175  120 4977014.86 4701115.83  5.54%   7.1 3560s
 2742915 2064979 4862383.12  165  126 4977014.86 4701129.66  5.54%   7.1 3565s
 2746918 2068311 4968739.07  382   61 4977014.86 4701129.66  5.54%   7.1 3570s
 2748724 2068847 4950979.82  125   83 4977014.86 4701138.55  5.54%   7.1 3575s
 2751635 2069653 4975476.04  110   74 4977014.86 4701149.89  5.54%   7.1 3580s
 2754758 2072059 4974681.36  128   81 4977014.86 4701154.68  5.54%   7.1 3585s
 2758230 2074073 4972844.25  106   79 4977014.86 4701159.53  5.54%   7.1 3590s
 2763547 2079496 4926479.56  174  117 4977014.86 4701161.63  5.54%   7.1 3595s

Cutting planes:
  RLT: 52

Explored 2766620 nodes (19596272 simplex iterations) in 3600.07 seconds (2858.24 work units)
Thread count was 2 (of 24 available processors)

Solution count 10: 4.97701e+06 4.97702e+06 4.97706e+06 ... 4.98116e+06

Time limit reached
Best objective 4.977014862377e+06, best bound 4.701161631043e+06, gap 5.5425%
