
Gurobi 11.0.3 (linux64, Java) logging started seg 02 dez 2024 22:13:19 -03

Set parameter Username
Academic license - for non-commercial use only - expires 2025-10-10
Set parameter NonConvex to value 2
Set parameter TimeLimit to value 3600
Set parameter LogToConsole to value 0
Set parameter MIPGap to value 4.7614803339461642e-08
Set parameter Threads to value 2
Set parameter NodefileDir to value "/home/ps12398/experiment_epec/goalProgrammingMarcos/"
Set parameter NodefileStart to value 1
Gurobi Optimizer version 11.0.3 build v11.0.3rc0 (linux64)

CPU model: Intel(R) Xeon(R) CPU           X5650  @ 2.67GHz, instruction set [SSE2]
Thread count: 12 physical cores, 24 logical processors, using up to 2 threads

Optimize a model with 61384 rows, 41336 columns and 205178 nonzeros
Model fingerprint: 0xa7a16155
Model has 148 quadratic constraints
Variable types: 20598 continuous, 20738 integer (143 binary)
Coefficient statistics:
  Matrix range     [7e-03, 6e+06]
  QMatrix range    [7e-03, 1e+05]
  QLMatrix range   [1e+00, 1e+05]
  Objective range  [1e+00, 4e+07]
  Bounds range     [1e+00, 1e+08]
  RHS range        [1e+00, 1e+06]
Presolve removed 61040 rows and 40627 columns
Presolve time: 0.12s
Presolved: 910 rows, 885 columns, 20546 nonzeros
Presolved model has 2 SOS constraint(s)
Presolved model has 143 bilinear constraint(s)

Solving non-convex MIQCP

Variable types: 467 continuous, 418 integer (145 binary)
Found heuristic solution: objective 1.195386e+07

Root relaxation: objective 8.060202e+06, 235 iterations, 0.01 seconds (0.01 work units)

    Nodes    |    Current Node    |     Objective Bounds      |     Work
 Expl Unexpl |  Obj  Depth IntInf | Incumbent    BestBd   Gap | It/Node Time

     0     0 8060201.88    0  137 1.1954e+07 8060201.88  32.6%     -    0s
     0     0 8346970.11    0  137 1.1954e+07 8346970.11  30.2%     -    0s
H    0     0                    9685738.5951 8346970.11  13.8%     -    0s
     0     0 8530639.25    0  135 9685738.60 8530639.25  11.9%     -    0s
H    0     0                    9657187.6640 8530639.25  11.7%     -    0s
     0     0 8534313.15    0  136 9657187.66 8534313.15  11.6%     -    0s
     0     0 8540598.03    0  136 9657187.66 8540598.03  11.6%     -    0s
     0     2 8540608.61    0  136 9657187.66 8540608.61  11.6%     -    0s
H   35    40                    9482015.7045 8540926.12  9.92%   1.3    1s
H   38    40                    9464457.0271 8540926.12  9.76%   1.3    1s
H  532   550                    9444614.7750 8540926.12  9.57%   1.5    1s
H  544   550                    9439392.3349 8540926.12  9.52%   1.5    1s
H  755   770                    9436842.3953 8540926.12  9.49%   1.4    1s
H  857   866                    9430580.9964 8540926.12  9.43%   1.3    1s
H  993  1004                    9428546.8700 8540926.12  9.41%   1.3    2s
H 2552  2569                    9428504.3623 8540926.12  9.41%   1.3    3s
H 3552  3573                    9394864.4172 8540926.12  9.09%   1.3    4s
  3749  3750 8550037.65   68   34 9394864.42 8540926.12  9.09%   1.2    5s
H 3751  3563                    9380849.2408 8587340.37  8.46%   1.2    5s
H 3766  3397                    9379905.4927 8880561.41  5.32%   1.4    6s
H 3766  3227                    9379847.1126 8880561.41  5.32%   1.4    7s
H 3768  3067                    9355129.4601 8881045.03  5.07%   1.4    7s
H 3784  2925                    9342185.4680 8883007.68  4.92%   1.6    8s
  4810  3711 8943162.35  301  127 9342185.47 8933054.73  4.38%   2.0   10s
H 8734  6337                    9335218.0769 8933054.73  4.31%   5.1   12s
H 9025  6313                    9333791.7601 8933054.73  4.29%   5.3   12s
H 9510  6474                    9331478.5070 8933054.73  4.27%   5.8   13s
H 9605  6316                    9329970.2740 8933054.73  4.25%   5.9   13s
H 9922  6360                    9328482.4522 8933054.73  4.24%   6.2   13s
H 9972  6363                    9321896.4764 8933054.73  4.17%   6.3   13s
H11202  7478                    9320322.4691 8933054.73  4.16%   7.7   14s
 11262  7659 9095277.36 1673   99 9320322.47 8933054.73  4.16%   7.8   15s
H12354  8750                    9318851.8255 8933054.73  4.14%   8.9   16s
 15280 11857 9168781.81 2446  114 9318851.83 8933063.00  4.14%   9.3   20s
H16882 13285                    9306094.4510 8933072.40  4.01%   8.8   21s
H18254 14974                    9305808.9442 8933072.40  4.01%   8.6   22s
 21971 18454 9181467.54 1854  103 9305808.94 8933072.40  4.01%   8.4   25s
 29058 25617 9154233.52  840  104 9305808.94 8933126.69  4.00%   7.7   30s
H31098 27401                    9305808.7243 8933126.69  4.00%   7.6   31s
H34928 31087                    9288429.2582 8933156.28  3.82%   7.5   34s
 34999 31271 9056361.65  259  122 9288429.26 8933156.28  3.82%   7.5   35s
 40354 36600 9222460.26 1733   94 9288429.26 8933156.28  3.82%   7.9   40s
H44588 40506                    9288429.0754 8933178.16  3.82%   7.6   42s
H44624 40478                    9279606.5960 8933178.16  3.73%   7.6   42s
H44770 39878                    9255676.1823 8933178.16  3.48%   7.6   42s
H46002 41040                    9255676.1791 8933199.96  3.48%   7.5   43s
 47695 42358 9253789.77  803   89 9255676.18 8933199.96  3.48%   7.3   45s
H49536 44010                    9254079.6096 8933216.07  3.47%   7.2   46s
H49959 43951                    9245396.3404 8933216.07  3.38%   7.2   46s
H50638 44120                    9244388.6814 8933216.07  3.37%   7.2   47s
*50773 44242             849    9244323.7623 8933244.12  3.37%   7.2   47s
 53967 47424 9135902.03  222   78 9244323.76 8933265.18  3.36%   7.0   50s
 59793 52664 9044617.92  200  126 9244323.76 8933365.24  3.36%   6.8   55s
H63628 56008                    9244312.8475 8933434.56  3.36%   6.6   58s
 65583 58108 9233702.12  384  105 9244312.85 8933476.94  3.36%   6.6   60s
 70593 62690 9022739.86   75  134 9244312.85 8933590.96  3.36%   6.4   65s
 76118 67751     cutoff  257      9244312.85 8933658.81  3.36%   6.2   70s
 81948 73083 9035816.84  126  129 9244312.85 8933793.47  3.36%   6.0   75s
 88813 79594     cutoff  244      9244312.85 8933969.65  3.36%   6.2   80s
 94735 85477 9223022.61 1031   84 9244312.85 8934019.80  3.36%   6.3   85s
 100521 90793 9204475.63  246  108 9244312.85 8934287.70  3.35%   6.2   90s
H104140 93253                    9243017.1689 8934373.76  3.34%   6.1   93s
 105621 94739 9057511.51  136  126 9243017.17 8934425.29  3.34%   6.1   95s
H108468 97072                    9243016.9937 8934528.09  3.34%   6.0   97s
 111118 99606 9023452.68   72  135 9243016.99 8934564.41  3.34%   6.0  100s
 116537 104580     cutoff  265      9243016.99 8934595.77  3.34%   5.9  105s
 122619 110308 9113423.35  127   89 9243016.99 8934694.08  3.34%   5.8  110s
 128991 116292 9051276.32  113  126 9243016.99 8934783.79  3.33%   5.7  115s
 134730 121538 9187694.59  231  110 9243016.99 8934871.18  3.33%   5.6  120s
 139947 126286 9199160.95  552  107 9243016.99 8934905.15  3.33%   5.6  126s
 143843 130161 9118048.42  277  121 9243016.99 8934933.04  3.33%   5.5  130s
 149831 135426 9165690.44  205  113 9243016.99 8935004.79  3.33%   5.5  135s
 155536 140641 9215090.92  354  105 9243016.99 8935111.06  3.33%   5.5  140s
 161090 145464 9236182.96  507  100 9243016.99 8935293.62  3.33%   5.5  145s
 168281 151978 9038767.16  112  128 9243016.99 8935512.31  3.33%   5.4  150s
 173823 157298 9187944.55  560  112 9243016.99 8935549.67  3.33%   5.4  155s
 179468 162098 9182387.87  211   75 9243016.99 8935735.77  3.32%   5.4  160s
 185281 167487     cutoff  435      9243016.99 8935795.85  3.32%   5.4  165s
 189195 170778 9127225.30  206  122 9243016.99 8935915.16  3.32%   5.4  170s
 193329 174207 9148062.78  511  119 9243016.99 8936059.49  3.32%   5.5  175s
 198036 178640 9191572.08  779   81 9243016.99 8936176.22  3.32%   5.5  180s
 202897 182731 9224938.62  206   78 9243016.99 8936342.10  3.32%   5.6  185s
 207974 187347 9211880.33  586   71 9243016.99 8936433.91  3.32%   5.6  190s
H211852 190249                    9241520.6438 8936571.38  3.30%   5.6  194s
 212209 190261 9235072.43  664   43 9241520.64 8936571.38  3.30%   5.6  195s
H212810 190783                    9241520.6145 8936599.34  3.30%   5.6  196s
 216304 194309 9134945.26  380  120 9241520.61 8936697.98  3.30%   5.6  200s
 221872 199346     cutoff  194      9241520.61 8936762.31  3.30%   5.6  205s
H225724 202641                    9241519.9531 8936817.29  3.30%   5.7  209s
 226068 203185 9193437.66  180   81 9241519.95 8936837.40  3.30%   5.7  210s
 229548 206332 9185728.74  387   71 9241519.95 8936942.57  3.30%   5.7  215s
 234039 209938 9224676.15  237   82 9241519.95 8937080.62  3.29%   5.8  220s
 238279 213398 9225864.60  203   76 9241519.95 8937174.17  3.29%   5.8  225s
H238284 213398                    9241516.9461 8937174.17  3.29%   5.8  225s
H239750 214601                    9241380.1345 8937182.44  3.29%   5.8  226s
 243111 217902 9202873.96  593   78 9241380.13 8937271.81  3.29%   5.8  230s
 247583 221216 9158976.79  201   85 9241380.13 8937415.43  3.29%   5.8  235s
 252040 225629 9152236.46  317  116 9241380.13 8937526.38  3.29%   5.8  240s
H253024 226012                    9241374.3204 8937544.17  3.29%   5.8  240s
 256695 229312 9206896.52  555  104 9241374.32 8937644.23  3.29%   5.8  245s
 260078 232129 9165974.63  476  118 9241374.32 8937716.31  3.29%   5.9  250s
 264085 235429 9111406.33  348  126 9241374.32 8937806.19  3.28%   5.9  255s
 268805 239529     cutoff  251      9241374.32 8937878.10  3.28%   5.9  260s
 273405 243721 9051046.00  116  125 9241374.32 8937964.30  3.28%   5.9  265s
 277617 247426 9197765.92  335  115 9241374.32 8938048.27  3.28%   5.9  270s
 282266 251865 9078813.15  264  122 9241374.32 8938117.85  3.28%   5.9  275s
H285436 254804                    9241352.3124 8938123.27  3.28%   5.9  278s
H285802 254805                    9241352.2704 8938123.27  3.28%   5.9  279s
 286486 255511 9104426.76  166  120 9241352.27 8938130.19  3.28%   5.9  280s
 290487 258716 9073087.11   88  125 9241352.27 8938246.54  3.28%   5.9  285s
 295034 262617     cutoff  252      9241352.27 8938402.57  3.28%   5.9  290s
 301024 267731 9035540.35  199  124 9241352.27 8938557.65  3.28%   6.0  295s
 307719 273764 9099962.25  475  123 9241352.27 8938668.44  3.28%   6.0  300s
 314044 279174 9158330.52  206  116 9241352.27 8938789.90  3.27%   6.0  305s
 318184 283150 9172792.74  547   85 9241352.27 8938840.46  3.27%   6.0  310s
 322927 286871     cutoff  231      9241352.27 8938951.43  3.27%   6.0  315s
 326820 290452 9162457.96  292  122 9241352.27 8939060.36  3.27%   6.1  320s
 331115 293697 9229032.30  259   76 9241352.27 8939197.88  3.27%   6.1  325s
 334156 296390 9097426.57  154  128 9241352.27 8939359.18  3.27%   6.1  330s
 338756 300606 9174240.54 1208   92 9241352.27 8939449.03  3.27%   6.1  335s
 343098 304315     cutoff  739      9241352.27 8939561.16  3.27%   6.1  340s
 347578 307635 9046030.56  203  124 9241352.27 8939695.69  3.26%   6.2  345s
 351367 310909 9182845.92  407  116 9241352.27 8939843.29  3.26%   6.2  350s
 356023 314748 9240567.92 1225   67 9241352.27 8939946.36  3.26%   6.2  355s
 360492 318309 9127192.87  350  122 9241352.27 8940128.10  3.26%   6.2  360s
 364771 321895 9197121.12  721   79 9241352.27 8940164.79  3.26%   6.3  365s
 368397 324595 9231180.26  287  115 9241352.27 8940253.64  3.26%   6.3  370s
 374130 329791 9233750.75  138   63 9241352.27 8940396.18  3.26%   6.3  375s
 379320 333955 9040751.71  224  126 9241352.27 8940577.49  3.25%   6.3  380s
 384575 338621 9129522.23  243  121 9241352.27 8940735.14  3.25%   6.3  385s
 389449 342922 9057305.36  247  124 9241352.27 8940848.76  3.25%   6.3  390s
 394762 347532 9151581.78  274  121 9241352.27 8940891.05  3.25%   6.3  395s
 399048 351119 9220807.17  535  108 9241352.27 8941000.43  3.25%   6.3  400s
 404312 355179 9126837.94  239   90 9241352.27 8941122.34  3.25%   6.3  405s
 410185 360377 9189489.73  404  111 9241352.27 8941322.20  3.25%   6.3  410s
 414907 364468 9096292.72  401  131 9241352.27 8941467.07  3.25%   6.4  415s
 419745 368513 9043527.31  268  128 9241352.27 8941592.71  3.24%   6.4  420s
 425685 373529 9164437.00  222  116 9241352.27 8941830.65  3.24%   6.4  425s
 429871 377065 9221705.01  769  100 9241352.27 8941958.31  3.24%   6.4  430s
 434217 380749 9214513.86  173   58 9241352.27 8942059.66  3.24%   6.4  435s
 438180 384224 9151257.49  288  124 9241352.27 8942192.20  3.24%   6.4  440s
 443075 388264     cutoff  350      9241352.27 8942353.50  3.24%   6.4  445s
 449095 393557 9232642.96  322   78 9241352.27 8942470.92  3.23%   6.4  450s
 454966 398602 9184354.90  505  115 9241352.27 8942675.61  3.23%   6.4  455s
 459750 402570 9229201.39  341   76 9241352.27 8942802.81  3.23%   6.4  460s
 463355 405229 9226371.07  380  112 9241352.27 8942930.30  3.23%   6.4  465s
 466768 408235     cutoff  314      9241352.27 8943016.78  3.23%   6.4  470s
 471291 412034 9097071.95  384  123 9241352.27 8943179.76  3.23%   6.4  475s
 475693 416254 9198155.49  518  115 9241352.27 8943289.36  3.23%   6.4  480s
 479427 418829 9074170.73  314   91 9241352.27 8943490.47  3.22%   6.4  485s
 483624 422444 9155088.64  491  123 9241352.27 8943577.34  3.22%   6.4  490s
 488165 426349 9059625.56  129  124 9241352.27 8943713.18  3.22%   6.5  495s
 492143 429886 9132483.06  418  120 9241352.27 8943853.02  3.22%   6.5  500s
 496642 433791 9225844.17  368   79 9241352.27 8943917.87  3.22%   6.4  505s
 500751 437539 9158342.94  343  112 9241352.27 8943998.84  3.22%   6.4  510s
 505918 441461 9049791.54   97  131 9241352.27 8944282.24  3.21%   6.5  515s
 510638 445388     cutoff  362      9241352.27 8944468.75  3.21%   6.4  520s
 514532 448310 9194081.75  156   74 9241352.27 8944627.53  3.21%   6.4  525s
 518584 451458 9235074.18  378   79 9241352.27 8944805.83  3.21%   6.4  530s
 523042 455310     cutoff  273      9241352.27 8944999.38  3.21%   6.5  535s
 527238 458882 9050823.44  376  123 9241352.27 8945203.02  3.20%   6.5  540s
 532648 462838     cutoff  421      9241352.27 8945430.77  3.20%   6.5  545s
 537235 466814     cutoff  395      9241352.27 8945499.40  3.20%   6.5  550s
 540516 469185 9108997.29  463  125 9241352.27 8945629.49  3.20%   6.5  555s
 544434 472452     cutoff  166      9241352.27 8945700.16  3.20%   6.5  560s
 549537 476803 9143841.89  857  119 9241352.27 8945779.09  3.20%   6.5  565s
 553066 479974 9239343.22  196  110 9241352.27 8945912.73  3.20%   6.5  570s
 558623 484592 9189823.45  371   83 9241352.27 8946127.50  3.19%   6.6  575s
 562005 487668 9098656.90  475  124 9241352.27 8946196.64  3.19%   6.6  580s
 566414 491623 9201236.12  303  114 9241352.27 8946301.96  3.19%   6.6  585s
 570669 495044 9125542.88  498  122 9241352.27 8946581.91  3.19%   6.6  590s
 574442 497292 9221468.83  328   78 9241352.27 8947029.13  3.18%   6.6  595s
 580030 501761 9161631.46  406   86 9241352.27 8947195.42  3.18%   6.6  600s
 583458 504275 9232727.90  424  112 9241352.27 8947277.84  3.18%   6.6  605s
 587286 507714 9175194.66  340  116 9241352.27 8947457.77  3.18%   6.6  610s
 591252 510648 9069808.99  411  123 9241352.27 8947600.15  3.18%   6.6  615s
 594974 513517 9239209.16  323   78 9241352.27 8947779.04  3.18%   6.6  620s
 599038 516812 9211158.26  343  115 9241352.27 8947962.19  3.17%   6.7  625s
 603489 520682     cutoff  336      9241352.27 8948194.52  3.17%   6.7  630s
 607633 524666 9208494.47  278  104 9241352.27 8948299.33  3.17%   6.7  635s
 612329 528145 9133718.25  426   88 9241352.27 8948682.12  3.17%   6.7  640s
 615996 530934 9227497.25  443   80 9241352.27 8948808.55  3.17%   6.7  645s
 619537 533874     cutoff  732      9241352.27 8949003.44  3.16%   6.7  650s
 623951 537600 9232808.15  646   74 9241352.27 8949140.47  3.16%   6.7  655s
 627488 540089 9224195.59  389  108 9241352.27 8949360.77  3.16%   6.7  660s
 630797 543175 9080604.74  162  126 9241352.27 8949460.21  3.16%   6.7  665s
 635024 546699 9229479.11  606   68 9241352.27 8949610.39  3.16%   6.7  670s
 639595 550422 9074205.53  458  115 9241352.27 8949821.66  3.15%   6.7  675s
 643278 553288     cutoff  463      9241352.27 8949928.64  3.15%   6.7  680s
H646538 550315                    9236870.0509 8950078.68  3.10%   6.8  685s
H649273 551905                    9236589.5124 8950191.18  3.10%   6.8  689s
H649482 550706                    9235727.1896 8950191.50  3.09%   6.8  690s
H649770 550756                    9235693.6198 8950199.25  3.09%   6.8  690s
H650528 551498                    9235693.1185 8950213.88  3.09%   6.8  691s
 652995 553640 9225466.11  408   74 9235693.12 8950242.53  3.09%   6.8  695s
 658818 558548 9116827.63  513  125 9235693.12 8950375.61  3.09%   6.8  700s
 663319 562427 9171817.40  627  118 9235693.12 8950484.45  3.09%   6.8  705s
 667981 566108 9210258.60  464   84 9235693.12 8950584.75  3.09%   6.8  710s
 673301 570233 9081805.48  454   97 9235693.12 8950778.25  3.08%   6.8  715s
 677531 573538 9196486.93  372   83 9235693.12 8950929.28  3.08%   6.8  720s
 682006 577710 9189687.60  762  112 9235693.12 8951050.97  3.08%   6.8  725s
 686041 580695     cutoff  454      9235693.12 8951170.85  3.08%   6.8  730s
 689617 583833 9192128.87  399  120 9235693.12 8951245.58  3.08%   6.8  735s
 693888 587417     cutoff  421      9235693.12 8951357.85  3.08%   6.8  740s
 697297 589822 9177712.06  156   77 9235693.12 8951553.64  3.08%   6.8  745s
 702691 594357 9136377.36  740  124 9235693.12 8951665.56  3.08%   6.8  750s
 706196 596559 9206148.55  459  114 9235693.12 8951924.20  3.07%   6.8  755s
 709718 599353 9192579.32  112   72 9235693.12 8952111.92  3.07%   6.8  760s
 714221 603381 9172390.42  316  103 9235693.12 8952349.32  3.07%   6.8  765s
 718812 607069 9128988.29  930  123 9235693.12 8952408.54  3.07%   6.8  770s
 721873 608957     cutoff  177      9235693.12 8952561.27  3.07%   6.8  775s
 725941 613025 9154225.17  330  120 9235693.12 8952707.87  3.06%   6.9  780s
 730840 616732 9215434.59  386   74 9235693.12 8952864.87  3.06%   6.9  785s
 735816 620887 9211758.38  105   68 9235693.12 8953129.35  3.06%   6.9  790s
 741079 625151     cutoff  776      9235693.12 8953284.62  3.06%   6.9  795s
 745757 629777 9173582.08  442  113 9235693.12 8953425.04  3.06%   6.9  800s
 749570 632298 9185513.18  362  107 9235693.12 8953571.25  3.05%   6.9  805s
 752739 634611     cutoff  772      9235693.12 8953676.49  3.05%   6.9  810s
 756966 638235 9206169.07  121   83 9235693.12 8953745.83  3.05%   6.9  815s
 760555 640687 9117283.64  482  116 9235693.12 8953924.40  3.05%   6.9  820s
 764331 643878 9050642.40   90  131 9235693.12 8954103.04  3.05%   6.9  825s
 767924 646965 9215639.95  423  107 9235693.12 8954187.34  3.05%   6.9  830s
 771619 649807 9187380.94  653  117 9235693.12 8954354.41  3.05%   6.9  835s
 775096 652225     cutoff  454      9235693.12 8954625.17  3.04%   6.9  840s
 781117 657075 9198714.01  548   75 9235693.12 8954752.98  3.04%   6.9  845s
 784910 659954 9209890.91  344   82 9235693.12 8954903.82  3.04%   7.0  850s
 788899 663148 9215911.02  397   72 9235693.12 8955055.70  3.04%   7.0  855s
 791824 665557 9170677.92  389  112 9235693.12 8955148.62  3.04%   7.0  860s
 795755 669033     cutoff  189      9235693.12 8955277.78  3.04%   7.0  865s
 800506 673040 9197192.45  590   72 9235693.12 8955326.72  3.04%   7.0  870s
 805053 677158 9202429.74  720  111 9235693.12 8955480.14  3.03%   7.0  875s
 809412 680756 9166182.49  469  119 9235693.12 8955635.93  3.03%   7.0  880s
 812854 683084 9058505.23  317  120 9235693.12 8955742.99  3.03%   7.0  885s
 817753 687199 9221897.42  964  104 9235693.12 8955784.49  3.03%   7.0  890s
 821677 690119 9217965.97  393  108 9235693.12 8955872.94  3.03%   7.0  895s
 827286 694301 9101926.98  241  125 9235693.12 8956007.58  3.03%   7.0  900s
 833070 699304 9132479.87  250   85 9235693.12 8956080.76  3.03%   7.0  905s
 837290 702783 9155034.25  466  121 9235693.12 8956126.83  3.03%   7.0  910s
 841330 705909 9228467.11  172   75 9235693.12 8956244.67  3.03%   7.0  915s
 845064 708838 9227494.24  514  113 9235693.12 8956457.70  3.02%   7.0  920s
 850197 712912 9126769.85  483  121 9235693.12 8956631.36  3.02%   7.0  925s
 854307 716475     cutoff  328      9235693.12 8956775.58  3.02%   7.0  930s
 858677 719791 9104852.76  456  130 9235693.12 8956939.58  3.02%   7.0  935s
 862349 722695 9118649.06  162  118 9235693.12 8957233.27  3.02%   7.0  940s
H862350 722499                    9235564.9788 8957233.27  3.01%   7.0  940s
 865185 725111 9229319.00 1082   78 9235564.98 8957233.27  3.01%   7.0  945s
H865799 725451                    9235564.9726 8957233.27  3.01%   7.0  945s
 869111 728161 9058681.35  332  124 9235564.97 8957493.51  3.01%   7.0  950s
 872596 730785     cutoff  530      9235564.97 8957603.79  3.01%   7.0  955s
 878194 735421     cutoff  523      9235564.97 8957683.82  3.01%   7.0  960s
 883713 740136 9058708.26  437  127 9235564.97 8957784.39  3.01%   7.0  965s
 888176 743909 9084693.74  175  119 9235564.97 8957916.72  3.01%   7.0  970s
 892331 747382 9213489.85  900  105 9235564.97 8957977.44  3.01%   7.0  975s
 896723 750834 infeasible  321      9235564.97 8958041.54  3.00%   7.0  980s
 900365 753719 9194227.38  437  107 9235564.97 8958131.63  3.00%   7.0  985s
 903981 756684 9187828.88  271  115 9235564.97 8958189.25  3.00%   7.0  990s
 908046 760083 9171077.74  203  105 9235564.97 8958283.35  3.00%   7.0  995s
 912630 763776 9107270.20  565  128 9235564.97 8958450.20  3.00%   7.0 1000s
 919535 769485 9226199.54  462   92 9235564.97 8958568.83  3.00%   7.0 1005s
H922005 771623                    9235530.5252 8958615.44  3.00%   7.0 1007s
H922344 771850                    9235530.5231 8958615.44  3.00%   7.0 1009s
 923197 772385 9221032.71  231   66 9235530.52 8958665.01  3.00%   7.0 1010s
 929121 777501 9087081.71  465  116 9235530.52 8958791.05  3.00%   7.0 1015s
H929752 777739                    9235442.9621 8958791.05  3.00%   7.0 1015s
 934210 781694 9158662.68  613  116 9235442.96 8958888.44  2.99%   7.0 1020s
H938345 784735                    9235438.2851 8958929.14  2.99%   7.0 1024s
 938491 784886 9147596.30  152   67 9235438.29 8958998.44  2.99%   7.0 1025s
H939646 786216                    9235437.1825 8959007.51  2.99%   7.0 1026s
 942576 787922 9226513.95  440   72 9235437.18 8959194.47  2.99%   7.0 1030s
 947321 792139 9182125.22  589  115 9235437.18 8959334.15  2.99%   7.0 1035s
 951805 795375 9156617.03  675  121 9235437.18 8959460.17  2.99%   7.0 1040s
 954946 797508 9232947.91  577  115 9235437.18 8959583.82  2.99%   7.0 1045s
 959756 801704     cutoff  417      9235437.18 8959806.32  2.98%   7.0 1050s
 964027 805546 9087152.07  485  121 9235437.18 8959909.45  2.98%   7.0 1055s
 969019 809653 9148024.35  180   77 9235437.18 8960036.09  2.98%   7.1 1060s
 973294 813093     cutoff  599      9235437.18 8960185.27  2.98%   7.1 1065s
 977466 816369 9191370.69  695  122 9235437.18 8960376.77  2.98%   7.1 1070s
 982091 820031 9223235.36  578   79 9235437.18 8960562.08  2.98%   7.1 1075s
 988554 825611 9155226.35  173  113 9235437.18 8960682.87  2.98%   7.1 1080s
 993885 829607     cutoff  588      9235437.18 8960895.49  2.97%   7.1 1085s
 998022 832342     cutoff  527      9235437.18 8961151.17  2.97%   7.1 1090s
 1001652 835261     cutoff  171      9235437.18 8961398.37  2.97%   7.1 1095s
 1005797 838413 9230827.57  173   73 9235437.18 8961600.15  2.97%   7.1 1100s
 1009439 841718 9081190.24  400  121 9235437.18 8961752.90  2.96%   7.1 1105s
 1013907 845458 9160340.92  723  117 9235437.18 8961945.88  2.96%   7.1 1110s
 1018669 849459 9172778.16  443  113 9235437.18 8962027.93  2.96%   7.1 1115s
 1022270 852147     cutoff  613      9235437.18 8962218.34  2.96%   7.1 1120s
 1025790 854754 9219301.37  627   66 9235437.18 8962365.15  2.96%   7.1 1125s
 1028302 856462 9194148.32  522  116 9235437.18 8962539.32  2.95%   7.1 1130s
 1032729 860636 9148488.05  600  115 9235437.18 8962693.86  2.95%   7.1 1135s
 1037326 864083 9215426.15  804   66 9235437.18 8962793.55  2.95%   7.1 1140s
 1041189 866976 9139477.12  103   84 9235437.18 8963183.38  2.95%   7.1 1145s
 1045298 869836     cutoff  513      9235437.18 8963481.98  2.94%   7.2 1150s
 1049692 873287     cutoff  499      9235437.18 8963657.24  2.94%   7.2 1155s
 1052825 875018     cutoff  622      9235437.18 8963990.00  2.94%   7.2 1160s
 1057233 879172 9180151.21  780  117 9235437.18 8964071.23  2.94%   7.2 1165s
 1061991 882657     cutoff  623      9235437.18 8964166.37  2.94%   7.2 1170s
 1066117 886192 9196505.26  835  110 9235437.18 8964223.58  2.94%   7.2 1175s
 1069252 888636 9114158.23  166  124 9235437.18 8964405.74  2.93%   7.2 1180s
 1073102 891570 9191567.79  821  104 9235437.18 8964542.93  2.93%   7.2 1185s
 1077499 895220 9194006.30  316  108 9235437.18 8964662.02  2.93%   7.2 1190s
 1081899 898801 9173545.09  176   67 9235437.18 8964838.56  2.93%   7.2 1195s
 1086305 902322 9213106.38  847  111 9235437.18 8964980.31  2.93%   7.2 1200s
 1090189 905484 9184900.57  106   69 9235437.18 8965318.95  2.92%   7.2 1205s
 1094538 909403 9171421.09  741  117 9235437.18 8965445.42  2.92%   7.2 1210s
 1099775 913593 9155209.41  132   71 9235437.18 8965817.62  2.92%   7.2 1215s
 1104110 916779 9224774.98  657   75 9235437.18 8965980.52  2.92%   7.2 1220s
 1107753 919429     cutoff  656      9235437.18 8966039.15  2.92%   7.2 1225s
 1111784 922496 9180944.94  410  111 9235437.18 8966093.28  2.92%   7.2 1230s
 1115918 925384     cutoff  687      9235437.18 8966216.83  2.92%   7.2 1235s
 1119758 928810     cutoff  366      9235437.18 8966279.31  2.91%   7.2 1240s
 1122741 931566 9188914.67  679  110 9235437.18 8966337.38  2.91%   7.2 1245s
 1126781 934766 9170753.22  254  114 9235437.18 8966432.45  2.91%   7.2 1250s
 1130346 937058 9224230.04  666  113 9235437.18 8966485.54  2.91%   7.2 1255s
 1134408 940622 9207427.59  695   64 9235437.18 8966561.45  2.91%   7.2 1260s
 1137621 942898 9134178.54  263  120 9235437.18 8966622.17  2.91%   7.3 1265s
 1140970 945111     cutoff  158      9235437.18 8966739.78  2.91%   7.3 1270s
 1144891 948402     cutoff  263      9235437.18 8966884.96  2.91%   7.3 1275s
 1149097 951214     cutoff  197      9235437.18 8967101.26  2.91%   7.3 1280s
 1153280 954434 9142487.72  627   92 9235437.18 8967211.05  2.90%   7.3 1285s
 1156764 956700     cutoff  468      9235437.18 8967378.20  2.90%   7.3 1290s
 1160656 960220 9083513.04  128  125 9235437.18 8967416.24  2.90%   7.3 1295s
 1164962 963823 9227326.64  688  113 9235437.18 8967584.77  2.90%   7.3 1300s
 1168961 967024 9115356.45  548  120 9235437.18 8967665.54  2.90%   7.3 1305s
 1172244 969372 9093010.91   97  131 9235437.18 8967782.00  2.90%   7.3 1310s
 1176885 973276 9195135.36  782  116 9235437.18 8967852.94  2.90%   7.3 1315s
 1180455 976013 9220416.62  388  106 9235437.18 8967979.21  2.90%   7.3 1320s
 1183950 978414 9137330.86  305   85 9235437.18 8968071.43  2.89%   7.3 1325s
 1187423 980863 9227971.11  540   61 9235437.18 8968222.46  2.89%   7.3 1330s
 1191062 983425 9229452.73  193   73 9235437.18 8968546.69  2.89%   7.3 1335s
 1196899 988633 9140669.45  236  120 9235437.18 8968865.73  2.89%   7.3 1340s
 1201215 991734 9123034.85  312   88 9235437.18 8969095.76  2.88%   7.3 1345s
 1204549 993852 9184978.05  343   68 9235437.18 8969342.61  2.88%   7.3 1350s
 1208347 996963 9126264.67  153  119 9235437.18 8969571.47  2.88%   7.3 1355s
 1212902 1000198 9152019.14  758  120 9235437.18 8969847.05  2.88%   7.3 1360s
 1217378 1003877 9172276.36  728  117 9235437.18 8969952.14  2.87%   7.3 1365s
 1222205 1007925 9144206.13  657  117 9235437.18 8970116.37  2.87%   7.3 1370s
 1226338 1011437 9197489.46  389  108 9235437.18 8970211.66  2.87%   7.3 1375s
 1229942 1013597 9211802.90  694  113 9235437.18 8970428.26  2.87%   7.3 1380s
 1233748 1016689 9106944.01  121  124 9235437.18 8970554.82  2.87%   7.3 1385s
 1238589 1020724 9224136.49  547  114 9235437.18 8970677.98  2.87%   7.3 1390s
 1242829 1024281 9145368.94  191  118 9235437.18 8970815.08  2.87%   7.3 1395s
 1246172 1026104 9227885.34  616   83 9235437.18 8970962.46  2.86%   7.3 1400s
 1249435 1028692     cutoff  119      9235437.18 8971069.60  2.86%   7.4 1405s
 1253170 1031188 9229822.72  710  113 9235437.18 8971233.47  2.86%   7.4 1410s
 1257714 1034690 9224874.99  228   70 9235437.18 8971337.77  2.86%   7.4 1415s
 1261756 1037801 9201273.48  719   70 9235437.18 8971471.57  2.86%   7.4 1420s
 1265640 1040626 9210319.08  830   73 9235437.18 8971494.47  2.86%   7.4 1425s
 1269396 1043467 9221552.14  491  107 9235437.18 8971568.31  2.86%   7.4 1430s
 1272978 1045708 9167343.16  357   74 9235437.18 8971715.93  2.86%   7.4 1435s
 1277180 1049263 9129490.97  332  108 9235437.18 8971746.82  2.86%   7.4 1440s
 1280811 1052451 9183415.28  390  107 9235437.18 8971784.65  2.85%   7.4 1445s
 1284815 1055470 9229577.09  316  100 9235437.18 8971812.18  2.85%   7.4 1450s
 1289794 1059047 9125875.80  355   85 9235437.18 8971932.36  2.85%   7.4 1455s
 1295385 1063222 9230139.11  546  106 9235437.18 8972179.71  2.85%   7.4 1460s
 1300245 1067146 9229847.78  757  100 9235437.18 8972257.72  2.85%   7.4 1465s
 1304632 1070593 9068124.49   86  132 9235437.18 8972341.52  2.85%   7.4 1470s
 1308674 1073551     cutoff  436      9235437.18 8972476.39  2.85%   7.4 1475s
 1313063 1077170 9218779.17  236   75 9235437.18 8972533.02  2.85%   7.4 1480s
 1317464 1080929     cutoff  422      9235437.18 8972588.94  2.85%   7.4 1485s
 1321994 1084586 9097778.32  177  121 9235437.18 8972725.00  2.84%   7.4 1490s
 1326327 1088153 9175443.13  786  118 9235437.18 8972788.89  2.84%   7.4 1495s
 1329871 1090999 9127022.32  214  116 9235437.18 8972870.10  2.84%   7.4 1500s
 1334740 1094981 9213708.73  222   68 9235437.18 8972962.52  2.84%   7.4 1505s
 1339890 1098872 9195824.58  222  113 9235437.18 8973166.43  2.84%   7.4 1510s
 1343757 1101405 9229030.88  261  107 9235437.18 8973315.62  2.84%   7.4 1515s
 1347949 1104787 9227100.87  292   66 9235437.18 8973335.36  2.84%   7.4 1520s
 1352169 1107880 9220099.05  726   73 9235437.18 8973478.84  2.84%   7.4 1525s
Created node file directory '/home/ps12398/experiment_epec/goalProgrammingMarcos//grbnodes6'
 1353197 1109013 9095522.28  129  121 9235437.18 8973567.25  2.84%   7.4 1531s
 1356573 1111904 9183607.73  560  107 9235437.18 8973567.25  2.84%   7.4 1535s
 1359666 1113236 9218799.05  269   64 9235437.18 8973703.72  2.83%   7.4 1540s
 1364069 1116704 9193862.21  595  108 9235437.18 8973718.13  2.83%   7.4 1545s
 1367835 1119602 9148207.65  291  117 9235437.18 8973827.96  2.83%   7.4 1550s
 1372116 1122721 9229547.68  657   75 9235437.18 8973873.68  2.83%   7.4 1555s
 1375253 1124085 9226184.84  717   73 9235437.18 8973944.04  2.83%   7.4 1560s
 1380549 1128330     cutoff  745      9235437.18 8973955.24  2.83%   7.4 1569s
 1380710 1128331     cutoff  708      9235437.18 8973955.24  2.83%   7.4 1570s
 1384429 1130656     cutoff  835      9235437.18 8973995.23  2.83%   7.4 1575s
 1387998 1132947 9227439.99  411   68 9235437.18 8974108.19  2.83%   7.4 1580s
 1391776 1135615 9162073.85  140  118 9235437.18 8974152.59  2.83%   7.4 1585s
 1397011 1139436     cutoff  130      9235437.18 8974210.07  2.83%   7.4 1590s
 1401823 1142869 9225867.64  191   64 9235437.18 8974237.99  2.83%   7.4 1595s
 1405978 1145029 9163028.45  176   73 9235437.18 8974315.96  2.83%   7.4 1600s
 1408159 1146437     cutoff  197      9235437.18 8974345.50  2.83%   7.4 1607s
 1410016 1147999     cutoff  560      9235437.18 8974361.36  2.83%   7.4 1610s
 1414241 1151046 9099916.90  576  114 9235437.18 8974421.44  2.83%   7.4 1615s
 1420317 1155914     cutoff  144      9235437.18 8974468.98  2.83%   7.4 1620s
 1425652 1159580 9223256.95  340   96 9235437.18 8974502.78  2.83%   7.4 1625s
 1429668 1162140 9158469.11  266  117 9235437.18 8974576.44  2.82%   7.4 1630s
 1431842 1163733 9223541.14  352  107 9235437.18 8974576.44  2.82%   7.4 1637s
 1432716 1164213 9140173.49  172   83 9235437.18 8974662.79  2.82%   7.4 1640s
 1437623 1167541 9195119.42  706  106 9235437.18 8974682.25  2.82%   7.4 1645s
 1442172 1170632     cutoff  578      9235437.18 8974730.04  2.82%   7.4 1650s
 1446049 1172904 9134162.98  267  112 9235437.18 8974772.21  2.82%   7.4 1655s
 1449906 1174667 9235261.49  459   67 9235437.18 8974889.10  2.82%   7.4 1660s
 1453702 1177033 9184735.72  586  113 9235437.18 8974965.27  2.82%   7.4 1665s
 1458249 1180650     cutoff  233      9235437.18 8975030.58  2.82%   7.4 1675s
 1462275 1183405 9194121.08  842  114 9235437.18 8975062.12  2.82%   7.4 1680s
 1465296 1185635 9185247.07  275  111 9235437.18 8975112.19  2.82%   7.4 1685s
 1469319 1188817 9221928.33  222   56 9235437.18 8975139.30  2.82%   7.4 1690s
 1472081 1190762 9219070.66  132   71 9235437.18 8975188.94  2.82%   7.4 1695s
 1475950 1193960 9176908.04  629  111 9235437.18 8975287.02  2.82%   7.4 1700s
 1479256 1196558 9096215.28  190  121 9235437.18 8975320.18  2.82%   7.4 1708s
 1481321 1198739 9153447.40  271  118 9235437.18 8975320.18  2.82%   7.4 1710s
 1485780 1202741 9162438.27  137   74 9235437.18 8975320.56  2.82%   7.4 1715s
 1489344 1204917 9179256.04  609  111 9235437.18 8975442.65  2.82%   7.4 1720s
 1494736 1208614     cutoff  187      9235437.18 8975495.68  2.81%   7.4 1725s
 1498908 1212178 9223085.59  828  107 9235437.18 8975518.12  2.81%   7.4 1733s
 1499766 1212370     cutoff  295      9235437.18 8975526.99  2.81%   7.4 1735s
 1504348 1215070     cutoff  614      9235437.18 8975634.90  2.81%   7.4 1740s
 1508255 1217461 9215200.03  616   77 9235437.18 8975713.59  2.81%   7.4 1745s
 1511729 1219477     cutoff  778      9235437.18 8975799.00  2.81%   7.4 1750s
 1516118 1223200 9210088.97  598   75 9235437.18 8975870.24  2.81%   7.4 1755s
 1520071 1226054     cutoff  280      9235437.18 8975969.39  2.81%   7.4 1760s
 1523221 1227619 9212154.81  235   60 9235437.18 8976010.32  2.81%   7.4 1765s
 1526461 1229268 9075473.76  102  125 9235437.18 8976127.99  2.81%   7.4 1773s
 1528453 1231230 9126362.08  203  115 9235437.18 8976127.99  2.81%   7.4 1775s
 1532654 1234156     cutoff  639      9235437.18 8976145.14  2.81%   7.4 1780s
 1535176 1235382 9210525.37  120   73 9235437.18 8976205.83  2.81%   7.4 1785s
 1538728 1237696 9074025.36   91  129 9235437.18 8976308.82  2.81%   7.4 1790s
 1542694 1240195     cutoff  309      9235437.18 8976345.60  2.81%   7.4 1795s
 1547528 1243374 9223949.43  120   70 9235437.18 8976393.44  2.80%   7.4 1800s
 1549677 1245035     cutoff  432      9235437.18 8976404.93  2.80%   7.4 1805s
 1552720 1245888 9212547.68  549   76 9235437.18 8976565.24  2.80%   7.4 1810s
 1556146 1247342 9229015.81  645   78 9235437.18 8976663.75  2.80%   7.4 1815s
 1560696 1250524 9176583.41  328  111 9235437.18 8976760.49  2.80%   7.4 1820s
 1564854 1253659     cutoff  629      9235437.18 8976774.68  2.80%   7.4 1825s
 1568994 1256810 9186365.54  694  113 9235437.18 8976842.27  2.80%   7.4 1830s
 1571269 1258868 9222733.67  425   71 9235437.18 8976847.13  2.80%   7.4 1836s
 1573887 1260761 9195385.06  237  113 9235437.18 8976902.26  2.80%   7.4 1840s
 1577731 1263787 9222607.15  769  110 9235437.18 8976942.80  2.80%   7.4 1845s
 1581274 1265619     cutoff  589      9235437.18 8976971.73  2.80%   7.4 1850s
 1585894 1269566 9214744.43  790  111 9235437.18 8977014.98  2.80%   7.4 1855s
 1590456 1273182 9171439.43  403  108 9235437.18 8977082.22  2.80%   7.4 1863s
 1591886 1274109 9214094.44  464  106 9235437.18 8977082.22  2.80%   7.4 1865s
 1594990 1275607 9215641.46  746   74 9235437.18 8977147.09  2.80%   7.4 1870s
 1598347 1277755     cutoff  513      9235437.18 8977172.29  2.80%   7.4 1875s
 1601817 1279425 9144000.87  753  120 9235437.18 8977250.07  2.80%   7.4 1880s
 1604797 1281275 9225306.91  920   67 9235437.18 8977278.21  2.80%   7.4 1885s
 1607952 1282382 9232377.32  128   72 9235437.18 8977335.37  2.79%   7.5 1890s
 1612791 1287308 9200825.78 1125   45 9235437.18 8977342.90  2.79%   7.4 1895s
 1614766 1288914 9150411.86  216  115 9235437.18 8977352.39  2.79%   7.4 1900s
 1618310 1291011 9228526.24  551   77 9235437.18 8977408.44  2.79%   7.4 1905s
 1621797 1293349 9224262.41  777  101 9235437.18 8977408.44  2.79%   7.4 1910s
 1624596 1294736 9221420.90  456   66 9235437.18 8977450.71  2.79%   7.5 1915s
 1628150 1297053 9204984.06  211   70 9235437.18 8977480.36  2.79%   7.5 1920s
 1632310 1300169     cutoff  254      9235437.18 8977502.11  2.79%   7.5 1925s
 1635169 1301699 9156667.00  277  115 9235437.18 8977525.78  2.79%   7.5 1930s
 1635942 1302320 9185438.56  386  109 9235437.18 8977525.78  2.79%   7.5 1935s
 1639506 1304072 9222482.84  638   78 9235437.18 8977568.04  2.79%   7.5 1940s
 1643415 1306971 9140331.66  643  123 9235437.18 8977632.62  2.79%   7.5 1945s
 1647826 1309478 9198744.22  251   65 9235437.18 8977649.08  2.79%   7.5 1950s
 1652039 1312071 9174731.23  797   87 9235437.18 8977709.71  2.79%   7.5 1955s
 1656993 1316486 9161689.27  234  113 9235437.18 8977719.91  2.79%   7.5 1961s
 1660335 1319273 9231846.29  348   96 9235437.18 8977719.91  2.79%   7.4 1965s
 1664057 1322062 9159194.98  668  121 9235437.18 8977817.13  2.79%   7.5 1970s
 1667984 1324878     cutoff  596      9235437.18 8977830.75  2.79%   7.4 1975s
 1672010 1328118 9233233.34  127   72 9235437.18 8977889.32  2.79%   7.4 1980s
 1675299 1329432 9220933.79  765  113 9235437.18 8978001.95  2.79%   7.4 1985s
 1677114 1331279 9113396.09  172  117 9235437.18 8978012.87  2.79%   7.4 1990s
 1682262 1336384 9226627.43  369   95 9235437.18 8978012.87  2.79%   7.4 1995s
 1685860 1338344 9230575.21  138   53 9235437.18 8978074.75  2.79%   7.4 2000s
 1690663 1341679     cutoff  236      9235437.18 8978115.41  2.79%   7.4 2005s
 1694721 1345005 9182530.20  401  105 9235437.18 8978169.39  2.79%   7.4 2010s
 1695989 1346084 9217281.84  526  105 9235437.18 8978169.39  2.79%   7.4 2015s
 1698838 1346993 9227807.84  135   58 9235437.18 8978280.68  2.78%   7.4 2020s
 1702517 1349963 9212538.21  335  105 9235437.18 8978365.64  2.78%   7.4 2025s
 1706389 1352230 9169609.66  381  112 9235437.18 8978441.58  2.78%   7.4 2030s
 1709359 1354789 9232840.42  439   58 9235437.18 8978535.74  2.78%   7.4 2035s
 1712896 1357183 9144077.34  430  118 9235437.18 8978583.62  2.78%   7.4 2040s
 1716733 1360996 9193177.66  546  112 9235437.18 8978583.62  2.78%   7.4 2047s
 1718500 1362136 9197872.46  549  113 9235437.18 8978583.62  2.78%   7.4 2050s
 1722005 1364247     cutoff  260      9235437.18 8978612.67  2.78%   7.4 2055s
 1726007 1367755 9221904.94  440  104 9235437.18 8978633.17  2.78%   7.4 2060s
 1729514 1370369 9229182.89  446  114 9235437.18 8978642.72  2.78%   7.4 2065s
 1732404 1373061 9149895.32  281  121 9235437.18 8978695.04  2.78%   7.4 2072s
 1734753 1374996 9179832.64  512  115 9235437.18 8978695.04  2.78%   7.4 2075s
 1737597 1376991     cutoff  320      9235437.18 8978736.31  2.78%   7.4 2080s
 1740617 1378819 9210495.12  162   66 9235437.18 8978788.11  2.78%   7.4 2085s
 1743675 1381156 9156943.63  313  114 9235437.18 8978843.39  2.78%   7.4 2090s
 1748326 1384658 9230875.75  116   61 9235437.18 8978932.19  2.78%   7.4 2095s
 1751954 1387072 9205389.53  947  109 9235437.18 8978956.39  2.78%   7.4 2100s
 1752846 1387614     cutoff 1024      9235437.18 8978959.86  2.78%   7.4 2105s
 1756404 1389759     cutoff  590      9235437.18 8979008.18  2.78%   7.4 2110s
 1761015 1392994 9223654.42  881  105 9235437.18 8979037.72  2.78%   7.4 2115s
 1766423 1397279 9190654.18  548  105 9235437.18 8979088.47  2.78%   7.4 2120s
 1770841 1400684 9138272.60  702  112 9235437.18 8979096.06  2.78%   7.4 2125s
 1771561 1401153 9216545.91  949  106 9235437.18 8979102.50  2.78%   7.4 2130s
 1776388 1404649 9203073.77  392  109 9235437.18 8979113.62  2.78%   7.4 2135s
 1779801 1406637 9141198.95  243  116 9235437.18 8979150.54  2.78%   7.4 2140s
 1784216 1409717     cutoff  343      9235437.18 8979194.83  2.77%   7.4 2145s
 1787489 1412006     cutoff  228      9235437.18 8979211.46  2.77%   7.4 2150s
 1790666 1413204     cutoff  254      9235437.18 8979302.61  2.77%   7.4 2155s
 1794442 1415765 9215400.09  890  114 9235437.18 8979324.51  2.77%   7.4 2162s
 1795989 1417020 9075830.72   98  127 9235437.18 8979352.50  2.77%   7.4 2165s
 1799692 1418266     cutoff  691      9235437.18 8979461.98  2.77%   7.5 2170s
 1804998 1422361 9230644.54  262   58 9235437.18 8979513.17  2.77%   7.5 2175s
 1809348 1426514 9181590.73  332  112 9235437.18 8979531.40  2.77%   7.5 2180s
 1812656 1429361 9223334.17  380  104 9235437.18 8979531.40  2.77%   7.5 2187s
 1815164 1430247 9233332.47  674   76 9235437.18 8979624.41  2.77%   7.5 2190s
 1817473 1431249 9223795.31  347   59 9235437.18 8979677.68  2.77%   7.5 2195s
 1821424 1434375     cutoff  666      9235437.18 8979699.93  2.77%   7.5 2200s
 1824375 1436223 9221264.27  695   79 9235437.18 8979712.42  2.77%   7.5 2205s
 1827791 1438042 9217339.95  122   74 9235437.18 8979740.30  2.77%   7.5 2210s
 1833725 1443273 9226224.80  919  101 9235437.18 8979747.24  2.77%   7.5 2215s
 1835713 1444486 9118817.29  167  120 9235437.18 8979791.94  2.77%   7.5 2220s
 1840326 1447964 9134126.29  168   85 9235437.18 8979842.50  2.77%   7.5 2225s
 1844836 1451821 9188738.53  476  114 9235437.18 8979842.50  2.77%   7.5 2230s
 1848290 1454499 9167322.18  116  118 9235437.18 8979908.67  2.77%   7.5 2235s
 1851721 1456668 9171780.30  845  120 9235437.18 8979949.02  2.77%   7.5 2240s
 1854099 1458976 9131758.63  657  112 9235437.18 8979951.59  2.77%   7.5 2246s
 1856709 1461624 9222335.31  697  103 9235437.18 8979951.59  2.77%   7.4 2250s
 1860441 1462964 9110256.26  103   87 9235437.18 8979991.28  2.77%   7.4 2255s
 1864616 1465698 9223207.49  836  109 9235437.18 8980035.01  2.77%   7.5 2260s
 1869105 1469544 9160289.75  260  116 9235437.18 8980056.82  2.77%   7.4 2265s
 1873918 1472531 9217951.87  615  114 9235437.18 8980100.72  2.76%   7.5 2272s
 1875524 1473825 9233249.01  138   74 9235437.18 8980106.18  2.76%   7.5 2275s
 1880072 1477565 9157205.77  696  119 9235437.18 8980203.44  2.76%   7.4 2280s
 1884709 1481566 9235422.47  120   73 9235437.18 8980209.26  2.76%   7.4 2285s
 1888074 1482622 9227169.60  614   74 9235437.18 8980317.78  2.76%   7.5 2290s
 1890364 1484259 9129895.54  305  118 9235437.18 8980372.57  2.76%   7.5 2295s
 1891435 1485281 9159145.79  332  115 9235437.18 8980372.57  2.76%   7.5 2300s
 1895302 1487859 9233151.74  193   70 9235437.18 8980403.67  2.76%   7.5 2305s
 1899677 1491873 9188483.68  473  110 9235437.18 8980408.70  2.76%   7.5 2310s
 1903083 1493811 9117932.07  615  124 9235437.18 8980422.90  2.76%   7.5 2315s
 1907411 1497149 9178884.56  369  106 9235437.18 8980489.52  2.76%   7.5 2320s
 1909253 1498720     cutoff  231      9235437.18 8980510.64  2.76%   7.5 2325s
 1913164 1501265 9142365.37  255  121 9235437.18 8980542.58  2.76%   7.5 2330s
 1916864 1503519 9232659.48  149   66 9235437.18 8980567.25  2.76%   7.5 2335s
 1920750 1506167     cutoff  366      9235437.18 8980604.81  2.76%   7.5 2340s
 1924016 1508213 9207567.53  137   59 9235437.18 8980630.47  2.76%   7.5 2345s
 1926766 1509502 9134779.38  320  116 9235437.18 8980649.95  2.76%   7.5 2350s
 1929751 1511249     cutoff  314      9235437.18 8980661.14  2.76%   7.5 2358s
 1931239 1512225 9185631.37  118  119 9235437.18 8980667.85  2.76%   7.5 2360s
 1935129 1514345 9161908.49  328   69 9235437.18 8980693.04  2.76%   7.5 2365s
 1939764 1519206 9208959.32  537  109 9235437.18 8980698.87  2.76%   7.5 2370s
 1943780 1521563     cutoff  366      9235437.18 8980722.11  2.76%   7.5 2375s
 1948093 1525535 9223406.53  351   62 9235437.18 8980740.20  2.76%   7.5 2382s
 1950309 1526266 9214817.45  658   77 9235437.18 8980788.81  2.76%   7.5 2385s
 1953459 1527727 9106735.96  648  127 9235437.18 8980809.63  2.76%   7.5 2390s
 1957704 1531377 9223366.31  973   95 9235437.18 8980809.63  2.76%   7.5 2395s
 1961991 1533852 9189780.99  443  107 9235437.18 8980870.64  2.76%   7.5 2400s
 1965844 1536179 9217705.29  152   52 9235437.18 8980913.06  2.76%   7.5 2405s
 1968971 1538368 9120877.15  648  119 9235437.18 8980971.02  2.76%   7.5 2413s
 1970413 1539741 9194872.41  782  109 9235437.18 8980971.02  2.76%   7.5 2415s
 1973930 1541904 9134924.60  221  119 9235437.18 8981020.31  2.75%   7.5 2420s
 1977736 1544527     cutoff  366      9235437.18 8981064.84  2.75%   7.5 2425s
 1981493 1547636     cutoff  774      9235437.18 8981088.15  2.75%   7.5 2430s
 1985227 1550701 9198517.70  346  109 9235437.18 8981138.15  2.75%   7.5 2435s
 1987627 1552653 9230882.13  700   74 9235437.18 8981148.05  2.75%   7.5 2440s
 1990547 1553839     cutoff  639      9235437.18 8981187.35  2.75%   7.5 2445s
 1993853 1556449 9160405.92  251  118 9235437.18 8981199.25  2.75%   7.5 2450s
 1997600 1559208 9218930.61  318  105 9235437.18 8981199.25  2.75%   7.4 2455s
 2002104 1563603 9226641.91 1069   57 9235437.18 8981266.92  2.75%   7.4 2463s
 2003220 1564383 9220294.83  683   81 9235437.18 8981268.22  2.75%   7.4 2465s
 2007461 1566949 9211339.17  477  100 9235437.18 8981304.44  2.75%   7.4 2470s
 2012091 1569915 9132012.89  274  114 9235437.18 8981360.98  2.75%   7.4 2475s
 2017584 1574111 9171500.96  837  115 9235437.18 8981383.59  2.75%   7.4 2480s
 2023774 1578760 9188947.97  362   68 9235437.18 8981440.15  2.75%   7.4 2487s
 2025783 1580472 9061637.38   92  129 9235437.18 8981446.09  2.75%   7.4 2490s
 2029376 1582733     cutoff  197      9235437.18 8981499.34  2.75%   7.4 2495s
 2033408 1585739 9214298.98  370   61 9235437.18 8981524.60  2.75%   7.4 2500s
 2037051 1588678 9229967.03  810   70 9235437.18 8981526.23  2.75%   7.4 2505s
 2040365 1590444 9136884.42  217  118 9235437.18 8981577.24  2.75%   7.4 2510s
 2042090 1591823 9183424.31  388  111 9235437.18 8981577.24  2.75%   7.4 2515s
 2045889 1594722 9223677.27  495  103 9235437.18 8981577.24  2.75%   7.4 2520s
 2049925 1597456     cutoff  206      9235437.18 8981620.54  2.75%   7.4 2525s
 2052672 1598916 9226626.20  129   69 9235437.18 8981660.09  2.75%   7.4 2530s
 2056273 1601740 9227663.00  199   69 9235437.18 8981673.47  2.75%   7.4 2535s
 2059755 1603502 9231466.65  205  105 9235437.18 8981727.22  2.75%   7.4 2540s
 2061649 1604822     cutoff  221      9235437.18 8981740.54  2.75%   7.4 2545s
 2064611 1606241     cutoff  809      9235437.18 8981781.71  2.75%   7.4 2550s
 2068176 1608704 9160028.80  302  118 9235437.18 8981806.58  2.75%   7.4 2555s
 2071607 1611031 9229995.50  453  101 9235437.18 8981806.58  2.75%   7.4 2560s
 2075707 1614170     cutoff  956      9235437.18 8981830.57  2.75%   7.4 2565s
 2078616 1614815 9205086.98  221   68 9235437.18 8981856.84  2.75%   7.4 2570s
 2082214 1617240 9173615.30  858  118 9235437.18 8981894.04  2.75%   7.4 2575s
 2083781 1618274 9226374.75  118   67 9235437.18 8981907.39  2.75%   7.4 2580s
 2086379 1619331 9221012.27  247   72 9235437.18 8981925.24  2.74%   7.4 2585s
 2089969 1622022 9098191.59  111  124 9235437.18 8981935.34  2.74%   7.4 2590s
 2092097 1623209 9116047.99  184  116 9235437.18 8981968.77  2.74%   7.4 2595s
 2097813 1629267 9224976.63 1626   87 9235437.18 8981976.42  2.74%   7.4 2600s
 2101727 1631326 9235123.53  153   56 9235437.18 8981993.90  2.74%   7.4 2605s
 2102980 1632472     cutoff  267      9235437.18 8981994.67  2.74%   7.4 2610s
 2106699 1634614     cutoff  203      9235437.18 8982008.58  2.74%   7.4 2615s
 2110645 1637757 9214384.32  879  106 9235437.18 8982022.05  2.74%   7.4 2620s
 2114202 1639945 9114104.80  125  122 9235437.18 8982072.15  2.74%   7.4 2625s
 2117026 1642316 9212321.28  170  107 9235437.18 8982072.15  2.74%   7.4 2631s
 2119532 1643012 9103977.71  177  124 9235437.18 8982108.31  2.74%   7.4 2635s
 2123338 1645898     cutoff  288      9235437.18 8982108.31  2.74%   7.4 2640s
 2127223 1649127 9178474.73  304  104 9235437.18 8982158.64  2.74%   7.4 2645s
 2130081 1650871     cutoff  673      9235437.18 8982183.70  2.74%   7.4 2650s
 2133525 1653344 9137658.08  166  117 9235437.18 8982202.56  2.74%   7.4 2655s
 2137642 1655505 9233401.25  645   74 9235437.18 8982234.49  2.74%   7.4 2660s
 2139755 1656725 9172279.47  268  113 9235437.18 8982273.69  2.74%   7.4 2666s
 2143295 1659856 infeasible  390      9235437.18 8982289.32  2.74%   7.4 2670s
 2146300 1660599     cutoff  413      9235437.18 8982357.72  2.74%   7.4 2675s
 2149950 1663319 9224452.36  396   58 9235437.18 8982404.09  2.74%   7.4 2680s
 2153796 1666430 9185089.56  758  114 9235437.18 8982425.55  2.74%   7.4 2685s
 2156864 1668384     cutoff  687      9235437.18 8982470.76  2.74%   7.4 2692s
 2158807 1670133 9201738.34  457  107 9235437.18 8982488.61  2.74%   7.4 2695s
 2162608 1673198 9157238.05  374   70 9235437.18 8982497.17  2.74%   7.4 2700s
 2166201 1675543 9227585.27  168  109 9235437.18 8982507.86  2.74%   7.4 2705s
 2170260 1678949     cutoff  795      9235437.18 8982531.74  2.74%   7.4 2710s
 2172093 1680546 9153056.76  179  116 9235437.18 8982537.11  2.74%   7.4 2715s
 2176153 1682886     cutoff  403      9235437.18 8982598.32  2.74%   7.4 2720s
 2180410 1686675 infeasible  405      9235437.18 8982627.33  2.74%   7.4 2725s
 2184281 1689892 9142842.82  321  117 9235437.18 8982641.30  2.74%   7.4 2730s
 2188907 1693337 9111202.45  292  119 9235437.18 8982661.91  2.74%   7.4 2735s
 2190946 1694840 9171239.61  546  113 9235437.18 8982661.91  2.74%   7.4 2740s
 2197049 1699738 9222037.86 1020  103 9235437.18 8982715.48  2.74%   7.4 2745s
 2202414 1702581 9197060.58  661   82 9235437.18 8982774.33  2.74%   7.4 2750s
 2208083 1707113 9075409.62  107  126 9235437.18 8982801.50  2.74%   7.4 2758s
 2209929 1708326 9233920.52  179  101 9235437.18 8982807.94  2.74%   7.4 2760s
 2212959 1709575 9091399.68  127  122 9235437.18 8982825.79  2.74%   7.4 2765s
 2216654 1712543 9183696.55  491  105 9235437.18 8982825.79  2.74%   7.4 2770s
 2220183 1714370     cutoff  138      9235437.18 8982886.94  2.73%   7.4 2775s
 2223662 1716779 9130783.61  192  121 9235437.18 8982930.63  2.73%   7.4 2780s
 2226453 1719067 9225617.52  307  107 9235437.18 8982930.63  2.73%   7.4 2787s
 2229472 1721786 9222715.05  740   72 9235437.18 8982953.29  2.73%   7.4 2790s
 2234584 1724885     cutoff  140      9235437.18 8982978.72  2.73%   7.4 2795s
 2237738 1726301     cutoff  665      9235437.18 8983018.25  2.73%   7.4 2800s
 2242020 1729721     cutoff  413      9235437.18 8983050.55  2.73%   7.4 2805s
 2245893 1732666 9223897.84  136   55 9235437.18 8983065.98  2.73%   7.4 2810s
 2248055 1733912     cutoff  662      9235437.18 8983085.12  2.73%   7.4 2815s
 2250296 1734865 9222931.62  147   63 9235437.18 8983104.52  2.73%   7.4 2820s
 2254253 1737584 9217324.67  295   75 9235437.18 8983174.63  2.73%   7.4 2825s
 2257884 1740207 9218609.45  482  106 9235437.18 8983208.28  2.73%   7.4 2830s
 2261169 1741176 9227828.01  413   60 9235437.18 8983248.40  2.73%   7.4 2835s
 2265367 1744596 9143559.90  285  108 9235437.18 8983324.19  2.73%   7.4 2840s
 2267974 1747070 9192869.77  321  102 9235437.18 8983324.19  2.73%   7.4 2845s
 2271853 1749064 9108469.39  165  122 9235437.18 8983380.59  2.73%   7.4 2850s
 2275691 1752321 9223437.53  411  101 9235437.18 8983380.59  2.73%   7.4 2855s
 2279641 1755038 9185953.18  368  104 9235437.18 8983440.19  2.73%   7.4 2860s
 2282611 1756855 9223521.27  169   61 9235437.18 8983483.98  2.73%   7.4 2865s
 2286889 1760709 9175372.07  311  111 9235437.18 8983488.81  2.73%   7.4 2870s
 2292596 1764688 9230301.96  185  113 9235437.18 8983547.96  2.73%   7.4 2875s
 2297398 1766692     cutoff  338      9235437.18 8983623.39  2.73%   7.4 2880s
 2301652 1768041 9122786.36  192  120 9235437.18 8983696.99  2.73%   7.4 2885s
 2304315 1770102 9197665.55  280  111 9235437.18 8983696.99  2.73%   7.4 2890s
 2308256 1772817 9089198.56   95  129 9235437.18 8983752.44  2.73%   7.4 2895s
 2312820 1774632 9177223.10  318   81 9235437.18 8983778.45  2.72%   7.4 2900s
 2316781 1776907 9187038.56  503  106 9235437.18 8983820.64  2.72%   7.4 2905s
 2320616 1779014 9227069.81  193  112 9235437.18 8983841.93  2.72%   7.4 2910s
 2323412 1782121 9141282.02  219  123 9235437.18 8983842.90  2.72%   7.4 2915s
 2327804 1785946 9216143.12  326  105 9235437.18 8983842.90  2.72%   7.4 2920s
 2330841 1787173 9171651.01  739  112 9235437.18 8983884.92  2.72%   7.4 2925s
 2335848 1790546 9179903.12  184  116 9235437.18 8983950.00  2.72%   7.4 2930s
 2338095 1791632 9175305.06  786   83 9235437.18 8983952.52  2.72%   7.4 2936s
 2341272 1793038     cutoff  440      9235437.18 8983964.36  2.72%   7.4 2940s
 2346168 1797269 9166244.10  301  116 9235437.18 8983998.73  2.72%   7.4 2945s
 2350797 1800753 9222705.10  830   72 9235437.18 8983999.23  2.72%   7.4 2950s
 2353598 1802122     cutoff  436      9235437.18 8984026.67  2.72%   7.4 2955s
 2355950 1802593 9214658.06  135   72 9235437.18 8984071.22  2.72%   7.4 2960s
 2358781 1803998 9123939.23  126  118 9235437.18 8984167.42  2.72%   7.5 2965s
 2361821 1806370 9223174.44  449  104 9235437.18 8984167.42  2.72%   7.5 2972s
 2363522 1806883 9168826.99  127   68 9235437.18 8984227.21  2.72%   7.5 2975s
 2366656 1808966     cutoff  307      9235437.18 8984275.70  2.72%   7.5 2980s
 2370575 1811442 9227874.25  115   70 9235437.18 8984301.65  2.72%   7.5 2985s
 2374425 1814032 9233430.99  659  119 9235437.18 8984319.88  2.72%   7.5 2990s
 2378873 1817234 9197147.42  313  107 9235437.18 8984334.40  2.72%   7.5 2995s
 2382822 1819016     cutoff  659      9235437.18 8984363.96  2.72%   7.5 3000s
 2384092 1820424 9194428.86  758  110 9235437.18 8984387.85  2.72%   7.5 3005s
 2388471 1823518 9233703.35  464   60 9235437.18 8984428.45  2.72%   7.5 3010s
 2391901 1826010     cutoff  850      9235437.18 8984465.10  2.72%   7.5 3015s
 2396395 1828803 9219748.97  132   73 9235437.18 8984506.19  2.72%   7.5 3020s
 2400824 1831838 9130422.97  109   78 9235437.18 8984563.68  2.72%   7.5 3025s
 2402937 1833178 9228523.84  139  115 9235437.18 8984563.68  2.72%   7.5 3030s
 2406522 1836208     cutoff  127      9235437.18 8984596.39  2.72%   7.5 3035s
 2409770 1837273 9231596.37  136   63 9235437.18 8984634.51  2.72%   7.5 3040s
 2413935 1840840 9191064.78  812  109 9235437.18 8984646.52  2.72%   7.5 3045s
 2417482 1842900 9232537.57  462   57 9235437.18 8984694.85  2.72%   7.5 3050s
 2419947 1843998 9216279.81  146  118 9235437.18 8984701.40  2.71%   7.5 3055s
 2421046 1844420 9106554.13  119  126 9235437.18 8984732.61  2.71%   7.5 3060s
 2425545 1848017 9223684.06  293   98 9235437.18 8984758.01  2.71%   7.5 3065s
 2429226 1850115     cutoff  272      9235437.18 8984788.81  2.71%   7.5 3070s
 2432376 1852030     cutoff  189      9235437.18 8984840.12  2.71%   7.5 3075s
 2435262 1852554     cutoff  621      9235437.18 8984910.94  2.71%   7.5 3080s
 2438393 1854789     cutoff  197      9235437.18 8984942.20  2.71%   7.5 3085s
 2442039 1857737 9211342.16  368  102 9235437.18 8984966.94  2.71%   7.5 3090s
 2443483 1858237 infeasible  271      9235437.18 8985019.18  2.71%   7.5 3095s
 2445725 1858668     cutoff  680      9235437.18 8985049.86  2.71%   7.5 3100s
 2450118 1862854 9168960.30  489  110 9235437.18 8985059.21  2.71%   7.5 3105s
 2454679 1865943 9224210.97  210  103 9235437.18 8985097.96  2.71%   7.5 3110s
 2458124 1867760 infeasible  472      9235437.18 8985117.18  2.71%   7.5 3115s
 2460085 1869351 9189225.98  503  107 9235437.18 8985122.76  2.71%   7.5 3120s
 2464046 1872001 9105277.60  172  122 9235437.18 8985151.99  2.71%   7.5 3125s
 2467708 1874833 9223588.67  293  107 9235437.18 8985151.99  2.71%   7.5 3130s
 2471419 1877248 9164255.58  253  112 9235437.18 8985206.18  2.71%   7.5 3135s
 2474105 1879340 9218742.68  318   98 9235437.18 8985206.18  2.71%   7.5 3140s
 2478802 1883219 9228753.51  154   60 9235437.18 8985288.51  2.71%   7.5 3145s
 2482438 1885416 9142806.89  172   82 9235437.18 8985298.41  2.71%   7.5 3150s
 2485469 1887730 9220775.55  941   65 9235437.18 8985299.22  2.71%   7.5 3155s
 2489026 1890116 9204749.02  194  104 9235437.18 8985312.13  2.71%   7.5 3160s
 2492057 1891310 9118138.59  170  120 9235437.18 8985368.30  2.71%   7.5 3165s
 2494182 1893537 9125888.94  220  125 9235437.18 8985380.30  2.71%   7.5 3170s
 2499078 1897771 9218554.52  327  113 9235437.18 8985380.30  2.71%   7.5 3175s
 2502621 1899968 9214407.98  229  105 9235437.18 8985418.29  2.71%   7.5 3180s
 2507089 1902846 9231815.66  210   65 9235437.18 8985475.21  2.71%   7.5 3185s
 2511671 1905785 9217289.03  198   64 9235437.18 8985495.73  2.71%   7.5 3190s
 2513544 1906782 9209671.17  197   70 9235437.18 8985516.37  2.71%   7.5 3195s
 2517595 1909329     cutoff  194      9235437.18 8985575.73  2.71%   7.5 3200s
 2520301 1910281 9228173.74  838  108 9235437.18 8985622.92  2.70%   7.5 3205s
 2523449 1912123 9228586.88  887   66 9235437.18 8985637.38  2.70%   7.5 3210s
 2526762 1914014 9209612.99  186  107 9235437.18 8985695.56  2.70%   7.5 3215s
 2530037 1915776 9211316.05  132   70 9235437.18 8985712.72  2.70%   7.5 3220s
 2533540 1918842 9196709.00  362  111 9235437.18 8985740.57  2.70%   7.5 3225s
 2534809 1919042     cutoff  381      9235437.18 8985746.48  2.70%   7.5 3230s
 2537178 1919605 9227718.81  201  107 9235437.18 8985824.06  2.70%   7.5 3235s
 2540271 1920991 9165810.49  198  117 9235437.18 8985891.83  2.70%   7.5 3240s
 2543288 1923045 9116525.95  187  124 9235437.18 8985937.68  2.70%   7.5 3245s
 2548438 1927722 9225303.22  351  104 9235437.18 8985937.68  2.70%   7.5 3250s
 2552145 1929443 9177345.20  283  115 9235437.18 8985964.69  2.70%   7.5 3255s
 2555384 1931479 9121622.02  199  119 9235437.18 8986008.47  2.70%   7.5 3260s
 2557142 1932689 9162212.63  351  114 9235437.18 8986008.47  2.70%   7.5 3265s
 2560787 1934838 9091909.72  299  123 9235437.18 8986044.88  2.70%   7.5 3270s
 2565039 1938002 9207509.53  447  103 9235437.18 8986044.88  2.70%   7.5 3275s
 2568594 1939981     cutoff  217      9235437.18 8986107.17  2.70%   7.5 3280s
 2572062 1942378 9144484.56  197   79 9235437.18 8986154.60  2.70%   7.5 3285s
 2574769 1944175 9190411.36  260  115 9235437.18 8986174.21  2.70%   7.5 3291s
 2578207 1947267 9119634.54  167  123 9235437.18 8986184.58  2.70%   7.5 3295s
 2582774 1950045 9225798.17  724   77 9235437.18 8986218.72  2.70%   7.5 3300s
 2586459 1952804     cutoff  681      9235437.18 8986231.20  2.70%   7.5 3305s
 2589852 1954516     cutoff  112      9235437.18 8986280.45  2.70%   7.5 3310s
 2593619 1957255 9156011.37  334  115 9235437.18 8986282.64  2.70%   7.5 3315s
 2595368 1958408 9165319.74  134   78 9235437.18 8986287.30  2.70%   7.5 3320s
 2598941 1960544 9115736.05  104  125 9235437.18 8986330.92  2.70%   7.5 3325s
 2601740 1961972 9222512.91  204  109 9235437.18 8986366.98  2.70%   7.5 3330s
 2605917 1965031 9119297.56  169   83 9235437.18 8986389.57  2.70%   7.5 3335s
 2609916 1967877 9211805.86  131   71 9235437.18 8986402.02  2.70%   7.5 3340s
 2612696 1969495     cutoff  196      9235437.18 8986418.34  2.70%   7.5 3345s
 2614888 1971157 9168612.77  263  112 9235437.18 8986425.39  2.70%   7.5 3350s
 2619194 1973697     cutoff  314      9235437.18 8986451.28  2.70%   7.5 3355s
 2623248 1976762     cutoff  841      9235437.18 8986479.90  2.70%   7.5 3360s
 2627162 1979818 9224881.76  280  102 9235437.18 8986487.67  2.70%   7.5 3365s
 2630467 1981351 9227741.76  200  106 9235437.18 8986512.58  2.70%   7.5 3370s
 2632227 1982810     cutoff  143      9235437.18 8986517.13  2.70%   7.5 3375s
 2635809 1985726 9131933.02  208  122 9235437.18 8986548.65  2.69%   7.5 3380s
 2640055 1989917 9190734.02  294  107 9235437.18 8986548.65  2.69%   7.5 3385s
 2643592 1992021 9224987.89  217   63 9235437.18 8986564.56  2.69%   7.5 3390s
 2646555 1992923 9138067.43   90   78 9235437.18 8986605.00  2.69%   7.5 3395s
 2649001 1994593 9169287.16  284  115 9235437.18 8986608.31  2.69%   7.5 3401s
 2651567 1996604 9217735.13  323  112 9235437.18 8986608.31  2.69%   7.5 3405s
 2655783 2000211 9180049.86  294  109 9235437.18 8986649.00  2.69%   7.5 3410s
 2660352 2004032     cutoff  357      9235437.18 8986649.00  2.69%   7.5 3415s
 2663451 2004973     cutoff  247      9235437.18 8986661.85  2.69%   7.5 3420s
 2666616 2007369     cutoff  194      9235437.18 8986685.62  2.69%   7.5 3426s
 2670130 2009838 9137835.04  209  120 9235437.18 8986693.91  2.69%   7.5 3430s
 2674916 2013608 9169383.08  836  117 9235437.18 8986710.78  2.69%   7.5 3435s
 2679946 2017315 9134738.51  204  121 9235437.18 8986751.14  2.69%   7.5 3440s
 2684506 2021679 9224414.57  353  103 9235437.18 8986751.14  2.69%   7.5 3445s
 2687782 2022674 9192561.64  442   64 9235437.18 8986796.23  2.69%   7.5 3450s
 2690757 2023955 9215951.58  193  108 9235437.18 8986821.89  2.69%   7.5 3455s
 2694534 2026765     cutoff  870      9235437.18 8986845.76  2.69%   7.5 3460s
 2698143 2029621 9187666.29  251  104 9235437.18 8986848.22  2.69%   7.5 3465s
 2701968 2032273 9212578.72  199  113 9235437.18 8986870.13  2.69%   7.5 3470s
 2704057 2033957 9221281.35  122   76 9235437.18 8986879.09  2.69%   7.5 3475s
 2707631 2036286 9176163.56  475  118 9235437.18 8986905.25  2.69%   7.5 3480s
 2710704 2037719     cutoff  188      9235437.18 8986925.98  2.69%   7.5 3485s
 2716077 2042936 9190051.08  287  108 9235437.18 8986930.16  2.69%   7.5 3490s
 2717995 2044350 9223239.58  834   74 9235437.18 8986938.01  2.69%   7.5 3495s
 2721289 2046028 9184785.89  187  115 9235437.18 8986969.53  2.69%   7.5 3500s
 2725682 2049911 9197875.46  306  113 9235437.18 8986992.47  2.69%   7.5 3505s
 2729645 2052609 9232584.43  146   55 9235437.18 8987009.18  2.69%   7.4 3510s
 2733882 2055556 9219965.06  256  109 9235437.18 8987022.16  2.69%   7.4 3515s
 2735941 2056985 9135744.79  191  120 9235437.18 8987043.17  2.69%   7.5 3520s
H2736592 2057369                    9233221.7938 8987043.17  2.67%   7.5 3521s
H2736644 2057617                    9233221.7565 8987043.17  2.67%   7.5 3522s
H2738039 2048519                    9230998.3866 8987043.17  2.64%   7.5 3524s
H2738256 2048891                    9230912.1544 8987043.17  2.64%   7.5 3525s
H2739544 2050211                    9230911.9524 8987043.17  2.64%   7.5 3527s
H2739968 2050444                    9230911.9313 8987043.17  2.64%   7.5 3527s
 2741485 2051615 9220536.21  837   70 9230911.93 8987054.20  2.64%   7.5 3530s
 2744547 2053494 9225412.55  134   67 9230911.93 8987071.05  2.64%   7.5 3535s
 2749887 2057153 9115508.16  194  121 9230911.93 8987114.25  2.64%   7.4 3540s
 2753737 2061006 9185690.71  297  110 9230911.93 8987114.25  2.64%   7.4 3545s
 2757901 2063821     cutoff  199      9230911.93 8987121.36  2.64%   7.4 3550s
 2760833 2064647 9195720.94  858   76 9230911.93 8987194.86  2.64%   7.4 3555s
 2765803 2069696 9221638.29  279  103 9230911.93 8987209.34  2.64%   7.4 3560s
 2767506 2070805     cutoff  200      9230911.93 8987231.85  2.64%   7.4 3565s
 2770731 2072140 9097783.52  181  122 9230911.93 8987263.80  2.64%   7.4 3570s
 2774032 2074567 9198445.39  295  110 9230911.93 8987263.80  2.64%   7.4 3575s
 2777126 2076680 9120390.16  192  120 9230911.93 8987287.75  2.64%   7.4 3580s
 2781382 2079779 9224972.69  409  104 9230911.93 8987325.34  2.64%   7.4 3585s
 2785147 2083772 9176286.30  270  100 9230911.93 8987325.51  2.64%   7.4 3590s
 2788786 2086344 9199054.64  229  109 9230911.93 8987333.36  2.64%   7.4 3595s
 2792404 2087752 9221116.35  121   68 9230911.93 8987363.36  2.64%   7.4 3600s

Cutting planes:
  RLT: 51

Explored 2792487 nodes (20770561 simplex iterations) in 3600.08 seconds (2486.56 work units)
Thread count was 2 (of 24 available processors)

Solution count 10: 9.23091e+06 9.23322e+06 9.23544e+06 ... 9.24135e+06

Time limit reached
Best objective 9.230911931305e+06, best bound 8.987363355948e+06, gap 2.6384%
