
Gurobi 11.0.3 (linux64, Java) logging started qui 05 dez 2024 08:37:18 -03

Set parameter Username
Academic license - for non-commercial use only - expires 2025-10-10
Set parameter NonConvex to value 2
Set parameter TimeLimit to value 3600
Set parameter LogToConsole to value 0
Set parameter MIPGap to value 4.7614803339461642e-08
Set parameter Threads to value 2
Set parameter NodefileDir to value "/home/ps12398/experiment_epec/goalProgrammingMarcos/"
Set parameter NodefileStart to value 1
Gurobi Optimizer version 11.0.3 build v11.0.3rc0 (linux64)

CPU model: Intel(R) Xeon(R) CPU           X5650  @ 2.67GHz, instruction set [SSE2]
Thread count: 12 physical cores, 24 logical processors, using up to 2 threads

Optimize a model with 61384 rows, 41336 columns and 205178 nonzeros
Model fingerprint: 0xcb522004
Model has 148 quadratic constraints
Variable types: 20598 continuous, 20738 integer (143 binary)
Coefficient statistics:
  Matrix range     [7e-03, 6e+06]
  QMatrix range    [7e-03, 1e+05]
  QLMatrix range   [1e+00, 1e+05]
  Objective range  [1e+00, 4e+07]
  Bounds range     [1e+00, 1e+08]
  RHS range        [1e+00, 1e+07]
  QRHS range       [1e-01, 1e-01]
Presolve removed 61040 rows and 40627 columns
Presolve time: 0.08s
Presolved: 910 rows, 885 columns, 20546 nonzeros
Presolved model has 2 SOS constraint(s)
Presolved model has 143 bilinear constraint(s)

Solving non-convex MIQCP

Variable types: 467 continuous, 418 integer (145 binary)
Found heuristic solution: objective 3073386.2505

Root relaxation: objective 1.088101e+06, 162 iterations, 0.01 seconds (0.01 work units)

    Nodes    |    Current Node    |     Objective Bounds      |     Work
 Expl Unexpl |  Obj  Depth IntInf | Incumbent    BestBd   Gap | It/Node Time

     0     0 1088101.19    0  132 3073386.25 1088101.19  64.6%     -    0s
H    0     0                    3073386.2502 1088101.19  64.6%     -    0s
     0     0 1373592.12    0  133 3073386.25 1373592.12  55.3%     -    0s
H    0     0                    2625651.8066 1373611.86  47.7%     -    0s
     0     0 1388416.60    0  133 2625651.81 1388416.60  47.1%     -    0s
     0     0 1388422.15    0  133 2625651.81 1388422.15  47.1%     -    0s
     0     0 1388830.36    0  133 2625651.81 1388830.36  47.1%     -    0s
     0     0 1388830.36    0  133 2625651.81 1388830.36  47.1%     -    0s
     0     0 1391932.89    0  133 2625651.81 1391932.89  47.0%     -    0s
     0     0 1391932.89    0  133 2625651.81 1391932.89  47.0%     -    0s
     0     0 1391932.89    0  133 2625651.81 1391932.89  47.0%     -    0s
     0     0 1391932.89    0  133 2625651.81 1391932.89  47.0%     -    0s
     0     0 1391932.89    0  133 2625651.81 1391932.89  47.0%     -    0s
     0     0 1392403.37    0  133 2625651.81 1392403.37  47.0%     -    0s
     0     2 1392403.37    0  133 2625651.81 1392403.37  47.0%     -    0s
H   92   103                    2381614.3337 1393488.40  41.5%   4.3    0s
H  329   334                    2235797.8380 1393488.40  37.7%  10.0    0s
H  375   390                    2230145.4023 1393488.40  37.5%  10.2    1s
H 2720  2907                    2068223.2001 1393488.40  32.6%   6.8    3s
H 2829  2907                    2043180.1043 1393488.40  31.8%   6.6    3s
H 2960  3018                    2025225.0031 1393488.40  31.2%   6.3    3s
H 3108  3202                    2013223.2591 1393488.40  30.8%   6.1    3s
H 3783  3784                    1974075.4098 1393488.40  29.4%   5.2    3s
  3795  3794 1608464.37   80   32 1974075.41 1608464.37  18.5%   5.3    5s
H 3845  3641                    1974075.4093 1641912.26  16.8%   5.6    9s
  3852  3647 1646118.34   56  128 1974075.41 1641912.26  16.8%   5.5   10s
  3964  3727 1647866.95   86  125 1974075.41 1641912.26  16.8%   5.4   15s
  4074  3804 1647737.31  115  119 1974075.41 1641912.26  16.8%   5.3   20s
  4187  3885 1655869.96  146  115 1974075.41 1641912.26  16.8%   5.3   25s
  4306  3970 1648651.68  176  118 1974075.41 1641912.26  16.8%   5.2   30s
  4426  4056 1649036.51  208  114 1974075.41 1641912.26  16.8%   5.1   35s
  4530  4125 1656247.26  235  115 1974075.41 1641912.26  16.8%   5.1   40s
  4631  4192 1654923.32  262  109 1974075.41 1641912.26  16.8%   5.1   45s
  4712  4244 1649433.29  285  109 1974075.41 1641912.26  16.8%   5.0   50s
  4820  4324 1652841.19  313  107 1974075.41 1641912.26  16.8%   5.1   56s
  4894  4375 1653933.92  334  110 1974075.41 1641912.26  16.8%   5.0   60s
  5006  4453 1651022.36  363  114 1974075.41 1641912.26  16.8%   5.0   66s
  5086  4514 1651017.50  384  114 1974075.41 1641912.26  16.8%   5.0   71s
  5188  4600 1653751.18  413  114 1974075.41 1641912.26  16.8%   5.1   76s
  5317  4686 1652115.07  446  101 1974075.41 1641912.26  16.8%   5.1   81s
  5452  4782 1652237.57  479   99 1974075.41 1641912.26  16.8%   5.2   87s
  5522  4822 1652614.67  496  108 1974075.41 1641912.26  16.8%   5.2   90s
  5649  4904 1655716.16  524  111 1974075.41 1641912.26  16.8%   5.2   96s
  5771  4985 1655767.21  553  107 1974075.41 1641912.26  16.8%   5.2  102s
  5832  5025 1653540.85  568  115 1974075.41 1641912.26  16.8%   5.2  106s
  5951  5103 1653672.01  597  106 1974075.41 1641912.26  16.8%   5.2  113s
  6010  5162 1653676.72  611   96 1974075.41 1641912.26  16.8%   5.2  116s
  6088  5229 1654780.56  631  111 1974075.41 1641912.26  16.8%   5.2  120s
  6272  5388 1654794.93  676  117 1974075.41 1641912.26  16.8%   5.3  128s
  6402  5596 1654819.79  701  107 1974075.41 1641912.26  16.8%   5.3  132s
  6653  6080 1654828.92  725   95 1974075.41 1641912.26  16.8%   5.4  135s
H 6891  5820                    1970321.4295 1641912.26  16.7%   5.5  135s
H 7221  6220                    1967166.9720 1641912.26  16.5%   5.7  136s
H 7376  6004                    1966578.1335 1641912.26  16.5%   5.7  136s
H 7903  6492                    1954797.0146 1641912.26  16.0%   6.0  137s
H 9212  6889                    1953690.1009 1641912.26  16.0%   6.4  138s
H10820  7617                    1952474.9235 1641912.26  15.9%   6.8  139s
H10917  7452                    1948838.6185 1641912.26  15.7%   6.8  139s
 11107  8351 1659981.01 1851   96 1948838.62 1641912.26  15.7%   6.8  140s
H11450  8253                    1928063.4998 1641912.26  14.8%   6.7  140s
H11774  8253                    1927436.1628 1641912.26  14.8%   6.7  140s
H11968  8253                    1912439.3084 1641912.26  14.1%   6.7  140s
H12065  8253                    1905329.8865 1641912.26  13.8%   6.7  140s
H12617  8897                    1894926.6230 1641912.26  13.4%   6.7  141s
 14407 10585 1803570.56  112  123 1894926.62 1642465.79  13.3%   6.7  145s
 17142 13678 1850803.02  805  110 1894926.62 1642465.79  13.3%   7.0  150s
 19701 16217 1872330.17 1380  106 1894926.62 1642465.79  13.3%   6.9  155s
 24670 21024 1876216.65  736   94 1894926.62 1642469.85  13.3%   6.9  160s
 28514 24764 1877137.58 1742   97 1894926.62 1642469.85  13.3%   7.4  165s
 35394 31469 1816570.21  143  112 1894926.62 1644873.30  13.2%   7.5  170s
 43621 39563 1874738.29  676   94 1894926.62 1645500.86  13.2%   7.0  175s
 49666 44114 1808194.70   95  121 1894926.62 1647672.75  13.0%   7.3  180s
 55256 48842 1881136.68  119   75 1894926.62 1647903.34  13.0%   7.6  185s
 59834 52798 1843622.62  372  100 1894926.62 1648094.13  13.0%   7.7  190s
 64040 56059 1880452.03  152   78 1894926.62 1648298.16  13.0%   7.7  195s
 67910 59249 infeasible  142      1894926.62 1648395.20  13.0%   7.9  200s
 72103 62853 1879020.73  239   76 1894926.62 1648547.61  13.0%   7.9  205s
 75276 65526 infeasible  158      1894926.62 1648674.68  13.0%   8.1  210s
 79690 69423 1871839.38  352  103 1894926.62 1648858.76  13.0%   8.0  215s
 84307 73296 infeasible  121      1894926.62 1648951.16  13.0%   8.0  220s
 88001 76050 1843610.99  295  104 1894926.62 1649112.24  13.0%   8.0  225s
 91727 78919 infeasible  220      1894926.62 1649154.32  13.0%   8.0  230s
 96194 82892 1839201.33  226   72 1894926.62 1649198.43  13.0%   7.9  235s
 100857 86895 1831416.17  154   82 1894926.62 1649256.56  13.0%   7.8  240s
 105712 91043 1845518.85  251   68 1894926.62 1649314.84  13.0%   7.7  245s
 110490 95319 1846060.19 1007   48 1894926.62 1649382.48  13.0%   7.8  250s
 115653 100033 1878518.36 2417   55 1894926.62 1649382.48  13.0%   7.8  255s
 119292 103414 1883791.01  718  103 1894926.62 1649550.31  12.9%   7.8  260s
H123126 106255                    1890365.0134 1649598.10  12.7%   7.7  263s
 124191 107063 1821022.61  345  109 1890365.01 1649621.86  12.7%   7.8  265s
 128859 110938     cutoff  240      1890365.01 1649672.73  12.7%   7.7  270s
 133004 114265 1865736.11  216   79 1890365.01 1649728.28  12.7%   7.8  275s
 137082 117545 1872639.82  388   98 1890365.01 1649800.56  12.7%   7.8  280s
 141115 120342 infeasible  243      1890365.01 1649887.65  12.7%   7.8  285s
 144962 123319 1872449.39  418   98 1890365.01 1649933.34  12.7%   7.9  290s
 149059 126433 infeasible   97      1890365.01 1649983.58  12.7%   8.0  295s
 153500 129973 infeasible  157      1890365.01 1650071.15  12.7%   8.0  300s
 157994 133853 1841479.49  392   99 1890365.01 1650142.95  12.7%   8.1  305s
 161768 136578 1884855.96  348  108 1890365.01 1650187.50  12.7%   8.2  310s
 167131 141792 1824921.77  300  106 1890365.01 1650208.84  12.7%   8.2  315s
 171850 145076 1883307.29  311  115 1890365.01 1650244.46  12.7%   8.2  320s
 176444 149184 1883099.81  677   93 1890365.01 1650260.45  12.7%   8.2  325s
 181009 152961 1831050.86  462   88 1890365.01 1650276.59  12.7%   8.3  330s
 185654 156975 1884904.88  716  101 1890365.01 1650292.34  12.7%   8.3  335s
 189869 160611 1838814.65  389  102 1890365.01 1650334.92  12.7%   8.4  340s
 194015 163442 1877445.79  316   88 1890365.01 1650359.90  12.7%   8.5  345s
 198945 167645 1882986.25  652  110 1890365.01 1650396.06  12.7%   8.5  350s
 202918 170667 1830988.84  284   79 1890365.01 1650506.99  12.7%   8.5  355s
 207324 174314 1832798.61  275   86 1890365.01 1650558.36  12.7%   8.5  360s
 212158 178183 1885466.05  290  108 1890365.01 1650641.61  12.7%   8.5  365s
 216709 181504 1877873.52  360  118 1890365.01 1650681.37  12.7%   8.5  370s
 221093 185163 infeasible  344      1890365.01 1650708.66  12.7%   8.5  375s
*223777 184701            1818    1888013.2602 1650713.44  12.6%   8.5  377s
 225424 185802 1813921.42  191  112 1888013.26 1650768.59  12.6%   8.5  380s
 229095 188851 1825190.87  405  111 1888013.26 1650868.17  12.6%   8.5  385s
 233333 191938 1819120.74  353  116 1888013.26 1650896.16  12.6%   8.6  390s
 237342 195011 1828179.65  493   99 1888013.26 1650924.22  12.6%   8.6  395s
 241162 197240 1886938.85  422   61 1888013.26 1650955.60  12.6%   8.6  400s
 245795 201397 1834063.93  284  118 1888013.26 1651002.89  12.6%   8.6  405s
 250550 204654 1881070.08  413  113 1888013.26 1651031.77  12.6%   8.7  410s
 254673 207749 1853064.00  548   97 1888013.26 1651044.76  12.6%   8.7  415s
 258890 211302 infeasible  403      1888013.26 1651061.09  12.6%   8.8  420s
*263149 212139            2150    1886419.8773 1651064.79  12.5%   8.7  424s
 263749 212315 1842701.57  364   81 1886419.88 1651067.21  12.5%   8.7  425s
 268161 215993 1827176.72  364   87 1886419.88 1651081.87  12.5%   8.7  430s
 272499 218992     cutoff  699      1886419.88 1651129.24  12.5%   8.7  435s
 275527 220434 1863268.51  335   81 1886419.88 1651176.76  12.5%   8.8  440s
H275694 220042                    1886094.7257 1651181.00  12.5%   8.8  440s
 279979 223936 1836067.58  641  109 1886094.73 1651204.22  12.5%   8.9  445s
 284382 227083 1850545.16  375   79 1886094.73 1651243.93  12.5%   8.9  450s
 288970 230979 1819901.39  432  121 1886094.73 1651279.92  12.4%   8.9  455s
 294180 235306 1826106.21  462  100 1886094.73 1651310.19  12.4%   8.9  460s
 301348 239781 1870507.30  646   94 1886094.73 1651317.67  12.4%   8.9  465s
 305850 243682 1863695.00  587   98 1886094.73 1651381.30  12.4%   8.9  470s
 309933 246354 1824156.03  477  104 1886094.73 1651494.72  12.4%   9.0  475s
 314557 249726 infeasible  503      1886094.73 1651551.61  12.4%   9.0  480s
 318581 252810 1824365.37  430   85 1886094.73 1651638.03  12.4%   9.1  485s
 323133 256245 1860912.79  176  119 1886094.73 1651800.08  12.4%   9.1  490s
 328650 260965 1870012.66  496  116 1886094.73 1651920.78  12.4%   9.1  495s
 333835 265663 1833209.46  615   78 1886094.73 1652017.15  12.4%   9.1  500s
 340247 270481 1884818.18  570  117 1886094.73 1652022.08  12.4%   9.0  505s
 344191 273602 infeasible 1649      1886094.73 1652026.58  12.4%   9.1  510s
 348844 276551 1853910.81  869   96 1886094.73 1652035.34  12.4%   9.0  515s
 352910 279384 1863652.97  583  118 1886094.73 1652069.74  12.4%   9.1  520s
*356978 279813            2031    1885177.2049 1652107.88  12.4%   9.0  523s
H357114 279907                    1885177.2047 1652107.88  12.4%   9.0  524s
 357741 280379 1884610.34  567   70 1885177.20 1652121.88  12.4%   9.1  525s
 362442 284682 1853873.13  846  103 1885177.20 1652159.58  12.4%   9.1  530s
 365311 286315 1865980.63  200  103 1885177.20 1652201.68  12.4%   9.1  535s
H368646 263489                    1878720.9574 1652222.56  12.1%   9.1  538s
 369799 264260 infeasible  826      1878720.96 1652237.92  12.1%   9.1  540s
H372319 265654                    1878720.4130 1652285.42  12.1%   9.1  542s
 373796 266669 infeasible  620      1878720.41 1652353.51  12.0%   9.1  545s
 378027 270151 1825238.85  664   80 1878720.41 1652544.31  12.0%   9.1  550s
 382505 273573 1878691.85  224  119 1878720.41 1652659.35  12.0%   9.1  555s
 386299 276382 1876507.78 1145   58 1878720.41 1652713.27  12.0%   9.1  560s
 389345 277276 1871014.15 1299   59 1878720.41 1652713.27  12.0%   9.2  565s
 392397 279576 1821208.03  677  117 1878720.41 1652762.21  12.0%   9.2  570s
 395887 281617 1834831.30  648   85 1878720.41 1652785.16  12.0%   9.3  575s
 399408 284306 1866311.51  632  123 1878720.41 1652811.95  12.0%   9.3  580s
 403235 287812 1849922.44  737  102 1878720.41 1652843.03  12.0%   9.3  585s
 406469 290234 1861978.05  730   91 1878720.41 1652893.18  12.0%   9.4  590s
 410258 292514 1867866.67  247   86 1878720.41 1652916.39  12.0%   9.4  595s
H414343 291116                    1877971.5125 1652934.41  12.0%   9.4  599s
*414345 289762            1688    1877699.2851 1652934.41  12.0%   9.4  599s
 414452 289862 1823396.08  756  115 1877699.29 1652934.41  12.0%   9.4  600s
 417634 292288 infeasible  735      1877699.29 1652944.65  12.0%   9.4  605s
H421567 288427                    1876250.2397 1652964.03  11.9%   9.4  609s
H421829 288426                    1876249.9190 1652964.03  11.9%   9.4  609s
 422616 289579 1841200.48  415  100 1876249.92 1652964.03  11.9%   9.4  610s
H424356 290211                    1876245.7222 1652964.80  11.9%   9.4  611s
 425516 290506 1875542.60  734  120 1876245.72 1652974.00  11.9%   9.4  615s
 429139 293106 1848700.27  719   74 1876245.72 1653013.84  11.9%   9.4  620s
H433272 285854                    1874447.1414 1653037.87  11.8%   9.5  624s
 434543 286632 infeasible  654      1874447.14 1653057.03  11.8%   9.5  625s
H437216 288165                    1874446.9819 1653103.71  11.8%   9.5  627s
 439452 289590 1831769.06  378  121 1874446.98 1653131.69  11.8%   9.5  630s
H443100 292031                    1874170.4699 1653131.69  11.8%   9.5  632s
 446540 294456 1874115.21  570  102 1874170.47 1653174.40  11.8%   9.5  635s
 452824 299630 infeasible  220      1874170.47 1653275.75  11.8%   9.5  640s
 458457 303899     cutoff  777      1874170.47 1653370.61  11.8%   9.6  645s
 462523 307479 1838617.97  435  105 1874170.47 1653404.66  11.8%   9.6  650s
H466346 293882                    1871266.7794 1653419.14  11.6%   9.6  655s
H468350 295384                    1871216.6112 1653420.17  11.6%   9.6  657s
H468430 295573                    1871216.5435 1653421.03  11.6%   9.6  657s
 470098 296421 1815709.12  182  119 1871216.54 1653428.35  11.6%   9.6  660s
*470590 296580            2896    1871213.6183 1653429.35  11.6%   9.5  660s
 473251 298559 1833628.48  470  100 1871213.62 1653455.48  11.6%   9.6  665s
 477183 301642 infeasible  192      1871213.62 1653485.46  11.6%   9.6  670s
 480554 304105 1839797.03  779   68 1871213.62 1653514.89  11.6%   9.6  675s
 484410 307395 1835282.79  811   76 1871213.62 1653544.68  11.6%   9.7  680s
 487424 309297 infeasible  833      1871213.62 1653593.08  11.6%   9.7  685s
 491509 312221 1852105.21  804  112 1871213.62 1653618.49  11.6%   9.7  690s
 495432 314954 1856587.19  633   98 1871213.62 1653656.86  11.6%   9.8  695s
 499304 318238 1852234.94  542  107 1871213.62 1653667.71  11.6%   9.8  700s
 502257 320052 1824030.05  527  125 1871213.62 1653686.35  11.6%   9.9  705s
 505552 321700 infeasible  554      1871213.62 1653703.97  11.6%   9.9  710s
 509012 324393 1863240.67 1013  120 1871213.62 1653714.16  11.6%  10.0  715s
 511973 326346 1829289.52  398  127 1871213.62 1653737.51  11.6%  10.0  720s
 515340 328618 infeasible  445      1871213.62 1653757.67  11.6%  10.1  725s
 517853 330785 1857621.79  969  116 1871213.62 1653767.86  11.6%  10.1  730s
 520742 332661 1837151.42 1205   63 1871213.62 1653780.20  11.6%  10.2  735s
 524046 334188 infeasible 1004      1871213.62 1653792.94  11.6%  10.2  740s
 527324 336891 infeasible  561      1871213.62 1653799.01  11.6%  10.3  745s
 531079 339650 infeasible  603      1871213.62 1653809.60  11.6%  10.3  750s
 534346 341729 infeasible  838      1871213.62 1653815.36  11.6%  10.4  755s
 537750 344197 1849351.93  678  108 1871213.62 1653823.57  11.6%  10.4  760s
 540779 345742 1860493.81  948  120 1871213.62 1653834.26  11.6%  10.5  765s
 543962 348532 1842590.19 1444  100 1871213.62 1653851.53  11.6%  10.5  770s
 547945 350642     cutoff 1108      1871213.62 1653860.59  11.6%  10.6  775s
*553403 352752            3423    1871135.1845 1653865.25  11.6%  10.5  778s
 554128 353159 infeasible 1108      1871135.18 1653872.75  11.6%  10.5  780s
 558060 356266 infeasible 1038      1871135.18 1653881.10  11.6%  10.5  785s
 561767 359549 1870104.41 2352    2 1871135.18 1653883.00  11.6%  10.5  790s
H564059 350437                    1870103.8550 1653883.00  11.6%  10.5  792s
H564305 350434                    1870103.5877 1653883.00  11.6%  10.5  793s
H564808 350461                    1870103.5854 1653893.36  11.6%  10.5  793s
 565748 351375 1847724.47 1208  110 1870103.59 1653897.56  11.6%  10.5  795s
 569854 354257 infeasible 1095      1870103.59 1653911.96  11.6%  10.5  800s
 574236 357622 1862258.20  972  113 1870103.59 1653920.14  11.6%  10.5  805s
 577701 359713     cutoff  536      1870103.59 1653931.98  11.6%  10.6  810s
 581498 362394 1855043.59 1179  109 1870103.59 1653941.60  11.6%  10.6  815s
 585565 365751 infeasible  494      1870103.59 1653952.35  11.6%  10.6  820s
 589295 368713 1861832.16  631  109 1870103.59 1653958.01  11.6%  10.7  825s
 592778 370950 1862033.58 1122  115 1870103.59 1653967.22  11.6%  10.7  830s
 596912 374372 1845543.67 1259   98 1870103.59 1653974.51  11.6%  10.7  835s
 600650 376967 1855437.87 1174  110 1870103.59 1653978.58  11.6%  10.7  840s
 603907 378598 1869937.90  568   78 1870103.59 1653985.40  11.6%  10.7  845s
 607374 381038 infeasible 1151      1870103.59 1653996.22  11.6%  10.8  850s
 611375 384063 1834115.20  524  100 1870103.59 1654004.04  11.6%  10.8  855s
 615094 386537 infeasible 1218      1870103.59 1654013.16  11.6%  10.8  860s
H618000 388583                    1870103.5672 1654017.33  11.6%  10.8  864s
 618023 388646     cutoff  296      1870103.57 1654020.59  11.6%  10.8  865s
 621187 390765 1822381.02 1227  115 1870103.57 1654029.90  11.6%  10.8  870s
H624675 391087                    1869992.0179 1654033.39  11.5%  10.8  874s
 626212 391648     cutoff 1252      1869992.02 1654033.91  11.5%  10.8  875s
 629140 393262 1860543.52 1255  114 1869992.02 1654043.76  11.5%  10.8  880s
 632966 396274 1828121.06  501   87 1869992.02 1654052.91  11.5%  10.8  885s
 636334 398796 infeasible  616      1869992.02 1654059.21  11.5%  10.9  890s
 639964 401073 1834069.24  308  116 1869992.02 1654071.51  11.5%  10.9  895s
 643460 403379 1821814.58  927  116 1869992.02 1654078.35  11.5%  10.9  900s
 647227 405782 1863545.33  600  119 1869992.02 1654087.72  11.5%  10.9  905s
 650857 408776 1854832.60  749   57 1869992.02 1654092.67  11.5%  10.9  910s
 654738 411415 1869739.46 1293   67 1869992.02 1654099.30  11.5%  10.9  915s
 658634 414591 1825572.86 1339  111 1869992.02 1654111.89  11.5%  11.0  920s
 661896 416662 infeasible 1375      1869992.02 1654117.71  11.5%  11.0  925s
 665458 418324 infeasible 1366      1869992.02 1654131.27  11.5%  11.0  930s
 671071 422365 infeasible  601      1869992.02 1654154.45  11.5%  11.0  935s
 677000 426774 1837985.39  662  109 1869992.02 1654186.35  11.5%  11.0  940s
 682858 431296 1831325.03  617  105 1869992.02 1654205.59  11.5%  11.1  945s
 688842 435930 1869180.28 1517    2 1869992.02 1654218.97  11.5%  11.1  950s
*689731 427083            1929    1869187.1054 1654218.97  11.5%  11.1  950s
 693765 430087 infeasible  419      1869187.11 1654226.22  11.5%  11.1  955s
*699312 418008            3255    1866968.4097 1654227.90  11.4%  11.1  958s
 701716 419339 1853298.92 1205   96 1866968.41 1654229.52  11.4%  11.0  960s
 707706 424017 1845485.75 1186  101 1866968.41 1654231.01  11.4%  11.0  965s
 711654 426534 1840308.10 1053  106 1866968.41 1654231.20  11.4%  11.1  970s
 714742 428584 1864604.20  479  104 1866968.41 1654245.42  11.4%  11.1  975s
 718488 431757 1844085.72 1525  104 1866968.41 1654258.12  11.4%  11.1  980s
 722355 434327 1849768.75  719  118 1866968.41 1654278.06  11.4%  11.1  985s
 726121 437230 1783603.70  896   98 1866968.41 1654294.14  11.4%  11.1  990s
 728981 438338 1855497.57  716  118 1866968.41 1654320.53  11.4%  11.1  995s
 732436 441017 1859616.47  882  101 1866968.41 1654330.46  11.4%  11.1 1000s
 736620 444361 1859770.00  858  105 1866968.41 1654340.63  11.4%  11.1 1005s
 739172 445917 1839351.32  372  118 1866968.41 1654352.53  11.4%  11.1 1010s
 742363 447684 infeasible  497      1866968.41 1654367.98  11.4%  11.1 1015s
 745518 449564 1855634.45  571   65 1866968.41 1654383.48  11.4%  11.2 1020s
 748834 451708 1833148.01  603   80 1866968.41 1654399.05  11.4%  11.2 1025s
 752496 453897 1865832.37  440   77 1866968.41 1654407.68  11.4%  11.2 1030s
 755499 455297 infeasible  647      1866968.41 1654418.61  11.4%  11.2 1035s
 759237 457918 1842835.35  784  100 1866968.41 1654430.02  11.4%  11.2 1040s
 762404 460163 1837430.89  711   80 1866968.41 1654437.44  11.4%  11.2 1045s
 766300 462796 1856129.21  733  117 1866968.41 1654451.65  11.4%  11.3 1050s
 769645 465092 1860467.24  943  117 1866968.41 1654454.74  11.4%  11.3 1055s
 772183 466617 1857596.52  596  108 1866968.41 1654457.16  11.4%  11.3 1060s
 775909 469408 1865287.09 1366  115 1866968.41 1654464.13  11.4%  11.3 1065s
 779069 471374 infeasible  429      1866968.41 1654472.44  11.4%  11.3 1070s
 782609 474221 1853661.67 1122  101 1866968.41 1654478.23  11.4%  11.3 1075s
 785775 475960 1833185.33  742  106 1866968.41 1654489.43  11.4%  11.3 1080s
 789573 478777     cutoff  693      1866968.41 1654497.39  11.4%  11.3 1085s
 792578 480226 infeasible 1026      1866968.41 1654504.90  11.4%  11.3 1090s
 795285 481965 1695160.52  476  118 1866968.41 1654520.18  11.4%  11.3 1095s
 798956 485086     cutoff  508      1866968.41 1654533.42  11.4%  11.3 1100s
 803071 487625 1865014.77  347  122 1866968.41 1654544.73  11.4%  11.3 1105s
 806453 489520 1856896.76  485  115 1866968.41 1654570.90  11.4%  11.3 1110s
 811159 492517 1826219.39  614  117 1866968.41 1654591.98  11.4%  11.3 1115s
 814899 495249 1864587.94  341  113 1866968.41 1654609.46  11.4%  11.3 1120s
 819175 499019 infeasible  653      1866968.41 1654628.62  11.4%  11.3 1125s
 822973 501405 infeasible  310      1866968.41 1654653.70  11.4%  11.3 1131s
 824914 502609 infeasible  829      1866968.41 1654678.50  11.4%  11.3 1135s
 828532 504851 1861615.23  451  117 1866968.41 1654690.63  11.4%  11.3 1140s
 832427 508098 1844085.38  749  118 1866968.41 1654698.11  11.4%  11.3 1145s
 836059 510563 1838426.70 1495   66 1866968.41 1654713.28  11.4%  11.3 1150s
 839449 512857 infeasible  655      1866968.41 1654727.94  11.4%  11.3 1155s
 842577 514953 1863916.33 1036  107 1866968.41 1654734.42  11.4%  11.3 1160s
 845646 516529 infeasible 1053      1866968.41 1654738.06  11.4%  11.4 1165s
 849003 518294 infeasible 1058      1866968.41 1654742.68  11.4%  11.4 1170s
 853362 521668 1839253.41 1046  115 1866968.41 1654744.73  11.4%  11.4 1175s
 857473 523952 1866561.49 1274   50 1866968.41 1654746.23  11.4%  11.4 1180s
 860884 526075 1840458.41  382   85 1866968.41 1654753.93  11.4%  11.4 1185s
 863664 528069 1824286.39 1117  112 1866968.41 1654755.09  11.4%  11.4 1190s
 867715 530792 1859123.50 1432   98 1866968.41 1654756.89  11.4%  11.4 1195s
 870813 532744 1862881.13 1135  117 1866968.41 1654757.58  11.4%  11.4 1200s
 874387 535367 1845174.99 1474  103 1866968.41 1654757.74  11.4%  11.4 1205s
 878212 538070 infeasible 1212      1866968.41 1654759.83  11.4%  11.4 1210s
 882380 540677 infeasible 1218      1866968.41 1654759.97  11.4%  11.4 1215s
 886568 543546 1856409.41 1482  100 1866968.41 1654760.92  11.4%  11.4 1220s
 890532 545690 1866944.26 1238  113 1866968.41 1654761.89  11.4%  11.5 1225s
 895542 549061 1833220.13 1235   72 1866968.41 1654766.42  11.4%  11.5 1230s
 899618 551258 1829807.94 1308  110 1866968.41 1654771.09  11.4%  11.5 1235s
 905107 555020 1848440.51 1669  106 1866968.41 1654776.23  11.4%  11.5 1240s
 910438 558435 infeasible 1327      1866968.41 1654780.37  11.4%  11.5 1245s
 916391 563297 1846115.88 1543  103 1866968.41 1654780.51  11.4%  11.5 1250s
 921745 566867 1846589.09 1462  111 1866968.41 1654782.65  11.4%  11.5 1255s
 926852 570257 1836844.34 1587   97 1866968.41 1654782.86  11.4%  11.5 1260s
 931927 572766 1831823.39 1434  111 1866968.41 1654803.16  11.4%  11.5 1265s
 936423 576162 1859245.19  289  124 1866968.41 1654818.43  11.4%  11.6 1270s
 941718 579408 1857382.35 1550  113 1866968.41 1654834.36  11.4%  11.6 1275s
 946940 582900 1839270.07  388   82 1866968.41 1654855.34  11.4%  11.6 1280s
 950657 585896 1822749.26  361  120 1866968.41 1654885.85  11.4%  11.6 1285s
*952885 555993            1206    1864268.7392 1654885.85  11.2%  11.6 1286s
 954173 556896 1827515.00 1191  110 1864268.74 1654904.87  11.2%  11.6 1290s
 958288 559961 infeasible  187      1864268.74 1654923.09  11.2%  11.6 1295s
H962428 552528                    1863337.6791 1654935.16  11.2%  11.6 1299s
 962586 552452 1856568.04 1384  120 1863337.68 1654936.88  11.2%  11.6 1300s
 965933 554663 1845044.25 1046  105 1863337.68 1654948.30  11.2%  11.6 1305s
 968476 555549 infeasible 1583      1863337.68 1654964.11  11.2%  11.6 1310s
 970388 556376 1863154.90 1450  121 1863337.68 1654970.09  11.2%  11.6 1315s
 973364 557666 1856234.82  786  117 1863337.68 1654986.72  11.2%  11.6 1320s
H975125 558110                    1863337.6777 1654996.22  11.2%  11.6 1323s
 976115 559067 1842800.22 1619  111 1863337.68 1654997.09  11.2%  11.6 1325s
 979650 560918 1862817.05 1278  120 1863337.68 1655015.22  11.2%  11.6 1330s
 983203 563074 1831794.71 1601  112 1863337.68 1655026.65  11.2%  11.7 1335s
 986058 564731 1862361.73  704   59 1863337.68 1655035.71  11.2%  11.7 1340s
 988718 566411 1834379.36 1699  108 1863337.68 1655042.91  11.2%  11.7 1345s
 990945 567186 1831180.64  313   83 1863337.68 1655047.08  11.2%  11.7 1350s
 994535 570259 1858616.74  232  119 1863337.68 1655052.55  11.2%  11.7 1355s
 998405 572657 1842486.76 1719  104 1863337.68 1655069.34  11.2%  11.7 1360s
 1000873 574246 1843835.60 1798  109 1863337.68 1655078.51  11.2%  11.8 1365s
 1004484 575735 1858157.70 1564  112 1863337.68 1655096.19  11.2%  11.8 1370s
 1008299 577912 infeasible  413      1863337.68 1655109.76  11.2%  11.8 1375s
 1011586 579844 infeasible  802      1863337.68 1655126.15  11.2%  11.8 1380s
 1014985 582044 1855919.99  563   98 1863337.68 1655143.52  11.2%  11.8 1385s
*1017201 577698            1208    1862830.9456 1655154.50  11.1%  11.8 1387s
*1017203 577697            1208    1862830.9108 1655154.50  11.1%  11.8 1387s
H1017604 577808                    1862830.6777 1655162.30  11.1%  11.8 1388s
 1018391 578209 1833864.95  437   86 1862830.68 1655168.21  11.1%  11.8 1390s
 1023079 581830 1842277.76  829  117 1862830.68 1655192.62  11.1%  11.8 1395s
 1026932 583895 1860642.54  421  112 1862830.68 1655211.04  11.1%  11.8 1400s
*1031220 585595            2743    1862812.2209 1655222.22  11.1%  11.8 1402s
*1031223 585588            2745    1862811.8420 1655222.22  11.1%  11.8 1402s
H1032981 587325                    1862811.4147 1655224.30  11.1%  11.8 1404s
 1033879 587755 1854001.56 1732  111 1862811.41 1655232.20  11.1%  11.8 1405s
 1037760 590312 1851551.90 1707  108 1862811.41 1655248.31  11.1%  11.8 1410s
 1041030 592239 1825810.92  831  117 1862811.41 1655273.28  11.1%  11.8 1415s
 1044213 594447 1831243.67  861  110 1862811.41 1655289.82  11.1%  11.8 1420s
 1047465 596387 1844831.23 1515  109 1862811.41 1655291.17  11.1%  11.8 1425s
 1050731 598103 1823341.29  884  117 1862811.41 1655299.45  11.1%  11.9 1430s
 1053845 599941 infeasible 1429      1862811.41 1655313.80  11.1%  11.9 1435s
 1057920 602678 1843385.98 1556  110 1862811.41 1655329.41  11.1%  11.9 1440s
 1061339 604830 1851590.27 1626  104 1862811.41 1655333.76  11.1%  11.9 1445s
 1064484 606712 1844690.62 1454  110 1862811.41 1655339.30  11.1%  11.9 1450s
H1065654 591297                    1861567.8879 1655339.30  11.1%  11.9 1451s
H1065945 585424                    1861075.6853 1655339.30  11.1%  11.9 1451s
H1066141 578279                    1860526.4283 1655339.30  11.0%  11.9 1452s
H1067223 576355                    1860385.1333 1655341.36  11.0%  11.9 1453s
H1067285 576439                    1860384.8944 1655343.00  11.0%  11.9 1453s
H1068070 575836                    1860287.6331 1655343.00  11.0%  11.9 1454s
H1068501 571654                    1859956.0816 1655344.95  11.0%  11.9 1455s
 1071233 572980 1851423.05 1488  116 1859956.08 1655350.25  11.0%  11.9 1460s
 1074291 575289 1856653.17 1734  106 1859956.08 1655355.11  11.0%  11.9 1465s
H1077384 571127                    1859584.0494 1655359.82  11.0%  11.9 1469s
 1077443 571263 infeasible 1516      1859584.05 1655360.17  11.0%  11.9 1470s
 1081987 574243 infeasible 1116      1859584.05 1655369.86  11.0%  11.9 1475s
 1086724 576360 1859240.01 1543   67 1859584.05 1655377.32  11.0%  12.0 1480s
 1091914 579910 1838103.28 1678  107 1859584.05 1655386.51  11.0%  12.0 1485s
 1097117 583446 1841822.36  470  117 1859584.05 1655415.15  11.0%  12.0 1490s
 1103190 587645 1850549.41  929  112 1859584.05 1655439.89  11.0%  12.0 1495s
 1108836 591003 1848255.90  714  114 1859584.05 1655462.97  11.0%  12.0 1500s
H1112017 592884                    1859584.0409 1655477.50  11.0%  12.0 1504s
 1112151 592884     cutoff 1582      1859584.04 1655477.50  11.0%  12.0 1505s
H1112181 590991                    1859504.3364 1655477.50  11.0%  12.0 1505s
H1115086 588812                    1859207.1311 1655481.09  11.0%  12.0 1510s
H1116815 589350                    1859206.8898 1655484.82  11.0%  12.0 1512s
 1119315 590855 1824587.65 1664  113 1859206.89 1655489.48  11.0%  12.0 1515s
 1125117 593812 1816332.28 1048  125 1859206.89 1655502.21  11.0%  12.0 1520s
 1130506 596504 infeasible 1638      1859206.89 1655515.11  11.0%  12.0 1525s
 1136333 600262 infeasible 1679      1859206.89 1655524.80  11.0%  12.0 1530s
 1142135 604073 1851212.06 1660  101 1859206.89 1655536.22  11.0%  12.0 1535s
 1148269 607997 1856389.79  975  102 1859206.89 1655550.94  11.0%  12.0 1540s
 1153579 610623 1858716.13  737  122 1859206.89 1655569.88  11.0%  12.0 1545s
 1158522 613827 1838059.87 1004  100 1859206.89 1655585.52  11.0%  12.0 1550s
 1164798 618260 1843450.93  842  110 1859206.89 1655602.59  11.0%  12.0 1555s
 1170991 622283 1859193.94  243  124 1859206.89 1655626.86  10.9%  12.0 1560s
 1176871 626445 1858005.82  468   80 1859206.89 1655649.65  10.9%  12.0 1565s
*1182077 628386             798    1859130.9877 1655671.43  10.9%  12.0 1569s
 1182236 628374 1835334.19  799  106 1859130.99 1655671.43  10.9%  12.0 1570s
 1187903 632303 1848499.57  581  118 1859130.99 1655700.80  10.9%  12.0 1575s
 1193261 635753 1836198.38  743  112 1859130.99 1655730.69  10.9%  12.1 1580s
 1199105 639650 1840291.31  255  125 1859130.99 1655762.70  10.9%  12.1 1585s
 1204984 643440 1851721.99 1383   98 1859130.99 1655806.45  10.9%  12.1 1590s
 1210217 646376 infeasible 1278      1859130.99 1655858.13  10.9%  12.1 1595s
 1214850 649389 infeasible 1285      1859130.99 1655905.80  10.9%  12.1 1600s
 1218916 652445 1851156.74  395   82 1859130.99 1655941.77  10.9%  12.1 1605s
 1224000 655677 1848253.43  832  119 1859130.99 1655972.99  10.9%  12.1 1610s
 1230348 660500 1858915.82 1088  106 1859130.99 1656002.78  10.9%  12.0 1615s
 1236258 664233 1834201.14  975  114 1859130.99 1656022.55  10.9%  12.1 1620s
 1242036 668222 1850879.50 1007  119 1859130.99 1656043.83  10.9%  12.1 1625s
 1248957 673050 1839664.07 1098  112 1859130.99 1656064.40  10.9%  12.0 1630s
 1254636 676082 infeasible 1050      1859130.99 1656084.45  10.9%  12.1 1635s
 1260776 680351 1828952.05 1139  109 1859130.99 1656094.66  10.9%  12.1 1640s
 1266166 683241 infeasible 1052      1859130.99 1656104.64  10.9%  12.1 1645s
 1271602 686220 1848762.87 1828  104 1859130.99 1656111.60  10.9%  12.1 1650s
 1277332 689955 1845097.73 1056  119 1859130.99 1656122.23  10.9%  12.1 1655s
 1282690 692533 1835112.56 1077  113 1859130.99 1656139.28  10.9%  12.1 1660s
 1289112 696501 1817981.07  590  119 1859130.99 1656174.61  10.9%  12.1 1665s
 1294556 699660 1838819.35 1183  111 1859130.99 1656195.54  10.9%  12.1 1670s
 1300584 703205 1824082.26 1137  117 1859130.99 1656222.83  10.9%  12.1 1675s
 1305666 706465 1833797.16 1225  111 1859130.99 1656234.96  10.9%  12.1 1680s
 1312251 710596 1837626.50 1172  115 1859130.99 1656249.76  10.9%  12.1 1685s
 1318362 714370 1854831.96 1202  117 1859130.99 1656268.73  10.9%  12.1 1690s
 1324903 718494 infeasible 1471      1859130.99 1656293.65  10.9%  12.1 1695s
 1331517 722966 infeasible 1465      1859130.99 1656311.15  10.9%  12.1 1700s
 1336610 725927 infeasible  707      1859130.99 1656331.57  10.9%  12.1 1705s
 1340841 728827 infeasible  447      1859130.99 1656343.92  10.9%  12.1 1710s
 1345226 731732 1857774.48 1302  118 1859130.99 1656360.91  10.9%  12.1 1715s
 1348459 733817 infeasible 1298      1859130.99 1656368.98  10.9%  12.1 1720s
 1352431 736406 1831028.38  511   71 1859130.99 1656386.59  10.9%  12.1 1725s
 1356456 739499 1837445.81  850  102 1859130.99 1656424.35  10.9%  12.1 1730s
 1360975 742006 1816395.04  925  125 1859130.99 1656437.78  10.9%  12.1 1735s
 1365342 744413 1852946.24 1044  118 1859130.99 1656446.17  10.9%  12.1 1740s
 1369100 746502 infeasible  648      1859130.99 1656481.49  10.9%  12.1 1745s
 1373124 748956 infeasible  703      1859130.99 1656499.54  10.9%  12.1 1750s
 1376912 751909 1849468.72  900  119 1859130.99 1656502.65  10.9%  12.1 1755s
 1381243 755253 1823915.66 1007  112 1859130.99 1656510.62  10.9%  12.1 1760s
H1384215 757364                    1859130.8976 1656513.20  10.9%  12.1 1763s
 1385217 758098     cutoff 1183      1859130.90 1656513.21  10.9%  12.1 1765s
 1387959 759752 1847230.44  881  119 1859130.90 1656516.81  10.9%  12.1 1770s
 1392046 762595 1839618.70  841   79 1859130.90 1656519.52  10.9%  12.1 1775s
 1398028 766906 1837847.30 1109  100 1859130.90 1656538.10  10.9%  12.1 1780s
 1403309 770727 1833208.69 1548  110 1859130.90 1656577.46  10.9%  12.1 1785s
H1403495 707389                    1854977.6340 1656577.46  10.7%  12.1 1785s
 1407675 709691 infeasible  514      1854977.63 1656604.28  10.7%  12.1 1790s
 1412205 712233 1854864.50  690   87 1854977.63 1656628.93  10.7%  12.1 1795s
 1416993 715373 infeasible  960      1854977.63 1656647.42  10.7%  12.1 1800s
 1421299 717794 1822606.55 1323  120 1854977.63 1656690.25  10.7%  12.1 1805s
 1425872 720501 infeasible  788      1854977.63 1656729.97  10.7%  12.1 1810s
 1431538 723796 1853922.93  723  125 1854977.63 1656788.57  10.7%  12.1 1815s
 1437644 727480 1848825.62 1044  110 1854977.63 1656818.92  10.7%  12.1 1820s
 1442209 729997 infeasible 1127      1854977.63 1656858.86  10.7%  12.2 1825s
 1446606 732665 1837750.00 1252  108 1854977.63 1656863.99  10.7%  12.2 1830s
 1451533 735209 infeasible  917      1854977.63 1656880.99  10.7%  12.2 1835s
H1452981 735764                    1854977.5929 1656884.32  10.7%  12.2 1836s
 1456572 737963 1837545.91 1117   82 1854977.59 1656888.77  10.7%  12.2 1840s
 1460879 740433 1833527.05  884  112 1854977.59 1656905.45  10.7%  12.2 1845s
 1466215 743507     cutoff 1177      1854977.59 1656934.49  10.7%  12.2 1850s
 1472759 747995 infeasible 1387      1854977.59 1656937.29  10.7%  12.2 1855s
 1476808 750345 infeasible 1401      1854977.59 1656941.08  10.7%  12.2 1860s
 1480795 753061 1820255.95 1277  120 1854977.59 1656950.96  10.7%  12.2 1865s
 1484966 755481 1842834.12 1383  112 1854977.59 1656953.19  10.7%  12.2 1870s
 1489030 758138 infeasible 1126      1854977.59 1656961.85  10.7%  12.2 1875s
 1494611 761077 1825737.63  118  125 1854977.59 1656978.59  10.7%  12.2 1880s
 1501096 765787 1842793.84 1879   98 1854977.59 1657022.17  10.7%  12.2 1885s
 1505302 768023 1838608.02 1320  122 1854977.59 1657022.51  10.7%  12.2 1890s
 1509427 770432 1832449.53 1420  110 1854977.59 1657028.47  10.7%  12.2 1895s
 1514788 773369 infeasible  518      1854977.59 1657034.24  10.7%  12.2 1900s
 1520110 775802 1845201.44  153  126 1854977.59 1657044.89  10.7%  12.2 1905s
 1526059 779601 infeasible 1368      1854977.59 1657071.93  10.7%  12.2 1910s
 1530733 782599 infeasible 1065      1854977.59 1657092.15  10.7%  12.2 1915s
 1534873 785068 1848707.42 1421  114 1854977.59 1657104.20  10.7%  12.2 1920s
 1540564 787664 infeasible 1330      1854977.59 1657114.31  10.7%  12.3 1925s
 1546426 790803 1842097.88  951  121 1854977.59 1657144.40  10.7%  12.3 1930s
 1551737 793763 1842378.03 1106   82 1854977.59 1657168.58  10.7%  12.3 1935s
 1556294 795920 infeasible 1421      1854977.59 1657182.42  10.7%  12.3 1940s
 1561944 798972 infeasible  986      1854977.59 1657202.65  10.7%  12.3 1945s
 1567057 801547 1827275.17  352  110 1854977.59 1657242.47  10.7%  12.3 1950s
 1572549 805097 1847419.55 1500  111 1854977.59 1657270.86  10.7%  12.3 1955s
 1578715 808556 1841206.37 1550  110 1854977.59 1657317.90  10.7%  12.3 1960s
 1584295 811075 1829700.14 1557  107 1854977.59 1657349.41  10.7%  12.3 1965s
 1589993 813870 infeasible 1407      1854977.59 1657381.12  10.7%  12.4 1970s
 1594306 815293 infeasible 1580      1854977.59 1657408.83  10.7%  12.4 1975s
 1598293 817673 1836055.92 1656  108 1854977.59 1657429.30  10.6%  12.4 1980s
 1602494 819694 1828530.89 1595  112 1854977.59 1657458.30  10.6%  12.4 1985s
 1608321 822359 1854447.52 1682  111 1854977.59 1657494.15  10.6%  12.4 1990s
 1614036 825416     cutoff  132      1854977.59 1657574.12  10.6%  12.4 1995s
 1619011 827699 1836975.90 1668  113 1854977.59 1657613.57  10.6%  12.4 2000s
 1624679 830884 1832650.16 1464  111 1854977.59 1657657.37  10.6%  12.5 2005s
 1630503 833845 1841760.48 1444  114 1854977.59 1657689.61  10.6%  12.5 2010s
 1635376 836213 1844887.21 1515  110 1854977.59 1657751.29  10.6%  12.5 2015s
 1640482 838204     cutoff 1011      1854977.59 1657771.61  10.6%  12.5 2020s
 1645424 841300 infeasible 1566      1854977.59 1657776.36  10.6%  12.5 2025s
 1650666 843826 infeasible 1583      1854977.59 1657805.00  10.6%  12.5 2030s
 1656175 846986 1848515.78 1170  117 1854977.59 1657835.54  10.6%  12.5 2035s
 1661068 849944 infeasible 1229      1854977.59 1657854.48  10.6%  12.5 2040s
 1666681 853150 infeasible 1294      1854977.59 1657868.69  10.6%  12.5 2045s
 1672141 855885 infeasible 1661      1854977.59 1657904.36  10.6%  12.5 2050s
 1677574 858213 1846627.86 1710  118 1854977.59 1657919.02  10.6%  12.6 2055s
 1682503 860584 infeasible 1738      1854977.59 1657921.48  10.6%  12.6 2060s
 1687580 862376 1836844.43 1714  110 1854977.59 1657980.13  10.6%  12.6 2065s
 1693016 865568 1849123.56 1170   83 1854977.59 1657986.20  10.6%  12.6 2070s
 1697361 867826 1844582.99 1293   78 1854977.59 1657992.33  10.6%  12.6 2075s
 1702821 871104 1853978.89 1293  114 1854977.59 1657997.22  10.6%  12.6 2080s
 1707887 873498 1830904.82 1579  112 1854977.59 1658035.54  10.6%  12.6 2085s
 1713105 876024 1836123.56  540   90 1854977.59 1658131.59  10.6%  12.6 2090s
 1718499 878908 infeasible 1444      1854977.59 1658231.96  10.6%  12.6 2095s
 1723892 881988 1838156.83 1742  110 1854977.59 1658311.92  10.6%  12.7 2100s
 1729164 883991 1853665.19 1012   80 1854977.59 1658374.76  10.6%  12.7 2105s
 1734106 886632     cutoff 1790      1854977.59 1658419.05  10.6%  12.7 2110s
 1738927 888633     cutoff 1769      1854977.59 1658491.32  10.6%  12.7 2115s
 1744048 890530 infeasible 1762      1854977.59 1658561.86  10.6%  12.7 2120s
 1748988 892168 infeasible 1240      1854977.59 1658603.30  10.6%  12.7 2125s
 1754615 894544 1848265.28 1816  115 1854977.59 1658624.33  10.6%  12.7 2130s
 1758567 895833 1844881.94 1750  116 1854977.59 1658639.99  10.6%  12.7 2135s
 1764050 898498 infeasible  559      1854977.59 1658695.78  10.6%  12.8 2140s
 1769789 901662 1853800.24 1771  112 1854977.59 1658745.23  10.6%  12.8 2145s
 1775124 904213 1707555.95 1818  110 1854977.59 1658799.79  10.6%  12.8 2150s
 1780211 906306 1848275.83 1871  111 1854977.59 1658848.34  10.6%  12.8 2155s
 1785226 908839 1830234.66 1804  111 1854977.59 1658886.69  10.6%  12.8 2160s
 1790390 911414 infeasible 1818      1854977.59 1658943.08  10.6%  12.8 2165s
 1796078 914377 1845749.29 1866  114 1854977.59 1659008.07  10.6%  12.8 2170s
 1801603 916825 1841959.50 1686  117 1854977.59 1659124.35  10.6%  12.8 2175s
 1806867 919292 infeasible 1726      1854977.59 1659300.23  10.5%  12.8 2180s
 1812722 923022 1848497.92  619   89 1854977.59 1659470.64  10.5%  12.8 2185s
 1817164 925505 1842278.14 1755  109 1854977.59 1659551.47  10.5%  12.8 2190s
 1821932 927219 1854293.05  754  111 1854977.59 1659717.68  10.5%  12.8 2195s
 1826996 929254 infeasible 1380      1854977.59 1659850.91  10.5%  12.8 2200s
 1831625 931231 infeasible 1195      1854977.59 1659920.99  10.5%  12.8 2205s
 1835412 932771 1854519.48 1342   78 1854977.59 1659960.28  10.5%  12.8 2210s
 1840154 934967 1843336.81 1147   81 1854977.59 1659981.01  10.5%  12.8 2215s
 1845259 937480     cutoff 1864      1854977.59 1660241.97  10.5%  12.8 2220s
 1850406 940057 1831010.12 1365  111 1854977.59 1660646.10  10.5%  12.8 2225s
 1854812 941956 1842165.15 1417   84 1854977.59 1660912.06  10.5%  12.8 2230s
 1859977 944130 infeasible 1546      1854977.59 1661086.23  10.5%  12.8 2235s
 1864739 946230 1850522.60 1571   78 1854977.59 1661139.35  10.4%  12.8 2240s
*1870309 949268            2247    1854959.7821 1661440.86  10.4%  12.8 2244s
 1870657 949480 1847691.06 1735   69 1854959.78 1661469.04  10.4%  12.8 2245s
 1875147 950917 1847925.35 1413   81 1854959.78 1662084.96  10.4%  12.8 2250s
 1879388 952793 1853915.15  684   86 1854959.78 1662822.92  10.4%  12.8 2255s
H1883149 954861                    1854959.7780 1663525.85  10.3%  12.8 2258s
 1883867 955669 1854676.05  363  109 1854959.78 1663525.85  10.3%  12.8 2260s
 1889107 958447 infeasible  425      1854959.78 1664790.06  10.3%  12.8 2265s
 1894453 960937 1838602.59 1007   84 1854959.78 1667109.76  10.1%  12.8 2270s
 1900087 964316 infeasible  789      1854959.78 1668894.87  10.0%  12.8 2275s
 1905705 967013 1848189.19  748  107 1854959.78 1670105.89  10.0%  12.8 2280s
 1909511 968325 1847864.65  487  120 1854959.78 1677138.84  9.59%  12.8 2285s
 1913679 970435 1849596.43 1210   68 1854959.78 1678893.10  9.49%  12.8 2290s
 1918546 972377 1837472.72 1312   84 1854959.78 1679121.85  9.48%  12.7 2295s
 1923736 975033 infeasible 1104      1854959.78 1680620.86  9.40%  12.7 2300s
 1928027 976675 1841915.82 1180   75 1854959.78 1680770.45  9.39%  12.7 2305s
 1932450 978401 infeasible 1095      1854959.78 1681074.10  9.37%  12.7 2310s
 1938630 981426 infeasible 1329      1854959.78 1681076.14  9.37%  12.7 2315s
 1943080 983147 1853617.88 1329   48 1854959.78 1681077.33  9.37%  12.7 2320s
 1948634 986158     cutoff 1132      1854959.78 1681151.76  9.37%  12.7 2325s
 1953977 988369 1842431.24 1593   81 1854959.78 1681529.10  9.35%  12.6 2330s
 1958866 990177 1850164.83  960   81 1854959.78 1681659.68  9.34%  12.6 2335s
 1963808 991564 infeasible 1591      1854959.78 1682051.68  9.32%  12.6 2340s
 1969348 994021 1845045.35  629   82 1854959.78 1682324.48  9.31%  12.6 2345s
H1970363 994407                    1854959.7421 1682440.20  9.30%  12.6 2346s
 1974005 996114 infeasible  751      1854959.74 1682695.43  9.29%  12.6 2350s
 1979349 998863 1849055.14  651   77 1854959.74 1683334.33  9.25%  12.6 2355s
 1984769 1001823 1840940.25  363   79 1854959.74 1684130.44  9.21%  12.6 2360s
 1990040 1004359 1847249.10  294   88 1854959.74 1685139.61  9.15%  12.6 2365s
 1995657 1006878 infeasible  452      1854959.74 1687097.11  9.05%  12.5 2370s
 2000705 1008692 1846487.45 1533   78 1854959.74 1690134.65  8.89%  12.5 2375s
 2004973 1010224 infeasible  286      1854959.74 1690648.86  8.86%  12.5 2380s
 2008890 1011354 1853566.68  711   89 1854959.74 1698357.25  8.44%  12.5 2385s
 2013398 1011980 1841504.93 1009   85 1854959.74 1699445.55  8.38%  12.5 2390s
 2017510 1012707 1842154.09  245   80 1854959.74 1700158.00  8.35%  12.5 2395s
H2021629 1013111                    1854959.6574 1700729.30  8.31%  12.5 2399s
 2021824 1013113 1842376.72 1146   80 1854959.66 1700729.30  8.31%  12.5 2400s
 2025733 1013790 1852565.77  874   76 1854959.66 1700837.30  8.31%  12.5 2405s
 2030360 1014186     cutoff  700      1854959.66 1701726.36  8.26%  12.5 2410s
 2034720 1015303 1850752.16 1371   82 1854959.66 1702222.55  8.23%  12.5 2415s
 2039329 1016927 infeasible  124      1854959.66 1704555.84  8.11%  12.5 2420s
 2044224 1020071     cutoff  184      1854959.66 1705720.28  8.05%  12.5 2425s
 2050415 1024036 1812645.78  161  109 1854959.66 1706552.54  8.00%  12.5 2430s
 2055858 1027436 infeasible 1588      1854959.66 1708239.31  7.91%  12.5 2435s
 2060687 1029846 infeasible  385      1854959.66 1713352.76  7.63%  12.5 2440s
 2066650 1033748 1760024.62  173  118 1854959.66 1719156.12  7.32%  12.5 2445s
 2072305 1036957 1833279.13  560   97 1854959.66 1721752.36  7.18%  12.5 2450s
 2078042 1040690 1735961.43  365  113 1854959.66 1722406.28  7.15%  12.5 2455s
 2083589 1043400 1845502.07  738  120 1854959.66 1722714.04  7.13%  12.5 2460s
 2088979 1046032 1852609.46  819  123 1854959.66 1723143.76  7.11%  12.5 2465s
 2093708 1048596 1734058.70  974  123 1854959.66 1723478.12  7.09%  12.5 2470s
 2098996 1050886 1737567.88 1065  111 1854959.66 1723824.57  7.07%  12.5 2475s
Created node file directory '/home/ps12398/experiment_epec/goalProgrammingMarcos//grbnodes0'
 2100531 1051691 1838892.09  960  113 1854959.66 1723880.75  7.07%  12.5 2480s
 2105448 1053667 1733558.54  192  119 1854959.66 1723985.48  7.06%  12.6 2485s
 2111850 1057242 1838466.84  955  123 1854959.66 1723999.16  7.06%  12.6 2490s
 2116741 1059336 1821896.58 1066   99 1854959.66 1724064.67  7.06%  12.6 2495s
 2121954 1061564 infeasible  780      1854959.66 1724190.32  7.05%  12.6 2500s
 2123568 1062950 1832120.30 1096  107 1854959.66 1724190.64  7.05%  12.6 2505s
 2128910 1066314 1838012.24 1109  113 1854959.66 1724192.82  7.05%  12.6 2510s
 2134133 1068553 infeasible  961      1854959.66 1724276.82  7.05%  12.6 2515s
 2139141 1070262 1751061.93  750  119 1854959.66 1724368.00  7.04%  12.6 2520s
 2144346 1072872 infeasible 1060      1854959.66 1724387.75  7.04%  12.7 2525s
 2146396 1073898 1739103.12 1003  108 1854959.66 1724443.91  7.04%  12.7 2531s
 2150328 1075447 1852099.39  189   73 1854959.66 1724511.59  7.03%  12.7 2535s
 2154737 1077846 infeasible 1000      1854959.66 1724582.92  7.03%  12.7 2540s
 2160331 1080246 1733151.52  730  121 1854959.66 1724646.63  7.03%  12.7 2545s
 2165814 1083614 infeasible  916      1854959.66 1724669.80  7.02%  12.7 2550s
 2170449 1085541 1838832.20  931  112 1854959.66 1724682.85  7.02%  12.7 2558s
 2171972 1086216 1733077.72  825  116 1854959.66 1724694.36  7.02%  12.7 2560s
 2177643 1088578 1846196.21  725  121 1854959.66 1724709.86  7.02%  12.8 2565s
 2182009 1090137 infeasible  853      1854959.66 1724750.69  7.02%  12.8 2570s
 2186401 1091968 1829994.11 1164  114 1854959.66 1724765.34  7.02%  12.8 2575s
 2193203 1095693 1745499.92  995  112 1854959.66 1724804.29  7.02%  12.8 2580s
 2194781 1096732 1837067.08  784  117 1854959.66 1724807.84  7.02%  12.8 2585s
 2199563 1098385 1840099.47  170  110 1854959.66 1724856.60  7.01%  12.8 2590s
 2204965 1100725 1809989.63 1131  104 1854959.66 1724890.04  7.01%  12.8 2595s
 2210740 1103449 1735823.83 1198  116 1854959.66 1724902.19  7.01%  12.8 2600s
 2216243 1105466 1843928.64 1060  112 1854959.66 1724928.38  7.01%  12.9 2605s
 2221532 1107979 1843245.58 1045  122 1854959.66 1724983.87  7.01%  12.9 2610s
 2224623 1109514 1852009.23 1015  118 1854959.66 1724999.20  7.01%  12.9 2617s
 2227681 1110533 infeasible  491      1854959.66 1725035.73  7.00%  12.9 2620s
 2233304 1113662 1795486.95  810  103 1854959.66 1725050.04  7.00%  12.9 2625s
 2238440 1115896 infeasible  995      1854959.66 1725078.54  7.00%  12.9 2630s
 2243782 1118692 infeasible 1062      1854959.66 1725109.90  7.00%  13.0 2635s
 2245400 1119828 1734687.43  982  120 1854959.66 1725112.99  7.00%  13.0 2640s
 2250416 1122542 1843055.50 1113  105 1854959.66 1725117.42  7.00%  13.0 2645s
 2254646 1124036 infeasible  987      1854959.66 1725129.14  7.00%  13.0 2650s
 2260242 1126621 1847385.91 1063  106 1854959.66 1725148.51  7.00%  13.0 2655s
 2265389 1129564 1842849.90 1262  107 1854959.66 1725176.16  7.00%  13.0 2660s
 2268253 1131128 1736327.39  959  122 1854959.66 1725188.02  7.00%  13.0 2666s
 2272557 1133401 1851049.57  809   85 1854959.66 1725192.82  7.00%  13.0 2670s
 2277432 1134840 infeasible  887      1854959.66 1725205.62  6.99%  13.0 2675s
 2282637 1137265 1845702.27  918  118 1854959.66 1725220.08  6.99%  13.0 2680s
 2286598 1138978 1849386.52 1013   80 1854959.66 1725234.36  6.99%  13.0 2685s
 2289302 1140439 1747305.32  850  114 1854959.66 1725244.78  6.99%  13.0 2691s
 2292634 1141531 infeasible  998      1854959.66 1725255.45  6.99%  13.1 2695s
 2297440 1143871 1847449.23 1051  110 1854959.66 1725279.74  6.99%  13.1 2700s
 2303754 1147200 infeasible 1353      1854959.66 1725300.70  6.99%  13.1 2705s
 2308151 1149946 1851021.54  916  119 1854959.66 1725304.30  6.99%  13.1 2712s
 2310262 1150539 infeasible  987      1854959.66 1725304.76  6.99%  13.1 2715s
 2315527 1152653 1842052.41  906  121 1854959.66 1725318.84  6.99%  13.1 2720s
 2320644 1154731 infeasible  752      1854959.66 1725340.74  6.99%  13.1 2725s
 2326111 1157960 1813998.34  634   92 1854959.66 1725349.79  6.99%  13.1 2730s
H2330993 1160456                    1854959.6441 1725368.84  6.99%  13.2 2734s
 2331107 1160456     cutoff 1006      1854959.64 1725368.84  6.99%  13.2 2735s
 2335137 1161836 1737744.11  670  118 1854959.64 1725377.66  6.99%  13.2 2740s
 2336682 1162697     cutoff  976      1854959.64 1725378.85  6.99%  13.2 2745s
 2342588 1165627 infeasible 1021      1854959.64 1725404.33  6.98%  13.2 2750s
 2347168 1166759 infeasible  161      1854959.64 1725415.12  6.98%  13.2 2755s
 2352481 1169695 infeasible 1056      1854959.64 1725430.35  6.98%  13.2 2760s
 2357318 1171523 infeasible  716      1854959.64 1725461.22  6.98%  13.3 2765s
 2360839 1173065 infeasible 1222      1854959.64 1725485.03  6.98%  13.3 2772s
 2363540 1174693 1846016.42  951  115 1854959.64 1725486.65  6.98%  13.3 2775s
 2369217 1177227     cutoff  732      1854959.64 1725520.61  6.98%  13.3 2780s
 2374328 1179095 1852731.39 1002  115 1854959.64 1725540.08  6.98%  13.3 2785s
 2380156 1182004 infeasible 1057      1854959.64 1725558.88  6.98%  13.3 2790s
 2383183 1183492 1824138.04  192  112 1854959.64 1725573.11  6.98%  13.3 2796s
 2386838 1184535 1844058.75  981  118 1854959.64 1725597.88  6.97%  13.3 2800s
 2391757 1186745 infeasible 1024      1854959.64 1725623.26  6.97%  13.3 2805s
 2396209 1188531 infeasible  988      1854959.64 1725647.23  6.97%  13.3 2810s
 2401512 1191198 1854481.02  530   83 1854959.64 1725672.30  6.97%  13.3 2815s
 2407185 1194104 1815710.40 1062  102 1854959.64 1725690.29  6.97%  13.3 2820s
 2409754 1194792 1823958.86 1064  102 1854959.64 1725702.50  6.97%  13.4 2826s
 2413428 1195982 infeasible 1027      1854959.64 1725719.24  6.97%  13.4 2830s
 2418662 1198579 1734843.22  892  116 1854959.64 1725751.12  6.97%  13.4 2835s
 2423772 1200730 1853498.43 1070  118 1854959.64 1725765.50  6.96%  13.4 2840s
 2429396 1203735 1846084.08 1069  101 1854959.64 1725771.05  6.96%  13.4 2845s
 2430903 1204528 infeasible  955      1854959.64 1725771.71  6.96%  13.4 2850s
 2435397 1206997 1774557.47  525  106 1854959.64 1725773.64  6.96%  13.4 2855s
 2440809 1210012 infeasible 1009      1854959.64 1725784.66  6.96%  13.4 2860s
 2445847 1212393 1851602.36 1015  119 1854959.64 1725791.90  6.96%  13.4 2865s
 2450007 1214685 infeasible  977      1854959.64 1725796.68  6.96%  13.4 2872s
 2453056 1216484 infeasible  345      1854959.64 1725800.44  6.96%  13.4 2875s
 2457848 1218315 1756487.95 1028  104 1854959.64 1725814.73  6.96%  13.5 2880s
 2462988 1220906 infeasible 1068      1854959.64 1725830.13  6.96%  13.5 2885s
 2468476 1223698 1791954.21  547  105 1854959.64 1725848.25  6.96%  13.5 2890s
 2470088 1224966 1795276.49  952  101 1854959.64 1725848.25  6.96%  13.5 2895s
 2474842 1227253 1842705.11 1074  117 1854959.64 1725854.14  6.96%  13.5 2900s
 2480235 1229267 1846679.00  965  114 1854959.64 1725871.54  6.96%  13.5 2905s
 2485645 1231874 1747284.43  936  116 1854959.64 1725883.37  6.96%  13.5 2910s
 2490428 1233645 1847503.80  280  120 1854959.64 1725892.66  6.96%  13.5 2915s
 2493038 1234607 infeasible 1092      1854959.64 1725909.98  6.96%  13.5 2921s
 2496824 1236364 1845472.64 1161  102 1854959.64 1725919.55  6.96%  13.5 2925s
 2501758 1238154 1829401.93  184  110 1854959.64 1725925.31  6.96%  13.6 2930s
 2506525 1240098 1765622.06  323  122 1854959.64 1725945.07  6.96%  13.6 2935s
 2510994 1241918 1842932.05  905  116 1854959.64 1725954.67  6.95%  13.6 2940s
 2515780 1244168 infeasible 1055      1854959.64 1725964.41  6.95%  13.6 2948s
 2518041 1245880 1736126.23  253  115 1854959.64 1725965.92  6.95%  13.6 2950s
 2524718 1249927 1737765.23  258  115 1854959.64 1725969.55  6.95%  13.6 2955s
 2530103 1252260 1738362.16  627  103 1854959.64 1725972.33  6.95%  13.6 2960s
 2532262 1253929 1809380.25 1160  100 1854959.64 1725973.29  6.95%  13.6 2965s
 2537161 1255674 1853670.04 1070  116 1854959.64 1725977.36  6.95%  13.6 2970s
 2542417 1257828 1846463.90  369  101 1854959.64 1725984.18  6.95%  13.6 2975s
 2547321 1259454 1779737.99 1270  108 1854959.64 1725993.75  6.95%  13.7 2980s
 2551775 1261821 1853383.12 1102  111 1854959.64 1726006.22  6.95%  13.7 2985s
 2555419 1263998 1841934.79  920  111 1854959.64 1726014.38  6.95%  13.7 2992s
 2558635 1265328 1850777.82 1016  121 1854959.64 1726026.96  6.95%  13.7 2995s
 2564130 1267586 1842924.96 1159  121 1854959.64 1726038.11  6.95%  13.7 3000s
 2569879 1270889     cutoff 1194      1854959.64 1726044.96  6.95%  13.7 3005s
 2575562 1274033 1788680.20  988   95 1854959.64 1726052.22  6.95%  13.7 3013s
 2577158 1274864 1734046.62  970  120 1854959.64 1726055.99  6.95%  13.7 3015s
 2581510 1276847 infeasible  758      1854959.64 1726062.08  6.95%  13.7 3020s
 2586919 1278997 infeasible 1086      1854959.64 1726073.75  6.95%  13.7 3025s
 2591902 1281528 1840597.70  379  103 1854959.64 1726080.46  6.95%  13.7 3030s
 2593558 1282866 1837120.91  793  106 1854959.64 1726080.57  6.95%  13.7 3035s
 2598496 1284394 1832047.66  824  100 1854959.64 1726092.63  6.95%  13.7 3040s
 2603271 1286793 infeasible  401      1854959.64 1726107.21  6.95%  13.8 3045s
 2608750 1289653 infeasible 1389      1854959.64 1726112.59  6.95%  13.8 3050s
 2613244 1292198 infeasible 1205      1854959.64 1726120.22  6.95%  13.8 3057s
 2615771 1293677 1753714.40  467  102 1854959.64 1726123.04  6.95%  13.8 3060s
 2621332 1296572 1780953.65  952  108 1854959.64 1726129.50  6.95%  13.8 3065s
 2626099 1298444 1851063.18  961  117 1854959.64 1726142.43  6.94%  13.8 3070s
 2631140 1300409 1832558.11  979  101 1854959.64 1726159.52  6.94%  13.8 3075s
 2633144 1302051 1775614.28  773  106 1854959.64 1726165.28  6.94%  13.8 3080s
 2638766 1305047 1804143.77  991  109 1854959.64 1726179.20  6.94%  13.8 3085s
 2643770 1306871 1742505.80  541  124 1854959.64 1726188.66  6.94%  13.8 3090s
 2648319 1308642 1853605.65 1111  113 1854959.64 1726196.56  6.94%  13.9 3095s
 2652971 1309887 infeasible  934      1854959.64 1726214.70  6.94%  13.9 3100s
 2655312 1311279 1759335.73  819  118 1854959.64 1726219.38  6.94%  13.9 3106s
 2658898 1312672 1847094.70  974  119 1854959.64 1726223.71  6.94%  13.9 3110s
 2664280 1315520 1780117.77 1024  106 1854959.64 1726229.56  6.94%  13.9 3115s
 2669651 1318539 1843553.42 1002  112 1854959.64 1726236.23  6.94%  13.9 3120s
 2674594 1320507 1843870.02  402  118 1854959.64 1726241.78  6.94%  14.0 3125s
 2676031 1321079 infeasible  162      1854959.64 1726244.17  6.94%  14.0 3130s
 2681187 1323447 1743800.03  985  119 1854959.64 1726252.04  6.94%  14.0 3135s
 2686860 1326464 1743950.88  401  114 1854959.64 1726258.29  6.94%  14.0 3140s
 2692310 1329282 1845290.12 1071  119 1854959.64 1726267.28  6.94%  14.0 3145s
 2694069 1329748 1848460.90  977  114 1854959.64 1726267.97  6.94%  14.0 3150s
 2697404 1330604 1842488.26  449   98 1854959.64 1726275.31  6.94%  14.0 3155s
 2702538 1333042 1848336.04 1034   85 1854959.64 1726282.76  6.94%  14.0 3160s
 2707137 1335522 1849456.56  592  121 1854959.64 1726290.83  6.94%  14.0 3165s
 2712308 1337493 infeasible 1040      1854959.64 1726298.27  6.94%  14.0 3170s
 2716765 1339391 1839963.77 1034  123 1854959.64 1726306.66  6.94%  14.1 3178s
 2718507 1340258 1734319.44 1009  121 1854959.64 1726311.42  6.94%  14.1 3180s
 2724417 1343234 1745585.08 1124  114 1854959.64 1726318.65  6.93%  14.1 3185s
 2729307 1345342 infeasible 1001      1854959.64 1726328.50  6.93%  14.1 3190s
 2733996 1346919 infeasible 1166      1854959.64 1726341.62  6.93%  14.1 3195s
 2739901 1349751 1763097.29  964  111 1854959.64 1726358.81  6.93%  14.1 3200s
 2741619 1350295 infeasible  956      1854959.64 1726361.14  6.93%  14.1 3205s
 2746804 1352423 1847052.79  967  123 1854959.64 1726380.74  6.93%  14.1 3210s
 2751291 1353861 infeasible  597      1854959.64 1726392.89  6.93%  14.1 3215s
 2756077 1356159 1745814.44 1093  120 1854959.64 1726406.78  6.93%  14.2 3220s
 2761537 1357593 infeasible  960      1854959.64 1726421.34  6.93%  14.2 3225s
 2765945 1359423 1837160.99  994  121 1854959.64 1726426.22  6.93%  14.2 3232s
 2767664 1359772 infeasible 1177      1854959.64 1726431.43  6.93%  14.2 3235s
 2772995 1361909 1847411.73  142  116 1854959.64 1726438.90  6.93%  14.2 3240s
 2778600 1365034 1780105.14  791  105 1854959.64 1726450.38  6.93%  14.2 3245s
 2784052 1367396 1778273.65  872   99 1854959.64 1726461.12  6.93%  14.2 3250s
 2787037 1368732 1764231.41  788  107 1854959.64 1726464.86  6.93%  14.2 3256s
 2790062 1369628 infeasible  714      1854959.64 1726473.28  6.93%  14.2 3260s
 2795463 1372488 1785635.79  888   99 1854959.64 1726482.57  6.93%  14.3 3265s
 2800572 1374536 1796755.90 1111  102 1854959.64 1726488.60  6.93%  14.3 3270s
 2805899 1376728 1832504.14  658  122 1854959.64 1726504.55  6.92%  14.3 3275s
 2810035 1378360 infeasible  879      1854959.64 1726514.62  6.92%  14.3 3282s
 2812140 1379738 1789615.03  207  117 1854959.64 1726531.63  6.92%  14.3 3285s
 2817169 1381158 1746893.99 1005  121 1854959.64 1726545.85  6.92%  14.3 3290s
 2821962 1383867 1751243.15 1213  102 1854959.64 1726554.25  6.92%  14.3 3295s
 2827294 1385419 infeasible  924      1854959.64 1726569.16  6.92%  14.3 3300s
 2832634 1387604     cutoff 1367      1854959.64 1726585.54  6.92%  14.3 3305s
 2834497 1388678 1775834.53 1091  108 1854959.64 1726586.23  6.92%  14.4 3310s
 2839245 1390589 1848466.51 1007  118 1854959.64 1726605.98  6.92%  14.4 3315s
 2843693 1391998 infeasible 1006      1854959.64 1726616.88  6.92%  14.4 3320s
 2849211 1395071 1749866.30 1284  117 1854959.64 1726633.83  6.92%  14.4 3325s
 2855226 1397910 1844339.18 1112  115 1854959.64 1726648.55  6.92%  14.4 3330s
 2856672 1398615 1765475.13 1022  112 1854959.64 1726653.88  6.92%  14.4 3335s
 2862069 1401399 1743402.07  602  107 1854959.64 1726668.96  6.92%  14.4 3340s
 2866478 1403169 infeasible  706      1854959.64 1726678.33  6.92%  14.4 3345s
 2871015 1404882 1763068.91  988  108 1854959.64 1726690.35  6.91%  14.4 3350s
 2876598 1406936 1750313.07  629  113 1854959.64 1726696.54  6.91%  14.4 3355s
 2878980 1407775 infeasible  545      1854959.64 1726698.17  6.91%  14.4 3360s
 2882714 1409327 infeasible  639      1854959.64 1726705.39  6.91%  14.5 3365s
 2888307 1412585 infeasible 1105      1854959.64 1726712.84  6.91%  14.5 3370s
 2892803 1414651 infeasible 1332      1854959.64 1726727.80  6.91%  14.5 3375s
 2894606 1415963 1816369.72  727   96 1854959.64 1726729.65  6.91%  14.5 3380s
 2899102 1417424 1848566.75 1124  117 1854959.64 1726737.99  6.91%  14.5 3385s
 2903766 1419286 1744601.72  187  124 1854959.64 1726745.97  6.91%  14.5 3390s
 2909274 1421827 1792643.00  891  107 1854959.64 1726760.99  6.91%  14.5 3395s
 2914913 1424478 1847458.66 1097  118 1854959.64 1726780.95  6.91%  14.5 3400s
 2918058 1425659 infeasible 1109      1854959.64 1726794.53  6.91%  14.5 3406s
 2921435 1426774 infeasible 1168      1854959.64 1726804.54  6.91%  14.5 3410s
 2926282 1428811 1753088.67 1096  112 1854959.64 1726817.71  6.91%  14.6 3415s
 2931877 1431602 infeasible  457      1854959.64 1726836.34  6.91%  14.6 3420s
 2936340 1433903 infeasible  964      1854959.64 1726843.87  6.91%  14.6 3427s
 2939019 1435246 infeasible 1052      1854959.64 1726848.76  6.91%  14.6 3430s
 2944321 1437679 1847345.05  903  117 1854959.64 1726860.42  6.91%  14.6 3435s
 2949338 1438982 1853250.06  891  118 1854959.64 1726874.12  6.91%  14.6 3440s
 2953080 1439919 1731371.87  130  127 1854959.64 1726897.84  6.90%  14.6 3445s
 2958140 1442383 infeasible 1012      1854959.64 1726906.43  6.90%  14.6 3450s
 2961888 1443804 1840037.58 1056  103 1854959.64 1726919.85  6.90%  14.6 3457s
 2964782 1445304 1843729.70  991   98 1854959.64 1726928.79  6.90%  14.6 3460s
 2970777 1448031 1844495.07  564   89 1854959.64 1726943.25  6.90%  14.7 3465s
 2975088 1449360 1742081.53  885  116 1854959.64 1726955.54  6.90%  14.7 3470s
 2980068 1451138 1752656.44 1047  110 1854959.64 1726980.54  6.90%  14.7 3475s
 2984530 1453103 1800125.61 1107  104 1854959.64 1726994.47  6.90%  14.7 3480s
 2985856 1453569 infeasible 1293      1854959.64 1726997.49  6.90%  14.7 3485s
 2991426 1456499 1760482.74 1121  114 1854959.64 1727013.44  6.90%  14.7 3490s
 2997075 1459107 infeasible  883      1854959.64 1727022.67  6.90%  14.7 3495s
 3001512 1460982 1854641.83 1491  104 1854959.64 1727041.04  6.90%  14.7 3500s
 3006033 1462602 infeasible  991      1854959.64 1727058.36  6.90%  14.8 3508s
 3007679 1463151 1847474.43 1157  115 1854959.64 1727064.18  6.89%  14.8 3510s
 3012937 1465123 1753968.59 1042  119 1854959.64 1727087.81  6.89%  14.8 3515s
 3017770 1466932 1853748.49 1027  122 1854959.64 1727109.00  6.89%  14.8 3520s
 3023502 1469743 1851703.86  926  113 1854959.64 1727117.05  6.89%  14.8 3525s
 3028541 1471887 infeasible  902      1854959.64 1727136.12  6.89%  14.8 3530s
 3030093 1472598 1837965.02 1040  120 1854959.64 1727141.09  6.89%  14.8 3535s
 3035573 1474885 1847676.57  906  114 1854959.64 1727152.15  6.89%  14.8 3540s
 3040057 1476923 1746066.47 1006  118 1854959.64 1727181.80  6.89%  14.8 3545s
 3045035 1478592 infeasible  944      1854959.64 1727202.84  6.89%  14.8 3550s
 3050523 1481183 1847486.37 1164  109 1854959.64 1727215.18  6.89%  14.8 3555s
 3054449 1482715 1750969.80 1376  107 1854959.64 1727223.25  6.89%  14.9 3562s
 3057041 1483600 1851770.63  922  115 1854959.64 1727228.22  6.89%  14.9 3565s
 3062611 1486358 infeasible  819      1854959.64 1727255.33  6.88%  14.9 3570s
 3067982 1488726 infeasible 1107      1854959.64 1727269.20  6.88%  14.9 3575s
 3073650 1491332 1768880.26  969  102 1854959.64 1727284.00  6.88%  14.9 3580s
 3077754 1492675 infeasible  954      1854959.64 1727295.49  6.88%  14.9 3588s
 3079354 1493514 infeasible  798      1854959.64 1727301.78  6.88%  14.9 3590s
 3084820 1495496 1842592.59 1076  100 1854959.64 1727316.49  6.88%  14.9 3595s
 3090379 1497791     cutoff  892      1854959.64 1727325.49  6.88%  14.9 3600s

Cutting planes:
  RLT: 98

Explored 3090435 nodes (46195949 simplex iterations) in 3600.04 seconds (3147.29 work units)
Thread count was 2 (of 24 available processors)

Solution count 10: 1.85496e+06 1.85498e+06 1.85498e+06 ... 1.86038e+06

Time limit reached
Best objective 1.854959644087e+06, best bound 1.727325485352e+06, gap 6.8807%
