
Gurobi 11.0.3 (linux64, Java) logging started seg 02 dez 2024 00:11:07 -03

Set parameter Username
Academic license - for non-commercial use only - expires 2025-10-10
Set parameter NonConvex to value 2
Set parameter TimeLimit to value 3600
Set parameter LogToConsole to value 0
Set parameter MIPGap to value 4.7614803339461642e-08
Set parameter Threads to value 2
Set parameter NodefileDir to value "/home/ps12398/experiment_epec/goalProgrammingMarcos/"
Set parameter NodefileStart to value 1
Gurobi Optimizer version 11.0.3 build v11.0.3rc0 (linux64)

CPU model: Intel(R) Xeon(R) CPU           X5650  @ 2.67GHz, instruction set [SSE2]
Thread count: 12 physical cores, 24 logical processors, using up to 2 threads

Optimize a model with 61384 rows, 41336 columns and 205178 nonzeros
Model fingerprint: 0xfd94f6b3
Model has 148 quadratic constraints
Variable types: 20598 continuous, 20738 integer (143 binary)
Coefficient statistics:
  Matrix range     [7e-03, 6e+06]
  QMatrix range    [7e-03, 1e+05]
  QLMatrix range   [1e+00, 1e+05]
  Objective range  [1e+00, 4e+07]
  Bounds range     [1e+00, 1e+08]
  RHS range        [1e+00, 8e+06]
  QRHS range       [8e-02, 8e-02]
Presolve removed 61040 rows and 40627 columns
Presolve time: 0.12s
Presolved: 910 rows, 885 columns, 20546 nonzeros
Presolved model has 2 SOS constraint(s)
Presolved model has 143 bilinear constraint(s)

Solving non-convex MIQCP

Variable types: 467 continuous, 418 integer (145 binary)
Found heuristic solution: objective 1.081958e+07

Root relaxation: objective 6.880053e+06, 280 iterations, 0.01 seconds (0.01 work units)

    Nodes    |    Current Node    |     Objective Bounds      |     Work
 Expl Unexpl |  Obj  Depth IntInf | Incumbent    BestBd   Gap | It/Node Time

     0     0 6880052.63    0  133 1.0820e+07 6880052.63  36.4%     -    0s
H    0     0                    9091005.2982 6880052.63  24.3%     -    0s
     0     0 7372112.00    0  137 9091005.30 7372112.00  18.9%     -    0s
H    0     0                    8603208.0459 7372128.00  14.3%     -    0s
     0     0 7402124.53    0  139 8603208.05 7402124.53  14.0%     -    0s
H    0     0                    8355263.3170 7402138.25  11.4%     -    0s
     0     0 7402178.63    0  139 8355263.32 7402178.63  11.4%     -    0s
     0     0 7402189.88    0  139 8355263.32 7402189.88  11.4%     -    0s
H    0     0                    8322867.7685 7402192.96  11.1%     -    0s
     0     2 7402192.96    0  139 8322867.77 7402192.96  11.1%     -    0s
H   77    80                    8314129.0678 7402517.53  11.0%   1.7    0s
H  757   768                    8287139.3531 7402517.53  10.7%   1.6    1s
H 1096  1106                    8277154.4119 7402517.53  10.6%   1.5    2s
H 1944  2037                    8270265.8606 7402517.53  10.5%   1.7    3s
H 2071  2124                    8270265.0078 7402517.53  10.5%   1.8    3s
H 2138  2348                    8238592.1961 7402517.53  10.1%   1.8    3s
H 2276  2348                    8231988.2908 7402517.53  10.1%   1.8    3s
H 2526  2600                    8231468.6620 7402517.53  10.1%   2.0    3s
H 2552  2600                    8200311.5446 7402517.53  9.73%   2.0    3s
H 2592  2600                    8197343.8196 7402517.53  9.70%   2.1    3s
H 2899  2917                    8196479.2492 7402517.53  9.69%   2.3    4s
H 3280  3327                    8195485.9938 7402517.53  9.68%   2.4    4s
H 3498  3542                    8183917.1331 7402517.53  9.55%   2.4    4s
  3902  3903 7580020.83  939   32 8183917.13 7402517.53  9.55%   2.4    5s
  4191  4178 7794297.77  113  129 8183917.13 7792715.00  4.78%   2.8   10s
  4902  4680 7802206.02  291  129 8183917.13 7792715.00  4.78%   2.9   15s
  5657  5227 7813062.38  480  106 8183917.13 7792715.00  4.78%   2.9   20s
  6599  5871 7827890.16  713   97 8183917.13 7792715.00  4.78%   3.5   25s
  7393  6409 7833639.79  891   93 8183917.13 7792715.00  4.78%   5.0   30s
  8077  6889 7850566.66 1058  129 8183917.13 7792715.00  4.78%   7.0   35s
  8912  7475 7834413.69 1266  102 8183917.13 7792715.00  4.78%   8.5   41s
  9613  7970 7835994.97 1446  101 8183917.13 7792715.00  4.78%   9.4   46s
H 9973  7895                    8179989.5178 7792715.00  4.73%   9.8   48s
 10354  8275 7836702.07 1637   94 8179989.52 7792715.00  4.73%  10.2   51s
 11105  8775 7845661.25 1828  123 8179989.52 7792715.00  4.73%  11.0   55s
 12457  9694 7840322.93 2177   99 8179989.52 7792715.00  4.73%  11.9   60s
 13581 10442 7857561.32 2397  125 8179989.52 7792715.00  4.73%  12.2   65s
H13964 10392                    8178585.1087 7792715.00  4.72%  12.0   66s
 14755 11167 7803095.20  153  133 8178585.11 7792718.68  4.72%  11.5   71s
 15506 12770 7823614.71  315  129 8178585.11 7792718.68  4.72%  11.3   75s
 21142 17984 7907088.04 1345  119 8178585.11 7792718.68  4.72%  10.2   80s
H21150 17984                    8177889.6904 7792718.68  4.71%  10.2   80s
H21247 17984                    8176279.4389 7792718.68  4.69%  10.2   80s
H21934 18561                    8172589.5329 7792718.68  4.65%  10.2   80s
H25555 22041                    8172356.1507 7792718.68  4.65%  10.3   83s
H25652 22041                    8171903.9246 7792718.68  4.64%  10.2   83s
H25846 22041                    8171820.8057 7792718.68  4.64%  10.2   83s
 27399 23337 7934744.13  144   90 8171820.81 7792749.50  4.64%   9.9   85s
H27919 24319                    8166725.4707 7792749.50  4.58%   9.8   86s
H27922 24319                    8166673.3510 7792749.50  4.58%   9.8   86s
H27940 24319                    8166321.8514 7792749.50  4.57%   9.8   86s
H28037 24225                    8134348.1350 7792749.50  4.20%   9.7   86s
H28134 24223                    8133887.7738 7792749.50  4.19%   9.7   86s
H29944 25899                    8129373.3390 7792759.04  4.14%   9.5   88s
H30314 26300                    8128813.0513 7792759.04  4.13%   9.5   88s
H30870 26624                    8124459.0700 7792759.04  4.08%   9.5   89s
 31230 27444 7953531.73  336   89 8124459.07 7792759.04  4.08%   9.5   90s
H31315 27444                    8124455.5507 7792759.04  4.08%   9.5   90s
 37548 33470 7901941.20   62   95 8124455.55 7792769.95  4.08%   8.7   95s
H42685 35805                    8118297.1701 7792776.38  4.01%   8.3   98s
H42782 35767                    8117767.7907 7792776.38  4.00%   8.2   98s
 46580 39602 7986941.37  197  120 8117767.79 7792783.03  4.00%   7.8  100s
 55263 47223 8025902.56  202  118 8117767.79 7792836.24  4.00%   7.2  105s
 62475 54326 8074897.58 2328   49 8117767.79 7792836.24  4.00%   6.8  110s
 69301 60642 7793021.35   56  133 8117767.79 7792913.25  4.00%   6.4  115s
 75241 66200 8067575.83  320   70 8117767.79 7792940.42  4.00%   6.1  120s
H80241 69631                    8111685.7196 7792962.60  3.93%   5.9  124s
H80338 69057                    8107596.3440 7792962.60  3.88%   5.9  124s
 80355 69397 7985380.01  100   90 8107596.34 7792962.60  3.88%   5.9  125s
H80539 69190                    8106595.7545 7792962.60  3.87%   5.9  125s
 86042 74336 7991493.93  108   81 8106595.75 7792995.78  3.87%   5.7  130s
 90997 78994 8005878.13  225  116 8106595.75 7793037.19  3.87%   5.6  135s
 98361 85474 8012173.85  122   82 8106595.75 7793064.80  3.87%   5.4  140s
H101555 87444                    8102861.2613 7793071.66  3.82%   5.4  142s
 103921 89625 7966133.29   69   89 8102861.26 7793107.07  3.82%   5.3  145s
 109168 94208 7985271.03  106  122 8102861.26 7793152.33  3.82%   5.2  150s
 113985 98838 8005948.74   77   87 8102861.26 7793195.34  3.82%   5.2  155s
H114456 99021                    8102827.8478 7793199.56  3.82%   5.1  155s
 120237 104526 7926869.39   69   95 8102827.85 7793225.84  3.82%   5.0  160s
 127662 111111 7926707.48  130  130 8102827.85 7793258.59  3.82%   4.9  165s
 135033 117804 8067597.71  178  113 8102827.85 7793309.69  3.82%   4.8  170s
 139287 121531 7943009.08   61   94 8102827.85 7793343.67  3.82%   4.8  175s
 143536 125522 7926959.15  131  127 8102827.85 7793397.52  3.82%   4.8  180s
 148106 129739 8053269.20  313  112 8102827.85 7793434.22  3.82%   4.8  185s
H152593 133276                    8102651.5083 7793482.13  3.82%   4.8  189s
 152594 133486 7994363.45  104  124 8102651.51 7793486.67  3.82%   4.8  190s
H154569 135538                    8102651.4953 7793487.14  3.82%   4.8  191s
H156330 137011                    8102651.1069 7793487.14  3.82%   4.7  193s
 157906 138431 7999933.05  348  118 8102651.11 7793511.36  3.82%   4.8  195s
 161779 141868 8081829.47  301   56 8102651.11 7793546.68  3.81%   4.8  200s
H165389 143793                    8100364.2067 7793582.09  3.79%   4.7  203s
 166708 144716 8073536.54  126  116 8100364.21 7793603.76  3.79%   4.7  205s
 170245 147902 7911594.55   67   99 8100364.21 7793657.90  3.79%   4.7  210s
 174905 151957 8036947.60   87   81 8100364.21 7793717.08  3.79%   4.7  215s
 178545 155234 8020176.67  183  114 8100364.21 7793783.14  3.78%   4.8  220s
 183267 159145 8007970.68  305   85 8100364.21 7793855.01  3.78%   4.8  225s
 188192 163483 8094391.09  480   57 8100364.21 7793873.42  3.78%   4.8  230s
 192040 166694     cutoff  198      8100364.21 7793942.54  3.78%   4.8  235s
 197286 171289 8043116.44   88   78 8100364.21 7794004.84  3.78%   4.8  240s
H198556 172315                    8100321.0906 7794033.55  3.78%   4.8  241s
 202119 175579     cutoff  408      8100321.09 7794076.67  3.78%   4.8  245s
 206013 178991 7941925.22  120  128 8100321.09 7794127.55  3.78%   4.8  250s
 210764 183436 8059525.50  346   71 8100321.09 7794172.62  3.78%   4.8  255s
 214676 186535 8063500.65  129  107 8100321.09 7794227.76  3.78%   4.8  260s
 219291 190580 8015160.74  104  125 8100321.09 7794263.28  3.78%   4.8  265s
 222806 193480 7945608.47   74  129 8100321.09 7794318.29  3.78%   4.9  270s
 227120 197248 8080245.98  124   57 8100321.09 7794395.21  3.78%   4.9  275s
 233309 202498 8081030.35  121  111 8100321.09 7794477.67  3.78%   4.9  280s
H236361 205048                    8100287.2111 7794510.88  3.77%   4.9  282s
H236453 205253                    8100287.0023 7794516.12  3.77%   4.9  282s
 238509 207072 8044886.08   88  118 8100287.00 7794559.22  3.77%   4.9  285s
 242940 210487 8076804.94  101   78 8100287.00 7794607.38  3.77%   5.0  290s
 247081 214541 7989094.06  169  124 8100287.00 7794685.57  3.77%   5.0  295s
 250719 217488 8067796.47  478   71 8100287.00 7794705.86  3.77%   5.0  300s
 255033 221256 8077342.99  307   64 8100287.00 7794750.48  3.77%   5.0  305s
 259335 225177 8055657.96  263   93 8100287.00 7794801.88  3.77%   5.0  310s
 263277 228412 8007125.14  212   88 8100287.00 7794862.06  3.77%   5.0  315s
 266542 231032 7977951.78   83   91 8100287.00 7794913.11  3.77%   5.0  320s
 270537 234597 8050654.65  253  108 8100287.00 7794965.65  3.77%   5.0  325s
 274245 237369 8088037.97   94  117 8100287.00 7795047.46  3.77%   5.1  330s
 278247 240721 7910329.03   66  128 8100287.00 7795130.18  3.77%   5.1  335s
 281742 243721 8056544.98  213  109 8100287.00 7795212.61  3.77%   5.1  340s
 284800 245956 8059689.07  329   58 8100287.00 7795307.06  3.77%   5.1  345s
 289227 249707 7918712.08   77  133 8100287.00 7795419.18  3.76%   5.1  350s
 294788 254274 8019841.84  162   84 8100287.00 7795472.36  3.76%   5.2  355s
 299456 258175     cutoff   98      8100287.00 7795533.06  3.76%   5.2  360s
 303847 261881 7971411.49   97  126 8100287.00 7795597.28  3.76%   5.2  365s
 308053 265510 7957989.57  163  125 8100287.00 7795683.65  3.76%   5.2  370s
 313004 269573 8082370.22  163  117 8100287.00 7795770.57  3.76%   5.2  375s
 318096 274197 8074903.50  361   65 8100287.00 7795824.72  3.76%   5.2  380s
 322444 278149 8003409.75  204   87 8100287.00 7795884.13  3.76%   5.2  385s
 327040 282080 7977313.30  238  126 8100287.00 7795931.25  3.76%   5.2  390s
 331766 286358 7972769.63  160  126 8100287.00 7795971.84  3.76%   5.3  395s
 336909 290508 8017103.41  101   78 8100287.00 7796041.86  3.76%   5.3  400s
 342243 295360 7994945.92  231  117 8100287.00 7796078.08  3.76%   5.3  405s
 346881 298936 7996468.38   70   88 8100287.00 7796210.00  3.75%   5.3  410s
 351491 302841 8086489.21  145   57 8100287.00 7796286.17  3.75%   5.3  415s
 357074 307868 8071593.38  303   70 8100287.00 7796343.27  3.75%   5.3  420s
 361476 312000 8086760.49  664   42 8100287.00 7796373.02  3.75%   5.3  425s
 366037 315121 8072772.49  132  114 8100287.00 7796462.61  3.75%   5.3  430s
 370721 319368 8043329.42   86  115 8100287.00 7796503.34  3.75%   5.3  435s
 375868 323973 8002321.00  102  120 8100287.00 7796560.80  3.75%   5.3  440s
 380474 327653 8025892.72  100   78 8100287.00 7796618.38  3.75%   5.3  445s
 385198 331822 8076763.31  397  101 8100287.00 7796671.33  3.75%   5.3  450s
 389668 335262 8072685.92  118  111 8100287.00 7796745.95  3.75%   5.3  455s
 394103 339440 8014744.10  239   79 8100287.00 7796807.67  3.75%   5.3  460s
 398745 343289 7947946.92  200  127 8100287.00 7796877.07  3.75%   5.3  465s
 402971 347033 8033243.30  146   80 8100287.00 7796940.17  3.74%   5.4  470s
 408007 351429 8070642.54  338   76 8100287.00 7796960.27  3.74%   5.3  475s
 412895 355621 8065632.73  121  111 8100287.00 7797038.03  3.74%   5.3  480s
 417090 358932     cutoff  143      8100287.00 7797133.47  3.74%   5.4  485s
 421610 362901 8025467.57  256   79 8100287.00 7797204.48  3.74%   5.4  490s
 426311 366846 8054920.65  301  103 8100287.00 7797242.16  3.74%   5.4  495s
*427761 366335            1010    8098341.3476 7797242.16  3.72%   5.4  496s
 431266 369187 8072794.61  367  105 8098341.35 7797305.35  3.72%   5.4  500s
*432285 369589             879    8098112.6068 7797316.84  3.71%   5.4  501s
 435786 372526 8002831.99   75   92 8098112.61 7797363.27  3.71%   5.4  505s
 440084 375914 8024359.35  149   82 8098112.61 7797450.24  3.71%   5.4  510s
 444615 379819     cutoff  110      8098112.61 7797522.86  3.71%   5.4  515s
H445300 379153                    8097819.5163 7797533.87  3.71%   5.4  516s
 448808 382527 7983901.80  230   95 8097819.52 7797573.09  3.71%   5.4  520s
 452937 386077 8023646.06  222   86 8097819.52 7797649.43  3.71%   5.4  525s
 458251 391029 8068707.83 1028   77 8097819.52 7797691.51  3.71%   5.4  530s
 463811 395641     cutoff  249      8097819.52 7797746.03  3.71%   5.4  535s
 468089 399257 8083416.81   84   83 8097819.52 7797803.22  3.70%   5.4  540s
 472422 402897 7934134.30  195   87 8097819.52 7797894.23  3.70%   5.4  545s
*476424 396631             546    8091766.5754 7797925.67  3.63%   5.5  549s
 477213 397185 7949736.09   93   93 8091766.58 7797952.93  3.63%   5.5  550s
 482064 401223 7960601.27  143  126 8091766.58 7797989.66  3.63%   5.4  555s
 486524 404996 8067093.27   93  117 8091766.58 7798049.50  3.63%   5.5  560s
 490659 408624 8078309.30  209   87 8091766.58 7798101.34  3.63%   5.5  565s
 495678 413442 8066254.14  328  110 8091766.58 7798142.91  3.63%   5.5  570s
 500596 417346 8057723.51   95  114 8091766.58 7798259.61  3.63%   5.5  575s
 505120 421200     cutoff  216      8091766.58 7798366.35  3.63%   5.5  580s
 509985 425429 7990944.33  106   92 8091766.58 7798452.81  3.62%   5.5  585s
 514485 429419 8035757.75  108  122 8091766.58 7798490.88  3.62%   5.5  590s
 519054 432955 8088993.31  208  122 8091766.58 7798544.92  3.62%   5.5  595s
 524635 437954 8073670.12  134   74 8091766.58 7798588.02  3.62%   5.5  600s
 528913 441356 7977534.40   77   90 8091766.58 7798643.81  3.62%   5.5  605s
 533268 444971 8071722.36  172  110 8091766.58 7798736.74  3.62%   5.5  610s
 537568 448342 8059605.13   87   80 8091766.58 7798791.70  3.62%   5.5  615s
 542153 452288     cutoff  124      8091766.58 7798819.65  3.62%   5.5  620s
 547015 456730 8057716.23  114  115 8091766.58 7798848.36  3.62%   5.5  625s
 550970 459698 7978498.34  220   93 8091766.58 7798928.90  3.62%   5.5  630s
 555958 464324 7961370.48  114  127 8091766.58 7798958.57  3.62%   5.5  635s
 560247 467779 8066929.51  265  102 8091766.58 7799021.98  3.62%   5.5  640s
 564436 470983     cutoff  113      8091766.58 7799105.71  3.62%   5.6  645s
 568528 474292 7933517.87   65   97 8091766.58 7799182.51  3.62%   5.6  650s
H572139 477756                    8091765.1382 7799207.34  3.62%   5.6  654s
 572817 478377 7837453.85   66  129 8091765.14 7799215.33  3.62%   5.6  655s
 576519 481317 8075491.16  143   55 8091765.14 7799266.62  3.61%   5.6  660s
 581243 485120 8080759.89  134  112 8091765.14 7799332.49  3.61%   5.6  665s
 587412 490740 7996106.10  226   95 8091765.14 7799391.83  3.61%   5.6  670s
 591855 494544 8007375.54  240   91 8091765.14 7799455.86  3.61%   5.6  675s
 596432 498266 7934385.54   69   95 8091765.14 7799491.57  3.61%   5.6  680s
 600881 501924 7817679.65  228  132 8091765.14 7799536.89  3.61%   5.6  685s
 605370 505840 8083651.46  412  104 8091765.14 7799592.47  3.61%   5.6  690s
 608725 508439     cutoff   95      8091765.14 7799619.61  3.61%   5.6  695s
 613203 512216 8083526.38  122   66 8091765.14 7799663.96  3.61%   5.6  700s
 617599 516078     cutoff  102      8091765.14 7799702.16  3.61%   5.6  705s
 622074 519905 8043706.27   77   88 8091765.14 7799730.60  3.61%   5.6  710s
 626445 523663 8069862.52  282  108 8091765.14 7799771.31  3.61%   5.6  715s
 630482 526931 7931442.29   74  134 8091765.14 7799809.51  3.61%   5.6  720s
 634980 530844 8052641.68   78   86 8091765.14 7799837.28  3.61%   5.6  725s
 639044 534402 7929851.31   74  128 8091765.14 7799874.80  3.61%   5.6  730s
 643170 538280 8067773.98  415  111 8091765.14 7799893.89  3.61%   5.6  735s
 647331 541435 8060482.28   72   83 8091765.14 7799953.49  3.61%   5.6  740s
 651056 544640 8046194.27  115  114 8091765.14 7799998.80  3.61%   5.7  745s
 655143 548005 7937062.84   73  132 8091765.14 7800050.29  3.61%   5.7  750s
 659070 551397 7937343.51  257  127 8091765.14 7800083.91  3.60%   5.7  755s
 663694 555330 8087113.41  275   72 8091765.14 7800129.57  3.60%   5.7  760s
 667647 558827 8066185.18  286   61 8091765.14 7800161.62  3.60%   5.7  765s
 672310 562634 8027482.31  106  114 8091765.14 7800231.05  3.60%   5.7  770s
 676259 565873 8083639.10  117  113 8091765.14 7800291.61  3.60%   5.7  775s
 680185 569204 8060383.69  274  104 8091765.14 7800360.02  3.60%   5.7  780s
 684141 572273 8071374.76  381  103 8091765.14 7800394.28  3.60%   5.7  785s
 688273 575347     cutoff  129      8091765.14 7800460.35  3.60%   5.7  790s
 693676 579602 8041703.12   90   82 8091765.14 7800559.46  3.60%   5.7  795s
 700313 585358 7942192.64  111  125 8091765.14 7800646.46  3.60%   5.7  800s
H703875 588154                    8091748.2060 7800680.12  3.60%   5.7  802s
 706889 591205 8013504.55  237  105 8091748.21 7800717.43  3.60%   5.7  805s
 712646 595765 8063118.28  383   76 8091748.21 7800757.12  3.60%   5.7  810s
 719186 601146     cutoff  113      8091748.21 7800845.99  3.60%   5.7  815s
 725658 606851 8016036.02  260  118 8091748.21 7800953.03  3.59%   5.7  820s
 732107 611943 8033338.38   82   86 8091748.21 7801039.77  3.59%   5.8  825s
 738144 616803 8075213.78  102  110 8091748.21 7801099.33  3.59%   5.8  830s
 744943 622770     cutoff   92      8091748.21 7801136.38  3.59%   5.8  835s
 750510 626869 8072748.88   83  123 8091748.21 7801247.33  3.59%   5.8  840s
 755191 630475 8084649.68  119   67 8091748.21 7801325.95  3.59%   5.8  845s
 759997 634809 8074188.16  381  112 8091748.21 7801371.11  3.59%   5.8  850s
 763267 637608 8041245.46  270  124 8091748.21 7801400.87  3.59%   5.8  855s
 767574 641113 8065991.61  283  118 8091748.21 7801434.16  3.59%   5.8  860s
 771788 645050 7969997.31  280   96 8091748.21 7801481.35  3.59%   5.8  865s
 777146 649858 8046093.38   79   85 8091748.21 7801496.70  3.59%   5.8  870s
 781630 653898 8071876.16  109  115 8091748.21 7801539.97  3.59%   5.8  875s
 786090 657821 7961119.85  110   90 8091748.21 7801571.42  3.59%   5.8  880s
 790537 661763 7961831.11  123  121 8091748.21 7801611.62  3.59%   5.8  885s
 795056 665777 8046450.73  204  111 8091748.21 7801647.68  3.59%   5.8  890s
 799347 669405 8019372.28   72   82 8091748.21 7801678.27  3.58%   5.8  895s
 802703 672129 8087199.26  327  119 8091748.21 7801725.50  3.58%   5.8  900s
 806347 674940 8072374.21  153  118 8091748.21 7801770.04  3.58%   5.8  905s
 810706 679029 8054731.50  272   65 8091748.21 7801800.21  3.58%   5.8  910s
 814471 681887 8067462.32  318   99 8091748.21 7801830.43  3.58%   5.8  915s
 818827 685512 8079891.83  393   98 8091748.21 7801860.10  3.58%   5.8  920s
 822942 688724 8028524.54   81   80 8091748.21 7801910.52  3.58%   5.8  925s
 827368 692911 7989394.72  148  120 8091748.21 7801941.36  3.58%   5.8  930s
 830789 695913 8037353.67  208   80 8091748.21 7801961.33  3.58%   5.8  935s
 835057 699273 7973726.47   90   87 8091748.21 7802004.16  3.58%   5.8  940s
 839646 703327 8015988.48  151   84 8091748.21 7802032.26  3.58%   5.8  945s
 843954 706760 7980785.83   99  121 8091748.21 7802062.61  3.58%   5.8  950s
 848536 710889 8087706.81   98   74 8091748.21 7802109.16  3.58%   5.8  955s
 852970 714408     cutoff   97      8091748.21 7802148.28  3.58%   5.8  960s
 856338 717278 8056966.01  383   60 8091748.21 7802182.04  3.58%   5.8  965s
 860923 721116 8007110.66  117  125 8091748.21 7802226.30  3.58%   5.8  970s
 865001 724757 8048689.17  100   78 8091748.21 7802259.14  3.58%   5.8  975s
 869675 729026 8002561.85  119   92 8091748.21 7802283.96  3.58%   5.8  980s
 874111 732716 7942541.91   81  128 8091748.21 7802328.06  3.58%   5.8  985s
 877926 735900 7954180.23   82   91 8091748.21 7802385.60  3.58%   5.8  990s
 882351 739771 8054262.76  251   75 8091748.21 7802413.72  3.58%   5.8  995s
 887041 743449     cutoff   88      8091748.21 7802440.28  3.58%   5.8 1000s
 890982 746982 8082283.49  107  111 8091748.21 7802466.13  3.58%   5.8 1005s
 895022 750301 8076607.17  119   63 8091748.21 7802507.61  3.57%   5.8 1010s
 899125 753706 8002331.65  110  118 8091748.21 7802567.33  3.57%   5.8 1015s
 903459 757474 8077663.27  278   66 8091748.21 7802598.44  3.57%   5.8 1020s
 907020 759964 7804327.25   63  135 8091748.21 7802667.20  3.57%   5.8 1025s
 911011 763260 8078344.19  111  110 8091748.21 7802707.51  3.57%   5.8 1030s
 915407 767049 7923574.51   84   87 8091748.21 7802751.94  3.57%   5.8 1035s
 919658 770671 8090928.92  325   53 8091748.21 7802786.56  3.57%   5.8 1040s
 923571 773831 8040140.92  305  104 8091748.21 7802815.07  3.57%   5.8 1045s
 927175 777294 8032643.14   82  120 8091748.21 7802843.28  3.57%   5.8 1050s
 931364 781119 8034960.32  233   72 8091748.21 7802890.45  3.57%   5.8 1055s
 935904 785041 7967740.53  115  126 8091748.21 7802920.37  3.57%   5.8 1060s
 939990 788480 8042399.53  230  112 8091748.21 7802964.79  3.57%   5.8 1065s
 945189 792906 8055812.22  373   68 8091748.21 7803007.28  3.57%   5.8 1070s
 949504 796091 8089876.64  358   89 8091748.21 7803059.57  3.57%   5.8 1075s
 954344 800394     cutoff  345      8091748.21 7803098.38  3.57%   5.8 1080s
 958912 804429 7959793.91  165   91 8091748.21 7803142.46  3.57%   5.8 1085s
 964589 809597 8075758.70  805   37 8091748.21 7803179.48  3.57%   5.8 1090s
 971279 815318 8073029.20  302   57 8091748.21 7803243.57  3.57%   5.8 1095s
 977572 820776 8045589.57  120  112 8091748.21 7803293.72  3.56%   5.8 1100s
 983894 826750 7992681.82  181  117 8091748.21 7803334.61  3.56%   5.8 1105s
 990399 831945 8076536.90  286   61 8091748.21 7803390.51  3.56%   5.8 1110s
 997252 837956 7973401.75   76  123 8091748.21 7803433.03  3.56%   5.8 1115s
 1003240 843207 8035266.98   82   86 8091748.21 7803492.04  3.56%   5.8 1120s
 1007770 847155 8059750.08  367   68 8091748.21 7803565.67  3.56%   5.8 1125s
 1012475 851074 8084657.58   92   75 8091748.21 7803611.34  3.56%   5.8 1130s
 1016947 855024 8084726.48  321  101 8091748.21 7803637.97  3.56%   5.8 1135s
 1021310 858942 8063322.21  100   73 8091748.21 7803673.04  3.56%   5.8 1140s
 1025805 863147 7967108.49  164  122 8091748.21 7803698.37  3.56%   5.8 1145s
 1029772 866370 7934322.30   74  129 8091748.21 7803722.29  3.56%   5.8 1150s
 1033037 868851 8084186.19  116   67 8091748.21 7803781.11  3.56%   5.8 1155s
 1037203 872170 7918877.86   61   95 8091748.21 7803816.06  3.56%   5.8 1160s
 1042865 877248 8077656.42  100  115 8091748.21 7803839.22  3.56%   5.8 1165s
 1047015 880558 8066885.08  113   68 8091748.21 7803898.15  3.56%   5.8 1170s
 1051572 884619 8086706.60  297   95 8091748.21 7803913.67  3.56%   5.8 1175s
 1056255 888532 8081284.13   83   82 8091748.21 7803952.55  3.56%   5.8 1180s
 1060145 891825 7942626.75   73  129 8091748.21 7804004.71  3.56%   5.8 1185s
 1065120 896213 8080425.80  221   69 8091748.21 7804027.86  3.56%   5.8 1190s
 1069224 899702 7945033.76   96  130 8091748.21 7804063.73  3.56%   5.8 1195s
 1073597 903501     cutoff  104      8091748.21 7804090.80  3.55%   5.8 1200s
 1076916 906270 7993694.00  128  121 8091748.21 7804143.80  3.55%   5.9 1205s
 1081936 910531 8016999.04  209  116 8091748.21 7804177.46  3.55%   5.8 1210s
 1085827 913407 8064996.10  153  112 8091748.21 7804224.25  3.55%   5.8 1215s
 1088951 915924 8075311.87  123  109 8091748.21 7804256.40  3.55%   5.9 1220s
 1093249 919827 8020517.12  149   80 8091748.21 7804307.84  3.55%   5.9 1225s
 1097342 923221 8055115.47  260  105 8091748.21 7804349.13  3.55%   5.9 1230s
 1101081 925947 7811481.85   67  129 8091748.21 7804405.73  3.55%   5.9 1235s
 1104788 928703 8068551.42   81   78 8091748.21 7804454.86  3.55%   5.9 1240s
 1109242 933242 8051826.21  239   59 8091748.21 7804472.31  3.55%   5.9 1245s
 1113079 935876 8078089.74  267   69 8091748.21 7804526.26  3.55%   5.9 1250s
 1117445 939800 8041387.83  178  109 8091748.21 7804546.24  3.55%   5.9 1255s
 1122125 944149 8052171.36  250  102 8091748.21 7804569.64  3.55%   5.9 1260s
 1126167 947479 7975515.31  180  120 8091748.21 7804607.68  3.55%   5.9 1265s
 1130731 951176 7933640.00   79   95 8091748.21 7804628.89  3.55%   5.9 1270s
 1133510 953770 8022631.24  177  114 8091748.21 7804647.28  3.55%   5.9 1275s
 1137842 957391 8082351.96  214  106 8091748.21 7804666.20  3.55%   5.9 1280s
 1142459 961678 8035926.88  236   73 8091748.21 7804683.33  3.55%   5.9 1285s
 1146140 964321 8063942.24  103  115 8091748.21 7804727.66  3.55%   5.9 1290s
 1150768 968529 8079365.72  100  113 8091748.21 7804750.53  3.55%   5.9 1295s
 1155646 972813 8070232.79   85  120 8091748.21 7804778.47  3.55%   5.9 1300s
 1159383 976021 8015496.33  182  110 8091748.21 7804852.22  3.55%   5.9 1305s
 1164136 979625 8057856.69   90   78 8091748.21 7804897.50  3.54%   5.9 1310s
 1168518 983291     cutoff  471      8091748.21 7804945.04  3.54%   5.9 1315s
 1172909 986805     cutoff  101      8091748.21 7804988.23  3.54%   5.9 1320s
 1176333 989843 7920145.04   63  130 8091748.21 7805021.94  3.54%   5.9 1325s
 1179953 993055 7992644.72  181  118 8091748.21 7805060.65  3.54%   5.9 1330s
 1184507 996777 8010773.69   86   88 8091748.21 7805074.64  3.54%   5.9 1335s
 1188916 1000754 8091453.41  286  100 8091748.21 7805090.48  3.54%   5.9 1340s
 1192998 1004196 7981555.02  111  124 8091748.21 7805137.21  3.54%   5.9 1345s
 1198742 1009381 8062095.91  194  110 8091748.21 7805155.77  3.54%   5.9 1350s
 1202287 1012163     cutoff  128      8091748.21 7805189.70  3.54%   5.9 1355s
 1206404 1015640     cutoff  146      8091748.21 7805203.49  3.54%   5.9 1360s
 1210378 1018744 8049379.20  368   85 8091748.21 7805247.39  3.54%   5.9 1365s
 1214074 1021765 7974599.99   74   82 8091748.21 7805280.23  3.54%   5.9 1370s
 1217905 1024966 7937150.55  102   89 8091748.21 7805322.07  3.54%   5.9 1375s
 1221948 1028534 8073605.95  195   54 8091748.21 7805340.02  3.54%   5.9 1380s
 1226214 1032543 8016533.94  211  115 8091748.21 7805356.62  3.54%   5.9 1385s
 1230364 1035980 7928109.90   66   95 8091748.21 7805363.65  3.54%   5.9 1390s
 1234048 1039061 8081566.41  216  106 8091748.21 7805415.58  3.54%   5.9 1395s
 1238552 1042883     cutoff   93      8091748.21 7805437.99  3.54%   5.9 1400s
 1242601 1046105 8069258.51   97  109 8091748.21 7805483.89  3.54%   5.9 1405s
 1247672 1050365 8017591.34  314   81 8091748.21 7805540.54  3.54%   5.9 1410s
 1254058 1055628 8020297.05   94   88 8091748.21 7805589.64  3.54%   5.9 1415s
 1259725 1060351     cutoff  112      8091748.21 7805631.51  3.54%   5.9 1420s
 1264742 1064877 7969986.61  106  121 8091748.21 7805668.12  3.54%   5.9 1425s
 1269211 1068630     cutoff  143      8091748.21 7805690.98  3.54%   5.9 1430s
 1273104 1071595 8038159.63   82   87 8091748.21 7805723.24  3.53%   5.9 1435s
 1277251 1075010 8006233.27   95   84 8091748.21 7805772.17  3.53%   5.9 1440s
 1282407 1079924 8020968.34  418   80 8091748.21 7805789.97  3.53%   5.9 1445s
 1286375 1083604 8011843.64  192  113 8091748.21 7805822.75  3.53%   5.9 1450s
 1290333 1086628 8062834.38   95  112 8091748.21 7805858.92  3.53%   5.9 1455s
 1294726 1090348 8081928.33  291   94 8091748.21 7805885.34  3.53%   5.9 1460s
 1298635 1093240 8024547.21   91  121 8091748.21 7805922.27  3.53%   5.9 1465s
 1303923 1098081 8044510.53  133  120 8091748.21 7805953.90  3.53%   5.9 1470s
 1308199 1101574 8064459.50   90  114 8091748.21 7805987.21  3.53%   5.9 1475s
 1312628 1105317 7992174.34   89   92 8091748.21 7806005.26  3.53%   5.9 1480s
 1317060 1109159 8023031.50   89   82 8091748.21 7806019.66  3.53%   5.9 1485s
 1320775 1112768 8034855.36  146  124 8091748.21 7806034.84  3.53%   5.9 1490s
 1327951 1118925 8075480.27  319  105 8091748.21 7806063.59  3.53%   5.9 1495s
 1334864 1124971 8013208.90   74   83 8091748.21 7806103.02  3.53%   5.9 1500s
 1340917 1130157 7984381.62  142  116 8091748.21 7806134.87  3.53%   5.9 1505s
 1347496 1136155 8033394.17  245   78 8091748.21 7806167.02  3.53%   5.9 1510s
 1353436 1140920 7925286.22   71   98 8091748.21 7806202.62  3.53%   5.9 1515s
 1359734 1146059 8089214.30  111   74 8091748.21 7806238.87  3.53%   5.9 1520s
 1365712 1151098 8085977.49  291   46 8091748.21 7806290.06  3.53%   5.9 1525s
 1372362 1157015 8010675.95   75  117 8091748.21 7806320.89  3.53%   5.9 1530s
 1378564 1162033 7970812.02  394   98 8091748.21 7806383.64  3.53%   5.9 1535s
 1384681 1167542 7957603.06   88  124 8091748.21 7806414.55  3.53%   5.9 1540s
 1390601 1172819 7983978.21  167  118 8091748.21 7806456.82  3.53%   5.9 1545s
 1397954 1178877 7919380.77   62  132 8091748.21 7806496.88  3.53%   5.9 1550s
 1404505 1184683     cutoff   95      8091748.21 7806539.86  3.52%   5.9 1555s
 1411060 1190488     cutoff  157      8091748.21 7806575.27  3.52%   5.9 1560s
 1417993 1196448     cutoff   99      8091748.21 7806594.79  3.52%   5.9 1565s
 1422488 1200037 8055256.37   84   79 8091748.21 7806642.25  3.52%   5.9 1570s
 1428675 1205341 8036733.52  473  116 8091748.21 7806701.44  3.52%   5.9 1575s
 1435352 1210766 8079490.57  596  106 8091748.21 7806739.94  3.52%   5.9 1580s
 1440910 1215635 8060378.99   99  114 8091748.21 7806777.71  3.52%   5.9 1585s
 1447094 1220664 8045117.15   75   84 8091748.21 7806808.01  3.52%   5.9 1590s
 1453498 1226041 8075826.93  102  120 8091748.21 7806848.29  3.52%   5.9 1595s
 1459317 1230644 8057290.97   92   83 8091748.21 7806886.28  3.52%   5.9 1600s
 1464099 1234425 8079390.06  112  112 8091748.21 7806921.60  3.52%   5.9 1605s
 1470567 1240283 8074631.37  230   98 8091748.21 7806940.33  3.52%   5.9 1610s
 1476681 1245670     cutoff  128      8091748.21 7806981.04  3.52%   5.9 1615s
 1482623 1250685 8044654.28   76   84 8091748.21 7807012.29  3.52%   5.9 1620s
 1489427 1256321 8087251.18   95   73 8091748.21 7807046.89  3.52%   5.9 1625s
 1495449 1261501 8067016.96  368  103 8091748.21 7807085.99  3.52%   5.9 1630s
 1499788 1265002 7950357.59   83  127 8091748.21 7807123.29  3.52%   5.9 1635s
 1503822 1268221 8068338.68  386  105 8091748.21 7807143.79  3.52%   5.9 1640s
 1506680 1270271 8036734.85  116   76 8091748.21 7807160.49  3.52%   5.9 1645s
 1511282 1274583     cutoff  331      8091748.21 7807168.97  3.52%   5.9 1650s
 1515570 1277754 8078900.70  209   72 8091748.21 7807194.42  3.52%   5.9 1655s
 1520105 1281519 7963331.07   68   91 8091748.21 7807222.29  3.52%   5.9 1660s
 1525446 1286412 8009690.03  175  113 8091748.21 7807248.59  3.52%   5.9 1665s
 1529915 1290200 8005403.84  167  111 8091748.21 7807271.24  3.52%   5.9 1670s
 1533960 1293572 8058745.59  842  107 8091748.21 7807281.01  3.52%   5.9 1675s
 1537539 1296363 8079039.32  108  108 8091748.21 7807298.34  3.52%   5.9 1680s
Created node file directory '/home/ps12398/experiment_epec/goalProgrammingMarcos//grbnodes5'
 1538581 1297139 8078683.37  274  106 8091748.21 7807312.60  3.52%   5.9 1685s
 1541974 1300032 8055221.46  494   98 8091748.21 7807318.78  3.52%   5.9 1690s
 1545806 1302035 8055394.79   89  116 8091748.21 7807328.26  3.51%   5.9 1695s
 1550225 1305841     cutoff   98      8091748.21 7807331.62  3.51%   5.9 1700s
 1554802 1309357 8006781.15  352   86 8091748.21 7807340.31  3.51%   5.9 1705s
 1559313 1312670 8088451.97  113   71 8091748.21 7807343.38  3.51%   5.9 1710s
 1563695 1315753 8003380.19  121   84 8091748.21 7807345.28  3.51%   5.9 1715s
 1565023 1316705 8037437.84  223  114 8091748.21 7807345.28  3.51%   5.9 1720s
 1568442 1319031 7979801.28  132  116 8091748.21 7807356.07  3.51%   5.9 1725s
 1571761 1321955 8072679.13  226   99 8091748.21 7807356.07  3.51%   5.9 1730s
 1574964 1322961     cutoff  109      8091748.21 7807367.61  3.51%   5.9 1735s
 1578429 1324827 8073123.78  108   61 8091748.21 7807371.47  3.51%   5.9 1740s
 1583537 1328380 8068526.10  361   61 8091748.21 7807373.08  3.51%   5.9 1745s
 1588825 1333376 8038982.56  274  119 8091748.21 7807382.44  3.51%   5.9 1750s
 1591617 1335573 8074838.80   92   75 8091748.21 7807383.47  3.51%   5.9 1755s
 1594799 1337578 8082955.17  182   55 8091748.21 7807392.23  3.51%   5.9 1760s
 1598047 1339854 8091522.19  101   78 8091748.21 7807395.49  3.51%   5.9 1765s
 1601758 1342898 8013031.29  434   89 8091748.21 7807397.33  3.51%   5.9 1770s
 1604776 1345120     cutoff   92      8091748.21 7807401.82  3.51%   5.9 1775s
 1608411 1347929 8003694.54   97  121 8091748.21 7807407.94  3.51%   5.9 1780s
 1611119 1348968     cutoff  116      8091748.21 7807410.21  3.51%   5.9 1785s
 1615674 1352513     cutoff  120      8091748.21 7807415.33  3.51%   6.0 1790s
 1616587 1352940 8012410.06  108   69 8091748.21 7807415.33  3.51%   6.0 1795s
 1619597 1355499 8006348.67  140  120 8091748.21 7807415.33  3.51%   6.0 1800s
 1622974 1357190     cutoff   91      8091748.21 7807421.23  3.51%   6.0 1805s
 1627003 1360915     cutoff  100      8091748.21 7807431.89  3.51%   6.0 1810s
 1630675 1362023 8082986.75  105   76 8091748.21 7807449.20  3.51%   6.0 1815s
 1635687 1365845 8078372.20  259  100 8091748.21 7807449.20  3.51%   6.0 1820s
 1640233 1369381 8049527.94  257  107 8091748.21 7807453.70  3.51%   6.0 1825s
 1643565 1370989 7963440.17  174  127 8091748.21 7807463.57  3.51%   6.0 1832s
 1646218 1373827 8032843.81  317  111 8091748.21 7807463.57  3.51%   6.0 1835s
 1650501 1377410     cutoff  103      8091748.21 7807464.67  3.51%   6.0 1840s
 1653150 1379213     cutoff   91      8091748.21 7807467.88  3.51%   6.0 1845s
 1657478 1383682 8008904.31  170  113 8091748.21 7807473.21  3.51%   6.0 1850s
 1661325 1387405 8072720.06  255   98 8091748.21 7807473.21  3.51%   6.0 1855s
 1664532 1389047 7958475.06  115  128 8091748.21 7807483.51  3.51%   6.0 1860s
 1668031 1391830 8067435.59  259  100 8091748.21 7807483.51  3.51%   6.0 1865s
 1672590 1395875 7996868.05  168  118 8091748.21 7807491.56  3.51%   6.0 1870s
 1676920 1399142 8071379.17  111   55 8091748.21 7807496.19  3.51%   6.0 1875s
 1680314 1401801 8017879.90  261  113 8091748.21 7807500.78  3.51%   6.0 1880s
 1682601 1403618 8079152.06  378   56 8091748.21 7807500.78  3.51%   6.0 1886s
 1684765 1404709 8071910.63   96   73 8091748.21 7807507.57  3.51%   6.0 1890s
 1687836 1406196 7944471.24   95  128 8091748.21 7807512.15  3.51%   6.0 1895s
 1692503 1409859 8021832.51  113   70 8091748.21 7807515.73  3.51%   6.0 1900s
 1696133 1412645 8031265.12  223  107 8091748.21 7807518.41  3.51%   6.0 1905s
 1699584 1414687 8073492.53   98  115 8091748.21 7807523.37  3.51%   6.0 1910s
 1703945 1419287 8024781.35  243  118 8091748.21 7807524.25  3.51%   6.0 1915s
 1706917 1421060 8089165.28  310  106 8091748.21 7807524.25  3.51%   6.0 1921s
 1709538 1422738 8012370.61  135  119 8091748.21 7807528.66  3.51%   6.0 1925s
 1713971 1426509 7929416.36   69   93 8091748.21 7807536.97  3.51%   6.0 1930s
 1719703 1430612 8084773.29   93   76 8091748.21 7807544.28  3.51%   6.0 1935s
 1726258 1436389 8019221.50  163   84 8091748.21 7807548.09  3.51%   6.0 1940s
 1728359 1437184 8070844.46   86  120 8091748.21 7807555.24  3.51%   6.0 1945s
 1732369 1440632     cutoff  143      8091748.21 7807558.99  3.51%   6.0 1950s
 1736607 1444427 7997885.96  130  117 8091748.21 7807567.91  3.51%   6.0 1955s
 1740874 1448289 8073993.58  329  100 8091748.21 7807567.91  3.51%   6.0 1960s
 1744756 1450736 8078250.82  100   71 8091748.21 7807573.32  3.51%   6.0 1965s
 1746507 1452556 8015985.49  106   76 8091748.21 7807573.32  3.51%   6.0 1970s
 1749630 1453792     cutoff  106      8091748.21 7807579.49  3.51%   6.0 1975s
 1753306 1456874 7995380.99  405   80 8091748.21 7807588.38  3.51%   6.0 1980s
 1758312 1461431     cutoff  122      8091748.21 7807590.60  3.51%   6.0 1985s
 1761554 1463496 7998944.55  422   94 8091748.21 7807603.23  3.51%   6.0 1990s
 1764933 1465509 7864900.61  131  125 8091748.21 7807608.92  3.51%   6.0 1995s
 1767493 1467849     cutoff  109      8091748.21 7807610.37  3.51%   6.0 2000s
 1772165 1470818 8027460.45   83   83 8091748.21 7807617.84  3.51%   6.0 2005s
 1775140 1472399 7994045.24  161  115 8091748.21 7807626.75  3.51%   6.0 2010s
 1779968 1476067 7861092.86  115  125 8091748.21 7807635.78  3.51%   6.0 2015s
 1785848 1480519 8068576.61  114   67 8091748.21 7807643.65  3.51%   6.0 2020s
 1788902 1481640 7951537.18  346   93 8091748.21 7807662.18  3.51%   6.0 2025s
 1791314 1483762 8063761.78  467  101 8091748.21 7807662.18  3.51%   6.0 2030s
 1795441 1486812 8000034.42  183  118 8091748.21 7807671.75  3.51%   6.0 2035s
 1800909 1491323     cutoff  124      8091748.21 7807674.39  3.51%   6.0 2040s
 1804039 1493386 7996452.09  243  128 8091748.21 7807682.04  3.51%   6.0 2045s
 1807895 1496116 7890364.35  129  120 8091748.21 7807685.65  3.51%   6.0 2050s
 1811032 1498179     cutoff  257      8091748.21 7807687.81  3.51%   6.0 2056s
 1814337 1500480 8022036.65  225  111 8091748.21 7807690.07  3.51%   6.0 2060s
 1818096 1503215 7990018.32  151  121 8091748.21 7807696.90  3.51%   6.0 2065s
 1822116 1506770 8088881.72  173   62 8091748.21 7807698.09  3.51%   6.0 2070s
 1825575 1508553 7952626.76  102  124 8091748.21 7807700.67  3.51%   6.0 2075s
 1829837 1511587 8076318.30  306   91 8091748.21 7807700.67  3.51%   6.0 2080s
 1831153 1511842 8089204.84  171   65 8091748.21 7807706.33  3.51%   6.0 2085s
 1834180 1514951 8025343.13  177  121 8091748.21 7807706.33  3.51%   6.1 2090s
 1837743 1517327 8060693.96  206  109 8091748.21 7807706.33  3.51%   6.1 2095s
 1840910 1519461 8016062.19  186  119 8091748.21 7807710.10  3.51%   6.1 2100s
 1845285 1523197 8079967.95  155   55 8091748.21 7807711.13  3.51%   6.1 2105s
 1847704 1523915 8072508.48  142   63 8091748.21 7807714.17  3.51%   6.1 2111s
 1850262 1526051     cutoff  451      8091748.21 7807715.81  3.51%   6.1 2115s
 1853146 1526988     cutoff  186      8091748.21 7807718.18  3.51%   6.1 2120s
 1859353 1532887 7864128.93  221  117 8091748.21 7807718.24  3.51%   6.1 2125s
 1862720 1534466 7952733.71   83  126 8091748.21 7807722.38  3.51%   6.1 2130s
 1866695 1538526 8038842.81  237  111 8091748.21 7807722.38  3.51%   6.1 2137s
 1869074 1540592 8071265.07  298   95 8091748.21 7807722.38  3.51%   6.1 2140s
 1871794 1541262 8077987.21  190   65 8091748.21 7807727.52  3.51%   6.1 2145s
 1877747 1545988 8040246.09  206  109 8091748.21 7807730.40  3.51%   6.1 2150s
 1881578 1548055 8076987.56  102  112 8091748.21 7807736.16  3.51%   6.2 2155s
 1884839 1548957     cutoff  228      8091748.21 7807741.17  3.51%   6.2 2160s
 1887337 1551366 8079356.12  135  107 8091748.21 7807741.17  3.51%   6.2 2165s
 1890775 1553438     cutoff  101      8091748.21 7807743.32  3.51%   6.2 2170s
 1893871 1555652 infeasible  221      8091748.21 7807745.63  3.51%   6.2 2175s
 1897262 1557643 7863711.96  262  124 8091748.21 7807750.08  3.51%   6.2 2180s
 1900622 1559796 7963499.25  357   90 8091748.21 7807752.73  3.51%   6.2 2185s
 1905868 1564905     cutoff  248      8091748.21 7807752.79  3.51%   6.2 2190s
 1907810 1565680 7954219.81   71  130 8091748.21 7807755.10  3.51%   6.2 2195s
 1911036 1567401     cutoff  112      8091748.21 7807755.89  3.51%   6.2 2200s
 1913910 1568476 8014085.10  289  119 8091748.21 7807759.89  3.51%   6.2 2205s
 1916883 1570334 8064129.62  331  106 8091748.21 7807759.89  3.51%   6.2 2210s
 1920438 1572889 8010230.97  159   81 8091748.21 7807764.83  3.51%   6.2 2215s
 1924060 1575416 8075858.70  100   70 8091748.21 7807766.58  3.51%   6.2 2220s
 1926997 1576811 8081163.19  294  110 8091748.21 7807770.42  3.51%   6.3 2225s
 1930132 1578396 7987789.22  157  121 8091748.21 7807776.29  3.51%   6.3 2230s
 1932967 1580999 8071860.59  285  105 8091748.21 7807776.29  3.51%   6.3 2236s
 1935279 1581640 8077239.30  126  107 8091748.21 7807787.47  3.51%   6.3 2240s
 1939102 1584141 7959369.21  101  126 8091748.21 7807794.62  3.51%   6.3 2245s
 1943434 1586972     cutoff  120      8091748.21 7807801.48  3.51%   6.3 2250s
 1948185 1590670 8066893.90   86   76 8091748.21 7807808.14  3.51%   6.3 2255s
 1952790 1594116 8079565.80   93   76 8091748.21 7807815.07  3.51%   6.3 2260s
 1955884 1595214 8083894.95  120  109 8091748.21 7807828.46  3.51%   6.3 2265s
 1961459 1600969 8076483.74  310   99 8091748.21 7807829.19  3.51%   6.3 2270s
 1965307 1603890 7933335.05   78  129 8091748.21 7807831.84  3.51%   6.3 2275s
 1970181 1607834 8046732.30  259  104 8091748.21 7807831.84  3.51%   6.3 2280s
 1973873 1609881 8035879.47  236  112 8091748.21 7807842.27  3.51%   6.3 2285s
 1976020 1611591 8006755.14  103  123 8091748.21 7807843.25  3.51%   6.3 2290s
 1978475 1612324 8076796.40  170  109 8091748.21 7807852.45  3.51%   6.3 2295s
 1982149 1614882 8006558.79  162  114 8091748.21 7807854.68  3.51%   6.3 2300s
 1986619 1618368 7943891.30   79   93 8091748.21 7807867.45  3.51%   6.3 2305s
 1991558 1622640     cutoff  103      8091748.21 7807868.63  3.51%   6.3 2310s
 1994574 1624305 7955093.19   80   92 8091748.21 7807875.67  3.51%   6.3 2317s
 1997107 1626671 8072375.42  133   60 8091748.21 7807875.67  3.51%   6.3 2320s
 2000688 1628287     cutoff   92      8091748.21 7807878.87  3.51%   6.3 2325s
 2003938 1630220 7940690.53   82  128 8091748.21 7807890.20  3.51%   6.3 2330s
 2009794 1636212 8065244.85  299   99 8091748.21 7807890.20  3.51%   6.3 2335s
 2013129 1637869 8082842.83   98  113 8091748.21 7807902.76  3.51%   6.3 2340s
 2014684 1639055 8080232.59  310  100 8091748.21 7807910.94  3.51%   6.3 2345s
 2018057 1641003     cutoff  131      8091748.21 7807915.50  3.51%   6.3 2350s
 2021757 1643809 8084685.46   93  111 8091748.21 7807917.70  3.51%   6.3 2355s
 2025459 1646879 7993676.91  166  117 8091748.21 7807921.28  3.51%   6.3 2360s
 2030465 1651385 8088437.59  135   50 8091748.21 7807921.83  3.51%   6.3 2365s
 2033792 1653287 7970700.19  112  126 8091748.21 7807927.33  3.51%   6.3 2370s
 2036532 1656203 8021974.13  199  114 8091748.21 7807927.33  3.51%   6.3 2375s
 2041148 1659916     cutoff  375      8091748.21 7807927.47  3.51%   6.2 2380s
 2044187 1660918 8084919.74  106  110 8091748.21 7807938.26  3.51%   6.3 2385s
 2046593 1661837 8018202.32   98   85 8091748.21 7807949.42  3.51%   6.3 2390s
 2050984 1664967 8076890.05  119   74 8091748.21 7807959.59  3.51%   6.3 2395s
 2056031 1667796 7992299.46  131  119 8091748.21 7807977.14  3.51%   6.3 2400s
 2059324 1669923 8090278.98  126   60 8091748.21 7807988.20  3.51%   6.3 2405s
 2063425 1672292     cutoff   88      8091748.21 7807998.49  3.51%   6.3 2410s
 2068048 1676416     cutoff  143      8091748.21 7808000.06  3.51%   6.3 2415s
 2071473 1678244     cutoff  117      8091748.21 7808006.50  3.51%   6.3 2420s
 2075628 1681224 8004715.85  183  115 8091748.21 7808011.02  3.51%   6.3 2425s
 2078851 1684132 8066414.21  226  105 8091748.21 7808011.02  3.51%   6.3 2431s
 2080738 1685086 7940633.06   99  125 8091748.21 7808022.79  3.51%   6.3 2435s
 2084205 1687629 7814804.05   69  132 8091748.21 7808043.26  3.51%   6.3 2440s
 2087877 1690435 8065457.03   82   74 8091748.21 7808050.67  3.51%   6.3 2445s
 2092450 1693736     cutoff  114      8091748.21 7808055.68  3.51%   6.3 2450s
 2097562 1698772 8030655.38  217  109 8091748.21 7808060.08  3.51%   6.3 2455s
 2100281 1700952 8080082.20  113   67 8091748.21 7808060.97  3.51%   6.3 2460s
 2103052 1702226     cutoff  130      8091748.21 7808072.34  3.51%   6.3 2465s
 2106299 1704895 7969544.14  116  124 8091748.21 7808076.35  3.51%   6.3 2470s
 2110409 1708293 8090449.33  365   96 8091748.21 7808076.35  3.51%   6.3 2475s
 2114417 1711478 8065176.60 1531   82 8091748.21 7808084.86  3.51%   6.3 2480s
 2117524 1713691 8082917.55  126   65 8091748.21 7808089.94  3.51%   6.3 2486s
 2121422 1716586 8074039.51  122   65 8091748.21 7808094.50  3.51%   6.3 2490s
 2124910 1719953 8064838.24  315  112 8091748.21 7808097.62  3.51%   6.3 2495s
 2128622 1722506 8076021.54  103   68 8091748.21 7808098.74  3.51%   6.3 2500s
 2131583 1723994 7949988.03   82   94 8091748.21 7808102.55  3.51%   6.3 2505s
 2135160 1727038 8063792.63  288  103 8091748.21 7808102.55  3.51%   6.3 2511s
 2137655 1728292 7983678.45  235  124 8091748.21 7808108.41  3.51%   6.3 2515s
 2141656 1730840 8091046.08  385   60 8091748.21 7808114.20  3.51%   6.3 2520s
 2145272 1732856 7952737.81  161   91 8091748.21 7808126.14  3.51%   6.3 2525s
 2149898 1735625 8079417.11   95  115 8091748.21 7808134.74  3.50%   6.3 2530s
 2152413 1736320 8079982.09  128   66 8091748.21 7808149.82  3.50%   6.3 2535s
 2157314 1741154 7995716.24  154  116 8091748.21 7808154.37  3.50%   6.3 2540s
 2160820 1744378 8062951.39  275  102 8091748.21 7808154.37  3.50%   6.3 2545s
 2164816 1746690     cutoff  101      8091748.21 7808164.59  3.50%   6.3 2550s
 2168554 1748687     cutoff  108      8091748.21 7808167.80  3.50%   6.3 2555s
 2173482 1752625 7932912.19   78  125 8091748.21 7808176.70  3.50%   6.3 2560s
 2176521 1754751 8074389.95  105   68 8091748.21 7808181.89  3.50%   6.3 2565s
 2180452 1757973     cutoff  123      8091748.21 7808182.95  3.50%   6.3 2570s
 2183605 1759521 7975282.93  121  120 8091748.21 7808188.60  3.50%   6.3 2575s
 2188180 1763249     cutoff  278      8091748.21 7808188.60  3.50%   6.3 2580s
 2191825 1765740 8003356.87  180  114 8091748.21 7808198.28  3.50%   6.3 2585s
 2194246 1767699 8079070.42  310   99 8091748.21 7808198.28  3.50%   6.3 2591s
 2196670 1768247 8082370.56  116  107 8091748.21 7808222.57  3.50%   6.3 2595s
 2199874 1769637 8000252.46  133   85 8091748.21 7808232.95  3.50%   6.3 2600s
 2203522 1772321 8071724.92  119  110 8091748.21 7808234.92  3.50%   6.3 2605s
 2207317 1774182     cutoff  101      8091748.21 7808245.12  3.50%   6.3 2610s
 2212041 1778760 8025022.79  191  108 8091748.21 7808247.37  3.50%   6.3 2615s
 2216028 1781799     cutoff  128      8091748.21 7808251.48  3.50%   6.3 2620s
 2218334 1783431 7986306.74  108   90 8091748.21 7808256.49  3.50%   6.3 2625s
 2222553 1787368 8090996.64  400   99 8091748.21 7808256.49  3.50%   6.3 2630s
 2225579 1788586 7970865.82  134  125 8091748.21 7808263.66  3.50%   6.3 2635s
 2229559 1791559 7980822.58   80   91 8091748.21 7808271.68  3.50%   6.3 2640s
 2233684 1794953     cutoff  107      8091748.21 7808278.03  3.50%   6.3 2645s
 2237200 1797578 8046073.74  206  110 8091748.21 7808284.68  3.50%   6.3 2652s
 2239816 1799464 8076054.58   85  113 8091748.21 7808288.94  3.50%   6.3 2655s
 2244344 1802621 8063828.58  328   52 8091748.21 7808292.29  3.50%   6.3 2660s
 2248665 1805644 7998094.75  157  120 8091748.21 7808300.09  3.50%   6.3 2665s
 2253196 1808958 7962934.19   99  124 8091748.21 7808309.69  3.50%   6.3 2670s
 2256119 1811682 8035301.86  196  108 8091748.21 7808309.69  3.50%   6.3 2675s
 2259813 1814625 8030282.37  135   88 8091748.21 7808311.57  3.50%   6.3 2680s
 2265573 1818729 8069400.51  148  122 8091748.21 7808328.80  3.50%   6.3 2685s
 2270650 1822595 8027405.01  186  115 8091748.21 7808333.33  3.50%   6.3 2690s
 2273040 1824654 8076281.03  310   96 8091748.21 7808333.33  3.50%   6.3 2695s
 2276217 1826550     cutoff  127      8091748.21 7808347.23  3.50%   6.3 2700s
 2280266 1829418 7944622.42  116  125 8091748.21 7808350.28  3.50%   6.3 2705s
 2284305 1832945 8060288.45  324   98 8091748.21 7808350.28  3.50%   6.3 2710s
 2287220 1835051 7978708.23  141  121 8091748.21 7808357.71  3.50%   6.3 2715s
 2290518 1837691 8065568.70  268   96 8091748.21 7808357.71  3.50%   6.3 2721s
 2292837 1839450 7946037.32  177   95 8091748.21 7808369.39  3.50%   6.3 2725s
 2297797 1844466 8033681.29  322  117 8091748.21 7808369.39  3.50%   6.3 2730s
 2301165 1845881 8068604.17  108  108 8091748.21 7808378.09  3.50%   6.3 2735s
 2304429 1847605 8091021.95  162  106 8091748.21 7808387.30  3.50%   6.3 2740s
 2308889 1851735     cutoff  122      8091748.21 7808388.36  3.50%   6.3 2747s
 2310719 1852791 7956379.83   98  126 8091748.21 7808392.36  3.50%   6.3 2750s
 2316101 1857527 8081374.00  295   97 8091748.21 7808392.36  3.50%   6.3 2755s
 2319424 1859983 7993189.35  183  121 8091748.21 7808397.46  3.50%   6.3 2760s
 2323030 1862648 8083259.94  398   58 8091748.21 7808397.46  3.50%   6.3 2765s
 2326821 1864860 8078468.08  109   59 8091748.21 7808410.95  3.50%   6.3 2770s
 2328626 1866414     cutoff   86      8091748.21 7808411.19  3.50%   6.3 2775s
 2332768 1869836 8019584.97  214   91 8091748.21 7808412.69  3.50%   6.3 2780s
 2335989 1872166 8077894.91  389   98 8091748.21 7808412.69  3.50%   6.3 2785s
 2340931 1876851 8033054.86  259  108 8091748.21 7808420.58  3.50%   6.3 2790s
 2343811 1879619 8082472.30  435   94 8091748.21 7808420.58  3.50%   6.3 2795s
 2346583 1880969 8079619.26  101   69 8091748.21 7808422.38  3.50%   6.3 2800s
 2350775 1883437     cutoff  110      8091748.21 7808428.55  3.50%   6.3 2805s
 2353907 1885800 8074547.16  108   72 8091748.21 7808435.35  3.50%   6.3 2810s
 2358573 1889309     cutoff  101      8091748.21 7808438.75  3.50%   6.3 2815s
 2361795 1892424 7999150.58  109   89 8091748.21 7808442.60  3.50%   6.3 2820s
 2365627 1895290     cutoff  105      8091748.21 7808445.64  3.50%   6.3 2825s
 2369811 1898683 8031303.96   91   80 8091748.21 7808456.81  3.50%   6.3 2830s
 2373714 1901519     cutoff  295      8091748.21 7808460.67  3.50%   6.3 2835s
 2376904 1902847 8073181.50   99  113 8091748.21 7808466.16  3.50%   6.3 2840s
 2380086 1904475     cutoff  150      8091748.21 7808469.14  3.50%   6.3 2845s
 2384098 1907200 8035842.29  239  111 8091748.21 7808470.08  3.50%   6.3 2852s
 2386730 1908621 8054362.89   94  116 8091748.21 7808477.42  3.50%   6.3 2855s
 2390776 1911980     cutoff  392      8091748.21 7808480.81  3.50%   6.3 2860s
 2394651 1914537 7974897.47  119  122 8091748.21 7808483.65  3.50%   6.3 2865s
 2398741 1917730 8052995.58  363   67 8091748.21 7808483.65  3.50%   6.3 2870s
 2401055 1919563 8084139.56  105   71 8091748.21 7808493.45  3.50%   6.3 2875s
 2404534 1921832     cutoff  104      8091748.21 7808505.62  3.50%   6.3 2880s
 2410680 1926981 7985919.18  187   89 8091748.21 7808517.84  3.50%   6.3 2885s
 2416642 1931801 8076270.55  118   50 8091748.21 7808522.95  3.50%   6.3 2890s
 2418848 1932634     cutoff  105      8091748.21 7808536.04  3.50%   6.3 2895s
 2423353 1936632 8087765.75  143  106 8091748.21 7808537.60  3.50%   6.3 2900s
 2427067 1938972 7940054.19   70  127 8091748.21 7808544.49  3.50%   6.3 2905s
 2430795 1942337 8079425.15  119   59 8091748.21 7808546.32  3.50%   6.3 2910s
 2433061 1944280 7985516.83  141  120 8091748.21 7808552.46  3.50%   6.3 2915s
 2437816 1948729 8073061.44  313   53 8091748.21 7808552.46  3.50%   6.3 2920s
 2441181 1950973 8074491.64  110   71 8091748.21 7808558.17  3.50%   6.3 2925s
 2446269 1956044 8025335.14  173  113 8091748.21 7808559.82  3.50%   6.3 2930s
 2448613 1957874 8075702.48  292   99 8091748.21 7808559.82  3.50%   6.3 2935s
 2452360 1959470     cutoff  133      8091748.21 7808578.15  3.50%   6.3 2940s
 2456858 1962109     cutoff  114      8091748.21 7808589.25  3.50%   6.3 2945s
 2463404 1968448 8056328.11  248   64 8091748.21 7808596.46  3.50%   6.3 2950s
 2465700 1970312 7957946.57   77  128 8091748.21 7808599.76  3.50%   6.3 2955s
 2468636 1971755 7933695.80   72  132 8091748.21 7808609.31  3.50%   6.3 2960s
 2473699 1976483 8076993.08  257   98 8091748.21 7808609.31  3.50%   6.3 2965s
 2478465 1979912 8060395.06  338   97 8091748.21 7808614.92  3.50%   6.3 2970s
 2482279 1982491 8036798.04  219   72 8091748.21 7808624.85  3.50%   6.3 2977s
 2484705 1984418 8055708.58  102   79 8091748.21 7808629.25  3.50%   6.3 2980s
 2489087 1988159 7975975.73  113   89 8091748.21 7808634.04  3.50%   6.3 2985s
 2493600 1992212 8053296.23  275  111 8091748.21 7808634.04  3.50%   6.3 2990s
 2496939 1993944 7971438.35  117  122 8091748.21 7808641.43  3.50%   6.3 2995s
 2499479 1995929 8041836.50  193  107 8091748.21 7808641.43  3.50%   6.3 3000s
 2503416 1999035 7996427.01  175  120 8091748.21 7808657.75  3.50%   6.3 3005s
 2507690 2002529 7957590.83  103  128 8091748.21 7808658.64  3.50%   6.3 3010s
 2511157 2004918 8086458.58  171   55 8091748.21 7808667.46  3.50%   6.3 3015s
 2514265 2007734 7960883.37  100  125 8091748.21 7808676.17  3.50%   6.3 3021s
 2518528 2011987 8035699.12  174  110 8091748.21 7808676.17  3.50%   6.3 3025s
 2522292 2014202 8075529.26  189   66 8091748.21 7808676.32  3.50%   6.3 3030s
 2526083 2017282 8042792.61  233  108 8091748.21 7808680.37  3.50%   6.3 3035s
 2527921 2018864 8075280.73  293  104 8091748.21 7808680.37  3.50%   6.3 3040s
 2530359 2019929 7933351.77   81  130 8091748.21 7808694.13  3.50%   6.3 3045s
 2533638 2021479     cutoff  142      8091748.21 7808697.54  3.50%   6.3 3050s
 2537614 2024385 7810292.87   66  131 8091748.21 7808709.43  3.50%   6.3 3055s
 2542041 2028460 7984810.24  145  116 8091748.21 7808714.67  3.50%   6.3 3060s
 2545956 2032241 8074700.15  240  104 8091748.21 7808714.67  3.50%   6.3 3067s
 2548064 2033720 8075190.79  172   72 8091748.21 7808717.39  3.50%   6.3 3070s
 2551276 2035342 7973452.51  123  120 8091748.21 7808722.21  3.50%   6.3 3075s
 2555031 2038502 8083635.47  317   94 8091748.21 7808722.21  3.50%   6.3 3080s
 2558390 2040446     cutoff   95      8091748.21 7808728.86  3.50%   6.3 3085s
 2562314 2043467 8069789.32   81   79 8091748.21 7808730.48  3.50%   6.3 3092s
 2563739 2043891 7989099.51   95   83 8091748.21 7808738.66  3.50%   6.3 3095s
 2566328 2045202 7967289.21  101  125 8091748.21 7808742.93  3.50%   6.3 3100s
 2569920 2048125 8057584.94  268   97 8091748.21 7808742.93  3.50%   6.3 3105s
 2573626 2050715 8017203.43  149  115 8091748.21 7808754.66  3.50%   6.3 3110s
 2577627 2054115 8081167.17  200  103 8091748.21 7808754.66  3.50%   6.3 3116s
 2580183 2055235 7953343.89   96  124 8091748.21 7808758.29  3.50%   6.3 3120s
 2583948 2058560 8080525.12  255  100 8091748.21 7808758.29  3.50%   6.3 3125s
 2587488 2060880 8003037.67  109  119 8091748.21 7808767.52  3.50%   6.3 3130s
 2591606 2063750 7989371.04  103   92 8091748.21 7808771.42  3.50%   6.3 3135s
 2596371 2068497 8081581.95  289  111 8091748.21 7808771.42  3.50%   6.3 3141s
 2598029 2069325 7984986.00  109  124 8091748.21 7808772.86  3.50%   6.3 3145s
 2601635 2071911 7997463.49  141  115 8091748.21 7808776.44  3.50%   6.3 3150s
 2605032 2074233 7931461.90   82  127 8091748.21 7808782.57  3.50%   6.3 3155s
 2608654 2077146 8046895.17  231  111 8091748.21 7808782.57  3.50%   6.3 3160s
 2612681 2080041 8006433.72  446   88 8091748.21 7808792.41  3.50%   6.3 3165s
 2615523 2082159     cutoff  434      8091748.21 7808802.90  3.50%   6.3 3171s
 2618197 2083614 8079517.53  158   62 8091748.21 7808809.37  3.50%   6.3 3175s
 2622914 2088644 8021947.26  180  112 8091748.21 7808809.57  3.50%   6.3 3180s
 2626574 2091686 8015657.94   84  120 8091748.21 7808810.52  3.50%   6.3 3185s
 2630422 2094504 8086113.42  414  107 8091748.21 7808816.46  3.50%   6.3 3190s
 2632386 2095759 8075980.37  103  111 8091748.21 7808819.89  3.50%   6.3 3195s
 2635180 2096307 8057032.76   88   81 8091748.21 7808825.84  3.50%   6.3 3200s
 2640306 2101344 8046110.25  236  104 8091748.21 7808826.12  3.50%   6.3 3205s
 2643473 2103720 7938810.14   68  130 8091748.21 7808834.87  3.50%   6.3 3210s
 2647040 2106231     cutoff  111      8091748.21 7808838.88  3.50%   6.3 3215s
 2649345 2108087 8078874.85  128   62 8091748.21 7808838.99  3.50%   6.3 3220s
 2652948 2110479     cutoff   93      8091748.21 7808844.46  3.50%   6.3 3225s
 2655316 2111527 8083214.30  127   63 8091748.21 7808848.51  3.50%   6.3 3230s
 2657811 2111979 8081594.26  130   63 8091748.21 7808859.48  3.50%   6.3 3235s
 2661341 2114522 8016919.15  203  115 8091748.21 7808860.71  3.50%   6.3 3240s
 2664828 2117048 7960677.70   73  126 8091748.21 7808868.10  3.50%   6.3 3245s
 2668341 2120710 8047843.59  184  111 8091748.21 7808868.10  3.50%   6.3 3250s
 2671591 2122632     cutoff  145      8091748.21 7808872.48  3.50%   6.3 3255s
 2675731 2125825 8089401.74  135   55 8091748.21 7808876.80  3.50%   6.3 3260s
 2679119 2128378 8077804.58  121   57 8091748.21 7808880.47  3.50%   6.3 3265s
 2682282 2131044     cutoff  228      8091748.21 7808881.28  3.50%   6.3 3272s
 2683732 2131560 8082644.96  476  119 8091748.21 7808882.07  3.50%   6.4 3275s
 2687786 2135001 8009051.04  199  114 8091748.21 7808886.82  3.50%   6.4 3280s
 2691842 2138332     cutoff  456      8091748.21 7808888.34  3.50%   6.4 3285s
 2695323 2140857 8064425.34  205  109 8091748.21 7808890.18  3.50%   6.4 3290s
 2698615 2142685     cutoff  102      8091748.21 7808899.99  3.50%   6.4 3295s
 2700577 2144010     cutoff  180      8091748.21 7808903.13  3.50%   6.4 3300s
 2703277 2144911 7930880.35  154   95 8091748.21 7808912.23  3.50%   6.4 3305s
 2706363 2147187 7985922.16  134  117 8091748.21 7808917.34  3.50%   6.4 3310s
 2711675 2151441 8088920.93  290   95 8091748.21 7808919.03  3.50%   6.4 3315s
 2714879 2152466     cutoff  103      8091748.21 7808930.22  3.50%   6.4 3320s
 2717822 2154834 8016087.90  280  125 8091748.21 7808931.18  3.50%   6.4 3325s
 2719947 2156637 8074437.48  456  106 8091748.21 7808931.18  3.50%   6.4 3330s
 2723708 2159244 7959215.16   76  122 8091748.21 7808941.66  3.49%   6.4 3335s
 2727093 2161203 7994062.11  138  116 8091748.21 7808944.56  3.49%   6.4 3340s
 2730896 2164070 8080466.52  102   67 8091748.21 7808948.83  3.49%   6.4 3345s
 2733466 2164971 8012660.58  167  121 8091748.21 7808952.74  3.49%   6.4 3350s
 2735658 2166602 8058279.92  223  109 8091748.21 7808952.74  3.49%   6.4 3355s
 2739067 2168838     cutoff  103      8091748.21 7808956.43  3.49%   6.4 3360s
 2741893 2170070 8020503.49  171   67 8091748.21 7808964.19  3.49%   6.4 3365s
 2745867 2174062     cutoff  270      8091748.21 7808964.19  3.49%   6.4 3370s
 2748742 2174838 8078620.53  111   62 8091748.21 7808971.08  3.49%   6.4 3375s
 2752090 2176757 7989667.53  167  119 8091748.21 7808980.89  3.49%   6.4 3380s
 2754863 2179069 8051735.23  230  112 8091748.21 7808980.89  3.49%   6.4 3385s
 2757352 2179772     cutoff  105      8091748.21 7808989.79  3.49%   6.4 3390s
 2761225 2182719     cutoff  115      8091748.21 7808994.32  3.49%   6.4 3395s
 2764995 2185577 8052128.37   83   79 8091748.21 7808996.18  3.49%   6.4 3400s
 2768229 2187812 8007077.58  199   93 8091748.21 7808996.75  3.49%   6.4 3405s
 2771919 2190915 7946355.94   77   93 8091748.21 7809001.03  3.49%   6.4 3411s
 2775269 2193046     cutoff   91      8091748.21 7809003.21  3.49%   6.4 3415s
 2779507 2196439 8052810.91  221  104 8091748.21 7809006.44  3.49%   6.4 3420s
 2782936 2197610     cutoff  119      8091748.21 7809020.12  3.49%   6.4 3425s
 2787327 2201990 8010703.00  176  108 8091748.21 7809021.77  3.49%   6.4 3430s
 2788889 2203744 8039205.27  214  101 8091748.21 7809021.77  3.49%   6.4 3435s
 2793366 2206748 8085716.01  701   85 8091748.21 7809021.77  3.49%   6.4 3440s
 2795986 2207631 8066399.14   88   75 8091748.21 7809025.03  3.49%   6.4 3445s
 2799756 2210658 8076961.63  218   52 8091748.21 7809030.34  3.49%   6.4 3450s
 2802172 2212554 8046047.30  167   76 8091748.21 7809031.56  3.49%   6.4 3455s
 2806257 2215287 8071255.50  201   63 8091748.21 7809036.23  3.49%   6.4 3460s
 2810107 2218282 8042423.28  195  111 8091748.21 7809041.00  3.49%   6.4 3465s
 2813920 2220529 8013431.75   96   81 8091748.21 7809049.39  3.49%   6.4 3470s
 2817701 2223732 8010386.36  164  118 8091748.21 7809050.25  3.49%   6.4 3475s
 2819699 2225408 8068146.45  268  105 8091748.21 7809050.25  3.49%   6.4 3480s
 2823429 2227334 7817018.58   68  134 8091748.21 7809056.31  3.49%   6.4 3485s
 2826710 2229484     cutoff  111      8091748.21 7809059.06  3.49%   6.4 3490s
 2832061 2234060 8089691.24  391   96 8091748.21 7809062.14  3.49%   6.4 3495s
 2836801 2236066     cutoff  227      8091748.21 7809072.72  3.49%   6.4 3500s
 2839593 2238138 8030301.54  114   79 8091748.21 7809074.08  3.49%   6.4 3505s
 2843297 2240602     cutoff  219      8091748.21 7809080.54  3.49%   6.4 3510s
 2847616 2244311 7984922.58  151  120 8091748.21 7809082.70  3.49%   6.4 3515s
 2851322 2247530 8042036.53  225  108 8091748.21 7809082.70  3.49%   6.4 3520s
 2854552 2249049 7991795.16   99  126 8091748.21 7809086.72  3.49%   6.4 3525s
 2856331 2249786 8081581.03  131   62 8091748.21 7809091.19  3.49%   6.4 3530s
 2860768 2253641 8070031.97  109   68 8091748.21 7809094.98  3.49%   6.4 3535s
 2865070 2256289 7967411.03  126  122 8091748.21 7809100.34  3.49%   6.4 3540s
 2869440 2259893 8088920.65  239  107 8091748.21 7809100.34  3.49%   6.4 3545s
 2872898 2261978 7815891.64   72  133 8091748.21 7809108.71  3.49%   6.4 3551s
 2875405 2263514 8076219.95  135  119 8091748.21 7809111.37  3.49%   6.4 3555s
 2878891 2265813     cutoff  447      8091748.21 7809119.29  3.49%   6.4 3560s
 2881941 2267625 8086973.21   90   76 8091748.21 7809121.58  3.49%   6.4 3565s
 2886708 2271786 8066308.91  303  110 8091748.21 7809124.77  3.49%   6.4 3570s
 2889451 2273523 8064099.20  107  117 8091748.21 7809130.15  3.49%   6.4 3575s
 2892864 2275068 8077664.60  284   74 8091748.21 7809136.57  3.49%   6.4 3580s
 2895960 2276882 7975041.76  115  121 8091748.21 7809140.23  3.49%   6.4 3585s
 2900173 2279757     cutoff  246      8091748.21 7809141.45  3.49%   6.4 3590s
 2903518 2281948 7980125.24  129  122 8091748.21 7809143.43  3.49%   6.4 3595s
 2906298 2284085 8053455.49  203  108 8091748.21 7809143.43  3.49%   6.4 3600s

Cutting planes:
  RLT: 49

Explored 2906553 nodes (18692041 simplex iterations) in 3600.04 seconds (2727.18 work units)
Thread count was 2 (of 24 available processors)

Solution count 10: 8.09175e+06 8.09177e+06 8.09782e+06 ... 8.10265e+06

Time limit reached
Best objective 8.091748206000e+06, best bound 7.809143433756e+06, gap 3.4925%
