
Gurobi 11.0.3 (linux64, Java) logging started seg 02 dez 2024 13:26:35 -03

Set parameter Username
Academic license - for non-commercial use only - expires 2025-10-10
Set parameter NonConvex to value 2
Set parameter TimeLimit to value 3600
Set parameter LogToConsole to value 0
Set parameter MIPGap to value 1.8644701200280312e-08
Set parameter Threads to value 2
Set parameter NodefileDir to value "/home/ps12398/experiment_epec/goalProgrammingMarcos/"
Set parameter NodefileStart to value 1
Gurobi Optimizer version 11.0.3 build v11.0.3rc0 (linux64)

CPU model: Intel(R) Xeon(R) CPU           X5650  @ 2.67GHz, instruction set [SSE2]
Thread count: 12 physical cores, 24 logical processors, using up to 2 threads

Optimize a model with 474493 rows, 319608 columns and 2916759 nonzeros
Model fingerprint: 0xbf1bf040
Model has 404 quadratic constraints
Variable types: 159606 continuous, 160002 integer (399 binary)
Coefficient statistics:
  Matrix range     [3e-03, 8e+06]
  QMatrix range    [3e-03, 2e+05]
  QLMatrix range   [1e+00, 2e+05]
  Objective range  [1e+00, 1e+08]
  Bounds range     [1e+00, 1e+08]
  RHS range        [1e+00, 2e+07]
  QRHS range       [8e-02, 8e-02]
Presolve removed 473131 rows and 317308 columns
Presolve time: 1.72s
Presolved: 2785 rows, 2753 columns, 286015 nonzeros
Presolved model has 2 SOS constraint(s)
Presolved model has 399 bilinear constraint(s)

Solving non-convex MIQCP

Variable types: 1256 continuous, 1497 integer (401 binary)
Found heuristic solution: objective 1.505565e+07

Root relaxation: objective 0.000000e+00, 503 iterations, 0.42 seconds (0.14 work units)

    Nodes    |    Current Node    |     Objective Bounds      |     Work
 Expl Unexpl |  Obj  Depth IntInf | Incumbent    BestBd   Gap | It/Node Time

     0     0    0.00000    0  493 1.5056e+07    0.00000   100%     -    3s
     0     0    0.00000    0  643 1.5056e+07    0.00000   100%     -    5s
     0     0    0.00000    0  648 1.5056e+07    0.00000   100%     -   12s
     0     0    0.00000    0  647 1.5056e+07    0.00000   100%     -   12s
     0     0    0.00000    0  588 1.5056e+07    0.00000   100%     -   15s
     0     0    0.00000    0  565 1.5056e+07    0.00000   100%     -   17s
     0     0    0.00000    0  640 1.5056e+07    0.00000   100%     -   19s
     0     0    0.00000    0  640 1.5056e+07    0.00000   100%     -   20s
H    0     0                    8973325.1206    0.00000   100%     -   21s
     0     2    0.00000    0  640 8973325.12    0.00000   100%     -   24s
     1     4    0.00000    1  639 8973325.12    0.00000   100%   3.0   25s
    19    28    0.00000    6  644 8973325.12    0.00000   100%   157   30s
    29    69    0.00000    9  641 8973325.12    0.00000   100%   106   36s
    68   210    0.00000   26  624 8973325.12    0.00000   100%  55.9   45s
   209   425    0.00000   64  601 8973325.12    0.00000   100%  20.0   50s
   497   624    0.00000  127  553 8973325.12    0.00000   100%  15.0   63s
   623   687    0.00000  180  538 8973325.12    0.00000   100%  15.3   66s
   686   816    0.00000  202  542 8973325.12    0.00000   100%  17.9   70s
   815   998    0.00000  273  514 8973325.12    0.00000   100%  18.6   75s
H 1000  1088                    7067903.0150    0.00000   100%  17.5   78s
  1087  1301    0.00000  331  478 7067903.01    0.00000   100%  18.1   82s
  1300  1508    0.00000  393  467 7067903.01    0.00000   100%  16.7   87s
  1507  1708    0.00000  455  464 7067903.01    0.00000   100%  16.4   93s
  1707  1969    0.00000  532  428 7067903.01    0.00000   100%  16.4   99s
  1968  2041    0.00000  610  434 7067903.01    0.00000   100%  17.0  103s
H 1994  2041                    6799771.3114    0.00000   100%  16.9  103s
  2040  2308    0.00000  642  428 6799771.31    0.00000   100%  16.9  109s
  2307  2517    0.00000  735  418 6799771.31    0.00000   100%  16.5  144s
  2516  2739    0.00000  830  424 6799771.31    0.00000   100%  16.6  152s
H 2623  2739                    5573193.3884    0.00000   100%  16.4  152s
  2738  2848    0.00000  898  422 5573193.39    0.00000   100%  16.5  159s
H 2847  3127                    5573192.3471    0.00000   100%  16.4  167s
H 2965  3127                    5572073.8425    0.00000   100%  16.4  167s
  3128  3513    0.00000  973  410 5572073.84    0.00000   100%  16.0  175s
  3514  3890    0.00000 1092  403 5572073.84    0.00000   100%  15.3  183s
  3892  3891    0.00000  309  169 5572073.84    0.00000   100%  14.5  196s
  3894  3892    0.00000  275  216 5572073.84    0.00000   100%  14.5  205s
  3895  3893 3741.24757 1198  249 5572073.84    0.00000   100%  14.5  212s
  3896  3894    0.00000 1011  249 5572073.84    0.00000   100%  14.5  215s
  3898  3895    0.00000  871  249 5572073.84    0.00000   100%  14.5  220s
H 3898  3700                    5478870.5333    0.00000   100%  14.5  224s
H 3898  3515                    5477065.0551    0.00000   100%  14.5  224s
  3900  3516    0.00000  672  248 5477065.06    0.00000   100%  14.5  226s
  3903  3518    0.00000  438  251 5477065.06    0.00000   100%  14.4  231s
  3904  3519    0.00000 1187  251 5477065.06    0.00000   100%  14.4  236s
H 3904  3342                    4452043.8724    0.00000   100%  14.4  236s
  3906  3346    0.00000   15  649 4452043.87    0.00000   100%  16.6  240s
  3934  3365    0.00000   22  642 4452043.87    0.00000   100%  16.5  246s
  3982  3464    0.00000   36  632 4452043.87    0.00000   100%  16.4  253s
  4051  3461    0.00000   54  614 4452043.87    0.00000   100%  16.2  257s
  4071  3548    0.00000   60  606 4452043.87    0.00000   100%  16.1  262s
  4165  3681    0.00000   70  592 4452043.87    0.00000   100%  16.5  269s
  4329  3654    0.00000   86  609 4452043.87    0.00000   100%  16.5  294s
  4357  3723    0.00000   97  594 4452043.87    0.00000   100%  16.6  303s
  4435  3749    0.00000  122  575 4452043.87    0.00000   100%  17.2  311s
  4487  3767    0.00000  140  562 4452043.87    0.00000   100%  18.8  317s
  4522  3835    0.00000  149  558 4452043.87    0.00000   100%  20.3  324s
  4602  3935    0.00000  171  562 4452043.87    0.00000   100%  21.6  331s
  4729  3949    0.00000  209  538 4452043.87    0.00000   100%  23.0  336s
  4785  4064    0.00000  221  544 4452043.87    0.00000   100%  25.3  344s
  4919  4106    0.00000  264  536 4452043.87    0.00000   100%  26.6  353s
  5005  4137    0.00000  287  526 4452043.87    0.00000   100%  28.8  360s
  5065  4178    0.00000  301  510 4452043.87    0.00000   100%  31.3  369s
  5126  4243    0.00000  318  524 4452043.87    0.00000   100%  34.2  379s
H 5145  4069                    4244454.2495    0.00000   100%  35.0  379s
  5211  4192    0.00000  333  517 4244454.25    0.00000   100%  36.9  388s
  5356  4292    0.00000  353  536 4244454.25    0.00000   100%  39.8  398s
  5504  4717 16185.2519  386  528 4244454.25    0.00000   100%  43.1  410s
  5978  4869 133371.416  505  511 4244454.25    0.00000   100%  42.3  420s
H 5982  4708                    3878724.0400    0.00000   100%  42.3  420s
H 5988  4555                    3870990.1878    0.00000   100%  42.4  420s
H 6162  4353                    3760387.7851    0.00000   100%  42.2  420s
  6288  4625 314332.267  595  509 3760387.79    0.00000   100%  41.9  431s
  6602  4836 442317.203  690  495 3760387.79    0.00000   100%  42.4  440s
  6917  5038 552279.397  782  490 3760387.79    0.00000   100%  42.0  450s
H 6982  4880                    3749880.2253    0.00000   100%  41.7  450s
H 7165  4690                    3535542.7744    0.00000   100%  41.7  450s
H 7168  4565                    3532055.7409    0.00000   100%  41.7  450s
  7224  4850 657117.898  875  486 3532055.74    0.00000   100%  41.8  461s
H 7367  4687                    3402179.3909    0.00000   100%  41.6  461s
  7528  4962 740665.664  947  478 3402179.39    0.00000   100%  41.7  470s
  7857  5249 843196.772 1038  476 3402179.39    0.00000   100%  41.7  480s
H 8026  5082                    3401276.0613    0.00000   100%  41.7  480s
H 8254  5271                    3401276.0551    0.00000   100%  42.0  490s
H 8563  5068                    3396484.5955    0.00000   100%  42.0  490s
  8625  5328 1056759.75 1231  467 3396484.60    0.00000   100%  42.4  499s
  8906  5678 1146441.08 1308  465 3396484.60    0.00000   100%  43.7  512s
  9349  5961 1299194.58 1413  457 3396484.60    0.00000   100%  44.5  526s
  9780  6300 1352433.58 1502  452 3396484.60    0.00000   100%  44.8  537s
 10204  6729 1464550.34 1596  451 3396484.60    0.00000   100%  44.9  549s
 10633  7266 1568367.25 1702  448 3396484.60    0.00000   100%  45.2  561s
H10771  7266                    3306662.8965    0.00000   100%  45.1  561s
 11170  7695 1646376.57 1815  449 3306662.90    0.00000   100%  45.0  571s
H11353  7695                    3273111.8648    0.00000   100%  45.1  571s
 11599  8137 1729028.37 1941  442 3273111.86    0.00000   100%  45.1  582s
 12041  8561 1785607.00 2041  443 3273111.86    0.00000   100%  45.3  591s
 12465  9048 1838741.35 2159  446 3273111.86    0.00000   100%  45.4  601s
H12517  9048                    3256233.6124    0.00000   100%  45.5  601s
 12952  9420 1851840.61 2280  444 3256233.61    0.00000   100%  45.0  610s
 13324  9726 1884097.38 2380  446 3256233.61    0.00000   100%  45.5  620s
 13630 10058 1913500.52 2467  436 3256233.61    0.00000   100%  46.1  629s
H13681 10058                    3246198.5070    0.00000   100%  46.1  629s
 13962 10347 1915467.02 2564  435 3246198.51    0.00000   100%  46.6  638s
H13964 10347                    3231859.4522    0.00000   100%  46.6  638s
H14251 10788                    3229782.6552    0.00000   100%  47.0  648s
 14692 11042 1919397.12 2765  440 3229782.66    0.00000   100%  46.8  719s
 14946 11433 1943555.55 2828  448 3229782.66    0.00000   100%  46.8  729s
H14955 11433                    3220692.3922    0.00000   100%  46.8  729s
 15337 11861 1952679.92 2960  447 3220692.39    0.00000   100%  46.4  740s
 15765 12271 1953272.60 3082  447 3220692.39    0.00000   100%  46.4  751s
 16175 12809 1931726.17 3165  435 3220692.39    0.00000   100%  46.7  760s
 16713 13366 1932920.72 3258  434 3220692.39    0.00000   100%  46.5  772s
 17270 13708 1944564.73 3381  441 3220692.39    0.00000   100%  46.2  780s
 17612 13920 1980107.29 3461  437 3220692.39    0.00000   100%  47.0  786s
 17824 14206 2015759.04 3510  437 3220692.39    0.00000   100%  47.7  795s
 18110 14500 2030871.89 3566  424 3220692.39    0.00000   100%  48.3  807s
 18404 14745 2071487.90 3625  446 3220692.39    0.00000   100%  49.0  814s
 18649 15027 2095850.01 3694  421 3220692.39    0.00000   100%  49.9  822s
 18931 15655 2140504.72 3772  426 3220692.39    0.00000   100%  50.4  832s
H18943 15655                    3190526.8089    0.00000   100%  50.4  832s
 19559 16190 2243408.64 4009  414 3190526.81    0.00000   100%  49.8  845s
 20094 16192 2308116.97 4226  438 3190526.81    0.00000   100%  49.6  897s
 20096 16400 2318575.11 4226  445 3190526.81    0.00000   100%  49.6  905s
 20304 16712 2310985.20 4279  419 3190526.81    0.00000   100%  50.1  913s
 20616 17087 2325594.96 4349  411 3190526.81    0.00000   100%  50.5  922s
 20991 17410 2347200.55 4440  402 3190526.81    0.00000   100%  50.9  931s
 21314 17691 2351942.20 4521  404 3190526.81    0.00000   100%  51.3  940s
 21595 18191 2349724.18 4616  402 3190526.81    0.00000   100%  51.9  951s
 22095 18462 2351659.46 4720  401 3190526.81    0.00000   100%  52.1  960s
 22366 18950 2352980.56 4794  401 3190526.81    0.00000   100%  52.7  972s
 22854 19377 2356711.36 4988  402 3190526.81    0.00000   100%  52.4  980s
 23281 19598 2360968.70 5138  403 3190526.81    0.00000   100%  52.3  987s
 23620 20036 2563136.09 5257  358 3190526.81    0.00000   100%  52.2  998s
 24278 20762 2721922.12 5415  284 3190526.81    0.00000   100%  51.2 1011s
 25164 21292 2859270.56 5648  256 3190526.81    0.00000   100%  49.9 1022s
 25700 22029 2889045.87 5796  263 3190526.81    0.00000   100%  49.3 1034s
 26471 22627 2955220.17 6008  235 3190526.81    0.00000   100%  48.4 1043s
 27070 23206 2975414.24 6164  231 3190526.81    0.00000   100%  47.8 1053s
 27667 23549 2995441.82 6313  228 3190526.81    0.00000   100%  47.1 1061s
 28034 23921 3048693.39 6446  238 3190526.81    0.00000   100%  46.8 1069s
 28423 24339 3098644.52 6567  229 3190526.81    0.00000   100%  46.3 1076s
 28892 24559     cutoff 6698      3190526.81    0.00000   100%  45.7 1084s
 29169 24927 22795.6671  334  486 3190526.81    0.00000   100%  45.5 1090s
 29552 24999 76602.7659  390  484 3190526.81    0.00000   100%  45.1 1142s
 29638 25239 54625.2073  402  482 3190526.81    0.00000   100%  45.0 1147s
 29893 25420 157474.773  461  493 3190526.81    0.00000   100%  44.8 1152s
 30091 25533 157554.995  485  491 3190526.81    0.00000   100%  44.6 1158s
 30247 25761 232026.496  537  489 3190526.81    0.00000   100%  44.5 1162s
 30475 25949 351341.610  596  484 3190526.81    0.00000   100%  44.4 1166s
 30663 26152 380823.717  651  481 3190526.81    0.00000   100%  44.2 1172s
 30866 26346 421094.332  705  479 3190526.81    0.00000   100%  44.3 1179s
 31060 26589 471109.225  742  480 3190526.81    0.00000   100%  44.1 1183s
 31303 26783 547628.918  795  472 3190526.81    0.00000   100%  44.1 1188s
 31497 26852 624609.272  853  476 3190526.81    0.00000   100%  44.1 1195s
 31566 27082 642290.912  869  470 3190526.81    0.00000   100%  44.1 1202s
 31796 27278 707212.966  934  461 3190526.81    0.00000   100%  44.1 1206s
 31992 27488 759193.809  978  463 3190526.81    0.00000   100%  44.1 1212s
 32202 27750 829701.423 1031  462 3190526.81    0.00000   100%  44.0 1218s
 32464 28013 889581.671 1086  466 3190526.81    0.00000   100%  44.0 1225s
 32727 28240 932453.042 1140  461 3190526.81    0.00000   100%  43.9 1230s
 32954 28431 994025.768 1189  465 3190526.81    0.00000   100%  43.9 1235s
 33145 28682 1032773.40 1233  458 3190526.81    0.00000   100%  43.9 1241s
 33396 29051 1056350.76 1290  464 3190526.81    0.00000   100%  43.9 1248s
 33765 29299 1060223.83 1388  464 3190526.81    0.00000   100%  43.7 1256s
 34013 29631 1063188.49 1457  464 3190526.81    0.00000   100%  43.6 1261s
 34345 29877 1073268.20 1551  464 3190526.81    0.00000   100%  43.5 1266s
 34591 30146 1074254.59 1622  464 3190526.81    0.00000   100%  43.5 1272s
 34860 30407 1096916.40 1703  463 3190526.81    0.00000   100%  43.4 1279s
H35048 29927                    3080824.5828    0.00000   100%  43.4 1279s
 35121 30200 1087523.54 1780  463 3080824.58    0.00000   100%  43.4 1285s
 35394 30420 1108911.28 1863  464 3080824.58    0.00000   100%  43.5 1291s
 35614 30630 1134209.01 1932  466 3080824.58    0.00000   100%  43.6 1297s
 35824 30954 1152049.51 1982  470 3080824.58    0.00000   100%  43.6 1304s
 36148 31277 1157056.63 2063  462 3080824.58    0.00000   100%  43.5 1312s
 36471 31522 1179165.64 2157  464 3080824.58    0.00000   100%  43.4 1317s
 36716 31783 1218363.19 2221  468 3080824.58    0.00000   100%  43.5 1323s
 36977 31976 1237804.43 2282  456 3080824.58    0.00000   100%  43.5 1329s
 37170 32164 1288728.28 2325  468 3080824.58    0.00000   100%  43.7 1334s
 37358 32412 1294266.80 2371  454 3080824.58    0.00000   100%  43.8 1340s
 37606 32778 1384169.64 2422  473 3080824.58    0.00000   100%  43.9 1347s
 37972 33281 1733713.98 2548  402 3080824.58    0.00000   100%  43.7 1355s
 38475 33747 1803633.35 2730  401 3080824.58    0.00000   100%  43.5 1360s
 38941 34157 1810556.53 2889  388 3080824.58    0.00000   100%  43.4 1366s
 39351 34564 1828243.04 3039  386 3080824.58    0.00000   100%  43.4 1373s
 39758 34898 1841688.78 3201  384 3080824.58    0.00000   100%  43.3 1379s
 40092 35373 1846996.30 3311  386 3080824.58    0.00000   100%  43.2 1386s
 40567 35777 1859608.45 3484  387 3080824.58    0.00000   100%  43.1 1392s
 41001 36187 1932922.08 3650  371 3080824.58    0.00000   100%  43.0 1399s
 41455 36595 2068126.92 3825  349 3080824.58    0.00000   100%  42.8 1406s
 41885 37091 2118132.71 3975  337 3080824.58    0.00000   100%  42.6 1412s
 42383 37480 2123579.88 4145  336 3080824.58    0.00000   100%  42.3 1419s
 42803 37847 2124007.00 4306  333 3080824.58    0.00000   100%  42.1 1425s
 43215 38183 2226655.07 4468  312 3080824.58    0.00000   100%  42.1 1432s
 43565 38185 2286403.81 4617  328 3080824.58    0.00000   100%  42.0 1449s
 43567 38480 2278904.47 4617  314 3080824.58    0.00000   100%  42.0 1456s
H43911 38427                    3070192.8489    0.00000   100%  41.9 1456s
 43912 38721 2291532.31 4771  312 3070192.85    0.00000   100%  41.9 1464s
 44225 39122 2409126.17 4893  314 3070192.85    0.00000   100%  41.9 1470s
 44635 39491 2515899.77 5034  313 3070192.85    0.00000   100%  41.7 1478s
 45014 39890 2590777.49 5139  300 3070192.85    0.00000   100%  41.6 1485s
 45469 40207 2739397.29 5301  279 3070192.85    0.00000   100%  41.4 1492s
 45845 40591 2770128.98 5407  279 3070192.85    0.00000   100%  41.3 1499s
 46274 40873 2912013.39 5537  258 3070192.85    0.00000   100%  41.2 1504s
 46613 41041     cutoff 5614      3070192.85    0.00000   100%  41.1 1509s
 46835 41214 3058573.85 5615  255 3070192.85    0.00000   100%  41.1 1513s
 47080 41478    0.00000  329  481 3070192.85    0.00000   100%  41.1 1519s
 47424 41873 63541.2969  378  490 3070192.85    0.00000   100%  40.9 1525s
 47823 42261 141512.659  432  496 3070192.85    0.00000   100%  40.7 1533s
 48211 42570 276060.660  528  491 3070192.85    0.00000   100%  40.4 1539s
 48520 42785 308875.993  570  489 3070192.85    0.00000   100%  40.3 1548s
 48735 43135 368959.034  618  490 3070192.85    0.00000   100%  40.2 1553s
 49085 43569 428092.007  678  485 3070192.85    0.00000   100%  40.0 1559s
 49519 43979 496381.109  747  478 3070192.85    0.00000   100%  39.8 1564s
 49929 44307 566269.741  811  474 3070192.85    0.00000   100%  39.6 1571s
 50257 44667 608720.431  866  468 3070192.85    0.00000   100%  39.5 1576s
 50617 45001 649206.893  904  473 3070192.85    0.00000   100%  39.4 1582s
 50951 45314 662504.922  935  468 3070192.85    0.00000   100%  39.2 1586s
 51264 45709 687515.893  983  474 3070192.85    0.00000   100%  39.1 1592s
 51659 46033 720534.575 1046  467 3070192.85    0.00000   100%  38.9 1597s
 52032 46229 906738.431 1111  444 3070192.85    0.00000   100%  38.8 1603s
 52373 46535 1378595.50 1185  375 3070192.85    0.00000   100%  38.6 1609s
 52785 46833 1727218.20 1288  334 3070192.85    0.00000   100%  38.3 1615s
 53389 47453 1831049.87 1418  342 3070192.85    0.00000   100%  38.0 1625s
 53775 47503 1838608.89 1478  347 3070192.85    0.00000   100%  37.8 1643s
H53836 45084                    2858091.8008    0.00000   100%  37.8 1643s
 53837 45202 1860000.05 1493  347 2858091.80    0.00000   100%  37.8 1647s
H53950 45202                    2858091.7650    0.00000   100%  37.7 1647s
 54007 45406 1853554.52 1543  344 2858091.76    0.00000   100%  37.7 1652s
 54211 45628 1854627.38 1606  345 2858091.76    0.00000   100%  37.6 1655s
 54609 46007 1844862.11 1736  344 2858091.76    0.00000   100%  37.5 1663s
 54812 46274 1853216.55 1807  345 2858091.76    0.00000   100%  37.4 1667s
 55079 46479 1852589.90 1891  345 2858091.76    0.00000   100%  37.3 1671s
 55465 46893 1868882.11 2007  342 2858091.76    0.00000   100%  37.1 1677s
 55700 47173 1949112.36 2093  345 2858091.76    0.00000   100%  37.0 1681s
 55980 47471 1985067.23 2180  339 2858091.76    0.00000   100%  36.9 1686s
 56280 47745 2016236.68 2283  315 2858091.76    0.00000   100%  36.8 1693s
 56558 48024 2060725.24 2380  312 2858091.76    0.00000   100%  36.7 1697s
 56841 48295 2115684.54 2491  325 2858091.76    0.00000   100%  36.7 1702s
 57119 48527 2211258.31 2605  323 2858091.76    0.00000   100%  36.6 1708s
 57359 48812 2316977.48 2713  308 2858091.76    0.00000   100%  36.5 1714s
 57658 49086 2443229.48 2838  311 2858091.76    0.00000   100%  36.4 1721s
 57941 49354 2514393.64 2931  298 2858091.76    0.00000   100%  36.3 1725s
 58515 49765 2812415.17 3165  279 2858091.76    0.00000   100%  36.2 1734s
 58668 49895 2823297.37 3217  275 2858091.76    0.00000   100%  36.1 1739s
 58820 49931 2832815.66 3242  286 2858091.76    0.00000   100%  36.1 1743s
 58892 49944     cutoff 3245      2858091.76    0.00000   100%  36.2 1774s
 58925 50044 2855955.52 3243  289 2858091.76    0.00000   100%  36.2 1779s
 59061 50144 infeasible 3242      2858091.76    0.00000   100%  36.3 1784s
 59185 50288 64740.3458  332  494 2858091.76    0.00000   100%  36.3 1787s
 59329 50499 144546.775  390  489 2858091.76    0.00000   100%  36.3 1793s
 59540 50711 231145.068  452  497 2858091.76    0.00000   100%  36.3 1797s
 59752 50953 313820.551  512  503 2858091.76    0.00000   100%  36.3 1803s
 59994 51132 392238.685  584  499 2858091.76    0.00000   100%  36.2 1807s
 60173 51296 480636.199  650  490 2858091.76    0.00000   100%  36.2 1811s
 60337 51410 515418.869  701  487 2858091.76    0.00000   100%  36.2 1817s
 60451 51578 552208.507  732  486 2858091.76    0.00000   100%  36.3 1822s
 60619 51809 602316.527  792  481 2858091.76    0.00000   100%  36.3 1829s
 60850 52038 675183.639  845  480 2858091.76    0.00000   100%  36.3 1834s
 61079 52242 720516.383  891  478 2858091.76    0.00000   100%  36.3 1839s
 61291 52480 809334.357  936  480 2858091.76    0.00000   100%  36.4 1844s
 61531 52624 822163.189  979  475 2858091.76    0.00000   100%  36.4 1849s
 61675 53017 893212.031 1019  464 2858091.76    0.00000   100%  36.5 1857s
 62148 53401 962754.543 1083  466 2858091.76    0.00000   100%  36.3 1863s
 62532 53828 1004402.72 1155  456 2858091.76    0.00000   100%  36.2 1871s
 62959 54232 1078070.83 1221  457 2858091.76    0.00000   100%  36.0 1877s
 63363 54621 1120020.82 1279  452 2858091.76    0.00000   100%  35.9 1885s
 63790 54917 1304580.56 1370  417 2858091.76    0.00000   100%  35.7 1913s
 64202 55303 1644211.08 1473  351 2858091.76    0.00000   100%  35.5 1922s
 64670 55785 1931445.91 1598  323 2858091.76    0.00000   100%  35.3 1928s
 65173 56161 2036953.32 1687  325 2858091.76    0.00000   100%  35.1 1934s
 65571 56586 2039226.15 1777  330 2858091.76    0.00000   100%  34.9 1942s
 66008 56991 2038896.16 1873  330 2858091.76    0.00000   100%  34.7 1948s
 66415 57398 2042391.40 1980  328 2858091.76    0.00000   100%  34.6 1954s
 66822 57460 2033047.34 2096  329 2858091.76    0.00000   100%  34.4 1961s
 66884 57810 2033293.29 2111  329 2858091.76    0.00000   100%  34.4 1967s
 67234 58260 2056191.50 2212  325 2858091.76    0.00000   100%  34.3 1973s
 67684 58662 2075977.26 2326  321 2858091.76    0.00000   100%  34.1 1980s
 68086 59060 2077423.57 2413  319 2858091.76    0.00000   100%  34.0 1987s
 68484 59453 2099162.61 2509  333 2858091.76    0.00000   100%  33.9 1992s
 68877 59858 2105252.75 2595  332 2858091.76    0.00000   100%  33.7 1999s
 69282 59860 2083187.84 2696  319 2858091.76    0.00000   100%  33.6 2019s
 69284 60224 2099544.76 2696  330 2858091.76    0.00000   100%  33.6 2024s
 69648 60620 2084522.71 2787  322 2858091.76    0.00000   100%  33.5 2030s
 70044 61082 2085705.82 2863  325 2858091.76    0.00000   100%  33.3 2037s
 70506 61377 2087329.30 2971  324 2858091.76    0.00000   100%  33.1 2044s
 70801 61868 2106070.95 3039  328 2858091.76    0.00000   100%  33.0 2051s
 71294 62264 2090543.99 3156  320 2858091.76    0.00000   100%  32.8 2057s
 71699 62683 2092463.25 3268  321 2858091.76    0.00000   100%  32.7 2061s
 72128 63046 2094243.02 3386  320 2858091.76    0.00000   100%  32.6 2068s
 72504 63295 2096023.86 3491  321 2858091.76    0.00000   100%  32.4 2074s
 72787 63500 2112173.57 3612  320 2858091.76    0.00000   100%  32.4 2080s
 73032 63724 2125340.59 3716  315 2858091.76    0.00000   100%  32.3 2086s
 73294 63882 2140896.94 3829  330 2858091.76    0.00000   100%  32.2 2091s
 73497 64241 2261707.93 3918  310 2858091.76    0.00000   100%  32.2 2097s
 73861 64669 2393109.01 4026  300 2858091.76    0.00000   100%  32.1 2102s
 74291 64797 2437671.11 4138  278 2858091.76    0.00000   100%  32.0 2119s
 74419 65095 2438703.34 4170  277 2858091.76    0.00000   100%  31.9 2126s
 74717 65380 2452083.42 4263  276 2858091.76    0.00000   100%  31.9 2131s
 75004 65690 2469854.17 4376  288 2858091.76    0.00000   100%  31.8 2137s
 75318 66059 2547878.55 4493  276 2858091.76    0.00000   100%  31.7 2142s
 75687 66407 2559533.77 4616  285 2858091.76    0.00000   100%  31.6 2147s
 76037 66759 2564592.17 4737  287 2858091.76    0.00000   100%  31.5 2154s
 76389 66998 2558044.32 4860  274 2858091.76    0.00000   100%  31.4 2159s
 76628 67348 2561768.51 4937  273 2858091.76    0.00000   100%  31.4 2164s
 76978 67723 2568208.49 5062  272 2858091.76    0.00000   100%  31.3 2171s
 77353 68035 2582421.01 5187  276 2858091.76    0.00000   100%  31.2 2177s
 77667 68328 2588183.77 5299  274 2858091.76    0.00000   100%  31.2 2181s
 77968 68612 2709215.66 5393  297 2858091.76    0.00000   100%  31.2 2185s
 78256 68930 2738604.53 5462  289 2858091.76    0.00000   100%  31.1 2190s
 78776 69243 infeasible 5596      2858091.76    0.00000   100%  31.1 2198s
 78938 69424 35288.6784  335  489 2858091.76    0.00000   100%  31.1 2202s
 79119 69621 87802.0885  372  493 2858091.76    0.00000   100%  31.1 2208s
 79316 69949 175643.547  416  496 2858091.76    0.00000   100%  31.1 2231s
 79644 70170 309327.895  478  496 2858091.76    0.00000   100%  31.1 2238s
 79865 70454 374927.948  526  492 2858091.76    0.00000   100%  31.0 2243s
 80149 70722 472862.529  576  488 2858091.76    0.00000   100%  31.0 2249s
 80417 70923 520678.002  604  489 2858091.76    0.00000   100%  30.9 2255s
 80618 71245 584482.235  643  490 2858091.76    0.00000   100%  30.9 2261s
 80940 71471 650301.696  682  487 2858091.76    0.00000   100%  30.8 2268s
 81166 71761 676388.569  726  482 2858091.76    0.00000   100%  30.8 2274s
 81456 71892 715387.080  769  493 2858091.76    0.00000   100%  30.8 2281s
 81651 72054 721587.473  770  484 2858091.76    0.00000   100%  30.7 2288s
 81865 72289 724384.680  779  484 2858091.76    0.00000   100%  30.7 2309s
 82100 72426 742343.154  793  483 2858091.76    0.00000   100%  30.7 2318s
 82237 72614 742343.154  794  483 2858091.76    0.00000   100%  30.7 2326s
 82425 72791 754454.821  801  483 2858091.76    0.00000   100%  30.6 2345s
 82602 72967 753608.198  803  482 2858091.76    0.00000   100%  30.6 2352s
 82778 73145 806014.389  814  485 2858091.76    0.00000   100%  30.6 2361s
 82956 73377 795674.501  815  481 2858091.76    0.00000   100%  30.6 2370s
 83188 73536 795947.992  822  476 2858091.76    0.00000   100%  30.5 2379s
 83347 73891 816565.014  823  477 2858091.76    0.00000   100%  30.5 2387s
 83702 74294 870443.052  883  475 2858091.76    0.00000   100%  30.4 2396s
 84105 74726 933970.563  948  469 2858091.76    0.00000   100%  30.4 2403s
 84537 74774 1012426.94 1014  463 2858091.76    0.00000   100%  30.3 2427s
 84585 74991 1035934.38 1022  463 2858091.76    0.00000   100%  30.3 2435s
 84814 75340 1062016.94 1041  464 2858091.76    0.00000   100%  30.3 2446s
 85170 75548 1152912.51 1101  455 2858091.76    0.00000   100%  30.2 2455s
 85398 75920 1187761.97 1132  452 2858091.76    0.00000   100%  30.2 2463s
 85789 76038 1268898.57 1180  450 2858091.76    0.00000   100%  30.1 2468s
 85963 76112 1348734.99 1215  457 2858091.76    0.00000   100%  30.2 2474s
 86109 76340 1414067.49 1247  460 2858091.76    0.00000   100%  30.3 2480s
 86339 76619 1435035.53 1290  464 2858091.76    0.00000   100%  30.3 2485s
 86618 76911 1407895.10 1357  461 2858091.76    0.00000   100%  30.2 2492s
 86910 77172 1474603.50 1389  467 2858091.76    0.00000   100%  30.3 2499s
 87171 77377 1448626.77 1446  463 2858091.76    0.00000   100%  30.2 2504s
 87376 77589 1477749.03 1486  462 2858091.76    0.00000   100%  30.3 2510s
 87588 77772 1486099.97 1527  464 2858091.76    0.00000   100%  30.3 2518s
 87771 78009 1476741.51 1570  462 2858091.76    0.00000   100%  30.4 2526s
 88008 78147 1488350.41 1642  464 2858091.76    0.00000   100%  30.4 2535s
 88146 78202 1481039.24 1678  464 2858091.76    0.00000   100%  30.5 2551s
 88201 78287 1482316.52 1708  464 2858091.76    0.00000   100%  30.6 2558s
 88286 78378 1490675.18 1756  463 2858091.76    0.00000   100%  30.7 2569s
 88377 78510 1491401.29 1795  464 2858091.76    0.00000   100%  30.8 2584s
 88509 78699 1503046.56 1914  463 2858091.76    0.00000   100%  30.8 2593s
 88698 79077 1558607.93 1992  454 2858091.76    0.00000   100%  30.8 2614s
 89076 79509 1572318.68 1995  451 2858091.76    0.00000   100%  30.7 2630s
 89508 79661 1581459.18 1997  449 2858091.76    0.00000   100%  30.6 2644s
 89660 80072 1581459.18 1997  449 2858091.76    0.00000   100%  30.6 2654s
 90071 80527 1590599.68 1999  447 2858091.76    0.00000   100%  30.5 2666s
 90526 80937 1599740.18 2001  445 2858091.76    0.00000   100%  30.3 2676s
 90936 81505 1604310.43 2002  444 2858091.76    0.00000   100%  30.2 2685s
 91504 82121 1613450.93 2004  442 2858091.76    0.00000   100%  30.1 2693s
 92120 82704 1622591.43 2006  440 2858091.76    0.00000   100%  29.9 2702s
 92703 83237 1627161.68 2007  439 2858091.76    0.00000   100%  29.8 2711s
 93236 83672 1636302.18 2009  437 2858091.76    0.00000   100%  29.7 2718s
 93671 84013 1640872.43 2010  436 2858091.76    0.00000   100%  29.6 2728s
 94012 84560 1645442.68 2011  435 2858091.76    0.00000   100%  29.5 2738s
 94559 84801 1654583.18 2013  433 2858091.76    0.00000   100%  29.4 2753s
 94800 85327 1659153.43 2014  432 2858091.76    0.00000   100%  29.4 2763s
 95326 85858 1663723.68 2015  431 2858091.76    0.00000   100%  29.3 2775s
 95857 86414 1672864.18 2017  429 2858091.76    0.00000   100%  29.2 2785s
 96413 86891 1698130.37 2019  433 2858091.76    0.00000   100%  29.1 2792s
 96890 87493 1691145.18 2021  425 2858091.76    0.00000   100%  29.0 2802s
 97492 87867 1704806.66 2022  422 2858091.76    0.00000   100%  28.9 2812s
 97866 88408 1713947.16 2024  420 2858091.76    0.00000   100%  28.8 2820s
 98407 88691 1723136.93 2028  418 2858091.76    0.00000   100%  28.7 2828s
 98690 89167 1727707.18 2029  417 2858091.76    0.00000   100%  28.6 2836s
 99166 89598 1732277.43 2030  416 2858091.76    0.00000   100%  28.5 2844s
 99597 89901 1741417.93 2032  414 2858091.76    0.00000   100%  28.4 2857s
 99900 90191 1741417.93 2032  414 2858091.76    0.00000   100%  28.4 2862s
 100196 90835 1745988.18 2033  413 2858091.76    0.00000   100%  28.4 2869s
 100860 91415 1755128.68 2035  411 2858091.76    0.00000   100%  28.2 2875s
 101440 91930 1764269.18 2037  409 2858091.76    0.00000   100%  28.1 2882s
 101955 92419 1768839.43 2038  408 2858091.76    0.00000   100%  28.0 2887s
 102444 92909 1773409.68 2039  407 2858091.76    0.00000   100%  27.9 2893s
 102996 93331 1782550.18 2041  405 2858091.76    0.00000   100%  27.8 2901s
 103434 93826 1787120.43 2042  404 2858091.76    0.00000   100%  27.7 2909s
 103929 94233 1791690.68 2043  403 2858091.76    0.00000   100%  27.6 2915s
 104336 94596 1796260.93 2044  402 2858091.76    0.00000   100%  27.5 2920s
 104699 94890 1813705.48 2045  409 2858091.76    0.00000   100%  27.5 2925s
 105013 94892 1813705.48 2045  409 2858091.76    0.00000   100%  27.5 2939s
 105015 95109 1813705.48 2045  409 2858091.76    0.00000   100%  27.5 2944s
 105250 95321 1862016.02 2063  407 2858091.76    0.00000   100%  27.5 2950s
 105518 95573 infeasible 2064      2858091.76    0.00000   100%  27.5 2955s
 105788 95895 1901894.33 2069  405 2858091.76    0.00000   100%  27.4 2961s
 106161 96138 1957545.38 2146  399 2858091.76    0.00000   100%  27.4 2966s
 106410 96494 1980781.71 2173  400 2858091.76    0.00000   100%  27.3 2971s
 106798 96750 2026417.74 2222  396 2858091.76    0.00000   100%  27.3 2978s
 107191 97075 2098824.95 2266  390 2858091.76    0.00000   100%  27.2 2983s
 107584 97202 2180092.79 2304  379 2858091.76    0.00000   100%  27.2 2989s
 107851 97529 infeasible 2341      2858091.76    0.00000   100%  27.1 2994s
 108276 97832 2445348.40 2398  326 2858091.76    0.00000   100%  27.0 3000s
 108615 98044 2490808.61 2416  325 2858091.76    0.00000   100%  27.0 3006s
 108955 98329 2522589.51 2443  316 2858091.76    0.00000   100%  26.9 3013s
 109244 98643 2576840.86 2505  317 2858091.76    0.00000   100%  26.9 3019s
 109558 98906 2621163.68 2536  314 2858091.76    0.00000   100%  26.9 3025s
 109843 99068 2658956.14 2550  314 2858091.76    0.00000   100%  26.9 3030s
 110027 99109 2665482.93 2561  311 2858091.76    0.00000   100%  26.9 3047s
 110130 99330 2666555.92 2615  309 2858091.76    0.00000   100%  26.9 3052s
 110365 99705 2669073.34 2783  307 2858091.76    0.00000   100%  26.8 3056s
 110740 100054 2673289.24 3045  306 2858091.76    0.00000   100%  26.7 3060s
 111090 100281 2677619.37 3269  303 2858091.76    0.00000   100%  26.7 3066s
 111317 100617 2684430.15 3440  306 2858091.76    0.00000   100%  26.6 3072s
 111663 100898 2694054.49 3644  309 2858091.76    0.00000   100%  26.6 3077s
 111945 101173 2703682.87 3814  302 2858091.76    0.00000   100%  26.5 3083s
 112291 101394 2726030.33 3827  300 2858091.76    0.00000   100%  26.5 3088s
 112573 101595 2752778.73 3846  299 2858091.76    0.00000   100%  26.5 3094s
 112814 101905 2779779.30 3860  293 2858091.76    0.00000   100%  26.4 3099s
 113128 102154 2789674.14 3892  294 2858091.76    0.00000   100%  26.4 3105s
 113385 102428 2788157.14 3897  295 2858091.76    0.00000   100%  26.3 3111s
 113659 102709 2792696.88 3906  295 2858091.76    0.00000   100%  26.3 3116s
 113940 102987 2794076.94 3912  295 2858091.76    0.00000   100%  26.3 3121s
 114218 103222 2791534.22 3920  295 2858091.76    0.00000   100%  26.2 3132s
 114453 103421 2798322.35 3937  295 2858091.76    0.00000   100%  26.2 3137s
 114652 103666 2800482.70 3944  296 2858091.76    0.00000   100%  26.2 3142s
 114899 103805 2806117.93 3959  294 2858091.76    0.00000   100%  26.1 3147s
 115038 103956 2806235.62 3967  294 2858091.76    0.00000   100%  26.2 3162s
 115189 104163 2802299.84 3977  295 2858091.76    0.00000   100%  26.2 3166s
 115408 104361 2808424.16 3986  296 2858091.76    0.00000   100%  26.1 3172s
 115625 104394 2833410.84 3998  295 2858091.76    0.00000   100%  26.1 3176s
 115692 104529 20284.7350  327  490 2858091.76    0.00000   100%  26.2 3180s
 115994 104895 143380.531  403  492 2858091.76    0.00000   100%  26.2 3189s
 116193 105052 230155.550  456  494 2858091.76    0.00000   100%  26.2 3192s
 116350 105253 273645.874  487  494 2858091.76    0.00000   100%  26.2 3198s
 116551 105467 333992.803  523  491 2858091.76    0.00000   100%  26.2 3202s
 116765 105628 394778.693  540  490 2858091.76    0.00000   100%  26.2 3211s
 116926 105793 423358.974  563  485 2858091.76    0.00000   100%  26.2 3217s
 117091 106014 455449.823  603  484 2858091.76    0.00000   100%  26.2 3222s
 117312 106306 514065.260  654  480 2858091.76    0.00000   100%  26.2 3227s
 117604 106426 618301.514  710  477 2858091.76    0.00000   100%  26.2 3231s
 117724 106591 643946.507  737  471 2858091.76    0.00000   100%  26.2 3236s
 117893 106744 670038.767  784  470 2858091.76    0.00000   100%  26.2 3241s
 118076 106902 733539.345  827  473 2858091.76    0.00000   100%  26.2 3246s
 118250 106928 810750.415  852  468 2858091.76    0.00000   100%  26.2 3256s
 118487 107275 856041.149  897  464 2858091.76    0.00000   100%  26.2 3264s
 118699 107508 917689.304  940  461 2858091.76    0.00000   100%  26.2 3270s
 118944 107705 1035348.61  988  456 2858091.76    0.00000   100%  26.2 3276s
 119195 107934 1108799.96 1016  457 2858091.76    0.00000   100%  26.2 3282s
 119426 108294 1175838.57 1041  455 2858091.76    0.00000   100%  26.3 3289s
 119792 108686 1250016.80 1087  455 2858091.76    0.00000   100%  26.2 3297s
 120186 108770 1295120.56 1113  455 2858091.76    0.00000   100%  26.2 3313s
 120270 109003 1333150.94 1127  456 2858091.76    0.00000   100%  26.2 3320s
 120505 109369 1359418.51 1151  461 2858091.76    0.00000   100%  26.2 3328s
 120871 109765 1385873.34 1164  461 2858091.76    0.00000   100%  26.2 3336s
 121267 110217 1432995.57 1188  458 2858091.76    0.00000   100%  26.1 3344s
 121719 110693 1476171.26 1200  457 2858091.76    0.00000   100%  26.0 3351s
 122195 111058 1485831.06 1202  455 2858091.76    0.00000   100%  25.9 3356s
 122560 111371 1500355.83 1203  456 2858091.76    0.00000   100%  25.9 3362s
 122873 111704 1500355.83 1203  456 2858091.76    0.00000   100%  25.8 3368s
 123206 111951 1500355.83 1203  456 2858091.76    0.00000   100%  25.8 3373s
 123549 112289 1509780.69 1204  460 2858091.76    0.00000   100%  25.7 3378s
 123919 112752 1541582.47 1207  458 2858091.76    0.00000   100%  25.7 3385s
 124384 113199 1569722.09 1255  458 2858091.76    0.00000   100%  25.6 3390s
 125177 113964 1648876.83 1356  462 2858091.76    0.00000   100%  25.5 3401s
 125596 114265 1713453.45 1365  460 2858091.76    0.00000   100%  25.5 3407s
 125901 114699 1762420.87 1412  452 2858091.76    0.00000   100%  25.4 3413s
 126335 115105 1822833.84 1460  451 2858091.76    0.00000   100%  25.4 3417s
 126741 115431 1867618.91 1491  447 2858091.76    0.00000   100%  25.3 3422s
 127079 115764 1899179.96 1499  446 2858091.76    0.00000   100%  25.3 3427s
 127502 115859 2026578.02 1542  418 2858091.76    0.00000   100%  25.2 3433s
 127681 116188 infeasible 1579      2858091.76    0.00000   100%  25.2 3439s
 128032 116650 2241084.97 1603  374 2858091.76    0.00000   100%  25.1 3445s
 128534 116904 2308696.38 1651  371 2858091.76    0.00000   100%  25.0 3451s
 128830 117091 2359464.99 1672  368 2858091.76    0.00000   100%  25.0 3457s
 129031 117369 2399307.18 1715  356 2858091.76    0.00000   100%  25.0 3462s
 129325 117497 2518703.34 1785  349 2858091.76    0.00000   100%  25.1 3467s
 129659 117536 2534090.81 1850  344 2858091.76    0.00000   100%  25.0 3472s
 129966 117699 2606722.08 1869  339 2858091.76    0.00000   100%  25.0 3477s
 130250 117963 2650716.18 1903  334 2858091.76    0.00000   100%  24.9 3483s
 130608 117963 infeasible 1957      2858091.76    0.00000   100%  24.9 3501s
 130612 118103 2708434.11 1961  331 2858091.76    0.00000   100%  24.9 3507s
 130872 118349 2730154.94 1985  329 2858091.76    0.00000   100%  24.9 3512s
 131167 118482 2766440.04 2010  327 2858091.76    0.00000   100%  24.8 3518s
 131374 118783 2774406.74 2016  323 2858091.76    0.00000   100%  24.8 3524s
 131793 119092 2790041.54 2037  333 2858091.76    0.00000   100%  24.8 3530s
 132123 119261 2808082.73 2051  332 2858091.76    0.00000   100%  24.7 3536s
 132406 119471 2815043.51 2062  338 2858091.76    0.00000   100%  24.7 3540s
 132652 119736 49278.7573  343  488 2858091.76    0.00000   100%  24.7 3545s
 133135 120161 180308.362  408  492 2858091.76    0.00000   100%  24.7 3554s
 133350 120432 214348.497  432  491 2858091.76    0.00000   100%  24.7 3559s
 133626 120641 285626.868  484  491 2858091.76    0.00000   100%  24.7 3564s
 133878 120792 337663.895  534  478 2858091.76    0.00000   100%  24.6 3568s
 134076 120955 394451.271  570  480 2858091.76    0.00000   100%  24.6 3571s
 134239 121132 478834.594  614  476 2858091.76    0.00000   100%  24.6 3575s
 134539 121445 573249.600  666  478 2858091.76    0.00000   100%  24.6 3583s
 134729 121682 600613.089  708  478 2858091.76    0.00000   100%  24.6 3588s
 134966 121871 670307.292  737  475 2858091.76    0.00000   100%  24.6 3592s
 135155 122000 695087.476  756  475 2858091.76    0.00000   100%  24.7 3596s
 135284 122139 722154.504  774  471 2858091.76    0.00000   100%  24.7 3600s

Cutting planes:
  RLT: 239

Explored 135423 nodes (3347481 simplex iterations) in 3600.86 seconds (2476.21 work units)
Thread count was 2 (of 24 available processors)

Solution count 10: 2.85809e+06 3.07019e+06 3.08082e+06 ... 3.27311e+06

Time limit reached
Best objective 2.858091764958e+06, best bound 0.000000000000e+00, gap 100.0000%
