
Gurobi 11.0.3 (linux64, Java) logging started dom 01 dez 2024 07:16:26 -03

Set parameter Username
Academic license - for non-commercial use only - expires 2025-10-10
Set parameter NonConvex to value 2
Set parameter TimeLimit to value 3600
Set parameter LogToConsole to value 0
Set parameter MIPGap to value 1.8644701200280312e-08
Set parameter Threads to value 2
Set parameter NodefileDir to value "/home/ps12398/experiment_epec/goalProgrammingMarcos/"
Set parameter NodefileStart to value 1
Gurobi Optimizer version 11.0.3 build v11.0.3rc0 (linux64)

CPU model: Intel(R) Xeon(R) CPU           X5650  @ 2.67GHz, instruction set [SSE2]
Thread count: 12 physical cores, 24 logical processors, using up to 2 threads

Optimize a model with 474493 rows, 319608 columns and 2916759 nonzeros
Model fingerprint: 0x590d4233
Model has 404 quadratic constraints
Variable types: 159606 continuous, 160002 integer (399 binary)
Coefficient statistics:
  Matrix range     [3e-03, 8e+06]
  QMatrix range    [3e-03, 2e+05]
  QLMatrix range   [1e+00, 2e+05]
  Objective range  [1e+00, 1e+08]
  Bounds range     [1e+00, 1e+08]
  RHS range        [1e+00, 2e+07]
  QRHS range       [2e-01, 2e-01]
Presolve removed 473131 rows and 317308 columns
Presolve time: 2.30s
Presolved: 2785 rows, 2753 columns, 286015 nonzeros
Presolved model has 2 SOS constraint(s)
Presolved model has 399 bilinear constraint(s)

Solving non-convex MIQCP

Variable types: 1256 continuous, 1497 integer (401 binary)
Found heuristic solution: objective 2.002335e+07

Root relaxation: objective 5.970476e+06, 381 iterations, 0.20 seconds (0.07 work units)

    Nodes    |    Current Node    |     Objective Bounds      |     Work
 Expl Unexpl |  Obj  Depth IntInf | Incumbent    BestBd   Gap | It/Node Time

     0     0 5970476.29    0  399 2.0023e+07 5970476.29  70.2%     -    3s
H    0     0                    7958937.1510 5970476.29  25.0%     -    3s
     0     0 5970476.29    0  399 7958937.15 5970476.29  25.0%     -    4s
     0     0 5970476.29    0  399 7958937.15 5970476.29  25.0%     -    5s
     0     0 5970476.29    0  399 7958937.15 5970476.29  25.0%     -    5s
     0     0 5970476.29    0  399 7958937.15 5970476.29  25.0%     -    5s
     0     0 5970476.29    0  399 7958937.15 5970476.29  25.0%     -    6s
     0     0 5970476.29    0  399 7958937.15 5970476.29  25.0%     -    6s
     0     0 5970476.29    0  399 7958937.15 5970476.29  25.0%     -    7s
     0     2 5970476.29    0  399 7958937.15 5970476.29  25.0%     -   36s
H    3     5                    6399289.3981 5970476.29  6.70%  24.0   36s
    54    35 5994129.25   15  398 6399289.40 5970476.29  6.70%  24.9   40s
   162    96 5994129.25   47  398 6399289.40 5970476.29  6.70%  19.4   45s
H  202   108                    6351438.6076 5970476.29  6.00%  18.5   46s
H  229   125                    6346672.6335 5970476.29  5.93%  18.1   47s
H  263   141                    6346672.6328 5970476.29  5.93%  18.0   48s
H  269   141                    6346182.1517 5970476.29  5.92%  18.2   48s
   301   169 5999533.09   89  399 6346182.15 5970476.29  5.92%  18.1   50s
H  425   228                    6345125.4776 5970476.29  5.90%  17.3   53s
H  440   228                    6080968.5115 5970476.29  1.82%  16.8   53s
H  444   236                    6080968.5013 5970476.29  1.82%  17.0   54s
   459   248 5994129.25  142  398 6080968.50 5970476.29  1.82%  16.6   55s
   601   324 5999929.62  189  399 6080968.50 5970476.29  1.82%  16.1   60s
H  643   348                    6079065.0258 5970476.29  1.79%  16.0   61s
H  690   368                    6079065.0252 5970476.29  1.79%  15.4   62s
   753   416 5998233.35  233  399 6079065.03 5970476.29  1.79%  15.8   65s
   905   481 6060931.16  269  408 6079065.03 5970476.29  1.79%  18.2   70s
H  983   139                    5970476.2867 5970476.29  0.00%  21.4   74s

Cutting planes:
  RLT: 12

Explored 1017 nodes (23083 simplex iterations) in 74.87 seconds (30.42 work units)
Thread count was 2 (of 24 available processors)

Solution count 10: 5.97048e+06 6.07907e+06 6.07907e+06 ... 6.39929e+06

Optimal solution found (tolerance 1.86e-08)
Best objective 5.970476286748e+06, best bound 5.970476286748e+06, gap 0.0000%
