
Gurobi 11.0.3 (linux64, Java) logging started sáb 30 nov 2024 23:03:32 -03

Set parameter Username
Academic license - for non-commercial use only - expires 2025-10-10
Set parameter NonConvex to value 2
Set parameter TimeLimit to value 3600
Set parameter LogToConsole to value 0
Set parameter MIPGap to value 1.8644701200280312e-08
Set parameter Threads to value 2
Set parameter NodefileDir to value "/home/ps12398/experiment_epec/goalProgrammingMarcos/"
Set parameter NodefileStart to value 1
Gurobi Optimizer version 11.0.3 build v11.0.3rc0 (linux64)

CPU model: Intel(R) Xeon(R) CPU           X5650  @ 2.67GHz, instruction set [SSE2]
Thread count: 12 physical cores, 24 logical processors, using up to 2 threads

Optimize a model with 474493 rows, 319608 columns and 2916759 nonzeros
Model fingerprint: 0x9e15fccf
Model has 404 quadratic constraints
Variable types: 159606 continuous, 160002 integer (399 binary)
Coefficient statistics:
  Matrix range     [3e-03, 8e+06]
  QMatrix range    [3e-03, 2e+05]
  QLMatrix range   [1e+00, 2e+05]
  Objective range  [1e+00, 1e+08]
  Bounds range     [1e+00, 1e+08]
  RHS range        [1e+00, 2e+07]
  QRHS range       [8e-02, 8e-02]
Presolve removed 473131 rows and 317308 columns
Presolve time: 1.76s
Presolved: 2785 rows, 2753 columns, 286015 nonzeros
Presolved model has 2 SOS constraint(s)
Presolved model has 399 bilinear constraint(s)

Solving non-convex MIQCP

Variable types: 1256 continuous, 1497 integer (401 binary)
Found heuristic solution: objective 2.757025e+07

Root relaxation: objective 9.292986e+06, 564 iterations, 0.45 seconds (0.15 work units)

    Nodes    |    Current Node    |     Objective Bounds      |     Work
 Expl Unexpl |  Obj  Depth IntInf | Incumbent    BestBd   Gap | It/Node Time

     0     0 9292986.34    0  507 2.7570e+07 9292986.34  66.3%     -    3s
H    0     0                    2.110356e+07 9292986.34  56.0%     -    3s
     0     0 1.0562e+07    0  653 2.1104e+07 1.0562e+07  50.0%     -    5s
     0     0 1.0577e+07    0  660 2.1104e+07 1.0577e+07  49.9%     -    6s
     0     0 1.0578e+07    0  662 2.1104e+07 1.0578e+07  49.9%     -    7s
H    0     0                    1.484055e+07 1.0578e+07  28.7%     -    8s
     0     0 1.0578e+07    0  663 1.4841e+07 1.0578e+07  28.7%     -    8s
     0     0 1.0578e+07    0  663 1.4841e+07 1.0578e+07  28.7%     -   10s
     0     2 1.0578e+07    0  663 1.4841e+07 1.0578e+07  28.7%     -   12s
    27    30 1.0578e+07   12  660 1.4841e+07 1.0578e+07  28.7%   1.6   17s
    29    56 1.0578e+07   13  660 1.4841e+07 1.0578e+07  28.7%   1.6   20s
    75   213 1.0578e+07   36  660 1.4841e+07 1.0578e+07  28.7%   1.2   32s
   212   353 1.0578e+07  104  660 1.4841e+07 1.0578e+07  28.7%   1.1   43s
   352   485 1.0578e+07  173  658 1.4841e+07 1.0578e+07  28.7%   1.0   54s
   484   587 1.0578e+07  239  658 1.4841e+07 1.0578e+07  28.7%   1.0   62s
   586   709 1.0578e+07  303  658 1.4841e+07 1.0578e+07  28.7%   1.0   72s
   708   837 1.0578e+07  356  656 1.4841e+07 1.0578e+07  28.7%   1.0   82s
   836   939 1.0578e+07  409  656 1.4841e+07 1.0578e+07  28.7%   1.0   93s
   938  1100 1.0578e+07  460  656 1.4841e+07 1.0578e+07  28.7%   1.0  104s
  1099  1251 1.0578e+07  536  654 1.4841e+07 1.0578e+07  28.7%   1.0  112s
H 1244  1251                    1.481436e+07 1.0578e+07  28.6%   1.0  112s
  1250  1394 1.0578e+07  612  652 1.4814e+07 1.0578e+07  28.6%   1.0  121s
  1393  1523 1.0578e+07  693  651 1.4814e+07 1.0578e+07  28.6%   1.0  130s
  1522  1669 1.0578e+07  757  651 1.4814e+07 1.0578e+07  28.6%   1.0  141s
  1668  1850 1.0578e+07  830  648 1.4814e+07 1.0578e+07  28.6%   1.0  154s
H 1840  1850                    1.481315e+07 1.0578e+07  28.6%   1.0  154s
  1849  1905 1.0578e+07  920  647 1.4813e+07 1.0578e+07  28.6%   1.0  160s
  1904  2076 1.0578e+07  974  647 1.4813e+07 1.0578e+07  28.6%   1.0  171s
  2075  2305 1.0579e+07 1044  639 1.4813e+07 1.0578e+07  28.6%   1.0  184s
H 2138  2305                    1.481242e+07 1.0578e+07  28.6%   1.0  184s
H 2254  2305                    1.480970e+07 1.0578e+07  28.6%   1.0  184s
  2304  2544 1.0579e+07 1160  639 1.4810e+07 1.0578e+07  28.6%   1.0  199s
  2543  2758 1.0579e+07 1274  633 1.4810e+07 1.0578e+07  28.6%   1.0  210s
  2757  2986 1.0579e+07 1380  633 1.4810e+07 1.0578e+07  28.6%   1.0  223s
  2985  3238 1.0579e+07 1495  629 1.4810e+07 1.0578e+07  28.6%   1.0  238s
H 2991  3238                    1.480928e+07 1.0578e+07  28.6%   1.0  238s
H 3120  3238                    1.480618e+07 1.0578e+07  28.6%   1.0  238s
  3237  3405 1.0579e+07 1623  629 1.4806e+07 1.0578e+07  28.6%   1.0  250s
  3404  3715 1.0579e+07 1692  626 1.4806e+07 1.0578e+07  28.6%   1.0  266s
  3715  3716 1.0578e+07 1375  169 1.4806e+07 1.0578e+07  28.6%   1.0  280s
H 3717  3531                    1.433963e+07 1.0805e+07  24.6%   1.0  285s
H 3718  3355                    1.420468e+07 1.0813e+07  23.9%   1.0  288s
H 3719  3188                    1.415173e+07 1.0813e+07  23.6%   1.0  289s
  3723  3192 1.0813e+07  968  169 1.4152e+07 1.0813e+07  23.6%   1.3  290s
  3726  3194 1.0824e+07 1013  267 1.4152e+07 1.0824e+07  23.5%   1.3  295s
H 3727  3035                    1.413598e+07 1.0830e+07  23.4%   1.3  297s
  3733  3040 1.0830e+07  629  257 1.4136e+07 1.0830e+07  23.4%   1.6  302s
  3734  3041 1.0830e+07 1100  267 1.4136e+07 1.0830e+07  23.4%   1.6  306s
  3736  3042 1.0830e+07 1318  267 1.4136e+07 1.0830e+07  23.4%   1.6  310s
H 3736  2889                    1.413503e+07 1.0830e+07  23.4%   1.6  311s
  3754  2904 1.0830e+07   40  661 1.4135e+07 1.0830e+07  23.4%   1.9  315s
  3808  3001 1.0831e+07   53  647 1.4135e+07 1.0830e+07  23.4%   1.9  324s
  3871  3008 1.0831e+07   69  631 1.4135e+07 1.0830e+07  23.4%   1.9  328s
  3899  3236 1.0831e+07   76  624 1.4135e+07 1.0830e+07  23.4%   1.9  342s
  4136  3400 1.0831e+07  136  564 1.4135e+07 1.0830e+07  23.4%   1.9  350s
H 4466  3375                    1.412479e+07 1.0830e+07  23.3%   1.8  354s
H 4580  3199                    1.412009e+07 1.0830e+07  23.3%   1.8  354s
  4608  3603 1.0832e+07  255  442 1.4120e+07 1.0830e+07  23.3%   1.8  361s
  5021  3792 1.0832e+07  359  418 1.4120e+07 1.0830e+07  23.3%   1.8  366s
  5348  3913 1.0833e+07  447  418 1.4120e+07 1.0830e+07  23.3%   1.7  370s
H 5436  3754                    1.411014e+07 1.0830e+07  23.2%   1.7  370s
  5627  4024 1.0833e+07  516  415 1.4110e+07 1.0830e+07  23.2%   1.7  377s
  5912  4182 1.0833e+07  586  414 1.4110e+07 1.0830e+07  23.2%   1.7  382s
  6165  4387 1.0833e+07  649  415 1.4110e+07 1.0830e+07  23.2%   1.7  386s
  6454  4559 1.0833e+07  721  415 1.4110e+07 1.0830e+07  23.2%   1.6  390s
  6723  4774 1.0833e+07  789  415 1.4110e+07 1.0830e+07  23.2%   1.6  395s
  7300  5167 1.0833e+07  934  415 1.4110e+07 1.0830e+07  23.2%   1.6  405s
H 7613  5250                    1.410907e+07 1.0830e+07  23.2%   1.6  410s
H 8082  5264                    1.400263e+07 1.0830e+07  22.7%   1.5  413s
  8212  5545 1.0834e+07 1167  415 1.4003e+07 1.0830e+07  22.7%   1.5  417s
H 8376  5379                    1.400148e+07 1.0830e+07  22.6%   1.5  417s
H 8537  5397                    1.399401e+07 1.0830e+07  22.6%   1.5  423s
  8715  5622 1.0833e+07 1264  414 1.3994e+07 1.0830e+07  22.6%   1.5  428s
H 8857  5473                    1.399346e+07 1.0830e+07  22.6%   1.5  428s
  8999  5790 1.0834e+07 1335  415 1.3993e+07 1.0830e+07  22.6%   1.5  435s
H 9182  5633                    1.399187e+07 1.0830e+07  22.6%   1.5  435s
  9363  5992 1.0833e+07 1427  415 1.3992e+07 1.0830e+07  22.6%   1.5  440s
H 9545  5992                    1.399135e+07 1.0830e+07  22.6%   1.5  440s
  9728  6106 1.0833e+07 1518  415 1.3991e+07 1.0830e+07  22.6%   1.5  445s
  9842  6389 1.0834e+07 1545  415 1.3991e+07 1.0830e+07  22.6%   1.5  451s
 10125  6681 1.0854e+07 1639  416 1.3991e+07 1.0830e+07  22.6%   1.6  457s
 10417  7027 1.0859e+07 1726  416 1.3991e+07 1.0830e+07  22.6%   1.7  462s
 10763  7284 1.0876e+07 1827  416 1.3991e+07 1.0830e+07  22.6%   1.7  468s
 11020  7641 1.0876e+07 1899  416 1.3991e+07 1.0830e+07  22.6%   1.7  474s
 11377  7985 1.0880e+07 2002  417 1.3991e+07 1.0830e+07  22.6%   1.7  480s
 11721  8311 1.0876e+07 2100  416 1.3991e+07 1.0830e+07  22.6%   1.7  486s
 12047  8642 1.0876e+07 2194  416 1.3991e+07 1.0830e+07  22.6%   1.7  492s
 12378  8912 1.0880e+07 2287  417 1.3991e+07 1.0830e+07  22.6%   1.7  497s
 12648  9109 1.0876e+07 2362  416 1.3991e+07 1.0830e+07  22.6%   1.7  502s
H12845  9413                    1.399126e+07 1.0830e+07  22.6%   1.7  508s
 13149  9736 1.0880e+07 2505  417 1.3991e+07 1.0830e+07  22.6%   1.6  514s
 13472 10070 1.0880e+07 2595  417 1.3991e+07 1.0830e+07  22.6%   1.6  520s
H13991 10398                    1.399124e+07 1.0830e+07  22.6%   1.6  524s
 14134 10714 1.0880e+07 2787  417 1.3991e+07 1.0830e+07  22.6%   1.6  529s
 14450 11039 1.0867e+07 2876  416 1.3991e+07 1.0830e+07  22.6%   1.6  535s
 14775 11248 1.0880e+07 2969  417 1.3991e+07 1.0830e+07  22.6%   1.6  541s
 14984 11536 1.0880e+07 3009  417 1.3991e+07 1.0830e+07  22.6%   1.6  546s
 15422 12029 1.0876e+07 3136  416 1.3991e+07 1.0830e+07  22.6%   1.6  553s
H15622 12029                    1.399105e+07 1.0830e+07  22.6%   1.6  553s
 15765 12399 1.0876e+07 3236  416 1.3991e+07 1.0830e+07  22.6%   1.6  557s
 16135 12742 1.0876e+07 3332  416 1.3991e+07 1.0830e+07  22.6%   1.6  563s
H16478 13069                    1.399105e+07 1.0830e+07  22.6%   1.6  569s
 16805 13427 1.0880e+07 3505  417 1.3991e+07 1.0830e+07  22.6%   1.6  574s
 17163 13790 1.0876e+07 3596  416 1.3991e+07 1.0830e+07  22.6%   1.6  579s
 17526 13980 1.0873e+07 3690  416 1.3991e+07 1.0830e+07  22.6%   1.5  585s
H17717 14055                    1.399105e+07 1.0830e+07  22.6%   1.6  589s
 17791 14314 1.0876e+07 3727  418 1.3991e+07 1.0830e+07  22.6%   1.6  595s
H17894 14314                    1.399096e+07 1.0830e+07  22.6%   1.7  595s
 18355 14934 1.0880e+07 3838  423 1.3991e+07 1.0830e+07  22.6%   1.8  603s
 18670 15088 1.0882e+07 3912  423 1.3991e+07 1.0830e+07  22.6%   1.9  607s
 18824 15381 1.0884e+07 3949  443 1.3991e+07 1.0830e+07  22.6%   1.9  611s
 19117 15607 1.0886e+07 3999  437 1.3991e+07 1.0830e+07  22.6%   2.0  616s
 19343 15890 1.0888e+07 4040  428 1.3991e+07 1.0830e+07  22.6%   2.2  620s
H19748 16197                    1.399013e+07 1.0830e+07  22.6%   2.4  624s
 19933 16343 1.0892e+07 4150  420 1.3990e+07 1.0830e+07  22.6%   2.4  632s
 20079 16638 1.0905e+07 4186  418 1.3990e+07 1.0830e+07  22.6%   2.5  638s
H20202 16638                    1.399009e+07 1.0830e+07  22.6%   2.5  638s
 20374 16877 1.0895e+07 4248  417 1.3990e+07 1.0830e+07  22.6%   2.6  642s
 20613 17131 1.0897e+07 4308  421 1.3990e+07 1.0830e+07  22.6%   2.8  646s
 20867 17377 1.0899e+07 4364  421 1.3990e+07 1.0830e+07  22.6%   3.0  651s
 21113 17706 1.0901e+07 4418  421 1.3990e+07 1.0830e+07  22.6%   3.1  655s
H21442 17900                    1.396091e+07 1.0830e+07  22.4%   3.3  658s
 21636 18152 1.0906e+07 4541  424 1.3961e+07 1.0830e+07  22.4%   3.4  662s
 21888 18398 1.0908e+07 4609  423 1.3961e+07 1.0830e+07  22.4%   3.6  666s
 22134 18632 1.0909e+07 4670  425 1.3961e+07 1.0830e+07  22.4%   3.8  670s
H22676 19194                    1.396078e+07 1.0830e+07  22.4%   4.1  679s
H22787 19194                    1.395934e+07 1.0830e+07  22.4%   4.2  679s
 22930 19480 1.0916e+07 4855  427 1.3959e+07 1.0830e+07  22.4%   4.2  685s
 23569 20195 1.0925e+07 4996  424 1.3959e+07 1.0830e+07  22.4%   4.4  694s
H23931 20475                    1.395647e+07 1.0830e+07  22.4%   4.5  699s
H24075 20475                    1.394900e+07 1.0830e+07  22.4%   4.5  699s
H24211 20670                    1.394694e+07 1.0830e+07  22.3%   4.4  704s
 24406 20996 1.0924e+07 5228  425 1.3947e+07 1.0830e+07  22.3%   4.4  709s
 24732 21325 1.0943e+07 5304  423 1.3947e+07 1.0830e+07  22.3%   4.4  715s
 25061 21503 1.0927e+07 5378  424 1.3947e+07 1.0830e+07  22.3%   4.3  742s
 25239 21733 1.0955e+07 5422  423 1.3947e+07 1.0830e+07  22.3%   4.3  747s
 25469 21931 1.0944e+07 5494  423 1.3947e+07 1.0830e+07  22.3%   4.3  753s
 25667 22138 1.0942e+07 5544  424 1.3947e+07 1.0830e+07  22.3%   4.3  757s
 25874 22550 1.0942e+07 5589  424 1.3947e+07 1.0830e+07  22.3%   4.2  764s
 26286 22918 1.0942e+07 5682  424 1.3947e+07 1.0830e+07  22.3%   4.2  770s
 26654 23320 1.0952e+07 5765  423 1.3947e+07 1.0830e+07  22.3%   4.1  777s
 27056 23685 1.0944e+07 5856  424 1.3947e+07 1.0830e+07  22.3%   4.1  781s
 27421 24074 1.0945e+07 5936  424 1.3947e+07 1.0830e+07  22.3%   4.1  787s
 27810 24430 1.0947e+07 6022  425 1.3947e+07 1.0830e+07  22.3%   4.0  792s
 28166 24737 1.0964e+07 6105  424 1.3947e+07 1.0830e+07  22.3%   4.0  798s
 28473 24965 1.0950e+07 6153  424 1.3947e+07 1.0830e+07  22.3%   4.0  802s
 28701 25280 1.0965e+07 6214  420 1.3947e+07 1.0830e+07  22.3%   4.0  808s
 29016 25500 1.0977e+07 6274  420 1.3947e+07 1.0830e+07  22.3%   4.1  812s
 29236 25837 1.0978e+07 6333  418 1.3947e+07 1.0830e+07  22.3%   4.2  817s
 29573 26153 1.0979e+07 6402  416 1.3947e+07 1.0830e+07  22.3%   4.2  823s
 29889 26462 1.0980e+07 6462  416 1.3947e+07 1.0830e+07  22.3%   4.3  828s
 30198 26647 1.1007e+07 6522  425 1.3947e+07 1.0830e+07  22.3%   4.4  846s
 30383 26780 1.0999e+07 6559  419 1.3947e+07 1.0830e+07  22.3%   4.4  851s
 30516 27106 1.0999e+07 6595  419 1.3947e+07 1.0830e+07  22.3%   4.5  858s
 30842 27281 1.0999e+07 6661  419 1.3947e+07 1.0830e+07  22.3%   4.6  863s
 31017 27582 1.0999e+07 6705  419 1.3947e+07 1.0830e+07  22.3%   4.6  868s
 31318 27891 1.1002e+07 6757  419 1.3947e+07 1.0830e+07  22.3%   4.8  873s
 31627 28131 1.1023e+07 6819  430 1.3947e+07 1.0830e+07  22.3%   4.9  877s
 31867 28401 1.1024e+07 6900  428 1.3947e+07 1.0830e+07  22.3%   4.9  881s
 32137 28673 1.1036e+07 6978  426 1.3947e+07 1.0830e+07  22.3%   5.0  886s
 32409 28908 1.1025e+07 7050  428 1.3947e+07 1.0830e+07  22.3%   5.0  891s
 32644 29187 1.1026e+07 7124  428 1.3947e+07 1.0830e+07  22.3%   5.1  895s
 32923 29412 1.1045e+07 7201  426 1.3947e+07 1.0830e+07  22.3%   5.1  900s
 33433 30001 1.1036e+07 7352  426 1.3947e+07 1.0830e+07  22.3%   5.2  907s
 33737 30228 1.1032e+07 7434  427 1.3947e+07 1.0830e+07  22.3%   5.3  913s
 33964 30538 1.1045e+07 7475  427 1.3947e+07 1.0830e+07  22.3%   5.3  917s
 34274 30828 1.1034e+07 7555  427 1.3947e+07 1.0830e+07  22.3%   5.4  923s
 34564 31102 1.1036e+07 7632  427 1.3947e+07 1.0830e+07  22.3%   5.4  928s
 34838 31432 1.1069e+07 7722  411 1.3947e+07 1.0830e+07  22.3%   5.5  933s
 35168 31782 1.1089e+07 7830  412 1.3947e+07 1.0830e+07  22.3%   5.5  939s
 35518 31784 1.1074e+07 7945  410 1.3947e+07 1.0830e+07  22.3%   5.6  950s
 35745 32196 1.1077e+07 8021  410 1.3947e+07 1.0830e+07  22.3%   5.7  958s
 35932 32488 1.1080e+07 8076  410 1.3947e+07 1.0830e+07  22.3%   5.7  963s
 36224 32723 1.1083e+07 8150  410 1.3947e+07 1.0830e+07  22.3%   5.8  968s
 36459 32988 1.1117e+07 8208  411 1.3947e+07 1.0830e+07  22.3%   5.9  974s
 36724 33303 1.1087e+07 8291  410 1.3947e+07 1.0830e+07  22.3%   6.0  980s
 37039 33381 1.1097e+07 8377  410 1.3947e+07 1.0830e+07  22.3%   5.9  987s
 37117 33801 1.1097e+07 8397  410 1.3947e+07 1.0830e+07  22.3%   5.9  993s
 37537 34192 1.1097e+07 8513  410 1.3947e+07 1.0830e+07  22.3%   5.9 1000s
 37928 34489 1.1132e+07 8620  409 1.3947e+07 1.0830e+07  22.3%   5.8 1006s
 38225 34915 1.1100e+07 8722  410 1.3947e+07 1.0830e+07  22.3%   5.8 1013s
 38651 35358 1.1103e+07 8832  410 1.3947e+07 1.0830e+07  22.3%   5.8 1020s
 39094 35732 1.1107e+07 8945  410 1.3947e+07 1.0830e+07  22.3%   5.7 1027s
 39468 36128 1.1132e+07 9038  409 1.3947e+07 1.0830e+07  22.3%   5.7 1033s
 39864 36395 1.1112e+07 9138  410 1.3947e+07 1.0830e+07  22.3%   5.6 1038s
 40131 36753 1.1132e+07 9189  410 1.3947e+07 1.0830e+07  22.3%   5.7 1043s
 40489 37104 1.1135e+07 9281  409 1.3947e+07 1.0830e+07  22.3%   5.7 1048s
 40840 37106 1.1120e+07 9366  410 1.3947e+07 1.0830e+07  22.3%   5.7 1061s
 40926 37536 1.1134e+07 9388  408 1.3947e+07 1.0830e+07  22.3%   5.7 1070s
 41630 38241 1.1127e+07 9556  410 1.3947e+07 1.0830e+07  22.3%   5.7 1080s
 41977 38619 1.1134e+07 9640  408 1.3947e+07 1.0830e+07  22.3%   5.6 1085s
 42355 38965 1.1131e+07 9745  409 1.3947e+07 1.0830e+07  22.3%   5.6 1090s
 42701 39153 1.1134e+07 9842  409 1.3947e+07 1.0830e+07  22.3%   5.5 1095s
 42889 39502 1.1177e+07 9889  409 1.3947e+07 1.0830e+07  22.3%   5.5 1101s
 43238 39716 1.1173e+07 9974  410 1.3947e+07 1.0830e+07  22.3%   5.5 1106s
 43452 40082 1.1170e+07 10024  411 1.3947e+07 1.0830e+07  22.3%   5.5 1112s
 43818 40462 1.1148e+07 10112  410 1.3947e+07 1.0830e+07  22.3%   5.4 1118s
 44198 40838 1.1148e+07 10207  409 1.3947e+07 1.0830e+07  22.3%   5.4 1123s
 44574 41206 1.1177e+07 10300  411 1.3947e+07 1.0830e+07  22.3%   5.4 1129s
 44942 41484 1.1148e+07 10392  410 1.3947e+07 1.0830e+07  22.3%   5.3 1134s
 45220 41856 1.1149e+07 10440  410 1.3947e+07 1.0830e+07  22.3%   5.3 1139s
 45592 42230 1.1181e+07 10533  409 1.3947e+07 1.0830e+07  22.3%   5.3 1144s
 45966 42585 1.1181e+07 10627  409 1.3947e+07 1.0830e+07  22.3%   5.3 1149s
 46321 42781 1.1157e+07 10720  410 1.3947e+07 1.0830e+07  22.3%   5.2 1154s
 46517 43141 1.1157e+07 10764  410 1.3947e+07 1.0830e+07  22.3%   5.2 1159s
 46877 43515 1.1182e+07 10852  409 1.3947e+07 1.0830e+07  22.3%   5.2 1164s
 47251 43903 1.1177e+07 10944  411 1.3947e+07 1.0830e+07  22.3%   5.2 1170s
 47639 44246 1.1185e+07 11039  411 1.3947e+07 1.0830e+07  22.3%   5.1 1177s
 47982 44593 1.1188e+07 11117  407 1.3947e+07 1.0830e+07  22.3%   5.1 1183s
 48329 44930 1.1217e+07 11195  407 1.3947e+07 1.0830e+07  22.3%   5.1 1190s
 48666 45184 1.1193e+07 11276  408 1.3947e+07 1.0830e+07  22.3%   5.0 1195s
 48920 45517 1.1220e+07 11310  407 1.3947e+07 1.0830e+07  22.3%   5.0 1200s
 49253 45519 1.1215e+07 11393  406 1.3947e+07 1.0830e+07  22.3%   5.0 1220s
 49255 45840 1.1197e+07 11394  408 1.3947e+07 1.0830e+07  22.3%   5.0 1226s
 49576 46028 1.1250e+07 11414  405 1.3947e+07 1.0830e+07  22.3%   5.0 1230s
 50045 46745 1.1332e+07 11415  410 1.3947e+07 1.0830e+07  22.3%   4.9 1241s
 50481 47057 1.1253e+07 11414  405 1.3947e+07 1.0830e+07  22.3%   4.9 1247s
 50793 47421 1.1253e+07 11412  405 1.3947e+07 1.0830e+07  22.3%   4.9 1252s
 51157 47865 1.1250e+07 11414  406 1.3947e+07 1.0830e+07  22.3%   4.9 1258s
 51601 48249 1.1267e+07 11414  405 1.3947e+07 1.0830e+07  22.3%   4.8 1263s
 51985 48476 1.1321e+07 11413  412 1.3947e+07 1.0830e+07  22.3%   4.8 1267s
 52212 48881 1.1350e+07 11415  409 1.3947e+07 1.0830e+07  22.3%   4.8 1273s
 52617 49284 1.1285e+07 11412  407 1.3947e+07 1.0830e+07  22.3%   4.8 1278s
 53020 49569 1.1345e+07 11415  407 1.3947e+07 1.0830e+07  22.3%   4.7 1283s
 53305 49648 1.1345e+07 11415  409 1.3947e+07 1.0830e+07  22.3%   4.7 1287s
 53384 49733 1.0830e+07   44  660 1.3947e+07 1.0830e+07  22.3%   4.7 1294s
 53469 49912 1.0830e+07   64  644 1.3947e+07 1.0830e+07  22.3%   4.7 1305s
 53648 50191 1.0831e+07  106  603 1.3947e+07 1.0830e+07  22.3%   4.7 1315s
 53927 50432 1.0832e+07  174  546 1.3947e+07 1.0830e+07  22.3%   4.7 1324s
 54168 50707 1.0832e+07  232  545 1.3947e+07 1.0830e+07  22.3%   4.7 1334s
 54443 50977 1.0832e+07  299  544 1.3947e+07 1.0830e+07  22.3%   4.7 1343s
 54713 51256 1.0832e+07  365  544 1.3947e+07 1.0830e+07  22.3%   4.6 1353s
 54992 51506 1.0832e+07  433  544 1.3947e+07 1.0830e+07  22.3%   4.6 1361s
 55242 51708 1.0832e+07  494  541 1.3947e+07 1.0830e+07  22.3%   4.6 1367s
 55444 51874 1.0832e+07  528  542 1.3947e+07 1.0830e+07  22.3%   4.6 1374s
 55610 51984 1.0833e+07  589  500 1.3947e+07 1.0830e+07  22.3%   4.6 1378s
 55720 52093 1.0838e+07  621  495 1.3947e+07 1.0830e+07  22.3%   4.7 1382s
 55829 52149 1.0844e+07  654  474 1.3947e+07 1.0830e+07  22.3%   4.7 1386s
 55885 52302 1.0857e+07  672  469 1.3947e+07 1.0830e+07  22.3%   4.7 1391s
 56038 52434 1.0846e+07  737  465 1.3947e+07 1.0830e+07  22.3%   4.8 1396s
 56170 52581 1.0847e+07  769  501 1.3947e+07 1.0830e+07  22.3%   4.8 1401s
 56317 52786 1.0860e+07  816  466 1.3947e+07 1.0830e+07  22.3%   4.9 1406s
 56522 52994 1.0858e+07  890  468 1.3947e+07 1.0830e+07  22.3%   4.9 1411s
 56730 53171 1.0856e+07  964  467 1.3947e+07 1.0830e+07  22.3%   4.9 1415s
 56907 53263 1.0865e+07 1021  484 1.3947e+07 1.0830e+07  22.3%   4.9 1420s
 57091 53512 1.0868e+07 1063  569 1.3947e+07 1.0830e+07  22.3%   5.0 1428s
 57248 53693 1.0885e+07 1105  455 1.3947e+07 1.0830e+07  22.3%   5.1 1433s
 57429 53872 1.0900e+07 1148  552 1.3947e+07 1.0830e+07  22.3%   5.1 1472s
 57608 54010 1.0936e+07 1191  447 1.3947e+07 1.0830e+07  22.3%   5.2 1476s
 57852 54351 1.0958e+07 1259  467 1.3947e+07 1.0830e+07  22.3%   5.2 1485s
 58087 54570 1.0999e+07 1325  451 1.3947e+07 1.0830e+07  22.3%   5.2 1491s
 58306 54787 1.0965e+07 1387  438 1.3947e+07 1.0830e+07  22.3%   5.3 1497s
 58523 54982 1.0998e+07 1427  451 1.3947e+07 1.0830e+07  22.3%   5.3 1502s
 58718 55154 1.0972e+07 1475  438 1.3947e+07 1.0830e+07  22.3%   5.3 1507s
 58890 55283 1.0973e+07 1520  437 1.3947e+07 1.0830e+07  22.3%   5.3 1512s
 59019 55512 1.0973e+07 1549  438 1.3947e+07 1.0830e+07  22.3%   5.3 1518s
 59248 55738 1.0974e+07 1596  438 1.3947e+07 1.0830e+07  22.3%   5.4 1524s
 59474 55970 1.0975e+07 1647  437 1.3947e+07 1.0830e+07  22.3%   5.4 1530s
 59706 56188 1.0998e+07 1694  452 1.3947e+07 1.0830e+07  22.3%   5.4 1535s
 59924 56343 1.0976e+07 1746  437 1.3947e+07 1.0830e+07  22.3%   5.4 1541s
 60079 56489 1.0977e+07 1781  438 1.3947e+07 1.0830e+07  22.3%   5.4 1545s
 60225 56743 1.0977e+07 1814  439 1.3947e+07 1.0830e+07  22.3%   5.4 1551s
 60479 57006 1.0978e+07 1873  437 1.3947e+07 1.0830e+07  22.3%   5.4 1557s
 60742 57312 1.0986e+07 1946  444 1.3947e+07 1.0830e+07  22.3%   5.4 1563s
 61048 57676 1.0986e+07 2004  439 1.3947e+07 1.0830e+07  22.3%   5.4 1571s
 61412 58029 1.0999e+07 2090  443 1.3947e+07 1.0830e+07  22.3%   5.4 1579s
 61765 58353 1.0989e+07 2176  439 1.3947e+07 1.0830e+07  22.3%   5.4 1586s
 62089 58701 1.0990e+07 2251  439 1.3947e+07 1.0830e+07  22.3%   5.4 1593s
 62437 58988 1.1004e+07 2330  442 1.3947e+07 1.0830e+07  22.3%   5.4 1599s
 62724 59307 1.0999e+07 2411  442 1.3947e+07 1.0830e+07  22.3%   5.4 1605s
 63043 59661 1.1003e+07 2461  439 1.3947e+07 1.0830e+07  22.3%   5.4 1612s
 63397 60001 1.1001e+07 2522  439 1.3947e+07 1.0830e+07  22.3%   5.4 1618s
 63737 60346 1.1002e+07 2586  440 1.3947e+07 1.0830e+07  22.3%   5.4 1625s
 64082 60619 1.1019e+07 2659  453 1.3947e+07 1.0830e+07  22.3%   5.4 1632s
 64355 60913 1.1004e+07 2727  440 1.3947e+07 1.0830e+07  22.3%   5.4 1637s
 64649 61235 1.1020e+07 2771  452 1.3947e+07 1.0830e+07  22.3%   5.4 1642s
 64971 61466 1.1006e+07 2837  440 1.3947e+07 1.0830e+07  22.3%   5.4 1648s
 65202 61846 1.1007e+07 2905  438 1.3947e+07 1.0830e+07  22.3%   5.5 1655s
 65582 62192 1.1045e+07 2985  428 1.3947e+07 1.0830e+07  22.3%   5.5 1661s
 65928 62372 1.1050e+07 3067  427 1.3947e+07 1.0830e+07  22.3%   5.5 1667s
 66108 62642 1.1081e+07 3113  436 1.3947e+07 1.0830e+07  22.3%   5.5 1672s
 66378 62943 1.1052e+07 3190  427 1.3947e+07 1.0830e+07  22.3%   5.5 1678s
 66679 63221 1.1053e+07 3266  427 1.3947e+07 1.0830e+07  22.3%   5.5 1684s
 66957 63590 1.1053e+07 3340  427 1.3947e+07 1.0830e+07  22.3%   5.6 1690s
 67326 63771 1.1055e+07 3429  427 1.3947e+07 1.0830e+07  22.3%   5.6 1695s
 67507 64137 1.1055e+07 3442  427 1.3947e+07 1.0830e+07  22.3%   5.7 1702s
 67873 64393 1.1067e+07 3545  425 1.3947e+07 1.0830e+07  22.3%   5.7 1707s
 68129 64722 1.1068e+07 3613  425 1.3947e+07 1.0830e+07  22.3%   5.7 1712s
 68458 65003 1.1069e+07 3728  425 1.3947e+07 1.0830e+07  22.3%   5.7 1718s
 68739 65276 1.1070e+07 3791  425 1.3947e+07 1.0830e+07  22.3%   5.8 1747s
 69012 65494 1.1103e+07 3888  420 1.3947e+07 1.0830e+07  22.3%   5.8 1752s
 69230 65665 1.1103e+07 3951  420 1.3947e+07 1.0830e+07  22.3%   5.8 1759s
 69401 65976 1.1104e+07 4014  420 1.3947e+07 1.0830e+07  22.3%   5.9 1767s
 69712 66154 1.1105e+07 4122  420 1.3947e+07 1.0830e+07  22.3%   5.9 1773s
 69890 66501 1.1106e+07 4171  420 1.3947e+07 1.0830e+07  22.3%   5.9 1780s
 70237 66824 1.1118e+07 4292  419 1.3947e+07 1.0830e+07  22.3%   5.9 1786s
 70560 67165 1.1108e+07 4410  420 1.3947e+07 1.0830e+07  22.3%   6.0 1793s
 70901 67356 1.1118e+07 4528  419 1.3947e+07 1.0830e+07  22.3%   6.0 1798s
 71092 67685 1.1111e+07 4594  420 1.3947e+07 1.0830e+07  22.3%   6.0 1806s
 71421 68071 1.1132e+07 4706  432 1.3947e+07 1.0830e+07  22.3%   6.0 1816s
 71807 68533 1.1113e+07 4819  420 1.3947e+07 1.0830e+07  22.3%   6.1 1823s
 72269 69032 1.1158e+07 4983  415 1.3947e+07 1.0830e+07  22.3%   6.1 1830s
 72768 69570 1.1196e+07 5108  415 1.3947e+07 1.0830e+07  22.3%   6.1 1838s
 73306 70017 1.1181e+07 5244  414 1.3947e+07 1.0830e+07  22.3%   6.1 1845s
 73753 70360 1.1196e+07 5357  415 1.3947e+07 1.0830e+07  22.3%   6.1 1852s
 74096 70795 1.1204e+07 5435  414 1.3947e+07 1.0830e+07  22.3%   6.1 1861s
 74531 70991 1.1209e+07 5547  414 1.3947e+07 1.0830e+07  22.3%   6.1 1867s
 74727 71308 1.1227e+07 5621  423 1.3947e+07 1.0830e+07  22.3%   6.1 1873s
 75044 71780 1.1229e+07 5715  414 1.3947e+07 1.0830e+07  22.3%   6.1 1880s
 75516 72245 1.1236e+07 5837  414 1.3947e+07 1.0830e+07  22.3%   6.1 1887s
 75981 72679 1.1242e+07 5961  414 1.3947e+07 1.0830e+07  22.3%   6.1 1895s
 76415 73129 1.1247e+07 6080  414 1.3947e+07 1.0830e+07  22.3%   6.1 1900s
 76865 73511 1.1253e+07 6205  414 1.3947e+07 1.0830e+07  22.3%   6.1 1907s
 77247 73960 1.1265e+07 6315  414 1.3947e+07 1.0830e+07  22.3%   6.1 1914s
 77696 74314 1.1265e+07 6439  414 1.3947e+07 1.0830e+07  22.3%   6.1 1921s
 78050 74730 1.1308e+07 6543  431 1.3947e+07 1.0830e+07  22.3%   6.1 1927s
 78466 75124 1.1288e+07 6656  414 1.3947e+07 1.0830e+07  22.3%   6.1 1933s
 78860 75554 1.1294e+07 6761  414 1.3947e+07 1.0830e+07  22.3%   6.1 1939s
 79290 75556 1.1300e+07 6880  414 1.3947e+07 1.0830e+07  22.3%   6.1 1970s
 79292 75882 1.1307e+07 6880  419 1.3947e+07 1.0830e+07  22.3%   6.1 1976s
 79618 76096 1.1302e+07 6958  416 1.3947e+07 1.0830e+07  22.3%   6.1 1980s
 79832 76467 1.1304e+07 7008  416 1.3947e+07 1.0830e+07  22.3%   6.1 1986s
 80203 76757 1.1326e+07 7096  417 1.3947e+07 1.0830e+07  22.3%   6.1 1990s
 80493 77131 1.1328e+07 7145  430 1.3947e+07 1.0830e+07  22.3%   6.2 1995s
 80867 77507 1.1309e+07 7234  416 1.3947e+07 1.0830e+07  22.3%   6.2 2001s
 81243 77728 1.1329e+07 7322  424 1.3947e+07 1.0830e+07  22.3%   6.2 2007s
 81464 78076 1.1312e+07 7371  416 1.3947e+07 1.0830e+07  22.3%   6.2 2013s
 81812 78373 1.1314e+07 7458  418 1.3947e+07 1.0830e+07  22.3%   6.2 2019s
 82109 78691 1.1330e+07 7545  419 1.3947e+07 1.0830e+07  22.3%   6.2 2024s
 82427 78993 1.1317e+07 7635  416 1.3947e+07 1.0830e+07  22.3%   6.2 2031s
 82729 79378 1.1326e+07 7716  417 1.3947e+07 1.0830e+07  22.3%   6.3 2036s
 83114 79677 1.1321e+07 7814  418 1.3947e+07 1.0830e+07  22.3%   6.3 2041s
 83413 79979 1.1326e+07 7901  415 1.3947e+07 1.0830e+07  22.3%   6.3 2047s
 83715 80381 1.1326e+07 7977  415 1.3947e+07 1.0830e+07  22.3%   6.3 2054s
 84117 80782 1.1336e+07 8080  419 1.3947e+07 1.0830e+07  22.3%   6.3 2060s
 84518 81174 1.1361e+07 8192  432 1.3947e+07 1.0830e+07  22.3%   6.3 2066s
 84910 81608 1.1342e+07 8300  414 1.3947e+07 1.0830e+07  22.3%   6.3 2071s
 85344 81978 1.1347e+07 8404  415 1.3947e+07 1.0830e+07  22.3%   6.3 2077s
 85714 82255 1.1350e+07 8485  415 1.3947e+07 1.0830e+07  22.3%   6.3 2082s
 85991 82432 1.1351e+07 8553  413 1.3947e+07 1.0830e+07  22.3%   6.3 2087s
 86168 82753 1.1352e+07 8597  412 1.3947e+07 1.0830e+07  22.3%   6.3 2091s
 86489 83100 1.1353e+07 8670  412 1.3947e+07 1.0830e+07  22.3%   6.4 2097s
 86836 83423 1.1354e+07 8751  415 1.3947e+07 1.0830e+07  22.3%   6.4 2103s
 87159 83768 1.1356e+07 8823  417 1.3947e+07 1.0830e+07  22.3%   6.4 2108s
 87504 84068 1.1358e+07 8906  416 1.3947e+07 1.0830e+07  22.3%   6.4 2114s
 87804 84400 1.1360e+07 8984  417 1.3947e+07 1.0830e+07  22.3%   6.4 2120s
 88136 84699 1.1363e+07 9073  414 1.3947e+07 1.0830e+07  22.3%   6.4 2125s
 88598 85185 1.1366e+07 9195  416 1.3947e+07 1.0830e+07  22.3%   6.4 2134s
 88921 85187 1.1392e+07 9275  417 1.3947e+07 1.0830e+07  22.3%   6.5 2160s
 89092 85586 1.1370e+07 9317  415 1.3947e+07 1.0830e+07  22.3%   6.5 2168s
 89322 85868 1.1371e+07 9375  416 1.3947e+07 1.0830e+07  22.3%   6.5 2174s
 89604 86230 1.1395e+07 9445  417 1.3947e+07 1.0830e+07  22.3%   6.5 2178s
 89966 86568 1.1398e+07 9538  426 1.3947e+07 1.0830e+07  22.3%   6.5 2182s
 90304 86928 1.1400e+07 9619  425 1.3947e+07 1.0830e+07  22.3%   6.5 2187s
 90664 87190 1.1384e+07 9702  413 1.3947e+07 1.0830e+07  22.3%   6.5 2191s
 90926 87526 1.1386e+07 9782  413 1.3947e+07 1.0830e+07  22.3%   6.5 2196s
 91262 87893 1.1388e+07 9863  414 1.3947e+07 1.0830e+07  22.3%   6.5 2202s
 91629 88140 1.1406e+07 9943  423 1.3947e+07 1.0830e+07  22.3%   6.5 2211s
 91876 88480 1.1392e+07 9996  413 1.3947e+07 1.0830e+07  22.3%   6.5 2218s
 92216 88849 1.1394e+07 10075  414 1.3947e+07 1.0830e+07  22.3%   6.5 2224s
 92585 89244 1.1397e+07 10160  413 1.3947e+07 1.0830e+07  22.3%   6.5 2230s
 92980 89615 1.1399e+07 10252  414 1.3947e+07 1.0830e+07  22.3%   6.5 2236s
 93351 90013 1.1413e+07 10329  414 1.3947e+07 1.0830e+07  22.3%   6.5 2242s
 93749 90372 1.1404e+07 10424  414 1.3947e+07 1.0830e+07  22.3%   6.5 2247s
 94108 90765 1.1417e+07 10518  413 1.3947e+07 1.0830e+07  22.3%   6.5 2252s
 94501 91117 1.1429e+07 10616  426 1.3947e+07 1.0830e+07  22.3%   6.5 2256s
 94853 91457 1.1426e+07 10704  415 1.3947e+07 1.0830e+07  22.3%   6.5 2262s
 95193 91886 1.1438e+07 10773  416 1.3947e+07 1.0830e+07  22.3%   6.5 2266s
 95622 92354 1.1624e+07 10873  394 1.3947e+07 1.0830e+07  22.3%   6.6 2272s
 96091 92666 1.1637e+07 10970  388 1.3947e+07 1.0830e+07  22.3%   6.6 2277s
 96511 93052 1.2089e+07 11072  335 1.3947e+07 1.0830e+07  22.3%   6.6 2282s
 96897 93441 1.2091e+07 11168  334 1.3947e+07 1.0830e+07  22.3%   6.6 2286s
 97286 93870 1.2100e+07 11271  333 1.3947e+07 1.0830e+07  22.3%   6.6 2291s
 97715 94242 1.2159e+07 11387  402 1.3947e+07 1.0830e+07  22.3%   6.6 2296s
 98097 94647 1.2172e+07 11413  403 1.3947e+07 1.0830e+07  22.3%   6.6 2301s
 98860 95403 1.2191e+07 11416  410 1.3947e+07 1.0830e+07  22.3%   6.7 2310s
 99495 95642 1.2180e+07 11416  405 1.3947e+07 1.0830e+07  22.3%   6.7 2343s
 99497 96053 1.2183e+07 11416  406 1.3947e+07 1.0830e+07  22.3%   6.7 2348s
 99908 96444 1.2178e+07 11413  403 1.3947e+07 1.0830e+07  22.3%   6.7 2353s
 100299 96805 1.2191e+07 11416  408 1.3947e+07 1.0830e+07  22.3%   6.7 2358s
 100670 97189 infeasible 11414      1.3947e+07 1.0830e+07  22.3%   6.7 2363s
 101076 97486 1.2193e+07 11415  404 1.3947e+07 1.0830e+07  22.3%   6.7 2370s
 101385 97775 1.0890e+07   48  660 1.3947e+07 1.0830e+07  22.3%   6.7 2379s
 101682 97984 1.0935e+07   92  637 1.3947e+07 1.0830e+07  22.3%   6.7 2387s
 101907 98049 1.1019e+07  101  642 1.3947e+07 1.0830e+07  22.3%   6.7 2398s
 102028 98184 1.1125e+07  121  638 1.3947e+07 1.0830e+07  22.3%   6.7 2407s
 102179 98393 1.1140e+07  152  608 1.3947e+07 1.0830e+07  22.3%   6.7 2418s
 102392 98633 1.1169e+07  207  555 1.3947e+07 1.0830e+07  22.3%   6.7 2427s
 102632 98853 1.1179e+07  273  522 1.3947e+07 1.0830e+07  22.3%   6.7 2433s
 102852 99011 1.1171e+07  341  520 1.3947e+07 1.0830e+07  22.3%   6.7 2439s
 103012 99226 1.1188e+07  402  528 1.3947e+07 1.0830e+07  22.3%   6.7 2443s
 103229 99510 1.1199e+07  457  526 1.3947e+07 1.0830e+07  22.3%   6.7 2448s
 103513 99770 1.1194e+07  537  522 1.3947e+07 1.0830e+07  22.3%   6.6 2454s
 103773 100043 1.1198e+07  596  511 1.3947e+07 1.0830e+07  22.3%   6.6 2459s
 104046 100249 1.1204e+07  660  506 1.3947e+07 1.0830e+07  22.3%   6.6 2464s
 104252 100372 1.1240e+07  729  496 1.3947e+07 1.0830e+07  22.3%   6.6 2468s
 104375 100474 1.1241e+07  776  499 1.3947e+07 1.0830e+07  22.3%   6.6 2472s
 104477 100591 1.1245e+07  813  488 1.3947e+07 1.0830e+07  22.3%   6.7 2475s
 104684 100757 1.1244e+07  886  494 1.3947e+07 1.0830e+07  22.3%   6.7 2480s
 104807 100896 1.1261e+07  931  487 1.3947e+07 1.0830e+07  22.3%   6.7 2486s
 104991 101085 1.1262e+07  991  486 1.3947e+07 1.0830e+07  22.3%   6.7 2492s
 105088 101162 1.1263e+07 1023  483 1.3947e+07 1.0830e+07  22.3%   6.8 2495s
 105247 101246 1.1269e+07 1074  479 1.3947e+07 1.0830e+07  22.3%   6.8 2527s
 105249 101399 1.1266e+07 1075  480 1.3947e+07 1.0830e+07  22.3%   6.8 2530s
 105506 101723 1.1283e+07 1120  475 1.3947e+07 1.0830e+07  22.3%   6.8 2538s
 105726 101958 1.1288e+07 1156  476 1.3947e+07 1.0830e+07  22.3%   6.8 2542s
 105961 102173 1.1308e+07 1193  462 1.3947e+07 1.0830e+07  22.3%   6.8 2547s
 106176 102329 1.1295e+07 1226  472 1.3947e+07 1.0830e+07  22.3%   6.8 2552s
 106332 102508 1.1295e+07 1246  472 1.3947e+07 1.0830e+07  22.3%   6.8 2557s
 106511 102681 1.1295e+07 1280  472 1.3947e+07 1.0830e+07  22.3%   6.8 2561s
 106684 102792 1.1308e+07 1313  462 1.3947e+07 1.0830e+07  22.3%   6.8 2565s
 106795 102979 1.1296e+07 1328  472 1.3947e+07 1.0830e+07  22.3%   6.8 2570s
 106982 103156 1.1296e+07 1363  472 1.3947e+07 1.0830e+07  22.3%   6.8 2576s
 107159 103350 1.1296e+07 1396  472 1.3947e+07 1.0830e+07  22.3%   6.8 2581s
 107353 103522 1.1296e+07 1433  473 1.3947e+07 1.0830e+07  22.3%   6.8 2586s
 107525 103654 1.1297e+07 1462  473 1.3947e+07 1.0830e+07  22.3%   6.8 2590s
 107832 104021 1.1304e+07 1521  461 1.3947e+07 1.0830e+07  22.3%   6.8 2598s
 108024 104157 1.1304e+07 1553  461 1.3947e+07 1.0830e+07  22.3%   6.9 2601s
 108320 104447 1.1298e+07 1617  473 1.3947e+07 1.0830e+07  22.3%   6.9 2609s
 108450 104588 1.1298e+07 1635  473 1.3947e+07 1.0830e+07  22.3%   6.9 2613s
 108591 104711 1.1298e+07 1665  473 1.3947e+07 1.0830e+07  22.3%   6.9 2617s
 108714 104854 1.1298e+07 1686  473 1.3947e+07 1.0830e+07  22.3%   6.9 2621s
 108857 105006 1.1298e+07 1717  473 1.3947e+07 1.0830e+07  22.3%   6.9 2626s
 109009 105154 1.1308e+07 1752  461 1.3947e+07 1.0830e+07  22.3%   6.9 2630s
 109280 105428 1.1304e+07 1817  461 1.3947e+07 1.0830e+07  22.3%   7.0 2637s
 109431 105588 1.1299e+07 1851  473 1.3947e+07 1.0830e+07  22.3%   7.0 2641s
 109591 105680 1.1299e+07 1887  473 1.3947e+07 1.0830e+07  22.3%   7.0 2645s
 109844 106005 1.1300e+07 1941  473 1.3947e+07 1.0830e+07  22.3%   7.0 2652s
 110008 106176 1.1300e+07 1977  473 1.3947e+07 1.0830e+07  22.3%   7.0 2655s
 110179 106353 1.1300e+07 2015  473 1.3947e+07 1.0830e+07  22.3%   7.0 2660s
 110356 106355 1.1308e+07 2050  461 1.3947e+07 1.0830e+07  22.3%   7.0 2696s
 110358 106473 1.1300e+07 2051  473 1.3947e+07 1.0830e+07  22.3%   7.0 2701s
 110476 106687 1.1301e+07 2078  472 1.3947e+07 1.0830e+07  22.3%   7.0 2706s
 110690 106871 1.1303e+07 2134  462 1.3947e+07 1.0830e+07  22.3%   7.0 2711s
 110874 107105 1.1315e+07 2173  461 1.3947e+07 1.0830e+07  22.3%   7.0 2717s
 111108 107401 1.1376e+07 2231  451 1.3947e+07 1.0830e+07  22.3%   7.0 2724s
 111404 107646 1.1393e+07 2313  451 1.3947e+07 1.0830e+07  22.3%   7.0 2729s
 111649 107937 1.1408e+07 2376  448 1.3947e+07 1.0830e+07  22.3%   7.1 2735s
 111940 108176 1.1450e+07 2466  449 1.3947e+07 1.0830e+07  22.3%   7.1 2740s
 112179 108478 1.1458e+07 2541  445 1.3947e+07 1.0830e+07  22.3%   7.1 2747s
 112481 108770 1.1455e+07 2622  445 1.3947e+07 1.0830e+07  22.3%   7.1 2754s
 112773 109059 1.1468e+07 2698  445 1.3947e+07 1.0830e+07  22.3%   7.1 2761s
 113062 109362 1.1462e+07 2778  445 1.3947e+07 1.0830e+07  22.3%   7.1 2767s
 113365 109670 1.1465e+07 2858  444 1.3947e+07 1.0830e+07  22.3%   7.1 2774s
 113673 109968 1.1466e+07 2940  444 1.3947e+07 1.0830e+07  22.3%   7.1 2779s
 113971 110264 1.1468e+07 3020  444 1.3947e+07 1.0830e+07  22.3%   7.1 2786s
 114267 110551 1.1476e+07 3100  445 1.3947e+07 1.0830e+07  22.3%   7.1 2790s
 114554 110794 1.1469e+07 3151  444 1.3947e+07 1.0830e+07  22.3%   7.1 2795s
 114797 111042 1.1471e+07 3229  443 1.3947e+07 1.0830e+07  22.3%   7.1 2800s
 115045 111334 1.1539e+07 3318  447 1.3947e+07 1.0830e+07  22.3%   7.2 2806s
 115337 111704 1.1602e+07 3431  422 1.3947e+07 1.0830e+07  22.3%   7.2 2813s
 115707 111706 1.1639e+07 3560  414 1.3947e+07 1.0830e+07  22.3%   7.2 2846s
 115709 111932 1.1652e+07 3561  418 1.3947e+07 1.0830e+07  22.3%   7.2 2852s
 115935 112260 1.1639e+07 3634  416 1.3947e+07 1.0830e+07  22.3%   7.2 2859s
 116263 112732 1.1640e+07 3725  417 1.3947e+07 1.0830e+07  22.3%   7.2 2867s
 116735 113217 1.1641e+07 3854  417 1.3947e+07 1.0830e+07  22.3%   7.2 2874s
 117220 113579 1.1655e+07 3982  419 1.3947e+07 1.0830e+07  22.3%   7.2 2880s
 117582 114003 1.1652e+07 4093  418 1.3947e+07 1.0830e+07  22.3%   7.2 2886s
 118006 114387 1.1644e+07 4202  417 1.3947e+07 1.0830e+07  22.3%   7.2 2893s
 118390 114853 1.1652e+07 4281  418 1.3947e+07 1.0830e+07  22.3%   7.2 2901s
 118856 115198 1.1652e+07 4404  418 1.3947e+07 1.0830e+07  22.3%   7.2 2908s
 119201 115513 1.1647e+07 4493  417 1.3947e+07 1.0830e+07  22.3%   7.2 2915s
 119516 115988 1.1647e+07 4577  417 1.3947e+07 1.0830e+07  22.3%   7.2 2922s
 119991 116457 1.1648e+07 4700  418 1.3947e+07 1.0830e+07  22.3%   7.2 2929s
 120460 116903 1.1649e+07 4822  417 1.3947e+07 1.0830e+07  22.3%   7.2 2937s
 120906 117356 1.1650e+07 4937  417 1.3947e+07 1.0830e+07  22.3%   7.2 2945s
 121359 117715 1.1656e+07 5056  419 1.3947e+07 1.0830e+07  22.3%   7.2 2952s
 121718 118083 1.1656e+07 5165  419 1.3947e+07 1.0830e+07  22.3%   7.2 2959s
 122086 118534 1.1654e+07 5257  418 1.3947e+07 1.0830e+07  22.3%   7.2 2968s
 122537 118982 1.1654e+07 5376  418 1.3947e+07 1.0830e+07  22.3%   7.1 2976s
 122985 119236 1.1657e+07 5497  416 1.3947e+07 1.0830e+07  22.3%   7.1 2981s
 123239 119641 1.1668e+07 5566  413 1.3947e+07 1.0830e+07  22.3%   7.1 2988s
 123644 119941 1.1708e+07 5674  413 1.3947e+07 1.0830e+07  22.3%   7.1 2993s
 123944 119943 1.1729e+07 5755  405 1.3947e+07 1.0830e+07  22.3%   7.1 3025s
 123946 120257 1.1740e+07 5755  416 1.3947e+07 1.0830e+07  22.3%   7.1 3030s
 124262 120673 1.2231e+07 5866  340 1.3947e+07 1.0830e+07  22.3%   7.1 3036s
 124678 121142 1.2235e+07 5976  341 1.3947e+07 1.0830e+07  22.3%   7.1 3041s
 125147 121392 1.2242e+07 6107  349 1.3947e+07 1.0830e+07  22.3%   7.1 3046s
 125397 121855 1.2243e+07 6175  347 1.3947e+07 1.0830e+07  22.3%   7.1 3052s
 125860 122339 1.2244e+07 6297  346 1.3947e+07 1.0830e+07  22.3%   7.1 3059s
 126344 122826 1.2249e+07 6422  349 1.3947e+07 1.0830e+07  22.3%   7.1 3066s
 126831 123240 1.2246e+07 6545  339 1.3947e+07 1.0830e+07  22.3%   7.1 3072s
 127245 123726 1.2252e+07 6649  349 1.3947e+07 1.0830e+07  22.3%   7.1 3078s
 127731 123864 1.2251e+07 6777  341 1.3947e+07 1.0830e+07  22.3%   7.1 3082s
 127869 124289 1.2251e+07 6812  341 1.3947e+07 1.0830e+07  22.3%   7.1 3089s
 128354 124736 1.2484e+07 6941  316 1.3947e+07 1.0830e+07  22.3%   7.1 3096s
 128801 125163 1.2483e+07 7055  310 1.3947e+07 1.0830e+07  22.3%   7.1 3101s
 129228 125583 1.2484e+07 7165  309 1.3947e+07 1.0830e+07  22.3%   7.1 3107s
 129648 125986 1.2487e+07 7275  315 1.3947e+07 1.0830e+07  22.3%   7.1 3113s
 130051 126394 1.2489e+07 7384  315 1.3947e+07 1.0830e+07  22.3%   7.1 3119s
 130459 126578 1.2488e+07 7491  312 1.3947e+07 1.0830e+07  22.3%   7.1 3123s
 130643 127002 1.2491e+07 7537  318 1.3947e+07 1.0830e+07  22.3%   7.1 3129s
 131067 127399 1.2493e+07 7644  316 1.3947e+07 1.0830e+07  22.3%   7.1 3134s
 131464 127841 1.2491e+07 7746  309 1.3947e+07 1.0830e+07  22.3%   7.1 3140s
 131906 128235 1.2492e+07 7861  318 1.3947e+07 1.0830e+07  22.3%   7.1 3145s
 132300 128662 1.2493e+07 7962  310 1.3947e+07 1.0830e+07  22.3%   7.1 3150s
 132727 129057 1.2494e+07 8071  307 1.3947e+07 1.0830e+07  22.3%   7.1 3156s
 133122 129480 1.2496e+07 8175  309 1.3947e+07 1.0830e+07  22.3%   7.1 3162s
 133545 129745 1.2500e+07 8286  315 1.3947e+07 1.0830e+07  22.3%   7.1 3167s
 133810 130150 1.2498e+07 8380  308 1.3947e+07 1.0830e+07  22.3%   7.1 3172s
 134215 130520 1.2502e+07 8486  313 1.3947e+07 1.0830e+07  22.3%   7.1 3176s
 134585 130934 1.2501e+07 8585  317 1.3947e+07 1.0830e+07  22.3%   7.0 3181s
 134999 130996 1.2502e+07 8694  309 1.3947e+07 1.0830e+07  22.3%   7.0 3219s
 135061 131235 1.2502e+07 8710  311 1.3947e+07 1.0830e+07  22.3%   7.0 3223s
 135300 131534 1.2504e+07 8748  330 1.3947e+07 1.0830e+07  22.3%   7.0 3230s
 135744 132090 1.2508e+07 8867  316 1.3947e+07 1.0830e+07  22.3%   7.0 3239s
 136155 132266 1.2514e+07 8973  311 1.3947e+07 1.0830e+07  22.3%   7.0 3243s
 136331 132675 1.2510e+07 9020  309 1.3947e+07 1.0830e+07  22.3%   7.0 3249s
 136740 133089 1.2512e+07 9128  310 1.3947e+07 1.0830e+07  22.3%   7.0 3254s
 137154 133479 1.2514e+07 9233  314 1.3947e+07 1.0830e+07  22.3%   7.0 3259s
 137544 133849 1.2516e+07 9334  307 1.3947e+07 1.0830e+07  22.3%   7.0 3265s
 138270 134565 1.2520e+07 9534  330 1.3947e+07 1.0830e+07  22.3%   7.0 3275s
 138630 134899 1.2522e+07 9634  310 1.3947e+07 1.0830e+07  22.3%   7.0 3280s
 138964 135259 1.2524e+07 9725  307 1.3947e+07 1.0830e+07  22.3%   7.0 3285s
 139467 135740 1.2527e+07 9860  309 1.3947e+07 1.0830e+07  22.3%   7.0 3294s
 139805 136106 1.2529e+07 9964  327 1.3947e+07 1.0830e+07  22.3%   7.0 3299s
 140171 136473 1.2532e+07 10064  326 1.3947e+07 1.0830e+07  22.3%   7.0 3305s
 140538 136804 1.2534e+07 10167  310 1.3947e+07 1.0830e+07  22.3%   7.0 3310s
 141096 137346 1.2541e+07 10315  329 1.3947e+07 1.0830e+07  22.3%   7.0 3319s
 141411 137686 1.2547e+07 10399  317 1.3947e+07 1.0830e+07  22.3%   7.0 3324s
 141751 137979 1.2549e+07 10489  318 1.3947e+07 1.0830e+07  22.3%   7.0 3328s
 142044 138296 1.2548e+07 10571  312 1.3947e+07 1.0830e+07  22.3%   7.0 3333s
 142361 138519 1.2554e+07 10652  316 1.3947e+07 1.0830e+07  22.3%   7.0 3337s
 142584 138876 1.2552e+07 10683  324 1.3947e+07 1.0830e+07  22.3%   7.0 3342s
 142941 139175 1.2554e+07 10779  309 1.3947e+07 1.0830e+07  22.3%   7.0 3347s
 143240 139481 1.2557e+07 10861  309 1.3947e+07 1.0830e+07  22.3%   7.0 3353s
 143546 139659 1.2559e+07 10942  309 1.3947e+07 1.0830e+07  22.3%   7.0 3357s
 143724 139997 1.2560e+07 10967  309 1.3947e+07 1.0830e+07  22.3%   7.0 3363s
 144062 140320 1.2564e+07 11066  309 1.3947e+07 1.0830e+07  22.3%   7.0 3368s
 144385 140661 1.2567e+07 11157  312 1.3947e+07 1.0830e+07  22.3%   7.0 3373s
 144726 140974 1.2575e+07 11253  313 1.3947e+07 1.0830e+07  22.3%   7.0 3379s
 145039 141254 1.2575e+07 11343  310 1.3947e+07 1.0830e+07  22.3%   7.0 3383s
 145319 141499 1.2578e+07 11416  329 1.3947e+07 1.0830e+07  22.3%   7.0 3387s
 145564 141756 1.2584e+07 11415  368 1.3947e+07 1.0830e+07  22.3%   7.0 3391s
 145821 142021 1.2592e+07 11416  381 1.3947e+07 1.0830e+07  22.3%   6.9 3396s
 146086 142290 1.2585e+07 11414  368 1.3947e+07 1.0830e+07  22.3%   6.9 3401s
 146424 142587 1.2605e+07 11415  407 1.3947e+07 1.0830e+07  22.3%   6.9 3437s
 146652 142803 1.2593e+07 11413  394 1.3947e+07 1.0830e+07  22.3%   6.9 3442s
 146868 142999 1.2600e+07 11416  405 1.3947e+07 1.0830e+07  22.3%   6.9 3446s
 147064 143262 1.2595e+07 11416  385 1.3947e+07 1.0830e+07  22.3%   6.9 3450s
 147327 143487 1.2588e+07 11412  368 1.3947e+07 1.0830e+07  22.3%   6.9 3455s
 147853 143905 1.2583e+07 11413  365 1.3947e+07 1.0830e+07  22.3%   6.9 3463s
 147970 144169 1.2587e+07 11416  375 1.3947e+07 1.0830e+07  22.3%   6.9 3468s
 148234 144457 1.2593e+07 11415  380 1.3947e+07 1.0830e+07  22.3%   6.9 3473s
 148522 144717 1.2591e+07 11416  378 1.3947e+07 1.0830e+07  22.3%   6.9 3478s
 148782 145035 1.2590e+07 11416  376 1.3947e+07 1.0830e+07  22.3%   6.9 3483s
 149100 145318 1.2593e+07 11416  382 1.3947e+07 1.0830e+07  22.3%   6.9 3487s
 149383 145611 1.2605e+07 11416  377 1.3947e+07 1.0830e+07  22.3%   6.9 3492s
 149676 145921 1.2587e+07 11412  375 1.3947e+07 1.0830e+07  22.3%   6.9 3497s
 149986 146177 1.2589e+07 11416  376 1.3947e+07 1.0830e+07  22.3%   6.9 3501s
 150242 146407 1.2607e+07 11416  378 1.3947e+07 1.0830e+07  22.3%   6.9 3505s
 150472 146603 1.2601e+07 11415  384 1.3947e+07 1.0830e+07  22.3%   6.9 3512s
 150722 146925 infeasible   70      1.3947e+07 1.0830e+07  22.3%   6.9 3518s
 151046 147285 1.1179e+07  131  605 1.3947e+07 1.0830e+07  22.3%   6.9 3523s
 151406 147544 1.1180e+07  211  528 1.3947e+07 1.0830e+07  22.3%   6.9 3529s
 151681 147720 infeasible  242      1.3947e+07 1.0830e+07  22.3%   6.9 3534s
 151895 147890 1.1363e+07  306  515 1.3947e+07 1.0830e+07  22.3%   6.9 3539s
 152107 148093 1.1376e+07  369  514 1.3947e+07 1.0830e+07  22.3%   6.9 3544s
 152312 148200 1.1400e+07  427  503 1.3947e+07 1.0830e+07  22.3%   6.9 3548s
 152419 148418 1.1400e+07  449  503 1.3947e+07 1.0830e+07  22.3%   6.9 3553s
 152637 148626 1.1391e+07  496  500 1.3947e+07 1.0830e+07  22.3%   6.9 3558s
 152845 148861 1.1394e+07  545  500 1.3947e+07 1.0830e+07  22.3%   6.9 3564s
 153080 149115 1.1403e+07  602  500 1.3947e+07 1.0830e+07  22.3%   6.9 3569s
 153334 149278 1.1404e+07  660  500 1.3947e+07 1.0830e+07  22.3%   6.9 3573s
 153497 149542 1.1404e+07  698  500 1.3947e+07 1.0830e+07  22.3%   6.9 3578s
 153761 149703 1.1403e+07  759  496 1.3947e+07 1.0830e+07  22.3%   6.9 3583s
 153922 149705 1.1424e+07  778  485 1.3947e+07 1.0830e+07  22.3%   6.9 3600s

Cutting planes:
  RLT: 310

Explored 153924 nodes (1057268 simplex iterations) in 3600.88 seconds (1342.72 work units)
Thread count was 2 (of 24 available processors)

Solution count 10: 1.39469e+07 1.3949e+07 1.39565e+07 ... 1.39911e+07

Time limit reached
Best objective 1.394694112072e+07, best bound 1.083021208909e+07, gap 22.3470%
