
Gurobi 11.0.3 (linux64, Java) logging started sáb 30 nov 2024 22:10:20 -03

Set parameter Username
Academic license - for non-commercial use only - expires 2025-10-10
Set parameter NonConvex to value 2
Set parameter TimeLimit to value 3600
Set parameter LogToConsole to value 0
Set parameter MIPGap to value 1.8644701200280312e-08
Set parameter Threads to value 2
Set parameter NodefileDir to value "/home/ps12398/experiment_epec/goalProgrammingMarcos/"
Set parameter NodefileStart to value 1
Gurobi Optimizer version 11.0.3 build v11.0.3rc0 (linux64)

CPU model: Intel(R) Xeon(R) CPU           X5650  @ 2.67GHz, instruction set [SSE2]
Thread count: 12 physical cores, 24 logical processors, using up to 2 threads

Optimize a model with 474493 rows, 319608 columns and 2916759 nonzeros
Model fingerprint: 0x200ea601
Model has 404 quadratic constraints
Variable types: 159606 continuous, 160002 integer (399 binary)
Coefficient statistics:
  Matrix range     [3e-03, 8e+06]
  QMatrix range    [3e-03, 2e+05]
  QLMatrix range   [1e+00, 2e+05]
  Objective range  [1e+00, 1e+08]
  Bounds range     [1e+00, 1e+08]
  RHS range        [1e+00, 2e+07]
  QRHS range       [3e-02, 3e-02]
Presolve removed 473131 rows and 317308 columns
Presolve time: 1.71s
Presolved: 2785 rows, 2753 columns, 286015 nonzeros
Presolved model has 2 SOS constraint(s)
Presolved model has 399 bilinear constraint(s)

Solving non-convex MIQCP

Variable types: 1256 continuous, 1497 integer (401 binary)
Found heuristic solution: objective 3.286748e+07

Root relaxation: objective 1.264172e+07, 905 iterations, 0.41 seconds (0.32 work units)

    Nodes    |    Current Node    |     Objective Bounds      |     Work
 Expl Unexpl |  Obj  Depth IntInf | Incumbent    BestBd   Gap | It/Node Time

     0     0 1.2642e+07    0  676 3.2867e+07 1.2642e+07  61.5%     -    3s
     0     0 1.6205e+07    0  629 3.2867e+07 1.6205e+07  50.7%     -    5s
     0     0 1.6314e+07    0  663 3.2867e+07 1.6314e+07  50.4%     -    9s
     0     0 1.6319e+07    0  673 3.2867e+07 1.6319e+07  50.3%     -   10s
     0     0 1.6320e+07    0  677 3.2867e+07 1.6320e+07  50.3%     -   10s
     0     0 1.6320e+07    0  677 3.2867e+07 1.6320e+07  50.3%     -   12s
     0     2 1.6320e+07    0  677 3.2867e+07 1.6320e+07  50.3%     -   15s
    84   199 1.6321e+07   31  672 3.2867e+07 1.6320e+07  50.3%   1.2   21s
   198   331 1.6321e+07   90  672 3.2867e+07 1.6320e+07  50.3%   1.1   26s
   332   463 1.6321e+07  160  672 3.2867e+07 1.6320e+07  50.3%   1.0   33s
H  462   587                    3.281338e+07 1.6320e+07  50.3%   1.0   36s
   586   659 1.6321e+07  276  669 3.2813e+07 1.6320e+07  50.3%   1.0   41s
   658   810 1.6321e+07  277  669 3.2813e+07 1.6320e+07  50.3%   1.0   46s
   809   970 1.6321e+07  345  669 3.2813e+07 1.6320e+07  50.3%   1.0   50s
   969  1124 1.6321e+07  420  666 3.2813e+07 1.6320e+07  50.3%   1.0   55s
H  972  1124                    2.021428e+07 1.6320e+07  19.3%   1.0   55s
H 1048  1124                    2.021309e+07 1.6320e+07  19.3%   1.0   55s
  1300  1486 1.6321e+07  585  666 2.0213e+07 1.6320e+07  19.3%   1.0   64s
  1485  1692 1.6321e+07  677  661 2.0213e+07 1.6320e+07  19.3%   1.0   70s
  1853  2092 1.6321e+07  832  661 2.0213e+07 1.6320e+07  19.3%   1.0   80s
  2091  2284 1.6321e+07  930  660 2.0213e+07 1.6320e+07  19.3%   1.0   85s
  2647  2846 1.6321e+07 1176  653 2.0213e+07 1.6320e+07  19.3%   1.0   94s
  2845  3130 1.6321e+07 1274  653 2.0213e+07 1.6320e+07  19.3%   1.0  100s
  3129  3428 1.6321e+07 1392  652 2.0213e+07 1.6320e+07  19.3%   1.0  107s
  3427  3662 1.6321e+07 1522  647 2.0213e+07 1.6320e+07  19.3%   1.0  113s
  3662  3663 1.6320e+07 1679  169 2.0213e+07 1.6320e+07  19.3%   1.0  120s
  3664  3664 1.6340e+07 1649  275 2.0213e+07 1.6340e+07  19.2%   1.0  126s
H 3664  3480                    1.967416e+07 1.6756e+07  14.8%   1.0  127s
H 3664  3306                    1.966972e+07 1.6756e+07  14.8%   1.0  127s
  3665  3307 1.6756e+07 1324  267 1.9670e+07 1.6756e+07  14.8%   1.0  130s
H 3665  3142                    1.955844e+07 1.6759e+07  14.3%   1.0  131s
H 3667  2985                    1.948645e+07 1.6759e+07  14.0%   1.0  132s
  3673  2990 1.6759e+07  793  276 1.9486e+07 1.6759e+07  14.0%   1.3  135s
H 3674  2841                    1.945133e+07 1.6760e+07  13.8%   1.3  138s
  3676  2842 1.6760e+07  729  275 1.9451e+07 1.6760e+07  13.8%   1.3  140s
  3682  2848 1.6760e+07 1075  275 1.9451e+07 1.6760e+07  13.8%   1.6  145s
H 3683  2706                    1.945011e+07 1.6760e+07  13.8%   1.6  145s
  3687  2711 1.6760e+07   33  673 1.9450e+07 1.6760e+07  13.8%   1.9  151s
  3715  2730 1.6760e+07   40  666 1.9450e+07 1.6760e+07  13.8%   1.9  158s
  3744  2804 1.6760e+07   47  659 1.9450e+07 1.6760e+07  13.8%   1.9  162s
  3801  2994 1.6760e+07   62  644 1.9450e+07 1.6760e+07  13.8%   1.9  168s
H 3884  2831                    1.944367e+07 1.6760e+07  13.8%   1.9  168s
H 3986  2669                    1.944072e+07 1.6760e+07  13.8%   1.9  168s
  4010  2890 1.6761e+07  113  592 1.9441e+07 1.6760e+07  13.8%   1.8  172s
  4239  3054 1.6762e+07  171  534 1.9441e+07 1.6760e+07  13.8%   1.8  176s
  4480  3209 1.6762e+07  231  473 1.9441e+07 1.6760e+07  13.8%   1.8  180s
  4836  3451 1.6764e+07  349  431 1.9441e+07 1.6760e+07  13.8%   2.0  186s
  5076  3618 1.6764e+07  408  430 1.9441e+07 1.6760e+07  13.8%   2.2  190s
H 5436  3603                    1.942576e+07 1.6760e+07  13.7%   2.5  194s
  5551  3830 1.6765e+07  526  430 1.9426e+07 1.6760e+07  13.7%   2.5  197s
  5816  3986 1.6765e+07  591  425 1.9426e+07 1.6760e+07  13.7%   2.7  200s
H 5943  3827                    1.928976e+07 1.6760e+07  13.1%   2.8  200s
  6304  4147 1.6782e+07  713  430 1.9290e+07 1.6760e+07  13.1%   3.0  207s
  6500  4344 1.6770e+07  772  429 1.9290e+07 1.6760e+07  13.1%   3.0  210s
H 6626  4192                    1.928881e+07 1.6760e+07  13.1%   3.0  210s
  6762  4404 1.6771e+07  835  430 1.9289e+07 1.6760e+07  13.1%   3.0  216s
H 7020  4503                    1.928527e+07 1.6760e+07  13.1%   3.0  219s
H 7310  4635                    1.928509e+07 1.6760e+07  13.1%   3.0  224s
H 7464  4489                    1.928353e+07 1.6760e+07  13.1%   3.0  224s
H 7638  4671                    1.927754e+07 1.6760e+07  13.1%   2.9  228s
H 7968  4675                    1.927157e+07 1.6760e+07  13.0%   2.9  233s
H 8168  4854                    1.927112e+07 1.6760e+07  13.0%   2.9  238s
H 8345  4809                    1.927027e+07 1.6760e+07  13.0%   2.9  238s
H 8494  5153                    1.927027e+07 1.6760e+07  13.0%   2.9  243s
H 8673  5153                    1.927014e+07 1.6760e+07  13.0%   2.9  243s
  8838  5526 1.6796e+07 1374  432 1.9270e+07 1.6760e+07  13.0%   2.9  248s
H 9029  5526                    1.926964e+07 1.6760e+07  13.0%   2.9  248s
  9211  5853 1.6786e+07 1470  427 1.9270e+07 1.6760e+07  13.0%   2.9  252s
H 9368  5853                    1.926952e+07 1.6760e+07  13.0%   2.9  252s
  9538  6200 1.6788e+07 1548  426 1.9270e+07 1.6760e+07  13.0%   2.9  256s
H 9885  6482                    1.926929e+07 1.6760e+07  13.0%   3.0  260s
 10316  6932 1.6788e+07 1754  424 1.9269e+07 1.6760e+07  13.0%   3.1  268s
 10617  7254 1.6788e+07 1836  426 1.9269e+07 1.6760e+07  13.0%   3.2  273s
 10939  7468 1.6789e+07 1927  423 1.9269e+07 1.6760e+07  13.0%   3.3  277s
H11058  7468                    1.926649e+07 1.6760e+07  13.0%   3.3  277s
 11153  7746 1.6789e+07 1986  426 1.9266e+07 1.6760e+07  13.0%   3.4  282s
 11431  8010 1.6789e+07 2060  424 1.9266e+07 1.6760e+07  13.0%   3.5  287s
 11695  8232 1.6789e+07 2129  422 1.9266e+07 1.6760e+07  13.0%   3.5  292s
H11917  8498                    1.926624e+07 1.6760e+07  13.0%   3.6  296s
H12052  8498                    1.926619e+07 1.6760e+07  13.0%   3.7  296s
H12183  8749                    1.926503e+07 1.6760e+07  13.0%   3.7  301s
 12434  8970 1.6790e+07 2318  422 1.9265e+07 1.6760e+07  13.0%   3.8  306s
H12524  8970                    1.926368e+07 1.6760e+07  13.0%   3.8  306s
 12655  9274 1.6790e+07 2363  421 1.9264e+07 1.6760e+07  13.0%   3.9  311s
 12959  9555 1.6790e+07 2441  421 1.9264e+07 1.6760e+07  13.0%   4.0  315s
H13100  9555                    1.926169e+07 1.6760e+07  13.0%   4.0  315s
H13240  9635                    1.926146e+07 1.6760e+07  13.0%   4.1  318s
H13320  9920                    1.926109e+07 1.6760e+07  13.0%   4.1  324s
 13605 10202 1.6790e+07 2607  421 1.9261e+07 1.6760e+07  13.0%   4.2  328s
H13745 10202                    1.926108e+07 1.6760e+07  13.0%   4.2  328s
 13887 10502 1.6790e+07 2677  422 1.9261e+07 1.6760e+07  13.0%   4.2  333s
 14187 10776 1.6791e+07 2752  421 1.9261e+07 1.6760e+07  13.0%   4.3  337s
H14322 10776                    1.925877e+07 1.6760e+07  13.0%   4.3  337s
 14461 11041 1.6791e+07 2819  425 1.9259e+07 1.6760e+07  13.0%   4.4  342s
 14726 11347 1.6791e+07 2890  420 1.9259e+07 1.6760e+07  13.0%   4.4  347s
 15032 11665 1.6791e+07 2972  421 1.9259e+07 1.6760e+07  13.0%   4.5  352s
H15350 11890                    1.925589e+07 1.6760e+07  13.0%   4.5  357s
H15575 11922                    1.925450e+07 1.6760e+07  13.0%   4.6  361s
 15607 12101 1.6792e+07 3116  423 1.9255e+07 1.6760e+07  13.0%   4.6  366s
H15625 12101                    1.925375e+07 1.6760e+07  13.0%   4.6  366s
 15786 12246 1.6793e+07 3172  425 1.9254e+07 1.6760e+07  13.0%   4.7  370s
H15931 12365                    1.925373e+07 1.6760e+07  13.0%   4.8  373s
H15982 12365                    1.925169e+07 1.6760e+07  12.9%   4.9  373s
 16050 12534 1.6796e+07 3236  478 1.9252e+07 1.6760e+07  12.9%   4.9  378s
H16127 12534                    1.925160e+07 1.6760e+07  12.9%   5.1  378s
 16219 12704 1.6793e+07 3275  421 1.9252e+07 1.6760e+07  12.9%   5.2  382s
H16297 12704                    1.925106e+07 1.6760e+07  12.9%   5.3  382s
 16389 12852 1.6793e+07 3314  421 1.9251e+07 1.6760e+07  12.9%   5.4  386s
 16537 13004 1.6794e+07 3347  419 1.9251e+07 1.6760e+07  12.9%   5.6  390s
H16689 13191                    1.925055e+07 1.6760e+07  12.9%   5.7  394s
 16876 13368 1.6802e+07 3418  475 1.9251e+07 1.6760e+07  12.9%   5.8  398s
 17053 13627 1.6804e+07 3457  475 1.9251e+07 1.6760e+07  12.9%   5.8  402s
 17312 13902 1.6820e+07 3525  471 1.9251e+07 1.6760e+07  12.9%   5.7  406s
H17472 13902                    1.924537e+07 1.6760e+07  12.9%   5.7  406s
 17587 14107 1.6845e+07 3605  509 1.9245e+07 1.6760e+07  12.9%   5.7  410s
H18049 14618                    1.924497e+07 1.6760e+07  12.9%   5.7  418s
 18303 14862 1.6892e+07 3782  451 1.9245e+07 1.6760e+07  12.9%   5.7  423s
 18547 15078 1.6915e+07 3856  456 1.9245e+07 1.6760e+07  12.9%   5.8  427s
H18763 15257                    1.923502e+07 1.6760e+07  12.9%   5.8  430s
 19122 15668 1.6964e+07 3998  455 1.9235e+07 1.6760e+07  12.9%   6.1  438s
 19353 15884 1.6985e+07 4059  452 1.9235e+07 1.6760e+07  12.9%   6.2  442s
 19569 16091 1.6998e+07 4109  449 1.9235e+07 1.6760e+07  12.9%   6.3  446s
 19776 16097 1.7011e+07 4165  445 1.9235e+07 1.6760e+07  12.9%   6.5  458s
 19782 16280 1.7024e+07 4166  522 1.9235e+07 1.6760e+07  12.9%   6.5  462s
 19965 16517 1.7017e+07 4207  441 1.9235e+07 1.6760e+07  12.9%   6.6  467s
 20202 16760 1.7032e+07 4266  471 1.9235e+07 1.6760e+07  12.9%   6.7  472s
 20445 17036 1.7042e+07 4321  437 1.9235e+07 1.6760e+07  12.9%   6.8  478s
 20721 17257 1.7050e+07 4387  438 1.9235e+07 1.6760e+07  12.9%   6.9  482s
 20942 17449 1.7060e+07 4458  448 1.9235e+07 1.6760e+07  12.9%   7.1  486s
 21134 17623 1.7078e+07 4518  486 1.9235e+07 1.6760e+07  12.9%   7.3  490s
 21481 17970 1.7061e+07 4616  422 1.9235e+07 1.6760e+07  12.9%   7.8  497s
 21655 18218 1.7089e+07 4666  509 1.9235e+07 1.6760e+07  12.9%   8.1  501s
 21903 18362 1.7063e+07 4716  430 1.9235e+07 1.6760e+07  12.9%   8.3  505s
 22272 18799 1.7078e+07 4817  483 1.9235e+07 1.6760e+07  12.9%   8.6  512s
 22484 18993 1.7065e+07 4879  436 1.9235e+07 1.6760e+07  12.9%   8.8  516s
 22678 19237 1.7078e+07 4933  483 1.9235e+07 1.6760e+07  12.9%   9.0  522s
H22813 19237                    1.923501e+07 1.6760e+07  12.9%   9.1  522s
 22922 19428 1.7078e+07 5001  483 1.9235e+07 1.6760e+07  12.9%   9.2  525s
 23349 19922 1.7078e+07 5123  483 1.9235e+07 1.6760e+07  12.9%   9.5  534s
 23607 20119 1.7070e+07 5201  459 1.9235e+07 1.6760e+07  12.9%   9.6  538s
 23804 20365 1.7083e+07 5245  476 1.9235e+07 1.6760e+07  12.9%   9.8  543s
 24050 20547 1.7082e+07 5320  422 1.9235e+07 1.6760e+07  12.9%   9.9  547s
 24232 20685 1.7087e+07 5363  439 1.9235e+07 1.6760e+07  12.9%  10.0  552s
 24370 20872 1.7088e+07 5402  444 1.9235e+07 1.6760e+07  12.9%  10.2  556s
 24557 21065 1.7088e+07 5447  446 1.9235e+07 1.6760e+07  12.9%  10.3  560s
 24750 21239 1.7106e+07 5490  491 1.9235e+07 1.6760e+07  12.9%  10.5  565s
 24924 21241 1.7106e+07 5532  490 1.9235e+07 1.6760e+07  12.9%  10.6  580s
 24926 21378 1.7089e+07 5532  444 1.9235e+07 1.6760e+07  12.9%  10.6  585s
 25373 22102 1.7123e+07 5614  494 1.9235e+07 1.6760e+07  12.9%  10.7  595s
 25787 22528 1.7116e+07 5696  429 1.9235e+07 1.6760e+07  12.9%  10.6  601s
 26213 23008 1.7120e+07 5802  427 1.9235e+07 1.6760e+07  12.9%  10.7  608s
 26693 23451 1.7124e+07 5908  426 1.9235e+07 1.6760e+07  12.9%  10.6  613s
H27136 23872                    1.923494e+07 1.6760e+07  12.9%  10.6  620s
 27557 24235 1.7133e+07 6110  440 1.9235e+07 1.6760e+07  12.9%  10.6  626s
H27653 24235                    1.923494e+07 1.6760e+07  12.9%  10.6  626s
 27920 24446 1.7146e+07 6197  449 1.9235e+07 1.6760e+07  12.9%  10.6  630s
 28131 24729 1.7160e+07 6240  470 1.9235e+07 1.6760e+07  12.9%  10.6  635s
 28725 25291 1.7169e+07 6464  425 1.9235e+07 1.6760e+07  12.9%  10.8  644s
 28976 25579 1.7174e+07 6572  420 1.9235e+07 1.6760e+07  12.9%  10.8  649s
 29264 25938 1.7182e+07 6685  416 1.9235e+07 1.6760e+07  12.9%  10.9  655s
 29623 26298 1.7191e+07 6824  418 1.9235e+07 1.6760e+07  12.9%  10.9  662s
 29983 26630 1.7195e+07 6962  415 1.9235e+07 1.6760e+07  12.9%  10.8  668s
 30315 26911 1.7199e+07 7092  417 1.9235e+07 1.6760e+07  12.9%  10.8  673s
 30596 27215 1.7206e+07 7203  435 1.9235e+07 1.6760e+07  12.9%  10.8  677s
 31026 27622 1.7242e+07 7370  494 1.9235e+07 1.6760e+07  12.9%  10.9  685s
 31307 27668 1.7234e+07 7477  427 1.9235e+07 1.6760e+07  12.9%  10.9  711s
 31353 27825 1.7235e+07 7493  437 1.9235e+07 1.6760e+07  12.9%  10.9  718s
 31510 28015 1.7240e+07 7549  435 1.9235e+07 1.6760e+07  12.9%  10.9  723s
 31700 28295 1.7239e+07 7609  428 1.9235e+07 1.6760e+07  12.9%  10.9  729s
 31980 28526 1.7242e+07 7712  423 1.9235e+07 1.6760e+07  12.9%  10.8  733s
 32211 28691 1.7260e+07 7794  462 1.9235e+07 1.6760e+07  12.9%  10.9  738s
 32376 29046 1.7263e+07 7841  438 1.9235e+07 1.6760e+07  12.9%  10.8  745s
 32731 29544 1.7268e+07 7953  421 1.9235e+07 1.6760e+07  12.9%  10.9  753s
 33229 29931 1.7274e+07 8101  417 1.9235e+07 1.6760e+07  12.9%  10.8  760s
 33616 30278 1.7275e+07 8178  417 1.9235e+07 1.6760e+07  12.9%  10.8  766s
 33963 30575 1.7275e+07 8229  418 1.9235e+07 1.6760e+07  12.9%  10.8  773s
 34260 30784 1.7276e+07 8278  417 1.9235e+07 1.6760e+07  12.9%  10.8  776s
 34469 31026 1.7276e+07 8330  419 1.9235e+07 1.6760e+07  12.9%  10.9  781s
 34711 31224 1.7277e+07 8386  422 1.9235e+07 1.6760e+07  12.9%  10.9  786s
 34909 31495 1.7297e+07 8433  457 1.9235e+07 1.6760e+07  12.9%  11.0  791s
 35180 31804 1.7284e+07 8487  417 1.9235e+07 1.6760e+07  12.9%  11.0  797s
 35489 32107 1.7290e+07 8542  429 1.9235e+07 1.6760e+07  12.9%  11.0  803s
 35792 32436 1.7294e+07 8587  428 1.9235e+07 1.6760e+07  12.9%  11.0  807s
 36121 32763 1.7322e+07 8649  470 1.9235e+07 1.6760e+07  12.9%  11.0  812s
 36448 32926 1.7307e+07 8717  437 1.9235e+07 1.6760e+07  12.9%  11.0  816s
 36611 33226 1.7312e+07 8760  442 1.9235e+07 1.6760e+07  12.9%  11.0  822s
 36911 33582 1.7335e+07 8834  475 1.9235e+07 1.6760e+07  12.9%  11.0  827s
 37267 33857 1.7326e+07 8908  419 1.9235e+07 1.6760e+07  12.9%  11.0  830s
 37542 34070 1.7364e+07 8989  461 1.9235e+07 1.6760e+07  12.9%  11.1  835s
 37964 34461 1.7337e+07 9086  413 1.9235e+07 1.6760e+07  12.9%  11.2  843s
 38146 34672 1.7337e+07 9117  413 1.9235e+07 1.6760e+07  12.9%  11.3  846s
 38357 34874 1.7338e+07 9165  414 1.9235e+07 1.6760e+07  12.9%  11.3  851s
 38559 35036 1.7338e+07 9211  418 1.9235e+07 1.6760e+07  12.9%  11.4  855s
 38721 35374 1.7354e+07 9254  450 1.9235e+07 1.6760e+07  12.9%  11.5  861s
 39059 35676 1.7357e+07 9345  428 1.9235e+07 1.6760e+07  12.9%  11.4  866s
 39361 35943 1.7358e+07 9411  430 1.9235e+07 1.6760e+07  12.9%  11.5  871s
 39628 36143 1.7374e+07 9472  452 1.9235e+07 1.6760e+07  12.9%  11.5  876s
 39828 36446 1.7358e+07 9520  432 1.9235e+07 1.6760e+07  12.9%  11.5  880s
 40429 36814 1.7358e+07 9658  433 1.9235e+07 1.6760e+07  12.9%  11.5  891s
 40499 37072 1.7358e+07 9675  433 1.9235e+07 1.6760e+07  12.9%  11.5  913s
 40757 37264 1.7374e+07 9734  452 1.9235e+07 1.6760e+07  12.9%  11.5  918s
 40949 37464 1.7358e+07 9783  433 1.9235e+07 1.6760e+07  12.9%  11.5  923s
 41149 37753 1.7358e+07 9828  434 1.9235e+07 1.6760e+07  12.9%  11.5  928s
 41438 38168 1.7381e+07 9899  448 1.9235e+07 1.6760e+07  12.9%  11.5  934s
 41853 38600 1.7390e+07 10014  421 1.9235e+07 1.6760e+07  12.9%  11.5  938s
 42285 38960 1.7425e+07 10122  433 1.9235e+07 1.6760e+07  12.9%  11.5  943s
 42645 39266 1.7443e+07 10199  444 1.9235e+07 1.6760e+07  12.9%  11.5  948s
 42951 39626 1.7461e+07 10238  472 1.9235e+07 1.6760e+07  12.9%  11.5  953s
 43311 39878 1.7444e+07 10281  443 1.9235e+07 1.6760e+07  12.9%  11.5  957s
 43563 40087 1.7444e+07 10320  443 1.9235e+07 1.6760e+07  12.9%  11.5  962s
 43772 40268 1.7444e+07 10365  444 1.9235e+07 1.6760e+07  12.9%  11.6  965s
 43953 40621 1.7444e+07 10408  444 1.9235e+07 1.6760e+07  12.9%  11.7  971s
 44306 40712 1.7444e+07 10450  444 1.9235e+07 1.6760e+07  12.9%  11.7  978s
 44397 41092 1.7444e+07 10495  442 1.9235e+07 1.6760e+07  12.9%  11.8  986s
 44777 41474 1.7445e+07 10536  440 1.9235e+07 1.6760e+07  12.9%  11.7  991s
 45159 41719 1.7445e+07 10580  441 1.9235e+07 1.6760e+07  12.9%  11.7  996s
 45404 42086 1.7446e+07 10624  441 1.9235e+07 1.6760e+07  12.9%  11.8 1003s
 45771 42518 1.7447e+07 10672  443 1.9235e+07 1.6760e+07  12.9%  11.8 1009s
 46203 42880 1.7448e+07 10723  439 1.9235e+07 1.6760e+07  12.9%  11.8 1015s
 46756 43331 1.7468e+07 10820  461 1.9235e+07 1.6760e+07  12.9%  11.9 1025s
 47016 43694 1.7466e+07 10902  457 1.9235e+07 1.6760e+07  12.9%  12.0 1031s
 47379 43998 1.7467e+07 10980  458 1.9235e+07 1.6760e+07  12.9%  12.0 1036s
 47683 44000 1.7468e+07 11058  455 1.9235e+07 1.6760e+07  12.9%  12.0 1053s
 47685 44240 1.7503e+07 11058  487 1.9235e+07 1.6760e+07  12.9%  12.0 1059s
 47925 44512 1.7468e+07 11129  455 1.9235e+07 1.6760e+07  12.9%  12.0 1064s
 48197 44747 1.7468e+07 11207  455 1.9235e+07 1.6760e+07  12.9%  12.0 1069s
 48432 45017 1.7469e+07 11264  445 1.9235e+07 1.6760e+07  12.9%  12.0 1073s
 48702 45283 1.7473e+07 11332  443 1.9235e+07 1.6760e+07  12.9%  12.1 1078s
 48968 45582 1.7484e+07 11399  482 1.9235e+07 1.6760e+07  12.9%  12.1 1083s
 49267 45906 1.7485e+07 11409  479 1.9235e+07 1.6760e+07  12.9%  12.1 1089s
 49591 46112 1.7487e+07 11411  446 1.9235e+07 1.6760e+07  12.9%  12.1 1094s
 49797 46402 1.7490e+07 11411  489 1.9235e+07 1.6760e+07  12.9%  12.1 1098s
 50087 46756 1.7530e+07 11411  465 1.9235e+07 1.6760e+07  12.9%  12.1 1103s
 50441 47070 1.7513e+07 11411  516 1.9235e+07 1.6760e+07  12.9%  12.1 1108s
 50755 47436 1.7682e+07 11412  504 1.9235e+07 1.6760e+07  12.9%  12.0 1114s
 51121 47688 1.7522e+07 11411  466 1.9235e+07 1.6760e+07  12.9%  12.0 1119s
 51373 48001 1.7540e+07 11412  467 1.9235e+07 1.6760e+07  12.9%  12.0 1124s
 51686 48329 1.7523e+07 11411  519 1.9235e+07 1.6760e+07  12.9%  12.0 1130s
 52014 48745 1.7532e+07 11411  503 1.9235e+07 1.6760e+07  12.9%  12.0 1136s
 52430 49099 1.7521e+07 11412  519 1.9235e+07 1.6760e+07  12.9%  11.9 1142s
 52784 49398 1.7510e+07 11411  515 1.9235e+07 1.6760e+07  12.9%  11.9 1147s
 53083 49737 1.7501e+07 11407  510 1.9235e+07 1.6760e+07  12.9%  11.8 1154s
 53422 49925 1.7562e+07 11412  515 1.9235e+07 1.6760e+07  12.9%  11.8 1176s
 53610 50088 1.7629e+07 11411  519 1.9235e+07 1.6760e+07  12.9%  11.8 1181s
 53773 50401 1.7615e+07 11412  518 1.9235e+07 1.6760e+07  12.9%  11.7 1187s
 54086 50850 1.6761e+07   79  631 1.9235e+07 1.6760e+07  12.9%  11.7 1195s
 54535 51257 1.6762e+07  199  519 1.9235e+07 1.6760e+07  12.9%  11.6 1201s
 54942 51490 1.6763e+07  294  497 1.9235e+07 1.6760e+07  12.9%  11.5 1208s
 55175 51872 1.6763e+07  338  497 1.9235e+07 1.6760e+07  12.9%  11.5 1216s
 55557 52289 1.6764e+07  408  495 1.9235e+07 1.6760e+07  12.9%  11.5 1222s
 55974 52663 1.6764e+07  495  490 1.9235e+07 1.6760e+07  12.9%  11.4 1228s
 56348 53043 1.6764e+07  565  486 1.9235e+07 1.6760e+07  12.9%  11.3 1236s
 56728 53357 1.6764e+07  641  488 1.9235e+07 1.6760e+07  12.9%  11.3 1242s
 57042 53628 1.6764e+07  685  486 1.9235e+07 1.6760e+07  12.9%  11.2 1247s
 57313 53910 1.6764e+07  770  487 1.9235e+07 1.6760e+07  12.9%  11.2 1251s
 57595 54052 1.6765e+07  860  484 1.9235e+07 1.6760e+07  12.9%  11.2 1255s
 57737 54310 1.6765e+07  905  484 1.9235e+07 1.6760e+07  12.9%  11.1 1260s
 57995 54520 1.6765e+07  982  484 1.9235e+07 1.6760e+07  12.9%  11.1 1265s
 58205 54779 1.6765e+07 1043  486 1.9235e+07 1.6760e+07  12.9%  11.1 1270s
 58464 55079 1.6765e+07 1122  486 1.9235e+07 1.6760e+07  12.9%  11.1 1275s
 58764 55413 1.6766e+07 1226  468 1.9235e+07 1.6760e+07  12.9%  11.0 1281s
 59098 55760 1.6766e+07 1337  467 1.9235e+07 1.6760e+07  12.9%  11.0 1286s
 59445 55987 1.6772e+07 1458  413 1.9235e+07 1.6760e+07  12.9%  10.9 1291s
 59672 56281 1.6773e+07 1540  414 1.9235e+07 1.6760e+07  12.9%  10.9 1297s
 59966 56447 1.6773e+07 1637  413 1.9235e+07 1.6760e+07  12.9%  10.9 1302s
 60132 56615 1.6773e+07 1669  411 1.9235e+07 1.6760e+07  12.9%  11.0 1307s
 60300 56796 1.6773e+07 1702  416 1.9235e+07 1.6760e+07  12.9%  11.0 1311s
 60481 56967 1.6773e+07 1741  411 1.9235e+07 1.6760e+07  12.9%  11.1 1316s
 60652 57124 1.6774e+07 1776  411 1.9235e+07 1.6760e+07  12.9%  11.1 1320s
 60809 57485 1.6782e+07 1816  490 1.9235e+07 1.6760e+07  12.9%  11.2 1326s
 61170 57884 1.6787e+07 1886  487 1.9235e+07 1.6760e+07  12.9%  11.1 1331s
 61569 58221 1.6790e+07 1963  486 1.9235e+07 1.6760e+07  12.9%  11.1 1338s
 61906 58596 1.6795e+07 2038  488 1.9235e+07 1.6760e+07  12.9%  11.0 1346s
 62281 58924 1.6801e+07 2094  487 1.9235e+07 1.6760e+07  12.9%  11.0 1352s
 62609 59402 1.6805e+07 2164  486 1.9235e+07 1.6760e+07  12.9%  10.9 1360s
 63087 59867 1.6814e+07 2238  485 1.9235e+07 1.6760e+07  12.9%  10.9 1367s
 63552 60247 1.6821e+07 2303  488 1.9235e+07 1.6760e+07  12.9%  10.8 1374s
 63932 60440 1.6841e+07 2359  541 1.9235e+07 1.6760e+07  12.9%  10.8 1380s
 64125 60707 1.6839e+07 2389  488 1.9235e+07 1.6760e+07  12.9%  10.8 1386s
 64392 61017 1.6847e+07 2437  490 1.9235e+07 1.6760e+07  12.9%  10.8 1393s
 64702 61318 1.6865e+07 2498  526 1.9235e+07 1.6760e+07  12.9%  10.8 1399s
 65003 61632 1.6877e+07 2563  504 1.9235e+07 1.6760e+07  12.9%  10.8 1405s
 65317 61898 1.6891e+07 2632  503 1.9235e+07 1.6760e+07  12.9%  10.8 1412s
 65583 62210 1.6900e+07 2665  501 1.9235e+07 1.6760e+07  12.9%  10.8 1417s
 65895 62495 1.6935e+07 2716  556 1.9235e+07 1.6760e+07  12.9%  10.8 1423s
 66180 62728 1.6931e+07 2743  496 1.9235e+07 1.6760e+07  12.9%  10.8 1430s
 66413 63039 1.6949e+07 2779  546 1.9235e+07 1.6760e+07  12.9%  10.8 1437s
 66724 63331 1.6951e+07 2837  509 1.9235e+07 1.6760e+07  12.9%  10.8 1442s
 67016 63630 1.6968e+07 2877  516 1.9235e+07 1.6760e+07  12.9%  10.8 1447s
 67315 63862 1.6979e+07 2913  522 1.9235e+07 1.6760e+07  12.9%  10.8 1452s
 67547 64165 1.6985e+07 2928  512 1.9235e+07 1.6760e+07  12.9%  10.9 1459s
 67850 64342 1.7003e+07 2971  512 1.9235e+07 1.6760e+07  12.9%  10.9 1465s
 68027 64687 1.7010e+07 3010  506 1.9235e+07 1.6760e+07  12.9%  10.9 1472s
 68372 65065 1.7024e+07 3064  482 1.9235e+07 1.6760e+07  12.9%  10.9 1478s
 68750 65210 1.7047e+07 3131  465 1.9235e+07 1.6760e+07  12.9%  10.9 1481s
 68895 65443 1.7062e+07 3166  466 1.9235e+07 1.6760e+07  12.9%  10.9 1499s
 69128 65827 1.7085e+07 3196  485 1.9235e+07 1.6760e+07  12.9%  10.9 1506s
 69512 66331 1.7085e+07 3267  435 1.9235e+07 1.6760e+07  12.9%  10.9 1512s
 70016 66758 1.7094e+07 3391  429 1.9235e+07 1.6760e+07  12.9%  10.9 1519s
 70443 67060 1.7099e+07 3501  424 1.9235e+07 1.6760e+07  12.9%  10.9 1524s
 70745 67406 1.7103e+07 3576  423 1.9235e+07 1.6760e+07  12.9%  10.9 1530s
 71091 67805 1.7107e+07 3661  424 1.9235e+07 1.6760e+07  12.9%  10.9 1535s
 71490 68131 1.7121e+07 3756  457 1.9235e+07 1.6760e+07  12.9%  10.9 1540s
 71816 68395 1.7127e+07 3811  433 1.9235e+07 1.6760e+07  12.9%  11.0 1547s
 72080 68685 1.7132e+07 3853  432 1.9235e+07 1.6760e+07  12.9%  11.0 1552s
 72370 68971 1.7140e+07 3896  431 1.9235e+07 1.6760e+07  12.9%  11.0 1558s
 72656 69223 1.7143e+07 3944  449 1.9235e+07 1.6760e+07  12.9%  11.1 1562s
 72908 69552 1.7156e+07 4003  472 1.9235e+07 1.6760e+07  12.9%  11.1 1567s
 73237 69879 1.7160e+07 4068  469 1.9235e+07 1.6760e+07  12.9%  11.1 1573s
 73564 70130 1.7164e+07 4131  453 1.9235e+07 1.6760e+07  12.9%  11.1 1577s
 73815 70301 1.7167e+07 4171  447 1.9235e+07 1.6760e+07  12.9%  11.1 1582s
 73986 70483 1.7168e+07 4203  444 1.9235e+07 1.6760e+07  12.9%  11.1 1598s
 74168 70770 1.7173e+07 4243  478 1.9235e+07 1.6760e+07  12.9%  11.2 1604s
 74455 70990 1.7185e+07 4290  486 1.9235e+07 1.6760e+07  12.9%  11.2 1607s
 74675 71134 1.7180e+07 4332  466 1.9235e+07 1.6760e+07  12.9%  11.2 1611s
 74819 71371 1.7182e+07 4377  447 1.9235e+07 1.6760e+07  12.9%  11.3 1616s
 75056 71594 1.7185e+07 4434  446 1.9235e+07 1.6760e+07  12.9%  11.3 1620s
 75416 72049 1.7204e+07 4515  483 1.9235e+07 1.6760e+07  12.9%  11.5 1630s
 75734 72430 1.7200e+07 4562  454 1.9235e+07 1.6760e+07  12.9%  11.5 1637s
 76115 72682 1.7205e+07 4623  445 1.9235e+07 1.6760e+07  12.9%  11.5 1643s
 76367 72988 1.7208e+07 4683  441 1.9235e+07 1.6760e+07  12.9%  11.5 1649s
 76673 73285 1.7212e+07 4746  427 1.9235e+07 1.6760e+07  12.9%  11.5 1655s
 76970 73466 1.7215e+07 4805  431 1.9235e+07 1.6760e+07  12.9%  11.5 1660s
 77151 73659 1.7218e+07 4858  431 1.9235e+07 1.6760e+07  12.9%  11.5 1665s
 77344 73951 1.7221e+07 4895  441 1.9235e+07 1.6760e+07  12.9%  11.5 1670s
 77636 74143 1.7225e+07 4959  445 1.9235e+07 1.6760e+07  12.9%  11.6 1676s
 77828 74407 1.7226e+07 4988  433 1.9235e+07 1.6760e+07  12.9%  11.6 1680s
 78092 74619 1.7236e+07 5048  430 1.9235e+07 1.6760e+07  12.9%  11.6 1686s
 78304 74851 1.7241e+07 5106  422 1.9235e+07 1.6760e+07  12.9%  11.7 1690s
 78536 75125 1.7244e+07 5164  419 1.9235e+07 1.6760e+07  12.9%  11.7 1695s
 78810 75297 1.7249e+07 5248  429 1.9235e+07 1.6760e+07  12.9%  11.7 1700s
 78982 75558 1.7253e+07 5310  426 1.9235e+07 1.6760e+07  12.9%  11.8 1706s
 79243 75560 1.7258e+07 5390  437 1.9235e+07 1.6760e+07  12.9%  11.8 1729s
 79245 75710 1.7278e+07 5390  493 1.9235e+07 1.6760e+07  12.9%  11.8 1734s
 79395 75950 1.7260e+07 5427  444 1.9235e+07 1.6760e+07  12.9%  11.9 1739s
 79635 76195 1.7264e+07 5499  444 1.9235e+07 1.6760e+07  12.9%  11.9 1745s
 79880 76475 1.7279e+07 5558  449 1.9235e+07 1.6760e+07  12.9%  11.9 1750s
 80160 76766 1.7282e+07 5629  432 1.9235e+07 1.6760e+07  12.9%  11.9 1756s
 80451 76945 1.7320e+07 5684  483 1.9235e+07 1.6760e+07  12.9%  12.0 1761s
 80630 77086 1.7336e+07 5716  484 1.9235e+07 1.6760e+07  12.9%  12.0 1765s
 80771 77313 1.7335e+07 5750  463 1.9235e+07 1.6760e+07  12.9%  12.1 1770s
 80998 77513 1.7356e+07 5801  465 1.9235e+07 1.6760e+07  12.9%  12.1 1775s
 81431 77920 1.7374e+07 5901  462 1.9235e+07 1.6760e+07  12.9%  12.2 1784s
 81605 78055 1.7384e+07 5945  477 1.9235e+07 1.6760e+07  12.9%  12.2 1788s
 81740 78190 1.7395e+07 5980  475 1.9235e+07 1.6760e+07  12.9%  12.3 1792s
 81875 78396 1.7414e+07 6018  478 1.9235e+07 1.6760e+07  12.9%  12.3 1796s
 82081 78628 1.7408e+07 6072  450 1.9235e+07 1.6760e+07  12.9%  12.4 1801s
 82313 78856 1.7421e+07 6127  443 1.9235e+07 1.6760e+07  12.9%  12.4 1806s
 82541 79036 1.7436e+07 6193  443 1.9235e+07 1.6760e+07  12.9%  12.5 1811s
 82721 79315 1.7440e+07 6251  429 1.9235e+07 1.6760e+07  12.9%  12.5 1817s
 83000 79581 1.7444e+07 6328  413 1.9235e+07 1.6760e+07  12.9%  12.6 1823s
 83266 79822 1.7455e+07 6382  426 1.9235e+07 1.6760e+07  12.9%  12.7 1830s
 83507 80014 1.7462e+07 6456  418 1.9235e+07 1.6760e+07  12.9%  12.7 1836s
 83699 80366 1.7473e+07 6487  450 1.9235e+07 1.6760e+07  12.9%  12.8 1842s
 84051 80716 1.7482e+07 6565  420 1.9235e+07 1.6760e+07  12.9%  12.9 1848s
 84401 80718 1.7495e+07 6637  438 1.9235e+07 1.6760e+07  12.9%  13.0 1867s
 84403 81002 1.7514e+07 6637  483 1.9235e+07 1.6760e+07  12.9%  13.0 1872s
 84687 81233 1.7513e+07 6707  446 1.9235e+07 1.6760e+07  12.9%  13.0 1878s
 84918 81524 1.7541e+07 6744  460 1.9235e+07 1.6760e+07  12.9%  13.1 1884s
 85209 81790 1.7530e+07 6808  410 1.9235e+07 1.6760e+07  12.9%  13.1 1890s
 85475 81940 1.7533e+07 6853  410 1.9235e+07 1.6760e+07  12.9%  13.2 1895s
 85625 82186 1.7533e+07 6881  410 1.9235e+07 1.6760e+07  12.9%  13.2 1901s
 85871 82486 1.7541e+07 6925  430 1.9235e+07 1.6760e+07  12.9%  13.3 1906s
 86171 82785 1.7543e+07 6990  413 1.9235e+07 1.6760e+07  12.9%  13.3 1912s
 86470 82896 1.7558e+07 7034  437 1.9235e+07 1.6760e+07  12.9%  13.4 1916s
 86581 82984 1.7545e+07 7057  414 1.9235e+07 1.6760e+07  12.9%  13.4 1920s
 86769 83202 1.7546e+07 7104  415 1.9235e+07 1.6760e+07  12.9%  13.6 1928s
 86887 83336 1.7547e+07 7130  417 1.9235e+07 1.6760e+07  12.9%  13.7 1932s
 87021 83436 1.7586e+07 7166  512 1.9235e+07 1.6760e+07  12.9%  13.7 1936s
 87121 83554 1.7554e+07 7195  424 1.9235e+07 1.6760e+07  12.9%  13.8 1941s
 87239 83654 1.7554e+07 7224  423 1.9235e+07 1.6760e+07  12.9%  13.9 1946s
 87463 83866 1.7557e+07 7291  421 1.9235e+07 1.6760e+07  12.9%  14.0 1954s
 87551 83978 1.7564e+07 7315  430 1.9235e+07 1.6760e+07  12.9%  14.1 1958s
 87663 84129 1.7565e+07 7347  441 1.9235e+07 1.6760e+07  12.9%  14.2 1963s
 87814 84210 1.7578e+07 7391  477 1.9235e+07 1.6760e+07  12.9%  14.3 1967s
 87895 84257 1.7638e+07 7405  526 1.9235e+07 1.6760e+07  12.9%  14.4 1971s
 87942 84398 1.7587e+07 7412  489 1.9235e+07 1.6760e+07  12.9%  14.4 1976s
 88083 84603 1.7587e+07 7429  489 1.9235e+07 1.6760e+07  12.9%  14.5 1981s
 88288 84807 1.7614e+07 7450  522 1.9235e+07 1.6760e+07  12.9%  14.6 1988s
 88492 84924 1.7614e+07 7464  522 1.9235e+07 1.6760e+07  12.9%  14.6 1995s
 88711 85136 1.7615e+07 7500  522 1.9235e+07 1.6760e+07  12.9%  14.8 2005s
 88821 85234 1.7588e+07 7518  489 1.9235e+07 1.6760e+07  12.9%  14.8 2010s
 88919 85388 1.7588e+07 7534  490 1.9235e+07 1.6760e+07  12.9%  14.9 2017s
 89073 85539 1.7588e+07 7571  491 1.9235e+07 1.6760e+07  12.9%  15.0 2022s
 89224 85694 1.7638e+07 7605  527 1.9235e+07 1.6760e+07  12.9%  15.0 2027s
 89379 85825 1.7588e+07 7640  491 1.9235e+07 1.6760e+07  12.9%  15.1 2032s
 89510 85827 1.7638e+07 7673  527 1.9235e+07 1.6760e+07  12.9%  15.2 2050s
 89512 85997 1.7588e+07 7674  492 1.9235e+07 1.6760e+07  12.9%  15.2 2055s
 89682 86160 1.7590e+07 7698  492 1.9235e+07 1.6760e+07  12.9%  15.2 2060s
 89845 86316 1.7598e+07 7724  500 1.9235e+07 1.6760e+07  12.9%  15.3 2065s
 90001 86429 1.7599e+07 7751  503 1.9235e+07 1.6760e+07  12.9%  15.4 2071s
 90114 86585 1.7607e+07 7765  505 1.9235e+07 1.6760e+07  12.9%  15.5 2077s
 90270 86752 1.7608e+07 7806  502 1.9235e+07 1.6760e+07  12.9%  15.6 2083s
 90437 86917 1.7631e+07 7853  524 1.9235e+07 1.6760e+07  12.9%  15.7 2089s
 90602 87097 1.7612e+07 7899  507 1.9235e+07 1.6760e+07  12.9%  15.7 2096s
 90782 87277 1.7613e+07 7947  513 1.9235e+07 1.6760e+07  12.9%  15.8 2102s
 90962 87429 1.7615e+07 7991  515 1.9235e+07 1.6760e+07  12.9%  15.9 2107s
 91114 87551 1.7616e+07 8029  518 1.9235e+07 1.6760e+07  12.9%  16.0 2113s
 91236 87685 1.7617e+07 8051  518 1.9235e+07 1.6760e+07  12.9%  16.1 2119s
 91370 87830 1.7618e+07 8083  520 1.9235e+07 1.6760e+07  12.9%  16.2 2126s
 91515 87989 1.7620e+07 8126  520 1.9235e+07 1.6760e+07  12.9%  16.2 2132s
 91674 88105 1.7622e+07 8166  508 1.9235e+07 1.6760e+07  12.9%  16.3 2138s
 91790 88243 1.7624e+07 8191  506 1.9235e+07 1.6760e+07  12.9%  16.4 2145s
 91928 88385 1.7626e+07 8222  504 1.9235e+07 1.6760e+07  12.9%  16.5 2151s
 92070 88507 1.7627e+07 8256  506 1.9235e+07 1.6760e+07  12.9%  16.5 2156s
 92192 88642 1.7628e+07 8280  506 1.9235e+07 1.6760e+07  12.9%  16.6 2161s
 92327 88752 1.7643e+07 8316  518 1.9235e+07 1.6760e+07  12.9%  16.7 2169s
 92437 88925 1.7630e+07 8341  494 1.9235e+07 1.6760e+07  12.9%  16.7 2176s
 92610 89103 1.7648e+07 8401  493 1.9235e+07 1.6760e+07  12.9%  16.8 2183s
 92788 89311 1.7656e+07 8460  499 1.9235e+07 1.6760e+07  12.9%  16.8 2190s
 92996 89512 1.7680e+07 8543  448 1.9235e+07 1.6760e+07  12.9%  16.9 2199s
 93197 89818 1.7729e+07 8618  454 1.9235e+07 1.6760e+07  12.9%  16.9 2207s
 93503 90122 1.7721e+07 8717  421 1.9235e+07 1.6760e+07  12.9%  16.9 2215s
 93807 90435 1.7725e+07 8821  412 1.9235e+07 1.6760e+07  12.9%  17.0 2223s
 94120 90680 1.7737e+07 8938  412 1.9235e+07 1.6760e+07  12.9%  17.0 2231s
 94365 90992 1.7738e+07 9019  417 1.9235e+07 1.6760e+07  12.9%  17.0 2260s
 94677 91366 1.7762e+07 9128  443 1.9235e+07 1.6760e+07  12.9%  17.1 2270s
 95051 91763 1.7789e+07 9271  411 1.9235e+07 1.6760e+07  12.9%  17.1 2279s
 95448 92085 1.7790e+07 9405  416 1.9235e+07 1.6760e+07  12.9%  17.1 2287s
 95770 92521 1.7805e+07 9515  438 1.9235e+07 1.6760e+07  12.9%  17.2 2297s
 96206 92859 1.7793e+07 9663  421 1.9235e+07 1.6760e+07  12.9%  17.2 2308s
 96544 93184 1.7794e+07 9783  421 1.9235e+07 1.6760e+07  12.9%  17.2 2317s
 96869 93441 1.7828e+07 9909  444 1.9235e+07 1.6760e+07  12.9%  17.2 2325s
 97126 93788 1.7796e+07 10003  422 1.9235e+07 1.6760e+07  12.9%  17.2 2333s
 97473 94121 1.7797e+07 10135  425 1.9235e+07 1.6760e+07  12.9%  17.3 2344s
 97806 94601 1.7807e+07 10244  440 1.9235e+07 1.6760e+07  12.9%  17.3 2355s
 98286 95019 1.7807e+07 10402  444 1.9235e+07 1.6760e+07  12.9%  17.3 2363s
 98704 95497 1.7802e+07 10568  430 1.9235e+07 1.6760e+07  12.9%  17.2 2372s
 99182 95694 1.7826e+07 10763  445 1.9235e+07 1.6760e+07  12.9%  17.2 2379s
 99379 95888 1.7840e+07 10833  442 1.9235e+07 1.6760e+07  12.9%  17.3 2387s
 99573 96039 1.7841e+07 10888  445 1.9235e+07 1.6760e+07  12.9%  17.3 2408s
 99724 96432 1.7862e+07 10928  476 1.9235e+07 1.6760e+07  12.9%  17.3 2419s
 100117 96972 1.7842e+07 11003  445 1.9235e+07 1.6760e+07  12.9%  17.4 2432s
 100657 97422 1.7843e+07 11086  445 1.9235e+07 1.6760e+07  12.9%  17.3 2442s
 101107 98033 1.7847e+07 11148  446 1.9235e+07 1.6760e+07  12.9%  17.3 2453s
 101718 98691 1.7848e+07 11212  446 1.9235e+07 1.6760e+07  12.9%  17.3 2462s
 102376 99031 1.7849e+07 11277  446 1.9235e+07 1.6760e+07  12.9%  17.2 2470s
 102716 99607 1.7849e+07 11315  445 1.9235e+07 1.6760e+07  12.9%  17.2 2480s
 103292 100147 1.7872e+07 11374  477 1.9235e+07 1.6760e+07  12.9%  17.2 2489s
 103832 100304 1.7903e+07 11413  501 1.9235e+07 1.6760e+07  12.9%  17.1 2494s
 103989 100501 1.7881e+07 11411  478 1.9235e+07 1.6760e+07  12.9%  17.1 2501s
 104186 100692 1.7953e+07 11413  481 1.9235e+07 1.6760e+07  12.9%  17.2 2508s
 104377 100906 1.7864e+07 11409  468 1.9235e+07 1.6760e+07  12.9%  17.2 2515s
 104591 101078 1.7943e+07 11413  482 1.9235e+07 1.6760e+07  12.9%  17.2 2520s
 104763 101188 1.7909e+07 11412  479 1.9235e+07 1.6760e+07  12.9%  17.2 2538s
 104873 101381 1.7898e+07 11413  474 1.9235e+07 1.6760e+07  12.9%  17.2 2544s
 105066 101631 1.7883e+07 11410  496 1.9235e+07 1.6760e+07  12.9%  17.2 2550s
 105316 101971 1.7891e+07 11410  490 1.9235e+07 1.6760e+07  12.9%  17.2 2558s
 105656 102368 1.7898e+07 11413  468 1.9235e+07 1.6760e+07  12.9%  17.2 2566s
 106053 102637 1.7952e+07 11412  464 1.9235e+07 1.6760e+07  12.9%  17.2 2573s
 106322 102979 1.7940e+07 11412  481 1.9235e+07 1.6760e+07  12.9%  17.2 2580s
 106664 103328 1.7947e+07 11412  481 1.9235e+07 1.6760e+07  12.9%  17.2 2586s
 107013 103573 1.7919e+07 11413  483 1.9235e+07 1.6760e+07  12.9%  17.2 2592s
 107258 103946 1.7950e+07 11413  490 1.9235e+07 1.6760e+07  12.9%  17.2 2601s
 107631 104435 1.7947e+07 11413  479 1.9235e+07 1.6760e+07  12.9%  17.2 2612s
 108120 104748 1.7957e+07 11409  480 1.9235e+07 1.6760e+07  12.9%  17.2 2622s
 108433 105227 1.7956e+07 11413  481 1.9235e+07 1.6760e+07  12.9%  17.1 2630s
 108912 105590 1.7990e+07 11413  478 1.9235e+07 1.6760e+07  12.9%  17.1 2641s
 109275 106018 1.6767e+07  180  534 1.9235e+07 1.6760e+07  12.9%  17.1 2652s
 109703 106504 1.6770e+07  315  517 1.9235e+07 1.6760e+07  12.9%  17.0 2661s
 110189 107071 1.6770e+07  478  515 1.9235e+07 1.6760e+07  12.9%  17.0 2669s
 110756 107742 1.6770e+07  605  515 1.9235e+07 1.6760e+07  12.9%  16.9 2680s
 111427 107934 1.6770e+07  778  508 1.9235e+07 1.6760e+07  12.9%  16.8 2686s
 111619 108349 1.6770e+07  818  507 1.9235e+07 1.6760e+07  12.9%  16.8 2693s
 112034 108956 1.6783e+07  892  502 1.9235e+07 1.6760e+07  12.9%  16.8 2702s
 112641 109364 1.6771e+07 1068  503 1.9235e+07 1.6760e+07  12.9%  16.7 2711s
 113049 109644 1.6772e+07 1235  500 1.9235e+07 1.6760e+07  12.9%  16.7 2719s
 113329 110085 1.6773e+07 1354  499 1.9235e+07 1.6760e+07  12.9%  16.7 2727s
 113770 110481 1.6774e+07 1519  498 1.9235e+07 1.6760e+07  12.9%  16.6 2734s
 114166 110783 1.6774e+07 1667  498 1.9235e+07 1.6760e+07  12.9%  16.6 2741s
 114468 111074 1.6776e+07 1775  492 1.9235e+07 1.6760e+07  12.9%  16.6 2747s
 114759 111292 1.6776e+07 1856  492 1.9235e+07 1.6760e+07  12.9%  16.6 2752s
 114977 111573 1.6776e+07 1919  491 1.9235e+07 1.6760e+07  12.9%  16.5 2757s
 115258 111732 1.6789e+07 1993  489 1.9235e+07 1.6760e+07  12.9%  16.5 2773s
 115417 112083 1.6777e+07 2072  491 1.9235e+07 1.6760e+07  12.9%  16.5 2780s
 115768 112376 1.6779e+07 2173  489 1.9235e+07 1.6760e+07  12.9%  16.5 2786s
 116061 112617 1.6780e+07 2250  490 1.9235e+07 1.6760e+07  12.9%  16.5 2791s
 116302 112905 1.6781e+07 2327  489 1.9235e+07 1.6760e+07  12.9%  16.5 2798s
 116590 113102 1.6782e+07 2415  485 1.9235e+07 1.6760e+07  12.9%  16.5 2802s
 116787 113389 1.6781e+07 2464  486 1.9235e+07 1.6760e+07  12.9%  16.5 2807s
 117074 113647 1.6782e+07 2546  486 1.9235e+07 1.6760e+07  12.9%  16.5 2813s
 117332 113935 1.6783e+07 2629  486 1.9235e+07 1.6760e+07  12.9%  16.4 2818s
 117620 114135 1.6785e+07 2732  485 1.9235e+07 1.6760e+07  12.9%  16.4 2823s
 117820 114347 1.6790e+07 2813  486 1.9235e+07 1.6760e+07  12.9%  16.4 2828s
 118032 114596 1.6789e+07 2888  481 1.9235e+07 1.6760e+07  12.9%  16.4 2835s
 118281 114908 1.6791e+07 2982  472 1.9235e+07 1.6760e+07  12.9%  16.4 2843s
 118593 115088 1.6791e+07 3092  472 1.9235e+07 1.6760e+07  12.9%  16.4 2848s
 118773 115384 1.6791e+07 3139  470 1.9235e+07 1.6760e+07  12.9%  16.4 2853s
 119069 115641 1.6791e+07 3203  471 1.9235e+07 1.6760e+07  12.9%  16.4 2860s
 119326 115835 1.6791e+07 3248  470 1.9235e+07 1.6760e+07  12.9%  16.4 2866s
 119520 116155 1.6793e+07 3292  478 1.9235e+07 1.6760e+07  12.9%  16.5 2875s
 119840 116557 1.6792e+07 3393  470 1.9235e+07 1.6760e+07  12.9%  16.5 2883s
 120242 116915 1.6792e+07 3532  468 1.9235e+07 1.6760e+07  12.9%  16.5 2890s
 120600 117163 1.6793e+07 3655  467 1.9235e+07 1.6760e+07  12.9%  16.5 2895s
 120848 117588 1.6793e+07 3741  473 1.9235e+07 1.6760e+07  12.9%  16.5 2904s
 121273 117969 1.6795e+07 3878  471 1.9235e+07 1.6760e+07  12.9%  16.5 2911s
 121654 118272 1.6802e+07 4008  461 1.9235e+07 1.6760e+07  12.9%  16.5 2917s
 121957 118551 1.6801e+07 4106  449 1.9235e+07 1.6760e+07  12.9%  16.5 2923s
 122236 118816 1.6801e+07 4211  450 1.9235e+07 1.6760e+07  12.9%  16.5 2929s
 122501 119050 1.6801e+07 4287  450 1.9235e+07 1.6760e+07  12.9%  16.5 2937s
 122735 119377 1.6802e+07 4362  449 1.9235e+07 1.6760e+07  12.9%  16.5 2943s
 123062 119752 1.6802e+07 4464  449 1.9235e+07 1.6760e+07  12.9%  16.5 2950s
 123437 120120 1.6803e+07 4585  459 1.9235e+07 1.6760e+07  12.9%  16.5 2958s
 123805 120366 1.6803e+07 4717  450 1.9235e+07 1.6760e+07  12.9%  16.5 2964s
 124051 120767 1.6811e+07 4808  442 1.9235e+07 1.6760e+07  12.9%  16.5 2972s
 124452 121120 1.6823e+07 4955  453 1.9235e+07 1.6760e+07  12.9%  16.5 2978s
 124805 121443 1.6825e+07 5074  432 1.9235e+07 1.6760e+07  12.9%  16.6 2985s
 125128 121739 1.6828e+07 5182  474 1.9235e+07 1.6760e+07  12.9%  16.6 2991s
 125424 122022 1.6825e+07 5278  432 1.9235e+07 1.6760e+07  12.9%  16.6 2997s
 125707 122229 1.6825e+07 5379  433 1.9235e+07 1.6760e+07  12.9%  16.6 3005s
 125914 122590 1.6828e+07 5442  474 1.9235e+07 1.6760e+07  12.9%  16.7 3011s
 126275 122944 1.6826e+07 5556  431 1.9235e+07 1.6760e+07  12.9%  16.7 3017s
 126629 123291 1.6826e+07 5666  432 1.9235e+07 1.6760e+07  12.9%  16.7 3025s
 126976 123577 1.6826e+07 5764  432 1.9235e+07 1.6760e+07  12.9%  16.7 3032s
 127262 123986 1.6828e+07 5847  462 1.9235e+07 1.6760e+07  12.9%  16.7 3041s
 127671 124348 1.6828e+07 5975  429 1.9235e+07 1.6760e+07  12.9%  16.8 3048s
 128033 124825 1.6828e+07 6081  429 1.9235e+07 1.6760e+07  12.9%  16.8 3057s
 128510 125181 1.6830e+07 6214  431 1.9235e+07 1.6760e+07  12.9%  16.8 3064s
 128866 125608 1.6830e+07 6331  431 1.9235e+07 1.6760e+07  12.9%  16.8 3071s
 129293 125930 1.6831e+07 6454  431 1.9235e+07 1.6760e+07  12.9%  16.8 3077s
 129615 126270 1.6831e+07 6565  430 1.9235e+07 1.6760e+07  12.9%  16.8 3085s
 129955 126578 1.6831e+07 6677  430 1.9235e+07 1.6760e+07  12.9%  16.8 3092s
 130263 126930 1.6833e+07 6765  431 1.9235e+07 1.6760e+07  12.9%  16.8 3101s
 130615 127126 1.6834e+07 6896  450 1.9235e+07 1.6760e+07  12.9%  16.8 3121s
 130811 127526 1.6835e+07 6987  428 1.9235e+07 1.6760e+07  12.9%  16.8 3130s
 131211 127796 1.6837e+07 7125  442 1.9235e+07 1.6760e+07  12.9%  16.8 3136s
 131481 128114 1.6837e+07 7187  425 1.9235e+07 1.6760e+07  12.9%  16.9 3143s
 131799 128327 1.6845e+07 7256  526 1.9235e+07 1.6760e+07  12.9%  16.9 3149s
 132012 128567 1.6856e+07 7298  563 1.9235e+07 1.6760e+07  12.9%  16.9 3154s
 132252 128864 1.6864e+07 7363  567 1.9235e+07 1.6760e+07  12.9%  16.9 3161s
 132549 129222 1.6857e+07 7456  525 1.9235e+07 1.6760e+07  12.9%  16.9 3168s
 132907 129542 1.6867e+07 7566  533 1.9235e+07 1.6760e+07  12.9%  17.0 3174s
 133227 129881 1.6874e+07 7676  532 1.9235e+07 1.6760e+07  12.9%  17.0 3179s
 133566 130164 1.6884e+07 7779  538 1.9235e+07 1.6760e+07  12.9%  17.0 3185s
 133849 130375 1.6899e+07 7874  528 1.9235e+07 1.6760e+07  12.9%  17.0 3191s
 134060 130582 1.6911e+07 7926  545 1.9235e+07 1.6760e+07  12.9%  17.0 3196s
 134267 130767 1.6918e+07 7980  547 1.9235e+07 1.6760e+07  12.9%  17.0 3201s
 134452 131040 1.6936e+07 8029  558 1.9235e+07 1.6760e+07  12.9%  17.0 3206s
 134725 131251 1.6947e+07 8093  552 1.9235e+07 1.6760e+07  12.9%  17.1 3210s
 134936 131373 1.6970e+07 8148  562 1.9235e+07 1.6760e+07  12.9%  17.1 3215s
 135058 131545 1.6974e+07 8171  560 1.9235e+07 1.6760e+07  12.9%  17.1 3221s
 135230 131761 1.6982e+07 8210  559 1.9235e+07 1.6760e+07  12.9%  17.1 3228s
 135446 131983 1.6992e+07 8242  552 1.9235e+07 1.6760e+07  12.9%  17.2 3235s
 135668 132208 1.7004e+07 8280  547 1.9235e+07 1.6760e+07  12.9%  17.2 3241s
 135893 132210 1.7018e+07 8299  575 1.9235e+07 1.6760e+07  12.9%  17.2 3261s
 135895 132445 1.7014e+07 8299  533 1.9235e+07 1.6760e+07  12.9%  17.2 3267s
 136130 132714 1.7021e+07 8332  523 1.9235e+07 1.6760e+07  12.9%  17.2 3274s
 136399 132979 1.7035e+07 8386  525 1.9235e+07 1.6760e+07  12.9%  17.2 3279s
 136664 133287 1.7049e+07 8434  531 1.9235e+07 1.6760e+07  12.9%  17.3 3286s
 136972 133561 1.7068e+07 8503  516 1.9235e+07 1.6760e+07  12.9%  17.3 3293s
 137246 133874 1.7100e+07 8573  545 1.9235e+07 1.6760e+07  12.9%  17.3 3299s
 137559 134112 1.7112e+07 8637  531 1.9235e+07 1.6760e+07  12.9%  17.3 3304s
 137797 134505 1.7119e+07 8686  505 1.9235e+07 1.6760e+07  12.9%  17.3 3312s
 138190 134850 1.7154e+07 8777  500 1.9235e+07 1.6760e+07  12.9%  17.4 3320s
 138535 135202 1.7185e+07 8858  496 1.9235e+07 1.6760e+07  12.9%  17.4 3326s
 138887 135475 1.7211e+07 8923  517 1.9235e+07 1.6760e+07  12.9%  17.4 3333s
 139160 135836 1.7217e+07 8987  481 1.9235e+07 1.6760e+07  12.9%  17.4 3339s
 139521 136100 1.7240e+07 9061  482 1.9235e+07 1.6760e+07  12.9%  17.4 3345s
 139785 136484 1.7251e+07 9107  478 1.9235e+07 1.6760e+07  12.9%  17.4 3352s
 140169 136798 1.7275e+07 9176  478 1.9235e+07 1.6760e+07  12.9%  17.4 3360s
 140483 137182 1.7304e+07 9240  490 1.9235e+07 1.6760e+07  12.9%  17.5 3368s
 140867 137380 1.7322e+07 9316  469 1.9235e+07 1.6760e+07  12.9%  17.5 3388s
 141065 137640 1.7354e+07 9365  511 1.9235e+07 1.6760e+07  12.9%  17.5 3394s
 141325 138003 1.7361e+07 9430  485 1.9235e+07 1.6760e+07  12.9%  17.5 3401s
 141688 138349 1.7365e+07 9509  475 1.9235e+07 1.6760e+07  12.9%  17.5 3409s
 142034 138718 1.7376e+07 9578  495 1.9235e+07 1.6760e+07  12.9%  17.5 3415s
 142403 139032 1.7393e+07 9659  499 1.9235e+07 1.6760e+07  12.9%  17.5 3421s
 142717 139347 1.7405e+07 9729  462 1.9235e+07 1.6760e+07  12.9%  17.5 3428s
 143032 139655 1.7426e+07 9781  486 1.9235e+07 1.6760e+07  12.9%  17.6 3435s
 143340 139937 1.7435e+07 9836  462 1.9235e+07 1.6760e+07  12.9%  17.6 3442s
 143622 140166 1.7470e+07 9911  452 1.9235e+07 1.6760e+07  12.9%  17.6 3447s
 143851 140370 1.7498e+07 9982  455 1.9235e+07 1.6760e+07  12.9%  17.6 3452s
 144055 140584 1.7502e+07 10044  468 1.9235e+07 1.6760e+07  12.9%  17.7 3458s
 144269 140834 1.7506e+07 10115  460 1.9235e+07 1.6760e+07  12.9%  17.7 3463s
 144519 141111 1.7526e+07 10195  489 1.9235e+07 1.6760e+07  12.9%  17.8 3468s
 144796 141331 1.7531e+07 10294  464 1.9235e+07 1.6760e+07  12.9%  17.8 3472s
 145016 141625 1.7534e+07 10368  445 1.9235e+07 1.6760e+07  12.9%  17.8 3478s
 145310 141902 1.7564e+07 10473  431 1.9235e+07 1.6760e+07  12.9%  17.8 3483s
 145587 142104 1.7601e+07 10565  472 1.9235e+07 1.6760e+07  12.9%  17.9 3487s
 145789 142386 1.7590e+07 10639  481 1.9235e+07 1.6760e+07  12.9%  17.9 3492s
 146071 142507 1.7584e+07 10731  428 1.9235e+07 1.6760e+07  12.9%  17.9 3512s
 146192 142840 1.7607e+07 10763  470 1.9235e+07 1.6760e+07  12.9%  17.9 3518s
 146525 143076 1.7600e+07 10883  435 1.9235e+07 1.6760e+07  12.9%  18.0 3525s
 146761 143256 1.7609e+07 10952  425 1.9235e+07 1.6760e+07  12.9%  18.0 3530s
 146941 143414 1.7625e+07 11001  425 1.9235e+07 1.6760e+07  12.9%  18.1 3535s
 147273 143778 1.7634e+07 11112  429 1.9235e+07 1.6760e+07  12.9%  18.2 3543s
 147463 143952 1.7637e+07 11169  444 1.9235e+07 1.6760e+07  12.9%  18.2 3548s
 147637 144190 1.7653e+07 11224  485 1.9235e+07 1.6760e+07  12.9%  18.2 3553s
 147875 144499 1.7656e+07 11285  448 1.9235e+07 1.6760e+07  12.9%  18.2 3560s
 148184 144800 1.7669e+07 11364  441 1.9235e+07 1.6760e+07  12.9%  18.3 3566s
 148485 145022 1.7719e+07 11413  499 1.9235e+07 1.6760e+07  12.9%  18.3 3571s
 148707 145258 1.7702e+07 11410  501 1.9235e+07 1.6760e+07  12.9%  18.3 3575s
 148943 145494 1.7745e+07 11413  510 1.9235e+07 1.6760e+07  12.9%  18.3 3581s
 149179 145712 1.7689e+07 11411  495 1.9235e+07 1.6760e+07  12.9%  18.3 3589s
 149397 145881 1.7737e+07 11413  495 1.9235e+07 1.6760e+07  12.9%  18.3 3595s
 149566 146049 1.7704e+07 11410  497 1.9235e+07 1.6760e+07  12.9%  18.3 3600s

Cutting planes:
  RLT: 316

Explored 149734 nodes (2745735 simplex iterations) in 3600.65 seconds (1852.75 work units)
Thread count was 2 (of 24 available processors)

Solution count 10: 1.92349e+07 1.9235e+07 1.9235e+07 ... 1.92537e+07

Time limit reached
Best objective 1.923493652486e+07, best bound 1.676016951321e+07, gap 12.8660%
