
Gurobi 11.0.3 (linux64, Java) logging started ter 03 dez 2024 02:09:22 -03

Set parameter Username
Academic license - for non-commercial use only - expires 2025-10-10
Set parameter NonConvex to value 2
Set parameter TimeLimit to value 3600
Set parameter LogToConsole to value 0
Set parameter MIPGap to value 1.8644701200280312e-08
Set parameter Threads to value 2
Set parameter NodefileDir to value "/home/ps12398/experiment_epec/goalProgrammingMarcos/"
Set parameter NodefileStart to value 1
Gurobi Optimizer version 11.0.3 build v11.0.3rc0 (linux64)

CPU model: Intel(R) Xeon(R) CPU           X5650  @ 2.67GHz, instruction set [SSE2]
Thread count: 12 physical cores, 24 logical processors, using up to 2 threads

Optimize a model with 474493 rows, 319608 columns and 2916759 nonzeros
Model fingerprint: 0xe0c7a779
Model has 404 quadratic constraints
Variable types: 159606 continuous, 160002 integer (399 binary)
Coefficient statistics:
  Matrix range     [3e-03, 8e+06]
  QMatrix range    [3e-03, 2e+05]
  QLMatrix range   [1e+00, 2e+05]
  Objective range  [1e+00, 1e+08]
  Bounds range     [1e+00, 1e+08]
  RHS range        [1e+00, 1e+07]
  QRHS range       [3e-02, 3e-02]
Presolve removed 473131 rows and 317308 columns
Presolve time: 2.15s
Presolved: 2785 rows, 2753 columns, 286015 nonzeros
Presolved model has 2 SOS constraint(s)
Presolved model has 399 bilinear constraint(s)

Solving non-convex MIQCP

Variable types: 1256 continuous, 1497 integer (401 binary)
Found heuristic solution: objective 1.534705e+07

Root relaxation: objective 1.518229e+06, 1070 iterations, 0.94 seconds (0.40 work units)

    Nodes    |    Current Node    |     Objective Bounds      |     Work
 Expl Unexpl |  Obj  Depth IntInf | Incumbent    BestBd   Gap | It/Node Time

     0     0 1518228.62    0  671 1.5347e+07 1518228.62  90.1%     -    4s
     0     0 5039975.36    0  587 1.5347e+07 5039975.36  67.2%     -    6s
     0     0 5084044.63    0  608 1.5347e+07 5084044.63  66.9%     -    9s
     0     0 5084044.63    0  629 1.5347e+07 5084044.63  66.9%     -   10s
     0     0 5084044.63    0  655 1.5347e+07 5084044.63  66.9%     -   10s
     0     0 5084044.63    0  664 1.5347e+07 5084044.63  66.9%     -   11s
     0     0 5084044.63    0  666 1.5347e+07 5084044.63  66.9%     -   11s
     0     0 5084044.63    0  666 1.5347e+07 5084044.63  66.9%     -   14s
H    0     0                    9605311.7332 5084044.63  47.1%     -   14s
     0     2 5084044.63    0  666 9605311.73 5084044.63  47.1%     -   16s
    59    64 5088758.85   23  654 9605311.73 5084044.63  47.1%   5.7   20s
   167   172 5092816.27   61  630 9605311.73 5084044.63  47.1%   3.0   26s
   191   204 5094102.62   67  624 9605311.73 5084044.63  47.1%   2.9   30s
   283   286 5096027.31   96  604 9605311.73 5084044.63  47.1%   2.6   35s
   346   356 5099873.54  122  591 9605311.73 5084044.63  47.1%   5.9   40s
   406   419 5104690.94  155  578 9605311.73 5084044.63  47.1%  13.7   45s
   488   528 5110201.79  186  565 9605311.73 5084044.63  47.1%  16.2   51s
   603   640 5120232.75  226  550 9605311.73 5084044.63  47.1%  13.8   55s
   721   746 5124482.56  245  558 9605311.73 5084044.63  47.1%  14.2   60s
   864   896 5132069.42  330  531 9605311.73 5084044.63  47.1%  13.9   66s
   936  1007 5136103.18  379  518 9605311.73 5084044.63  47.1%  14.6   70s
  1090  1163 5142316.34  433  502 9605311.73 5084044.63  47.1%  13.0   76s
  1244  1285 5151191.36  489  490 9605311.73 5084044.63  47.1%  11.9   82s
  1333  1383 5152384.79  522  475 9605311.73 5084044.63  47.1%  11.2   85s
  1449  1464 5161665.95  589  471 9605311.73 5084044.63  47.1%  12.3   90s
  1506  1580 5164032.43  621  477 9605311.73 5084044.63  47.1%  13.4   95s
  1773  1903 5167766.51  757  435 9605311.73 5084044.63  47.1%  11.8  103s
H 1847  1903                    8832030.0899 5084044.63  42.4%  11.5  103s
  1902  1950 5183803.38  816  453 8832030.09 5084044.63  42.4%  11.3  106s
  2041  2117 5184518.23  854  437 8832030.09 5084044.63  42.4%  11.0  112s
  2190  2257 5182788.84  940  408 8832030.09 5084044.63  42.4%  11.4  116s
  2256  2371 5189431.76  979  406 8832030.09 5084044.63  42.4%  11.8  121s
  2370  2409 5191845.57  995  481 8832030.09 5084044.63  42.4%  11.8  125s
  2408  2549 5192067.67 1004  476 8832030.09 5084044.63  42.4%  11.7  130s
  2548  2790 5203117.87 1049  450 8832030.09 5084044.63  42.4%  11.1  136s
  2789  2970 5205911.68 1153  405 8832030.09 5084044.63  42.4%  10.4  142s
  2969  3059 5217476.93 1221  422 8832030.09 5084044.63  42.4%  10.3  147s
  3058  3261 5224143.15 1285  408 8832030.09 5084044.63  42.4%  10.3  154s
H 3108  3261                    8467378.6766 5084044.63  40.0%  10.2  154s
  3260  3435 5233914.10 1382  402 8467378.68 5084044.63  40.0%   9.9  161s
  3434  3573 5239507.60 1492  401 8467378.68 5084044.63  40.0%   9.5  166s
  3572  3710 5243746.23 1555  403 8467378.68 5084044.63  40.0%   9.4  171s
  3710  3711 5167480.54  757  169 8467378.68 5084044.63  40.0%   9.6  186s
  3712  3712 5220863.95 1272  233 8467378.68 5084044.63  40.0%   9.6  192s
  3713  3713 5171487.82  448  253 8467378.68 5171487.82  38.9%   9.6  200s
H 3713  3527                    8019696.0434 5171487.82  35.5%   9.6  200s
H 3713  3350                    8019448.3994 5171487.82  35.5%   9.6  201s
H 3715  3184                    7735963.8823 5171487.82  33.2%   9.6  203s
H 3717  3026                    7708314.2537 5171487.82  32.9%   9.6  205s
  3723  3031 5171487.82  200  257 7708314.25 5171487.82  32.9%  10.2  211s
  3725  3033 5247349.24 1174  266 7708314.25 5172087.82  32.9%  10.2  215s
H 3725  2881                    7554953.1441 5173419.20  31.5%  10.2  216s
  3733  2887 5173419.20  313  256 7554953.14 5173419.20  31.5%  10.7  224s
  3734  2888 5173419.20   22  266 7554953.14 5173419.20  31.5%  10.7  229s
  3735  2889 5173594.48  234  266 7554953.14 5173594.48  31.5%  10.7  230s
H 3737  2745                    7551749.2255 5173594.48  31.5%  10.7  231s
  3739  2746 5173594.48  572  269 7551749.23 5173594.48  31.5%  10.7  236s
  3749  2756 5174030.27   40  663 7551749.23 5173619.80  31.5%  11.2  240s
  3791  2795 5173644.66   51  657 7551749.23 5173631.15  31.5%  11.1  245s
  3841  2835 5173864.12   62  649 7551749.23 5173631.15  31.5%  11.0  250s
  3937  3001 5173830.88   82  641 7551749.23 5173631.15  31.5%  10.9  260s
  4059  3094 5173644.66  109  629 7551749.23 5173631.15  31.5%  10.7  267s
  4192  3257 5173720.44  137  616 7551749.23 5173631.15  31.5%  10.5  275s
  4400  3391 5173644.66  178  593 7551749.23 5173631.15  31.5%  10.2  280s
  4603  3507 5173644.66  221  582 7551749.23 5173631.15  31.5%  10.0  286s
  4787  3696 5173709.64  265  572 7551749.23 5173631.15  31.5%   9.8  292s
  5037  3850 5174581.13  333  553 7551749.23 5173631.15  31.5%   9.8  298s
H 5145  3676                    7539216.3697 5173631.15  31.4%   9.7  298s
  5274  3859 5175552.12  394  539 7539216.37 5173631.15  31.4%   9.7  303s
  5500  3976 5175863.45  456  514 7539216.37 5173631.15  31.4%   9.5  309s
  5693  4023 5176306.26  519  495 7539216.37 5173631.15  31.4%   9.5  312s
  5804  4148 5177820.46  548  491 7539216.37 5173631.15  31.4%   9.5  316s
  6048  4297 5176701.27  617  498 7539216.37 5173631.15  31.4%   9.5  324s
  6196  4333 5176742.59  660  499 7539216.37 5173631.15  31.4%   9.6  328s
  6282  4447 5176756.75  689  495 7539216.37 5173631.15  31.4%   9.6  332s
  6424  4540 5176679.98  723  470 7539216.37 5173631.15  31.4%   9.8  335s
  6565  4618 5176715.77  762  467 7539216.37 5173631.15  31.4%   9.9  340s
  6690  4746 5176894.68  791  486 7539216.37 5173631.15  31.4%  10.0  346s
  6859  4857 5176810.29  842  456 7539216.37 5173631.15  31.4%  10.2  351s
  7027  5049 5176898.87  883  463 7539216.37 5173631.15  31.4%  10.3  356s
  7275  5135 5176974.53  947  440 7539216.37 5173631.15  31.4%  10.4  363s
  7443  5307 5177044.11  995  438 7539216.37 5173631.15  31.4%  10.6  370s
H 7473  5167                    7450112.8989 5173631.15  30.6%  10.6  370s
  7671  5321 5177116.51 1080  426 7450112.90 5173631.15  30.6%  11.4  379s
H 7839  5141                    7332381.7685 5173631.15  29.4%  11.7  379s
H 7891  5291                    7307527.1944 5173631.15  29.2%  12.6  388s
  8177  5447 5177194.32 1244  405 7307527.19 5173631.15  29.2%  13.4  395s
H 8428  5428                    7161356.7251 5173631.15  27.8%  14.7  402s
  8605  5641 5177262.58 1363  406 7161356.73 5173631.15  27.8%  15.5  409s
H 8877  5726                    7140873.2445 5173631.15  27.5%  16.9  418s
H 9159  5843                    7054522.1959 5173631.15  26.7%  18.7  427s
  9471  6060 5179740.85 1651  400 7054522.20 5173631.15  26.7%  20.3  436s
H 9760  6053                    7054352.8851 5173631.15  26.7%  20.8  436s
  9792  6479 5181804.69 1795  399 7054352.89 5173631.15  26.7%  21.1  449s
 10217  6479 5177926.31 1307  404 7054352.89 5173631.15  26.7%  20.4  450s
 10218  6913 5186107.59 2008  400 7054352.89 5173631.15  26.7%  20.4  463s
 10652  7125 5196309.53 2211  412 7054352.89 5173631.15  26.7%  20.3  473s
 10864  7587 5215189.01 2304  426 7054352.89 5173631.15  26.7%  20.9  486s
 11326  7894 5212273.09 2493  433 7054352.89 5173631.15  26.7%  21.2  498s
 11633  8165 5215217.55 2646  401 7054352.89 5173631.15  26.7%  21.1  508s
 11904  8650 5221817.54 2753  421 7054352.89 5173631.15  26.7%  21.5  519s
 12389  8965 5252174.42 2950  445 7054352.89 5173631.15  26.7%  21.9  526s
 12704  9106 5245529.86 3062  430 7054352.89 5173631.15  26.7%  22.7  534s
 12845  9313 5259528.47 3113  465 7054352.89 5173631.15  26.7%  23.5  542s
 13052  9606 5277606.27 3177  467 7054352.89 5173631.15  26.7%  24.2  552s
 13345  9896 5291903.97 3253  459 7054352.89 5173631.15  26.7%  25.0  561s
 13635 10219 5300531.78 3326  443 7054352.89 5173631.15  26.7%  25.7  569s
H13958 10459                    6975628.1008 5173631.15  25.8%  26.0  589s
 14198 10720 5341910.27 3420  493 6975628.10 5173631.15  25.8%  26.4  595s
 14459 10840 5324456.23 3469  450 6975628.10 5173631.15  25.8%  27.3  601s
 14579 11306 5327269.24 3521  427 6975628.10 5173631.15  25.8%  27.6  613s
 15045 11800 5338648.61 3595  452 6975628.10 5173631.15  25.8%  28.1  625s
 15539 12172 5354156.48 3668  454 6975628.10 5173631.15  25.8%  28.4  632s
 15911 12525 5373752.15 3762  499 6975628.10 5173631.15  25.8%  29.1  639s
 16264 12889 5396810.00 3811  499 6975628.10 5173631.15  25.8%  29.8  647s
 16628 13313 5386727.38 3858  470 6975628.10 5173631.15  25.8%  30.5  659s
 17052 13744 5399037.41 3903  505 6975628.10 5173631.15  25.8%  30.5  671s
 17483 14156 5436036.82 3970  507 6975628.10 5173631.15  25.8%  30.5  683s
H17565 14156                    6971377.8574 5173631.15  25.8%  30.8  683s
 17895 14357 5445403.99 4011  503 6971377.86 5173631.15  25.8%  30.4  690s
 18096 14596 5453321.66 4042  479 6971377.86 5173631.15  25.8%  30.4  699s
 18335 14810 5451860.74 4082  461 6971377.86 5173631.15  25.8%  30.8  707s
 18549 15043 5468020.52 4127  485 6971377.86 5173631.15  25.8%  31.4  715s
H18782 15401                    6966954.0418 5173631.15  25.7%  31.7  727s
H18867 15401                    6957323.4567 5173631.15  25.6%  31.8  727s
 19140 15631 5501560.91 4214  501 6957323.46 5173631.15  25.6%  31.5  754s
 19370 15833 5512581.35 4265  493 6957323.46 5173631.15  25.6%  31.4  760s
 19572 16267 5520540.31 4300  472 6957323.46 5173631.15  25.6%  31.6  771s
 20006 16620 5525044.66 4349  483 6957323.46 5173631.15  25.6%  31.4  778s
 20359 17157 5535202.42 4393  489 6957323.46 5173631.15  25.6%  31.7  788s
H20432 17157                    6957323.4195 5173631.15  25.6%  31.6  788s
 20896 17469 5542378.98 4452  494 6957323.42 5173631.15  25.6%  31.2  796s
 21208 17753 5552531.21 4472  503 6957323.42 5173631.15  25.6%  31.2  805s
 21492 17964 5615862.78 4517  476 6957323.42 5173631.15  25.6%  31.5  811s
 21703 18341 5581022.93 4544  475 6957323.42 5173631.15  25.6%  31.6  818s
 22080 18749 5589398.25 4597  468 6957323.42 5173631.15  25.6%  31.7  828s
 22488 19230 5611432.03 4669  477 6957323.42 5173631.15  25.6%  31.7  837s
 22969 19565 5626613.12 4735  479 6957323.42 5173631.15  25.6%  31.7  847s
 23304 19936 5638941.15 4790  474 6957323.42 5173631.15  25.6%  31.9  854s
 23675 20371 5684033.47 4836  470 6957323.42 5173631.15  25.6%  32.0  864s
 24110 20692 5698234.11 4888  467 6957323.42 5173631.15  25.6%  31.8  872s
 24431 20712 5704056.87 4937  453 6957323.42 5173631.15  25.6%  31.7  888s
 24451 20824 5716666.84 4942  492 6957323.42 5173631.15  25.6%  31.8  895s
 24563 21190 5720967.03 4989  462 6957323.42 5173631.15  25.6%  31.9  907s
 24929 21585 5734283.27 5040  469 6957323.42 5173631.15  25.6%  31.8  918s
 25324 22065 5739510.25 5097  449 6957323.42 5173631.15  25.6%  31.7  930s
 25804 22547 5753188.05 5149  446 6957323.42 5173631.15  25.6%  31.6  940s
 26286 22916 5760798.43 5203  449 6957323.42 5173631.15  25.6%  31.6  950s
 26655 23212 5770544.21 5264  451 6957323.42 5173631.15  25.6%  31.7  959s
 26951 23531 5774144.51 5312  442 6957323.42 5173631.15  25.6%  32.0  968s
 27270 23903 5776435.76 5365  432 6957323.42 5173631.15  25.6%  32.2  977s
 27642 24279 5789089.01 5423  425 6957323.42 5173631.15  25.6%  32.4  986s
 28018 24694 5803199.19 5482  439 6957323.42 5173631.15  25.6%  32.5  996s
 28433 25059 5827371.20 5548  449 6957323.42 5173631.15  25.6%  32.5 1005s
 28798 25395 5828926.94 5608  420 6957323.42 5173631.15  25.6%  32.7 1012s
 29134 25784 5840752.23 5678  465 6957323.42 5173631.15  25.6%  32.9 1021s
 29523 25786 5844755.75 5718  448 6957323.42 5173631.15  25.6%  32.8 1037s
 29525 26136 5849703.74 5719  466 6957323.42 5173631.15  25.6%  32.8 1046s
 29875 26403 5850672.10 5780  421 6957323.42 5173631.15  25.6%  32.8 1054s
 30142 26834 5860761.06 5813  459 6957323.42 5173631.15  25.6%  33.0 1062s
 30573 27267 5877593.72 5867  463 6957323.42 5173631.15  25.6%  32.8 1072s
 31006 27608 5887050.33 5930  457 6957323.42 5173631.15  25.6%  32.7 1078s
 31347 27968 5941180.36 5996  473 6957323.42 5173631.15  25.6%  32.8 1086s
 31707 28234 5946035.38 6067  451 6957323.42 5173631.15  25.6%  32.9 1092s
 31973 28610 5943659.97 6119  421 6957323.42 5173631.15  25.6%  33.1 1098s
 32349 28867 5964278.47 6180  454 6957323.42 5173631.15  25.6%  33.2 1104s
H32402 28867                    6940812.7713 5173631.15  25.5%  33.2 1104s
 32606 29252 5975159.11 6230  451 6940812.77 5173631.15  25.5%  33.3 1113s
 32991 29691 5997208.06 6291  459 6940812.77 5173631.15  25.5%  33.4 1120s
H33430 29835                    6936708.5727 5173631.15  25.4%  33.5 1124s
 33574 30152 6023898.37 6414  453 6936708.57 5173631.15  25.4%  33.6 1130s
 33891 30372 6045313.65 6476  436 6936708.57 5173631.15  25.4%  33.8 1137s
H33898 30372                    6834047.6715 5173631.15  24.3%  33.8 1137s
 34111 30651 6062167.05 6540  451 6834047.67 5173631.15  24.3%  34.0 1143s
 34390 30943 6072437.44 6613  441 6834047.67 5173631.15  24.3%  34.2 1149s
 34682 30945 6086770.54 6704  452 6834047.67 5173631.15  24.3%  34.4 1166s
H34684 31188                    6834047.6709 5173631.15  24.3%  34.4 1173s
H34927 31395                    6829629.2813 5173631.15  24.2%  34.4 1178s
 35134 31607 6095832.30 6819  438 6829629.28 5173631.15  24.2%  34.7 1184s
 35346 31696 6097599.27 6889  438 6829629.28 5173631.15  24.2%  34.8 1188s
 35435 31974 6109741.55 6889  452 6829629.28 5173631.15  24.2%  34.9 1194s
 35713 32281 6099453.83 6959  436 6829629.28 5173631.15  24.2%  34.9 1200s
H36020 32566                    6825428.4833 5173631.15  24.2%  35.1 1207s
 36305 32873 6103783.54 7127  434 6825428.48 5173631.15  24.2%  35.3 1214s
 36612 33190 6104981.14 7195  435 6825428.48 5173631.15  24.2%  35.4 1221s
 36929 33546 6120842.93 7286  443 6825428.48 5173631.15  24.2%  35.6 1228s
H37285 34057                    6820787.4671 5173631.15  24.1%  35.6 1236s
 37796 34575 6123972.04 7463  423 6820787.47 5173631.15  24.1%  35.4 1245s
 38314 34845 6127907.85 7602  420 6820787.47 5173631.15  24.1%  35.1 1251s
 38584 35302 6136781.05 7653  420 6820787.47 5173631.15  24.1%  35.2 1259s
 39041 35648 6138783.57 7762  426 6820787.47 5173631.15  24.1%  35.0 1266s
 39387 36018 6140298.17 7834  423 6820787.47 5173631.15  24.1%  35.1 1273s
 39757 36447 6142953.76 7918  419 6820787.47 5173631.15  24.1%  35.2 1280s
 40186 36892 6145785.62 8018  421 6820787.47 5173631.15  24.1%  35.1 1288s
 40631 37225 6152178.35 8131  419 6820787.47 5173631.15  24.1%  34.9 1310s
 40964 37454 6161617.33 8231  446 6820787.47 5173631.15  24.1%  34.8 1315s
H41035 37454                    6814171.2555 5173631.15  24.1%  34.8 1315s
 41193 37656 6163941.34 8279  431 6814171.26 5173631.15  24.1%  34.8 1321s
 41395 38071 6179932.54 8346  435 6814171.26 5173631.15  24.1%  34.9 1329s
 41810 38495 6188955.90 8484  432 6814171.26 5173631.15  24.1%  34.8 1337s
H42234 38649                    6811230.4772 5173631.15  24.0%  34.8 1344s
H42342 38649                    6810024.7537 5173631.15  24.0%  34.7 1344s
 42388 39064 6193847.12 8680  427 6810024.75 5173631.15  24.0%  34.8 1351s
 42803 39402 6211032.44 8794  414 6810024.75 5173631.15  24.0%  34.7 1359s
 43141 39738 6218457.93 8889  435 6810024.75 5173631.15  24.0%  34.7 1366s
 43477 40048 6229824.28 8987  437 6810024.75 5173631.15  24.0%  34.7 1373s
 43787 40336 6230210.30 9057  438 6810024.75 5173631.15  24.0%  34.8 1380s
H43848 40336                    6809714.8054 5173631.15  24.0%  34.8 1380s
 44075 40664 6224085.84 9123  437 6809714.81 5173631.15  24.0%  34.9 1386s
 44403 40818 6227659.86 9199  425 6809714.81 5173631.15  24.0%  34.9 1392s
 44557 41172 6228183.45 9237  423 6809714.81 5173631.15  24.0%  35.0 1399s
H44911 41455                    6809714.8048 5173631.15  24.0%  35.0 1404s
 45194 41803 6233204.31 9397  416 6809714.80 5173631.15  24.0%  35.1 1412s
 45542 42121 6252598.51 9499  437 6809714.80 5173631.15  24.0%  35.1 1420s
H45594 42121                    6809053.2258 5173631.15  24.0%  35.1 1420s
 45860 42462 6255562.60 9588  431 6809053.23 5173631.15  24.0%  35.1 1426s
 46201 42628 6237485.71 9673  422 6809053.23 5173631.15  24.0%  35.1 1432s
 46367 42955 6237909.25 9716  423 6809053.23 5173631.15  24.0%  35.2 1439s
 46694 43226 6238813.23 9805  421 6809053.23 5173631.15  24.0%  35.2 1446s
 46965 43541 6250683.27 9888  432 6809053.23 5173631.15  24.0%  35.3 1454s
 47280 43845 6247366.30 9989  422 6809053.23 5173631.15  24.0%  35.3 1461s
 47584 43847 6270504.11 10078  432 6809053.23 5173631.15  24.0%  35.4 1481s
 47586 44099 6264187.05 10079  433 6809053.23 5173631.15  24.0%  35.4 1486s
H47729 44099                    6795599.5865 5173631.15  23.9%  35.3 1486s
 47838 44180 6290555.23 10150  437 6795599.59 5173631.15  23.9%  35.4 1490s
 47919 44468 6268307.05 10158  423 6795599.59 5173631.15  23.9%  35.5 1497s
 48207 44826 6277689.42 10240  429 6795599.59 5173631.15  23.9%  35.5 1504s
 48565 45209 6278833.73 10357  432 6795599.59 5173631.15  23.9%  35.5 1510s
 48948 45494 6277867.85 10468  432 6795599.59 5173631.15  23.9%  35.5 1516s
 49233 45868 6279813.86 10560  428 6795599.59 5173631.15  23.9%  35.5 1522s
 49607 46194 6278671.49 10689  418 6795599.59 5173631.15  23.9%  35.5 1527s
 49933 46456 6281294.18 10776  419 6795599.59 5173631.15  23.9%  35.5 1534s
 50195 46859 6311240.77 10849  434 6795599.59 5173631.15  23.9%  35.3 1543s
 50598 47213 6283569.85 10973  422 6795599.59 5173631.15  23.9%  35.1 1550s
 50952 47539 6285095.72 11083  417 6795599.59 5173631.15  23.9%  35.0 1558s
 51278 47778 6288051.57 11195  423 6795599.59 5173631.15  23.9%  35.0 1564s
 51517 48104 6296638.89 11290  424 6795599.59 5173631.15  23.9%  35.0 1570s
 51843 48332 6297830.45 11387  426 6795599.59 5173631.15  23.9%  34.9 1576s
 52071 48501 6319562.41 11387  430 6795599.59 5173631.15  23.9%  34.9 1582s
 52240 48771 6307315.69 11386  428 6795599.59 5173631.15  23.9%  35.0 1589s
 52510 49022 6312176.05 11386  426 6795599.59 5173631.15  23.9%  35.0 1604s
 52761 49124 6321847.32 11387  428 6795599.59 5173631.15  23.9%  34.9 1609s
 52863 49419 6314883.50 11387  427 6795599.59 5173631.15  23.9%  35.0 1616s
 53158 49668 6314136.32 11387  427 6795599.59 5173631.15  23.9%  35.0 1621s
 53407 49897 6305399.72 11381  425 6795599.59 5173631.15  23.9%  35.0 1628s
 53636 50221 6324728.16 11387  430 6795599.59 5173631.15  23.9%  35.0 1634s
 53960 50418 6316727.79 11385  427 6795599.59 5173631.15  23.9%  34.9 1639s
 54157 50708 6318723.71 11387  426 6795599.59 5173631.15  23.9%  34.9 1647s
 54447 50990 5174077.83   75  630 6795599.59 5173631.15  23.9%  34.9 1657s
 54729 51255 5179448.23  183  547 6795599.59 5173631.15  23.9%  34.8 1664s
 54994 51430 5184042.04  275  505 6795599.59 5173631.15  23.9%  34.8 1668s
 55169 51581 5184494.22  323  508 6795599.59 5173631.15  23.9%  34.9 1672s
 55320 51698 5185134.31  361  526 6795599.59 5173631.15  23.9%  34.9 1677s
 55437 51825 5184671.51  385  493 6795599.59 5173631.15  23.9%  34.9 1682s
 55564 51912 5185905.18  424  496 6795599.59 5173631.15  23.9%  35.0 1687s
 55651 52054 5185910.89  442  488 6795599.59 5173631.15  23.9%  35.1 1690s
 55908 52311 5187093.84  504  483 6795599.59 5173631.15  23.9%  35.3 1700s
 56183 52579 5187699.49  562  476 6795599.59 5173631.15  23.9%  35.4 1708s
 56318 52782 5188099.71  590  499 6795599.59 5173631.15  23.9%  35.5 1713s
 56521 52853 5187956.52  635  465 6795599.59 5173631.15  23.9%  35.5 1719s
 56592 53004 5188345.22  654  470 6795599.59 5173631.15  23.9%  35.6 1723s
 56743 53167 5189115.17  687  507 6795599.59 5173631.15  23.9%  35.7 1728s
 56906 53365 5189271.22  739  468 6795599.59 5173631.15  23.9%  35.8 1733s
 57104 53529 5189440.48  777  454 6795599.59 5173631.15  23.9%  35.9 1738s
 57268 53676 5189840.57  816  449 6795599.59 5173631.15  23.9%  36.0 1745s
 57415 53774 5190451.58  858  484 6795599.59 5173631.15  23.9%  36.1 1751s
 57513 53960 5192155.72  890  487 6795599.59 5173631.15  23.9%  36.2 1758s
 57699 54098 5193884.83  945  485 6795599.59 5173631.15  23.9%  36.2 1783s
 57837 54102 5193873.45  979  486 6795599.59 5173631.15  23.9%  36.2 1788s
 57841 54394 5193258.99  980  445 6795599.59 5173631.15  23.9%  36.2 1795s
 58133 54564 5193865.59 1045  443 6795599.59 5173631.15  23.9%  36.2 1800s
 58303 54780 5194595.99 1082  477 6795599.59 5173631.15  23.9%  36.3 1806s
 58519 55120 5194087.53 1134  429 6795599.59 5173631.15  23.9%  36.4 1814s
 58859 55500 5194201.11 1190  432 6795599.59 5173631.15  23.9%  36.4 1823s
 59239 55847 5194444.11 1271  419 6795599.59 5173631.15  23.9%  36.3 1829s
 59586 56190 5196119.17 1377  465 6795599.59 5173631.15  23.9%  36.3 1837s
 59929 56539 5208571.88 1502  403 6795599.59 5173631.15  23.9%  36.4 1844s
 60278 56759 5219827.36 1614  403 6795599.59 5173631.15  23.9%  36.4 1848s
 60498 56822 5221351.08 1669  403 6795599.59 5173631.15  23.9%  36.5 1855s
 60561 56891 5221416.60 1683  401 6795599.59 5173631.15  23.9%  36.6 1862s
 60630 57087 5221675.60 1697  474 6795599.59 5173631.15  23.9%  36.6 1867s
 60826 57468 5221381.87 1738  400 6795599.59 5173631.15  23.9%  36.8 1877s
 61207 58132 5222727.07 1833  403 6795599.59 5173631.15  23.9%  36.8 1889s
 61871 58375 5225829.68 1972  400 6795599.59 5173631.15  23.9%  36.6 1895s
 62114 58794 5227378.65 2018  400 6795599.59 5173631.15  23.9%  36.7 1903s
 62533 58940 5228193.24 2064  400 6795599.59 5173631.15  23.9%  36.6 1908s
 62679 59190 5228595.06 2087  400 6795599.59 5173631.15  23.9%  36.7 1914s
 62929 59192 5229598.40 2141  400 6795599.59 5173631.15  23.9%  36.8 1935s
 62931 59363 5230351.19 2141  400 6795599.59 5173631.15  23.9%  36.8 1942s
 63102 59666 5230238.49 2173  400 6795599.59 5173631.15  23.9%  36.8 1949s
 63405 59996 5233516.28 2256  400 6795599.59 5173631.15  23.9%  36.9 1957s
 63735 60217 5236189.50 2354  401 6795599.59 5173631.15  23.9%  36.9 1963s
 63956 60551 5240155.57 2411  403 6795599.59 5173631.15  23.9%  37.0 1970s
 64290 60950 5239874.96 2477  400 6795599.59 5173631.15  23.9%  37.0 1978s
 64689 61331 5242887.43 2544  402 6795599.59 5173631.15  23.9%  37.1 1988s
 65070 61654 5246499.23 2672  400 6795599.59 5173631.15  23.9%  37.0 1995s
 65393 62098 5248763.10 2762  401 6795599.59 5173631.15  23.9%  37.0 2007s
 65837 62516 5252343.64 2824  401 6795599.59 5173631.15  23.9%  36.9 2015s
 66255 62798 5253418.71 2874  400 6795599.59 5173631.15  23.9%  36.8 2022s
 66537 63049 5254565.52 2926  400 6795599.59 5173631.15  23.9%  36.9 2028s
 66788 63160 5262159.18 2990  455 6795599.59 5173631.15  23.9%  37.0 2034s
 66899 63570 5267015.51 3011  448 6795599.59 5173631.15  23.9%  37.1 2042s
 67309 63950 5269851.13 3102  434 6795599.59 5173631.15  23.9%  37.1 2050s
 67689 64244 5267788.64 3236  400 6795599.59 5173631.15  23.9%  37.1 2057s
 67983 64282 5270353.00 3321  401 6795599.59 5173631.15  23.9%  37.2 2079s
 68021 64505 5270785.51 3331  400 6795599.59 5173631.15  23.9%  37.2 2086s
 68244 64811 5276899.34 3403  422 6795599.59 5173631.15  23.9%  37.4 2095s
 68550 65130 5275008.52 3497  401 6795599.59 5173631.15  23.9%  37.4 2104s
 68869 65297 5277917.96 3595  400 6795599.59 5173631.15  23.9%  37.5 2109s
 69036 65561 5283636.70 3640  423 6795599.59 5173631.15  23.9%  37.5 2117s
 69300 65843 5281189.09 3720  400 6795599.59 5173631.15  23.9%  37.6 2124s
 69582 66094 5294564.48 3798  400 6795599.59 5173631.15  23.9%  37.7 2131s
 69833 66453 5298037.00 3866  404 6795599.59 5173631.15  23.9%  37.8 2141s
 70192 66853 5304229.57 3960  414 6795599.59 5173631.15  23.9%  37.8 2150s
 70592 67230 5305245.48 4091  406 6795599.59 5173631.15  23.9%  37.8 2159s
 70969 67541 5311560.07 4209  404 6795599.59 5173631.15  23.9%  37.9 2167s
 71280 67786 5328740.84 4299  412 6795599.59 5173631.15  23.9%  37.9 2172s
 71525 68004 5343393.79 4368  419 6795599.59 5173631.15  23.9%  38.0 2178s
 71743 68192 5365659.56 4426  409 6795599.59 5173631.15  23.9%  38.2 2184s
 71931 68362 5413424.03 4473  455 6795599.59 5173631.15  23.9%  38.4 2191s
 72101 68549 5423295.24 4503  485 6795599.59 5173631.15  23.9%  38.6 2197s
 72288 68643 5428617.96 4543  495 6795599.59 5173631.15  23.9%  38.7 2201s
 72382 68858 5442071.38 4590  507 6795599.59 5173631.15  23.9%  38.7 2208s
 72597 69124 5483629.75 4642  521 6795599.59 5173631.15  23.9%  38.8 2217s
 72863 69484 5487108.56 4698  512 6795599.59 5173631.15  23.9%  38.9 2225s
 73223 69486 5494735.42 4773  506 6795599.59 5173631.15  23.9%  38.9 2249s
 73225 69770 5494735.43 4774  506 6795599.59 5173631.15  23.9%  38.9 2257s
 73509 69991 5497044.40 4845  506 6795599.59 5173631.15  23.9%  39.0 2265s
 73730 70297 5501667.37 4896  504 6795599.59 5173631.15  23.9%  39.1 2274s
 74036 70578 5513298.05 4983  517 6795599.59 5173631.15  23.9%  39.1 2280s
 74317 70833 5580623.26 5049  503 6795599.59 5173631.15  23.9%  39.1 2287s
 74572 71381 5579332.59 5085  498 6795599.59 5173631.15  23.9%  39.1 2296s
 75120 71720 5617143.72 5200  505 6795599.59 5173631.15  23.9%  38.9 2306s
 75459 72042 5634579.68 5237  493 6795599.59 5173631.15  23.9%  38.9 2315s
 75781 72405 5648341.36 5263  492 6795599.59 5173631.15  23.9%  38.9 2323s
 76144 72552 5648032.31 5294  497 6795599.59 5173631.15  23.9%  38.9 2328s
 76291 72763 5648203.18 5320  497 6795599.59 5173631.15  23.9%  39.0 2333s
H76502 72916                    6795557.5895 5173631.15  23.9%  39.1 2341s
 76655 73111 5637623.44 5380  492 6795557.59 5173631.15  23.9%  39.2 2348s
 76850 73266 5649595.19 5406  495 6795557.59 5173631.15  23.9%  39.3 2356s
H76885 73266                    6791931.9525 5173631.15  23.8%  39.3 2356s
 77005 73426 5648492.69 5424  485 6791931.95 5173631.15  23.8%  39.4 2364s
 77165 73640 5648957.18 5439  485 6791931.95 5173631.15  23.8%  39.6 2371s
 77379 73877 5649507.59 5461  484 6791931.95 5173631.15  23.8%  39.7 2379s
 77616 74118 5649916.54 5486  484 6791931.95 5173631.15  23.8%  39.8 2388s
 77857 74378 5662475.12 5514  483 6791931.95 5173631.15  23.8%  39.8 2397s
 78117 74639 5650949.55 5551  483 6791931.95 5173631.15  23.8%  39.9 2422s
 78378 74829 5663173.09 5592  483 6791931.95 5173631.15  23.8%  39.9 2428s
 78568 75034 5662334.27 5627  489 6791931.95 5173631.15  23.8%  40.0 2435s
 78773 75315 5652601.28 5666  485 6791931.95 5173631.15  23.8%  40.0 2442s
 79054 75523 5664103.74 5706  485 6791931.95 5173631.15  23.8%  40.0 2449s
H79256 75523                    6791409.6778 5173631.15  23.8%  40.1 2449s
 79262 75788 5653635.91 5734  486 6791409.68 5173631.15  23.8%  40.1 2457s
 79527 75987 5664743.65 5766  485 6791409.68 5173631.15  23.8%  40.1 2467s
 79726 76253 5663509.32 5795  489 6791409.68 5173631.15  23.8%  40.2 2478s
 79992 76526 5655004.86 5824  486 6791409.68 5173631.15  23.8%  40.2 2487s
 80265 76801 5665325.30 5848  484 6791409.68 5173631.15  23.8%  40.2 2497s
 80540 76971 5678369.09 5876  488 6791409.68 5173631.15  23.8%  40.2 2504s
 80710 77242 5656125.79 5901  487 6791409.68 5173631.15  23.8%  40.3 2514s
 80981 77639 5656539.54 5928  487 6791409.68 5173631.15  23.8%  40.3 2524s
H81378 78000                    6791409.5504 5173631.15  23.8%  40.2 2533s
 81739 78403 5657369.51 5987  487 6791409.55 5173631.15  23.8%  40.2 2544s
 82142 78660 5666721.30 6010  486 6791409.55 5173631.15  23.8%  40.1 2553s
 82399 79093 5658108.98 6030  487 6791409.55 5173631.15  23.8%  40.1 2562s
 82832 79553 5658523.74 6058  487 6791409.55 5173631.15  23.8%  40.0 2570s
 83292 79765 5658950.43 6088  486 6791409.55 5173631.15  23.8%  39.9 2592s
H83504 79968                    6791409.4782 5173631.15  23.8%  39.9 2601s
 83707 80272 5684995.82 6140  492 6791409.48 5173631.15  23.8%  40.0 2611s
 84011 80602 5660766.34 6162  486 6791409.48 5173631.15  23.8%  40.0 2621s
 84341 80938 5669201.74 6187  482 6791409.48 5173631.15  23.8%  40.0 2630s
 84677 81192 5676083.04 6226  485 6791409.48 5173631.15  23.8%  40.0 2638s
 84931 81536 5670674.86 6250  482 6791409.48 5173631.15  23.8%  40.0 2649s
 85275 81980 5678953.82 6296  483 6791409.48 5173631.15  23.8%  40.0 2658s
 85719 82456 5677585.06 6363  477 6791409.48 5173631.15  23.8%  39.9 2668s
 86195 82710 5682732.61 6433  478 6791409.48 5173631.15  23.8%  39.8 2677s
 86449 83063 5679304.90 6476  476 6791409.48 5173631.15  23.8%  39.7 2687s
 86802 83470 5683129.86 6489  478 6791409.48 5173631.15  23.8%  39.7 2697s
 87209 83685 5680488.45 6558  472 6791409.48 5173631.15  23.8%  39.6 2704s
 87424 84056 5683712.89 6607  472 6791409.48 5173631.15  23.8%  39.6 2712s
 87795 84366 5690992.63 6675  474 6791409.48 5173631.15  23.8%  39.6 2718s
 88105 84572 5688980.98 6724  474 6791409.48 5173631.15  23.8%  39.6 2726s
 88311 84833 5689299.00 6756  474 6791409.48 5173631.15  23.8%  39.6 2734s
 88572 84839 5693430.02 6807  466 6791409.48 5173631.15  23.8%  39.5 2759s
 88578 85164 5688050.95 6809  471 6791409.48 5173631.15  23.8%  39.5 2768s
 88903 85453 5689736.99 6877  470 6791409.48 5173631.15  23.8%  39.5 2778s
 89192 85870 5736866.89 6942  464 6791409.48 5173631.15  23.8%  39.5 2787s
 89609 86161 5777388.59 7002  452 6791409.48 5173631.15  23.8%  39.5 2794s
 89900 86497 5779029.45 7058  451 6791409.48 5173631.15  23.8%  39.5 2801s
 90236 86702 5783105.14 7148  444 6791409.48 5173631.15  23.8%  39.6 2809s
 90441 87000 5820981.18 7203  437 6791409.48 5173631.15  23.8%  39.7 2816s
 90739 87270 5836520.83 7273  435 6791409.48 5173631.15  23.8%  39.8 2824s
 91009 87367 5838009.88 7335  434 6791409.48 5173631.15  23.8%  39.9 2832s
 91106 87651 5862272.29 7335  439 6791409.48 5173631.15  23.8%  40.0 2840s
 91390 87916 5840108.94 7409  433 6791409.48 5173631.15  23.8%  40.1 2847s
 91655 88258 5865540.30 7475  433 6791409.48 5173631.15  23.8%  40.2 2855s
 91997 88558 5939412.68 7560  452 6791409.48 5173631.15  23.8%  40.3 2862s
 92297 88877 5846654.28 7632  430 6791409.48 5173631.15  23.8%  40.4 2868s
 92616 89200 5856614.02 7713  431 6791409.48 5173631.15  23.8%  40.5 2874s
 92939 89495 5880906.87 7792  451 6791409.48 5173631.15  23.8%  40.6 2883s
 93234 89823 5880667.45 7867  436 6791409.48 5173631.15  23.8%  40.7 2890s
 93562 89997 5861666.14 7953  434 6791409.48 5173631.15  23.8%  40.8 2922s
 93736 90346 5862610.04 7997  432 6791409.48 5173631.15  23.8%  40.9 2932s
 94085 90774 5864103.89 8076  431 6791409.48 5173631.15  23.8%  40.9 2944s
 94513 91154 5869320.77 8159  432 6791409.48 5173631.15  23.8%  40.8 2955s
 94893 91405 5890122.41 8250  436 6791409.48 5173631.15  23.8%  40.8 2962s
 95144 91681 5874056.39 8334  435 6791409.48 5173631.15  23.8%  40.8 2969s
 95420 91969 5881946.15 8431  433 6791409.48 5173631.15  23.8%  40.9 2976s
 95708 92174 5913531.98 8519  440 6791409.48 5173631.15  23.8%  40.9 2982s
 95913 92440 5897697.02 8583  429 6791409.48 5173631.15  23.8%  41.0 2989s
 96179 92522 5899000.03 8661  431 6791409.48 5173631.15  23.8%  41.1 2996s
 96261 92762 5899401.04 8684  430 6791409.48 5173631.15  23.8%  41.1 3005s
H96345 92762                    6791228.7646 5173631.15  23.8%  41.1 3005s
H96501 93163                    6791228.7206 5173631.15  23.8%  41.1 3013s
 96902 93458 5930291.22 8899  427 6791228.72 5173631.15  23.8%  41.1 3023s
 97197 93722 5935558.97 9008  427 6791228.72 5173631.15  23.8%  41.1 3030s
 97461 94189 5937421.62 9081  427 6791228.72 5173631.15  23.8%  41.1 3039s
 97928 94568 5946017.20 9269  424 6791228.72 5173631.15  23.8%  41.0 3047s
 98307 94949 5949784.16 9404  426 6791228.72 5173631.15  23.8%  41.0 3055s
 98688 95187 5951980.17 9522  427 6791228.72 5173631.15  23.8%  40.9 3081s
 98926 95451 5953475.20 9581  427 6791228.72 5173631.15  23.8%  40.9 3091s
 99190 95794 5954643.14 9662  426 6791228.72 5173631.15  23.8%  40.8 3102s
 99533 96192 5978096.09 9794  427 6791228.72 5173631.15  23.8%  40.8 3113s
 99931 96765 5988109.12 9936  424 6791228.72 5173631.15  23.8%  40.8 3124s
 100504 97423 6001458.01 10116  437 6791228.72 5173631.15  23.8%  40.6 3136s
 101162 98054 5995571.98 10317  422 6791228.72 5173631.15  23.8%  40.4 3148s
 101793 98687 5998616.69 10471  418 6791228.72 5173631.15  23.8%  40.2 3159s
 102426 99019 6007545.83 10614  427 6791228.72 5173631.15  23.8%  40.1 3169s
 102758 99559 6005341.65 10722  417 6791228.72 5173631.15  23.8%  40.0 3179s
 103298 100156 6009630.69 10897  420 6791228.72 5173631.15  23.8%  39.9 3190s
H103895 100360                    6786944.2980 5173631.15  23.8%  39.8 3215s
 104099 100627 6024782.88 11085  423 6786944.30 5173631.15  23.8%  39.7 3222s
 104366 101089 6022749.30 11146  421 6786944.30 5173631.15  23.8%  39.7 3234s
 104828 101585 6034919.14 11248  431 6786944.30 5173631.15  23.8%  39.6 3244s
H104848 101585                    6786770.6828 5173631.15  23.8%  39.6 3244s
 105324 102059 6064817.68 11387  441 6786770.68 5173631.15  23.8%  39.4 3257s
 105798 102520 6065995.26 11386  434 6786770.68 5173631.15  23.8%  39.4 3265s
H106259 102952                    6786770.4157 5173631.15  23.8%  39.3 3274s
 106691 103090 6046849.53 11384  433 6786770.42 5173631.15  23.8%  39.2 3281s
 106829 103354 6102614.27 11385  441 6786770.42 5173631.15  23.8%  39.2 3289s
 107093 103699 6084673.19 11387  436 6786770.42 5173631.15  23.8%  39.3 3296s
 107438 104107 6088419.36 11387  432 6786770.42 5173631.15  23.8%  39.3 3306s
 107846 104579 6100358.55 11387  439 6786770.42 5173631.15  23.8%  39.2 3315s
 108318 104775 6081749.28 11386  438 6786770.42 5173631.15  23.8%  39.1 3322s
 108514 105063 6117725.98 11386  442 6786770.42 5173631.15  23.8%  39.1 3329s
 108802 105389 6066286.52 11386  429 6786770.42 5173631.15  23.8%  39.2 3335s
 109128 105473 6088851.33 11386  429 6786770.42 5173631.15  23.8%  39.2 3361s
 109212 105645 6069220.19 11381  433 6786770.42 5173631.15  23.8%  39.2 3367s
 109384 106010 6103691.75 11386  440 6786770.42 5173631.15  23.8%  39.2 3374s
 109749 106367 6104248.87 11384  439 6786770.42 5173631.15  23.8%  39.1 3384s
 110106 106741 5174385.21  114  592 6786770.42 5173631.15  23.8%  39.1 3392s
 110480 107004 5178866.83  242  515 6786770.42 5173631.15  23.8%  39.0 3400s
 110743 107265 5182449.02  317  495 6786770.42 5173631.15  23.8%  39.0 3407s
 111004 107462 5182554.75  344  492 6786770.42 5173631.15  23.8%  39.0 3415s
 111201 107785 5182771.73  366  492 6786770.42 5173631.15  23.8%  39.0 3426s
 111524 108006 5183726.75  392  504 6786770.42 5173631.15  23.8%  38.9 3433s
 111745 108398 5184284.53  417  499 6786770.42 5173631.15  23.8%  38.9 3443s
 112137 108663 5184531.96  466  485 6786770.42 5173631.15  23.8%  38.8 3449s
 112402 108938 5184785.41  501  479 6786770.42 5173631.15  23.8%  38.8 3458s
 112677 109271 5184989.09  515  480 6786770.42 5173631.15  23.8%  38.7 3467s
 113010 109395 5185309.39  557  473 6786770.42 5173631.15  23.8%  38.7 3472s
 113134 109570 5185400.24  586  474 6786770.42 5173631.15  23.8%  38.7 3476s
 113309 109743 5185718.20  631  467 6786770.42 5173631.15  23.8%  38.8 3482s
 113482 109882 5186471.37  669  477 6786770.42 5173631.15  23.8%  38.8 3488s
 113621 110034 5190517.00  686  469 6786770.42 5173631.15  23.8%  38.8 3493s
 113773 110145 5190672.02  711  462 6786770.42 5173631.15  23.8%  38.9 3500s
 113884 110341 5191327.52  727  500 6786770.42 5173631.15  23.8%  38.9 3506s
 114080 110493 5191713.34  766  460 6786770.42 5173631.15  23.8%  38.9 3510s
 114232 110595 5192090.10  788  460 6786770.42 5173631.15  23.8%  39.0 3534s
 114334 110784 5192775.70  813  496 6786770.42 5173631.15  23.8%  39.0 3540s
 114523 110881 5193479.93  856  456 6786770.42 5173631.15  23.8%  39.0 3547s
 114620 110993 5194023.64  904  488 6786770.42 5173631.15  23.8%  39.0 3553s
 114732 111241 5194412.59  923  482 6786770.42 5173631.15  23.8%  39.1 3560s
 114980 111421 5204603.60  982  445 6786770.42 5173631.15  23.8%  39.1 3565s
 115160 111634 5204188.11 1017  510 6786770.42 5173631.15  23.8%  39.1 3570s
 115373 111800 5196241.02 1059  481 6786770.42 5173631.15  23.8%  39.2 3576s
 115539 111938 5195953.94 1092  448 6786770.42 5173631.15  23.8%  39.2 3583s
 115677 112097 5195953.94 1113  444 6786770.42 5173631.15  23.8%  39.4 3590s
 115836 112391 5195960.17 1137  439 6786770.42 5173631.15  23.8%  39.5 3598s
 116130 112463 5196724.47 1227  474 6786770.42 5173631.15  23.8%  39.5 3600s

Cutting planes:
  RLT: 317

Explored 116202 nodes (4589787 simplex iterations) in 3600.84 seconds (1974.85 work units)
Thread count was 2 (of 24 available processors)

Solution count 10: 6.78677e+06 6.78694e+06 6.79123e+06 ... 6.81002e+06

Time limit reached
Best objective 6.786770415693e+06, best bound 5.173631152092e+06, gap 23.7689%
