
Gurobi 11.0.3 (linux64, Java) logging started seg 02 dez 2024 22:36:23 -03

Set parameter Username
Academic license - for non-commercial use only - expires 2025-10-10
Set parameter NonConvex to value 2
Set parameter TimeLimit to value 3600
Set parameter LogToConsole to value 0
Set parameter MIPGap to value 1.8644701200280312e-08
Set parameter Threads to value 2
Set parameter NodefileDir to value "/home/ps12398/experiment_epec/goalProgrammingMarcos/"
Set parameter NodefileStart to value 1
Gurobi Optimizer version 11.0.3 build v11.0.3rc0 (linux64)

CPU model: Intel(R) Xeon(R) CPU           X5650  @ 2.67GHz, instruction set [SSE2]
Thread count: 12 physical cores, 24 logical processors, using up to 2 threads

Optimize a model with 474493 rows, 319608 columns and 2916759 nonzeros
Model fingerprint: 0x08b80339
Model has 404 quadratic constraints
Variable types: 159606 continuous, 160002 integer (399 binary)
Coefficient statistics:
  Matrix range     [3e-03, 8e+06]
  QMatrix range    [3e-03, 2e+05]
  QLMatrix range   [1e+00, 2e+05]
  Objective range  [1e+00, 1e+08]
  Bounds range     [1e+00, 1e+08]
  RHS range        [1e+00, 3e+07]
  QRHS range       [8e-02, 8e-02]
Presolve removed 473131 rows and 317308 columns
Presolve time: 1.78s
Presolved: 2785 rows, 2753 columns, 286015 nonzeros
Presolved model has 2 SOS constraint(s)
Presolved model has 399 bilinear constraint(s)

Solving non-convex MIQCP

Variable types: 1256 continuous, 1497 integer (401 binary)
Found heuristic solution: objective 1.255273e+07

Root relaxation: objective 0.000000e+00, 785 iterations, 0.41 seconds (0.30 work units)

    Nodes    |    Current Node    |     Objective Bounds      |     Work
 Expl Unexpl |  Obj  Depth IntInf | Incumbent    BestBd   Gap | It/Node Time

     0     0    0.00000    0  581 1.2553e+07    0.00000   100%     -    3s
     0     0    0.00000    0  642 1.2553e+07    0.00000   100%     -    5s
     0     0    0.00000    0  564 1.2553e+07    0.00000   100%     -    9s
H    0     0                    9960176.8048    0.00000   100%     -   10s
     0     0    0.00000    0  568 9960176.80    0.00000   100%     -   10s
     0     0    0.00000    0  647 9960176.80    0.00000   100%     -   12s
     0     0    0.00000    0  647 9960176.80    0.00000   100%     -   14s
H    0     0                    7858286.3531    0.00000   100%     -   14s
     0     2    0.00000    0  646 7858286.35    0.00000   100%     -   16s
    15    30    0.00000    7  633 7858286.35    0.00000   100%   192   20s
    29    32    0.00000   14  627 7858286.35    0.00000   100%   100   40s
    80   134    0.00000   35  603 7858286.35    0.00000   100%  39.2   45s
   133   422    0.00000   63  588 7858286.35    0.00000   100%  37.9   50s
   509   627    0.00000  183  564 7858286.35    0.00000   100%  14.4   56s
   626   807    0.00000  227  563 7858286.35    0.00000   100%  13.1   61s
   874   969    0.00000  289  569 7858286.35    0.00000   100%  12.2   69s
   968  1137    0.00000  333  571 7858286.35    0.00000   100%  13.6   74s
  1136  1298    0.00000  378  567 7858286.35    0.00000   100%  13.2   77s
  1297  1560 9739.37106  424  557 7858286.35    0.00000   100%  13.0   82s
  1559  1734 91922.9442  535  539 7858286.35    0.00000   100%  11.4   85s
H 1750  1890                    7111098.6829    0.00000   100%  11.7   88s
  1889  1945 216566.050  712  526 7111098.68    0.00000   100%  12.1   91s
H 1944  2128                    7054800.2000    0.00000   100%  13.2   95s
H 2014  2128                    5678350.1017    0.00000   100%  13.6   95s
H 2111  2128                    5646926.7835    0.00000   100%  13.2   95s
  2373  2602 418250.520  886  513 5646926.78    0.00000   100%  12.9  103s
  2601  2785 481850.119  977  516 5646926.78    0.00000   100%  13.2  107s
  2784  2917 566965.168 1044  511 5646926.78    0.00000   100%  13.4  110s
  3121  3340 658449.795 1150  505 5646926.78    0.00000   100%  14.9  118s
  3339  3651 779798.877 1225  498 5646926.78    0.00000   100%  15.2  121s
  3651  3652    0.00000   70  169 5646926.78    0.00000   100%  15.0  131s
  3653  3653 278359.785  673  218 5646926.78    0.00000   100%  15.0  137s
H 3653  3470                    3951141.8488    0.00000   100%  15.0  142s
  3654  3471 346462.250  717  258 3951141.85    0.00000   100%  15.0  145s
H 3657  3299                    3358949.4003    0.00000   100%  15.0  153s
H 3659  3135                    3047034.9027    0.00000   100%  15.0  157s
  3662  3137    0.00000   91  270 3047034.90    0.00000   100%  14.9  160s
  3663  3138 536401.803 1022  269 3047034.90    0.00000   100%  14.9  165s
H 3663  2981                    2907047.6862    0.00000   100%  14.9  167s
  3665  2985    0.00000   13  667 2907047.69    0.00000   100%  16.9  170s
  3694  3005    0.00000   21  659 2907047.69    0.00000   100%  16.8  176s
  3715  3055    0.00000   25  655 2907047.69    0.00000   100%  16.7  181s
  3753  3111    0.00000   29  651 2907047.69    0.00000   100%  16.5  188s
  3822  3268    0.00000   48  629 2907047.69    0.00000   100%  16.3  196s
  4002  3332    0.00000   91  627 2907047.69    0.00000   100%  16.1  206s
  4126  3348    0.00000  130  573 2907047.69    0.00000   100%  16.3  212s
  4183  3367    0.00000  154  549 2907047.69    0.00000   100%  17.1  221s
  4221  3413    0.00000  159  545 2907047.69    0.00000   100%  17.6  229s
  4280  3422    0.00000  181  546 2907047.69    0.00000   100%  19.2  236s
  4309  3466    0.00000  190  533 2907047.69    0.00000   100%  20.2  245s
  4362  3481    0.00000  201  539 2907047.69    0.00000   100%  21.2  252s
  4397  3596    0.00000  212  546 2907047.69    0.00000   100%  22.8  260s
  4524  3817 11895.1781  268  552 2907047.69    0.00000   100%  23.7  272s
  4787  4206 17359.5883  387  527 2907047.69    0.00000   100%  23.2  284s
H 5125  3944                    2879923.3849    0.00000   100%  21.9  284s
  5264  4475 18065.4850  522  524 2879923.38    0.00000   100%  21.4  295s
  5842  4629 19462.0653  668  526 2879923.38    0.00000   100%  19.6  303s
  6188  5139 19581.5016  734  524 2879923.38    0.00000   100%  18.6  311s
  6814  5319 40208.2060  907  514 2879923.38    0.00000   100%  17.2  317s
  7202  5350 31387.3289  999  494 2879923.38    0.00000   100%  16.5  321s
  7363  5622 38881.8228 1040  488 2879923.38    0.00000   100%  16.3  326s
  7688  5760 40877.1840 1124  480 2879923.38    0.00000   100%  15.8  331s
  7935  6062 44589.6371 1185  479 2879923.38    0.00000   100%  15.5  338s
  8319  6353 42697.8949 1290  477 2879923.38    0.00000   100%  15.0  344s
H 8579  6125                    2843050.6112    0.00000   100%  14.6  344s
  8738  6401 47006.9227 1406  481 2843050.61    0.00000   100%  14.5  350s
  9067  6562 44421.4233 1471  476 2843050.61    0.00000   100%  14.1  356s
  9337  6912 44864.5346 1519  477 2843050.61    0.00000   100%  13.7  363s
H 9657  6670                    2836201.3991    0.00000   100%  13.4  363s
  9777  6990 47038.6759 1641  475 2836201.40    0.00000   100%  13.2  368s
 10137  7164 48626.9069 1725  477 2836201.40    0.00000   100%  12.9  373s
 10431  7441 50346.5090 1800  472 2836201.40    0.00000   100%  12.7  380s
 10806  7746 52662.6424 1907  472 2836201.40    0.00000   100%  12.5  385s
H11076  7571                    2770215.3319    0.00000   100%  12.2  385s
H11173  7571                    2747807.2960    0.00000   100%  12.2  385s
 11236  8033 55775.4254 2011  466 2747807.30    0.00000   100%  12.2  392s
 11698  8372 60967.8632 2108  466 2747807.30    0.00000   100%  11.9  399s
 12037  8778 61120.1500 2149  470 2747807.30    0.00000   100%  11.8  405s
H12278  8778                    2683222.7855    0.00000   100%  11.7  405s
 12443  9240 62749.9109 2224  465 2683222.79    0.00000   100%  11.7  412s
 12905  9610 69680.9307 2321  458 2683222.79    0.00000   100%  11.5  419s
 13275 10024 76222.2272 2379  456 2683222.79    0.00000   100%  11.4  425s
 13689 10372 77053.6581 2473  456 2683222.79    0.00000   100%  11.3  431s
 14037 10683 80729.0719 2559  458 2683222.79    0.00000   100%  11.2  437s
 14348 10973 81095.6306 2624  456 2683222.79    0.00000   100%  11.2  456s
 14638 11215 86996.6768 2624  469 2683222.79    0.00000   100%  11.0  463s
H14762 11215                    2621504.5624    0.00000   100%  11.0  463s
 14880 11754 81329.2582 2680  456 2621504.56    0.00000   100%  10.9  471s
 15419 12239 87013.8770 2794  468 2621504.56    0.00000   100%  10.8  477s
 15904 12664 87040.0137 2907  466 2621504.56    0.00000   100%  10.7  482s
 16329 13060 82611.5036 3009  456 2621504.56    0.00000   100%  10.6  487s
H16698 13060                    2590209.2153    0.00000   100%  10.6  487s
 16725 13432 85542.0348 3111  462 2590209.22    0.00000   100%  10.6  493s
 17097 13931 88056.4305 3184  459 2590209.22    0.00000   100%  10.5  498s
 17596 14406 87859.6380 3308  459 2590209.22    0.00000   100%  10.3  503s
 18071 14664 87187.9165 3433  458 2590209.22    0.00000   100%  10.2  509s
 18329 15002 87500.7661 3518  458 2590209.22    0.00000   100%  10.1  515s
 18667 15522 88066.6298 3586  457 2590209.22    0.00000   100%  10.0  522s
 19187 15837 97426.9309 3702  455 2590209.22    0.00000   100%   9.9  527s
H19501 15837                    2525833.1990    0.00000   100%   9.8  527s
H19502 15839                    1961513.2437    0.00000   100%   9.8  545s
 19504 16140 124870.671 3751  472 1961513.24    0.00000   100%   9.8  551s
H19637 16140                    1961513.1551    0.00000   100%   9.8  551s
 19805 16315 123051.388 3818  452 1961513.16    0.00000   100%   9.8  557s
 19980 16819 127411.776 3860  462 1961513.16    0.00000   100%   9.7  563s
 20484 17353 126578.199 3963  455 1961513.16    0.00000   100%   9.6  570s
 21018 17686 136712.620 4068  464 1961513.16    0.00000   100%   9.4  575s
 21351 17872 132817.039 4149  457 1961513.16    0.00000   100%   9.4  580s
 21537 18183 135230.017 4204  457 1961513.16    0.00000   100%   9.4  585s
 21848 18545 138252.462 4294  458 1961513.16    0.00000   100%   9.4  591s
 22210 18858 152959.580 4400  467 1961513.16    0.00000   100%   9.4  595s
 22523 19182 152763.497 4493  447 1961513.16    0.00000   100%   9.5  600s
 22847 19485 154060.976 4582  448 1961513.16    0.00000   100%   9.5  605s
 23150 19812 155619.518 4667  447 1961513.16    0.00000   100%   9.6  610s
 23599 20268 157816.737 4791  448 1961513.16    0.00000   100%   9.6  619s
 23933 20588 159589.970 4886  449 1961513.16    0.00000   100%   9.6  624s
 24253 20934 161842.118 4982  447 1961513.16    0.00000   100%   9.6  628s
 24599 21273 166216.556 5091  449 1961513.16    0.00000   100%   9.7  633s
 24938 21570 174208.001 5192  455 1961513.16    0.00000   100%   9.7  637s
 25235 21942 173512.048 5280  453 1961513.16    0.00000   100%   9.7  641s
 25607 21951 171546.752 5401  444 1961513.16    0.00000   100%   9.7  662s
 25616 22153 171972.938 5403  445 1961513.16    0.00000   100%   9.7  667s
 25818 22365 172179.779 5450  443 1961513.16    0.00000   100%   9.7  673s
 26030 22614 198051.344 5525  478 1961513.16    0.00000   100%   9.7  678s
 26279 22905 182969.485 5587  443 1961513.16    0.00000   100%   9.8  682s
 26570 23136 193944.434 5667  469 1961513.16    0.00000   100%   9.9  686s
 26801 23394 184030.453 5748  445 1961513.16    0.00000   100%   9.9  691s
 27059 23668 184470.956 5819  445 1961513.16    0.00000   100%  10.0  695s
 27592 24075 185373.580 5970  446 1961513.16    0.00000   100%  10.2  703s
 27740 24354 194023.354 6009  469 1961513.16    0.00000   100%  10.2  707s
 28019 24587 192978.937 6089  464 1961513.16    0.00000   100%  10.2  711s
 28252 24885 190658.410 6162  459 1961513.16    0.00000   100%  10.2  716s
 28550 25259 196262.305 6262  458 1961513.16    0.00000   100%  10.2  723s
 28924 25666 192067.909 6366  449 1961513.16    0.00000   100%  10.2  729s
 29331 26028 196277.952 6479  455 1961513.16    0.00000   100%  10.1  734s
 29693 26291 192801.958 6575  448 1961513.16    0.00000   100%  10.1  739s
 29956 26702 196409.393 6632  455 1961513.16    0.00000   100%  10.1  745s
 30367 27074 196909.375 6747  453 1961513.16    0.00000   100%  10.0  751s
 30739 27500 194343.383 6847  446 1961513.16    0.00000   100%  10.0  757s
 31165 27824 194740.635 6961  446 1961513.16    0.00000   100%   9.9  763s
 31489 28198 196961.642 7075  449 1961513.16    0.00000   100%   9.9  769s
 31863 28536 196250.483 7164  449 1961513.16    0.00000   100%   9.8  774s
 32201 28770 215063.567 7248  464 1961513.16    0.00000   100%   9.8  779s
 32435 28794 232868.033 7312  463 1961513.16    0.00000   100%   9.9  783s
H32453 28794                    1954782.3825    0.00000   100%   9.9  783s
 32459 28931 233158.589 7318  460 1954782.38    0.00000   100%   9.9  788s
 32596 29221 239875.986 7350  463 1954782.38    0.00000   100%   9.9  794s
 32886 29223 240698.516 7418  440 1954782.38    0.00000   100%   9.9  819s
 32888 29350 252491.063 7418  464 1954782.38    0.00000   100%   9.9  823s
 33015 29679 245268.362 7433  458 1954782.38    0.00000   100%   9.9  828s
 33344 29994 242588.634 7503  438 1954782.38    0.00000   100%   9.9  833s
 33659 30157 258295.634 7578  436 1954782.38    0.00000   100%   9.9  837s
 33822 30354 281193.142 7638  490 1954782.38    0.00000   100%   9.9  842s
 34019 30492 278139.555 7698  433 1954782.38    0.00000   100%  10.1  845s
 34352 30932 282689.873 7797  446 1954782.38    0.00000   100%  10.3  852s
 34597 31178 283586.440 7856  432 1954782.38    0.00000   100%  10.4  858s
 34843 31395 283711.381 7903  432 1954782.38    0.00000   100%  10.4  862s
 35060 31658 291020.396 7931  490 1954782.38    0.00000   100%  10.5  867s
 35323 31933 283988.218 7985  432 1954782.38    0.00000   100%  10.5  871s
 35598 32034 284154.702 8041  432 1954782.38    0.00000   100%  10.6  876s
 35699 32323 285000.334 8061  437 1954782.38    0.00000   100%  10.6  880s
 36255 32902 285434.194 8174  436 1954782.38    0.00000   100%  10.7  889s
 36567 33220 285701.858 8236  437 1954782.38    0.00000   100%  10.7  894s
 36885 33513 291668.966 8300  485 1954782.38    0.00000   100%  10.7  899s
 37178 33835 286282.927 8360  439 1954782.38    0.00000   100%  10.8  904s
 37500 34137 287487.400 8427  444 1954782.38    0.00000   100%  10.8  909s
 37802 34323 288310.709 8499  434 1954782.38    0.00000   100%  10.8  914s
 37988 34659 288466.557 8541  436 1954782.38    0.00000   100%  10.8  919s
 38324 35009 288760.640 8612  435 1954782.38    0.00000   100%  10.8  924s
 38674 35368 293400.033 8695  470 1954782.38    0.00000   100%  10.8  930s
 39033 35744 289347.958 8772  438 1954782.38    0.00000   100%  10.8  935s
 39409 36120 289722.709 8860  438 1954782.38    0.00000   100%  10.8  940s
 39785 36466 290003.952 8950  441 1954782.38    0.00000   100%  10.8  946s
 40131 36738 290388.671 9034  440 1954782.38    0.00000   100%  10.8  952s
 40403 37162 293468.616 9068  445 1954782.38    0.00000   100%  10.8  958s
 40827 37406 291049.925 9172  442 1954782.38    0.00000   100%  10.7  987s
 41071 37650 298215.744 9235  457 1954782.38    0.00000   100%  10.7  991s
 41315 38066 291691.217 9315  438 1954782.38    0.00000   100%  10.7  997s
 41731 38441 298527.486 9418  431 1954782.38    0.00000   100%  10.6 1002s
 42106 38861 314340.105 9490  431 1954782.38    0.00000   100%  10.6 1007s
 42526 39158 329477.031 9571  428 1954782.38    0.00000   100%  10.6 1013s
 42823 39643 329864.713 9608  428 1954782.38    0.00000   100%  10.6 1019s
 43308 39793 331418.179 9722  427 1954782.38    0.00000   100%  10.6 1025s
 43458 40187 340621.826 9753  435 1954782.38    0.00000   100%  10.6 1031s
 43852 40638 348890.235 9851  449 1954782.38    0.00000   100%  10.6 1037s
 44303 41098 344408.834 9972  425 1954782.38    0.00000   100%  10.6 1043s
 44763 41436 354792.637 10100  436 1954782.38    0.00000   100%  10.6 1049s
 45101 41745 355851.145 10160  423 1954782.38    0.00000   100%  10.6 1054s
 45410 41962 372209.626 10207  508 1954782.38    0.00000   100%  10.6 1058s
 45627 42204 356328.489 10244  423 1954782.38    0.00000   100%  10.6 1063s
 45869 42364 356567.140 10284  425 1954782.38    0.00000   100%  10.6 1067s
 46029 42648 356646.919 10308  425 1954782.38    0.00000   100%  10.7 1071s
 46313 42939 356966.124 10356  430 1954782.38    0.00000   100%  10.7 1075s
 46859 43471 357908.168 10456  431 1954782.38    0.00000   100%  10.8 1082s
 47136 43730 358330.493 10507  430 1954782.38    0.00000   100%  10.8 1086s
 47395 44019 358682.535 10555  433 1954782.38    0.00000   100%  10.8 1090s
 47684 44213 359081.268 10607  434 1954782.38    0.00000   100%  10.9 1096s
 47878 44482 363702.492 10665  428 1954782.38    0.00000   100%  10.9 1101s
 48147 44704 363883.203 10721  430 1954782.38    0.00000   100%  10.9 1106s
 48369 44906 364086.565 10782  430 1954782.38    0.00000   100%  10.9 1110s
 48829 45396 364714.892 10902  429 1954782.38    0.00000   100%  11.0 1117s
 49061 45821 364949.684 10967  432 1954782.38    0.00000   100%  11.0 1123s
 49486 45937 371246.863 11038  473 1954782.38    0.00000   100%  11.0 1127s
 49602 46188 375307.562 11071  485 1954782.38    0.00000   100%  11.0 1132s
 49853 46500 365903.427 11140  427 1954782.38    0.00000   100%  11.0 1137s
 50165 46808 366323.020 11231  429 1954782.38    0.00000   100%  11.0 1143s
 50473 47107 370824.703 11317  441 1954782.38    0.00000   100%  11.0 1148s
 50772 47109 381954.993 11382  489 1954782.38    0.00000   100%  11.0 1171s
 50774 47252 393003.472 11382  513 1954782.38    0.00000   100%  11.0 1176s
 50917 47436 389159.640 11382  478 1954782.38    0.00000   100%  11.0 1180s
 51274 47883 393129.742 11382  509 1954782.38    0.00000   100%  11.0 1189s
 51548 48037 389152.340 11380  478 1954782.38    0.00000   100%  11.1 1194s
 51702 48143 372101.451 11382  447 1954782.38    0.00000   100%  11.1 1197s
 51808 48206 393203.777 11382  509 1954782.38    0.00000   100%  11.2 1201s
 51871 48292 393086.059 11380  509 1954782.38    0.00000   100%  11.3 1205s
 52016 48429 423435.277 11382  524 1954782.38    0.00000   100%  11.5 1212s
 52094 48504 423475.035 11382  523 1954782.38    0.00000   100%  11.6 1215s
 52282 48820 450522.301 11382  522 1954782.38    0.00000   100%  11.8 1223s
 52485 49118 449494.737 11382  455 1954782.38    0.00000   100%  11.8 1229s
 52783 49316 488394.518 11382  453 1954782.38    0.00000   100%  11.8 1235s
 53134 49507 410775.003 11381  521 1954782.38    0.00000   100%  11.9 1243s
 53172 49655 410732.389 11380  522 1954782.38    0.00000   100%  12.0 1247s
 53320 49947 431323.494 11381  520 1954782.38    0.00000   100%  12.1 1254s
 53612 50348 3701.03770  193  565 1954782.38    0.00000   100%  12.1 1262s
 54013 50708 32147.3863  310  534 1954782.38    0.00000   100%  12.0 1268s
 54373 50998 21440.5092  386  527 1954782.38    0.00000   100%  12.0 1275s
 54663 51158 22275.8307  467  517 1954782.38    0.00000   100%  12.0 1280s
 54823 51311 22723.8268  489  524 1954782.38    0.00000   100%  12.1 1285s
 55216 51873 42040.2904  564  513 1954782.38    0.00000   100%  12.1 1294s
 55538 51995 47788.6893  654  486 1954782.38    0.00000   100%  12.0 1301s
 55660 52310 40047.6576  683  484 1954782.38    0.00000   100%  12.0 1306s
 55975 52312 43822.3763  774  487 1954782.38    0.00000   100%  12.0 1322s
 55977 52573 42277.8688  774  481 1954782.38    0.00000   100%  12.0 1326s
 56238 52835 45500.2586  857  484 1954782.38    0.00000   100%  12.0 1330s
 56500 53109 43611.5653  937  483 1954782.38    0.00000   100%  12.0 1335s
 57003 53719 51225.3072 1124  467 1954782.38    0.00000   100%  12.0 1346s
 57384 54214 60741.9805 1256  458 1954782.38    0.00000   100%  12.0 1352s
 57879 54413 63850.7705 1383  468 1954782.38    0.00000   100%  12.0 1358s
 58078 54796 62124.9734 1426  443 1954782.38    0.00000   100%  12.0 1364s
 58461 55107 62774.5762 1534  446 1954782.38    0.00000   100%  12.0 1371s
 58772 55523 64145.0917 1622  442 1954782.38    0.00000   100%  12.0 1378s
 59188 55870 66913.1511 1734  457 1954782.38    0.00000   100%  12.0 1382s
 59535 56188 66757.7155 1810  441 1954782.38    0.00000   100%  12.0 1388s
 59853 56558 67061.3434 1871  443 1954782.38    0.00000   100%  12.0 1395s
 60223 56802 67395.4627 1937  445 1954782.38    0.00000   100%  12.0 1402s
 60467 57185 67813.3260 2001  441 1954782.38    0.00000   100%  12.0 1408s
 60850 57521 74052.3104 2072  479 1954782.38    0.00000   100%  12.0 1430s
 61186 57706 68996.0286 2141  461 1954782.38    0.00000   100%  12.0 1436s
 61371 58056 74230.0872 2172  475 1954782.38    0.00000   100%  12.0 1441s
 61721 58340 69444.0958 2246  441 1954782.38    0.00000   100%  12.0 1447s
 62005 58671 70188.1664 2313  442 1954782.38    0.00000   100%  12.1 1453s
 62336 58962 72021.7400 2396  463 1954782.38    0.00000   100%  12.1 1458s
 62627 59164 71238.4373 2472  441 1954782.38    0.00000   100%  12.1 1462s
 62829 59537 74770.9659 2525  467 1954782.38    0.00000   100%  12.1 1468s
 63202 59891 72416.4264 2626  460 1954782.38    0.00000   100%  12.1 1474s
 63556 60275 72826.5771 2722  442 1954782.38    0.00000   100%  12.1 1480s
 63940 60695 73663.6706 2825  459 1954782.38    0.00000   100%  12.1 1487s
 64360 61161 74517.3016 2934  455 1954782.38    0.00000   100%  12.1 1494s
 64826 61554 75573.0787 3056  446 1954782.38    0.00000   100%  12.1 1500s
 65219 62001 76149.9986 3126  460 1954782.38    0.00000   100%  12.0 1507s
 65666 62463 76751.6435 3241  442 1954782.38    0.00000   100%  12.0 1512s
 66128 62719 77835.0186 3349  438 1954782.38    0.00000   100%  12.0 1529s
 66384 63021 78986.2766 3413  463 1954782.38    0.00000   100%  12.0 1535s
 66686 63421 78886.5275 3480  437 1954782.38    0.00000   100%  12.0 1541s
 67086 63616 79668.6460 3577  439 1954782.38    0.00000   100%  12.0 1547s
 67281 64019 84222.6654 3621  463 1954782.38    0.00000   100%  12.0 1553s
 67684 64409 81402.8837 3722  437 1954782.38    0.00000   100%  12.0 1559s
 68074 64878 82469.7642 3820  449 1954782.38    0.00000   100%  12.0 1566s
 68543 65186 83283.3707 3938  437 1954782.38    0.00000   100%  12.0 1571s
 68851 65614 83696.9591 4014  437 1954782.38    0.00000   100%  12.0 1577s
 69279 66050 84473.8431 4107  437 1954782.38    0.00000   100%  12.0 1582s
 69715 66251 85945.4874 4200  455 1954782.38    0.00000   100%  11.9 1587s
 69916 66711 91637.3457 4242  469 1954782.38    0.00000   100%  11.9 1594s
 70376 67100 86206.7398 4342  440 1954782.38    0.00000   100%  11.9 1600s
 70765 67495 86762.3295 4442  440 1954782.38    0.00000   100%  11.9 1606s
 71160 67825 87656.4595 4552  437 1954782.38    0.00000   100%  11.9 1632s
 71490 67964 91317.3331 4636  456 1954782.38    0.00000   100%  11.9 1637s
 71629 68300 95404.7656 4673  457 1954782.38    0.00000   100%  11.9 1642s
 71965 68576 92213.1367 4761  438 1954782.38    0.00000   100%  11.9 1647s
 72241 68865 92518.3609 4827  439 1954782.38    0.00000   100%  11.9 1652s
 72530 69181 92821.2327 4894  438 1954782.38    0.00000   100%  11.9 1657s
 72846 69449 93109.4373 4969  438 1954782.38    0.00000   100%  12.0 1662s
 73114 69756 99265.6508 5037  470 1954782.38    0.00000   100%  12.0 1667s
 73421 70032 93720.9949 5112  438 1954782.38    0.00000   100%  12.0 1673s
 73697 70320 93961.4562 5175  439 1954782.38    0.00000   100%  12.0 1678s
 73985 70654 94270.0143 5243  438 1954782.38    0.00000   100%  12.0 1684s
 74319 71068 95090.6413 5324  458 1954782.38    0.00000   100%  12.1 1690s
 74733 71290 96128.0147 5432  436 1954782.38    0.00000   100%  12.1 1695s
 74955 71636 97433.5443 5468  436 1954782.38    0.00000   100%  12.1 1700s
 75301 71999 100152.639 5550  459 1954782.38    0.00000   100%  12.1 1705s
 75664 72321 98146.0245 5637  436 1954782.38    0.00000   100%  12.1 1711s
 75986 72644 102094.463 5715  465 1954782.38    0.00000   100%  12.1 1716s
 76309 72806 105124.389 5795  454 1954782.38    0.00000   100%  12.1 1742s
 76471 73115 99114.1202 5840  437 1954782.38    0.00000   100%  12.1 1748s
 76780 73358 99449.5345 5918  437 1954782.38    0.00000   100%  12.1 1754s
 77023 73749 99629.8716 5958  437 1954782.38    0.00000   100%  12.1 1760s
 77414 74123 102254.698 6057  457 1954782.38    0.00000   100%  12.1 1766s
 77788 74566 102355.626 6151  450 1954782.38    0.00000   100%  12.1 1772s
 78231 74762 100931.649 6259  438 1954782.38    0.00000   100%  12.1 1777s
 78427 75206 102811.870 6310  453 1954782.38    0.00000   100%  12.1 1784s
 78871 75608 101708.833 6423  438 1954782.38    0.00000   100%  12.1 1790s
 79273 75955 106415.620 6522  436 1954782.38    0.00000   100%  12.1 1795s
 79620 76206 107083.001 6639  437 1954782.38    0.00000   100%  12.1 1800s
 80116 76661 114693.112 6793  473 1954782.38    0.00000   100%  12.1 1808s
 80326 76845 108498.900 6856  434 1954782.38    0.00000   100%  12.1 1812s
 80510 77062 115154.797 6923  473 1954782.38    0.00000   100%  12.1 1817s
 80727 77361 109585.641 6986  436 1954782.38    0.00000   100%  12.2 1822s
 81026 77640 112044.370 7076  439 1954782.38    0.00000   100%  12.2 1826s
 81305 77904 125255.862 7173  445 1954782.38    0.00000   100%  12.2 1849s
 81569 78000 126237.055 7256  431 1954782.38    0.00000   100%  12.2 1853s
 81665 78244 126417.241 7284  432 1954782.38    0.00000   100%  12.2 1857s
 81909 78500 126812.085 7359  433 1954782.38    0.00000   100%  12.3 1862s
 82165 78753 127328.544 7439  432 1954782.38    0.00000   100%  12.3 1867s
 82418 79030 132929.117 7517  456 1954782.38    0.00000   100%  12.3 1872s
 82695 79204 128247.875 7600  433 1954782.38    0.00000   100%  12.3 1876s
 82869 79495 128669.978 7640  432 1954782.38    0.00000   100%  12.3 1881s
 83160 79766 133282.857 7727  456 1954782.38    0.00000   100%  12.4 1887s
 83431 80073 129603.633 7809  432 1954782.38    0.00000   100%  12.4 1891s
 83738 80273 133343.556 7900  464 1954782.38    0.00000   100%  12.4 1896s
 83938 80624 130518.408 7940  433 1954782.38    0.00000   100%  12.4 1902s
 84289 80953 131303.786 8043  432 1954782.38    0.00000   100%  12.5 1908s
 84618 81336 131910.580 8138  431 1954782.38    0.00000   100%  12.5 1913s
 85001 81510 138323.918 8238  433 1954782.38    0.00000   100%  12.5 1919s
 85175 81952 139149.438 8289  437 1954782.38    0.00000   100%  12.5 1924s
 85617 82364 144823.427 8398  452 1954782.38    0.00000   100%  12.5 1929s
 86029 82812 142193.728 8501  440 1954782.38    0.00000   100%  12.5 1965s
 86477 83048 145775.010 8602  459 1954782.38    0.00000   100%  12.5 1970s
 86798 83435 149730.587 8701  467 1954782.38    0.00000   100%  12.4 2001s
 87100 83774 150620.529 8796  466 1954782.38    0.00000   100%  12.4 2007s
 87439 84018 150456.402 8911  436 1954782.38    0.00000   100%  12.5 2012s
 87683 84370 154533.045 8972  466 1954782.38    0.00000   100%  12.5 2017s
 88035 84676 151111.453 9078  434 1954782.38    0.00000   100%  12.5 2023s
 88341 85033 151410.312 9166  433 1954782.38    0.00000   100%  12.5 2027s
 88698 85274 151755.047 9263  432 1954782.38    0.00000   100%  12.6 2032s
 88939 85681 152036.177 9346  432 1954782.38    0.00000   100%  12.6 2038s
 89346 86051 156693.428 9449  471 1954782.38    0.00000   100%  12.6 2044s
 89716 86433 152791.393 9541  432 1954782.38    0.00000   100%  12.6 2050s
 90098 86782 153136.278 9637  433 1954782.38    0.00000   100%  12.6 2056s
 90447 87184 153421.746 9701  433 1954782.38    0.00000   100%  12.6 2064s
 90849 87645 157068.086 9795  452 1954782.38    0.00000   100%  12.6 2070s
 91310 87959 154726.520 9904  433 1954782.38    0.00000   100%  12.6 2077s
 91624 88280 158269.631 9950  465 1954782.38    0.00000   100%  12.6 2082s
 91945 88584 160447.180 10012  436 1954782.38    0.00000   100%  12.7 2088s
 92249 88887 161177.386 10095  435 1954782.38    0.00000   100%  12.7 2093s
 92552 89070 161709.340 10188  435 1954782.38    0.00000   100%  12.7 2097s
 92735 89274 170799.619 10229  498 1954782.38    0.00000   100%  12.8 2103s
 92939 89424 173081.277 10288  487 1954782.38    0.00000   100%  12.8 2108s
 93089 89679 174223.012 10332  466 1954782.38    0.00000   100%  12.8 2113s
 93344 90010 182032.834 10409  470 1954782.38    0.00000   100%  12.9 2119s
 93675 90288 181396.655 10517  442 1954782.38    0.00000   100%  12.9 2125s
 93953 90290 185614.349 10606  440 1954782.38    0.00000   100%  12.9 2147s
H93954 90290                    1837446.9136    0.00000   100%  12.9 2147s
 93955 90401 192802.623 10606  476 1837446.91    0.00000   100%  12.9 2152s
 94066 90601 189076.121 10635  475 1837446.91    0.00000   100%  13.0 2157s
 94266 90808 189027.567 10682  466 1837446.91    0.00000   100%  13.0 2163s
 94473 91041 189674.697 10738  446 1837446.91    0.00000   100%  13.0 2168s
 94706 91318 196155.203 10816  475 1837446.91    0.00000   100%  13.1 2172s
 94983 91652 190797.697 10899  442 1837446.91    0.00000   100%  13.1 2178s
 95317 91904 191346.278 10999  442 1837446.91    0.00000   100%  13.1 2183s
 95569 92201 191656.294 11051  442 1837446.91    0.00000   100%  13.1 2189s
 95866 92582 194615.612 11126  465 1837446.91    0.00000   100%  13.2 2194s
 96247 92936 205080.284 11229  466 1837446.91    0.00000   100%  13.2 2203s
 96601 93235 203956.592 11319  433 1837446.91    0.00000   100%  13.2 2208s
 96900 93426 226950.925 11382  525 1837446.91    0.00000   100%  13.3 2213s
 97091 93607 218441.312 11381  494 1837446.91    0.00000   100%  13.3 2217s
 97272 93783 224021.646 11382  525 1837446.91    0.00000   100%  13.4 2222s
 97448 93986 209047.130 11378  470 1837446.91    0.00000   100%  13.4 2227s
 97651 94145 218618.424 11382  509 1837446.91    0.00000   100%  13.4 2231s
 97810 94377 235904.101 11382  498 1837446.91    0.00000   100%  13.5 2236s
 98042 94607 247285.045 11382  503 1837446.91    0.00000   100%  13.5 2242s
 98272 94762 218027.712 11381  518 1837446.91    0.00000   100%  13.5 2247s
 98427 94960 222676.258 11381  521 1837446.91    0.00000   100%  13.6 2252s
 98625 95093 230030.894 11380  495 1837446.91    0.00000   100%  13.6 2257s
 98758 95314 226632.437 11382  524 1837446.91    0.00000   100%  13.6 2262s
 98979 95408 247193.024 11382  502 1837446.91    0.00000   100%  13.7 2285s
 99073 95502 244360.961 11382  497 1837446.91    0.00000   100%  13.7 2290s
 99302 95776 223859.934 11381  525 1837446.91    0.00000   100%  13.8 2298s
 99441 95980 231468.496 11382  498 1837446.91    0.00000   100%  13.8 2305s
 99780 96236 223922.833 11381  524 1837446.91    0.00000   100%  13.9 2314s
 99901 96358 242840.081 11382  500 1837446.91    0.00000   100%  14.0 2319s
 100023 96494 225453.282 11377  494 1837446.91    0.00000   100%  14.0 2324s
H100105 96494                    1837307.9205    0.00000   100%  14.1 2324s
 100159 96646 236859.845 11380  496 1837307.92    0.00000   100%  14.1 2329s
 100311 96744 223945.636 11379  525 1837307.92    0.00000   100%  14.2 2335s
 100409 96886 231175.063 11380  496 1837307.92    0.00000   100%  14.2 2340s
 100551 97061 231366.214 11381  495 1837307.92    0.00000   100%  14.3 2346s
 100726 97178 243236.823 11382  499 1837307.92    0.00000   100%  14.3 2351s
 100843 97396 243374.106 11381  499 1837307.92    0.00000   100%  14.4 2358s
 101061 97526 248513.058 11380  500 1837307.92    0.00000   100%  14.4 2363s
 101191 97635    0.00000  177  554 1837307.92    0.00000   100%  14.5 2369s
 101300 97709    0.00000  185  549 1837307.92    0.00000   100%  14.5 2374s
 101374 97844 3291.93621  195  559 1837307.92    0.00000   100%  14.6 2380s
 101509 97987    0.00000  215  540 1837307.92    0.00000   100%  14.6 2386s
 101652 98278 1229.45698  224  551 1837307.92    0.00000   100%  14.7 2396s
 101943 98621 17036.0794  335  530 1837307.92    0.00000   100%  14.7 2403s
 102286 98910 26982.7728  446  496 1837307.92    0.00000   100%  14.7 2409s
 102575 99206 30920.7777  539  492 1837307.92    0.00000   100%  14.7 2414s
 102871 99522 36505.4458  651  481 1837307.92    0.00000   100%  14.7 2423s
 103187 99858 42035.5439  755  462 1837307.92    0.00000   100%  14.7 2431s
 103525 100108 45966.0923  906  449 1837307.92    0.00000   100%  14.7 2436s
 103775 100389 49798.8272 1025  464 1837307.92    0.00000   100%  14.8 2444s
 104056 100494 50936.8740 1160  453 1837307.92    0.00000   100%  14.8 2466s
 104161 100739 52651.6054 1204  472 1837307.92    0.00000   100%  14.8 2472s
 104406 101155 51459.5286 1305  441 1837307.92    0.00000   100%  14.8 2480s
 104822 101499 52600.3860 1405  438 1837307.92    0.00000   100%  14.8 2487s
 105166 101927 55336.0406 1557  453 1837307.92    0.00000   100%  14.9 2495s
 105594 102432 60532.5995 1706  437 1837307.92    0.00000   100%  14.8 2504s
 106099 102744 62641.5905 1869  438 1837307.92    0.00000   100%  14.8 2510s
 106411 103173 63875.3192 1970  438 1837307.92    0.00000   100%  14.9 2518s
 106840 103596 66490.1113 2117  435 1837307.92    0.00000   100%  14.9 2527s
 107263 103998 74378.3383 2273  471 1837307.92    0.00000   100%  14.9 2535s
 107665 104413 77343.2353 2408  444 1837307.92    0.00000   100%  14.9 2543s
 108080 104854 84566.8457 2550  440 1837307.92    0.00000   100%  14.9 2550s
 108521 105270 85819.3740 2680  442 1837307.92    0.00000   100%  14.9 2557s
 108937 105798 86556.0153 2775  441 1837307.92    0.00000   100%  14.9 2579s
 109465 106330 87363.5410 2900  444 1837307.92    0.00000   100%  14.8 2588s
 109997 106887 88204.8690 3016  445 1837307.92    0.00000   100%  14.8 2595s
 110554 107488 89146.7691 3152  448 1837307.92    0.00000   100%  14.8 2604s
 111155 108076 92485.7862 3287  459 1837307.92    0.00000   100%  14.7 2613s
 111743 108394 91400.8878 3437  443 1837307.92    0.00000   100%  14.7 2620s
 112061 108917 92359.4651 3514  437 1837307.92    0.00000   100%  14.7 2626s
 112584 109536 95082.5835 3641  455 1837307.92    0.00000   100%  14.7 2634s
 113203 109607 99722.2722 3783  443 1837307.92    0.00000   100%  14.7 2641s
 113274 110064 100731.195 3801  440 1837307.92    0.00000   100%  14.7 2650s
 113731 110602 112379.565 3913  457 1837307.92    0.00000   100%  14.6 2658s
 114269 110724 108253.831 4036  431 1837307.92    0.00000   100%  14.6 2664s
 114391 111014 113169.880 4096  453 1837307.92    0.00000   100%  14.6 2688s
 114681 111405 111275.752 4169  444 1837307.92    0.00000   100%  14.6 2697s
 115072 111840 115154.933 4252  431 1837307.92    0.00000   100%  14.6 2703s
 115507 112312 122963.123 4336  466 1837307.92    0.00000   100%  14.6 2710s
 115979 112742 122990.689 4433  466 1837307.92    0.00000   100%  14.6 2716s
 116409 113138 116456.096 4530  433 1837307.92    0.00000   100%  14.6 2723s
 116805 113564 116890.658 4619  433 1837307.92    0.00000   100%  14.6 2730s
 117231 113963 117371.988 4715  430 1837307.92    0.00000   100%  14.6 2737s
 117630 114418 117796.896 4803  431 1837307.92    0.00000   100%  14.6 2745s
 118085 114792 118228.991 4900  431 1837307.92    0.00000   100%  14.6 2750s
 118459 115221 118616.384 4982  430 1837307.92    0.00000   100%  14.6 2756s
 118888 115617 119066.809 5079  431 1837307.92    0.00000   100%  14.6 2760s
 119284 116073 119566.996 5167  431 1837307.92    0.00000   100%  14.5 2766s
 119740 116097 120147.664 5268  433 1837307.92    0.00000   100%  14.5 2784s
 119764 116419 120148.742 5274  433 1837307.92    0.00000   100%  14.5 2791s
 120086 116904 120578.290 5349  433 1837307.92    0.00000   100%  14.5 2798s
 120571 117357 121165.345 5457  433 1837307.92    0.00000   100%  14.5 2805s
 121024 117866 124220.576 5556  455 1837307.92    0.00000   100%  14.5 2812s
 121533 118258 123952.070 5670  440 1837307.92    0.00000   100%  14.4 2818s
 121925 118547 129092.020 5776  451 1837307.92    0.00000   100%  14.4 2824s
 122214 118750 123718.889 5895  434 1837307.92    0.00000   100%  14.4 2828s
 122417 118973 127216.551 5951  434 1837307.92    0.00000   100%  14.4 2832s
 122640 119135 127504.380 6014  439 1837307.92    0.00000   100%  14.5 2838s
 122802 119373 132343.607 6049  483 1837307.92    0.00000   100%  14.5 2842s
 123040 119600 127987.233 6117  441 1837307.92    0.00000   100%  14.5 2847s
 123267 119841 128363.859 6181  442 1837307.92    0.00000   100%  14.5 2852s
 123508 119984 128647.120 6247  442 1837307.92    0.00000   100%  14.5 2856s
 123651 120242 135116.585 6284  461 1837307.92    0.00000   100%  14.5 2861s
 123909 120493 133426.761 6353  478 1837307.92    0.00000   100%  14.5 2866s
 124160 120769 133704.831 6424  478 1837307.92    0.00000   100%  14.6 2871s
 124694 121278 130226.494 6573  447 1837307.92    0.00000   100%  14.6 2896s
 124945 121432 137345.638 6643  504 1837307.92    0.00000   100%  14.6 2901s
 125099 121689 131213.504 6696  450 1837307.92    0.00000   100%  14.6 2908s
 125356 121843 131554.203 6766  449 1837307.92    0.00000   100%  14.6 2913s
 125510 122169 131745.365 6808  449 1837307.92    0.00000   100%  14.6 2919s
 125836 122464 132325.718 6900  448 1837307.92    0.00000   100%  14.6 2924s
 126131 122766 132959.079 6980  444 1837307.92    0.00000   100%  14.6 2928s
 126433 123064 136919.316 7071  461 1837307.92    0.00000   100%  14.6 2934s
 126731 123416 137064.646 7161  455 1837307.92    0.00000   100%  14.6 2939s
 127083 123754 137206.204 7262  450 1837307.92    0.00000   100%  14.6 2945s
 127421 123963 137253.172 7364  448 1837307.92    0.00000   100%  14.6 2951s
 127630 124307 137265.821 7429  447 1837307.92    0.00000   100%  14.6 2958s
 127974 124694 137296.742 7529  446 1837307.92    0.00000   100%  14.6 2964s
 128361 124986 139142.573 7644  452 1837307.92    0.00000   100%  14.6 2968s
 128653 125361 146366.355 7718  465 1837307.92    0.00000   100%  14.6 2974s
 129028 125679 147343.798 7821  437 1837307.92    0.00000   100%  14.6 2978s
 129346 125979 153563.212 7905  488 1837307.92    0.00000   100%  14.6 2984s
 129646 126305 150656.276 7999  437 1837307.92    0.00000   100%  14.6 2990s
 129972 126307 151632.958 8081  439 1837307.92    0.00000   100%  14.6 3012s
 129974 126493 154115.727 8081  447 1837307.92    0.00000   100%  14.6 3018s
 130160 126654 157121.399 8120  494 1837307.92    0.00000   100%  14.6 3024s
 130321 126956 152587.256 8159  438 1837307.92    0.00000   100%  14.6 3028s
 130623 127281 156152.419 8240  442 1837307.92    0.00000   100%  14.6 3035s
 130948 127556 159860.026 8331  440 1837307.92    0.00000   100%  14.6 3040s
 131223 127810 163159.158 8406  455 1837307.92    0.00000   100%  14.7 3046s
 131477 128045 167900.671 8459  447 1837307.92    0.00000   100%  14.7 3052s
 131712 128304 169515.710 8505  447 1837307.92    0.00000   100%  14.7 3056s
 131971 128464 173735.316 8557  438 1837307.92    0.00000   100%  14.7 3060s
 132131 128716 174102.074 8598  436 1837307.92    0.00000   100%  14.7 3066s
 132383 128987 174413.596 8642  435 1837307.92    0.00000   100%  14.8 3070s
 132654 129206 174618.078 8685  437 1837307.92    0.00000   100%  14.8 3075s
 132873 129478 175628.330 8733  433 1837307.92    0.00000   100%  14.8 3081s
 133145 129750 175861.590 8777  436 1837307.92    0.00000   100%  14.8 3087s
 133417 130090 182588.781 8817  496 1837307.92    0.00000   100%  14.8 3093s
 133757 130432 177452.394 8867  439 1837307.92    0.00000   100%  14.8 3099s
 134099 130757 189379.550 8921  499 1837307.92    0.00000   100%  14.8 3105s
 134424 130976 184713.356 8985  443 1837307.92    0.00000   100%  14.8 3110s
 134643 131081 185194.685 9035  445 1837307.92    0.00000   100%  14.8 3115s
 134748 131283 190935.495 9060  503 1837307.92    0.00000   100%  14.9 3120s
 134950 131473 186175.980 9106  454 1837307.92    0.00000   100%  14.9 3145s
 135140 131616 191919.382 9153  508 1837307.92    0.00000   100%  14.9 3150s
 135283 131829 186622.463 9185  460 1837307.92    0.00000   100%  14.9 3156s
 135496 132029 187000.201 9233  459 1837307.92    0.00000   100%  14.9 3161s
 135696 132274 194616.759 9281  511 1837307.92    0.00000   100%  14.9 3166s
 135941 132498 192666.128 9334  507 1837307.92    0.00000   100%  15.0 3171s
 136165 132686 194650.237 9382  511 1837307.92    0.00000   100%  15.0 3176s
 136353 132917 187905.405 9415  468 1837307.92    0.00000   100%  15.0 3180s
 136584 133171 188152.489 9465  468 1837307.92    0.00000   100%  15.0 3185s
 136838 133408 188456.145 9520  466 1837307.92    0.00000   100%  15.0 3191s
 137075 133659 188738.258 9571  468 1837307.92    0.00000   100%  15.0 3196s
 137326 133887 189011.180 9625  469 1837307.92    0.00000   100%  15.0 3201s
 137554 134056 189253.848 9675  468 1837307.92    0.00000   100%  15.0 3207s
 137723 134302 189458.728 9710  471 1837307.92    0.00000   100%  15.0 3212s
 137969 134568 194787.624 9761  509 1837307.92    0.00000   100%  15.0 3217s
 138235 134822 190027.532 9818  475 1837307.92    0.00000   100%  15.0 3223s
 138489 135057 190358.513 9872  473 1837307.92    0.00000   100%  15.0 3228s
 138724 135320 190514.690 9911  471 1837307.92    0.00000   100%  15.1 3234s
 138987 135531 190869.923 9968  470 1837307.92    0.00000   100%  15.1 3240s
 139198 135781 191108.965 10013  473 1837307.92    0.00000   100%  15.1 3245s
 139448 136081 197719.043 10065  502 1837307.92    0.00000   100%  15.1 3250s
 139748 136364 198521.106 10133  521 1837307.92    0.00000   100%  15.1 3255s
 140031 136661 192284.543 10190  480 1837307.92    0.00000   100%  15.0 3277s
 140328 136941 192558.914 10249  483 1837307.92    0.00000   100%  15.0 3283s
 140608 137184 195465.346 10308  490 1837307.92    0.00000   100%  15.0 3289s
 140851 137554 196759.306 10381  510 1837307.92    0.00000   100%  15.0 3295s
 141221 137814 194028.577 10454  476 1837307.92    0.00000   100%  15.0 3301s
 141481 138082 198043.360 10529  467 1837307.92    0.00000   100%  15.1 3308s
 141749 138370 202983.945 10602  470 1837307.92    0.00000   100%  15.1 3312s
 142037 138558 205694.410 10668  458 1837307.92    0.00000   100%  15.1 3318s
 142225 138818 207886.633 10713  448 1837307.92    0.00000   100%  15.1 3324s
 142485 139071 210103.586 10773  441 1837307.92    0.00000   100%  15.2 3330s
 142738 139367 219785.901 10838  493 1837307.92    0.00000   100%  15.2 3336s
 143034 139683 221955.800 10916  430 1837307.92    0.00000   100%  15.2 3342s
 143350 139888 232649.637 11013  426 1837307.92    0.00000   100%  15.3 3348s
 143555 140143 233779.531 11072  425 1837307.92    0.00000   100%  15.3 3353s
 143810 140402 235395.571 11163  437 1837307.92    0.00000   100%  15.3 3358s
 144069 140666 236866.457 11251  431 1837307.92    0.00000   100%  15.3 3365s
 144333 140908 238543.344 11341  433 1837307.92    0.00000   100%  15.4 3371s
 144575 141055 245145.427 11379  471 1837307.92    0.00000   100%  15.4 3376s
 144722 141249 257169.649 11382  517 1837307.92    0.00000   100%  15.4 3382s
 144916 141434 262082.661 11382  516 1837307.92    0.00000   100%  15.5 3388s
 145101 141586 250889.489 11381  518 1837307.92    0.00000   100%  15.5 3395s
 145253 141831 270062.051 11382  502 1837307.92    0.00000   100%  15.5 3400s
 145498 141833 251638.882 11381  510 1837307.92    0.00000   100%  15.5 3420s
 145621 142148 268518.875 11382  519 1837307.92    0.00000   100%  15.6 3430s
 145815 142333 257443.953 11380  518 1837307.92    0.00000   100%  15.6 3435s
 146000 142490 251128.520 11377  516 1837307.92    0.00000   100%  15.6 3441s
 146157 142693 267934.701 11382  519 1837307.92    0.00000   100%  15.7 3447s
 146360 142939 277873.898 11381  506 1837307.92    0.00000   100%  15.7 3454s
 146606 143231 270380.636 11382  493 1837307.92    0.00000   100%  15.7 3461s
 146898 143544 279992.183 11382  515 1837307.92    0.00000   100%  15.8 3468s
 147211 143786 256407.430 11382  519 1837307.92    0.00000   100%  15.8 3473s
 147453 144148 276414.354 11382  511 1837307.92    0.00000   100%  15.8 3480s
 147815 144422 272708.664 11382  515 1837307.92    0.00000   100%  15.8 3486s
 148089 144856 277302.217 11382  502 1837307.92    0.00000   100%  15.9 3494s
 148523 145272 265424.758 11382  489 1837307.92    0.00000   100%  15.9 3501s
 148939 145607 276618.850 11379  503 1837307.92    0.00000   100%  15.9 3508s
 149274 145929 261416.158 11381  516 1837307.92    0.00000   100%  15.9 3515s
 149596 146291 266581.801 11379  520 1837307.92    0.00000   100%  15.9 3521s
 149958 146525 9416.17784  236  544 1837307.92    0.00000   100%  15.9 3527s
 150192 146963 12995.8744  270  542 1837307.92    0.00000   100%  15.9 3534s
 150630 146965 27926.8942  372  530 1837307.92    0.00000   100%  15.9 3555s
 150632 147111 34071.1219  372  531 1837307.92    0.00000   100%  15.9 3561s
 150778 147452 36711.7744  389  526 1837307.92    0.00000   100%  15.9 3569s
 151119 147918 45635.4962  435  511 1837307.92    0.00000   100%  15.9 3577s
 151585 148490 54928.3584  535  486 1837307.92    0.00000   100%  15.9 3589s
 152157 148856 62720.8485  660  448 1837307.92    0.00000   100%  15.8 3597s
 152523 148865 64985.4702  787  444 1837307.92    0.00000   100%  15.8 3600s

Cutting planes:
  RLT: 165

Explored 152532 nodes (2418876 simplex iterations) in 3600.66 seconds (2103.05 work units)
Thread count was 2 (of 24 available processors)

Solution count 10: 1.83731e+06 1.83745e+06 1.95478e+06 ... 2.77022e+06

Time limit reached
Best objective 1.837307920492e+06, best bound 0.000000000000e+00, gap 100.0000%
