
Gurobi 11.0.3 (linux64, Java) logging started sáb 23 nov 2024 11:56:43 -03

Set parameter Username
Academic license - for non-commercial use only - expires 2025-10-10
Set parameter NonConvex to value 2
Set parameter TimeLimit to value 3600
Set parameter LogToConsole to value 0
Set parameter MIPGap to value 1.0305790061187408e-08
Set parameter Threads to value 2
Set parameter NodefileDir to value "/home/ps12398/experiment_hosp/goalProgrammingMarcos/"
Set parameter NodefileStart to value 1
Gurobi Optimizer version 11.0.3 build v11.0.3rc0 (linux64)

CPU model: Intel(R) Xeon(R) CPU           X5650  @ 2.67GHz, instruction set [SSE2]
Thread count: 12 physical cores, 24 logical processors, using up to 2 threads

Optimize a model with 2176872 rows, 1457786 columns and 12056828 nonzeros
Model fingerprint: 0x2b36b86b
Model has 858 quadratic constraints
Variable types: 728468 continuous, 729318 integer (853 binary)
Coefficient statistics:
  Matrix range     [1e-03, 1e+07]
  QMatrix range    [1e-03, 2e+05]
  QLMatrix range   [1e+00, 2e+05]
  Objective range  [1e+00, 2e+08]
  Bounds range     [1e+00, 1e+08]
  RHS range        [1e+00, 1e+06]
  QRHS range       [5e-02, 5e-02]
Presolve removed 0 rows and 0 columns (presolve time = 5s) ...
Presolve removed 1 rows and 2 columns (presolve time = 11s) ...
Presolve removed 1445855 rows and 726758 columns (presolve time = 15s) ...
Presolve removed 2164492 rows and 1449741 columns (presolve time = 20s) ...
Presolve removed 2170289 rows and 1450194 columns (presolve time = 29s) ...
Presolve removed 2170286 rows and 1450192 columns
Presolve time: 28.80s
Presolved: 11940 rows, 9245 columns, 3606910 nonzeros
Presolved model has 2 SOS constraint(s)
Presolved model has 853 bilinear constraint(s)

Solving non-convex MIQCP

Variable types: 2962 continuous, 6283 integer (855 binary)
Found heuristic solution: objective 7.786138e+07

Root simplex log...

Iteration    Objective       Primal Inf.    Dual Inf.      Time
       0    0.0000000e+00   1.096886e+04   0.000000e+00     71s
    1028    0.0000000e+00   0.000000e+00   0.000000e+00     74s

Root relaxation: objective 0.000000e+00, 1028 iterations, 5.27 seconds (1.00 work units)
Total elapsed time = 74.49s (DegenMoves)
Total elapsed time = 89.32s (DegenMoves)
Total elapsed time = 94.48s (DegenMoves)

    Nodes    |    Current Node    |     Objective Bounds      |     Work
 Expl Unexpl |  Obj  Depth IntInf | Incumbent    BestBd   Gap | It/Node Time

     0     0    0.00000    0 1372 7.7861e+07    0.00000   100%     -   95s
     0     0    0.00000    0 1368 7.7861e+07    0.00000   100%     -  118s
H    0     0                    7.751667e+07    0.00000   100%     -  145s
     0     0 727432.892    0 1833 7.7517e+07 727432.892  99.1%     -  172s
     0     0 983739.168    0 1939 7.7517e+07 983739.168  98.7%     -  233s
     0     0 985607.397    0 1938 7.7517e+07 985607.397  98.7%     -  244s
     0     0 1029890.17    0 1928 7.7517e+07 1029890.17  98.7%     -  268s
     0     0 1032153.24    0 1941 7.7517e+07 1032153.24  98.7%     -  273s
     0     0 1032153.24    0 1941 7.7517e+07 1032153.24  98.7%     -  276s
     0     0 1034057.45    0 1944 7.7517e+07 1034057.45  98.7%     -  280s
     0     0 1035534.21    0 1944 7.7517e+07 1035534.21  98.7%     -  314s
H    0     0                    7.751664e+07 1035616.47  98.7%     -  377s
     0     2 1035616.47    0 1944 7.7517e+07 1035616.47  98.7%     -  392s
     1     4 1038184.14    1 1941 7.7517e+07 1035616.47  98.7%   7.0  395s
     5     8 1039018.76    3 1937 7.7517e+07 1035616.47  98.7%   3.8  401s
     9    12 1046087.53    4 1936 7.7517e+07 1037655.10  98.7%   4.3  408s
    11    14 1042943.93    5 1934 7.7517e+07 1038743.79  98.7%   4.1  411s
    15    18 1044001.67    6 1933 7.7517e+07 1039135.21  98.7%   4.5  416s
    17    20 1044389.21    7 1931 7.7517e+07 1039135.21  98.7%   4.1  420s
    21    24 1046485.37    8 1927 7.7517e+07 1039135.21  98.7%   4.3  427s
    23    26 1058826.85    8 1927 7.7517e+07 1039135.21  98.7%   4.5  430s
    27    30 1057595.44    9 1926 7.7517e+07 1039135.21  98.7%   4.4  440s
    31    34 1058462.34   10 1925 7.7517e+07 1039135.21  98.7%   4.5  446s
    35    38 1060060.54   11 1929 7.7517e+07 1039135.21  98.7%   5.1  452s
    37    42 1049549.44   12 1922 7.7517e+07 1039135.21  98.7%   5.2  457s
    41    45 1050763.71   13 1922 7.7517e+07 1039135.21  98.7%   5.9  467s
    44    48 1051347.59   14 1920 7.7517e+07 1039135.21  98.7%   5.9  471s
    49    54 1052648.93   16 1916 7.7517e+07 1039135.21  98.7%   6.3  480s
    53    57 1061159.98   17 1919 7.7517e+07 1039135.21  98.7%   6.6  487s
    56    59 1053091.46   17 1914 7.7517e+07 1039135.21  98.7%   6.6  500s
    58    62 1061322.03   18 1917 7.7517e+07 1039135.21  98.7%   6.7  506s
    61    66 1062911.40   19 1916 7.7517e+07 1039135.21  98.7%   7.0  512s
    65    70 1064122.84   20 1918 7.7517e+07 1039135.21  98.7%   7.0  519s
    69    74 1065447.17   21 1919 7.7517e+07 1039135.21  98.7%   7.1  525s
    73    79 1069733.92   22 1918 7.7517e+07 1039135.21  98.7%   7.1  535s
    78    84 1082051.42   23 1914 7.7517e+07 1039135.21  98.7%   7.1  541s
H   83    86                    7.748968e+07 1039135.21  98.7%   7.0  547s
    85    88 1072332.84   25 1913 7.7490e+07 1039135.21  98.7%   7.2  571s
H   86    88                    7.663029e+07 1039135.21  98.6%   7.2  571s
    87    93 1087438.39   25 1916 7.6630e+07 1039135.21  98.6%   7.3  576s
    92    99 1074889.91   27 1914 7.6630e+07 1039135.21  98.6%   7.3  584s
    98   106 1075062.03   29 1915 7.6630e+07 1039135.21  98.6%   7.2  591s
   105   113 1076825.59   31 1908 7.6630e+07 1039135.21  98.6%   7.4  600s
   112   116 1090641.42   33 1908 7.6630e+07 1039135.21  98.6%   7.3  608s
H  113   116                    7.645324e+07 1039135.21  98.6%   7.2  608s
   115   123 1081273.47   33 1906 7.6453e+07 1039135.21  98.6%   7.2  620s
   122   130 1083700.84   36 1900 7.6453e+07 1039135.21  98.6%   7.2  626s
   129   137 1085087.10   37 1898 7.6453e+07 1039135.21  98.6%   7.3  637s
   136   145 1095415.85   40 1899 7.6453e+07 1039135.21  98.6%   7.3  650s
   144   152 1091341.09   43 1892 7.6453e+07 1039135.21  98.6%   7.2  659s
   151   161 1092638.76   44 1890 7.6453e+07 1039135.21  98.6%   7.2  671s
   160   170 1101176.03   48 1892 7.6453e+07 1039135.21  98.6%   7.2  682s
H  169   175                    7.634217e+07 1039135.21  98.6%   7.1  694s
H  173   175                    7.607605e+07 1039135.21  98.6%   7.1  694s
   174   185 1120381.40   52 1885 7.6076e+07 1039135.21  98.6%   7.0  705s
   184   196 1126862.25   56 1880 7.6076e+07 1039135.21  98.6%   6.9  718s
   195   207 1135957.97   59 1877 7.6076e+07 1039135.21  98.6%   6.9  733s
   206   219 1151750.59   62 1873 7.6076e+07 1039135.21  98.6%   6.9  743s
   218   231 1153240.05   66 1874 7.6076e+07 1039135.21  98.6%   6.9  754s
   230   243 1164444.93   69 1873 7.6076e+07 1039135.21  98.6%   6.8  766s
   242   245 1173616.37   72 1871 7.6076e+07 1039135.21  98.6%   6.8  789s
   244   258 1177341.14   72 1865 7.6076e+07 1039135.21  98.6%   6.8  802s
   257   272 1192078.00   79 1862 7.6076e+07 1039135.21  98.6%   6.7  816s
   271   287 1204021.78   85 1852 7.6076e+07 1039135.21  98.6%   6.8  829s
   286   302 1222339.28   89 1848 7.6076e+07 1039135.21  98.6%   6.8  841s
   301   319 1251304.11   95 1841 7.6076e+07 1039135.21  98.6%   7.0  860s
   318   338 1269157.32   99 1834 7.6076e+07 1039135.21  98.6%   6.9  875s
   337   355 1291169.89  104 1829 7.6076e+07 1039135.21  98.6%   6.9  892s
   354   372 1314977.65  110 1823 7.6076e+07 1039135.21  98.6%   6.9  913s
   371   390 1337270.52  117 1816 7.6076e+07 1039135.21  98.6%   7.0  929s
   389   411 1363122.52  122 1810 7.6076e+07 1039135.21  98.6%   7.0  946s
   410   431 1394325.21  128 1806 7.6076e+07 1039135.21  98.6%   6.9  970s
   430   457 1426118.44  135 1798 7.6076e+07 1039135.21  98.6%   6.9  989s
   456   486 1474838.05  144 1780 7.6076e+07 1039135.21  98.6%   6.8 1006s
   485   508 1535577.56  156 1751 7.6076e+07 1039135.21  98.6%   6.8 1025s
   507   535 1576617.45  163 1738 7.6076e+07 1039135.21  98.6%   6.9 1051s
   534   558 1618421.73  172 1718 7.6076e+07 1039135.21  98.6%   7.0 1075s
H  538   558                    7.591614e+07 1039135.21  98.6%   7.0 1075s
   557   582 1665335.76  181 1702 7.5916e+07 1039135.21  98.6%   7.0 1100s
H  581   601                    7.584413e+07 1039135.21  98.6%   7.3 1125s
   600   624 1737418.93  194 1664 7.5844e+07 1039135.21  98.6%   8.0 1148s
H  623   629                    7.550578e+07 1039135.21  98.6%   8.7 1162s
   628   648 1768816.00  199 1655 7.5506e+07 1039135.21  98.6%   8.8 1183s
   647   665 1799825.11  204 1653 7.5506e+07 1039135.21  98.6%   9.5 1205s
H  651   665                    7.550578e+07 1039135.21  98.6%   9.8 1205s
H  659   665                    7.550528e+07 1039135.21  98.6%   9.9 1206s
   664   683 1838193.94  208 1641 7.5505e+07 1039135.21  98.6%  10.1 1226s
   682   717 1881051.25  213 1685 7.5505e+07 1039135.21  98.6%  10.8 1258s
H  685   717                    7.550524e+07 1039135.21  98.6%  10.8 1258s
H  702   717                    7.545734e+07 1039135.21  98.6%  10.7 1258s
   716   719 1954545.40  221 1675 7.5457e+07 1039135.21  98.6%  10.6 1275s
   718   752 1962445.88  222 1675 7.5457e+07 1039135.21  98.6%  10.6 1303s
H  728   752                    7.519294e+07 1039135.21  98.6%  10.5 1303s
   751   792 2026064.44  230 1664 7.5193e+07 1039135.21  98.6%  10.5 1337s
H  790   792                    7.511949e+07 1039135.21  98.6%  10.4 1337s
   791   832 2121561.46  241 1642 7.5119e+07 1039135.21  98.6%  10.4 1379s
   831   870 2215125.19  251 1629 7.5119e+07 1039135.21  98.6%  10.4 1421s
   869   911 2336203.90  260 1614 7.5119e+07 1039135.21  98.6%  10.3 1463s
H  875   911                    7.507015e+07 1039135.21  98.6%  10.3 1463s
H  896   911                    7.478583e+07 1039135.21  98.6%  10.2 1463s
   910   955 2424963.32  272 1597 7.4786e+07 1039135.21  98.6%  10.2 1499s
   954  1005 2557021.81  284 1578 7.4786e+07 1039135.21  98.6%  10.0 1548s
H  970  1005                    7.476925e+07 1039135.21  98.6%  10.0 1548s
  1004  1035 2671753.67  298 1557 7.4769e+07 1039135.21  98.6%   9.8 1581s
H 1034  1085                    7.462180e+07 1039135.21  98.6%   9.8 1627s
  1084  1139 2891553.58  318 1525 7.4622e+07 1039135.21  98.6%   9.8 1689s
H 1111  1139                    7.455359e+07 1039135.21  98.6%   9.7 1689s
H 1138  1175                    7.444358e+07 1039135.21  98.6%   9.6 1739s
  1174  1268 3125956.18  349 1467 7.4444e+07 1039135.21  98.6%   9.6 1790s
  1267  1390 3180321.20  392 1433 7.4444e+07 1039135.21  98.6%   9.1 1843s
  1389  1392 3180537.51  447 1433 7.4444e+07 1039135.21  98.6%   8.4 1875s
  1391  1501 3180538.31  448 1433 7.4444e+07 1039135.21  98.6%   8.4 1950s
H 1470  1501                    7.438090e+07 1039135.21  98.6%   8.0 1950s
H 1500  1613                    7.316078e+07 1039135.21  98.6%   7.9 2016s
  1612  1740 3200241.78  550 1420 7.3161e+07 1039135.21  98.6%   7.4 2050s
H 1739  1877                    7.301583e+07 1039135.21  98.6%   7.0 2108s
H 1876  1996                    7.069549e+07 1039135.21  98.5%   6.5 2181s
H 1995  2131                    7.067825e+07 1039135.21  98.5%   6.2 2247s
  2130  2147 3201771.37  834 1418 7.0678e+07 1039135.21  98.5%   5.9 2279s
H 2144  2147                    7.043619e+07 1039135.21  98.5%   5.8 2279s
  2146  2268 3201900.01  848 1419 7.0436e+07 1039135.21  98.5%   5.8 2381s
H 2170  2268                    7.022264e+07 1039135.21  98.5%   5.8 2381s
  2267  2395 3202511.43  912 1419 7.0223e+07 1039135.21  98.5%   5.6 2481s
  2394  2568 3203235.92  976 1416 7.0223e+07 1039135.21  98.5%   5.3 2552s
  2567  2707 3203832.72 1051 1416 7.0223e+07 1039135.21  98.5%   5.0 2627s
H 2631  2707                    7.019010e+07 1039135.21  98.5%   4.9 2627s
  2706  2848 3204341.45 1115 1416 7.0190e+07 1039135.21  98.5%   4.8 2703s
  2847  3020 3204684.26 1194 1415 7.0190e+07 1039135.21  98.5%   4.6 2763s
H 3019  3186                    7.016012e+07 1039135.21  98.5%   4.4 2833s
  3185  3266 3205259.22 1349 1416 7.0160e+07 1039135.21  98.5%   4.3 2878s
  3265  3415 3205819.70 1409 1415 7.0160e+07 1039135.21  98.5%   4.2 2939s
  3414  3601 3206832.56 1483 1408 7.0160e+07 1039135.21  98.5%   4.0 3020s
H 3495  3601                    7.005815e+07 1039135.21  98.5%   4.0 3020s
H 3600  3806                    7.004928e+07 1039135.21  98.5%   3.9 3111s
H 3805  3806                    4.963327e+07 1039135.21  97.9%   3.7 3203s
  3806  3807 1827984.26  207 2331 4.9633e+07 1039135.21  97.9%   3.7 3322s
  3807  3808 1686506.05  187 2331 4.9633e+07 1039135.21  97.9%   3.7 3348s
  3808  3808 3217020.16 1597 1118 4.9633e+07 1039135.21  97.9%   3.7 3356s
  3809  3809 3213055.36  998 1114 4.9633e+07 1168861.58  97.6%   3.7 3366s
  3810  3810 3213235.93 1054 1129 4.9633e+07 1260560.82  97.5%   3.7 3372s
  3813  3812 3214403.40 1348 1184 4.9633e+07 1308726.41  97.4%   3.7 3377s
  3818  3815 2700025.55  299 1190 4.9633e+07 1317396.14  97.3%   3.7 3380s
  3826  3820 3153091.40  351 1200 4.9633e+07 1353180.53  97.3%   3.7 3385s
  3830  3823 3205538.96 1378 1208 4.9633e+07 1384208.03  97.2%   3.7 3390s
  3834  3826 3210284.62  661 1214 4.9633e+07 1410317.07  97.2%   3.7 3396s
  3839  3829 3180816.62  479 1195 4.9633e+07 1431456.86  97.1%   3.7 3400s
  3845  3833 2652334.53  296 1203 4.9633e+07 1449741.02  97.1%   3.7 3405s
  3853  3838 3201062.70  738 1221 4.9633e+07 1472011.50  97.0%   3.7 3410s
  3859  3842 3204768.67 1201 1220 4.9633e+07 1487305.26  97.0%   3.7 3415s
  3864  3846 3207387.10  385 1239 4.9633e+07 1496294.54  97.0%   3.7 3420s
  3871  3850 3180498.59  399 1244 4.9633e+07 1509020.82  97.0%   3.7 3425s
  3876  3854 3214353.80 1334 1258 4.9633e+07 1514450.46  96.9%   3.7 3430s
  3883  3858 3207906.45 1552 1253 4.9633e+07 1527384.83  96.9%   3.7 3435s
  3891  3864 3207605.10  396 1265 4.9633e+07 1537364.67  96.9%   3.6 3440s
  3899  3869 3204590.49 1166 1278 4.9633e+07 1544557.90  96.9%   3.6 3445s
  3904  3872 2502123.80  280 1264 4.9633e+07 1546530.69  96.9%   3.6 3450s
  3910  3876 3213235.93 1054 1285 4.9633e+07 1548986.74  96.9%   3.6 3455s
  3918  3882 2700025.55  299 1264 4.9633e+07 1552550.40  96.9%   3.6 3460s
  3924  3886 3200336.34  571 1281 4.9633e+07 1557079.81  96.9%   3.6 3465s
  3932  3891 2431982.28  272 1300 4.9633e+07 1558611.71  96.9%   3.6 3470s
  3937  3894 1669166.08  181 1294 4.9633e+07 1559127.82  96.9%   3.6 3476s
H 3938  3698                    4.436009e+07 1560644.53  96.5%   3.6 3481s
  3946  3703 1561535.93   14 1310 4.4360e+07 1561535.93  96.5%   3.6 3485s
  3953  3708 3201062.70  738 1298 4.4360e+07 1564321.42  96.5%   3.6 3490s
  3962  3714 3206248.11 1432 1292 4.4360e+07 1567024.96  96.5%   3.6 3495s
  3971  3720 3180498.59  399 1306 4.4360e+07 1567696.71  96.5%   3.6 3500s
  3980  3726 3203728.77 1019 1316 4.4360e+07 1568343.14  96.5%   3.6 3505s
  3990  3733 1569570.13   12 1323 4.4360e+07 1569570.13  96.5%   3.6 3510s
  3998  3738 3213075.10 1006 1328 4.4360e+07 1570030.11  96.5%   3.5 3515s
  4006  3743 1827984.26  207 1329 4.4360e+07 1570402.19  96.5%   3.5 3520s
H 4010  3560                    2.642293e+07 1570402.19  94.1%  14.5 3525s
H 4010  3382                    2.564298e+07 1570402.19  93.9%  14.5 3527s
  4012  3383 3211628.39  805 1173 2.5643e+07 1570402.19  93.9%  14.5 3530s
  4015  3385 3205033.66 1286 1297 2.5643e+07 1570402.19  93.9%  14.5 3536s
  4018  3387 2700025.55  299 1314 2.5643e+07 1571794.07  93.9%  14.5 3540s
  4025  3392 2408706.69  270 1325 2.5643e+07 1572289.38  93.9%  14.5 3546s
  4032  3396 2431982.28  272 1317 2.5643e+07 1574675.31  93.9%  14.4 3550s
H 4033  3227                    2.550609e+07 1574761.51  93.8%  14.4 3553s
  4037  3230 1669166.08  181 1330 2.5506e+07 1574959.12  93.8%  14.4 3555s
  4043  3234 1618516.56  173 1302 2.5506e+07 1612435.09  93.7%  14.4 3561s
  4049  3238 3214013.41 1167 1311 2.5506e+07 1626453.68  93.6%  14.4 3566s
  4055  3242 3204461.02 1111 1319 2.5506e+07 1635457.39  93.6%  14.4 3570s
  4062  3246 3206248.11 1432 1328 2.5506e+07 1641622.69  93.6%  14.3 3575s
H 4065  3084                    2.528272e+07 1643346.10  93.5%  14.3 3580s
  4072  3089 3210587.51  695 1319 2.5283e+07 1646607.41  93.5%  14.3 3585s
  4079  3094 3200824.53  674 1327 2.5283e+07 1649349.86  93.5%  14.3 3590s
  4085  3098 3207733.38  410 1328 2.5283e+07 1649876.95  93.5%  14.3 3595s

Cutting planes:
  Gomory: 4
  Implied bound: 2
  MIR: 1290
  Mixing: 1
  StrongCG: 2
  Flow cover: 3320
  Zero half: 8
  RLT: 361

Explored 4094 nodes (88031 simplex iterations) in 3654.34 seconds (1061.07 work units)
Thread count was 2 (of 24 available processors)

Solution count 10: 2.52827e+07 2.55061e+07 2.5643e+07 ... 7.01901e+07

Time limit reached
Best objective 2.528272232308e+07, best bound 1.650686813909e+06, gap 93.4711%
