
Gurobi 11.0.3 (linux64, Java) logging started sex 22 nov 2024 16:33:35 -03

Set parameter Username
Academic license - for non-commercial use only - expires 2025-10-10
Set parameter NonConvex to value 2
Set parameter TimeLimit to value 3600
Set parameter LogToConsole to value 0
Set parameter MIPGap to value 1.0305790061187408e-08
Set parameter Threads to value 2
Set parameter NodefileDir to value "/home/ps12398/experiment_hosp/goalProgrammingMarcos/"
Set parameter NodefileStart to value 1
Gurobi Optimizer version 11.0.3 build v11.0.3rc0 (linux64)

CPU model: Intel(R) Xeon(R) CPU           X5650  @ 2.67GHz, instruction set [SSE2]
Thread count: 12 physical cores, 24 logical processors, using up to 2 threads

Optimize a model with 2176872 rows, 1457786 columns and 12056828 nonzeros
Model fingerprint: 0x13cb10b6
Model has 858 quadratic constraints
Variable types: 728468 continuous, 729318 integer (853 binary)
Coefficient statistics:
  Matrix range     [1e-03, 1e+07]
  QMatrix range    [1e-03, 2e+05]
  QLMatrix range   [1e+00, 2e+05]
  Objective range  [1e+00, 2e+08]
  Bounds range     [1e+00, 1e+08]
  RHS range        [1e+00, 2e+06]
  QRHS range       [8e-02, 8e-02]
Presolve removed 1445855 rows and 726758 columns (presolve time = 5s) ...
Presolve removed 2170286 rows and 1450192 columns
Presolve time: 9.40s
Presolved: 11940 rows, 9245 columns, 3606910 nonzeros
Presolved model has 2 SOS constraint(s)
Presolved model has 853 bilinear constraint(s)

Solving non-convex MIQCP

Variable types: 2962 continuous, 6283 integer (855 binary)
Found heuristic solution: objective 8.522210e+07

Root simplex log...

Iteration    Objective       Primal Inf.    Dual Inf.      Time
       0    0.0000000e+00   1.199918e+04   0.000000e+00     42s
    1027    1.6620175e+05   0.000000e+00   0.000000e+00     42s

Root relaxation: objective 1.662017e+05, 1027 iterations, 1.08 seconds (0.22 work units)
Total elapsed time = 42.33s (DegenMoves)

    Nodes    |    Current Node    |     Objective Bounds      |     Work
 Expl Unexpl |  Obj  Depth IntInf | Incumbent    BestBd   Gap | It/Node Time

     0     0 166201.746    0 1290 8.5222e+07 166201.746   100%     -   42s
     0     0 2760961.29    0 1539 8.5222e+07 2760961.29  96.8%     -   60s
     0     0 2804146.75    0 1528 8.5222e+07 2804146.75  96.7%     -   70s
     0     0 2992576.91    0 1647 8.5222e+07 2992576.91  96.5%     -  101s
     0     0 2994436.98    0 1653 8.5222e+07 2994436.98  96.5%     -  108s
     0     0 3007451.42    0 1687 8.5222e+07 3007451.42  96.5%     -  128s
     0     0 3008041.01    0 1694 8.5222e+07 3008041.01  96.5%     -  136s
     0     0 3009016.92    0 1690 8.5222e+07 3009016.92  96.5%     -  139s
H    0     0                    8.522204e+07 3010120.74  96.5%     -  140s
     0     0 3010120.74    0 1692 8.5222e+07 3010120.74  96.5%     -  142s
     0     0 3010120.74    0 1692 8.5222e+07 3010120.74  96.5%     -  145s
     0     0 3010120.74    0 1692 8.5222e+07 3010120.74  96.5%     -  165s
     0     2 3010120.74    0 1692 8.5222e+07 3010120.74  96.5%     -  197s
     1     4 3013659.68    1 1688 8.5222e+07 3010120.74  96.5%  36.0  201s
     3     6 3015043.43    2 1684 8.5222e+07 3010854.91  96.5%  18.3  206s
     7    10 3015184.42    3 1684 8.5222e+07 3011583.83  96.5%  22.9  213s
     9    12 3017747.41    4 1667 8.5222e+07 3013177.06  96.5%  20.7  216s
    13    16 3017936.51    5 1664 8.5222e+07 3014012.82  96.5%  17.7  220s
    17    20 3019358.84    6 1664 8.5222e+07 3014012.82  96.5%  17.0  226s
    21    24 3019442.67    7 1661 8.5222e+07 3014012.82  96.5%  16.4  231s
    25    28 3020380.91    8 1657 8.5222e+07 3014012.82  96.5%  16.2  236s
H   27    30                    8.522199e+07 3014012.82  96.5%  16.1  242s
    31    34 3021338.64    9 1655 8.5222e+07 3014012.82  96.5%  17.0  247s
    33    38 3021794.47   10 1653 8.5222e+07 3014012.82  96.5%  16.6  250s
    40    43 3028940.88   12 1658 8.5222e+07 3014012.82  96.5%  17.6  257s
    42    47 3023195.70   12 1647 8.5222e+07 3014012.82  96.5%  17.3  260s
    46    50 3027262.11   13 1650 8.5222e+07 3014012.82  96.5%  17.2  265s
    53    58 3025754.68   15 1644 8.5222e+07 3014012.82  96.5%  17.0  274s
H   54    58                    8.519324e+07 3014012.82  96.5%  16.7  274s
    57    60 3026552.64   16 1637 8.5193e+07 3014012.82  96.5%  16.9  279s
    59    63 3029879.37   16 1643 8.5193e+07 3014012.82  96.5%  17.0  283s
    62    66 3036179.18   17 1632 8.5193e+07 3014012.82  96.5%  17.9  287s
    65    70 3026798.98   18 1641 8.5193e+07 3014012.82  96.5%  17.6  292s
    69    74 3027776.64   19 1637 8.5193e+07 3014012.82  96.5%  17.8  296s
    73    78 3029771.68   21 1635 8.5193e+07 3014012.82  96.5%  17.9  300s
    77    83 3030872.83   22 1640 8.5193e+07 3014012.82  96.5%  18.0  307s
H   82    87                    8.514865e+07 3014012.82  96.5%  17.6  313s
    86    89 3034274.00   26 1631 8.5149e+07 3014012.82  96.5%  17.6  319s
    88    94 3035422.05   27 1632 8.5149e+07 3014012.82  96.5%  17.7  325s
    93    98 3036227.73   28 1620 8.5149e+07 3014012.82  96.5%  17.9  332s
    97   102 3037390.88   29 1616 8.5149e+07 3014012.82  96.5%  18.7  338s
   101   107 3037596.78   30 1614 8.5149e+07 3014012.82  96.5%  19.0  346s
   106   112 3042248.88   32 1607 8.5149e+07 3014012.82  96.5%  19.5  353s
   111   117 3043828.22   33 1599 8.5149e+07 3014012.82  96.5%  19.6  361s
   116   119 3044132.67   34 1599 8.5149e+07 3014012.82  96.5%  19.4  365s
   118   127 3044571.95   35 1595 8.5149e+07 3014012.82  96.5%  19.3  373s
   126   136 3048585.47   37 1588 8.5149e+07 3014012.82  96.5%  19.2  382s
   135   146 3053362.20   41 1575 8.5149e+07 3014012.82  96.5%  18.8  394s
   145   149 3056477.26   46 1572 8.5149e+07 3014012.82  96.5%  18.0  399s
   148   158 3057553.90   48 1569 8.5149e+07 3014012.82  96.5%  17.7  406s
   157   168 3062336.12   52 1567 8.5149e+07 3014012.82  96.5%  17.4  415s
   167   176 3065473.07   56 1563 8.5149e+07 3014012.82  96.5%  17.2  424s
H  174   176                    8.507664e+07 3014012.82  96.5%  16.9  424s
   175   180 3068841.00   60 1558 8.5077e+07 3014012.82  96.5%  16.9  431s
   179   189 3072868.10   61 1556 8.5077e+07 3014012.82  96.5%  17.1  441s
   188   200 3076174.68   64 1557 8.5077e+07 3014012.82  96.5%  17.4  453s
   199   210 3081406.91   68 1546 8.5077e+07 3014012.82  96.5%  17.3  461s
   209   222 3089778.81   74 1542 8.5077e+07 3014012.82  96.5%  17.2  472s
   221   235 3102332.40   78 1518 8.5077e+07 3014012.82  96.5%  17.2  490s
H  234   239                    8.500129e+07 3014012.82  96.5%  17.0  497s
   238   254 3106613.97   83 1512 8.5001e+07 3014012.82  96.5%  17.2  508s
   253   266 3111601.42   89 1504 8.5001e+07 3014012.82  96.5%  16.8  519s
   265   273 3125745.67   93 1497 8.5001e+07 3014012.82  96.5%  17.1  530s
   272   290 3127203.57   94 1491 8.5001e+07 3014012.82  96.5%  17.1  544s
   289   304 3139090.47  102 1483 8.5001e+07 3014012.82  96.5%  16.8  562s
H  301   304                    8.456008e+07 3014012.82  96.4%  16.3  562s
   303   324 3141283.06  108 1482 8.4560e+07 3014012.82  96.4%  16.3  580s
   323   340 3145805.72  115 1477 8.4560e+07 3014012.82  96.4%  15.9  628s
H  336   340                    8.449756e+07 3014012.82  96.4%  15.6  628s
   339   361 3147298.64  123 1469 8.4498e+07 3014012.82  96.4%  15.5  653s
   360   384 3154651.57  133 1461 8.4498e+07 3014012.82  96.4%  15.2  678s
H  362   384                    8.441758e+07 3014012.82  96.4%  15.2  678s
   383   404 3169228.92  140 1460 8.4418e+07 3014012.82  96.4%  15.0  701s
   403   423 3183124.60  146 1447 8.4418e+07 3014012.82  96.4%  15.0  723s
H  412   423                    8.435133e+07 3014012.82  96.4%  15.0  723s
   422   447 3198910.05  152 1444 8.4351e+07 3014012.82  96.4%  15.0  745s
   446   449 3211521.44  162 1441 8.4351e+07 3014012.82  96.4%  14.9  760s
   448   467 3210768.62  163 1437 8.4351e+07 3014012.82  96.4%  14.9  788s
   466   490 3217938.33  169 1426 8.4351e+07 3014012.82  96.4%  15.0  814s
   489   518 3226453.70  177 1421 8.4351e+07 3014012.82  96.4%  14.8  846s
   517   542 3238124.95  188 1413 8.4351e+07 3014012.82  96.4%  14.7  871s
H  529   542                    8.423579e+07 3014012.82  96.4%  14.6  871s
   541   568 3255949.22  196 1405 8.4236e+07 3014012.82  96.4%  14.6  900s
   567   582 3268732.35  208 1400 8.4236e+07 3014012.82  96.4%  14.5  924s
   581   613 3276328.06  214 1395 8.4236e+07 3014012.82  96.4%  14.6  964s
   612   634 3283122.78  228 1383 8.4236e+07 3014012.82  96.4%  14.6  993s
   633   647 3297522.08  237 1377 8.4236e+07 3014012.82  96.4%  14.9 1017s
   646   683 3298720.40  241 1372 8.4236e+07 3014012.82  96.4%  15.0 1048s
H  649   683                    8.397564e+07 3014012.82  96.4%  15.0 1048s
   682   730 3309002.62  263 1368 8.3976e+07 3014012.82  96.4%  14.8 1078s
H  698   730                    8.390218e+07 3014012.82  96.4%  14.7 1078s
   729   777 3312882.69  282 1355 8.3902e+07 3014012.82  96.4%  14.6 1121s
   776   779 3341999.49  303 1360 8.3902e+07 3014012.82  96.4%  14.3 1143s
   778   875 3313964.02  303 1359 8.3902e+07 3014012.82  96.4%  14.4 1195s
H  849   875                    8.383716e+07 3014012.82  96.4%  13.4 1195s
   874   977 3314849.07  353 1350 8.3837e+07 3014012.82  96.4%  13.1 1258s
H  976  1026                    8.382432e+07 3014012.82  96.4%  11.8 1306s
H 1001  1026                    8.296717e+07 3014012.82  96.4%  11.5 1306s
  1025  1112 3314986.39  426 1349 8.2967e+07 3014012.82  96.4%  11.3 1364s
  1111  1220 3315673.31  465 1347 8.2967e+07 3014012.82  96.4%  10.5 1410s
H 1162  1220                    8.287152e+07 3014012.82  96.4%  10.2 1410s
  1219  1304 3315950.22  515 1347 8.2872e+07 3014012.82  96.4%   9.7 1481s
  1303  1393 3316238.67  556 1344 8.2872e+07 3014012.82  96.4%   9.2 1565s
  1392  1436 3316335.93  598 1344 8.2872e+07 3014012.82  96.4%   8.7 1631s
  1435  1438 3316433.19  640 1344 8.2872e+07 3014012.82  96.4%   8.4 1692s
  1437  1530 3316997.54  641 1343 8.2872e+07 3014012.82  96.4%   8.4 1749s
H 1459  1530                    1.509054e+07 3014012.82  80.0%   8.3 1749s
  1529  1612 3316553.94  680 1344 1.5091e+07 3014012.82  80.0%   8.0 1814s
  1611  1680 3316638.29  717 1343 1.5091e+07 3014012.82  80.0%   7.7 1863s
  1679  1832 3316858.10  755 1336 1.5091e+07 3014012.82  80.0%   7.4 1923s
  1831  1945 3317137.45  810 1333 1.5091e+07 3014012.82  80.0%   6.9 1984s
  1944  2009 3317769.45  864 1333 1.5091e+07 3014012.82  80.0%   6.7 2103s
  2008  2129 3318145.32  896 1333 1.5091e+07 3014012.82  80.0%   6.5 2180s
  2128  2282 3318884.59  938 1333 1.5091e+07 3014012.82  80.0%   6.2 2276s
  2281  2481 3319124.08 1011 1328 1.5091e+07 3014012.82  80.0%   5.9 2343s
  2480  2633 3319347.78 1095 1327 1.5091e+07 3014012.82  80.0%   5.5 2411s
  2632  2829 3319527.59 1163 1327 1.5091e+07 3014012.82  80.0%   5.3 2503s
  2828  3011 3319653.87 1267 1327 1.5091e+07 3014012.82  80.0%   5.0 2604s
  3010  3183 3320068.67 1354 1325 1.5091e+07 3014012.82  80.0%   4.7 2697s
  3182  3185 3320336.24 1427 1320 1.5091e+07 3014012.82  80.0%   4.5 2809s
  3184  3405 3320356.35 1427 1320 1.5091e+07 3014012.82  80.0%   4.5 2890s
  3404  3595 3320968.91 1535 1320 1.5091e+07 3014012.82  80.0%   4.3 2975s
  3594  3811 3321627.45 1612 1314 1.5091e+07 3014012.82  80.0%   4.2 3052s
  3811  3812 3321875.49 1620 2331 1.5091e+07 3014012.82  80.0%   4.0 3312s
  3813  3813 3060503.66   49  865 1.5091e+07 3014012.82  80.0%   4.0 3321s
  3814  3814 3320763.09 1497  850 1.5091e+07 3014012.82  80.0%   4.0 3326s
  3820  3818 3313519.68 1487  909 1.5091e+07 3102555.48  79.4%   4.0 3330s
  3829  3824 3292320.39  214  916 1.5091e+07 3109484.77  79.4%   4.0 3335s
  3839  3831 3319473.91 1146  941 1.5091e+07 3115534.30  79.4%   4.0 3340s
  3848  3837 3123981.05   11  935 1.5091e+07 3123981.05  79.3%   4.0 3345s
  3858  3843 3318720.65  911  966 1.5091e+07 3130664.12  79.3%   4.0 3350s
  3870  3851 3141490.28  104  976 1.5091e+07 3141490.28  79.2%   4.0 3355s
  3881  3859 3312394.11 1285  998 1.5091e+07 3147394.96  79.1%   4.0 3360s
  3893  3867 3310280.19  685 1022 1.5091e+07 3155965.13  79.1%   3.9 3365s
  3903  3873 3263641.08  202 1040 1.5091e+07 3160558.05  79.1%   3.9 3370s
  3912  3879 3316309.04  583 1059 1.5091e+07 3166583.01  79.0%   3.9 3375s
  3924  3887 3313148.09 1381 1053 1.5091e+07 3170439.57  79.0%   3.9 3380s
  3935  3895 3224426.88  167 1043 1.5091e+07 3174216.76  79.0%   3.9 3385s
  3947  3903 3315683.80  458 1071 1.5091e+07 3178703.78  78.9%   3.9 3390s
  3958  3910 3318720.65  911 1053 1.5091e+07 3180859.92  78.9%   3.9 3395s
  3972  3919 3320627.51 1476 1081 1.5091e+07 3182943.75  78.9%   3.9 3400s
  3987  3929 3309266.83  442 1069 1.5091e+07 3183424.66  78.9%   3.9 3405s
  4001  3940 3320147.44 1382  870 1.5091e+07 3183456.63  78.9%  11.3 3410s
  4003  3942 3263641.08  202 1021 1.5091e+07 3183456.63  78.9%  11.3 3417s
  4004  3942 3245965.40  184 1024 1.5091e+07 3183456.63  78.9%  11.3 3420s
  4009  3946 3320484.69 1427 1049 1.5091e+07 3185084.35  78.9%  11.2 3425s
  4014  3949 3320763.09 1497 1057 1.5091e+07 3186906.46  78.9%  11.2 3430s
  4021  3954 3312134.23 1199 1042 1.5091e+07 3187293.42  78.9%  11.2 3435s
  4028  3958 3314247.64 1656 1062 1.5091e+07 3187590.53  78.9%  11.2 3440s
  4034  3962 3317714.74  859 1049 1.5091e+07 3188171.87  78.9%  11.2 3445s
  4044  3969 3277205.46  219 1068 1.5091e+07 3188274.43  78.9%  11.2 3450s
  4052  3974 3316270.63  567 1067 1.5091e+07 3188301.13  78.9%  11.1 3455s
  4056  3980 3194502.38   26 1877 1.5091e+07 3188301.13  78.9%  14.4 3462s
  4062  3984 3197923.12   28 1877 1.5091e+07 3191928.90  78.8%  14.8 3465s
  4072  3991 3204868.52   30 1860 1.5091e+07 3191928.90  78.8%  15.6 3470s
  4080  3996 3207427.46   32 1859 1.5091e+07 3191928.90  78.8%  16.3 3475s
  4090  4004 3209286.28   35 1850 1.5091e+07 3191928.90  78.8%  16.9 3481s
  4098  4010 3211540.65   37 1836 1.5091e+07 3191928.90  78.8%  17.4 3486s
  4110  4016 3214172.15   40 1830 1.5091e+07 3191928.90  78.8%  18.1 3490s
  4121  4025 3214837.36   42 1830 1.5091e+07 3191928.90  78.8%  18.6 3495s
  4129  4032 3216288.52   44 1848 1.5091e+07 3191928.90  78.8%  18.9 3500s
  4140  4039 3219963.92   47 1835 1.5091e+07 3191928.90  78.8%  19.1 3505s
  4157  4051 3221641.73   52 1831 1.5091e+07 3191928.90  78.8%  19.6 3511s
  4170  4059 3225024.32   55 1819 1.5091e+07 3191928.90  78.8%  20.0 3516s
  4181  4069 3228778.60   58 1806 1.5091e+07 3191928.90  78.8%  20.2 3521s
  4198  4081 3235507.14   62 1774 1.5091e+07 3191928.90  78.8%  20.6 3527s
  4206  4088 3238422.77   64 1771 1.5091e+07 3191928.90  78.8%  20.7 3530s
  4224  4100 3253523.57   68 1764 1.5091e+07 3191928.90  78.8%  21.0 3536s
  4234  4106 3243461.20   71 1754 1.5091e+07 3191928.90  78.8%  21.2 3540s
  4254  4121 3247560.96   76 1728 1.5091e+07 3191928.90  78.8%  21.4 3548s
  4265  4127 3249118.18   78 1729 1.5091e+07 3191928.90  78.8%  21.6 3554s
  4275  4136 3253660.00   81 1741 1.5091e+07 3191928.90  78.8%  21.7 3558s
  4287  4145 3255419.55   84 1728 1.5091e+07 3191928.90  78.8%  21.8 3563s
  4300  4154 3258490.77   87 1722 1.5091e+07 3191928.90  78.8%  21.9 3568s
  4313  4164 3261599.96   90 1704 1.5091e+07 3191928.90  78.8%  22.0 3572s
  4328  4172 3266007.88   93 1686 1.5091e+07 3191928.90  78.8%  22.0 3578s
  4341  4184 3269203.97   97 1689 1.5091e+07 3191928.90  78.8%  22.2 3582s
  4357  4196 3270033.98  101 1669 1.5091e+07 3191928.90  78.8%  22.3 3587s
  4374  4202 3273743.49  105 1659 1.5091e+07 3191928.90  78.8%  22.4 3592s
  4386  4216 3279574.16  108 1649 1.5091e+07 3191928.90  78.8%  22.4 3597s
  4404  4220 3279721.36  113 1639 1.5091e+07 3191928.90  78.8%  22.5 3600s

Cutting planes:
  Gomory: 16
  Implied bound: 4
  MIR: 661
  Mixing: 7
  StrongCG: 3
  Flow cover: 601
  RLT: 354
  Relax-and-lift: 3

Explored 4414 nodes (104199 simplex iterations) in 3601.14 seconds (1255.31 work units)
Thread count was 2 (of 24 available processors)

Solution count 10: 1.50905e+07 8.28715e+07 8.29672e+07 ... 8.44176e+07

Time limit reached
Best objective 1.509054350362e+07, best bound 3.191928896767e+06, gap 78.8482%
