
Gurobi 11.0.3 (linux64, Java) logging started sex 22 nov 2024 20:21:40 -03

Set parameter Username
Academic license - for non-commercial use only - expires 2025-10-10
Set parameter NonConvex to value 2
Set parameter TimeLimit to value 3600
Set parameter LogToConsole to value 0
Set parameter MIPGap to value 1.0305790061187408e-08
Set parameter Threads to value 2
Set parameter NodefileDir to value "/home/ps12398/experiment_hosp/goalProgrammingMarcos/"
Set parameter NodefileStart to value 1
Gurobi Optimizer version 11.0.3 build v11.0.3rc0 (linux64)

CPU model: Intel(R) Xeon(R) CPU           X5650  @ 2.67GHz, instruction set [SSE2]
Thread count: 12 physical cores, 24 logical processors, using up to 2 threads

Optimize a model with 2176872 rows, 1457786 columns and 12056828 nonzeros
Model fingerprint: 0x90712453
Model has 858 quadratic constraints
Variable types: 728468 continuous, 729318 integer (853 binary)
Coefficient statistics:
  Matrix range     [1e-03, 1e+07]
  QMatrix range    [1e-03, 2e+05]
  QLMatrix range   [1e+00, 2e+05]
  Objective range  [1e+00, 2e+08]
  Bounds range     [1e+00, 1e+08]
  RHS range        [1e+00, 1e+07]
  QRHS range       [3e-02, 3e-02]
Presolve removed 0 rows and 0 columns (presolve time = 6s) ...
Presolve removed 1437727 rows and 718638 columns (presolve time = 11s) ...
Presolve removed 1445855 rows and 726758 columns (presolve time = 16s) ...
Presolve removed 2164492 rows and 1449741 columns (presolve time = 20s) ...
Presolve removed 2170286 rows and 1450192 columns
Presolve time: 22.59s
Presolved: 11940 rows, 9245 columns, 3606910 nonzeros
Presolved model has 2 SOS constraint(s)
Presolved model has 853 bilinear constraint(s)

Solving non-convex MIQCP

Variable types: 2962 continuous, 6283 integer (855 binary)

Root simplex log...

Iteration    Objective       Primal Inf.    Dual Inf.      Time
       0    0.0000000e+00   1.199913e+04   0.000000e+00     56s
    1303    0.0000000e+00   0.000000e+00   0.000000e+00     58s

Root relaxation: objective 0.000000e+00, 1303 iterations, 3.53 seconds (1.08 work units)
Total elapsed time = 57.94s (DegenMoves)
Total elapsed time = 70.62s (DegenMoves)

    Nodes    |    Current Node    |     Objective Bounds      |     Work
 Expl Unexpl |  Obj  Depth IntInf | Incumbent    BestBd   Gap | It/Node Time

     0     0    0.00000    0 1326          -    0.00000      -     -   71s
     0     0    0.00000    0 2009          -    0.00000      -     -  109s
     0     0    0.00000    0 1304          -    0.00000      -     -  140s
     0     0    0.00000    0 1150          -    0.00000      -     -  189s
     0     0    0.00000    0 1176          -    0.00000      -     -  194s
     0     0    0.00000    0 1214          -    0.00000      -     -  209s
     0     0    0.00000    0 1310          -    0.00000      -     -  217s
     0     0    0.00000    0 1307          -    0.00000      -     -  260s
     0     0    0.00000    0 1311          -    0.00000      -     -  267s
     0     0    0.00000    0 1314          -    0.00000      -     -  286s
     0     0    0.00000    0 1335          -    0.00000      -     -  292s
     0     0    0.00000    0 1333          -    0.00000      -     -  303s
     0     0    0.00000    0 1325          -    0.00000      -     -  337s
H    0     0                    3.543735e+07    0.00000   100%     -  403s
     0     2    0.00000    0 1319 3.5437e+07    0.00000   100%     -  434s
     1     4    0.00000    1 1324 3.5437e+07    0.00000   100%  1392  438s
     3     5    0.00000    2 1336 3.5437e+07    0.00000   100%   569  451s
     7     9    0.00000    3 1328 3.5437e+07    0.00000   100%   544  465s
    15    18    0.00000    6 1325 3.5437e+07    0.00000   100%   332  470s
    18    25    0.00000    6 1324 3.5437e+07    0.00000   100%   277  479s
    25    31    0.00000   10 1322 3.5437e+07    0.00000   100%   243  516s
    31    52    0.00000   13 1321 3.5437e+07    0.00000   100%   209  543s
    52    94    0.00000   19 1317 3.5437e+07    0.00000   100%   209  588s
    94   165    0.00000   28 1286 3.5437e+07    0.00000   100%   215  689s
   165   300    0.00000   54 1276 3.5437e+07    0.00000   100%   220  833s
   300   388    0.00000  106 1196 3.5437e+07    0.00000   100%   217  941s
   388   563    0.00000  147 1003 3.5437e+07    0.00000   100%   219 1095s
   563   763    0.00000  222 1177 3.5437e+07    0.00000   100%   190 1263s
   763  1063    0.00000  349 1123 3.5437e+07    0.00000   100%   163 1430s
  1063  1286    0.00000  517 1072 3.5437e+07    0.00000   100%   132 1558s
  1286  1512    0.00000  673 1053 3.5437e+07    0.00000   100%   121 1696s
  1512  1741    0.00000  805 1073 3.5437e+07    0.00000   100%   112 1815s
H 1556  1741                    3.239828e+07    0.00000   100%   110 1816s
  1741  1922 110539.421  909 1041 3.2398e+07    0.00000   100%   105 1957s
  1922  2096 217260.903 1004 1000 3.2398e+07    0.00000   100%   102 2075s
H 1997  2096                    2.773707e+07    0.00000   100%  99.3 2075s
  2096  2439 367542.575 1066  988 2.7737e+07    0.00000   100%  97.7 2223s
  2439  2990 589314.777 1189  948 2.7737e+07    0.00000   100%  91.5 2398s
  2990  3434 919607.430 1349  893 2.7737e+07    0.00000   100%  77.9 2541s
  3434  3790 1341861.33 1475  899 2.7737e+07    0.00000   100%  70.8 2653s
  3791  3791 203638.517  827 2331 2.7737e+07    0.00000   100%  68.2 2889s
  3793  3792 1147256.37 1383  602 2.7737e+07    0.00000   100%  68.2 2897s
  3794  3793    0.00000  557 1116 2.7737e+07    0.00000   100%  68.1 2902s
  3796  3794    0.00000   65  419 2.7737e+07    0.00000   100%  68.1 2916s
  3798  3796 367542.575 1067  416 2.7737e+07    0.00000   100%  68.1 2922s
H 3799  3606                    2.446347e+07    0.00000   100%  68.1 2930s
  3802  3608 1064857.83 1369  497 2.4463e+07    0.00000   100%  68.0 2942s
  3804  3610 488151.047 1098  429 2.4463e+07    0.00000   100%  68.0 2953s
  3805  3610 317320.735 1037  429 2.4463e+07    0.00000   100%  67.9 2965s
H 3805  3429                    2.182425e+07    0.00000   100%  67.9 2975s
  3807  3434    0.00000   12 1267 2.1824e+07    0.00000   100%  85.6 2981s
  3834  3459    0.00000   19 1304 2.1824e+07    0.00000   100%  85.8 2986s
  3865  3529    0.00000   26 1284 2.1824e+07    0.00000   100%  85.9 2992s
  3924  3680    0.00000   37 1281 2.1824e+07    0.00000   100%  86.0 3002s
H 4094  3515                    1.944795e+07    0.00000   100%  83.7 3014s
H 4158  3434                    1.906646e+07    0.00000   100%  83.7 3024s
H 4265  3379                    1.640433e+07    0.00000   100%  83.8 3034s
H 4405  3349                    1.510852e+07    0.00000   100%  82.9 3043s
  4570  3442    0.00000  209 1191 1.5109e+07    0.00000   100%  82.3 3050s
H 4718  3378                    1.397038e+07    0.00000   100%  82.4 3058s
  4843  3446    0.00000  277 1169 1.3970e+07    0.00000   100%  82.5 3065s
H 4902  3294                    1.387775e+07    0.00000   100%  82.8 3065s
H 4953  3290                    1.387713e+07    0.00000   100%  83.1 3073s
H 5093  3264                    1.178647e+07    0.00000   100%  82.9 3086s
  5233  3386    0.00000  384 1190 1.1786e+07    0.00000   100%  83.5 3103s
H 5327  3241                    1.142097e+07    0.00000   100%  83.9 3103s
  5404  3375    0.00000  431 1178 1.1421e+07    0.00000   100%  83.7 3118s
H 5493  3237                    1.022921e+07    0.00000   100%  83.9 3118s
H 5564  3275                    1.015186e+07    0.00000   100%  84.1 3132s
  5729  3400    0.00000  519 1192 1.0152e+07    0.00000   100%  84.8 3145s
H 5830  3269                    9435521.9961    0.00000   100%  85.0 3145s
  5909  3402    0.00000  570 1167 9435522.00    0.00000   100%  85.3 3158s
H 5994  3281                    8922527.7107    0.00000   100%  85.7 3158s
H 6068  3359                    8461693.5634    0.00000   100%  85.9 3169s
  6259  3456    0.00000  667 1173 8461693.56    0.00000   100%  86.7 3184s
H 6336  3347                    8215668.3912    0.00000   100%  87.4 3184s
  6420  3562    0.00000  705 1158 8215668.39    0.00000   100%  87.9 3201s
H 6558  3436                    8177727.8743    0.00000   100%  87.6 3201s
H 6668  3599                    8135633.5401    0.00000   100%  87.5 3220s
H 6945  3894                    8120724.4800    0.00000   100%  87.0 3240s
H 7404  4155                    7970736.2137    0.00000   100%  83.8 3261s
H 7888  4797                    7949711.7988    0.00000   100%  81.4 3280s
H 7993  4797                    7631317.3582    0.00000   100%  82.2 3280s
  8624  5573    0.00000 1019 1110 7631317.36    0.00000   100%  77.2 3295s
  9403  6410    0.00000 1134 1019 7631317.36    0.00000   100%  73.0 3312s
 10245  6993    0.00000 1311  874 7631317.36    0.00000   100%  68.5 3327s
H10395  6993                    7621783.3485    0.00000   100%  68.5 3328s
 10837  7749    0.00000 1386  859 7621783.35    0.00000   100%  66.3 3341s
 11595  8554    0.00000 1566  854 7621783.35    0.00000   100%  63.5 3353s
 12404  9295    0.00000 1765  852 7621783.35    0.00000   100%  60.4 3364s
 13163 10012    0.00000 1866  853 7621783.35    0.00000   100%  58.3 3376s
 13884 10987    0.00000 1991  864 7621783.35    0.00000   100%  56.1 3387s
 14864 10989    0.00000 2116  857 7621783.35    0.00000   100%  53.0 3430s
 14866 11493 60367.7348 2116  868 7621783.35    0.00000   100%  53.0 3514s
 15376 11959 5131805.27 2180 1167 7621783.35    0.00000   100%  55.3 3532s
 15845 12384 6320351.95 2184 1173 7621783.35    0.00000   100%  54.4 3552s
 16272 12894 7206565.30 2186 1191 7621783.35    0.00000   100%  53.5 3564s
 16794 13415 infeasible 2181      7621783.35    0.00000   100%  52.8 3574s
H17317 13945                    7586829.0204    0.00000   100%  51.7 3589s
 17852 14257    0.00000 1067 1096 7586829.02    0.00000   100%  50.5 3600s

Cutting planes:
  Gomory: 17
  Implied bound: 49
  MIR: 411
  StrongCG: 11
  Flow cover: 879
  RLT: 95

Explored 18164 nodes (953763 simplex iterations) in 3741.02 seconds (1977.90 work units)
Thread count was 2 (of 24 available processors)

Solution count 10: 7.58683e+06 7.62178e+06 7.63132e+06 ... 8.46169e+06

Time limit reached
Best objective 7.586829020438e+06, best bound 0.000000000000e+00, gap 100.0000%
