
Gurobi 11.0.3 (linux64, Java) logging started sex 22 nov 2024 09:19:03 -03

Set parameter Username
Academic license - for non-commercial use only - expires 2025-10-10
Set parameter NonConvex to value 2
Set parameter TimeLimit to value 3600
Set parameter LogToConsole to value 0
Set parameter MIPGap to value 1.0305790061187408e-08
Set parameter Threads to value 2
Set parameter NodefileDir to value "/home/ps12398/experiment_hosp/goalProgrammingMarcos/"
Set parameter NodefileStart to value 1
Gurobi Optimizer version 11.0.3 build v11.0.3rc0 (linux64)

CPU model: Intel(R) Xeon(R) CPU           X5650  @ 2.67GHz, instruction set [SSE2]
Thread count: 12 physical cores, 24 logical processors, using up to 2 threads

Optimize a model with 2176872 rows, 1457786 columns and 12056828 nonzeros
Model fingerprint: 0x97081ba8
Model has 858 quadratic constraints
Variable types: 728468 continuous, 729318 integer (853 binary)
Coefficient statistics:
  Matrix range     [1e-03, 1e+07]
  QMatrix range    [1e-03, 2e+05]
  QLMatrix range   [1e+00, 2e+05]
  Objective range  [1e+00, 2e+08]
  Bounds range     [1e+00, 1e+08]
  RHS range        [1e+00, 7e+06]
  QRHS range       [2e-01, 2e-01]
Presolve removed 0 rows and 0 columns (presolve time = 7s) ...
Presolve removed 1 rows and 1 columns (presolve time = 11s) ...
Presolve removed 1437727 rows and 718638 columns (presolve time = 17s) ...
Presolve removed 1445855 rows and 726758 columns (presolve time = 21s) ...
Presolve removed 2164492 rows and 1445394 columns (presolve time = 25s) ...
Presolve removed 2170289 rows and 1450194 columns (presolve time = 36s) ...
Presolve removed 2170289 rows and 1450194 columns (presolve time = 41s) ...
Presolve removed 2170286 rows and 1450192 columns
Presolve time: 41.10s
Presolved: 11940 rows, 9245 columns, 3606910 nonzeros
Presolved model has 2 SOS constraint(s)
Presolved model has 853 bilinear constraint(s)

Solving non-convex MIQCP

Variable types: 2962 continuous, 6283 integer (855 binary)

Root simplex log...

Iteration    Objective       Primal Inf.    Dual Inf.      Time
       0    0.0000000e+00   1.251450e+04   0.000000e+00     80s
     992    1.3173326e-01   2.213031e+01   0.000000e+00     80s
    1136    0.0000000e+00   0.000000e+00   0.000000e+00     81s

Root relaxation: objective 0.000000e+00, 1136 iterations, 1.64 seconds (0.46 work units)
Total elapsed time = 80.92s (DegenMoves)
Total elapsed time = 86.07s (DegenMoves)

    Nodes    |    Current Node    |     Objective Bounds      |     Work
 Expl Unexpl |  Obj  Depth IntInf | Incumbent    BestBd   Gap | It/Node Time

     0     0    0.00000    0 1250          -    0.00000      -     -   86s
     0     0    0.00000    0 1076          -    0.00000      -     -   93s
     0     0    0.00000    0  984          -    0.00000      -     -   98s
     0     0    0.00000    0  946          -    0.00000      -     -  115s
     0     0    0.00000    0  949          -    0.00000      -     -  118s
     0     0    0.00000    0  931          -    0.00000      -     -  128s
     0     0    0.00000    0  935          -    0.00000      -     -  132s
     0     0    0.00000    0  936          -    0.00000      -     -  144s
     0     0    0.00000    0  941          -    0.00000      -     -  146s
     0     0    0.00000    0  924          -    0.00000      -     -  158s
     0     0    0.00000    0  924          -    0.00000      -     -  165s
     0     0    0.00000    0  917          -    0.00000      -     -  180s
     0     0    0.00000    0  917          -    0.00000      -     -  198s
     0     2    0.00000    0  917          -    0.00000      -     -  281s
     1     5    0.00000    1  938          -    0.00000      -   355  285s
     3     6    0.00000    2  931          -    0.00000      -   147  290s
     9    12    0.00000    5  925          -    0.00000      -  67.9  296s
    15    18    0.00000    8  917          -    0.00000      -  44.9  301s
    18    24    0.00000   10  917          -    0.00000      -  43.7  305s
    24    35    0.00000   13  917          -    0.00000      -  35.7  319s
    35    54    0.00000   17  919          -    0.00000      -  48.1  336s
    55   110    0.00000   26  914          -    0.00000      -  55.7  389s
   112   223    0.00000   46  909          -    0.00000      -  50.3  465s
   225   321    0.00000   98  906          -    0.00000      -  70.2  551s
   324   459    0.00000  126  904          -    0.00000      -  93.3  630s
   467   584    0.00000  172  902          -    0.00000      -  89.3  700s
   593   739    0.00000  220  898          -    0.00000      -   102  782s
   748  1006    0.00000  292  755          -    0.00000      -  96.8  849s
  1016  1277    0.00000  476  872          -    0.00000      -  80.3 2246s
  1287  1532    0.00000  545  856          -    0.00000      -  70.0 2379s
  1570  1827    0.00000  607  853          -    0.00000      -  74.3 2496s
  1873  2174    0.00000  683  855          -    0.00000      -  65.9 2604s
  2223  2459    0.00000  754  853          -    0.00000      -  59.7 2760s
H 2350   416                       0.0000000    0.00000  0.00%  60.5 2763s

Cutting planes:
  Gomory: 89
  Implied bound: 9
  MIR: 312
  StrongCG: 35
  Relax-and-lift: 5

Explored 2519 nodes (154682 simplex iterations) in 2771.10 seconds (713.88 work units)
Thread count was 2 (of 24 available processors)

Solution count 1: 0 

Optimal solution found (tolerance 1.03e-08)
Best objective 0.000000000000e+00, best bound 0.000000000000e+00, gap 0.0000%
