
Gurobi 11.0.3 (linux64, Java) logging started dom 24 nov 2024 01:46:54 -03

Set parameter Username
Academic license - for non-commercial use only - expires 2025-10-10
Set parameter NonConvex to value 2
Set parameter TimeLimit to value 3600
Set parameter LogToConsole to value 0
Set parameter MIPGap to value 1.0305790061187408e-08
Set parameter Threads to value 2
Set parameter NodefileDir to value "/home/ps12398/experiment_hosp/goalProgrammingMarcos/"
Set parameter NodefileStart to value 1
Gurobi Optimizer version 11.0.3 build v11.0.3rc0 (linux64)

CPU model: Intel(R) Xeon(R) CPU           X5650  @ 2.67GHz, instruction set [SSE2]
Thread count: 12 physical cores, 24 logical processors, using up to 2 threads

Optimize a model with 2176872 rows, 1457786 columns and 12056828 nonzeros
Model fingerprint: 0xb6d089ab
Model has 858 quadratic constraints
Variable types: 728468 continuous, 729318 integer (853 binary)
Coefficient statistics:
  Matrix range     [1e-03, 1e+07]
  QMatrix range    [1e-03, 2e+05]
  QLMatrix range   [1e+00, 2e+05]
  Objective range  [1e+00, 2e+08]
  Bounds range     [1e+00, 1e+08]
  RHS range        [1e+00, 1e+07]
  QRHS range       [2e-01, 2e-01]
Presolve removed 0 rows and 0 columns (presolve time = 9s) ...
Presolve removed 0 rows and 0 columns (presolve time = 12s) ...
Presolve removed 1 rows and 2 columns (presolve time = 16s) ...
Presolve removed 1445855 rows and 726758 columns (presolve time = 21s) ...
Presolve removed 2170289 rows and 1450194 columns (presolve time = 26s) ...
Presolve removed 2170286 rows and 1450192 columns
Presolve time: 29.13s
Presolved: 11940 rows, 9245 columns, 3606910 nonzeros
Presolved model has 2 SOS constraint(s)
Presolved model has 853 bilinear constraint(s)

Solving non-convex MIQCP

Variable types: 2962 continuous, 6283 integer (855 binary)

Root simplex log...

Iteration    Objective       Primal Inf.    Dual Inf.      Time
       0    0.0000000e+00   1.045387e+04   0.000000e+00     62s
     789    0.0000000e+00   0.000000e+00   0.000000e+00     62s

Root relaxation: objective 0.000000e+00, 789 iterations, 1.52 seconds (0.30 work units)
Total elapsed time = 62.73s (DegenMoves)
Total elapsed time = 67.78s (DegenMoves)
Total elapsed time = 71.68s (DegenMoves)

    Nodes    |    Current Node    |     Objective Bounds      |     Work
 Expl Unexpl |  Obj  Depth IntInf | Incumbent    BestBd   Gap | It/Node Time

     0     0    0.00000    0 1103          -    0.00000      -     -   72s
     0     0    0.00000    0 1018          -    0.00000      -     -   79s
     0     0    0.00000    0 1017          -    0.00000      -     -   83s
     0     0    0.00000    0 1051          -    0.00000      -     -  125s
     0     0    0.00000    0 1052          -    0.00000      -     -  130s
     0     0    0.00000    0  957          -    0.00000      -     -  163s
     0     0    0.00000    0  970          -    0.00000      -     -  167s
     0     0    0.00000    0 1014          -    0.00000      -     -  208s
     0     0    0.00000    0  997          -    0.00000      -     -  212s
     0     0    0.00000    0 1039          -    0.00000      -     -  227s
     0     0    0.00000    0 1039          -    0.00000      -     -  250s
H    0     0                    1.521712e+07    0.00000   100%     -  304s
     0     2    0.00000    0 1036 1.5217e+07    0.00000   100%     -  324s
     1     4    0.00000    1 1032 1.5217e+07    0.00000   100%  56.0  327s
     7    10    0.00000    4 1026 1.5217e+07    0.00000   100%  19.7  330s
    15    20    0.00000    8 1021 1.5217e+07    0.00000   100%  10.2  336s
    19    30    0.00000   10 1020 1.5217e+07    0.00000   100%   8.6  343s
    30    37    0.00000   14 1009 1.5217e+07    0.00000   100%   6.0  352s
    37    65    0.00000   20 1005 1.5217e+07    0.00000   100%   5.3  373s
    65   130    0.00000   33  993 1.5217e+07    0.00000   100%   4.2  422s
   130   253    0.00000   60  976 1.5217e+07    0.00000   100%   3.3  502s
   253   378    0.00000  116  956 1.5217e+07    0.00000   100%   3.1  568s
   378   527    0.00000  165  934 1.5217e+07    0.00000   100%   6.0  643s
   528   671    0.00000  201  910 1.5217e+07    0.00000   100%   8.7 2155s
   673   702    0.00000  318  855 1.5217e+07    0.00000   100%   8.6 2275s
H  675   702                    9020878.1758    0.00000   100%   9.0 2275s
H  686   702                    8920162.7596    0.00000   100%   9.0 2275s
H  696   702                    8031750.0787    0.00000   100%  11.3 2275s
   705   920    0.00000  326  853 8031750.08    0.00000   100%  11.2 2453s
H  931  1059                    8031749.9048    0.00000   100%  29.6 2597s
H  993  1059                    4328099.7633    0.00000   100%  32.2 2597s
  1088  1232    0.00000  405  852 4328099.76    0.00000   100%  41.0 2748s
  1267  1519    0.00000  440  855 4328099.76    0.00000   100%  48.9 2883s
H 1469  1519                    4326469.1822    0.00000   100%  45.8 2883s
H 1580  1756                    4325554.3813    0.00000   100%  45.3 2998s
H 1854  2046                    2039961.2599    0.00000   100%  44.6 3147s
H 2166  2152                    1750659.3823    0.00000   100%  40.6 3224s
  2274  2424    0.00000  923  848 1750659.38    0.00000   100%  39.1 3336s
  2578  2722    0.00000 1085  844 1750659.38    0.00000   100%  38.2 3508s
H 2654  2722                    1750463.8691    0.00000   100%  37.8 3508s
  2917  2901    0.00000 1156  846 1750463.87    0.00000   100%  35.3 3600s

Cutting planes:
  Gomory: 17
  Implied bound: 1
  MIR: 201
  StrongCG: 12
  Zero half: 3

Explored 3115 nodes (120352 simplex iterations) in 3627.21 seconds (1108.36 work units)
Thread count was 2 (of 24 available processors)

Solution count 10: 1.75046e+06 1.75066e+06 2.03996e+06 ... 1.52171e+07

Time limit reached
Best objective 1.750463869118e+06, best bound 0.000000000000e+00, gap 100.0000%
