
Gurobi 11.0.3 (linux64, Java) logging started sáb 23 nov 2024 20:31:53 -03

Set parameter Username
Academic license - for non-commercial use only - expires 2025-10-10
Set parameter NonConvex to value 2
Set parameter TimeLimit to value 3600
Set parameter LogToConsole to value 0
Set parameter MIPGap to value 1.0305790061187408e-08
Set parameter Threads to value 2
Set parameter NodefileDir to value "/home/ps12398/experiment_hosp/goalProgrammingMarcos/"
Set parameter NodefileStart to value 1
Gurobi Optimizer version 11.0.3 build v11.0.3rc0 (linux64)

CPU model: Intel(R) Xeon(R) CPU           X5650  @ 2.67GHz, instruction set [SSE2]
Thread count: 12 physical cores, 24 logical processors, using up to 2 threads

Optimize a model with 2176872 rows, 1457786 columns and 12056828 nonzeros
Model fingerprint: 0x9f50e094
Model has 858 quadratic constraints
Variable types: 728468 continuous, 729318 integer (853 binary)
Coefficient statistics:
  Matrix range     [1e-03, 1e+07]
  QMatrix range    [1e-03, 2e+05]
  QLMatrix range   [1e+00, 2e+05]
  Objective range  [1e+00, 2e+08]
  Bounds range     [1e+00, 1e+08]
  RHS range        [1e+00, 3e+07]
  QRHS range       [3e-03, 3e-03]
Presolve removed 1 rows and 2 columns (presolve time = 5s) ...
Presolve removed 1445855 rows and 726758 columns (presolve time = 11s) ...
Presolve removed 2170289 rows and 1450194 columns (presolve time = 18s) ...
Presolve removed 2170286 rows and 1450192 columns
Presolve time: 18.11s
Presolved: 11940 rows, 9245 columns, 3606910 nonzeros
Presolved model has 2 SOS constraint(s)
Presolved model has 853 bilinear constraint(s)

Solving non-convex MIQCP

Variable types: 2962 continuous, 6283 integer (855 binary)

Root simplex log...

Iteration    Objective       Primal Inf.    Dual Inf.      Time
       0    0.0000000e+00   1.096882e+04   0.000000e+00     51s
    1586    6.1834670e-02   7.716154e+03   0.000000e+00     55s
    1743    0.0000000e+00   0.000000e+00   0.000000e+00     57s

Root relaxation: objective 0.000000e+00, 1743 iterations, 6.70 seconds (3.28 work units)
Total elapsed time = 57.29s (DegenMoves)
Total elapsed time = 72.61s (DegenMoves)
Total elapsed time = 77.80s (DegenMoves)

    Nodes    |    Current Node    |     Objective Bounds      |     Work
 Expl Unexpl |  Obj  Depth IntInf | Incumbent    BestBd   Gap | It/Node Time

     0     0    0.00000    0 1533          -    0.00000      -     -   79s
     0     0 1027257.25    0 2145          - 1027257.25      -     -  137s
     0     0 1043583.38    0 2145          - 1043583.38      -     -  151s
     0     0 1125826.79    0 2166          - 1125826.79      -     -  198s
     0     0 1132695.22    0 2167          - 1132695.22      -     -  204s
     0     0 1132695.22    0 2200          - 1132695.22      -     -  222s
     0     0 1132695.22    0 2201          - 1132695.22      -     -  225s
     0     0 1132695.22    0 2201          - 1132695.22      -     -  228s
     0     0 1132695.22    0 2096          - 1132695.22      -     -  282s
H    0     0                    3.638500e+07 1132695.22  96.9%     -  350s
     0     2 1132695.22    0 2091 3.6385e+07 1132695.22  96.9%     -  467s
     1     4 1132695.22    1 2091 3.6385e+07 1132695.22  96.9%  50.0  482s
     3     6 1132695.22    2 2092 3.6385e+07 1132695.22  96.9%   119  487s
     7    10 1252873.84    4 2095 3.6385e+07 1159474.01  96.8%  57.9  491s
    11    14 1159474.01    5 2096 3.6385e+07 1159474.01  96.8%  38.4  495s
    15    18 1193004.69    6 2094 3.6385e+07 1161919.00  96.8%  28.9  506s
    19    22 1193004.69    8 2093 3.6385e+07 1161919.00  96.8%  23.9  512s
    21    24 1193004.69    9 2092 3.6385e+07 1161919.00  96.8%  22.0  515s
    25    28 1193004.69   11 2099 3.6385e+07 1161919.00  96.8%  19.4  521s
    27    30 1193004.69   12 2097 3.6385e+07 1161919.00  96.8%  18.0  529s
    29    32 1193004.69   13 2096 3.6385e+07 1161919.00  96.8%  17.2  532s
    31    34 1193004.69   14 2095 3.6385e+07 1161919.00  96.8%  16.2  535s
    35    38 1193004.69   16 2093 3.6385e+07 1161919.00  96.8%  14.7  541s
    37    40 1193004.69   17 2093 3.6385e+07 1161919.00  96.8%  14.2  545s
    41    46 1193004.69   19 2091 3.6385e+07 1161919.00  96.8%  13.1  553s
    45    50 1193004.69   21 2092 3.6385e+07 1161919.00  96.8%  12.3  557s
    49    54 1193004.69   23 2093 3.6385e+07 1161919.00  96.8%  11.7  562s
    53    58 1193004.69   25 2092 3.6385e+07 1161919.00  96.8%  11.2  567s
    57    60 1193004.69   27 2092 3.6385e+07 1161919.00  96.8%  10.7  574s
    59    64 1193004.69   28 2091 3.6385e+07 1161919.00  96.8%  10.6  578s
    63    68 1193493.12   30 2089 3.6385e+07 1161919.00  96.8%  10.1  582s
    67    72 1227604.36   31 2087 3.6385e+07 1161919.00  96.8%   9.9  587s
    71    76 1265572.10   33 2085 3.6385e+07 1161919.00  96.8%   9.6  593s
    75    81 1227604.36   34 2086 3.6385e+07 1161919.00  96.8%   9.2  601s
    80    85 1227604.36   37 2093 3.6385e+07 1161919.00  96.8%   9.1  607s
    84    89 1227604.36   39 2091 3.6385e+07 1161919.00  96.8%   8.9  618s
    88    95 1264875.13   40 2089 3.6385e+07 1161919.00  96.8%   8.8  626s
    94   101 1302635.52   42 2086 3.6385e+07 1161919.00  96.8%   8.6  638s
   100   107 1341027.43   44 2082 3.6385e+07 1161919.00  96.8%   8.3  646s
   106   110 1379517.12   47 2126 3.6385e+07 1161919.00  96.8%  15.7  675s
   109   116 1560116.97   47 2075 3.6385e+07 1161919.00  96.8%  24.0  688s
   115   118 1379517.12   49 2125 3.6385e+07 1161919.00  96.8%  23.1  696s
   117   126 1379517.12   50 2124 3.6385e+07 1161919.00  96.8%  22.8  706s
   125   134 1491098.53   52 2119 3.6385e+07 1161919.00  96.8%  21.6  713s
   133   141 1529974.73   55 2118 3.6385e+07 1161919.00  96.8%  20.6  723s
   140   149 1608100.67   57 2112 3.6385e+07 1161919.00  96.8%  20.0  736s
   148   159 1647383.00   60 2101 3.6385e+07 1161919.00  96.8%  19.4  748s
   158   164 1727125.51   63 2092 3.6385e+07 1161919.00  96.8%  19.1  761s
   163   171 1727071.13   64 2095 3.6385e+07 1161919.00  96.8%  19.9  771s
   170   180 1764972.86   66 2093 3.6385e+07 1161919.00  96.8%  19.4  788s
   179   190 1803743.27   69 2088 3.6385e+07 1161919.00  96.8%  18.7  805s
   189   202 1803743.27   74 2089 3.6385e+07 1161919.00  96.8%  18.0  818s
   201   212 1803743.27   80 2092 3.6385e+07 1161919.00  96.8%  17.3  833s
   211   225 1803743.27   85 2093 3.6385e+07 1161919.00  96.8%  16.7  851s
   224   238 1803743.27   91 2082 3.6385e+07 1161919.00  96.8%  15.9  871s
   237   248 1803743.27   97 2078 3.6385e+07 1161919.00  96.8%  15.3  883s
   247   260 1803743.27  102 2071 3.6385e+07 1161919.00  96.8%  14.8  894s
   259   274 1803743.27  106 2070 3.6385e+07 1161919.00  96.8%  14.6  908s
   273   285 1803749.17  113 2058 3.6385e+07 1161919.00  96.8%  14.0  919s
   284   302 1803749.17  118 2057 3.6385e+07 1161919.00  96.8%  13.6  935s
   301   315 1803791.92  126 2047 3.6385e+07 1161919.00  96.8%  13.1  953s
   314   326 1803791.92  131 2041 3.6385e+07 1161919.00  96.8%  12.7  968s
   325   342 1842863.16  136 2035 3.6385e+07 1161919.00  96.8%  13.0  982s
   341   353 1958229.79  144 2031 3.6385e+07 1161919.00  96.8%  13.0  996s
   352   373 2032747.53  147 2028 3.6385e+07 1161919.00  96.8%  12.9 1009s
   372   388 1997163.31  156 2019 3.6385e+07 1161919.00  96.8%  12.5 1022s
   387   409 1997787.57  164 2005 3.6385e+07 1161919.00  96.8%  12.3 1047s
   408   421 2111619.51  172 1995 3.6385e+07 1161919.00  96.8%  12.1 1061s
   420   442 2076867.27  174 1995 3.6385e+07 1161919.00  96.8%  12.2 1088s
   441   458 2188646.52  180 1982 3.6385e+07 1161919.00  96.8%  12.3 1110s
   457   480 2302383.66  186 1972 3.6385e+07 1161919.00  96.8%  12.5 1134s
   479   499 2416327.16  195 1959 3.6385e+07 1161919.00  96.8%  13.6 1156s
   498   510 2489161.03  199 1954 3.6385e+07 1161919.00  96.8%  13.7 1184s
   509   526 2631441.67  205 1945 3.6385e+07 1161919.00  96.8%  16.1 1206s
   525   541 2700547.26  215 1936 3.6385e+07 1161919.00  96.8%  19.8 1241s
   540   555 2813160.26  224 1722 3.6385e+07 1161919.00  96.8%  25.9 1275s
   554   566 2817782.17  234 1697 3.6385e+07 1161919.00  96.8%  31.4 1298s
   565   574 2822404.08  235 1693 3.6385e+07 1161919.00  96.8%  39.7 1320s
   573   593 2827025.99  238 1685 3.6385e+07 1161919.00  96.8%  45.5 1343s
   592   606 3040914.85  244 1599 3.6385e+07 1161919.00  96.8%  50.7 1387s
   605   615 2851536.76  245 1631 3.6385e+07 1161919.00  96.8%  63.9 1412s
   614   618 3307211.16  248 1871 3.6385e+07 1161919.00  96.8%  74.8 1429s
   617   630 2960792.15  248 1590 3.6385e+07 1161919.00  96.8%  79.9 1455s
   629   649 2969974.71  253 1570 3.6385e+07 1161919.00  96.8%  94.7 1490s
   648   666 2983779.18  258 1554 3.6385e+07 1161919.00  96.8%   103 1523s
   665   682 3007589.34  271 1515 3.6385e+07 1161919.00  96.8%   108 1550s
   681   700 3126088.55  278 1421 3.6385e+07 1161919.00  96.8%   118 1581s
   699   724 3049125.27  287 1459 3.6385e+07 1161919.00  96.8%   122 1605s
   723   732 3178269.52  300 1464 3.6385e+07 1161919.00  96.8%   128 1628s
   731   743 3197457.77  303 1457 3.6385e+07 1161919.00  96.8%   138 1658s
   742   753 3217346.63  306 1448 3.6385e+07 1161919.00  96.8%   148 1687s
   752   789 3223680.63  308 1409 3.6385e+07 1161919.00  96.8%   161 1726s
   788   840 3241428.33  311 1274 3.6385e+07 1161919.00  96.8%   160 1779s
   839   903 3253155.13  313 1267 3.6385e+07 1161919.00  96.8%   159 1823s
   902  1017 3259018.54  325 1247 3.6385e+07 1161919.00  96.8%   152 1880s
  1016  1089 3261389.52  371 1192 3.6385e+07 1161919.00  96.8%   135 1935s
  1088  1165 3261322.84  419 1154 3.6385e+07 1161919.00  96.8%   131 1981s
  1164  1266 3262175.72  475 1126 3.6385e+07 1161919.00  96.8%   128 2030s
  1265  1343 3262920.49  517 1089 3.6385e+07 1161919.00  96.8%   118 2071s
  1342  1436 3262920.49  534 1090 3.6385e+07 1161919.00  96.8%   117 2120s
  1435  1577 3262920.49  559 1072 3.6385e+07 1161919.00  96.8%   112 2170s
  1576  1715 3263728.04  615 1026 3.6385e+07 1161919.00  96.8%   102 2244s
  1714  1852 3263728.04  669  996 3.6385e+07 1161919.00  96.8%  94.0 2312s
  1851  2024 3263908.98  723  957 3.6385e+07 1161919.00  96.8%  87.5 2388s
  2023  2159 3263937.73  788  919 3.6385e+07 1161919.00  96.8%  81.5 2442s
  2158  2373 3286402.84  822  924 3.6385e+07 1161919.00  96.8%  79.0 2524s
  2372  2600 3293211.71  907  908 3.6385e+07 1161919.00  96.8%  72.3 2592s
  2599  2816 3294102.39 1058  908 3.6385e+07 1161919.00  96.8%  67.3 2684s
  2815  3048 3294711.59 1167  908 3.6385e+07 1161919.00  96.8%  62.4 2778s
  3047  3273 3295320.61 1270  908 3.6385e+07 1161919.00  96.8%  58.0 2887s
  3272  3568 3316418.87 1353  905 3.6385e+07 1161919.00  96.8%  54.4 2972s
  3567  3856 3316641.92 1504  906 3.6385e+07 1161919.00  96.8%  50.5 3077s
H 3855  3856                    3.022228e+07 1161919.00  96.2%  47.5 3246s
  3856  3857 3261630.05  373 2331 3.0222e+07 1161919.00  96.2%  47.5 3380s
  3857  3858 2685118.73  378 2331 3.0222e+07 1161919.00  96.2%  47.4 3409s
  3858  3858 2685698.58  415 1221 3.0222e+07 1161919.00  96.2%  47.4 3416s
  3860  3860 1379517.12   49 1422 3.0222e+07 1283115.96  95.8%  47.4 3420s
H 3864  3668                    2.687380e+07 1285589.23  95.2%  47.4 3425s
  3871  3673 3293125.04  887 1283 2.6874e+07 1285692.72  95.2%  47.3 3432s
  3877  3677 3293821.17 1012 1653 2.6874e+07 1288069.76  95.2%  47.2 3435s
  3888  3684 3300413.75 1301 1777 2.6874e+07 1295979.05  95.2%  47.1 3441s
H 3888  3499                    2.647208e+07 1298164.16  95.1%  47.1 3443s
  3894  3503 3316597.31 1482 1589 2.6472e+07 1298164.16  95.1%  47.0 3445s
  3906  3511 2897997.30 1290 1771 2.6472e+07 1311580.76  95.0%  46.9 3450s
  3919  3520 3316821.81 1661 1560 2.6472e+07 1318345.68  95.0%  46.7 3456s
  3928  3526 2540377.52  252 1746 2.6472e+07 1318345.68  95.0%  46.6 3460s
H 3928  3349                    2.271464e+07 1318345.68  94.2%  46.6 3461s
  3936  3354 3261374.10  420 1749 2.2715e+07 1318345.68  94.2%  46.5 3465s
  3949  3363 2901195.05 1432 1746 2.2715e+07 1318345.68  94.2%  46.3 3470s
  3960  3370 1379517.12   49 1742 2.2715e+07 1318345.68  94.2%  46.2 3475s
  3968  3377 2901039.92 1417 1199 2.2715e+07 1318345.68  94.2%  52.7 3487s
  3970  3379 3260786.21  352 1678 2.2715e+07 1318345.68  94.2%  52.7 3491s
  3975  3382 3295419.01 1281 1714 2.2715e+07 1318345.68  94.2%  52.6 3495s
H 3978  3214                    2.147479e+07 1318345.68  93.9%  52.6 3498s
  3982  3217 2900313.64  219 1763 2.1475e+07 1318345.68  93.9%  52.5 3500s
  3985  3219 3263932.22  751 1529 2.1475e+07 1318345.68  93.9%  52.5 3505s
  3990  3222 3261421.51  456 1475 2.1475e+07 1318345.68  93.9%  52.4 3514s
H 3990  3061                    2.071697e+07 1318345.68  93.6%  52.4 3518s
H 3991  2910                    2.041309e+07 1318345.68  93.5%  57.9 3521s
  3996  2914 1403287.92   27 2284 2.0413e+07 1334217.25  93.5%  58.7 3525s
  4045  2948 1747249.42   39 2229 2.0413e+07 1416402.39  93.1%  59.6 3530s
H 4073  2819                    1.981067e+07 1416402.39  92.9%  60.0 3533s
  4098  2838 2211557.25   53 2189 1.9811e+07 1416402.39  92.9%  60.1 3536s
H 4101  2699                    1.930734e+07 1416402.39  92.7%  60.1 3536s
  4125  2726 2306785.97   58 2155 1.9307e+07 1416402.39  92.7%  60.1 3542s
  4158  2743 2486588.46   68 2137 1.9307e+07 1416402.39  92.7%  60.5 3545s
H 4164  2609                    1.832030e+07 1416402.39  92.3%  60.5 3546s
  4165  2612 2626281.29   71 2130 1.8320e+07 1416402.39  92.3%  60.5 3550s
  4196  2649 2715068.75   82 2101 1.8320e+07 1416402.39  92.3%  62.7 3555s
  4226  2666 2886941.84   93 2135 1.8320e+07 1416402.39  92.3%  66.1 3560s
  4252  2695 2764805.24   95 2065 1.8320e+07 1416402.39  92.3%  67.5 3566s
H 4279  2561                    1.743168e+07 1416402.39  91.9%  67.9 3566s
  4282  2622 2764805.24   96 2063 1.7432e+07 1416402.39  91.9%  68.3 3570s
H 4492  2584                    1.743031e+07 1416402.39  91.9%  66.7 3574s
  4493  2610 2773534.70  151 1980 1.7430e+07 1416402.39  91.9%  66.7 3575s
H 4520  2498                    1.726790e+07 1416402.39  91.8%  67.4 3577s
H 4547  2424                    1.726650e+07 1416402.39  91.8%  67.7 3579s
  4572  2418 2789788.02  165 1942 1.7267e+07 1416402.39  91.8%  67.8 3581s
H 4591  2368                    1.663010e+07 1416402.39  91.5%  67.8 3584s
  4662  2391 2792720.90  181 1930 1.6630e+07 1416402.39  91.5%  68.1 3585s
H 4751  2368                    1.663010e+07 1416402.39  91.5%  71.2 3590s
H 4779  2267                    1.654990e+07 1416402.39  91.4%  71.1 3590s
H 4811  2199                    1.654969e+07 1416402.39  91.4%  74.2 3596s
  4844  2224 3073913.07  244 1824 1.6550e+07 1416402.39  91.4%  77.2 3600s

Cutting planes:
  Implied bound: 5
  MIR: 491
  Mixing: 2
  StrongCG: 5
  Flow cover: 395
  Zero half: 2
  RLT: 648
  Relax-and-lift: 1

Explored 4849 nodes (382310 simplex iterations) in 3626.37 seconds (1591.63 work units)
Thread count was 2 (of 24 available processors)

Solution count 10: 1.65497e+07 1.65499e+07 1.66301e+07 ... 1.98107e+07

Time limit reached
Best objective 1.654969352198e+07, best bound 1.416402388964e+06, gap 91.4415%
