
Gurobi 11.0.3 (linux64, Java) logging started sex 22 nov 2024 10:18:53 -03

Set parameter Username
Academic license - for non-commercial use only - expires 2025-10-10
Set parameter NonConvex to value 2
Set parameter TimeLimit to value 3600
Set parameter LogToConsole to value 0
Set parameter MIPGap to value 1.0305790061187408e-08
Set parameter Threads to value 2
Set parameter NodefileDir to value "/home/ps12398/experiment_hosp/goalProgrammingMarcos/"
Set parameter NodefileStart to value 1
Gurobi Optimizer version 11.0.3 build v11.0.3rc0 (linux64)

CPU model: Intel(R) Xeon(R) CPU           X5650  @ 2.67GHz, instruction set [SSE2]
Thread count: 12 physical cores, 24 logical processors, using up to 2 threads

Optimize a model with 2176872 rows, 1457786 columns and 12056828 nonzeros
Model fingerprint: 0x2c766e19
Model has 858 quadratic constraints
Variable types: 728468 continuous, 729318 integer (853 binary)
Coefficient statistics:
  Matrix range     [1e-03, 1e+07]
  QMatrix range    [1e-03, 2e+05]
  QLMatrix range   [1e+00, 2e+05]
  Objective range  [1e+00, 2e+08]
  Bounds range     [1e+00, 1e+08]
  RHS range        [1e+00, 1e+07]
  QRHS range       [2e-01, 2e-01]
Presolve removed 1 rows and 2 columns (presolve time = 6s) ...
Presolve removed 1445855 rows and 726758 columns (presolve time = 10s) ...
Presolve removed 2164492 rows and 1449741 columns (presolve time = 15s) ...
Presolve removed 2170289 rows and 1450194 columns (presolve time = 25s) ...
Presolve removed 2170289 rows and 1450194 columns (presolve time = 29s) ...
Presolve removed 2170286 rows and 1450192 columns
Presolve time: 29.29s
Presolved: 11940 rows, 9245 columns, 3606910 nonzeros
Presolved model has 2 SOS constraint(s)
Presolved model has 853 bilinear constraint(s)

Solving non-convex MIQCP

Variable types: 2962 continuous, 6283 integer (855 binary)

Root simplex log...

Iteration    Objective       Primal Inf.    Dual Inf.      Time
       0    0.0000000e+00   1.251450e+04   0.000000e+00     66s
    1132    0.0000000e+00   0.000000e+00   0.000000e+00     67s

Root relaxation: objective 0.000000e+00, 1132 iterations, 3.32 seconds (0.46 work units)
Total elapsed time = 68.00s (DegenMoves)
Total elapsed time = 74.81s (DegenMoves)

    Nodes    |    Current Node    |     Objective Bounds      |     Work
 Expl Unexpl |  Obj  Depth IntInf | Incumbent    BestBd   Gap | It/Node Time

     0     0    0.00000    0 1249          -    0.00000      -     -   75s
     0     0    0.00000    0 1003          -    0.00000      -     -   82s
     0     0    0.00000    0  965          -    0.00000      -     -   86s
     0     0    0.00000    0  919          -    0.00000      -     -  106s
     0     0    0.00000    0  933          -    0.00000      -     -  110s
     0     0    0.00000    0  915          -    0.00000      -     -  122s
     0     0    0.00000    0  915          -    0.00000      -     -  125s
     0     0    0.00000    0  865          -    0.00000      -     -  133s
     0     0    0.00000    0  874          -    0.00000      -     -  137s
     0     0    0.00000    0  868          -    0.00000      -     -  148s
     0     0    0.00000    0  868          -    0.00000      -     -  166s
H    0     0                    2099202.5555    0.00000   100%     -  240s
     0     2    0.00000    0  868 2099202.56    0.00000   100%     -  272s
     1     4    0.00000    1  924 2099202.56    0.00000   100%   442  275s
     7    10    0.00000    3  876 2099202.56    0.00000   100%   137  280s
    13    16    0.00000    6  929 2099202.56    0.00000   100%  86.6  285s
    19    28    0.00000    9  919 2099202.56    0.00000   100%  74.2  294s
H   28    34                    2078271.9265    0.00000   100%  74.8  305s
    35    67    0.00000   18  909 2078271.93    0.00000   100%  63.0  328s
    68   103    0.00000   34  906 2078271.93    0.00000   100%  49.4  367s
   104   284    0.00000   35  904 2078271.93    0.00000   100%  51.8  497s
   286   440    0.00000  116  898 2078271.93    0.00000   100%  49.3  567s
   443   524    0.00000  182  878 2078271.93    0.00000   100%  53.2  623s
   528   633    0.00000  211  877 2078271.93    0.00000   100%  51.2 1896s
   637   841    0.00000  249  821 2078271.93    0.00000   100%  50.9 2041s
H  845  1002                    2078216.1114    0.00000   100%  48.9 2175s
  1018  1086    0.00000  405  859 2078216.11    0.00000   100%  67.4 2255s
H 1072  1086                    2078160.2964    0.00000   100%  68.0 2256s
  1115  1234    0.00000  432  853 2078160.30    0.00000   100%  72.2 2356s
H 1168   275                       0.0000000    0.00000  0.00%  71.0 2356s

Cutting planes:
  Gomory: 69
  Implied bound: 2
  MIR: 317
  StrongCG: 41
  Relax-and-lift: 2

Explored 1279 nodes (112980 simplex iterations) in 2357.60 seconds (535.93 work units)
Thread count was 2 (of 24 available processors)

Solution count 5: 0 2.07816e+06 2.07822e+06 ... 2.0992e+06

Optimal solution found (tolerance 1.03e-08)
Best objective 0.000000000000e+00, best bound 0.000000000000e+00, gap 0.0000%
