
Gurobi 11.0.3 (linux64, Java) logging started sex 22 nov 2024 11:14:56 -03

Set parameter Username
Academic license - for non-commercial use only - expires 2025-10-10
Set parameter NonConvex to value 2
Set parameter TimeLimit to value 3600
Set parameter LogToConsole to value 0
Set parameter MIPGap to value 1.0305790061187408e-08
Set parameter Threads to value 2
Set parameter NodefileDir to value "/home/ps12398/experiment_hosp/goalProgrammingMarcos/"
Set parameter NodefileStart to value 1
Gurobi Optimizer version 11.0.3 build v11.0.3rc0 (linux64)

CPU model: Intel(R) Xeon(R) CPU           X5650  @ 2.67GHz, instruction set [SSE2]
Thread count: 12 physical cores, 24 logical processors, using up to 2 threads

Optimize a model with 2176872 rows, 1457786 columns and 12056828 nonzeros
Model fingerprint: 0x6bef3c2f
Model has 858 quadratic constraints
Variable types: 728468 continuous, 729318 integer (853 binary)
Coefficient statistics:
  Matrix range     [1e-03, 1e+07]
  QMatrix range    [1e-03, 2e+05]
  QLMatrix range   [1e+00, 2e+05]
  Objective range  [1e+00, 2e+08]
  Bounds range     [1e+00, 1e+08]
  RHS range        [1e+00, 1e+07]
  QRHS range       [2e-01, 2e-01]
Presolve removed 0 rows and 0 columns (presolve time = 12s) ...
Presolve removed 1 rows and 2 columns (presolve time = 16s) ...
Presolve removed 1445855 rows and 726758 columns (presolve time = 20s) ...
Presolve removed 2170289 rows and 1450194 columns (presolve time = 26s) ...
Presolve removed 2170286 rows and 1450192 columns
Presolve time: 28.62s
Presolved: 11940 rows, 9245 columns, 3606910 nonzeros
Presolved model has 2 SOS constraint(s)
Presolved model has 853 bilinear constraint(s)

Solving non-convex MIQCP

Variable types: 2962 continuous, 6283 integer (855 binary)

Root simplex log...

Iteration    Objective       Primal Inf.    Dual Inf.      Time
       0    0.0000000e+00   1.251450e+04   0.000000e+00     87s
    1132    0.0000000e+00   0.000000e+00   0.000000e+00     89s

Root relaxation: objective 0.000000e+00, 1132 iterations, 2.94 seconds (0.46 work units)
Total elapsed time = 89.65s (DegenMoves)
Total elapsed time = 95.92s (DegenMoves)

    Nodes    |    Current Node    |     Objective Bounds      |     Work
 Expl Unexpl |  Obj  Depth IntInf | Incumbent    BestBd   Gap | It/Node Time

     0     0    0.00000    0 1249          -    0.00000      -     -   96s
     0     0    0.00000    0 1005          -    0.00000      -     -  105s
     0     0    0.00000    0  961          -    0.00000      -     -  111s
     0     0    0.00000    0  933          -    0.00000      -     -  134s
     0     0    0.00000    0  944          -    0.00000      -     -  138s
     0     0    0.00000    0  891          -    0.00000      -     -  154s
     0     0    0.00000    0  889          -    0.00000      -     -  158s
     0     0    0.00000    0  887          -    0.00000      -     -  168s
     0     0    0.00000    0  885          -    0.00000      -     -  181s
     0     0    0.00000    0  885          -    0.00000      -     -  198s
H    0     0                    2489684.3709    0.00000   100%     -  253s
     0     2    0.00000    0  885 2489684.37    0.00000   100%     -  265s
     5     8    0.00000    2  940 2489684.37    0.00000   100%  50.4  271s
     9    12    0.00000    4  933 2489684.37    0.00000   100%  58.8  276s
    15    20    0.00000    6  933 2489684.37    0.00000   100%   102  282s
    19    26    0.00000    7  936 2489684.37    0.00000   100%   134  289s
    25    30    0.00000   10  931 2489684.37    0.00000   100%   127  299s
    29    58    0.00000   12  934 2489684.37    0.00000   100%   119  323s
    59   119    0.00000   26  913 2489684.37    0.00000   100%  75.5  364s
H   87   119                    2489628.5559    0.00000   100%  53.0  364s
   120   245    0.00000   53  903 2489628.56    0.00000   100%  53.7  425s
   246   355    0.00000  114  888 2489628.56    0.00000   100%  47.3  478s
   362   466    0.00000  167  876 2489628.56    0.00000   100%  50.0  529s
H  451   466                    2489572.7409    0.00000   100%  47.8  529s
   473   543    0.00000  213  859 2489572.74    0.00000   100%  46.4 1992s
H  518   543                    2486000.5802    0.00000   100%  43.6 1993s
H  550   717                    2485944.7652    0.00000   100%  43.9 2099s
H  554   717                    10914.934902    0.00000   100%  45.6 2099s
H  564   289                       0.0000000    0.00000  0.00%  46.7 2099s

Cutting planes:
  Gomory: 61
  Implied bound: 5
  MIR: 301
  StrongCG: 44
  Zero half: 1
  RLT: 1

Explored 725 nodes (39567 simplex iterations) in 2103.16 seconds (872.28 work units)
Thread count was 2 (of 24 available processors)

Solution count 7: 0 10914.9 2.48594e+06 ... 2.48968e+06

Optimal solution found (tolerance 1.03e-08)
Best objective 0.000000000000e+00, best bound 0.000000000000e+00, gap 0.0000%
