
Gurobi 11.0.3 (linux64, Java) logging started dom 24 nov 2024 12:08:23 -03

Set parameter Username
Academic license - for non-commercial use only - expires 2025-10-10
Set parameter NonConvex to value 2
Set parameter TimeLimit to value 3600
Set parameter LogToConsole to value 0
Set parameter MIPGap to value 1.0305790061187408e-08
Set parameter Threads to value 2
Set parameter NodefileDir to value "/home/ps12398/experiment_hosp/goalProgrammingMarcos/"
Set parameter NodefileStart to value 1
Gurobi Optimizer version 11.0.3 build v11.0.3rc0 (linux64)

CPU model: Intel(R) Xeon(R) CPU           X5650  @ 2.67GHz, instruction set [SSE2]
Thread count: 12 physical cores, 24 logical processors, using up to 2 threads

Optimize a model with 2176872 rows, 1457786 columns and 12056828 nonzeros
Model fingerprint: 0x1e19b2a9
Model has 858 quadratic constraints
Variable types: 728468 continuous, 729318 integer (853 binary)
Coefficient statistics:
  Matrix range     [1e-03, 1e+07]
  QMatrix range    [1e-03, 2e+05]
  QLMatrix range   [1e+00, 2e+05]
  Objective range  [1e+00, 2e+08]
  Bounds range     [1e+00, 1e+08]
  RHS range        [1e+00, 2e+07]
  QRHS range       [1e-02, 1e-02]
Presolve removed 1 rows and 2 columns (presolve time = 5s) ...
Presolve removed 1445855 rows and 726758 columns (presolve time = 11s) ...
Presolve removed 2170289 rows and 1450194 columns (presolve time = 21s) ...
Presolve removed 2170289 rows and 1450194 columns (presolve time = 34s) ...
Presolve removed 2170286 rows and 1450192 columns
Presolve time: 33.87s
Presolved: 11940 rows, 9245 columns, 3606910 nonzeros
Presolved model has 2 SOS constraint(s)
Presolved model has 853 bilinear constraint(s)

Solving non-convex MIQCP

Variable types: 2962 continuous, 6283 integer (855 binary)

Root simplex log...

Iteration    Objective       Primal Inf.    Dual Inf.      Time
       0    0.0000000e+00   9.938536e+03   0.000000e+00     78s
    1344    4.1586125e-02   1.210752e+04   0.000000e+00     80s
    1457    0.0000000e+00   0.000000e+00   0.000000e+00     81s

Root relaxation: objective 0.000000e+00, 1457 iterations, 4.38 seconds (2.40 work units)
Total elapsed time = 81.21s (DegenMoves)
Total elapsed time = 92.65s (DegenMoves)

    Nodes    |    Current Node    |     Objective Bounds      |     Work
 Expl Unexpl |  Obj  Depth IntInf | Incumbent    BestBd   Gap | It/Node Time

     0     0    0.00000    0 1450          -    0.00000      -     -   94s
     0     0    0.00000    0 1781          -    0.00000      -     -  119s
     0     0    0.00000    0 1959          -    0.00000      -     -  150s
     0     0    0.00000    0 1957          -    0.00000      -     -  266s
     0     0    0.00000    0 1930          -    0.00000      -     -  293s
     0     0    0.00000    0 1818          -    0.00000      -     -  349s
     0     0    0.00000    0 1649          -    0.00000      -     -  365s
     0     0    0.00000    0 1736          -    0.00000      -     -  417s
     0     0    0.00000    0 1540          -    0.00000      -     -  490s
H    0     0                    4.534502e+07    0.00000   100%     -  552s
     0     2    0.00000    0 1456 4.5345e+07    0.00000   100%     -  609s
     1     4    0.00000    1 1463 4.5345e+07    0.00000   100%  2598  638s
     3     6    0.00000    2 2102 4.5345e+07    0.00000   100%  2950  667s
     5     8    0.00000    2 2088 4.5345e+07    0.00000   100%  2985  706s
     9    12    0.00000    4 2053 4.5345e+07    0.00000   100%  2261  729s
    11    16    0.00000    5 2045 4.5345e+07    0.00000   100%  1853  733s
    15    20    0.00000    6 2036 4.5345e+07    0.00000   100%  1369  735s
    19    28    0.00000    7 2064 4.5345e+07    0.00000   100%  1093  763s
    27    39    0.00000   11 2008 4.5345e+07    0.00000   100%   923  824s
    38    95    0.00000   16 2014 4.5345e+07    0.00000   100%   846  915s
    94   253    0.00000   33 1796 4.5345e+07    0.00000   100%   441 1133s
   252   421 104772.447   66 1976 4.5345e+07    0.00000   100%   251 1347s
H  420   496                    4.531845e+07    0.00000   100%   205 1532s
   495   673 212793.889  129 1841 4.5318e+07    0.00000   100%   206 1744s
   672   949 490365.843  175 1823 4.5318e+07    0.00000   100%   188 1978s
   948  1255 2228688.04  267 1663 4.5318e+07    0.00000   100%   151 2186s
  1254  1679 3533154.09  318 1594 4.5318e+07    0.00000   100%   127 2365s
  1678  2152 5101317.48  423 1485 4.5318e+07    0.00000   100%   101 2568s
  2151  2624 5159134.66  597 1365 4.5318e+07    0.00000   100%  82.6 2728s
  2623  3060 5269096.48  772 1264 4.5318e+07    0.00000   100%  70.0 2912s
  3059  3438 5331548.99  941 1174 4.5318e+07    0.00000   100%  61.9 3053s
  3437  3819 5446712.51 1096 1118 4.5318e+07    0.00000   100%  57.3 3227s
H 3818  3819                    3.409008e+07    0.00000   100%  53.4 3407s
  3819  3820 4062956.78  713 2331 3.4090e+07    0.00000   100%  53.4 3543s
  3821  3821 891401.212  202 1055 3.4090e+07    0.00000   100%  53.4 3556s
  3822  3822 4050383.46  697 1312 3.4090e+07    0.00000   100%  53.4 3562s
  3824  3823 5273246.31  822 1216 3.4090e+07    0.00000   100%  53.3 3572s
  3826  3825 4376793.05 1296 1144 3.4090e+07    0.00000   100%  53.3 3586s
  3828  3826 4846440.72  365 1148 3.4090e+07    0.00000   100%  53.3 3598s

Cutting planes:
  Gomory: 33
  Implied bound: 7
  MIR: 670
  StrongCG: 5
  Flow cover: 465
  Zero half: 10
  RLT: 534
  Relax-and-lift: 1

Explored 3828 nodes (305537 simplex iterations) in 3622.06 seconds (1755.80 work units)
Thread count was 2 (of 24 available processors)

Solution count 3: 3.40901e+07 4.53184e+07 4.5345e+07 

Time limit reached
Best objective 3.409007668416e+07, best bound 0.000000000000e+00, gap 100.0000%
