
Gurobi 11.0.3 (linux64, Java) logging started qui 21 nov 2024 18:11:57 -03

Set parameter Username
Academic license - for non-commercial use only - expires 2025-10-10
Set parameter NonConvex to value 2
Set parameter TimeLimit to value 3600
Set parameter LogToConsole to value 0
Set parameter MIPGap to value 1.0305790061187408e-08
Set parameter Threads to value 2
Set parameter NodefileDir to value "/home/ps12398/experiment_hosp/goalProgrammingMarcos/"
Set parameter NodefileStart to value 1
Gurobi Optimizer version 11.0.3 build v11.0.3rc0 (linux64)

CPU model: Intel(R) Xeon(R) CPU           X5650  @ 2.67GHz, instruction set [SSE2]
Thread count: 12 physical cores, 24 logical processors, using up to 2 threads

Optimize a model with 2176872 rows, 1457786 columns and 12056828 nonzeros
Model fingerprint: 0xf47095cd
Model has 858 quadratic constraints
Variable types: 728468 continuous, 729318 integer (853 binary)
Coefficient statistics:
  Matrix range     [1e-03, 1e+07]
  QMatrix range    [1e-03, 2e+05]
  QLMatrix range   [1e+00, 2e+05]
  Objective range  [1e+00, 2e+08]
  Bounds range     [1e+00, 1e+08]
  RHS range        [1e+00, 2e+07]
Presolve removed 1437735 rows and 718638 columns (presolve time = 6s) ...
Presolve removed 2164492 rows and 1449741 columns (presolve time = 10s) ...
Presolve removed 2170286 rows and 1450192 columns
Presolve time: 12.35s
Presolved: 11940 rows, 9245 columns, 3606910 nonzeros
Presolved model has 2 SOS constraint(s)
Presolved model has 853 bilinear constraint(s)

Solving non-convex MIQCP

Variable types: 2962 continuous, 6283 integer (855 binary)

Root simplex log...

Iteration    Objective       Primal Inf.    Dual Inf.      Time
       0    0.0000000e+00   1.354454e+04   0.000000e+00     52s
    1887    4.9003991e+06   0.000000e+00   0.000000e+00     53s

Root relaxation: objective 4.900399e+06, 1887 iterations, 2.11 seconds (0.69 work units)
Total elapsed time = 53.23s (DegenMoves)
Total elapsed time = 59.23s (DegenMoves)
Total elapsed time = 63.40s (DegenMoves)

    Nodes    |    Current Node    |     Objective Bounds      |     Work
 Expl Unexpl |  Obj  Depth IntInf | Incumbent    BestBd   Gap | It/Node Time

     0     0 4900399.08    0 1301          - 4900399.08      -     -   64s
     0     0 4924183.72    0 1251          - 4924183.72      -     -   71s
     0     0 4924183.72    0 1142          - 4924183.72      -     -   77s
     0     0 4924183.72    0 1150          - 4924183.72      -     -   81s
     0     0 4924183.72    0 1130          - 4924183.72      -     -   83s
     0     0 4924183.72    0 1035          - 4924183.72      -     -  103s
     0     0 4924183.72    0 1027          - 4924183.72      -     -  106s
     0     0 4924183.72    0 1015          - 4924183.72      -     -  123s
     0     0 4924183.72    0 1020          - 4924183.72      -     -  131s
     0     0 4924183.72    0 1021          - 4924183.72      -     -  140s
H    0     0                    2.117602e+07 4924183.72  76.7%     -  143s
     0     0 4924183.72    0 1015 2.1176e+07 4924183.72  76.7%     -  145s
     0     0 4924183.72    0 1013 2.1176e+07 4924183.72  76.7%     -  170s
     0     2 4924183.72    0 1011 2.1176e+07 4924183.72  76.7%     -  222s
     1     4 4924183.72    1 1011 2.1176e+07 4924183.72  76.7%   321  225s
     9    12 4924183.72    3 1004 2.1176e+07 4924183.72  76.7%  61.0  230s
    15    18 4924183.72    5 1006 2.1176e+07 4924183.72  76.7%  38.9  235s
    19    24 4924183.72    6 1005 2.1176e+07 4924183.72  76.7%  31.1  241s
    23    32 4924183.72    7 1005 2.1176e+07 4924183.72  76.7%  26.1  250s
H   26    32                    2.117074e+07 4924183.72  76.7%  23.3  251s
    31    51 4924183.72   10 1005 2.1171e+07 4924183.72  76.7%  23.5  268s
    50    81 4924183.72   17 1008 2.1171e+07 4924183.72  76.7%  15.1  287s
    80   138 4924183.72   27 1005 2.1171e+07 4924183.72  76.7%  10.0  366s
   137   506 4924183.72   46 1002 2.1171e+07 4924183.72  76.7%   6.3  497s
   505   769 4924235.84  230 1011 2.1171e+07 4924183.72  76.7%   3.5  595s
   768  1112 4924257.40  342 1012 2.1171e+07 4924183.72  76.7%   2.7  672s
  1111  1257 4924277.88  556 1011 2.1171e+07 4924183.72  76.7%   2.2  723s
  1256  1342 4924291.31  671 1015 2.1171e+07 4924183.72  76.7%   2.1  764s
  1341  1489 4924291.31  716 1013 2.1171e+07 4924183.72  76.7%   2.1  813s
  1488  1645 4924291.31  775 1013 2.1171e+07 4924183.72  76.7%   2.1  875s
  1644  1780 4924291.31  837 1013 2.1171e+07 4924183.72  76.7%   2.0  960s
  1779  1916 4924303.47  906 1012 2.1171e+07 4924183.72  76.7%   2.0 1024s
  1915  2108 4924303.47  967 1012 2.1171e+07 4924183.72  76.7%   2.0 1098s
  2107  2278 4924303.47 1098 1012 2.1171e+07 4924183.72  76.7%   2.0 1156s
  2277  2488 4924314.82 1164 1012 2.1171e+07 4924183.72  76.7%   2.1 1235s
  2487  2844 4924314.82 1269 1016 2.1171e+07 4924183.72  76.7%   2.0 1340s
  2843  3114 4924355.41 1465 1014 2.1171e+07 4924183.72  76.7%   2.0 1433s
  3113  3378 4924385.68 1634 1011 2.1171e+07 4924183.72  76.7%   1.9 1495s
  3377  3626 4924398.20 1803 1008 2.1171e+07 4924183.72  76.7%   1.9 1571s
H 3625  3626                    1.813738e+07 4924183.72  72.9%   1.9 1593s
  3626  3627 4924767.68  339 2331 1.8137e+07 4924183.72  72.9%   1.9 1704s
  3628  3628 4924253.46  151  372 1.8137e+07 4924183.72  72.9%   1.9 1708s
  3631  3630 4928940.65  617  338 1.8137e+07 4928940.65  72.8%   1.9 1710s
  3637  3634 4928940.65  723  100 1.8137e+07 4928940.65  72.8%   1.9 1715s
  3643  3638 4928940.65  300   73 1.8137e+07 4928940.65  72.8%   1.9 1721s
  3648  3642 4928940.65  852   97 1.8137e+07 4928940.65  72.8%   1.9 1725s
  3654  3647 4928940.65 1195  388 1.8137e+07 4928940.65  72.8%   8.8 1730s
  3661  3652 4928940.65    5   81 1.8137e+07 4928940.65  72.8%   8.8 1738s
  3663  3653 4928940.65  791   98 1.8137e+07 4928940.65  72.8%   8.8 1740s
  3670  3658 4928940.65  739   88 1.8137e+07 4928940.65  72.8%   8.8 1745s
  3675  3661 4928940.65 1318   73 1.8137e+07 4928940.65  72.8%   8.8 1750s
  3880  4000 4928954.28   78  944 1.8137e+07 4928942.63  72.8%  13.9 1755s
  4605  4429 4928942.63  268  945 1.8137e+07 4928942.63  72.8%  11.9 1761s
H 4856  4310                    1.159641e+07 4928942.92  57.5%  11.3 1762s
H 4900  4131                    1.004363e+07 4928942.92  50.9%  11.2 1765s
H 4909  3962                    5550539.9368 4928942.92  11.2%  11.2 1765s
H 4936  3850                    5425464.4460 4928942.92  9.15%  11.2 1767s
H 4988  3814                    5370353.5583 4928942.92  8.22%  11.1 1769s
  5094  4047 4928954.28  392  944 5370353.56 4928942.92  8.22%  10.9 1771s
H 5672  4023                    5339066.8597 4928942.92  7.68%   9.8 1774s
  5673  4142 4928954.28  549  944 5339066.86 4928942.92  7.68%   9.8 1776s
H 5787  3969                    5320722.7834 4928942.92  7.36%   9.7 1776s
  6390  4437 4928970.24  777  947 5320722.78 4928942.92  7.36%   8.9 1782s
  6755  4784 4928965.93  876  948 5320722.78 4928942.92  7.36%   8.4 1785s
H 7055  4772                    5313581.8271 4928942.92  7.24%   8.1 1786s
H 7402  4895                    5289022.5453 4928942.92  6.81%   7.8 1790s
  7707  5283 4928970.24 1127  936 5289022.55 4928942.92  6.81%   7.5 1795s
  8668  5848 4928971.57 1374  935 5289022.55 4928942.92  6.81%   6.8 1800s
H 8815  5683                    5282209.4998 4928942.92  6.69%   6.7 1800s
H 8993  5830                    5244438.6143 4928942.92  6.02%   6.6 1806s
  9926  6689 4929002.00 1655  940 5244438.61 4928942.92  6.02%   6.1 1810s
 11167  7869 4929002.00 1997  940 5244438.61 4928942.92  6.02%   5.6 1815s
H11959  8480                    5236376.8033 4928942.92  5.87%   5.3 1820s
H12042  8480                    5236335.8682 4928942.92  5.87%   5.3 1820s
 12290  8658 4929002.25 2244  923 5236335.87 4928942.92  5.87%   5.3 1825s
 12668  9234 4929002.25 2355  930 5236335.87 4928942.92  5.87%   5.3 1833s
 12910  9385 4929002.25 2415  933 5236335.87 4928942.92  5.87%   5.2 1837s
H13061  9527                    5233192.5501 4928942.92  5.81%   5.2 1840s
H13208  9552                    5232631.5775 4928942.92  5.80%   5.1 1843s
H13224  9552                    5228984.3233 4928942.92  5.74%   5.1 1843s
 13228  9690 4929038.88 2501  931 5228984.32 4928942.92  5.74%   5.1 1846s
 13615 10151 4929038.88 2627  931 5228984.32 4928942.92  5.74%   5.1 1853s
 13827 10350 4929038.88 2678  932 5228984.32 4928942.92  5.74%   5.0 1856s
 14028 10370 4929038.88 2755  932 5228984.32 4928942.92  5.74%   5.0 1861s
H14222 10753                    5228604.4380 4928942.92  5.73%   5.0 1866s
 14618 11233 4929060.64 2936  929 5228604.44 4928942.92  5.73%   5.0 1872s
 14914 11603 4929060.64 3015  929 5228604.44 4928942.92  5.73%   4.9 1875s
H15284 11696                    5223666.3842 4928942.92  5.64%   4.8 1879s
 15377 11881 4929071.66 3101  949 5223666.38 4928942.92  5.64%   4.8 1882s
 15838 12343 4929071.66 3152  966 5223666.38 4928942.92  5.64%   4.9 1887s
H16084 12480                    5221782.4014 4928942.92  5.61%   4.9 1889s
 16170 12712 4929071.66 3209  951 5221782.40 4928942.92  5.61%   4.9 1892s
 16634 13193 4929094.15 3330  949 5221782.40 4928942.92  5.61%   4.8 1895s
H17169 13621                    5220848.2980 4928942.92  5.59%   4.8 1902s
 17499 13851 4929101.23 3480  942 5220848.30 4928942.92  5.59%   4.8 1907s
H17500 13851                    5214753.4218 4928942.92  5.48%   4.8 1907s
 17543 14099 4929094.15 3481  943 5214753.42 4928942.92  5.48%   4.7 1910s
 18052 14607 4929094.15 3664  943 5214753.42 4928942.92  5.48%   4.8 1915s
 18497 15053 4929101.23 3864  954 5214753.42 4928942.92  5.48%   5.0 1922s
 18908 15246 4929108.30 4012  945 5214753.42 4928942.92  5.48%   5.0 1926s
H18916 15246                    5212883.1496 4928942.92  5.45%   5.0 1926s
 19128 15426 4929108.30 4101  935 5212883.15 4928942.92  5.45%   5.1 1936s
H19155 15471                    5210783.6286 4928942.92  5.41%   5.1 1939s
 19187 15602 4929108.30 4115  936 5210783.63 4928942.92  5.41%   5.1 1943s
 19329 15721 4929108.69 4175  934 5210783.63 4928942.92  5.41%   5.2 1946s
 19472 15977 4929881.75 4234  929 5210783.63 4928942.92  5.41%   5.3 1950s
 20067 16248 4935027.48 4467  932 5210783.63 4928942.92  5.41%   5.5 1956s
H20099 16247                    5209070.1693 4928942.92  5.38%   5.5 1956s
 20301 16573     cutoff 4496      5209070.17 4928942.92  5.38%   5.7 1961s
H20527 16813                    5209006.3825 4928942.92  5.38%   5.7 1964s
 20766 17326 4928946.89   93  923 5209006.38 4928942.92  5.38%   5.7 1967s
 21279 17930 4928945.01  215  923 5209006.38 4928942.92  5.38%   5.5 1971s
 22507 19092 4928970.50  534  923 5209006.38 4928942.92  5.38%   5.3 1977s
 23045 19452 4928970.73  668  936 5209006.38 4928942.92  5.38%   5.2 1980s
H23767 20072                    5206904.4389 4928942.92  5.34%   5.1 1986s
 24027 20420 4928971.76  915  935 5206904.44 4928942.92  5.34%   5.0 1994s
 24375 20845 4928971.76 1002  936 5206904.44 4928942.92  5.34%   5.0 1997s
H24800 21240                    5205429.6548 4928942.92  5.31%   4.9 2000s
 25643 21990 4929005.98 1298  920 5205429.65 4928942.92  5.31%   4.8 2007s
 25945 22329 4929005.98 1401  920 5205429.65 4928942.92  5.31%   4.8 2010s
 26685 23162 4929028.92 1575  926 5205429.65 4928942.92  5.31%   4.7 2016s
H27117 23266                    5205312.3467 4928942.92  5.31%   4.6 2019s
H27148 23266                    5204598.5505 4928942.92  5.30%   4.6 2019s
 27221 23657 4929028.92 1689  926 5204598.55 4928942.92  5.30%   4.6 2022s
 27612 24177 4929050.03 1775  922 5204598.55 4928942.92  5.30%   4.6 2026s
 28132 24483 4929050.03 1901  934 5204598.55 4928942.92  5.30%   4.5 2030s
H28603 24780                    5204552.7591 4928942.92  5.30%   4.5 2032s
 28735 25084 4929437.71 2057  928 5204552.76 4928942.92  5.30%   4.5 2035s
H28825 25084                    5204537.7017 4928942.92  5.30%   4.4 2035s
 29271 25666 4929066.11 2180  928 5204537.70 4928942.92  5.30%   4.4 2041s
H29728 25887                    5204477.1938 4928942.92  5.29%   4.4 2044s
 29842 26396 4929066.11 2321  924 5204477.19 4928942.92  5.29%   4.4 2047s
 30351 26830 4929066.11 2438  929 5204477.19 4928942.92  5.29%   4.3 2050s
 31129 27582 4929076.68 2619  925 5204477.19 4928942.92  5.29%   4.3 2058s
 31537 27771 4929103.06 2726  918 5204477.19 4928942.92  5.29%   4.2 2061s
H31597 27769                    5203889.6044 4928942.92  5.28%   4.2 2061s
 31726 28137 4929103.67 2771  921 5203889.60 4928942.92  5.28%   4.2 2065s
H32094 28415                    5203880.1993 4928942.92  5.28%   4.2 2068s
H32372 28621                    5203201.9918 4928942.92  5.27%   4.2 2070s
 32919 29304 4929103.67 3060  918 5203201.99 4928942.92  5.27%   4.2 2075s
H33481 29653                    5203179.6736 4928942.92  5.27%   4.2 2080s
H33565 29653                    5203069.2401 4928942.92  5.27%   4.2 2080s
 33968 30328 4929108.67 3330  913 5203069.24 4928942.92  5.27%   4.1 2085s
H34473 30515                    5202990.4024 4928942.92  5.27%   4.1 2088s
 34476 30905 4929110.90 3473  907 5202990.40 4928942.92  5.27%   4.1 2090s
 34875 31212 4929108.67 3569  910 5202990.40 4928942.92  5.27%   4.1 2097s
H35007 31212                    5202906.5159 4928942.92  5.27%   4.1 2097s
 35173 31497 4929110.90 3635  907 5202906.52 4928942.92  5.27%   4.1 2100s
 35794 32167 4929326.15 3743  923 5202906.52 4928942.92  5.27%   4.1 2106s
H36128 32480                    5202787.6380 4928942.92  5.26%   4.1 2109s
 36441 32906 4929326.15 3901  923 5202787.64 4928942.92  5.26%   4.0 2113s
 36867 33383 4929113.13 4009  923 5202787.64 4928942.92  5.26%   4.0 2117s
 37344 33600 4929113.13 4136  922 5202787.64 4928942.92  5.26%   4.0 2120s
 37903 34269 4929261.18 4297  919 5202787.64 4928942.92  5.26%   3.9 2127s
 38614 34977 4929260.79 4504  924 5202787.64 4928942.92  5.26%   3.9 2132s
 38942 35438 4929261.26 4613  924 5202787.64 4928942.92  5.26%   3.9 2136s
H39491 35682                    5202581.7138 4928942.92  5.26%   3.9 2139s
 39647 36028 4929262.27 4786  928 5202581.71 4928942.92  5.26%   3.9 2142s
 40000 36030 4929262.27 4899  924 5202581.71 4928942.92  5.26%   3.9 2148s
 40002 36358 4929262.43 4899  924 5202581.71 4928942.92  5.26%   3.9 2150s
 40727 37088 4929262.27 5026  922 5202581.71 4928942.92  5.26%   3.9 2157s
H41066 37318                    5202580.2381 4928942.92  5.26%   3.9 2161s
 41497 37786 4929264.87 5136  924 5202580.24 4928942.92  5.26%   3.9 2167s
 42138 38510 4929264.87 5251  921 5202580.24 4928942.92  5.26%   3.9 2172s
 42795 39086 4929264.87 5418  922 5202580.24 4928942.92  5.26%   3.9 2176s
H42994 39086                    5201644.9907 4928942.92  5.24%   3.9 2176s
 43513 39765 4929264.87 5642  923 5201644.99 4928942.92  5.24%   3.8 2181s
 44032 40163 4929275.64 5724  924 5201644.99 4928942.92  5.24%   3.9 2186s
H44055 40163                    5201489.8212 4928942.92  5.24%   3.9 2186s
 44304 40648 4929275.64 5799  929 5201489.82 4928942.92  5.24%   3.9 2192s
H44993 41153                    5201183.8834 4928942.92  5.23%   3.8 2200s
H45073 41151                    5200275.3728 4928942.92  5.22%   3.8 2200s
 45498 41943 4929277.85 6110  926 5200275.37 4928942.92  5.22%   3.8 2207s
 46356 42608 4929278.85 6327  921 5200275.37 4928942.92  5.22%   3.8 2212s
 46815 43230 4929278.92 6394  930 5200275.37 4928942.92  5.22%   3.8 2217s
H47233 43458                    5199793.3307 4928942.92  5.21%   3.8 2226s
 47461 43908 4929279.34 6567  928 5199793.33 4928942.92  5.21%   3.8 2230s
H48131 44237                    5199784.1012 4928942.92  5.21%   3.8 2233s
 48240 44518 4929279.34 6804  928 5199784.10 4928942.92  5.21%   3.8 2235s
H48424 44518                    5199205.2490 4928942.92  5.20%   3.8 2235s
 48998 45425 4929281.27 7024  927 5199205.25 4928942.92  5.20%   3.7 2242s
 49428 45801 4929281.27 7140  927 5199205.25 4928942.92  5.20%   3.7 2245s
 50119 46166 4929290.55 7323  924 5199205.25 4928942.92  5.20%   3.7 2252s
 50169 46367 4929288.18 7336  927 5199205.25 4928942.92  5.20%   3.7 2256s
 50695 46931 4929290.55 7436  912 5199205.25 4928942.92  5.20%   3.7 2263s
 50934 47258 4929290.55 7494  912 5199205.25 4928942.92  5.20%   3.6 2265s
 51855 48070 4929292.07 7716  913 5199205.25 4928942.92  5.20%   3.7 2272s
H51969 48067                    5198318.2321 4928942.92  5.18%   3.7 2272s
 52291 48547 4929308.96 7822  912 5198318.23 4928942.92  5.18%   3.7 2285s
H52635 48696                    5198302.5875 4928942.92  5.18%   3.7 2287s
H52679 48696                    5198268.9008 4928942.92  5.18%   3.7 2288s
 52794 49097 4929292.07 7898  919 5198268.90 4928942.92  5.18%   3.7 2290s
 53646 49826 4929292.07 8090  917 5198268.90 4928942.92  5.18%   3.7 2297s
 54137 50254 4929302.63 8261  912 5198268.90 4928942.92  5.18%   3.8 2302s
 54372 50497 4929302.63 8365  912 5198268.90 4928942.92  5.18%   3.8 2305s
 54880 50785 4929302.63 8557  907 5198268.90 4928942.92  5.18%   3.9 2310s
H54907 50785                    5198179.3955 4928942.92  5.18%   3.9 2311s
 55098 51000 4999868.14 8645  903 5198179.40 4928942.92  5.18%   4.0 2316s
 55159 51083 5001189.90 8663  915 5198179.40 4928942.92  5.18%   4.0 2322s
H55261 51194                    5198069.5920 4928942.92  5.18%   4.1 2324s
 55385 51450 5000647.92 8755  891 5198069.59 4928942.92  5.18%   4.1 2328s
 55655 51590 5000647.92 8843  891 5198069.59 4928942.92  5.18%   4.1 2331s
H55865 51734                    5197874.7552 4928942.92  5.17%   4.1 2334s
 56011 51936 5000020.16 8889  882 5197874.76 4928942.92  5.17%   4.1 2336s
 56403 52373 5013142.14 8928  888 5197874.76 4928942.92  5.17%   4.2 2342s
 56718 52675 5020887.81 8969  892 5197874.76 4928942.92  5.17%   4.2 2345s
H56924 52675                    5197712.2122 4928942.92  5.17%   4.2 2345s
 57042 53110 4928946.89  175  941 5197712.21 4928942.92  5.17%   4.1 2352s
 57477 53589 4928942.92  277  942 5197712.21 4928942.92  5.17%   4.1 2356s
 57956 53936 4928957.65  395  936 5197712.21 4928942.92  5.17%   4.1 2360s
H58303 54090                    5197691.0812 4928942.92  5.17%   4.1 2364s
 58457 54379 4928968.41  504  935 5197691.08 4928942.92  5.17%   4.1 2367s
 58746 54898 4928968.41  588  935 5197691.08 4928942.92  5.17%   4.1 2372s
 59265 55250 4928968.41  754  928 5197691.08 4928942.92  5.17%   4.0 2375s
 60000 56057 4928970.50  973  928 5197691.08 4928942.92  5.17%   4.0 2381s
 60452 56381 4928970.50 1107  928 5197691.08 4928942.92  5.17%   4.0 2388s
H60667 56381                    5197639.7195 4928942.92  5.17%   4.0 2389s
 60748 56798 4928971.76 1202  923 5197639.72 4928942.92  5.17%   4.0 2393s
 61165 57206 4929019.09 1298  923 5197639.72 4928942.92  5.17%   4.0 2397s
 61573 57657 4928999.46 1387  924 5197639.72 4928942.92  5.17%   3.9 2401s
H62024 57841                    5197530.6701 4928942.92  5.17%   3.9 2405s
 62679 58678 4929040.82 1622  922 5197530.67 4928942.92  5.17%   3.9 2413s
H62827 58678                    5197505.1590 4928942.92  5.17%   3.9 2413s
 63045 59158 4929019.09 1709  929 5197505.16 4928942.92  5.17%   3.9 2418s
H63525 59528                    5197500.0663 4928942.92  5.17%   3.9 2422s
 63895 59788 4929019.09 1879  929 5197500.07 4928942.92  5.17%   3.8 2426s
 64155 60209 4929041.71 1944  922 5197500.07 4928942.92  5.17%   3.8 2430s
 64921 60694 4929041.71 2142  923 5197500.07 4928942.92  5.17%   3.8 2437s
H65039 60694                    5197395.2140 4928942.92  5.17%   3.8 2437s
 65061 61073 4929041.71 2201  923 5197395.21 4928942.92  5.17%   3.8 2441s
 65440 61237 4929048.22 2303  921 5197395.21 4928942.92  5.17%   3.8 2446s
 65978 61996 4929048.22 2448  917 5197395.21 4928942.92  5.17%   3.8 2454s
 66363 62298 4929048.22 2549  918 5197395.21 4928942.92  5.17%   3.8 2458s
H66665 62554                    5197323.3592 4928942.92  5.16%   3.7 2461s
 67284 63299 4929048.22 2762  917 5197323.36 4928942.92  5.16%   3.7 2468s
 67666 63671 4929048.22 2870  931 5197323.36 4928942.92  5.16%   3.7 2472s
 68038 63961 4929050.27 2972  925 5197323.36 4928942.92  5.16%   3.7 2476s
H68328 64092                    5197137.1715 4928942.92  5.16%   3.7 2479s
 68459 64472 4929071.97 3063  944 5197137.17 4928942.92  5.16%   3.7 2483s
 68839 64868 4929071.97 3176  939 5197137.17 4928942.92  5.16%   3.7 2487s
 69235 65033 4929071.97 3289  940 5197137.17 4928942.92  5.16%   3.7 2491s
 69793 65728 4929071.97 3463  940 5197137.17 4928942.92  5.16%   3.7 2496s
H70095 65904                    5197083.4032 4928942.92  5.16%   3.6 2500s
H70190 65904                    5196992.0891 4928942.92  5.16%   3.6 2500s
 70607 66376 4929077.31 3658  919 5196992.09 4928942.92  5.16%   3.6 2511s
H70742 66376                    5196309.7255 4928942.92  5.15%   3.6 2511s
 71130 67248 4929077.31 3801  923 5196309.73 4928942.92  5.15%   3.6 2519s
 71615 67645 4929078.63 3922  930 5196309.73 4928942.92  5.15%   3.6 2523s
 72012 68065 4929078.63 4019  927 5196309.73 4928942.92  5.15%   3.6 2527s
 72432 68321 4929079.57 4107  926 5196309.73 4928942.92  5.15%   3.6 2531s
H72601 68321                    5196165.6522 4928942.92  5.14%   3.6 2532s
 72688 68646 4929079.57 4192  934 5196165.65 4928942.92  5.14%   3.6 2535s
 73383 69367 4929079.57 4378  925 5196165.65 4928942.92  5.14%   3.6 2542s
 73734 69535 4929100.62 4472  924 5196165.65 4928942.92  5.14%   3.6 2547s
 73902 69949 4929079.57 4495  934 5196165.65 4928942.92  5.14%   3.6 2550s
 74749 70795 4929111.15 4695  917 5196165.65 4928942.92  5.14%   3.5 2557s
H75161 70795                    5196157.6878 4928942.92  5.14%   3.5 2557s
 75162 71042 4929111.15 4810  926 5196157.69 4928942.92  5.14%   3.5 2560s
H75310 71042                    5195851.9370 4928942.92  5.14%   3.5 2561s
 75794 71467 4929111.15 4990  926 5195851.94 4928942.92  5.14%   3.5 2567s
H75834 71623                    5195826.6675 4928942.92  5.14%   3.5 2571s
 76353 72381 4929120.13 5131  932 5195826.67 4928942.92  5.14%   3.5 2578s
 76748 72773 4929120.03 5221  932 5195826.67 4928942.92  5.14%   3.5 2583s
 77140 73078 4929133.03 5306  928 5195826.67 4928942.92  5.14%   3.5 2587s
 77445 73453 4929133.03 5390  928 5195826.67 4928942.92  5.14%   3.5 2590s
 78181 74188 4929133.03 5591  927 5195826.67 4928942.92  5.14%   3.5 2598s
 78555 74446 4929126.17 5686  928 5195826.67 4928942.92  5.14%   3.5 2601s
 78813 74795 4929133.03 5771  926 5195826.67 4928942.92  5.14%   3.5 2606s
 79162 75155 4929133.03 5835  930 5195826.67 4928942.92  5.14%   3.5 2610s
H79623 75278                    5195824.1249 4928942.92  5.14%   3.5 2613s
 79645 75643 4929353.46 5920  916 5195824.12 4928942.92  5.14%   3.5 2617s
 80010 75952 4929353.46 5994  916 5195824.12 4928942.92  5.14%   3.5 2621s
H80319 76129                    5195819.9532 4928942.92  5.14%   3.5 2624s
 80497 76242 4929354.51 6079  915 5195819.95 4928942.92  5.14%   3.5 2626s
 80847 76551 4929353.46 6224  917 5195819.95 4928942.92  5.14%   3.5 2633s
H80904 76551                    5195666.6512 4928942.92  5.13%   3.5 2634s
 80919 76602 4929353.46 6253  917 5195666.65 4928942.92  5.13%   3.5 2636s
 81120 76902 4929353.46 6330  917 5195666.65 4928942.92  5.13%   3.5 2642s
 81272 76949 4929354.51 6387  906 5195666.65 4928942.92  5.13%   3.5 2645s
H81299 76949                    5195666.6265 4928942.92  5.13%   3.5 2646s
 81403 77099 4929387.69 6424  910 5195666.63 4928942.92  5.13%   3.6 2650s
 81573 77444 4929387.69 6467  916 5195666.63 4928942.92  5.13%   3.6 2656s
 82174 78211 4929387.69 6598  907 5195666.63 4928942.92  5.13%   3.6 2664s
 82591 78496 4929389.98 6692  906 5195666.63 4928942.92  5.13%   3.6 2668s
 82876 78858 4929387.69 6779  908 5195666.63 4928942.92  5.13%   3.6 2673s
 83238 79061 4929440.22 6850  914 5195666.63 4928942.92  5.13%   3.6 2677s
H83358 79061                    5195342.5630 4928942.92  5.13%   3.6 2677s
 83441 79366 4929902.23 6906  913 5195342.56 4928942.92  5.13%   3.6 2682s
 83746 79554 4929902.23 7008  913 5195342.56 4928942.92  5.13%   3.6 2686s
 84037 79876 4929441.50 7108  909 5195342.56 4928942.92  5.13%   3.7 2692s
 84268 80068 4929441.50 7134  913 5195342.56 4928942.92  5.13%   3.7 2696s
 84738 80657 4929457.98 7204  894 5195342.56 4928942.92  5.13%   3.7 2704s
 85049 81009 4929441.50 7260  895 5195342.56 4928942.92  5.13%   3.7 2709s
 85401 81384 4929441.50 7331  895 5195342.56 4928942.92  5.13%   3.7 2714s
 85776 81763 4929457.98 7437  894 5195342.56 4928942.92  5.13%   3.7 2729s
 86155 82127 4929457.98 7537  894 5195342.56 4928942.92  5.13%   3.7 2734s
 86519 82404 4929487.95 7634  892 5195342.56 4928942.92  5.13%   3.6 2739s
 86796 82599 4929469.20 7730  900 5195342.56 4928942.92  5.13%   3.7 2743s
 86995 82864 4929458.52 7818  903 5195342.56 4928942.92  5.13%   3.7 2747s
 87260 82940 4929458.52 7927  903 5195342.56 4928942.92  5.13%   3.7 2750s
 87440 83089 4929459.07 7977  867 5195342.56 4928942.92  5.13%   3.8 2756s
H87510 83107                    5195199.7813 4928942.92  5.13%   3.8 2760s
 87579 83194 4929459.07 8009  868 5195199.78 4928942.92  5.13%   3.9 2766s
 87672 83418 4929480.83 8036  867 5195199.78 4928942.92  5.13%   4.0 2772s
 87853 83459 4929534.53 8049  879 5195199.78 4928942.92  5.13%   4.0 2775s
 88017 83727 4934538.94 8104  883 5195199.78 4928942.92  5.13%   4.1 2783s
 88206 83824 4934751.96 8121  888 5195199.78 4928942.92  5.13%   4.1 2786s
 88612 84351 4969488.06 8153  872 5195199.78 4928942.92  5.13%   4.1 2792s
 88926 84720 4929280.11  131  925 5195199.78 4928942.92  5.13%   4.1 2796s
 89295 85241 4928942.92  216  926 5195199.78 4928942.92  5.13%   4.1 2801s
 89816 85907 4928942.92  302  926 5195199.78 4928942.92  5.13%   4.1 2806s
 90482 86432 4928946.89  437  924 5195199.78 4928942.92  5.13%   4.1 2810s
H91007 86508                    5194616.0021 4928942.92  5.11%   4.0 2818s
H91087 86757                    5194599.4381 4928942.92  5.11%   4.0 2821s
 91911 87984 4928959.74  724  922 5194599.44 4928942.92  5.11%   4.0 2826s
 93158 89117 4929293.11  979  932 5194599.44 4928942.92  5.11%   4.0 2832s
 93696 89660 4928970.50 1088  933 5194599.44 4928942.92  5.11%   4.0 2835s
 94544 90508 4928999.46 1268  916 5194599.44 4928942.92  5.11%   3.9 2842s
 95087 90913 4929019.09 1370  917 5194599.44 4928942.92  5.11%   3.9 2845s
 95925 91657 4929019.09 1511  922 5194599.44 4928942.92  5.11%   3.9 2850s
 96236 91659 4929019.09 1563  917 5194599.44 4928942.92  5.11%   3.9 2857s
H96237 91659                    5194496.0809 4928942.92  5.11%   3.9 2857s
 96238 91988 4929019.09 1563  922 5194496.08 4928942.92  5.11%   3.9 2861s
 96972 92763 4929019.09 1705  916 5194496.08 4928942.92  5.11%   3.9 2867s
 97654 93379 4929019.09 1841  916 5194496.08 4928942.92  5.11%   3.9 2871s
 98168 93913 4929041.71 1965  913 5194496.08 4928942.92  5.11%   3.9 2876s
 98844 94624 4929041.71 2147  913 5194496.08 4928942.92  5.11%   3.9 2880s
 99556 95233 4929054.43 2348  928 5194496.08 4928942.92  5.11%   3.9 2885s
H99651 95233                    5194487.1613 4928942.92  5.11%   3.9 2885s
 100468 96256 4929054.43 2562  928 5194487.16 4928942.92  5.11%   3.9 2892s
 101092 96745 4929054.43 2722  923 5194487.16 4928942.92  5.11%   3.9 2896s
 101324 96747 4929078.64 2764  920 5194487.16 4928942.92  5.11%   3.9 2904s
H101325 96747                    5194471.9687 4928942.92  5.11%   3.9 2905s
 101871 97671 4929085.37 2896  922 5194471.97 4928942.92  5.11%   4.0 2912s
 102571 98173 4929085.59 3092  922 5194471.97 4928942.92  5.11%   4.0 2916s
 102962 98691 4929085.59 3146  919 5194471.97 4928942.92  5.11%   4.0 2920s
 103599 99237 4929087.87 3309  929 5194471.97 4928942.92  5.11%   4.0 2925s
H103714 99237                    5194469.2909 4928942.92  5.11%   4.0 2925s
 104153 99940 4929087.87 3453  929 5194469.29 4928942.92  5.11%   4.0 2930s
 104954 100680 4929090.04 3689  922 5194469.29 4928942.92  5.11%   4.0 2936s
 105443 101161 4929198.78 3831  911 5194469.29 4928942.92  5.11%   4.0 2941s
 106073 101798 4929199.99 3990  910 5194469.29 4928942.92  5.11%   4.0 2946s
 106377 101838 4929198.78 4065  911 5194469.29 4928942.92  5.11%   4.0 2955s
 106637 102348 4929199.99 4122  910 5194469.29 4928942.92  5.11%   4.0 2960s
 107268 102988 4929199.99 4280  912 5194469.29 4928942.92  5.11%   4.0 2965s
H107889 103545                    5194208.2870 4928942.92  5.11%   4.0 2971s
H108556 104135                    5194176.4530 4928942.92  5.11%   4.0 2976s
 109156 105019 4929201.00 4694  911 5194176.45 4928942.92  5.11%   4.0 2981s
 109978 105784 4929212.17 4882  907 5194176.45 4928942.92  5.11%   4.0 2987s
 110795 106540 4929239.27 5085  907 5194176.45 4928942.92  5.11%   3.9 2992s
 111409 106950 4929364.97 5243  907 5194176.45 4928942.92  5.11%   3.9 3000s
H111801 107499                    5194127.7667 4928942.92  5.11%   3.9 3006s
 112513 108242 4929397.10 5517  900 5194127.77 4928942.92  5.11%   3.9 3012s
 113153 108803 4929407.12 5670  905 5194127.77 4928942.92  5.11%   3.9 3017s
 113422 109130 4929407.12 5760  905 5194127.77 4928942.92  5.11%   3.9 3020s
 114079 109832 4929414.18 5930  902 5194127.77 4928942.92  5.11%   3.9 3027s
 114451 110125 4929414.18 6026  902 5194127.77 4928942.92  5.11%   3.9 3031s
 115122 110862 4929414.18 6185  895 5194127.77 4928942.92  5.11%   3.9 3037s
 115481 111064 4929414.18 6273  896 5194127.77 4928942.92  5.11%   3.9 3040s
 115986 111712 4929414.18 6393  898 5194127.77 4928942.92  5.11%   3.8 3045s
 116619 112038 4929414.18 6559  895 5194127.77 4928942.92  5.11%   3.8 3051s
 116940 112682 4929418.91 6642  892 5194127.77 4928942.92  5.11%   3.8 3056s
 117500 113218 4929418.91 6806  892 5194127.77 4928942.92  5.11%   3.8 3062s
 117837 113612 4929418.91 6888  892 5194127.77 4928942.92  5.11%   3.8 3065s
 118593 114363 4929418.91 7092  892 5194127.77 4928942.92  5.11%   3.8 3070s
 119646 115334 4929421.20 7381  898 5194127.77 4928942.92  5.11%   3.8 3077s
 120139 115840 4929421.20 7516  903 5194127.77 4928942.92  5.11%   3.8 3082s
 120459 116209 4929421.20 7603  903 5194127.77 4928942.92  5.11%   3.8 3085s
 121513 117230 4929423.57 7885  900 5194127.77 4928942.92  5.11%   3.8 3092s
 121851 117497 4929423.57 7977  900 5194127.77 4928942.92  5.11%   3.7 3096s
H122470 118005                    5194057.5431 4928942.92  5.10%   3.7 3101s
 123015 118747 4929423.59 8241  911 5194057.54 4928942.92  5.10%   3.7 3107s
 123366 119064 4929423.60 8311  909 5194057.54 4928942.92  5.10%   3.7 3110s
 123842 119479 4929423.60 8426  876 5194057.54 4928942.92  5.10%   3.7 3115s
 124373 120091 4929423.60 8571  876 5194057.54 4928942.92  5.10%   3.7 3121s
 124991 120526 4929423.61 8706  889 5194057.54 4928942.92  5.10%   3.7 3125s
 125326 120835 4929423.61 8725  874 5194057.54 4928942.92  5.10%   3.7 3130s
 125688 121284 4929423.61 8769  862 5194057.54 4928942.92  5.10%   3.7 3135s
 126317 121920 4929423.61 8825  867 5194057.54 4928942.92  5.10%   3.8 3141s
 126634 122263 4929423.61 8857  866 5194057.54 4928942.92  5.10%   3.8 3147s
 126901 122305 4930211.81 8879  867 5194057.54 4928942.92  5.10%   3.8 3150s
 127174 122679 4930218.11 8912  881 5194057.54 4928942.92  5.10%   3.8 3155s
H127212 122679                    5193891.5557 4928942.92  5.10%   3.8 3155s
 127578 123181 4930218.11 8954  861 5193891.56 4928942.92  5.10%   3.8 3161s
 128000 123608 4930218.11 9028  863 5193891.56 4928942.92  5.10%   3.8 3166s
 128400 123916 4930218.11 9103  861 5193891.56 4928942.92  5.10%   3.9 3171s
 128798 124434 4930218.11 9169  855 5193891.56 4928942.92  5.10%   3.9 3176s
 129354 124886 4930218.12 9225  855 5193891.56 4928942.92  5.10%   3.9 3181s
H129400 124886                    5193807.6638 4928942.92  5.10%   3.9 3182s
 129779 125106 4948009.04 9292  853 5193807.66 4928942.92  5.10%   3.9 3186s
 129993 125243 4928942.92  117  943 5193807.66 4928942.92  5.10%   4.0 3191s
H130118 125571                    5193797.9526 4928942.92  5.10%   4.0 3210s
H130354 125571                    5193689.5572 4928942.92  5.10%   4.0 3210s
 130807 126211 4931573.74  630  919 5193689.56 4928942.92  5.10%   4.0 3216s
 131622 127063 4931627.89  911  914 5193689.56 4928942.92  5.10%   4.0 3222s
 131978 127135 4931627.89 1020  914 5193689.56 4928942.92  5.10%   4.0 3227s
H132013 127134                    5193337.3965 4928942.92  5.09%   4.0 3232s
 132050 127491 4931627.89 1044  914 5193337.40 4928942.92  5.09%   4.0 3235s
 132873 128398 4932964.11 1324  915 5193337.40 4928942.92  5.09%   4.0 3254s
 133330 128856 4933149.42 1618  919 5193337.40 4928942.92  5.09%   4.0 3256s
H134294 129529                    5193084.0601 4928942.92  5.09%   4.0 3263s
 134461 129931 4933068.62 2247  915 5193084.06 4928942.92  5.09%   4.0 3266s
 135141 130774 4933607.18 2316  915 5193084.06 4928942.92  5.09%   4.0 3271s
 135986 131364 4933789.95 2650  929 5193084.06 4928942.92  5.09%   4.0 3275s
 136606 132105 4933799.08 2818  915 5193084.06 4928942.92  5.09%   4.0 3280s
 137037 132273 4933799.08 2958  915 5193084.06 4928942.92  5.09%   4.0 3285s
H137205 132579                    5193083.5568 4928942.92  5.09%   4.0 3288s
 137511 133029 4933824.25 3061  913 5193083.56 4928942.92  5.09%   3.9 3291s
 138311 133823 4933824.25 3201  929 5193083.56 4928942.92  5.09%   3.9 3298s
 138755 134207 4933824.25 3275  913 5193083.56 4928942.92  5.09%   3.9 3302s
 139139 134665 4933824.25 3339  929 5193083.56 4928942.92  5.09%   3.9 3306s
 139597 135163 4933824.25 3411  913 5193083.56 4928942.92  5.09%   3.9 3310s
H140095 135386                    5192918.0097 4928942.92  5.08%   3.9 3314s
 140320 136002 4933841.77 3642  921 5192918.01 4928942.92  5.08%   3.9 3317s
 141295 136956 4933872.89 4091  910 5192918.01 4928942.92  5.08%   3.9 3322s
 141890 137433 4933872.89 4271  909 5192918.01 4928942.92  5.08%   3.9 3325s
 142367 137435 4933873.21 4572  902 5192918.01 4928942.92  5.08%   3.9 3331s
H142401 137508                    5192903.5924 4928942.92  5.08%   3.9 3333s
 142442 137775 4933886.67 4586  920 5192903.59 4928942.92  5.08%   3.9 3336s
 143056 138378 4933886.67 4776  900 5192903.59 4928942.92  5.08%   3.9 3342s
 143405 138640 4933886.67 4883  900 5192903.59 4928942.92  5.08%   3.9 3345s
 144031 139252 4933886.67 5082  900 5192903.59 4928942.92  5.08%   3.9 3350s
 144680 139843 4933886.67 5270  900 5192903.59 4928942.92  5.08%   3.9 3356s
 145075 140073 4933893.02 5567  903 5192903.59 4928942.92  5.08%   3.9 3360s
 145467 140679 4933903.81 5644  900 5192903.59 4928942.92  5.08%   3.9 3365s
H146230 141359                    5192889.7616 4928942.92  5.08%   3.9 3371s
 146678 141794 4933903.81 5895  900 5192889.76 4928942.92  5.08%   3.9 3377s
 147247 142294 4933903.81 6102  899 5192889.76 4928942.92  5.08%   3.9 3381s
 147451 142296 4933903.81 6162  905 5192889.76 4928942.92  5.08%   3.9 3388s
 147453 142520 4933909.94 6162  898 5192889.76 4928942.92  5.08%   3.9 3392s
 147677 143216 4933909.98 6178  898 5192889.76 4928942.92  5.08%   3.9 3395s
 148705 143839 4934095.41 6627  891 5192889.76 4928942.92  5.08%   3.9 3400s
H148996 144097                    5192852.4289 4928942.92  5.08%   3.9 3403s
H149183 144097                    5192814.5605 4928942.92  5.08%   3.9 3404s
 149254 144550 4934156.49 6785  890 5192814.56 4928942.92  5.08%   3.9 3416s
 150026 145463 4934162.50 7039  889 5192814.56 4928942.92  5.08%   3.9 3421s
H150907 146051                    5192692.9256 4928942.92  5.08%   3.9 3427s
 151213 146354 4934162.54 7485  891 5192692.93 4928942.92  5.08%   3.9 3430s
 152106 147149 4934173.74 7668  893 5192692.93 4928942.92  5.08%   3.9 3437s
 152401 147428 4934191.59 7690  897 5192692.93 4928942.92  5.08%   3.9 3446s
 152731 147973 4934714.06 7724  901 5192692.93 4928942.92  5.08%   3.9 3450s
 153469 148462 4934758.12 8022  900 5192692.93 4928942.92  5.08%   3.9 3455s
 153847 148933 4934758.12 8032  889 5192692.93 4928942.92  5.08%   3.9 3461s
 154501 149605 4934758.12 8234  883 5192692.93 4928942.92  5.08%   3.9 3466s
 155020 150079 4934758.23 8259  878 5192692.93 4928942.92  5.08%   3.9 3471s
 155440 150489 4934758.23 8283  871 5192692.93 4928942.92  5.08%   3.9 3477s
 155776 150768 4934758.23 8299  887 5192692.93 4928942.92  5.08%   4.0 3481s
 156197 151207 4934758.23 8315  872 5192692.93 4928942.92  5.08%   4.0 3486s
 156644 151619 4934758.23 8335  867 5192692.93 4928942.92  5.08%   4.0 3490s
 157181 152177 4934758.23 8353  870 5192692.93 4928942.92  5.08%   4.0 3497s
 157376 152489 4934758.23 8352  869 5192692.93 4928942.92  5.08%   4.0 3500s
 157688 152491 4934758.23 8361  875 5192692.93 4928942.92  5.08%   4.1 3508s
 157690 152691 4934758.23 8362  869 5192692.93 4928942.92  5.08%   4.1 3511s
 158063 153191 4934758.23 8373  878 5192692.93 4928942.92  5.08%   4.1 3516s
 158508 153378 4934758.23 8395  924 5192692.93 4928942.92  5.08%   4.1 3521s
 158676 153591 4934758.23 8422  910 5192692.93 4928942.92  5.08%   4.2 3525s
 158972 153858 4934758.23 8429  878 5192692.93 4928942.92  5.08%   4.2 3532s
 159060 154106 4934758.23 8430  892 5192692.93 4928942.92  5.08%   4.3 3535s
 159569 154609 4934758.23 8437  882 5192692.93 4928942.92  5.08%   4.3 3540s
 160213 155108 4934758.23 8469  881 5192692.93 4928942.92  5.08%   4.4 3547s
 160601 155712 4934758.23 8482  888 5192692.93 4928942.92  5.08%   4.4 3553s
 160922 156006 4934758.23 8496  870 5192692.93 4928942.92  5.08%   4.4 3556s
 161492 156465 4934758.23 8506  866 5192692.93 4928942.92  5.08%   4.4 3562s
 161941 157072 4934758.23 8525  862 5192692.93 4928942.92  5.08%   4.4 3566s
 162565 157560 4934758.23 8537  864 5192692.93 4928942.92  5.08%   4.4 3571s
 162782 157562 4934758.23 8546  863 5192692.93 4928942.92  5.08%   4.4 3577s
 162784 157674 4934758.23 8547  863 5192692.93 4928942.92  5.08%   4.4 3580s
H162977 157717                    5192670.1775 4928942.92  5.08%   4.5 3584s
 163026 157818 4934758.23 8565  874 5192670.18 4928942.92  5.08%   4.5 3587s
 163153 158018 4942287.37 8573  887 5192670.18 4928942.92  5.08%   4.5 3590s
 163408 158134 4945168.43 8612  886 5192670.18 4928942.92  5.08%   4.5 3600s

Cutting planes:
  Gomory: 40
  Implied bound: 23
  MIR: 380
  StrongCG: 101
  Flow cover: 9
  Zero half: 6
  RLT: 38

Explored 163526 nodes (749070 simplex iterations) in 3673.38 seconds (1415.17 work units)
Thread count was 2 (of 24 available processors)

Solution count 10: 5.19267e+06 5.19269e+06 5.19281e+06 ... 5.19334e+06

Time limit reached
Best objective 5.192670177526e+06, best bound 4.928942922084e+06, gap 5.0788%
