
Gurobi 11.0.3 (linux64, Java) logging started sex 22 nov 2024 09:30:19 -03

Set parameter Username
Academic license - for non-commercial use only - expires 2025-10-10
Set parameter NonConvex to value 2
Set parameter TimeLimit to value 3600
Set parameter LogToConsole to value 0
Set parameter MIPGap to value 3.6214606217221094e-08
Set parameter Threads to value 2
Set parameter NodefileDir to value "/home/ps12398/experiment_hosp/goalProgrammingMarcos/"
Set parameter NodefileStart to value 1
Gurobi Optimizer version 11.0.3 build v11.0.3rc0 (linux64)

CPU model: Intel(R) Xeon(R) CPU           X5650  @ 2.67GHz, instruction set [SSE2]
Thread count: 12 physical cores, 24 logical processors, using up to 2 threads

Optimize a model with 180599 rows, 121779 columns and 800906 nonzeros
Model fingerprint: 0x37d0b64a
Model has 251 quadratic constraints
Variable types: 60768 continuous, 61011 integer (246 binary)
Coefficient statistics:
  Matrix range     [4e-03, 7e+06]
  QMatrix range    [4e-03, 1e+05]
  QLMatrix range   [1e+00, 1e+05]
  Objective range  [1e+00, 6e+07]
  Bounds range     [1e+00, 1e+08]
  RHS range        [1e+00, 4e+06]
Presolve removed 178444 rows and 119476 columns
Presolve time: 0.66s
Presolved: 4211 rows, 2925 columns, 338228 nonzeros
Presolved model has 2 SOS constraint(s)
Presolved model has 246 bilinear constraint(s)

Solving non-convex MIQCP

Variable types: 930 continuous, 1995 integer (248 binary)
Found heuristic solution: objective 2.454476e+07

Root relaxation: objective 0.000000e+00, 455 iterations, 0.14 seconds (0.05 work units)

    Nodes    |    Current Node    |     Objective Bounds      |     Work
 Expl Unexpl |  Obj  Depth IntInf | Incumbent    BestBd   Gap | It/Node Time

     0     0    0.00000    0  488 2.4545e+07    0.00000   100%     -    3s
     0     0 462075.858    0  689 2.4545e+07 462075.858  98.1%     -    6s
     0     0 468350.993    0  682 2.4545e+07 468350.993  98.1%     -    7s
     0     0 471345.178    0  678 2.4545e+07 471345.178  98.1%     -   10s
     0     0 476051.716    0  683 2.4545e+07 476051.716  98.1%     -   11s
     0     0 476051.716    0  675 2.4545e+07 476051.716  98.1%     -   13s
     0     0 476051.716    0  665 2.4545e+07 476051.716  98.1%     -   13s
     0     0 476051.716    0  718 2.4545e+07 476051.716  98.1%     -   17s
     0     0 476051.716    0  681 2.4545e+07 476051.716  98.1%     -   21s
     0     2 476051.716    0  669 2.4545e+07 476051.716  98.1%     -   27s
    23    26 491007.140    9  698 2.4545e+07 491007.140  98.0%  56.5   30s
H   88    93                    2.454295e+07 491007.140  98.0%  21.7   34s
    92   106 508555.268   37  651 2.4543e+07 491007.140  98.0%  20.8   35s
H  120   124                    2.417965e+07 491007.140  98.0%  16.9   36s
H  151   155                    2.417253e+07 491007.140  98.0%  14.5   38s
   182   189 544062.501   74  613 2.4173e+07 491007.140  98.0%  13.9   40s
H  187   189                    2.380587e+07 491007.140  97.9%  13.6   40s
   240   249 601245.709   98  388 2.3806e+07 491007.140  97.9%  47.7   45s
   281   288 612374.495  117  374 2.3806e+07 491007.140  97.9%  84.7   50s
   343   376 646253.460  134  359 2.3806e+07 491007.140  97.9%   113   56s
H  367   376                    2.379749e+07 491007.140  97.9%   105   56s
H  444   450                    5931526.6226 491007.140  91.7%  90.4   59s
   451   513 646481.607  201  315 5931526.62 491007.140  91.7%  91.0   61s
H  513   513                    5931115.1858 491007.140  91.7%  80.3   61s
   580   645 646481.607  271  272 5931115.19 491007.140  91.7%  71.3   65s
H  587   645                    5768109.6800 491007.140  91.5%  70.5   65s
H  627   645                    5766697.9173 491007.140  91.5%  66.3   65s
H  730   775                    5705591.0934 491007.140  91.4%  57.5   69s
H  776   831                    5605587.2650 491007.140  91.2%  54.7   76s
H  832   864                    4976662.9539 491007.140  90.1%  51.7   78s
H  849   864                    4770707.1541 491007.140  89.7%  50.9   78s
H  864   864                    4582217.4206 491007.140  89.3%  50.0   78s
   865   986 646481.607  371  256 4582217.42 491007.140  89.3%  50.0   81s
H  993  1078                    4208190.1434 491007.140  88.3%  45.2   84s
  1081  1181 646481.607  462  256 4208190.14 491007.140  88.3%  42.5   87s
H 1184  1296                    3993249.2335 491007.140  87.7%  40.2   90s
H 1422  1547                    3912111.0448 491007.140  87.4%  35.5   96s
H 1550  1680                    3793333.7107 491007.140  87.1%  33.3   99s
H 1683  1806                    3710054.9242 491007.140  86.8%  31.2  103s
  1809  1918 646949.098  768  256 3710054.92 491007.140  86.8%  29.6  105s
H 2064  2143                    3710042.5599 491007.140  86.8%  27.4  112s
  2146  2264 647458.919  921  256 3710042.56 491007.140  86.8%  26.8  115s
H 2267  2335                    3708897.8396 491007.140  86.8%  25.9  119s
  2338  2468 647567.344 1052  256 3708897.84 491007.140  86.8%  25.5  123s
H 2360  2468                    3666307.8475 491007.140  86.6%  25.4  123s
  2471  2587 647625.606 1121  256 3666307.85 491007.140  86.6%  24.6  128s
  2590  2724 647664.065 1176  257 3666307.85 491007.140  86.6%  23.8  132s
  2727  2891 648691.071 1229  258 3666307.85 491007.140  86.6%  22.9  136s
H 2894  3065                    3660348.7125 491007.140  86.6%  22.2  140s
H 3068  3208                    3660348.6845 491007.140  86.6%  21.2  144s
H 3211  3394                    3435587.0441 491007.140  85.7%  20.6  148s
H 3397  3594                    3407276.9415 491007.140  85.6%  20.0  154s
H 3597  3820                    3337366.1481 491007.140  85.3%  19.3  160s
  3824  3821 764134.413  987  764 3337366.15 491007.140  85.3%  18.5  168s
  3826  3822 646481.607  255  396 3337366.15 491007.140  85.3%  18.5  171s
  3830  3825 756409.887  871  527 3337366.15 521937.110  84.4%  18.5  175s
  3835  3828 755261.763  736  510 3337366.15 532316.789  84.0%  18.5  180s
  3841  3832 686534.323 1385  522 3337366.15 535339.435  84.0%  18.4  185s
  3848  3837 646835.319  666  434 3337366.15 535339.435  84.0%  18.4  192s
  3850  3841 628300.204   10  670 3337366.15 535339.435  84.0%  19.6  196s
  3856  3845 665726.219   12  729 3337366.15 535387.506  84.0%  19.8  200s
  3862  3849 665726.219   13  728 3337366.15 551578.259  83.5%  20.0  205s
  3866  3852 673474.798   14  720 3337366.15 551674.461  83.5%  20.0  211s
  3870  3855 767884.047   15  704 3337366.15 551674.461  83.5%  20.2  215s
  3878  3861 778365.963   17  702 3337366.15 551674.461  83.5%  20.3  221s
  3884  3864 786252.367   19  694 3337366.15 551674.461  83.5%  20.6  225s
  3892  3871 884710.631   21  681 3337366.15 551674.461  83.5%  20.8  231s
  3900  3877 904305.603   23  686 3337366.15 551674.461  83.5%  20.9  236s
  3904  3878 831655.243   24  660 3337366.15 551674.461  83.5%  21.4  240s
  3911  3884 822269.676   26  637 3337366.15 551674.461  83.5%  22.0  246s
  3919  3889 822724.117   28  629 3337366.15 551674.461  83.5%  23.0  251s
  3923  3892 822951.337   29  566 3337366.15 551674.461  83.5%  23.5  255s
  3931  3897 827678.660   31  557 3337366.15 551674.461  83.5%  23.9  260s
  3939  3903 832633.204   33  552 3337366.15 551674.461  83.5%  24.2  267s
  3943  3905 832633.204   34  576 3337366.15 551674.461  83.5%  24.3  270s
  3953  3913 940154.534   36  555 3337366.15 551674.461  83.5%  24.7  277s
  3958  3917 1057145.67   37  558 3337366.15 551674.461  83.5%  25.2  282s
  3964  3921 839482.241   39  555 3337366.15 551674.461  83.5%  25.8  286s
  3970  3925 839482.241   40  551 3337366.15 551674.461  83.5%  26.2  290s
  3983  3934 956473.377   43  558 3337366.15 551674.461  83.5%  26.7  297s
  3989  3938 855290.973   45  547 3337366.15 551674.461  83.5%  26.9  302s
  3995  3943 855290.973   47  548 3337366.15 551674.461  83.5%  26.8  307s
  4002  3950 855290.973   48  566 3337366.15 551674.461  83.5%  27.2  313s
  4011  3957 859939.356   51  550 3337366.15 551674.461  83.5%  28.0  319s
  4021  3962 869220.515   54  533 3337366.15 551674.461  83.5%  28.1  325s
  4030  3969 864587.739   56  539 3337366.15 551674.461  83.5%  28.9  331s
  4040  3976 864712.018   59  537 3337366.15 551674.461  83.5%  28.9  337s
  4050  3983 864712.018   62  526 3337366.15 551674.461  83.5%  29.3  343s
  4060  3987 864712.018   65  525 3337366.15 551674.461  83.5%  29.5  349s
  4068  3995 864712.018   67  521 3337366.15 551674.461  83.5%  29.5  356s
  4078  3998 869360.401   69  508 3337366.15 551674.461  83.5%  30.3  362s
  4085  4006 864712.018   71  516 3337366.15 551674.461  83.5%  30.5  370s
  4095  4014 1094256.66   73  507 3337366.15 551674.461  83.5%  30.6  378s
  4106  4021 869344.795   76  509 3337366.15 551674.461  83.5%  30.7  385s
  4117  4029 869344.795   78  515 3337366.15 551674.461  83.5%  31.3  393s
  4129  4040 869344.795   82  501 3337366.15 551674.461  83.5%  31.5  401s
  4144  4050 880473.581   86  498 3337366.15 551674.461  83.5%  32.0  410s
H 4150  3855                    3134583.9815 551674.461  82.4%  32.3  410s
  4159  3870 878582.268   90  489 3134583.98 551674.461  82.4%  32.3  420s
  4177  3885 889711.053   96  490 3134583.98 551674.461  82.4%  32.7  430s
  4198  3901 1009219.19  100  504 3134583.98 551674.461  82.4%  34.1  442s
  4221  3913 901147.020  105  487 3134583.98 551674.461  82.4%  35.1  453s
  4240  3925 901147.020  111  486 3134583.98 551674.461  82.4%  35.7  464s
H 4259  3758                    2847425.6343 551674.461  80.6%  35.8  477s
  4280  3777 905779.797  122  515 2847425.63 551674.461  80.6%  36.9  489s
  4306  3793 905779.797  127  499 2847425.63 551674.461  80.6%  37.6  502s
H 4317  3616                    2823030.9875 551674.461  80.5%  37.7  502s
  4331  3637 905779.797  132  482 2823030.99 551674.461  80.5%  38.2  515s
H 4354  3464                    2784368.2752 551674.461  80.2%  38.7  515s
  4357  3489 905779.797  138  472 2784368.28 551674.461  80.2%  38.7  527s
H 4383  3350                    2676926.1228 551674.461  79.4%  39.1  542s
  4409  3369 915032.875  151  449 2676926.12 551674.461  79.4%  39.6  555s
  4437  3385 915032.875  160  442 2676926.12 551674.461  79.4%  39.7  571s
  4462  3412 920354.770  165  447 2676926.12 551674.461  79.4%  40.5  585s
  4498  3441 928918.730  171  443 2676926.12 551674.461  79.4%  41.2  603s
  4539  3461 928962.417  178  451 2676926.12 551674.461  79.4%  42.2  617s
H 4552  3308                    2586974.9859 551674.461  78.7%  42.1  617s
  4572  3338 933610.800  183  418 2586974.99 551674.461  78.7%  42.5  630s
  4608  3362 938259.182  191  431 2586974.99 551674.461  78.7%  43.3  648s
  4644  3381 933610.800  198  425 2586974.99 551674.461  78.7%  43.4  665s
H 4654  3235                    2586974.9741 551674.461  78.7%  43.5  665s
  4675  3258 933610.800  205  413 2586974.97 551674.461  78.7%  43.7  685s
  4705  3277 933610.800  212  413 2586974.97 551674.461  78.7%  44.4  703s
H 4719  3139                    2577866.3251 551674.461  78.6%  44.6  703s
  4734  3165 933610.800  219  407 2577866.33 551674.461  78.6%  44.7  723s
  4765  3186 933744.696  226  394 2577866.33 551674.461  78.6%  45.0  743s
  4797  3210 933610.800  234  387 2577866.33 551674.461  78.6%  44.7  765s
  4831  3233 933610.800  242  383 2577866.33 551674.461  78.6%  44.5  787s
H 4839  3103                    2559561.0076 551674.461  78.4%  44.4  787s
  4866  3131 933610.800  250  375 2559561.01 551674.461  78.4%  44.6  811s
H 4900  2998                    2558851.9598 551674.461  78.4%  44.7  811s
  4903  3037 933610.800  259  365 2558851.96 551674.461  78.4%  44.7  837s
H 4924  2915                    2323954.3215 551674.461  76.3%  44.9  837s
H 4943  2857                    2315730.5599 551674.461  76.2%  44.9  860s
H 4971  2744                    2284553.3592 551674.461  75.9%  44.7  860s
H 5000  2689                    2283284.8452 551674.461  75.8%  45.1  883s
H 5054  2628                    2260930.0317 551674.461  75.6%  46.4  908s
H 5105  2579                    2254863.8564 551674.461  75.5%  46.6  937s
  5162  2611 934026.371  325  392 2254863.86 551674.461  75.5%  47.8  958s
H 5187  2519                    2250418.8301 551674.461  75.5%  47.6  958s
H 5213  2482                    2238430.1497 551674.461  75.4%  47.5  978s
H 5266  2444                    2236659.1781 551674.461  75.3%  47.0 1011s
H 5322  2404                    2235618.1181 551674.461  75.3%  46.7 1043s
  5373  2438 937121.167  374  360 2235618.12 551674.461  75.3%  46.7 1079s
H 5401  2359                    2234291.6745 551674.461  75.3%  46.5 1079s
  5424  2400 941434.409  388  354 2234291.67 551674.461  75.3%  46.7 1115s
H 5427  2334                    2205446.7996 551674.461  75.0%  46.7 1115s
H 5455  2262                    2202159.8507 551674.461  74.9%  46.5 1115s
  5472  2311 965527.962  402  355 2202159.85 551674.461  74.9%  46.8 1152s
H 5481  2248                    2167749.6009 551674.461  74.6%  46.7 1152s
  5526  2286 938862.459  418  356 2167749.60 551674.461  74.6%  46.9 1180s
H 5538  2226                    2164835.6112 551674.461  74.5%  46.9 1180s
  5579  2266 939847.101  433  371 2164835.61 551674.461  74.5%  46.6 1206s
H 5594  2208                    2157829.7782 551674.461  74.4%  46.4 1206s
  5633  2253 940055.480  448  367 2157829.78 551674.461  74.4%  46.1 1235s
H 5650  2196                    2143216.6533 551674.461  74.3%  46.0 1235s
  5691  2241 968453.966  464  355 2143216.65 551674.461  74.3%  45.7 1266s
H 5709  2187                    2142790.8920 551674.461  74.3%  45.6 1266s
  5749  2238 943171.280  481  363 2142790.89 551674.461  74.3%  45.3 1303s
H 5806  2173                    2141326.1661 551674.461  74.2%  44.9 1303s
  5814  2234 943351.346  500  352 2141326.17 551674.461  74.2%  44.8 1347s
H 5869  2172                    2140791.2133 551674.461  74.2%  44.4 1347s
  5877  2237 966415.466  518  371 2140791.21 551674.461  74.2%  44.4 1394s
H 5935  2176                    2121404.9789 551674.461  74.0%  44.1 1394s
  5944  2243 944291.259  538  350 2121404.98 551674.461  74.0%  44.0 1444s
H 6002  2185                    2118715.2574 551674.461  74.0%  43.7 1444s
  6014  2247 943914.296  559  351 2118715.26 551674.461  74.0%  43.6 1488s
  6080  2301 944111.104  579  351 2118715.26 551674.461  74.0%  43.3 1535s
H 6094  2301                    2117828.9858 551674.461  74.0%  43.2 1535s
  6149  2375 967717.296  600  369 2117828.99 551674.461  74.0%  43.1 1587s
H 6206  2375                    2117123.7956 551674.461  73.9%  42.9 1587s
  6223  2453 949365.536  622  348 2117123.80 551674.461  73.9%  42.7 1646s
H 6232  2453                    2109368.0575 551674.461  73.8%  42.7 1646s
  6301  2533 949892.133  644  347 2109368.06 551674.461  73.8%  42.5 1706s
  6381  2614 949930.426  667  344 2109368.06 551674.461  73.8%  42.1 1763s
  6462  2700 950213.550  690  343 2109368.06 551674.461  73.8%  41.8 1827s
  6548  2790 963982.281  715  348 2109368.06 551674.461  73.8%  41.5 1887s
H 6601  2790                    2103976.1601 551674.461  73.8%  41.1 1887s
H 6638  2886                    2102820.2972 551674.461  73.8%  41.0 1942s
  6734  2986 991963.073  770  326 2102820.30 551674.461  73.8%  40.4 1998s
  6834  3088 1012118.49  799  325 2102820.30 551674.461  73.8%  39.9 2049s
  6936  3195 1043733.76  829  333 2102820.30 551674.461  73.8%  39.5 2108s
  7043  3304 996200.637  861  329 2102820.30 551674.461  73.8%  39.0 2168s
  7152  3418 1044636.58  893  333 2102820.30 551674.461  73.8%  38.6 2240s
  7266  3537 1045116.21  927  333 2102820.30 551674.461  73.8%  38.2 2318s
  7385  3663 1045624.04  963  333 2102820.30 551674.461  73.8%  37.7 2395s
H 7511  3794                    2090212.0341 551674.461  73.6%  37.3 2475s
  7642  3926 998322.570 1041  329 2090212.03 551674.461  73.6%  36.8 2561s
H 7774  4065                    2089526.4060 551674.461  73.6%  36.3 2640s
H 7856  4065                    2087214.1057 551674.461  73.6%  36.1 2640s
  7913  4209 999259.164 1121  329 2087214.11 551674.461  73.6%  35.8 2716s
  8057  4362 999817.581 1163  329 2087214.11 551674.461  73.6%  35.3 2806s
H 8210  4502                    2078595.8536 551674.461  73.5%  34.8 2906s
  8350  4646 1079302.15 1247  318 2078595.85 551674.461  73.5%  34.4 2991s
  8494  4795 1081537.61 1286  317 2078595.85 551674.461  73.5%  33.8 3081s
H 8575  4795                    2052312.3199 551674.461  73.1%  33.5 3081s
H 8643  4958                    2050166.0199 551674.461  73.1%  33.2 3186s
H 8732  4958                    2048240.2154 551674.461  73.1%  32.9 3186s
H 8806  5123                    2047015.8286 551674.461  73.0%  32.7 3281s
H 8971  5287                    2033888.2571 551674.461  72.9%  32.1 3382s
  9135  5460 1084413.23 1461  314 2033888.26 551674.461  72.9%  31.6 3487s
  9308  5633 1085334.88 1508  313 2033888.26 551674.461  72.9%  31.1 3600s

Cutting planes:
  Gomory: 44
  Implied bound: 28
  MIR: 148
  Mixing: 2
  StrongCG: 1
  Flow cover: 47
  RLT: 218
  Relax-and-lift: 4

Explored 9481 nodes (293931 simplex iterations) in 3600.04 seconds (11038.79 work units)
Thread count was 2 (of 24 available processors)

Solution count 10: 2.03389e+06 2.04702e+06 2.04824e+06 ... 2.10282e+06

Time limit reached
Best objective 2.033888257108e+06, best bound 5.516744606666e+05, gap 72.8759%
