
Gurobi 11.0.3 (linux64, Java) logging started sáb 23 nov 2024 00:13:53 -03

Set parameter Username
Academic license - for non-commercial use only - expires 2025-10-10
Set parameter NonConvex to value 2
Set parameter TimeLimit to value 3600
Set parameter LogToConsole to value 0
Set parameter MIPGap to value 3.6214606217221094e-08
Set parameter Threads to value 2
Set parameter NodefileDir to value "/home/ps12398/experiment_hosp/goalProgrammingMarcos/"
Set parameter NodefileStart to value 1
Gurobi Optimizer version 11.0.3 build v11.0.3rc0 (linux64)

CPU model: Intel(R) Xeon(R) CPU           X5650  @ 2.67GHz, instruction set [SSE2]
Thread count: 12 physical cores, 24 logical processors, using up to 2 threads

Optimize a model with 180599 rows, 121779 columns and 800906 nonzeros
Model fingerprint: 0xea46ee31
Model has 251 quadratic constraints
Variable types: 60768 continuous, 61011 integer (246 binary)
Coefficient statistics:
  Matrix range     [4e-03, 7e+06]
  QMatrix range    [4e-03, 1e+05]
  QLMatrix range   [1e+00, 1e+05]
  Objective range  [1e+00, 6e+07]
  Bounds range     [1e+00, 1e+08]
  RHS range        [1e+00, 4e+06]
  QRHS range       [2e-01, 2e-01]
Presolve removed 178444 rows and 119476 columns
Presolve time: 0.61s
Presolved: 4211 rows, 2925 columns, 338228 nonzeros
Presolved model has 2 SOS constraint(s)
Presolved model has 246 bilinear constraint(s)

Solving non-convex MIQCP

Variable types: 930 continuous, 1995 integer (248 binary)
Found heuristic solution: objective 2.193924e+07

Root relaxation: objective 0.000000e+00, 310 iterations, 0.09 seconds (0.03 work units)

    Nodes    |    Current Node    |     Objective Bounds      |     Work
 Expl Unexpl |  Obj  Depth IntInf | Incumbent    BestBd   Gap | It/Node Time

     0     0    0.00000    0  334 2.1939e+07    0.00000   100%     -    3s
     0     0    0.00000    0  420 2.1939e+07    0.00000   100%     -    4s
     0     0    0.00000    0  365 2.1939e+07    0.00000   100%     -    7s
     0     0    0.00000    0  368 2.1939e+07    0.00000   100%     -    8s
     0     0    0.00000    0  351 2.1939e+07    0.00000   100%     -   10s
     0     0    0.00000    0  323 2.1939e+07    0.00000   100%     -   10s
     0     0    0.00000    0  371 2.1939e+07    0.00000   100%     -   12s
     0     0    0.00000    0  371 2.1939e+07    0.00000   100%     -   16s
     0     2    0.00000    0  368 2.1939e+07    0.00000   100%     -   22s
    25    32    0.00000   11  304 2.1939e+07    0.00000   100%  65.9   25s
H  167   266                    2.172055e+07    0.00000   100%  21.5   53s
   265   488    0.00000  108  265 2.1721e+07    0.00000   100%  22.5   58s
H  348   488                    2.123817e+07    0.00000   100%  25.6   58s
H  497   663                    2.122427e+07    0.00000   100%  29.7   64s
H  572   663                    2.032929e+07    0.00000   100%  28.5   64s
H  677   867                    2.031425e+07    0.00000   100%  26.5   70s
   887  1073    0.00000  285  248 2.0314e+07    0.00000   100%  22.5   76s
  1098  1388    0.00000  340  249 2.0314e+07    0.00000   100%  19.5   83s
  1417  1596    0.00000  452  243 2.0314e+07    0.00000   100%  15.6   89s
H 1459  1596                    1842872.4063    0.00000   100%  15.3   89s
H 1575  1596                    1208708.7831    0.00000   100%  14.4   89s
  1654  1845    0.00000  542  241 1208708.78    0.00000   100%  13.8   95s
H 1783  1845                    918360.48514    0.00000   100%  13.0   95s
  1913  2072 18495.5407  655  238 918360.485    0.00000   100%  12.3  101s
  2144  2242 57619.1434  748  234 918360.485    0.00000   100%  11.7  106s
  2314  2515 63476.9927  817  234 918360.485    0.00000   100%  10.9  113s
H 2445  2515                    868429.16027    0.00000   100%  10.4  113s
H 2587  2781                    761764.17607    0.00000   100%   9.9  120s
  2855  3096 90111.9960 1065  234 761764.176    0.00000   100%   9.1  127s
H 3029  3096                    249586.44123    0.00000   100%   8.6  127s
  3170  3382 114778.650 1237  236 249586.441    0.00000   100%   8.3  135s
H 3317  3027                    79921.874561    0.00000   100%   8.0  135s
  3456  3074     cutoff 1383      79921.8746    0.00000   100%   7.7  141s
H 3704  3073                    79855.111610    0.00000   100%   7.8  149s
  3705  3074    0.00000  367  764 79855.1116    0.00000   100%   7.8  155s
  3710  3077    0.00000  521   98 79855.1116    0.00000   100%   7.8  160s
  3718  3083    0.00000  215   39 79855.1116    0.00000   100%   7.8  165s
  3727  3089    0.00000  297   18 79855.1116    0.00000   100%   7.8  170s
  3743  3102    0.00000   16  277 79855.1116    0.00000   100%  10.9  175s
  3764  3133    0.00000   21  263 79855.1116    0.00000   100%  11.1  184s
  3783  3167    0.00000   26  264 79855.1116    0.00000   100%  11.2  195s
  3823  3245    0.00000   36  255 79855.1116    0.00000   100%  11.5  217s
  3914  3310    0.00000   59  267 79855.1116    0.00000   100%  12.8  245s
  4010  3398    0.00000   85  246 79855.1116    0.00000   100%  14.3  274s
  4130  3477    0.00000  119  246 79855.1116    0.00000   100%  15.2  303s
  4249  3565    0.00000  151  246 79855.1116    0.00000   100%  16.7  323s
  4376  3664    0.00000  185  196 79855.1116    0.00000   100%  17.8  349s
  4524  3780    0.00000  221  249 79855.1116    0.00000   100%  19.1  377s
  4689  3899    0.00000  257  173 79855.1116    0.00000   100%  19.4  405s
H 4721  2899                       0.0000000    0.00000  0.00%  19.5  405s

Cutting planes:
  Gomory: 5
  Implied bound: 10
  MIR: 177
  StrongCG: 6
  Flow cover: 34
  RLT: 60

Explored 4888 nodes (98679 simplex iterations) in 405.07 seconds (166.77 work units)
Thread count was 2 (of 24 available processors)

Solution count 10: 0 79855.1 79921.9 ... 2.03143e+07

Optimal solution found (tolerance 3.62e-08)
Best objective 0.000000000000e+00, best bound 0.000000000000e+00, gap 0.0000%
