
Gurobi 11.0.3 (linux64, Java) logging started sex 22 nov 2024 08:25:53 -03

Set parameter Username
Academic license - for non-commercial use only - expires 2025-10-10
Set parameter NonConvex to value 2
Set parameter TimeLimit to value 3600
Set parameter LogToConsole to value 0
Set parameter MIPGap to value 3.6214606217221094e-08
Set parameter Threads to value 2
Set parameter NodefileDir to value "/home/ps12398/experiment_hosp/goalProgrammingMarcos/"
Set parameter NodefileStart to value 1
Gurobi Optimizer version 11.0.3 build v11.0.3rc0 (linux64)

CPU model: Intel(R) Xeon(R) CPU           X5650  @ 2.67GHz, instruction set [SSE2]
Thread count: 12 physical cores, 24 logical processors, using up to 2 threads

Optimize a model with 180599 rows, 121779 columns and 800906 nonzeros
Model fingerprint: 0x84ebe9e7
Model has 251 quadratic constraints
Variable types: 60768 continuous, 61011 integer (246 binary)
Coefficient statistics:
  Matrix range     [4e-03, 7e+06]
  QMatrix range    [4e-03, 1e+05]
  QLMatrix range   [1e+00, 1e+05]
  Objective range  [1e+00, 6e+07]
  Bounds range     [1e+00, 1e+08]
  RHS range        [1e+00, 1e+06]
Presolve removed 178444 rows and 119476 columns
Presolve time: 0.63s
Presolved: 4211 rows, 2925 columns, 338228 nonzeros
Presolved model has 2 SOS constraint(s)
Presolved model has 246 bilinear constraint(s)

Solving non-convex MIQCP

Variable types: 930 continuous, 1995 integer (248 binary)
Found heuristic solution: objective 2.454476e+07

Root relaxation: objective 0.000000e+00, 458 iterations, 0.13 seconds (0.05 work units)

    Nodes    |    Current Node    |     Objective Bounds      |     Work
 Expl Unexpl |  Obj  Depth IntInf | Incumbent    BestBd   Gap | It/Node Time

     0     0    0.00000    0  488 2.4545e+07    0.00000   100%     -    3s
     0     0 462075.858    0  679 2.4545e+07 462075.858  98.1%     -    5s
     0     0 468350.993    0  676 2.4545e+07 468350.993  98.1%     -    5s
     0     0 471345.178    0  676 2.4545e+07 471345.178  98.1%     -    7s
     0     0 471345.178    0  676 2.4545e+07 471345.178  98.1%     -    7s
     0     0 471345.178    0  685 2.4545e+07 471345.178  98.1%     -   10s
H    0     0                    1.840884e+07 476051.716  97.4%     -   10s
     0     0 476051.716    0  721 1.8409e+07 476051.716  97.4%     -   10s
     0     0 476051.716    0  771 1.8409e+07 476051.716  97.4%     -   14s
     0     0 476051.716    0  758 1.8409e+07 476051.716  97.4%     -   20s
     0     2 476051.716    0  715 1.8409e+07 476051.716  97.4%     -   27s
     5     8 476051.716    3  703 1.8409e+07 476051.716  97.4%   484   30s
    30    37 500269.361    9  652 1.8409e+07 488647.696  97.3%   190   35s
    80    89 579881.705   21  595 1.8409e+07 488647.696  97.3%   104   40s
   183   192 710349.161   56  413 1.8409e+07 488647.696  97.3%  53.6   45s
   310   322 933149.997   95  381 1.8409e+07 488647.696  97.3%  38.5   50s
H  320   322                    1.840878e+07 488647.696  97.3%  38.3   50s
   419   431 1304712.20  135  361 1.8409e+07 488647.696  97.3%  34.9   55s
   547   592 1661404.66  173  344 1.8409e+07 488647.696  97.3%  30.2   60s
   728   780 1661542.30  265  344 1.8409e+07 488647.696  97.3%  22.9   65s
   892   963 1661658.99  343  344 1.8409e+07 488647.696  97.3%  18.9   71s
  1021  1072 1661728.60  390  344 1.8409e+07 488647.696  97.3%  16.6   75s
  1184  1254 1661865.29  450  335 1.8409e+07 488647.696  97.3%  14.5   81s
  1303  1408 1661870.99  487  335 1.8409e+07 488647.696  97.3%  13.3   85s
  1601  1697 1661882.34  563  335 1.8409e+07 488647.696  97.3%  11.0   92s
  1823  1934 1661891.07  621  335 1.8409e+07 488647.696  97.3%   9.8   97s
  2063  2196 1661899.50  677  335 1.8409e+07 488647.696  97.3%   8.7  102s
  2323  2471 1661908.94  740  335 1.8409e+07 488647.696  97.3%   7.9  106s
  2584  2709 1661946.26  812  334 1.8409e+07 488647.696  97.3%   7.2  111s
  2821  2955 1662030.32  888  334 1.8409e+07 488647.696  97.3%   6.7  116s
  3056  3190 1662112.47  963  334 1.8409e+07 488647.696  97.3%   6.2  121s
  3189  3349 1662155.94 1001  334 1.8409e+07 488647.696  97.3%   6.0  125s
  3523  3697 1662330.08 1159  321 1.8409e+07 488647.696  97.3%   5.5  134s
  3697  3698 1538998.62 1388  764 1.8409e+07 488647.696  97.3%   5.3  140s
H 3701  3515                    1.840384e+07 518957.082  97.2%   5.3  143s
  3707  3519 535116.872   10  468 1.8404e+07 535116.872  97.1%   5.3  145s
  3723  3529 1537457.50  945  484 1.8404e+07 535116.872  97.1%   5.3  150s
  3767  3562 691484.180   25  638 1.8404e+07 552568.594  97.0%  14.7  155s
  3784  3576 687441.431   29  636 1.8404e+07 552568.594  97.0%  20.2  160s
  3837  3612 697043.824   38  605 1.8404e+07 552568.594  97.0%  28.7  165s
H 3840  3434                    1.840384e+07 552568.594  97.0%  28.8  165s
  3946  3514 750330.726   55  565 1.8404e+07 552568.594  97.0%  40.1  170s
  4075  3634 830025.052   85  496 1.8404e+07 552568.594  97.0%  49.6  175s
H 4140  3469                    4078821.9637 552568.594  86.5%  49.4  176s
H 4167  3339                    4064781.5191 552568.594  86.4%  49.4  181s
H 4241  3220                    4050522.6386 552568.594  86.4%  49.4  182s
H 4267  3153                    3752570.7870 552568.594  85.3%  49.5  184s
  4450  3360 1262616.08  188  349 3752570.79 552568.594  85.3%  48.1  186s
H 4523  3199                    3749592.0387 552568.594  85.3%  47.4  186s
H 4684  3191                    3431539.5199 552568.594  83.9%  46.0  187s
H 4772  3225                    3304282.8014 552568.594  83.3%  45.2  188s
H 5207  3317                    3271477.3099 552568.594  83.1%  41.6  191s
H 5267  3185                    3096184.6723 552568.594  82.2%  41.2  191s
H 5313  3238                    3089431.4128 552568.594  82.1%  40.8  192s
H 5371  3119                    3086437.2358 552568.594  82.1%  40.4  192s
H 5810  3284                    3082655.5139 552568.594  82.1%  37.5  194s
H 5851  3179                    3049630.3912 552568.594  81.9%  37.3  194s
  5895  3511 1339904.64  533  326 3049630.39 552568.594  81.9%  37.0  195s
  6985  4231 1332381.88  774  327 3049630.39 552568.594  81.9%  31.6  200s
  8058  4995 1350511.87 1031  326 3049630.39 552568.594  81.9%  27.6  205s
  9524  6134 1341529.74 1394  326 3049630.39 552568.594  81.9%  23.8  210s
 10886  7485 1350478.52 1738  317 3049630.39 552568.594  81.9%  21.1  216s
 11930  8486 1354985.98 2021  317 3049630.39 552568.594  81.9%  19.4  220s
 13288  9836 1386281.43 2389  315 3049630.39 552568.594  81.9%  17.7  225s
 14334 10887 1389154.85 2687  315 3049630.39 552568.594  81.9%  16.7  230s
 15703 12266 1392792.54 3071  314 3049630.39 552568.594  81.9%  15.4  235s
 16962 13518 1481892.61 3381  316 3049630.39 552568.594  81.9%  14.6  240s
 18187 14704 1461700.55 3691  315 3049630.39 552568.594  81.9%  13.7  245s
 19232 15809 1490581.89 3976  313 3049630.39 552568.594  81.9%  13.2  250s
 20552 17044 1476302.70 4316  314 3049630.39 552568.594  81.9%  12.5  255s
 21858 18399 1498079.85 4657  307 3049630.39 552568.594  81.9%  11.9  260s
H22632 18945                    3046778.5978 552568.594  81.9%  11.5  263s
 22930 19470 1517969.06 4910  303 3046778.60 552568.594  81.9%  11.4  265s
 23949 20480 1537752.11 5161  302 3046778.60 552568.594  81.9%  11.0  270s
 25433 21974 1523921.52 5543  303 3046778.60 552568.594  81.9%  10.5  275s
 26726 23159 1530384.69 5862  303 3046778.60 552568.594  81.9%  10.0  280s
H26881 23159                    3001765.0002 552568.594  81.6%  10.0  280s
 27857 24363 1529817.56 6170  303 3001765.00 552568.594  81.6%   9.7  285s
H28752 25086                    2999083.8348 552568.594  81.6%   9.5  290s
 29407 25786 1540948.84 6538  291 2999083.83 552568.594  81.6%   9.3  295s
 30012 26375 1544060.53 6667  291 2999083.83 552568.594  81.6%   9.2  300s
H30238 26568                    2976408.4037 552568.594  81.4%   9.2  302s
 30573 26947 1546901.29 6785  291 2976408.40 552568.594  81.4%   9.2  305s
H31410 27714                    2975437.5095 552568.594  81.4%   9.0  309s
 31437 27871 1586355.74 6946  290 2975437.51 552568.594  81.4%   9.0  310s
H31480 27871                    2975195.9121 552568.594  81.4%   9.0  310s
H31642 27974                    2919670.7308 552568.594  81.1%   9.0  311s
 32384 28838 1627549.96 7080  288 2919670.73 552568.594  81.1%   8.9  315s
H32974 29381                    2910861.7226 552568.594  81.0%   8.8  317s
H33104 29528                    2906498.7330 552568.594  81.0%   8.8  318s
 33251 29578 1599420.53 7176  288 2906498.73 552568.594  81.0%   8.8  320s
H33881 30169                    2905659.8805 552568.594  81.0%   8.7  324s
 33892 30360 1628611.58 7300  288 2905659.88 552568.594  81.0%   8.7  325s
 34766 31150 1605893.55 7435  288 2905659.88 552568.594  81.0%   8.6  332s
 35287 31801 1608305.84 7534  288 2905659.88 552568.594  81.0%   8.6  335s
H35596 31886                    2904772.6023 552568.594  81.0%   8.5  336s
 36637 33166 1625266.74 7793  293 2904772.60 552568.594  81.0%   8.4  340s
 37856 34382 1619510.20 8032  288 2904772.60 552568.594  81.0%   8.3  345s
 38858 35389 1623650.51 8233  288 2904772.60 552568.594  81.0%   8.2  351s
H39111 35389                    2882039.0638 552568.594  80.8%   8.2  351s
 39765 36278 1631598.18 8400  288 2882039.06 552568.594  80.8%   8.2  355s
H40257 36588                    2874368.6066 552568.594  80.8%   8.1  357s
 41053 37586 1634573.55 8682  288 2874368.61 552568.594  80.8%   8.0  360s
 42222 38554 1640807.79 8918  287 2874368.61 552568.594  80.8%   7.9  365s
 43063 39594 1637202.70 9060  287 2874368.61 552568.594  80.8%   7.9  370s
 44296 40826 1658108.45 9326  285 2874368.61 552568.594  80.8%   7.7  375s
 45577 42109 1651796.38 9623  290 2874368.61 552568.594  80.8%   7.6  380s
 47044 43535 1654578.09 9962  278 2874368.61 552568.594  80.8%   7.5  385s
H47268 43631                    2873910.6667 552568.594  80.8%   7.4  386s
 47842 44284 1658623.23 10106  278 2873910.67 552568.594  80.8%   7.4  390s
H48337 44637                    2873839.5391 552568.594  80.8%   7.3  393s
H48360 44772                    2872774.8978 552568.594  80.8%   7.3  394s
H48412 44772                    2870422.8645 552568.594  80.7%   7.3  394s
 48495 44917 1658008.96 10212  276 2870422.86 552568.594  80.7%   7.3  395s
H48603 44917                    2869718.7027 552568.594  80.7%   7.3  395s
 48932 45369 1666155.36 10343  275 2869718.70 552568.594  80.7%   7.2  400s
 50052 46595 1690798.88 10630  273 2869718.70 552568.594  80.7%   7.1  405s
 51383 47934 1674281.67 10955  273 2869718.70 552568.594  80.7%   7.0  410s
 53023 49551 1673402.71 11318  272 2869718.70 552568.594  80.7%   6.8  415s
 54457 50994 1676950.69 11645  270 2869718.70 552568.594  80.7%   6.7  420s
 55520 51991 1682793.49 11835  272 2869718.70 552568.594  80.7%   6.6  425s
 56487 52981 1686112.82 12010  272 2869718.70 552568.594  80.7%   6.6  430s
 57541 53963 1690234.53 12228  272 2869718.70 552568.594  80.7%   6.6  435s
 58664 55145 1722806.73 12430  277 2869718.70 552568.594  80.7%   6.6  440s
 59767 56234 1726579.71 12640  277 2869718.70 552568.594  80.7%   6.7  445s
 60577 57041 1729496.63 12789  276 2869718.70 552568.594  80.7%   6.7  450s
 61332 57611 1732299.89 12932  276 2869718.70 552568.594  80.7%   6.7  456s
H61333 57611                    2859373.8070 552568.594  80.7%   6.7  456s
 62080 58550 1735284.81 13085  274 2859373.81 552568.594  80.7%   6.7  460s
H63043 59321                    2849352.3765 552568.594  80.6%   6.7  464s
 63044 59343 1754044.14 13296  286 2849352.38 552568.594  80.6%   6.7  466s
 63825 60351 1741746.75 13462  270 2849352.38 552568.594  80.6%   6.7  470s
H64650 60943                    2849153.2601 552568.594  80.6%   6.7  473s
 64923 61449 1747623.26 13756  270 2849153.26 552568.594  80.6%   6.7  475s
 66141 62678 1754088.51 14077  270 2849153.26 552568.594  80.6%   6.6  480s
 67649 64170 1768325.18 14500  270 2849153.26 552568.594  80.6%   6.6  485s
H67893 64283                    2829145.7341 552568.594  80.5%   6.5  486s
 68672 65128 1767655.52 14746  268 2829145.73 552568.594  80.5%   6.5  490s
H69046 65348                    2828345.9428 552568.594  80.5%   6.6  491s
H69731 66111                    2826296.8763 552568.594  80.4%   6.6  494s
H69830 66111                    2825240.6216 552568.594  80.4%   6.6  494s
 69834 66312 1811942.65 14984  268 2825240.62 552568.594  80.4%   6.6  495s
 71268 67757 1790594.31 15317  273 2825240.62 552568.594  80.4%   6.6  500s
H72378 68854                    2824519.6481 552568.594  80.4%   6.6  505s
H72463 68854                    2823084.5801 552568.594  80.4%   6.6  505s
H72955 69233                    2806078.1182 552568.594  80.3%   6.6  507s
 73441 69955 1814066.25 15855  266 2806078.12 552568.594  80.3%   6.6  510s
 74893 71402 1829067.11 16200  280 2806078.12 552568.594  80.3%   6.5  515s
 75125 71677 1826292.93 16252  263 2806078.12 552568.594  80.3%   6.5  520s
H75774 72083                    2803562.0544 552568.594  80.3%   6.4  522s
 76412 72964 1831931.14 16549  279 2803562.05 552568.594  80.3%   6.4  525s
 77919 74417 1831826.38 16893  263 2803562.05 552568.594  80.3%   6.3  530s
H79065 75380                    2802320.0898 552568.594  80.3%   6.3  534s
H79102 75380                    2801006.2188 552568.594  80.3%   6.3  534s
 79103 75601 1839879.44 17176  269 2801006.22 552568.594  80.3%   6.3  535s
 80214 76710 1844360.13 17456  265 2801006.22 552568.594  80.3%   6.3  540s
 81528 78028 1851007.96 17783  265 2801006.22 552568.594  80.3%   6.3  545s
 82848 79127 1859037.70 18142  264 2801006.22 552568.594  80.3%   6.2  550s
H82919 79197                    2796105.5944 552568.594  80.2%   6.2  551s
 83372 79766 1864767.95 18401  265 2796105.59 552568.594  80.2%   6.3  555s
H83708 79991                    2788985.8336 552568.594  80.2%   6.4  558s
H83712 79991                    2777365.1985 552568.594  80.1%   6.4  558s
 83839 80244 1870455.82 18626  263 2777365.20 552568.594  80.1%   6.5  560s
 84462 80866 1872573.24 18926  263 2777365.20 552568.594  80.1%   6.6  565s
 85485 81924 1879966.26 19423  263 2777365.20 552568.594  80.1%   6.7  575s
H86006 82328                    2773868.3681 552568.594  80.1%   6.8  578s
 86177 82609 1909295.50 19754  259 2773868.37 552568.594  80.1%   6.8  580s
 87204 83670 1923652.04 20228  257 2773868.37 552568.594  80.1%   6.8  585s
 88340 84945 1917154.98 20432  256 2773868.37 552568.594  80.1%   6.8  590s
H89306 85608                    2761046.0561 552568.594  80.0%   6.7  594s
 89331 85879 1925578.88 20433  257 2761046.06 552568.594  80.0%   6.7  596s
 90502 87079 1917108.85 20432  256 2761046.06 552568.594  80.0%   6.7  600s
 91523 87947 575498.686   20  670 2761046.06 575498.686  79.2%   6.6  605s
 92511 88944 584329.209   26  604 2761046.06 577503.309  79.1%   6.8  610s
H92838 89265                    2760234.3702 577503.309  79.1%   6.9  613s
 92988 89434 604790.588   39  558 2760234.37 577503.309  79.1%   6.9  615s
 93777 90232 623669.956   51  568 2760234.37 577503.309  79.1%   7.0  620s
H94281 90704                    2758663.1631 577503.309  79.1%   7.1  623s
H94578 90903                    2756114.2676 577503.309  79.0%   7.1  636s
 95176 91659 844899.029   95  458 2756114.27 577503.309  79.0%   7.1  640s
H95836 92175                    2756098.0979 577503.309  79.0%   7.2  644s
 95898 92239 931867.677  129  394 2756098.10 577503.309  79.0%   7.2  645s
 96250 92633 1670654.78  173  348 2756098.10 577503.309  79.0%   7.3  650s
 97139 93720 1690095.13  478  326 2756098.10 577503.309  79.0%   7.3  655s
 98203 94852 1704914.58  761  327 2756098.10 577503.309  79.0%   7.3  660s
 99502 96165 1717933.98 1105  327 2756098.10 577503.309  79.0%   7.2  666s
 100585 97208 1717912.43 1384  327 2756098.10 577503.309  79.0%   7.2  670s
 102284 98885 1731274.75 1799  327 2756098.10 577503.309  79.0%   7.1  675s
 103525 100119 1733047.31 2110  327 2756098.10 577503.309  79.0%   7.0  680s
H104667 101023                    2749199.2275 577503.309  79.0%   7.0  685s
 105797 102339 1757312.49 2694  318 2749199.23 577503.309  79.0%   6.9  690s
 107134 103682 1762025.04 3003  318 2749199.23 577503.309  79.0%   6.9  695s
 108465 104771 1767268.33 3327  318 2749199.23 577503.309  79.0%   6.8  700s
H108466 104771                    2748982.9760 577503.309  79.0%   6.8  700s
 109476 105953 1770414.86 3568  315 2748982.98 577503.309  79.0%   6.8  705s
H109554 105953                    2748947.9312 577503.309  79.0%   6.8  705s
 110645 107050 1781826.95 3894  314 2748947.93 577503.309  79.0%   6.8  710s
 111534 107970 1780831.38 4231  314 2748947.93 577503.309  79.0%   6.8  715s
 112255 108676 1785195.34 4501  312 2748947.93 577503.309  79.0%   6.8  720s
 113436 109963 1790113.84 4839  310 2748947.93 577503.309  79.0%   6.8  725s
H113686 110024                    2746179.6934 577503.309  79.0%   6.8  727s
 114236 110752 1798647.36 5063  310 2746179.69 577503.309  79.0%   6.8  730s
 115532 112084 1861875.26 5413  288 2746179.69 577503.309  79.0%   6.7  735s
 116694 113192 1834200.83 5686  289 2746179.69 577503.309  79.0%   6.7  740s
 118199 114690 1844314.49 6028  289 2746179.69 577503.309  79.0%   6.7  745s
H119220 115501                    2745961.8407 577503.309  79.0%   6.6  749s
 119224 115741 1835845.61 6330  280 2745961.84 577503.309  79.0%   6.6  750s
 120370 116913 1835997.22 6667  279 2745961.84 577503.309  79.0%   6.6  755s
 121846 118376 1850641.59 7093  270 2745961.84 577503.309  79.0%   6.6  760s
H122699 119056                    2732954.1490 577503.309  78.9%   6.5  763s
 122962 119500 1841824.56 7385  271 2732954.15 577503.309  78.9%   6.5  765s
 124735 121262 1845997.01 7852  270 2732954.15 577503.309  78.9%   6.5  770s
H125867 122280                    2731353.0806 577503.309  78.9%   6.4  773s
 126267 122797 1848101.04 8284  265 2731353.08 577503.309  78.9%   6.4  775s
H127032 123433                    2731253.1929 577503.309  78.9%   6.4  778s
 127409 123946 1854172.72 8556  263 2731253.19 577503.309  78.9%   6.4  781s
 128491 124930 1860277.50 8864  260 2731253.19 577503.309  78.9%   6.3  785s
 129473 125916 1862252.75 9206  260 2731253.19 577503.309  78.9%   6.3  790s
H129977 126255                    2730556.4700 577503.309  78.9%   6.3  792s
 130530 126809 1897447.47 9532  257 2730556.47 577503.309  78.9%   6.3  798s
 130688 127237 1865452.95 9577  258 2730556.47 577503.309  78.9%   6.3  800s
 132013 128486 1878503.01 9913  257 2730556.47 577503.309  78.9%   6.2  805s
H132091 128486                    2730113.6704 577503.309  78.8%   6.2  805s
 133153 129605 1876966.82 10254  257 2730113.67 577503.309  78.8%   6.2  810s
 134258 130799 1878379.22 10631  257 2730113.67 577503.309  78.8%   6.1  815s
H135134 131492                    2730111.0414 577503.309  78.8%   6.1  819s
H135214 131492                    2728204.0206 577503.309  78.8%   6.1  819s
 135215 131735 1880976.26 10873  254 2728204.02 577503.309  78.8%   6.1  820s
 136477 133005 1887374.72 11190  254 2728204.02 577503.309  78.8%   6.1  825s
 137584 134099 1900477.78 11457  252 2728204.02 577503.309  78.8%   6.0  831s
 138670 135153 1901717.08 11719  251 2728204.02 577503.309  78.8%   6.0  835s
 139695 136169 1955870.27 11933  248 2728204.02 577503.309  78.8%   6.0  840s
H139779 136169                    2726861.6952 577503.309  78.8%   6.0  840s
 141104 137478 1930317.38 12237  249 2726861.70 577503.309  78.8%   6.0  845s
 142497 138981 1931521.23 12518  249 2726861.70 577503.309  78.8%   6.0  850s
 144223 140692 1933080.01 12886  249 2726861.70 577503.309  78.8%   6.0  855s
 145437 141899 1934232.15 13158  249 2726861.70 577503.309  78.8%   6.1  860s
H146387 142666                    2588466.1897 577503.309  77.7%   6.1  867s
H146389 142668                    2566383.7063 577503.309  77.5%   6.1  868s
 146492 142912 1935266.30 13403  266 2566383.71 577503.309  77.5%   6.1  870s
 147669 144146 1936434.77 13678  249 2566383.71 577503.309  77.5%   6.1  875s
 148693 145193 2027957.74 13907  265 2566383.71 577503.309  77.5%   6.1  880s
 150185 146715 1996763.02 14252  268 2566383.71 577503.309  77.5%   6.1  885s
 151362 147862 2016860.53 14564  266 2566383.71 577503.309  77.5%   6.1  890s
 152597 149093 2013881.72 14884  268 2566383.71 577503.309  77.5%   6.0  895s
H153397 149675                    2566096.4643 577503.309  77.5%   6.0  898s
 153863 150334 2019054.04 15228  268 2566096.46 577503.309  77.5%   6.0  900s
 155042 151507 2054702.44 15513  266 2566096.46 577503.309  77.5%   6.0  905s
 156078 152522 2031334.96 15797  268 2566096.46 577503.309  77.5%   6.0  910s
 157167 153709 2038107.85 16094  268 2566096.46 577503.309  77.5%   5.9  915s
 158135 154540 2043247.45 16335  269 2566096.46 577503.309  77.5%   5.9  920s
 159248 155795 2078649.98 16583  269 2566096.46 577503.309  77.5%   5.9  925s
 160700 157193 2122919.49 16958  263 2566096.46 577503.309  77.5%   5.9  930s
 161805 158266 2091905.69 17258  264 2566096.46 577503.309  77.5%   5.9  935s
 162953 159425 2160270.07 17559  262 2566096.46 577503.309  77.5%   5.9  940s
 164116 160581 2160021.04 17857  262 2566096.46 577503.309  77.5%   5.9  945s
 164845 161355 2174829.10 18021  250 2566096.46 577503.309  77.5%   5.9  950s
H165474 161752                    2564679.1822 577503.309  77.5%   5.8  951s
 166168 162670 2178337.52 18321  260 2564679.18 577503.309  77.5%   5.8  955s
 167647 164121 2184583.86 18648  259 2564679.18 577503.309  77.5%   5.8  960s
H167986 164328                    2557628.2419 577503.309  77.4%   5.8  961s
H168249 164527                    2555930.8899 577503.309  77.4%   5.8  962s
 168677 165168 2189067.12 18877  258 2555930.89 577503.309  77.4%   5.8  965s
 169957 166449 2213765.74 19169  256 2555930.89 577503.309  77.4%   5.8  970s
 170800 167181 2194898.08 19361  257 2555930.89 577503.309  77.4%   5.8  979s
 170964 167420 2195318.65 19396  258 2555930.89 577503.309  77.4%   5.8  980s
H171698 167976                    2554762.8815 577503.309  77.4%   5.9  984s
 171699 168072 2199464.15 19700  267 2554762.88 577503.309  77.4%   5.9  985s
 172375 168754 2204252.26 20004  256 2554762.88 577503.309  77.4%   6.0  990s
 173374 169797 2253645.73 20424  255 2554762.88 577503.309  77.4%   6.1  995s
H174759 171037                    2551017.6664 577503.309  77.4%   6.1  999s
 174760 171303 2260778.77 20433  249 2551017.67 577503.309  77.4%   6.1 1000s
 176100 172660 2277495.77 20433  252 2551017.67 577503.309  77.4%   6.1 1005s
 177389 173716 2263375.46 20432  250 2551017.67 577503.309  77.4%   6.1 1010s
H177390 173716                    2550911.5568 577503.309  77.4%   6.1 1010s
H177406 173716                    2545839.2329 577503.309  77.3%   6.1 1010s
 178099 174527 615677.491   25  625 2545839.23 584329.209  77.0%   6.2 1015s
 179141 175581 621000.475   34  558 2545839.23 584329.209  77.0%   6.3 1020s
H180078 176499                    2538991.4214 584329.209  77.0%   6.3 1025s
 181017 177467 684204.632   63  555 2538991.42 584329.209  77.0%   6.4 1030s
H181357 177665                    2538534.7230 584329.209  77.0%   6.4 1032s
 181581 177860 712694.826   78  523 2538534.72 584329.209  77.0%   6.5 1038s
H181582 177860                    2535648.6706 584329.209  77.0%   6.5 1038s
 181707 178228 726251.832   81  509 2535648.67 584329.209  77.0%   6.5 1040s
 182675 179231 911604.599  124  406 2535648.67 584329.209  77.0%   6.5 1045s
 184028 180644 1417875.12  303  345 2535648.67 584329.209  77.0%   6.5 1050s
 185197 181760 1453508.96  522  344 2535648.67 584329.209  77.0%   6.5 1055s
 186353 182889 1437655.36  751  344 2535648.67 584329.209  77.0%   6.5 1060s
 187524 184044 1444340.99 1028  343 2535648.67 584329.209  77.0%   6.5 1065s
 188744 185273 1444884.91 1226  343 2535648.67 584329.209  77.0%   6.5 1070s
 190220 186777 1467194.23 1550  332 2535648.67 584329.209  77.0%   6.5 1075s
 191340 187890 1470204.28 1836  332 2535648.67 584329.209  77.0%   6.5 1080s
 192752 189325 1483967.42 2199  326 2535648.67 584329.209  77.0%   6.4 1085s
 193601 190161 1491160.53 2401  326 2535648.67 584329.209  77.0%   6.4 1090s
 194540 191141 1490813.14 2646  328 2535648.67 584329.209  77.0%   6.4 1095s
 196075 192630 1497490.05 3007  327 2535648.67 584329.209  77.0%   6.4 1101s
 197133 193680 1499647.25 3231  323 2535648.67 584329.209  77.0%   6.3 1105s
 198432 194986 1506038.07 3540  321 2535648.67 584329.209  77.0%   6.3 1110s
 199636 196170 1528522.89 3861  321 2535648.67 584329.209  77.0%   6.3 1115s
 201231 197752 1533645.22 4232  320 2535648.67 584329.209  77.0%   6.3 1120s
 201722 198001 1533973.51 4354  318 2535648.67 584329.209  77.0%   6.3 1127s
H201723 198001                    2535648.6665 584329.209  77.0%   6.3 1127s
 202013 198552 1534942.88 4419  318 2535648.67 584329.209  77.0%   6.3 1130s
 202890 199446 1542413.79 4633  312 2535648.67 584329.209  77.0%   6.2 1135s
 204447 200948 1551129.36 5015  313 2535648.67 584329.209  77.0%   6.2 1140s
 205540 202057 1551588.81 5266  313 2535648.67 584329.209  77.0%   6.2 1145s
 206984 203501 1557700.87 5606  312 2535648.67 584329.209  77.0%   6.2 1150s
 208233 204726 1563109.51 5919  297 2535648.67 584329.209  77.0%   6.1 1155s
 209396 205873 1582600.76 6156  283 2535648.67 584329.209  77.0%   6.1 1160s
 210668 207170 1611615.43 6509  282 2535648.67 584329.209  77.0%   6.1 1165s
 211895 208400 1593596.89 6860  283 2535648.67 584329.209  77.0%   6.1 1170s
 213155 209606 1644056.59 7180  284 2535648.67 584329.209  77.0%   6.1 1175s
 214282 210649 1606199.29 7363  283 2535648.67 584329.209  77.0%   6.1 1180s
 214608 210984 1643619.14 7381  285 2535648.67 584329.209  77.0%   6.1 1185s
 215648 212045 1608578.91 7449  283 2535648.67 584329.209  77.0%   6.1 1190s
 216737 213166 1612910.69 7524  281 2535648.67 584329.209  77.0%   6.1 1195s
 217872 214315 1615267.89 7612  281 2535648.67 584329.209  77.0%   6.1 1200s
 219102 215543 1620252.12 7719  281 2535648.67 584329.209  77.0%   6.1 1205s
 219925 216302 1721066.20 7780  285 2535648.67 584329.209  77.0%   6.1 1210s
 220734 217020 1623776.53 7857  281 2535648.67 584329.209  77.0%   6.2 1218s
 220805 217186 1624228.84 7875  281 2535648.67 584329.209  77.0%   6.2 1220s
 221447 217908 1625624.36 7931  281 2535648.67 584329.209  77.0%   6.2 1225s
 222165 218605 1627000.92 7987  281 2535648.67 584329.209  77.0%   6.2 1230s
 223020 219453 1628683.87 8055  281 2535648.67 584329.209  77.0%   6.2 1235s
 224132 220547 1631112.09 8158  281 2535648.67 584329.209  77.0%   6.2 1240s
H224559 220898                    2515819.6173 584329.209  76.8%   6.2 1243s
 224808 221254 1633616.88 8266  281 2515819.62 584329.209  76.8%   6.2 1245s
 225710 222121 1636545.99 8395  281 2515819.62 584329.209  76.8%   6.2 1252s
 226347 222803 1686803.98 8474  284 2515819.62 584329.209  76.8%   6.2 1255s
H226536 222823                    2511278.6735 584329.209  76.7%   6.2 1256s
H226556 222909                    2506706.8568 584329.209  76.7%   6.2 1257s
 226837 223292 1652413.82 8543  279 2506706.86 584329.209  76.7%   6.2 1260s
 227873 224284 1643023.40 8697  281 2506706.86 584329.209  76.7%   6.2 1265s
H228046 224443                    2504932.0212 584329.209  76.7%   6.2 1266s
H228096 224443                    2504691.9046 584329.209  76.7%   6.2 1266s
H228618 224854                    2504691.9040 584329.209  76.7%   6.2 1269s
 228619 225065 1691082.57 8798  284 2504691.90 584329.209  76.7%   6.2 1271s
 229578 225897 1647583.74 8925  281 2504691.90 584329.209  76.7%   6.2 1275s
 230442 226626 1650075.39 9057  281 2504691.90 584329.209  76.7%   6.3 1280s
H230777 226891                    2496301.5304 584329.209  76.6%   6.3 1282s
 230878 226973 1654433.08 9125  281 2496301.53 584329.209  76.6%   6.3 1285s
 231645 227886 1654325.34 9296  281 2496301.53 584329.209  76.6%   6.3 1290s
 232860 229037 1673417.07 9602  281 2496301.53 584329.209  76.6%   6.3 1295s
H233200 229129                    2493631.4780 584329.209  76.6%   6.3 1296s
 233763 229944 1719727.56 9837  277 2493631.48 584329.209  76.6%   6.3 1300s
 235150 231239 1735964.70 10146  278 2493631.48 584329.209  76.6%   6.3 1306s
H235642 231602                    2491659.4398 584329.209  76.5%   6.3 1308s
H235716 231602                    2491653.2417 584329.209  76.5%   6.3 1309s
 235727 231888 1781061.22 10225  281 2491653.24 584329.209  76.5%   6.3 1310s
 236643 232869 1745669.81 10417  281 2491653.24 584329.209  76.5%   6.3 1316s
 237812 233882 1760047.44 10682  276 2491653.24 584329.209  76.5%   6.3 1320s
 238776 234692 1839414.35 10981  271 2491653.24 584329.209  76.5%   6.3 1326s
 239361 235278 1808488.69 11264  272 2491653.24 584329.209  76.5%   6.3 1331s
 239902 235856 1816018.23 11511  273 2491653.24 584329.209  76.5%   6.4 1335s
 240526 236433 1818464.43 11805  275 2491653.24 584329.209  76.5%   6.4 1340s
 241153 237062 1848111.66 12096  276 2491653.24 584329.209  76.5%   6.5 1346s
 241967 237983 1835480.06 12451  276 2491653.24 584329.209  76.5%   6.5 1351s
H242242 238090                    2490307.5760 584329.209  76.5%   6.5 1352s
 242696 238785 1838544.64 12663  276 2490307.58 584329.209  76.5%   6.5 1355s
 243587 239686 1844487.00 12870  272 2490307.58 584329.209  76.5%   6.5 1360s
 245510 241423 1848283.34 13241  270 2490307.58 584329.209  76.5%   6.5 1366s
 246280 242023 1861200.43 13359  272 2490307.58 584329.209  76.5%   6.5 1370s
 247424 243490 1855160.27 13609  270 2490307.58 584329.209  76.5%   6.4 1375s
 248683 244727 1856898.20 13882  265 2490307.58 584329.209  76.5%   6.4 1380s
H249342 245236                    2489601.9942 584329.209  76.5%   6.4 1383s
 249779 245830 1859151.09 14116  262 2489601.99 584329.209  76.5%   6.4 1385s
 251236 247211 1861411.55 14477  260 2489601.99 584329.209  76.5%   6.4 1391s
H252027 247920                    2488673.8816 584329.209  76.5%   6.4 1393s
 252468 248496 1862856.69 14738  259 2488673.88 584329.209  76.5%   6.4 1395s
 253961 250026 1864661.12 15082  258 2488673.88 584329.209  76.5%   6.3 1400s
 255507 251524 1865064.69 15425  258 2488673.88 584329.209  76.5%   6.3 1405s
 256592 252335 1865364.62 15688  258 2488673.88 584329.209  76.5%   6.3 1410s
 257537 253501 1866020.77 15876  256 2488673.88 584329.209  76.5%   6.3 1415s
 258902 254877 1866020.19 16249  258 2488673.88 584329.209  76.5%   6.3 1420s
 260182 256199 1866365.05 16552  258 2488673.88 584329.209  76.5%   6.2 1425s
 261648 257423 1868457.48 16901  257 2488673.88 584329.209  76.5%   6.2 1431s
 262431 258436 1876273.39 17069  255 2488673.88 584329.209  76.5%   6.2 1435s
 263571 259523 1879398.43 17259  258 2488673.88 584329.209  76.5%   6.2 1440s
 264766 260750 1884267.56 17458  258 2488673.88 584329.209  76.5%   6.2 1445s
 265937 261877 1919181.75 17745  255 2488673.88 584329.209  76.5%   6.2 1450s
 266733 262514 1897619.71 17947  259 2488673.88 584329.209  76.5%   6.2 1457s
 267523 263472 1901836.06 18166  264 2488673.88 584329.209  76.5%   6.2 1460s
 268446 264413 1904464.84 18419  259 2488673.88 584329.209  76.5%   6.2 1465s
 269806 265783 1910123.66 18770  256 2488673.88 584329.209  76.5%   6.2 1470s
 271006 266989 1915647.12 19062  254 2488673.88 584329.209  76.5%   6.1 1475s
 272022 267898 2350028.05 19294  299 2488673.88 584329.209  76.5%   6.1 1480s
 272901 268644 1945708.96 19484  251 2488673.88 584329.209  76.5%   6.1 1490s
H273001 268743                    2487917.6528 584329.209  76.5%   6.1 1491s
 273347 269264 1950420.40 19614  252 2487917.65 584329.209  76.5%   6.1 1495s
 274267 270231 1954520.38 19817  252 2487917.65 584329.209  76.5%   6.1 1500s
 275380 271008 795195.557   28  660 2487917.65 590738.575  76.3%   6.2 1505s
 275579 271241 877555.219   67  470 2487917.65 590738.575  76.3%   6.3 1510s
 276199 272115 1555906.86  181  298 2487917.65 590738.575  76.3%   6.3 1515s
 277435 273132 1657840.11  437  296 2487917.65 590738.575  76.3%   6.3 1520s
 278516 274417 1626150.05  681  293 2487917.65 590738.575  76.3%   6.4 1526s
 279623 275536 1640977.66  948  293 2487917.65 590738.575  76.3%   6.3 1530s
 280772 276684 1658156.58 1224  292 2487917.65 590738.575  76.3%   6.3 1535s
 282187 278070 1642918.79 1571  292 2487917.65 590738.575  76.3%   6.3 1540s
 282636 278268 1657306.31 1663  291 2487917.65 590738.575  76.3%   6.3 1545s
 283299 279194 1646884.47 1812  292 2487917.65 590738.575  76.3%   6.3 1550s
 284665 280553 1655219.49 2155  293 2487917.65 590738.575  76.3%   6.3 1555s
H285609 281229                    2486826.5822 590738.575  76.2%   6.2 1558s
 285870 281724 1662327.27 2479  291 2486826.58 590738.575  76.2%   6.2 1560s
 287038 282892 1662438.92 2745  290 2486826.58 590738.575  76.2%   6.2 1565s
 288438 284298 1665619.68 3094  290 2486826.58 590738.575  76.2%   6.2 1570s
 289616 285477 1667888.06 3381  289 2486826.58 590738.575  76.2%   6.2 1575s
H289946 285566                    2484870.4439 590738.575  76.2%   6.2 1577s
 290766 286638 1671550.94 3654  290 2484870.44 590738.575  76.2%   6.2 1580s
H292265 287988                    2484790.1223 590738.575  76.2%   6.2 1585s
 293596 289458 1681833.82 4342  289 2484790.12 590738.575  76.2%   6.2 1590s
 294960 290824 1688793.12 4683  288 2484790.12 590738.575  76.2%   6.2 1595s
 296420 292284 1695207.37 5053  288 2484790.12 590738.575  76.2%   6.1 1600s
 297578 293421 1700482.75 5358  289 2484790.12 590738.575  76.2%   6.1 1605s
 298871 294683 1707653.85 5666  287 2484790.12 590738.575  76.2%   6.1 1610s
 299700 295321 1708801.85 5840  286 2484790.12 590738.575  76.2%   6.1 1615s
H300270 295906                    2484790.0400 590738.575  76.2%   6.1 1618s
 300485 296313 1758449.57 6031  284 2484790.04 590738.575  76.2%   6.1 1620s
 301732 297578 1720154.16 6335  285 2484790.04 590738.575  76.2%   6.1 1625s
H302750 298479                    2483549.7369 590738.575  76.2%   6.1 1629s
 303054 298893 1770840.84 6666  284 2483549.74 590738.575  76.2%   6.1 1630s
 304335 300192 1732617.43 6961  285 2483549.74 590738.575  76.2%   6.1 1635s
H305190 300810                    2483459.4593 590738.575  76.2%   6.1 1637s
 305870 301700 1751777.82 7387  284 2483459.46 590738.575  76.2%   6.1 1640s
 307722 303552 1745436.44 7808  283 2483459.46 590738.575  76.2%   6.1 1645s
 308828 304658 1752097.79 8058  282 2483459.46 590738.575  76.2%   6.1 1650s
 310379 306197 1751596.81 8451  281 2483459.46 590738.575  76.2%   6.0 1655s
 311626 307495 1752995.01 8780  281 2483459.46 590738.575  76.2%   6.0 1660s
 313460 309315 1758252.37 9281  280 2483459.46 590738.575  76.2%   6.0 1665s
 315080 310917 1761464.34 9690  279 2483459.46 590738.575  76.2%   6.0 1670s
 315700 311367 1765184.63 9842  279 2483459.46 590738.575  76.2%   6.0 1675s
 316921 312769 1772415.99 10138  279 2483459.46 590738.575  76.2%   6.0 1680s
 318313 314024 1795971.14 10499  278 2483459.46 590738.575  76.2%   6.0 1686s
 318980 314831 1789213.54 10689  279 2483459.46 590738.575  76.2%   6.0 1690s
 320317 316162 1794838.24 11055  280 2483459.46 590738.575  76.2%   6.0 1695s
 322332 317953 1814128.27 11552  277 2483459.46 590738.575  76.2%   5.9 1700s
 323338 319131 1803839.69 11770  277 2483459.46 590738.575  76.2%   5.9 1705s
 324414 320228 1809375.13 12029  277 2483459.46 590738.575  76.2%   6.0 1710s
 325784 321602 1816557.62 12364  277 2483459.46 590738.575  76.2%   6.0 1715s
 326194 321958 1818753.00 12467  277 2483459.46 590738.575  76.2%   6.0 1720s
 327656 323496 1832470.33 12841  277 2483459.46 590738.575  76.2%   6.0 1725s
 329089 324919 1833998.46 13183  277 2483459.46 590738.575  76.2%   6.0 1730s
 330775 326624 1840632.95 13598  275 2483459.46 590738.575  76.2%   5.9 1735s
 331873 327713 1847205.27 13832  276 2483459.46 590738.575  76.2%   5.9 1740s
 333493 329347 1856569.23 14202  276 2483459.46 590738.575  76.2%   5.9 1745s
 334709 330584 1891622.09 14500  275 2483459.46 590738.575  76.2%   5.9 1750s
 336191 332059 1884021.30 14879  276 2483459.46 590738.575  76.2%   5.9 1755s
 337571 333413 1890447.54 15251  276 2483459.46 590738.575  76.2%   5.9 1760s
H337804 333515                    2482658.5351 590738.575  76.2%   5.9 1761s
 338741 334552 1897659.26 15567  276 2482658.54 590738.575  76.2%   5.9 1765s
 339898 335713 1900586.70 15941  276 2482658.54 590738.575  76.2%   5.9 1770s
 340830 336617 1906273.26 16235  275 2482658.54 590738.575  76.2%   5.9 1775s
H340929 336617                    2482534.8598 590738.575  76.2%   5.9 1775s
 341942 337775 1908275.76 16586  274 2482534.86 590738.575  76.2%   5.9 1780s
 342955 338576 1911236.93 16925  273 2482534.86 590738.575  76.2%   5.9 1786s
 343673 339461 1957012.84 17128  273 2482534.86 590738.575  76.2%   5.9 1790s
 345443 341312 1930767.11 17685  274 2482534.86 590738.575  76.2%   5.9 1795s
 346734 342572 1943217.22 18034  270 2482534.86 590738.575  76.2%   5.9 1800s
 348055 343908 1942576.86 18343  272 2482534.86 590738.575  76.2%   5.9 1805s
 349389 345224 1944993.84 18658  271 2482534.86 590738.575  76.2%   5.9 1810s
 350674 346548 1960976.94 19019  270 2482534.86 590738.575  76.2%   5.9 1815s
 352073 347909 1950187.42 19392  268 2482534.86 590738.575  76.2%   5.8 1820s
 353406 349239 1951835.61 19749  268 2482534.86 590738.575  76.2%   5.8 1825s
 354690 350536 1952638.32 20071  268 2482534.86 590738.575  76.2%   5.8 1830s
 355993 351819 1954013.95 20382  268 2482534.86 590738.575  76.2%   5.8 1835s
 357275 353115 1955447.79 20433  266 2482534.86 590738.575  76.2%   5.8 1840s
H358315 353935                    2480635.9050 590738.575  76.2%   5.8 1844s
 358316 353937 1955309.95 20434  265 2480635.91 590738.575  76.2%   5.8 1847s
 358686 354525 1955287.70 20433  266 2480635.91 590738.575  76.2%   5.8 1850s
 359992 355825 1960237.40 20434  267 2480635.91 590738.575  76.2%   5.8 1855s
H360206 355830                    2479997.0647 590738.575  76.2%   5.8 1856s
 360891 356612 714723.519   22  694 2479997.06 590892.258  76.2%   5.8 1860s
 361234 356886 816884.777   50  494 2479997.06 590892.258  76.2%   5.9 1865s
 361770 357450 1219595.50  164  315 2479997.06 590892.258  76.2%   6.0 1870s
 362916 358790 1522153.36  490  299 2479997.06 590892.258  76.2%   6.0 1875s
 364540 360419 1546324.14 1331  299 2479997.06 590892.258  76.2%   6.0 1880s
 365721 361618 1556964.16 1949  296 2479997.06 590892.258  76.2%   6.0 1885s
 366167 361834 1558578.16 2192  295 2479997.06 590892.258  76.2%   6.0 1893s
 366590 362453 1561662.96 2397  295 2479997.06 590892.258  76.2%   6.0 1895s
 367898 363864 1572060.54 3047  295 2479997.06 590892.258  76.2%   5.9 1900s
 369310 365197 1583459.16 3769  294 2479997.06 590892.258  76.2%   5.9 1905s
 370909 366785 1600085.70 4452  294 2479997.06 590892.258  76.2%   5.9 1910s
 372418 368241 1616143.32 5112  294 2479997.06 590892.258  76.2%   5.9 1915s
H372673 368307                    2479333.7198 590892.258  76.2%   5.9 1917s
 373183 369036 1625064.32 5479  294 2479333.72 590892.258  76.2%   5.9 1920s
 374465 370274 1637957.63 6009  294 2479333.72 590892.258  76.2%   5.9 1925s
 375646 371510 1650877.86 6543  294 2479333.72 590892.258  76.2%   5.9 1930s
 377032 372886 1659604.65 7201  293 2479333.72 590892.258  76.2%   5.8 1935s
 379343 375192 1683520.73 7713  290 2479333.72 590892.258  76.2%   5.8 1940s
 381344 377166 1702932.86 8840  288 2479333.72 590892.258  76.2%   5.8 1945s
 382781 378616 1724833.86 9425  284 2479333.72 590892.258  76.2%   5.8 1950s
 384382 380209 1736803.47 10079  283 2479333.72 590892.258  76.2%   5.8 1955s
 385833 381693 1750774.01 10683  283 2479333.72 590892.258  76.2%   5.8 1960s
 387509 383324 1765552.74 11369  283 2479333.72 590892.258  76.2%   5.7 1965s
 388883 384702 1777549.31 11970  283 2479333.72 590892.258  76.2%   5.7 1970s
 390541 386340 1800763.40 12722  285 2479333.72 590892.258  76.2%   5.7 1975s
 392337 388151 1809469.56 13271  284 2479333.72 590892.258  76.2%   5.7 1980s
 393700 389494 1810621.69 13385  284 2479333.72 590892.258  76.2%   5.7 1985s
 394898 390673 1819650.33 13762  285 2479333.72 590892.258  76.2%   5.7 1990s
 396360 392197 1830050.99 14375  283 2479333.72 590892.258  76.2%   5.7 1995s
 397659 393451 1836717.05 14872  279 2479333.72 590892.258  76.2%   5.7 2000s
 399310 395178 1841184.98 15550  275 2479333.72 590892.258  76.2%   5.7 2005s
 399738 395609 1841940.95 15578  275 2479333.72 590892.258  76.2%   5.7 2010s
 401422 397261 1841436.09 15729  275 2479333.72 590892.258  76.2%   5.6 2015s
 402924 398751 1841708.21 15903  275 2479333.72 590892.258  76.2%   5.6 2020s
 404390 400218 1843605.87 16194  275 2479333.72 590892.258  76.2%   5.6 2025s
 405657 401280 1847138.76 16685  273 2479333.72 590892.258  76.2%   5.6 2030s
 406749 402562 1850009.23 17055  272 2479333.72 590892.258  76.2%   5.6 2035s
 408115 403838 1856782.74 17740  271 2479333.72 590892.258  76.2%   5.6 2040s
 409240 404965 1873482.47 18584  269 2479333.72 590892.258  76.2%   5.6 2045s
 410334 406142 1878384.93 19429  268 2479333.72 590892.258  76.2%   5.7 2050s
 411365 407205 1879225.14 19781  270 2479333.72 590892.258  76.2%   5.7 2055s
 412964 408837 1886071.74 20199  271 2479333.72 590892.258  76.2%   5.6 2060s
 413478 409099 1895841.08 20432  270 2479333.72 590892.258  76.2%   5.6 2065s
H413491 409114                    2478133.1087 590892.258  76.2%   5.6 2065s
 414415 410289 1898606.70 20433  270 2478133.11 590892.258  76.2%   5.6 2070s
 415552 411387 1897211.70 20434  269 2478133.11 590892.258  76.2%   5.6 2075s
 416843 412710 1922994.85 20434  264 2478133.11 590892.258  76.2%   5.6 2080s
 418136 413894 811749.897   35  627 2478133.11 593661.803  76.0%   5.6 2085s
 419126 414920 1320948.31   82  509 2478133.11 593661.803  76.0%   5.6 2090s
 420191 415999 1541896.64  121  419 2478133.11 593661.803  76.0%   5.6 2095s
 421315 417171 1707043.75  191  310 2478133.11 593661.803  76.0%   5.6 2100s
 422561 418427 1800140.58  522  290 2478133.11 593661.803  76.0%   5.6 2105s
H423049 418670                    2477077.8169 593661.803  76.0%   5.6 2106s
 423768 419631 1809804.21 1070  290 2477077.82 593661.803  76.0%   5.6 2110s
 425160 421006 1821346.63 1722  290 2477077.82 593661.803  76.0%   5.6 2115s
 426295 422114 1830938.95 2264  290 2477077.82 593661.803  76.0%   5.6 2120s
 427805 423697 1847726.97 3067  289 2477077.82 593661.803  76.0%   5.6 2125s
 429403 425256 1867423.95 3933  289 2477077.82 593661.803  76.0%   5.6 2130s
 430952 426830 1883205.53 4624  289 2477077.82 593661.803  76.0%   5.5 2135s
 431356 427062 1885808.53 4792  286 2477077.82 593661.803  76.0%   5.5 2140s
 432747 428572 1889456.59 5434  286 2477077.82 593661.803  76.0%   5.5 2145s
 433979 429813 1892291.00 6092  286 2477077.82 593661.803  76.0%   5.5 2150s
 435328 431195 1897556.27 6593  287 2477077.82 593661.803  76.0%   5.5 2155s
 437141 432997 1934466.87 7317  287 2477077.82 593661.803  76.0%   5.5 2160s
 438872 434694 1971280.77 7895  283 2477077.82 593661.803  76.0%   5.5 2165s
 440450 436260 1990799.04 8679  280 2477077.82 593661.803  76.0%   5.5 2170s
 441579 437401 2007385.67 9070  277 2477077.82 593661.803  76.0%   5.5 2175s
 442990 438796 2014711.52 9456  276 2477077.82 593661.803  76.0%   5.5 2180s
 444367 440191 2021608.74 10138  275 2477077.82 593661.803  76.0%   5.4 2185s
 445872 441699 2030621.37 10740  273 2477077.82 593661.803  76.0%   5.4 2190s
 446988 442814 2038067.76 11225  273 2477077.82 593661.803  76.0%   5.4 2195s
 448368 444195 2047890.88 11865  274 2477077.82 593661.803  76.0%   5.4 2200s
 449639 445434 2061786.96 12386  271 2477077.82 593661.803  76.0%   5.4 2205s
 450634 446349 2072051.00 12933  273 2477077.82 593661.803  76.0%   5.4 2212s
 450957 446693 2078228.05 13152  273 2477077.82 593661.803  76.0%   5.4 2215s
 451779 447526 2094559.15 13731  273 2477077.82 593661.803  76.0%   5.5 2220s
 453163 448908 2153009.85 14304  266 2477077.82 593661.803  76.0%   5.5 2225s
H454208 449829                    2475053.9468 593661.803  76.0%   5.5 2229s
 454210 449975 2157321.96 14950  265 2475053.95 593661.803  76.0%   5.5 2230s
 455545 451336 2168615.14 15682  265 2475053.95 593661.803  76.0%   5.5 2235s
 456983 452847 2190723.28 16544  263 2475053.95 593661.803  76.0%   5.5 2240s
 458173 454007 2195608.09 17053  270 2475053.95 593661.803  76.0%   5.5 2245s
 459770 455576 2211371.69 17933  262 2475053.95 593661.803  76.0%   5.5 2250s
 460729 456473 2231556.44 18801  264 2475053.95 593661.803  76.0%   5.5 2255s
H460849 456473                    2474379.4449 593661.803  76.0%   5.5 2255s
 461721 457557 2246873.21 19559  263 2474379.44 593661.803  76.0%   5.5 2260s
 463134 459014 2261157.05 20366  262 2474379.44 593661.803  76.0%   5.5 2265s
H463873 459547                    2471832.1087 593661.803  76.0%   5.5 2268s
 464121 459971 2263726.87 20432  261 2471832.11 593661.803  76.0%   5.5 2270s
 464992 460613 2266129.73 20432  261 2471832.11 593661.803  76.0%   5.5 2277s
 465630 461477 2266136.51 20434  261 2471832.11 593661.803  76.0%   5.5 2280s
 466851 462719 2277959.75 20430  260 2471832.11 593661.803  76.0%   5.5 2285s
 468152 463974 2272474.46 20434  260 2471832.11 593661.803  76.0%   5.5 2290s
 469136 464879 856861.005   56  494 2471832.11 593661.803  76.0%   5.5 2295s
 469994 465769 1137774.33  133  319 2471832.11 593661.803  76.0%   5.6 2300s
 470951 466779 1610755.16  233  309 2471832.11 593661.803  76.0%   5.6 2305s
 472027 467894 1617431.29  594  309 2471832.11 593661.803  76.0%   5.5 2310s
 473137 468915 1625124.27 1015  310 2471832.11 593661.803  76.0%   5.5 2315s
 474433 470280 1633161.51 1454  310 2471832.11 593661.803  76.0%   5.5 2320s
 475712 471564 1642818.27 1860  310 2471832.11 593661.803  76.0%   5.5 2325s
 476911 472753 1805594.82 2266  293 2471832.11 593661.803  76.0%   5.5 2330s
 478178 474055 1816966.71 2872  292 2471832.11 593661.803  76.0%   5.5 2335s
 479522 475353 1828175.63 3477  292 2471832.11 593661.803  76.0%   5.5 2340s
 480899 476727 1841245.07 4051  289 2471832.11 593661.803  76.0%   5.5 2345s
 482104 477864 1855224.70 4647  290 2471832.11 593661.803  76.0%   5.5 2350s
H482422 478125                    2469246.5409 593661.803  76.0%   5.5 2352s
 482790 478376 1861489.21 4924  291 2469246.54 593661.803  76.0%   5.4 2357s
 483232 479064 1866207.53 5135  291 2469246.54 593661.803  76.0%   5.4 2360s
H483480 479075                    2469246.5146 593661.803  76.0%   5.4 2361s
H483491 479180                    2468986.2596 593661.803  76.0%   5.4 2362s
H483492 479180                    2468510.5156 593661.803  76.0%   5.4 2362s
 484135 479985 1873331.78 5536  290 2468510.52 593661.803  76.0%   5.4 2365s
 485772 481634 1888302.50 6347  290 2468510.52 593661.803  76.0%   5.4 2370s
 487180 482987 1903706.71 7068  290 2468510.52 593661.803  76.0%   5.4 2375s
 488889 484700 1917532.22 7832  289 2468510.52 593661.803  76.0%   5.4 2380s
H489557 485259                    2468352.6104 593661.803  75.9%   5.4 2382s
 490279 486106 1929885.11 8388  286 2468352.61 593661.803  75.9%   5.4 2385s
 491761 487559 1942705.79 9001  286 2468352.61 593661.803  75.9%   5.4 2390s
H492690 488359                    2466378.3744 593661.803  75.9%   5.4 2393s
 492984 488789 1955033.14 9606  286 2466378.37 593661.803  75.9%   5.4 2395s
 494594 490401 1969967.48 10452  284 2466378.37 593661.803  75.9%   5.3 2400s
 496008 491804 1985389.41 11215  285 2466378.37 593661.803  75.9%   5.3 2405s
H497049 492635                    2466344.5775 593661.803  75.9%   5.3 2409s
 497051 492836 1994946.12 11759  284 2466344.58 593661.803  75.9%   5.3 2410s
 499191 494999 2021049.53 12536  279 2466344.58 593661.803  75.9%   5.3 2415s
 501557 497380 2035184.65 13655  280 2466344.58 593661.803  75.9%   5.3 2420s
 503649 499412 2051377.50 14525  280 2466344.58 593661.803  75.9%   5.3 2425s
 505523 501358 2065261.17 15579  278 2466344.58 593661.803  75.9%   5.3 2430s
 507660 503482 2083130.32 16761  279 2466344.58 593661.803  75.9%   5.3 2435s
H508028 503613                    2465722.2981 593661.803  75.9%   5.3 2436s
 508940 504717 2089583.68 17452  278 2465722.30 593661.803  75.9%   5.3 2440s
 510457 506140 2116616.24 18334  275 2465722.30 593661.803  75.9%   5.3 2445s
 510659 506245 2116157.42 18468  274 2465722.30 593661.803  75.9%   5.3 2451s
H510661 506247                    2465634.8058 593661.803  75.9%   5.3 2452s
H510662 506247                    2464490.1503 593661.803  75.9%   5.3 2452s
 510927 506623 2118997.66 18630  275 2464490.15 593661.803  75.9%   5.3 2455s
 512018 507728 2128089.79 19390  270 2464490.15 593661.803  75.9%   5.3 2460s
H512433 508090                    2464490.1179 593661.803  75.9%   5.3 2461s
 513265 509090 2134316.99 20121  270 2464490.12 593661.803  75.9%   5.3 2465s
 514976 510805 2142999.32 20432  271 2464490.12 593661.803  75.9%   5.3 2470s
 516441 512238 2141128.96 20430  270 2464490.12 593661.803  75.9%   5.3 2475s
 517472 513266 2140034.97 20428  271 2464490.12 593661.803  75.9%   5.2 2480s
 518777 514509 827568.237   32  643 2464490.12 595088.390  75.9%   5.2 2485s
 519902 515660 2147645.97  114  446 2464490.12 595088.390  75.9%   5.3 2490s
 521012 516724 1713186.16   94  443 2464490.12 595525.035  75.8%   5.3 2495s
H521035 516724                    2464323.5158 595525.035  75.8%   5.3 2495s
 521737 517433 828675.491   45  507 2464323.52 595525.035  75.8%   5.3 2500s
H522616 518293                    2463545.4863 595525.035  75.8%   5.3 2505s
 524121 519932 1323418.43  195  300 2463545.49 595525.035  75.8%   5.3 2510s
 525429 521207 1376061.96  457  298 2463545.49 595525.035  75.8%   5.3 2515s
H526704 522249                    2463119.5969 595525.035  75.8%   5.3 2519s
 526705 522465 1324237.04  780  299 2463119.60 595525.035  75.8%   5.3 2520s
 527996 523748 1324324.32 1031  299 2463119.60 595525.035  75.8%   5.3 2525s
 529026 524644 1324394.51 1234  299 2463119.60 595525.035  75.8%   5.3 2530s
H529086 524644                    2462729.3281 595525.035  75.8%   5.3 2530s
 530282 526075 1335092.24 1510  297 2462729.33 595525.035  75.8%   5.3 2535s
 531898 527548 1328291.05 1860  297 2462729.33 595525.035  75.8%   5.3 2540s
H532003 527548                    2462540.3110 595525.035  75.8%   5.3 2540s
 533150 528956 1332170.74 2196  296 2462540.31 595525.035  75.8%   5.3 2545s
 534616 530392 1343070.98 2525  295 2462540.31 595525.035  75.8%   5.3 2550s
H535514 531059                    2461249.5521 595525.035  75.8%   5.3 2554s
 535734 531516 1336092.58 2801  296 2461249.55 595525.035  75.8%   5.3 2555s
H537145 532694                    2461243.4739 595525.035  75.8%   5.3 2560s
 538495 534278 1343511.40 3465  298 2461243.47 595525.035  75.8%   5.3 2565s
 539195 534876 1353810.40 3636  295 2461243.47 595525.035  75.8%   5.3 2570s
H539333 534890                    2461222.5132 595525.035  75.8%   5.3 2571s
 540251 536027 1346761.92 3871  295 2461222.51 595525.035  75.8%   5.3 2575s
 541556 537339 1350570.04 4170  295 2461222.51 595525.035  75.8%   5.3 2580s
 543480 539239 1365304.15 4547  295 2461222.51 595525.035  75.8%   5.2 2585s
 544799 540556 1369169.32 4840  293 2461222.51 595525.035  75.8%   5.2 2590s
 546099 541874 1364851.54 5171  295 2461222.51 595525.035  75.8%   5.2 2595s
H546704 542247                    2452578.5461 595525.035  75.7%   5.2 2597s
 547317 543062 1371480.94 5501  295 2452578.55 595525.035  75.7%   5.2 2600s
 548656 544404 1381717.30 5857  293 2452578.55 595525.035  75.7%   5.2 2605s
 549936 545718 1383962.39 6158  292 2452578.55 595525.035  75.7%   5.2 2610s
 551718 547469 1395500.19 6524  291 2452578.55 595525.035  75.7%   5.2 2615s
 553049 548780 1395152.17 6862  291 2452578.55 595525.035  75.7%   5.2 2620s
H553313 548957                    2451879.3368 595525.035  75.7%   5.2 2621s
 553896 549647 1398826.44 7064  289 2451879.34 595525.035  75.7%   5.2 2625s
 555306 551070 1429253.51 7445  287 2451879.34 595525.035  75.7%   5.2 2630s
 556439 552108 1431519.16 7789  286 2451879.34 595525.035  75.7%   5.2 2635s
 557084 552657 1433146.08 8088  286 2451879.34 595525.035  75.7%   5.2 2640s
H557115 552659                    2437301.8384 595525.035  75.6%   5.2 2644s
 557117 552712 1434971.30 8103  287 2437301.84 595525.035  75.6%   5.2 2645s
H557381 552984                    2437269.0316 595525.035  75.6%   5.2 2647s
H557449 552980                    2434195.4993 595525.035  75.5%   5.2 2647s
 557691 553348 1466921.91 8360  291 2434195.50 595525.035  75.5%   5.3 2650s
 558421 554132 1475173.58 8698  291 2434195.50 595525.035  75.5%   5.3 2655s
 559618 555335 1481091.35 9032  290 2434195.50 595525.035  75.5%   5.3 2660s
H560054 555784                    2433666.2178 595525.035  75.5%   5.3 2662s
 560845 556586 1485734.73 9287  291 2433666.22 595525.035  75.5%   5.3 2665s
 562304 558096 1493062.41 9598  289 2433666.22 595525.035  75.5%   5.3 2670s
 563481 558981 1503937.90 9990  289 2433666.22 595525.035  75.5%   5.3 2675s
H564184 559447                    2433471.6489 595525.035  75.5%   5.3 2679s
H564186 559447                    2433363.1592 595525.035  75.5%   5.3 2679s
 564187 559563 1510612.06 10286  289 2433363.16 595525.035  75.5%   5.3 2680s
 565137 560560 1523795.95 10712  290 2433363.16 595525.035  75.5%   5.3 2685s
H565671 560992                    2433240.4563 595525.035  75.5%   5.3 2688s
 565904 561379 1539030.59 11021  290 2433240.46 595525.035  75.5%   5.3 2690s
 567259 562803 1544618.85 11385  290 2433240.46 595525.035  75.5%   5.3 2695s
 568655 564191 1554584.27 11727  289 2433240.46 595525.035  75.5%   5.3 2700s
 570008 565528 1560236.59 12059  289 2433240.46 595525.035  75.5%   5.3 2705s
 571316 566881 1564299.58 12376  287 2433240.46 595525.035  75.5%   5.3 2710s
 572437 567967 1566898.11 12620  287 2433240.46 595525.035  75.5%   5.3 2715s
 574120 569640 1569678.35 12996  286 2433240.46 595525.035  75.5%   5.3 2720s
 575440 570987 1572609.28 13290  286 2433240.46 595525.035  75.5%   5.3 2725s
H575856 571117                    2432964.0533 595525.035  75.5%   5.3 2730s
 577064 572326 1575917.79 13688  286 2432964.05 595525.035  75.5%   5.3 2735s
H577125 572386                    2432953.9835 595525.035  75.5%   5.3 2736s
 577923 573394 1577397.66 13933  286 2432953.98 595525.035  75.5%   5.3 2740s
 579248 574775 1581334.49 14251  285 2432953.98 595525.035  75.5%   5.2 2745s
H579832 575093                    2432019.7668 595525.035  75.5%   5.2 2747s
 580369 575855 1580726.17 14493  286 2432019.77 595525.035  75.5%   5.2 2750s
 581920 577393 1585845.34 14889  286 2432019.77 595525.035  75.5%   5.2 2755s
 582840 578324 1587715.75 15112  283 2432019.77 595525.035  75.5%   5.2 2760s
H583455 578716                    2431718.9817 595525.035  75.5%   5.2 2763s
 583902 579385 1591534.15 15403  282 2431718.98 595525.035  75.5%   5.2 2765s
 585180 580671 1621403.61 15728  281 2431718.98 595525.035  75.5%   5.2 2770s
 586290 581791 1622954.84 15958  278 2431718.98 595525.035  75.5%   5.2 2775s
 587662 583168 1626077.82 16323  274 2431718.98 595525.035  75.5%   5.2 2780s
 589306 584568 1628670.45 16658  274 2431718.98 595525.035  75.5%   5.2 2788s
 589477 584805 1628432.20 16691  274 2431718.98 595525.035  75.5%   5.2 2790s
 590952 586506 1629630.31 16982  274 2431718.98 595525.035  75.5%   5.2 2795s
 592433 587931 1631310.37 17325  274 2431718.98 595525.035  75.5%   5.2 2800s
 594095 589541 1634132.24 17763  274 2431718.98 595525.035  75.5%   5.2 2805s
 595627 591114 1639782.98 18186  274 2431718.98 595525.035  75.5%   5.2 2810s
H596123 591428                    2431718.9454 595525.035  75.5%   5.2 2813s
 596411 591829 1693263.68 18425  272 2431718.95 595525.035  75.5%   5.2 2815s
 597617 593055 1691056.14 18714  272 2431718.95 595525.035  75.5%   5.2 2820s
 598792 594266 1689686.44 18990  272 2431718.95 595525.035  75.5%   5.1 2825s
H599664 594932                    2431063.3182 595525.035  75.5%   5.1 2829s
 599672 595142 1661629.60 19217  273 2431063.32 595525.035  75.5%   5.1 2830s
 600908 596383 1668934.18 19544  273 2431063.32 595525.035  75.5%   5.1 2835s
 601909 597355 1688129.60 19817  273 2431063.32 595525.035  75.5%   5.1 2840s
 603015 598473 1689242.12 20147  273 2431063.32 595525.035  75.5%   5.1 2845s
 604013 599477 1691691.27 20423  273 2431063.32 595525.035  75.5%   5.1 2850s
 604868 600302 1693701.10 20432  273 2431063.32 595525.035  75.5%   5.1 2855s
 605869 601301 1694069.46 20434  272 2431063.32 595525.035  75.5%   5.1 2860s
 606837 602252 1696207.37 20432  274 2431063.32 595525.035  75.5%   5.1 2865s
 607326 602623 1388080.24   54  545 2431063.32 600157.812  75.3%   5.1 2872s
 607609 602944 1394668.34   63  535 2431063.32 600157.812  75.3%   5.2 2875s
H608148 603529                    2428806.8755 600157.812  75.3%   5.2 2881s
 608948 604338 984718.567   42  510 2428806.88 600157.812  75.3%   5.2 2885s
 610033 605388 2146710.75   73  540 2428806.88 600157.812  75.3%   5.2 2890s
 610849 606189 2030628.69   83  474 2428806.88 600157.812  75.3%   5.2 2895s
 611693 607071 1829350.44  122  342 2428806.88 600157.812  75.3%   5.2 2900s
 612203 607293     cutoff  134      2428806.88 600157.812  75.3%   5.3 2905s
 612500 607588 1561275.17   65  496 2428806.88 600157.812  75.3%   5.3 2910s
 613001 608140 995318.737   61  501 2428806.88 600157.812  75.3%   5.4 2915s
 614087 609442 2010656.37  325  290 2428806.88 600157.812  75.3%   5.4 2920s
 615701 610989 2165147.85  909  267 2428806.88 600157.812  75.3%   5.4 2925s
 616469 611583 615825.809   41  591 2428806.88 600157.812  75.3%   5.4 2930s
 617113 612254 1665759.70   82  475 2428806.88 600157.812  75.3%   5.4 2935s
 617818 612943 1214761.81   58  552 2428806.88 600267.944  75.3%   5.4 2940s
 618453 613558 899111.156   42  526 2428806.88 601207.487  75.2%   5.4 2946s
 619384 614547 1086066.67   74  551 2428806.88 601207.487  75.2%   5.4 2950s
 619828 614773 1205142.97   90  486 2428806.88 601207.487  75.2%   5.4 2957s
 620080 615236 1326129.17  102  404 2428806.88 601207.487  75.2%   5.4 2960s
 621002 616265 1395926.42  184  321 2428806.88 601207.487  75.2%   5.4 2965s
 622284 617542 1572047.38  474  300 2428806.88 601207.487  75.2%   5.4 2970s
 623548 618844 1572235.14  775  300 2428806.88 601207.487  75.2%   5.4 2975s
 625091 620315 1635558.66 1061  298 2428806.88 601207.487  75.2%   5.4 2980s
 626559 621772 1635483.15 1302  298 2428806.88 601207.487  75.2%   5.4 2985s
 628309 623435 1600537.54 1623  299 2428806.88 601207.487  75.2%   5.4 2990s
 629303 624439 1605998.98 1815  299 2428806.88 601207.487  75.2%   5.4 2995s
 630423 625562 1638255.60 2046  298 2428806.88 601207.487  75.2%   5.4 3000s
H630695 625618                    2427367.4016 601207.487  75.2%   5.4 3002s
 631137 626309 1631468.11 2224  300 2427367.40 601207.487  75.2%   5.4 3005s
 632591 627734 1625764.97 2510  300 2427367.40 601207.487  75.2%   5.4 3010s
H633748 628804                    2427357.6812 601207.487  75.2%   5.4 3014s
 633882 629033 1632810.31 2757  300 2427357.68 601207.487  75.2%   5.4 3015s
 635463 630645 1647473.03 3046  300 2427357.68 601207.487  75.2%   5.4 3020s
 636858 632004 1649166.39 3332  300 2427357.68 601207.487  75.2%   5.4 3025s
 638139 633299 1656211.74 3579  300 2427357.68 601207.487  75.2%   5.4 3030s
 638977 634160 1658985.68 3750  298 2427357.68 601207.487  75.2%   5.4 3035s
 640359 635608 1711809.48 4051  297 2427357.68 601207.487  75.2%   5.4 3040s
 641726 636887 1667640.74 4357  298 2427357.68 601207.487  75.2%   5.4 3045s
 643186 638385 1674466.25 4712  298 2427357.68 601207.487  75.2%   5.4 3050s
H643745 638668                    2427331.7745 601207.487  75.2%   5.4 3052s
 644280 639483 1707511.45 4944  297 2427331.77 601207.487  75.2%   5.4 3055s
 645425 640519 1707186.30 5166  298 2427331.77 601207.487  75.2%   5.4 3061s
 646212 641367 1688390.56 5360  299 2427331.77 601207.487  75.2%   5.4 3065s
 647602 642746 1695902.62 5704  299 2427331.77 601207.487  75.2%   5.4 3070s
 649004 644160 1708232.39 6042  299 2427331.77 601207.487  75.2%   5.3 3075s
H649678 644599                    2426937.2168 601207.487  75.2%   5.3 3079s
 649797 644835 1709217.82 6315  299 2426937.22 601207.487  75.2%   5.4 3080s
 650923 645973 1718541.08 6859  298 2426937.22 601207.487  75.2%   5.4 3085s
 651731 646808 1723193.65 7240  294 2426937.22 601207.487  75.2%   5.4 3090s
H652060 647099                    2426912.6117 601207.487  75.2%   5.4 3092s
 652505 647509 1722716.04 7570  295 2426912.61 601207.487  75.2%   5.4 3095s
 653021 648030 1772190.04 7815  293 2426912.61 601207.487  75.2%   5.4 3100s
 653752 648791 1730988.17 8136  295 2426912.61 601207.487  75.2%   5.4 3105s
 654511 649516 1736564.14 8472  295 2426912.61 601207.487  75.2%   5.4 3110s
 655318 650307 1742807.42 8848  295 2426912.61 601207.487  75.2%   5.4 3116s
H655458 650307                    2426749.6492 601207.487  75.2%   5.4 3116s
 656334 651497 1747804.12 9149  296 2426749.65 601207.487  75.2%   5.4 3120s
 657566 652699 1802444.47 9441  295 2426749.65 601207.487  75.2%   5.4 3125s
 658728 653652 1761805.32 9846  296 2426749.65 601207.487  75.2%   5.4 3130s
H658954 653726                    2426636.4948 601207.487  75.2%   5.4 3134s
H658965 653726                    2425822.7510 601207.487  75.2%   5.4 3134s
 658966 653962 1764036.07 9949  296 2425822.75 601207.487  75.2%   5.4 3135s
 659819 654662 1796889.59 10276  295 2425822.75 601207.487  75.2%   5.4 3141s
 660774 655534 1780434.94 10708  296 2425822.75 601207.487  75.2%   5.5 3145s
 661438 656114 1794103.44 11018  297 2425822.75 601207.487  75.2%   5.5 3150s
 662336 657035 1798614.42 11428  295 2425822.75 601207.487  75.2%   5.5 3155s
 663252 657971 1803298.98 11755  297 2425822.75 601207.487  75.2%   5.5 3160s
 664054 658971 1807690.11 12018  296 2425822.75 601207.487  75.2%   5.5 3165s
 665455 660054 1812544.11 12333  293 2425822.75 601207.487  75.2%   5.5 3170s
H665473 660054                    2425674.2060 601207.487  75.2%   5.5 3170s
 666657 661500 1815043.46 12596  293 2425674.21 601207.487  75.2%   5.5 3175s
 668217 662785 1856506.94 12865  293 2425674.21 601207.487  75.2%   5.5 3183s
 668405 663304 1823106.09 12905  294 2425674.21 601207.487  75.2%   5.5 3185s
 669938 664761 1827285.31 13189  294 2425674.21 601207.487  75.2%   5.5 3190s
 671291 666149 1867527.84 13493  293 2425674.21 601207.487  75.2%   5.5 3195s
H671614 666321                    2425431.4642 601207.487  75.2%   5.5 3196s
 672661 667534 1867007.23 13767  293 2425431.46 601207.487  75.2%   5.5 3200s
 673988 668818 1868986.39 14079  293 2425431.46 601207.487  75.2%   5.5 3205s
 675672 670518 1869207.70 14441  293 2425431.46 601207.487  75.2%   5.5 3210s
H677095 671902                    2425239.7819 601207.487  75.2%   5.5 3215s
H677376 671943                    2401805.5974 601207.487  75.0%   5.5 3217s
 677927 672687 1872214.20 14913  292 2401805.60 601207.487  75.0%   5.5 3220s
 678895 673659 1874389.96 15185  293 2401805.60 601207.487  75.0%   5.5 3225s
 680040 674791 1874368.98 15514  292 2401805.60 601207.487  75.0%   5.5 3230s
 681005 675765 1879813.40 15844  291 2401805.60 601207.487  75.0%   5.5 3235s
 682362 677161 1882788.11 16165  289 2401805.60 601207.487  75.0%   5.5 3240s
H683394 677960                    2401805.5837 601207.487  75.0%   5.5 3244s
 683395 678201 1885471.41 16425  288 2401805.58 601207.487  75.0%   5.5 3245s
 685019 679846 1886601.70 16857  288 2401805.58 601207.487  75.0%   5.4 3250s
 686506 681279 1888294.14 17256  288 2401805.58 601207.487  75.0%   5.4 3255s
 687337 681904 1890807.32 17473  288 2401805.58 601207.487  75.0%   5.4 3261s
 687992 682765 1891244.30 17660  287 2401805.58 601207.487  75.0%   5.4 3265s
H689083 683830                    2400478.3895 601207.487  75.0%   5.4 3269s
 689265 684047 1893619.26 17955  286 2400478.39 601207.487  75.0%   5.4 3270s
 690456 685253 1896208.30 18196  287 2400478.39 601207.487  75.0%   5.4 3275s
 691858 686687 1899913.53 18513  287 2400478.39 601207.487  75.0%   5.4 3280s
 693585 688430 1910814.01 18920  284 2400478.39 601207.487  75.0%   5.4 3285s
 695774 690543 1910347.78 19388  283 2400478.39 601207.487  75.0%   5.4 3290s
 697069 691816 1917779.31 19716  283 2400478.39 601207.487  75.0%   5.4 3295s
 698230 693031 1924695.48 20021  283 2400478.39 601207.487  75.0%   5.4 3300s
 699641 694414 1932838.21 20337  283 2400478.39 601207.487  75.0%   5.4 3305s
 701212 696031 1936158.70 20434  283 2400478.39 601207.487  75.0%   5.4 3310s
H701888 696456                    2400199.8992 601207.487  75.0%   5.4 3313s
 702249 697017 1943104.10 20434  282 2400199.90 601207.487  75.0%   5.4 3315s
 703431 698185 1933640.83 20434  284 2400199.90 601207.487  75.0%   5.4 3320s
 704717 699380 880393.330   37  622 2400199.90 602629.586  74.9%   5.4 3325s
 705396 700074 2119770.18  123  367 2400199.90 602629.586  74.9%   5.4 3330s
 706168 700744 1961161.55  118  369 2400199.90 602629.586  74.9%   5.4 3335s
 706392 700915 1975068.99  116  383 2400199.90 602629.586  74.9%   5.4 3345s
H706393 700915                    2400126.0071 602629.586  74.9%   5.4 3345s
H706394 700921                    2399430.7163 602629.586  74.9%   5.4 3345s
H706727 701250                    2399343.7598 602856.806  74.9%   5.5 3349s
 706746 701446 1641681.80  266  345 2399343.76 602856.806  74.9%   5.5 3350s
H707164 701711                    2399323.4083 602856.806  74.9%   5.5 3353s
 707466 702218 1648637.72  695  345 2399323.41 602856.806  74.9%   5.5 3355s
 708318 702817 1662147.18 1331  344 2399323.41 602856.806  74.9%   5.5 3361s
 709149 703387     cutoff 1986      2399323.41 604790.588  74.8%   5.5 3365s
 709367 703566 1202456.97   47  571 2399323.41 604790.588  74.8%   5.6 3370s
H709376 703569                    2399311.8427 604790.588  74.8%   5.6 3371s
 709583 703762 1309262.86   48  522 2399311.84 604791.825  74.8%   5.6 3375s
 710084 704433 890295.326   62  493 2399311.84 604791.825  74.8%   5.6 3380s
 711500 705886 1122881.87  143  332 2399311.84 604791.825  74.8%   5.6 3385s
 712786 707211 1304072.08  301  306 2399311.84 604791.825  74.8%   5.6 3390s
H713413 707553                    2399286.1452 604791.825  74.8%   5.6 3392s
 714353 708760 1307151.79  609  306 2399286.15 604791.825  74.8%   5.6 3395s
 715526 709933 1309577.19  852  306 2399286.15 604791.825  74.8%   5.6 3400s
 716983 711413 1319946.35 1177  305 2399286.15 604791.825  74.8%   5.6 3405s
H717957 712247                    2399255.0969 604791.825  74.8%   5.6 3410s
 719109 713509 1342579.35 1607  302 2399255.10 604791.825  74.8%   5.6 3415s
 720587 714978 1341985.90 1948  300 2399255.10 604791.825  74.8%   5.6 3420s
 722165 716565 1357932.16 2330  297 2399255.10 604791.825  74.8%   5.6 3425s
H723298 717479                    2399255.0832 604791.825  74.8%   5.6 3429s
H723367 717479                    2399214.0514 604791.825  74.8%   5.6 3430s
 725053 719437 1355127.55 3057  298 2399214.05 604791.825  74.8%   5.6 3435s
 726921 721255 1367061.33 3530  297 2399214.05 604791.825  74.8%   5.6 3440s
 727256 721466 1358821.31 3618  298 2399214.05 604791.825  74.8%   5.6 3445s
H727354 721466                    2399208.5668 604791.825  74.8%   5.6 3445s
 728367 722480 1360029.53 3908  299 2399208.57 604791.825  74.8%   5.6 3450s
 729557 723926 1365011.55 4161  299 2399208.57 604791.825  74.8%   5.6 3455s
H729912 724024                    2399152.0794 604791.825  74.8%   5.6 3456s
 730631 724968 1364135.14 4439  299 2399152.08 604791.825  74.8%   5.5 3460s
 731993 726368 1369242.67 4769  299 2399152.08 604791.825  74.8%   5.5 3465s
 733349 727675 1368922.05 5097  300 2399152.08 604791.825  74.8%   5.5 3470s
 734763 729064 1375428.79 5476  300 2399152.08 604791.825  74.8%   5.5 3475s
H735234 729346                    2398728.5718 604791.825  74.8%   5.5 3477s
 735997 730357 1377303.34 5805  297 2398728.57 604791.825  74.8%   5.5 3480s
 737580 731924 1387067.28 6193  293 2398728.57 604791.825  74.8%   5.5 3485s
 738959 733302 1384331.55 6527  293 2398728.57 604791.825  74.8%   5.5 3490s
 740312 734633 1388363.77 6854  292 2398728.57 604791.825  74.8%   5.5 3495s
H740604 734808                    2398386.1044 604791.825  74.8%   5.5 3497s
 741358 735684 1389609.12 7100  292 2398386.10 604791.825  74.8%   5.5 3500s
 742618 736988 1391282.42 7411  292 2398386.10 604791.825  74.8%   5.5 3505s
 744228 738557 1438899.97 7717  291 2398386.10 604791.825  74.8%   5.5 3510s
 745495 739810 1418211.95 8012  292 2398386.10 604791.825  74.8%   5.5 3515s
 746713 741021 1408630.10 8308  292 2398386.10 604791.825  74.8%   5.5 3520s
 748268 742381 1415302.29 8653  292 2398386.10 604791.825  74.8%   5.5 3528s
H748270 742383                    2398347.1773 604791.825  74.8%   5.5 3529s
H748271 742383                    2397960.3566 604791.825  74.8%   5.5 3529s
 748420 742741 1433193.35 8689  291 2397960.36 604791.825  74.8%   5.5 3530s
 749606 743926 1429488.84 9002  293 2397960.36 604791.825  74.8%   5.5 3535s
 750842 745160 1432815.19 9293  293 2397960.36 604791.825  74.8%   5.5 3540s
 752170 746479 1435606.07 9582  293 2397960.36 604791.825  74.8%   5.4 3545s
 752986 747246 1439679.96 9894  293 2397960.36 604791.825  74.8%   5.5 3550s
 753527 747711 1443606.11 10119  286 2397960.36 604791.825  74.8%   5.5 3555s
H753615 747711                    2397682.2348 604791.825  74.8%   5.5 3555s
 754191 748363 1445448.58 10405  286 2397682.23 604791.825  74.8%   5.5 3560s
 754909 749076 1447161.14 10712  286 2397682.23 604791.825  74.8%   5.5 3565s
 755751 749968 1449554.57 11093  285 2397682.23 604791.825  74.8%   5.5 3570s
 756655 750812 1456416.30 11473  283 2397682.23 604791.825  74.8%   5.5 3575s
H757015 751041                    2397575.8517 604791.825  74.8%   5.5 3576s
 757624 751675 1462472.32 11812  283 2397575.85 604791.825  74.8%   5.5 3580s
 758066 751887 1465273.53 11962  281 2397575.85 604791.825  74.8%   5.5 3586s
 758558 752369 1479037.41 12154  279 2397575.85 604791.825  74.8%   5.6 3591s
H758642 752369                    2397575.8380 604791.825  74.8%   5.6 3591s
 759105 753015 1474760.09 12403  281 2397575.84 604791.825  74.8%   5.6 3596s
 759724 753470 1483197.33 12684  280 2397575.84 604791.825  74.8%   5.6 3600s

Cutting planes:
  Gomory: 22
  Implied bound: 36
  MIR: 493
  Mixing: 1
  StrongCG: 8
  Flow cover: 379
  RLT: 225

Explored 759765 nodes (4234356 simplex iterations) in 3600.21 seconds (1481.65 work units)
Thread count was 2 (of 24 available processors)

Solution count 10: 2.39758e+06 2.39768e+06 2.39796e+06 ... 2.39926e+06

Time limit reached
Best objective 2.397575838047e+06, best bound 6.047918247729e+05, gap 74.7749%
