
Gurobi 11.0.3 (linux64, Java) logging started sex 29 nov 2024 07:58:18 -03

Set parameter Username
Academic license - for non-commercial use only - expires 2025-10-10
Set parameter NonConvex to value 2
Set parameter TimeLimit to value 3600
Set parameter LogToConsole to value 0
Set parameter MIPGap to value 2.5029985070196468e-07
Set parameter Threads to value 2
Set parameter NodefileDir to value "/home/ps12398/experiment_epec/goalProgrammingMarcos/"
Set parameter NodefileStart to value 1
Gurobi Optimizer version 11.0.3 build v11.0.3rc0 (linux64)

CPU model: Intel(R) Xeon(R) CPU           X5650  @ 2.67GHz, instruction set [SSE2]
Thread count: 12 physical cores, 24 logical processors, using up to 2 threads

Optimize a model with 58003 rows, 39068 columns and 204825 nonzeros
Model fingerprint: 0xb475870f
Model has 144 quadratic constraints
Variable types: 19466 continuous, 19602 integer (139 binary)
Coefficient statistics:
  Matrix range     [7e-03, 6e+05]
  QMatrix range    [7e-03, 2e+04]
  QLMatrix range   [1e+00, 2e+04]
  Objective range  [2e+00, 8e+06]
  Bounds range     [1e+00, 1e+08]
  RHS range        [1e+00, 7e+04]
  QRHS range       [3e-03, 3e-03]
Presolve removed 57813 rows and 38465 columns
Presolve time: 0.14s
Presolved: 637 rows, 749 columns, 6578 nonzeros
Presolved model has 2 SOS constraint(s)
Presolved model has 139 bilinear constraint(s)

Solving non-convex MIQCP

Variable types: 427 continuous, 322 integer (141 binary)
Found heuristic solution: objective 1443255.0381

Root relaxation: objective 1.434002e+06, 32 iterations, 0.00 seconds (0.00 work units)

    Nodes    |    Current Node    |     Objective Bounds      |     Work
 Expl Unexpl |  Obj  Depth IntInf | Incumbent    BestBd   Gap | It/Node Time

     0     0 1434002.18    0   41 1443255.04 1434002.18  0.64%     -    0s
     0     0 1436490.88    0   41 1443255.04 1436490.88  0.47%     -    0s
     0     0 1438823.12    0   51 1443255.04 1438823.12  0.31%     -    0s
     0     0 1439366.63    0   50 1443255.04 1439366.63  0.27%     -    0s
     0     0 1439370.53    0   52 1443255.04 1439370.53  0.27%     -    0s
     0     0 1439380.69    0   52 1443255.04 1439380.69  0.27%     -    0s
     0     2 1439380.69    0   52 1443255.04 1439380.69  0.27%     -    0s
H    7    10                    1443105.1050 1439400.46  0.26%   1.0    0s
H   65    79                    1442361.9686 1439400.46  0.21%   1.5    0s
H  257   262                    1442283.2268 1439400.46  0.20%   3.5    0s
*  267   262              95    1442282.7850 1439400.46  0.20%   3.4    0s
H  271   262                    1442282.1542 1439400.46  0.20%   3.5    0s
H  425   406                    1442235.3683 1439521.34  0.19%   3.6    0s
*  590   494              86    1442203.7510 1439603.02  0.18%   3.3    0s
H  962   685                    1442176.2470 1439708.81  0.17%   3.8    1s
H  966   653                    1442176.2030 1440226.09  0.14%   3.8    1s
H  979   630                    1442152.7192 1441259.06  0.06%   3.9    1s
H  985   603                    1442131.5406 1441315.75  0.06%   4.0    1s
H  991   577                    1442116.2902 1441337.52  0.05%   4.0    1s
H  998   555                    1442108.3563 1441362.20  0.05%   4.0    1s
H 1004   531                    1442108.0210 1441403.56  0.05%   4.0    1s
H 1071   635                    1442076.5675 1441406.34  0.05%   3.8    1s
* 1163   662              93    1442066.7442 1441406.65  0.05%   3.7    1s
* 1211   620              76    1442066.0217 1441408.72  0.05%   3.6    1s
* 1214   593              77    1442062.8542 1441408.72  0.05%   3.6    1s
* 1216   571              78    1442062.1687 1441408.72  0.05%   3.6    1s
H 1240   539                    1442041.7731 1441422.53  0.04%   3.5    1s
* 1243   514              97    1442039.5133 1441422.53  0.04%   3.5    1s
* 2772  1192              83    1442039.0722 1441490.62  0.04%   2.5    2s
* 2773  1192              82    1442039.0666 1441490.62  0.04%   2.5    2s
* 2779  1192              85    1442038.5637 1441490.62  0.04%   2.5    2s
* 2781  1192              86    1442038.4072 1441490.62  0.04%   2.5    2s
* 5082  2399              80    1442037.6188 1441532.76  0.04%   2.4    3s
H 6246  2760                    1442036.8962 1441552.15  0.03%   2.4    4s
  6969  3090 1442014.91   72   40 1442036.90 1441555.53  0.03%   2.4    5s
*11318  4818              80    1442035.0470 1441582.30  0.03%   2.4    7s
*13871  5786              81    1442034.2065 1441596.75  0.03%   2.4    8s
H15063  6292                    1442034.0944 1441605.62  0.03%   2.4    8s
 16948  7058 1442009.60   68   39 1442034.09 1441615.92  0.03%   2.4   10s
*19808  8092              84    1442032.7063 1441626.67  0.03%   2.4   11s
*19824  8090              87    1442032.4567 1441626.67  0.03%   2.4   11s
*19829  8084              89    1442031.6865 1441626.67  0.03%   2.4   11s
*22741  9123              85    1442030.3845 1441635.48  0.03%   2.5   12s
*22742  9111              85    1442028.8759 1441635.48  0.03%   2.5   12s
*22747  9101              87    1442028.1253 1441635.48  0.03%   2.5   12s
 27291 10622     cutoff   78      1442028.13 1441647.09  0.03%   2.5   15s
 37923 13980     cutoff   77      1442028.13 1441673.08  0.02%   2.5   20s
 48755 17704 1441767.03   59   45 1442028.13 1441692.97  0.02%   2.5   25s
 58791 20939     cutoff   76      1442028.13 1441705.36  0.02%   2.5   30s
*68915 23938              85    1442027.0292 1441716.02  0.02%   2.5   34s
*68918 23936              84    1442026.9569 1441716.02  0.02%   2.5   34s
 69613 24146     cutoff   66      1442026.96 1441716.59  0.02%   2.5   35s
 79294 27460 1442000.19   75   23 1442026.96 1441724.48  0.02%   2.5   40s
 90681 31401 1441913.15   63   43 1442026.96 1441733.14  0.02%   2.5   45s
 101625 34905 1441985.87   67   42 1442026.96 1441740.62  0.02%   2.4   50s
 112278 38320 infeasible   79      1442026.96 1441746.09  0.02%   2.4   55s
 123106 41576 1441793.62   67   46 1442026.96 1441751.12  0.02%   2.4   60s
 133658 44664 1441939.99   71   41 1442026.96 1441755.30  0.02%   2.4   65s
 143965 47544     cutoff   70      1442026.96 1441758.89  0.02%   2.4   70s
 154527 50311 1441812.16   65   45 1442026.96 1441762.48  0.02%   2.4   75s
 165169 53002     cutoff   70      1442026.96 1441766.02  0.02%   2.5   80s
 175638 55841     cutoff   76      1442026.96 1441769.25  0.02%   2.5   85s
 185947 58430 1442002.53   71   41 1442026.96 1441772.24  0.02%   2.5   90s
 196618 61243 1441928.21   61   44 1442026.96 1441775.26  0.02%   2.5   95s
 207655 64136     cutoff   74      1442026.96 1441778.04  0.02%   2.5  100s
 218903 67234 1441912.94   79   40 1442026.96 1441780.55  0.02%   2.5  105s
 230099 70114 1442019.85   80    6 1442026.96 1441783.16  0.02%   2.5  110s
 240740 72830 1442009.46   73   40 1442026.96 1441785.31  0.02%   2.5  115s
 252577 75846     cutoff   69      1442026.96 1441787.62  0.02%   2.5  120s
 263302 78502     cutoff   75      1442026.96 1441789.47  0.02%   2.5  125s
 274903 81203     cutoff   72      1442026.96 1441791.41  0.02%   2.5  130s
 285522 83807     cutoff   75      1442026.96 1441792.89  0.02%   2.5  135s
 295859 86359 1441897.72   73   45 1442026.96 1441794.18  0.02%   2.5  140s
 306130 88819     cutoff   75      1442026.96 1441795.58  0.02%   2.5  145s
 316198 91249     cutoff   81      1442026.96 1441796.86  0.02%   2.5  150s
 327885 94137     cutoff   74      1442026.96 1441798.21  0.02%   2.5  155s
 338446 96491     cutoff   76      1442026.96 1441799.51  0.02%   2.5  160s
 349977 99141 1441961.84   70   43 1442026.96 1441800.79  0.02%   2.5  165s
 360350 101453     cutoff   69      1442026.96 1441802.14  0.02%   2.5  170s
*364884 102331              83    1442026.7984 1441802.69  0.02%   2.5  171s
*365272 102388              84    1442026.6463 1441802.74  0.02%   2.5  171s
 375652 104529     cutoff   74      1442026.65 1441803.81  0.02%   2.5  175s
 391022 107732 1442009.90   76   27 1442026.65 1441805.40  0.02%   2.5  180s
 401436 109841 1441938.50   75   42 1442026.65 1441806.35  0.02%   2.5  185s
 411822 112036 1442000.66   68   42 1442026.65 1441807.29  0.02%   2.5  190s
 422062 114219 1441850.37   71   45 1442026.65 1441808.19  0.02%   2.5  195s
 432458 116367 infeasible   79      1442026.65 1441809.06  0.02%   2.5  200s
 442484 118510     cutoff   76      1442026.65 1441809.96  0.02%   2.5  205s
 452863 120621 1441936.91   72   42 1442026.65 1441810.87  0.01%   2.5  210s
 463258 122856 1441986.17   77   41 1442026.65 1441811.65  0.01%   2.5  215s
 473524 124879 1441933.27   76   42 1442026.65 1441812.51  0.01%   2.5  220s
 483262 126823     cutoff   75      1442026.65 1441813.29  0.01%   2.5  225s
 493624 128816     cutoff   74      1442026.65 1441814.03  0.01%   2.5  230s
 504003 130719     cutoff   76      1442026.65 1441814.86  0.01%   2.5  235s
*509908 131486              85    1442025.4593 1441815.26  0.01%   2.5  238s
*509912 131446              85    1442025.2688 1441815.26  0.01%   2.5  238s
*509915 131415              84    1442025.1925 1441815.26  0.01%   2.5  238s
 514005 132110     cutoff   76      1442025.19 1441815.59  0.01%   2.5  240s
 524190 133835     cutoff   68      1442025.19 1441816.43  0.01%   2.5  245s
 534578 135560     cutoff   72      1442025.19 1441817.20  0.01%   2.5  250s
 545596 137409 1441965.22   73   38 1442025.19 1441818.05  0.01%   2.5  255s
 555582 138893     cutoff   73      1442025.19 1441818.84  0.01%   2.5  260s
 568991 141044     cutoff   77      1442025.19 1441819.79  0.01%   2.5  265s
 582178 143044 1441933.10   78   42 1442025.19 1441820.75  0.01%   2.5  270s
 592216 144664 1441995.21   72   28 1442025.19 1441821.46  0.01%   2.5  275s
 603852 146554 1441893.40   74   43 1442025.19 1441822.28  0.01%   2.5  280s
 614188 148099 1441938.10   69   42 1442025.19 1441822.97  0.01%   2.5  285s
 624187 149700     cutoff   76      1442025.19 1441823.65  0.01%   2.5  290s
 635534 151540 1442019.70   76   10 1442025.19 1441824.41  0.01%   2.5  295s
 645633 153120 1441964.74   70   41 1442025.19 1441825.07  0.01%   2.5  300s
 657079 154709     cutoff   78      1442025.19 1441825.79  0.01%   2.6  305s
 667172 156264     cutoff   73      1442025.19 1441826.46  0.01%   2.6  310s
 677556 157823 1442009.97   72   22 1442025.19 1441827.10  0.01%   2.6  315s
 688873 159543 1441989.00   73   41 1442025.19 1441827.77  0.01%   2.6  320s
 699260 161041 1441856.62   65   44 1442025.19 1441828.42  0.01%   2.6  325s
 710911 162755 1441838.30   70   45 1442025.19 1441829.12  0.01%   2.6  330s
 720960 164229 1441989.59   74   24 1442025.19 1441829.70  0.01%   2.6  335s
 731102 165686 1441997.95   70   40 1442025.19 1441830.26  0.01%   2.6  340s
 745450 167675 1442011.11   72   29 1442025.19 1441831.07  0.01%   2.6  345s
 761050 169849 1441948.15   77   42 1442025.19 1441831.91  0.01%   2.6  350s
 775947 171875 1442023.60   78   18 1442025.19 1441832.73  0.01%   2.6  355s
 790402 173942 1441987.56   75   27 1442025.19 1441833.44  0.01%   2.6  360s
 800805 175249 1441995.01   70   42 1442025.19 1441833.97  0.01%   2.6  365s
 811031 176551 1441921.41   67   43 1442025.19 1441834.50  0.01%   2.6  370s
 821191 177933     cutoff   75      1442025.19 1441834.97  0.01%   2.6  375s
 831243 179187 1441897.67   62   43 1442025.19 1441835.49  0.01%   2.6  380s
 841298 180484 1441983.05   81   40 1442025.19 1441835.96  0.01%   2.6  385s
 851393 181721 1441847.82   74   43 1442025.19 1441836.41  0.01%   2.6  390s
 861036 182892 1441923.81   81   42 1442025.19 1441836.87  0.01%   2.6  395s
 870859 184207 1441839.23   73   44 1442025.19 1441837.31  0.01%   2.6  400s
 880956 185445 1441997.27   72   27 1442025.19 1441837.76  0.01%   2.6  405s
 891088 186689     cutoff   77      1442025.19 1441838.21  0.01%   2.6  410s
 900816 187897     cutoff   77      1442025.19 1441838.65  0.01%   2.6  415s
 910831 189094     cutoff   77      1442025.19 1441839.07  0.01%   2.6  420s
 921217 190388 1441927.66   73   44 1442025.19 1441839.51  0.01%   2.6  425s
 932494 191682 1441919.42   76   42 1442025.19 1441839.97  0.01%   2.6  430s
 942198 192738 1442016.07   67   42 1442025.19 1441840.39  0.01%   2.6  435s
 952115 193849 1441931.38   66   43 1442025.19 1441840.81  0.01%   2.6  440s
 962139 195155     cutoff   80      1442025.19 1441841.21  0.01%   2.6  445s
 971937 196263     cutoff   75      1442025.19 1441841.57  0.01%   2.6  450s
 982046 197522 1441928.81   67   43 1442025.19 1441841.94  0.01%   2.6  455s
 992067 198496 1441907.30   64   44 1442025.19 1441842.33  0.01%   2.6  460s
 1001835 199585     cutoff   77      1442025.19 1441842.70  0.01%   2.6  465s
 1011892 200681 1441851.03   73   43 1442025.19 1441843.06  0.01%   2.6  470s
 1021907 201723 1441968.18   79   42 1442025.19 1441843.41  0.01%   2.6  475s
 1031691 202726     cutoff   82      1442025.19 1441843.75  0.01%   2.6  480s
 1041668 203791 1441917.20   75   43 1442025.19 1441844.06  0.01%   2.6  485s
 1051738 204865 1441989.16   76   43 1442025.19 1441844.41  0.01%   2.6  490s
 1061423 205788 1441927.11   73   41 1442025.19 1441844.73  0.01%   2.6  495s
 1071241 206833 1441937.70   69   43 1442025.19 1441845.05  0.01%   2.6  500s
 1081287 207773 1441925.84   71   42 1442025.19 1441845.39  0.01%   2.6  505s
 1091082 208736 1441848.89   73   45 1442025.19 1441845.70  0.01%   2.6  510s
 1100839 209658 1441939.01   75   43 1442025.19 1441846.00  0.01%   2.6  515s
 1110963 210615     cutoff   75      1442025.19 1441846.31  0.01%   2.6  520s
 1120678 211358 1441856.16   69   43 1442025.19 1441846.64  0.01%   2.6  525s
 1130709 212249 1441936.51   74   39 1442025.19 1441846.97  0.01%   2.6  530s
 1140153 213134 1442018.40   74   38 1442025.19 1441847.28  0.01%   2.6  535s
 1150283 214015     cutoff   70      1442025.19 1441847.58  0.01%   2.6  540s
 1159953 214882     cutoff   79      1442025.19 1441847.87  0.01%   2.6  545s
 1169838 215844     cutoff   73      1442025.19 1441848.17  0.01%   2.6  550s
 1179926 216650 1441966.20   76   42 1442025.19 1441848.50  0.01%   2.6  555s
 1189695 217488 1442002.20   73   42 1442025.19 1441848.83  0.01%   2.6  560s
 1199501 218311 1441860.93   70   43 1442025.19 1441849.12  0.01%   2.6  565s
 1209211 219081     cutoff   74      1442025.19 1441849.42  0.01%   2.6  570s
 1219323 219962 1441966.38   75   42 1442025.19 1441849.73  0.01%   2.6  575s
 1229007 220769 1442014.04   72   27 1442025.19 1441850.00  0.01%   2.6  580s
 1238772 221498 1441928.75   71   44 1442025.19 1441850.32  0.01%   2.6  585s
 1248542 222226 1441909.99   74   43 1442025.19 1441850.63  0.01%   2.6  590s
 1258601 223036 1441940.67   74   42 1442025.19 1441850.92  0.01%   2.6  595s
 1268446 223838 1441911.97   72   43 1442025.19 1441851.24  0.01%   2.6  600s
 1278215 224579 1441907.62   73   43 1442025.19 1441851.55  0.01%   2.6  605s
 1288369 225237     cutoff   68      1442025.19 1441851.85  0.01%   2.6  610s
 1298148 225930 1441863.94   72   47 1442025.19 1441852.15  0.01%   2.6  615s
 1307837 226662 1441854.61   71   43 1442025.19 1441852.43  0.01%   2.6  620s
 1317927 227341     cutoff   74      1442025.19 1441852.74  0.01%   2.6  625s
 1327665 227994     cutoff   69      1442025.19 1441853.02  0.01%   2.6  630s
 1337417 228612 1441995.85   72   24 1442025.19 1441853.30  0.01%   2.6  635s
 1347450 229276 1441964.79   75   43 1442025.19 1441853.59  0.01%   2.6  640s
 1357189 229967 1442013.30   74   27 1442025.19 1441853.88  0.01%   2.6  645s
 1367017 230648 1441863.15   71   43 1442025.19 1441854.17  0.01%   2.6  650s
 1376716 231284     cutoff   78      1442025.19 1441854.46  0.01%   2.6  655s
 1386396 231941 1441983.95   68   39 1442025.19 1441854.73  0.01%   2.6  660s
 1395923 232607     cutoff   73      1442025.19 1441854.99  0.01%   2.6  665s
 1405363 233179     cutoff   72      1442025.19 1441855.26  0.01%   2.6  670s
 1415070 233703 infeasible   74      1442025.19 1441855.53  0.01%   2.6  675s
 1424493 234259     cutoff   76      1442025.19 1441855.79  0.01%   2.6  680s
 1434427 234992     cutoff   79      1442025.19 1441856.07  0.01%   2.6  685s
 1444081 235459 1441859.03   71   44 1442025.19 1441856.33  0.01%   2.6  690s
 1453629 236012 1441943.42   70   43 1442025.19 1441856.59  0.01%   2.6  695s
 1462966 236637 1441915.49   75   44 1442025.19 1441856.85  0.01%   2.6  700s
 1472518 237253     cutoff   76      1442025.19 1441857.12  0.01%   2.6  705s
 1482924 237924     cutoff   73      1442025.19 1441857.41  0.01%   2.6  710s
 1495464 238554     cutoff   74      1442025.19 1441857.74  0.01%   2.6  715s
 1504864 239152 1441933.29   71   41 1442025.19 1441858.00  0.01%   2.6  720s
 1514339 239713 1441988.24   74   42 1442025.19 1441858.27  0.01%   2.6  725s
 1523835 240290     cutoff   79      1442025.19 1441858.52  0.01%   2.6  730s
 1533252 240780 1441948.13   71   43 1442025.19 1441858.78  0.01%   2.6  735s
 1543173 241344     cutoff   76      1442025.19 1441859.05  0.01%   2.6  740s
 1552577 241742 1441991.06   66   42 1442025.19 1441859.32  0.01%   2.6  745s
 1562348 242401     cutoff   78      1442025.19 1441859.57  0.01%   2.6  750s
 1571483 242755     cutoff   70      1442025.19 1441859.80  0.01%   2.6  755s
 1581259 243146 1442019.50   69   28 1442025.19 1441860.08  0.01%   2.6  760s
 1590998 243503 1442019.97   77   35 1442025.19 1441860.35  0.01%   2.6  765s
 1600564 243888     cutoff   72      1442025.19 1441860.59  0.01%   2.6  770s
 1610337 244362     cutoff   72      1442025.19 1441860.84  0.01%   2.6  775s
 1619448 244640     cutoff   72      1442025.19 1441861.08  0.01%   2.6  780s
 1629208 245049 1441994.16   78   22 1442025.19 1441861.33  0.01%   2.6  785s
 1638693 245328 1441894.19   75   43 1442025.19 1441861.58  0.01%   2.6  790s
 1648100 245598     cutoff   79      1442025.19 1441861.84  0.01%   2.6  795s
 1657856 245888 1441932.57   71   42 1442025.19 1441862.10  0.01%   2.6  800s
 1667375 246143 1441958.11   77   27 1442025.19 1441862.36  0.01%   2.6  805s
 1676798 246277 1442008.28   79   23 1442025.19 1441862.62  0.01%   2.6  810s
 1686333 246477     cutoff   75      1442025.19 1441862.86  0.01%   2.6  815s
 1695794 246710     cutoff   77      1442025.19 1441863.12  0.01%   2.6  820s
 1705257 246860 1441967.77   75   42 1442025.19 1441863.37  0.01%   2.6  825s
 1714842 247082 1441968.02   67   42 1442025.19 1441863.62  0.01%   2.6  830s
 1724235 247195 1441946.18   76   41 1442025.19 1441863.87  0.01%   2.6  835s
 1734000 247329 1441958.95   73   28 1442025.19 1441864.13  0.01%   2.6  840s
 1743371 247326 1441949.32   73   43 1442025.19 1441864.40  0.01%   2.6  845s
 1752864 247471     cutoff   72      1442025.19 1441864.64  0.01%   2.6  850s
 1762387 247537 1441952.83   70   43 1442025.19 1441864.88  0.01%   2.6  855s
 1771870 247597 1441929.63   72   43 1442025.19 1441865.13  0.01%   2.6  860s
 1781364 247680     cutoff   75      1442025.19 1441865.38  0.01%   2.6  865s
 1790817 247714     cutoff   76      1442025.19 1441865.62  0.01%   2.6  870s
 1800512 247802 1441974.42   72   43 1442025.19 1441865.90  0.01%   2.6  875s
 1809694 247857 1441955.83   67   42 1442025.19 1441866.15  0.01%   2.6  880s
 1818758 247946     cutoff   70      1442025.19 1441866.39  0.01%   2.7  885s
 1828618 247967 1441996.09   74   23 1442025.19 1441866.68  0.01%   2.7  890s
 1837791 248004 1442000.43   74   23 1442025.19 1441866.93  0.01%   2.7  895s
 1847220 247977     cutoff   76      1442025.19 1441867.22  0.01%   2.7  900s
 1856351 247850 1441941.84   70   44 1442025.19 1441867.51  0.01%   2.7  905s
 1865817 247887     cutoff   79      1442025.19 1441867.80  0.01%   2.7  910s
 1875073 247835 1441994.45   71   40 1442025.19 1441868.08  0.01%   2.7  915s
 1884487 247781 1441932.85   73   42 1442025.19 1441868.40  0.01%   2.7  920s
 1893641 247651 1442021.31   67   42 1442025.19 1441868.71  0.01%   2.7  925s
 1903098 247613     cutoff   74      1442025.19 1441869.01  0.01%   2.7  930s
 1912237 247473 1441901.37   69   45 1442025.19 1441869.33  0.01%   2.7  935s
 1921454 247254     cutoff   75      1442025.19 1441869.66  0.01%   2.7  940s
 1930629 247067     cutoff   77      1442025.19 1441870.03  0.01%   2.7  945s
 1940064 246884 1441995.80   75   40 1442025.19 1441870.37  0.01%   2.7  950s
 1949209 246625     cutoff   75      1442025.19 1441870.73  0.01%   2.7  955s
 1958391 246378     cutoff   77      1442025.19 1441871.11  0.01%   2.7  960s
 1967539 246140 1441943.13   73   43 1442025.19 1441871.46  0.01%   2.7  965s
 1976750 245974     cutoff   74      1442025.19 1441871.82  0.01%   2.7  970s
 1987167 245688     cutoff   75      1442025.19 1441872.26  0.01%   2.7  975s
 1996329 245410 1441939.96   70   42 1442025.19 1441872.66  0.01%   2.7  980s
 2005546 245126 1441939.64   72   43 1442025.19 1441873.10  0.01%   2.7  985s
 2014771 244893 1441970.88   75   25 1442025.19 1441873.51  0.01%   2.7  990s
 2023996 244619 1442005.51   72   40 1442025.19 1441873.97  0.01%   2.7  995s
 2033120 244312     cutoff   73      1442025.19 1441874.44  0.01%   2.7 1000s
 2042083 244006 1441897.75   68   45 1442025.19 1441874.91  0.01%   2.7 1005s
 2051654 243724     cutoff   76      1442025.19 1441875.39  0.01%   2.7 1010s
 2060880 243399     cutoff   76      1442025.19 1441875.92  0.01%   2.7 1015s
 2070015 243063 1441943.62   72   42 1442025.19 1441876.45  0.01%   2.7 1020s
 2079247 242762     cutoff   69      1442025.19 1441876.94  0.01%   2.7 1025s
 2088876 242487 1441928.64   73   44 1442025.19 1441877.48  0.01%   2.7 1030s
 2097720 242123     cutoff   75      1442025.19 1441878.03  0.01%   2.7 1035s
 2106993 241799     cutoff   75      1442025.19 1441878.62  0.01%   2.7 1040s
 2116623 241453     cutoff   74      1442025.19 1441879.22  0.01%   2.7 1045s
 2126018 241161     cutoff   75      1442025.19 1441879.76  0.01%   2.7 1050s
 2135954 240806 1441954.76   72   42 1442025.19 1441880.39  0.01%   2.7 1055s
 2145486 240388 1441987.13   77   25 1442025.19 1441881.03  0.01%   2.7 1060s
 2155033 240039 1441938.00   80   25 1442025.19 1441881.66  0.01%   2.7 1065s
 2164189 239721     cutoff   76      1442025.19 1441882.22  0.01%   2.7 1070s
 2173623 239382 1441884.21   74   43 1442025.19 1441882.88  0.01%   2.7 1075s
 2183145 239008 1441973.74   78   24 1442025.19 1441883.58  0.01%   2.7 1080s
 2192683 238769 1441959.83   78   40 1442025.19 1441884.22  0.01%   2.7 1085s
 2201864 238441     cutoff   72      1442025.19 1441884.90  0.01%   2.7 1090s
 2211277 238188     cutoff   73      1442025.19 1441885.57  0.01%   2.7 1095s
 2220151 237927 1441952.12   76   29 1442025.19 1441886.20  0.01%   2.7 1100s
 2229703 237582 1441943.15   74   29 1442025.19 1441886.90  0.01%   2.7 1105s
 2238924 237281     cutoff   75      1442025.19 1441887.50  0.01%   2.7 1110s
 2248481 237053 1441935.77   71   42 1442025.19 1441888.14  0.01%   2.7 1115s
 2257674 236747     cutoff   73      1442025.19 1441888.74  0.01%   2.7 1120s
 2267169 236516 1441923.15   64   41 1442025.19 1441889.36  0.01%   2.7 1125s
 2276483 236337     cutoff   73      1442025.19 1441889.96  0.01%   2.7 1130s
 2286301 236124 1441987.26   74   24 1442025.19 1441890.60  0.01%   2.7 1135s
 2295354 235950     cutoff   76      1442025.19 1441891.14  0.01%   2.7 1140s
 2304963 235745 1442006.69   77   40 1442025.19 1441891.72  0.01%   2.7 1145s
 2316043 235604     cutoff   73      1442025.19 1441892.33  0.01%   2.7 1150s
 2325505 235457 1441940.09   64   45 1442025.19 1441892.88  0.01%   2.7 1155s
 2334793 235385     cutoff   74      1442025.19 1441893.35  0.01%   2.7 1160s
 2344361 235259 1441956.18   73   40 1442025.19 1441893.81  0.01%   2.7 1165s
 2353885 235116 1442023.17   74    4 1442025.19 1441894.26  0.01%   2.7 1170s
 2363366 235043     cutoff   80      1442025.19 1441894.69  0.01%   2.7 1175s
 2372882 234988     cutoff   78      1442025.19 1441895.13  0.01%   2.7 1180s
 2382097 234891 1442013.80   69   27 1442025.19 1441895.55  0.01%   2.7 1185s
 2391706 234776 1442021.42   75   37 1442025.19 1441895.95  0.01%   2.7 1190s
 2401468 234580 1441900.52   71   43 1442025.19 1441896.38  0.01%   2.7 1195s
 2410542 234426 1441994.12   72   22 1442025.19 1441896.77  0.01%   2.7 1200s
 2420114 234337     cutoff   75      1442025.19 1441897.16  0.01%   2.7 1205s
 2429580 234210 1441911.37   75   42 1442025.19 1441897.56  0.01%   2.7 1210s
 2439121 234027 1441903.47   69   43 1442025.19 1441897.93  0.01%   2.7 1215s
 2448667 233834 1441898.77   72   40 1442025.19 1441898.31  0.01%   2.7 1220s
 2458012 233588     cutoff   71      1442025.19 1441898.67  0.01%   2.7 1225s
 2468757 233361 1441902.56   72   42 1442025.19 1441899.07  0.01%   2.7 1230s
 2480545 233118     cutoff   73      1442025.19 1441899.51  0.01%   2.7 1235s
 2490355 232937 1441993.58   75   40 1442025.19 1441899.87  0.01%   2.7 1240s
 2499882 232743 1442024.13   74    4 1442025.19 1441900.21  0.01%   2.7 1245s
 2509468 232516     cutoff   72      1442025.19 1441900.54  0.01%   2.7 1250s
 2518925 232234     cutoff   76      1442025.19 1441900.89  0.01%   2.8 1255s
 2528350 231931     cutoff   76      1442025.19 1441901.21  0.01%   2.8 1260s
 2538368 231670     cutoff   77      1442025.19 1441901.55  0.01%   2.8 1265s
 2547844 231385     cutoff   75      1442025.19 1441901.88  0.01%   2.8 1270s
 2557381 231025     cutoff   75      1442025.19 1441902.23  0.01%   2.8 1275s
 2566889 230647 1441962.67   78   41 1442025.19 1441902.56  0.01%   2.8 1280s
 2576352 230339     cutoff   79      1442025.19 1441902.86  0.01%   2.8 1285s
 2585886 230001 1441907.41   69   44 1442025.19 1441903.19  0.01%   2.8 1290s
 2595539 229598     cutoff   79      1442025.19 1441903.50  0.01%   2.8 1295s
 2605346 229183     cutoff   76      1442025.19 1441903.84  0.01%   2.8 1300s
 2614561 228719 1442009.08   70   40 1442025.19 1441904.14  0.01%   2.8 1305s
 2625358 228263 1441939.60   71   43 1442025.19 1441904.46  0.01%   2.8 1310s
 2634837 227849     cutoff   80      1442025.19 1441904.74  0.01%   2.8 1315s
 2648606 227179 infeasible   72      1442025.19 1441905.19  0.01%   2.8 1320s
 2658192 226670     cutoff   71      1442025.19 1441905.50  0.01%   2.8 1325s
 2667488 226202 1441907.85   69   43 1442025.19 1441905.81  0.01%   2.8 1330s
 2677087 225622 1442010.62   81    4 1442025.19 1441906.12  0.01%   2.8 1335s
 2686529 225223 1442012.76   83   14 1442025.19 1441906.42  0.01%   2.8 1340s
 2696056 224768 1441971.38   71   44 1442025.19 1441906.70  0.01%   2.8 1345s
 2705749 224123     cutoff   81      1442025.19 1441907.03  0.01%   2.8 1350s
 2714573 223543 1441987.97   76   24 1442025.19 1441907.31  0.01%   2.8 1355s
 2723845 222963     cutoff   76      1442025.19 1441907.60  0.01%   2.8 1360s
 2733482 222434 1442014.55   77    6 1442025.19 1441907.90  0.01%   2.8 1365s
 2742695 221861 1441911.67   74   43 1442025.19 1441908.19  0.01%   2.8 1370s
 2752309 221297 1441915.66   73   41 1442025.19 1441908.48  0.01%   2.8 1375s
 2761475 220682 1442019.02   73   22 1442025.19 1441908.77  0.01%   2.8 1380s
 2771115 220028     cutoff   74      1442025.19 1441909.08  0.01%   2.8 1385s
 2780269 219387     cutoff   77      1442025.19 1441909.35  0.01%   2.8 1390s
 2789881 218744 1441981.96   76   39 1442025.19 1441909.66  0.01%   2.8 1395s
 2799431 218017 1441972.04   81   39 1442025.19 1441909.97  0.01%   2.8 1400s
 2809049 217327 1441925.57   74   42 1442025.19 1441910.27  0.01%   2.8 1405s
 2818286 216646 1442002.39   75   29 1442025.19 1441910.55  0.01%   2.8 1410s
 2827859 215884 1441995.67   79   21 1442025.19 1441910.88  0.01%   2.8 1415s
 2837420 215098     cutoff   77      1442025.19 1441911.20  0.01%   2.8 1420s
 2846745 214363     cutoff   74      1442025.19 1441911.50  0.01%   2.8 1425s
 2856149 213560 1441978.71   74   41 1442025.19 1441911.82  0.01%   2.8 1430s
 2865418 212812     cutoff   73      1442025.19 1441912.12  0.01%   2.8 1435s
 2875015 212059     cutoff   71      1442025.19 1441912.42  0.01%   2.8 1440s
 2884239 211274 infeasible   71      1442025.19 1441912.71  0.01%   2.8 1445s
 2893876 210485 1442014.41   75   27 1442025.19 1441913.03  0.01%   2.8 1450s
 2903114 209647 1442010.01   71   40 1442025.19 1441913.35  0.01%   2.8 1455s
 2912350 208802     cutoff   72      1442025.19 1441913.68  0.01%   2.8 1460s
 2921817 207946     cutoff   72      1442025.19 1441913.99  0.01%   2.8 1465s
 2931247 207159 1442021.00   76   23 1442025.19 1441914.30  0.01%   2.8 1470s
 2940602 206352     cutoff   74      1442025.19 1441914.62  0.01%   2.8 1475s
 2950058 205502     cutoff   76      1442025.19 1441914.93  0.01%   2.8 1480s
 2959602 204654     cutoff   78      1442025.19 1441915.23  0.01%   2.8 1485s
 2968863 203803 1441988.77   73   41 1442025.19 1441915.54  0.01%   2.8 1490s
 2978667 202850     cutoff   70      1442025.19 1441915.89  0.01%   2.8 1495s
 2987971 201928     cutoff   71      1442025.19 1441916.20  0.01%   2.8 1500s
 2996883 200974     cutoff   79      1442025.19 1441916.51  0.01%   2.8 1505s
 3006139 200085 1441963.22   78   42 1442025.19 1441916.82  0.01%   2.8 1510s
 3015411 199136 1442024.76   74   17 1442025.19 1441917.13  0.01%   2.8 1515s
 3024768 198244     cutoff   78      1442025.19 1441917.45  0.01%   2.8 1520s
 3033947 197410 1441918.14   69   44 1442025.19 1441917.75  0.01%   2.8 1525s
 3043500 196437     cutoff   73      1442025.19 1441918.05  0.01%   2.8 1530s
 3052753 195511 1442022.66   71   18 1442025.19 1441918.36  0.01%   2.8 1535s
 3062487 194521     cutoff   80      1442025.19 1441918.67  0.01%   2.8 1540s
 3072378 193489 1441998.86   74   40 1442025.19 1441918.99  0.01%   2.8 1545s
 3083248 192385     cutoff   74      1442025.19 1441919.31  0.01%   2.8 1550s
 3092804 191434     cutoff   70      1442025.19 1441919.64  0.01%   2.8 1555s
 3102388 190526     cutoff   75      1442025.19 1441919.93  0.01%   2.8 1560s
 3111645 189578 1441943.75   76   41 1442025.19 1441920.23  0.01%   2.8 1565s
 3120855 188693 1442012.19   71   23 1442025.19 1441920.54  0.01%   2.8 1570s
 3130536 187728 1442015.84   73   22 1442025.19 1441920.85  0.01%   2.8 1575s
 3140131 186831     cutoff   74      1442025.19 1441921.14  0.01%   2.8 1580s
 3149343 185902     cutoff   78      1442025.19 1441921.44  0.01%   2.8 1585s
 3158959 184879 1441941.57   79   43 1442025.19 1441921.76  0.01%   2.8 1590s
 3168122 183859 1441943.11   72   42 1442025.19 1441922.07  0.01%   2.8 1595s
 3177403 182868     cutoff   72      1442025.19 1441922.37  0.01%   2.8 1600s
 3186984 181739     cutoff   74      1442025.19 1441922.70  0.01%   2.8 1605s
 3196260 180752     cutoff   76      1442025.19 1441923.01  0.01%   2.8 1610s
 3205465 179698     cutoff   73      1442025.19 1441923.32  0.01%   2.8 1615s
 3215654 178542     cutoff   77      1442025.19 1441923.66  0.01%   2.8 1620s
 3225008 177475 1442000.45   78   40 1442025.19 1441923.97  0.01%   2.8 1625s
 3234245 176429     cutoff   75      1442025.19 1441924.26  0.01%   2.8 1630s
 3243620 175354 1441953.21   75   27 1442025.19 1441924.56  0.01%   2.8 1635s
 3252836 174255     cutoff   74      1442025.19 1441924.87  0.01%   2.8 1640s
 3262084 173119     cutoff   73      1442025.19 1441925.18  0.01%   2.8 1645s
 3271584 171936     cutoff   80      1442025.19 1441925.52  0.01%   2.8 1650s
 3280894 170768     cutoff   81      1442025.19 1441925.84  0.01%   2.8 1655s
 3290282 169650     cutoff   77      1442025.19 1441926.16  0.01%   2.8 1660s
 3299179 168534     cutoff   76      1442025.19 1441926.46  0.01%   2.8 1665s
 3308571 167355 1441931.74   76   42 1442025.19 1441926.77  0.01%   2.8 1670s
 3317823 166207 1442023.79   70   42 1442025.19 1441927.08  0.01%   2.8 1675s
 3327128 165057     cutoff   74      1442025.19 1441927.38  0.01%   2.8 1680s
 3336371 163864     cutoff   79      1442025.19 1441927.70  0.01%   2.8 1685s
 3345311 162693     cutoff   76      1442025.19 1441928.03  0.01%   2.8 1690s
 3354642 161501     cutoff   74      1442025.19 1441928.35  0.01%   2.8 1695s
 3363573 160281     cutoff   72      1442025.19 1441928.68  0.01%   2.8 1700s
 3372812 159075 1441946.44   79   42 1442025.19 1441929.02  0.01%   2.8 1705s
 3382195 157833 1441930.90   73   42 1442025.19 1441929.35  0.01%   2.8 1710s
 3391206 156610 1441950.35   76   27 1442025.19 1441929.68  0.01%   2.8 1715s
 3400412 155384 1441938.44   74   45 1442025.19 1441930.01  0.01%   2.8 1720s
 3409733 154162     cutoff   76      1442025.19 1441930.36  0.01%   2.8 1725s
 3419089 152867 1441968.19   71   26 1442025.19 1441930.72  0.01%   2.8 1730s
 3428411 151644     cutoff   75      1442025.19 1441931.07  0.01%   2.8 1735s
 3437330 150347 1441998.03   75   39 1442025.19 1441931.41  0.01%   2.8 1740s
 3448496 148711     cutoff   74      1442025.19 1441931.86  0.01%   2.8 1745s
 3457785 147426     cutoff   79      1442025.19 1441932.24  0.01%   2.8 1750s
 3467199 146124     cutoff   71      1442025.19 1441932.60  0.01%   2.8 1755s
 3477668 144600     cutoff   80      1442025.19 1441933.01  0.01%   2.8 1760s
 3486924 143265     cutoff   82      1442025.19 1441933.36  0.01%   2.8 1765s
 3496253 141929     cutoff   77      1442025.19 1441933.73  0.01%   2.8 1770s
 3507041 140309     cutoff   78      1442025.19 1441934.15  0.01%   2.8 1775s
 3516404 138997 1441989.20   71   30 1442025.19 1441934.51  0.01%   2.8 1780s
 3525417 137737     cutoff   72      1442025.19 1441934.85  0.01%   2.8 1785s
 3534769 136365 1442017.44   71   26 1442025.19 1441935.21  0.01%   2.8 1790s
 3544071 135109 1441936.33   77   43 1442025.19 1441935.55  0.01%   2.8 1795s
 3553029 133789     cutoff   78      1442025.19 1441935.90  0.01%   2.8 1800s
 3562423 132436     cutoff   72      1442025.19 1441936.28  0.01%   2.8 1805s
 3571437 131178     cutoff   86      1442025.19 1441936.64  0.01%   2.8 1810s
 3580632 129924 1441968.52   75   28 1442025.19 1441937.00  0.01%   2.8 1815s
 3589970 128596 1441938.29   78   42 1442025.19 1441937.36  0.01%   2.8 1820s
 3598923 127338 infeasible   76      1442025.19 1441937.70  0.01%   2.8 1825s
 3609215 125898     cutoff   75      1442025.19 1441938.11  0.01%   2.8 1830s
 3619183 124563     cutoff   73      1442025.19 1441938.51  0.01%   2.8 1835s
 3628478 123281 1441956.15   78   41 1442025.19 1441938.90  0.01%   2.8 1840s
 3637837 122002     cutoff   73      1442025.19 1441939.29  0.01%   2.8 1845s
 3648821 120639     cutoff   78      1442025.19 1441939.71  0.01%   2.8 1850s
 3658312 119335     cutoff   71      1442025.19 1441940.09  0.01%   2.8 1855s
 3667314 118128 1441983.76   74   32 1442025.19 1441940.47  0.01%   2.8 1860s
 3677817 116666     cutoff   75      1442025.19 1441940.90  0.01%   2.8 1865s
 3689039 115233 1441992.89   79   19 1442025.19 1441941.36  0.01%   2.8 1870s
 3702452 113431     cutoff   82      1442025.19 1441941.92  0.01%   2.8 1875s
 3711612 112188     cutoff   75      1442025.19 1441942.30  0.01%   2.8 1880s
 3720596 110993 1441962.90   79   41 1442025.19 1441942.67  0.01%   2.8 1885s
 3729946 109720     cutoff   81      1442025.19 1441943.05  0.01%   2.8 1890s
 3739243 108409     cutoff   81      1442025.19 1441943.45  0.01%   2.8 1895s
 3748203 107200     cutoff   80      1442025.19 1441943.83  0.01%   2.8 1900s
 3757203 105955     cutoff   73      1442025.19 1441944.22  0.01%   2.8 1905s
 3766563 104614 1442023.53   86    6 1442025.19 1441944.63  0.01%   2.8 1910s
 3775586 103359 1441946.93   72   42 1442025.19 1441945.02  0.01%   2.8 1915s
 3784560 102127 1441958.81   72   42 1442025.19 1441945.39  0.01%   2.8 1920s
 3793887 100860     cutoff   77      1442025.19 1441945.77  0.01%   2.8 1925s
 3803223 99597     cutoff   74      1442025.19 1441946.15  0.01%   2.8 1930s
 3812226 98393     cutoff   77      1442025.19 1441946.52  0.01%   2.8 1935s
 3821131 97137 1441997.68   79   23 1442025.19 1441946.91  0.01%   2.8 1940s
 3830532 95781 1441976.81   77   40 1442025.19 1441947.33  0.01%   2.8 1945s
 3839854 94433     cutoff   80      1442025.19 1441947.75  0.01%   2.8 1950s
 3848708 93081     cutoff   75      1442025.19 1441948.19  0.01%   2.8 1955s
 3857680 91645 1442002.25   75   40 1442025.19 1441948.68  0.01%   2.8 1960s
 3867130 90110 1441989.61   75   27 1442025.19 1441949.24  0.01%   2.8 1965s
 3876457 88519     cutoff   79      1442025.19 1441949.83  0.01%   2.8 1970s
 3885603 86940 1442003.88   79    6 1442025.19 1441950.41  0.01%   2.8 1975s
 3894948 85142 1441988.99   71   27 1442025.19 1441951.09  0.01%   2.8 1980s
 3904404 83307 1442006.37   72   19 1442025.19 1441951.88  0.01%   2.8 1985s
 3913820 81294     cutoff   73      1442025.19 1441952.74  0.01%   2.8 1990s
 3922780 79267 1441957.21   75   41 1442025.19 1441953.69  0.00%   2.8 1995s
 3932235 77066 1442013.91   73   42 1442025.19 1441954.79  0.00%   2.8 2000s
 3941469 74727     cutoff   73      1442025.19 1441956.11  0.00%   2.8 2005s
 3950540 72197 1442000.81   72   42 1442025.19 1441957.53  0.00%   2.8 2010s
 3959340 69663     cutoff   73      1442025.19 1441959.15  0.00%   2.8 2015s
 3968287 66926     cutoff   77      1442025.19 1441961.19  0.00%   2.8 2020s
 3977528 64077 1441965.67   75   26 1442025.19 1441963.55  0.00%   2.8 2025s
 3986160 61285     cutoff   76      1442025.19 1441966.21  0.00%   2.8 2030s
 3995074 58478     cutoff   72      1442025.19 1441969.06  0.00%   2.8 2035s
 4004016 55768     cutoff   78      1442025.19 1441972.07  0.00%   2.8 2040s
 4013480 53168 1442004.91   78   23 1442025.19 1441974.92  0.00%   2.8 2045s
 4022616 50836     cutoff   72      1442025.19 1441977.19  0.00%   2.8 2050s
 4031823 48304     cutoff   75      1442025.19 1441979.30  0.00%   2.8 2055s
 4041075 45701     cutoff   76      1442025.19 1441981.56  0.00%   2.8 2060s
 4050515 42886 1442001.77   78    6 1442025.19 1441984.20  0.00%   2.8 2065s
 4059519 39800     cutoff   70      1442025.19 1441986.82  0.00%   2.8 2070s
 4068046 36317     cutoff   80      1442025.19 1441990.43  0.00%   2.8 2075s
 4077286 31596     cutoff   79      1442025.19 1441996.40  0.00%   2.8 2080s
 4085659 24572     cutoff   77      1442025.19 1442004.07  0.00%   2.8 2085s
 4094444 16626     cutoff   72      1442025.19 1442012.06  0.00%   2.8 2090s
 4105801  5604     cutoff   72      1442025.19 1442020.28  0.00%   2.8 2095s

Cutting planes:
  RLT: 2

Explored 4112422 nodes (11587636 simplex iterations) in 2097.47 seconds (724.29 work units)
Thread count was 2 (of 24 available processors)

Solution count 10: 1.44203e+06 1.44203e+06 1.44203e+06 ... 1.44203e+06

Optimal solution found (tolerance 2.50e-07)
Best objective 1.442025192504e+06, best bound 1.442025192504e+06, gap 0.0000%
