
Gurobi 11.0.3 (linux64, Java) logging started sáb 30 nov 2024 20:01:59 -03

Set parameter Username
Academic license - for non-commercial use only - expires 2025-10-10
Set parameter NonConvex to value 2
Set parameter TimeLimit to value 3600
Set parameter LogToConsole to value 0
Set parameter MIPGap to value 2.5029985070196468e-07
Set parameter Threads to value 2
Set parameter NodefileDir to value "/home/ps12398/experiment_epec/goalProgrammingMarcos/"
Set parameter NodefileStart to value 1
Gurobi Optimizer version 11.0.3 build v11.0.3rc0 (linux64)

CPU model: Intel(R) Xeon(R) CPU           X5650  @ 2.67GHz, instruction set [SSE2]
Thread count: 12 physical cores, 24 logical processors, using up to 2 threads

Optimize a model with 58003 rows, 39068 columns and 204825 nonzeros
Model fingerprint: 0x2140adc3
Model has 144 quadratic constraints
Variable types: 19466 continuous, 19602 integer (139 binary)
Coefficient statistics:
  Matrix range     [7e-03, 6e+05]
  QMatrix range    [7e-03, 2e+04]
  QLMatrix range   [1e+00, 2e+04]
  Objective range  [2e+00, 8e+06]
  Bounds range     [1e+00, 1e+08]
  RHS range        [1e+00, 5e+05]
  QRHS range       [1e-02, 1e-02]
Presolve removed 57813 rows and 38465 columns
Presolve time: 0.11s
Presolved: 637 rows, 749 columns, 6578 nonzeros
Presolved model has 2 SOS constraint(s)
Presolved model has 139 bilinear constraint(s)

Solving non-convex MIQCP

Variable types: 427 continuous, 322 integer (141 binary)
Found heuristic solution: objective 464434.34831

Root relaxation: objective 2.623744e+05, 90 iterations, 0.00 seconds (0.00 work units)

    Nodes    |    Current Node    |     Objective Bounds      |     Work
 Expl Unexpl |  Obj  Depth IntInf | Incumbent    BestBd   Gap | It/Node Time

     0     0 262374.398    0   68 464434.348 262374.398  43.5%     -    0s
     0     0 267094.500    0   60 464434.348 267094.500  42.5%     -    0s
H    0     0                    449435.29833 267094.500  40.6%     -    0s
H    0     0                    449402.89098 267094.500  40.6%     -    0s
     0     0 267094.500    0   68 449402.891 267094.500  40.6%     -    0s
H    0     0                    422770.68048 267094.500  36.8%     -    0s
     0     0 267094.500    0   68 422770.680 267094.500  36.8%     -    0s
     0     0 272595.383    0   68 422770.680 272595.383  35.5%     -    0s
H    0     0                    401836.87466 272595.383  32.2%     -    0s
     0     0 273276.279    0   68 401836.875 273276.279  32.0%     -    0s
     0     0 273386.846    0   68 401836.875 273386.846  32.0%     -    0s
H    0     0                    384502.89425 273386.846  28.9%     -    0s
     0     2 273521.402    0   68 384502.894 273521.402  28.9%     -    0s
H  455   512                    358818.12723 273558.214  23.8%   1.9    0s
H  509   512                    358209.14147 273558.214  23.6%   1.9    0s
H 1937  1510                    356691.08272 311031.939  12.8%   2.7    3s
H 2016  1408                    356219.15495 311050.655  12.7%   2.8    3s
* 2069  1415             322    356186.07893 311050.655  12.7%   2.8    3s
H 3312  2168                    356179.68977 311487.845  12.5%   2.8    3s
H 4410  3228                    356174.66657 311608.709  12.5%   2.8    4s
H 4991  3731                    356092.45149 311617.528  12.5%   2.9    4s
  5662  4383 336595.271  143   57 356092.451 311617.528  12.5%   2.9    5s
* 8568  6884             245    355905.81412 311859.956  12.4%   2.9    6s
* 8583  6884             246    355905.66930 311859.956  12.4%   2.9    6s
*11829  9558             262    355729.74398 312158.427  12.2%   2.9    7s
H12808 10476                    355401.86174 312295.025  12.1%   2.9    7s
*13971 11308             265    355400.05688 312354.215  12.1%   2.8    8s
*13972 11306             265    355393.98626 312354.215  12.1%   2.8    8s
*13973 11303             264    355389.32528 312354.215  12.1%   2.8    8s
*13974 11303             263    355386.06114 312354.215  12.1%   2.8    8s
H13975 11302                    355384.26327 312354.215  12.1%   2.8    8s
*13980 11302             264    355383.82258 312354.215  12.1%   2.8    8s
*14743 11986             252    355351.28297 312416.521  12.1%   2.8    8s
H15989 12989                    355337.29029 312547.072  12.0%   2.8    9s
H17176 13967                    355324.05546 312603.127  12.0%   2.8    9s
 18341 15054 349508.198  183   51 355324.055 312636.187  12.0%   2.9   10s
H29724 24390                    355319.85062 312933.767  11.9%   2.8   13s
H29744 24378                    355281.19093 312933.767  11.9%   2.8   13s
H30856 25405                    355279.38899 312979.557  11.9%   2.8   14s
H30934 25401                    355252.24553 312979.557  11.9%   2.8   14s
H31999 26383                    355247.04818 313027.022  11.9%   2.8   15s
H40834 33389                    355211.66498 313220.220  11.8%   2.8   18s
H41040 33600                    355177.74065 313223.576  11.8%   2.8   18s
 44421 36418 331997.874  101   62 355177.741 313377.071  11.8%   2.9   20s
H53736 43739                    355176.88220 313544.751  11.7%   2.9   24s
H53738 43730                    355163.13144 313545.674  11.7%   2.9   24s
H53769 43727                    355161.46623 313546.740  11.7%   2.9   24s
 55384 45094 342837.162  121   60 355161.466 313570.138  11.7%   2.9   25s
H66605 53828                    355160.58475 313773.726  11.7%   3.0   29s
 66895 54058 332859.168   95   61 355160.585 313779.823  11.7%   3.0   30s
H67695 54643                    355079.54447 313792.858  11.6%   3.0   30s
H68731 55423                    355062.90837 313824.152  11.6%   3.0   30s
H76111 61210                    354974.57450 313943.871  11.6%   3.0   34s
H77267 62320                    354971.34120 313963.732  11.6%   3.0   34s
H77391 62318                    354967.81430 313966.171  11.6%   3.0   34s
 77889 62769 335751.483  114   59 354967.814 313969.603  11.5%   3.0   35s
H78584 63250                    354945.84444 313980.775  11.5%   3.0   35s
H79826 64123                    354925.97202 314000.568  11.5%   3.0   35s
H81118 65292                    354924.34465 314010.146  11.5%   3.0   36s
H82363 66162                    354922.28499 314019.546  11.5%   3.0   36s
H88000 70343                    354898.19709 314124.477  11.5%   3.0   39s
 89248 71145 323154.821   93   63 354898.197 314140.963  11.5%   3.0   40s
H100707 80140                    354897.88356 314256.356  11.5%   3.0   44s
H100716 80135                    354892.38893 314256.356  11.5%   3.0   44s
 100772 80137 340444.891  159   51 354892.389 314256.356  11.5%   3.0   45s
H105250 83733                    354883.70975 314297.782  11.4%   3.0   47s
H106363 84710                    354872.43152 314301.444  11.4%   3.0   47s
H111402 88584                    354868.44869 314340.336  11.4%   3.0   49s
 111707 89062 331178.801  121   63 354868.449 314340.336  11.4%   3.0   50s
H112420 89499                    354864.35629 314352.745  11.4%   3.0   50s
H113525 90381                    354854.81654 314369.979  11.4%   3.0   50s
H113641 90376                    354843.51513 314373.542  11.4%   3.0   50s
 123436 98480 326499.888   99   60 354843.515 314458.535  11.4%   3.0   55s
H126336 100606                    354840.06875 314478.071  11.4%   3.0   56s
H126343 100599                    354824.49698 314478.071  11.4%   3.0   56s
 135332 107506 342689.760  124   57 354824.497 314547.635  11.4%   3.0   60s
H138858 110323                    354815.28905 314560.030  11.3%   3.0   61s
H140009 111207                    354804.34273 314565.676  11.3%   3.0   62s
H141270 112036                    354799.66741 314578.287  11.3%   3.0   62s
H142536 112989                    354796.72125 314588.291  11.3%   3.0   63s
 145649 115327 348694.212  138   51 354796.721 314614.823  11.3%   3.0   65s
H155068 122708                    354796.50460 314678.191  11.3%   3.0   68s
H155070 122708                    354795.30099 314678.191  11.3%   3.0   68s
H155147 122702                    354789.96993 314678.191  11.3%   3.0   68s
 157814 124852 327706.608  109   64 354789.970 314703.461  11.3%   3.0   70s
H167964 132757                    354785.85074 314786.080  11.3%   3.0   73s
H169174 133975                    354783.72348 314791.648  11.3%   3.0   74s
H170346 134798                    354772.24434 314795.046  11.3%   3.0   74s
 171061 135487 335134.305  112   59 354772.244 314800.408  11.3%   3.0   75s
H171549 135854                    354755.97010 314801.911  11.3%   3.0   75s
H184152 145665                    354752.09041 314923.813  11.2%   3.0   79s
H184161 145664                    354751.32751 314923.813  11.2%   3.0   79s
 184717 146378 341333.993  152   55 354751.328 314925.751  11.2%   3.0   80s
H185180 146627                    354743.06755 314929.090  11.2%   3.0   80s
H197843 156870                    354737.08306 315056.787  11.2%   3.0   84s
 198485 157461 328413.408   98   59 354737.083 315060.064  11.2%   3.0   85s
H210644 167114                    354733.37405 315164.691  11.2%   3.0   89s
H210714 167088                    354711.29870 315166.006  11.1%   3.0   89s
 211810 168150 350620.557  188   44 354711.299 315169.901  11.1%   3.0   90s
H223405 177534                    354710.47906 315252.318  11.1%   3.0   94s
 226055 179705 328081.437   92   61 354710.479 315280.356  11.1%   3.0   95s
 239384 190013     cutoff  152      354710.479 315401.263  11.1%   3.0  100s
 252903 200963 354607.480  154   51 354710.479 315503.268  11.1%   3.0  105s
H262252 208162                    354702.87013 315575.492  11.0%   3.0  108s
H263524 209089                    354696.35342 315588.686  11.0%   3.0  108s
 266327 211500     cutoff  128      354696.353 315605.301  11.0%   3.0  110s
H276238 219408                    354695.56170 315655.048  11.0%   3.0  113s
H276253 219406                    354694.55614 315655.142  11.0%   3.0  113s
H276258 219399                    354688.39512 315655.142  11.0%   3.0  113s
H277328 220281                    354672.43797 315663.144  11.0%   3.0  114s
H278729 221313                    354672.26673 315672.525  11.0%   3.0  114s
 280093 222414 336622.827  104   61 354672.267 315677.682  11.0%   3.0  115s
 293735 233057 328895.206   89   63 354672.267 315789.130  11.0%   3.0  120s
 307278 243422 327890.076   90   65 354672.267 315871.556  10.9%   3.0  125s
H309727 245351                    354671.56727 315888.607  10.9%   3.0  125s
H310997 246260                    354668.94945 315897.441  10.9%   3.0  126s
H311207 246395                    354668.91562 315900.239  10.9%   3.0  126s
 320068 253564 315974.373   88   62 354668.916 315943.963  10.9%   3.0  130s
H324007 256330                    354664.55720 315969.058  10.9%   3.0  131s
 331536 262503 333162.444  100   60 354664.557 316007.915  10.9%   3.0  135s
H338620 267808                    354664.10230 316052.047  10.9%   3.0  137s
H339859 268794                    354662.41913 316059.973  10.9%   3.0  138s
 344394 272498 334322.190  114   61 354662.419 316080.254  10.9%   3.0  140s
H352585 278785                    354661.59858 316124.627  10.9%   3.0  143s
H352648 278775                    354658.39957 316124.627  10.9%   3.0  143s
H353792 279739                    354651.23622 316131.369  10.9%   3.0  144s
 356215 281725 343081.101  135   54 354651.236 316139.776  10.9%   3.0  145s
 369331 292084 325951.389  105   62 354651.236 316205.967  10.8%   3.0  150s
H369778 292237                    354646.43224 316206.991  10.8%   3.0  150s
 382520 302046 330641.659  108   62 354646.432 316269.461  10.8%   3.0  155s
H382522 302038                    354643.98764 316269.461  10.8%   3.0  155s
H382604 302030                    354638.60264 316269.461  10.8%   3.0  155s
H382785 302278                    354630.39234 316269.895  10.8%   3.0  155s
H384011 303369                    354630.30668 316274.845  10.8%   3.0  155s
H385115 304124                    354619.07409 316280.573  10.8%   3.0  156s
 394576 311562     cutoff  119      354619.074 316326.201  10.8%   3.0  160s
H397855 313968                    354617.97107 316340.600  10.8%   3.0  161s
 406868 320759 347596.209  135   51 354617.971 316373.540  10.8%   3.0  165s
H410671 323768                    354617.58436 316392.274  10.8%   3.0  166s
H411998 325032                    354614.04893 316392.274  10.8%   3.0  167s
 419306 330542 338088.553  112   64 354614.049 316427.468  10.8%   3.0  170s
H424766 334848                    354612.01627 316457.833  10.8%   3.0  172s
H424898 334828                    354601.11208 316459.544  10.8%   3.0  172s
H426107 335896                    354576.53097 316462.371  10.7%   3.0  173s
 430832 339563 349505.189  162   47 354576.531 316481.367  10.7%   3.0  175s
H438943 345910                    354576.11666 316512.232  10.7%   3.0  178s
H439950 346735                    354573.36466 316514.522  10.7%   3.0  178s
H440048 346699                    354558.49565 316515.354  10.7%   3.0  178s
 443613 349461 322264.399   88   62 354558.496 316530.722  10.7%   3.0  180s
H452731 356238                    354551.91816 316580.410  10.7%   3.0  183s
H452732 356236                    354550.20270 316580.768  10.7%   3.0  183s
 459675 361774 320534.247   87   63 354550.203 316615.951  10.7%   3.0  185s
H465545 366217                    354549.53808 316646.450  10.7%   3.0  186s
H466795 367192                    354542.73633 316650.313  10.7%   3.0  186s
H467889 368029                    354536.00574 316654.223  10.7%   3.0  187s
H470032 369733                    354487.77005 316668.499  10.7%   3.0  187s
 476472 374615 347079.108  147   54 354487.770 316707.586  10.7%   3.0  190s
H482857 379388                    354481.34923 316748.934  10.6%   3.0  192s
H482858 379353                    354465.63804 316750.656  10.6%   3.0  192s
H483979 380489                    354433.26643 316754.840  10.6%   3.0  193s
H484981 381078                    354427.53494 316758.201  10.6%   3.0  193s
 488552 383869 332048.619  112   61 354427.535 316779.620  10.6%   3.0  195s
H497880 391410                    354425.93554 316816.770  10.6%   3.0  198s
H499214 392440                    354422.28917 316824.513  10.6%   3.0  199s
 501572 394211 327263.171   98   65 354422.289 316833.714  10.6%   3.0  200s
H503428 395702                    354389.08633 316839.460  10.6%   3.0  200s
 513672 403899     cutoff  132      354389.086 316882.105  10.6%   3.0  205s
H516184 405615                    354385.68403 316903.526  10.6%   3.0  206s
H516199 405482                    354325.51489 316903.526  10.6%   3.0  206s
H520715 409175                    354324.09269 316925.213  10.6%   3.0  208s
H521183 409326                    354323.99436 316925.776  10.6%   3.0  208s
H522442 410438                    354323.72633 316931.162  10.6%   3.0  208s
 525370 412753 322156.263  120   64 354323.726 316943.969  10.5%   3.0  210s
 538087 423158 344181.029  133   56 354323.726 316984.648  10.5%   3.0  215s
 550520 432639 331041.822   93   62 354323.726 317032.712  10.5%   3.0  220s
H554397 435441                    354314.05442 317052.515  10.5%   3.0  221s
 561633 441106 338853.664  123   57 354314.054 317080.555  10.5%   3.0  225s
H567202 445290                    354306.46003 317096.239  10.5%   3.0  227s
H568445 446321                    354300.67390 317101.518  10.5%   3.0  228s
 573324 449979     cutoff  142      354300.674 317126.623  10.5%   3.0  230s
 586223 460175     cutoff  163      354300.674 317177.886  10.5%   3.0  235s
H592599 465083                    354297.83083 317201.875  10.5%   3.0  237s
H593838 466014                    354297.67916 317209.370  10.5%   3.0  238s
 597188 468611 339312.763  124   60 354297.679 317223.758  10.5%   3.0  240s
 608895 477548 347308.871  105   54 354297.679 317270.484  10.5%   3.0  245s
 621292 487115 323978.256  145   63 354297.679 317309.878  10.4%   3.0  250s
 633733 496792 340541.010  103   60 354297.679 317354.374  10.4%   3.0  255s
H638944 500665                    354277.41710 317373.055  10.4%   3.0  257s
H640132 501645                    354265.95813 317375.899  10.4%   3.0  258s
 644752 505188 346819.478  145   50 354265.958 317389.150  10.4%   3.0  260s
H652981 511132                    354257.91221 317415.290  10.4%   3.0  263s
H652992 511111                    354249.74508 317415.510  10.4%   3.0  263s
H654116 512066                    354247.48367 317418.378  10.4%   3.0  264s
H654745 512342                    354247.40532 317420.434  10.4%   3.0  264s
H655917 513367                    354247.36857 317424.810  10.4%   3.0  264s
 656368 513730     cutoff  163      354247.369 317426.700  10.4%   3.0  265s
H657192 514500                    354244.89298 317428.709  10.4%   3.0  265s
H661552 517846                    354240.35777 317445.103  10.4%   3.0  267s
 668254 522686 324015.412  126   63 354240.358 317477.560  10.4%   3.0  270s
H674240 527486                    354239.81661 317495.701  10.4%   3.0  272s
H675575 528313                    354228.52795 317502.047  10.4%   3.0  273s
H676762 529254                    354222.35167 317504.240  10.4%   3.0  273s
H677805 530168                    354222.22820 317509.973  10.4%   3.0  274s
H677942 530166                    354221.52008 317510.229  10.4%   3.0  274s
 678863 530844 324054.427   92   63 354221.520 317514.570  10.4%   3.0  275s
H679288 531121                    354215.17679 317515.821  10.4%   3.0  275s
 690683 540099 338034.415  171   57 354215.177 317557.804  10.3%   3.0  280s
H692043 541014                    354213.92449 317563.109  10.3%   3.0  280s
H692061 541008                    354211.94031 317563.541  10.3%   3.0  280s
H693227 542153                    354206.03834 317566.697  10.3%   3.0  281s
H694310 542937                    354204.83169 317569.698  10.3%   3.0  281s
 702265 549136 323441.955   96   62 354204.832 317598.959  10.3%   3.0  285s
H707216 553085                    354204.70002 317614.117  10.3%   3.0  287s
H708439 553975                    354198.36003 317616.719  10.3%   3.0  287s
H710715 555684                    354197.39007 317623.037  10.3%   3.0  288s
H711974 556601                    354197.25454 317625.256  10.3%   3.0  289s
H713127 557439                    354193.13138 317630.246  10.3%   3.0  289s
 713526 557813     cutoff  125      354193.131 317630.968  10.3%   3.0  290s
H714569 558629                    354190.93645 317634.675  10.3%   3.0  290s
 725711 567686 346700.636  119   55 354190.936 317663.119  10.3%   3.0  295s
H727370 568923                    354189.83081 317669.847  10.3%   3.0  295s
 736662 576199 326304.493   92   61 354189.831 317700.957  10.3%   3.0  300s
H741912 580279                    354189.81460 317714.546  10.3%   3.0  302s
 748546 585275 342421.767  114   57 354189.815 317734.917  10.3%   3.0  305s
 761070 594816 324314.124   96   63 354189.815 317772.227  10.3%   3.0  310s
H771308 602888                    354186.39877 317793.844  10.3%   3.0  314s
 772174 603540 352966.087  161   49 354186.399 317798.547  10.3%   3.0  315s
 784261 612592 332353.209  111   59 354186.399 317835.742  10.3%   3.0  320s
H784359 612586                    354185.36916 317835.742  10.3%   3.0  320s
 796498 621941 349939.743  151   56 354185.369 317867.340  10.3%   3.0  325s
H797951 623108                    354185.28583 317870.112  10.3%   3.0  325s
 807856 630777 347365.814  145   58 354185.286 317892.536  10.2%   3.0  330s
H810728 632914                    354185.26343 317900.002  10.2%   3.0  331s
H810823 632911                    354184.71847 317900.045  10.2%   3.0  331s
 819926 640216 333420.071  152   61 354184.718 317921.448  10.2%   3.0  335s
H823826 643112                    354183.44559 317931.248  10.2%   3.0  336s
 832164 649602 352318.077  180   55 354183.446 317952.014  10.2%   3.0  340s
H836519 653038                    354182.55524 317960.175  10.2%   3.0  341s
 844435 659357 334681.568  103   55 354182.555 317978.395  10.2%   3.0  345s
H849231 662974                    354181.89918 317990.853  10.2%   3.0  347s
H849372 662965                    354180.46928 317991.126  10.2%   3.0  347s
 855789 668114 332513.384  118   57 354180.469 318010.883  10.2%   3.0  350s
H862193 672982                    354175.07885 318025.516  10.2%   3.0  352s
 867970 677402 336110.598  122   58 354175.079 318042.196  10.2%   3.0  355s
H875046 682885                    354171.57133 318060.135  10.2%   3.0  358s
 880119 687050 346708.461  142   52 354171.571 318072.569  10.2%   3.0  360s
H887930 693049                    354169.94671 318093.265  10.2%   3.0  363s
H888052 693043                    354168.17792 318093.619  10.2%   3.0  363s
 891160 695688 323766.433   94   62 354168.178 318101.339  10.2%   3.0  365s
H900765 703153                    354166.19278 318133.267  10.2%   3.0  368s
 903321 705078 331703.877  105   65 354166.193 318141.807  10.2%   3.0  370s
H913673 713015                    354166.16737 318172.196  10.2%   3.0  374s
 915435 714494 324845.426   91   63 354166.167 318177.524  10.2%   3.0  375s
H926384 723287                    354165.92564 318203.105  10.2%   3.0  379s
 926996 723736 327968.480   96   62 354165.926 318203.887  10.2%   3.0  380s
 939713 733859 327695.144   98   65 354165.926 318231.454  10.1%   3.0  385s
H947928 740235                    354162.85881 318246.084  10.1%   3.0  388s
 950868 742553 332660.107  114   61 354162.859 318251.177  10.1%   3.0  390s
H960719 750164                    354161.60190 318270.859  10.1%   3.0  394s
 962747 751916 354017.362  135   54 354161.602 318273.840  10.1%   3.0  395s
 975361 761679 349001.713  143   54 354161.602 318301.350  10.1%   3.0  400s
 987980 771656 331977.865  106   62 354161.602 318331.251  10.1%   3.0  405s
 999694 781095 353069.441  119   54 354161.602 318356.212  10.1%   3.0  410s
H1004554 784992                    354159.59432 318363.682  10.1%   3.0  412s
 1010064 788991 333443.525   95   64 354159.594 318376.563  10.1%   3.0  415s
H1017349 794653                    354158.63237 318393.768  10.1%   3.0  418s
 1021727 798181 346749.485  145   58 354158.632 318399.428  10.1%   3.0  420s
H1030741 805140                    354158.62206 318415.217  10.1%   3.0  423s
H1031756 806097                    354157.00321 318417.605  10.1%   3.0  424s
 1033892 807582 342501.649  107   59 354157.003 318422.808  10.1%   3.0  425s
H1044734 815885                    354152.70173 318448.433  10.1%   3.0  429s
 1046683 817435 341345.864  112   55 354152.702 318453.440  10.1%   3.0  430s
H1058594 826683                    354150.88520 318475.956  10.1%   3.0  434s
 1059257 827151 344624.831  106   59 354150.885 318477.042  10.1%   3.0  435s
 1076508 840370 332767.084   97   63 354150.885 318509.932  10.1%   3.0  440s
 1094823 854667 321468.037   90   62 354150.885 318544.841  10.1%   3.0  445s
 1112637 868637 334401.729  104   60 354150.885 318575.146  10.0%   3.0  450s
H1119524 874057                    354149.37623 318587.318  10.0%   3.0  452s
 1128338 880752 339088.392  108   60 354149.376 318602.302  10.0%   3.0  455s
H1132374 883801                    354147.58933 318607.797  10.0%   3.0  456s
H1135996 886724                    354146.65861 318613.224  10.0%   3.0  458s
H1137166 887504                    354139.96978 318614.593  10.0%   3.0  458s
H1138214 888396                    354135.81890 318616.844  10.0%   3.0  459s
 1140029 889632 338424.523  107   60 354135.819 318621.591  10.0%   3.0  460s
 1151953 898649 336398.516  102   62 354135.819 318643.638  10.0%   3.0  465s
 1166202 909823 351559.360  160   53 354135.819 318664.319  10.0%   3.0  470s
H1175068 916466                    354135.10239 318679.763  10.0%   3.0  473s
H1175212 916491                    354134.47130 318679.968  10.0%   3.0  474s
 1177068 918175 352289.502  114   57 354134.471 318683.613  10.0%   3.0  475s
H1188003 926646                    354131.82450 318703.087  10.0%   3.0  479s
H1188005 926623                    354128.29071 318703.096  10.0%   3.0  479s
 1189137 927549     cutoff  159      354128.291 318705.164  10.0%   3.0  480s
H1202242 937665                    354127.31650 318727.782  10.0%   3.0  485s
 1214420 947275 338241.297   88   59 354127.316 318745.157  10.0%   3.0  490s
H1215160 947634                    354124.48887 318747.302  10.0%   3.0  490s
 1227105 956825     cutoff  157      354124.489 318763.991  10.0%   3.0  495s
H1238246 965361                    354122.44182 318778.994  10.0%   3.0  499s
H1239468 966242                    354118.45087 318782.100  10.0%   3.0  499s
 1239594 966536 326982.680   92   60 354118.451 318782.327  10.0%   3.0  500s
H1239762 966536                    354117.92331 318782.327  10.0%   3.0  500s
H1240812 967413                    354116.14017 318785.645  10.0%   3.0  500s
H1242208 968350                    354108.24989 318787.653  10.0%   3.0  501s
 1251557 975510 353697.476  146   48 354108.250 318804.130  10.0%   3.0  505s
H1255088 978451                    354103.63959 318807.119  10.0%   3.0  506s
 1263222 985005 338478.182   98   60 354103.640 318821.102  10.0%   3.0  510s
H1272389 991815                    354102.30926 318837.267  10.0%   3.0  513s
H1273475 992880                    354100.08815 318838.567  10.0%   3.0  514s
 1275015 993968 333744.794  101   64 354100.088 318840.911  10.0%   3.0  515s
H1286346 1002720                    354099.31697 318859.186  10.0%   3.0  520s
H1286446 1002687                    354095.07384 318859.224  10.0%   3.0  520s
H1287758 1003677                    354094.64269 318861.043  10.0%   3.0  521s
 1296463 1010732 332339.501   98   60 354094.643 318874.500  9.95%   3.0  525s
H1300552 1013749                    354094.32649 318883.543  9.94%   3.0  526s
H1301953 1014800                    354093.11332 318886.496  9.94%   3.0  527s
 1308922 1020213 329440.076  108   61 354093.113 318900.661  9.94%   3.0  530s
H1314821 1024271                    354093.08940 318911.290  9.94%   3.0  532s
 1320818 1028773     cutoff  149      354093.089 318920.878  9.93%   3.0  535s
H1328181 1034599                    354092.17325 318930.939  9.93%   3.0  538s
 1331988 1037550 332288.359  106   57 354092.173 318935.687  9.93%   3.0  540s
H1341017 1044382                    354091.87798 318948.033  9.93%   3.0  543s
 1343681 1046708 341309.838  145   52 354091.878 318953.145  9.92%   3.0  545s
 1356123 1056364 352318.035  158   49 354091.878 318971.866  9.92%   3.0  550s
 1368691 1065771 336329.092  119   60 354091.878 318992.177  9.91%   3.0  555s
H1378892 1073351                    354090.91504 319009.010  9.91%   3.0  560s
H1379991 1074173                    354090.42474 319011.905  9.91%   3.0  560s
 1390615 1082304     cutoff  163      354090.425 319026.977  9.90%   3.0  565s
H1392797 1083919                    354090.09895 319031.516  9.90%   3.0  566s
H1392890 1083919                    354089.93308 319031.540  9.90%   3.0  566s
H1394068 1084983                    354088.20207 319032.903  9.90%   3.0  567s
 1402311 1091456 341352.868  110   52 354088.202 319044.352  9.90%   3.0  570s
 1415165 1101332 352176.004  153   46 354088.202 319059.292  9.89%   3.0  575s
H1420646 1105579                    354085.06196 319065.854  9.89%   3.0  577s
H1422043 1106592                    354078.72982 319067.607  9.89%   3.0  578s
 1425958 1110000 330213.721  112   56 354078.730 319072.706  9.89%   3.0  580s
H1434972 1116631                    354078.54319 319084.379  9.88%   3.0  584s
H1435062 1116628                    354078.38426 319084.416  9.88%   3.0  584s
 1435902 1117440 341869.505  111   57 354078.384 319085.629  9.88%   3.0  585s
 1448713 1127410 345404.233  112   59 354078.384 319104.758  9.88%   3.0  590s
H1451412 1129289                    354078.19669 319108.744  9.88%   3.0  591s
 1460818 1136432 321551.713   90   61 354078.197 319122.328  9.87%   3.0  595s
H1464428 1139292                    354078.19183 319126.748  9.87%   3.0  597s
H1465815 1140447                    354075.76241 319128.267  9.87%   3.0  597s
H1467076 1141388                    354074.46670 319130.394  9.87%   3.0  598s
H1468139 1142307                    354069.90852 319132.322  9.87%   3.0  599s
 1470296 1143880 347854.263  129   55 354069.909 319135.293  9.87%   3.0  600s
H1481108 1151932                    354066.76185 319156.936  9.86%   3.0  604s
 1482017 1152716 341662.486  111   59 354066.762 319157.910  9.86%   3.0  605s
H1493919 1161543                    354065.02668 319176.004  9.85%   3.0  610s
 1506035 1170868 336593.296  101   60 354065.027 319193.656  9.85%   3.0  615s
H1506703 1171414                    354064.70302 319194.081  9.85%   3.0  615s
H1506837 1171408                    354063.90057 319194.182  9.85%   3.0  615s
H1508032 1172360                    354062.64109 319195.570  9.85%   3.0  616s
H1509266 1173459                    354062.54108 319198.317  9.85%   3.0  617s
 1515696 1178295     cutoff  137      354062.541 319204.686  9.85%   3.0  620s
H1522109 1182778                    354062.45331 319214.645  9.84%   3.0  622s
 1527503 1186981 321101.206   91   68 354062.453 319221.649  9.84%   3.0  625s
 1540341 1196989 342519.400  111   57 354062.453 319238.226  9.84%   3.0  630s
 1553010 1206996 329844.922  100   58 354062.453 319254.093  9.83%   3.0  635s
 1565483 1216454 352608.854  125   56 354062.453 319270.984  9.83%   3.0  640s
H1574850 1223884                    354062.42025 319282.697  9.82%   3.0  644s
 1575980 1224836 338606.555  142   51 354062.420 319283.831  9.82%   3.0  645s
H1579421 1227259                    354061.80201 319288.804  9.82%   3.0  646s
 1586808 1233242 337055.737  108   53 354061.802 319299.738  9.82%   3.0  650s
H1592144 1237230                    354060.69057 319306.715  9.82%   3.0  652s
 1598429 1242390 337679.739  117   58 354060.691 319316.653  9.81%   3.0  655s
H1611416 1252038                    354059.43166 319333.695  9.81%   3.0  659s
 1611555 1252040 328618.577   94   63 354059.432 319333.878  9.81%   3.0  660s
 1623754 1261473 337494.548  136   62 354059.432 319349.158  9.80%   3.0  665s
 1636399 1271220 338039.621  102   62 354059.432 319363.148  9.80%   3.0  670s
H1644743 1277574                    354058.51617 319374.117  9.80%   3.0  673s
H1645098 1277577                    354058.35423 319374.326  9.80%   3.0  674s
 1646543 1278858 338523.662  109   56 354058.354 319376.342  9.80%   3.0  675s
H1657903 1287468                    354057.85380 319391.383  9.79%   3.0  679s
H1657904 1287466                    354057.48494 319391.383  9.79%   3.0  679s
 1658099 1287682     cutoff  186      354057.485 319391.745  9.79%   3.0  680s
 1669755 1296586 323342.241   91   62 354057.485 319408.584  9.79%   3.0  685s
H1675154 1300752                    354057.36113 319414.365  9.78%   3.0  687s
H1676297 1301607                    354056.82216 319415.383  9.78%   3.0  688s
 1681233 1305146 335635.201  150   56 354056.822 319421.589  9.78%   3.0  690s
 1693542 1314636 345343.541  139   57 354056.822 319437.718  9.78%   3.0  695s
 1706638 1324592 344644.834  143   53 354056.822 319449.826  9.77%   3.0  700s
 1719657 1334658 343656.372  120   61 354056.822 319462.862  9.77%   3.0  705s
 1734155 1345592 353547.504  168   59 354056.822 319478.991  9.77%   3.0  710s
H1736539 1347580                    354056.07573 319480.607  9.77%   3.0  710s
 1746281 1355039 339856.328  128   58 354056.076 319491.734  9.76%   3.0  715s
 1761474 1366889 338015.286  119   64 354056.076 319509.179  9.76%   3.0  720s
 1774174 1376586 344623.742  142   57 354056.076 319524.804  9.75%   3.0  725s
 1785947 1385827 329267.546   92   62 354056.076 319537.744  9.75%   3.0  730s
 1798496 1395274     cutoff  149      354056.076 319552.835  9.75%   3.0  735s
 1811210 1405265 353371.892  149   49 354056.076 319564.072  9.74%   3.0  740s
 1823702 1415036 348750.642  175   51 354056.076 319576.188  9.74%   3.0  745s
Created node file directory '/home/ps12398/experiment_epec/goalProgrammingMarcos//grbnodes12'
 1831035 1418875 343952.548  124   55 354056.076 319580.221  9.74%   3.0  750s
 1842295 1426209 348971.993  164   47 354056.076 319582.030  9.74%   3.0  755s
 1853016 1431220 338092.188  123   56 354056.076 319584.096  9.74%   3.0  760s
 1861886 1436666     cutoff  143      354056.076 319586.768  9.74%   3.0  765s
 1872631 1442053 343197.736  141   52 354056.076 319587.399  9.74%   3.0  770s
 1883209 1447556 347468.906  163   49 354056.076 319590.511  9.73%   3.1  775s
 1893553 1453856 353246.677  123   57 354056.076 319592.633  9.73%   3.1  781s
 1902716 1459754 329981.269  108   59 354056.076 319594.082  9.73%   3.1  785s
 1913574 1466348 infeasible  153      354056.076 319595.708  9.73%   3.1  790s
 1924009 1470466 351023.512  175   50 354056.076 319597.824  9.73%   3.1  795s
 1932707 1474285 333688.927  116   61 354056.076 319600.786  9.73%   3.1  800s
H1941939 1479672                    354055.95068 319601.684  9.73%   3.1  802s
H1943026 1480131                    354055.02913 319601.943  9.73%   3.1  803s
 1946950 1483185 350251.449  147   50 354055.029 319602.450  9.73%   3.1  805s
H1955725 1486828                    354054.47402 319604.069  9.73%   3.1  808s
 1957694 1489089 335264.319  128   58 354054.474 319604.069  9.73%   3.1  810s
 1968785 1496061 344567.588  107   51 354054.474 319606.239  9.73%   3.1  815s
 1979480 1501693     cutoff  152      354054.474 319608.204  9.73%   3.1  820s
 1985810 1503953 352024.275  130   56 354054.474 319610.161  9.73%   3.1  825s
 1994777 1505860 349481.760  114   54 354054.474 319612.728  9.73%   3.1  830s
 2008104 1513330 333958.802  109   57 354054.474 319615.168  9.73%   3.1  835s
H2014512 1517599                    354054.08236 319615.987  9.73%   3.1  838s
 2018625 1520619     cutoff  158      354054.082 319616.632  9.73%   3.2  841s
 2026751 1524676     cutoff  149      354054.082 319617.991  9.73%   3.2  845s
H2027229 1524770                    354053.87135 319617.991  9.73%   3.2  845s
H2027304 1524770                    354053.85031 319617.991  9.73%   3.2  845s
 2035649 1529591     cutoff  149      354053.850 319619.781  9.73%   3.2  850s
H2040097 1531198                    354053.50026 319621.122  9.73%   3.2  852s
 2046027 1536086 348647.510  185   49 354053.500 319622.003  9.72%   3.2  855s
H2052996 1539144                    354053.36343 319622.959  9.72%   3.2  859s
 2053183 1539197 352390.581  186   49 354053.363 319622.959  9.72%   3.2  860s
 2063975 1543666 326568.587   98   63 354053.363 319625.601  9.72%   3.2  865s
H2066008 1544946                    354053.33434 319625.601  9.72%   3.2  866s
 2074180 1548699 346210.804  145   58 354053.334 319628.099  9.72%   3.2  870s
H2079088 1550870                    354053.15709 319628.454  9.72%   3.2  872s
 2081915 1552524 340882.842  135   56 354053.157 319628.997  9.72%   3.2  875s
H2091878 1557179                    354051.91667 319630.917  9.72%   3.2  880s
 2102673 1564525 351939.287  162   52 354051.917 319632.898  9.72%   3.2  885s
H2104720 1565252                    354051.74492 319633.647  9.72%   3.2  886s
H2104727 1565252                    354049.82755 319633.647  9.72%   3.2  886s
 2111284 1569006     cutoff  155      354049.828 319635.087  9.72%   3.2  891s
H2117726 1571352                    354049.25372 319636.382  9.72%   3.2  894s
 2118324 1571490 352714.521  127   54 354049.254 319636.615  9.72%   3.2  895s
 2130643 1579133     cutoff  158      354049.254 319638.145  9.72%   3.2  900s
H2130645 1579133                    354049.23886 319638.145  9.72%   3.2  900s
 2139104 1584325 350241.915  159   51 354049.239 319638.737  9.72%   3.2  905s
 2148965 1588671     cutoff  134      354049.239 319640.471  9.72%   3.2  910s
 2160071 1595403 347472.091  135   54 354049.239 319642.328  9.72%   3.2  915s
 2168646 1600371 332920.345   93   61 354049.239 319643.170  9.72%   3.2  920s
 2178585 1605477 352666.281  151   52 354049.239 319645.064  9.72%   3.2  925s
 2189218 1609355 344745.005  141   58 354049.239 319646.880  9.72%   3.2  930s
 2199775 1614351 329503.542  101   63 354049.239 319648.818  9.72%   3.2  936s
 2207078 1619666 345988.049  138   54 354049.239 319649.511  9.72%   3.2  940s
H2214117 1621899                    354047.32796 319651.426  9.72%   3.2  943s
 2216926 1624494 345481.331  161   50 354047.328 319651.452  9.72%   3.2  945s
 2224840 1629735 340891.352  152   53 354047.328 319652.404  9.71%   3.2  950s
H2227016 1631132                    354046.33277 319652.404  9.71%   3.2  951s
 2234682 1635570 349278.628  137   51 354046.333 319654.180  9.71%   3.2  955s
 2245750 1640661 349021.314  154   48 354046.333 319656.222  9.71%   3.3  960s
 2253570 1643820     cutoff  170      354046.333 319658.465  9.71%   3.3  965s
 2262634 1649091     cutoff  141      354046.333 319659.819  9.71%   3.3  970s
H2263616 1649297                    354046.32878 319659.838  9.71%   3.3  970s
H2264771 1649841                    354045.59301 319659.933  9.71%   3.3  972s
 2270626 1652384 327251.498   92   59 354045.593 319660.466  9.71%   3.3  975s
 2281516 1658753 329883.114  105   63 354045.593 319662.440  9.71%   3.3  980s
 2289389 1664198 328040.125   97   62 354045.593 319664.000  9.71%   3.3  985s
 2299942 1669942 329368.168  105   64 354045.593 319665.821  9.71%   3.3  990s
 2307288 1673579     cutoff  157      354045.593 319667.134  9.71%   3.3  995s
H2310738 1675538                    354045.48738 319667.488  9.71%   3.3  996s
 2316348 1678120 349602.087  174   52 354045.487 319668.772  9.71%   3.3 1000s
H2323400 1682346                    354045.42589 319669.452  9.71%   3.3 1003s
 2326426 1684400 348207.999  166   52 354045.426 319669.452  9.71%   3.3 1005s
 2336444 1687798 350076.995  175   46 354045.426 319673.062  9.71%   3.3 1011s
H2343602 1690395                    354045.13343 319674.618  9.71%   3.3 1014s
 2343764 1690391 351235.822  155   51 354045.133 319674.618  9.71%   3.3 1015s
 2353598 1695661 344983.546  156   55 354045.133 319676.221  9.71%   3.3 1020s
 2363818 1701119 344929.408  134   49 354045.133 319678.229  9.71%   3.3 1025s
 2372512 1706242 340993.102  131   56 354045.133 319679.125  9.71%   3.3 1030s
 2383396 1710994 346565.777  149   51 354045.133 319682.206  9.71%   3.3 1035s
 2393718 1715971 326878.258   98   62 354045.133 319683.892  9.71%   3.3 1040s
 2407052 1724646     cutoff  137      354045.133 319685.940  9.70%   3.3 1045s
 2414689 1730030 352480.403  187   56 354045.133 319687.071  9.70%   3.3 1050s
 2425382 1735527 346807.079  158   51 354045.133 319689.084  9.70%   3.3 1055s
 2435052 1739493 353644.672  158   47 354045.133 319691.892  9.70%   3.3 1060s
 2445128 1743659 349295.915  121   59 354045.133 319694.418  9.70%   3.3 1065s
 2451167 1746397 334800.815  113   57 354045.133 319695.622  9.70%   3.3 1070s
 2461295 1750959     cutoff  169      354045.133 319698.669  9.70%   3.3 1075s
 2471023 1755886 330076.703  108   60 354045.133 319700.408  9.70%   3.4 1080s
 2477254 1759482 338144.026  103   57 354045.133 319701.329  9.70%   3.4 1085s
 2487609 1764008 352033.557  172   51 354045.133 319703.242  9.70%   3.4 1090s
H2491550 1766395                    354044.75733 319703.330  9.70%   3.4 1092s
 2496884 1769776 348510.102  157   51 354044.757 319704.888  9.70%   3.4 1095s
H2504368 1773580                    354044.56169 319706.474  9.70%   3.4 1100s
 2513882 1780262 334680.458  110   57 354044.562 319708.143  9.70%   3.4 1105s
H2517561 1782851                    354044.17069 319708.451  9.70%   3.4 1107s
 2522851 1786798 339062.977  139   55 354044.171 319709.855  9.70%   3.4 1111s
 2530351 1790142 354033.224  129   54 354044.171 319711.158  9.70%   3.4 1115s
 2540633 1795853 339301.480  133   55 354044.171 319712.450  9.70%   3.4 1120s
 2550684 1800516 350673.066  141   53 354044.171 319714.942  9.70%   3.4 1125s
 2555359 1802657 341513.817  155   58 354044.171 319715.924  9.70%   3.4 1130s
H2557988 1803670                    354044.15919 319717.095  9.70%   3.4 1131s
 2564115 1806334     cutoff  126      354044.159 319718.911  9.70%   3.4 1135s
 2574369 1812328 331958.865  108   63 354044.159 319720.030  9.69%   3.4 1140s
 2582285 1815305     cutoff  143      354044.159 319721.591  9.69%   3.4 1145s
 2592840 1819658     cutoff  168      354044.159 319723.907  9.69%   3.4 1150s
H2599572 1822344                    354043.95389 319725.963  9.69%   3.4 1154s
 2601200 1823760 344880.580  120   52 354043.954 319726.407  9.69%   3.4 1155s
 2610112 1826520 350508.278  146   54 354043.954 319728.167  9.69%   3.4 1160s
 2618626 1831127 345334.328  151   52 354043.954 319729.104  9.69%   3.4 1165s
 2630244 1836271 348718.649  134   53 354043.954 319732.080  9.69%   3.4 1170s
H2639478 1839954                    354043.85692 319734.042  9.69%   3.4 1174s
 2639644 1840163 329985.646  104   58 354043.857 319734.042  9.69%   3.4 1175s
 2647706 1844675 339642.430  143   48 354043.857 319735.139  9.69%   3.4 1180s
H2652479 1847563                    354043.60986 319736.263  9.69%   3.4 1182s
 2657523 1850840 334989.478  102   65 354043.610 319736.798  9.69%   3.4 1185s
 2667834 1857644 347784.015  167   50 354043.610 319738.377  9.69%   3.4 1190s
H2676202 1861193                    354043.35864 319739.947  9.69%   3.4 1194s
 2676855 1861366     cutoff  138      354043.359 319739.970  9.69%   3.4 1195s
 2687102 1864948 351799.585  119   50 354043.359 319742.293  9.69%   3.4 1200s
 2696770 1868672 338999.311  109   57 354043.359 319744.670  9.69%   3.4 1205s
H2702248 1871687                    354043.35311 319746.054  9.69%   3.4 1209s
 2703298 1872743 335052.233  119   56 354043.353 319746.054  9.69%   3.4 1210s
H2703504 1872743                    354043.23934 319746.054  9.69%   3.4 1210s
 2713649 1880117 348764.314  163   50 354043.239 319747.293  9.69%   3.4 1215s
 2724464 1884717     cutoff  164      354043.239 319749.652  9.69%   3.4 1220s
 2732051 1889091 334257.533  127   55 354043.239 319751.076  9.69%   3.4 1225s
 2743176 1896649     cutoff  139      354043.239 319753.236  9.69%   3.5 1230s
 2749902 1899552 353710.768  148   52 354043.239 319754.646  9.68%   3.5 1235s
 2760207 1903810 354042.729  134   55 354043.239 319757.519  9.68%   3.5 1240s
 2770613 1909186 325893.451  104   64 354043.239 319758.913  9.68%   3.5 1245s
 2778037 1912803     cutoff  170      354043.239 319760.137  9.68%   3.5 1250s
 2788306 1916682 353232.721  155   49 354043.239 319762.412  9.68%   3.5 1255s
 2798044 1922658 341381.404  126   57 354043.239 319764.049  9.68%   3.5 1260s
 2806235 1928284     cutoff  178      354043.239 319765.121  9.68%   3.5 1265s
 2816350 1932174 334275.958  128   60 354043.239 319766.930  9.68%   3.5 1270s
 2826697 1937392 350207.120  145   54 354043.239 319768.536  9.68%   3.5 1275s
 2834719 1942994     cutoff  157      354043.239 319769.584  9.68%   3.5 1280s
 2844590 1946204     cutoff  132      354043.239 319772.727  9.68%   3.5 1285s
 2855468 1953640 325053.238   96   60 354043.239 319774.553  9.68%   3.5 1290s
 2863091 1958054 348990.557  181   45 354043.239 319775.224  9.68%   3.5 1295s
 2873631 1962257 333986.576  106   60 354043.239 319777.030  9.68%   3.5 1300s
 2884316 1967397 342486.375  136   51 354043.239 319778.390  9.68%   3.5 1305s
 2891482 1971805     cutoff  168      354043.239 319779.339  9.68%   3.5 1310s
 2901782 1976597 337946.188  118   56 354043.239 319780.867  9.68%   3.5 1315s
 2912217 1981725 337096.479  127   55 354043.239 319783.451  9.68%   3.5 1320s
 2919115 1984409 infeasible  120      354043.239 319786.443  9.68%   3.5 1325s
 2928955 1988744 335683.479  104   57 354043.239 319788.332  9.68%   3.5 1330s
 2940272 1995083 345664.616  122   54 354043.239 319790.127  9.67%   3.5 1335s
 2947666 1998958 349825.264  123   54 354043.239 319791.629  9.67%   3.5 1340s
H2953503 2001613                    354043.22403 319792.751  9.67%   3.5 1343s
 2956437 2002098 352141.829  158   55 354043.224 319793.632  9.67%   3.5 1345s
H2966288 2008184                    354043.20375 319795.297  9.67%   3.5 1350s
 2973307 2012928 343475.762  135   58 354043.204 319796.310  9.67%   3.5 1355s
 2983682 2017498 338969.285  148   51 354043.204 319797.766  9.67%   3.5 1360s
 2992126 2022870 351054.874  174   47 354043.204 319798.964  9.67%   3.5 1365s
 3000326 2026473 353185.173  152   50 354043.204 319800.658  9.67%   3.5 1370s
 3011186 2032651 333923.234  121   64 354043.204 319801.783  9.67%   3.5 1375s
 3018750 2038170     cutoff  151      354043.204 319803.651  9.67%   3.5 1380s
 3029316 2043493 345622.707  167   53 354043.204 319805.588  9.67%   3.5 1385s
 3039217 2047242 326047.565  105   59 354043.204 319807.822  9.67%   3.5 1390s
 3045664 2051088 341184.093  128   54 354043.204 319809.836  9.67%   3.5 1395s
H3047654 2052069                    354042.97733 319810.067  9.67%   3.5 1396s
 3055086 2057226 348158.345  146   54 354042.977 319811.293  9.67%   3.5 1400s
H3060748 2059735                    354042.90556 319812.396  9.67%   3.5 1403s
 3064396 2061853 334492.379  112   59 354042.906 319812.893  9.67%   3.5 1405s
 3071376 2065783 339143.452  126   56 354042.906 319814.157  9.67%   3.6 1410s
H3073509 2066414                    354042.86238 319814.798  9.67%   3.6 1411s
 3080998 2069188     cutoff  168      354042.862 319815.738  9.67%   3.6 1415s
H3086387 2071835                    354042.85378 319816.321  9.67%   3.6 1417s
H3086392 2071835                    354042.84779 319816.321  9.67%   3.6 1418s
 3089847 2074079     cutoff  204      354042.848 319817.997  9.67%   3.6 1420s
 3097751 2078119     cutoff  164      354042.848 319819.014  9.67%   3.6 1425s
H3099097 2078663                    354042.84576 319819.096  9.67%   3.6 1426s
 3106554 2081624 334061.195  121   58 354042.846 319820.128  9.67%   3.6 1430s
 3118958 2089119 344261.856  230   48 354042.846 319821.958  9.67%   3.6 1435s
 3127576 2093219 348704.599  127   58 354042.846 319823.008  9.67%   3.6 1440s
 3138347 2099617 347202.246  144   53 354042.846 319825.179  9.66%   3.6 1445s
 3149110 2103005     cutoff  156      354042.846 319826.664  9.66%   3.6 1450s
 3156505 2105812 351669.018  125   52 354042.846 319827.326  9.66%   3.6 1455s
 3167158 2113397 348452.637  155   53 354042.846 319828.646  9.66%   3.6 1460s
 3174581 2117111 354020.877  148   52 354042.846 319830.506  9.66%   3.6 1465s
H3182774 2121012                    354042.79497 319831.838  9.66%   3.6 1468s
 3186099 2124223 326794.726  105   59 354042.795 319831.852  9.66%   3.6 1470s
H3195580 2128062                    354042.71079 319833.780  9.66%   3.6 1473s
 3197553 2128430 351025.646  155   54 354042.711 319834.210  9.66%   3.6 1475s
 3206285 2133925 349765.624  131   58 354042.711 319834.992  9.66%   3.6 1480s
 3218919 2140587 341944.576  111   54 354042.711 319836.835  9.66%   3.6 1485s
 3226127 2144677 339281.367  108   57 354042.711 319837.867  9.66%   3.6 1490s
 3235639 2148403     cutoff  187      354042.711 319839.892  9.66%   3.6 1495s
 3245824 2152990     cutoff  154      354042.711 319841.700  9.66%   3.6 1500s
 3255311 2157185 338917.132  132   52 354042.711 319843.098  9.66%   3.6 1506s
 3263106 2158886     cutoff  170      354042.711 319844.513  9.66%   3.6 1510s
 3273790 2164386 352324.032  173   53 354042.711 319846.923  9.66%   3.6 1515s
 3287445 2170340     cutoff  148      354042.711 319850.635  9.66%   3.6 1520s
 3295745 2172939 324477.963  100   68 354042.711 319852.538  9.66%   3.6 1525s
 3305661 2176912 350757.594  153   48 354042.711 319853.757  9.66%   3.6 1530s
 3316172 2182868 339521.383  139   52 354042.711 319855.180  9.66%   3.6 1535s
 3322923 2186259 341306.882  135   55 354042.711 319855.995  9.66%   3.6 1540s
H3328234 2187751                    354042.53103 319857.186  9.66%   3.6 1543s
 3332021 2189928 334695.452  120   57 354042.531 319857.834  9.66%   3.6 1545s
 3342328 2194504     cutoff  151      354042.531 319858.845  9.66%   3.6 1550s
 3349853 2199217 342733.021  138   53 354042.531 319859.994  9.65%   3.6 1555s
 3362060 2205080 350220.882  161   51 354042.531 319862.418  9.65%   3.6 1560s
 3372717 2210405 350593.841  157   49 354042.531 319864.190  9.65%   3.6 1566s
 3379632 2212997 332713.320  118   57 354042.531 319865.857  9.65%   3.6 1570s
 3390318 2218811     cutoff  151      354042.531 319867.470  9.65%   3.6 1575s
 3399296 2223736 346479.814  122   58 354042.531 319869.235  9.65%   3.6 1580s
 3411158 2231710 353951.626  165   49 354042.531 319870.664  9.65%   3.6 1585s
 3421245 2236426 353515.744  146   51 354042.531 319872.656  9.65%   3.6 1590s
 3430814 2243354 338043.038  130   55 354042.531 319873.778  9.65%   3.6 1595s
 3442459 2249618     cutoff  128      354042.531 319876.291  9.65%   3.6 1600s
H3445135 2251343                    354042.46755 319876.585  9.65%   3.6 1602s
 3449645 2253401 332378.809  115   56 354042.468 319876.922  9.65%   3.6 1605s
H3457984 2258137                    354042.37936 319877.980  9.65%   3.6 1609s
 3459703 2259339 351184.986  137   56 354042.379 319878.067  9.65%   3.6 1610s
 3466852 2262621     cutoff  186      354042.379 319879.764  9.65%   3.6 1615s
 3477172 2267382 327347.246  108   62 354042.379 319882.258  9.65%   3.6 1620s
 3487218 2272718     cutoff  172      354042.379 319884.090  9.65%   3.6 1625s
 3494952 2276843 351511.086  153   47 354042.379 319885.551  9.65%   3.6 1630s
 3504486 2280990 325179.945   90   64 354042.379 319888.576  9.65%   3.6 1635s
 3515858 2288224 352051.700  155   48 354042.379 319890.186  9.65%   3.6 1641s
 3522959 2291037     cutoff  148      354042.379 319892.778  9.65%   3.7 1645s
 3534866 2298787 322031.064   96   67 354042.379 319894.414  9.65%   3.7 1650s
 3541231 2301990     cutoff  139      354042.379 319895.247  9.64%   3.7 1655s
 3551729 2307658 350989.812  180   52 354042.379 319896.696  9.64%   3.7 1660s
H3553715 2309019                    354042.21807 319896.948  9.64%   3.7 1661s
 3560971 2312388     cutoff  149      354042.218 319898.243  9.64%   3.7 1665s
 3567960 2316462     cutoff  130      354042.218 319899.688  9.64%   3.7 1670s
 3579695 2323175 351407.983  196   46 354042.218 319901.603  9.64%   3.7 1675s
 3590432 2328190 335222.017  136   61 354042.218 319903.810  9.64%   3.7 1680s
 3599635 2332911     cutoff  169      354042.218 319906.226  9.64%   3.7 1685s
H3600098 2332911                    354042.06237 319906.234  9.64%   3.7 1685s
H3601303 2333182                    354042.04460 319906.539  9.64%   3.7 1686s
 3607854 2337027 353170.518  129   53 354042.045 319907.466  9.64%   3.7 1690s
 3616937 2339829 350357.314  123   50 354042.045 319910.077  9.64%   3.7 1695s
 3625562 2344254 345436.032  140   52 354042.045 319912.054  9.64%   3.7 1700s
 3636383 2349862     cutoff  162      354042.045 319914.370  9.64%   3.7 1705s
 3643832 2354711     cutoff  152      354042.045 319915.187  9.64%   3.7 1710s
 3654756 2358947     cutoff  142      354042.045 319917.099  9.64%   3.7 1715s
 3667107 2366992 351817.681  174   44 354042.045 319918.475  9.64%   3.7 1721s
 3674986 2371949     cutoff  151      354042.045 319920.195  9.64%   3.7 1725s
 3686271 2377690 352118.788  143   54 354042.045 319921.907  9.64%   3.7 1730s
 3694374 2381448 344544.947  137   53 354042.045 319923.880  9.64%   3.7 1735s
 3704259 2386407 353185.498  143   52 354042.045 319926.298  9.64%   3.7 1740s
 3715435 2390882 352479.527  132   53 354042.045 319928.287  9.64%   3.7 1745s
 3724236 2397331 343323.109  149   52 354042.045 319929.491  9.64%   3.7 1750s
 3734655 2402143 330402.484  101   60 354042.045 319931.343  9.63%   3.7 1755s
 3742107 2406180 336410.460  105   55 354042.045 319932.096  9.63%   3.7 1760s
 3752221 2410972 331327.652  110   61 354042.045 319934.115  9.63%   3.7 1765s
 3765027 2418041     cutoff  215      354042.045 319935.996  9.63%   3.7 1771s
 3773226 2423998 353038.439  177   57 354042.045 319936.529  9.63%   3.7 1775s
 3783402 2427909     cutoff  171      354042.045 319940.569  9.63%   3.7 1780s
 3790216 2431309 349076.178  117   51 354042.045 319942.343  9.63%   3.7 1785s
 3800785 2437049 349473.828  163   49 354042.045 319943.709  9.63%   3.7 1790s
 3810847 2442302 335153.411  118   58 354042.045 319945.598  9.63%   3.7 1795s
 3817534 2446294 348368.377  146   52 354042.045 319946.511  9.63%   3.7 1800s
 3828080 2452126 346468.697  150   53 354042.045 319947.591  9.63%   3.7 1805s
 3838047 2455955     cutoff  162      354042.045 319948.995  9.63%   3.7 1810s
 3845216 2459380 351741.496  145   52 354042.045 319951.046  9.63%   3.7 1815s
 3855476 2463973     cutoff  176      354042.045 319952.726  9.63%   3.7 1820s
 3865527 2467685 349040.234  151   53 354042.045 319954.110  9.63%   3.7 1825s
 3873620 2471607 352446.667  139   55 354042.045 319954.909  9.63%   3.7 1830s
 3884638 2478804 337958.347  121   57 354042.045 319956.165  9.63%   3.7 1835s
 3893498 2485259     cutoff  167      354042.045 319957.176  9.63%   3.7 1840s
 3904050 2488678     cutoff  157      354042.045 319960.600  9.63%   3.7 1845s
 3914767 2494738 335271.673  133   57 354042.045 319962.986  9.63%   3.7 1850s
 3924440 2499939 351345.459  175   46 354042.045 319963.617  9.63%   3.7 1855s
 3935300 2504527 348455.153  130   52 354042.045 319965.793  9.62%   3.7 1860s
 3943360 2508207 342549.707  168   49 354042.045 319967.085  9.62%   3.7 1865s
 3952963 2513616 353803.515  155   47 354042.045 319968.723  9.62%   3.7 1870s
 3963713 2519333 325226.755   97   61 354042.045 319970.754  9.62%   3.7 1875s
 3969878 2523015 339542.865  133   64 354042.045 319971.501  9.62%   3.7 1880s
 3980206 2528389     cutoff  172      354042.045 319973.458  9.62%   3.7 1885s
 3988778 2532416 338224.813  110   54 354042.045 319974.744  9.62%   3.7 1890s
 3996502 2536010 349581.163  113   50 354042.045 319975.899  9.62%   3.7 1895s
 4006873 2541777 345643.606  153   53 354042.045 319976.807  9.62%   3.7 1900s
 4014982 2547378     cutoff  172      354042.045 319977.826  9.62%   3.7 1905s
 4025034 2551594     cutoff  149      354042.045 319980.103  9.62%   3.7 1910s
 4034586 2557084 347434.272  164   48 354042.045 319980.973  9.62%   3.7 1916s
 4042591 2560589     cutoff  172      354042.045 319982.354  9.62%   3.7 1920s
 4052832 2565341 351697.600  148   52 354042.045 319983.692  9.62%   3.7 1925s
 4059631 2569501     cutoff  139      354042.045 319984.595  9.62%   3.7 1930s
 4070834 2576431 353883.360  164   50 354042.045 319986.059  9.62%   3.7 1935s
 4080721 2581684     cutoff  141      354042.045 319987.515  9.62%   3.7 1940s
 4087874 2584815 349987.827  139   52 354042.045 319989.233  9.62%   3.7 1945s
 4097185 2589778 353181.468  131   56 354042.045 319990.531  9.62%   3.7 1950s
 4107676 2594563 352709.534  153   51 354042.045 319993.683  9.62%   3.7 1955s
 4114475 2597350 345619.612  145   51 354042.045 319994.484  9.62%   3.7 1960s
 4124617 2602791 345284.228  116   61 354042.045 319996.896  9.62%   3.8 1965s
 4135727 2606908     cutoff  181      354042.045 319999.528  9.62%   3.8 1970s
 4143148 2610431     cutoff  158      354042.045 320000.980  9.61%   3.8 1975s
 4155248 2617527 342962.005  168   53 354042.045 320003.163  9.61%   3.8 1980s
 4163958 2621348 347547.451  112   57 354042.045 320005.106  9.61%   3.8 1985s
 4172513 2625948 348875.555  107   58 354042.045 320006.242  9.61%   3.8 1990s
 4183003 2631611 351444.323  145   53 354042.045 320007.818  9.61%   3.8 1995s
 4190903 2637538 353453.257  153   48 354042.045 320008.321  9.61%   3.8 2000s
 4201436 2642283 339143.422  119   60 354042.045 320009.871  9.61%   3.8 2005s
 4208676 2646558 343520.010  149   53 354042.045 320010.431  9.61%   3.8 2010s
 4218893 2651713 351287.343  148   52 354042.045 320011.906  9.61%   3.8 2015s
 4229026 2658055 332640.998  135   60 354042.045 320012.789  9.61%   3.8 2020s
 4237127 2662790 349111.527  155   49 354042.045 320013.796  9.61%   3.8 2025s
 4247954 2668967 353296.227  176   43 354042.045 320016.189  9.61%   3.8 2030s
 4254859 2671936 348572.669  113   51 354042.045 320017.536  9.61%   3.8 2035s
 4264690 2676602 342112.925  130   57 354042.045 320018.728  9.61%   3.8 2040s
 4274727 2682334 350769.322  123   54 354042.045 320020.004  9.61%   3.8 2045s
 4282196 2685814 346747.370  162   49 354042.045 320020.859  9.61%   3.8 2050s
 4292074 2691859     cutoff  151      354042.045 320022.452  9.61%   3.8 2055s
 4301255 2696906 347969.671  169   48 354042.045 320023.048  9.61%   3.8 2061s
 4308602 2700541     cutoff  163      354042.045 320024.063  9.61%   3.8 2065s
 4319239 2706938 346857.011  157   52 354042.045 320025.035  9.61%   3.8 2070s
 4325972 2709924 337390.872  128   62 354042.045 320027.302  9.61%   3.8 2075s
 4335919 2715581 343521.801  157   49 354042.045 320028.268  9.61%   3.8 2080s
 4345812 2719501     cutoff  164      354042.045 320030.989  9.61%   3.8 2085s
 4353192 2723184 341128.318  120   54 354042.045 320032.548  9.61%   3.8 2090s
 4363387 2727585     cutoff  134      354042.045 320034.445  9.61%   3.8 2095s
 4372498 2732299 337802.387  125   55 354042.045 320036.148  9.61%   3.8 2100s
 4380569 2735534 351426.470  134   58 354042.045 320039.033  9.60%   3.8 2105s
 4388791 2739731     cutoff  145      354042.045 320040.952  9.60%   3.8 2110s
 4399325 2745718 340363.554  134   53 354042.045 320042.222  9.60%   3.8 2115s
 4408413 2751454     cutoff  148      354042.045 320043.221  9.60%   3.8 2120s
 4421657 2757928 350899.160  157   47 354042.045 320045.406  9.60%   3.8 2125s
 4428973 2762401 336325.348  103   55 354042.045 320046.015  9.60%   3.8 2130s
 4439519 2767652     cutoff  163      354042.045 320047.351  9.60%   3.8 2135s
 4449380 2769975     cutoff  183      354042.045 320049.672  9.60%   3.8 2140s
 4457510 2774401 336614.805  143   58 354042.045 320051.060  9.60%   3.8 2145s
 4467239 2779673     cutoff  146      354042.045 320052.896  9.60%   3.8 2150s
 4477911 2786104 328654.604  106   58 354042.045 320054.220  9.60%   3.8 2155s
 4487667 2792256 353586.490  135   53 354042.045 320055.157  9.60%   3.8 2160s
 4498323 2796568 350022.538  140   49 354042.045 320056.402  9.60%   3.8 2165s
 4506650 2799751 341547.963  115   57 354042.045 320057.981  9.60%   3.8 2170s
 4516897 2805442 345970.160  162   60 354042.045 320059.542  9.60%   3.8 2175s
 4526424 2808693     cutoff  149      354042.045 320061.616  9.60%   3.8 2180s
 4532242 2811841 352448.546  145   55 354042.045 320062.248  9.60%   3.8 2185s
 4543678 2819553 345930.862  146   53 354042.045 320063.239  9.60%   3.8 2190s
 4551611 2825043 348601.342  165   50 354042.045 320064.130  9.60%   3.8 2195s
 4560796 2828512 353274.429  155   55 354042.045 320065.942  9.60%   3.8 2200s
 4570160 2833021 352724.748  148   56 354042.045 320067.085  9.60%   3.8 2205s
 4577072 2836772 343435.172  113   57 354042.045 320067.919  9.60%   3.8 2210s
 4586831 2841739 348827.351  151   53 354042.045 320069.375  9.60%   3.8 2215s
 4596375 2846599     cutoff  121      354042.045 320070.664  9.60%   3.8 2220s
 4603830 2852058 345714.941  158   49 354042.045 320071.274  9.60%   3.8 2225s
 4614277 2857252 352057.812  149   52 354042.045 320073.080  9.59%   3.8 2230s
 4624630 2861489     cutoff  149      354042.045 320074.647  9.59%   3.8 2235s
 4632551 2864693     cutoff  148      354042.045 320075.766  9.59%   3.8 2240s
 4643844 2870344     cutoff  142      354042.045 320077.555  9.59%   3.8 2245s
 4653748 2874471 351357.791  157   53 354042.045 320079.646  9.59%   3.8 2250s
 4660544 2878624 349770.975  162   48 354042.045 320080.256  9.59%   3.8 2255s
 4671033 2882450 334528.228  108   57 354042.045 320082.903  9.59%   3.8 2260s
 4680618 2885468     cutoff  157      354042.045 320085.487  9.59%   3.8 2265s
 4688477 2890741 347869.036  128   52 354042.045 320086.025  9.59%   3.8 2270s
 4698444 2895440 339727.388  146   55 354042.045 320087.918  9.59%   3.8 2275s
 4708330 2900208 347537.373  153   46 354042.045 320089.100  9.59%   3.8 2280s
 4716815 2904875     cutoff  186      354042.045 320090.308  9.59%   3.8 2285s
 4729742 2912955 348810.502  169   50 354042.045 320092.810  9.59%   3.8 2290s
 4738352 2915928 330246.641  102   59 354042.045 320094.325  9.59%   3.8 2295s
 4748944 2921427 353671.992  167   53 354042.045 320095.585  9.59%   3.8 2300s
 4758636 2926402 351878.757  132   51 354042.045 320097.211  9.59%   3.8 2305s
 4769017 2932069 353569.177  144   52 354042.045 320098.143  9.59%   3.8 2310s
 4778852 2935554 351717.591  130   53 354042.045 320098.965  9.59%   3.8 2315s
 4788468 2939181 336704.276  115   59 354042.045 320101.197  9.59%   3.8 2320s
 4797121 2944846 344567.610  163   50 354042.045 320101.839  9.59%   3.8 2325s
 4806745 2948588 352140.921  147   52 354042.045 320102.793  9.59%   3.8 2330s
 4813861 2951709     cutoff  168      354042.045 320103.637  9.59%   3.8 2335s
 4823434 2956874 353717.244  181   49 354042.045 320104.729  9.59%   3.8 2340s
 4833229 2961059     cutoff  164      354042.045 320105.977  9.59%   3.8 2345s
 4840638 2965340     cutoff  145      354042.045 320106.676  9.59%   3.8 2350s
 4851542 2971176     cutoff  137      354042.045 320108.251  9.58%   3.8 2355s
 4859754 2977029     cutoff  135      354042.045 320109.257  9.58%   3.8 2360s
 4870069 2983244 348691.603  153   50 354042.045 320110.386  9.58%   3.8 2365s
 4879038 2986879     cutoff  130      354042.045 320111.416  9.58%   3.8 2370s
 4885976 2991251 353598.154  176   50 354042.045 320112.388  9.58%   3.8 2375s
 4896901 2999236 345274.973  174   49 354042.045 320113.252  9.58%   3.8 2380s
 4905433 3004413 349735.883  153   53 354042.045 320113.975  9.58%   3.8 2385s
 4916132 3010439 338225.132  123   56 354042.045 320115.130  9.58%   3.8 2390s
 4923281 3014504     cutoff  121      354042.045 320116.348  9.58%   3.8 2395s
 4932798 3019370 348227.931  164   53 354042.045 320117.993  9.58%   3.8 2400s
 4943248 3023787     cutoff  139      354042.045 320119.330  9.58%   3.8 2405s
 4951939 3027351 346532.024  148   52 354042.045 320120.496  9.58%   3.8 2410s
 4960703 3030412     cutoff  149      354042.045 320122.698  9.58%   3.8 2415s
 4971409 3038144     cutoff  188      354042.045 320123.538  9.58%   3.8 2420s
 4979324 3041049     cutoff  149      354042.045 320124.838  9.58%   3.8 2425s
 4990498 3046489 333551.899  106   59 354042.045 320126.833  9.58%   3.8 2430s
 5000094 3051976     cutoff  130      354042.045 320128.845  9.58%   3.8 2436s
 5007645 3055446 341689.999  118   56 354042.045 320129.815  9.58%   3.8 2440s
 5018752 3058949 349606.319  148   51 354042.045 320132.161  9.58%   3.8 2445s
 5031273 3064288     cutoff  168      354042.045 320134.065  9.58%   3.8 2450s
 5038598 3068085 332646.288   98   57 354042.045 320135.021  9.58%   3.8 2455s
 5048813 3072740     cutoff  149      354042.045 320136.479  9.58%   3.9 2460s
 5056125 3077372     cutoff  168      354042.045 320137.547  9.58%   3.9 2465s
 5068378 3084573 343914.190  149   49 354042.045 320138.701  9.58%   3.9 2470s
 5078819 3088716 352963.784  150   49 354042.045 320141.156  9.58%   3.9 2475s
 5086913 3092510 353092.216  163   57 354042.045 320142.377  9.58%   3.9 2480s
 5097431 3097757     cutoff  142      354042.045 320144.176  9.57%   3.9 2485s
 5106756 3103238 353987.165  148   50 354042.045 320145.057  9.57%   3.9 2490s
 5116492 3108907     cutoff  141      354042.045 320146.508  9.57%   3.9 2495s
 5126300 3113020 324420.935   95   65 354042.045 320148.070  9.57%   3.9 2500s
 5135907 3118856 352164.700  113   53 354042.045 320149.774  9.57%   3.9 2505s
 5147022 3126134 341278.879  136   49 354042.045 320150.779  9.57%   3.9 2510s
 5155131 3129200 351477.887  128   51 354042.045 320152.950  9.57%   3.9 2515s
 5165082 3133736     cutoff  165      354042.045 320154.491  9.57%   3.9 2520s
 5175918 3139669 341455.948  133   56 354042.045 320155.921  9.57%   3.9 2525s
 5183539 3143699 351970.021  174   58 354042.045 320156.728  9.57%   3.9 2530s
 5193865 3149238 351536.211  135   54 354042.045 320158.275  9.57%   3.9 2535s
 5203063 3152878 338050.177  120   56 354042.045 320159.546  9.57%   3.9 2540s
 5214906 3159886 337281.994  140   55 354042.045 320161.175  9.57%   3.9 2545s
 5225815 3165890 338693.525  135   53 354042.045 320162.573  9.57%   3.9 2551s
 5234274 3169771     cutoff  126      354042.045 320164.132  9.57%   3.9 2555s
 5248272 3176636 331257.878  127   61 354042.045 320165.902  9.57%   3.9 2560s
 5255518 3180433 339479.638  125   58 354042.045 320166.940  9.57%   3.9 2565s
 5265558 3186254 332072.275  113   60 354042.045 320168.949  9.57%   3.9 2570s
 5273864 3189905 326909.532  109   62 354042.045 320170.279  9.57%   3.9 2575s
 5284267 3195451     cutoff  156      354042.045 320172.180  9.57%   3.9 2580s
 5294193 3201303 349038.623  147   46 354042.045 320174.293  9.57%   3.9 2585s
 5301913 3204998 352234.577  143   49 354042.045 320175.339  9.57%   3.9 2590s
 5310814 3207057 330573.889   99   63 354042.045 320177.578  9.57%   3.9 2595s
 5322813 3215856 347878.775  142   51 354042.045 320178.702  9.56%   3.9 2601s
 5330832 3220590 349865.196  135   54 354042.045 320179.819  9.56%   3.9 2605s
 5340533 3224109 348753.277  156   50 354042.045 320181.714  9.56%   3.9 2610s
 5347550 3227436 328436.531  102   62 354042.045 320182.771  9.56%   3.9 2615s
 5358516 3232332 344925.920  133   50 354042.045 320184.300  9.56%   3.9 2620s
 5368044 3236794     cutoff  171      354042.045 320185.550  9.56%   3.9 2625s
 5374932 3240176 350393.102  155   50 354042.045 320186.004  9.56%   3.9 2630s
 5388237 3249777 339081.398  124   59 354042.045 320187.492  9.56%   3.9 2635s
 5396229 3255532     cutoff  164      354042.045 320188.773  9.56%   3.9 2640s
 5407833 3261540 332927.772  125   58 354042.045 320190.266  9.56%   3.9 2645s
 5416141 3265261     cutoff  142      354042.045 320191.544  9.56%   3.9 2650s
 5424846 3269114 332755.455  110   61 354042.045 320192.491  9.56%   3.9 2655s
 5436737 3275525 353966.698  140   52 354042.045 320194.477  9.56%   3.9 2660s
 5444550 3280634     cutoff  113      354042.045 320195.654  9.56%   3.9 2665s
 5454262 3283464     cutoff  149      354042.045 320196.994  9.56%   3.9 2670s
 5466495 3289327 340726.451  187   52 354042.045 320199.256  9.56%   3.9 2675s
 5473903 3292011 335289.225  115   58 354042.045 320201.013  9.56%   3.9 2680s
 5484718 3297531 331992.874  105   64 354042.045 320202.730  9.56%   3.9 2685s
 5494375 3302866     cutoff  155      354042.045 320204.262  9.56%   3.9 2690s
 5499963 3303840     cutoff  199      354042.045 320204.714  9.56%   3.9 2695s
 5510115 3309520     cutoff  197      354042.045 320205.933  9.56%   3.9 2700s
 5520237 3314481     cutoff  147      354042.045 320207.362  9.56%   3.9 2705s
 5527653 3318433 350737.248  131   51 354042.045 320208.092  9.56%   3.9 2710s
 5537119 3322899 335471.052  111   59 354042.045 320209.655  9.56%   3.9 2715s
 5545180 3328783 346453.032  152   51 354042.045 320210.603  9.56%   3.9 2720s
 5556388 3334154 328474.491   92   64 354042.045 320212.171  9.56%   3.9 2725s
 5566803 3339468     cutoff  152      354042.045 320213.695  9.55%   3.9 2730s
 5574376 3343920 334164.756  131   59 354042.045 320214.612  9.55%   3.9 2735s
 5584468 3349103     cutoff  127      354042.045 320215.929  9.55%   3.9 2740s
 5591416 3353411     cutoff  166      354042.045 320217.133  9.55%   3.9 2745s
 5602508 3359092 337803.384  109   59 354042.045 320218.645  9.55%   3.9 2750s
 5613051 3364669 349811.109  142   50 354042.045 320220.585  9.55%   3.9 2756s
 5619321 3367608 350380.459  171   48 354042.045 320221.069  9.55%   3.9 2760s
 5629827 3372432 350040.306  158   53 354042.045 320223.025  9.55%   3.9 2765s
 5640031 3377943 343467.774  148   56 354042.045 320223.890  9.55%   3.9 2771s
 5646734 3381243 353082.466  180   50 354042.045 320225.218  9.55%   3.9 2775s
 5656283 3384718 351562.229  149   54 354042.045 320226.358  9.55%   3.9 2780s
 5665609 3387365 353577.172  153   48 354042.045 320227.852  9.55%   3.9 2785s
 5673727 3391237 335299.948  117   55 354042.045 320229.013  9.55%   3.9 2790s
 5687758 3400023     cutoff  170      354042.045 320231.147  9.55%   3.9 2795s
 5694797 3402985     cutoff  126      354042.045 320232.012  9.55%   3.9 2800s
 5705334 3407574 331299.772  108   60 354042.045 320233.574  9.55%   3.9 2805s
 5714762 3412855 350273.159  162   53 354042.045 320234.559  9.55%   3.9 2810s
 5721826 3416142     cutoff  127      354042.045 320235.832  9.55%   3.9 2815s
 5731652 3420672 354011.419  168   50 354042.045 320236.841  9.55%   3.9 2820s
 5742223 3426436 338144.753  153   55 354042.045 320238.930  9.55%   3.9 2825s
H5748659 3430297                    354042.04325 320239.798  9.55%   3.9 2829s
 5749177 3430381 353629.329  181   52 354042.043 320240.171  9.55%   3.9 2830s
 5759015 3436339     cutoff  159      354042.043 320241.207  9.55%   3.9 2835s
H5761505 3438767                    354041.99350 320241.287  9.55%   3.9 2836s
 5768349 3442447     cutoff  155      354041.993 320242.401  9.55%   3.9 2840s
 5779498 3447614 351950.074  143   50 354041.993 320243.380  9.55%   3.9 2845s
 5789117 3451024     cutoff  156      354041.993 320244.774  9.55%   3.9 2850s
 5795364 3454134 348498.281  134   54 354041.993 320246.176  9.55%   3.9 2855s
 5805352 3460547     cutoff  135      354041.993 320247.151  9.55%   3.9 2860s
 5813505 3465336     cutoff  127      354041.993 320248.073  9.55%   3.9 2865s
 5822061 3469198 325757.138   97   63 354041.993 320249.210  9.54%   3.9 2870s
 5831425 3472964     cutoff  140      354041.993 320251.663  9.54%   3.9 2875s
 5841150 3476647 332627.221  113   65 354041.993 320253.612  9.54%   3.9 2880s
 5848032 3479031     cutoff  188      354041.993 320254.488  9.54%   3.9 2885s
 5857860 3485178 350153.117  136   54 354041.993 320255.460  9.54%   3.9 2890s
 5866540 3488972 352266.574  152   51 354041.993 320257.045  9.54%   3.9 2895s
 5874468 3493068 351930.452  123   54 354041.993 320258.794  9.54%   3.9 2900s
 5884526 3497044     cutoff  141      354041.993 320260.167  9.54%   3.9 2905s
 5894490 3500404     cutoff  150      354041.993 320261.636  9.54%   3.9 2910s
 5902484 3505003 333635.031  119   58 354041.993 320262.861  9.54%   3.9 2915s
 5913040 3510694     cutoff  148      354041.993 320263.724  9.54%   3.9 2920s
 5922716 3514494 332265.884   94   63 354041.993 320265.073  9.54%   3.9 2925s
 5931104 3520610 338050.582  145   53 354041.993 320265.722  9.54%   3.9 2930s
 5941089 3526769 327452.843   91   64 354041.993 320266.744  9.54%   3.9 2935s
 5947777 3530258 329367.917  100   63 354041.993 320267.563  9.54%   3.9 2940s
 5957057 3534217     cutoff  152      354041.993 320268.847  9.54%   3.9 2945s
 5966823 3538383 327549.117   99   60 354041.993 320270.737  9.54%   3.9 2950s
 5973528 3542651 333189.296  117   59 354041.993 320271.776  9.54%   3.9 2955s
 5983857 3548762     cutoff  158      354041.993 320272.940  9.54%   3.9 2960s
 5992679 3554830 344699.270  171   50 354041.993 320273.678  9.54%   3.9 2965s
 6001537 3560239 348827.974  149   50 354041.993 320274.745  9.54%   3.9 2970s
 6011281 3565522 348596.222  174   50 354041.993 320275.201  9.54%   3.9 2975s
 6018481 3570304     cutoff  178      354041.993 320275.712  9.54%   3.9 2980s
 6028849 3574478 353275.897  138   54 354041.993 320277.652  9.54%   3.9 2985s
 6037432 3579631 342450.309  135   55 354041.993 320278.264  9.54%   3.9 2990s
 6046942 3584394     cutoff  171      354041.993 320279.731  9.54%   3.9 2995s
 6059348 3592229 332751.661  106   61 354041.993 320281.265  9.54%   3.9 3000s
 6066593 3596233     cutoff  175      354041.993 320282.351  9.54%   3.9 3005s
 6077044 3603684 345535.730  155   53 354041.993 320283.209  9.54%   3.9 3010s
 6085866 3609409 344845.150  124   57 354041.993 320284.522  9.53%   3.9 3015s
 6096066 3615394 334476.996  120   57 354041.993 320286.025  9.53%   3.9 3020s
 6104748 3621068 348714.358  128   59 354041.993 320287.358  9.53%   3.9 3025s
 6114683 3626871 328184.123   95   61 354041.993 320288.490  9.53%   3.9 3030s
 6121801 3631786 329523.263  101   59 354041.993 320289.185  9.53%   3.9 3035s
 6132201 3639202 353326.534  139   52 354041.993 320290.159  9.53%   3.9 3040s
 6139962 3645382 348108.993  169   47 354041.993 320290.584  9.53%   3.9 3045s
 6150091 3651234 347996.506  146   56 354041.993 320291.254  9.53%   3.9 3050s
 6157476 3655627 352999.838  171   51 354041.993 320291.444  9.53%   3.9 3055s
 6169369 3662588     cutoff  172      354041.993 320292.433  9.53%   3.9 3060s
 6179655 3667406 350618.994  134   55 354041.993 320293.601  9.53%   3.9 3065s
 6189349 3672308     cutoff  171      354041.993 320295.237  9.53%   3.9 3070s
 6198958 3675980 353494.841  162   52 354041.993 320297.046  9.53%   3.9 3075s
 6208486 3679981 326593.935  106   61 354041.993 320298.966  9.53%   3.9 3080s
 6215382 3683623 349559.062  160   46 354041.993 320299.494  9.53%   3.9 3085s
 6228924 3689670 341746.655  143   53 354041.993 320301.741  9.53%   3.9 3090s
 6239102 3692506     cutoff  110      354041.993 320303.754  9.53%   3.9 3095s
 6248872 3697020 338627.224  134   52 354041.993 320304.869  9.53%   3.9 3100s
 6258479 3701281     cutoff  143      354041.993 320306.759  9.53%   3.9 3105s
 6268627 3705566 351397.503  145   50 354041.993 320308.230  9.53%   3.9 3110s
 6279628 3712817 343612.575  142   58 354041.993 320309.657  9.53%   3.9 3115s
 6291437 3719394 341284.651  133   55 354041.993 320311.025  9.53%   3.9 3120s
 6304586 3726136 349176.833  157   50 354041.993 320312.175  9.53%   3.9 3125s
 6314508 3731368 327287.801   96   62 354041.993 320314.592  9.53%   3.9 3130s
 6325521 3737929 346110.835  171   50 354041.993 320315.098  9.53%   3.9 3135s
H6334437 3740620                    354041.93443 320316.119  9.53%   3.9 3140s
 6342293 3742379 345649.046  140   55 354041.934 320317.859  9.53%   3.9 3145s
 6349878 3746320 333678.835  119   57 354041.934 320318.179  9.53%   3.9 3150s
 6361308 3752683 352944.388  156   49 354041.934 320320.315  9.52%   3.9 3155s
 6370682 3757019 334226.312  113   55 354041.934 320321.642  9.52%   3.9 3161s
 6378909 3762347 348194.317  168   58 354041.934 320322.227  9.52%   3.9 3165s
 6388421 3769189 349660.687  159   47 354041.934 320322.765  9.52%   3.9 3171s
 6396588 3774037 337122.672  115   59 354041.934 320323.513  9.52%   3.9 3175s
 6406299 3778180 332974.777  116   56 354041.934 320325.082  9.52%   3.9 3180s
 6413004 3782249 354027.724  189   53 354041.934 320325.832  9.52%   3.9 3185s
 6425358 3787940 350809.743  154   54 354041.934 320327.736  9.52%   3.9 3190s
 6435055 3791156 351197.854  132   54 354041.934 320330.044  9.52%   3.9 3195s
 6444282 3794597 351264.396  202   45 354041.934 320331.306  9.52%   3.9 3201s
 6452124 3799868 328250.415   96   60 354041.934 320332.113  9.52%   3.9 3205s
 6462336 3804941 352110.338  165   53 354041.934 320333.340  9.52%   3.9 3210s
 6469467 3809058 343263.860  122   59 354041.934 320334.134  9.52%   3.9 3215s
 6478562 3812793     cutoff  163      354041.934 320335.282  9.52%   3.9 3220s
 6488946 3818405 334840.513  111   62 354041.934 320336.471  9.52%   3.9 3225s
 6496050 3824174     cutoff  136      354041.934 320336.822  9.52%   3.9 3230s
 6505283 3828854 348145.993  185   49 354041.934 320338.043  9.52%   3.9 3235s
 6514215 3833042 349185.240  129   53 354041.934 320338.826  9.52%   3.9 3240s
 6523866 3839466     cutoff  183      354041.934 320339.827  9.52%   3.9 3245s
H6524919 3839646                    354041.78999 320339.874  9.52%   3.9 3246s
 6531530 3842782     cutoff  157      354041.790 320341.313  9.52%   3.9 3250s
H6537583 3846927                    354041.73915 320341.608  9.52%   3.9 3255s
H6537601 3846927                    354041.44098 320341.608  9.52%   3.9 3255s
 6547495 3853690 348715.606  170   48 354041.441 320342.834  9.52%   3.9 3260s
 6553867 3857448 349577.492  155   50 354041.441 320343.137  9.52%   3.9 3265s
 6563889 3862404     cutoff  168      354041.441 320344.354  9.52%   3.9 3270s
 6573720 3866412 352801.148  135   51 354041.441 320346.010  9.52%   3.9 3275s
 6581853 3870449 331277.652  105   64 354041.441 320346.722  9.52%   3.9 3280s
 6591028 3875881 351412.669  139   52 354041.441 320347.302  9.52%   3.9 3285s
 6600236 3880183 340958.996  117   56 354041.441 320347.984  9.52%   3.9 3290s
 6607157 3883316 350920.816  163   47 354041.441 320348.997  9.52%   4.0 3295s
 6615669 3886259 352734.768  137   54 354041.441 320350.124  9.52%   4.0 3300s
 6628280 3891339 351471.079  123   57 354041.441 320351.876  9.52%   4.0 3305s
H6637476 3896538                    354041.28088 320352.500  9.52%   4.0 3310s
 6643576 3900034 333976.080  105   60 354041.281 320353.266  9.52%   4.0 3315s
 6653991 3905426 352475.500  123   56 354041.281 320354.885  9.51%   4.0 3320s
 6662234 3909706 327592.072  100   64 354041.281 320356.268  9.51%   4.0 3325s
H6665857 3912653                    354041.21946 320356.268  9.51%   4.0 3326s
 6671344 3915548 330425.085   99   65 354041.219 320357.052  9.51%   4.0 3330s
 6680560 3920176 334145.057  108   64 354041.219 320358.517  9.51%   4.0 3335s
 6688363 3924670 328860.095  101   63 354041.219 320359.219  9.51%   4.0 3340s
 6698908 3931125 325145.430   94   62 354041.219 320360.983  9.51%   4.0 3345s
 6707755 3935748 343194.448  130   59 354041.219 320362.572  9.51%   4.0 3350s
 6716627 3939820 353093.046  145   52 354041.219 320364.611  9.51%   4.0 3355s
 6726176 3943695 351143.951  172   54 354041.219 320365.714  9.51%   4.0 3360s
 6734526 3949768 349092.385  157   50 354041.219 320366.440  9.51%   4.0 3365s
H6739535 3952240                    354041.03619 320367.267  9.51%   4.0 3367s
 6743310 3954025     cutoff  140      354041.036 320367.902  9.51%   4.0 3370s
 6753277 3959174 351550.320  158   53 354041.036 320368.701  9.51%   4.0 3376s
 6761089 3962219 341766.392  155   53 354041.036 320369.739  9.51%   4.0 3380s
 6770998 3967008 328218.537   96   59 354041.036 320370.918  9.51%   4.0 3385s
 6780469 3972538 328145.521  118   58 354041.036 320371.703  9.51%   4.0 3390s
 6789829 3978611 337678.724  105   62 354041.036 320372.210  9.51%   4.0 3395s
 6801001 3983060 349743.748  136   53 354041.036 320374.049  9.51%   4.0 3400s
 6809583 3988548 343772.175  133   53 354041.036 320375.362  9.51%   4.0 3405s
 6818276 3991813     cutoff  190      354041.036 320376.279  9.51%   4.0 3410s
 6828479 3996968 350995.703  161   50 354041.036 320378.010  9.51%   4.0 3415s
 6835075 3998321 330146.983  104   63 354041.036 320379.433  9.51%   4.0 3420s
 6845240 4003892     cutoff  166      354041.036 320380.830  9.51%   4.0 3425s
 6855081 4008467 349506.807  159   48 354041.036 320381.623  9.51%   4.0 3430s
 6862681 4011545 342086.949  126   51 354041.036 320382.772  9.51%   4.0 3435s
 6873383 4017779 341836.160  145   52 354041.036 320384.740  9.51%   4.0 3440s
 6882383 4020204     cutoff  158      354041.036 320385.977  9.51%   4.0 3445s
 6891513 4022557     cutoff  156      354041.036 320388.144  9.51%   4.0 3450s
 6900335 4027183 353215.364  144   48 354041.036 320389.003  9.51%   4.0 3455s
 6909743 4032139 336759.802  120   55 354041.036 320390.414  9.50%   4.0 3460s
 6919168 4037359 329772.905   94   58 354041.036 320392.207  9.50%   4.0 3465s
 6930562 4045610     cutoff  189      354041.036 320393.224  9.50%   4.0 3470s
 6938149 4049246     cutoff  155      354041.036 320394.297  9.50%   4.0 3475s
 6948909 4053463 334709.193  125   58 354041.036 320396.182  9.50%   4.0 3480s
H6953289 4055976                    354040.90032 320396.530  9.50%   4.0 3482s
 6958732 4058433 326622.583  104   62 354040.900 320397.245  9.50%   4.0 3485s
 6967524 4063782 340180.829  131   51 354040.900 320397.702  9.50%   4.0 3490s
 6978444 4070051 350257.867  131   54 354040.900 320399.471  9.50%   4.0 3495s
 6987210 4074367 340347.259  136   61 354040.900 320400.761  9.50%   4.0 3500s
 6995333 4077732     cutoff  135      354040.900 320401.464  9.50%   4.0 3505s
 7004590 4082629 352494.347  127   55 354040.900 320402.757  9.50%   4.0 3510s
 7014632 4085255 353246.209  181   49 354040.900 320404.156  9.50%   4.0 3515s
 7021886 4089469 344654.261  154   52 354040.900 320404.888  9.50%   4.0 3520s
 7031122 4091856 341055.750  121   57 354040.900 320407.051  9.50%   4.0 3525s
 7041902 4096479 343842.320  118   58 354040.900 320408.376  9.50%   4.0 3530s
 7049386 4100557 353299.267  145   53 354040.900 320409.217  9.50%   4.0 3535s
 7058858 4105699 336312.205  116   55 354040.900 320410.359  9.50%   4.0 3540s
 7067950 4109205     cutoff  147      354040.900 320411.420  9.50%   4.0 3545s
 7076420 4114528 333529.570  112   61 354040.900 320412.083  9.50%   4.0 3550s
 7086380 4119580 353823.046  129   50 354040.900 320413.460  9.50%   4.0 3555s
 7094345 4124696 336734.248  130   54 354040.900 320414.716  9.50%   4.0 3560s
 7103668 4129654     cutoff  196      354040.900 320415.782  9.50%   4.0 3565s
 7114790 4136162     cutoff  153      354040.900 320417.354  9.50%   4.0 3570s
 7122994 4140017 333189.132  110   60 354040.900 320418.165  9.50%   4.0 3575s
 7132813 4144829 353684.873  111   49 354040.900 320419.957  9.50%   4.0 3580s
 7142115 4150179 353157.421  160   54 354040.900 320421.039  9.50%   4.0 3586s
 7149406 4153435 351347.937  142   50 354040.900 320422.520  9.50%   4.0 3590s
 7158497 4157628 333549.095   98   64 354040.900 320424.757  9.49%   4.0 3595s
 7168181 4162132 334868.410  117   60 354040.900 320426.150  9.49%   4.0 3600s

Cutting planes:
  RLT: 24

Explored 7168432 nodes (28577171 simplex iterations) in 3600.06 seconds (1907.99 work units)
Thread count was 2 (of 24 available processors)

Solution count 10: 354041 354041 354041 ... 354042

Time limit reached
Best objective 3.540409003189e+05, best bound 3.204261495633e+05, gap 9.4946%
