
Gurobi 11.0.3 (linux64, Java) logging started sex 29 nov 2024 17:26:26 -03

Set parameter Username
Academic license - for non-commercial use only - expires 2025-10-10
Set parameter NonConvex to value 2
Set parameter TimeLimit to value 3600
Set parameter LogToConsole to value 0
Set parameter MIPGap to value 2.5029985070196468e-07
Set parameter Threads to value 2
Set parameter NodefileDir to value "/home/ps12398/experiment_epec/goalProgrammingMarcos/"
Set parameter NodefileStart to value 1
Gurobi Optimizer version 11.0.3 build v11.0.3rc0 (linux64)

CPU model: Intel(R) Xeon(R) CPU           X5650  @ 2.67GHz, instruction set [SSE2]
Thread count: 12 physical cores, 24 logical processors, using up to 2 threads

Optimize a model with 58003 rows, 39068 columns and 204825 nonzeros
Model fingerprint: 0x2d6c1a2a
Model has 144 quadratic constraints
Variable types: 19466 continuous, 19602 integer (139 binary)
Coefficient statistics:
  Matrix range     [7e-03, 6e+05]
  QMatrix range    [7e-03, 2e+04]
  QLMatrix range   [1e+00, 2e+04]
  Objective range  [2e+00, 8e+06]
  Bounds range     [1e+00, 1e+08]
  RHS range        [1e+00, 5e+05]
Presolve removed 57813 rows and 38465 columns
Presolve time: 0.11s
Presolved: 637 rows, 749 columns, 6578 nonzeros
Presolved model has 2 SOS constraint(s)
Presolved model has 139 bilinear constraint(s)

Solving non-convex MIQCP

Variable types: 427 continuous, 322 integer (141 binary)
Found heuristic solution: objective 1286925.3963

Root relaxation: objective 9.712410e+05, 69 iterations, 0.00 seconds (0.00 work units)

    Nodes    |    Current Node    |     Objective Bounds      |     Work
 Expl Unexpl |  Obj  Depth IntInf | Incumbent    BestBd   Gap | It/Node Time

     0     0 971240.998    0   68 1286925.40 971240.998  24.5%     -    0s
     0     0 1081022.17    0   68 1286925.40 1081022.17  16.0%     -    0s
H    0     0                    1275284.9818 1081022.17  15.2%     -    0s
     0     0 1083743.55    0   68 1275284.98 1083743.55  15.0%     -    0s
H    0     0                    1210296.3984 1083743.55  10.5%     -    0s
     0     0 1083807.72    0   68 1210296.40 1083807.72  10.5%     -    0s
H    0     0                    1210296.3960 1083824.15  10.4%     -    0s
     0     2 1083824.15    0   68 1210296.40 1083824.15  10.4%     -    0s
H    3     6                    1207084.8430 1083874.38  10.2%   1.0    0s
H   29    36                    1207071.3061 1084368.29  10.2%   0.9    0s
H  213   244                    1181960.8114 1084368.29  8.26%   1.1    0s
H 2857  1916                    1181709.3589 1126779.64  4.65%   2.8    4s
  2864  2123 1163435.21  154   52 1181709.36 1126779.64  4.65%   2.8    5s
H 2991  2006                    1180196.8215 1126779.64  4.53%   2.9    5s
H 2994  1976                    1180150.2974 1126779.64  4.52%   2.9    5s
* 3117  2190             229    1180150.2873 1127258.76  4.48%   2.8    5s
H 4139  3153                    1180106.9403 1127468.89  4.46%   2.8    5s
H 4762  3673                    1180056.4113 1127468.89  4.46%   2.8    5s
* 5824  4630             202    1180005.2782 1127491.12  4.45%   2.9    6s
* 6962  5509             203    1180000.0640 1127518.55  4.45%   2.8    6s
* 6966  5507             205    1179995.5624 1127518.55  4.45%   2.8    6s
* 6967  5507             205    1179995.1381 1127518.55  4.45%   2.8    6s
H 8323  6712                    1179982.4459 1127555.33  4.44%   2.8    7s
H 9898  8023                    1179638.9728 1127671.75  4.41%   2.7    7s
H11126  8978                    1179636.6662 1127711.40  4.40%   2.8    8s
H11257  8978                    1179636.5137 1127711.40  4.40%   2.8    8s
H12448 10151                    1179590.0300 1127768.47  4.39%   2.8    8s
*12795 10148             273    1178364.2843 1127805.92  4.29%   2.8    8s
H13125 10278                    1178357.8800 1127807.92  4.29%   2.8    8s
*13831 10817             251    1178244.3745 1127814.93  4.28%   2.8    9s
H14900 11777                    1178243.1549 1127857.70  4.28%   2.8    9s
H15014 11777                    1178242.0268 1127860.80  4.28%   2.8    9s
 15146 11865 1176307.17  153   44 1178242.03 1127883.51  4.27%   2.8   10s
H16262 12876                    1178235.0989 1127928.56  4.27%   2.8   10s
*16543 12993             240    1177913.9258 1127943.42  4.24%   2.8   10s
*16549 12993             239    1177910.1907 1127943.42  4.24%   2.8   10s
H17706 13862                    1177893.9718 1127990.43  4.24%   2.8   11s
*18437 14272             225    1177804.9560 1128031.72  4.23%   2.7   11s
H19439 15323                    1177803.2518 1128037.02  4.23%   2.8   11s
*20573 16063             232    1177684.1936 1128228.86  4.20%   2.8   11s
*24946 19551             233    1177682.8838 1128363.87  4.19%   2.8   13s
*25046 19677             234    1177682.1043 1128367.06  4.19%   2.8   13s
*25053 19664             230    1177654.2159 1128367.06  4.19%   2.8   13s
H26326 20728                    1177639.9175 1128445.91  4.18%   2.8   13s
*26358 20693             268    1177593.9898 1128467.65  4.17%   2.8   13s
*26365 20655             268    1177449.8591 1128467.65  4.16%   2.8   13s
*29173 22780             285    1177224.0435 1128633.74  4.13%   2.8   14s
 29335 22986 1135766.32   72   63 1177224.04 1128633.74  4.13%   2.8   15s
H30241 23678                    1177210.9309 1128667.53  4.12%   2.8   15s
H31366 24497                    1177186.6667 1128757.27  4.11%   2.8   15s
H32460 25401                    1177170.6268 1128823.09  4.11%   2.8   16s
H33630 26350                    1177138.3587 1128845.47  4.10%   2.8   16s
H34671 27205                    1177135.1424 1128918.54  4.10%   2.8   16s
 43372 34202 1150366.90  107   55 1177135.14 1129303.25  4.06%   2.8   20s
H47578 37430                    1177135.0252 1129476.34  4.05%   2.8   21s
H47580 37357                    1177002.9820 1129476.34  4.04%   2.8   21s
H47593 37413                    1177002.6877 1129476.34  4.04%   2.8   21s
H47615 37403                    1176985.5644 1129476.34  4.04%   2.8   21s
H47999 37777                    1176957.5495 1129483.66  4.03%   2.8   21s
H53922 42423                    1176946.3565 1129573.97  4.03%   2.8   24s
*54357 42719             253    1176908.1740 1129600.13  4.02%   2.8   24s
*54362 42717             255    1176905.6279 1129600.13  4.02%   2.8   24s
*54363 42716             252    1176898.9963 1129600.13  4.02%   2.8   24s
 56553 44466 1158630.97  111   57 1176899.00 1129638.13  4.02%   2.8   25s
 70244 55586 1132927.85   79   66 1176899.00 1129847.65  4.00%   2.8   30s
 83972 66613 1131767.99   75   66 1176899.00 1130110.56  3.98%   2.8   35s
*91378 72746             231    1176893.0488 1130216.09  3.97%   2.8   37s
*91394 72739             232    1176882.1361 1130216.09  3.97%   2.8   37s
*91410 72737             233    1176879.1247 1130216.09  3.96%   2.8   37s
*91426 72735             234    1176878.7259 1130216.09  3.96%   2.8   37s
*91442 72735             235    1176878.5519 1130216.09  3.96%   2.8   37s
 96910 77239 1137928.90   81   65 1176878.55 1130283.67  3.96%   2.8   40s
H99186 78759                    1176877.7274 1130308.71  3.96%   2.8   40s
 110182 87677 1171617.09  159   48 1176877.73 1130466.98  3.94%   2.8   45s
 122944 98185 1158725.20  151   51 1176877.73 1130561.23  3.94%   2.8   50s
 136432 108717 1137316.50   89   63 1176877.73 1130685.72  3.92%   2.8   55s
H139709 111380                    1176869.2899 1130703.84  3.92%   2.8   56s
H140210 111824                    1176867.9566 1130710.27  3.92%   2.8   56s
H141400 112696                    1176865.6561 1130726.13  3.92%   2.8   57s
 148550 118386 1142597.24  109   61 1176865.66 1130799.09  3.91%   2.8   60s
 161647 128594 1156537.97  108   55 1176865.66 1130885.34  3.91%   2.8   65s
 175367 139357 1147141.25  105   59 1176865.66 1130980.72  3.90%   2.8   70s
 187811 150053 1145746.85  103   59 1176865.66 1131051.94  3.89%   2.8   75s
 200780 160556 1134650.61   75   65 1176865.66 1131121.67  3.89%   2.8   80s
*205380 163740             258    1176680.6319 1131147.67  3.87%   2.8   81s
 213532 170092 1172812.75  152   51 1176680.63 1131193.25  3.87%   2.8   85s
 227174 181250 1171654.71  129   50 1176680.63 1131258.94  3.86%   2.8   90s
 240907 192266 1158453.90  134   61 1176680.63 1131335.11  3.85%   2.8   95s
 255610 204342 1166325.63  145   50 1176680.63 1131396.30  3.85%   2.8  100s
 269489 215507 1139188.35   82   62 1176680.63 1131453.37  3.84%   2.8  105s
H281588 224756                    1176679.4482 1131494.80  3.84%   2.8  109s
H281625 224758                    1176679.4156 1131494.80  3.84%   2.8  109s
 283079 226140 1166175.95  175   59 1176679.42 1131500.09  3.84%   2.8  110s
 296171 236804     cutoff  146      1176679.42 1131542.76  3.84%   2.8  115s
 309534 247412 1169377.87  134   47 1176679.42 1131593.17  3.83%   2.8  120s
 322349 257524 1167212.75  109   55 1176679.42 1131633.00  3.83%   2.8  125s
 335420 267876 1142348.88   90   58 1176679.42 1131667.51  3.83%   2.8  130s
 348557 278391 1133242.09   75   63 1176679.42 1131695.68  3.82%   2.8  135s
 361036 288723 1147376.23  112   54 1176679.42 1131729.47  3.82%   2.8  140s
 374349 299328 1155762.89  121   61 1176679.42 1131768.70  3.82%   2.8  145s
 387451 309777 1141364.79   96   61 1176679.42 1131804.94  3.81%   2.8  150s
 399529 319439 1136940.31   82   63 1176679.42 1131837.78  3.81%   2.8  155s
 412569 329716 1176283.02  177   42 1176679.42 1131867.36  3.81%   2.8  160s
 425746 340503 1133779.65   76   66 1176679.42 1131900.38  3.81%   2.8  165s
 437620 350045 1175525.64  148   48 1176679.42 1131926.54  3.80%   2.8  170s
 450908 360591 1173514.34  151   49 1176679.42 1131966.10  3.80%   2.8  175s
 464441 371540 1134918.05   88   66 1176679.42 1131997.63  3.80%   2.8  180s
 477467 382076 1137541.00   88   62 1176679.42 1132025.56  3.79%   2.8  185s
 490526 392406 1165660.25  124   56 1176679.42 1132055.26  3.79%   2.8  190s
 502862 402463 1139725.66  104   62 1176679.42 1132077.90  3.79%   2.8  195s
 516285 413188 1159795.50  121   54 1176679.42 1132109.39  3.79%   2.8  200s
 529267 423765 1171888.11  147   50 1176679.42 1132130.81  3.79%   2.8  205s
 542132 434129 1166790.71  166   57 1176679.42 1132149.81  3.78%   2.8  210s
 555841 445242 1170348.25  164   47 1176679.42 1132166.98  3.78%   2.8  215s
 569290 455569 1138443.69   79   64 1176679.42 1132194.69  3.78%   2.8  220s
 582468 466122 1176044.89  160   48 1176679.42 1132216.68  3.78%   2.8  225s
 594949 476130 1142333.28   94   60 1176679.42 1132238.29  3.78%   2.8  230s
 607876 486382 1174827.48  144   52 1176679.42 1132257.82  3.78%   2.8  235s
 620899 496549 1158183.12  130   56 1176679.42 1132282.13  3.77%   2.8  240s
 634143 507139 1157174.57  125   57 1176679.42 1132301.59  3.77%   2.8  245s
 647390 517535 1166245.96  128   57 1176679.42 1132319.88  3.77%   2.8  250s
 660717 528391 1140910.73   88   61 1176679.42 1132339.72  3.77%   2.8  255s
 673700 538547 1147126.17  109   62 1176679.42 1132359.87  3.77%   2.8  260s
 686789 548925 1139919.41   99   61 1176679.42 1132380.64  3.76%   2.8  265s
 700195 559311     cutoff  142      1176679.42 1132403.89  3.76%   2.8  270s
 712177 568999 1168202.95  132   46 1176679.42 1132421.98  3.76%   2.8  275s
 725355 579398 1139956.18   88   63 1176679.42 1132437.22  3.76%   2.8  280s
 738122 589359 1145097.77  106   60 1176679.42 1132456.64  3.76%   2.8  285s
 750561 599795 1147084.11   91   59 1176679.42 1132470.80  3.76%   2.8  290s
 763721 610087 1136004.58   88   61 1176679.42 1132488.84  3.76%   2.8  295s
 777541 621249 1172083.88  204   48 1176679.42 1132505.51  3.75%   2.8  300s
 789405 630559 1158951.46  105   59 1176679.42 1132518.12  3.75%   2.8  305s
 802344 640834 1176485.33  155   49 1176679.42 1132531.40  3.75%   2.8  310s
 815512 651391 1146966.61  115   56 1176679.42 1132546.50  3.75%   2.8  315s
 826957 660688 1144650.56  124   59 1176679.42 1132561.00  3.75%   2.8  320s
 839744 670735 1143506.59  106   60 1176679.42 1132575.08  3.75%   2.8  325s
 852942 681392 1141107.22  120   62 1176679.42 1132590.16  3.75%   2.8  330s
H864131 689957                    1176676.4833 1132604.36  3.75%   2.8  334s
 865357 691219 1153747.05  139   54 1176676.48 1132605.80  3.75%   2.8  335s
 877337 701007 1164147.10  146   49 1176676.48 1132617.97  3.74%   2.8  340s
 890597 711410     cutoff  141      1176676.48 1132629.59  3.74%   2.8  345s
 903942 721636 1137956.17   84   60 1176676.48 1132639.76  3.74%   2.8  350s
 917525 732028 1174404.92  140   47 1176676.48 1132652.84  3.74%   2.8  355s
 930582 742474 1140494.11  117   62 1176676.48 1132665.23  3.74%   2.8  360s
H942123 751397                    1176674.7435 1132677.92  3.74%   2.8  364s
 942363 751398     cutoff  157      1176674.74 1132677.98  3.74%   2.8  365s
H943078 752022                    1176674.7367 1132678.57  3.74%   2.8  365s
H946743 754893                    1176674.6884 1132682.13  3.74%   2.8  366s
 954927 761684 1169240.73  168   60 1176674.69 1132688.66  3.74%   2.8  370s
 968066 771994 1145138.74   84   61 1176674.69 1132702.72  3.74%   2.8  375s
 981239 782582 1144529.90  106   62 1176674.69 1132715.24  3.74%   2.8  380s
H991099 790037                    1176674.6387 1132722.28  3.74%   2.8  384s
 992703 791371     cutoff  153      1176674.64 1132724.04  3.74%   2.8  385s
 1004920 801114 1136374.20   97   62 1176674.64 1132734.66  3.73%   2.8  390s
 1018814 811996 1167998.98  155   49 1176674.64 1132747.89  3.73%   2.8  395s
 1032379 822428 1174438.38  178   44 1176674.64 1132760.74  3.73%   2.8  400s
 1048255 835060 1173105.52  184   60 1176674.64 1132777.45  3.73%   2.8  405s
 1061724 846038 1153855.43  126   57 1176674.64 1132788.79  3.73%   2.8  410s
 1074201 855833 1167988.81  160   58 1176674.64 1132797.43  3.73%   2.8  415s
 1093098 870816 1164027.01  122   53 1176674.64 1132813.10  3.73%   2.8  420s
 1112921 886257 1174391.37  193   45 1176674.64 1132830.74  3.73%   2.8  425s
 1131792 901136 1137198.98   78   62 1176674.64 1132847.27  3.72%   2.8  430s
 1145541 911719 1156924.88  109   55 1176674.64 1132860.34  3.72%   2.8  435s
 1158735 922235 1176431.60  164   46 1176674.64 1132869.27  3.72%   2.8  440s
 1171430 932237 1156328.47  100   56 1176674.64 1132878.60  3.72%   2.8  445s
 1184523 942198 1135918.97   83   63 1176674.64 1132891.15  3.72%   2.8  450s
 1198106 953120 1133111.76  101   65 1176674.64 1132902.57  3.72%   2.8  455s
 1215357 966919 1166281.18  137   46 1176674.64 1132914.09  3.72%   2.8  460s
 1228211 977389 1166556.22  158   48 1176674.64 1132924.18  3.72%   2.8  465s
 1241551 987621 1166164.64  182   57 1176674.64 1132934.16  3.72%   2.8  470s
 1253699 997456 1148679.75  109   61 1176674.64 1132943.39  3.72%   2.8  475s
 1266735 1007694 1176251.84  167   52 1176674.64 1132952.15  3.72%   2.8  480s
 1279903 1018351     cutoff  173      1176674.64 1132961.46  3.71%   2.8  485s
 1291573 1027595 1163427.38  147   59 1176674.64 1132968.03  3.71%   2.8  490s
H1302933 1036685                    1176674.5826 1132976.06  3.71%   2.8  494s
 1303822 1037412 1159597.71  122   56 1176674.58 1132976.97  3.71%   2.8  495s
 1316851 1047754 1160505.89  107   60 1176674.58 1132985.97  3.71%   2.8  500s
 1329835 1057967 1171409.81  147   52 1176674.58 1132994.36  3.71%   2.8  505s
 1343291 1068341 1166442.75  154   50 1176674.58 1133004.58  3.71%   2.8  510s
 1355876 1078501 1170986.69  143   47 1176674.58 1133012.80  3.71%   2.8  515s
 1369035 1089252 1168108.01  115   51 1176674.58 1133020.10  3.71%   2.8  520s
 1383337 1100628 1136172.57   85   63 1176674.58 1133030.76  3.71%   2.8  525s
H1394021 1108980                    1176674.2606 1133036.68  3.71%   2.8  529s
H1394271 1109189                    1176674.0664 1133036.84  3.71%   2.8  529s
 1394524 1109407 1173518.88  187   48 1176674.07 1133037.08  3.71%   2.8  530s
H1398514 1112344                    1176674.0452 1133039.41  3.71%   2.8  531s
 1409105 1120532 1134645.12   73   64 1176674.05 1133045.82  3.71%   2.8  535s
 1428900 1135915 1151453.79  130   62 1176674.05 1133057.79  3.71%   2.8  540s
 1448553 1151724 1153273.58  113   54 1176674.05 1133070.75  3.71%   2.8  545s
 1463412 1163777 1145970.23   98   60 1176674.05 1133078.73  3.70%   2.8  550s
 1476983 1174287 1176550.35  148   48 1176674.05 1133087.22  3.70%   2.8  555s
 1489794 1184365     cutoff  140      1176674.05 1133093.99  3.70%   2.8  560s
 1502634 1194700 1176614.38  223   44 1176674.05 1133100.67  3.70%   2.8  565s
 1515709 1205134 1175763.16  212   49 1176674.05 1133107.91  3.70%   2.8  570s
 1527672 1214300 1174296.32  186   53 1176674.05 1133114.34  3.70%   2.8  575s
 1540492 1224251 1137853.12   99   62 1176674.05 1133122.39  3.70%   2.8  580s
 1553623 1234383 1140689.65   83   62 1176674.05 1133130.21  3.70%   2.8  585s
 1566524 1244436 1175744.85  189   48 1176674.05 1133137.33  3.70%   2.8  590s
 1578945 1253844     cutoff  138      1176674.05 1133144.68  3.70%   2.8  595s
 1592155 1264041 1141626.60   85   60 1176674.05 1133151.29  3.70%   2.8  600s
 1605193 1274445 1167231.91  145   58 1176674.05 1133159.18  3.70%   2.8  605s
 1618554 1284652     cutoff  140      1176674.05 1133167.77  3.70%   2.8  610s
 1631568 1294855 1168301.96  165   48 1176674.05 1133173.86  3.70%   2.8  615s
 1643404 1303869 1142027.45  103   61 1176674.05 1133180.03  3.70%   2.8  620s
Created node file directory '/home/ps12398/experiment_epec/goalProgrammingMarcos//grbnodes3'
 1649818 1307683 1160826.67  166   54 1176674.05 1133180.88  3.70%   2.8  625s
 1661040 1314917 1157126.33  127   53 1176674.05 1133182.47  3.70%   2.8  630s
 1672050 1320280 1139231.71   94   62 1176674.05 1133184.04  3.70%   2.8  635s
 1678071 1324236     cutoff  179      1176674.05 1133184.69  3.70%   2.8  640s
 1689186 1331653 1166631.34  165   49 1176674.05 1133186.19  3.70%   2.8  645s
 1698778 1334938     cutoff  124      1176674.05 1133188.05  3.70%   2.8  650s
 1709341 1340425     cutoff  191      1176674.05 1133189.83  3.70%   2.8  655s
 1716285 1344285 1162277.37  108   53 1176674.05 1133190.40  3.70%   2.8  660s
 1726842 1347809 1150399.90  146   55 1176674.05 1133191.89  3.70%   2.8  665s
 1737692 1351933 1143441.06   92   60 1176674.05 1133193.36  3.70%   2.8  670s
 1748597 1357850 1142159.18  111   56 1176674.05 1133194.35  3.70%   2.8  675s
 1754486 1363247 1171135.67  179   43 1176674.05 1133194.35  3.70%   2.9  680s
 1765112 1368605 1155208.23  125   56 1176674.05 1133196.31  3.69%   2.9  685s
 1774603 1375266 1169963.92  176   45 1176674.05 1133196.87  3.69%   2.9  691s
 1783323 1380956 1168228.11  153   43 1176674.05 1133197.86  3.69%   2.9  695s
 1793183 1385787 1138091.40  105   59 1176674.05 1133199.56  3.69%   2.9  700s
H1798298 1390113                    1176667.8009 1133199.57  3.69%   2.9  701s
H1799030 1390332                    1176667.5605 1133199.62  3.69%   2.9  702s
H1799177 1390363                    1176665.9694 1133199.74  3.69%   2.9  702s
 1803754 1392803 1156066.17  151   53 1176665.97 1133199.85  3.69%   2.9  705s
H1806493 1394521                    1176653.7205 1133200.30  3.69%   2.9  709s
 1808702 1396058     cutoff  121      1176653.72 1133200.32  3.69%   2.9  710s
H1810299 1397118                    1176653.6986 1133200.34  3.69%   2.9  710s
H1810473 1397118                    1176653.5790 1133200.34  3.69%   2.9  711s
H1816206 1399799                    1176653.5541 1133200.59  3.69%   2.9  714s
 1818598 1401390 1163981.33  141   50 1176653.55 1133200.59  3.69%   2.9  715s
 1829580 1408891 1173355.10  130   47 1176653.55 1133201.73  3.69%   2.9  720s
 1836473 1412745     cutoff  163      1176653.55 1133202.28  3.69%   2.9  725s
 1847183 1419496     cutoff  143      1176653.55 1133203.16  3.69%   2.9  730s
 1858622 1426381 1174316.90  118   49 1176653.55 1133204.15  3.69%   2.9  735s
 1865012 1430086     cutoff  159      1176653.55 1133204.41  3.69%   2.9  740s
 1875204 1436611 1135257.85   85   65 1176653.55 1133205.18  3.69%   2.9  745s
 1885690 1444673 1164970.90  187   48 1176653.55 1133205.53  3.69%   2.9  751s
 1894030 1448643 1175366.75  141   49 1176653.55 1133206.41  3.69%   2.9  755s
 1904469 1453801 1148849.65  146   55 1176653.55 1133207.67  3.69%   2.9  760s
H1906155 1454673                    1176653.5471 1133207.67  3.69%   2.9  761s
H1907784 1455358                    1176650.4898 1133208.01  3.69%   2.9  762s
 1914482 1460806 1173626.83  155   43 1176650.49 1133208.51  3.69%   2.9  766s
 1923330 1467137 1169973.64  121   49 1176650.49 1133208.85  3.69%   2.9  770s
 1935151 1473941 1163024.87  149   49 1176650.49 1133210.43  3.69%   2.9  775s
 1942526 1478504 1138540.22   88   62 1176650.49 1133210.98  3.69%   2.9  780s
H1950067 1483044                    1176650.4028 1133211.91  3.69%   2.9  783s
 1952697 1485090 1162678.11  165   52 1176650.40 1133211.91  3.69%   2.9  785s
 1962833 1490397 1176166.07  166   51 1176650.40 1133212.65  3.69%   2.9  790s
 1969582 1495357 1145771.88   87   61 1176650.40 1133213.35  3.69%   3.0  795s
 1980686 1502041 1160373.47  148   51 1176650.40 1133213.85  3.69%   3.0  800s
 1991934 1508562 1176578.57  165   44 1176650.40 1133214.88  3.69%   3.0  805s
 1999229 1514522     cutoff  148      1176650.40 1133215.03  3.69%   3.0  810s
 2010131 1520073 1172134.85  153   50 1176650.40 1133215.99  3.69%   3.0  815s
 2018254 1524754     cutoff  145      1176650.40 1133216.71  3.69%   3.0  820s
 2027257 1529028 1140746.71   94   59 1176650.40 1133217.93  3.69%   3.0  825s
 2038087 1534238 1171700.32  184   46 1176650.40 1133218.82  3.69%   3.0  830s
 2048760 1540864 1155569.17  145   55 1176650.40 1133220.30  3.69%   3.0  836s
 2056161 1543597     cutoff  161      1176650.40 1133221.86  3.69%   3.0  840s
 2067782 1550468 1175577.10  142   48 1176650.40 1133223.19  3.69%   3.0  845s
 2078363 1555566 1135843.64   80   63 1176650.40 1133224.78  3.69%   3.0  850s
 2086180 1556977     cutoff  134      1176650.40 1133226.35  3.69%   3.0  855s
 2099145 1566249 1161955.00  152   51 1176650.40 1133227.18  3.69%   3.0  860s
 2110978 1572941 1137858.54  113   58 1176650.40 1133228.60  3.69%   3.0  865s
 2118451 1576103 1163919.45  189   57 1176650.40 1133229.60  3.69%   3.0  870s
 2128374 1580470 1175196.86  134   49 1176650.40 1133230.82  3.69%   3.0  875s
 2139573 1586630 1142226.56   89   62 1176650.40 1133231.76  3.69%   3.0  880s
 2146022 1590699 1173268.84  154   47 1176650.40 1133232.10  3.69%   3.0  885s
 2157534 1596879     cutoff  149      1176650.40 1133233.28  3.69%   3.0  890s
 2168118 1602960 1158735.93  151   53 1176650.40 1133234.50  3.69%   3.0  895s
 2174867 1606719     cutoff  132      1176650.40 1133234.90  3.69%   3.0  900s
 2185588 1611494 1160304.40  122   55 1176650.40 1133236.37  3.69%   3.0  905s
 2196477 1618430     cutoff  129      1176650.40 1133237.39  3.69%   3.0  910s
 2204057 1623282 1174055.23  142   49 1176650.40 1133238.23  3.69%   3.0  915s
 2214889 1630501     cutoff  138      1176650.40 1133238.92  3.69%   3.0  920s
 2226966 1639621 1143459.33  120   58 1176650.40 1133240.14  3.69%   3.0  925s
H2232427 1643596                    1176650.0115 1133240.57  3.69%   3.0  929s
 2233301 1644200 1176545.85  208   44 1176650.01 1133240.86  3.69%   3.0  930s
 2244486 1650938 1162563.72  147   49 1176650.01 1133241.50  3.69%   3.0  935s
 2255659 1657594 1150030.67  106   59 1176650.01 1133242.83  3.69%   3.0  941s
 2264271 1662167 1158941.36  131   54 1176650.01 1133243.24  3.69%   3.0  945s
 2277581 1669007     cutoff  224      1176650.01 1133244.34  3.69%   3.0  950s
 2287889 1674725 1141247.08   88   61 1176650.01 1133245.48  3.69%   3.0  955s
 2298504 1681061 1145835.64  106   58 1176650.01 1133246.12  3.69%   3.0  960s
H2309824 1689593                    1176615.5449 1133246.94  3.69%   3.0  965s
 2316965 1694235 1164858.08  169   49 1176615.54 1133247.57  3.69%   3.0  970s
H2322744 1697133                    1176611.4561 1133247.89  3.69%   3.0  973s
 2326475 1699789     cutoff  238      1176611.46 1133248.41  3.69%   3.0  975s
 2338948 1706694 1175472.24  146   43 1176611.46 1133249.88  3.69%   3.0  980s
 2347252 1711242 1170058.15  145   44 1176611.46 1133250.40  3.69%   3.0  985s
 2360958 1720616 1155141.25  126   54 1176611.46 1133251.36  3.69%   3.0  990s
 2369140 1725949 1160728.24  105   55 1176611.46 1133252.89  3.69%   3.0  995s
 2381576 1734174 1144150.99  118   58 1176611.46 1133253.48  3.68%   3.0 1000s
 2391397 1740062 1167194.52  149   49 1176611.46 1133254.12  3.68%   3.1 1006s
 2397477 1741888     cutoff  133      1176611.46 1133255.33  3.68%   3.1 1010s
 2407798 1747288 1174357.74  181   53 1176611.46 1133256.37  3.68%   3.1 1015s
 2419647 1755034 1171792.21  181   46 1176611.46 1133257.32  3.68%   3.1 1020s
 2426287 1758330 1174723.77  204   47 1176611.46 1133257.82  3.68%   3.1 1025s
 2436945 1763493     cutoff  163      1176611.46 1133258.96  3.68%   3.1 1030s
 2448339 1769541     cutoff  151      1176611.46 1133259.91  3.68%   3.1 1035s
 2456027 1772911     cutoff  155      1176611.46 1133260.70  3.68%   3.1 1040s
 2466909 1779944     cutoff  144      1176611.46 1133261.30  3.68%   3.1 1045s
 2477940 1786044 1155314.29  131   54 1176611.46 1133262.48  3.68%   3.1 1050s
 2486761 1790253 1139869.84   88   62 1176611.46 1133264.05  3.68%   3.1 1055s
 2498444 1797485     cutoff  146      1176611.46 1133265.28  3.68%   3.1 1060s
 2509326 1802228     cutoff  167      1176611.46 1133266.43  3.68%   3.1 1065s
 2519995 1805070 1142689.35  101   60 1176611.46 1133267.76  3.68%   3.1 1070s
 2527487 1809165 1157210.50  144   54 1176611.46 1133268.63  3.68%   3.1 1075s
 2539284 1816836 1175683.58  131   52 1176611.46 1133269.64  3.68%   3.1 1080s
 2549066 1819985 1175388.77  204   53 1176611.46 1133271.10  3.68%   3.1 1085s
 2556853 1825399 1151107.14  140   54 1176611.46 1133272.07  3.68%   3.1 1090s
 2567610 1830686 1141155.82   95   61 1176611.46 1133273.22  3.68%   3.1 1095s
 2579123 1836731     cutoff  169      1176611.46 1133273.65  3.68%   3.1 1100s
 2586986 1841385 1174084.26  154   50 1176611.46 1133275.08  3.68%   3.1 1105s
 2602715 1851854 1163361.62  162   51 1176611.46 1133276.38  3.68%   3.1 1110s
 2610139 1855405     cutoff  144      1176611.46 1133277.14  3.68%   3.1 1115s
 2621652 1861433     cutoff  150      1176611.46 1133278.69  3.68%   3.1 1120s
 2631430 1867052 1173953.53  193   42 1176611.46 1133278.95  3.68%   3.1 1125s
 2642731 1873205     cutoff  146      1176611.46 1133280.52  3.68%   3.1 1130s
 2653836 1879667 1161284.20  141   50 1176611.46 1133281.60  3.68%   3.1 1135s
 2661900 1884152     cutoff  161      1176611.46 1133282.73  3.68%   3.1 1140s
 2672745 1889521 1170243.00  129   51 1176611.46 1133284.04  3.68%   3.1 1145s
 2684330 1897370 1140896.57   78   61 1176611.46 1133285.56  3.68%   3.1 1152s
 2691382 1903373 1176608.90  181   44 1176611.46 1133285.56  3.68%   3.1 1155s
 2701773 1909339 1170476.78  190   49 1176611.46 1133286.74  3.68%   3.1 1160s
 2709329 1912434 1150274.42  113   55 1176611.46 1133287.38  3.68%   3.1 1165s
 2722027 1921103     cutoff  187      1176611.46 1133288.17  3.68%   3.1 1170s
 2732671 1925688 1145905.37  121   55 1176611.46 1133289.61  3.68%   3.1 1175s
 2740893 1930597     cutoff  150      1176611.46 1133290.26  3.68%   3.1 1180s
 2753994 1940968 1173524.43  183   45 1176611.46 1133290.64  3.68%   3.1 1185s
 2763756 1945686     cutoff  160      1176611.46 1133291.24  3.68%   3.1 1190s
 2775019 1951818     cutoff  122      1176611.46 1133292.02  3.68%   3.1 1195s
 2781626 1955719 1174752.30  181   52 1176611.46 1133292.75  3.68%   3.1 1200s
 2792849 1963474 1140686.68   95   62 1176611.46 1133293.96  3.68%   3.2 1205s
 2801016 1970140 1176552.14  143   46 1176611.46 1133294.14  3.68%   3.2 1210s
 2811590 1976662 1174622.41  143   45 1176611.46 1133295.05  3.68%   3.2 1215s
 2820929 1982814 1164050.32  157   51 1176611.46 1133295.55  3.68%   3.2 1221s
 2828878 1987604 1176353.58  127   51 1176611.46 1133296.33  3.68%   3.2 1225s
 2839609 1992513 1140870.06   98   60 1176611.46 1133298.10  3.68%   3.2 1230s
 2846304 1997332 1173896.18  191   42 1176611.46 1133298.36  3.68%   3.2 1235s
 2861091 2006513 1173387.70  178   44 1176611.46 1133299.18  3.68%   3.2 1240s
 2873465 2012568 1175666.22  185   51 1176611.46 1133300.82  3.68%   3.2 1245s
H2881087 2018536                    1176607.4262 1133301.07  3.68%   3.2 1248s
H2881859 2019075                    1176607.3426 1133301.46  3.68%   3.2 1249s
 2882869 2019462 1171222.90  127   49 1176607.34 1133301.68  3.68%   3.2 1250s
 2891674 2026541     cutoff  135      1176607.34 1133302.28  3.68%   3.2 1255s
 2902201 2031362     cutoff  161      1176607.34 1133303.69  3.68%   3.2 1260s
 2913894 2037131 1176580.66  194   48 1176607.34 1133304.80  3.68%   3.2 1265s
 2924308 2041858 1144989.98  135   58 1176607.34 1133305.24  3.68%   3.2 1270s
 2931633 2045263 1174485.07  162   45 1176607.34 1133306.27  3.68%   3.2 1275s
 2943199 2053272 1159951.40  112   52 1176607.34 1133307.02  3.68%   3.2 1280s
 2950064 2057431 1168846.21  137   55 1176607.34 1133307.46  3.68%   3.2 1285s
 2961193 2065006 1150898.42  107   58 1176607.34 1133308.15  3.68%   3.2 1290s
 2972327 2069551     cutoff  135      1176607.34 1133309.32  3.68%   3.2 1295s
 2980247 2076060 1165607.92  170   49 1176607.34 1133309.91  3.68%   3.2 1300s
 2990632 2082328 1136655.65   85   64 1176607.34 1133311.35  3.68%   3.2 1305s
 2998746 2087106 1175626.32  145   46 1176607.34 1133312.45  3.68%   3.2 1310s
 3009186 2091893 1174045.94  164   47 1176607.34 1133313.38  3.68%   3.2 1315s
 3020778 2100208 1176017.63  155   45 1176607.34 1133314.01  3.68%   3.2 1320s
 3029080 2105085 1141203.86  114   61 1176607.34 1133314.73  3.68%   3.2 1325s
 3040910 2111862 1176248.50  139   49 1176607.34 1133315.74  3.68%   3.2 1330s
H3042708 2112875                    1176607.0255 1133315.74  3.68%   3.2 1331s
H3043210 2113038                    1176606.9388 1133315.86  3.68%   3.2 1331s
 3049458 2116110 1162133.11  133   51 1176606.94 1133316.47  3.68%   3.2 1336s
 3057124 2119072     cutoff  140      1176606.94 1133317.32  3.68%   3.2 1340s
 3068280 2125305 1176360.70  166   48 1176606.94 1133318.04  3.68%   3.2 1345s
 3078115 2130836 1144802.85  133   55 1176606.94 1133319.29  3.68%   3.2 1350s
 3086775 2135476     cutoff  140      1176606.94 1133320.05  3.68%   3.2 1355s
 3098759 2142013 1159178.59  127   51 1176606.94 1133320.94  3.68%   3.2 1360s
 3106446 2146338 1133967.14   78   65 1176606.94 1133321.97  3.68%   3.2 1365s
 3117076 2151909 1144413.74  114   60 1176606.94 1133322.61  3.68%   3.2 1370s
 3127951 2157494 1159851.26  150   53 1176606.94 1133323.77  3.68%   3.2 1375s
 3134998 2161086     cutoff  167      1176606.94 1133324.48  3.68%   3.2 1380s
H3141977 2165848                    1176606.9155 1133324.87  3.68%   3.2 1382s
H3143354 2167252                    1176606.9002 1133324.87  3.68%   3.2 1383s
H3144429 2168122                    1176606.8907 1133324.87  3.68%   3.2 1384s
 3145285 2168351     cutoff  185      1176606.89 1133324.87  3.68%   3.2 1385s
H3145984 2168395                    1176603.6383 1133325.06  3.68%   3.2 1385s
 3155577 2174152     cutoff  120      1176603.64 1133325.61  3.68%   3.2 1391s
 3163005 2178988 1176438.08  149   44 1176603.64 1133326.23  3.68%   3.2 1395s
 3174189 2186201 1164690.44  168   50 1176603.64 1133327.24  3.68%   3.2 1400s
 3182714 2190613     cutoff  149      1176603.64 1133328.34  3.68%   3.2 1405s
 3194080 2196499 1143384.56  120   59 1176603.64 1133329.30  3.68%   3.2 1410s
 3204941 2202491     cutoff  139      1176603.64 1133330.56  3.68%   3.2 1415s
 3211984 2207268 1159486.76  145   54 1176603.64 1133330.79  3.68%   3.2 1420s
 3223377 2215235 1176583.52  151   50 1176603.64 1133331.79  3.68%   3.2 1425s
 3229674 2218696 1175507.08  195   47 1176603.64 1133331.98  3.68%   3.2 1430s
 3240164 2223499 1142594.30  120   62 1176603.64 1133333.16  3.68%   3.2 1435s
 3250890 2229923 1141810.17  111   60 1176603.64 1133334.37  3.68%   3.2 1440s
 3258133 2234503 1141346.09   88   62 1176603.64 1133335.04  3.68%   3.2 1445s
H3269518 2242899                    1176602.4124 1133335.82  3.68%   3.2 1449s
H3270740 2243947                    1176602.1448 1133335.82  3.68%   3.2 1450s
 3277977 2247503 1175697.46  241   43 1176602.14 1133336.26  3.68%   3.2 1455s
 3290120 2255138 1155583.87  133   54 1176602.14 1133337.19  3.68%   3.2 1460s
 3299056 2260720 1155994.99  148   54 1176602.14 1133337.74  3.68%   3.2 1465s
 3308230 2265784     cutoff  156      1176602.14 1133338.58  3.68%   3.2 1470s
 3319821 2274348 1161474.53  159   50 1176602.14 1133339.41  3.68%   3.2 1475s
 3325269 2277255     cutoff  159      1176602.14 1133339.99  3.68%   3.2 1480s
 3335236 2283755 1175663.50  136   50 1176602.14 1133340.42  3.68%   3.2 1485s
 3342612 2288140 1173827.08  145   46 1176602.14 1133341.35  3.68%   3.2 1490s
 3353525 2293672 1176348.91  199   50 1176602.14 1133342.46  3.68%   3.2 1495s
 3364919 2300136     cutoff  166      1176602.14 1133343.73  3.68%   3.3 1500s
 3372562 2303536 1175689.10  141   48 1176602.14 1133344.49  3.68%   3.3 1505s
 3383019 2309407 1173447.93  133   47 1176602.14 1133345.10  3.68%   3.3 1510s
 3393065 2314094     cutoff  146      1176602.14 1133346.13  3.68%   3.3 1515s
 3400165 2318734 1165353.45  170   49 1176602.14 1133346.46  3.68%   3.3 1520s
 3411037 2326108 1174290.63  137   53 1176602.14 1133347.38  3.68%   3.3 1525s
 3421403 2330816 1136840.32   97   62 1176602.14 1133348.93  3.68%   3.3 1530s
 3427176 2334125 1176240.00  191   46 1176602.14 1133349.18  3.68%   3.3 1535s
 3438482 2341033 1176532.77  132   50 1176602.14 1133349.73  3.68%   3.3 1540s
 3445587 2346162 1164029.33  143   49 1176602.14 1133350.14  3.68%   3.3 1545s
 3455986 2352700 1146218.09   90   59 1176602.14 1133351.55  3.68%   3.3 1550s
 3466210 2357267     cutoff  154      1176602.14 1133352.81  3.68%   3.3 1555s
 3474582 2363849 1164136.96  172   51 1176602.14 1133353.16  3.68%   3.3 1560s
 3485165 2370817 1174510.41  145   53 1176602.14 1133354.17  3.68%   3.3 1565s
 3492622 2374823 1164938.37  144   48 1176602.14 1133354.44  3.68%   3.3 1570s
 3504934 2381612 1158728.43  142   52 1176602.14 1133355.44  3.68%   3.3 1575s
 3515165 2388105 1170970.53  118   49 1176602.14 1133356.60  3.68%   3.3 1581s
 3523323 2391067 1145734.82   94   59 1176602.14 1133358.25  3.68%   3.3 1585s
 3534427 2398007     cutoff  150      1176602.14 1133359.01  3.68%   3.3 1590s
 3543104 2403276 1170114.19  173   47 1176602.14 1133359.41  3.68%   3.3 1595s
 3552393 2406969 1139926.13   96   60 1176602.14 1133359.97  3.68%   3.3 1600s
 3565459 2413736 1175393.56  148   46 1176602.14 1133361.42  3.68%   3.3 1605s
 3573518 2417951 1167637.76  111   51 1176602.14 1133362.26  3.67%   3.3 1610s
 3586051 2425759 1165181.06  151   50 1176602.14 1133363.50  3.67%   3.3 1615s
 3597011 2431103     cutoff  115      1176602.14 1133364.32  3.67%   3.3 1620s
 3606318 2435703 1161789.67  174   51 1176602.14 1133364.73  3.67%   3.3 1625s
 3616379 2441626 1138972.85  116   60 1176602.14 1133365.53  3.67%   3.3 1630s
 3624770 2446514 1176252.22  205   48 1176602.14 1133365.98  3.67%   3.3 1635s
 3635975 2451800     cutoff  158      1176602.14 1133367.27  3.67%   3.3 1640s
H3642006 2455184                    1176601.2056 1133367.70  3.67%   3.3 1643s
 3645405 2455786     cutoff  152      1176601.21 1133368.12  3.67%   3.3 1645s
 3653907 2460999     cutoff  188      1176601.21 1133368.70  3.67%   3.3 1650s
 3664789 2466038 1174978.88  143   49 1176601.21 1133369.69  3.67%   3.3 1655s
 3675707 2472128 1174898.54  151   49 1176601.21 1133370.97  3.67%   3.3 1660s
 3683391 2475113     cutoff  154      1176601.21 1133371.72  3.67%   3.3 1665s
 3694573 2482113     cutoff  155      1176601.21 1133372.46  3.67%   3.3 1670s
 3704823 2488199 1157619.31  128   56 1176601.21 1133373.33  3.67%   3.3 1675s
 3712011 2491771 1174553.69  147   50 1176601.21 1133373.50  3.67%   3.3 1680s
 3722690 2496210     cutoff  142      1176601.21 1133374.61  3.67%   3.3 1685s
 3733578 2502251 1136820.10  102   62 1176601.21 1133375.66  3.67%   3.3 1690s
 3742454 2508328 1176171.32  142   46 1176601.21 1133375.96  3.67%   3.3 1695s
 3753712 2514912 1171375.39  180   47 1176601.21 1133376.54  3.67%   3.3 1700s
H3759696 2518141                    1176596.4954 1133377.12  3.67%   3.3 1704s
 3759815 2518141 1171972.02  189   43 1176596.50 1133377.12  3.67%   3.3 1705s
 3770533 2524085     cutoff  140      1176596.50 1133378.41  3.67%   3.3 1710s
 3782529 2529895 1168965.01  169   47 1176596.50 1133379.44  3.67%   3.3 1715s
 3790876 2534990 1175600.33  195   43 1176596.50 1133380.00  3.67%   3.3 1720s
 3802179 2543606 1165652.62  158   50 1176596.50 1133381.30  3.67%   3.3 1725s
 3811432 2550127 1166272.14  166   48 1176596.50 1133381.69  3.67%   3.3 1730s
 3821888 2555372 1176185.35  167   52 1176596.50 1133382.55  3.67%   3.3 1735s
 3829727 2559663 1157675.09  145   51 1176596.50 1133383.09  3.67%   3.3 1740s
 3841147 2566847 1141471.88  118   60 1176596.50 1133383.95  3.67%   3.3 1745s
H3841302 2566847                    1176596.4907 1133383.95  3.67%   3.3 1745s
 3851138 2573827     cutoff  139      1176596.49 1133384.63  3.67%   3.3 1750s
H3854199 2575182                    1176595.7689 1133384.93  3.67%   3.3 1753s
 3858318 2578430 1171080.62  160   47 1176595.77 1133384.93  3.67%   3.3 1755s
 3869055 2583939     cutoff  153      1176595.77 1133385.65  3.67%   3.3 1760s
 3878136 2589851 1164374.98  121   53 1176595.77 1133386.23  3.67%   3.3 1765s
 3888650 2594898 1142531.68  125   57 1176595.77 1133387.29  3.67%   3.3 1770s
 3900528 2602394     cutoff  199      1176595.77 1133388.19  3.67%   3.3 1775s
 3908661 2607163 1174595.32  135   49 1176595.77 1133388.66  3.67%   3.3 1780s
 3919323 2613048     cutoff  142      1176595.77 1133389.41  3.67%   3.3 1785s
 3927344 2616932     cutoff  155      1176595.77 1133390.30  3.67%   3.3 1790s
 3935645 2621598 1151533.24  131   57 1176595.77 1133390.70  3.67%   3.3 1795s
 3946331 2627691 1169261.26  110   51 1176595.77 1133391.37  3.67%   3.3 1800s
 3955083 2631182 1159072.54  156   54 1176595.77 1133392.12  3.67%   3.3 1805s
 3966123 2637617 1136518.28  101   59 1176595.77 1133393.75  3.67%   3.3 1810s
 3975866 2644413 1152473.23  125   56 1176595.77 1133394.35  3.67%   3.3 1815s
 3985087 2650098 1166650.43  171   49 1176595.77 1133394.75  3.67%   3.3 1820s
 3997067 2656724 1147224.17  130   58 1176595.77 1133396.06  3.67%   3.3 1825s
 4006262 2662113     cutoff  169      1176595.77 1133396.72  3.67%   3.3 1830s
 4018093 2669736 1155788.80  138   51 1176595.77 1133397.42  3.67%   3.3 1835s
 4025615 2675109 1160790.27  132   53 1176595.77 1133397.77  3.67%   3.3 1840s
 4036160 2679874     cutoff  143      1176595.77 1133398.88  3.67%   3.3 1845s
 4044942 2685499 1138174.88  100   62 1176595.77 1133399.76  3.67%   3.3 1850s
 4056139 2691196 1137610.54   88   64 1176595.77 1133400.88  3.67%   3.3 1855s
 4067261 2698712 1172831.64  126   51 1176595.77 1133401.47  3.67%   3.3 1860s
 4078932 2705093 1175655.83  160   50 1176595.77 1133402.52  3.67%   3.3 1865s
 4090093 2711801     cutoff  140      1176595.77 1133403.21  3.67%   3.3 1871s
H4090353 2711921                    1176595.7222 1133403.21  3.67%   3.3 1871s
 4098557 2717254 1146318.29  113   56 1176595.72 1133403.98  3.67%   3.3 1875s
 4110531 2725389 1149352.32   98   58 1176595.72 1133404.65  3.67%   3.3 1880s
 4120461 2730379 1174344.04  165   49 1176595.72 1133405.39  3.67%   3.3 1885s
 4131766 2736506 1176295.03  192   45 1176595.72 1133406.09  3.67%   3.3 1890s
 4141759 2741939 1169656.59  131   51 1176595.72 1133406.82  3.67%   3.3 1895s
 4154093 2750139 1136481.28   99   60 1176595.72 1133407.66  3.67%   3.3 1900s
 4161428 2754396 1144181.33  108   58 1176595.72 1133408.44  3.67%   3.3 1905s
 4172547 2762810 1171523.83  149   51 1176595.72 1133409.12  3.67%   3.3 1910s
 4180011 2767482     cutoff  144      1176595.72 1133410.00  3.67%   3.3 1915s
 4191637 2775018 1136045.42   79   64 1176595.72 1133410.47  3.67%   3.3 1920s
 4199557 2779542 1141999.36   96   62 1176595.72 1133410.99  3.67%   3.3 1925s
 4210537 2785928 1141017.99   84   60 1176595.72 1133411.87  3.67%   3.3 1930s
 4221103 2792627 1162777.59  138   50 1176595.72 1133412.41  3.67%   3.3 1935s
 4230858 2798010     cutoff  138      1176595.72 1133413.24  3.67%   3.3 1940s
 4242001 2805535 1168770.55  169   48 1176595.72 1133414.24  3.67%   3.3 1946s
 4250556 2809225 1135944.85   76   62 1176595.72 1133414.97  3.67%   3.3 1950s
 4261244 2814120     cutoff  146      1176595.72 1133416.06  3.67%   3.3 1955s
 4269439 2818592 1151555.97  115   57 1176595.72 1133416.78  3.67%   3.3 1960s
 4280079 2825309 1168748.00  165   47 1176595.72 1133417.39  3.67%   3.3 1965s
 4289579 2832127 1141009.73   87   63 1176595.72 1133417.85  3.67%   3.3 1970s
 4300946 2838012 1145607.34   99   58 1176595.72 1133418.49  3.67%   3.3 1975s
 4313384 2843617 1174032.74  153   51 1176595.72 1133420.07  3.67%   3.3 1980s
 4321054 2847752 1139284.15   91   61 1176595.72 1133421.10  3.67%   3.3 1985s
 4332492 2855588 1134689.51  100   63 1176595.72 1133421.86  3.67%   3.3 1990s
 4340427 2860336 1175900.53  166   48 1176595.72 1133422.26  3.67%   3.3 1995s
 4351405 2865971 1145340.17  100   60 1176595.72 1133423.54  3.67%   3.3 2000s
 4363090 2872487 1163085.98  128   49 1176595.72 1133424.06  3.67%   3.3 2006s
 4371135 2874467     cutoff  126      1176595.72 1133425.23  3.67%   3.3 2010s
 4384539 2881964 1176020.11  137   51 1176595.72 1133426.69  3.67%   3.3 2015s
 4393209 2888264 1170192.21  158   48 1176595.72 1133427.18  3.67%   3.3 2020s
 4404330 2892719 1166043.04  127   57 1176595.72 1133428.70  3.67%   3.3 2025s
 4415395 2898733 1140122.36  108   59 1176595.72 1133430.05  3.67%   3.4 2031s
 4422625 2902247     cutoff  151      1176595.72 1133430.50  3.67%   3.4 2035s
 4433514 2908794 1149962.68   97   57 1176595.72 1133431.53  3.67%   3.4 2040s
 4441635 2914969 1161632.92  154   53 1176595.72 1133431.76  3.67%   3.4 2045s
 4452636 2920633     cutoff  164      1176595.72 1133432.51  3.67%   3.4 2050s
 4461369 2925343 1168902.95  121   48 1176595.72 1133434.01  3.67%   3.4 2055s
 4471565 2931146     cutoff  149      1176595.72 1133435.01  3.67%   3.4 2060s
 4482013 2936680     cutoff  143      1176595.72 1133435.72  3.67%   3.4 2065s
 4490621 2942728 1170609.04  159   48 1176595.72 1133436.07  3.67%   3.4 2070s
 4502637 2949694 1175888.01  174   43 1176595.72 1133437.48  3.67%   3.4 2075s
 4510121 2952686 1161661.40  110   51 1176595.72 1133438.56  3.67%   3.4 2080s
 4520579 2957384     cutoff  203      1176595.72 1133439.60  3.67%   3.4 2085s
 4536507 2963926     cutoff  164      1176595.72 1133441.07  3.67%   3.4 2090s
 4548139 2970618 1150396.50  111   60 1176595.72 1133442.35  3.67%   3.4 2095s
 4559594 2977114 1155464.00  147   51 1176595.72 1133443.24  3.67%   3.4 2100s
 4567231 2981420     cutoff  147      1176595.72 1133443.77  3.67%   3.4 2105s
 4577177 2986767 1143590.78  115   60 1176595.72 1133444.37  3.67%   3.4 2110s
 4586860 2993092 1156377.31  144   55 1176595.72 1133445.22  3.67%   3.4 2116s
 4595515 2996676 1174402.20  158   49 1176595.72 1133446.24  3.67%   3.4 2120s
 4606209 3003290     cutoff  181      1176595.72 1133446.98  3.67%   3.4 2125s
 4613845 3006683 1144228.29  114   56 1176595.72 1133447.81  3.67%   3.4 2130s
 4623170 3011719 1173533.15  193   44 1176595.72 1133448.29  3.67%   3.4 2135s
 4633965 3015912     cutoff  150      1176595.72 1133449.61  3.67%   3.4 2140s
 4642069 3020590 1171174.42  191   46 1176595.72 1133449.91  3.67%   3.4 2145s
 4653188 3026762 1140095.28  105   59 1176595.72 1133450.73  3.67%   3.4 2150s
 4662107 3032904 1146277.84  101   56 1176595.72 1133451.07  3.67%   3.4 2155s
 4672718 3038832     cutoff  166      1176595.72 1133451.60  3.67%   3.4 2160s
 4683565 3045176 1161530.08  129   51 1176595.72 1133452.63  3.67%   3.4 2165s
 4690239 3046961 1174831.63  125   55 1176595.72 1133453.39  3.67%   3.4 2170s
 4701617 3054244 1143508.91   99   60 1176595.72 1133453.77  3.67%   3.4 2175s
 4711133 3060554 1157101.41  117   53 1176595.72 1133454.01  3.67%   3.4 2180s
 4721977 3067010 1157605.94   98   57 1176595.72 1133454.80  3.67%   3.4 2185s
 4730548 3073579 1174608.85  181   44 1176595.72 1133455.32  3.67%   3.4 2190s
 4740390 3078062     cutoff  158      1176595.72 1133455.94  3.67%   3.4 2195s
 4751992 3085304 1146339.32  123   58 1176595.72 1133456.42  3.67%   3.4 2200s
 4759727 3090840 1144020.15  114   59 1176595.72 1133456.93  3.67%   3.4 2205s
 4771775 3096832 1176039.71  147   47 1176595.72 1133457.71  3.67%   3.4 2210s
 4779334 3101496 1142791.38  124   57 1176595.72 1133458.12  3.67%   3.4 2215s
 4791376 3108724 1172389.35  150   49 1176595.72 1133458.94  3.67%   3.4 2220s
 4799887 3114857     cutoff  151      1176595.72 1133459.42  3.67%   3.4 2225s
 4811553 3122761 1145370.91   96   59 1176595.72 1133460.35  3.67%   3.4 2230s
 4818526 3127119 1163878.05  152   50 1176595.72 1133460.69  3.67%   3.4 2235s
 4829301 3132469 1138643.00  107   59 1176595.72 1133461.62  3.67%   3.4 2240s
 4839760 3139156 1162186.48  134   54 1176595.72 1133461.95  3.67%   3.4 2245s
 4850719 3145021     cutoff  151      1176595.72 1133462.93  3.67%   3.4 2250s
 4862315 3152209 1169947.03  164   46 1176595.72 1133463.41  3.67%   3.4 2255s
 4870628 3156062 1174023.73  152   43 1176595.72 1133464.10  3.67%   3.4 2260s
 4882050 3163169 1157674.05  119   55 1176595.72 1133464.99  3.67%   3.4 2265s
 4888665 3167088 1167212.99  160   48 1176595.72 1133465.09  3.67%   3.4 2270s
 4900046 3172994     cutoff  144      1176595.72 1133466.28  3.67%   3.4 2275s
 4908667 3179091 1174857.33  171   43 1176595.72 1133466.64  3.67%   3.4 2280s
 4918283 3184308 1158597.95  133   51 1176595.72 1133467.68  3.67%   3.4 2285s
 4929702 3190213 1174458.63  151   49 1176595.72 1133469.06  3.67%   3.4 2290s
 4938858 3194269 1144435.47  127   59 1176595.72 1133469.82  3.67%   3.4 2295s
 4950104 3201735 1141503.72   95   63 1176595.72 1133470.54  3.67%   3.4 2300s
 4957492 3206015 1176294.69  163   46 1176595.72 1133470.72  3.67%   3.4 2305s
 4968560 3211851     cutoff  147      1176595.72 1133471.63  3.67%   3.4 2310s
 4979352 3216757 1173206.14  134   50 1176595.72 1133472.26  3.67%   3.4 2315s
 4986711 3221596 1170545.11  173   45 1176595.72 1133472.55  3.67%   3.4 2320s
 4996740 3226830 1169943.54  172   47 1176595.72 1133472.97  3.67%   3.4 2325s
 5003951 3232756 1175695.31  170   44 1176595.72 1133473.31  3.67%   3.4 2330s
 5014600 3237386     cutoff  132      1176595.72 1133474.28  3.66%   3.4 2335s
 5024633 3243425 1171756.08  138   48 1176595.72 1133475.07  3.66%   3.4 2340s
 5034486 3248837 1141308.75  113   57 1176595.72 1133475.79  3.66%   3.4 2345s
 5046114 3256003 1142200.67  115   57 1176595.72 1133476.83  3.66%   3.4 2350s
 5053687 3261145 1144967.32  114   58 1176595.72 1133477.10  3.66%   3.4 2355s
 5064098 3267773 1136734.64   89   61 1176595.72 1133477.39  3.66%   3.4 2360s
 5072925 3273541     cutoff  173      1176595.72 1133477.75  3.66%   3.4 2365s
 5084406 3281322     cutoff  135      1176595.72 1133478.62  3.66%   3.4 2370s
 5092882 3285759 1176082.62  213   46 1176595.72 1133479.29  3.66%   3.4 2375s
 5104485 3292569 1169930.39  159   50 1176595.72 1133479.87  3.66%   3.4 2380s
 5113335 3299552 1175874.79  176   45 1176595.72 1133480.13  3.66%   3.4 2385s
 5125242 3304447 1174988.05  129   49 1176595.72 1133481.42  3.66%   3.4 2390s
 5134149 3309445     cutoff  222      1176595.72 1133481.73  3.66%   3.4 2395s
 5145613 3316436     cutoff  147      1176595.72 1133482.36  3.66%   3.4 2400s
 5155739 3322903 1174511.28  154   52 1176595.72 1133483.26  3.66%   3.4 2405s
 5165035 3325687 1147950.71  120   53 1176595.72 1133483.91  3.66%   3.4 2410s
 5175224 3332036     cutoff  137      1176595.72 1133484.62  3.66%   3.4 2415s
 5185332 3335603     cutoff  146      1176595.72 1133485.82  3.66%   3.4 2421s
 5193276 3341138 1159785.32  146   57 1176595.72 1133486.28  3.66%   3.4 2425s
 5203632 3347156 1147740.60  117   56 1176595.72 1133486.75  3.66%   3.4 2430s
 5212058 3352389 1136920.29   96   60 1176595.72 1133487.15  3.66%   3.4 2435s
 5223251 3357750 1145929.73  122   56 1176595.72 1133488.52  3.66%   3.4 2440s
 5234726 3360996 1167980.62  125   53 1176595.72 1133490.02  3.66%   3.4 2445s
 5242329 3365631     cutoff  154      1176595.72 1133490.54  3.66%   3.4 2450s
 5253194 3370235 1167105.83  146   50 1176595.72 1133491.68  3.66%   3.4 2455s
 5264251 3374465 1176364.69  117   51 1176595.72 1133493.19  3.66%   3.4 2460s
 5274773 3380586 1175564.37  136   51 1176595.72 1133494.04  3.66%   3.4 2465s
 5286354 3386818 1176024.54  206   45 1176595.72 1133494.86  3.66%   3.4 2470s
 5293504 3391071 1156966.44  161   51 1176595.72 1133495.33  3.66%   3.4 2475s
H5301372 3395743                    1176594.0981 1133495.68  3.66%   3.4 2478s
 5303017 3396692 1170017.68  130   48 1176594.10 1133496.04  3.66%   3.4 2480s
 5310151 3400498     cutoff  158      1176594.10 1133496.77  3.66%   3.4 2485s
 5321367 3404907     cutoff  131      1176594.10 1133497.98  3.66%   3.4 2490s
 5333204 3410104     cutoff  208      1176594.10 1133498.72  3.66%   3.4 2495s
 5341889 3415061 1149131.22  140   57 1176594.10 1133499.32  3.66%   3.4 2500s
 5352002 3420426 1176464.73  161   48 1176594.10 1133500.41  3.66%   3.4 2505s
 5362553 3427088 1143199.28   81   60 1176594.10 1133501.24  3.66%   3.4 2511s
H5368486 3430519                    1176594.0882 1133501.43  3.66%   3.4 2513s
 5370541 3432265 1172216.74  164   47 1176594.09 1133501.43  3.66%   3.4 2515s
 5382057 3439480     cutoff  136      1176594.09 1133502.62  3.66%   3.4 2520s
 5391006 3444708     cutoff  140      1176594.09 1133503.02  3.66%   3.4 2525s
 5402134 3450393     cutoff  156      1176594.09 1133503.91  3.66%   3.4 2530s
 5410305 3456616     cutoff  121      1176594.09 1133504.34  3.66%   3.4 2535s
 5421467 3462047     cutoff  171      1176594.09 1133505.03  3.66%   3.4 2540s
 5427706 3465230 1171483.51  168   47 1176594.09 1133505.27  3.66%   3.4 2545s
 5439040 3472423 1161542.14  139   50 1176594.09 1133506.56  3.66%   3.4 2550s
 5448613 3477842     cutoff  122      1176594.09 1133507.21  3.66%   3.4 2555s
 5458589 3483544 1146556.79  126   57 1176594.09 1133507.72  3.66%   3.4 2560s
 5469865 3489834 1176292.94  214   42 1176594.09 1133508.49  3.66%   3.4 2565s
 5478048 3495724 1140866.94   88   60 1176594.09 1133508.96  3.66%   3.4 2570s
 5489355 3503666 1137831.40   85   62 1176594.09 1133509.66  3.66%   3.4 2575s
 5496655 3508180 1162294.48  147   49 1176594.09 1133510.09  3.66%   3.4 2580s
 5507877 3514057     cutoff  126      1176594.09 1133510.69  3.66%   3.4 2585s
 5516510 3517444 1162343.50  146   51 1176594.09 1133511.62  3.66%   3.4 2590s
H5523485 3522691                    1176593.0140 1133512.22  3.66%   3.4 2593s
H5523959 3522834                    1176592.9952 1133512.22  3.66%   3.4 2594s
H5523985 3522832                    1176592.9921 1133512.22  3.66%   3.4 2594s
 5524863 3523191     cutoff  152      1176592.99 1133512.26  3.66%   3.4 2595s
H5524865 3523191                    1176592.9874 1133512.26  3.66%   3.4 2595s
H5525003 3523191                    1176592.9818 1133512.26  3.66%   3.4 2595s
 5534417 3525374     cutoff  140      1176592.98 1133513.57  3.66%   3.4 2600s
 5543033 3530264 1147374.43  127   59 1176592.98 1133514.20  3.66%   3.4 2605s
 5555404 3538001 1160510.60  140   51 1176592.98 1133515.36  3.66%   3.4 2610s
H5558507 3540169                    1176592.9790 1133515.36  3.66%   3.4 2611s
 5565807 3543140 1143512.67   96   60 1176592.98 1133516.29  3.66%   3.4 2617s
 5572015 3545946     cutoff  144      1176592.98 1133516.85  3.66%   3.4 2620s
 5582948 3551404 1172761.93  149   49 1176592.98 1133518.19  3.66%   3.4 2625s
 5591772 3555554 1176512.81  152   46 1176592.98 1133518.88  3.66%   3.4 2630s
 5601990 3561978 1153830.30  141   54 1176592.98 1133519.39  3.66%   3.4 2635s
H5612143 3567620                    1176591.7416 1133520.20  3.66%   3.4 2639s
 5612491 3567611     cutoff  208      1176591.74 1133520.20  3.66%   3.4 2640s
 5621917 3573818     cutoff  142      1176591.74 1133520.69  3.66%   3.4 2645s
H5625029 3575853                    1176591.7376 1133520.82  3.66%   3.4 2646s
 5632319 3579939 1137352.63   87   63 1176591.74 1133521.38  3.66%   3.4 2650s
 5641149 3584911 1141977.84  110   59 1176591.74 1133521.88  3.66%   3.4 2655s
 5652338 3591036     cutoff  162      1176591.74 1133522.40  3.66%   3.5 2660s
 5660005 3595536     cutoff  151      1176591.74 1133522.96  3.66%   3.5 2665s
 5670878 3601148 1140290.28  125   62 1176591.74 1133523.97  3.66%   3.5 2670s
 5680291 3607083     cutoff  163      1176591.74 1133525.02  3.66%   3.5 2675s
 5691638 3614514 1146971.09  120   55 1176591.74 1133525.60  3.66%   3.5 2680s
 5699391 3619744 1174508.40  152   49 1176591.74 1133525.79  3.66%   3.5 2685s
 5710757 3626194 1175406.28  137   50 1176591.74 1133526.20  3.66%   3.5 2690s
 5721431 3631797 1174674.95  141   52 1176591.74 1133527.20  3.66%   3.5 2695s
 5730373 3636749 1166837.23  161   48 1176591.74 1133527.57  3.66%   3.5 2700s
 5741485 3643783 1173073.29  151   46 1176591.74 1133528.43  3.66%   3.5 2705s
 5749744 3648833 1163997.53  154   51 1176591.74 1133528.75  3.66%   3.5 2710s
 5761814 3656440 1155352.06  151   54 1176591.74 1133529.65  3.66%   3.5 2715s
 5769051 3661489 1158394.39  118   56 1176591.74 1133529.88  3.66%   3.5 2720s
 5779668 3667383 1175158.26  166   45 1176591.74 1133530.10  3.66%   3.5 2725s
 5788993 3672058 1161136.91  163   52 1176591.74 1133530.91  3.66%   3.5 2730s
 5798010 3676789     cutoff  169      1176591.74 1133531.48  3.66%   3.5 2735s
 5809186 3683903     cutoff  145      1176591.74 1133532.11  3.66%   3.5 2740s
 5816787 3687298 1175018.28  138   46 1176591.74 1133532.76  3.66%   3.5 2745s
 5829859 3696726 1176305.36  164   47 1176591.74 1133533.69  3.66%   3.5 2750s
 5838809 3701499 1165827.02  132   53 1176591.74 1133534.39  3.66%   3.5 2755s
 5850786 3709269 1152760.90  144   52 1176591.74 1133535.07  3.66%   3.5 2760s
 5859979 3716115 1165271.61  169   50 1176591.74 1133535.63  3.66%   3.5 2765s
 5871288 3721912     cutoff  199      1176591.74 1133536.66  3.66%   3.5 2770s
 5880865 3728896 1172746.10  190   43 1176591.74 1133536.93  3.66%   3.5 2775s
 5890899 3735029 1172737.37  175   45 1176591.74 1133537.19  3.66%   3.5 2780s
 5900678 3741376 1139539.86   97   61 1176591.74 1133538.08  3.66%   3.5 2785s
 5910837 3747942 1155965.24  129   53 1176591.74 1133538.57  3.66%   3.5 2790s
 5921419 3754561 1159518.04  131   56 1176591.74 1133539.53  3.66%   3.5 2795s
 5934683 3762019 1164752.73  175   48 1176591.74 1133540.72  3.66%   3.5 2800s
 5943102 3766493 1149109.24  135   58 1176591.74 1133541.01  3.66%   3.5 2805s
 5953624 3772672 1158611.56  147   52 1176591.74 1133541.40  3.66%   3.5 2810s
 5961380 3776201 1140268.72   84   62 1176591.74 1133542.68  3.66%   3.5 2815s
 5972383 3782457 1175739.18  175   48 1176591.74 1133543.47  3.66%   3.5 2820s
 5981131 3787520 1134546.19   82   62 1176591.74 1133543.87  3.66%   3.5 2825s
 5991996 3793589     cutoff  150      1176591.74 1133544.38  3.66%   3.5 2830s
 6002578 3799278 1176077.71  145   45 1176591.74 1133545.19  3.66%   3.5 2835s
 6013082 3804734 1140821.87   81   59 1176591.74 1133546.07  3.66%   3.5 2840s
 6025446 3813309     cutoff  193      1176591.74 1133546.67  3.66%   3.5 2845s
 6038820 3822537 1160266.61  150   51 1176591.74 1133547.41  3.66%   3.5 2850s
 6047534 3827372 1167945.22  171   46 1176591.74 1133547.99  3.66%   3.5 2855s
 6057335 3832408     cutoff  165      1176591.74 1133548.90  3.66%   3.5 2860s
 6068556 3838845 1154246.63  108   58 1176591.74 1133549.52  3.66%   3.5 2865s
 6075684 3842046 1135977.92   99   61 1176591.74 1133550.14  3.66%   3.5 2870s
 6086903 3848714 1166136.76  170   49 1176591.74 1133550.65  3.66%   3.5 2875s
 6094789 3853406 1139352.25   95   64 1176591.74 1133552.03  3.66%   3.5 2880s
 6105600 3859385     cutoff  125      1176591.74 1133552.87  3.66%   3.5 2885s
 6114205 3864439 1173702.69  175   48 1176591.74 1133553.11  3.66%   3.5 2890s
 6124373 3869118     cutoff  160      1176591.74 1133554.44  3.66%   3.5 2895s
 6135824 3875337 1175905.22  191   43 1176591.74 1133555.24  3.66%   3.5 2900s
 6145111 3881290     cutoff  166      1176591.74 1133556.18  3.66%   3.5 2905s
 6156043 3888575 1141831.42  109   59 1176591.74 1133556.51  3.66%   3.5 2910s
 6164658 3894209 1173835.08  154   48 1176591.74 1133557.13  3.66%   3.5 2915s
 6175571 3901376 1170751.93  151   49 1176591.74 1133557.70  3.66%   3.5 2920s
 6184597 3907117 1159704.04  138   53 1176591.74 1133558.28  3.66%   3.5 2925s
 6196128 3914682 1174137.57  141   47 1176591.74 1133558.98  3.66%   3.5 2930s
 6205123 3919872 1150584.11  118   56 1176591.74 1133559.56  3.66%   3.5 2935s
 6215127 3925522     cutoff  152      1176591.74 1133560.02  3.66%   3.5 2940s
 6223531 3929789 1153872.72   93   59 1176591.74 1133560.76  3.66%   3.5 2945s
 6234539 3935923 1139908.87   86   60 1176591.74 1133561.81  3.66%   3.5 2950s
 6243837 3941983 1158723.39  128   57 1176591.74 1133562.30  3.66%   3.5 2955s
 6254399 3947887     cutoff  208      1176591.74 1133562.97  3.66%   3.5 2960s
 6263021 3953830 1174294.73  129   53 1176591.74 1133563.78  3.66%   3.5 2965s
 6274482 3962033 1172125.67  162   46 1176591.74 1133564.52  3.66%   3.5 2970s
 6285107 3966750     cutoff  134      1176591.74 1133565.38  3.66%   3.5 2976s
 6292352 3970424 1176370.82  153   50 1176591.74 1133565.77  3.66%   3.5 2980s
 6303877 3977440 1173119.02  137   51 1176591.74 1133567.12  3.66%   3.5 2985s
 6311282 3980526 1174436.62  139   51 1176591.74 1133567.73  3.66%   3.5 2990s
 6321534 3985959 1175779.99  151   53 1176591.74 1133568.92  3.66%   3.5 2995s
 6330725 3991467 1174131.02  187   47 1176591.74 1133569.27  3.66%   3.5 3000s
 6339892 3995772 1145279.81  138   57 1176591.74 1133570.28  3.66%   3.5 3005s
 6351192 4003857     cutoff  187      1176591.74 1133570.72  3.66%   3.5 3010s
 6358421 4007894 1165665.43  150   51 1176591.74 1133571.03  3.66%   3.5 3015s
H6359194 4008275                    1176590.9446 1133571.03  3.66%   3.5 3015s
H6359313 4008276                    1176590.9118 1133571.03  3.66%   3.5 3016s
H6359422 4008324                    1176590.8828 1133571.03  3.66%   3.5 3016s
H6359494 4008469                    1176590.8782 1133571.03  3.66%   3.5 3017s
 6365194 4010852 1173329.97  132   48 1176590.88 1133572.12  3.66%   3.5 3020s
 6376722 4018573 1165406.63  110   53 1176590.88 1133572.73  3.66%   3.5 3026s
 6383838 4022036 1175352.00  139   46 1176590.88 1133573.18  3.66%   3.5 3030s
 6394344 4027549 1146793.89  127   56 1176590.88 1133574.20  3.66%   3.5 3035s
 6402337 4030633     cutoff  150      1176590.88 1133574.82  3.66%   3.5 3040s
 6412131 4033880 1175853.34  140   53 1176590.88 1133575.64  3.66%   3.5 3045s
 6422959 4040591 1176554.31  162   48 1176590.88 1133576.27  3.66%   3.5 3050s
 6431556 4047083 1137559.35   76   63 1176590.88 1133576.91  3.66%   3.5 3055s
 6441554 4051202 1161923.88  105   57 1176590.88 1133577.40  3.66%   3.5 3060s
 6449119 4056509 1174299.97  148   48 1176590.88 1133577.94  3.66%   3.5 3065s
 6459756 4061106 1173235.04  143   50 1176590.88 1133578.81  3.66%   3.5 3070s
 6469651 4066432 1149518.65  138   55 1176590.88 1133579.46  3.66%   3.5 3075s
 6477125 4070575 1149732.57  107   58 1176590.88 1133579.95  3.66%   3.5 3080s
 6489494 4078054 1165910.21  164   48 1176590.88 1133580.74  3.66%   3.5 3085s
 6498121 4081954     cutoff  160      1176590.88 1133581.49  3.66%   3.5 3090s
 6507338 4086295 1171924.85  120   50 1176590.88 1133582.05  3.66%   3.5 3095s
 6517751 4091544 1155024.93  135   53 1176590.88 1133582.77  3.66%   3.5 3100s
 6524938 4095952     cutoff  152      1176590.88 1133583.21  3.66%   3.5 3105s
 6536436 4104713 1147577.57  121   57 1176590.88 1133583.60  3.66%   3.5 3110s
 6545189 4110916 1172870.38  176   45 1176590.88 1133584.07  3.66%   3.5 3115s
 6554992 4115623     cutoff  152      1176590.88 1133584.73  3.66%   3.5 3120s
 6564555 4120090 1144378.79  102   59 1176590.88 1133585.29  3.66%   3.5 3125s
 6574696 4125027 1172435.63  144   51 1176590.88 1133585.95  3.66%   3.5 3130s
 6587615 4132129     cutoff  141      1176590.88 1133586.58  3.65%   3.5 3135s
 6596025 4137435 1175587.99  187   44 1176590.88 1133586.81  3.65%   3.5 3140s
 6607701 4144053 1165360.42  140   50 1176590.88 1133587.83  3.65%   3.5 3145s
 6614947 4147589 1170544.42  155   48 1176590.88 1133588.10  3.65%   3.5 3150s
 6625461 4153082 1175597.35  155   45 1176590.88 1133589.02  3.65%   3.5 3155s
 6636398 4158295 1175814.63  108   49 1176590.88 1133589.85  3.65%   3.5 3160s
 6643623 4162126 1174732.20  155   48 1176590.88 1133590.19  3.65%   3.5 3165s
 6654742 4167630 1176248.88  209   48 1176590.88 1133590.77  3.65%   3.5 3170s
 6663820 4172441 1175406.43  137   45 1176590.88 1133591.19  3.65%   3.5 3175s
 6675663 4178304 1175299.87  153   52 1176590.88 1133591.86  3.65%   3.5 3180s
 6685601 4184603 1152320.07  137   54 1176590.88 1133592.44  3.65%   3.5 3185s
 6696121 4191586 1167687.37  170   49 1176590.88 1133592.96  3.65%   3.5 3190s
 6705828 4196494 1169234.65  165   48 1176590.88 1133594.20  3.65%   3.5 3195s
 6716224 4201693 1173400.01  151   50 1176590.88 1133595.32  3.65%   3.5 3200s
 6728892 4209111 1175887.72  178   47 1176590.88 1133595.99  3.65%   3.5 3205s
 6738125 4214579 1141568.87  109   60 1176590.88 1133596.48  3.65%   3.5 3210s
 6749156 4222707 1156126.91  140   51 1176590.88 1133597.07  3.65%   3.5 3215s
 6757121 4226854 1169512.26  166   49 1176590.88 1133597.28  3.65%   3.5 3220s
 6768020 4230860 1155183.67  151   51 1176590.88 1133598.21  3.65%   3.5 3225s
 6776608 4236710 1173439.30  171   46 1176590.88 1133598.91  3.65%   3.5 3230s
 6788162 4243719 1171215.76  129   52 1176590.88 1133599.41  3.65%   3.5 3235s
 6797330 4249092     cutoff  144      1176590.88 1133600.03  3.65%   3.5 3240s
 6807976 4254135 1165216.30  129   54 1176590.88 1133600.66  3.65%   3.5 3245s
 6818820 4261457 1176200.80  156   52 1176590.88 1133601.00  3.65%   3.5 3251s
 6827311 4266020 1151153.57   90   57 1176590.88 1133601.70  3.65%   3.5 3255s
 6838401 4273848     cutoff  156      1176590.88 1133602.43  3.65%   3.5 3260s
 6847922 4276880 1174971.97  139   47 1176590.88 1133603.10  3.65%   3.5 3265s
 6858598 4284797 1166075.54  181   46 1176590.88 1133603.51  3.65%   3.5 3270s
 6866593 4290240 1153581.96  133   53 1176590.88 1133603.95  3.65%   3.5 3275s
 6878943 4297064 1176550.48  183   46 1176590.88 1133604.53  3.65%   3.5 3280s
 6888248 4303471 1162611.97  150   50 1176590.88 1133605.04  3.65%   3.5 3285s
 6898024 4308727     cutoff  140      1176590.88 1133605.74  3.65%   3.5 3290s
 6906067 4313203 1144893.03  159   56 1176590.88 1133606.31  3.65%   3.5 3295s
 6916817 4319798 1171721.79  180   47 1176590.88 1133606.59  3.65%   3.5 3300s
 6927842 4325284     cutoff  132      1176590.88 1133607.50  3.65%   3.5 3305s
 6935811 4328673 1176109.45  136   48 1176590.88 1133608.32  3.65%   3.5 3310s
 6948339 4336602 1176232.78  149   50 1176590.88 1133608.85  3.65%   3.5 3315s
 6956599 4340432 1176069.58  155   47 1176590.88 1133609.54  3.65%   3.5 3320s
 6967960 4346071     cutoff  126      1176590.88 1133610.26  3.65%   3.5 3325s
 6978348 4350798 1172369.14  164   46 1176590.88 1133610.88  3.65%   3.5 3331s
 6986443 4355307 1174690.32  152   45 1176590.88 1133611.62  3.65%   3.5 3335s
 6997767 4362616 1175719.17  158   44 1176590.88 1133612.41  3.65%   3.5 3340s
 7005371 4367388 1175813.49  169   46 1176590.88 1133612.74  3.65%   3.5 3345s
 7016459 4374091 1167613.63  173   48 1176590.88 1133613.22  3.65%   3.5 3350s
 7023814 4377628     cutoff  141      1176590.88 1133613.99  3.65%   3.5 3355s
 7034659 4384098 1175637.09  166   45 1176590.88 1133614.63  3.65%   3.5 3360s
 7042791 4389209     cutoff  156      1176590.88 1133615.13  3.65%   3.5 3365s
 7054437 4395203 1174834.87  127   48 1176590.88 1133615.87  3.65%   3.5 3370s
 7065110 4401244     cutoff  158      1176590.88 1133616.75  3.65%   3.5 3375s
 7075943 4407732 1155564.93  156   52 1176590.88 1133617.19  3.65%   3.5 3380s
 7087520 4414166 1161995.31  142   50 1176590.88 1133617.81  3.65%   3.5 3386s
 7097187 4419959 1148330.79   94   58 1176590.88 1133618.59  3.65%   3.5 3390s
 7108175 4426858 1164434.90  122   54 1176590.88 1133619.16  3.65%   3.5 3396s
 7116170 4431003     cutoff  154      1176590.88 1133619.49  3.65%   3.5 3400s
 7126954 4437155     cutoff  170      1176590.88 1133620.30  3.65%   3.5 3405s
 7135201 4442954     cutoff  136      1176590.88 1133620.55  3.65%   3.5 3410s
 7146275 4448810 1156540.03   97   54 1176590.88 1133621.34  3.65%   3.5 3415s
 7154219 4453264 1154300.76  134   54 1176590.88 1133621.41  3.65%   3.5 3420s
 7166256 4461036 1137925.81   93   61 1176590.88 1133622.21  3.65%   3.5 3425s
 7173918 4465839 1142993.20  110   58 1176590.88 1133622.56  3.65%   3.5 3430s
 7185076 4473024 1171733.61  165   46 1176590.88 1133623.02  3.65%   3.5 3435s
 7195289 4478330 1176137.36  141   45 1176590.88 1133623.70  3.65%   3.5 3440s
 7204395 4483774 1171225.35  185   47 1176590.88 1133623.84  3.65%   3.5 3445s
 7215857 4490905 1158292.90  132   53 1176590.88 1133624.68  3.65%   3.5 3450s
 7224964 4497482 1168592.28  152   55 1176590.88 1133625.02  3.65%   3.5 3455s
 7234550 4501431 1143056.93   93   61 1176590.88 1133625.94  3.65%   3.5 3460s
 7242345 4506214     cutoff  127      1176590.88 1133626.64  3.65%   3.5 3465s
 7252758 4510225 1176013.53  153   44 1176590.88 1133627.36  3.65%   3.5 3470s
 7263147 4515803 1155223.25  142   56 1176590.88 1133628.00  3.65%   3.5 3475s
 7270506 4519321 1145976.40   91   63 1176590.88 1133628.39  3.65%   3.5 3480s
 7281836 4527029 1171045.14  142   48 1176590.88 1133628.64  3.65%   3.5 3485s
 7290014 4531636     cutoff  224      1176590.88 1133629.11  3.65%   3.5 3490s
 7300183 4539610     cutoff  179      1176590.88 1133629.37  3.65%   3.5 3495s
 7307935 4543315 1171312.12  162   51 1176590.88 1133629.87  3.65%   3.5 3500s
 7318902 4548794 1165607.41  158   51 1176590.88 1133630.17  3.65%   3.5 3505s
 7328389 4553734 1147659.75  108   58 1176590.88 1133630.71  3.65%   3.5 3511s
 7336326 4557483     cutoff  157      1176590.88 1133631.16  3.65%   3.5 3515s
 7347983 4564782 1176081.98  197   52 1176590.88 1133631.83  3.65%   3.5 3520s
 7356174 4569826 1143990.43  108   59 1176590.88 1133632.25  3.65%   3.5 3525s
 7366572 4577615 1154376.92  130   55 1176590.88 1133632.61  3.65%   3.5 3530s
 7373515 4581301     cutoff  182      1176590.88 1133633.09  3.65%   3.5 3535s
 7384102 4587408     cutoff  139      1176590.88 1133633.44  3.65%   3.5 3540s
 7391804 4591206     cutoff  153      1176590.88 1133633.79  3.65%   3.5 3545s
 7402566 4596588     cutoff  148      1176590.88 1133634.74  3.65%   3.5 3550s
 7413393 4602353 1172741.32  192   55 1176590.88 1133635.63  3.65%   3.5 3555s
 7421553 4608135 1155665.26  125   55 1176590.88 1133636.00  3.65%   3.5 3560s
 7431600 4614587 1161219.36  138   55 1176590.88 1133636.56  3.65%   3.5 3565s
 7440082 4620152     cutoff  169      1176590.88 1133636.87  3.65%   3.5 3570s
 7450188 4625667 1139831.08   88   60 1176590.88 1133637.43  3.65%   3.5 3575s
 7459196 4631554 1137423.46   99   63 1176590.88 1133637.74  3.65%   3.5 3580s
 7471285 4638761 1156735.01  151   51 1176590.88 1133638.82  3.65%   3.5 3585s
 7480321 4643997 1167744.27  161   50 1176590.88 1133639.16  3.65%   3.5 3590s
 7490961 4649799 1143979.39  107   60 1176590.88 1133639.91  3.65%   3.5 3595s

Cutting planes:
  RLT: 28

Explored 7498300 nodes (26337913 simplex iterations) in 3600.13 seconds (1420.74 work units)
Thread count was 2 (of 24 available processors)

Solution count 10: 1.17659e+06 1.17659e+06 1.17659e+06 ... 1.1766e+06

Time limit reached
Best objective 1.176590878200e+06, best bound 1.133640168750e+06, gap 3.6504%
