
Gurobi 11.0.3 (linux64, Java) logging started sáb 30 nov 2024 00:54:38 -03

Set parameter Username
Academic license - for non-commercial use only - expires 2025-10-10
Set parameter NonConvex to value 2
Set parameter TimeLimit to value 3600
Set parameter LogToConsole to value 0
Set parameter MIPGap to value 2.5029985070196468e-07
Set parameter Threads to value 2
Set parameter NodefileDir to value "/home/ps12398/experiment_epec/goalProgrammingMarcos/"
Set parameter NodefileStart to value 1
Gurobi Optimizer version 11.0.3 build v11.0.3rc0 (linux64)

CPU model: Intel(R) Xeon(R) CPU           X5650  @ 2.67GHz, instruction set [SSE2]
Thread count: 12 physical cores, 24 logical processors, using up to 2 threads

Optimize a model with 58003 rows, 39068 columns and 204825 nonzeros
Model fingerprint: 0x2c99c16f
Model has 144 quadratic constraints
Variable types: 19466 continuous, 19602 integer (139 binary)
Coefficient statistics:
  Matrix range     [7e-03, 6e+05]
  QMatrix range    [7e-03, 2e+04]
  QLMatrix range   [1e+00, 2e+04]
  Objective range  [2e+00, 8e+06]
  Bounds range     [1e+00, 1e+08]
  RHS range        [1e+00, 5e+05]
  QRHS range       [8e-02, 8e-02]
Presolve removed 57813 rows and 38465 columns
Presolve time: 0.07s
Presolved: 637 rows, 749 columns, 6578 nonzeros
Presolved model has 2 SOS constraint(s)
Presolved model has 139 bilinear constraint(s)

Solving non-convex MIQCP

Variable types: 427 continuous, 322 integer (141 binary)
Found heuristic solution: objective 723843.90879

Root relaxation: objective 3.321496e+05, 81 iterations, 0.00 seconds (0.00 work units)

    Nodes    |    Current Node    |     Objective Bounds      |     Work
 Expl Unexpl |  Obj  Depth IntInf | Incumbent    BestBd   Gap | It/Node Time

     0     0 332149.556    0   65 723843.909 332149.556  54.1%     -    0s
H    0     0                    692821.75967 332149.556  52.1%     -    0s
     0     0 381058.394    0   66 692821.760 381058.394  45.0%     -    0s
H    0     0                    547845.50387 381075.184  30.4%     -    0s
     0     0 390670.584    0   67 547845.504 390670.584  28.7%     -    0s
H    0     0                    525500.59635 390697.165  25.7%     -    0s
     0     0 390811.385    0   67 525500.596 390811.385  25.6%     -    0s
     0     0 391894.755    0   67 525500.596 391894.755  25.4%     -    0s
H    0     0                    515764.00878 391909.298  24.0%     -    0s
     0     0 391924.059    0   67 515764.009 391924.059  24.0%     -    0s
H    0     0                    515704.10607 391926.772  24.0%     -    0s
     0     2 391935.860    0   67 515704.106 391935.860  24.0%     -    0s
H  606   611                    450864.83399 393018.644  12.8%   3.2    0s
H  803   817                    449920.80490 393019.425  12.6%   3.0    0s
H 1653  1399                    446370.42303 414152.781  7.22%   2.8    2s
H 1750  1436                    443094.37955 414152.781  6.53%   2.8    2s
H 1847  1454                    442660.28827 414152.781  6.44%   2.8    2s
H 1944  1476                    437984.99119 414152.781  5.44%   2.8    2s
H 2041  1459                    437551.51515 414152.781  5.35%   2.9    2s
H 2191  1477                    437416.55205 414152.781  5.32%   2.9    2s
* 2240  1475             342    437416.24731 414152.781  5.32%   2.9    2s
H 2720  1772                    437040.25667 414181.168  5.23%   3.1    2s
* 2736  1733             475    437010.05224 414181.168  5.22%   3.1    2s
* 2998  1800             263    436929.05639 414461.174  5.14%   3.0    3s
H 3399  2219                    436641.63903 414461.174  5.08%   2.8    3s
* 3733  2455             290    436279.46850 414497.808  4.99%   3.0    3s
* 3740  2444             294    436238.86925 414497.808  4.98%   3.0    3s
  8574  7080 433928.991  188   43 436238.869 414692.034  4.94%   2.9    5s
*13668 11362             255    436194.51666 414889.127  4.88%   2.6    7s
*13669 11361             255    436193.85058 414889.127  4.88%   2.6    7s
*13992 11497             266    436117.07152 414889.127  4.87%   2.6    7s
*17366 14358             272    436042.95248 414952.315  4.84%   2.5    8s
H19016 15766                    435949.53944 414970.328  4.81%   2.5    9s
 20255 16975 428261.452  137   54 435949.539 414979.809  4.81%   2.5   10s
*28663 23854             252    435874.45963 415182.268  4.75%   2.4   13s
 32778 27328 433246.141  149   50 435874.460 415247.356  4.73%   2.4   15s
*36712 30586             243    435873.47606 415311.505  4.72%   2.3   16s
*39607 33034             269    435838.02534 415350.248  4.70%   2.3   17s
*39631 33023             272    435832.87682 415350.248  4.70%   2.3   17s
*45670 37952             252    435827.86266 415402.571  4.69%   2.3   19s
 47385 39474 433997.005  193   43 435827.863 415411.313  4.68%   2.3   20s
*52771 43965             278    435803.52219 415463.992  4.67%   2.3   21s
*56887 47284             269    435792.27758 415501.883  4.66%   2.3   23s
*59571 49412             265    435751.67833 415516.392  4.64%   2.3   24s
 60118 49916 433548.684  153   49 435751.678 415520.002  4.64%   2.3   25s
 72488 60259 428420.530  112   57 435751.678 415595.102  4.63%   2.3   30s
*72944 60446             250    435738.04207 415597.560  4.62%   2.3   30s
*76417 63251             247    435724.61120 415616.757  4.61%   2.3   31s
 87899 72803 417931.217   82   66 435724.611 415669.662  4.60%   2.3   35s
*96591 79846             259    435711.07909 415702.896  4.59%   2.3   38s
 99998 82781 430256.888  140   60 435711.079 415717.931  4.59%   2.3   40s
H101882 83915                    435670.47985 415726.645  4.58%   2.3   40s
 116511 96116 421404.937   98   63 435670.480 415782.654  4.56%   2.3   45s
 129978 107194 418337.861   83   64 435670.480 415824.789  4.56%   2.3   50s
*139677 115196             255    435670.32217 415864.962  4.55%   2.3   53s
 142339 117340 417973.145   81   64 435670.322 415879.913  4.54%   2.3   55s
*154031 126714             242    435629.88061 415902.761  4.53%   2.3   59s
 155313 127838 427177.920  107   58 435629.881 415907.052  4.53%   2.3   60s
 168344 138827 427468.486  134   52 435629.881 415945.768  4.52%   2.3   65s
 181187 149342 426072.193  105   61 435629.881 415979.158  4.51%   2.3   70s
 192880 158672     cutoff  223      435629.881 415999.723  4.51%   2.3   75s
 205740 169447 433742.392  182   47 435629.881 416027.146  4.50%   2.3   80s
 218194 179853 422202.798   89   62 435629.881 416050.524  4.49%   2.3   85s
 231139 190713 434057.685  184   47 435629.881 416075.744  4.49%   2.3   90s
 243190 200925 420842.163   96   62 435629.881 416100.051  4.48%   2.3   95s
 257345 212824 425048.039  110   60 435629.881 416127.042  4.48%   2.3  100s
 269508 223100 431599.925  151   53 435629.881 416150.453  4.47%   2.3  105s
 282419 233755 435130.279  156   47 435629.881 416171.204  4.47%   2.3  110s
 296359 245442 434870.116  186   42 435629.881 416192.681  4.46%   2.3  115s
*298017 246690             239    435611.02534 416194.717  4.46%   2.3  115s
 308734 255439 421283.009   88   64 435611.025 416210.478  4.45%   2.3  120s
*315817 261519             222    435609.69018 416218.084  4.45%   2.3  122s
*317613 262890             255    435597.66716 416220.436  4.45%   2.3  123s
*319257 264071             246    435593.21609 416223.557  4.45%   2.3  124s
 321021 265532     cutoff  149      435593.216 416226.474  4.45%   2.3  125s
*327630 270895             256    435592.02311 416233.772  4.44%   2.3  127s
*331786 274465             242    435589.28136 416238.861  4.44%   2.3  128s
 334440 276879 429706.285  138   56 435589.281 416243.146  4.44%   2.3  130s
 347319 287535 430336.010  104   56 435589.281 416254.219  4.44%   2.3  135s
 360936 298585 425329.137  100   62 435589.281 416273.695  4.43%   2.3  140s
 373941 309474 426052.233  116   61 435589.281 416288.657  4.43%   2.3  145s
 386961 320105 420294.849   96   64 435589.281 416304.307  4.43%   2.3  150s
 400804 331946 426205.034  106   60 435589.281 416320.006  4.42%   2.3  155s
*413611 341767             247    435548.68212 416335.463  4.41%   2.3  159s
 414045 342151 425290.333  102   61 435548.682 416336.097  4.41%   2.3  160s
 427226 353611 434761.209  188   43 435548.682 416348.217  4.41%   2.3  165s
 442292 366018 425510.480  106   55 435548.682 416361.838  4.41%   2.3  170s
*453154 374768             235    435546.84140 416372.988  4.40%   2.3  174s
 453986 375536 429539.526  138   58 435546.841 416374.491  4.40%   2.3  175s
 466355 385861     cutoff  145      435546.841 416386.063  4.40%   2.3  180s
 479307 396762 425700.965  120   57 435546.841 416396.363  4.40%   2.3  185s
 491977 407237 424714.502   98   62 435546.841 416407.057  4.39%   2.3  190s
 504051 417135 434106.240  195   46 435546.841 416419.275  4.39%   2.3  195s
 516634 427518 428840.343  135   61 435546.841 416433.033  4.39%   2.3  200s
 529685 438453 422370.249   98   60 435546.841 416445.249  4.39%   2.3  205s
 541971 448796 421834.668  106   61 435546.841 416453.794  4.38%   2.3  210s
 555088 459769 420547.624   85   64 435546.841 416462.090  4.38%   2.3  215s
 566740 469295 435303.874  162   48 435546.841 416471.756  4.38%   2.3  220s
 579423 479462 431582.446  153   57 435546.841 416480.287  4.38%   2.3  225s
 592317 490088 425158.875  136   57 435546.841 416491.005  4.38%   2.3  230s
 604596 500230     cutoff  151      435546.841 416498.821  4.37%   2.3  235s
 617408 510903 418925.286   90   64 435546.841 416508.477  4.37%   2.3  240s
 629298 520558 424820.404   97   61 435546.841 416517.990  4.37%   2.3  245s
 641710 530900 431176.813  147   52 435546.841 416524.975  4.37%   2.3  250s
 654606 541638 434664.000  199   47 435546.841 416531.855  4.37%   2.3  255s
*655613 542303             240    435541.18896 416532.801  4.36%   2.3  255s
*664237 548924             256    435540.02000 416538.683  4.36%   2.3  259s
 665439 550192 429859.031  120   54 435540.020 416539.374  4.36%   2.3  260s
 678083 560669 420391.593   90   64 435540.020 416546.555  4.36%   2.3  265s
 692624 572413     cutoff  149      435540.020 416555.466  4.36%   2.3  270s
 705368 582851 418585.581   87   64 435540.020 416562.148  4.36%   2.3  275s
 717916 593127 434921.118  131   45 435540.020 416570.803  4.36%   2.3  280s
*728082 600758             255    435508.08288 416576.159  4.35%   2.3  284s
 728854 601495 432291.512  156   51 435508.083 416576.161  4.35%   2.3  285s
*740897 611289             258    435505.20824 416583.631  4.34%   2.3  290s
 753545 621693 424276.735  100   60 435505.208 416591.551  4.34%   2.3  295s
 765992 632325 432131.314  180   45 435505.208 416596.677  4.34%   2.3  300s
 778491 642489 421385.937   89   63 435505.208 416602.558  4.34%   2.3  305s
 790771 652967 426403.399  107   61 435505.208 416607.813  4.34%   2.3  310s
 802861 663107 429122.222  133   55 435505.208 416613.716  4.34%   2.3  315s
 814051 672385 418601.707   77   64 435505.208 416618.915  4.34%   2.3  320s
 826361 682325 432643.642  156   46 435505.208 416624.389  4.34%   2.3  325s
 839072 692975 434890.019  189   41 435505.208 416630.901  4.33%   2.3  330s
 852881 704275     cutoff  194      435505.208 416637.988  4.33%   2.3  335s
 866243 715332 422088.596   89   62 435505.208 416644.009  4.33%   2.3  340s
 878269 725184 421946.018   93   63 435505.208 416649.978  4.33%   2.3  345s
 892648 737111 430116.064  147   59 435505.208 416655.059  4.33%   2.3  350s
 905526 747690 422176.458  110   62 435505.208 416662.088  4.33%   2.3  355s
 917286 757346 421823.446  105   61 435505.208 416668.073  4.33%   2.3  360s
 930482 768148     cutoff  143      435505.208 416673.426  4.32%   2.3  365s
 943273 778748 422321.692  103   61 435505.208 416679.330  4.32%   2.3  370s
 956237 789405 416790.118   78   66 435505.208 416685.574  4.32%   2.3  375s
 969770 800484 430375.684  125   55 435505.208 416690.528  4.32%   2.3  380s
 982926 811770 425590.914  110   60 435505.208 416695.994  4.32%   2.3  385s
 996011 822280 422574.216  103   64 435505.208 416701.285  4.32%   2.3  390s
 1007863 832149 434541.877  164   49 435505.208 416706.863  4.32%   2.3  395s
 1020669 842991 419494.265   83   65 435505.208 416711.471  4.32%   2.3  400s
 1033339 853413 417423.648   73   66 435505.208 416716.065  4.31%   2.3  405s
 1045836 863642 434657.794  149   47 435505.208 416721.177  4.31%   2.3  410s
 1058202 874000 424969.905  103   61 435505.208 416725.819  4.31%   2.3  415s
 1069495 883434 434461.679  145   46 435505.208 416729.110  4.31%   2.3  420s
 1082062 893816 432899.461  162   44 435505.208 416734.501  4.31%   2.3  425s
 1095034 904275 422698.488  111   61 435505.208 416739.609  4.31%   2.3  430s
 1107760 914381 433363.642  210   43 435505.208 416744.331  4.31%   2.3  435s
 1120477 925093 434054.289  139   49 435505.208 416748.117  4.31%   2.3  440s
 1131759 933930 429130.684  128   56 435505.208 416753.038  4.31%   2.3  445s
 1144357 944315 424527.636  126   57 435505.208 416757.335  4.30%   2.3  450s
 1156849 954566 430062.610  121   55 435505.208 416761.706  4.30%   2.3  455s
 1169436 965117 429815.193  149   57 435505.208 416766.848  4.30%   2.3  460s
 1181868 975213 433690.371  136   52 435505.208 416771.558  4.30%   2.3  465s
 1193894 984740 427692.053  124   58 435505.208 416776.365  4.30%   2.3  470s
 1206100 994762     cutoff  140      435505.208 416780.204  4.30%   2.3  475s
 1218042 1004293 420684.663   93   65 435505.208 416785.168  4.30%   2.3  480s
 1230102 1014267 431037.099  148   51 435505.208 416788.752  4.30%   2.3  485s
 1243442 1025232 423578.166  122   57 435505.208 416792.569  4.30%   2.3  490s
 1256118 1035891 420660.729   93   63 435505.208 416795.666  4.30%   2.3  495s
 1268418 1045840 428835.246  138   54 435505.208 416799.891  4.30%   2.3  500s
 1281534 1056208 435457.034  223   43 435505.208 416804.573  4.29%   2.3  505s
 1294396 1067101 423873.060  100   61 435505.208 416807.903  4.29%   2.3  510s
 1307674 1078147 431793.305  128   53 435505.208 416811.844  4.29%   2.3  515s
 1320668 1088724 425058.301  109   58 435505.208 416815.548  4.29%   2.3  520s
 1332038 1097853 418018.505   81   64 435505.208 416818.185  4.29%   2.3  525s
 1344612 1108273 435240.053  178   45 435505.208 416821.699  4.29%   2.3  530s
 1357113 1118359 421842.141  105   61 435505.208 416825.526  4.29%   2.3  535s
 1369655 1128577     cutoff  163      435505.208 416829.001  4.29%   2.3  540s
 1380895 1137662 431343.581  135   49 435505.208 416832.531  4.29%   2.3  545s
 1392949 1147588 425556.140  133   58 435505.208 416836.931  4.29%   2.3  550s
 1405122 1157671 420643.094  101   66 435505.208 416840.502  4.29%   2.3  555s
 1417702 1168042 433255.012  148   53 435505.208 416843.983  4.28%   2.3  560s
*1418787 1168468             227    435494.66012 416844.199  4.28%   2.3  560s
*1418967 1167743             245    435467.48363 416844.243  4.28%   2.3  561s
 1427310 1174992     cutoff  158      435467.484 416846.413  4.28%   2.3  565s
 1439539 1185060 420202.161   98   61 435467.484 416851.185  4.28%   2.3  570s
 1452131 1195710     cutoff  155      435467.484 416853.870  4.27%   2.3  575s
 1464573 1205834 418159.072   84   64 435467.484 416856.899  4.27%   2.3  580s
 1476506 1215654 424580.238   95   61 435467.484 416859.789  4.27%   2.3  585s
 1490834 1227534 426612.583  120   58 435467.484 416863.589  4.27%   2.3  590s
 1503907 1237979 417695.863   90   64 435467.484 416867.795  4.27%   2.3  595s
 1516175 1247926 433813.937  177   48 435467.484 416871.306  4.27%   2.3  600s
 1529695 1259274 426641.376  116   60 435467.484 416874.217  4.27%   2.3  605s
 1542523 1269708 426740.883  131   61 435467.484 416877.217  4.27%   2.3  610s
 1555101 1279766     cutoff  222      435467.484 416880.668  4.27%   2.3  615s
 1567184 1289962 417486.680   78   65 435467.484 416882.955  4.27%   2.3  620s
 1579536 1299988     cutoff  172      435467.484 416885.419  4.27%   2.3  625s
 1592048 1310164 431524.264  120   54 435467.484 416889.053  4.27%   2.3  630s
 1603688 1319523 419882.054   90   64 435467.484 416892.226  4.27%   2.3  635s
 1616184 1330026 433165.732  185   49 435467.484 416894.210  4.27%   2.3  640s
 1629222 1340923     cutoff  130      435467.484 416896.613  4.26%   2.3  645s
 1641641 1351009 435088.914  149   46 435467.484 416899.873  4.26%   2.3  650s
 1653240 1360642 427986.989  107   59 435467.484 416902.836  4.26%   2.3  655s
 1666159 1371169 427657.956  115   57 435467.484 416906.059  4.26%   2.3  660s
 1678545 1381184 419654.737   86   64 435467.484 416909.303  4.26%   2.3  665s
Created node file directory '/home/ps12398/experiment_epec/goalProgrammingMarcos//grbnodes7'
 1684611 1385468 420069.547   95   63 435467.484 416910.696  4.26%   2.3  670s
 1695565 1393857 419893.177   83   64 435467.484 416910.848  4.26%   2.3  675s
 1705879 1398670     cutoff  227      435467.484 416911.636  4.26%   2.3  680s
 1715758 1405362 433838.672  198   41 435467.484 416911.779  4.26%   2.3  687s
 1722204 1409571 419036.734   93   63 435467.484 416912.557  4.26%   2.3  690s
 1733767 1418159 429750.790  125   54 435467.484 416912.716  4.26%   2.3  695s
 1745502 1426217 424273.130  123   54 435467.484 416913.380  4.26%   2.3  700s
 1754574 1433034     cutoff  167      435467.484 416913.631  4.26%   2.3  705s
 1771255 1445960     cutoff  164      435467.484 416914.351  4.26%   2.3  710s
 1778706 1450566 424872.484  120   58 435467.484 416914.452  4.26%   2.3  715s
 1788901 1458096 422112.132  131   58 435467.484 416914.895  4.26%   2.3  720s
 1799699 1466721 428547.268  136   53 435467.484 416915.295  4.26%   2.4  726s
 1807536 1471650 428481.657  129   60 435467.484 416915.761  4.26%   2.4  730s
 1817530 1478529 425207.780  126   56 435467.484 416916.111  4.26%   2.4  735s
 1827751 1485950 418951.696   90   66 435467.484 416916.760  4.26%   2.4  741s
 1836362 1492309     cutoff  211      435467.484 416917.145  4.26%   2.4  745s
 1847563 1499591 434807.382  156   46 435467.484 416917.755  4.26%   2.4  750s
 1855004 1504436     cutoff  135      435467.484 416918.190  4.26%   2.4  755s
 1863694 1512568 432385.391  173   46 435467.484 416918.337  4.26%   2.4  760s
 1874179 1518253     cutoff  156      435467.484 416919.033  4.26%   2.4  765s
 1880270 1522670 420020.979   86   63 435467.484 416919.187  4.26%   2.4  770s
 1891097 1531464     cutoff  154      435467.484 416919.652  4.26%   2.4  775s
 1901931 1537694 420261.239   91   63 435467.484 416920.466  4.26%   2.4  780s
 1909204 1542442 435320.763  166   46 435467.484 416920.744  4.26%   2.4  785s
 1920777 1550517 421471.728  107   63 435467.484 416921.145  4.26%   2.4  790s
 1929152 1556835 422329.947   90   64 435467.484 416921.838  4.26%   2.4  795s
 1938410 1563026 430209.941  168   48 435467.484 416922.108  4.26%   2.4  800s
 1948139 1570066 423290.908  100   62 435467.484 416922.719  4.26%   2.4  805s
 1954309 1574821 423005.568  112   60 435467.484 416922.951  4.26%   2.4  810s
 1965709 1582499 435265.556  137   48 435467.484 416923.418  4.26%   2.4  815s
 1977178 1590932     cutoff  169      435467.484 416923.874  4.26%   2.4  820s
 1984089 1595048 434625.617  148   47 435467.484 416924.279  4.26%   2.4  825s
 1995819 1604057     cutoff  171      435467.484 416924.620  4.26%   2.4  830s
 2004491 1611555 432862.403  187   43 435467.484 416924.783  4.26%   2.4  835s
 2015017 1619947 426180.293  100   59 435467.484 416925.144  4.26%   2.4  840s
 2025096 1627030 421166.607   85   61 435467.484 416925.579  4.26%   2.4  847s
 2031857 1631970 420209.512   95   63 435467.484 416925.905  4.26%   2.4  850s
 2042419 1640339 434694.197  189   43 435467.484 416926.133  4.26%   2.5  855s
 2050235 1644621     cutoff  132      435467.484 416926.527  4.26%   2.5  861s
 2058277 1649845 430764.021  176   49 435467.484 416926.572  4.26%   2.5  865s
 2068977 1657351 427103.286  129   55 435467.484 416927.112  4.26%   2.5  870s
 2076725 1662120     cutoff  226      435467.484 416927.576  4.26%   2.5  876s
 2084441 1667971 434072.249  199   45 435467.484 416927.607  4.26%   2.5  880s
 2095737 1676968 434599.227  156   49 435467.484 416928.098  4.26%   2.5  885s
 2104406 1682840     cutoff  155      435467.484 416928.541  4.26%   2.5  890s
 2116719 1690530     cutoff  120      435467.484 416928.892  4.26%   2.5  895s
 2124836 1695980 423721.861  121   55 435467.484 416929.150  4.26%   2.5  900s
 2136049 1703974 429616.298  156   50 435467.484 416929.435  4.26%   2.5  905s
 2147009 1711306 430074.160  150   52 435467.484 416930.039  4.26%   2.5  910s
 2158680 1719346 425804.203  123   59 435467.484 416930.488  4.26%   2.5  915s
 2170043 1727465 434691.274  142   47 435467.484 416931.030  4.26%   2.5  920s
 2181284 1736144 435115.168  158   47 435467.484 416931.544  4.26%   2.5  925s
 2192905 1742398 418739.095   85   64 435467.484 416932.355  4.26%   2.5  931s
 2201405 1748632 432212.084  197   45 435467.484 416932.355  4.26%   2.5  935s
 2212323 1757643 430726.126  160   48 435467.484 416932.847  4.26%   2.5  940s
 2218067 1760872 419820.854   85   64 435467.484 416933.118  4.26%   2.5  945s
 2229195 1768808 434800.366  147   51 435467.484 416933.679  4.26%   2.5  950s
 2236548 1775824 431043.164  178   48 435467.484 416933.721  4.26%   2.5  955s
 2247541 1782026 425214.646  127   59 435467.484 416933.911  4.26%   2.5  960s
 2256512 1788416     cutoff  171      435467.484 416934.460  4.26%   2.5  965s
 2266429 1796285 433833.319  193   46 435467.484 416934.509  4.26%   2.5  970s
 2276348 1803795 427782.512  128   57 435467.484 416935.241  4.26%   2.5  975s
 2287504 1811764 424191.819   89   62 435467.484 416935.656  4.26%   2.5  980s
 2296992 1818906 431333.195  181   47 435467.484 416935.695  4.26%   2.5  985s
 2307117 1827745 432991.233  192   48 435467.484 416936.079  4.26%   2.5  990s
 2316391 1834236 430105.956  158   51 435467.484 416936.323  4.26%   2.5  995s
 2325132 1840714 422967.453  108   60 435467.484 416936.799  4.26%   2.5 1000s
 2335906 1848611     cutoff  141      435467.484 416937.210  4.26%   2.5 1005s
 2342383 1852833 435389.434  215   44 435467.484 416937.607  4.26%   2.5 1010s
 2353931 1861118 425703.440  129   58 435467.484 416938.023  4.26%   2.5 1015s
 2362178 1867312 417350.534   79   65 435467.484 416938.387  4.25%   2.5 1020s
 2374428 1877510 433419.989  143   47 435467.484 416938.586  4.25%   2.6 1026s
 2382499 1884413 433352.224  186   43 435467.484 416938.743  4.25%   2.6 1030s
 2392388 1888417 427633.232   99   61 435467.484 416939.606  4.25%   2.6 1035s
 2398895 1892951 417197.431   77   64 435467.484 416939.815  4.25%   2.6 1040s
 2411560 1903580 428280.362  136   55 435467.484 416940.370  4.25%   2.6 1045s
 2419578 1908379     cutoff  129      435467.484 416940.655  4.25%   2.6 1050s
 2429722 1914893 433555.293  198   43 435467.484 416940.698  4.25%   2.6 1055s
 2441146 1923181 430273.637  157   53 435467.484 416941.554  4.25%   2.6 1060s
 2447645 1927778 435387.892  239    6 435467.484 416942.312  4.25%   2.6 1065s
 2457849 1933649 430487.747  177   48 435467.484 416942.794  4.25%   2.6 1070s
 2465262 1940455 430952.970  150   49 435467.484 416943.163  4.25%   2.6 1075s
 2476647 1949052 434292.840  146   50 435467.484 416943.578  4.25%   2.6 1080s
 2483545 1952790 426453.634  146   54 435467.484 416943.815  4.25%   2.6 1085s
 2493644 1960003     cutoff  151      435467.484 416944.385  4.25%   2.6 1090s
 2505400 1964886 435391.146  202   45 435467.484 416945.254  4.25%   2.6 1095s
 2513108 1970666 423424.006  111   61 435467.484 416945.438  4.25%   2.6 1100s
 2524439 1978417 419986.577   89   62 435467.484 416946.249  4.25%   2.6 1105s
 2531952 1985302     cutoff  158      435467.484 416946.371  4.25%   2.6 1110s
 2544025 1995072 435378.804  147   45 435467.484 416946.683  4.25%   2.6 1115s
 2551036 1999082 432896.256  202   43 435467.484 416946.812  4.25%   2.6 1120s
 2563454 2007019 428255.934  127   55 435467.484 416947.376  4.25%   2.6 1125s
 2571817 2011583 428989.851  108   59 435467.484 416947.815  4.25%   2.6 1130s
 2583371 2019757 430180.362  151   50 435467.484 416948.050  4.25%   2.6 1135s
 2593421 2026669 421826.635  107   62 435467.484 416948.603  4.25%   2.6 1140s
 2604303 2034185 424758.901  111   62 435467.484 416948.979  4.25%   2.6 1145s
 2615103 2041949 432517.390  182   45 435467.484 416949.238  4.25%   2.6 1151s
 2624412 2048972 432237.269  168   51 435467.484 416949.852  4.25%   2.6 1155s
 2636393 2056821     cutoff  164      435467.484 416950.212  4.25%   2.6 1161s
 2646554 2064994 431956.747  174   50 435467.484 416950.428  4.25%   2.6 1165s
 2658103 2072553 431026.230  161   49 435467.484 416950.872  4.25%   2.6 1171s
 2666788 2078664 420867.260  112   60 435467.484 416951.320  4.25%   2.6 1175s
 2677269 2085114 434632.773  174   47 435467.484 416951.576  4.25%   2.6 1180s
 2684485 2090018 434886.160  144   48 435467.484 416951.983  4.25%   2.6 1185s
 2695742 2098286 432057.605  153   48 435467.484 416952.202  4.25%   2.6 1190s
 2702678 2101973 434744.726  129   47 435467.484 416953.095  4.25%   2.6 1195s
 2713131 2110073 430095.961  161   49 435467.484 416953.379  4.25%   2.6 1200s
 2723968 2116347 429223.885  137   54 435467.484 416954.093  4.25%   2.6 1205s
 2731345 2121730 434024.148  140   49 435467.484 416954.557  4.25%   2.6 1210s
 2741842 2128827 424330.936  125   57 435467.484 416955.133  4.25%   2.6 1215s
 2749116 2134177     cutoff  139      435467.484 416955.647  4.25%   2.6 1220s
 2759618 2142005 428721.237  146   52 435467.484 416955.719  4.25%   2.6 1225s
 2767700 2147915 426724.264  121   62 435467.484 416956.339  4.25%   2.6 1230s
 2779689 2157011     cutoff  141      435467.484 416956.919  4.25%   2.6 1235s
 2788091 2162645 433994.375  208   43 435467.484 416957.219  4.25%   2.6 1240s
 2798587 2171430     cutoff  149      435467.484 416957.676  4.25%   2.6 1245s
 2808984 2178554 423335.503   98   64 435467.484 416958.397  4.25%   2.6 1250s
 2820946 2188381 434315.205  194   46 435467.484 416958.608  4.25%   2.6 1255s
 2830223 2196112 428989.848  146   54 435467.484 416958.795  4.25%   2.6 1260s
 2840506 2202522 429062.494  146   55 435467.484 416959.233  4.25%   2.6 1265s
 2848899 2208979 421692.733   95   63 435467.484 416959.853  4.25%   2.6 1270s
 2859334 2215921     cutoff  137      435467.484 416960.349  4.25%   2.6 1275s
 2869960 2221945 434945.217  169   43 435467.484 416960.869  4.25%   2.6 1281s
 2879465 2228931 428817.612  137   52 435467.484 416961.138  4.25%   2.6 1285s
 2890602 2236610 426729.519  132   53 435467.484 416961.318  4.25%   2.6 1290s
 2898252 2242476 424078.394  124   56 435467.484 416961.665  4.25%   2.7 1295s
 2909189 2249830 420281.554   89   62 435467.484 416962.307  4.25%   2.7 1300s
 2916777 2255116     cutoff  159      435467.484 416962.580  4.25%   2.7 1305s
 2927904 2262779 424641.378  101   60 435467.484 416963.025  4.25%   2.7 1310s
 2936834 2269662 428929.665  158   52 435467.484 416963.245  4.25%   2.7 1315s
 2948479 2276749     cutoff  130      435467.484 416963.814  4.25%   2.7 1320s
 2956972 2282923     cutoff  204      435467.484 416964.101  4.25%   2.7 1325s
 2967563 2290078     cutoff  131      435467.484 416964.686  4.25%   2.7 1330s
 2976205 2296182     cutoff  157      435467.484 416965.072  4.25%   2.7 1335s
 2987828 2301418 421955.005  107   62 435467.484 416965.586  4.25%   2.7 1340s
 2998361 2308516 420147.143   83   65 435467.484 416966.085  4.25%   2.7 1345s
 3005910 2313998 433822.121  177   44 435467.484 416966.085  4.25%   2.7 1350s
 3017938 2322483 426593.136  145   52 435467.484 416966.536  4.25%   2.7 1355s
 3026911 2328259 434088.125  160   49 435467.484 416966.822  4.25%   2.7 1360s
 3038500 2335375 430869.457  133   54 435467.484 416967.372  4.25%   2.7 1365s
 3046183 2341587 426552.314  132   57 435467.484 416967.625  4.25%   2.7 1370s
 3056351 2348288     cutoff  131      435467.484 416968.256  4.25%   2.7 1375s
 3064654 2354059 428308.934  155   51 435467.484 416968.408  4.25%   2.7 1380s
H3068643 2355494                    435464.94173 416968.659  4.25%   2.7 1382s
 3074439 2359200     cutoff  117      435464.942 416968.949  4.25%   2.7 1385s
 3082892 2365337     cutoff  204      435464.942 416969.273  4.25%   2.7 1390s
 3094861 2375124 432121.008  154   49 435464.942 416969.851  4.25%   2.7 1395s
 3102199 2379544 424823.363  110   60 435464.942 416970.128  4.25%   2.7 1400s
 3112673 2387310     cutoff  152      435464.942 416970.619  4.25%   2.7 1405s
 3119904 2392544 435331.790  122   47 435464.942 416971.018  4.25%   2.7 1410s
 3130182 2400761     cutoff  147      435464.942 416971.088  4.25%   2.7 1415s
 3139423 2405392 421733.927   95   62 435464.942 416971.551  4.25%   2.7 1420s
 3147665 2411326 431364.486  129   53 435464.942 416971.907  4.25%   2.7 1425s
 3159118 2419333     cutoff  132      435464.942 416972.609  4.25%   2.7 1430s
 3166381 2424740 430872.546  152   51 435464.942 416972.663  4.25%   2.7 1435s
 3177234 2432902 420453.140   98   61 435464.942 416973.273  4.25%   2.7 1440s
 3186256 2439089     cutoff  157      435464.942 416973.609  4.25%   2.7 1445s
 3195189 2446501 426920.753  130   54 435464.942 416973.822  4.25%   2.7 1450s
 3206651 2456087 430718.484  167   48 435464.942 416974.324  4.25%   2.7 1455s
 3215621 2460112 421272.599  108   60 435464.942 416974.927  4.25%   2.7 1461s
 3223354 2465038 430637.177  125   55 435464.942 416975.228  4.25%   2.7 1465s
 3234889 2472838 430940.631  150   51 435464.942 416975.347  4.25%   2.7 1470s
 3242739 2478024 429178.450  145   54 435464.942 416975.511  4.25%   2.7 1475s
 3252608 2484674 432983.916  183   44 435464.942 416975.643  4.25%   2.7 1480s
 3260108 2489178 434870.218  148   50 435464.942 416976.377  4.25%   2.7 1485s
 3271282 2496594 431965.144  175   45 435464.942 416976.625  4.25%   2.7 1490s
 3278667 2501723 433163.686  181   47 435464.942 416976.908  4.25%   2.7 1495s
 3290094 2511145 434764.871  196   44 435464.942 416977.254  4.25%   2.7 1500s
 3297397 2516178     cutoff  144      435464.942 416977.554  4.25%   2.7 1505s
 3307730 2524906     cutoff  175      435464.942 416977.780  4.25%   2.7 1510s
 3316447 2530635 425085.115   99   61 435464.942 416978.363  4.25%   2.7 1515s
 3327982 2539654 434311.310  151   45 435464.942 416978.658  4.25%   2.7 1520s
 3335931 2544505 433989.106  210   43 435464.942 416979.155  4.25%   2.7 1525s
 3347015 2552889     cutoff  149      435464.942 416979.635  4.24%   2.7 1530s
 3353756 2556360 418649.427   87   63 435464.942 416980.010  4.24%   2.7 1535s
 3365659 2565095     cutoff  129      435464.942 416980.574  4.24%   2.7 1540s
 3372308 2569667 422643.391  113   62 435464.942 416980.663  4.24%   2.7 1545s
 3383830 2579010 434417.723  173   45 435464.942 416981.164  4.24%   2.7 1550s
 3392510 2584747 432608.353  179   46 435464.942 416981.346  4.24%   2.7 1555s
 3402927 2591755 425539.438  119   57 435464.942 416981.834  4.24%   2.7 1560s
 3409539 2595343 435165.042  136   48 435464.942 416982.259  4.24%   2.7 1565s
 3420457 2602601     cutoff  176      435464.942 416982.660  4.24%   2.7 1570s
 3427789 2608667 429219.888  143   52 435464.942 416982.711  4.24%   2.7 1575s
 3438922 2616628 418911.583   81   65 435464.942 416983.213  4.24%   2.7 1580s
 3447027 2624282 430559.617  164   49 435464.942 416983.319  4.24%   2.7 1585s
 3458520 2633920 430187.895  140   51 435464.942 416983.674  4.24%   2.7 1590s
 3465135 2636435     cutoff  153      435464.942 416984.179  4.24%   2.7 1595s
 3475630 2643968     cutoff  143      435464.942 416984.544  4.24%   2.7 1600s
 3484021 2650184 423817.964  120   58 435464.942 416984.771  4.24%   2.7 1605s
 3496000 2660140     cutoff  148      435464.942 416985.098  4.24%   2.7 1610s
 3504160 2665370 429236.383  114   56 435464.942 416985.333  4.24%   2.7 1615s
 3515393 2675121 434317.761  178   44 435464.942 416985.644  4.24%   2.7 1621s
 3522424 2678803     cutoff  223      435464.942 416986.125  4.24%   2.7 1625s
 3534393 2686440 420456.980   98   64 435464.942 416986.658  4.24%   2.7 1630s
 3541810 2690787 435159.781  152   45 435464.942 416987.078  4.24%   2.7 1635s
 3553101 2698968 431972.432  191   45 435464.942 416987.312  4.24%   2.7 1640s
 3559334 2703622     cutoff  125      435464.942 416987.713  4.24%   2.7 1645s
 3571693 2713120 425177.196  122   61 435464.942 416988.001  4.24%   2.7 1650s
 3579656 2717837     cutoff  144      435464.942 416988.412  4.24%   2.7 1655s
 3591541 2724256 431980.252  205   45 435464.942 416988.825  4.24%   2.7 1660s
 3598769 2729801 435244.028  142   46 435464.942 416989.368  4.24%   2.7 1665s
 3610499 2738549 432277.522  170   50 435464.942 416989.715  4.24%   2.7 1670s
 3619111 2742806 419974.255   91   61 435464.942 416990.260  4.24%   2.7 1675s
 3630103 2750343 428502.834  132   58 435464.942 416990.618  4.24%   2.7 1680s
 3637765 2756269     cutoff  209      435464.942 416990.773  4.24%   2.7 1685s
 3649830 2766025 434831.524  136   48 435464.942 416991.200  4.24%   2.7 1690s
 3658520 2771545     cutoff  194      435464.942 416991.751  4.24%   2.7 1695s
 3670221 2779679 419717.072   91   62 435464.942 416992.166  4.24%   2.7 1700s
 3678302 2786012     cutoff  143      435464.942 416992.276  4.24%   2.7 1705s
 3687869 2790839 425727.725  124   57 435464.942 416992.503  4.24%   2.7 1710s
 3697095 2797297 429524.335  167   47 435464.942 416992.964  4.24%   2.7 1715s
 3708676 2806008 429023.214  132   56 435464.942 416993.426  4.24%   2.7 1720s
 3717185 2811850 423686.058  105   59 435464.942 416993.693  4.24%   2.7 1725s
 3727760 2819740 435328.237  173   46 435464.942 416994.277  4.24%   2.7 1730s
 3736406 2826000 428367.654  140   54 435464.942 416994.373  4.24%   2.7 1735s
 3747482 2833827 422932.995   99   62 435464.942 416995.016  4.24%   2.7 1740s
 3755788 2838278 419871.414   94   62 435464.942 416995.756  4.24%   2.7 1745s
 3767339 2846324 432823.030  113   49 435464.942 416996.035  4.24%   2.7 1750s
 3774946 2848562 431276.749  140   56 435464.942 416996.649  4.24%   2.7 1755s
 3786433 2856500 425590.810  116   55 435464.942 416997.078  4.24%   2.8 1760s
 3795293 2862755 429021.581  130   53 435464.942 416997.315  4.24%   2.8 1766s
 3803170 2867495 435438.879  195   42 435464.942 416997.665  4.24%   2.8 1770s
 3814095 2875791     cutoff  149      435464.942 416997.977  4.24%   2.8 1775s
 3825540 2883889     cutoff  162      435464.942 416998.304  4.24%   2.8 1780s
 3834389 2891978 434553.989  156   47 435464.942 416998.389  4.24%   2.8 1785s
 3844377 2898542 420876.421  100   59 435464.942 416999.036  4.24%   2.8 1790s
 3852622 2904763 433254.392  125   47 435464.942 416999.227  4.24%   2.8 1795s
 3864409 2914869 425595.323  124   56 435464.942 416999.518  4.24%   2.8 1800s
 3871744 2919853 424795.807  119   58 435464.942 416999.715  4.24%   2.8 1805s
 3882949 2927521 433276.945  129   51 435464.942 417000.060  4.24%   2.8 1810s
 3889971 2932371 428772.655  137   57 435464.942 417000.258  4.24%   2.8 1815s
 3900407 2939952 422803.241  115   60 435464.942 417000.783  4.24%   2.8 1820s
 3908794 2945470 422604.824  104   58 435464.942 417001.009  4.24%   2.8 1825s
 3920222 2955082 430459.273  149   54 435464.942 417001.281  4.24%   2.8 1830s
 3926700 2958910 421590.346  112   61 435464.942 417001.571  4.24%   2.8 1835s
 3937471 2966015 429029.404  133   53 435464.942 417001.915  4.24%   2.8 1840s
 3945554 2971766     cutoff  137      435464.942 417002.197  4.24%   2.8 1845s
 3957003 2981483     cutoff  159      435464.942 417002.512  4.24%   2.8 1850s
 3964884 2986333 429253.284  158   51 435464.942 417002.607  4.24%   2.8 1855s
 3976095 2994573 420062.986   92   62 435464.942 417003.097  4.24%   2.8 1860s
 3985063 3000989     cutoff  165      435464.942 417003.485  4.24%   2.8 1865s
 3996164 3008802 418952.349   96   63 435464.942 417003.932  4.24%   2.8 1871s
 4005107 3016151     cutoff  147      435464.942 417004.038  4.24%   2.8 1875s
 4014686 3022023 422793.506  120   58 435464.942 417004.347  4.24%   2.8 1881s
 4023473 3027699 432308.218  115   54 435464.942 417004.775  4.24%   2.8 1885s
 4033360 3033554 422974.235   95   62 435464.942 417005.271  4.24%   2.8 1890s
 4041701 3039055     cutoff  135      435464.942 417005.680  4.24%   2.8 1895s
 4054353 3047713 422141.976  105   59 435464.942 417005.966  4.24%   2.8 1901s
 4061643 3052906 434816.649  152   47 435464.942 417006.213  4.24%   2.8 1905s
 4073090 3059396 422598.228  104   61 435464.942 417006.601  4.24%   2.8 1910s
 4082672 3065955 425903.273  118   62 435464.942 417006.889  4.24%   2.8 1915s
 4094128 3074414 422824.257  108   60 435464.942 417007.193  4.24%   2.8 1920s
 4103144 3080518 426791.250  151   50 435464.942 417007.505  4.24%   2.8 1925s
 4112063 3088147 430454.417  156   51 435464.942 417007.939  4.24%   2.8 1930s
 4122669 3097035 428455.934  132   57 435464.942 417008.191  4.24%   2.8 1935s
 4131015 3102941 422236.819  103   62 435464.942 417008.533  4.24%   2.8 1940s
 4142310 3111355 421240.704  106   61 435464.942 417008.698  4.24%   2.8 1945s
 4150246 3117466     cutoff  140      435464.942 417009.043  4.24%   2.8 1950s
 4161754 3125587 429825.589  139   60 435464.942 417009.354  4.24%   2.8 1955s
 4168808 3130721 431021.619  155   49 435464.942 417009.563  4.24%   2.8 1960s
 4179224 3137571 421426.570   93   62 435464.942 417010.080  4.24%   2.8 1965s
 4186549 3142889     cutoff  140      435464.942 417010.330  4.24%   2.8 1970s
 4197649 3150796 418630.490   82   64 435464.942 417010.764  4.24%   2.8 1975s
 4205489 3157386 432083.410  169   49 435464.942 417010.764  4.24%   2.8 1980s
 4216707 3164446 423146.961   98   62 435464.942 417011.593  4.24%   2.8 1985s
 4225582 3169223 420503.364  101   61 435464.942 417011.911  4.24%   2.8 1990s
 4235270 3176145 418568.565   79   64 435464.942 417012.273  4.24%   2.8 1995s
 4243598 3182570 433580.086  195   44 435464.942 417012.340  4.24%   2.8 2000s
 4254505 3190674 427755.652  122   59 435464.942 417013.012  4.24%   2.8 2006s
 4263242 3197279 428426.285  125   56 435464.942 417013.184  4.24%   2.8 2010s
 4272273 3203377 431270.615  136   56 435464.942 417013.798  4.24%   2.8 2016s
 4280501 3207892     cutoff  147      435464.942 417014.298  4.24%   2.8 2020s
 4291609 3215808 433847.360  142   50 435464.942 417014.800  4.24%   2.8 2025s
 4299273 3221054 423829.711  107   59 435464.942 417015.027  4.24%   2.8 2030s
 4310431 3229578 427962.427  116   57 435464.942 417015.329  4.24%   2.8 2035s
 4318522 3236482 431783.897  181   47 435464.942 417015.570  4.24%   2.8 2040s
 4328134 3242729 431572.204  156   49 435464.942 417015.733  4.24%   2.8 2045s
 4339477 3250201 424269.482  130   58 435464.942 417016.201  4.24%   2.8 2050s
 4348053 3256634 422030.052  102   60 435464.942 417016.497  4.24%   2.8 2055s
 4359747 3265415     cutoff  205      435464.942 417016.815  4.24%   2.8 2060s
 4367902 3270677 425924.411  122   55 435464.942 417017.012  4.24%   2.8 2065s
 4379001 3278436 433341.832  159   47 435464.942 417017.189  4.24%   2.8 2070s
 4388222 3286461 435103.515  161   48 435464.942 417017.494  4.24%   2.8 2075s
 4397676 3294334 433664.332  191   44 435464.942 417017.813  4.24%   2.8 2080s
 4408857 3299204 435428.803  220   45 435464.942 417018.693  4.24%   2.8 2085s
 4419656 3302948     cutoff  164      435464.942 417019.503  4.24%   2.8 2090s
 4427677 3308069 431975.604  166   47 435464.942 417019.731  4.24%   2.8 2095s
 4439169 3315355 435126.464  132   48 435464.942 417020.391  4.24%   2.8 2100s
 4446968 3320500     cutoff  135      435464.942 417020.717  4.24%   2.8 2105s
 4457513 3326631 434598.339  186   44 435464.942 417021.107  4.24%   2.8 2110s
 4465702 3333906 431107.345  159   48 435464.942 417021.242  4.24%   2.8 2115s
 4476278 3343085 431641.922  174   49 435464.942 417021.406  4.24%   2.8 2120s
 4482901 3347084     cutoff  140      435464.942 417021.679  4.24%   2.8 2125s
 4494342 3355615 431296.021  141   53 435464.942 417021.851  4.24%   2.8 2130s
 4502353 3360920 426112.593  107   57 435464.942 417022.149  4.24%   2.8 2135s
 4512836 3367340     cutoff  145      435464.942 417022.525  4.24%   2.8 2140s
 4521739 3374735 430097.530  180   46 435464.942 417022.609  4.24%   2.8 2145s
 4531649 3381077 432739.453  171   45 435464.942 417022.743  4.24%   2.8 2150s
 4539456 3387733 434474.143  159   47 435464.942 417022.973  4.24%   2.8 2155s
 4550573 3394795 422360.596  106   59 435464.942 417023.298  4.23%   2.8 2160s
 4558373 3400333 424594.415  121   60 435464.942 417023.531  4.23%   2.8 2165s
 4569595 3408104 433077.405  191   44 435464.942 417023.775  4.23%   2.8 2170s
 4577334 3413505     cutoff  180      435464.942 417024.244  4.23%   2.8 2175s
 4590772 3422151 433664.967  187   44 435464.942 417024.810  4.23%   2.8 2181s
 4598466 3427245     cutoff  165      435464.942 417025.244  4.23%   2.8 2185s
 4608823 3432913     cutoff  177      435464.942 417025.833  4.23%   2.8 2190s
 4617237 3439947 430538.911  164   47 435464.942 417025.887  4.23%   2.8 2195s
 4628401 3445692 434986.939  158   50 435464.942 417026.375  4.23%   2.8 2200s
 4638267 3454200 431260.165  137   50 435464.942 417026.653  4.23%   2.8 2205s
 4647508 3462318 429269.157  127   54 435464.942 417026.698  4.23%   2.8 2210s
 4658754 3470103 434573.515  143   48 435464.942 417027.088  4.23%   2.8 2215s
 4667182 3476858 425265.322  122   58 435464.942 417027.306  4.23%   2.8 2220s
 4678219 3485163 434804.387  174   45 435464.942 417027.683  4.23%   2.8 2225s
 4687327 3491672 425968.726  129   59 435464.942 417027.802  4.23%   2.8 2230s
 4698411 3499330 431831.512  105   51 435464.942 417028.204  4.23%   2.8 2235s
 4707917 3506970 435411.052  145   50 435464.942 417028.433  4.23%   2.8 2240s
 4717282 3512251 419804.580   85   62 435464.942 417028.762  4.23%   2.8 2245s
 4730624 3521198     cutoff  164      435464.942 417029.425  4.23%   2.8 2250s
 4740569 3529657 431959.186  176   46 435464.942 417029.461  4.23%   2.8 2255s
 4752297 3536658 426123.516  107   60 435464.942 417030.083  4.23%   2.8 2261s
 4760345 3541985 434241.415  148   48 435464.942 417030.359  4.23%   2.8 2265s
 4770814 3549590 421175.058   93   61 435464.942 417030.478  4.23%   2.8 2270s
 4780884 3557255 425147.429  116   56 435464.942 417030.699  4.23%   2.8 2275s
 4790222 3564688     cutoff  151      435464.942 417031.040  4.23%   2.8 2280s
 4802042 3572162 421464.040  103   62 435464.942 417031.558  4.23%   2.8 2285s
 4810328 3576545 434254.864  141   48 435464.942 417031.900  4.23%   2.8 2290s
 4821709 3583465 421665.381   95   64 435464.942 417032.218  4.23%   2.8 2295s
 4830270 3589942 423749.894  123   56 435464.942 417032.490  4.23%   2.8 2300s
 4841771 3596944     cutoff  165      435464.942 417033.022  4.23%   2.8 2305s
 4852147 3604145     cutoff  157      435464.942 417033.437  4.23%   2.8 2310s
 4863128 3611903 428308.048  132   57 435464.942 417033.794  4.23%   2.8 2315s
 4871983 3617029 435029.070  160   47 435464.942 417034.146  4.23%   2.8 2320s
 4883203 3626674 419369.456   90   64 435464.942 417034.390  4.23%   2.8 2325s
 4894501 3634224 429760.644  115   54 435464.942 417035.093  4.23%   2.8 2330s
 4903207 3640130 427750.537  127   53 435464.942 417035.237  4.23%   2.8 2335s
 4914210 3648095 424134.619  120   60 435464.942 417035.716  4.23%   2.8 2340s
 4923045 3654982 427325.376  106   58 435464.942 417035.905  4.23%   2.8 2345s
 4933249 3662725 419255.531   80   63 435464.942 417036.094  4.23%   2.8 2350s
 4941277 3668470 432574.527  193   43 435464.942 417036.094  4.23%   2.8 2355s
 4952152 3675701 434030.134  165   45 435464.942 417036.655  4.23%   2.8 2360s
 4960484 3681749 430014.348  157   52 435464.942 417036.735  4.23%   2.8 2365s
 4971506 3690673 434616.120  149   47 435464.942 417037.100  4.23%   2.8 2370s
 4979203 3693478 421874.640  115   60 435464.942 417037.506  4.23%   2.8 2375s
 4989976 3701385     cutoff  169      435464.942 417038.008  4.23%   2.8 2380s
 4998487 3706959 430677.491  157   49 435464.942 417038.136  4.23%   2.8 2385s
 5009112 3714756 425283.419  125   57 435464.942 417038.635  4.23%   2.8 2390s
 5016816 3720884 425492.022  127   57 435464.942 417038.968  4.23%   2.8 2395s
 5028298 3730095 425733.786  112   57 435464.942 417039.120  4.23%   2.8 2400s
 5036004 3735331 422336.230  101   59 435464.942 417039.311  4.23%   2.8 2405s
 5045764 3742521 420929.529  101   62 435464.942 417039.476  4.23%   2.8 2410s
 5055599 3749374     cutoff  230      435464.942 417039.917  4.23%   2.8 2415s
 5064020 3756293 432308.132  205   44 435464.942 417039.986  4.23%   2.8 2420s
 5075012 3761512 424328.480  101   63 435464.942 417040.623  4.23%   2.8 2425s
 5083895 3768926 426713.057  117   56 435464.942 417040.757  4.23%   2.8 2430s
 5093929 3773328     cutoff  156      435464.942 417041.296  4.23%   2.8 2435s
 5105028 3776998 428742.905  124   61 435464.942 417042.103  4.23%   2.8 2440s
 5113888 3781982 420732.627   89   63 435464.942 417042.477  4.23%   2.8 2445s
 5123164 3788795 427843.738  123   55 435464.942 417042.554  4.23%   2.8 2450s
 5131322 3795283     cutoff  158      435464.942 417042.874  4.23%   2.8 2455s
 5142144 3802731 435251.810  152   46 435464.942 417043.240  4.23%   2.8 2460s
 5150641 3808862 423607.920  118   59 435464.942 417043.453  4.23%   2.8 2465s
 5161725 3818553 429724.697  145   55 435464.942 417043.830  4.23%   2.8 2470s
 5169885 3824283 435343.069  233   42 435464.942 417044.149  4.23%   2.8 2475s
 5181129 3833302     cutoff  188      435464.942 417044.371  4.23%   2.8 2480s
 5189296 3838442 432722.160  168   49 435464.942 417044.531  4.23%   2.8 2485s
 5200155 3846194 422993.463   91   62 435464.942 417045.051  4.23%   2.9 2490s
 5208064 3852972 429492.700  141   57 435464.942 417045.245  4.23%   2.9 2495s
 5218028 3860520 430412.661  134   53 435464.942 417045.558  4.23%   2.9 2500s
 5226937 3866417 432035.097  151   45 435464.942 417045.802  4.23%   2.9 2505s
 5237891 3873024 433366.877  141   47 435464.942 417046.307  4.23%   2.9 2511s
 5245948 3877863 424088.407  103   60 435464.942 417046.876  4.23%   2.9 2515s
 5256588 3886428 423691.565  127   60 435464.942 417047.081  4.23%   2.9 2520s
 5264972 3892672     cutoff  156      435464.942 417047.296  4.23%   2.9 2525s
 5274197 3899561 430531.627  167   49 435464.942 417047.589  4.23%   2.9 2530s
 5284735 3907910 433977.422  138   47 435464.942 417047.887  4.23%   2.9 2535s
 5294588 3911788     cutoff  157      435464.942 417048.588  4.23%   2.9 2540s
 5303551 3919021 422376.093  109   60 435464.942 417048.772  4.23%   2.9 2545s
 5314661 3924918 434618.208  137   50 435464.942 417049.120  4.23%   2.9 2550s
 5323415 3930399     cutoff  153      435464.942 417049.363  4.23%   2.9 2555s
 5334659 3938784 421540.842  102   62 435464.942 417049.696  4.23%   2.9 2560s
 5343875 3945792 435091.720  145   46 435464.942 417049.813  4.23%   2.9 2565s
 5352385 3952345 434179.566  218   45 435464.942 417049.844  4.23%   2.9 2570s
 5364404 3962275 431395.796  172   48 435464.942 417050.303  4.23%   2.9 2575s
 5373651 3967105     cutoff  126      435464.942 417050.753  4.23%   2.9 2580s
 5385088 3974968     cutoff  155      435464.942 417051.070  4.23%   2.9 2585s
 5394071 3981257 429516.172  146   52 435464.942 417051.177  4.23%   2.9 2590s
 5405719 3989385 434114.859  139   48 435464.942 417051.602  4.23%   2.9 2595s
 5414059 3994132     cutoff  161      435464.942 417051.913  4.23%   2.9 2600s
 5424598 4003041     cutoff  161      435464.942 417052.002  4.23%   2.9 2605s
 5432478 4009930 426059.152  121   57 435464.942 417052.114  4.23%   2.9 2610s
 5443424 4015765 432683.081  117   50 435464.942 417052.699  4.23%   2.9 2615s
 5450962 4020811     cutoff  135      435464.942 417052.891  4.23%   2.9 2620s
 5462180 4028837     cutoff  152      435464.942 417053.318  4.23%   2.9 2625s
 5470326 4035417 433248.324  171   44 435464.942 417053.331  4.23%   2.9 2630s
 5480254 4041939 424937.675   99   60 435464.942 417053.951  4.23%   2.9 2635s
 5487839 4047579 422564.105  101   61 435464.942 417054.221  4.23%   2.9 2640s
 5499362 4055836 424620.908  106   58 435464.942 417054.681  4.23%   2.9 2645s
 5507621 4061036 435312.503  146   45 435464.942 417054.861  4.23%   2.9 2650s
 5518148 4067134 424796.937  119   57 435464.942 417055.090  4.23%   2.9 2655s
 5527150 4074257     cutoff  163      435464.942 417055.225  4.23%   2.9 2660s
 5538206 4080003     cutoff  156      435464.942 417056.019  4.23%   2.9 2665s
 5544683 4083179 426508.354  122   54 435464.942 417056.270  4.23%   2.9 2670s
 5555421 4090550 418050.289   83   64 435464.942 417056.793  4.23%   2.9 2675s
 5564263 4096762 419860.317   93   64 435464.942 417057.057  4.23%   2.9 2680s
 5575788 4104639 431083.081  128   49 435464.942 417057.393  4.23%   2.9 2685s
 5585144 4111150 420299.179   93   62 435464.942 417057.670  4.23%   2.9 2690s
 5596579 4119969 435022.893  206   44 435464.942 417058.063  4.23%   2.9 2695s
 5606109 4127967 428189.878  133   53 435464.942 417058.114  4.23%   2.9 2700s
 5618081 4136283 420532.126   91   63 435464.942 417058.503  4.23%   2.9 2705s
 5627395 4142547 427651.060  109   59 435464.942 417058.833  4.23%   2.9 2710s
 5636694 4149089 433795.519  181   42 435464.942 417059.056  4.23%   2.9 2715s
 5647549 4156938     cutoff  148      435464.942 417059.471  4.23%   2.9 2720s
 5657226 4164829 430844.340  156   49 435464.942 417059.725  4.23%   2.9 2725s
 5667929 4173528 419086.215   80   64 435464.942 417059.894  4.23%   2.9 2730s
 5676874 4177752     cutoff  150      435464.942 417060.417  4.23%   2.9 2735s
 5688812 4186265 417362.331   79   65 435464.942 417060.978  4.23%   2.9 2740s
 5698667 4192987 430533.876  178   55 435464.942 417061.287  4.23%   2.9 2745s
 5710513 4200710 423866.853  111   61 435464.942 417061.585  4.23%   2.9 2750s
 5717811 4204527 435376.186  204   45 435464.942 417061.952  4.23%   2.9 2755s
 5729115 4213069 424003.819  122   60 435464.942 417062.096  4.23%   2.9 2760s
 5737139 4218853 430702.520  148   55 435464.942 417062.446  4.23%   2.9 2765s
 5748420 4227871 434414.453  164   50 435464.942 417062.730  4.23%   2.9 2770s
 5757359 4235261 429999.234  147   53 435464.942 417062.887  4.23%   2.9 2775s
 5768315 4242259 425830.112  127   58 435464.942 417063.191  4.23%   2.9 2780s
 5776570 4247785 429007.936  131   54 435464.942 417063.497  4.23%   2.9 2785s
 5786644 4254801 430733.120  147   50 435464.942 417063.817  4.23%   2.9 2790s
 5794652 4260154 420508.329   92   61 435464.942 417064.574  4.23%   2.9 2795s
 5805510 4266943 432325.508  108   51 435464.942 417064.942  4.23%   2.9 2800s
 5813798 4272558 420388.321   96   64 435464.942 417065.305  4.23%   2.9 2805s
 5824670 4280383 435463.818  227   16 435464.942 417065.576  4.23%   2.9 2810s
 5831776 4284495 423588.255  102   60 435464.942 417065.691  4.23%   2.9 2815s
 5842752 4292602     cutoff  221      435464.942 417066.049  4.23%   2.9 2820s
 5850975 4296863 428339.261  141   53 435464.942 417066.386  4.23%   2.9 2825s
 5861718 4303658 435256.487  185   44 435464.942 417066.755  4.22%   2.9 2830s
 5870423 4310117 431400.169  162   47 435464.942 417066.839  4.22%   2.9 2835s
 5881817 4319066 428027.993  163   51 435464.942 417067.189  4.22%   2.9 2840s
 5889189 4323730 435325.559  152   50 435464.942 417067.721  4.22%   2.9 2845s
 5900299 4332110 434228.410  203   41 435464.942 417067.889  4.22%   2.9 2850s
 5909019 4338632 422572.672  106   59 435464.942 417068.436  4.22%   2.9 2855s
 5919828 4345522 434178.328  152   45 435464.942 417069.036  4.22%   2.9 2860s
 5928578 4352245 429415.243  129   52 435464.942 417069.162  4.22%   2.9 2865s
 5938644 4359323 430946.957  115   55 435464.942 417069.426  4.22%   2.9 2870s
 5947150 4364717     cutoff  134      435464.942 417069.717  4.22%   2.9 2875s
 5957918 4370184     cutoff  156      435464.942 417070.292  4.22%   2.9 2880s
 5966467 4376408 431571.934  160   49 435464.942 417070.306  4.22%   2.9 2885s
 5977733 4384552 424562.532  110   62 435464.942 417070.797  4.22%   2.9 2890s
 5985927 4389453     cutoff  184      435464.942 417071.146  4.22%   2.9 2895s
 5995835 4396596 428626.386  138   53 435464.942 417071.232  4.22%   2.9 2900s
 6004387 4402397 427505.568  112   56 435464.942 417071.685  4.22%   2.9 2905s
 6015480 4411354 434857.687  168   48 435464.942 417071.813  4.22%   2.9 2910s
 6023335 4418057 429490.413  159   53 435464.942 417071.952  4.22%   2.9 2915s
 6034375 4425227 419842.493  102   64 435464.942 417072.452  4.22%   2.9 2920s
 6042145 4430866     cutoff  153      435464.942 417072.636  4.22%   2.9 2925s
 6054198 4440428 428163.946  124   58 435464.942 417072.941  4.22%   2.9 2931s
 6061747 4445879 434561.949  149   48 435464.942 417073.120  4.22%   2.9 2935s
 6070381 4452520 420221.956   99   64 435464.942 417073.257  4.22%   2.9 2940s
 6080221 4459182 427027.580  123   57 435464.942 417073.475  4.22%   2.9 2945s
 6088106 4464833 434267.398  158   47 435464.942 417073.728  4.22%   2.9 2950s
 6098997 4472491 431510.410  181   48 435464.942 417073.891  4.22%   2.9 2955s
 6107526 4477350 435443.700  223   42 435464.942 417074.450  4.22%   2.9 2960s
 6116351 4482309 434625.967  160   46 435464.942 417074.706  4.22%   2.9 2965s
 6126998 4490409 428796.879  142   54 435464.942 417074.948  4.22%   2.9 2970s
 6134087 4495053 423427.339  121   59 435464.942 417075.313  4.22%   2.9 2975s
 6144247 4500477 420068.404   98   61 435464.942 417075.865  4.22%   2.9 2980s
 6152848 4507663 435410.333  155   45 435464.942 417076.012  4.22%   2.9 2985s
 6163721 4515741 425955.486  118   58 435464.942 417076.366  4.22%   2.9 2990s
 6171090 4520701 419297.555   85   65 435464.942 417076.550  4.22%   2.9 2995s
 6181617 4527865 427842.076  127   55 435464.942 417076.758  4.22%   2.9 3000s
 6190250 4534290 434873.502  152   49 435464.942 417077.023  4.22%   2.9 3005s
 6201626 4542168 435398.995  156   47 435464.942 417077.484  4.22%   2.9 3011s
 6209162 4547172 424512.487  106   59 435464.942 417077.614  4.22%   2.9 3015s
 6220016 4554391 418972.596   89   66 435464.942 417078.075  4.22%   2.9 3020s
 6226683 4560985 434173.651  169   50 435464.942 417078.075  4.22%   2.9 3025s
 6237608 4567632 433825.582  149   47 435464.942 417078.391  4.22%   2.9 3031s
 6245664 4572938 430635.903  165   54 435464.942 417078.431  4.22%   2.9 3035s
 6254551 4580796 429943.993  151   51 435464.942 417078.565  4.22%   2.9 3040s
 6264411 4587318 430982.965  156   53 435464.942 417078.658  4.22%   2.9 3045s
 6272865 4594259 429301.993  139   56 435464.942 417078.937  4.22%   2.9 3050s
 6283587 4601052 434224.068  175   43 435464.942 417079.137  4.22%   2.9 3055s
 6291587 4606489 420459.532   91   61 435464.942 417079.579  4.22%   2.9 3060s
 6302658 4612639 435372.400  210   44 435464.942 417079.932  4.22%   2.9 3065s
 6310174 4619504 434393.738  180   43 435464.942 417079.947  4.22%   2.9 3070s
 6321794 4629481 432241.651  163   49 435464.942 417080.168  4.22%   2.9 3075s
 6329891 4633730 421801.391  101   62 435464.942 417080.579  4.22%   2.9 3080s
 6340970 4642139     cutoff  195      435464.942 417080.794  4.22%   2.9 3085s
 6348825 4645019 423693.068   92   61 435464.942 417081.242  4.22%   2.9 3090s
 6358795 4651461     cutoff  160      435464.942 417081.604  4.22%   2.9 3095s
 6366736 4657488 428043.462  148   55 435464.942 417081.728  4.22%   2.9 3100s
 6378738 4664930 434730.175  156   46 435464.942 417082.198  4.22%   2.9 3105s
 6386994 4669602 420692.174   86   64 435464.942 417082.450  4.22%   2.9 3110s
 6398043 4678480 434808.142  147   47 435464.942 417082.769  4.22%   2.9 3115s
 6406233 4683987 423597.465  102   61 435464.942 417083.020  4.22%   2.9 3120s
 6417441 4691230 429431.191  172   50 435464.942 417083.184  4.22%   2.9 3125s
 6426541 4696085 435218.571  151   49 435464.942 417083.805  4.22%   2.9 3130s
 6438125 4705141 432723.747  119   51 435464.942 417084.013  4.22%   2.9 3135s
 6445694 4708277 434645.820  151   48 435464.942 417084.544  4.22%   2.9 3140s
 6456394 4715953 427766.077  116   57 435464.942 417084.880  4.22%   2.9 3145s
 6464907 4720912 434295.290  149   45 435464.942 417085.215  4.22%   2.9 3150s
 6476647 4729390 417773.221   78   66 435464.942 417085.632  4.22%   2.9 3155s
 6486737 4736653 425330.863  114   57 435464.942 417085.858  4.22%   2.9 3160s
 6497241 4744413 426968.620  127   56 435464.942 417085.997  4.22%   2.9 3165s
 6506300 4752081 426979.316  134   55 435464.942 417086.210  4.22%   2.9 3170s
 6516679 4757433     cutoff  138      435464.942 417086.728  4.22%   2.9 3176s
 6525816 4763804 423188.501  102   61 435464.942 417086.989  4.22%   2.9 3180s
 6534487 4770231 435392.792  205   48 435464.942 417087.257  4.22%   2.9 3185s
 6545209 4777857 431289.682  164   46 435464.942 417087.430  4.22%   2.9 3190s
 6553398 4785250 431306.978  162   45 435464.942 417087.770  4.22%   2.9 3195s
 6564491 4792310 424282.530  112   60 435464.942 417088.377  4.22%   2.9 3200s
 6573287 4798074 435307.879  149   46 435464.942 417088.854  4.22%   2.9 3205s
 6583939 4805169 419309.142   85   65 435464.942 417089.053  4.22%   2.9 3210s
 6592988 4811986 435087.954  181   43 435464.942 417089.187  4.22%   2.9 3215s
 6603805 4820748 429154.709  156   55 435464.942 417089.482  4.22%   2.9 3220s
 6614220 4828857 427046.190  125   55 435464.942 417089.671  4.22%   2.9 3225s
 6623948 4835804     cutoff  140      435464.942 417089.901  4.22%   2.9 3230s
 6634979 4845674 430266.621  145   53 435464.942 417090.008  4.22%   2.9 3235s
 6644126 4852793 426977.444  140   55 435464.942 417090.207  4.22%   2.9 3240s
 6653722 4857922     cutoff  142      435464.942 417090.514  4.22%   2.9 3245s
 6664241 4866680 422061.908  101   61 435464.942 417090.680  4.22%   2.9 3250s
 6671757 4872254     cutoff  144      435464.942 417090.933  4.22%   2.9 3255s
 6682791 4879581 422762.902  107   55 435464.942 417091.177  4.22%   2.9 3260s
 6691545 4885836     cutoff  140      435464.942 417091.365  4.22%   2.9 3265s
 6702806 4893757 433512.952  150   49 435464.942 417091.653  4.22%   2.9 3270s
 6710813 4899882 429486.395  172   48 435464.942 417091.822  4.22%   2.9 3275s
 6721477 4907209 433865.498  173   45 435464.942 417091.973  4.22%   2.9 3280s
 6728598 4912277 434451.605  148   44 435464.942 417092.361  4.22%   2.9 3285s
 6739693 4920224     cutoff  156      435464.942 417092.645  4.22%   2.9 3290s
 6748846 4926865 432236.542  184   46 435464.942 417092.801  4.22%   2.9 3295s
 6758338 4934941 433406.911  169   48 435464.942 417093.063  4.22%   2.9 3300s
 6768020 4940815 420025.051   94   63 435464.942 417093.348  4.22%   2.9 3305s
 6777712 4948250 421984.492  100   60 435464.942 417093.523  4.22%   2.9 3310s
 6788400 4956424 421501.480  102   62 435464.942 417093.679  4.22%   2.9 3315s
 6797461 4962748 428511.207  123   60 435464.942 417093.804  4.22%   2.9 3320s
 6808205 4971135 433871.642  170   44 435464.942 417093.922  4.22%   2.9 3325s
 6815985 4976145 432248.333  171   46 435464.942 417094.119  4.22%   2.9 3330s
 6826985 4982233 424129.264  136   54 435464.942 417094.784  4.22%   2.9 3335s
 6833954 4986981 425588.957  111   61 435464.942 417094.862  4.22%   2.9 3340s
 6844989 4993929 433998.121  145   51 435464.942 417095.176  4.22%   2.9 3345s
 6853469 5000039 429346.216  152   52 435464.942 417095.238  4.22%   2.9 3350s
 6863346 5006784 418893.907   91   65 435464.942 417095.687  4.22%   2.9 3355s
 6871915 5013058     cutoff  157      435464.942 417096.085  4.22%   2.9 3360s
 6882746 5020093     cutoff  172      435464.942 417096.350  4.22%   2.9 3365s
 6890937 5024914 419145.010   87   64 435464.942 417096.673  4.22%   2.9 3370s
 6900812 5032198     cutoff  196      435464.942 417096.756  4.22%   2.9 3375s
 6909322 5039293 431990.705  174   48 435464.942 417097.002  4.22%   2.9 3380s
 6920319 5046755 421204.072  101   61 435464.942 417097.377  4.22%   2.9 3385s
 6929023 5054210     cutoff  151      435464.942 417097.464  4.22%   2.9 3390s
 6940528 5062202 417508.786   78   66 435464.942 417097.667  4.22%   2.9 3396s
 6948612 5068163 430111.809  158   53 435464.942 417097.761  4.22%   2.9 3400s
 6957893 5076093 428195.514  129   56 435464.942 417097.914  4.22%   2.9 3405s
 6968446 5083210 430883.308  165   48 435464.942 417098.152  4.22%   2.9 3410s
 6977482 5087972 435453.153  247   41 435464.942 417098.652  4.22%   2.9 3415s
 6986887 5094467 425883.221  119   59 435464.942 417098.690  4.22%   2.9 3420s
 6997862 5100877     cutoff  167      435464.942 417099.445  4.22%   2.9 3425s
 7006393 5106428 435340.302  210   46 435464.942 417099.683  4.22%   2.9 3430s
 7017949 5115660 430333.495  152   52 435464.942 417099.917  4.22%   2.9 3436s
 7026856 5121470 421362.590  103   60 435464.942 417100.054  4.22%   2.9 3440s
 7037189 5129584     cutoff  166      435464.942 417100.438  4.22%   2.9 3445s
 7051043 5137927 420915.061  105   63 435464.942 417100.924  4.22%   2.9 3450s
 7058892 5144146 425306.926  109   60 435464.942 417101.064  4.22%   2.9 3455s
 7069327 5152452 423250.944   95   62 435464.942 417101.250  4.22%   2.9 3460s
 7079615 5159952 434574.761  184   44 435464.942 417101.322  4.22%   2.9 3465s
 7088390 5164737 434394.256  138   48 435464.942 417101.890  4.22%   2.9 3470s
 7098671 5170996     cutoff  169      435464.942 417102.183  4.22%   2.9 3475s
 7110115 5178467 425827.962  119   58 435464.942 417102.577  4.22%   2.9 3480s
 7120902 5186348 429605.051  136   53 435464.942 417102.715  4.22%   2.9 3485s
 7129394 5193220 431478.223  155   52 435464.942 417102.870  4.22%   2.9 3490s
 7142369 5201638 425388.140  120   57 435464.942 417103.289  4.22%   2.9 3495s
 7151280 5208088 423621.208  113   60 435464.942 417103.522  4.22%   2.9 3500s
 7162691 5215604 435071.551  160   47 435464.942 417103.903  4.22%   2.9 3506s
 7171556 5221797 420359.392   98   60 435464.942 417104.107  4.22%   2.9 3510s
 7179775 5228450 433601.407  205   43 435464.942 417104.107  4.22%   2.9 3515s
 7190972 5235669 433120.535  162   50 435464.942 417104.569  4.22%   2.9 3520s
 7199773 5240747 427943.410  133   55 435464.942 417104.745  4.22%   2.9 3525s
 7210758 5247860     cutoff  213      435464.942 417105.197  4.22%   2.9 3530s
 7220379 5254132 422423.515  101   61 435464.942 417105.737  4.22%   2.9 3535s
 7229698 5260941 425090.151  121   56 435464.942 417105.884  4.22%   2.9 3540s
 7238557 5267449 418493.769   85   66 435464.942 417106.105  4.22%   2.9 3545s
 7249811 5274857     cutoff  111      435464.942 417106.394  4.22%   2.9 3550s
 7258383 5281201 429958.302  149   53 435464.942 417106.582  4.22%   2.9 3555s
 7269677 5290303 428815.090  152   51 435464.942 417106.892  4.22%   2.9 3560s
 7277229 5294628 423100.296  115   57 435464.942 417107.012  4.22%   2.9 3565s
 7288550 5302147 434658.331  154   48 435464.942 417107.404  4.22%   2.9 3570s
 7296939 5308898 426781.073  130   56 435464.942 417107.563  4.22%   2.9 3575s
 7308533 5316742 427918.684  140   57 435464.942 417107.755  4.22%   2.9 3580s
 7318609 5323802 435043.746  167   46 435464.942 417108.188  4.22%   2.9 3585s
 7329017 5332468 424027.775  117   59 435464.942 417108.408  4.22%   2.9 3590s
 7338130 5338669 424920.432  120   55 435464.942 417108.671  4.22%   2.9 3595s
 7346023 5344263 421972.685  114   61 435464.942 417108.914  4.22%   2.9 3600s

Cutting planes:
  RLT: 23

Explored 7346094 nodes (21493523 simplex iterations) in 3600.06 seconds (1604.63 work units)
Thread count was 2 (of 24 available processors)

Solution count 10: 435465 435495 435505 ... 435592

Time limit reached
Best objective 4.354649417331e+05, best bound 4.171089139978e+05, gap 4.2153%
