
Gurobi 11.0.3 (linux64, Java) logging started sex 29 nov 2024 13:33:49 -03

Set parameter Username
Academic license - for non-commercial use only - expires 2025-10-10
Set parameter NonConvex to value 2
Set parameter TimeLimit to value 3600
Set parameter LogToConsole to value 0
Set parameter MIPGap to value 2.5029985070196468e-07
Set parameter Threads to value 2
Set parameter NodefileDir to value "/home/ps12398/experiment_epec/goalProgrammingMarcos/"
Set parameter NodefileStart to value 1
Gurobi Optimizer version 11.0.3 build v11.0.3rc0 (linux64)

CPU model: Intel(R) Xeon(R) CPU           X5650  @ 2.67GHz, instruction set [SSE2]
Thread count: 12 physical cores, 24 logical processors, using up to 2 threads

Optimize a model with 58003 rows, 39068 columns and 204825 nonzeros
Model fingerprint: 0xbcb8577e
Model has 144 quadratic constraints
Variable types: 19466 continuous, 19602 integer (139 binary)
Coefficient statistics:
  Matrix range     [7e-03, 6e+05]
  QMatrix range    [7e-03, 2e+04]
  QLMatrix range   [1e+00, 2e+04]
  Objective range  [2e+00, 8e+06]
  Bounds range     [1e+00, 1e+08]
  RHS range        [1e+00, 1e+06]
  QRHS range       [8e-02, 8e-02]
Presolve removed 57813 rows and 38465 columns
Presolve time: 0.10s
Presolved: 637 rows, 749 columns, 6578 nonzeros
Presolved model has 2 SOS constraint(s)
Presolved model has 139 bilinear constraint(s)

Solving non-convex MIQCP

Variable types: 427 continuous, 322 integer (141 binary)
Found heuristic solution: objective 1085786.1628

Root relaxation: objective 6.940918e+05, 81 iterations, 0.00 seconds (0.00 work units)

    Nodes    |    Current Node    |     Objective Bounds      |     Work
 Expl Unexpl |  Obj  Depth IntInf | Incumbent    BestBd   Gap | It/Node Time

     0     0 694091.810    0   65 1085786.16 694091.810  36.1%     -    0s
H    0     0                    1054764.0137 694091.810  34.2%     -    0s
     0     0 743000.648    0   66 1054764.01 743000.648  29.6%     -    0s
H    0     0                    909787.75789 743017.438  18.3%     -    0s
     0     0 752612.838    0   67 909787.758 752612.838  17.3%     -    0s
H    0     0                    887442.85037 752639.419  15.2%     -    0s
     0     0 752753.639    0   67 887442.850 752753.639  15.2%     -    0s
     0     0 753837.009    0   67 887442.850 753837.009  15.1%     -    0s
H    0     0                    877706.26280 753851.552  14.1%     -    0s
     0     0 753866.313    0   67 877706.263 753866.313  14.1%     -    0s
H    0     0                    877646.36008 753869.026  14.1%     -    0s
     0     2 753878.114    0   67 877646.360 753878.114  14.1%     -    0s
H  606   611                    812807.08801 754960.898  7.12%   3.2    0s
H  803   817                    811863.05891 754961.679  7.01%   3.0    0s
H 1556  1323                    811728.12338 776095.036  4.39%   2.8    2s
H 1653  1349                    808570.63248 776095.036  4.02%   2.7    2s
H 1706  1285                    803780.82014 776095.036  3.44%   2.7    2s
H 1807  1321                    803340.57735 776095.036  3.39%   2.7    2s
H 1847  1350                    801317.96277 776095.036  3.15%   2.7    2s
H 1944  1374                    799040.06715 776095.036  2.87%   2.9    2s
H 2041  1341                    798799.58812 776095.036  2.84%   2.9    2s
H 2138  1368                    798394.70997 776095.036  2.79%   2.8    2s
* 5099  3694             234    798265.76281 776622.811  2.71%   2.7    4s
  7228  5797 796214.829  194   43 798265.763 776651.059  2.71%   2.8    5s
* 9214  7427             276    798254.48322 776701.500  2.70%   2.8    5s
* 9219  7407             277    798221.72251 776701.500  2.70%   2.8    5s
*11308  9356             273    798183.50173 776751.063  2.69%   2.8    6s
*13646 11457             262    798181.12327 776848.541  2.67%   2.7    7s
*13660 11419             271    798148.80766 776848.541  2.67%   2.7    7s
*14935 12439             260    798079.94378 776880.996  2.66%   2.6    8s
 18267 15347     cutoff  177      798079.944 776910.697  2.65%   2.6   10s
H18822 15663                    797958.14605 776917.900  2.64%   2.5   10s
 30996 25786 778966.506   77   66 797958.146 777185.034  2.60%   2.3   15s
*35191 29243             266    797896.92857 777246.108  2.59%   2.3   16s
*36744 30394             266    797815.73008 777278.704  2.57%   2.3   17s
*36757 30369             276    797798.67771 777278.704  2.57%   2.3   17s
*38369 31775             254    797775.13084 777294.468  2.57%   2.3   17s
 44508 36968 785732.995  105   63 797775.131 777351.500  2.56%   2.2   20s
*57854 47750             260    797759.92891 777487.036  2.54%   2.2   24s
 57988 47965 777904.863   70   66 797759.929 777487.036  2.54%   2.2   25s
*59143 48773             234    797734.53159 777501.739  2.54%   2.2   25s
*59329 48556             250    797664.93195 777503.141  2.53%   2.2   25s
 70520 58359 793096.077  161   54 797664.932 777560.605  2.52%   2.2   30s
*70710 58160             231    797612.73386 777560.841  2.51%   2.2   30s
*79237 65157             228    797572.13462 777625.213  2.50%   2.2   33s
*81411 66938             272    797568.94687 777635.503  2.50%   2.2   34s
*81421 66874             271    797548.13347 777635.503  2.50%   2.2   34s
 83802 69047 797546.404  264    2 797548.133 777654.545  2.49%   2.2   35s
H90178 74102                    797531.53538 777698.722  2.49%   2.2   37s
 96960 79906 793189.416  124   57 797531.535 777733.175  2.48%   2.2   40s
*107483 88676             247    797531.09558 777774.204  2.48%   2.2   44s
 110082 90824 797499.365  150   51 797531.096 777786.307  2.48%   2.2   45s
 123537 102118 782239.162   95   61 797531.096 777841.134  2.47%   2.2   50s
 136651 113021 793756.954  180   49 797531.096 777883.131  2.46%   2.2   55s
 149453 123905 781600.529   94   64 797531.096 777919.159  2.46%   2.2   60s
 161415 133822 793308.940  152   49 797531.096 777953.115  2.45%   2.2   65s
*168846 139822             254    797517.39474 777974.852  2.45%   2.2   67s
 173545 143707 781428.422   81   63 797517.395 777988.161  2.45%   2.2   70s
 186513 154797 789612.379  139   56 797517.395 778010.535  2.45%   2.2   75s
 199791 165818 795402.829  154   48 797517.395 778050.695  2.44%   2.2   80s
 211944 175942 791033.246  124   54 797517.395 778080.419  2.44%   2.2   85s
 224988 186638 781009.100   83   63 797517.395 778106.658  2.43%   2.2   90s
 237453 196747 788077.123  110   61 797517.395 778130.174  2.43%   2.2   95s
 250066 207110 788522.235  115   61 797517.395 778153.640  2.43%   2.2  100s
 261696 216932 792293.733  141   57 797517.395 778173.227  2.43%   2.2  105s
 274458 227408 796901.547  143   48 797517.395 778189.573  2.42%   2.2  110s
 287095 238243 778806.929   76   66 797517.395 778206.144  2.42%   2.2  115s
 299534 248526 781456.317   81   64 797517.395 778227.065  2.42%   2.2  120s
 311828 258480 794464.676  154   50 797517.395 778247.032  2.42%   2.2  125s
 325245 269839 791710.456  107   56 797517.395 778266.895  2.41%   2.2  130s
 337952 280239 792494.397  160   53 797517.395 778285.065  2.41%   2.2  135s
 350435 290363 790200.041  119   55 797517.395 778302.456  2.41%   2.2  140s
 362050 299904     cutoff  163      797517.395 778318.888  2.41%   2.2  145s
 374323 309989 791658.404  158   50 797517.395 778332.887  2.41%   2.2  150s
*381525 315421             252    797490.93613 778344.002  2.40%   2.2  152s
 386622 319758 791107.206  124   56 797490.936 778349.394  2.40%   2.2  155s
 399244 330432 781075.568   80   66 797490.936 778362.445  2.40%   2.2  160s
 412046 340794 781315.405   91   65 797490.936 778376.607  2.40%   2.2  165s
H422335 349364                    797485.95742 778387.126  2.39%   2.2  169s
 423832 350773 789928.148  143   53 797485.957 778388.411  2.39%   2.2  170s
 435249 360238 795348.674  127   49 797485.957 778400.335  2.39%   2.2  175s
 448254 371114 795736.019  137   50 797485.957 778411.645  2.39%   2.2  180s
 461031 381537 782983.394   92   63 797485.957 778425.514  2.39%   2.2  185s
 473092 391267     cutoff  150      797485.957 778436.753  2.39%   2.2  190s
 485746 401999     cutoff  166      797485.957 778447.630  2.39%   2.2  195s
 498355 412452 780083.939   78   67 797485.957 778458.708  2.39%   2.2  200s
 509876 422151     cutoff  153      797485.957 778466.837  2.38%   2.2  205s
 522528 432487 783040.248   89   63 797485.957 778478.106  2.38%   2.2  210s
 534964 442681 784409.583  104   61 797485.957 778489.134  2.38%   2.2  215s
 547385 452869 793883.266  131   53 797485.957 778497.160  2.38%   2.2  220s
 559284 462760 796602.152  148   50 797485.957 778505.495  2.38%   2.2  225s
 572108 473824 784765.537  123   61 797485.957 778513.011  2.38%   2.3  230s
 584131 483642 791024.626   96   58 797485.957 778521.702  2.38%   2.3  235s
 596957 493986 780319.999   85   66 797485.957 778532.365  2.38%   2.3  240s
 609086 504335 793348.875  140   49 797485.957 778538.798  2.38%   2.3  245s
 622030 514629 794328.064  134   50 797485.957 778550.128  2.37%   2.3  250s
 634825 525324 794773.267  142   47 797485.957 778558.118  2.37%   2.3  255s
 647340 535809 790206.343  121   55 797485.957 778565.221  2.37%   2.3  260s
 660208 546593 780169.398   76   66 797485.957 778574.798  2.37%   2.3  265s
 673094 557304 784608.213  106   58 797485.957 778583.741  2.37%   2.3  270s
 685688 567794     cutoff  118      797485.957 778591.595  2.37%   2.3  275s
 698585 578219 796168.903  146   50 797485.957 778600.899  2.37%   2.3  280s
 710392 588156 793878.319  132   52 797485.957 778608.263  2.37%   2.3  285s
 723263 599132 779944.515   75   65 797485.957 778614.748  2.37%   2.3  290s
 735836 609366     cutoff  160      797485.957 778622.004  2.37%   2.3  295s
 748557 619637 792513.238  165   59 797485.957 778629.487  2.36%   2.3  300s
 760935 629493     cutoff  140      797485.957 778638.808  2.36%   2.3  305s
 776693 642622 797066.644  134   50 797485.957 778645.823  2.36%   2.3  310s
 789097 652921 789013.034  158   54 797485.957 778649.887  2.36%   2.3  315s
 801904 663353 796938.470  137   47 797485.957 778656.434  2.36%   2.3  320s
 813245 672749     cutoff  162      797485.957 778661.434  2.36%   2.3  325s
 826006 683189 780911.895   88   63 797485.957 778668.203  2.36%   2.3  330s
 838677 693688 791447.826  134   52 797485.957 778674.631  2.36%   2.3  335s
 851856 704541 791172.898  122   55 797485.957 778681.963  2.36%   2.3  340s
 864592 715496 780200.616   88   62 797485.957 778686.486  2.36%   2.3  345s
 876743 725574 791031.651  136   54 797485.957 778691.128  2.36%   2.3  350s
 891297 737515 794638.092  147   51 797485.957 778700.447  2.36%   2.3  355s
 903972 748018 783980.763   92   64 797485.957 778705.216  2.35%   2.3  360s
 916741 758615 785038.115  109   60 797485.957 778710.071  2.35%   2.3  365s
 928384 768323 785399.437  111   59 797485.957 778714.237  2.35%   2.3  370s
 940868 778781 792975.982  103   51 797485.957 778719.312  2.35%   2.3  375s
 953463 789188 790306.097  118   58 797485.957 778724.934  2.35%   2.3  380s
 966025 799872 791461.623  145   51 797485.957 778729.992  2.35%   2.3  385s
 977916 809647 792069.243  140   54 797485.957 778735.658  2.35%   2.3  390s
 990383 819777 782956.815   94   61 797485.957 778742.727  2.35%   2.3  395s
 1002686 830025 782398.190   94   63 797485.957 778747.509  2.35%   2.3  400s
 1015318 840384 784652.593   97   63 797485.957 778752.487  2.35%   2.3  405s
 1027947 851098 791406.885  149   51 797485.957 778756.475  2.35%   2.3  410s
 1039535 860527 784030.366  107   57 797485.957 778760.490  2.35%   2.3  415s
 1052003 870708 790462.825  125   53 797485.957 778764.893  2.35%   2.3  420s
 1063632 880408 793767.052  187   46 797485.957 778768.906  2.35%   2.3  425s
 1076612 891099 791538.338  121   55 797485.957 778773.565  2.35%   2.3  430s
 1088826 901083 789260.637  120   58 797485.957 778777.806  2.35%   2.3  435s
 1101332 911087 794288.117  135   52 797485.957 778782.853  2.35%   2.3  440s
 1112909 920725 790881.980  131   58 797485.957 778786.667  2.34%   2.3  445s
 1125991 931527     cutoff  162      797485.957 778791.494  2.34%   2.3  450s
 1138705 941779 786018.689  106   60 797485.957 778796.205  2.34%   2.3  455s
 1151303 951948 781959.095   91   66 797485.957 778801.319  2.34%   2.3  460s
 1165558 963582 787884.697  102   61 797485.957 778805.777  2.34%   2.3  465s
 1179095 974847 781733.190   91   65 797485.957 778810.209  2.34%   2.3  470s
 1191634 985222 784669.217   93   59 797485.957 778814.178  2.34%   2.3  475s
 1204297 995434 785781.657   94   62 797485.957 778818.069  2.34%   2.3  480s
 1220592 1009042 779434.234   80   66 797485.957 778823.571  2.34%   2.3  485s
 1233589 1019632 788367.638  109   62 797485.957 778828.464  2.34%   2.3  490s
 1245980 1029855 779357.043   76   66 797485.957 778831.589  2.34%   2.3  495s
 1259353 1040859 789499.423  111   57 797485.957 778835.527  2.34%   2.3  500s
 1273715 1052855 789321.635  121   57 797485.957 778839.526  2.34%   2.3  505s
 1286494 1063093 795645.826  149   47 797485.957 778844.551  2.34%   2.3  510s
 1298928 1073345 791747.323  129   60 797485.957 778848.362  2.34%   2.3  515s
 1310554 1082641 797378.086  211   44 797485.957 778852.556  2.34%   2.3  520s
 1323079 1093060 779053.039   81   66 797485.957 778855.720  2.34%   2.3  525s
 1335804 1103366 779293.379   80   66 797485.957 778859.883  2.34%   2.3  530s
 1347966 1113192 795448.805  167   53 797485.957 778863.398  2.34%   2.3  535s
 1360117 1123477 797399.033  148   50 797485.957 778866.866  2.33%   2.3  540s
 1373037 1133864 795264.854  133   50 797485.957 778871.374  2.33%   2.3  545s
 1387664 1146417 790241.765  163   48 797485.957 778874.577  2.33%   2.3  550s
 1406352 1161550 788039.949  111   61 797485.957 778880.136  2.33%   2.3  555s
 1421361 1173721 780527.081   97   64 797485.957 778884.076  2.33%   2.3  560s
 1434049 1184112 796565.718  162   44 797485.957 778888.152  2.33%   2.3  565s
 1448001 1195590 787735.629  113   55 797485.957 778891.733  2.33%   2.3  570s
 1461509 1206733 789712.958  129   59 797485.957 778895.402  2.33%   2.3  575s
 1474133 1216868 786644.233  111   60 797485.957 778899.196  2.33%   2.3  580s
 1486786 1226928     cutoff  126      797485.957 778902.697  2.33%   2.3  585s
 1498935 1236798 796801.362  162   47 797485.957 778905.389  2.33%   2.3  590s
 1511388 1247351 785108.059  108   62 797485.957 778908.711  2.33%   2.3  595s
 1523353 1257256 784436.665  107   61 797485.957 778912.146  2.33%   2.3  600s
 1537873 1269447 789154.588  109   58 797485.957 778915.975  2.33%   2.3  605s
 1550349 1279486 795152.334  162   48 797485.957 778919.698  2.33%   2.3  610s
 1563181 1289751 791285.433  140   54 797485.957 778923.883  2.33%   2.3  615s
 1579945 1303388 793428.265  157   53 797485.957 778927.908  2.33%   2.3  620s
 1594537 1315293     cutoff  148      797485.957 778931.074  2.33%   2.3  625s
 1606540 1325037 796429.360  139   52 797485.957 778934.483  2.33%   2.3  630s
 1619037 1335485 797198.744  141   51 797485.957 778936.834  2.33%   2.3  635s
 1630621 1345116 780157.641   79   64 797485.957 778939.017  2.33%   2.3  640s
 1643279 1355620 784251.886  100   63 797485.957 778941.543  2.33%   2.3  645s
 1656112 1366029 786533.875  113   61 797485.957 778944.248  2.33%   2.3  650s
 1670360 1378072 784995.900  118   60 797485.957 778947.239  2.32%   2.3  655s
Created node file directory '/home/ps12398/experiment_epec/goalProgrammingMarcos//grbnodes5'
 1675577 1380758     cutoff  139      797485.957 778947.936  2.32%   2.3  660s
 1686552 1388222 784989.767  129   57 797485.957 778948.704  2.32%   2.3  665s
 1697134 1394631 797277.006  125   50 797485.957 778949.463  2.32%   2.3  670s
 1706212 1401205 788339.125  138   52 797485.957 778949.801  2.32%   2.3  677s
 1712508 1404911 783711.232  106   60 797485.957 778950.143  2.32%   2.3  680s
 1724269 1412763 796423.806  160   49 797485.957 778951.002  2.32%   2.3  685s
 1734989 1419830 785264.414  116   60 797485.957 778951.393  2.32%   2.3  690s
 1740033 1423399 794453.920  163   48 797485.957 778951.393  2.32%   2.3  695s
 1750573 1430764 796421.094  138   47 797485.957 778951.841  2.32%   2.3  700s
 1761712 1438183 797170.888  207   43 797485.957 778952.040  2.32%   2.3  705s
 1768264 1443316     cutoff  156      797485.957 778952.754  2.32%   2.3  710s
 1778957 1450855 787906.699  119   57 797485.957 778953.321  2.32%   2.3  715s
 1790888 1461198 791041.326  141   54 797485.957 778953.576  2.32%   2.3  720s
 1797785 1465750 784210.138   97   63 797485.957 778953.933  2.32%   2.3  725s
 1809422 1474477 783911.200  104   61 797485.957 778954.202  2.32%   2.3  730s
 1819607 1481705 788549.604   99   60 797485.957 778954.612  2.32%   2.3  735s
 1829246 1488021 785974.837  101   61 797485.957 778954.969  2.32%   2.3  740s
 1840686 1496224 783622.537  116   61 797485.957 778955.209  2.32%   2.3  745s
 1847242 1501481 793806.743  121   51 797485.957 778955.551  2.32%   2.3  750s
 1857787 1507581 781718.590   99   63 797485.957 778956.295  2.32%   2.3  755s
 1868950 1515681     cutoff  150      797485.957 778956.943  2.32%   2.4  760s
 1876885 1521989 794502.931  166   47 797485.957 778956.987  2.32%   2.4  765s
 1888365 1529995     cutoff  142      797485.957 778957.762  2.32%   2.4  770s
 1898039 1537342 788560.399  123   56 797485.957 778958.026  2.32%   2.4  775s
 1908953 1544176     cutoff  197      797485.957 778958.646  2.32%   2.4  780s
 1919683 1550439     cutoff  132      797485.957 778959.178  2.32%   2.4  785s
 1926841 1554392 790183.701  150   51 797485.957 778959.355  2.32%   2.4  790s
 1937277 1561679 797205.087  143   48 797485.957 778959.899  2.32%   2.4  795s
 1947140 1568571 797281.997  207   43 797485.957 778960.511  2.32%   2.4  800s
 1954899 1573825     cutoff  206      797485.957 778960.871  2.32%   2.4  805s
 1966580 1584537 791178.613  138   53 797485.957 778960.994  2.32%   2.4  810s
 1974462 1589480     cutoff  158      797485.957 778961.603  2.32%   2.4  815s
 1986257 1597901     cutoff  163      797485.957 778962.083  2.32%   2.4  820s
 1997972 1606016     cutoff  159      797485.957 778962.865  2.32%   2.4  825s
 2003451 1610004 795446.244  133   48 797485.957 778963.019  2.32%   2.4  830s
 2014579 1619150 797213.725  144   50 797485.957 778963.234  2.32%   2.4  835s
 2022488 1623984     cutoff  155      797485.957 778963.690  2.32%   2.4  840s
 2032227 1629914 795621.339  214   46 797485.957 778964.211  2.32%   2.4  845s
 2042866 1635307     cutoff  174      797485.957 778965.040  2.32%   2.4  850s
 2053086 1641432 782486.415  105   61 797485.957 778965.573  2.32%   2.4  856s
 2060494 1646998 787877.950  107   65 797485.957 778965.895  2.32%   2.4  860s
 2072224 1655598 793674.585  165   49 797485.957 778966.059  2.32%   2.4  865s
 2081125 1662167 784232.969  111   59 797485.957 778966.881  2.32%   2.4  870s
 2090807 1668288 787744.234  105   60 797485.957 778967.382  2.32%   2.4  875s
 2101838 1676200 797426.976  151   49 797485.957 778967.885  2.32%   2.4  882s
 2107750 1680819 786858.118  120   56 797485.957 778967.964  2.32%   2.4  885s
 2118980 1688441     cutoff  158      797485.957 778968.633  2.32%   2.4  890s
 2124382 1693014 790407.954  179   51 797485.957 778968.675  2.32%   2.5  895s
 2135402 1701154 787063.345  126   58 797485.957 778969.513  2.32%   2.5  900s
 2145938 1708436     cutoff  152      797485.957 778970.119  2.32%   2.5  905s
 2152942 1713097 789825.523  141   51 797485.957 778970.201  2.32%   2.5  910s
 2162963 1720991 797082.850  167   46 797485.957 778970.653  2.32%   2.5  915s
 2169897 1725656 781695.895   88   62 797485.957 778970.884  2.32%   2.5  920s
 2180540 1732134 793117.274  179   47 797485.957 778971.221  2.32%   2.5  925s
 2190985 1740081 788553.017  125   56 797485.957 778971.812  2.32%   2.5  931s
 2199394 1745956 786929.966  124   55 797485.957 778972.158  2.32%   2.5  935s
 2210851 1754184 787557.360  118   60 797485.957 778972.579  2.32%   2.5  940s
 2218462 1760731 793719.319  157   47 797485.957 778972.859  2.32%   2.5  945s
 2229081 1767495 785571.749   98   63 797485.957 778973.192  2.32%   2.5  950s
 2236591 1772760 790492.323  151   52 797485.957 778973.294  2.32%   2.5  955s
 2248218 1781135 790316.178  134   56 797485.957 778973.932  2.32%   2.5  960s
 2256793 1787258 792808.765  176   48 797485.957 778974.321  2.32%   2.5  965s
 2268520 1794814 785048.510  103   63 797485.957 778975.135  2.32%   2.5  970s
 2279243 1801966 781115.805   84   65 797485.957 778975.522  2.32%   2.5  975s
*2284115 1805103             224    797477.78215 778975.522  2.32%   2.5  978s
 2286316 1807160 795290.670  179   48 797477.782 778975.522  2.32%   2.5  980s
 2297728 1815279 796824.042  161   45 797477.782 778976.049  2.32%   2.5  985s
 2305105 1820125 785284.242  127   59 797477.782 778976.290  2.32%   2.5  990s
 2317205 1828433 785714.907  127   58 797477.782 778976.940  2.32%   2.5  995s
 2325434 1833602 780348.946   78   65 797477.782 778977.330  2.32%   2.5 1000s
 2336086 1840805     cutoff  142      797477.782 778977.795  2.32%   2.5 1005s
 2346743 1848469     cutoff  161      797477.782 778978.497  2.32%   2.5 1010s
 2354445 1854503 786721.362  123   59 797477.782 778978.946  2.32%   2.5 1015s
 2365518 1862660 788357.683  128   57 797477.782 778979.310  2.32%   2.5 1020s
 2373358 1868066 797220.638  160   45 797477.782 778979.717  2.32%   2.5 1025s
 2383868 1875807 791884.978  107   58 797477.782 778980.223  2.32%   2.5 1030s
*2390877 1880514             254    797454.06042 778980.345  2.32%   2.5 1035s
*2391055 1880761             252    797452.19111 778980.349  2.32%   2.5 1035s
*2391068 1880761             252    797451.58881 778980.349  2.32%   2.5 1035s
 2400317 1887629 783330.158  104   60 797451.589 778980.916  2.32%   2.5 1040s
 2410372 1895030 787177.900  105   62 797451.589 778981.047  2.32%   2.5 1046s
 2420391 1902488 787122.059  126   54 797451.589 778981.407  2.32%   2.5 1050s
 2431521 1908742     cutoff  163      797451.589 778981.954  2.32%   2.5 1055s
 2439404 1915306 797440.429  163   47 797451.589 778982.272  2.32%   2.5 1060s
 2449831 1920652     cutoff  132      797451.589 778982.658  2.32%   2.5 1065s
 2458223 1925591 795418.955  166   45 797451.589 778982.782  2.32%   2.5 1070s
 2469957 1932748 781861.783   91   65 797451.589 778983.711  2.32%   2.5 1075s
 2479670 1939292 794323.748  167   51 797451.589 778984.309  2.32%   2.5 1081s
 2487900 1944914     cutoff  148      797451.589 778984.615  2.32%   2.5 1085s
 2498706 1953612 781754.621   88   65 797451.589 778984.897  2.32%   2.5 1090s
 2505615 1957484 780483.564   95   63 797451.589 778985.259  2.32%   2.5 1095s
 2517045 1967572     cutoff  154      797451.589 778985.489  2.32%   2.5 1100s
 2524243 1971446 789039.524  148   53 797451.589 778985.751  2.32%   2.5 1105s
 2534157 1979954 790843.043  133   54 797451.589 778986.044  2.32%   2.5 1110s
 2542203 1983802 796963.989  157   47 797451.589 778986.368  2.32%   2.6 1115s
 2552826 1990217 791762.291  114   51 797451.589 778987.002  2.32%   2.6 1120s
 2564127 1998778 786909.306  113   57 797451.589 778987.286  2.32%   2.6 1125s
 2572434 2004026 796929.600  141   49 797451.589 778987.606  2.32%   2.6 1130s
 2584084 2012283 784856.995  115   61 797451.589 778988.223  2.32%   2.6 1135s
 2592353 2019499     cutoff  144      797451.589 778988.312  2.32%   2.6 1140s
 2601821 2027199 795647.148  187   50 797451.589 778988.468  2.32%   2.6 1145s
 2611521 2033619 782350.619   99   63 797451.589 778988.853  2.32%   2.6 1150s
 2621361 2039219 797170.716  149   45 797451.589 778989.452  2.32%   2.6 1155s
 2628863 2044376 793082.574  144   51 797451.589 778989.476  2.32%   2.6 1160s
 2639752 2052097 782485.756   90   65 797451.589 778989.924  2.32%   2.6 1165s
 2648171 2059006 796046.894  182   41 797451.589 778989.924  2.32%   2.6 1170s
 2658078 2065063 796240.827  177   44 797451.589 778990.790  2.31%   2.6 1175s
 2668403 2072887 786790.908  112   56 797451.589 778991.250  2.31%   2.6 1181s
 2677118 2079409 780971.668   90   65 797451.589 778991.503  2.31%   2.6 1185s
 2689337 2087646 796788.612  147   47 797451.589 778991.928  2.31%   2.6 1190s
 2697279 2093422 787942.417  131   56 797451.589 778992.120  2.31%   2.6 1195s
 2708719 2101424     cutoff  144      797451.589 778992.849  2.31%   2.6 1200s
 2716001 2106711 794545.029  187   47 797451.589 778992.849  2.31%   2.6 1205s
 2726997 2116403 787595.206  104   56 797451.589 778993.130  2.31%   2.6 1210s
 2734013 2119943 782906.226  106   63 797451.589 778993.690  2.31%   2.6 1215s
 2745012 2128412 792215.371  124   48 797451.589 778994.107  2.31%   2.6 1220s
 2752925 2134049 782203.226  103   63 797451.589 778994.272  2.31%   2.6 1225s
 2763411 2142342     cutoff  217      797451.589 778994.741  2.31%   2.6 1230s
 2773089 2148891 794527.525  158   49 797451.589 778994.939  2.31%   2.6 1235s
 2783824 2156868 781915.919   99   63 797451.589 778995.785  2.31%   2.6 1240s
 2792575 2164135     cutoff  151      797451.589 778995.903  2.31%   2.6 1245s
*2795966 2165107             255    797450.33689 778996.117  2.31%   2.6 1246s
H2797509 2165873                    797450.06044 778996.167  2.31%   2.6 1248s
 2802028 2168934     cutoff  160      797450.060 778996.409  2.31%   2.6 1250s
 2814006 2176327 791044.586  135   58 797450.060 778996.859  2.31%   2.6 1255s
 2821805 2180336 796796.066  155   48 797450.060 778997.279  2.31%   2.6 1260s
 2833880 2189921 788385.994  129   54 797450.060 778997.548  2.31%   2.6 1265s
 2840922 2194971 788940.353  127   57 797450.060 778997.907  2.31%   2.6 1270s
 2851822 2203961 788440.594  107   59 797450.060 778998.085  2.31%   2.6 1275s
 2859762 2208645 786527.481  121   59 797450.060 778998.388  2.31%   2.6 1280s
 2870394 2216048 785581.803  110   59 797450.060 778998.645  2.31%   2.6 1285s
 2881770 2224548 782415.579   91   64 797450.060 778999.309  2.31%   2.6 1291s
 2892648 2232084 788328.698  118   57 797450.060 778999.765  2.31%   2.6 1295s
 2901743 2238647 791931.037  112   53 797450.060 779000.165  2.31%   2.6 1300s
 2912052 2248029 795856.831  206   42 797450.060 779000.174  2.31%   2.6 1305s
 2918756 2252812 786058.120  120   63 797450.060 779000.529  2.31%   2.6 1310s
 2931080 2262792 789468.017  119   57 797450.060 779000.769  2.31%   2.6 1315s
 2940517 2270051 789186.645  119   53 797450.060 779000.989  2.31%   2.6 1320s
 2954245 2278352 785432.306   94   62 797450.060 779001.835  2.31%   2.6 1325s
 2963450 2284857 782663.411   93   63 797450.060 779002.234  2.31%   2.6 1330s
 2975089 2293629 786465.378  112   63 797450.060 779002.690  2.31%   2.6 1335s
 2983266 2298946 789254.557  135   54 797450.060 779002.845  2.31%   2.6 1340s
 2994936 2306204 797393.823  164   48 797450.060 779003.642  2.31%   2.6 1345s
 3006191 2313630 785029.759  117   63 797450.060 779003.914  2.31%   2.6 1350s
 3019207 2323040 784960.869  125   59 797450.060 779004.424  2.31%   2.6 1355s
 3028657 2329131 795510.164  111   51 797450.060 779004.921  2.31%   2.6 1360s
 3038959 2336240 797137.751  209   43 797450.060 779005.160  2.31%   2.6 1365s
 3047732 2342203 784594.316  104   59 797450.060 779005.811  2.31%   2.6 1370s
 3057835 2348809     cutoff  243      797450.060 779006.233  2.31%   2.6 1375s
 3064662 2353539 788053.165  126   57 797450.060 779006.272  2.31%   2.6 1380s
 3075741 2361798     cutoff  192      797450.060 779006.771  2.31%   2.6 1385s
 3083804 2364962 780491.441   84   64 797450.060 779007.519  2.31%   2.6 1390s
 3094832 2372914     cutoff  154      797450.060 779008.012  2.31%   2.6 1395s
 3102826 2378416 792513.290  151   50 797450.060 779008.100  2.31%   2.7 1400s
 3114313 2387200 784945.335   99   59 797450.060 779008.545  2.31%   2.7 1405s
 3122522 2393530 795914.673  186   43 797450.060 779008.545  2.31%   2.7 1410s
 3132972 2401214 788213.710  117   57 797450.060 779009.217  2.31%   2.7 1415s
 3141820 2407861 789229.870  121   55 797450.060 779009.421  2.31%   2.7 1420s
 3152706 2415665 792036.549  145   55 797450.060 779009.575  2.31%   2.7 1425s
 3160598 2421753     cutoff  136      797450.060 779010.048  2.31%   2.7 1430s
 3172652 2430080 779872.454   88   65 797450.060 779010.525  2.31%   2.7 1435s
 3181380 2437122     cutoff  178      797450.060 779010.850  2.31%   2.7 1440s
 3193741 2445118 787274.403  122   57 797450.060 779011.335  2.31%   2.7 1445s
 3201913 2448779 785716.690   93   61 797450.060 779012.237  2.31%   2.7 1450s
 3213339 2455361     cutoff  194      797450.060 779012.552  2.31%   2.7 1455s
 3220811 2459386 790512.715  109   55 797450.060 779012.962  2.31%   2.7 1460s
 3231404 2466730 782342.075   89   63 797450.060 779013.288  2.31%   2.7 1465s
 3239761 2472860 784353.665  105   60 797450.060 779013.558  2.31%   2.7 1470s
 3249366 2477554     cutoff  153      797450.060 779014.281  2.31%   2.7 1475s
 3260640 2484487     cutoff  140      797450.060 779015.101  2.31%   2.7 1480s
 3270134 2492224 794821.020  178   46 797450.060 779015.136  2.31%   2.7 1485s
 3281429 2499519 781542.891   91   63 797450.060 779016.146  2.31%   2.7 1491s
 3289229 2505095 793586.878  166   50 797450.060 779016.146  2.31%   2.7 1495s
 3299845 2512871 785835.590  125   59 797450.060 779016.737  2.31%   2.7 1500s
 3307520 2518969 781775.823  100   62 797450.060 779017.132  2.31%   2.7 1505s
 3317042 2526098 780987.332   85   64 797450.060 779017.470  2.31%   2.7 1510s
 3326993 2533659 796162.170  166   47 797450.060 779017.794  2.31%   2.7 1515s
 3335759 2539574 785761.132  120   60 797450.060 779018.131  2.31%   2.7 1521s
 3343347 2545858     cutoff  131      797450.060 779018.431  2.31%   2.7 1525s
 3354229 2552596     cutoff  144      797450.060 779018.906  2.31%   2.7 1531s
 3364476 2558838 797266.411  161   44 797450.060 779019.456  2.31%   2.7 1535s
 3374643 2565218 787405.978  124   57 797450.060 779019.773  2.31%   2.7 1540s
 3382449 2572109     cutoff  144      797450.060 779020.153  2.31%   2.7 1545s
 3393886 2578999 783255.504  108   60 797450.060 779020.691  2.31%   2.7 1550s
 3400961 2583882 782561.784   94   63 797450.060 779020.928  2.31%   2.7 1555s
 3411154 2591302     cutoff  146      797450.060 779021.363  2.31%   2.7 1560s
 3418769 2596540 796939.597  167   46 797450.060 779021.681  2.31%   2.7 1565s
 3430190 2606013 796601.333  177   44 797450.060 779021.747  2.31%   2.7 1570s
 3437148 2610599     cutoff  160      797450.060 779022.224  2.31%   2.7 1575s
 3448050 2616966 781291.166   97   65 797450.060 779023.162  2.31%   2.7 1580s
 3455241 2623374 795851.668  192   45 797450.060 779023.162  2.31%   2.7 1585s
 3466660 2630546 794635.818  192   47 797450.060 779023.401  2.31%   2.7 1590s
 3474545 2635917 782903.639   98   62 797450.060 779024.005  2.31%   2.7 1595s
 3486141 2644550     cutoff  153      797450.060 779024.487  2.31%   2.7 1600s
 3494185 2648344 796437.943  161   47 797450.060 779024.867  2.31%   2.7 1605s
 3506380 2656817 787988.018  132   56 797450.060 779025.259  2.31%   2.7 1610s
 3516100 2664628 791256.151  179   48 797450.060 779025.590  2.31%   2.7 1615s
 3527059 2673838 793441.805  195   44 797450.060 779025.870  2.31%   2.7 1621s
 3535625 2680608 789333.176  129   58 797450.060 779026.136  2.31%   2.7 1625s
 3545703 2687091 790950.036  119   54 797450.060 779026.556  2.31%   2.7 1630s
 3555611 2695704 794224.194  170   46 797450.060 779026.607  2.31%   2.7 1635s
 3563475 2702602 792633.630  146   52 797450.060 779026.882  2.31%   2.7 1640s
 3573702 2708521 795687.207  133   50 797450.060 779027.249  2.31%   2.7 1645s
 3582042 2714542 785998.118  120   59 797450.060 779027.622  2.31%   2.7 1650s
 3591840 2721997 788071.498  126   54 797450.060 779028.087  2.31%   2.7 1655s
 3600642 2727973 796810.806  166   48 797450.060 779028.319  2.31%   2.7 1660s
 3610886 2733294 793380.202  168   47 797450.060 779028.689  2.31%   2.7 1665s
 3622331 2740670 783903.328   98   62 797450.060 779029.363  2.31%   2.7 1670s
 3630610 2747117 784106.271  109   61 797450.060 779029.607  2.31%   2.7 1675s
 3639480 2753914     cutoff  161      797450.060 779029.977  2.31%   2.7 1680s
 3649624 2760217 794549.635  162   52 797450.060 779030.182  2.31%   2.7 1685s
 3660414 2767594 785276.284  110   58 797450.060 779031.004  2.31%   2.7 1691s
 3667733 2773633 790643.823  110   58 797450.060 779031.321  2.31%   2.7 1695s
 3678254 2778697 784470.722  107   58 797450.060 779031.792  2.31%   2.7 1700s
 3687340 2785021 790232.358  132   55 797450.060 779032.084  2.31%   2.7 1705s
 3698367 2793458 796407.935  142   50 797450.060 779032.584  2.31%   2.7 1710s
 3706611 2799005 790318.491  116   55 797450.060 779032.718  2.31%   2.7 1715s
 3716757 2805376     cutoff  169      797450.060 779033.034  2.31%   2.7 1720s
 3725302 2813359 794871.032  174   46 797450.060 779033.053  2.31%   2.7 1725s
 3734297 2820795 789406.800  135   56 797450.060 779033.433  2.31%   2.7 1730s
 3744229 2826541 795244.987  135   47 797450.060 779033.772  2.31%   2.7 1735s
 3754566 2833774 790612.981  126   54 797450.060 779034.142  2.31%   2.7 1741s
 3763536 2837912     cutoff  151      797450.060 779034.745  2.31%   2.7 1745s
 3775314 2845191 782262.766   90   63 797450.060 779035.334  2.31%   2.7 1750s
 3782630 2850567 783700.189   92   61 797450.060 779035.482  2.31%   2.7 1755s
 3794264 2859038 782390.788   93   62 797450.060 779035.646  2.31%   2.7 1760s
 3802819 2865518     cutoff  140      797450.060 779035.958  2.31%   2.7 1765s
 3813041 2871400 782067.199  101   62 797450.060 779036.416  2.31%   2.7 1770s
 3821378 2877321 780098.454   80   66 797450.060 779036.769  2.31%   2.7 1775s
 3831497 2883682     cutoff  223      797450.060 779037.234  2.31%   2.7 1780s
 3839728 2888697 781107.201   91   64 797450.060 779037.683  2.31%   2.7 1785s
 3850747 2896935     cutoff  126      797450.060 779038.062  2.31%   2.7 1790s
 3858996 2902117 788397.123  132   55 797450.060 779038.291  2.31%   2.7 1795s
 3870687 2911159 784384.909  114   61 797450.060 779038.796  2.31%   2.7 1800s
 3878479 2917162 783611.510   88   63 797450.060 779039.070  2.31%   2.7 1805s
 3890058 2924634 791982.352  139   51 797450.060 779039.530  2.31%   2.7 1810s
 3898352 2932158     cutoff  227      797450.060 779039.754  2.31%   2.7 1815s
 3909318 2938493     cutoff  170      797450.060 779040.317  2.31%   2.7 1820s
 3916434 2943644 794376.539  189   45 797450.060 779040.411  2.31%   2.7 1825s
 3928188 2953000 795397.207  180   46 797450.060 779041.078  2.31%   2.7 1830s
 3938155 2961246 793441.606  158   49 797450.060 779041.298  2.31%   2.7 1835s
 3946344 2966778 797446.363  200   43 797450.060 779041.573  2.31%   2.7 1840s
 3957481 2972850 794432.478  122   53 797450.060 779042.248  2.31%   2.7 1845s
 3967611 2979544 793483.536  132   50 797450.060 779042.465  2.31%   2.7 1850s
 3975976 2985332 790881.885  146   52 797450.060 779042.594  2.31%   2.7 1855s
 3987164 2991700 796422.683  133   49 797450.060 779043.639  2.31%   2.7 1860s
 3995627 2997266     cutoff  155      797450.060 779043.986  2.31%   2.7 1865s
 4006968 3004535 787753.971  109   55 797450.060 779044.339  2.31%   2.7 1870s
 4014565 3009913 783772.453  107   62 797450.060 779044.480  2.31%   2.7 1875s
 4026064 3018258 779861.306   84   65 797450.060 779044.845  2.31%   2.8 1880s
 4034420 3024485     cutoff  157      797450.060 779045.005  2.31%   2.8 1885s
 4045303 3031898 788314.914  137   54 797450.060 779045.289  2.31%   2.7 1890s
 4053651 3037774 791055.863  109   57 797450.060 779045.639  2.31%   2.8 1895s
 4063958 3045261 780008.828   83   65 797450.060 779046.072  2.31%   2.8 1900s
 4073365 3052700 780533.521   87   65 797450.060 779046.491  2.31%   2.8 1905s
 4084532 3059321 792235.353  114   53 797450.060 779047.142  2.31%   2.8 1911s
 4091181 3063223 790101.310  118   55 797450.060 779047.232  2.31%   2.8 1915s
 4102860 3071278     cutoff  170      797450.060 779047.832  2.31%   2.8 1920s
 4110679 3075314     cutoff  182      797450.060 779048.080  2.31%   2.8 1925s
 4122828 3083668 790598.709  133   52 797450.060 779048.657  2.31%   2.8 1930s
 4130588 3088125 788127.336  131   54 797450.060 779048.921  2.31%   2.8 1935s
 4142540 3096665 792922.750  170   49 797450.060 779049.345  2.31%   2.8 1940s
 4151347 3103086 784046.900  104   58 797450.060 779049.907  2.31%   2.8 1945s
 4162104 3110241 795855.270  145   45 797450.060 779050.201  2.31%   2.8 1950s
 4171921 3118501 796806.314  185   45 797450.060 779050.440  2.31%   2.8 1955s
 4180297 3124106 787147.637  122   54 797450.060 779050.570  2.31%   2.8 1960s
 4191934 3132714 793524.335  173   48 797450.060 779050.790  2.31%   2.8 1965s
 4199601 3138957 784916.073  107   60 797450.060 779051.364  2.31%   2.8 1970s
 4212428 3147144 797407.881  220   45 797450.060 779051.917  2.31%   2.8 1975s
 4220023 3152232 796192.408  150   47 797450.060 779052.076  2.31%   2.8 1980s
 4230658 3158595     cutoff  165      797450.060 779052.685  2.31%   2.8 1985s
 4238096 3163826 782779.994  101   61 797450.060 779052.947  2.31%   2.8 1990s
 4249336 3172235 793052.702  135   54 797450.060 779053.362  2.31%   2.8 1995s
 4257897 3178200 789320.288  135   54 797450.060 779053.527  2.31%   2.8 2000s
 4269337 3187264 784249.084  109   59 797450.060 779054.064  2.31%   2.8 2005s
 4277246 3193398 796342.194  130   51 797450.060 779054.135  2.31%   2.8 2010s
 4288126 3200700 787175.179  147   55 797450.060 779054.378  2.31%   2.8 2016s
 4294423 3205521     cutoff  153      797450.060 779054.677  2.31%   2.8 2020s
 4305787 3213071 787769.557   93   63 797450.060 779055.134  2.31%   2.8 2025s
 4315596 3220571 787657.204  126   56 797450.060 779055.341  2.31%   2.8 2030s
 4325311 3226831 789113.191  129   54 797450.060 779055.528  2.31%   2.8 2035s
 4334226 3232101     cutoff  139      797450.060 779056.039  2.31%   2.8 2040s
 4344663 3240075 792360.469  179   48 797450.060 779056.214  2.31%   2.8 2045s
 4354156 3246297 793797.629  153   48 797450.060 779056.668  2.31%   2.8 2050s
 4364653 3252355 782968.365  103   58 797450.060 779057.274  2.31%   2.8 2055s
 4372909 3258771 782430.982   91   61 797450.060 779057.545  2.31%   2.8 2060s
 4383767 3265590 787233.366  127   55 797450.060 779057.858  2.31%   2.8 2065s
 4392026 3272121     cutoff  215      797450.060 779058.203  2.31%   2.8 2070s
 4400099 3279019 793639.106  137   50 797450.060 779058.365  2.31%   2.8 2075s
 4410694 3286226 791614.340  147   53 797450.060 779058.557  2.31%   2.8 2080s
 4418299 3291771     cutoff  126      797450.060 779059.124  2.31%   2.8 2085s
 4429115 3299154     cutoff  139      797450.060 779059.488  2.31%   2.8 2090s
 4436433 3304408 789262.696  124   54 797450.060 779059.664  2.31%   2.8 2095s
 4447141 3313122     cutoff  169      797450.060 779059.944  2.31%   2.8 2100s
 4455684 3317872 784257.995  104   61 797450.060 779060.462  2.31%   2.8 2105s
 4467041 3327844 795207.764  180   46 797450.060 779060.818  2.31%   2.8 2110s
 4474234 3331802     cutoff  153      797450.060 779061.042  2.31%   2.8 2115s
 4485543 3339812 795643.321  188   45 797450.060 779061.189  2.31%   2.8 2120s
 4494192 3345680 787717.023  115   58 797450.060 779061.694  2.31%   2.8 2125s
 4503956 3350824 785923.985  114   59 797450.060 779062.165  2.31%   2.8 2130s
 4511265 3356295 797436.999  193   45 797450.060 779062.546  2.31%   2.8 2135s
 4522019 3363517 796745.676  164   47 797450.060 779062.924  2.31%   2.8 2140s
 4530616 3369499 781093.143   88   65 797450.060 779063.281  2.31%   2.8 2145s
 4541289 3378409 792185.059  142   56 797450.060 779063.598  2.31%   2.8 2150s
 4549237 3383115 797165.320  195   46 797450.060 779063.921  2.31%   2.8 2155s
 4560144 3387492 789171.703  120   56 797450.060 779064.400  2.31%   2.8 2160s
 4568461 3394140 793030.416  160   55 797450.060 779064.727  2.31%   2.8 2165s
 4578971 3401425 795918.988  189   43 797450.060 779064.898  2.31%   2.8 2170s
 4588791 3407821 789626.548  134   58 797450.060 779065.203  2.31%   2.8 2176s
 4596980 3412422 780345.948   85   62 797450.060 779065.697  2.31%   2.8 2180s
 4606710 3420139 795085.908  162   47 797450.060 779065.819  2.31%   2.8 2185s
 4615621 3425073 794131.076  140   49 797450.060 779066.608  2.31%   2.8 2190s
 4626802 3432510 795740.508  191   47 797450.060 779066.774  2.31%   2.8 2196s
 4635556 3438486 786631.834  117   58 797450.060 779067.089  2.31%   2.8 2200s
 4647159 3445939 781151.681   82   64 797450.060 779067.499  2.31%   2.8 2205s
 4657443 3453332 790625.028  128   53 797450.060 779067.744  2.31%   2.8 2210s
 4666936 3460280     cutoff  140      797450.060 779068.238  2.31%   2.8 2215s
 4678441 3468246 796860.055  160   46 797450.060 779068.706  2.31%   2.8 2220s
 4687531 3474660 782776.528   92   65 797450.060 779068.965  2.30%   2.8 2225s
 4697765 3482124 791508.678  124   51 797450.060 779069.261  2.30%   2.8 2230s
 4706535 3487818 794731.100  168   49 797450.060 779069.445  2.30%   2.8 2235s
 4717612 3493806 795803.448  127   51 797450.060 779070.233  2.30%   2.8 2240s
 4724714 3498977 790072.649  135   55 797450.060 779070.253  2.30%   2.8 2245s
 4737790 3506305 781647.683   89   63 797450.060 779071.024  2.30%   2.8 2250s
 4745811 3513558     cutoff  172      797450.060 779071.083  2.30%   2.8 2255s
 4760091 3522460     cutoff  198      797450.060 779071.592  2.30%   2.8 2260s
 4768775 3528865 785943.949  114   61 797450.060 779071.924  2.30%   2.8 2265s
 4780097 3536012     cutoff  199      797450.060 779072.449  2.30%   2.8 2271s
 4788811 3542595 783556.216  106   62 797450.060 779072.689  2.30%   2.8 2275s
 4799198 3549679     cutoff  211      797450.060 779073.137  2.30%   2.8 2280s
 4809120 3555960 782550.507   94   63 797450.060 779073.628  2.30%   2.8 2285s
 4818901 3562978 797180.187  141   48 797450.060 779074.100  2.30%   2.8 2290s
 4829683 3570262 796180.625  148   47 797450.060 779074.442  2.30%   2.8 2295s
 4837974 3576072 787791.548  127   54 797450.060 779074.655  2.30%   2.8 2300s
 4847946 3583267 791467.200  114   54 797450.060 779075.087  2.30%   2.8 2305s
 4855129 3587809 793935.536  148   48 797450.060 779075.167  2.30%   2.8 2310s
 4866015 3595683     cutoff  195      797450.060 779075.688  2.30%   2.8 2315s
 4874691 3602543 784064.481  116   63 797450.060 779075.940  2.30%   2.8 2320s
 4885824 3610075 781454.811   86   64 797450.060 779076.303  2.30%   2.8 2325s
 4895169 3617018 793354.099  196   46 797450.060 779076.363  2.30%   2.8 2330s
 4906425 3625122     cutoff  156      797450.060 779077.119  2.30%   2.8 2335s
 4913766 3630289 784647.106  114   58 797450.060 779077.217  2.30%   2.8 2340s
 4925096 3638741     cutoff  146      797450.060 779077.543  2.30%   2.8 2345s
 4934189 3646210 782404.794   95   62 797450.060 779077.784  2.30%   2.8 2350s
 4943055 3653188 785455.039  110   59 797450.060 779078.026  2.30%   2.8 2356s
 4952310 3659698 786137.026  106   58 797450.060 779078.178  2.30%   2.8 2360s
 4961506 3665751 780663.468   85   65 797450.060 779078.579  2.30%   2.8 2365s
 4972803 3673802 796469.291  126   46 797450.060 779078.795  2.30%   2.8 2370s
 4980594 3678809 792421.154  152   50 797450.060 779078.908  2.30%   2.8 2375s
 4991350 3686402 786497.363  106   60 797450.060 779079.363  2.30%   2.8 2380s
 4999575 3691247 788177.838  119   55 797450.060 779079.546  2.30%   2.8 2385s
 5010711 3700449 795107.761  165   50 797450.060 779079.870  2.30%   2.8 2390s
 5019780 3707919 792608.999  178   48 797450.060 779080.030  2.30%   2.8 2395s
 5031057 3716615 793981.812  172   50 797450.060 779080.287  2.30%   2.8 2400s
 5039782 3723358 789813.320  152   51 797450.060 779080.617  2.30%   2.8 2405s
 5048862 3730225 787219.923  117   61 797450.060 779080.957  2.30%   2.8 2410s
 5060627 3739176 785001.994  100   59 797450.060 779081.136  2.30%   2.8 2415s
 5069644 3745339 791985.466  165   51 797450.060 779081.250  2.30%   2.8 2420s
 5080801 3754161 795714.193  205   41 797450.060 779081.670  2.30%   2.8 2425s
 5089073 3758442     cutoff  167      797450.060 779082.042  2.30%   2.8 2430s
 5100606 3767831 796588.589  144   48 797450.060 779082.407  2.30%   2.8 2435s
 5110009 3774981 787441.704  121   57 797450.060 779082.601  2.30%   2.8 2440s
 5120348 3781729     cutoff  167      797450.060 779082.939  2.30%   2.8 2445s
 5129357 3788499 794915.202  172   46 797450.060 779082.986  2.30%   2.8 2450s
 5137956 3796132 792863.212  170   47 797450.060 779083.229  2.30%   2.8 2455s
 5148778 3804378 786953.899  120   62 797450.060 779083.561  2.30%   2.8 2460s
 5158403 3812096 795169.751  200   43 797450.060 779083.712  2.30%   2.8 2465s
 5169937 3819318 795993.190  200   45 797450.060 779083.844  2.30%   2.8 2470s
 5177813 3824481 794107.198  162   48 797450.060 779084.170  2.30%   2.8 2475s
 5189321 3833406 787044.395  119   58 797450.060 779084.673  2.30%   2.8 2480s
 5197476 3838725 786591.983  108   60 797450.060 779084.993  2.30%   2.8 2485s
 5208638 3847445 782965.802  109   59 797450.060 779085.343  2.30%   2.8 2491s
 5218164 3855928 795960.225  139   46 797450.060 779085.459  2.30%   2.8 2495s
 5226750 3863207 795743.204  181   42 797450.060 779085.698  2.30%   2.8 2500s
 5238319 3872181 796205.820  134   50 797450.060 779086.184  2.30%   2.8 2505s
 5247541 3880853 794514.478  173   48 797450.060 779086.218  2.30%   2.8 2510s
 5255197 3887098 791072.343  149   52 797450.060 779086.511  2.30%   2.8 2515s
 5266060 3894565     cutoff  146      797450.060 779086.887  2.30%   2.8 2520s
 5275064 3900666 791890.872  161   59 797450.060 779087.089  2.30%   2.8 2525s
 5286563 3907490     cutoff  159      797450.060 779087.569  2.30%   2.8 2530s
 5295502 3914217 795093.808  176   45 797450.060 779087.569  2.30%   2.8 2535s
 5306894 3922078 791669.893  135   54 797450.060 779088.361  2.30%   2.8 2540s
 5313777 3926847     cutoff  158      797450.060 779088.573  2.30%   2.8 2545s
 5325224 3935733 785572.257  114   57 797450.060 779088.817  2.30%   2.8 2550s
 5333488 3942426 785863.141   96   61 797450.060 779088.983  2.30%   2.8 2555s
 5343798 3948870 788430.252  104   57 797450.060 779089.295  2.30%   2.8 2560s
 5351099 3953549 781028.266   89   66 797450.060 779089.594  2.30%   2.8 2565s
 5362023 3961580 781596.709   97   62 797450.060 779089.884  2.30%   2.8 2570s
 5369774 3967803 791696.828  124   58 797450.060 779090.086  2.30%   2.8 2575s
 5381777 3977973 790367.799  142   52 797450.060 779090.266  2.30%   2.8 2581s
 5390535 3983979 781581.384   83   65 797450.060 779090.684  2.30%   2.8 2585s
 5400774 3990818 787735.714  121   60 797450.060 779091.135  2.30%   2.8 2591s
 5411516 3998958     cutoff  153      797450.060 779091.514  2.30%   2.8 2595s
 5420559 4007169 793855.995  120   52 797450.060 779091.693  2.30%   2.8 2600s
 5433014 4015175 781315.688   90   64 797450.060 779092.429  2.30%   2.8 2605s
 5440658 4021635     cutoff  190      797450.060 779092.592  2.30%   2.8 2610s
 5451545 4028337     cutoff  160      797450.060 779093.037  2.30%   2.8 2615s
 5459730 4034348 795132.501  193   43 797450.060 779093.089  2.30%   2.8 2620s
 5469582 4042740 797193.856  175   48 797450.060 779093.408  2.30%   2.8 2626s
 5478556 4048179 791905.392  142   50 797450.060 779093.747  2.30%   2.8 2630s
 5489130 4055340 780000.470   85   66 797450.060 779094.144  2.30%   2.8 2635s
 5496508 4060614 793097.413  173   49 797450.060 779094.144  2.30%   2.8 2640s
 5507545 4068424 788657.911  131   55 797450.060 779094.588  2.30%   2.8 2645s
 5516959 4076000 790169.534  152   49 797450.060 779094.834  2.30%   2.8 2650s
 5528204 4083088     cutoff  154      797450.060 779095.269  2.30%   2.8 2656s
 5536054 4089346 793574.387  191   46 797450.060 779095.302  2.30%   2.8 2660s
 5546995 4095751     cutoff  192      797450.060 779095.873  2.30%   2.8 2665s
 5554691 4101312 785815.931  111   63 797450.060 779096.185  2.30%   2.8 2670s
 5565353 4109548 782968.715   95   61 797450.060 779096.397  2.30%   2.8 2675s
 5574295 4115049 791537.768  122   53 797450.060 779096.788  2.30%   2.8 2680s
 5583171 4122771 793220.834  164   48 797450.060 779096.832  2.30%   2.8 2685s
 5592888 4128206 788975.138  143   53 797450.060 779097.112  2.30%   2.8 2690s
 5602578 4135721 780960.171   91   62 797450.060 779097.528  2.30%   2.8 2695s
 5612946 4143561 793952.255  108   53 797450.060 779097.773  2.30%   2.8 2700s
 5621004 4148980 788249.159  125   56 797450.060 779097.863  2.30%   2.8 2705s
 5631184 4156315 779967.216   84   66 797450.060 779098.339  2.30%   2.8 2710s
 5639583 4162452 795194.076  178   45 797450.060 779098.339  2.30%   2.8 2715s
 5650415 4170630     cutoff  162      797450.060 779098.926  2.30%   2.8 2720s
 5660465 4175312 787147.500  108   61 797450.060 779099.577  2.30%   2.8 2725s
 5667977 4179140 797097.639  156   45 797450.060 779100.311  2.30%   2.8 2730s
 5679695 4187585 796765.394  153   47 797450.060 779100.710  2.30%   2.8 2735s
 5688778 4194984 794219.898  188   44 797450.060 779100.822  2.30%   2.8 2740s
 5699185 4201364 796125.159  179   45 797450.060 779101.008  2.30%   2.8 2746s
 5706653 4206595 780664.435   92   64 797450.060 779101.736  2.30%   2.8 2750s
 5715307 4214991 795809.411  199   44 797450.060 779101.736  2.30%   2.8 2755s
 5726237 4220674     cutoff  219      797450.060 779102.092  2.30%   2.8 2760s
 5737904 4229402 794078.554  165   48 797450.060 779102.298  2.30%   2.8 2766s
 5746357 4234532 797108.086  144   45 797450.060 779102.960  2.30%   2.8 2770s
 5757002 4242032 782451.069  100   62 797450.060 779103.362  2.30%   2.8 2775s
 5765612 4248694 796755.364  148   50 797450.060 779103.546  2.30%   2.8 2780s
 5775794 4255686 786587.477  116   62 797450.060 779103.832  2.30%   2.8 2786s
 5784113 4261444 786110.464  111   62 797450.060 779103.949  2.30%   2.8 2790s
 5795011 4267041 796809.667  152   46 797450.060 779104.327  2.30%   2.8 2795s
 5802298 4271731 783920.165  108   62 797450.060 779104.428  2.30%   2.8 2800s
 5813344 4279811 783447.156   91   59 797450.060 779104.862  2.30%   2.8 2805s
 5822520 4288346 793144.665  193   44 797450.060 779104.942  2.30%   2.8 2810s
 5831506 4295901 789566.135  158   52 797450.060 779105.207  2.30%   2.8 2815s
 5842296 4303249 795237.336  159   47 797450.060 779105.382  2.30%   2.8 2820s
 5850773 4308907 789708.365  130   53 797450.060 779105.800  2.30%   2.8 2825s
 5860823 4314305     cutoff  174      797450.060 779106.189  2.30%   2.8 2830s
 5871982 4321684 796941.928  157   48 797450.060 779106.750  2.30%   2.8 2836s
 5880395 4327219     cutoff  166      797450.060 779107.029  2.30%   2.8 2840s
 5890785 4335173 792268.278  145   50 797450.060 779107.374  2.30%   2.8 2846s
 5899358 4340900 796883.664  129   50 797450.060 779107.894  2.30%   2.8 2850s
 5908426 4348397 793822.017  205   43 797450.060 779108.004  2.30%   2.8 2855s
 5919085 4355968 791202.276  134   53 797450.060 779108.396  2.30%   2.8 2860s
 5926538 4361415 784840.755  111   59 797450.060 779108.536  2.30%   2.9 2865s
 5937367 4368974 797012.087  137   44 797450.060 779108.904  2.30%   2.9 2870s
 5946596 4374951 796067.569  199   43 797450.060 779109.092  2.30%   2.9 2875s
 5957963 4382896 794381.953  148   52 797450.060 779109.706  2.30%   2.9 2880s
 5966553 4388970     cutoff  152      797450.060 779109.908  2.30%   2.9 2885s
 5977801 4395101 796597.109  152   47 797450.060 779110.381  2.30%   2.9 2890s
 5986247 4398935 796891.754  163   45 797450.060 779110.927  2.30%   2.9 2895s
 5998308 4407464 794617.440  155   48 797450.060 779110.960  2.30%   2.9 2900s
 6007299 4415119 797373.958  225   44 797450.060 779111.193  2.30%   2.9 2905s
 6018403 4422203 784506.445  118   60 797450.060 779111.505  2.30%   2.9 2910s
 6026343 4427313 797215.968  165   48 797450.060 779111.790  2.30%   2.9 2915s
 6037717 4435246 793581.786  157   51 797450.060 779112.146  2.30%   2.9 2920s
 6045357 4441872 782397.015   95   63 797450.060 779112.288  2.30%   2.9 2925s
 6056592 4450006 793779.079  128   51 797450.060 779112.686  2.30%   2.9 2931s
 6064113 4454678 782572.621   93   64 797450.060 779113.022  2.30%   2.9 2935s
 6075307 4462315 784857.930  102   62 797450.060 779113.476  2.30%   2.9 2940s
 6085742 4469516 791138.920  143   55 797450.060 779113.634  2.30%   2.9 2945s
 6094496 4475617 796486.781  177   45 797450.060 779113.842  2.30%   2.9 2950s
 6104554 4483051     cutoff  147      797450.060 779114.109  2.30%   2.9 2955s
 6113529 4489509 787489.058  122   56 797450.060 779114.213  2.30%   2.9 2960s
 6124590 4497456     cutoff  180      797450.060 779114.354  2.30%   2.9 2965s
 6132273 4504387 788040.116  127   58 797450.060 779114.725  2.30%   2.9 2970s
 6142281 4510492 790421.597  139   55 797450.060 779114.850  2.30%   2.9 2975s
 6150083 4516571 781819.858   92   63 797450.060 779115.297  2.30%   2.9 2980s
 6162511 4526065 788149.688  126   57 797450.060 779115.485  2.30%   2.9 2985s
 6170599 4531779 791621.998  114   56 797450.060 779116.020  2.30%   2.9 2990s
 6181018 4539044 792752.695  133   52 797450.060 779116.136  2.30%   2.9 2995s
 6192162 4545979     cutoff  154      797450.060 779116.788  2.30%   2.9 3000s
 6201320 4552288 788245.590  124   56 797450.060 779116.879  2.30%   2.9 3005s
 6212128 4557984 796455.689  146   45 797450.060 779117.510  2.30%   2.9 3010s
 6221129 4564329     cutoff  137      797450.060 779117.746  2.30%   2.9 3015s
 6232497 4572640 790907.323  172   47 797450.060 779117.851  2.30%   2.9 3020s
 6241802 4579684 782879.196   95   61 797450.060 779118.129  2.30%   2.9 3025s
 6253748 4587885 796558.522  157   48 797450.060 779118.567  2.30%   2.9 3030s
 6263279 4594567 782699.381   91   63 797450.060 779118.762  2.30%   2.9 3035s
 6272260 4601943 784323.122   94   61 797450.060 779119.000  2.30%   2.9 3040s
 6282924 4608845 784170.766  117   60 797450.060 779119.250  2.30%   2.9 3045s
 6292254 4615646 783279.998   92   63 797450.060 779119.519  2.30%   2.9 3050s
 6302061 4623066 796004.863  180   45 797450.060 779119.577  2.30%   2.9 3055s
 6310957 4628929 796305.855  195   43 797450.060 779119.779  2.30%   2.9 3060s
 6322448 4636553 791145.847  135   54 797450.060 779120.245  2.30%   2.9 3065s
 6330845 4642345 796478.416  130   48 797450.060 779120.843  2.30%   2.9 3070s
 6341612 4650291 785537.847   97   61 797450.060 779120.976  2.30%   2.9 3075s
 6351791 4657594 796902.285  143   46 797450.060 779121.227  2.30%   2.9 3080s
 6363531 4665052 797414.854  222   42 797450.060 779121.714  2.30%   2.9 3086s
 6372070 4670963 786159.593  114   59 797450.060 779121.864  2.30%   2.9 3090s
 6382802 4678460 792406.319  204   44 797450.060 779122.137  2.30%   2.9 3095s
 6392498 4685976 787416.611  114   56 797450.060 779122.734  2.30%   2.9 3100s
 6402300 4693230 780353.809   83   65 797450.060 779122.923  2.30%   2.9 3105s
 6413199 4701055 797414.635  161   46 797450.060 779123.399  2.30%   2.9 3110s
 6422955 4706929 797128.677  213   47 797450.060 779123.693  2.30%   2.9 3115s
 6435243 4715686 781445.485   91   65 797450.060 779124.164  2.30%   2.9 3120s
 6446922 4723514 787776.847  106   61 797450.060 779124.510  2.30%   2.9 3125s
 6455695 4730679 795428.205  176   46 797450.060 779124.718  2.30%   2.9 3130s
 6468494 4739803 786148.107  119   56 797450.060 779125.215  2.30%   2.9 3135s
 6476558 4746027 793193.514  118   53 797450.060 779125.353  2.30%   2.9 3140s
 6487418 4754265 795639.893  170   45 797450.060 779125.355  2.30%   2.9 3146s
 6496957 4761513 789228.680  141   55 797450.060 779125.831  2.30%   2.9 3150s
 6504960 4767682 782651.366   96   62 797450.060 779126.093  2.30%   2.9 3155s
 6516563 4776947 783871.116   96   61 797450.060 779126.210  2.30%   2.9 3160s
 6525593 4782780 782503.122   87   64 797450.060 779126.578  2.30%   2.9 3165s
 6535643 4789576 786418.368   95   60 797450.060 779127.002  2.30%   2.9 3170s
 6544389 4795361 789586.157  126   55 797450.060 779127.241  2.30%   2.9 3175s
 6556345 4800898     cutoff  155      797450.060 779127.854  2.30%   2.9 3180s
 6566442 4806680 792221.286  152   50 797450.060 779128.169  2.30%   2.9 3185s
 6576518 4813687 790211.214  132   51 797450.060 779128.622  2.30%   2.9 3190s
 6585954 4821771 791676.481  161   49 797450.060 779128.948  2.30%   2.9 3195s
 6597390 4830769 793124.452  160   47 797450.060 779129.115  2.30%   2.9 3200s
 6605550 4836172 797437.757  204   46 797450.060 779129.566  2.30%   2.9 3205s
 6616016 4843404 796752.265  149   49 797450.060 779129.891  2.30%   2.9 3211s
 6624012 4846009 790964.069  120   59 797450.060 779130.311  2.30%   2.9 3215s
 6635055 4851933     cutoff  135      797450.060 779130.655  2.30%   2.9 3220s
 6643389 4857675     cutoff  206      797450.060 779130.687  2.30%   2.9 3225s
 6653643 4865691 789326.019  109   57 797450.060 779131.139  2.30%   2.9 3230s
 6662164 4871729 786618.895  115   58 797450.060 779131.309  2.30%   2.9 3235s
 6673096 4878477 783408.901  107   61 797450.060 779131.458  2.30%   2.9 3240s
 6681661 4885905 786537.175  103   62 797450.060 779131.779  2.30%   2.9 3245s
 6692900 4893401 791409.257  143   52 797450.060 779132.084  2.30%   2.9 3250s
 6701211 4899126     cutoff  211      797450.060 779132.270  2.30%   2.9 3255s
 6712114 4907117 796757.134  167   49 797450.060 779132.317  2.30%   2.9 3260s
 6721307 4911119 784391.164  110   60 797450.060 779132.588  2.30%   2.9 3265s
 6732210 4920698 792032.730  148   52 797450.060 779132.738  2.30%   2.9 3271s
 6741221 4926260 785915.351  116   60 797450.060 779132.997  2.30%   2.9 3275s
 6751417 4934306 783523.439   97   60 797450.060 779133.302  2.30%   2.9 3280s
 6761907 4942172 787252.338  115   57 797450.060 779133.553  2.30%   2.9 3285s
 6771720 4948581 790365.980  126   50 797450.060 779133.835  2.30%   2.9 3290s
 6782159 4955035 797377.036  143   44 797450.060 779134.381  2.30%   2.9 3295s
 6791603 4961626 783471.735   95   58 797450.060 779134.723  2.30%   2.9 3300s
 6802971 4969700 792015.171  135   56 797450.060 779135.009  2.30%   2.9 3305s
 6816799 4980164 788867.124  144   54 797450.060 779135.204  2.30%   2.9 3310s
 6827870 4988581 792518.695  150   54 797450.060 779135.389  2.30%   2.9 3315s
 6838247 4996988 793731.316  198   44 797450.060 779135.550  2.30%   2.9 3320s
 6848668 5003676 782115.905   86   65 797450.060 779135.970  2.30%   2.9 3325s
 6857471 5010294 783326.728   96   61 797450.060 779136.242  2.30%   2.9 3330s
 6868335 5015939 783936.448  100   61 797450.060 779136.509  2.30%   2.9 3335s
 6878161 5024744 795282.972  119   50 797450.060 779136.685  2.30%   2.9 3340s
 6888769 5031496 787498.238  122   62 797450.060 779137.098  2.30%   2.9 3345s
 6898256 5038548 792728.327  159   50 797450.060 779137.187  2.30%   2.9 3350s
 6909063 5044156 788310.263  128   58 797450.060 779137.548  2.30%   2.9 3355s
 6917327 5048078 785342.636   98   61 797450.060 779137.944  2.30%   2.9 3360s
 6928802 5056284 792080.883  158   50 797450.060 779138.164  2.30%   2.9 3365s
 6937755 5062582 791422.229  114   52 797450.060 779138.625  2.30%   2.9 3370s
 6949300 5070870 788638.224  135   55 797450.060 779138.982  2.30%   2.9 3375s
 6959189 5077790     cutoff  189      797450.060 779139.277  2.30%   2.9 3380s
 6969866 5084726 783653.928   99   60 797450.060 779139.504  2.30%   2.9 3385s
 6979249 5092688 792634.238  151   49 797450.060 779139.709  2.30%   2.9 3390s
 6988962 5098499 795285.757  133   51 797450.060 779140.076  2.30%   2.9 3395s
 6998166 5101732 781081.963   99   64 797450.060 779140.687  2.30%   2.9 3400s
 7009863 5110102     cutoff  163      797450.060 779140.994  2.30%   2.9 3405s
 7018028 5116000 782008.348   87   64 797450.060 779141.221  2.30%   2.9 3410s
 7029391 5124220 781599.749   80   64 797450.060 779141.542  2.30%   2.9 3415s
 7038940 5131420     cutoff  147      797450.060 779141.670  2.30%   2.9 3420s
 7048342 5138724 791955.299  170   48 797450.060 779141.746  2.30%   2.9 3425s
 7059874 5147128 788287.249  126   55 797450.060 779142.160  2.30%   2.9 3430s
 7068221 5152262 797146.014  226   45 797450.060 779142.483  2.30%   2.9 3435s
 7079661 5160290 797266.769  199   42 797450.060 779142.751  2.30%   2.9 3440s
 7088551 5166245 792332.488  114   52 797450.060 779142.928  2.30%   2.9 3445s
 7098806 5172144 782744.936  101   64 797450.060 779143.407  2.30%   2.9 3450s
 7108442 5180550 786816.473   99   62 797450.060 779143.420  2.30%   2.9 3455s
 7117652 5186197 794091.530  173   46 797450.060 779143.519  2.30%   2.9 3460s
 7129267 5194118 796385.789  151   47 797450.060 779144.174  2.30%   2.9 3465s
 7138993 5202143 793358.657  205   44 797450.060 779144.297  2.30%   2.9 3470s
 7150229 5211017 787786.853  100   62 797450.060 779144.496  2.30%   2.9 3475s
 7159431 5218940 793109.750  174   50 797450.060 779144.660  2.30%   2.9 3480s
 7169404 5225386 792306.115  175   49 797450.060 779144.886  2.30%   2.9 3485s
 7179204 5231903 792292.208  126   54 797450.060 779145.403  2.30%   2.9 3490s
 7187600 5237679 784212.552  107   59 797450.060 779145.474  2.30%   2.9 3495s
 7198930 5245129 785232.210   99   61 797450.060 779145.997  2.30%   2.9 3500s
 7207166 5251210 785717.326  111   57 797450.060 779146.152  2.30%   2.9 3505s
 7217883 5258552 795321.961  121   50 797450.060 779146.643  2.30%   2.9 3510s
 7226448 5266147     cutoff  195      797450.060 779146.753  2.30%   2.9 3515s
 7236875 5270744     cutoff  140      797450.060 779147.173  2.30%   2.9 3520s
 7245901 5279111 796473.261  132   49 797450.060 779147.296  2.30%   2.9 3525s
 7257831 5287224 787044.152  110   55 797450.060 779147.567  2.30%   2.9 3530s
 7265447 5292940 783660.416   99   61 797450.060 779147.783  2.30%   2.9 3535s
 7274534 5300350 792111.165  180   49 797450.060 779147.921  2.30%   2.9 3540s
 7285325 5307056 796321.236  132   48 797450.060 779148.190  2.30%   2.9 3545s
 7293716 5312152 795442.655  192   44 797450.060 779148.279  2.30%   2.9 3550s
 7304586 5319766     cutoff  158      797450.060 779148.756  2.29%   2.9 3555s
 7312879 5325817 792314.585  158   50 797450.060 779148.834  2.29%   2.9 3560s
 7323504 5334324     cutoff  160      797450.060 779149.128  2.29%   2.9 3565s
 7332604 5339797     cutoff  147      797450.060 779149.513  2.29%   2.9 3570s
 7343907 5347270 783778.842   97   62 797450.060 779149.743  2.29%   2.9 3575s
 7350889 5352471     cutoff  210      797450.060 779149.910  2.29%   2.9 3580s
 7362296 5359190 786031.984  102   57 797450.060 779150.341  2.29%   2.9 3585s
 7370556 5365168 785571.384  105   60 797450.060 779150.589  2.29%   2.9 3590s
 7381577 5373301 797238.873  180   43 797450.060 779150.939  2.29%   2.9 3595s
 7391311 5380511 796010.739  171   45 797450.060 779151.010  2.29%   2.9 3600s

Cutting planes:
  RLT: 23

Explored 7391542 nodes (21344568 simplex iterations) in 3600.04 seconds (1608.84 work units)
Thread count was 2 (of 24 available processors)

Solution count 10: 797450 797452 797452 ... 797548

Time limit reached
Best objective 7.974500604446e+05, best bound 7.791510097265e+05, gap 2.2947%
