
Gurobi 11.0.3 (linux64, Java) logging started sex 29 nov 2024 06:22:58 -03

Set parameter Username
Academic license - for non-commercial use only - expires 2025-10-10
Set parameter NonConvex to value 2
Set parameter TimeLimit to value 3600
Set parameter LogToConsole to value 0
Set parameter MIPGap to value 2.5029985070196468e-07
Set parameter Threads to value 2
Set parameter NodefileDir to value "/home/ps12398/experiment_epec/goalProgrammingMarcos/"
Set parameter NodefileStart to value 1
Gurobi Optimizer version 11.0.3 build v11.0.3rc0 (linux64)

CPU model: Intel(R) Xeon(R) CPU           X5650  @ 2.67GHz, instruction set [SSE2]
Thread count: 12 physical cores, 24 logical processors, using up to 2 threads

Optimize a model with 58003 rows, 39068 columns and 204825 nonzeros
Model fingerprint: 0x2719cb11
Model has 144 quadratic constraints
Variable types: 19466 continuous, 19602 integer (139 binary)
Coefficient statistics:
  Matrix range     [7e-03, 6e+05]
  QMatrix range    [7e-03, 2e+04]
  QLMatrix range   [1e+00, 2e+04]
  Objective range  [2e+00, 8e+06]
  Bounds range     [1e+00, 1e+08]
  RHS range        [1e+00, 1e+06]
  QRHS range       [8e-02, 8e-02]
Presolve removed 57813 rows and 38465 columns
Presolve time: 0.11s
Presolved: 637 rows, 749 columns, 6578 nonzeros
Presolved model has 2 SOS constraint(s)
Presolved model has 139 bilinear constraint(s)

Solving non-convex MIQCP

Variable types: 427 continuous, 322 integer (141 binary)
Found heuristic solution: objective 1266736.9902

Root relaxation: objective 8.750426e+05, 81 iterations, 0.00 seconds (0.00 work units)

    Nodes    |    Current Node    |     Objective Bounds      |     Work
 Expl Unexpl |  Obj  Depth IntInf | Incumbent    BestBd   Gap | It/Node Time

     0     0 875042.637    0   65 1266736.99 875042.637  30.9%     -    0s
H    0     0                    1235714.8411 875042.637  29.2%     -    0s
     0     0 923951.475    0   66 1235714.84 923951.475  25.2%     -    0s
H    0     0                    1090738.5853 923968.265  15.3%     -    0s
     0     0 933563.665    0   67 1090738.59 933563.665  14.4%     -    0s
H    0     0                    1068393.6778 933590.246  12.6%     -    0s
     0     0 933704.466    0   67 1068393.68 933704.466  12.6%     -    0s
     0     0 934787.836    0   67 1068393.68 934787.836  12.5%     -    0s
H    0     0                    1058657.0902 934802.379  11.7%     -    0s
     0     0 934817.140    0   67 1058657.09 934817.140  11.7%     -    0s
H    0     0                    1058597.1875 934819.854  11.7%     -    0s
     0     2 934828.942    0   67 1058597.19 934828.942  11.7%     -    0s
H  606   611                    993757.91539 935911.725  5.82%   3.2    0s
H  803   817                    992813.88630 935912.506  5.73%   3.0    0s
H 1556  1350                    992678.95076 957045.863  3.59%   2.8    2s
H 1653  1372                    990837.29149 957045.863  3.41%   2.7    2s
H 1708  1308                    989511.69192 957045.863  3.28%   2.7    2s
H 1750  1347                    987245.51691 957045.863  3.06%   2.7    2s
H 1808  1286                    987194.72912 957045.863  3.05%   2.7    2s
H 1847  1315                    984221.00632 957045.863  2.76%   2.8    2s
H 1890  1264                    983003.84710 957045.863  2.64%   2.9    2s
H 1944  1287                    981422.78213 957045.863  2.48%   2.9    2s
H 1976  1242                    980148.23742 957045.863  2.36%   2.9    2s
H 1994  1240                    980063.45821 957045.863  2.35%   2.9    2s
H 2000  1197                    979948.90310 957045.863  2.34%   2.9    2s
* 2075  1193             325    979946.98911 957045.863  2.34%   3.0    2s
* 2128  1190             330    979944.48447 957045.863  2.34%   2.9    3s
H 2138  1160                    979943.93552 957045.863  2.34%   2.9    3s
H 2683  1464                    979300.94295 957392.948  2.24%   2.7    3s
* 2756  1538             248    979215.91974 957392.948  2.23%   2.7    3s
  6580  5234 979022.817  187   43 979215.920 957577.702  2.21%   2.9    5s
H 8973  7337                    978992.67804 957642.629  2.18%   2.9    6s
* 9346  7499             244    978928.95444 957652.328  2.17%   2.8    6s
*10358  8230             257    978807.15671 957680.115  2.16%   2.7    6s
H11159  8964                    978776.60101 957724.141  2.15%   2.7    6s
*11294  9148             238    978767.89389 957752.254  2.15%   2.7    6s
*11302  9148             243    978766.55747 957752.254  2.15%   2.7    6s
*16693 13760             272    978734.72394 957874.379  2.13%   2.5    9s
*16701 13748             270    978728.98080 957874.379  2.13%   2.5    9s
*17797 14757             270    978725.95822 957893.689  2.13%   2.5    9s
*17803 14757             272    978725.54697 957893.689  2.13%   2.5    9s
*17815 14754             273    978724.04484 957893.689  2.13%   2.5    9s
 17942 14944 959889.470   82   66 978724.045 957913.123  2.13%   2.5   10s
H22120 18399                    978658.11087 957997.213  2.11%   2.4   11s
*23857 19814             247    978646.95791 958037.123  2.11%   2.4   12s
*23858 19813             243    978644.75974 958037.123  2.11%   2.4   12s
 30193 25169 970787.299  128   55 978644.760 958127.866  2.10%   2.4   15s
*31771 26281             259    978604.16049 958155.044  2.09%   2.4   15s
*32441 26945             265    978593.25410 958170.421  2.09%   2.4   15s
 44022 36772 974388.796  159   47 978593.254 958338.039  2.07%   2.3   20s
 56881 47588 975083.354  153   49 978593.254 958446.071  2.06%   2.3   25s
*59234 49375             246    978572.03189 958469.652  2.05%   2.3   25s
*59239 49348             248    978563.56125 958469.652  2.05%   2.3   25s
*59243 49248             247    978538.13050 958469.652  2.05%   2.3   25s
 69087 57578 967691.280   99   59 978538.131 958552.422  2.04%   2.3   30s
 82724 68905 969075.880  124   58 978538.131 958624.845  2.04%   2.3   35s
 95823 79850 970209.866  140   55 978538.131 958698.439  2.03%   2.3   40s
*102359 85047             251    978522.96201 958722.598  2.02%   2.3   42s
 109093 90802 978517.382  250    1 978522.962 958748.657  2.02%   2.3   45s
 122233 101836 965635.848   88   63 978522.962 958805.221  2.02%   2.3   50s
 135523 112917 966630.969  100   60 978522.962 958846.627  2.01%   2.3   55s
 148538 123407 962517.616   89   64 978522.962 958876.597  2.01%   2.3   60s
 160673 133581 969013.857  130   59 978522.962 958901.322  2.01%   2.3   65s
*165227 136944             246    978480.52085 958917.506  2.00%   2.3   66s
 173131 144048 975387.903  146   53 978480.521 958932.041  2.00%   2.3   70s
 185561 154529 960337.765   74   67 978480.521 958961.783  1.99%   2.3   75s
 198795 165733 975828.678  115   52 978480.521 958990.110  1.99%   2.3   80s
 210627 175889     cutoff  196      978480.521 959013.408  1.99%   2.3   85s
H216799 181119                    978478.05160 959027.201  1.99%   2.3   87s
 223702 186922 972783.012  130   62 978478.052 959046.378  1.99%   2.3   90s
*231666 193174             257    978467.73482 959062.874  1.98%   2.3   93s
*231680 193137             256    978463.55409 959062.874  1.98%   2.3   93s
 236055 197028 976771.123  145   48 978463.554 959071.728  1.98%   2.3   95s
*243909 203285             259    978443.23039 959087.145  1.98%   2.3   98s
 247868 206746 968658.201  118   59 978443.230 959093.471  1.98%   2.3  100s
 260605 217506 977479.995  138   52 978443.230 959115.634  1.98%   2.3  105s
*268815 224088             258    978441.76352 959132.829  1.97%   2.3  108s
 273086 227925 966800.140  101   60 978441.764 959140.852  1.97%   2.3  110s
 286102 238434 965030.318   89   64 978441.764 959161.891  1.97%   2.3  115s
 299424 249278 976510.784  188   45 978441.764 959183.268  1.97%   2.3  120s
H306233 254726                    978411.13631 959191.076  1.96%   2.3  122s
 311907 259482 963018.959   95   66 978411.136 959200.949  1.96%   2.3  125s
 324253 269484 959959.445   77   66 978411.136 959219.405  1.96%   2.3  130s
 337761 280825 971141.663  134   51 978411.136 959237.052  1.96%   2.3  135s
 350813 291242 964176.086   94   62 978411.136 959258.053  1.96%   2.3  140s
 363325 301515 966685.263  104   64 978411.136 959274.269  1.96%   2.3  145s
 376588 312133 977052.151  136   48 978411.136 959292.237  1.95%   2.3  150s
 389029 322474 961245.948   76   66 978411.136 959308.186  1.95%   2.3  155s
 402095 333587 969938.691  117   58 978411.136 959322.442  1.95%   2.3  160s
*402629 333699             250    978401.16428 959322.943  1.95%   2.3  160s
 413798 342827 962865.899   90   63 978401.164 959340.568  1.95%   2.3  165s
 426594 353249 976000.709  155   49 978401.164 959354.638  1.95%   2.3  170s
 439904 364084     cutoff  222      978401.164 959370.538  1.95%   2.3  175s
 453239 375185 975210.315  168   46 978401.164 959382.831  1.94%   2.3  180s
 465335 385253 976945.134  184   43 978401.164 959392.315  1.94%   2.3  185s
 478550 396119 977504.984  149   47 978401.164 959405.285  1.94%   2.3  190s
 491409 406516     cutoff  133      978401.164 959418.135  1.94%   2.2  195s
 504491 417267     cutoff  220      978401.164 959428.847  1.94%   2.2  200s
 516751 427229 973169.545  110   53 978401.164 959438.403  1.94%   2.2  205s
 529268 437727 966001.085  102   60 978401.164 959447.063  1.94%   2.2  210s
 541761 448077 964174.664   84   63 978401.164 959454.941  1.94%   2.2  215s
 554634 458461     cutoff  167      978401.164 959464.376  1.94%   2.2  220s
 567440 469185 967556.983   97   62 978401.164 959472.607  1.93%   2.2  225s
 579590 479392 969425.672  107   60 978401.164 959480.819  1.93%   2.2  230s
 591447 489252 978272.251  197   49 978401.164 959488.767  1.93%   2.2  235s
 604728 499941 971424.433  136   54 978401.164 959497.590  1.93%   2.2  240s
 617744 510737 964087.218  106   60 978401.164 959504.884  1.93%   2.2  245s
 629704 520721 976753.088  139   47 978401.164 959511.246  1.93%   2.3  250s
 643062 531815 963193.465   83   64 978401.164 959520.210  1.93%   2.3  255s
 657672 543907 971848.770  110   56 978401.164 959531.297  1.93%   2.3  260s
 676679 559687 973436.211  144   54 978401.164 959541.453  1.93%   2.3  265s
*690920 571174             252    978393.16084 959551.043  1.93%   2.3  269s
 694107 573839 961100.081   82   66 978393.161 959553.391  1.93%   2.3  270s
 706985 584250 978313.491  210   44 978393.161 959562.267  1.92%   2.3  275s
*707139 584177             250    978390.37172 959562.601  1.92%   2.3  275s
 719074 594104     cutoff  134      978390.372 959570.633  1.92%   2.3  280s
*732046 604460             252    978375.42354 959577.719  1.92%   2.3  284s
 732521 604963 960678.087   85   64 978375.424 959578.167  1.92%   2.3  285s
 745072 615113 964721.186   96   63 978375.424 959587.132  1.92%   2.3  290s
 758048 625840     cutoff  152      978375.424 959593.198  1.92%   2.3  295s
 770820 636268 967270.248  120   56 978375.424 959598.706  1.92%   2.3  300s
 782388 645892 969566.281   94   59 978375.424 959606.591  1.92%   2.3  305s
*792587 654094             226    978373.59216 959612.082  1.92%   2.3  309s
 794898 656134 965397.479   95   63 978373.592 959613.366  1.92%   2.3  310s
 806208 665286 977990.486  164   45 978373.592 959619.973  1.92%   2.3  315s
 821431 677838 966400.853  100   62 978373.592 959627.437  1.92%   2.3  320s
 834439 688482 967807.056  123   59 978373.592 959633.577  1.92%   2.3  325s
 846013 697931 975227.024  188   45 978373.592 959640.724  1.91%   2.3  330s
 858707 708445 976442.023  146   53 978373.592 959646.273  1.91%   2.3  335s
 871116 718376 968146.930   92   60 978373.592 959654.997  1.91%   2.3  340s
 882759 728042 962678.266   93   63 978373.592 959660.227  1.91%   2.3  345s
 894854 737975 965832.922   94   62 978373.592 959666.257  1.91%   2.3  350s
 907710 748613     cutoff  152      978373.592 959671.349  1.91%   2.3  355s
 919306 757970 960284.379   78   67 978373.592 959677.410  1.91%   2.3  360s
 931823 768340 964454.787  103   58 978373.592 959683.483  1.91%   2.3  365s
 944547 778694 967700.020  113   60 978373.592 959689.092  1.91%   2.3  370s
 957005 788783 961603.691   79   64 978373.592 959695.015  1.91%   2.3  375s
 968850 798678 974594.642  175   48 978373.592 959700.888  1.91%   2.3  380s
 981890 809593 966564.899   99   61 978373.592 959706.778  1.91%   2.3  385s
 994469 820065 963533.636   89   62 978373.592 959711.531  1.91%   2.3  390s
 1006949 830253 967845.281  107   62 978373.592 959716.442  1.91%   2.3  395s
 1019529 840448 970174.841  113   54 978373.592 959721.530  1.91%   2.3  400s
 1031962 850784 966037.845   95   57 978373.592 959725.394  1.91%   2.3  405s
 1043887 860735 971015.146  125   59 978373.592 959728.589  1.91%   2.3  410s
*1054956 869844             257    978372.05417 959733.098  1.91%   2.3  414s
 1055224 870169 967108.366  106   61 978372.054 959733.226  1.91%   2.3  415s
 1067931 880659 974404.363  162   55 978372.054 959737.561  1.90%   2.3  420s
 1080903 891528 968440.240  112   63 978372.054 959741.313  1.90%   2.3  425s
*1082886 893021             255    978369.28256 959741.945  1.90%   2.3  425s
 1092437 901044 972793.939  146   53 978369.283 959745.617  1.90%   2.3  430s
 1104687 911190 962053.072   79   64 978369.283 959750.320  1.90%   2.3  435s
 1117607 921667 967522.813  108   60 978369.283 959754.709  1.90%   2.3  440s
*1118763 922428             253    978369.12903 959754.900  1.90%   2.3  440s
*1118765 922333             251    978366.00429 959754.900  1.90%   2.3  440s
 1128462 930589 971450.785  128   54 978366.004 959758.881  1.90%   2.3  445s
 1141617 941509 968070.455  112   59 978366.004 959762.631  1.90%   2.3  450s
 1154655 951729 977722.604  193   52 978366.004 959767.327  1.90%   2.3  455s
 1166316 961381 974310.810  154   53 978366.004 959770.536  1.90%   2.3  460s
 1179185 971942 977701.151  135   51 978366.004 959774.729  1.90%   2.3  465s
 1192069 982675 970612.463  116   54 978366.004 959779.103  1.90%   2.3  470s
 1204596 992883 965619.237   91   62 978366.004 959783.229  1.90%   2.3  475s
 1216949 1003140     cutoff  205      978366.004 959786.448  1.90%   2.3  480s
 1228878 1012894     cutoff  158      978366.004 959790.317  1.90%   2.3  485s
 1241408 1023056 965783.389   97   65 978366.004 959793.930  1.90%   2.3  490s
 1254089 1033711 978248.785  229   44 978366.004 959798.524  1.90%   2.3  495s
*1262495 1040207             263    978360.56503 959801.039  1.90%   2.3  498s
 1264932 1042458 975318.280  145   49 978360.565 959801.363  1.90%   2.3  500s
 1279559 1054615 973301.862  143   60 978360.565 959805.607  1.90%   2.3  505s
 1292858 1065453 976542.292  128   51 978360.565 959811.121  1.90%   2.3  510s
 1304194 1074943 975656.530  127   50 978360.565 959813.943  1.90%   2.3  515s
 1316633 1085106 976403.982  171   46 978360.565 959817.421  1.90%   2.3  520s
 1328759 1095284 972352.706  116   56 978360.565 959821.287  1.89%   2.3  525s
 1341378 1105769 963131.024   92   63 978360.565 959824.754  1.89%   2.3  530s
 1353883 1115906 977114.727  184   45 978360.565 959828.442  1.89%   2.3  535s
 1365365 1125548 976937.259  133   53 978360.565 959831.422  1.89%   2.3  540s
 1377907 1135783 977056.698  150   47 978360.565 959835.401  1.89%   2.3  545s
 1390145 1145985 969877.144  115   56 978360.565 959839.213  1.89%   2.3  550s
 1402699 1156375 971374.275  116   53 978360.565 959842.874  1.89%   2.3  555s
 1415147 1166700 972056.675  129   54 978360.565 959845.868  1.89%   2.3  560s
 1429183 1178454 971384.336  141   59 978360.565 959849.119  1.89%   2.3  565s
 1441932 1189084 969057.932   98   60 978360.565 959852.499  1.89%   2.3  570s
 1459166 1203292 970125.799  104   60 978360.565 959857.116  1.89%   2.3  575s
 1472050 1213911 968153.077   91   59 978360.565 959860.533  1.89%   2.3  580s
 1483431 1222975 970187.364  115   56 978360.565 959863.797  1.89%   2.3  585s
 1495719 1232846 964945.463  106   59 978360.565 959868.083  1.89%   2.3  590s
 1507076 1242552 971959.164  125   57 978360.565 959870.221  1.89%   2.3  595s
 1519521 1252805 977160.477  135   47 978360.565 959873.143  1.89%   2.3  600s
 1531995 1263003 967214.315   90   62 978360.565 959876.082  1.89%   2.3  605s
 1543678 1272719 963500.674   90   62 978360.565 959878.818  1.89%   2.3  610s
 1555727 1282437 977733.281  170   57 978360.565 959881.667  1.89%   2.3  615s
 1568434 1293011     cutoff  160      978360.565 959884.741  1.89%   2.3  620s
 1580604 1303105 965567.229  103   61 978360.565 959888.191  1.89%   2.3  625s
 1592824 1312925 973959.418  146   55 978360.565 959891.872  1.89%   2.3  630s
 1605626 1323400 967046.117  110   56 978360.565 959895.402  1.89%   2.3  635s
 1619252 1334717 966845.561  130   59 978360.565 959899.019  1.89%   2.3  640s
 1632956 1346035 971621.233  118   56 978360.565 959901.738  1.89%   2.3  645s
 1644986 1356000 961454.396   85   66 978360.565 959904.755  1.89%   2.3  650s
 1661195 1369064 976692.438  156   49 978360.565 959909.635  1.89%   2.3  655s
 1673943 1379706 973119.690  161   48 978360.565 959912.771  1.89%   2.3  660s
Created node file directory '/home/ps12398/experiment_epec/goalProgrammingMarcos//grbnodes1'
 1680375 1384661 970727.289  127   59 978360.565 959914.505  1.89%   2.3  665s
 1690912 1390509 972465.639  116   57 978360.565 959915.292  1.89%   2.3  670s
 1701790 1397968 978299.536  128   48 978360.565 959915.739  1.89%   2.3  675s
 1712626 1403582 962746.469  104   62 978360.565 959916.657  1.89%   2.3  680s
 1718498 1407734 962048.613   77   65 978360.565 959916.847  1.89%   2.3  685s
 1728517 1415164 967831.109  124   58 978360.565 959917.354  1.89%   2.3  690s
 1739103 1421607 978273.850  204   49 978360.565 959918.071  1.89%   2.3  695s
 1747331 1427266     cutoff  220      978360.565 959918.463  1.89%   2.3  700s
 1758066 1434156 971774.118  163   52 978360.565 959918.876  1.88%   2.3  705s
 1769458 1441639 966260.565  125   56 978360.565 959919.817  1.88%   2.3  710s
 1777696 1447424 965947.091  105   60 978360.565 959920.206  1.88%   2.3  716s
 1786790 1452414 972066.962  120   56 978360.565 959920.874  1.88%   2.3  720s
 1798817 1460998 975656.699  162   48 978360.565 959921.149  1.88%   2.3  725s
 1807220 1466813 962256.060   84   63 978360.565 959921.819  1.88%   2.3  730s
 1818785 1476196 969166.597  146   56 978360.565 959922.251  1.88%   2.3  735s
 1828743 1482404 962115.256   82   65 978360.565 959923.159  1.88%   2.3  740s
 1836034 1487252 973831.585  150   51 978360.565 959923.159  1.88%   2.3  745s
 1847506 1496179 975811.648  172   45 978360.565 959923.360  1.88%   2.3  750s
 1859371 1502670 977597.809  126   50 978360.565 959924.560  1.88%   2.4  755s
 1868015 1508640 961671.594   85   65 978360.565 959924.979  1.88%   2.4  760s
 1879086 1516614 978064.483  163   49 978360.565 959925.490  1.88%   2.4  765s
 1887853 1522890 972088.532  147   50 978360.565 959925.711  1.88%   2.4  771s
 1896480 1528970 964761.010   95   62 978360.565 959926.646  1.88%   2.4  775s
 1908003 1537678 973990.003  161   50 978360.565 959926.947  1.88%   2.4  780s
 1915307 1542363 978248.487  167   47 978360.565 959927.446  1.88%   2.4  785s
 1927339 1551820 977929.998  160   48 978360.565 959928.011  1.88%   2.4  790s
 1940353 1557617 977839.340  159   46 978360.565 959929.538  1.88%   2.4  795s
 1948254 1564110 976584.961  127   48 978360.565 959929.737  1.88%   2.4  800s
 1958326 1571588 974461.684  177   46 978360.565 959929.907  1.88%   2.4  805s
 1963884 1575135 971784.998  114   55 978360.565 959930.621  1.88%   2.4  810s
 1975156 1583959 971831.667  153   51 978360.565 959930.916  1.88%   2.4  815s
 1985575 1592650 974702.876  165   49 978360.565 959931.389  1.88%   2.4  822s
 1992038 1596299 976616.567  126   47 978360.565 959931.640  1.88%   2.4  825s
 2003216 1604751 972947.513  183   46 978360.565 959931.927  1.88%   2.4  830s
 2012869 1609672 962601.091   89   64 978360.565 959932.987  1.88%   2.4  835s
 2023263 1616236 978311.487  175   44 978360.565 959933.503  1.88%   2.4  840s
 2034644 1624853 977346.969  154   46 978360.565 959934.096  1.88%   2.4  845s
 2041755 1629495 968744.758  121   60 978360.565 959934.431  1.88%   2.4  850s
 2051738 1636625 976821.385  144   48 978360.565 959934.870  1.88%   2.4  855s
 2062064 1643450 963758.092  101   62 978360.565 959935.154  1.88%   2.4  860s
 2068800 1647858 977906.947  181   45 978360.565 959935.668  1.88%   2.4  865s
 2079461 1654855 971050.116  133   56 978360.565 959935.934  1.88%   2.4  870s
 2087278 1661314 978170.441  138   48 978360.565 959936.395  1.88%   2.4  875s
 2096124 1665704 969654.066  136   53 978360.565 959937.075  1.88%   2.4  880s
 2107468 1673414     cutoff  202      978360.565 959937.725  1.88%   2.4  885s
 2114763 1677704     cutoff  174      978360.565 959938.053  1.88%   2.5  890s
 2125821 1686970     cutoff  158      978360.565 959938.444  1.88%   2.5  895s
 2133821 1693988     cutoff  196      978360.565 959938.554  1.88%   2.5  900s
 2145206 1701378 960452.956   87   63 978360.565 959938.999  1.88%   2.5  905s
 2156724 1710867 970697.490  161   50 978360.565 959939.307  1.88%   2.5  911s
 2165345 1714797     cutoff  155      978360.565 959939.937  1.88%   2.5  915s
 2176895 1723798 976381.010  164   46 978360.565 959940.217  1.88%   2.5  920s
 2184362 1728001 962246.304   92   62 978360.565 959940.882  1.88%   2.5  925s
 2195797 1736513     cutoff  164      978360.565 959941.190  1.88%   2.5  930s
 2204516 1745022 976293.924  205   45 978360.565 959941.256  1.88%   2.5  935s
 2214921 1751059 962701.686   78   63 978360.565 959942.025  1.88%   2.5  940s
 2222251 1755966 962705.228   94   64 978360.565 959942.551  1.88%   2.5  945s
 2233890 1764459     cutoff  158      978360.565 959942.909  1.88%   2.5  950s
 2242847 1772114 975314.185  174   45 978360.565 959943.336  1.88%   2.5  955s
 2251848 1777987 967505.629  127   57 978360.565 959943.919  1.88%   2.5  960s
 2262886 1787017 969781.600  138   55 978360.565 959944.382  1.88%   2.5  966s
 2269565 1791559 963086.803   97   61 978360.565 959944.721  1.88%   2.5  970s
 2280845 1801010 962601.904   96   64 978360.565 959944.970  1.88%   2.5  975s
 2287826 1806461     cutoff  159      978360.565 959945.028  1.88%   2.5  980s
 2298313 1813880 965159.221  119   59 978360.565 959945.555  1.88%   2.5  985s
 2306041 1819962     cutoff  199      978360.565 959945.718  1.88%   2.5  990s
 2317132 1827345 965114.232   98   60 978360.565 959946.138  1.88%   2.5  995s
 2325330 1832589 962118.938   82   65 978360.565 959946.643  1.88%   2.5 1000s
 2336674 1840024 964002.261   90   61 978360.565 959947.280  1.88%   2.5 1005s
 2347495 1846820 976763.386  140   49 978360.565 959947.903  1.88%   2.5 1010s
 2354601 1851636 974584.398  147   50 978360.565 959948.025  1.88%   2.5 1015s
 2365512 1858594 961068.832   78   67 978360.565 959949.347  1.88%   2.5 1020s
 2373014 1864291 976619.596  192   44 978360.565 959949.347  1.88%   2.5 1025s
 2387148 1875000 978070.046  200   44 978360.565 959949.759  1.88%   2.5 1030s
 2395985 1880242 972485.362  146   52 978360.565 959950.037  1.88%   2.5 1035s
 2407211 1887962 977740.580  196   46 978360.565 959950.806  1.88%   2.5 1040s
 2414389 1893876 968749.470  141   53 978360.565 959950.981  1.88%   2.5 1045s
 2424724 1901747 974727.945  174   51 978360.565 959951.335  1.88%   2.5 1050s
 2434803 1907127     cutoff  122      978360.565 959952.023  1.88%   2.6 1055s
 2440797 1911086 968720.321  114   57 978360.565 959952.066  1.88%   2.6 1060s
 2452132 1919204 962957.466   94   61 978360.565 959952.966  1.88%   2.6 1065s
 2460045 1923915 978247.413  139   50 978360.565 959953.240  1.88%   2.6 1070s
 2471192 1931551 977348.487  156   51 978360.565 959953.827  1.88%   2.6 1075s
 2480345 1937726 964718.067  101   64 978360.565 959954.001  1.88%   2.6 1080s
 2490113 1944991     cutoff  158      978360.565 959954.585  1.88%   2.6 1085s
 2500648 1952860 975936.477  129   48 978360.565 959954.909  1.88%   2.6 1091s
 2506865 1956780 969150.186  120   59 978360.565 959954.957  1.88%   2.6 1095s
 2518219 1964357 978182.124  222   44 978360.565 959955.869  1.88%   2.6 1100s
 2525372 1966906 976328.473  141   51 978360.565 959956.419  1.88%   2.6 1105s
 2536117 1973728 969408.009  134   56 978360.565 959956.899  1.88%   2.6 1110s
 2545946 1978890 978062.421  192   48 978360.565 959957.704  1.88%   2.6 1115s
 2553070 1983091     cutoff  165      978360.565 959958.039  1.88%   2.6 1120s
 2564490 1990378 966305.829  108   60 978360.565 959958.548  1.88%   2.6 1125s
 2574971 1996813 965653.711  113   59 978360.565 959959.464  1.88%   2.6 1131s
 2583272 2001460     cutoff  134      978360.565 959960.101  1.88%   2.6 1135s
 2594484 2008416     cutoff  164      978360.565 959960.803  1.88%   2.6 1140s
 2600673 2012693 968809.480  123   57 978360.565 959960.803  1.88%   2.6 1145s
 2611882 2020759 964145.205   97   62 978360.565 959961.349  1.88%   2.6 1150s
 2620491 2026587     cutoff  162      978360.565 959961.804  1.88%   2.6 1155s
 2629673 2033341 972978.695  130   52 978360.565 959962.013  1.88%   2.6 1160s
 2641243 2041355 963446.076   94   60 978360.565 959962.539  1.88%   2.6 1166s
 2651025 2048283     cutoff  169      978360.565 959962.949  1.88%   2.6 1170s
 2661199 2055646 969306.649  137   54 978360.565 959963.145  1.88%   2.6 1175s
 2668327 2060257 978147.593  166   48 978360.565 959963.581  1.88%   2.6 1180s
 2679010 2068013 976436.232  180   44 978360.565 959963.643  1.88%   2.6 1185s
 2686547 2074704 965854.291   95   63 978360.565 959964.180  1.88%   2.6 1190s
 2699446 2084970 978196.280  154   46 978360.565 959964.573  1.88%   2.6 1195s
 2706697 2088372     cutoff  147      978360.565 959965.034  1.88%   2.6 1200s
 2717813 2097561 968450.096   99   60 978360.565 959965.397  1.88%   2.6 1205s
 2725357 2102727 961922.904   91   64 978360.565 959965.700  1.88%   2.6 1210s
 2736436 2111032 977358.478  189   45 978360.565 959966.270  1.88%   2.6 1215s
 2744047 2116202 968258.256  119   56 978360.565 959966.426  1.88%   2.6 1220s
 2754986 2123087 965459.108  108   60 978360.565 959967.074  1.88%   2.6 1225s
 2765692 2129730 968518.671   96   59 978360.565 959967.951  1.88%   2.6 1230s
 2774157 2135000     cutoff  153      978360.565 959968.210  1.88%   2.6 1235s
 2785835 2142949 971439.616  132   57 978360.565 959968.550  1.88%   2.6 1240s
 2794271 2151129 976050.681  171   48 978360.565 959968.583  1.88%   2.6 1245s
 2803936 2155932 977904.024  203   45 978360.565 959969.274  1.88%   2.6 1250s
 2811094 2160537 966181.091   97   61 978360.565 959969.527  1.88%   2.6 1255s
 2822475 2170085 973364.565  150   54 978360.565 959969.766  1.88%   2.6 1260s
 2830658 2175721 971692.863  142   50 978360.565 959970.040  1.88%   2.6 1265s
 2842355 2185367 971784.543  116   52 978360.565 959970.676  1.88%   2.6 1270s
 2850015 2190004 969538.639  143   53 978360.565 959970.830  1.88%   2.6 1275s
 2861075 2198216 965203.873  112   59 978360.565 959971.611  1.88%   2.6 1280s
 2872095 2204684     cutoff  162      978360.565 959972.249  1.88%   2.6 1285s
 2881203 2211322 964440.885   93   63 978360.565 959972.591  1.88%   2.6 1290s
 2892447 2218794     cutoff  167      978360.565 959973.016  1.88%   2.6 1295s
 2901409 2226635 975962.100  176   44 978360.565 959973.207  1.88%   2.6 1300s
 2912788 2234174 961999.676   87   63 978360.565 959973.649  1.88%   2.6 1305s
 2920246 2239753 976195.233  173   46 978360.565 959973.649  1.88%   2.6 1310s
 2930771 2245783 978018.981  159   51 978360.565 959974.408  1.88%   2.6 1315s
 2937826 2250648 969675.093  122   56 978360.565 959974.578  1.88%   2.6 1320s
 2949930 2259960 976332.349  162   48 978360.565 959974.908  1.88%   2.6 1325s
 2958549 2265634 973277.657  170   47 978360.565 959975.001  1.88%   2.6 1330s
 2970456 2274663 971016.748  127   57 978360.565 959975.714  1.88%   2.6 1335s
 2979253 2281871 972912.314  157   53 978360.565 959976.066  1.88%   2.6 1340s
 2989494 2288744 977318.780  143   47 978360.565 959976.427  1.88%   2.7 1345s
 2996995 2294687 965948.320  120   57 978360.565 959976.740  1.88%   2.7 1350s
 3008981 2304466 964008.740  101   63 978360.565 959976.999  1.88%   2.7 1355s
 3017762 2311476     cutoff  155      978360.565 959977.139  1.88%   2.7 1360s
 3027769 2317627 964962.815  109   61 978360.565 959977.577  1.88%   2.7 1365s
 3034800 2322500 971761.208  104   54 978360.565 959977.910  1.88%   2.7 1370s
 3046363 2330861 974410.113  167   50 978360.565 959978.093  1.88%   2.7 1375s
 3054173 2336074 962367.417   89   63 978360.565 959978.713  1.88%   2.7 1380s
 3065733 2343520 976219.260  127   49 978360.565 959979.133  1.88%   2.7 1385s
 3074375 2349447     cutoff  146      978360.565 959979.622  1.88%   2.7 1390s
 3085290 2355892 964087.950  104   62 978360.565 959980.086  1.88%   2.7 1395s
 3093254 2362495     cutoff  166      978360.565 959980.217  1.88%   2.7 1400s
 3104355 2370147 968692.235  119   58 978360.565 959980.711  1.88%   2.7 1405s
 3113790 2377203 968794.650  121   56 978360.565 959980.993  1.88%   2.7 1410s
 3125020 2383910 966689.331  104   60 978360.565 959981.649  1.88%   2.7 1415s
 3133748 2390750 962587.179  101   65 978360.565 959981.915  1.88%   2.7 1420s
 3145265 2401270 972630.009  129   56 978360.565 959982.023  1.88%   2.7 1425s
 3152440 2405681     cutoff  136      978360.565 959982.283  1.88%   2.7 1430s
 3163265 2413370 963289.336   97   63 978360.565 959982.567  1.88%   2.7 1435s
 3171356 2420253 978068.242  220   43 978360.565 959982.737  1.88%   2.7 1440s
 3183292 2428506 972491.012  150   52 978360.565 959983.173  1.88%   2.7 1445s
 3191093 2433646 973234.394  158   50 978360.565 959983.484  1.88%   2.7 1450s
 3202002 2442872 976719.839  160   46 978360.565 959983.794  1.88%   2.7 1455s
 3210769 2448608 972840.243  149   49 978360.565 959984.070  1.88%   2.7 1460s
 3222318 2457154 966578.268  111   58 978360.565 959984.517  1.88%   2.7 1465s
 3229816 2463130     cutoff  165      978360.565 959984.795  1.88%   2.7 1470s
 3240401 2468927     cutoff  152      978360.565 959985.089  1.88%   2.7 1475s
 3247946 2474426 976767.081  179   44 978360.565 959985.150  1.88%   2.7 1480s
 3259535 2484035 962933.932   92   65 978360.565 959985.650  1.88%   2.7 1485s
 3266679 2489016 964079.399   88   62 978360.565 959985.752  1.88%   2.7 1490s
 3277767 2497783 967954.528  119   57 978360.565 959986.139  1.88%   2.7 1496s
 3286313 2504325 973365.720  168   47 978360.565 959986.401  1.88%   2.7 1500s
 3296926 2511224 971593.257  120   56 978360.565 959986.807  1.88%   2.7 1505s
 3303326 2515347 970172.966  128   55 978360.565 959986.866  1.88%   2.7 1510s
 3314008 2523397     cutoff  221      978360.565 959987.469  1.88%   2.7 1515s
 3321477 2528420     cutoff  223      978360.565 959987.798  1.88%   2.7 1520s
 3332787 2537246 975436.009  156   50 978360.565 959988.031  1.88%   2.7 1525s
 3340762 2542220 977189.453  157   48 978360.565 959988.380  1.88%   2.7 1530s
 3351349 2549197 975738.808  193   47 978360.565 959988.524  1.88%   2.7 1535s
 3359661 2554585 965545.499  104   61 978360.565 959988.988  1.88%   2.7 1540s
 3370698 2562290     cutoff  158      978360.565 959989.497  1.88%   2.7 1545s
 3378821 2567536 967180.194  128   56 978360.565 959989.948  1.88%   2.7 1550s
 3390679 2577374 977530.804  190   42 978360.565 959990.270  1.88%   2.7 1555s
 3399978 2582966     cutoff  130      978360.565 959990.624  1.88%   2.7 1560s
 3411344 2591094 976313.857  185   45 978360.565 959990.755  1.88%   2.7 1565s
 3418637 2595715     cutoff  150      978360.565 959991.407  1.88%   2.7 1570s
 3429174 2604253     cutoff  175      978360.565 959991.817  1.88%   2.7 1575s
 3437075 2610342 970970.844  141   57 978360.565 959992.069  1.88%   2.7 1580s
 3449321 2617111 977862.210  137   48 978360.565 959992.509  1.88%   2.7 1585s
 3458181 2622904 962443.911   92   62 978360.565 959992.837  1.88%   2.7 1590s
 3470267 2632715 971928.787  143   52 978360.565 959993.086  1.88%   2.7 1596s
 3477528 2637729 978084.083  199   44 978360.565 959993.407  1.88%   2.7 1600s
 3487618 2645023 971276.781  131   52 978360.565 959993.647  1.88%   2.7 1606s
 3496201 2651029 965207.122  103   62 978360.565 959993.952  1.88%   2.7 1610s
 3507654 2659351     cutoff  132      978360.565 959994.540  1.88%   2.7 1616s
 3514961 2662956 961055.789   83   64 978360.565 959995.065  1.88%   2.7 1620s
 3526830 2671618 977057.874  134   47 978360.565 959995.409  1.88%   2.7 1625s
 3535764 2676771     cutoff  146      978360.565 959995.915  1.88%   2.7 1630s
 3547851 2685755 969047.726  126   57 978360.565 959996.469  1.88%   2.7 1635s
 3556320 2691623     cutoff  128      978360.565 959996.972  1.88%   2.7 1640s
 3565487 2699097 974558.305  180   46 978360.565 959997.045  1.88%   2.7 1645s
 3576911 2707834 978298.486  214   44 978360.565 959997.492  1.88%   2.7 1650s
 3585142 2714565     cutoff  157      978360.565 959997.632  1.88%   2.7 1655s
 3597059 2723956 976298.668  192   44 978360.565 959997.817  1.88%   2.7 1660s
 3605559 2729346 965792.375   93   63 978360.565 959998.223  1.88%   2.7 1665s
 3616986 2737764 977635.209  179   44 978360.565 959998.324  1.88%   2.7 1670s
 3625228 2743138 976439.090  169   45 978360.565 959998.754  1.88%   2.7 1675s
 3637463 2752162 973920.270  145   50 978360.565 959999.236  1.88%   2.7 1680s
 3645671 2757936 971556.556  139   55 978360.565 959999.577  1.88%   2.7 1685s
 3656835 2765128 972804.821  113   51 978360.565 960000.308  1.88%   2.7 1690s
 3665581 2772854 971582.599  149   56 978360.565 960000.359  1.88%   2.7 1695s
 3676216 2779400 976364.399  145   49 978360.565 960000.677  1.88%   2.7 1700s
 3682674 2785235 974083.230  190   48 978360.565 960000.774  1.88%   2.7 1705s
 3693695 2790573 975958.576  120   52 978360.565 960001.509  1.88%   2.7 1710s
 3701003 2795746 970574.316  149   51 978360.565 960001.614  1.88%   2.7 1715s
 3712162 2803166     cutoff  150      978360.565 960002.251  1.88%   2.7 1720s
 3719486 2808937 965573.214  111   59 978360.565 960002.521  1.88%   2.7 1725s
 3731137 2817275 971700.490  133   55 978360.565 960002.758  1.88%   2.7 1730s
 3740191 2824190     cutoff  172      978360.565 960003.201  1.88%   2.7 1735s
 3751382 2832668 977044.246  147   47 978360.565 960003.627  1.88%   2.7 1740s
 3758938 2838654 964902.385  103   58 978360.565 960003.843  1.88%   2.7 1745s
 3769779 2845713 977840.604  168   48 978360.565 960004.206  1.88%   2.7 1750s
 3777811 2852035 976908.943  168   47 978360.565 960004.362  1.88%   2.7 1755s
 3787381 2860053 971079.329  136   52 978360.565 960004.729  1.88%   2.7 1760s
 3797225 2867936 971094.427  150   50 978360.565 960004.955  1.88%   2.7 1765s
 3805014 2873413 971744.167  127   53 978360.565 960005.364  1.88%   2.7 1770s
 3815618 2879787     cutoff  163      978360.565 960005.872  1.88%   2.7 1775s
 3823807 2886441 971068.638  129   54 978360.565 960006.117  1.88%   2.7 1780s
 3834858 2891414 961673.590   83   64 978360.565 960006.905  1.88%   2.7 1785s
 3845200 2899788 978221.963  142   47 978360.565 960007.054  1.88%   2.7 1790s
 3855468 2907257 960425.291   78   66 978360.565 960007.556  1.88%   2.7 1795s
 3864705 2914758 969158.546  139   53 978360.565 960007.699  1.88%   2.7 1800s
 3874775 2919396 968742.452  114   58 978360.565 960008.277  1.88%   2.7 1805s
 3885387 2924659 969435.357  127   53 978360.565 960008.859  1.88%   2.8 1810s
 3893340 2929860 969411.843  128   53 978360.565 960009.124  1.88%   2.8 1815s
 3905019 2938657 976774.628  151   47 978360.565 960009.686  1.88%   2.8 1820s
 3914977 2943999 970226.665  136   56 978360.565 960010.381  1.88%   2.8 1825s
 3925753 2951680 973551.646  119   54 978360.565 960010.743  1.88%   2.8 1830s
 3933338 2958397 971183.595  126   52 978360.565 960010.888  1.88%   2.8 1835s
 3943647 2965450 969606.024  127   57 978360.565 960011.148  1.88%   2.8 1840s
 3951561 2971340 977234.303  148   45 978360.565 960011.465  1.88%   2.8 1845s
 3961916 2978639     cutoff  197      978360.565 960011.823  1.88%   2.8 1850s
 3968997 2981405 977220.470  151   46 978360.565 960012.308  1.88%   2.8 1855s
 3980805 2991046 962722.627   90   63 978360.565 960012.491  1.88%   2.8 1860s
 3989430 2997429 977881.062  200   41 978360.565 960012.491  1.88%   2.8 1865s
 3999459 3003847     cutoff  171      978360.565 960012.988  1.88%   2.8 1870s
 4006761 3007280     cutoff  228      978360.565 960013.605  1.88%   2.8 1875s
 4017400 3014832 969908.845  109   57 978360.565 960013.925  1.88%   2.8 1880s
 4025742 3020913 972462.757  141   55 978360.565 960013.960  1.88%   2.8 1885s
 4036786 3029054 972805.299  128   54 978360.565 960014.593  1.88%   2.8 1890s
 4045624 3035210 975652.007  135   53 978360.565 960014.808  1.88%   2.8 1895s
 4056081 3042056     cutoff  124      978360.565 960015.172  1.88%   2.8 1900s
 4063265 3048120 971403.310  134   54 978360.565 960015.313  1.88%   2.8 1905s
 4073828 3054084 965071.456   89   62 978360.565 960015.726  1.88%   2.8 1910s
 4082084 3060028 962938.664   91   65 978360.565 960015.984  1.88%   2.8 1915s
 4092543 3067725 969631.918   99   58 978360.565 960016.734  1.87%   2.8 1920s
 4099810 3074266 971513.135  152   53 978360.565 960016.793  1.87%   2.8 1925s
 4111295 3081932 972739.164  152   53 978360.565 960017.255  1.87%   2.8 1930s
 4118474 3086740 977771.662  158   44 978360.565 960017.522  1.87%   2.8 1935s
 4129050 3093966 972579.724  133   56 978360.565 960017.882  1.87%   2.8 1940s
 4136479 3099175 967990.215  114   62 978360.565 960017.989  1.87%   2.8 1945s
 4146816 3106539 967559.291  102   62 978360.565 960018.366  1.87%   2.8 1950s
 4153654 3110903 972253.589  139   52 978360.565 960018.430  1.87%   2.8 1955s
 4164655 3119033 967425.175  124   55 978360.565 960018.980  1.87%   2.8 1960s
 4172334 3124259     cutoff  150      978360.565 960019.288  1.87%   2.8 1965s
 4182446 3131110     cutoff  145      978360.565 960019.903  1.87%   2.8 1970s
 4190710 3137579 973657.213  158   49 978360.565 960019.953  1.87%   2.8 1975s
 4202094 3144981 968318.031  118   56 978360.565 960020.419  1.87%   2.8 1980s
 4211441 3151393     cutoff  145      978360.565 960021.145  1.87%   2.8 1985s
 4221952 3159676 966509.729  123   57 978360.565 960021.427  1.87%   2.8 1990s
 4230152 3166478 977519.027  142   48 978360.565 960021.547  1.87%   2.8 1995s
 4241107 3172942 974585.258  149   49 978360.565 960021.956  1.87%   2.8 2000s
 4248942 3178137     cutoff  214      978360.565 960022.390  1.87%   2.8 2005s
 4260686 3187070     cutoff  223      978360.565 960022.783  1.87%   2.8 2010s
 4268663 3191838     cutoff  185      978360.565 960023.063  1.87%   2.8 2015s
 4278715 3195777 966330.814  100   63 978360.565 960023.969  1.87%   2.8 2020s
 4286565 3201822 962351.064   88   63 978360.565 960024.236  1.87%   2.8 2025s
 4298332 3211307 969576.136  126   56 978360.565 960024.598  1.87%   2.8 2030s
 4308007 3218182 963215.419   93   62 978360.565 960024.953  1.87%   2.8 2035s
 4319025 3225826 977855.856  168   46 978360.565 960025.307  1.87%   2.8 2040s
 4328395 3232512 974945.648  199   44 978360.565 960025.456  1.87%   2.8 2045s
 4338887 3237671 976756.714  144   48 978360.565 960026.289  1.87%   2.8 2050s
 4346797 3242561 961792.488   82   66 978360.565 960026.630  1.87%   2.8 2055s
 4358726 3251399     cutoff  212      978360.565 960026.990  1.87%   2.8 2060s
 4367665 3258796 974165.179  165   47 978360.565 960027.026  1.87%   2.8 2065s
 4377592 3265294 978044.680  165   46 978360.565 960027.310  1.87%   2.8 2070s
 4387539 3271888     cutoff  199      978360.565 960027.327  1.87%   2.8 2075s
 4396551 3278682 967840.349  122   56 978360.565 960027.915  1.87%   2.8 2080s
 4407430 3285920 963632.720   82   62 978360.565 960028.395  1.87%   2.8 2085s
 4415544 3292605 976829.667  147   45 978360.565 960028.396  1.87%   2.8 2090s
 4426231 3299467 962388.092   88   62 978360.565 960028.973  1.87%   2.8 2095s
 4435388 3305607 967965.957   98   60 978360.565 960029.275  1.87%   2.8 2100s
 4447238 3314344 975828.306  169   46 978360.565 960029.496  1.87%   2.8 2105s
 4455588 3320268 964941.897  110   62 978360.565 960029.857  1.87%   2.8 2110s
 4466923 3327756 975004.475  157   50 978360.565 960029.995  1.87%   2.8 2115s
 4473585 3332656 978241.686  156   47 978360.565 960030.318  1.87%   2.8 2120s
 4484795 3338368 968862.694  109   56 978360.565 960031.086  1.87%   2.8 2125s
 4491337 3344234 968220.861  118   58 978360.565 960031.253  1.87%   2.8 2130s
 4502363 3351950 977698.086  159   46 978360.565 960031.763  1.87%   2.8 2135s
 4510213 3356579 965298.041  116   58 978360.565 960032.047  1.87%   2.8 2140s
 4521243 3364700 965096.682   97   61 978360.565 960032.448  1.87%   2.8 2145s
 4529069 3370382 977432.805  167   47 978360.565 960032.724  1.87%   2.8 2150s
 4539763 3378367 971751.802  152   49 978360.565 960032.956  1.87%   2.8 2155s
 4546746 3382025 965059.760  112   59 978360.565 960033.559  1.87%   2.8 2160s
 4558458 3390640 976948.789  152   48 978360.565 960033.958  1.87%   2.8 2165s
 4565764 3395444 961998.016   82   66 978360.565 960034.297  1.87%   2.8 2170s
 4578336 3405648 970948.178  161   52 978360.565 960034.472  1.87%   2.8 2175s
 4586329 3410974 964577.120  103   60 978360.565 960034.597  1.87%   2.8 2180s
 4594026 3417082     cutoff  203      978360.565 960034.879  1.87%   2.8 2185s
 4604895 3424913 972286.046  135   55 978360.565 960035.062  1.87%   2.8 2190s
 4615750 3430067     cutoff  168      978360.565 960035.652  1.87%   2.8 2195s
 4623978 3437862 973797.947  171   49 978360.565 960035.693  1.87%   2.8 2200s
 4632131 3444382 970666.391  151   52 978360.565 960035.840  1.87%   2.8 2205s
 4643552 3452156 966550.866   98   63 978360.565 960036.335  1.87%   2.8 2210s
 4651982 3458795 977277.203  215   43 978360.565 960036.537  1.87%   2.8 2215s
 4663599 3467725     cutoff  210      978360.565 960036.799  1.87%   2.8 2220s
 4671762 3474009 965556.056  113   61 978360.565 960037.153  1.87%   2.8 2225s
 4682569 3482102 964615.209  106   61 978360.565 960037.354  1.87%   2.8 2231s
 4690875 3488904     cutoff  163      978360.565 960037.661  1.87%   2.8 2235s
 4699015 3495297 971771.114  140   52 978360.565 960038.074  1.87%   2.8 2240s
 4707390 3500574     cutoff  131      978360.565 960038.393  1.87%   2.8 2245s
 4715898 3505820     cutoff  146      978360.565 960038.664  1.87%   2.8 2250s
 4726675 3511724 978135.305  151   49 978360.565 960039.055  1.87%   2.8 2255s
 4736367 3520128 971237.635  173   49 978360.565 960039.230  1.87%   2.8 2260s
 4744743 3525489 978074.650  156   48 978360.565 960039.651  1.87%   2.8 2265s
 4754629 3533029 975618.641  153   47 978360.565 960039.706  1.87%   2.8 2270s
 4764087 3540156 967664.756  119   56 978360.565 960040.282  1.87%   2.8 2275s
 4774272 3546076 962939.043   97   61 978360.565 960040.730  1.87%   2.8 2281s
 4782625 3553192 977266.996  165   49 978360.565 960040.845  1.87%   2.8 2285s
 4792721 3558691 977738.992  152   47 978360.565 960041.596  1.87%   2.8 2290s
 4802514 3566694 977079.546  177   47 978360.565 960041.801  1.87%   2.8 2295s
 4810452 3572062     cutoff  174      978360.565 960042.232  1.87%   2.8 2300s
 4821275 3579802     cutoff  143      978360.565 960042.613  1.87%   2.8 2305s
 4828701 3584752 963703.527   83   64 978360.565 960042.948  1.87%   2.8 2310s
 4839280 3593956     cutoff  172      978360.565 960043.047  1.87%   2.8 2315s
 4846774 3597563 973062.836  142   52 978360.565 960043.124  1.87%   2.8 2320s
 4858322 3606871 962448.198   89   64 978360.565 960043.515  1.87%   2.8 2325s
 4866467 3612046 978262.221  228   42 978360.565 960043.905  1.87%   2.8 2330s
 4877005 3619713 963232.673   97   64 978360.565 960044.213  1.87%   2.8 2335s
 4885763 3626751 971393.167  129   55 978360.565 960044.329  1.87%   2.8 2340s
 4899316 3636181 975247.978  182   46 978360.565 960044.564  1.87%   2.8 2345s
 4908860 3643322 978276.392  134   46 978360.565 960045.030  1.87%   2.8 2350s
 4917883 3648959 977207.043  159   46 978360.565 960045.497  1.87%   2.8 2355s
 4928140 3655842 978344.464  215   46 978360.565 960045.825  1.87%   2.8 2360s
 4937265 3661422 976775.421  176   47 978360.565 960046.008  1.87%   2.8 2365s
 4946607 3670284 978255.252  199   40 978360.565 960046.329  1.87%   2.8 2370s
 4956628 3675560 976984.289  124   50 978360.565 960047.006  1.87%   2.8 2375s
 4966185 3682889 972429.987  135   54 978360.565 960047.229  1.87%   2.8 2380s
 4973846 3688398 976539.973  137   47 978360.565 960047.732  1.87%   2.8 2385s
 4984843 3697046     cutoff  202      978360.565 960048.054  1.87%   2.8 2390s
 4993376 3703076 977573.793  184   44 978360.565 960048.054  1.87%   2.8 2395s
 5003290 3709407     cutoff  174      978360.565 960048.531  1.87%   2.8 2400s
 5010914 3714943 968535.813  125   57 978360.565 960048.707  1.87%   2.8 2405s
 5022263 3723623 967837.909  128   56 978360.565 960049.041  1.87%   2.8 2410s
 5029839 3728413 962686.261   98   63 978360.565 960049.173  1.87%   2.8 2415s
 5041154 3736635 964870.274   98   60 978360.565 960049.634  1.87%   2.8 2420s
 5048402 3741834 978297.585  218   44 978360.565 960049.820  1.87%   2.8 2425s
 5058654 3749552 966075.771  126   57 978360.565 960050.239  1.87%   2.8 2430s
 5066206 3755476     cutoff  205      978360.565 960050.359  1.87%   2.8 2435s
 5076925 3761712 977985.735  145   47 978360.565 960050.984  1.87%   2.8 2440s
 5085048 3769265 977475.878  145   50 978360.565 960051.087  1.87%   2.8 2445s
 5096920 3777270 976660.780  191   44 978360.565 960051.349  1.87%   2.8 2450s
 5105366 3783531     cutoff  164      978360.565 960051.784  1.87%   2.8 2455s
 5115538 3791468 966029.189  112   61 978360.565 960052.021  1.87%   2.8 2460s
 5127246 3800724 963397.480   99   63 978360.565 960052.193  1.87%   2.8 2465s
 5136853 3808620     cutoff  152      978360.565 960052.452  1.87%   2.8 2470s
 5145922 3816533     cutoff  187      978360.565 960052.477  1.87%   2.8 2475s
 5156327 3823735 969546.403  117   56 978360.565 960052.897  1.87%   2.8 2480s
 5166090 3829870 967142.923  123   58 978360.565 960053.047  1.87%   2.8 2485s
 5175999 3837129 972830.641  125   54 978360.565 960053.420  1.87%   2.8 2490s
 5184588 3842918 975408.383  174   48 978360.565 960053.568  1.87%   2.8 2495s
 5194812 3851966 977791.056  196   44 978360.565 960053.892  1.87%   2.8 2500s
 5202825 3856529 975248.267  139   52 978360.565 960054.304  1.87%   2.8 2505s
 5213704 3863470     cutoff  141      978360.565 960054.751  1.87%   2.8 2510s
 5222172 3869832 974016.540  136   52 978360.565 960054.912  1.87%   2.8 2515s
 5232851 3875884 966322.598  107   59 978360.565 960055.387  1.87%   2.8 2520s
 5241544 3881511 969732.426  147   54 978360.565 960055.629  1.87%   2.8 2525s
 5250902 3888137 972727.880  153   52 978360.565 960055.891  1.87%   2.8 2530s
 5260866 3894676 965360.373  113   60 978360.565 960056.404  1.87%   2.8 2536s
 5269817 3901493 973615.340  134   49 978360.565 960056.719  1.87%   2.8 2540s
 5279031 3907671 978325.905  212   43 978360.565 960056.892  1.87%   2.8 2545s
 5288578 3915009 975575.957  173   45 978360.565 960057.199  1.87%   2.8 2550s
 5297371 3921200 966849.591  111   58 978360.565 960057.673  1.87%   2.8 2555s
 5307520 3927953 974173.595  159   49 978360.565 960057.941  1.87%   2.8 2560s
 5315728 3933068     cutoff  172      978360.565 960058.280  1.87%   2.8 2565s
 5325252 3939693     cutoff  171      978360.565 960058.601  1.87%   2.8 2570s
 5335947 3946453     cutoff  150      978360.565 960058.875  1.87%   2.8 2575s
 5344223 3953244 977738.840  165   52 978360.565 960059.094  1.87%   2.8 2580s
 5353017 3960439 971699.896  158   50 978360.565 960059.293  1.87%   2.8 2585s
 5363875 3968852 967928.824  120   56 978360.565 960059.584  1.87%   2.8 2590s
 5372212 3974767 962526.978   97   64 978360.565 960059.775  1.87%   2.8 2595s
 5383501 3983247 966540.678   93   60 978360.565 960060.349  1.87%   2.8 2600s
 5391933 3989380 963066.410   93   62 978360.565 960060.728  1.87%   2.8 2605s
 5402848 3998114 968601.136  113   56 978360.565 960060.870  1.87%   2.8 2610s
 5409486 4002494     cutoff  208      978360.565 960061.080  1.87%   2.8 2615s
 5421053 4011401 968572.757  120   56 978360.565 960061.289  1.87%   2.8 2620s
 5428813 4015415     cutoff  149      978360.565 960061.612  1.87%   2.8 2625s
 5439572 4023350     cutoff  153      978360.565 960061.854  1.87%   2.8 2630s
 5446697 4028180 964400.278   98   62 978360.565 960061.969  1.87%   2.8 2635s
 5458145 4037503 976599.585  203   43 978360.565 960062.194  1.87%   2.8 2640s
 5465443 4041479 977566.401  130   49 978360.565 960062.561  1.87%   2.8 2645s
 5476446 4049220 975955.781  185   45 978360.565 960062.734  1.87%   2.8 2650s
 5484208 4055562     cutoff  156      978360.565 960062.938  1.87%   2.8 2655s
 5495676 4064424 978057.648  157   50 978360.565 960063.318  1.87%   2.8 2660s
 5504062 4069975     cutoff  216      978360.565 960063.740  1.87%   2.8 2665s
 5514478 4078018 966955.289  108   61 978360.565 960063.928  1.87%   2.8 2671s
 5522594 4086002 975644.633  168   47 978360.565 960064.089  1.87%   2.8 2675s
 5532527 4091679 962336.199   80   64 978360.565 960064.588  1.87%   2.8 2680s
 5540763 4097035     cutoff  114      978360.565 960064.792  1.87%   2.8 2685s
 5551423 4104428 969696.197  120   52 978360.565 960065.132  1.87%   2.8 2690s
 5559410 4109755 975256.794  141   51 978360.565 960065.558  1.87%   2.8 2695s
 5570169 4117656 973171.924  154   51 978360.565 960065.618  1.87%   2.9 2701s
 5577315 4122745     cutoff  155      978360.565 960065.837  1.87%   2.9 2705s
 5588227 4127466 974493.236  159   57 978360.565 960066.168  1.87%   2.9 2710s
 5596592 4132233 978015.090  147   45 978360.565 960066.711  1.87%   2.9 2715s
 5608343 4141131     cutoff  196      978360.565 960066.964  1.87%   2.9 2720s
 5616736 4146435 968153.009  118   59 978360.565 960067.454  1.87%   2.9 2725s
 5627120 4153690 977560.702  159   47 978360.565 960067.798  1.87%   2.9 2730s
 5635524 4161084 970529.965  129   53 978360.565 960067.894  1.87%   2.9 2735s
 5645205 4165453 973448.736  131   54 978360.565 960068.518  1.87%   2.9 2740s
 5653681 4170565 976954.781  126   48 978360.565 960068.624  1.87%   2.9 2745s
 5664170 4177065 962262.822   88   63 978360.565 960069.024  1.87%   2.9 2750s
 5673415 4184935     cutoff  179      978360.565 960069.024  1.87%   2.9 2755s
 5686202 4192908 974339.055  145   53 978360.565 960069.570  1.87%   2.9 2760s
 5694795 4199316 974342.736  171   48 978360.565 960069.624  1.87%   2.9 2765s
 5707957 4209423     cutoff  186      978360.565 960070.196  1.87%   2.9 2770s
 5717009 4215262     cutoff  134      978360.565 960070.589  1.87%   2.9 2775s
 5729274 4224073 966140.732  129   60 978360.565 960071.114  1.87%   2.9 2781s
 5739743 4230738 977340.510  144   49 978360.565 960071.732  1.87%   2.9 2785s
 5751678 4240161 978129.621  206   44 978360.565 960072.036  1.87%   2.9 2790s
 5764214 4249388 975232.259  160   50 978360.565 960072.397  1.87%   2.9 2795s
 5773182 4255229     cutoff  214      978360.565 960072.682  1.87%   2.9 2800s
 5783142 4263405 971552.022  161   49 978360.565 960072.839  1.87%   2.9 2806s
 5791333 4269523 977480.494  126   48 978360.565 960072.943  1.87%   2.9 2810s
 5800914 4275653 973044.036  208   47 978360.565 960073.151  1.87%   2.9 2815s
 5810497 4282819     cutoff  181      978360.565 960073.446  1.87%   2.9 2820s
 5818925 4289153     cutoff  154      978360.565 960073.779  1.87%   2.9 2825s
 5830776 4297192 975078.093  175   47 978360.565 960073.933  1.87%   2.9 2830s
 5839996 4304497 968894.802  118   56 978360.565 960074.357  1.87%   2.9 2835s
 5851894 4314043 977494.691  178   45 978360.565 960074.658  1.87%   2.9 2840s
 5859335 4317601 966062.829  104   64 978360.565 960074.899  1.87%   2.9 2845s
 5871358 4327018 963605.153   84   63 978360.565 960075.281  1.87%   2.9 2850s
 5879531 4334166 978017.097  174   49 978360.565 960075.356  1.87%   2.9 2855s
 5890402 4340800     cutoff  155      978360.565 960075.741  1.87%   2.9 2860s
 5898882 4344463 969659.728  116   58 978360.565 960076.301  1.87%   2.9 2865s
 5909126 4350442 963624.714   91   64 978360.565 960076.569  1.87%   2.9 2870s
 5918183 4356726 969690.692  145   53 978360.565 960076.752  1.87%   2.9 2875s
 5930123 4365834 969180.453  128   53 978360.565 960077.160  1.87%   2.9 2880s
 5939321 4372300 971948.212  137   53 978360.565 960077.316  1.87%   2.9 2885s
 5950212 4380207     cutoff  207      978360.565 960078.071  1.87%   2.9 2890s
 5958074 4384614     cutoff  168      978360.565 960078.347  1.87%   2.9 2895s
 5969427 4392346 966634.856  112   58 978360.565 960078.617  1.87%   2.9 2900s
 5977494 4398378 975754.385  123   49 978360.565 960078.752  1.87%   2.9 2905s
 5988556 4406070 975919.865  165   46 978360.565 960079.053  1.87%   2.9 2910s
 5997553 4412007 963590.904  102   62 978360.565 960079.596  1.87%   2.9 2915s
 6009421 4420035     cutoff  167      978360.565 960080.115  1.87%   2.9 2920s
 6017809 4426003 972509.005  154   52 978360.565 960080.124  1.87%   2.9 2925s
 6028630 4432697 968798.401  100   61 978360.565 960080.614  1.87%   2.9 2930s
 6036703 4436545 973057.909  138   56 978360.565 960080.937  1.87%   2.9 2935s
 6047671 4442258 978220.149  183   44 978360.565 960081.346  1.87%   2.9 2940s
 6059305 4449403 976337.149  136   54 978360.565 960081.901  1.87%   2.9 2945s
 6068132 4455846 972182.345  114   57 978360.565 960082.020  1.87%   2.9 2950s
 6077583 4463161 967946.243  106   55 978360.565 960082.231  1.87%   2.9 2955s
 6088114 4468862 973193.654  132   56 978360.565 960082.717  1.87%   2.9 2960s
 6097824 4474635 976436.326  200   43 978360.565 960082.831  1.87%   2.9 2965s
 6108703 4483360 968802.919  128   55 978360.565 960083.188  1.87%   2.9 2970s
 6117483 4490077     cutoff  146      978360.565 960083.391  1.87%   2.9 2975s
 6127475 4495712 973546.996  156   52 978360.565 960083.546  1.87%   2.9 2980s
 6135565 4501853     cutoff  145      978360.565 960084.007  1.87%   2.9 2985s
 6146779 4508483 972975.921  150   49 978360.565 960084.262  1.87%   2.9 2990s
 6154423 4513717 961260.644   80   65 978360.565 960084.603  1.87%   2.9 2995s
 6164558 4520098 977833.936  162   46 978360.565 960084.805  1.87%   2.9 3000s
 6172268 4525060 965415.618  110   59 978360.565 960085.078  1.87%   2.9 3005s
 6182994 4532638 978057.088  153   46 978360.565 960085.586  1.87%   2.9 3010s
 6192010 4539095 978098.610  144   47 978360.565 960085.828  1.87%   2.9 3015s
 6202336 4547134 964932.070  112   62 978360.565 960086.129  1.87%   2.9 3020s
 6209685 4552168 978208.340  219   41 978360.565 960086.358  1.87%   2.9 3025s
 6220600 4559497 965198.453  113   60 978360.565 960086.767  1.87%   2.9 3030s
 6229693 4566594 969883.211  125   56 978360.565 960087.013  1.87%   2.9 3035s
 6240488 4573930 968270.587  119   58 978360.565 960087.183  1.87%   2.9 3040s
 6249332 4580678     cutoff  150      978360.565 960087.562  1.87%   2.9 3045s
 6259428 4587322 968278.991  121   56 978360.565 960087.898  1.87%   2.9 3050s
 6267358 4592840 967746.575  115   58 978360.565 960088.170  1.87%   2.9 3055s
 6278069 4601508 973577.041  149   50 978360.565 960088.415  1.87%   2.9 3060s
 6287240 4607450 973015.767  173   48 978360.565 960088.631  1.87%   2.9 3065s
 6295686 4613201 976948.468  212   42 978360.565 960088.754  1.87%   2.9 3070s
 6306217 4622392 978272.667  223   37 978360.565 960089.045  1.87%   2.9 3075s
 6313864 4628828 972492.274  145   51 978360.565 960089.131  1.87%   2.9 3080s
 6324573 4635356 971568.497  158   50 978360.565 960089.430  1.87%   2.9 3085s
 6334033 4642245 971844.567  153   52 978360.565 960089.604  1.87%   2.9 3090s
 6344166 4648940 962204.336   85   65 978360.565 960090.109  1.87%   2.9 3095s
 6352431 4655530 976466.512  168   51 978360.565 960090.469  1.87%   2.9 3100s
 6364289 4662512 977204.177  153   48 978360.565 960090.882  1.87%   2.9 3105s
 6372076 4666548 977915.295  156   46 978360.565 960091.239  1.87%   2.9 3110s
 6383292 4674998 975782.361  173   46 978360.565 960091.415  1.87%   2.9 3115s
 6392523 4678177 977575.667  179   44 978360.565 960092.196  1.87%   2.9 3120s
 6402902 4685473 966868.333  119   57 978360.565 960092.543  1.87%   2.9 3125s
 6411768 4692314 977310.161  197   44 978360.565 960092.952  1.87%   2.9 3130s
 6423035 4700362     cutoff  151      978360.565 960093.225  1.87%   2.9 3135s
 6430588 4703840 966300.931   96   63 978360.565 960093.500  1.87%   2.9 3140s
 6442079 4713076 968039.743  106   62 978360.565 960093.671  1.87%   2.9 3145s
 6451562 4719452 963061.982   95   64 978360.565 960093.900  1.87%   2.9 3150s
 6461229 4725864 978200.771  134   48 978360.565 960094.169  1.87%   2.9 3155s
 6470093 4733689 974366.286  164   49 978360.565 960094.289  1.87%   2.9 3160s
 6480811 4740409 964037.240   87   62 978360.565 960094.684  1.87%   2.9 3165s
 6489378 4747373     cutoff  209      978360.565 960094.751  1.87%   2.9 3170s
 6499833 4753389 977786.426  148   49 978360.565 960095.369  1.87%   2.9 3175s
 6508103 4758149     cutoff  142      978360.565 960095.822  1.87%   2.9 3180s
 6518549 4766853 973825.556  181   46 978360.565 960095.908  1.87%   2.9 3185s
 6528399 4772819     cutoff  143      978360.565 960096.499  1.87%   2.9 3190s
 6538682 4779383 978326.102  222   46 978360.565 960096.854  1.87%   2.9 3196s
 6548127 4783930     cutoff  140      978360.565 960097.490  1.87%   2.9 3200s
 6558788 4791899 962644.193   82   65 978360.565 960097.874  1.87%   2.9 3205s
 6567288 4797910     cutoff  147      978360.565 960098.115  1.87%   2.9 3210s
 6577510 4805243 977926.480  115   46 978360.565 960098.557  1.87%   2.9 3215s
 6586916 4811731 962123.808   92   63 978360.565 960098.726  1.87%   2.9 3220s
 6596506 4819579 973712.392  133   53 978360.565 960098.954  1.87%   2.9 3225s
 6607170 4825551 968523.547   97   57 978360.565 960099.529  1.87%   2.9 3230s
 6615480 4831487 971688.310  135   53 978360.565 960099.619  1.87%   2.9 3235s
 6627007 4840216 963498.546   83   63 978360.565 960100.121  1.87%   2.9 3240s
 6635192 4846009     cutoff  152      978360.565 960100.320  1.87%   2.9 3245s
 6647355 4856033 975387.131  165   47 978360.565 960100.642  1.87%   2.9 3251s
 6654422 4859560 973891.192  123   52 978360.565 960100.913  1.87%   2.9 3255s
 6664707 4868593 977410.198  211   44 978360.565 960101.107  1.87%   2.9 3260s
 6675112 4874706 972149.126  125   54 978360.565 960101.504  1.87%   2.9 3265s
 6685606 4880670 967892.649  120   57 978360.565 960101.939  1.87%   2.9 3270s
 6695447 4888755 968161.925  121   57 978360.565 960102.163  1.87%   2.9 3275s
 6704288 4895627 966469.813  117   59 978360.565 960102.335  1.87%   2.9 3280s
 6715749 4903591 977895.492  170   51 978360.565 960102.571  1.87%   2.9 3285s
 6724245 4909545     cutoff  163      978360.565 960102.807  1.87%   2.9 3290s
 6735557 4918842 966617.040  114   59 978360.565 960102.963  1.87%   2.9 3295s
 6744884 4926707 970956.433  107   58 978360.565 960103.069  1.87%   2.9 3300s
 6754536 4933970 969011.207  110   57 978360.565 960103.299  1.87%   2.9 3305s
 6766335 4942046     cutoff  203      978360.565 960103.728  1.87%   2.9 3310s
 6774498 4948101 963718.042   91   61 978360.565 960103.871  1.87%   2.9 3315s
 6784880 4954646 968954.513  130   55 978360.565 960104.156  1.87%   2.9 3320s
 6794697 4962287 977668.642  156   45 978360.565 960104.437  1.87%   2.9 3325s
 6805415 4968373     cutoff  147      978360.565 960104.967  1.87%   2.9 3330s
 6814939 4975163 976768.393  196   44 978360.565 960105.192  1.87%   2.9 3335s
 6824666 4982374 967085.039  113   58 978360.565 960105.562  1.87%   2.9 3340s
 6833829 4987375     cutoff  143      978360.565 960106.080  1.87%   2.9 3345s
 6844396 4994127 964689.820   98   61 978360.565 960106.557  1.87%   2.9 3350s
 6854446 5001158     cutoff  227      978360.565 960106.764  1.87%   2.9 3355s
 6864540 5008224 962955.546   90   64 978360.565 960107.133  1.87%   2.9 3361s
 6872601 5013308 978257.614  225   45 978360.565 960107.354  1.87%   2.9 3365s
 6881601 5020533     cutoff  168      978360.565 960107.617  1.87%   2.9 3370s
 6892393 5028637 973397.059  154   49 978360.565 960107.800  1.87%   2.9 3375s
 6900892 5035352 977020.402  152   48 978360.565 960108.006  1.87%   2.9 3380s
 6910945 5041684 972507.346  153   50 978360.565 960108.113  1.87%   2.9 3385s
 6919032 5047608 961964.932   98   63 978360.565 960108.406  1.87%   2.9 3390s
 6929940 5055384 966908.788  125   58 978360.565 960108.696  1.87%   2.9 3395s
 6938423 5061739 968294.288  115   56 978360.565 960108.842  1.87%   2.9 3400s
 6949462 5069085 968261.592  126   55 978360.565 960108.970  1.87%   2.9 3405s
 6957296 5074334 969018.533  113   57 978360.565 960109.210  1.87%   2.9 3410s
 6968356 5082549 963590.969  104   63 978360.565 960109.478  1.87%   2.9 3415s
 6976563 5088290 961800.206   99   63 978360.565 960109.665  1.87%   2.9 3420s
 6987966 5097142 965374.732  100   61 978360.565 960109.933  1.87%   2.9 3425s
 6997216 5105097 972070.892  146   53 978360.565 960110.107  1.87%   2.9 3430s
 7005053 5109791 977600.331  154   45 978360.565 960110.490  1.87%   2.9 3435s
 7016203 5119459 978206.221  143   50 978360.565 960110.524  1.87%   2.9 3440s
 7026416 5126883 973658.394  151   49 978360.565 960110.884  1.87%   2.9 3445s
 7037042 5133438     cutoff  145      978360.565 960111.401  1.87%   2.9 3450s
 7045497 5139471 976866.774  169   47 978360.565 960111.459  1.87%   2.9 3455s
 7056310 5147109 971023.950  133   57 978360.565 960111.933  1.87%   2.9 3461s
 7065941 5154138 961724.106   89   65 978360.565 960112.432  1.87%   2.9 3465s
 7077065 5161901 963593.249   87   62 978360.565 960112.595  1.87%   2.9 3470s
 7089658 5171699 977109.370  164   48 978360.565 960112.942  1.87%   2.9 3475s
 7097927 5177387 967791.254  107   58 978360.565 960113.037  1.87%   2.9 3480s
 7109145 5185723 977891.659  160   50 978360.565 960113.429  1.87%   2.9 3485s
 7116956 5191926 978329.098  200   42 978360.565 960113.429  1.87%   2.9 3490s
 7127924 5197871 977621.667  146   48 978360.565 960114.214  1.86%   2.9 3495s
 7136118 5203964 963578.793   94   64 978360.565 960114.304  1.86%   2.9 3500s
 7147734 5211629 965982.399  101   63 978360.565 960114.697  1.86%   2.9 3505s
 7156579 5218198 973919.111  133   51 978360.565 960114.787  1.86%   2.9 3510s
 7165913 5225374 966693.022  115   58 978360.565 960114.946  1.86%   2.9 3515s
 7177180 5231578     cutoff  154      978360.565 960115.472  1.86%   2.9 3520s
 7185334 5237558 966889.936  133   57 978360.565 960115.621  1.86%   2.9 3525s
 7196646 5244732 976975.990  141   48 978360.565 960116.036  1.86%   2.9 3530s
 7204569 5250749 967913.363  131   55 978360.565 960116.086  1.86%   2.9 3535s
 7216005 5260875 974253.900  169   47 978360.565 960116.310  1.86%   2.9 3540s
 7224091 5264197 973586.073  136   52 978360.565 960116.732  1.86%   2.9 3545s
 7235605 5272491 975718.248  202   42 978360.565 960116.919  1.86%   2.9 3550s
 7244383 5277417 972469.455  113   58 978360.565 960117.474  1.86%   2.9 3555s
 7255159 5285183 977655.806  134   47 978360.565 960117.774  1.86%   2.9 3560s
 7263404 5290125 975595.382  121   52 978360.565 960118.054  1.86%   2.9 3565s
 7273674 5297585 974279.355  126   54 978360.565 960118.470  1.86%   2.9 3570s
 7282256 5305133     cutoff  216      978360.565 960118.552  1.86%   2.9 3575s
 7292585 5311484 976454.514  186   43 978360.565 960118.611  1.86%   2.9 3580s
 7300612 5317469 965625.375  100   61 978360.565 960118.996  1.86%   2.9 3585s
 7311247 5323581     cutoff  171      978360.565 960119.312  1.86%   2.9 3590s
 7320200 5330756 967532.209  118   62 978360.565 960119.547  1.86%   2.9 3595s
 7330370 5337477     cutoff  159      978360.565 960119.895  1.86%   2.9 3600s

Cutting planes:
  RLT: 23

Explored 7330382 nodes (21403721 simplex iterations) in 3600.06 seconds (1608.31 work units)
Thread count was 2 (of 24 available processors)

Solution count 10: 978361 978366 978369 ... 978401

Time limit reached
Best objective 9.783605650345e+05, best bound 9.601198949704e+05, gap 1.8644%
