
Gurobi 11.0.3 (linux64, Java) logging started sáb 30 nov 2024 03:54:56 -03

Set parameter Username
Academic license - for non-commercial use only - expires 2025-10-10
Set parameter NonConvex to value 2
Set parameter TimeLimit to value 3600
Set parameter LogToConsole to value 0
Set parameter MIPGap to value 2.5029985070196468e-07
Set parameter Threads to value 2
Set parameter NodefileDir to value "/home/ps12398/experiment_epec/goalProgrammingMarcos/"
Set parameter NodefileStart to value 1
Gurobi Optimizer version 11.0.3 build v11.0.3rc0 (linux64)

CPU model: Intel(R) Xeon(R) CPU           X5650  @ 2.67GHz, instruction set [SSE2]
Thread count: 12 physical cores, 24 logical processors, using up to 2 threads

Optimize a model with 58003 rows, 39068 columns and 204825 nonzeros
Model fingerprint: 0x64408273
Model has 144 quadratic constraints
Variable types: 19466 continuous, 19602 integer (139 binary)
Coefficient statistics:
  Matrix range     [7e-03, 6e+05]
  QMatrix range    [7e-03, 2e+04]
  QLMatrix range   [1e+00, 2e+04]
  Objective range  [2e+00, 8e+06]
  Bounds range     [1e+00, 1e+08]
  RHS range        [1e+00, 1e+06]
  QRHS range       [3e-02, 3e-02]
Presolve removed 57813 rows and 38465 columns
Presolve time: 0.11s
Presolved: 637 rows, 749 columns, 6578 nonzeros
Presolved model has 2 SOS constraint(s)
Presolved model has 139 bilinear constraint(s)

Solving non-convex MIQCP

Variable types: 427 continuous, 322 integer (141 binary)
Found heuristic solution: objective 884018.50576

Root relaxation: objective 5.683341e+05, 69 iterations, 0.00 seconds (0.00 work units)

    Nodes    |    Current Node    |     Objective Bounds      |     Work
 Expl Unexpl |  Obj  Depth IntInf | Incumbent    BestBd   Gap | It/Node Time

     0     0 568334.108    0   68 884018.506 568334.108  35.7%     -    0s
     0     0 678115.283    0   68 884018.506 678115.283  23.3%     -    0s
H    0     0                    872378.09127 678115.283  22.3%     -    0s
     0     0 680836.663    0   68 872378.091 680836.663  22.0%     -    0s
H    0     0                    807389.50791 680836.663  15.7%     -    0s
     0     0 680900.830    0   68 807389.508 680900.830  15.7%     -    0s
H    0     0                    807389.50549 680917.258  15.7%     -    0s
     0     2 680917.258    0   68 807389.505 680917.258  15.7%     -    0s
H    3     6                    804177.95247 680967.490  15.3%   1.0    0s
H   29    36                    804164.41555 681461.399  15.3%   0.9    0s
H  213   244                    779053.92089 681461.399  12.5%   1.1    0s
H 1640  1268                    778784.57915 723780.793  7.06%   3.1    2s
* 1702  1292             265    778774.64891 723780.793  7.06%   3.1    3s
* 1732  1246             279    778701.22469 723780.793  7.05%   3.1    3s
H 2429  1611                    778110.46681 724453.812  6.90%   2.9    3s
* 2465  1567             262    778109.92350 724453.812  6.90%   2.8    3s
H 3506  2432                    778084.76757 724568.866  6.88%   2.7    3s
H 4594  3545                    777996.97261 724615.839  6.86%   2.6    4s
H 4746  3465                    775464.96228 724615.839  6.56%   2.6    4s
* 4896  3583             215    775464.96215 724624.684  6.56%   2.6    4s
  6372  5239 757720.886  144   51 775464.962 724634.531  6.55%   2.7    5s
*12461 10316             241    775394.11723 724904.766  6.51%   2.8    7s
*12466 10312             243    775351.01470 724904.766  6.51%   2.8    7s
*12467 10311             243    775343.00601 724904.766  6.51%   2.8    7s
*12472 10299             244    775279.19101 724904.766  6.50%   2.8    7s
H13621 11264                    775274.39765 724914.080  6.50%   2.8    7s
H14765 11942                    775274.34016 724974.198  6.49%   2.9    8s
*17855 14328             250    775112.27385 725368.220  6.42%   2.8    9s
*17864 14324             253    775062.75044 725368.220  6.41%   2.8    9s
*17867 14321             250    775048.15892 725368.220  6.41%   2.8    9s
 18353 14911 737632.982  120   64 775048.159 725385.050  6.41%   2.8   10s
*18512 14896             276    774976.97384 725385.050  6.40%   2.8   10s
*18513 14891             276    774950.00207 725385.050  6.40%   2.8   10s
*18516 14890             276    774932.91689 725385.050  6.39%   2.8   10s
*18521 14890             276    774926.92976 725385.050  6.39%   2.8   10s
*24615 19936             258    774837.91455 725560.762  6.36%   2.7   12s
*24617 19924             259    774818.28194 725560.762  6.36%   2.7   12s
*24621 19923             259    774816.09331 725560.762  6.36%   2.7   12s
*24623 19912             258    774797.48696 725560.762  6.35%   2.7   12s
*24649 19910             261    774794.44421 725560.762  6.35%   2.7   12s
*24802 19906             249    774789.54713 725594.871  6.35%   2.7   12s
H26833 21568                    774770.18499 725681.302  6.34%   2.7   13s
*27538 21994             246    774622.91934 725702.252  6.32%   2.7   13s
*27539 21991             246    774611.87023 725702.252  6.31%   2.7   13s
*27542 21988             246    774610.27352 725702.252  6.31%   2.7   13s
*27544 21982             243    774582.85871 725702.252  6.31%   2.7   13s
 31885 25675 758153.715  115   53 774582.859 726121.709  6.26%   2.8   15s
H32505 26026                    774525.13303 726148.536  6.25%   2.7   15s
H33804 27160                    774522.85147 726177.199  6.24%   2.8   15s
*36696 29519             252    774079.71655 726286.884  6.17%   2.7   16s
H37354 29808                    774067.84019 726309.596  6.17%   2.7   17s
H39361 31410                    774064.30639 726385.217  6.16%   2.7   17s
H40680 32511                    774060.02503 726412.343  6.16%   2.7   18s
 45292 36295 744799.110  111   61 774060.025 726690.465  6.12%   2.7   20s
H53337 42814                    774058.87292 726924.835  6.09%   2.7   23s
H53393 42853                    774048.75467 726924.835  6.09%   2.7   23s
H54650 43944                    774047.90104 726946.495  6.09%   2.7   24s
H55768 44949                    774043.01675 726967.233  6.08%   2.7   24s
 56670 45783 739586.645   80   61 774043.017 727021.963  6.07%   2.7   25s
*59233 47842             268    774037.53594 727107.008  6.06%   2.7   26s
*59235 47838             269    774029.16995 727107.008  6.06%   2.7   26s
*59236 47838             269    774028.95213 727107.008  6.06%   2.7   26s
H66989 53854                    774012.71768 727345.991  6.03%   2.7   28s
 70014 56487 745345.108  138   58 774012.718 727384.081  6.02%   2.7   30s
 84046 67847 750602.199  117   57 774012.718 727591.456  6.00%   2.7   35s
 97611 78908 773732.005  162   46 774012.718 727791.220  5.97%   2.7   40s
 110592 89086 752856.275  114   57 774012.718 727988.293  5.95%   2.7   45s
 123237 99035 739286.465   98   60 774012.718 728146.472  5.93%   2.7   50s
 136195 109372 757170.228  119   56 774012.718 728275.984  5.91%   2.8   55s
 149391 119995 734506.073  112   62 774012.718 728433.757  5.89%   2.7   60s
 162031 130273 739122.335  111   59 774012.718 728543.189  5.87%   2.7   65s
 174485 140132     cutoff  144      774012.718 728615.944  5.87%   2.7   70s
 187593 150314 770837.745  131   47 774012.718 728702.332  5.85%   2.7   75s
 200724 160710 752474.568  123   60 774012.718 728769.200  5.85%   2.7   80s
 214009 171250 742972.227   94   61 774012.718 728829.283  5.84%   2.7   85s
*216430 173029             246    773972.90709 728837.849  5.83%   2.7   85s
*216445 173029             246    773972.54629 728837.849  5.83%   2.7   85s
 226128 180926 773400.992  145   48 773972.546 728884.025  5.83%   2.8   90s
H229320 183443                    773971.30630 728896.122  5.82%   2.8   91s
 238719 190840     cutoff  158      773971.306 728939.146  5.82%   2.8   95s
 252156 201816     cutoff  194      773971.306 728977.084  5.81%   2.8  100s
 264379 211432 766671.822  192   48 773971.306 729020.035  5.81%   2.7  105s
 279102 223201 752422.018  109   54 773971.306 729066.589  5.80%   2.7  110s
 298783 239063 765635.265  186   51 773971.306 729123.531  5.79%   2.8  115s
*308917 247057             236    773942.57482 729154.554  5.79%   2.8  118s
*308924 247057             236    773942.22996 729154.554  5.79%   2.8  118s
 312321 249875 770645.331  168   51 773942.230 729166.000  5.79%   2.8  120s
H316787 253257                    773942.16343 729178.612  5.78%   2.8  121s
*317312 253723             236    773939.99501 729179.752  5.78%   2.8  121s
*317315 253719             238    773936.67027 729179.752  5.78%   2.8  121s
 324560 259711 752049.678  109   57 773936.670 729199.565  5.78%   2.8  125s
 337714 270276 748707.099  110   58 773936.670 729236.897  5.78%   2.8  130s
 351551 281812 771405.159  140   49 773936.670 729273.800  5.77%   2.8  135s
H359061 287380                    773924.11826 729292.080  5.77%   2.8  137s
 363527 291222 749728.057  102   59 773924.118 729303.974  5.77%   2.8  140s
*373576 299487             223    773923.09013 729327.474  5.76%   2.8  143s
 376276 301774 735595.184   99   61 773923.090 729336.427  5.76%   2.8  145s
H384997 308537                    773844.01236 729358.393  5.75%   2.8  148s
H385353 308741                    773841.59019 729359.142  5.75%   2.8  148s
 389134 311985 740175.361  116   61 773841.590 729365.789  5.75%   2.8  150s
H398442 318951                    773810.78075 729388.111  5.74%   2.8  154s
 401081 321152 770985.006  118   50 773810.781 729394.494  5.74%   2.8  155s
 414534 332210     cutoff  143      773810.781 729419.583  5.74%   2.8  160s
 428126 343202 770951.990  147   50 773810.781 729448.238  5.73%   2.8  165s
 443164 355125 731487.478   79   63 773810.781 729480.368  5.73%   2.8  170s
H451057 361568                    773810.21888 729494.046  5.73%   2.8  172s
 457050 366211     cutoff  138      773810.219 729503.479  5.73%   2.8  175s
 472650 378733 754201.852  111   56 773810.219 729529.431  5.72%   2.8  180s
 485910 389495 732469.569   70   65 773810.219 729549.079  5.72%   2.8  185s
 499387 400395 762337.975  162   47 773810.219 729568.172  5.72%   2.8  190s
 512315 410838 770976.822  146   47 773810.219 729587.066  5.71%   2.8  195s
 524931 420849 740123.842  108   61 773810.219 729606.440  5.71%   2.8  200s
H529906 424488                    773786.50920 729613.235  5.71%   2.8  201s
H530242 424750                    773786.32693 729614.193  5.71%   2.8  202s
H530604 425033                    773786.32208 729614.193  5.71%   2.8  202s
 536224 429387 768326.223  120   51 773786.322 729621.035  5.71%   2.8  205s
H543527 435081                    773742.13888 729629.170  5.70%   2.8  207s
H547407 438220                    773732.83145 729635.189  5.70%   2.8  209s
H548632 439234                    773728.26812 729636.356  5.70%   2.8  209s
 549357 439876 747179.563  103   59 773728.268 729637.315  5.70%   2.8  210s
H555124 444056                    773709.68910 729646.587  5.70%   2.8  212s
H556419 445272                    773709.62756 729648.566  5.69%   2.8  212s
 562207 449893 731257.683   96   65 773709.628 729655.380  5.69%   2.8  215s
 575797 460813 758786.328  153   57 773709.628 729670.988  5.69%   2.8  220s
 589060 471413 733600.787   83   62 773709.628 729691.251  5.69%   2.8  225s
H590083 472031                    773709.47996 729692.527  5.69%   2.8  225s
H591234 473076                    773709.45929 729694.356  5.69%   2.8  226s
 600776 480801 732586.522   81   64 773709.459 729706.965  5.69%   2.8  230s
 615567 492585 729940.881   84   65 773709.459 729725.494  5.68%   2.8  235s
 628637 503124 747143.569  126   61 773709.459 729748.127  5.68%   2.8  240s
 642099 513352 758665.856  154   49 773709.459 729764.049  5.68%   2.8  245s
 655829 523550 740173.867   96   58 773709.459 729784.119  5.68%   2.8  250s
 667767 533287 758999.132  135   54 773709.459 729799.483  5.68%   2.8  255s
 680475 543221 769295.326  132   48 773709.459 729817.692  5.67%   2.8  260s
 693329 553514 756256.980  140   58 773709.459 729832.649  5.67%   2.8  265s
 706325 563880 768834.623  137   49 773709.459 729844.639  5.67%   2.8  270s
 719364 574286 772619.586  175   46 773709.459 729857.771  5.67%   2.8  275s
 731662 583846     cutoff  167      773709.459 729872.091  5.67%   2.8  280s
 745283 594562 772150.254  146   52 773709.459 729888.205  5.66%   2.8  285s
 758458 605381 743269.742   89   57 773709.459 729901.859  5.66%   2.8  290s
 771110 615564 736973.942  126   61 773709.459 729915.816  5.66%   2.8  295s
 784211 625845 741595.339   91   60 773709.459 729929.174  5.66%   2.8  300s
 796265 635338 734533.784   81   62 773709.459 729939.090  5.66%   2.8  305s
 809735 646250 735450.934  107   64 773709.459 729952.408  5.66%   2.8  310s
 823573 656865 731903.031   94   62 773709.459 729964.439  5.65%   2.8  315s
 836351 667105 755347.046  125   53 773709.459 729975.770  5.65%   2.8  320s
 848317 676833 760672.123  132   56 773709.459 729987.283  5.65%   2.8  325s
 861961 687928 765414.497  151   57 773709.459 729998.148  5.65%   2.8  330s
 876570 699334 771279.442  140   49 773709.459 730012.476  5.65%   2.8  335s
 889833 709960     cutoff  192      773709.459 730023.677  5.65%   2.8  340s
 902478 719898     cutoff  150      773709.459 730034.812  5.64%   2.8  345s
 914950 729588 737150.296   92   64 773709.459 730045.348  5.64%   2.8  350s
 927612 740009     cutoff  154      773709.459 730057.355  5.64%   2.8  355s
 941244 750748     cutoff  145      773709.459 730071.417  5.64%   2.8  360s
 953766 761048 759505.226  110   57 773709.459 730080.245  5.64%   2.8  365s
 966834 771081 756537.911  119   53 773709.459 730090.588  5.64%   2.8  370s
 980388 781563 766548.033  180   51 773709.459 730100.497  5.64%   2.8  375s
 994261 792852 742295.376  121   57 773709.459 730109.590  5.64%   2.8  380s
 1007345 803027 734677.014   90   64 773709.459 730120.794  5.63%   2.8  385s
 1020021 812806 757621.561  143   54 773709.459 730130.806  5.63%   2.8  390s
H1031481 821442                    773704.55893 730138.287  5.63%   2.8  394s
H1031548 821657                    773704.53521 730138.287  5.63%   2.8  394s
 1032472 822464     cutoff  146      773704.535 730139.064  5.63%   2.8  395s
 1045604 833037 744873.752   93   60 773704.535 730148.128  5.63%   2.8  400s
 1058723 843550 765828.453  153   48 773704.535 730155.365  5.63%   2.8  405s
 1071412 853229 772121.908  172   47 773704.535 730164.403  5.63%   2.8  410s
 1083371 862604 767247.932  165   48 773704.535 730172.776  5.63%   2.8  415s
 1095927 872330     cutoff  140      773704.535 730181.800  5.63%   2.8  420s
 1107686 881713 735703.924   92   60 773704.535 730189.438  5.62%   2.8  425s
 1120508 891920 752011.704  115   59 773704.535 730197.193  5.62%   2.8  430s
 1132963 901581 734492.997   95   65 773704.535 730203.833  5.62%   2.8  435s
 1145993 912077 764662.030  150   50 773704.535 730212.392  5.62%   2.8  440s
 1158810 921852 757556.428  126   58 773704.535 730221.299  5.62%   2.8  445s
 1170723 931458     cutoff  137      773704.535 730229.159  5.62%   2.8  450s
 1183428 941382 760450.410  125   57 773704.535 730236.690  5.62%   2.8  455s
 1196093 950986     cutoff  146      773704.535 730244.435  5.62%   2.8  460s
 1209143 961146 768587.563  150   47 773704.535 730251.830  5.62%   2.8  465s
 1224261 972484 739264.142  113   60 773704.535 730263.255  5.61%   2.8  470s
 1237298 982656 755548.504  126   55 773704.535 730270.906  5.61%   2.8  475s
 1249832 992237 773647.414  191   49 773704.535 730280.203  5.61%   2.8  480s
 1263109 1002765 748124.065  123   59 773704.535 730288.038  5.61%   2.8  485s
 1277529 1014090 764298.059  141   53 773704.535 730297.660  5.61%   2.8  490s
 1290217 1024354 746162.824   98   59 773704.535 730305.009  5.61%   2.8  495s
 1303663 1034817     cutoff  144      773704.535 730313.620  5.61%   2.8  500s
 1316251 1044978 773486.630  237   44 773704.535 730320.438  5.61%   2.8  505s
 1328935 1055254 744982.961  116   57 773704.535 730328.097  5.61%   2.8  510s
 1341108 1064970 751913.651  125   64 773704.535 730335.270  5.61%   2.8  515s
 1354137 1074898 732900.574   96   66 773704.535 730344.339  5.60%   2.8  520s
 1366955 1084864 766642.563  141   56 773704.535 730351.159  5.60%   2.8  525s
 1380537 1095672 736876.168   88   61 773704.535 730359.571  5.60%   2.8  530s
 1393836 1106048 737749.292   98   60 773704.535 730367.166  5.60%   2.8  535s
 1406047 1115797 771384.375  161   47 773704.535 730372.707  5.60%   2.8  540s
 1419037 1126322 734768.427   90   61 773704.535 730379.178  5.60%   2.8  545s
 1432358 1136680 773538.736  143   48 773704.535 730385.968  5.60%   2.8  550s
 1444471 1146286 767511.648  155   48 773704.535 730392.724  5.60%   2.8  555s
 1459765 1158453 735758.271   93   63 773704.535 730400.058  5.60%   2.8  560s
 1472940 1168941 758192.322  144   53 773704.535 730406.787  5.60%   2.8  565s
 1485340 1178629 739467.590  113   59 773704.535 730411.999  5.60%   2.8  570s
 1498361 1188608 755266.012  138   55 773704.535 730418.339  5.59%   2.8  575s
 1511159 1198583 758137.422  152   58 773704.535 730424.626  5.59%   2.8  580s
 1523982 1208407 736380.742   80   64 773704.535 730431.021  5.59%   2.8  585s
 1535932 1218316     cutoff  117      773704.535 730435.380  5.59%   2.8  590s
 1549561 1229045 736930.460   95   62 773704.535 730442.292  5.59%   2.8  595s
 1567365 1243258 757865.176  119   52 773704.535 730450.099  5.59%   2.8  600s
 1579801 1252792 765226.279  156   49 773704.535 730455.739  5.59%   2.8  605s
Created node file directory '/home/ps12398/experiment_epec/goalProgrammingMarcos//grbnodes9'
 1588105 1259107 741704.214   85   61 773704.535 730460.962  5.59%   2.8  610s
 1598824 1264600 767263.404  183   46 773704.535 730461.839  5.59%   2.8  615s
 1610252 1272145 762265.027  159   51 773704.535 730463.621  5.59%   2.8  620s
 1619074 1277447     cutoff  128      773704.535 730464.322  5.59%   2.8  627s
 1625659 1281397 767786.596  164   44 773704.535 730464.794  5.59%   2.8  630s
 1637115 1288247 771930.492  147   52 773704.535 730465.933  5.59%   2.8  635s
 1647947 1292927     cutoff  157      773704.535 730467.445  5.59%   2.8  640s
 1655355 1297729     cutoff  146      773704.535 730467.860  5.59%   2.9  645s
 1666739 1304120     cutoff  161      773704.535 730469.249  5.59%   2.9  650s
 1677211 1309748 743744.826  128   58 773704.535 730470.000  5.59%   2.9  655s
 1684390 1313348 747941.529   98   57 773704.535 730471.196  5.59%   2.9  660s
 1695012 1319052 773571.795  140   49 773704.535 730471.993  5.59%   2.9  665s
 1705594 1323422 771332.139  133   47 773704.535 730473.224  5.59%   2.9  670s
 1717238 1329945     cutoff  201      773704.535 730474.022  5.59%   2.9  675s
 1723271 1333400     cutoff  139      773704.535 730474.263  5.59%   2.9  680s
 1734593 1340576 773205.263  158   44 773704.535 730474.922  5.59%   2.9  685s
 1745756 1348298 761826.058  162   49 773704.535 730475.338  5.59%   2.9  692s
 1751484 1351564 735627.716   79   65 773704.535 730475.892  5.59%   2.9  695s
 1764230 1359523 772880.483  172   46 773704.535 730476.327  5.59%   2.9  700s
 1772141 1365929 768273.149  130   51 773704.535 730476.810  5.59%   2.9  705s
 1783732 1371771 744787.021  131   56 773704.535 730478.348  5.59%   2.9  710s
 1794951 1378085 772205.972  194   45 773704.535 730479.672  5.59%   2.9  715s
 1801678 1382163 745342.605   96   56 773704.535 730479.950  5.59%   2.9  720s
 1811562 1387767 739720.290   93   60 773704.535 730480.859  5.59%   2.9  725s
 1822850 1395845 762708.099  155   52 773704.535 730481.721  5.59%   2.9  730s
 1829450 1400006 753970.251  121   54 773704.535 730482.442  5.59%   2.9  735s
 1839021 1404246 765866.161  128   53 773704.535 730483.381  5.59%   2.9  740s
 1850033 1409026 733069.958   73   66 773704.535 730484.407  5.59%   2.9  745s
 1856944 1414832     cutoff  179      773704.535 730484.682  5.59%   2.9  750s
 1868638 1422306 730539.451   82   64 773704.535 730485.422  5.59%   3.0  755s
 1879092 1426627 758522.737  135   53 773704.535 730487.329  5.59%   3.0  760s
 1886537 1430475 735881.170  113   62 773704.535 730487.760  5.59%   3.0  765s
 1897515 1436063     cutoff  118      773704.535 730488.854  5.59%   3.0  770s
 1908984 1443756 767755.165  140   50 773704.535 730489.642  5.59%   3.0  775s
 1916547 1447841 765152.390  154   53 773704.535 730490.157  5.59%   3.0  780s
 1926770 1450959     cutoff  162      773704.535 730492.210  5.59%   3.0  785s
 1939914 1457523 737672.489   86   59 773704.535 730493.946  5.58%   3.0  790s
 1950487 1462795 773679.629  211   45 773704.535 730494.984  5.58%   3.0  795s
 1957503 1466979 736677.141  111   58 773704.535 730495.323  5.58%   3.0  800s
 1968480 1473656 773123.533  135   47 773704.535 730496.378  5.58%   3.0  805s
 1978686 1478930 767064.112  172   46 773704.535 730497.177  5.58%   3.0  811s
 1986530 1482850 768952.748  162   49 773704.535 730498.065  5.58%   3.0  815s
 1997983 1490299     cutoff  163      773704.535 730499.250  5.58%   3.0  820s
 2006840 1495990 758214.065  140   59 773704.535 730499.593  5.58%   3.0  825s
 2017720 1502696 762284.708  157   48 773704.535 730500.241  5.58%   3.0  830s
 2029323 1509249     cutoff  141      773704.535 730501.176  5.58%   3.0  835s
 2036444 1513627 735663.623  114   62 773704.535 730502.123  5.58%   3.0  840s
 2046879 1518806 771968.323  149   49 773704.535 730503.258  5.58%   3.0  845s
 2057559 1525512 763037.606  161   49 773704.535 730503.782  5.58%   3.0  850s
 2065119 1531364 759024.197  128   57 773704.535 730504.262  5.58%   3.0  855s
 2075439 1536835 767627.362  127   51 773704.535 730505.103  5.58%   3.0  860s
 2086325 1542961     cutoff  198      773704.535 730506.123  5.58%   3.0  865s
 2092919 1546750 766553.578  129   58 773704.535 730506.739  5.58%   3.0  870s
 2103236 1551592 765687.491  131   50 773704.535 730507.729  5.58%   3.0  875s
 2112752 1556557     cutoff  138      773704.535 730509.130  5.58%   3.0  880s
 2119799 1562491 745217.848  110   56 773704.535 730509.543  5.58%   3.0  885s
 2131067 1568213 769471.032  205   46 773704.535 730510.344  5.58%   3.1  890s
 2142179 1573158 749040.531  126   54 773704.535 730511.193  5.58%   3.1  895s
 2151267 1578575 770221.765  165   44 773704.535 730512.255  5.58%   3.1  900s
 2161711 1582935 735497.609   92   62 773704.535 730513.903  5.58%   3.1  905s
 2173217 1590671 734331.617   93   61 773704.535 730514.658  5.58%   3.1  910s
 2178276 1593441     cutoff  175      773704.535 730514.837  5.58%   3.1  915s
 2189322 1599642 748049.605  124   59 773704.535 730515.593  5.58%   3.1  920s
 2200439 1605094 746213.797   98   57 773704.535 730516.391  5.58%   3.1  925s
 2207295 1609039 772476.153  179   45 773704.535 730516.696  5.58%   3.1  930s
 2218576 1615273 769247.855  168   47 773704.535 730517.863  5.58%   3.1  935s
 2231214 1623488 760899.054  144   49 773704.535 730519.002  5.58%   3.1  940s
 2240598 1629288 755240.399  161   58 773704.535 730519.549  5.58%   3.1  945s
 2253568 1637671 773076.901  152   51 773704.535 730520.589  5.58%   3.1  950s
 2261119 1642540 770333.029  131   51 773704.535 730521.276  5.58%   3.1  955s
 2277084 1652293 773681.135  151   51 773704.535 730522.611  5.58%   3.1  960s
 2289758 1659260 739592.531  105   56 773704.535 730523.999  5.58%   3.1  965s
 2299494 1666517 755707.023  121   53 773704.535 730524.583  5.58%   3.1  970s
 2310025 1672332     cutoff  158      773704.535 730525.374  5.58%   3.1  975s
 2318709 1678207 765426.285  181   45 773704.535 730526.631  5.58%   3.1  980s
 2329633 1686287 772679.921  179   46 773704.535 730527.235  5.58%   3.1  985s
 2339603 1692233     cutoff  156      773704.535 730528.208  5.58%   3.1  990s
 2351199 1696686 759504.737  140   53 773704.535 730529.313  5.58%   3.1  995s
 2362478 1702311     cutoff  169      773704.535 730530.456  5.58%   3.1 1000s
H2364237 1703109                    773703.91452 730531.167  5.58%   3.1 1001s
 2372962 1707461     cutoff  148      773703.915 730531.684  5.58%   3.1 1005s
 2379510 1710452 765915.530  182   48 773703.915 730532.042  5.58%   3.1 1010s
 2390362 1715134 736890.338  108   62 773703.915 730533.288  5.58%   3.1 1015s
 2401559 1721464 768561.148  172   47 773703.915 730534.504  5.58%   3.1 1020s
 2408831 1724897 761636.165  144   55 773703.915 730535.792  5.58%   3.1 1025s
 2419910 1731165 739228.024  132   59 773703.915 730536.545  5.58%   3.1 1030s
 2429838 1736802 739159.717  113   60 773703.915 730537.659  5.58%   3.1 1035s
 2439109 1743038 743556.927  104   56 773703.915 730538.256  5.58%   3.1 1040s
 2450664 1749464     cutoff  193      773703.915 730538.797  5.58%   3.2 1045s
 2460469 1755205     cutoff  155      773703.915 730539.341  5.58%   3.2 1050s
 2469341 1758564 763268.461  166   47 773703.915 730540.056  5.58%   3.2 1055s
 2480817 1766028 756592.829  128   51 773703.915 730541.251  5.58%   3.2 1060s
H2480991 1766028                    773703.87735 730541.251  5.58%   3.2 1060s
 2491012 1770870 769073.927  142   47 773703.877 730542.269  5.58%   3.2 1065s
 2497913 1775557 766106.868  141   55 773703.877 730542.936  5.58%   3.2 1070s
 2508657 1780454 733050.483   97   63 773703.877 730544.186  5.58%   3.2 1075s
 2519850 1787545 773609.595  133   50 773703.877 730545.123  5.58%   3.2 1080s
 2527881 1792998 766159.815  155   48 773703.877 730545.666  5.58%   3.2 1085s
 2537949 1798046 741742.429   99   59 773703.877 730546.994  5.58%   3.2 1090s
 2548367 1802926     cutoff  149      773703.877 730548.079  5.58%   3.2 1096s
 2557141 1807578 766123.412  174   50 773703.877 730548.464  5.58%   3.2 1100s
 2568506 1814082 751176.322  106   59 773703.877 730549.745  5.58%   3.2 1105s
 2576143 1819843 767936.416  166   45 773703.877 730550.108  5.58%   3.2 1110s
 2587438 1824905     cutoff  185      773703.877 730551.330  5.58%   3.2 1115s
H2594869 1830768                    773703.77616 730551.658  5.58%   3.2 1118s
 2597097 1831846 769707.753  146   48 773703.776 730551.792  5.58%   3.2 1120s
 2605770 1836636 743279.059  112   58 773703.776 730552.461  5.58%   3.2 1125s
 2616982 1842097 768301.537  148   50 773703.776 730553.716  5.58%   3.2 1130s
 2626650 1847560 750709.892  124   51 773703.776 730554.752  5.58%   3.2 1135s
 2637285 1853378 737434.021  101   57 773703.776 730555.820  5.58%   3.2 1140s
 2648097 1861324 772179.904  164   46 773703.776 730556.686  5.58%   3.2 1145s
 2654188 1863618     cutoff  136      773703.776 730557.708  5.58%   3.2 1150s
 2665315 1868461 773380.490  160   51 773703.776 730558.743  5.58%   3.2 1155s
 2675417 1871988 741213.819   86   58 773703.776 730560.294  5.58%   3.2 1160s
 2684570 1877174 768576.255  163   48 773703.776 730560.857  5.58%   3.2 1166s
 2693143 1882633     cutoff  146      773703.776 730561.567  5.58%   3.2 1170s
 2703968 1888083 772776.216  166   50 773703.776 730562.712  5.58%   3.2 1175s
 2711359 1892321 746318.778  137   59 773703.776 730563.249  5.58%   3.2 1180s
H2720940 1896189                    773703.75751 730564.068  5.58%   3.2 1185s
 2732606 1900706 756479.790  148   52 773703.758 730564.885  5.58%   3.2 1190s
 2741693 1907983 773507.101  172   46 773703.758 730565.264  5.58%   3.2 1195s
 2753609 1914245 771045.484  135   46 773703.758 730566.022  5.58%   3.2 1200s
 2766809 1921598 738301.649   96   61 773703.758 730567.470  5.58%   3.2 1206s
 2774990 1927936 764600.307  163   50 773703.758 730567.742  5.58%   3.2 1210s
 2784939 1932009 761189.673  111   53 773703.758 730568.592  5.58%   3.2 1215s
 2794995 1936690     cutoff  141      773703.758 730569.846  5.57%   3.2 1221s
 2802699 1940568 748690.672  120   54 773703.758 730570.607  5.57%   3.2 1225s
 2813973 1945692 768969.468  170   45 773703.758 730571.938  5.57%   3.2 1230s
 2821379 1951423 742028.329   84   60 773703.758 730572.809  5.57%   3.3 1235s
 2831946 1956173     cutoff  138      773703.758 730573.720  5.57%   3.3 1240s
 2844190 1962780     cutoff  140      773703.758 730575.324  5.57%   3.3 1245s
H2846309 1964062                    773703.74220 730575.783  5.57%   3.3 1246s
H2846655 1964443                    773703.72690 730575.783  5.57%   3.3 1246s
H2846990 1964793                    773703.69630 730575.783  5.57%   3.3 1247s
 2849286 1966432 768063.196  178   45 773703.696 730575.783  5.57%   3.3 1250s
 2859575 1972101 737096.516   95   62 773703.696 730576.708  5.57%   3.3 1255s
 2871114 1978308 769725.164  160   47 773703.696 730577.620  5.57%   3.3 1260s
 2879678 1982984 769818.870  141   53 773703.696 730578.430  5.57%   3.3 1265s
 2890605 1989496     cutoff  150      773703.696 730579.591  5.57%   3.3 1270s
 2902439 1996507 762228.884  129   52 773703.696 730580.474  5.57%   3.3 1275s
 2910688 2002187     cutoff  155      773703.696 730580.855  5.57%   3.3 1280s
 2921784 2008577 742159.631  126   57 773703.696 730581.952  5.57%   3.3 1285s
 2928277 2012594 773301.145  196   44 773703.696 730582.411  5.57%   3.3 1290s
 2938007 2017035 771885.916  135   51 773703.696 730583.269  5.57%   3.3 1295s
 2949748 2023462 754626.936  139   50 773703.696 730583.930  5.57%   3.3 1300s
 2957230 2027951 768533.554  154   44 773703.696 730584.473  5.57%   3.3 1305s
 2970096 2034762 766984.181  160   47 773703.696 730585.970  5.57%   3.3 1310s
 2980175 2040117 745770.295  117   56 773703.696 730587.185  5.57%   3.3 1316s
 2988697 2044963 772336.794  154   49 773703.696 730587.737  5.57%   3.3 1320s
 2999265 2050773 772067.110  139   48 773703.696 730588.502  5.57%   3.3 1325s
 3006599 2055213 751353.803  123   56 773703.696 730589.053  5.57%   3.3 1330s
 3017028 2061343     cutoff  143      773703.696 730589.603  5.57%   3.3 1335s
 3027642 2065762 764269.376  186   48 773703.696 730590.389  5.57%   3.3 1340s
 3036204 2069983 769818.128  198   45 773703.696 730590.874  5.57%   3.3 1345s
 3046119 2075924 758842.183  160   55 773703.696 730591.911  5.57%   3.3 1350s
H3048095 2077072                    773691.97683 730591.911  5.57%   3.3 1351s
 3055621 2079690     cutoff  132      773691.977 730592.972  5.57%   3.3 1355s
 3064668 2085772 771865.299  180   53 773691.977 730593.498  5.57%   3.3 1360s
 3075509 2091375 735435.537   89   62 773691.977 730594.246  5.57%   3.3 1365s
 3087752 2099430 771557.528  200   43 773691.977 730594.753  5.57%   3.3 1371s
 3096058 2103642 771068.237  151   45 773691.977 730595.478  5.57%   3.3 1375s
 3107145 2110912 763409.671  113   54 773691.977 730596.047  5.57%   3.3 1380s
 3115168 2115403 770050.798  182   45 773691.977 730596.334  5.57%   3.3 1385s
 3126253 2120263 771440.588  145   47 773691.977 730597.164  5.57%   3.3 1390s
 3137878 2126915     cutoff  172      773691.977 730598.450  5.57%   3.3 1395s
 3145479 2130051 732300.503  115   62 773691.977 730599.223  5.57%   3.3 1400s
 3157457 2137401 772570.594  190   43 773691.977 730599.765  5.57%   3.3 1405s
 3169350 2144142 743593.644  121   58 773691.977 730600.862  5.57%   3.3 1410s
 3175856 2147797 771402.017  147   46 773691.977 730601.217  5.57%   3.3 1415s
 3188043 2154435 767199.044  138   47 773691.977 730602.540  5.57%   3.3 1420s
 3195795 2160234     cutoff  204      773691.977 730602.773  5.57%   3.3 1425s
 3207082 2167257 763326.917  165   48 773691.977 730603.672  5.57%   3.3 1430s
 3217450 2172900 736503.847   95   61 773691.977 730604.963  5.57%   3.3 1435s
 3226316 2178174 770250.315  146   55 773691.977 730605.606  5.57%   3.3 1440s
 3237196 2184516     cutoff  172      773691.977 730606.168  5.57%   3.3 1445s
 3247560 2188069     cutoff  134      773691.977 730607.661  5.57%   3.3 1450s
 3255015 2193844     cutoff  157      773691.977 730607.951  5.57%   3.3 1455s
 3265581 2198226 772448.110  154   46 773691.977 730608.878  5.57%   3.3 1460s
 3273590 2204828 755424.083   98   53 773691.977 730609.258  5.57%   3.3 1465s
 3286460 2213103 738372.288  113   60 773691.977 730610.557  5.57%   3.3 1470s
 3297196 2220943 760837.286  158   49 773691.977 730611.207  5.57%   3.3 1475s
 3308004 2226443     cutoff  154      773691.977 730612.113  5.57%   3.3 1480s
 3315858 2230762 746715.844  125   55 773691.977 730612.606  5.57%   3.3 1485s
 3326483 2236945     cutoff  134      773691.977 730613.617  5.57%   3.3 1490s
 3337587 2242951 772807.109  154   46 773691.977 730614.903  5.57%   3.3 1495s
 3345520 2247915 772124.084  133   50 773691.977 730615.327  5.57%   3.3 1500s
 3357639 2252962 736826.914  111   60 773691.977 730616.359  5.57%   3.3 1505s
 3367776 2258563 752120.809  113   56 773691.977 730617.027  5.57%   3.3 1510s
 3375031 2262625     cutoff  119      773691.977 730617.449  5.57%   3.3 1515s
 3385383 2267452 772224.845  130   52 773691.977 730618.327  5.57%   3.3 1520s
 3396015 2272733 768452.533  136   51 773691.977 730619.342  5.57%   3.4 1525s
 3404135 2276160 772069.164  132   48 773691.977 730620.198  5.57%   3.4 1530s
 3415271 2282619     cutoff  124      773691.977 730620.995  5.57%   3.4 1535s
 3425269 2288444 755311.696  132   51 773691.977 730621.675  5.57%   3.4 1541s
 3433701 2291251     cutoff  208      773691.977 730622.748  5.57%   3.4 1545s
 3444709 2297236 762847.830  128   54 773691.977 730623.220  5.57%   3.4 1550s
 3454637 2303031 758678.571  144   55 773691.977 730624.023  5.57%   3.4 1556s
 3461844 2306788     cutoff  152      773691.977 730624.611  5.57%   3.4 1560s
 3474327 2313139     cutoff  167      773691.977 730625.766  5.57%   3.4 1565s
 3482987 2318067 742966.381  117   56 773691.977 730626.131  5.57%   3.4 1571s
 3490742 2320917 739372.531  115   64 773691.977 730626.795  5.57%   3.4 1575s
 3501210 2326639 772757.357  177   52 773691.977 730627.648  5.57%   3.4 1580s
 3509009 2332507 770509.194  141   43 773691.977 730627.857  5.57%   3.4 1585s
 3520889 2338992 768342.726  171   44 773691.977 730628.749  5.57%   3.4 1590s
 3532019 2346248     cutoff  149      773691.977 730629.309  5.57%   3.4 1595s
 3541126 2351504     cutoff  153      773691.977 730630.082  5.57%   3.4 1600s
 3551932 2356865     cutoff  185      773691.977 730630.546  5.57%   3.4 1605s
 3559973 2361482 753790.623  128   58 773691.977 730631.701  5.57%   3.4 1610s
 3571623 2366995     cutoff  144      773691.977 730632.493  5.57%   3.4 1615s
 3582912 2374478     cutoff  145      773691.977 730633.386  5.57%   3.4 1620s
 3589736 2378585     cutoff  170      773691.977 730633.897  5.57%   3.4 1625s
 3602056 2387046 767561.253  169   45 773691.977 730634.532  5.57%   3.4 1630s
 3609987 2389696     cutoff  111      773691.977 730635.349  5.57%   3.4 1635s
 3622014 2399067 770130.771  176   45 773691.977 730635.948  5.57%   3.4 1640s
 3632534 2403792 756906.292  107   56 773691.977 730637.407  5.56%   3.4 1645s
 3639148 2408008 766131.607  186   47 773691.977 730637.731  5.56%   3.4 1650s
 3649454 2414199 734166.503   81   64 773691.977 730638.535  5.56%   3.4 1655s
 3658625 2419295 755511.916  161   51 773691.977 730638.943  5.56%   3.4 1661s
 3666983 2424327 770778.384  136   52 773691.977 730639.359  5.56%   3.4 1665s
 3677733 2429824     cutoff  126      773691.977 730640.229  5.56%   3.4 1670s
 3685035 2434978 765834.420  178   45 773691.977 730640.743  5.56%   3.4 1675s
 3695275 2441018 772290.095  137   48 773691.977 730641.498  5.56%   3.4 1680s
 3706078 2446552 773439.138  179   47 773691.977 730642.403  5.56%   3.4 1685s
 3713990 2450144 771824.466  140   46 773691.977 730642.839  5.56%   3.4 1690s
 3726491 2456001 751897.428  132   53 773691.977 730644.130  5.56%   3.4 1695s
 3737389 2461862 754371.274  131   54 773691.977 730644.730  5.56%   3.4 1700s
 3742785 2463681 739818.759   98   62 773691.977 730645.153  5.56%   3.4 1705s
 3752906 2467245 767298.417  134   52 773691.977 730645.945  5.56%   3.4 1710s
 3763860 2473145 772255.366  140   54 773691.977 730647.098  5.56%   3.4 1715s
 3771637 2478407 755476.110  149   54 773691.977 730647.648  5.56%   3.4 1720s
 3782458 2484349 740230.576  120   60 773691.977 730648.429  5.56%   3.4 1725s
 3793288 2489420 773272.295  137   50 773691.977 730648.935  5.56%   3.4 1730s
 3801196 2494266 758073.418  152   52 773691.977 730649.558  5.56%   3.4 1735s
 3812512 2500421 753031.543  106   53 773691.977 730650.496  5.56%   3.4 1740s
 3822744 2507220 750203.375  137   54 773691.977 730651.112  5.56%   3.4 1745s
 3832894 2512768 739603.905  105   61 773691.977 730651.858  5.56%   3.4 1750s
 3842453 2517014 748158.525  111   55 773691.977 730652.293  5.56%   3.4 1755s
 3849384 2520656 771725.693  155   48 773691.977 730652.874  5.56%   3.4 1760s
 3859592 2525914 737694.670   89   62 773691.977 730653.524  5.56%   3.4 1765s
 3870325 2531814     cutoff  116      773691.977 730653.889  5.56%   3.4 1770s
 3876733 2535444 772676.378  138   49 773691.977 730654.264  5.56%   3.5 1775s
 3887295 2540557 763986.630  128   53 773691.977 730654.896  5.56%   3.5 1780s
 3898503 2548333 772245.933  159   48 773691.977 730655.684  5.56%   3.5 1785s
 3907953 2553484 773638.716  133   52 773691.977 730656.383  5.56%   3.5 1790s
 3919724 2561648     cutoff  125      773691.977 730657.119  5.56%   3.5 1795s
 3931362 2567301 761536.961  143   49 773691.977 730657.741  5.56%   3.5 1800s
 3946133 2575573 741359.636  111   59 773691.977 730658.985  5.56%   3.5 1805s
 3954396 2579861 735409.584   99   60 773691.977 730659.774  5.56%   3.5 1810s
 3966287 2587349 772869.188  181   46 773691.977 730660.037  5.56%   3.5 1815s
 3976881 2594159     cutoff  123      773691.977 730660.941  5.56%   3.5 1820s
 3988761 2601445     cutoff  144      773691.977 730661.405  5.56%   3.5 1825s
 3996030 2605129     cutoff  153      773691.977 730662.256  5.56%   3.5 1830s
 4005555 2610513     cutoff  134      773691.977 730662.831  5.56%   3.5 1835s
 4016318 2616163 769777.328  157   45 773691.977 730663.566  5.56%   3.5 1841s
 4025618 2620761 773179.254  187   46 773691.977 730664.507  5.56%   3.5 1845s
 4040658 2628009 773268.692  173   49 773691.977 730665.412  5.56%   3.5 1850s
 4051546 2632549 757224.382  137   51 773691.977 730666.921  5.56%   3.5 1855s
 4061779 2637373 762789.547  165   47 773691.977 730668.207  5.56%   3.5 1860s
 4072872 2642833 747232.479  113   57 773691.977 730668.935  5.56%   3.5 1865s
 4079894 2647187 758130.038  151   51 773691.977 730669.298  5.56%   3.5 1870s
 4091136 2654628     cutoff  158      773691.977 730670.006  5.56%   3.5 1875s
 4098585 2658418 737363.230   89   61 773691.977 730670.787  5.56%   3.5 1880s
 4109585 2665077 747251.426  127   57 773691.977 730671.592  5.56%   3.5 1885s
 4119543 2671111     cutoff  227      773691.977 730672.202  5.56%   3.5 1890s
 4130790 2677491 763374.604  118   55 773691.977 730672.855  5.56%   3.5 1895s
 4141868 2685083 765993.926  185   47 773691.977 730673.543  5.56%   3.5 1901s
 4150929 2689098 770401.412  147   47 773691.977 730674.066  5.56%   3.5 1905s
 4160535 2692924 769575.316  183   44 773691.977 730674.916  5.56%   3.5 1910s
 4170900 2698069 772492.510  144   48 773691.977 730675.493  5.56%   3.5 1916s
 4178590 2703244     cutoff  145      773691.977 730676.082  5.56%   3.5 1920s
 4190900 2711157 758898.453  148   50 773691.977 730676.691  5.56%   3.5 1925s
 4199166 2715633 767223.850  151   49 773691.977 730677.188  5.56%   3.5 1930s
 4211659 2723223 752941.320  115   59 773691.977 730678.115  5.56%   3.5 1935s
 4219755 2728998 771643.649  168   47 773691.977 730678.435  5.56%   3.5 1940s
 4229877 2732741 765364.473  175   49 773691.977 730679.232  5.56%   3.5 1945s
 4241224 2738197     cutoff  137      773691.977 730680.185  5.56%   3.5 1950s
 4249182 2742589     cutoff  127      773691.977 730680.815  5.56%   3.5 1955s
 4259437 2749274     cutoff  128      773691.977 730681.382  5.56%   3.5 1960s
 4265345 2752204 741862.636   88   61 773691.977 730681.793  5.56%   3.5 1965s
 4275940 2758000 750292.275   94   59 773691.977 730682.493  5.56%   3.5 1970s
 4286409 2763738     cutoff  148      773691.977 730683.416  5.56%   3.5 1975s
 4294990 2768579 748274.928   99   60 773691.977 730683.865  5.56%   3.5 1980s
 4311235 2778341 769761.159  168   48 773691.977 730684.960  5.56%   3.5 1986s
 4317789 2780211 773327.566  129   47 773691.977 730685.634  5.56%   3.5 1990s
 4329934 2788569 772955.222  154   50 773691.977 730686.179  5.56%   3.5 1995s
 4338230 2792962     cutoff  137      773691.977 730686.852  5.56%   3.5 2000s
 4349764 2801268 762500.099  165   52 773691.977 730687.383  5.56%   3.5 2005s
 4358582 2806171     cutoff  157      773691.977 730688.115  5.56%   3.5 2010s
 4370826 2811748 738424.389   99   58 773691.977 730688.827  5.56%   3.5 2015s
 4381146 2817705     cutoff  178      773691.977 730689.283  5.56%   3.5 2020s
 4388113 2820957 772967.555  156   54 773691.977 730690.015  5.56%   3.5 2025s
 4399422 2827599 771239.448  154   43 773691.977 730690.792  5.56%   3.5 2030s
 4408399 2833539 744294.467  110   58 773691.977 730691.213  5.56%   3.5 2035s
H4409438 2834312                    773691.95079 730691.213  5.56%   3.5 2036s
H4409575 2834314                    773691.50670 730691.213  5.56%   3.5 2036s
 4415680 2837760     cutoff  202      773691.507 730691.560  5.56%   3.5 2040s
 4426623 2844151 733858.762   78   62 773691.507 730692.489  5.56%   3.5 2045s
 4433855 2847748 770901.089  190   42 773691.507 730693.101  5.56%   3.5 2050s
 4443968 2853350     cutoff  151      773691.507 730694.018  5.56%   3.5 2055s
 4454454 2858695     cutoff  139      773691.507 730694.934  5.56%   3.5 2060s
H4457091 2860103                    773691.24990 730695.033  5.56%   3.5 2063s
H4457189 2860114                    773690.89672 730695.033  5.56%   3.5 2063s
 4459264 2861524 773092.136  171   46 773690.897 730695.033  5.56%   3.5 2065s
 4469931 2866817 757644.544  150   56 773690.897 730695.780  5.56%   3.5 2070s
 4480395 2872272 770483.261  141   54 773690.897 730696.792  5.56%   3.5 2075s
 4488432 2877757 766010.642  169   50 773690.897 730697.197  5.56%   3.5 2080s
H4492980 2879749                    773690.68366 730697.542  5.56%   3.5 2082s
H4493153 2879977                    773690.43747 730697.542  5.56%   3.5 2083s
 4497346 2881720 759503.878  115   59 773690.437 730697.871  5.56%   3.5 2085s
 4507908 2885611 751315.116  140   56 773690.437 730698.881  5.56%   3.5 2090s
 4517945 2891374 735440.658   97   63 773690.437 730699.759  5.56%   3.6 2095s
 4533853 2900780 744862.830  116   57 773690.437 730700.468  5.56%   3.6 2101s
 4542479 2906973 769473.900  111   55 773690.437 730700.768  5.56%   3.6 2105s
 4552750 2911691     cutoff  112      773690.437 730701.595  5.56%   3.6 2110s
 4562790 2918583 744586.513  104   58 773690.437 730702.290  5.56%   3.6 2115s
 4574990 2926546     cutoff  130      773690.437 730702.968  5.56%   3.6 2120s
 4582542 2930581 772534.435  165   50 773690.437 730703.549  5.56%   3.6 2125s
 4592998 2936428 741643.310   84   60 773690.437 730704.341  5.56%   3.6 2130s
 4602109 2939719 739936.471  111   57 773690.437 730705.201  5.56%   3.6 2135s
 4609227 2942686 770824.052  128   49 773690.437 730706.132  5.56%   3.6 2140s
 4619677 2948953 734687.584   89   64 773690.437 730706.988  5.56%   3.6 2145s
 4629308 2954572     cutoff  142      773690.437 730707.912  5.56%   3.6 2151s
 4636678 2958814 758568.604  156   51 773690.437 730708.045  5.56%   3.6 2155s
 4647685 2964851 771694.164  128   47 773690.437 730708.961  5.56%   3.6 2160s
 4655868 2968834 748296.826  129   56 773690.437 730709.419  5.56%   3.6 2165s
 4667021 2973109     cutoff  149      773690.437 730710.652  5.56%   3.6 2170s
 4677292 2981143 769370.901  170   45 773690.437 730711.154  5.56%   3.6 2175s
 4686906 2984912     cutoff  150      773690.437 730711.925  5.56%   3.6 2180s
 4697461 2991314 763471.520  121   53 773690.437 730712.494  5.55%   3.6 2185s
 4707008 2997357 768152.775  160   48 773690.437 730713.166  5.55%   3.6 2190s
 4716386 3001581 773260.560  138   53 773690.437 730713.743  5.55%   3.6 2195s
 4727622 3007125 746292.243  127   63 773690.437 730715.053  5.55%   3.6 2200s
 4735357 3010095 745444.587   83   58 773690.437 730715.966  5.55%   3.6 2205s
H4735394 3010095                    773688.98831 730715.966  5.55%   3.6 2205s
H4736420 3010909                    773688.98110 730715.966  5.55%   3.6 2206s
H4736852 3011380                    773688.96891 730715.966  5.55%   3.6 2207s
H4739987 3012475                    773688.92646 730716.192  5.55%   3.6 2209s
 4741648 3014453 754431.565  139   53 773688.926 730716.192  5.55%   3.6 2210s
H4748505 3018283                    773688.88400 730716.379  5.55%   3.6 2213s
 4752101 3020714 765270.962  157   43 773688.884 730716.513  5.55%   3.6 2215s
H4757487 3022196                    773688.84155 730717.357  5.55%   3.6 2219s
 4758635 3022295     cutoff  155      773688.842 730717.378  5.55%   3.6 2220s
 4769440 3026988     cutoff  141      773688.842 730718.295  5.55%   3.6 2225s
 4779490 3029494 771744.389  157   50 773688.842 730719.351  5.55%   3.6 2230s
 4790763 3033992 735222.498  101   61 773688.842 730720.111  5.55%   3.6 2235s
 4798262 3038499 772723.750  176   50 773688.842 730720.391  5.55%   3.6 2240s
 4808291 3044231 765621.487  149   49 773688.842 730720.689  5.55%   3.6 2245s
 4816295 3050047     cutoff  154      773688.842 730721.048  5.55%   3.6 2250s
 4825949 3051797 770906.418  178   49 773688.842 730722.441  5.55%   3.6 2255s
 4836178 3055885 768069.279  172   49 773688.842 730723.106  5.55%   3.6 2260s
H4840450 3057959                    773688.67173 730723.675  5.55%   3.6 2262s
 4844040 3059349     cutoff  148      773688.672 730724.041  5.55%   3.6 2265s
 4852043 3064699     cutoff  143      773688.672 730724.410  5.55%   3.6 2270s
 4863028 3070992 768393.277  144   51 773688.672 730725.138  5.55%   3.6 2275s
 4872653 3076876     cutoff  139      773688.672 730725.688  5.55%   3.6 2280s
 4880850 3081440     cutoff  139      773688.672 730726.015  5.55%   3.6 2285s
 4892186 3088663     cutoff  141      773688.672 730726.720  5.55%   3.6 2290s
 4900749 3095251 758334.953  136   50 773688.672 730727.121  5.55%   3.6 2295s
 4910484 3100579 773193.400  198   46 773688.672 730727.536  5.55%   3.6 2300s
 4917470 3103734     cutoff  159      773688.672 730727.880  5.55%   3.6 2305s
 4928270 3109194 760157.845  150   52 773688.672 730728.166  5.55%   3.6 2310s
 4939138 3114947     cutoff  135      773688.672 730728.690  5.55%   3.6 2315s
 4946328 3119947 772909.405  121   51 773688.672 730729.160  5.55%   3.6 2320s
 4956883 3125930 741422.265  102   63 773688.672 730730.437  5.55%   3.6 2325s
 4964577 3129673 769486.864  153   45 773688.672 730730.791  5.55%   3.6 2330s
 4974169 3133640     cutoff  195      773688.672 730731.664  5.55%   3.6 2335s
 4984600 3141032 766000.187  157   48 773688.672 730732.134  5.55%   3.6 2340s
 4991523 3144197 755342.745  138   52 773688.672 730732.343  5.55%   3.6 2345s
 5001329 3149028 771280.108  128   49 773688.672 730733.327  5.55%   3.6 2350s
 5013884 3154655 750895.722  119   53 773688.672 730734.897  5.55%   3.6 2355s
 5021143 3159412 755297.802  135   48 773688.672 730735.634  5.55%   3.6 2360s
 5031623 3164232     cutoff  204      773688.672 730736.375  5.55%   3.6 2365s
 5040826 3169647 757193.396  121   57 773688.672 730736.752  5.55%   3.6 2370s
 5048580 3173711     cutoff  164      773688.672 730737.479  5.55%   3.6 2375s
 5059329 3180538 740581.951  106   60 773688.672 730738.154  5.55%   3.6 2380s
 5067260 3185922 740914.260  117   59 773688.672 730738.518  5.55%   3.6 2385s
 5077818 3191786 748110.634  132   56 773688.672 730739.443  5.55%   3.6 2390s
 5086053 3196645 769405.187  122   51 773688.672 730740.095  5.55%   3.6 2395s
 5096547 3201328     cutoff  128      773688.672 730741.098  5.55%   3.6 2400s
 5108562 3208340     cutoff  142      773688.672 730741.612  5.55%   3.6 2406s
 5116660 3212224     cutoff  180      773688.672 730742.546  5.55%   3.6 2410s
 5126640 3218347 763647.192  114   51 773688.672 730743.123  5.55%   3.6 2415s
 5135717 3223542 740314.999  111   57 773688.672 730743.993  5.55%   3.6 2420s
 5147264 3230761 767185.620  147   57 773688.672 730744.376  5.55%   3.6 2425s
 5156079 3234555     cutoff  120      773688.672 730745.336  5.55%   3.6 2430s
 5164039 3238489 772185.066  140   49 773688.672 730745.863  5.55%   3.6 2435s
 5174554 3242962 769524.447  140   48 773688.672 730746.679  5.55%   3.6 2440s
 5183208 3248388 747918.163  125   54 773688.672 730747.196  5.55%   3.6 2445s
 5192297 3253127 772402.065  137   49 773688.672 730747.702  5.55%   3.6 2450s
 5202094 3257895 759530.300  153   56 773688.672 730748.226  5.55%   3.6 2455s
 5209851 3261184     cutoff  156      773688.672 730748.810  5.55%   3.6 2460s
 5220643 3267755 770669.189  136   48 773688.672 730749.329  5.55%   3.6 2465s
 5231196 3274054     cutoff  149      773688.672 730749.948  5.55%   3.6 2470s
 5239704 3278251 736309.707   93   62 773688.672 730750.733  5.55%   3.6 2475s
 5250384 3285365 770109.492  173   45 773688.672 730751.286  5.55%   3.6 2480s
 5258275 3290831     cutoff  172      773688.672 730751.690  5.55%   3.6 2485s
 5268769 3295698 744658.368  115   55 773688.672 730752.248  5.55%   3.6 2490s
 5277695 3300550     cutoff  156      773688.672 730752.747  5.55%   3.6 2495s
 5287489 3304614     cutoff  199      773688.672 730753.564  5.55%   3.6 2500s
 5298531 3311073 764396.791  153   48 773688.672 730753.889  5.55%   3.6 2505s
 5304530 3314125     cutoff  157      773688.672 730754.516  5.55%   3.6 2510s
 5315442 3320136 771444.004  132   51 773688.672 730755.104  5.55%   3.6 2515s
 5325483 3324310 765486.232  161   48 773688.672 730755.823  5.55%   3.6 2520s
 5334185 3327314 771698.974  134   50 773688.672 730756.706  5.55%   3.6 2525s
 5344695 3331538 772396.396  164   45 773688.672 730757.345  5.55%   3.6 2530s
 5355143 3336930 742765.161  127   59 773688.672 730758.026  5.55%   3.6 2535s
 5363017 3342520     cutoff  149      773688.672 730758.408  5.55%   3.6 2540s
 5373963 3348939     cutoff  129      773688.672 730759.058  5.55%   3.6 2545s
 5382698 3355252 762965.724  151   53 773688.672 730759.357  5.55%   3.6 2550s
 5392803 3360484     cutoff  148      773688.672 730759.892  5.55%   3.6 2555s
 5404386 3367496 763765.916  163   50 773688.672 730760.211  5.55%   3.6 2560s
 5415676 3373635 768396.229  144   50 773688.672 730761.239  5.55%   3.6 2565s
 5424238 3379135 771053.588  128   49 773688.672 730762.302  5.55%   3.6 2570s
 5435574 3385415 771305.075  199   42 773688.672 730762.646  5.55%   3.6 2575s
 5446198 3390996 767515.812  168   43 773688.672 730763.351  5.55%   3.6 2580s
 5452866 3393220     cutoff  136      773688.672 730764.236  5.55%   3.6 2585s
 5464795 3399596 770632.491  115   51 773688.672 730765.019  5.55%   3.6 2590s
 5473146 3404975 773008.141  134   51 773688.672 730765.912  5.55%   3.6 2595s
 5483135 3410961 750320.663   95   59 773688.672 730766.265  5.55%   3.6 2600s
 5493364 3416314 768860.024  116   52 773688.672 730767.130  5.55%   3.6 2605s
 5500496 3419036     cutoff  144      773688.672 730767.674  5.55%   3.6 2610s
 5511248 3425219 763090.760  150   51 773688.672 730768.129  5.55%   3.6 2615s
 5521410 3429406     cutoff  133      773688.672 730768.872  5.55%   3.6 2620s
 5528865 3432919 769790.926  120   50 773688.672 730769.295  5.55%   3.6 2625s
 5539958 3440250 756627.336  154   51 773688.672 730770.034  5.55%   3.7 2630s
 5547951 3443910 766160.005  131   53 773688.672 730770.436  5.55%   3.7 2635s
 5558441 3448695 759112.941  149   54 773688.672 730771.106  5.55%   3.7 2640s
 5569616 3455421 769352.299  173   46 773688.672 730771.707  5.55%   3.7 2645s
 5577098 3459271     cutoff  132      773688.672 730772.196  5.55%   3.7 2650s
 5587221 3465779 767274.588  171   47 773688.672 730772.660  5.55%   3.7 2655s
 5595828 3469359     cutoff  138      773688.672 730773.172  5.55%   3.7 2660s
 5610137 3477784 745699.166  130   57 773688.672 730773.900  5.55%   3.7 2665s
 5621291 3483511 765678.334  143   48 773688.672 730774.742  5.55%   3.7 2670s
 5631745 3487631     cutoff  149      773688.672 730775.831  5.55%   3.7 2675s
 5643110 3494224     cutoff  137      773688.672 730776.492  5.55%   3.7 2680s
 5650992 3499078 756828.871  159   51 773688.672 730776.750  5.55%   3.7 2685s
 5661861 3504339     cutoff  141      773688.672 730777.588  5.55%   3.7 2690s
 5671405 3511123 743071.878  122   56 773688.672 730777.824  5.55%   3.7 2695s
 5682266 3516725     cutoff  172      773688.672 730778.665  5.55%   3.7 2700s
 5692546 3521635 742438.285  100   63 773688.672 730779.508  5.55%   3.7 2705s
 5701887 3526545     cutoff  121      773688.672 730780.117  5.55%   3.7 2710s
 5711983 3530259 756760.606  141   52 773688.672 730781.362  5.55%   3.7 2715s
 5720653 3535407     cutoff  148      773688.672 730781.979  5.55%   3.7 2721s
 5729042 3539419 772848.635  146   46 773688.672 730782.395  5.55%   3.7 2725s
 5739522 3545813 756242.892  144   53 773688.672 730783.029  5.55%   3.7 2730s
 5746716 3549732 771764.086  152   46 773688.672 730783.464  5.55%   3.7 2735s
 5757601 3557265     cutoff  129      773688.672 730783.995  5.55%   3.7 2740s
 5764690 3561403 773180.760  204   47 773688.672 730784.300  5.55%   3.7 2745s
 5776170 3566989     cutoff  162      773688.672 730785.406  5.55%   3.7 2750s
 5786596 3574012 734963.924  112   63 773688.672 730785.841  5.55%   3.7 2755s
 5797198 3579903 767066.893  158   47 773688.672 730786.228  5.55%   3.7 2760s
 5808074 3585570 769170.267  133   51 773688.672 730787.152  5.55%   3.7 2765s
 5815881 3589876     cutoff  143      773688.672 730787.500  5.55%   3.7 2770s
 5827253 3596773 773359.556  165   45 773688.672 730787.897  5.54%   3.7 2775s
 5836732 3602586 754646.174  141   53 773688.672 730788.288  5.54%   3.7 2780s
 5847561 3608060 731519.178   77   62 773688.672 730788.870  5.54%   3.7 2785s
 5855435 3613140 759909.155  152   46 773688.672 730789.254  5.54%   3.7 2790s
 5864483 3616644 772848.972  144   53 773688.672 730790.123  5.54%   3.7 2795s
 5874751 3622778 771499.303  120   49 773688.672 730790.709  5.54%   3.7 2800s
 5881913 3626826 748269.148   96   59 773688.672 730791.108  5.54%   3.7 2805s
 5892079 3630987 773070.221  144   48 773688.672 730791.944  5.54%   3.7 2810s
 5902260 3635333     cutoff  152      773688.672 730793.135  5.54%   3.7 2815s
 5909918 3639430 757891.464  127   55 773688.672 730793.717  5.54%   3.7 2820s
 5919880 3645264 744351.024  104   59 773688.672 730794.475  5.54%   3.7 2825s
 5928449 3651219 739197.066  119   60 773688.672 730794.983  5.54%   3.7 2830s
 5938723 3657305 763521.130  143   51 773688.672 730795.438  5.54%   3.7 2835s
 5949820 3663766 748020.503  131   55 773688.672 730796.190  5.54%   3.7 2840s
 5957687 3668899 742454.699  124   56 773688.672 730796.461  5.54%   3.7 2845s
 5968050 3674064 772259.088  179   49 773688.672 730796.927  5.54%   3.7 2850s
 5975006 3678333     cutoff  166      773688.672 730797.153  5.54%   3.7 2855s
 5985111 3683150 771754.686  149   50 773688.672 730797.788  5.54%   3.7 2860s
 5995121 3689427 771981.219  195   46 773688.672 730798.917  5.54%   3.7 2865s
 6002209 3694526 768593.915  175   45 773688.672 730799.259  5.54%   3.7 2870s
 6012765 3699745     cutoff  197      773688.672 730799.949  5.54%   3.7 2875s
 6019812 3703590 758712.580  130   50 773688.672 730800.273  5.54%   3.7 2880s
 6029582 3708768 770257.737  129   50 773688.672 730800.911  5.54%   3.7 2885s
 6040308 3714972 763415.320  153   49 773688.672 730801.364  5.54%   3.7 2890s
 6048129 3718972     cutoff  162      773688.672 730802.261  5.54%   3.7 2895s
 6059364 3726149 773313.129  134   45 773688.672 730802.894  5.54%   3.7 2900s
 6066487 3729351     cutoff  149      773688.672 730803.585  5.54%   3.7 2905s
 6077004 3735869 737248.331  101   60 773688.672 730804.227  5.54%   3.7 2910s
 6084855 3740675 749353.586  124   57 773688.672 730804.455  5.54%   3.7 2915s
 6093762 3745873     cutoff  137      773688.672 730805.428  5.54%   3.7 2920s
 6104949 3752314 757523.963  146   52 773688.672 730805.941  5.54%   3.7 2925s
 6111746 3754239     cutoff  155      773688.672 730806.817  5.54%   3.7 2930s
 6121947 3760852 737596.708   98   60 773688.672 730807.243  5.54%   3.7 2935s
 6131438 3766802 757260.099  127   54 773688.672 730807.847  5.54%   3.7 2940s
 6140665 3772882     cutoff  139      773688.672 730808.603  5.54%   3.7 2945s
 6151308 3778379 772043.954  124   55 773688.672 730809.338  5.54%   3.7 2950s
 6158792 3781452     cutoff  137      773688.672 730809.675  5.54%   3.7 2955s
 6168749 3785729     cutoff  156      773688.672 730810.621  5.54%   3.7 2960s
 6179139 3790953     cutoff  162      773688.672 730811.305  5.54%   3.7 2965s
 6186321 3793041 769336.420  137   49 773688.672 730812.085  5.54%   3.7 2970s
 6197242 3798739     cutoff  149      773688.672 730812.872  5.54%   3.7 2975s
 6207781 3806399 752173.550  131   57 773688.672 730813.346  5.54%   3.7 2981s
 6215825 3810469 768614.847  119   54 773688.672 730813.843  5.54%   3.7 2985s
 6225971 3816415 773679.658  158   46 773688.672 730814.443  5.54%   3.7 2990s
 6234080 3821450     cutoff  186      773688.672 730815.117  5.54%   3.7 2995s
 6244797 3828013 770082.057  175   48 773688.672 730815.684  5.54%   3.7 3000s
 6252130 3831074     cutoff  162      773688.672 730816.147  5.54%   3.7 3005s
 6263213 3837043     cutoff  138      773688.672 730817.273  5.54%   3.7 3010s
 6273973 3843523     cutoff  135      773688.672 730817.973  5.54%   3.7 3016s
 6282210 3849422 770681.414  164   47 773688.672 730818.572  5.54%   3.7 3020s
 6291736 3856122 773275.792  182   44 773688.672 730818.814  5.54%   3.7 3025s
 6303717 3861668     cutoff  172      773688.672 730820.143  5.54%   3.7 3030s
 6317207 3867347     cutoff  154      773688.672 730821.063  5.54%   3.7 3035s
 6326041 3871581 735962.387   93   63 773688.672 730821.663  5.54%   3.7 3040s
 6336404 3876867 766683.551  170   43 773688.672 730822.196  5.54%   3.7 3045s
 6346196 3882083 773332.122  163   51 773688.672 730823.126  5.54%   3.7 3051s
 6354023 3886051 771383.591  171   47 773688.672 730823.616  5.54%   3.7 3055s
 6363359 3889518 769200.393  133   54 773688.672 730824.663  5.54%   3.7 3060s
 6371575 3894065 770878.858  166   45 773688.672 730824.826  5.54%   3.7 3065s
 6380595 3899013 739759.466  108   61 773688.672 730826.132  5.54%   3.7 3070s
 6389759 3902247 772776.785  147   47 773688.672 730826.999  5.54%   3.7 3075s
 6400152 3908095 752760.147  124   53 773688.672 730827.272  5.54%   3.7 3081s
 6408470 3914499 762358.086  154   50 773688.672 730827.835  5.54%   3.7 3085s
 6418247 3920729 761769.350  158   50 773688.672 730828.248  5.54%   3.7 3091s
 6424420 3922287 770820.093  149   56 773688.672 730828.643  5.54%   3.7 3095s
 6435694 3927466     cutoff  155      773688.672 730829.122  5.54%   3.7 3100s
 6446233 3932400 759035.503  155   47 773688.672 730829.713  5.54%   3.7 3105s
 6453442 3936604 759143.528  161   50 773688.672 730830.187  5.54%   3.7 3110s
 6462856 3942189 770882.180  131   54 773688.672 730831.115  5.54%   3.7 3115s
 6471372 3946784 762196.480  153   48 773688.672 730831.522  5.54%   3.7 3120s
 6482185 3951189 766312.270  174   45 773688.672 730832.051  5.54%   3.7 3125s
 6493925 3958719 741597.504  103   60 773688.672 730832.918  5.54%   3.7 3131s
 6502229 3964786 758171.548  147   51 773688.672 730833.439  5.54%   3.7 3135s
 6511887 3970276 772890.080  151   47 773688.672 730833.881  5.54%   3.7 3140s
 6519182 3974679 744401.605  116   56 773688.672 730834.321  5.54%   3.7 3145s
 6529868 3979446 761658.872  159   50 773688.672 730835.295  5.54%   3.7 3150s
 6539763 3984966 753279.215  131   53 773688.672 730835.914  5.54%   3.7 3155s
 6549568 3990054 769496.028  138   52 773688.672 730836.661  5.54%   3.7 3160s
 6560972 3995757 760622.049  164   50 773688.672 730837.233  5.54%   3.7 3165s
 6568472 3999324 767488.027  136   55 773688.672 730837.801  5.54%   3.7 3170s
 6578831 4005346     cutoff  139      773688.672 730838.609  5.54%   3.7 3175s
 6587127 4010616 770592.828  129   48 773688.672 730838.991  5.54%   3.7 3180s
 6597794 4015377 759847.797  122   56 773688.672 730840.131  5.54%   3.7 3185s
 6607464 4019394 767853.641  127   53 773688.672 730841.124  5.54%   3.7 3190s
 6615882 4025014     cutoff  242      773688.672 730841.810  5.54%   3.7 3195s
 6627979 4032588 770951.402  149   45 773688.672 730842.437  5.54%   3.7 3200s
 6634783 4035092     cutoff  130      773688.672 730842.820  5.54%   3.7 3205s
 6645195 4039923 772784.368  176   42 773688.672 730843.388  5.54%   3.7 3210s
 6655924 4045328 770270.707  130   51 773688.672 730844.216  5.54%   3.7 3215s
 6663705 4048717     cutoff  149      773688.672 730844.487  5.54%   3.7 3220s
 6673486 4054469 749976.598  140   55 773688.672 730845.129  5.54%   3.7 3225s
 6683141 4060201 766936.324  155   43 773688.672 730845.617  5.54%   3.7 3230s
 6691760 4064262 772554.714  124   50 773688.672 730846.333  5.54%   3.7 3235s
 6703387 4071212 766846.927  167   51 773688.672 730847.015  5.54%   3.7 3240s
 6711441 4075525 773119.865  136   47 773688.672 730847.292  5.54%   3.7 3245s
 6721540 4079708 753303.065  109   58 773688.672 730848.244  5.54%   3.7 3250s
 6733358 4086790 761658.218  145   51 773688.672 730848.782  5.54%   3.7 3255s
 6740793 4088619     cutoff  145      773688.672 730850.341  5.54%   3.7 3260s
 6751001 4093392     cutoff  179      773688.672 730850.831  5.54%   3.7 3265s
 6762491 4099690 736001.773   84   62 773688.672 730851.601  5.54%   3.7 3271s
 6770731 4105797     cutoff  149      773688.672 730851.805  5.54%   3.7 3275s
 6779584 4112450 759747.196  148   55 773688.672 730852.250  5.54%   3.7 3280s
 6789998 4117837 747783.271  130   56 773688.672 730853.232  5.54%   3.7 3285s
 6798448 4124083 763430.991  178   47 773688.672 730853.664  5.54%   3.7 3290s
 6808910 4129094 745324.016  130   58 773688.672 730854.439  5.54%   3.7 3295s
 6819110 4133787 773002.804  163   50 773688.672 730855.040  5.54%   3.7 3300s
 6826781 4137446 771312.052  155   52 773688.672 730855.760  5.54%   3.7 3305s
 6842548 4146299 734996.322   82   65 773688.672 730856.931  5.54%   3.7 3310s
 6851856 4152679 743368.116   94   60 773688.672 730857.382  5.54%   3.7 3315s
 6862185 4156451     cutoff  125      773688.672 730858.312  5.54%   3.7 3320s
 6872153 4160644     cutoff  142      773688.672 730859.226  5.54%   3.7 3325s
 6878742 4164748 752615.799  147   54 773688.672 730859.621  5.54%   3.7 3330s
 6890480 4172190 744265.271  123   58 773688.672 730860.452  5.54%   3.7 3335s
 6897683 4176130 743799.024  113   56 773688.672 730860.624  5.54%   3.7 3340s
 6908170 4183031 768398.947  178   45 773688.672 730860.970  5.54%   3.7 3345s
 6918768 4188919 753315.968  145   55 773688.672 730861.502  5.54%   3.7 3351s
 6926295 4193460     cutoff  148      773688.672 730861.886  5.54%   3.7 3355s
 6936223 4198845 767186.718  123   49 773688.672 730862.344  5.54%   3.7 3360s
 6943705 4202529 755910.460  109   56 773688.672 730862.859  5.54%   3.7 3365s
 6954261 4208604 737001.998   88   60 773688.672 730863.537  5.54%   3.7 3370s
 6962173 4214112 735891.713   87   61 773688.672 730863.773  5.54%   3.7 3375s
 6972867 4221772     cutoff  159      773688.672 730864.168  5.54%   3.7 3380s
 6981913 4227132 743682.558  119   59 773688.672 730864.894  5.54%   3.7 3385s
 6994027 4236595 772208.043  181   43 773688.672 730865.285  5.53%   3.7 3390s
 6999593 4238233 773561.536  141   49 773688.672 730865.695  5.53%   3.7 3395s
 7011635 4245062 758686.621  136   53 773688.672 730866.398  5.53%   3.7 3400s
 7023573 4250720 771628.473  129   48 773688.672 730867.005  5.53%   3.7 3405s
 7030855 4254826 767426.545  122   51 773688.672 730867.450  5.53%   3.7 3410s
 7042285 4261190 747483.471  126   53 773688.672 730868.044  5.53%   3.7 3415s
 7049831 4266317 753998.060  157   53 773688.672 730868.393  5.53%   3.7 3420s
 7060154 4271659     cutoff  188      773688.672 730869.001  5.53%   3.7 3425s
 7069672 4277589 740772.727  113   57 773688.672 730869.416  5.53%   3.7 3430s
 7080478 4281984 762805.954  120   57 773688.672 730870.203  5.53%   3.7 3435s
 7090750 4287924     cutoff  146      773688.672 730870.677  5.53%   3.7 3440s
 7098343 4291609     cutoff  158      773688.672 730871.020  5.53%   3.7 3445s
 7109359 4299267 770272.788  172   50 773688.672 730871.748  5.53%   3.7 3450s
 7116675 4302844 768520.688  149   43 773688.672 730872.116  5.53%   3.7 3455s
 7126531 4306867     cutoff  129      773688.672 730873.106  5.53%   3.7 3460s
 7136290 4312589 739046.910   98   62 773688.672 730873.727  5.53%   3.7 3465s
 7145279 4316049 768603.940  137   49 773688.672 730874.063  5.53%   3.7 3470s
 7156293 4321311 749167.403  122   56 773688.672 730874.512  5.53%   3.7 3475s
 7169348 4328886 746454.761  124   57 773688.672 730875.461  5.53%   3.7 3480s
 7179200 4334268 771508.070  145   50 773688.672 730876.241  5.53%   3.7 3485s
 7188813 4338326 771281.178  169   51 773688.672 730876.693  5.53%   3.7 3490s
 7196996 4340789 771205.481  122   49 773688.672 730877.513  5.53%   3.7 3495s
 7207359 4345242     cutoff  168      773688.672 730878.421  5.53%   3.7 3500s
 7216938 4347850 771615.144  168   52 773688.672 730879.506  5.53%   3.7 3505s
 7226864 4354060 766864.494  168   45 773688.672 730879.977  5.53%   3.7 3511s
 7234424 4357646 765506.451  158   49 773688.672 730880.228  5.53%   3.7 3515s
 7244664 4362872 769747.083  129   49 773688.672 730880.756  5.53%   3.7 3520s
 7252926 4368395 771118.101  162   50 773688.672 730880.979  5.53%   3.7 3525s
 7263454 4374736     cutoff  142      773688.672 730881.800  5.53%   3.7 3530s
 7270363 4378318     cutoff  157      773688.672 730882.287  5.53%   3.7 3535s
 7280934 4383785     cutoff  147      773688.672 730883.141  5.53%   3.7 3540s
 7289745 4390560     cutoff  174      773688.672 730883.549  5.53%   3.7 3545s
 7300250 4396515     cutoff  171      773688.672 730884.440  5.53%   3.7 3550s
 7311022 4403350 741930.534  119   58 773688.672 730885.014  5.53%   3.7 3555s
 7319930 4408924     cutoff  177      773688.672 730885.554  5.53%   3.7 3560s
 7330958 4415251     cutoff  139      773688.672 730886.649  5.53%   3.7 3565s
 7339733 4420496 744137.243  118   56 773688.672 730887.510  5.53%   3.7 3570s
 7349940 4424989     cutoff  133      773688.672 730888.372  5.53%   3.7 3575s
 7357860 4428944     cutoff  141      773688.672 730888.937  5.53%   3.7 3580s
 7368623 4436359 746585.834  129   55 773688.672 730889.396  5.53%   3.7 3585s
 7377032 4442037 749348.581  128   54 773688.672 730889.754  5.53%   3.7 3590s
 7387640 4448292 772599.379  139   51 773688.672 730890.331  5.53%   3.7 3595s
 7397384 4449988     cutoff  140      773688.672 730891.552  5.53%   3.7 3600s

Cutting planes:
  RLT: 28

Explored 7397544 nodes (27716289 simplex iterations) in 3600.07 seconds (1483.22 work units)
Thread count was 2 (of 24 available processors)

Solution count 10: 773689 773690 773691 ... 773709

Time limit reached
Best objective 7.736886717272e+05, best bound 7.308915522865e+05, gap 5.5316%
