
Gurobi 11.0.3 (linux64, Java) logging started dom 01 dez 2024 04:35:20 -03

Set parameter Username
Academic license - for non-commercial use only - expires 2025-10-10
Set parameter NonConvex to value 2
Set parameter TimeLimit to value 3600
Set parameter LogToConsole to value 0
Set parameter MIPGap to value 2.4724769623200637e-08
Set parameter Threads to value 2
Set parameter NodefileDir to value "/home/ps12398/experiment_epec/goalProgrammingMarcos/"
Set parameter NodefileStart to value 1
Gurobi Optimizer version 11.0.3 build v11.0.3rc0 (linux64)

CPU model: Intel(R) Xeon(R) CPU           X5650  @ 2.67GHz, instruction set [SSE2]
Thread count: 12 physical cores, 24 logical processors, using up to 2 threads

Optimize a model with 100949 rows, 69014 columns and 673505 nonzeros
Model fingerprint: 0x934c22a2
Model has 190 quadratic constraints
Variable types: 34416 continuous, 34598 integer (185 binary)
Coefficient statistics:
  Matrix range     [5e-03, 8e+06]
  QMatrix range    [5e-03, 1e+05]
  QLMatrix range   [1e+00, 1e+05]
  Objective range  [1e+00, 8e+07]
  Bounds range     [1e+00, 1e+08]
  RHS range        [1e+00, 5e+06]
Presolve removed 99987 rows and 67686 columns
Presolve time: 0.44s
Presolved: 1676 rows, 1551 columns, 113345 nonzeros
Presolved model has 2 SOS constraint(s)
Presolved model has 185 bilinear constraint(s)

Solving non-convex MIQCP

Variable types: 598 continuous, 953 integer (187 binary)
Found heuristic solution: objective 2.900774e+07

Root relaxation: objective 8.345728e+06, 477 iterations, 0.09 seconds (0.05 work units)

    Nodes    |    Current Node    |     Objective Bounds      |     Work
 Expl Unexpl |  Obj  Depth IntInf | Incumbent    BestBd   Gap | It/Node Time

     0     0 8345728.07    0  265 2.9008e+07 8345728.07  71.2%     -    1s
H    0     0                    2.166164e+07 8345728.07  61.5%     -    1s
     0     0 1.0684e+07    0  261 2.1662e+07 1.0684e+07  50.7%     -    1s
     0     0 1.0684e+07    0  262 2.1662e+07 1.0684e+07  50.7%     -    2s
     0     0 1.0685e+07    0  263 2.1662e+07 1.0685e+07  50.7%     -    2s
     0     0 1.0685e+07    0  263 2.1662e+07 1.0685e+07  50.7%     -    2s
     0     2 1.0685e+07    0  263 2.1662e+07 1.0685e+07  50.7%     -    2s
   357   514 1.0685e+07  154  262 2.1662e+07 1.0685e+07  50.7%   1.0    5s
H 2041  2203                    1.403242e+07 1.0685e+07  23.9%   1.0    9s
  2202  2428 1.0685e+07 1051  253 1.4032e+07 1.0685e+07  23.9%   1.0   10s
H 3761  3573                    1.403207e+07 1.0685e+07  23.9%   1.0   14s
  3766  3577 1.1043e+07  845  210 1.4032e+07 1.1043e+07  21.3%   1.1   15s
H 3767  3399                    1.403207e+07 1.1043e+07  21.3%   1.1   15s
H 3770  3230                    1.344263e+07 1.1043e+07  17.9%   1.1   17s
  3886  3420 1.1043e+07   60  237 1.3443e+07 1.1043e+07  17.9%   1.3   20s
H 4378  3476                    1.344258e+07 1.1043e+07  17.9%   1.3   22s
  4650  3875 1.1044e+07  251  220 1.3443e+07 1.1043e+07  17.9%   1.3   25s
H 4770  3681                    1.339771e+07 1.1043e+07  17.6%   1.2   25s
H 5097  3858                    1.328778e+07 1.1043e+07  16.9%   1.2   28s
H 5521  4008                    1.328275e+07 1.1043e+07  16.9%   1.2   30s
  6580  4663 1.1046e+07  731  203 1.3283e+07 1.1043e+07  16.9%   1.2   35s
  7551  5350 1.1046e+07  970  196 1.3283e+07 1.1043e+07  16.9%   1.4   40s
H 7749  5355                    1.316881e+07 1.1043e+07  16.1%   1.5   41s
H 7952  5393                    1.316346e+07 1.1043e+07  16.1%   1.5   42s
  8706  5965 1.1047e+07 1222  196 1.3163e+07 1.1043e+07  16.1%   1.6   45s
H 9005  5747                    1.313427e+07 1.1043e+07  15.9%   1.6   45s
H10089  6379                    1.311126e+07 1.1043e+07  15.8%   1.5   49s
 10113  6704 1.1048e+07 1564  196 1.3111e+07 1.1043e+07  15.8%   1.5   50s
H11377  7920                    1.308660e+07 1.1043e+07  15.6%   1.4   56s
H12147  8575                    1.308660e+07 1.1043e+07  15.6%   1.4   59s
 12345  8875 1.1049e+07 2110  195 1.3087e+07 1.1043e+07  15.6%   1.4   60s
H13406  9772                    1.308007e+07 1.1043e+07  15.6%   1.4   64s
 13542  9952 1.1049e+07 2410  194 1.3080e+07 1.1043e+07  15.6%   1.4   66s
 14383 10944 1.1050e+07 2584  194 1.3080e+07 1.1043e+07  15.6%   1.3   70s
H15306 11796                    1.307346e+07 1.1043e+07  15.5%   1.3   75s
H15566 12102                    1.307346e+07 1.1043e+07  15.5%   1.3   77s
 16035 12587 1.1051e+07 3035  195 1.3073e+07 1.1043e+07  15.5%   1.3   80s
 17336 13899 1.1052e+07 3356  194 1.3073e+07 1.1043e+07  15.5%   1.3   85s
 18669 15156 1.1052e+07 3684  194 1.3073e+07 1.1043e+07  15.5%   1.3   91s
 19615 16184 1.1053e+07 3917  195 1.3073e+07 1.1043e+07  15.5%   1.3   95s
 20468 17002 1.1053e+07 4127  194 1.3073e+07 1.1043e+07  15.5%   1.2  100s
H21400 17956                    1.305262e+07 1.1043e+07  15.4%   1.2  104s
H21726 18275                    1.305262e+07 1.1043e+07  15.4%   1.2  105s
H22653 19200                    1.305193e+07 1.1043e+07  15.4%   1.2  110s
H23290 19824                    1.302364e+07 1.1043e+07  15.2%   1.2  113s
 23726 20272 1.1055e+07 4873  194 1.3024e+07 1.1043e+07  15.2%   1.2  115s
H24355 20872                    1.301824e+07 1.1043e+07  15.2%   1.3  118s
H24490 20872                    1.299574e+07 1.1043e+07  15.0%   1.3  118s
 24642 21168 1.1056e+07 5083  193 1.2996e+07 1.1043e+07  15.0%   1.3  120s
H24790 21168                    1.299347e+07 1.1043e+07  15.0%   1.3  120s
 25518 21790 1.1056e+07 5296  194 1.2993e+07 1.1043e+07  15.0%   1.3  125s
H25560 21969                    1.299242e+07 1.1043e+07  15.0%   1.3  126s
H26695 23220                    1.299242e+07 1.1043e+07  15.0%   1.3  131s
 27617 24182 1.1057e+07 5829  191 1.2992e+07 1.1043e+07  15.0%   1.3  136s
 28500 25038 1.1058e+07 6047  190 1.2992e+07 1.1043e+07  15.0%   1.3  140s
 29464 26021 1.1058e+07 6293  191 1.2992e+07 1.1043e+07  15.0%   1.3  145s
 30773 27005 1.1059e+07 6619  191 1.2992e+07 1.1043e+07  15.0%   1.3  151s
 31385 27877 1.1060e+07 6775  192 1.2992e+07 1.1043e+07  15.0%   1.3  156s
H31465 27877                    1.297921e+07 1.1043e+07  14.9%   1.3  156s
H31648 28045                    1.297825e+07 1.1043e+07  14.9%   1.3  157s
 32155 28756 1.1060e+07 6926  192 1.2978e+07 1.1043e+07  14.9%   1.3  161s
H32881 29451                    1.297823e+07 1.1043e+07  14.9%   1.3  164s
H33221 29791                    1.297823e+07 1.1043e+07  14.9%   1.3  166s
 34208 30765 1.1061e+07 7199  188 1.2978e+07 1.1043e+07  14.9%   1.3  171s
 34832 31414 1.1061e+07 7197  190 1.2978e+07 1.1043e+07  14.9%   1.3  175s
H35316 31682                    1.297820e+07 1.1043e+07  14.9%   1.3  177s
H35452 32009                    1.296416e+07 1.1043e+07  14.8%   1.3  179s
 35779 32143 1.1061e+07 7200  188 1.2964e+07 1.1043e+07  14.8%   1.3  182s
H35913 32293                    1.296416e+07 1.1043e+07  14.8%   1.3  184s
 36063 32629 1.1061e+07 7196  189 1.2964e+07 1.1043e+07  14.8%   1.3  186s
 36763 33377 1.1061e+07 7198  190 1.2964e+07 1.1043e+07  14.8%   1.3  191s
H37299 33725                    1.296416e+07 1.1043e+07  14.8%   1.3  193s
 37495 34129 1.1043e+07   42  248 1.2964e+07 1.1043e+07  14.8%   1.3  195s
 38555 35125 1.1044e+07  336  216 1.2964e+07 1.1043e+07  14.8%   1.3  200s
 39582 36106 1.1046e+07  650  215 1.2964e+07 1.1043e+07  14.8%   1.3  205s
 40681 37165 1.1046e+07  924  194 1.2964e+07 1.1043e+07  14.8%   1.3  211s
H40984 37263                    1.295786e+07 1.1043e+07  14.8%   1.3  213s
H41269 37813                    1.295786e+07 1.1043e+07  14.8%   1.3  216s
 42171 38646 1.1047e+07 1293  193 1.2958e+07 1.1043e+07  14.8%   1.3  220s
H42278 38646                    1.294576e+07 1.1043e+07  14.7%   1.3  220s
H43113 39504                    1.293815e+07 1.1043e+07  14.6%   1.3  224s
H43274 39812                    1.293814e+07 1.1043e+07  14.6%   1.3  226s
 44169 40698 1.1048e+07 1799  194 1.2938e+07 1.1043e+07  14.6%   1.3  230s
H44468 40973                    1.293808e+07 1.1043e+07  14.6%   1.3  231s
 45267 41813 1.1049e+07 2086  194 1.2938e+07 1.1043e+07  14.6%   1.3  235s
 46158 42390 1.1049e+07 2305  194 1.2938e+07 1.1043e+07  14.6%   1.3  241s
 46669 43224 1.1049e+07 2432  194 1.2938e+07 1.1043e+07  14.6%   1.3  245s
 47907 44430 1.1050e+07 2738  193 1.2938e+07 1.1043e+07  14.6%   1.3  250s
H48054 44430                    1.293711e+07 1.1043e+07  14.6%   1.3  251s
 48802 45352 1.1051e+07 2960  194 1.2937e+07 1.1043e+07  14.6%   1.3  255s
 49957 46503 1.1051e+07 3242  193 1.2937e+07 1.1043e+07  14.6%   1.3  260s
 51167 47525 1.1052e+07 3540  193 1.2937e+07 1.1043e+07  14.6%   1.3  267s
 51559 48086 1.1052e+07 3636  193 1.2937e+07 1.1043e+07  14.6%   1.3  270s
 52448 48963 1.1053e+07 3862  194 1.2937e+07 1.1043e+07  14.6%   1.3  275s
H53058 49582                    1.293687e+07 1.1043e+07  14.6%   1.3  278s
H53352 49898                    1.292419e+07 1.1043e+07  14.6%   1.3  279s
H53668 50177                    1.292416e+07 1.1043e+07  14.6%   1.3  281s
H53999 50357                    1.292415e+07 1.1043e+07  14.6%   1.3  282s
 54451 50845 1.1054e+07 4339  194 1.2924e+07 1.1043e+07  14.6%   1.3  285s
 55203 51768 1.1054e+07 4566  194 1.2924e+07 1.1043e+07  14.6%   1.3  290s
 56231 52731 1.1055e+07 4819  194 1.2924e+07 1.1043e+07  14.6%   1.3  297s
 56799 53311 1.1055e+07 4959  193 1.2924e+07 1.1043e+07  14.6%   1.3  300s
 58263 54802 1.1056e+07 5338  194 1.2924e+07 1.1043e+07  14.6%   1.3  305s
 59215 55783 1.1056e+07 5570  192 1.2924e+07 1.1043e+07  14.6%   1.3  310s
 60154 56722 1.1057e+07 5808  192 1.2924e+07 1.1043e+07  14.6%   1.3  315s
 60995 57553 1.1057e+07 6050  192 1.2924e+07 1.1043e+07  14.6%   1.3  320s
 61715 58238 1.1058e+07 6220  190 1.2924e+07 1.1043e+07  14.6%   1.3  326s
 62732 59339 1.1058e+07 6469  191 1.2924e+07 1.1043e+07  14.6%   1.3  331s
 63814 60396 1.1059e+07 6736  189 1.2924e+07 1.1043e+07  14.6%   1.3  335s
 65298 61878 1.1060e+07 7108  192 1.2924e+07 1.1043e+07  14.6%   1.3  340s
 66347 62933 1.1060e+07 7199  190 1.2924e+07 1.1043e+07  14.6%   1.3  345s
 66869 63145 1.1060e+07 7200  189 1.2924e+07 1.1043e+07  14.6%   1.3  350s
H66878 63145                    1.292415e+07 1.1043e+07  14.6%   1.3  350s
H66918 63205                    1.292407e+07 1.1043e+07  14.6%   1.3  351s
H66932 63205                    1.291746e+07 1.1043e+07  14.5%   1.3  351s
H66956 63205                    1.291401e+07 1.1043e+07  14.5%   1.3  351s
 67253 63821 1.1060e+07 7201  189 1.2914e+07 1.1043e+07  14.5%   1.3  355s
H68153 64715                    1.287832e+07 1.1043e+07  14.3%   1.3  361s
 68864 65485 1.1060e+07 7201  187 1.2878e+07 1.1043e+07  14.3%   1.3  365s
H69273 65828                    1.287830e+07 1.1043e+07  14.3%   1.3  367s
H69778 66188                    1.287824e+07 1.1043e+07  14.3%   1.3  369s
 69958 66573 1.1043e+07   84  219 1.2878e+07 1.1043e+07  14.3%   1.3  371s
H70714 67340                    1.287799e+07 1.1043e+07  14.2%   1.3  375s
H71228 67601                    1.287657e+07 1.1043e+07  14.2%   1.3  377s
H71371 67919                    1.287408e+07 1.1043e+07  14.2%   1.3  379s
 71689 68261 1.1045e+07  520  211 1.2874e+07 1.1043e+07  14.2%   1.3  381s
 72298 68812 1.1046e+07  695  193 1.2874e+07 1.1043e+07  14.2%   1.3  385s
H72582 69090                    1.287408e+07 1.1043e+07  14.2%   1.3  387s
 73453 69984 1.1046e+07  981  192 1.2874e+07 1.1043e+07  14.2%   1.3  391s
H73885 70249                    1.287392e+07 1.1043e+07  14.2%   1.3  392s
 74528 71035 1.1047e+07 1268  192 1.2874e+07 1.1043e+07  14.2%   1.3  395s
 75607 72155 1.1047e+07 1521  193 1.2874e+07 1.1043e+07  14.2%   1.3  401s
 76519 72976 1.1048e+07 1745  192 1.2874e+07 1.1043e+07  14.2%   1.3  405s
 77158 73584 1.1048e+07 1883  192 1.2874e+07 1.1043e+07  14.2%   1.3  411s
 77934 74516 1.1049e+07 2100  192 1.2874e+07 1.1043e+07  14.2%   1.3  415s
 79212 75774 1.1049e+07 2414  192 1.2874e+07 1.1043e+07  14.2%   1.3  421s
 80126 76675 1.1050e+07 2641  193 1.2874e+07 1.1043e+07  14.2%   1.3  425s
 81258 77806 1.1051e+07 2878  192 1.2874e+07 1.1043e+07  14.2%   1.3  430s
 82554 79039 1.1051e+07 3199  193 1.2874e+07 1.1043e+07  14.2%   1.3  435s
 83780 80309 1.1052e+07 3501  192 1.2874e+07 1.1043e+07  14.2%   1.3  441s
 84567 81114 1.1052e+07 3725  192 1.2874e+07 1.1043e+07  14.2%   1.3  445s
 85832 82376 1.1053e+07 4039  193 1.2874e+07 1.1043e+07  14.2%   1.3  451s
H86711 83248                    1.287377e+07 1.1043e+07  14.2%   1.3  455s
 87846 84370 1.1054e+07 4515  192 1.2874e+07 1.1043e+07  14.2%   1.3  460s
 88737 85282 1.1055e+07 4735  192 1.2874e+07 1.1043e+07  14.2%   1.3  465s
 89654 86042 1.1055e+07 4967  191 1.2874e+07 1.1043e+07  14.2%   1.3  470s
 90440 86942 1.1056e+07 5132  191 1.2874e+07 1.1043e+07  14.2%   1.3  475s
 91338 87881 1.1056e+07 5355  191 1.2874e+07 1.1043e+07  14.2%   1.3  480s
 92158 88705 1.1056e+07 5540  191 1.2874e+07 1.1043e+07  14.2%   1.3  485s
H92806 89038                    1.287377e+07 1.1043e+07  14.2%   1.3  490s
 93383 89873 1.1057e+07 5834  190 1.2874e+07 1.1043e+07  14.2%   1.3  495s
H93976 90515                    1.284154e+07 1.1043e+07  14.0%   1.3  498s
 94624 91155 1.1058e+07 6130  189 1.2842e+07 1.1043e+07  14.0%   1.3  501s
 95593 92144 1.1058e+07 6375  190 1.2842e+07 1.1043e+07  14.0%   1.3  506s
 96586 93158 1.1059e+07 6621  188 1.2842e+07 1.1043e+07  14.0%   1.3  510s
 97542 94088 1.1059e+07 6860  188 1.2842e+07 1.1043e+07  14.0%   1.3  515s
 98218 94710 1.1060e+07 7027  190 1.2842e+07 1.1043e+07  14.0%   1.3  520s
 99159 95733 1.1060e+07 7198  189 1.2842e+07 1.1043e+07  14.0%   1.3  526s
 100134 96679 1.1060e+07 7201  186 1.2842e+07 1.1043e+07  14.0%   1.3  531s
 100805 97396 1.1060e+07 7199  186 1.2842e+07 1.1043e+07  14.0%   1.3  535s
 101847 98443 1.1060e+07 7200  186 1.2842e+07 1.1043e+07  14.0%   1.3  540s
 102904 99268 1.1060e+07 7200  184 1.2842e+07 1.1043e+07  14.0%   1.3  546s
 103663 100227 1.1044e+07  183  218 1.2842e+07 1.1043e+07  14.0%   1.4  550s
 104663 101246 1.1045e+07  454  218 1.2842e+07 1.1043e+07  14.0%   1.4  555s
 105933 102457 1.1046e+07  782  193 1.2842e+07 1.1043e+07  14.0%   1.4  560s
 106904 103426 1.1046e+07 1014  193 1.2842e+07 1.1043e+07  14.0%   1.4  565s
 108080 104368 1.1047e+07 1300  193 1.2842e+07 1.1043e+07  14.0%   1.4  571s
 108700 105254 1.1047e+07 1451  192 1.2842e+07 1.1043e+07  14.0%   1.4  575s
 109594 106154 1.1048e+07 1666  192 1.2842e+07 1.1043e+07  14.0%   1.4  580s
 110837 107387 1.1048e+07 1963  193 1.2842e+07 1.1043e+07  14.0%   1.4  585s
 112073 108595 1.1049e+07 2257  192 1.2842e+07 1.1043e+07  14.0%   1.4  591s
 113288 109520 1.1050e+07 2554  192 1.2842e+07 1.1043e+07  14.0%   1.4  595s
 113805 110363 1.1050e+07 2680  193 1.2842e+07 1.1043e+07  14.0%   1.4  600s
 115057 111606 1.1051e+07 2984  193 1.2842e+07 1.1043e+07  14.0%   1.4  605s
 116237 112794 1.1051e+07 3266  193 1.2842e+07 1.1043e+07  14.0%   1.4  610s
 117501 114024 1.1052e+07 3574  192 1.2842e+07 1.1043e+07  14.0%   1.4  615s
 118385 114617 1.1053e+07 3790  193 1.2842e+07 1.1043e+07  14.0%   1.4  620s
 119269 115795 1.1053e+07 4007  193 1.2842e+07 1.1043e+07  14.0%   1.4  625s
 120170 116682 1.1054e+07 4227  193 1.2842e+07 1.1043e+07  14.0%   1.4  630s
 121035 117547 1.1054e+07 4450  193 1.2842e+07 1.1043e+07  14.0%   1.4  635s
 122202 118723 1.1055e+07 4745  192 1.2842e+07 1.1043e+07  14.0%   1.4  641s
 123080 119570 1.1055e+07 4968  191 1.2842e+07 1.1043e+07  14.0%   1.4  645s
 123777 120289 1.1056e+07 5142  191 1.2842e+07 1.1043e+07  14.0%   1.4  651s
 124642 121180 1.1056e+07 5347  191 1.2842e+07 1.1043e+07  14.0%   1.4  656s
 125551 122096 1.1057e+07 5556  190 1.2842e+07 1.1043e+07  14.0%   1.4  661s
 126482 122993 1.1057e+07 5770  191 1.2842e+07 1.1043e+07  14.0%   1.4  665s
 127373 123912 1.1057e+07 5977  190 1.2842e+07 1.1043e+07  14.0%   1.4  670s
 128277 124832 1.1058e+07 6182  191 1.2842e+07 1.1043e+07  14.0%   1.4  675s
 128955 125575 1.1058e+07 6351  189 1.2842e+07 1.1043e+07  14.0%   1.4  680s
 130519 127123 1.1059e+07 6698  190 1.2842e+07 1.1043e+07  14.0%   1.4  686s
 131651 128240 1.1059e+07 6938  188 1.2842e+07 1.1043e+07  14.0%   1.4  690s
 132642 129196 1.1060e+07 7169  191 1.2842e+07 1.1043e+07  14.0%   1.4  695s
 133890 130122 1.1060e+07 7199  189 1.2842e+07 1.1043e+07  14.0%   1.4  701s
 134483 131014 1.1060e+07 7201  184 1.2842e+07 1.1043e+07  14.0%   1.4  706s
 135420 131973 1.1060e+07 7201  188 1.2842e+07 1.1043e+07  14.0%   1.4  711s
 136343 132900 1.1060e+07 7196  187 1.2842e+07 1.1043e+07  14.0%   1.4  716s
 136991 133603 1.1043e+07  111  217 1.2842e+07 1.1043e+07  14.0%   1.4  720s
 138418 134968 1.1045e+07  446  215 1.2842e+07 1.1043e+07  14.0%   1.4  726s
 139086 135318 1.1045e+07  545  217 1.2842e+07 1.1043e+07  14.0%   1.4  730s
 140032 136531 1.1046e+07  679  201 1.2842e+07 1.1043e+07  14.0%   1.4  736s
 140893 137445 1.1046e+07  732  189 1.2842e+07 1.1043e+07  14.0%   1.4  740s
 142123 138635 1.1046e+07  814  191 1.2842e+07 1.1043e+07  14.0%   1.4  745s
 143645 140194 1.1046e+07  926  191 1.2842e+07 1.1043e+07  14.0%   1.4  750s
 144259 140776 1.1046e+07  970  191 1.2842e+07 1.1043e+07  14.0%   1.4  755s
 145663 142225 1.1046e+07 1086  191 1.2842e+07 1.1043e+07  14.0%   1.4  760s
 147251 143782 1.1047e+07 1219  192 1.2842e+07 1.1043e+07  14.0%   1.4  765s
 148685 145235 1.1047e+07 1328  190 1.2842e+07 1.1043e+07  14.0%   1.4  770s
 149365 145819 1.1047e+07 1364  190 1.2842e+07 1.1043e+07  14.0%   1.4  775s
 150537 147084 1.1047e+07 1428  190 1.2842e+07 1.1043e+07  14.0%   1.4  780s
 151731 148278 1.1047e+07 1495  192 1.2842e+07 1.1043e+07  14.0%   1.4  785s
 152644 149147 1.1047e+07 1544  190 1.2842e+07 1.1043e+07  14.0%   1.4  790s
 153817 150360 1.1047e+07 1609  192 1.2842e+07 1.1043e+07  14.0%   1.5  795s
 154713 151270 1.1048e+07 1656  190 1.2842e+07 1.1043e+07  14.0%   1.5  801s
 155617 152156 1.1048e+07 1703  189 1.2842e+07 1.1043e+07  14.0%   1.5  805s
 156864 153402 1.1048e+07 1772  189 1.2842e+07 1.1043e+07  14.0%   1.5  811s
 157716 154264 1.1048e+07 1823  191 1.2842e+07 1.1043e+07  14.0%   1.5  815s
 158970 155463 1.1048e+07 1893  191 1.2842e+07 1.1043e+07  14.0%   1.5  821s
 159552 155784 1.1048e+07 1926  191 1.2842e+07 1.1043e+07  14.0%   1.5  825s
 160390 156913 1.1048e+07 1974  191 1.2842e+07 1.1043e+07  14.0%   1.5  831s
 161272 157798 1.1048e+07 2022  191 1.2842e+07 1.1043e+07  14.0%   1.5  836s
 162156 158682 1.1048e+07 2070  190 1.2842e+07 1.1043e+07  14.0%   1.5  840s
 163341 159867 1.1049e+07 2133  190 1.2842e+07 1.1043e+07  14.0%   1.5  846s
 164219 160739 1.1049e+07 2179  187 1.2842e+07 1.1043e+07  14.0%   1.5  850s
 164741 161220 1.1049e+07 2207  188 1.2842e+07 1.1043e+07  14.0%   1.5  855s
 165847 162363 1.1049e+07 2263  190 1.2842e+07 1.1043e+07  14.0%   1.5  860s
 166749 163285 1.1049e+07 2312  190 1.2842e+07 1.1043e+07  14.0%   1.5  865s
 167660 164226 1.1049e+07 2355  187 1.2842e+07 1.1043e+07  14.0%   1.5  870s
 168642 165204 1.1049e+07 2405  188 1.2842e+07 1.1043e+07  14.0%   1.5  876s
 169305 165890 1.1049e+07 2492  182 1.2842e+07 1.1043e+07  14.0%   1.5  880s
 169964 166467 1.1049e+07 2624  182 1.2842e+07 1.1043e+07  14.0%   1.5  885s
 170997 167577 1.1049e+07 2847  182 1.2842e+07 1.1043e+07  14.0%   1.5  891s
 171682 168299 1.1050e+07 2979  181 1.2842e+07 1.1043e+07  14.0%   1.5  895s
 172747 169346 1.1050e+07 3192  181 1.2842e+07 1.1043e+07  14.0%   1.5  900s
 173935 170447 1.1050e+07 3438  182 1.2842e+07 1.1043e+07  14.0%   1.5  906s
 174947 171353 1.1050e+07 3631  181 1.2842e+07 1.1043e+07  14.0%   1.4  912s
 175451 171999 1.1050e+07 3742  182 1.2842e+07 1.1043e+07  14.0%   1.4  916s
 176469 173046 1.1050e+07 3943  182 1.2842e+07 1.1043e+07  14.0%   1.4  921s
 177507 174073 1.1050e+07 4145  181 1.2842e+07 1.1043e+07  14.0%   1.4  926s
 178504 175054 1.1050e+07 4353  182 1.2842e+07 1.1043e+07  14.0%   1.4  931s
 179151 175706 1.1050e+07 4480  181 1.2842e+07 1.1043e+07  14.0%   1.4  935s
 180097 176521 1.1051e+07 4666  182 1.2842e+07 1.1043e+07  14.0%   1.4  941s
 180619 177201 1.1051e+07 4766  181 1.2842e+07 1.1043e+07  14.0%   1.4  945s
 181944 178501 1.1051e+07 5031  181 1.2842e+07 1.1043e+07  14.0%   1.4  951s
 182910 179489 1.1051e+07 5237  182 1.2842e+07 1.1043e+07  14.0%   1.4  956s
 183906 180462 1.1051e+07 5416  181 1.2842e+07 1.1043e+07  14.0%   1.4  961s
 184856 181429 1.1051e+07 5605  182 1.2842e+07 1.1043e+07  14.0%   1.4  965s
 185506 182039 1.1051e+07 5725  181 1.2842e+07 1.1043e+07  14.0%   1.4  971s
 186441 182968 1.1051e+07 5911  180 1.2842e+07 1.1043e+07  14.0%   1.4  975s
 187373 183926 1.1051e+07 6093  181 1.2842e+07 1.1043e+07  14.0%   1.4  980s
H187696 184168                    1.283085e+07 1.1043e+07  13.9%   1.4  982s
 188169 184744 1.1052e+07 6225  181 1.2831e+07 1.1043e+07  13.9%   1.4  985s
H188514 185091                    1.283022e+07 1.1043e+07  13.9%   1.4  986s
H189196 185524                    1.282639e+07 1.1043e+07  13.9%   1.4  989s
 189294 185816 1.1052e+07 6460  182 1.2826e+07 1.1043e+07  13.9%   1.4  990s
H189929 186474                    1.282639e+07 1.1043e+07  13.9%   1.4  993s
 190244 186813 1.1052e+07 6639  182 1.2826e+07 1.1043e+07  13.9%   1.4  995s
 190585 187069 1.1052e+07 6701  181 1.2826e+07 1.1043e+07  13.9%   1.4 1000s
H190711 187069                    1.282532e+07 1.1043e+07  13.9%   1.4 1000s
 191506 188074 1.1052e+07 6905  182 1.2825e+07 1.1043e+07  13.9%   1.4 1005s
 192486 189042 1.1052e+07 7030  180 1.2825e+07 1.1043e+07  13.9%   1.4 1010s
 193487 190044 1.1052e+07 7199  181 1.2825e+07 1.1043e+07  13.9%   1.4 1015s
 194432 190972 1.1052e+07 7201  179 1.2825e+07 1.1043e+07  13.9%   1.4 1020s
 195376 191927 1.1052e+07 7201  180 1.2825e+07 1.1043e+07  13.9%   1.4 1025s
H195697 191929                    1.282528e+07 1.1043e+07  13.9%   1.4 1028s
 195699 192202 1.1052e+07 7200  179 1.2825e+07 1.1043e+07  13.9%   1.4 1030s
 196548 193045 1.1052e+07 7200  178 1.2825e+07 1.1043e+07  13.9%   1.4 1035s
 197477 194057 1.1052e+07 7201  175 1.2825e+07 1.1043e+07  13.9%   1.4 1041s
 198272 194837 1.1046e+07  222  216 1.2825e+07 1.1043e+07  13.9%   1.4 1045s
 199515 196074 1.1047e+07  419  215 1.2825e+07 1.1043e+07  13.9%   1.4 1050s
H200541 196951                    1.282443e+07 1.1043e+07  13.9%   1.4 1054s
 200721 197049 1.1048e+07  569  216 1.2824e+07 1.1043e+07  13.9%   1.4 1057s
 200966 197491 1.1048e+07  582  216 1.2824e+07 1.1043e+07  13.9%   1.4 1060s
H201734 198233                    1.282379e+07 1.1043e+07  13.9%   1.4 1064s
 202003 198384 1.1048e+07  718  191 1.2824e+07 1.1043e+07  13.9%   1.4 1065s
H202447 198934                    1.282379e+07 1.1043e+07  13.9%   1.4 1068s
 203042 199609 1.1048e+07  826  191 1.2824e+07 1.1043e+07  13.9%   1.4 1070s
 204348 200850 1.1049e+07  943  191 1.2824e+07 1.1043e+07  13.9%   1.4 1075s
 205615 202137 1.1049e+07 1053  191 1.2824e+07 1.1043e+07  13.9%   1.4 1080s
 206177 202732 1.1049e+07 1101  191 1.2824e+07 1.1043e+07  13.9%   1.4 1085s
 207418 203895 1.1049e+07 1217  192 1.2824e+07 1.1043e+07  13.9%   1.4 1090s
 208615 205142 1.1049e+07 1318  192 1.2824e+07 1.1043e+07  13.9%   1.4 1095s
 209781 206310 1.1049e+07 1380  191 1.2824e+07 1.1043e+07  13.9%   1.4 1100s
 210966 207224 1.1050e+07 1442  189 1.2824e+07 1.1043e+07  13.9%   1.4 1106s
 211508 208053 1.1050e+07 1474  191 1.2824e+07 1.1043e+07  13.9%   1.4 1110s
 213053 209577 1.1050e+07 1558  191 1.2824e+07 1.1043e+07  13.9%   1.4 1115s
 214260 210762 1.1050e+07 1625  191 1.2824e+07 1.1043e+07  13.9%   1.4 1121s
 215147 211427 1.1050e+07 1671  190 1.2824e+07 1.1043e+07  13.9%   1.4 1125s
 216087 212319 1.1050e+07 1722  188 1.2824e+07 1.1043e+07  13.9%   1.4 1131s
 216681 213200 1.1050e+07 1753  190 1.2824e+07 1.1043e+07  13.9%   1.4 1135s
 217901 214426 1.1050e+07 1822  191 1.2824e+07 1.1043e+07  13.9%   1.4 1141s
 218771 215319 1.1050e+07 1869  191 1.2824e+07 1.1043e+07  13.9%   1.4 1145s
 220015 216552 1.1051e+07 1935  190 1.2824e+07 1.1043e+07  13.9%   1.4 1150s
 221203 217435 1.1051e+07 2000  190 1.2824e+07 1.1043e+07  13.9%   1.4 1157s
 221469 218036 1.1051e+07 2016  192 1.2824e+07 1.1043e+07  13.9%   1.4 1160s
 222667 219238 1.1051e+07 2072  191 1.2824e+07 1.1043e+07  13.9%   1.4 1165s
 223623 220178 1.1051e+07 2119  190 1.2824e+07 1.1043e+07  13.9%   1.4 1170s
 224627 221171 1.1051e+07 2295  182 1.2824e+07 1.1043e+07  13.9%   1.4 1175s
 225551 222112 1.1051e+07 2526  181 1.2824e+07 1.1043e+07  13.9%   1.4 1181s
 226198 222584 1.1051e+07 2667  182 1.2824e+07 1.1043e+07  13.9%   1.4 1186s
 226985 223566 1.1051e+07 2830  183 1.2824e+07 1.1043e+07  13.9%   1.4 1191s
 228001 224531 1.1052e+07 3026  181 1.2824e+07 1.1043e+07  13.9%   1.4 1195s
 229235 225812 1.1052e+07 3280  183 1.2824e+07 1.1043e+07  13.9%   1.4 1201s
 230259 226830 1.1052e+07 3487  183 1.2824e+07 1.1043e+07  13.9%   1.4 1206s
 231214 227783 1.1052e+07 3672  183 1.2824e+07 1.1043e+07  13.9%   1.4 1210s
 231860 228366 1.1052e+07 3804  183 1.2824e+07 1.1043e+07  13.9%   1.4 1215s
 232814 229371 1.1052e+07 3995  183 1.2824e+07 1.1043e+07  13.9%   1.4 1220s
 233814 230343 1.1052e+07 4191  182 1.2824e+07 1.1043e+07  13.9%   1.4 1225s
 235370 231930 1.1053e+07 4504  181 1.2824e+07 1.1043e+07  13.9%   1.4 1231s
 236319 232876 1.1053e+07 4697  182 1.2824e+07 1.1043e+07  13.9%   1.4 1235s
 236920 233447 1.1053e+07 4819  182 1.2824e+07 1.1043e+07  13.9%   1.4 1240s
 237848 234386 1.1053e+07 5008  181 1.2824e+07 1.1043e+07  13.9%   1.4 1245s
 239089 235654 1.1053e+07 5237  182 1.2824e+07 1.1043e+07  13.9%   1.4 1250s
 240018 236567 1.1053e+07 5400  181 1.2824e+07 1.1043e+07  13.9%   1.4 1255s
 241345 237888 1.1053e+07 5632  183 1.2824e+07 1.1043e+07  13.9%   1.4 1260s
 242004 238564 1.1053e+07 5735  182 1.2824e+07 1.1043e+07  13.9%   1.4 1266s
 243016 239562 1.1053e+07 5914  183 1.2824e+07 1.1043e+07  13.9%   1.4 1270s
 244279 240847 1.1053e+07 6121  182 1.2824e+07 1.1043e+07  13.9%   1.4 1275s
 245583 242117 1.1054e+07 6341  182 1.2824e+07 1.1043e+07  13.9%   1.4 1280s
 246843 243089 1.1054e+07 6557  182 1.2824e+07 1.1043e+07  13.9%   1.4 1286s
 247406 243975 1.1054e+07 6654  181 1.2824e+07 1.1043e+07  13.9%   1.4 1291s
 248523 245090 1.1054e+07 6848  183 1.2824e+07 1.1043e+07  13.9%   1.4 1296s
 249453 246017 1.1054e+07 6999  182 1.2824e+07 1.1043e+07  13.9%   1.4 1300s
 250741 247233 1.1054e+07 7197  180 1.2824e+07 1.1043e+07  13.9%   1.4 1306s
 251583 248120 1.1054e+07 7201  180 1.2824e+07 1.1043e+07  13.9%   1.4 1310s
 251970 248474 1.1054e+07 7201  177 1.2824e+07 1.1043e+07  13.9%   1.4 1315s
 253122 249607 1.1054e+07 7201  177 1.2824e+07 1.1043e+07  13.9%   1.4 1321s
 253999 250513 1.1054e+07 7201  177 1.2824e+07 1.1043e+07  13.9%   1.4 1326s
 254945 251500 1.1043e+07  121  217 1.2824e+07 1.1043e+07  13.9%   1.4 1330s
 255959 252527 1.1044e+07  337  216 1.2824e+07 1.1043e+07  13.9%   1.4 1335s
 257044 253276 1.1045e+07  493  217 1.2824e+07 1.1043e+07  13.9%   1.4 1342s
 257338 253880 1.1045e+07  533  217 1.2824e+07 1.1043e+07  13.9%   1.4 1345s
 258324 254791 1.1046e+07  680  200 1.2824e+07 1.1043e+07  13.9%   1.4 1350s
 259632 256163 1.1046e+07  799  191 1.2824e+07 1.1043e+07  13.9%   1.4 1356s
 260828 257359 1.1046e+07  907  191 1.2824e+07 1.1043e+07  13.9%   1.4 1360s
 261941 258482 1.1046e+07 1006  191 1.2824e+07 1.1043e+07  13.9%   1.4 1365s
 262511 259018 1.1046e+07 1054  190 1.2824e+07 1.1043e+07  13.9%   1.4 1370s
 263593 260130 1.1047e+07 1154  191 1.2824e+07 1.1043e+07  13.9%   1.4 1375s
 265056 261580 1.1047e+07 1282  192 1.2824e+07 1.1043e+07  13.9%   1.4 1380s
 266213 262712 1.1047e+07 1352  188 1.2824e+07 1.1043e+07  13.9%   1.3 1385s
 267338 263570 1.1047e+07 1416  191 1.2824e+07 1.1043e+07  13.9%   1.3 1392s
 267839 264373 1.1047e+07 1442  191 1.2824e+07 1.1043e+07  13.9%   1.3 1395s
 269002 265512 1.1047e+07 1506  188 1.2824e+07 1.1043e+07  13.9%   1.3 1400s
 270124 266653 1.1047e+07 1568  190 1.2824e+07 1.1043e+07  13.9%   1.3 1405s
 271304 267811 1.1048e+07 1636  191 1.2824e+07 1.1043e+07  13.9%   1.3 1411s
 272461 268693 1.1048e+07 1700  191 1.2824e+07 1.1043e+07  13.9%   1.3 1416s
 272897 269410 1.1048e+07 1720  190 1.2824e+07 1.1043e+07  13.9%   1.3 1420s
 274006 270546 1.1048e+07 1782  188 1.2824e+07 1.1043e+07  13.9%   1.3 1425s
 275259 271777 1.1048e+07 1855  192 1.2824e+07 1.1043e+07  13.9%   1.3 1430s
 276421 272947 1.1048e+07 1916  188 1.2824e+07 1.1043e+07  13.9%   1.3 1435s
 277603 273835 1.1048e+07 1985  192 1.2824e+07 1.1043e+07  13.9%   1.3 1442s
 278140 274657 1.1048e+07 2011  190 1.2824e+07 1.1043e+07  13.9%   1.3 1446s
 279029 275569 1.1049e+07 2063  191 1.2824e+07 1.1043e+07  13.9%   1.3 1450s
 280217 276752 1.1049e+07 2126  188 1.2824e+07 1.1043e+07  13.9%   1.3 1455s
 281111 277648 1.1049e+07 2311  183 1.2824e+07 1.1043e+07  13.9%   1.3 1460s
 282278 278888 1.1049e+07 2605  183 1.2824e+07 1.1043e+07  13.9%   1.3 1465s
 283068 279668 1.1049e+07 2753  183 1.2824e+07 1.1043e+07  13.9%   1.3 1470s
 284119 280678 1.1049e+07 2956  183 1.2824e+07 1.1043e+07  13.9%   1.3 1475s
 285412 281968 1.1049e+07 3208  182 1.2824e+07 1.1043e+07  13.9%   1.3 1480s
 286370 282941 1.1049e+07 3406  183 1.2824e+07 1.1043e+07  13.9%   1.3 1485s
 287643 284117 1.1050e+07 3654  182 1.2824e+07 1.1043e+07  13.9%   1.3 1492s
 288171 284740 1.1050e+07 3760  182 1.2824e+07 1.1043e+07  13.9%   1.3 1495s
 289205 285779 1.1050e+07 3976  183 1.2824e+07 1.1043e+07  13.9%   1.3 1500s
 290456 287021 1.1050e+07 4230  183 1.2824e+07 1.1043e+07  13.9%   1.3 1506s
 291469 288020 1.1050e+07 4428  182 1.2824e+07 1.1043e+07  13.9%   1.3 1511s
 292410 288949 1.1050e+07 4618  182 1.2824e+07 1.1043e+07  13.9%   1.3 1515s
 293036 289498 1.1050e+07 4744  182 1.2824e+07 1.1043e+07  13.9%   1.3 1521s
 293940 290501 1.1050e+07 4925  181 1.2824e+07 1.1043e+07  13.9%   1.3 1525s
 294879 291409 1.1050e+07 5114  182 1.2824e+07 1.1043e+07  13.9%   1.3 1530s
 296158 292699 1.1051e+07 5337  181 1.2824e+07 1.1043e+07  13.9%   1.3 1535s
 297124 293667 1.1051e+07 5498  182 1.2824e+07 1.1043e+07  13.9%   1.3 1540s
 298074 294370 1.1051e+07 5663  183 1.2824e+07 1.1043e+07  13.9%   1.3 1546s
 298776 295261 1.1051e+07 5774  182 1.2824e+07 1.1043e+07  13.9%   1.3 1550s
 300056 296625 1.1051e+07 5987  181 1.2824e+07 1.1043e+07  13.9%   1.3 1555s
 301028 297571 1.1051e+07 6150  182 1.2824e+07 1.1043e+07  13.9%   1.3 1560s
 302285 298855 1.1051e+07 6366  183 1.2824e+07 1.1043e+07  13.9%   1.3 1565s
 303257 299782 1.1051e+07 6522  182 1.2824e+07 1.1043e+07  13.9%   1.3 1571s
 304152 300705 1.1051e+07 6679  183 1.2824e+07 1.1043e+07  13.9%   1.3 1575s
 305437 301980 1.1052e+07 6889  181 1.2824e+07 1.1043e+07  13.9%   1.3 1581s
 306397 302899 1.1052e+07 7050  182 1.2824e+07 1.1043e+07  13.9%   1.3 1585s
 307622 304089 1.1052e+07 7199  179 1.2824e+07 1.1043e+07  13.9%   1.3 1591s
 308174 304709 1.1052e+07 7201  180 1.2824e+07 1.1043e+07  13.9%   1.3 1595s
 309358 305889 1.1052e+07 7200  180 1.2824e+07 1.1043e+07  13.9%   1.3 1601s
 310199 306750 1.1052e+07 7199  178 1.2824e+07 1.1043e+07  13.9%   1.3 1606s
 311113 307622 1.1052e+07 7201  177 1.2824e+07 1.1043e+07  13.9%   1.3 1610s
 311997 308560 1.1044e+07  218  216 1.2824e+07 1.1043e+07  13.9%   1.3 1616s
 312954 309493 1.1044e+07  382  217 1.2824e+07 1.1043e+07  13.9%   1.3 1621s
 313610 309842 1.1045e+07  466  218 1.2824e+07 1.1043e+07  13.9%   1.3 1625s
 314210 310814 1.1045e+07  540  218 1.2824e+07 1.1043e+07  13.9%   1.3 1630s
 315282 311792 1.1046e+07  665  216 1.2824e+07 1.1043e+07  13.9%   1.3 1635s
 316176 312727 1.1046e+07  737  190 1.2824e+07 1.1043e+07  13.9%   1.3 1640s
 317285 313792 1.1046e+07  821  190 1.2824e+07 1.1043e+07  13.9%   1.3 1645s
 318681 314915 1.1046e+07  932  191 1.2824e+07 1.1043e+07  13.9%   1.3 1651s
 319158 315694 1.1046e+07  964  190 1.2824e+07 1.1043e+07  13.9%   1.3 1655s
 320334 316851 1.1046e+07 1055  190 1.2824e+07 1.1043e+07  13.9%   1.3 1660s
 321468 318005 1.1047e+07 1143  190 1.2824e+07 1.1043e+07  13.9%   1.3 1665s
 322606 319123 1.1047e+07 1234  191 1.2824e+07 1.1043e+07  13.9%   1.3 1670s
 323757 319989 1.1047e+07 1314  189 1.2824e+07 1.1043e+07  13.9%   1.3 1675s
 324483 320998 1.1047e+07 1356  192 1.2824e+07 1.1043e+07  13.9%   1.3 1680s
 325617 322133 1.1047e+07 1412  190 1.2824e+07 1.1043e+07  13.9%   1.3 1685s
 327064 323553 1.1047e+07 1490  191 1.2824e+07 1.1043e+07  13.9%   1.3 1690s
 328214 324680 1.1047e+07 1550  191 1.2824e+07 1.1043e+07  13.9%   1.3 1695s
 328900 325460 1.1048e+07 1584  190 1.2824e+07 1.1043e+07  13.9%   1.3 1701s
 330132 326664 1.1048e+07 1651  191 1.2824e+07 1.1043e+07  13.9%   1.3 1706s
 331337 327872 1.1048e+07 1712  188 1.2824e+07 1.1043e+07  13.9%   1.3 1710s
 332466 329004 1.1048e+07 1772  190 1.2824e+07 1.1043e+07  13.9%   1.3 1715s
 333713 330235 1.1048e+07 1837  188 1.2824e+07 1.1043e+07  13.9%   1.3 1720s
 334311 330847 1.1048e+07 1870  191 1.2824e+07 1.1043e+07  13.9%   1.3 1725s
 335520 332051 1.1048e+07 1934  191 1.2824e+07 1.1043e+07  13.9%   1.3 1730s
 337014 333523 1.1048e+07 2014  191 1.2824e+07 1.1043e+07  13.9%   1.3 1736s
 338186 334722 1.1049e+07 2073  190 1.2824e+07 1.1043e+07  13.9%   1.3 1741s
 339044 335342 1.1049e+07 2122  191 1.2824e+07 1.1043e+07  13.9%   1.3 1746s
 339717 336331 1.1049e+07 2210  181 1.2824e+07 1.1043e+07  13.9%   1.3 1750s
 341105 337590 1.1049e+07 2603  183 1.2824e+07 1.1043e+07  13.9%   1.3 1756s
 342000 338557 1.1049e+07 2789  182 1.2824e+07 1.1043e+07  13.9%   1.3 1761s
 342971 339455 1.1049e+07 2987  182 1.2824e+07 1.1043e+07  13.9%   1.3 1765s
 343913 340475 1.1049e+07 3178  181 1.2824e+07 1.1043e+07  13.9%   1.3 1770s
 344553 341148 1.1049e+07 3311  183 1.2824e+07 1.1043e+07  13.9%   1.3 1776s
 345607 342155 1.1050e+07 3513  182 1.2824e+07 1.1043e+07  13.9%   1.3 1781s
 346549 343112 1.1050e+07 3700  181 1.2824e+07 1.1043e+07  13.9%   1.3 1785s
 347521 344021 1.1050e+07 3902  183 1.2824e+07 1.1043e+07  13.9%   1.3 1790s
 348543 345084 1.1050e+07 4095  182 1.2824e+07 1.1043e+07  13.9%   1.3 1795s
 349174 345692 1.1050e+07 4221  182 1.2824e+07 1.1043e+07  13.9%   1.3 1800s
 350447 347021 1.1050e+07 4475  183 1.2824e+07 1.1043e+07  13.9%   1.3 1806s
 351362 347939 1.1050e+07 4663  182 1.2824e+07 1.1043e+07  13.9%   1.3 1810s
 352719 349253 1.1050e+07 4931  182 1.2824e+07 1.1043e+07  13.9%   1.3 1815s
 353663 350195 1.1050e+07 5119  182 1.2824e+07 1.1043e+07  13.9%   1.3 1820s
 354600 350832 1.1051e+07 5266  183 1.2824e+07 1.1043e+07  13.9%   1.3 1825s
 355233 351814 1.1051e+07 5346  181 1.2824e+07 1.1043e+07  13.9%   1.3 1830s
 356564 353121 1.1051e+07 5539  182 1.2824e+07 1.1043e+07  13.9%   1.3 1836s
 357533 353912 1.1051e+07 5680  183 1.2824e+07 1.1043e+07  13.9%   1.3 1840s
 358293 354867 1.1051e+07 5810  183 1.2824e+07 1.1043e+07  13.9%   1.3 1845s
 359627 355949 1.1051e+07 5992  181 1.2824e+07 1.1043e+07  13.9%   1.3 1852s
 360321 356921 1.1051e+07 6089  182 1.2824e+07 1.1043e+07  13.9%   1.3 1855s
 361704 358294 1.1051e+07 6284  181 1.2824e+07 1.1043e+07  13.9%   1.3 1861s
 362685 359232 1.1051e+07 6421  182 1.2824e+07 1.1043e+07  13.9%   1.3 1865s
 363872 360410 1.1051e+07 6585  182 1.2824e+07 1.1043e+07  13.9%   1.3 1871s
 364846 361078 1.1051e+07 6719  182 1.2824e+07 1.1043e+07  13.9%   1.3 1876s
 365132 361703 1.1051e+07 6759  182 1.2824e+07 1.1043e+07  13.9%   1.3 1880s
 366494 363048 1.1052e+07 6956  183 1.2824e+07 1.1043e+07  13.9%   1.3 1886s
 367484 364010 1.1052e+07 7094  183 1.2824e+07 1.1043e+07  13.9%   1.3 1890s
 368697 365215 1.1052e+07 7201  180 1.2824e+07 1.1043e+07  13.9%   1.3 1896s
 369539 365994 1.1052e+07 7201  177 1.2824e+07 1.1043e+07  13.9%   1.3 1900s
 370073 366621 1.1052e+07 7201  180 1.2824e+07 1.1043e+07  13.9%   1.3 1905s
 371277 367786 1.1052e+07 7200  180 1.2824e+07 1.1043e+07  13.9%   1.3 1911s
 372152 368643 1.1052e+07 7201  176 1.2824e+07 1.1043e+07  13.9%   1.3 1915s
 373583 370201 1.1192e+07  546  146 1.2824e+07 1.1043e+07  13.9%   1.3 1920s
 374744 371305 1.1043e+07   59  237 1.2824e+07 1.1043e+07  13.9%   1.3 1925s
 375495 372083 1.1044e+07  218  212 1.2824e+07 1.1043e+07  13.9%   1.3 1930s
 376631 373152 1.1045e+07  467  212 1.2824e+07 1.1043e+07  13.9%   1.3 1935s
 377642 374105 1.1046e+07  713  211 1.2824e+07 1.1043e+07  13.9%   1.3 1940s
 379475 375944 1.1046e+07 1023  196 1.2824e+07 1.1043e+07  13.9%   1.3 1945s
 380609 377105 1.1047e+07 1216  195 1.2824e+07 1.1043e+07  13.9%   1.3 1951s
 381874 378373 1.1047e+07 1436  196 1.2824e+07 1.1043e+07  13.9%   1.3 1955s
 382909 379338 1.1048e+07 1636  196 1.2824e+07 1.1043e+07  13.9%   1.3 1960s
 384002 380467 1.1048e+07 1842  195 1.2824e+07 1.1043e+07  13.9%   1.3 1965s
 385032 381478 1.1049e+07 2053  196 1.2824e+07 1.1043e+07  13.9%   1.3 1970s
 385779 382201 1.1049e+07 2212  195 1.2824e+07 1.1043e+07  13.9%   1.3 1976s
 386563 383018 1.1049e+07 2376  195 1.2824e+07 1.1043e+07  13.9%   1.3 1980s
 387625 384171 1.1050e+07 2596  196 1.2824e+07 1.1043e+07  13.9%   1.3 1985s
 389182 385675 1.1050e+07 2816  195 1.2824e+07 1.1043e+07  13.9%   1.3 1990s
 390472 386876 1.1051e+07 3030  195 1.2824e+07 1.1043e+07  13.9%   1.3 1997s
 390974 387446 1.1051e+07 3137  195 1.2824e+07 1.1043e+07  13.9%   1.3 2000s
 392421 388911 1.1052e+07 3428  196 1.2824e+07 1.1043e+07  13.9%   1.3 2005s
 394273 390591 1.1053e+07 3758  195 1.2824e+07 1.1043e+07  13.9%   1.3 2010s
 395656 392050 1.1053e+07 4005  196 1.2824e+07 1.1043e+07  13.9%   1.3 2016s
 397179 393659 1.1054e+07 4291  195 1.2824e+07 1.1043e+07  13.9%   1.3 2020s
 398559 395060 1.1054e+07 4575  196 1.2824e+07 1.1043e+07  13.9%   1.3 2025s
 399860 396310 1.1055e+07 4857  193 1.2824e+07 1.1043e+07  13.9%   1.3 2030s
 400879 397175 1.1056e+07 5089  192 1.2824e+07 1.1043e+07  13.9%   1.3 2037s
 401232 397740 1.1056e+07 5173  193 1.2824e+07 1.1043e+07  13.9%   1.3 2040s
 402445 398861 1.1056e+07 5434  192 1.2824e+07 1.1043e+07  13.9%   1.3 2045s
 403195 399625 1.1057e+07 5611  193 1.2824e+07 1.1043e+07  13.9%   1.3 2050s
 404478 401066 1.1057e+07 5861  192 1.2824e+07 1.1043e+07  13.9%   1.3 2055s
 405482 401977 1.1057e+07 6040  193 1.2824e+07 1.1043e+07  13.9%   1.3 2061s
 406103 402293 1.1058e+07 6163  191 1.2824e+07 1.1043e+07  13.9%   1.3 2066s
 406436 402977 1.1058e+07 6230  191 1.2824e+07 1.1043e+07  13.9%   1.3 2070s
 407499 404015 1.1059e+07 6439  192 1.2824e+07 1.1043e+07  13.9%   1.3 2075s
 408468 404980 1.1059e+07 6634  192 1.2824e+07 1.1043e+07  13.9%   1.3 2080s
 409448 405971 1.1060e+07 6833  191 1.2824e+07 1.1043e+07  13.9%   1.3 2085s
 410440 406966 1.1061e+07 7024  192 1.2824e+07 1.1043e+07  13.9%   1.3 2090s
 411094 407446 1.1061e+07 7150  192 1.2824e+07 1.1043e+07  13.9%   1.3 2095s
 411917 408480 1.1061e+07 7201  187 1.2824e+07 1.1043e+07  13.9%   1.3 2102s
 412633 409185 1.1061e+07 7199  187 1.2824e+07 1.1043e+07  13.9%   1.3 2105s
 413703 410221 1.1061e+07 7198  189 1.2824e+07 1.1043e+07  13.9%   1.3 2111s
 414682 411203 1.1061e+07 7199  189 1.2824e+07 1.1043e+07  13.9%   1.3 2116s
 415677 412174 1.1061e+07 7201  188 1.2824e+07 1.1043e+07  13.9%   1.3 2120s
 416334 412887 1.1061e+07 7200  188 1.2824e+07 1.1043e+07  13.9%   1.3 2126s
 417003 413571 1.1044e+07  228  212 1.2824e+07 1.1043e+07  13.9%   1.3 2130s
 418085 414598 1.1045e+07  400  211 1.2824e+07 1.1043e+07  13.9%   1.3 2135s
 419603 416392 1.1045e+07 1024  214 1.2824e+07 1.1043e+07  13.9%   1.3 2140s
 421195 417752 1.1046e+07 2055  212 1.2824e+07 1.1043e+07  13.9%   1.3 2147s
 422357 419020 1.1046e+07 2727  212 1.2824e+07 1.1043e+07  13.9%   1.3 2150s
 424031 420503 1.1047e+07 3658  202 1.2824e+07 1.1043e+07  13.9%   1.3 2155s
 425139 421571 1.1047e+07 3809  192 1.2824e+07 1.1043e+07  13.9%   1.3 2160s
 426429 422575 1.1047e+07 4113  175 1.2824e+07 1.1043e+07  13.9%   1.3 2168s
 426794 423127 1.1047e+07 4157  172 1.2824e+07 1.1043e+07  13.9%   1.3 2170s
 427944 424307 1.1056e+07 4271  173 1.2824e+07 1.1043e+07  13.9%   1.4 2176s
 428941 425285 1.1058e+07 4332  171 1.2824e+07 1.1043e+07  13.9%   1.4 2180s
 431681 427688 1.1060e+07 5328  164 1.2824e+07 1.1043e+07  13.9%   1.4 2187s
 432562 429179 1.1061e+07 5717  163 1.2824e+07 1.1043e+07  13.9%   1.4 2190s
 434868 431304 1.1061e+07 6199  162 1.2824e+07 1.1043e+07  13.9%   1.4 2195s
 436806 432813 1.1062e+07 6381  162 1.2824e+07 1.1043e+07  13.9%   1.4 2201s
 437546 433891 1.1062e+07 6474  163 1.2824e+07 1.1043e+07  13.9%   1.4 2205s
 439500 435713 1.1063e+07 7201  157 1.2824e+07 1.1043e+07  13.9%   1.4 2210s
 440583 436800 1.1063e+07 7201  162 1.2824e+07 1.1043e+07  13.9%   1.4 2215s
 441681 437903 1.1063e+07 7199  163 1.2824e+07 1.1043e+07  13.9%   1.4 2220s
 442104 438332 1.1063e+07 7201  156 1.2824e+07 1.1043e+07  13.9%   1.4 2225s
 443325 439532 1.1224e+07  294  184 1.2824e+07 1.1043e+07  13.9%   1.4 2230s
 444387 440586 1.2083e+07 1005  149 1.2824e+07 1.1043e+07  13.9%   1.4 2235s
 445643 441720 1.1334e+07  149  198 1.2824e+07 1.1043e+07  13.9%   1.4 2240s
 446822 442979 1.1708e+07  328  157 1.2824e+07 1.1043e+07  13.9%   1.4 2249s
 447059 443160 1.2077e+07  358  148 1.2824e+07 1.1043e+07  13.9%   1.4 2250s
 448226 444385 1.1047e+07   67  238 1.2824e+07 1.1043e+07  13.9%   1.4 2255s
 449648 445811 1.1097e+07  771  152 1.2824e+07 1.1043e+07  13.9%   1.4 2260s
 450804 446776 1.2718e+07 1359  147 1.2824e+07 1.1043e+07  13.9%   1.4 2265s
 451937 447899 1.1200e+07  461  217 1.2824e+07 1.1043e+07  13.9%   1.4 2271s
 452789 448901 1.1229e+07  917  217 1.2824e+07 1.1043e+07  13.9%   1.4 2275s
 454016 450075 1.1266e+07 1608  215 1.2824e+07 1.1043e+07  13.9%   1.4 2280s
 455469 451550 1.1272e+07 2430  215 1.2824e+07 1.1043e+07  13.9%   1.4 2285s
 457115 452988 1.1309e+07 3308  213 1.2824e+07 1.1043e+07  13.9%   1.4 2292s
 457735 453872 1.1331e+07 3697  213 1.2824e+07 1.1043e+07  13.9%   1.4 2296s
 460295 456434 1.1340e+07 4913  205 1.2824e+07 1.1043e+07  13.9%   1.4 2301s
 462163 457999 1.1344e+07 5691  205 1.2824e+07 1.1043e+07  13.9%   1.4 2306s
 463692 459796 1.1347e+07 6389  205 1.2824e+07 1.1043e+07  13.9%   1.4 2310s
 465981 461894 1.1348e+07 7201  204 1.2824e+07 1.1043e+07  13.9%   1.4 2315s
 467546 463132 1.1045e+07  593  212 1.2824e+07 1.1043e+07  13.9%   1.4 2320s
 469612 465591 1.1046e+07 1717  211 1.2824e+07 1.1043e+07  13.9%   1.4 2325s
 471342 467092 1.1049e+07 2543  208 1.2824e+07 1.1043e+07  13.9%   1.4 2330s
 472622 468208 1.1052e+07 3150  205 1.2824e+07 1.1043e+07  13.9%   1.4 2337s
 473372 469117 1.1054e+07 3569  203 1.2824e+07 1.1043e+07  13.9%   1.4 2340s
 475204 471073 1.1058e+07 4688  203 1.2824e+07 1.1043e+07  13.9%   1.4 2345s
 477188 473009 1.1059e+07 5144  202 1.2824e+07 1.1043e+07  13.9%   1.4 2350s
 477763 473648 1.1060e+07 5190  202 1.2824e+07 1.1043e+07  13.9%   1.4 2355s
 479381 475273 1.1063e+07 5753  198 1.2824e+07 1.1043e+07  13.9%   1.4 2360s
 480856 476717 1.1066e+07 6275  197 1.2824e+07 1.1043e+07  13.9%   1.4 2366s
 482066 477995 1.1069e+07 6602  197 1.2824e+07 1.1043e+07  13.9%   1.4 2370s
 482742 478510 1.1070e+07 6757  197 1.2824e+07 1.1043e+07  13.9%   1.4 2375s
 484647 480578 1.1074e+07 7198  196 1.2824e+07 1.1043e+07  13.9%   1.4 2380s
 486833 482631 1.1074e+07 7199  197 1.2824e+07 1.1043e+07  13.9%   1.4 2385s
 487990 483588 1.1074e+07 7201  195 1.2824e+07 1.1043e+07  13.9%   1.4 2392s
 488539 484323 1.1074e+07 7199  195 1.2824e+07 1.1043e+07  13.9%   1.4 2395s
 489542 485361 1.1138e+07  148  215 1.2824e+07 1.1043e+07  13.9%   1.4 2400s
 490773 486541 1.1141e+07  535  206 1.2824e+07 1.1043e+07  13.9%   1.4 2405s
 491950 487833 1.1144e+07 1021  191 1.2824e+07 1.1043e+07  13.9%   1.4 2410s
 492932 488781 1.1184e+07 1352  175 1.2824e+07 1.1043e+07  13.9%   1.4 2416s
 494081 490015 1.1220e+07 1717  155 1.2824e+07 1.1043e+07  13.9%   1.4 2421s
 495146 491090 1.1221e+07 1974  155 1.2824e+07 1.1043e+07  13.9%   1.4 2425s
 496301 492245 1.1230e+07 2565  154 1.2824e+07 1.1043e+07  13.9%   1.4 2430s
 498002 493834 1.1823e+07 3366  148 1.2824e+07 1.1043e+07  13.9%   1.4 2435s
 498567 494455 1.1994e+07 3586  147 1.2824e+07 1.1043e+07  13.9%   1.4 2441s
 499801 495735 1.2120e+07 3994  146 1.2824e+07 1.1043e+07  13.9%   1.4 2445s
 501432 497187 1.2304e+07 4517  144 1.2824e+07 1.1043e+07  13.9%   1.4 2450s
 503049 498673 1.1651e+07  302  183 1.2824e+07 1.1043e+07  13.9%   1.4 2455s
 503624 499265 1.1669e+07  631  154 1.2824e+07 1.1043e+07  13.9%   1.4 2461s
 504854 500414 1.2628e+07 1308  155 1.2824e+07 1.1043e+07  13.9%   1.4 2465s
 505866 501394 1.1638e+07  205  193 1.2824e+07 1.1043e+07  13.9%   1.4 2470s
 507166 502680 1.1641e+07  607  193 1.2824e+07 1.1043e+07  13.9%   1.4 2476s
 508052 503500 1.1643e+07  863  185 1.2824e+07 1.1043e+07  13.9%   1.4 2480s
 508525 503971 1.1664e+07  970  182 1.2824e+07 1.1043e+07  13.9%   1.4 2485s
 509460 504940 1.1664e+07 1186  180 1.2824e+07 1.1043e+07  13.9%   1.4 2490s
 510355 505847 1.1664e+07 1377  178 1.2824e+07 1.1043e+07  13.9%   1.4 2496s
 510999 506520 1.1665e+07 1527  179 1.2824e+07 1.1043e+07  13.9%   1.4 2500s
 511828 507367 1.1666e+07 1684  175 1.2824e+07 1.1043e+07  13.9%   1.4 2505s
 512927 508457 1.1666e+07 1899  174 1.2824e+07 1.1043e+07  13.9%   1.4 2510s
 513458 508979 1.1666e+07 2012  174 1.2824e+07 1.1043e+07  13.9%   1.4 2516s
 514208 509778 1.1666e+07 2185  173 1.2824e+07 1.1043e+07  13.9%   1.4 2520s
 515489 510911 1.1667e+07 2474  159 1.2824e+07 1.1043e+07  13.9%   1.4 2526s
 516591 512201 1.1667e+07 2737  153 1.2824e+07 1.1043e+07  13.9%   1.4 2531s
 517620 513250 1.1668e+07 2910  154 1.2824e+07 1.1043e+07  13.9%   1.4 2535s
 518633 514027 1.1669e+07 3075  153 1.2824e+07 1.1043e+07  13.9%   1.4 2540s
 519840 515450 1.1669e+07 3302  153 1.2824e+07 1.1043e+07  13.9%   1.4 2545s
 521715 517234 1.1670e+07 3617  152 1.2824e+07 1.1043e+07  13.9%   1.4 2550s
 523050 518661 1.1671e+07 3885  152 1.2824e+07 1.1043e+07  13.9%   1.4 2555s
 523997 519441 1.1672e+07 4047  152 1.2824e+07 1.1043e+07  13.9%   1.4 2560s
 526014 521438 1.1673e+07 4387  149 1.2824e+07 1.1043e+07  13.9%   1.4 2565s
 527075 522434 1.1673e+07 4660  147 1.2824e+07 1.1043e+07  13.9%   1.4 2570s
 528572 523950 1.1673e+07 5086  148 1.2824e+07 1.1043e+07  13.9%   1.4 2575s
 529077 524418 1.1673e+07 5229  148 1.2824e+07 1.1043e+07  13.9%   1.4 2580s
 530062 525421 1.1673e+07 5506  148 1.2824e+07 1.1043e+07  13.9%   1.4 2585s
 531079 526470 1.1674e+07 5789  147 1.2824e+07 1.1043e+07  13.9%   1.4 2590s
 532433 527807 1.1674e+07 6166  148 1.2824e+07 1.1043e+07  13.9%   1.4 2595s
 533625 529069 1.1674e+07 6477  147 1.2824e+07 1.1043e+07  13.9%   1.4 2600s
 533976 529363 1.1674e+07 6558  147 1.2824e+07 1.1043e+07  13.9%   1.4 2605s
 535184 530429 1.1704e+07 6860  147 1.2824e+07 1.1043e+07  13.9%   1.4 2610s
 536158 531330 1.1705e+07 7168  147 1.2824e+07 1.1043e+07  13.9%   1.4 2616s
 536948 532124 1.1705e+07 7200  145 1.2824e+07 1.1043e+07  13.9%   1.4 2620s
 537805 532974 1.1705e+07 7201  144 1.2824e+07 1.1043e+07  13.9%   1.4 2625s
H538603 533754                    1.282325e+07 1.1043e+07  13.9%   1.4 2629s
 538866 534045 1.1705e+07 7201  143 1.2823e+07 1.1043e+07  13.9%   1.4 2630s
 539417 534307 1.1710e+07 7200  147 1.2823e+07 1.1043e+07  13.9%   1.4 2635s
H540028 535194                    1.282325e+07 1.1043e+07  13.9%   1.4 2639s
 540306 535511 1.1633e+07  354  180 1.2823e+07 1.1043e+07  13.9%   1.4 2641s
 541056 536304 1.1646e+07  746  148 1.2823e+07 1.1043e+07  13.9%   1.4 2645s
 542478 537646 1.2664e+07 1426  151 1.2823e+07 1.1043e+07  13.9%   1.4 2650s
 543860 538941 1.1634e+07  608  210 1.2823e+07 1.1043e+07  13.9%   1.4 2655s
 544644 539691 1.1636e+07 1086  206 1.2823e+07 1.1043e+07  13.9%   1.4 2660s
 546169 541057 1.1642e+07 2016  200 1.2823e+07 1.1043e+07  13.9%   1.4 2665s
 547830 542811 1.1648e+07 2941  192 1.2823e+07 1.1043e+07  13.9%   1.4 2670s
 549337 544273 1.1659e+07 3751  190 1.2823e+07 1.1043e+07  13.9%   1.4 2675s
 549653 544519 1.1660e+07 3836  188 1.2823e+07 1.1043e+07  13.9%   1.4 2680s
 551085 545747 1.1662e+07 4309  181 1.2823e+07 1.1043e+07  13.9%   1.5 2685s
 552290 547067 1.1664e+07 4481  179 1.2823e+07 1.1043e+07  13.9%   1.5 2690s
 554114 548969 1.1669e+07 4974  178 1.2823e+07 1.1043e+07  13.9%   1.5 2695s
 555257 550111 1.1673e+07 5439  178 1.2823e+07 1.1043e+07  13.9%   1.5 2700s
 556823 551577 1.1677e+07 5994  178 1.2823e+07 1.1043e+07  13.9%   1.5 2705s
 558615 553381 1.1683e+07 6729  178 1.2823e+07 1.1043e+07  13.9%   1.5 2710s
 560020 554436 1.1688e+07 7201  173 1.2823e+07 1.1043e+07  13.9%   1.5 2716s
 560827 555536 1.1688e+07 7200  171 1.2823e+07 1.1043e+07  13.9%   1.5 2720s
 562011 556596 1.1689e+07 7200  174 1.2823e+07 1.1043e+07  13.9%   1.5 2725s
 563274 557882 1.1690e+07 7201  172 1.2823e+07 1.1043e+07  13.9%   1.5 2730s
 564780 559484 1.1638e+07  380  177 1.2823e+07 1.1043e+07  13.9%   1.5 2735s
 565388 560082 1.1646e+07  766  153 1.2823e+07 1.1043e+07  13.9%   1.5 2740s
 566746 561328 1.2703e+07 1575  153 1.2823e+07 1.1043e+07  13.9%   1.5 2745s
 567745 562411 1.1811e+07  278  191 1.2823e+07 1.1043e+07  13.9%   1.5 2750s
 568857 563618 1.1816e+07  913  189 1.2823e+07 1.1043e+07  13.9%   1.5 2755s
 570042 564663 1.1822e+07 1532  182 1.2823e+07 1.1043e+07  13.9%   1.5 2760s
 571890 566619 1.1831e+07 2640  182 1.2823e+07 1.1043e+07  13.9%   1.5 2765s
 573482 568163 1.1838e+07 3616  182 1.2823e+07 1.1043e+07  13.9%   1.5 2770s
 574861 569525 1.1844e+07 4394  180 1.2823e+07 1.1043e+07  13.9%   1.5 2776s
 575552 570193 1.1847e+07 4780  180 1.2823e+07 1.1043e+07  13.9%   1.5 2781s
H575868 570412                    1.282291e+07 1.1043e+07  13.9%   1.5 2782s
H576492 571086                    1.282291e+07 1.1043e+07  13.9%   1.5 2786s
 577246 571806 1.1853e+07 5492  179 1.2823e+07 1.1043e+07  13.9%   1.5 2790s
 578783 573378 1.1857e+07 6218  175 1.2823e+07 1.1043e+07  13.9%   1.5 2795s
 580112 574701 1.1861e+07 6829  174 1.2823e+07 1.1043e+07  13.9%   1.5 2800s
 580893 575457 1.1863e+07 7192  174 1.2823e+07 1.1043e+07  13.9%   1.5 2806s
 581947 576515 1.1863e+07 7199  174 1.2823e+07 1.1043e+07  13.9%   1.5 2810s
 583167 577752 1.1863e+07 7199  171 1.2823e+07 1.1043e+07  13.9%   1.5 2815s
 585001 579646 1.1823e+07  781  186 1.2823e+07 1.1043e+07  13.9%   1.5 2821s
 586183 580874 1.1829e+07 1508  184 1.2823e+07 1.1043e+07  13.9%   1.5 2825s
 588573 583252 1.1841e+07 3144  184 1.2823e+07 1.1043e+07  13.9%   1.5 2830s
 589777 584260 1.1846e+07 3818  179 1.2823e+07 1.1043e+07  13.9%   1.5 2835s
 590741 585237 1.1850e+07 4269  177 1.2823e+07 1.1043e+07  13.9%   1.5 2840s
 591153 585611 1.1851e+07 4477  174 1.2823e+07 1.1043e+07  13.9%   1.5 2845s
 592066 586575 1.1854e+07 4950  172 1.2823e+07 1.1043e+07  13.9%   1.5 2851s
 592795 587370 1.1855e+07 5334  172 1.2823e+07 1.1043e+07  13.9%   1.5 2855s
 593629 588201 1.1858e+07 5817  173 1.2823e+07 1.1043e+07  13.9%   1.5 2860s
 595082 589591 1.1863e+07 6601  173 1.2823e+07 1.1043e+07  13.9%   1.5 2865s
 595894 590253 1.1867e+07 6986  178 1.2823e+07 1.1043e+07  13.9%   1.5 2870s
 597147 591418 1.1869e+07 7200  175 1.2823e+07 1.1043e+07  13.9%   1.5 2875s
 597988 592344 1.1869e+07 7199  175 1.2823e+07 1.1043e+07  13.9%   1.5 2880s
 599198 593421 1.1869e+07 7201  170 1.2823e+07 1.1043e+07  13.9%   1.5 2886s
 599987 594151 1.1869e+07 7194  177 1.2823e+07 1.1043e+07  13.9%   1.5 2890s
 600692 594907 1.1869e+07 7198  175 1.2823e+07 1.1043e+07  13.9%   1.5 2895s
 601264 595465 1.1810e+07  140  184 1.2823e+07 1.1043e+07  13.9%   1.5 2901s
 602263 596562 1.1850e+07  668  118 1.2823e+07 1.1043e+07  13.9%   1.5 2906s
 603371 597264 1.2688e+07 1259   97 1.2823e+07 1.1043e+07  13.9%   1.5 2910s
 604430 598608 1.1623e+07  294  226 1.2823e+07 1.1043e+07  13.9%   1.5 2915s
 606332 600017 1.1628e+07 1328  224 1.2823e+07 1.1043e+07  13.9%   1.5 2922s
 606746 600943 1.1629e+07 1532  224 1.2823e+07 1.1043e+07  13.9%   1.5 2925s
 608567 602652 1.1636e+07 2367  214 1.2823e+07 1.1043e+07  13.9%   1.5 2930s
 610310 604272 1.1648e+07 3247  213 1.2823e+07 1.1043e+07  13.9%   1.5 2935s
 611446 605127 1.1654e+07 3723  210 1.2823e+07 1.1043e+07  13.9%   1.5 2940s
 613074 607039 1.1665e+07 4477  210 1.2823e+07 1.1043e+07  13.9%   1.5 2945s
 615072 609001 1.1677e+07 5410  198 1.2823e+07 1.1043e+07  13.9%   1.5 2950s
 616538 610219 1.1682e+07 6087  198 1.2823e+07 1.1043e+07  13.9%   1.5 2957s
 616985 610916 1.1684e+07 6321  198 1.2823e+07 1.1043e+07  13.9%   1.5 2960s
 618978 612911 1.1690e+07 7201  194 1.2823e+07 1.1043e+07  13.9%   1.5 2965s
 620216 614153 1.1690e+07 7199  195 1.2823e+07 1.1043e+07  13.9%   1.5 2970s
 621452 615409 1.1690e+07 7200  197 1.2823e+07 1.1043e+07  13.9%   1.5 2977s
 622004 615971 1.1690e+07 7201  196 1.2823e+07 1.1043e+07  13.9%   1.5 2980s
 623321 617275 1.1630e+07  118  183 1.2823e+07 1.1043e+07  13.9%   1.5 2985s
 624239 618158 1.1631e+07  320  166 1.2823e+07 1.1043e+07  13.9%   1.5 2990s
 625434 619352 1.1632e+07  640  166 1.2823e+07 1.1043e+07  13.9%   1.5 2996s
 626191 620138 1.1632e+07  840  164 1.2823e+07 1.1043e+07  13.9%   1.5 3000s
 626721 620553 1.1632e+07  979  163 1.2823e+07 1.1043e+07  13.9%   1.5 3006s
 627452 621432 1.1633e+07 1147  163 1.2823e+07 1.1043e+07  13.9%   1.5 3011s
 628410 622415 1.1633e+07 1363  162 1.2823e+07 1.1043e+07  13.9%   1.5 3015s
 629367 623363 1.1633e+07 1591  162 1.2823e+07 1.1043e+07  13.9%   1.5 3020s
 630339 624294 1.1633e+07 1812  161 1.2823e+07 1.1043e+07  13.9%   1.5 3025s
 631257 625230 1.1634e+07 2035  158 1.2823e+07 1.1043e+07  13.9%   1.5 3030s
 632005 625809 1.1634e+07 2216  157 1.2823e+07 1.1043e+07  13.9%   1.5 3036s
 633551 627358 1.1635e+07 2495  156 1.2823e+07 1.1043e+07  13.9%   1.5 3041s
 634693 628463 1.1636e+07 2700  157 1.2823e+07 1.1043e+07  13.9%   1.5 3045s
 636297 630148 1.1638e+07 2961  156 1.2823e+07 1.1043e+07  13.9%   1.5 3050s
 637209 631005 1.1639e+07 3091  156 1.2823e+07 1.1043e+07  13.9%   1.5 3055s
 639380 633204 1.1641e+07 3404  157 1.2823e+07 1.1043e+07  13.9%   1.5 3060s
 640735 634267 1.1641e+07 3649  155 1.2823e+07 1.1043e+07  13.9%   1.5 3065s
 641694 635374 1.1642e+07 3885  146 1.2823e+07 1.1043e+07  13.9%   1.5 3070s
 642233 635732 1.1642e+07 4025  146 1.2823e+07 1.1043e+07  13.9%   1.5 3075s
 643168 636870 1.1643e+07 4252  146 1.2823e+07 1.1043e+07  13.9%   1.5 3081s
 644289 637972 1.1644e+07 4535  146 1.2823e+07 1.1043e+07  13.9%   1.5 3085s
 645666 639356 1.1645e+07 4921  146 1.2823e+07 1.1043e+07  13.9%   1.5 3090s
 647090 640786 1.1647e+07 5337  146 1.2823e+07 1.1043e+07  13.9%   1.5 3095s
 647415 641093 1.1647e+07 5434  146 1.2823e+07 1.1043e+07  13.9%   1.5 3100s
 648803 642554 1.1649e+07 5834  146 1.2823e+07 1.1043e+07  13.9%   1.5 3105s
 649846 643615 1.1651e+07 6080  146 1.2823e+07 1.1043e+07  13.9%   1.5 3110s
 651203 644733 1.1653e+07 6405  145 1.2823e+07 1.1043e+07  13.9%   1.5 3116s
 652566 645900 1.1658e+07 6706  144 1.2823e+07 1.1043e+07  13.9%   1.5 3122s
 652900 646622 1.1659e+07 6774  145 1.2823e+07 1.1043e+07  13.9%   1.5 3125s
 654602 648377 1.1664e+07 7067  145 1.2823e+07 1.1043e+07  13.9%   1.5 3130s
 656755 650480 1.1665e+07 7198  139 1.2823e+07 1.1043e+07  13.9%   1.5 3135s
 657714 651359 1.1665e+07 7201  139 1.2823e+07 1.1043e+07  13.9%   1.5 3140s
 659079 652732 1.1665e+07 7201  137 1.2823e+07 1.1043e+07  13.9%   1.5 3145s
 660706 654321 1.1665e+07 7200  140 1.2823e+07 1.1043e+07  13.9%   1.5 3150s
 661930 655587 1.1671e+07  528  161 1.2823e+07 1.1043e+07  13.9%   1.5 3155s
 662920 656223 infeasible 1010      1.2823e+07 1.1043e+07  13.9%   1.5 3161s
 663408 656964 1.1865e+07 1240  148 1.2823e+07 1.1043e+07  13.9%   1.5 3165s
 664648 658033 1.2765e+07 1867  159 1.2823e+07 1.1043e+07  13.9%   1.5 3170s
 666314 659883 1.1835e+07  947  180 1.2823e+07 1.1043e+07  13.9%   1.5 3175s
 667874 661316 1.1842e+07 1958  178 1.2823e+07 1.1043e+07  13.9%   1.5 3182s
 668694 662332 1.1845e+07 2404  174 1.2823e+07 1.1043e+07  13.9%   1.5 3185s
 670214 663795 1.1848e+07 3277  168 1.2823e+07 1.1043e+07  13.9%   1.5 3190s
 672241 665678 1.1853e+07 4625  165 1.2823e+07 1.1043e+07  13.9%   1.5 3195s
 673099 666423 1.1856e+07 5088  165 1.2823e+07 1.1043e+07  13.9%   1.5 3200s
 674041 667506 1.1858e+07 5611  165 1.2823e+07 1.1043e+07  13.9%   1.5 3205s
 675558 669025 1.1862e+07 6461  165 1.2823e+07 1.1043e+07  13.9%   1.5 3210s
 676762 670163 1.1865e+07 7126  165 1.2823e+07 1.1043e+07  13.9%   1.5 3215s
 678033 671401 1.1866e+07 7199  164 1.2823e+07 1.1043e+07  13.9%   1.5 3221s
 678277 671531 1.1866e+07 7200  164 1.2823e+07 1.1043e+07  13.9%   1.5 3225s
 679413 672823 1.1866e+07 7197  165 1.2823e+07 1.1043e+07  13.9%   1.5 3230s
 680785 674179 1.1866e+07 7201  165 1.2823e+07 1.1043e+07  13.9%   1.5 3235s
 682571 676097 1.1837e+07  993  209 1.2823e+07 1.1043e+07  13.9%   1.5 3241s
 683363 676713 1.1840e+07 1521  209 1.2823e+07 1.1043e+07  13.9%   1.5 3246s
 684377 678017 1.1842e+07 2103  196 1.2823e+07 1.1043e+07  13.9%   1.5 3250s
 686710 680205 1.1861e+07 3566  195 1.2823e+07 1.1043e+07  13.9%   1.5 3255s
 688304 681804 1.1875e+07 4614  195 1.2823e+07 1.1043e+07  13.9%   1.5 3260s
 688994 682456 1.1881e+07 5046  195 1.2823e+07 1.1043e+07  13.9%   1.5 3265s
 690535 684034 1.1884e+07 6043  192 1.2823e+07 1.1043e+07  13.9%   1.5 3270s
 691680 685060 1.1887e+07 6670  190 1.2823e+07 1.1043e+07  13.9%   1.5 3275s
 693206 686565 1.1891e+07 7200  189 1.2823e+07 1.1043e+07  13.9%   1.5 3280s
 693650 686984 1.1891e+07 7199  188 1.2823e+07 1.1043e+07  13.9%   1.5 3286s
 694245 687592 1.1891e+07 7200  186 1.2823e+07 1.1043e+07  13.9%   1.5 3290s
 695537 688935 1.1891e+07 7201  189 1.2823e+07 1.1043e+07  13.9%   1.5 3295s
 696857 690241 1.1891e+07 7200  188 1.2823e+07 1.1043e+07  13.9%   1.5 3300s
 698191 691551 1.1733e+07  190  156 1.2823e+07 1.1043e+07  13.9%   1.5 3305s
H699049 692395                    1.282233e+07 1.1043e+07  13.9%   1.5 3310s
H699358 692699                    1.282233e+07 1.1043e+07  13.9%   1.5 3311s
H700204 693485                    1.282232e+07 1.1043e+07  13.9%   1.5 3315s
 701205 694282     cutoff  466      1.2822e+07 1.1043e+07  13.9%   1.5 3320s
 701838 694926 1.1629e+07   53  225 1.2822e+07 1.1043e+07  13.9%   1.5 3325s
H702171 695324                    1.282230e+07 1.1043e+07  13.9%   1.5 3326s
H703347 696450                    1.282230e+07 1.1043e+07  13.9%   1.5 3331s
H703564 696450                    1.282229e+07 1.1043e+07  13.9%   1.5 3331s
 704111 696880 1.1637e+07 1465  200 1.2822e+07 1.1043e+07  13.9%   1.5 3335s
 704994 698040 1.1640e+07 1953  199 1.2822e+07 1.1043e+07  13.9%   1.5 3340s
 706219 699281 1.1642e+07 2258  196 1.2822e+07 1.1043e+07  13.9%   1.5 3346s
 707117 700159 1.1644e+07 2465  211 1.2822e+07 1.1043e+07  13.9%   1.5 3350s
 708830 701907 1.1646e+07 2834  196 1.2822e+07 1.1043e+07  13.9%   1.5 3356s
 709190 701927 1.1647e+07 2906  196 1.2822e+07 1.1043e+07  13.9%   1.5 3360s
 710177 703323 1.1648e+07 3113  196 1.2822e+07 1.1043e+07  13.9%   1.5 3365s
 712340 705483 1.1651e+07 3466  196 1.2822e+07 1.1043e+07  13.9%   1.5 3370s
 714352 707071 1.1653e+07 3792  196 1.2822e+07 1.1043e+07  13.9%   1.6 3377s
 715003 708062 1.1654e+07 3910  196 1.2822e+07 1.1043e+07  13.9%   1.6 3380s
 716383 709314 1.1656e+07 4149  196 1.2822e+07 1.1043e+07  13.9%   1.6 3385s
 717319 710285 1.1656e+07 4243  191 1.2822e+07 1.1043e+07  13.9%   1.6 3390s
H718407 711347                    1.282228e+07 1.1043e+07  13.9%   1.6 3393s
 719076 712031 1.1663e+07 4865  179 1.2822e+07 1.1043e+07  13.9%   1.6 3395s
 719525 712398 1.1666e+07 5070  179 1.2822e+07 1.1043e+07  13.9%   1.6 3400s
 720821 713772 1.1674e+07 5660  179 1.2822e+07 1.1043e+07  13.9%   1.6 3405s
H721521 714496                    1.282220e+07 1.1043e+07  13.9%   1.6 3407s
 722504 715475 1.1684e+07 6396  179 1.2822e+07 1.1043e+07  13.9%   1.6 3410s
H722758 715677                    1.282214e+07 1.1043e+07  13.9%   1.6 3411s
 723825 716842 1.1692e+07 6955  178 1.2822e+07 1.1043e+07  13.9%   1.6 3415s
 724474 717408 1.1695e+07 7175  178 1.2822e+07 1.1043e+07  13.9%   1.6 3421s
 725422 718226 1.1695e+07 7201  176 1.2822e+07 1.1043e+07  13.9%   1.6 3425s
 726439 719203 1.1695e+07 7200  178 1.2822e+07 1.1043e+07  13.9%   1.6 3430s
 727425 720217 1.1695e+07 7201  176 1.2822e+07 1.1043e+07  13.9%   1.6 3436s
 728456 721229 1.1695e+07 7201  180 1.2822e+07 1.1043e+07  13.9%   1.6 3440s
 729242 722096 1.1695e+07 7200  176 1.2822e+07 1.1043e+07  13.9%   1.6 3445s
 729948 722880 1.1662e+07  230  202 1.2822e+07 1.1043e+07  13.9%   1.6 3450s
 731316 724328 1.1684e+07  767  161 1.2822e+07 1.1043e+07  13.9%   1.6 3455s
 732546 725355 1.2068e+07 1301  182 1.2822e+07 1.1043e+07  13.9%   1.6 3460s
 733743 726594 1.1811e+07   68  213 1.2822e+07 1.1043e+07  13.9%   1.6 3465s
 735108 727576 1.1839e+07  888  197 1.2822e+07 1.1043e+07  13.9%   1.6 3470s
 735865 728641 1.1842e+07 1290  197 1.2822e+07 1.1043e+07  13.9%   1.6 3475s
 737287 730068 1.1859e+07 2121  191 1.2822e+07 1.1043e+07  13.9%   1.6 3480s
 739293 731995 1.1872e+07 3179  190 1.2822e+07 1.1043e+07  13.9%   1.6 3485s
 740327 732983 1.1878e+07 3660  190 1.2822e+07 1.1043e+07  13.9%   1.6 3490s
 742422 735032 1.1894e+07 4939  190 1.2822e+07 1.1043e+07  13.9%   1.6 3495s
 744252 736824 1.1899e+07 5608  188 1.2822e+07 1.1043e+07  13.9%   1.6 3500s
 745378 737641 1.1899e+07 6037  188 1.2822e+07 1.1043e+07  13.9%   1.6 3505s
 746868 739496 1.1899e+07 6607  187 1.2822e+07 1.1043e+07  13.9%   1.6 3510s
 748801 741359 1.1907e+07 7197  185 1.2822e+07 1.1043e+07  13.9%   1.6 3515s
 750577 742802 1.1907e+07 7200  183 1.2822e+07 1.1043e+07  13.9%   1.6 3521s
 751191 743657 1.1907e+07 7198  180 1.2822e+07 1.1043e+07  13.9%   1.6 3525s
 752912 745377 1.1907e+07 7199  181 1.2822e+07 1.1043e+07  13.9%   1.6 3530s
 754175 746640 1.1697e+07  453  173 1.2822e+07 1.1043e+07  13.9%   1.6 3535s
 755388 747811 1.1986e+07 1242  148 1.2822e+07 1.1043e+07  13.9%   1.6 3541s
 755622 747867 1.2046e+07 1390  147 1.2822e+07 1.1043e+07  13.9%   1.6 3545s
 756301 748618 infeasible 1801      1.2822e+07 1.1043e+07  13.9%   1.6 3550s
 757443 749776 1.1627e+07  339  182 1.2822e+07 1.1043e+07  13.9%   1.6 3555s
 758842 751246 1.1630e+07  698  183 1.2822e+07 1.1043e+07  13.9%   1.6 3561s
 760150 752562 1.1632e+07  921  182 1.2822e+07 1.1043e+07  13.9%   1.6 3565s
 760764 753157 1.1633e+07 1032  183 1.2822e+07 1.1043e+07  13.9%   1.6 3570s
 761929 754401 1.1634e+07 1241  181 1.2822e+07 1.1043e+07  13.9%   1.6 3575s
 763461 755808 1.1636e+07 1513  181 1.2822e+07 1.1043e+07  13.9%   1.6 3580s
 764570 756939 1.1638e+07 1799  162 1.2822e+07 1.1043e+07  13.9%   1.6 3585s
 765771 758026 1.1640e+07 2128  155 1.2822e+07 1.1043e+07  13.9%   1.6 3593s
 766117 758480 1.1640e+07 2217  158 1.2822e+07 1.1043e+07  13.9%   1.6 3595s
 767101 759450 1.1641e+07 2481  146 1.2822e+07 1.1043e+07  13.9%   1.6 3600s

Cutting planes:
  RLT: 103

Explored 767323 nodes (1213102 simplex iterations) in 3600.14 seconds (1752.76 work units)
Thread count was 2 (of 24 available processors)

Solution count 10: 1.28221e+07 1.28222e+07 1.28223e+07 ... 1.28232e+07

Time limit reached
Best objective 1.282213862195e+07, best bound 1.104296005832e+07, gap 13.8758%
