
Gurobi 11.0.3 (linux64, Java) logging started ter 03 dez 2024 02:42:20 -03

Set parameter Username
Academic license - for non-commercial use only - expires 2025-10-10
Set parameter NonConvex to value 2
Set parameter TimeLimit to value 3600
Set parameter LogToConsole to value 0
Set parameter MIPGap to value 2.4724769623200637e-08
Set parameter Threads to value 2
Set parameter NodefileDir to value "/home/ps12398/experiment_epec/goalProgrammingMarcos/"
Set parameter NodefileStart to value 1
Gurobi Optimizer version 11.0.3 build v11.0.3rc0 (linux64)

CPU model: Intel(R) Xeon(R) CPU           X5650  @ 2.67GHz, instruction set [SSE2]
Thread count: 12 physical cores, 24 logical processors, using up to 2 threads

Optimize a model with 100949 rows, 69014 columns and 673505 nonzeros
Model fingerprint: 0x741ea668
Model has 190 quadratic constraints
Variable types: 34416 continuous, 34598 integer (185 binary)
Coefficient statistics:
  Matrix range     [5e-03, 8e+06]
  QMatrix range    [5e-03, 1e+05]
  QLMatrix range   [1e+00, 1e+05]
  Objective range  [1e+00, 8e+07]
  Bounds range     [1e+00, 1e+08]
  RHS range        [1e+00, 5e+05]
  QRHS range       [5e-02, 5e-02]
Presolve removed 99987 rows and 67686 columns
Presolve time: 0.32s
Presolved: 1676 rows, 1551 columns, 113345 nonzeros
Presolved model has 2 SOS constraint(s)
Presolved model has 185 bilinear constraint(s)

Solving non-convex MIQCP

Variable types: 598 continuous, 953 integer (187 binary)
Found heuristic solution: objective 1.307049e+07

Root relaxation: objective 1.242496e+06, 262 iterations, 0.04 seconds (0.02 work units)

    Nodes    |    Current Node    |     Objective Bounds      |     Work
 Expl Unexpl |  Obj  Depth IntInf | Incumbent    BestBd   Gap | It/Node Time

     0     0 1242495.81    0  258 1.3070e+07 1242495.81  90.5%     -    1s
     0     0 2786283.92    0  269 1.3070e+07 2786283.92  78.7%     -    1s
H    0     0                    7688739.8251 2786301.12  63.8%     -    1s
     0     0 2862191.83    0  268 7688739.83 2862191.83  62.8%     -    2s
H    0     0                    7318707.4926 2862203.62  60.9%     -    2s
     0     0 2863310.60    0  269 7318707.49 2863310.60  60.9%     -    2s
     0     0 2863979.41    0  268 7318707.49 2863979.41  60.9%     -    2s
     0     0 2864004.83    0  268 7318707.49 2864004.83  60.9%     -    3s
     0     2 2864004.83    0  268 7318707.49 2864004.83  60.9%     -    3s
   408   433 2871986.20  191  254 7318707.49 2864075.95  60.9%   1.1    5s
  2268  2363 2903262.20  917  213 7318707.49 2864075.95  60.9%   1.3   10s
  3654  3654 2895994.04  952  117 7318707.49 2864075.95  60.9%   1.2   15s
H 3654  3471                    6944513.8971 4368406.05  37.1%   1.2   15s
H 3656  3299                    6429325.8930 4412471.47  31.4%   1.2   16s
H 3659  3136                    6356479.3908 4413007.60  30.6%   1.2   16s
H 3665  2983                    6341216.0702 4438820.93  30.0%   1.4   18s
  3673  2990 4439224.08  772  121 6341216.07 4439224.08  30.0%   1.5   20s
H 3673  2840                    6309920.6486 4439224.08  29.6%   1.5   21s
H 3675  2700                    6307490.0471 4439234.50  29.6%   1.5   22s
H 3675  2565                    6307138.5527 4439234.50  29.6%   1.5   22s
  3679  2570 4439247.84   39  268 6307138.55 4439247.84  29.6%   1.7   25s
H 3884  2715                    6297702.6896 4439334.53  29.5%   1.7   27s
H 3976  2562                    6265818.6320 4439334.53  29.1%   1.7   27s
  4405  2957 4440211.56  198  234 6265818.63 4439334.53  29.1%   1.7   30s
H 4980  3116                    6265657.6449 4439334.53  29.1%   1.9   32s
H 4986  3004                    6265601.5227 4439334.53  29.1%   1.9   32s
  5384  3346 4441537.28  428  222 6265601.52 4439334.53  29.1%   2.1   35s
  6358  4121 4442930.01  662  223 6265601.52 4439334.53  29.1%   2.7   40s
H 6682  4056                    6263786.1224 4439334.53  29.1%   2.8   42s
  7225  4543 4444181.38  895  214 6263786.12 4439334.53  29.1%   3.3   45s
  8125  5181 4447748.84 1130  225 6263786.12 4439334.53  29.1%   3.8   50s
  8896  5718 4453953.69 1297  206 6263786.12 4439334.53  29.1%   4.5   55s
  9591  6135 4455958.06 1414  209 6263786.12 4439334.53  29.1%   4.9   60s
 10437  6928 4460518.19 1554  223 6263786.12 4439334.53  29.1%   5.3   65s
 11232  7865 4463788.76 1721  208 6263786.12 4439334.53  29.1%   5.7   70s
 12160  8643 4474044.99 1907  208 6263786.12 4439334.53  29.1%   5.9   75s
 12853  9415 4495633.04 2060  206 6263786.12 4439334.53  29.1%   6.2   80s
 13726 10290 4501632.77 2214  211 6263786.12 4439334.53  29.1%   6.3   85s
 14733 11336 4508291.85 2457  202 6263786.12 4439334.53  29.1%   6.3   91s
 15015 11694 4511456.10 2532  208 6263786.12 4439334.53  29.1%   6.3   95s
 15920 12572 4514165.60 2716  203 6263786.12 4439334.53  29.1%   6.2  100s
 17137 13811 4521332.54 2983  207 6263786.12 4439334.53  29.1%   6.0  105s
 18021 14689 4522698.05 3162  194 6263786.12 4439334.53  29.1%   5.9  110s
 19443 15862 4525139.15 3501  197 6263786.12 4439334.53  29.1%   5.7  116s
 20120 16445 4526077.94 3646  198 6263786.12 4439334.53  29.1%   5.6  120s
 20874 17516 4526635.79 3800  200 6263786.12 4439334.53  29.1%   5.5  125s
 21876 18581 4529072.30 4026  193 6263786.12 4439334.53  29.1%   5.3  130s
 23008 19660 4534053.30 4286  196 6263786.12 4439334.53  29.1%   5.2  135s
 23894 20560 4539792.42 4518  196 6263786.12 4439334.53  29.1%   5.1  140s
 24836 21462 4544898.39 4737  197 6263786.12 4439334.53  29.1%   5.0  145s
 25531 22062 4547669.35 4909  196 6263786.12 4439334.53  29.1%   5.0  150s
 26931 23630 4555352.48 5254  197 6263786.12 4439334.53  29.1%   4.9  155s
 28168 24826 4557017.98 5606  192 6263786.12 4439334.53  29.1%   4.9  160s
 29044 25697 4560214.36 5868  195 6263786.12 4439334.53  29.1%   5.0  165s
 30279 26680 4565924.33 6180  194 6263786.12 4439334.53  29.1%   5.0  172s
 30609 27232 4568742.21 6262  196 6263786.12 4439334.53  29.1%   4.9  176s
 31558 28258 4574133.45 6528  196 6263786.12 4439334.53  29.1%   4.9  180s
 32670 29305 4584573.95 6798  199 6263786.12 4439334.53  29.1%   4.9  185s
 33772 30441 4588129.60 6797  199 6263786.12 4439334.53  29.1%   4.9  190s
 35281 31868 4587882.09 6798  192 6263786.12 4439334.53  29.1%   4.8  196s
 36246 32963 4592935.19 6798  198 6263786.12 4439334.53  29.1%   4.8  201s
 37332 33930 4588193.95 6798  198 6263786.12 4439334.53  29.1%   4.8  205s
 38463 35003 4440081.80  285  226 6263786.12 4439347.64  29.1%   4.8  210s
 39454 35987 4448301.55  520  218 6263786.12 4439347.64  29.1%   5.1  215s
 40193 36713 4459923.45  735  216 6263786.12 4439347.64  29.1%   5.3  221s
 40675 37202 4472215.88  888  215 6263786.12 4439347.64  29.1%   5.5  225s
 41482 38030 4494644.13 1087  217 6263786.12 4439347.64  29.1%   5.7  231s
 42263 38776 4513197.52 1269  213 6263786.12 4439347.64  29.1%   5.8  235s
 43063 39800 4519430.27 1482  213 6263786.12 4439347.64  29.1%   5.9  241s
 44221 40828 4529394.25 1818  213 6263786.12 4439347.64  29.1%   5.9  246s
 45035 41668 4536883.75 2030  201 6263786.12 4439347.64  29.1%   5.9  251s
 45656 42041 4542234.36 2176  200 6263786.12 4439347.64  29.1%   5.9  255s
 46332 42927 4543196.43 2346  200 6263786.12 4439347.64  29.1%   5.8  260s
 47653 44382 4545343.95 2622  195 6263786.12 4439347.64  29.1%   5.7  265s
 48778 45522 4553021.45 2883  194 6263786.12 4439347.64  29.1%   5.6  271s
 49944 46613 4560739.15 3161  194 6263786.12 4439347.64  29.1%   5.6  276s
 50670 47231 4564938.82 3327  194 6263786.12 4439347.64  29.1%   5.5  283s
H50907 47231                    6263320.0029 4439347.64  29.1%   5.5  283s
 51248 47916 4568374.06 3467  193 6263320.00 4439347.64  29.1%   5.5  286s
 52247 48965 4571821.89 3705  193 6263320.00 4439347.64  29.1%   5.4  291s
 53396 50084 4578283.48 3960  192 6263320.00 4439347.64  29.1%   5.4  296s
 54458 51178 4579076.26 4208  194 6263320.00 4439347.64  29.1%   5.3  301s
 55579 52231 4589980.36 4476  187 6263320.00 4439347.64  29.1%   5.3  306s
 56050 52684 4591100.36 4576  189 6263320.00 4439347.64  29.1%   5.3  310s
 57081 53810 4597414.37 4834  189 6263320.00 4439347.64  29.1%   5.3  315s
 58132 54884 4602745.00 5090  189 6263320.00 4439347.64  29.1%   5.3  320s
 59640 56371 4610393.38 5446  187 6263320.00 4439347.64  29.1%   5.2  326s
 60720 57410 4615012.06 5720  188 6263320.00 4439347.64  29.1%   5.2  330s
 61402 58069 4620278.65 5901  188 6263320.00 4439347.64  29.1%   5.2  336s
 62360 59056 4624326.44 6150  188 6263320.00 4439347.64  29.1%   5.2  340s
 63382 60007 4630992.22 6427  188 6263320.00 4439347.64  29.1%   5.2  345s
H63994 60423                    6258966.0960 4439347.64  29.1%   5.2  348s
H64108 60710                    6258871.1586 4439347.64  29.1%   5.2  349s
 64387 61072 4639077.29 6705  185 6258871.16 4439347.64  29.1%   5.2  351s
H64899 61362                    6258694.4764 4439347.64  29.1%   5.2  353s
 65356 61969 4652848.43 6798  187 6258694.48 4439347.64  29.1%   5.3  355s
 66242 62567 4653265.61 6797  188 6258694.48 4439347.64  29.1%   5.3  361s
H66573 63214                    6258620.5670 4439347.64  29.1%   5.3  364s
 66891 63376 4658163.13 6798  188 6258620.57 4439347.64  29.1%   5.4  365s
H67552 64051                    6258546.6576 4439347.64  29.1%   5.4  368s
 67728 64417 4661588.79 6798  187 6258546.66 4439347.64  29.1%   5.4  370s
 69346 66046 4440014.76  217  223 6258546.66 4439351.81  29.1%   5.4  376s
H70486 66983                    6258502.5846 4439351.81  29.1%   5.3  379s
H70614 66983                    6258414.9221 4439351.81  29.1%   5.3  379s
 70660 67327 4440730.29  633  223 6258414.92 4439351.81  29.1%   5.3  381s
 71380 67705 4441143.03  865  222 6258414.92 4439351.81  29.1%   5.3  385s
H71468 67965                    6258341.0127 4439351.81  29.1%   5.3  386s
 72052 68584 4445935.49 1045  217 6258341.01 4439351.81  29.1%   5.3  390s
 72882 69434 4458126.35 1250  224 6258341.01 4439351.81  29.1%   5.4  395s
H73595 70131                    6258296.9397 4439351.81  29.1%   5.4  399s
 73808 70435 4469537.22 1411  215 6258296.94 4439351.81  29.1%   5.4  400s
 74872 71395 4501801.75 1679  202 6258296.94 4439351.81  29.1%   5.4  405s
 75984 72605 4508134.93 1939  197 6258296.94 4439351.81  29.1%   5.4  410s
H76284 72869                    6257927.3928 4439351.81  29.1%   5.4  412s
 76546 72871 4509884.86 2071  198 6257927.39 4439351.81  29.1%   5.4  415s
 77374 73992 4516935.65 2284  211 6257927.39 4439351.81  29.1%   5.4  420s
 78276 74883 4517217.67 2506  194 6257927.39 4439351.81  29.1%   5.4  425s
 79468 76120 4523710.21 2786  197 6257927.39 4439351.81  29.1%   5.4  431s
 80424 77038 4528759.02 3035  194 6257927.39 4439351.81  29.1%   5.3  435s
 81591 77970 4533594.24 3345  190 6257927.39 4439351.81  29.1%   5.3  442s
 81888 78553 4536282.17 3424  195 6257927.39 4439351.81  29.1%   5.3  445s
 83245 79926 4538860.22 3756  190 6257927.39 4439351.81  29.1%   5.3  451s
 84275 80990 4541490.05 4013  189 6257927.39 4439351.81  29.1%   5.3  456s
 85168 81828 4543885.21 4209  188 6257927.39 4439351.81  29.1%   5.3  460s
 86505 82986 4547783.84 4538  190 6257927.39 4439351.81  29.1%   5.3  465s
 86773 83426 4548772.79 4616  187 6257927.39 4439351.81  29.1%   5.3  471s
 87631 84335 4555543.10 4813  198 6257927.39 4439351.81  29.1%   5.2  475s
 88751 85418 4560585.30 5092  198 6257927.39 4439351.81  29.1%   5.2  480s
 89990 86659 4565398.09 5410  190 6257927.39 4439351.81  29.1%   5.2  486s
 90934 87585 4572598.11 5679  187 6257927.39 4439351.81  29.1%   5.2  490s
 91850 88175 4578515.09 5957  195 6257927.39 4439351.81  29.1%   5.2  496s
 92346 88846 4578523.54 6097  189 6257927.39 4439351.81  29.1%   5.2  500s
 93204 89887 4584221.40 6350  189 6257927.39 4439351.81  29.1%   5.2  505s
 94459 91112 4590058.93 6719  184 6257927.39 4439351.81  29.1%   5.2  511s
 95372 92016 4597380.67 6796  191 6257927.39 4439351.81  29.1%   5.2  515s
 96521 93119 4605282.65 6798  198 6257927.39 4439351.81  29.1%   5.3  521s
 96796 93373 4601411.08 6797  199 6257927.39 4439351.81  29.1%   5.3  525s
 97610 94263 4595251.69 6795  188 6257927.39 4439351.81  29.1%   5.3  530s
 98862 95576 4440834.61  109  234 6257927.39 4439355.20  29.1%   5.4  536s
 99772 96364 4443668.56  345  225 6257927.39 4439355.20  29.1%   5.4  540s
 100489 97146 4451460.21  572  222 6257927.39 4439355.20  29.1%   5.5  545s
 101637 98220 4456079.63  915  221 6257927.39 4439355.20  29.1%   5.5  550s
 102319 98866 4462002.03 1121  240 6257927.39 4439355.20  29.1%   5.5  556s
 103229 99807 4467761.42 1392  219 6257927.39 4439355.20  29.1%   5.5  561s
 104066 100713 4489856.74 1632  220 6257927.39 4439355.20  29.1%   5.5  566s
 104984 101593 4522908.77 1913  217 6257927.39 4439355.20  29.1%   5.5  571s
 105889 102601 4532999.75 2194  214 6257927.39 4439355.20  29.1%   5.5  576s
 106968 103707 4541141.74 2552  212 6257927.39 4439355.20  29.1%   5.5  580s
 107681 104179 4544603.19 2784  210 6257927.39 4439355.20  29.1%   5.5  585s
 108677 105233 4549052.76 3018  208 6257927.39 4439355.20  29.1%   5.5  591s
 109425 106034 4553535.73 3186  208 6257927.39 4439355.20  29.1%   5.5  595s
 110475 107114 4559735.29 3417  209 6257927.39 4439355.20  29.1%   5.5  601s
 111389 107973 4563777.45 3597  207 6257927.39 4439355.20  29.1%   5.5  605s
 112285 108914 4567854.21 3796  207 6257927.39 4439355.20  29.1%   5.5  610s
 113429 110087 4578654.81 4046  203 6257927.39 4439355.20  29.1%   5.5  616s
 114081 110588 4584673.81 4184  203 6257927.39 4439355.20  29.1%   5.5  620s
 114870 111480 4588835.42 4350  202 6257927.39 4439355.20  29.1%   5.5  625s
 115790 112410 4592508.94 4555  202 6257927.39 4439355.20  29.1%   5.5  630s
 116656 113217 4596506.56 4736  202 6257927.39 4439355.20  29.1%   5.5  635s
 117472 114136 4603326.67 4912  197 6257927.39 4439355.20  29.1%   5.4  641s
 118587 115209 4613022.67 5160  198 6257927.39 4439355.20  29.1%   5.4  646s
 119445 116052 4621454.39 5359  197 6257927.39 4439355.20  29.1%   5.4  650s
 120309 116909 4630032.47 5561  197 6257927.39 4439355.20  29.1%   5.4  656s
 121062 117653 4637415.51 5676  195 6257927.39 4439355.20  29.1%   5.4  661s
 121798 118407 4635973.13 5791  197 6257927.39 4439355.20  29.1%   5.4  665s
 122635 119234 4638707.26 5903  197 6257927.39 4439355.20  29.1%   5.5  671s
 122913 119535 4640919.63 5941  196 6257927.39 4439355.20  29.1%   5.5  676s
 123580 120318 4642696.20 6065  196 6257927.39 4439355.20  29.1%   5.5  680s
 124843 121798 4649056.23 6306  195 6257927.39 4439355.20  29.1%   5.4  686s
 126337 123020 4654930.09 6580  193 6257927.39 4439355.20  29.1%   5.4  690s
 127651 124380 4684655.04 6798  191 6257927.39 4439355.20  29.1%   5.3  695s
 128385 125121 4679839.97 6798  190 6257927.39 4439355.20  29.1%   5.3  700s
 129614 126241 4666822.35 6794  192 6257927.39 4439355.20  29.1%   5.3  705s
 130762 127315 4686854.41 6798  191 6257927.39 4439355.20  29.1%   5.3  710s
 132083 128844 4680686.27 6797  190 6257927.39 4439364.69  29.1%   5.2  715s
 133278 129603 4478364.32  562  235 6257927.39 4439364.69  29.1%   5.2  720s
 133990 130678 4496514.70  761  236 6257927.39 4439364.69  29.1%   5.2  725s
 135575 132257 4529337.71 1156  232 6257927.39 4439364.69  29.1%   5.2  730s
 136913 133852 4568616.77 1774  218 6257927.39 4439364.69  29.1%   5.1  735s
 138307 134718 4600082.44 2431  216 6257927.39 4439364.69  29.1%   5.1  741s
 139363 136006 4617535.19 2756  220 6257927.39 4439364.69  29.1%   5.1  745s
 140649 137297 4649753.36 3178  200 6257927.39 4439364.69  29.1%   5.1  750s
 142403 139244 4691245.77 3749  194 6257927.39 4439364.69  29.1%   5.0  755s
H143545 139945                    6257614.4648 4439364.69  29.1%   5.0  759s
 143622 140164 4709362.45 4392  189 6257614.46 4439364.69  29.1%   5.0  760s
 144857 141347 4711929.92 4490  189 6257614.46 4439364.69  29.1%   4.9  765s
 146312 142915 4715628.69 4613  190 6257614.46 4439364.69  29.1%   4.9  770s
 147432 144008 4718689.47 4714  189 6257614.46 4439364.69  29.1%   4.9  775s
H148353 144793                    6256458.9378 4439364.69  29.0%   4.9  778s
 148470 144945 4721246.74 4800  190 6256458.94 4439364.69  29.0%   4.9  782s
 149074 145659 4722033.35 4837  189 6256458.94 4439364.69  29.0%   4.9  785s
 149918 146453 4723524.65 4910  189 6256458.94 4439364.69  29.0%   4.8  790s
 151327 147780 4726639.90 5059  189 6256458.94 4439364.69  29.0%   4.8  796s
 152187 148882 4728252.94 5137  189 6256458.94 4439364.69  29.0%   4.8  800s
 153773 150098 4730690.51 5249  188 6256458.94 4439364.69  29.0%   4.8  808s
 154052 150750 4731209.79 5276  188 6256458.94 4439364.69  29.0%   4.8  810s
 155633 152509 4733317.40 5378  188 6256458.94 4439364.69  29.0%   4.7  816s
 157358 154207 4735530.91 5484  189 6256458.94 4439364.69  29.0%   4.7  820s
 158859 155184 4737326.29 5572  189 6256458.94 4439364.69  29.0%   4.7  827s
 159264 155855 4738108.75 5603  189 6256458.94 4439364.69  29.0%   4.6  830s
 160613 157142 4741717.83 5754  191 6256458.94 4439364.69  29.0%   4.6  835s
 161895 158524 4749353.51 6248  187 6256458.94 4439364.69  29.0%   4.6  840s
 163149 159745 4755599.69 6608  188 6256458.94 4439364.69  29.0%   4.6  846s
 163892 160295 4757282.64 6683  187 6256458.94 4439364.69  29.0%   4.6  850s
 164466 161053 4758563.64 6746  187 6256458.94 4439364.69  29.0%   4.6  855s
 165685 162248 4770139.16 6797  188 6256458.94 4439364.69  29.0%   4.6  860s
 166828 163356 4794374.27 6798  191 6256458.94 4439364.69  29.0%   4.6  865s
 167658 164106 4797490.45 6798  188 6256458.94 4439364.69  29.0%   4.6  870s
 168703 165386 4439486.66   53  258 6256458.94 4439368.35  29.0%   4.5  876s
 169065 165466 4452986.64  235  243 6256458.94 4439368.35  29.0%   4.5  880s
 170090 166825 4497622.30  759  237 6256458.94 4439368.35  29.0%   4.5  886s
 171277 168106 4523472.29 1063  235 6256458.94 4439368.35  29.0%   4.5  890s
 172681 169484 4583044.37 1618  223 6256458.94 4439368.35  29.0%   4.5  895s
 174360 170685 4604379.74 2279  217 6256458.94 4439368.35  29.0%   4.5  900s
H174593 171401                    6256445.3181 4439368.35  29.0%   4.5  902s
 176074 172710 4621763.60 3329  220 6256445.32 4439368.35  29.0%   4.4  905s
 178706 175441 4644611.20 4783  217 6256445.32 4439368.35  29.0%   4.4  910s
 179516 176043 4653338.41 5273  215 6256445.32 4439368.35  29.0%   4.4  915s
 182076 178639 4678704.98 6778  198 6256445.32 4439368.35  29.0%   4.3  920s
 183457 179955 4710434.50 6798  202 6256445.32 4439368.35  29.0%   4.3  925s
 184576 180901 4733345.04 6797  197 6256445.32 4439368.35  29.0%   4.3  932s
 185043 181570 4740136.48 6798  199 6256445.32 4439368.35  29.0%   4.3  935s
 186125 182631 4746880.18 6797  198 6256445.32 4439368.35  29.0%   4.3  940s
H186907 183265                    6256418.4596 4439368.35  29.0%   4.3  943s
 187291 183897 4448959.31  182  244 6256418.46 4439368.85  29.0%   4.3  945s
 188459 185036 4495698.08  734  237 6256418.46 4439368.85  29.0%   4.3  950s
H188499 185036                    6255571.4244 4439368.85  29.0%   4.3  951s
H189382 185946                    6255571.4118 4439368.85  29.0%   4.3  955s
H189674 185998                    6016744.8353 4439368.85  26.2%   4.3  958s
H189675 186301                    6016742.6568 4439368.85  26.2%   4.3  959s
 189978 186612 4543178.62 1243  232 6016742.66 4439368.85  26.2%   4.3  960s
 191894 188778 4613787.59 1805  213 6016742.66 4439368.85  26.2%   4.3  965s
 194644 191128 4643127.65 2528  206 6016742.66 4439368.85  26.2%   4.2  970s
 195492 192042 4656691.65 2693  203 6016742.66 4439368.85  26.2%   4.2  975s
 197765 194545 4673670.44 3330  204 6016742.66 4439368.85  26.2%   4.2  980s
 198663 195363 4682478.80 3664  204 6016742.66 4439368.85  26.2%   4.2  985s
 200317 196931 4699956.57 4281  193 6016742.66 4439368.85  26.2%   4.2  990s
 202373 198918 4731081.95 5564  189 6016742.66 4439368.85  26.2%   4.2  995s
 204031 200405 4749768.20 6601  189 6016742.66 4439368.85  26.2%   4.2 1002s
 204414 200968 4750553.95 6645  187 6016742.66 4439368.85  26.2%   4.2 1005s
 205367 201975 4752529.17 6744  187 6016742.66 4439368.85  26.2%   4.2 1010s
 206697 203265 4762067.03 6797  186 6016742.66 4439368.85  26.2%   4.1 1016s
 207697 204328 4761990.41 6797  186 6016742.66 4439368.85  26.2%   4.1 1021s
 208990 205758 4770744.22 6798  186 6016742.66 4439368.85  26.2%   4.1 1025s
 209687 206275 4771091.45 6798  184 6016742.66 4439368.85  26.2%   4.1 1030s
 211214 207976 4460564.47  265  235 6016742.66 4439375.85  26.2%   4.1 1036s
 213298 209894 5292027.74 1028  167 6016742.66 4439375.85  26.2%   4.1 1040s
 214406 210951     cutoff 1465      6016742.66 4439375.85  26.2%   4.1 1045s
 215672 212214 4487610.98  618  238 6016742.66 4439377.14  26.2%   4.0 1050s
 216603 212954 4514035.25  901  231 6016742.66 4439377.14  26.2%   4.0 1055s
 218443 214910 4596368.11 2007  212 6016742.66 4439377.14  26.2%   4.0 1060s
 220156 216579 4612801.69 3167  208 6016742.66 4439377.14  26.2%   4.0 1065s
 221645 218147 4630617.26 4139  204 6016742.66 4439377.14  26.2%   4.0 1070s
 222794 219181 4642518.97 4888  204 6016742.66 4439377.14  26.2%   4.0 1076s
 223670 220062 4654229.63 5384  203 6016742.66 4439377.14  26.2%   4.0 1080s
 225556 222037 4695820.23 6642  198 6016742.66 4439377.14  26.2%   3.9 1085s
 226757 223209 4701256.88 6790  196 6016742.66 4439377.14  26.2%   3.9 1090s
 227689 224134 4731721.72 6798  204 6016742.66 4439377.14  26.2%   4.0 1095s
 228262 224539 4722972.81 6796  203 6016742.66 4439377.14  26.2%   4.0 1100s
 229395 225781 4725636.51 6796  202 6016742.66 4439377.14  26.2%   4.0 1105s
 230500 226985 4503267.52  565  235 6016742.66 4439378.40  26.2%   4.0 1110s
 232579 229082 4608667.42 2129  209 6016742.66 4439378.40  26.2%   3.9 1115s
 233412 229839 4617754.24 2677  208 6016742.66 4439378.40  26.2%   3.9 1120s
 235333 231899 4643427.15 4026  203 6016742.66 4439378.40  26.2%   3.9 1125s
 237878 234474 4685929.21 6038  194 6016742.66 4439378.40  26.2%   3.9 1130s
 238529 234927 4695530.29 6515  194 6016742.66 4439378.40  26.2%   3.9 1135s
 239818 236141 4725994.47 6798  197 6016742.66 4439378.40  26.2%   3.9 1140s
 240919 237252 4714996.79 6797  196 6016742.66 4439378.40  26.2%   3.9 1145s
 242109 238463 4719812.80 6798  198 6016742.66 4439378.40  26.2%   3.9 1150s
 243393 239574 4492832.20  354  205 6016742.66 4439379.57  26.2%   3.9 1157s
 243756 240088 4501547.02  452  206 6016742.66 4439379.57  26.2%   3.9 1160s
 244749 241171 4557394.41  756  206 6016742.66 4439379.57  26.2%   3.9 1165s
 245666 242011 4601522.99 1025  201 6016742.66 4439379.57  26.2%   3.9 1170s
 246799 243328 4926342.76 1488  162 6016742.66 4439379.57  26.2%   3.9 1175s
 248052 244584 5375019.93 1987  163 6016742.66 4439379.57  26.2%   3.9 1180s
 248527 244975 5417387.60 2152  157 6016742.66 4439379.57  26.2%   3.9 1185s
 249671 246195 5650865.74 2690  155 6016742.66 4439379.57  26.2%   3.9 1190s
 250760 247120 4463562.91  208  242 6016742.66 4439382.36  26.2%   3.9 1195s
 252063 248439 4576865.64 1007  214 6016742.66 4439382.36  26.2%   3.9 1201s
 253589 249646 4600646.66 1915  208 6016742.66 4439382.36  26.2%   3.9 1206s
 254169 250677 4603451.99 2204  205 6016742.66 4439382.36  26.2%   3.9 1210s
 255834 252177 4615024.74 3064  202 6016742.66 4439382.36  26.2%   3.9 1215s
 256973 253295 4627426.02 3445  205 6016742.66 4439382.36  26.2%   3.9 1220s
 258379 254744 4645901.47 4006  199 6016742.66 4439382.36  26.2%   3.9 1225s
 258905 255263 4652668.92 4174  199 6016742.66 4439382.36  26.2%   3.9 1230s
 260817 257200 4672914.74 5238  199 6016742.66 4439382.36  26.2%   3.8 1235s
 262319 258692 4688014.20 6134  198 6016742.66 4439382.36  26.2%   3.8 1240s
 263607 259922 4704360.58 6745  193 6016742.66 4439382.36  26.2%   3.8 1245s
 264122 260410 4716418.15 6798  192 6016742.66 4439382.36  26.2%   3.8 1250s
 265155 261420 4739484.57 6798  196 6016742.66 4439382.36  26.2%   3.8 1255s
 266764 263169 4743239.05 6798  196 6016742.66 4439382.36  26.2%   3.8 1260s
 268632 264758 4730855.10 6797  197 6016742.66 4439382.36  26.2%   3.8 1265s
 269257 265474 4748521.68 6798  193 6016742.66 4439382.36  26.2%   3.8 1270s
 270715 266967 4840631.07  545  186 6016742.66 4439383.88  26.2%   3.8 1276s
 272063 268331 5635309.29 1271  158 6016742.66 4439383.88  26.2%   3.8 1280s
 273192 269286 4775443.30  175  207 6016742.66 4439387.02  26.2%   3.8 1285s
 273961 270113 4980487.09  247  210 6016742.66 4439387.02  26.2%   3.8 1291s
 274796 271093 5201919.93  333  182 6016742.66 4439387.02  26.2%   3.8 1295s
 276635 272998 5416545.92  460  153 6016742.66 4439387.02  26.2%   3.7 1300s
 278184 274147     cutoff  616      6016742.66 4439387.02  26.2%   3.7 1305s
 279130 274692 5837652.78  806  148 6016742.66 4439387.02  26.2%   3.7 1310s
 280452 275821 4860679.08  451  190 6016742.66 4439387.02  26.2%   3.7 1315s
 281875 277310 5594831.60 1220  149 6016742.66 4439387.02  26.2%   3.7 1321s
 282816 278208 4453029.56  172  231 6016742.66 4439389.60  26.2%   3.7 1326s
 283866 279353 5162785.12  718  170 6016742.66 4439389.60  26.2%   3.7 1330s
 284612 279877 5640698.60 1114  161 6016742.66 4439389.60  26.2%   3.7 1335s
 285451 280904 4630472.34  171  208 6016742.66 4439389.60  26.2%   3.7 1340s
 286818 282032 4640891.26  792  199 6016742.66 4439389.60  26.2%   3.7 1345s
 288722 283877 4648012.71 1952  194 6016742.66 4439389.60  26.2%   3.7 1350s
 289524 284706 4649050.92 2295  191 6016742.66 4439389.60  26.2%   3.7 1355s
 290751 285899 4650396.37 2949  191 6016742.66 4439389.60  26.2%   3.6 1360s
 292694 287978 4657711.20 4008  189 6016742.66 4439389.60  26.2%   3.6 1365s
 295046 290362 4670623.27 5145  192 6016742.66 4439389.60  26.2%   3.6 1370s
 297982 293022 4720747.47 6740  195 6016742.66 4439389.60  26.2%   3.6 1375s
 299315 294517 4469221.22  365  230 6016742.66 4439393.98  26.2%   3.6 1380s
 300014 295001 4501202.11  659  221 6016742.66 4439393.98  26.2%   3.6 1385s
 301973 296942 4573039.37 1161  201 6016742.66 4439393.98  26.2%   3.5 1390s
 304279 299253 4602323.20 2237  195 6016742.66 4439393.98  26.2%   3.5 1395s
 305315 300141 4619696.63 2777  195 6016742.66 4439393.98  26.2%   3.5 1400s
 306870 302004 4634742.08 3690  193 6016742.66 4439393.98  26.2%   3.5 1405s
 309209 304411 4653976.13 4886  191 6016742.66 4439393.98  26.2%   3.5 1410s
 310506 305417 4663561.26 5605  192 6016742.66 4439393.98  26.2%   3.5 1415s
 312242 307525 4676935.76 6306  190 6016742.66 4439393.98  26.2%   3.5 1420s
 314410 309503 4704976.34 6797  193 6016742.66 4439393.98  26.2%   3.5 1425s
H314500 309503                    6016419.4211 4439393.98  26.2%   3.5 1425s
 316188 311345 4704470.37 6797  192 6016419.42 4439393.98  26.2%   3.5 1430s
 318995 313972 4722268.59 6798  195 6016419.42 4439393.98  26.2%   3.4 1437s
 319751 314811 4713686.99 6795  196 6016419.42 4439393.98  26.2%   3.4 1440s
 321155 316235 4565708.14  415  206 6016419.42 4439396.20  26.2%   3.4 1445s
 322229 317278 4742659.10  624  194 6016419.42 4439396.20  26.2%   3.4 1450s
 323209 318306 4868763.32  859  179 6016419.42 4439396.20  26.2%   3.4 1455s
 324296 319417 5265045.39 1243  161 6016419.42 4439396.20  26.2%   3.4 1460s
 325313 320308 5579421.89 1663  148 6016419.42 4439397.66  26.2%   3.4 1465s
 327657 322514 4505400.33  383  208 6016419.42 4439397.66  26.2%   3.4 1470s
 329146 324192 4528715.55  551  210 6016419.42 4439397.66  26.2%   3.4 1475s
 331189 326236 4540438.48  767  198 6016419.42 4439397.66  26.2%   3.4 1480s
 332432 327324 4539904.00  926  196 6016419.42 4439397.66  26.2%   3.4 1485s
 333327 328238 4543391.16 1111  197 6016419.42 4439397.66  26.2%   3.4 1490s
H334333 329163                    6016377.8583 4439397.66  26.2%   3.4 1494s
 334421 329365 4545384.11 1357  194 6016377.86 4439397.66  26.2%   3.4 1495s
H335442 330295                    6016376.9249 4439397.66  26.2%   3.4 1499s
 335553 330508 4548668.24 1613  197 6016376.92 4439397.66  26.2%   3.4 1500s
 336691 331645 4550982.75 1841  197 6016376.92 4439397.66  26.2%   3.4 1505s
 337668 332411 4553855.83 2058  197 6016376.92 4439397.66  26.2%   3.4 1512s
 338031 333037 4556310.13 2110  197 6016376.92 4439397.66  26.2%   3.4 1515s
 339423 334402 4557710.39 2350  199 6016376.92 4439397.66  26.2%   3.4 1520s
 340476 335234 4560926.88 2539  197 6016376.92 4439397.66  26.2%   3.4 1525s
 341925 336667 4565186.29 2816  194 6016376.92 4439397.66  26.2%   3.4 1530s
 343210 337968 4569365.72 3017  195 6016376.92 4439397.66  26.2%   3.4 1535s
 344974 339858 4570011.43 3259  192 6016376.92 4439397.66  26.2%   3.4 1540s
 346704 341489 4573483.39 3548  192 6016376.92 4439397.66  26.2%   3.4 1545s
 347771 342416 4575073.74 3709  189 6016376.92 4439397.66  26.2%   3.4 1550s
 349474 344304 4584774.10 3957  191 6016376.92 4439397.66  26.2%   3.4 1555s
 350953 345704 4598246.49 4211  189 6016376.92 4439397.66  26.2%   3.4 1560s
 352369 347099 4606012.09 4503  189 6016376.92 4439397.66  26.2%   3.4 1565s
 352936 347595 4605602.23 4632  190 6016376.92 4439397.66  26.2%   3.4 1570s
 353694 348283 4611993.25 4857  190 6016376.92 4439397.66  26.2%   3.4 1575s
 354775 349589 4613351.97 5083  190 6016376.92 4439397.66  26.2%   3.4 1580s
 356146 350821 4616878.80 5350  189 6016376.92 4439397.66  26.2%   3.4 1586s
 357415 352048 4617207.12 5622  190 6016376.92 4439397.66  26.2%   3.4 1590s
 358243 352646 4620791.89 5865  187 6016376.92 4439397.66  26.2%   3.4 1597s
 358706 353305 4622537.78 5987  187 6016376.92 4439397.66  26.2%   3.4 1600s
 359747 354432 4627071.64 6299  186 6016376.92 4439397.66  26.2%   3.4 1605s
 360927 355620 4633361.36 6625  184 6016376.92 4439397.66  26.2%   3.4 1611s
 361849 356604 4650747.54 6798  183 6016376.92 4439397.66  26.2%   3.4 1615s
 363005 357391 4642985.22 6797  183 6016376.92 4439397.66  26.2%   3.4 1620s
 363452 357718 4650752.91 6798  182 6016376.92 4439397.66  26.2%   3.4 1626s
 364264 358653 4644778.66 6797  183 6016376.92 4439397.66  26.2%   3.4 1630s
 365846 360336 4487163.72   62  257 6016376.92 4439403.27  26.2%   3.4 1636s
 367523 361851 4490297.76  929  195 6016376.92 4439403.27  26.2%   3.4 1640s
 368859 363208 4496407.05 1535  195 6016376.92 4439403.27  26.2%   3.3 1645s
 370918 364869 4502605.98 2644  188 6016376.92 4439403.27  26.2%   3.3 1652s
 371248 365780 4503235.38 2872  188 6016376.92 4439403.27  26.2%   3.3 1655s
 373913 368401 4514282.93 4683  186 6016376.92 4439403.27  26.2%   3.3 1660s
 376563 371037 4526895.32 6119  184 6016376.92 4439403.27  26.2%   3.3 1665s
 379344 373560 4542218.86 6795  203 6016376.92 4439403.27  26.2%   3.3 1670s
 380195 374146 4538671.56 6798  181 6016376.92 4439403.27  26.2%   3.3 1675s
 381300 375429 4546303.69 6798  216 6016376.92 4439403.27  26.2%   3.3 1680s
 382986 377190 4554154.84 6798  213 6016376.92 4439403.27  26.2%   3.3 1685s
 384369 378611 4865436.22  618  183 6016376.92 4439406.40  26.2%   3.3 1690s
 385467 379637 5365797.97 1347  157 6016376.92 4439406.40  26.2%   3.3 1695s
 386593 380788 4530225.32  186  232 6016376.92 4439406.57  26.2%   3.3 1700s
 387145 381261 4549717.48  509  229 6016376.92 4439406.57  26.2%   3.3 1706s
H387270 380353                    5871947.4300 4439406.57  24.4%   3.3 1707s
 387806 380874 4622804.40  924  202 5871947.43 4439406.57  24.4%   3.3 1710s
 388916 382225 4672532.54 1569  193 5871947.43 4439406.57  24.4%   3.3 1715s
 390671 384013 4682035.57 2501  192 5871947.43 4439406.57  24.4%   3.3 1720s
 392644 385995 4708845.10 3662  193 5871947.43 4439406.57  24.4%   3.3 1725s
H394213 387216                    5871743.0825 4439406.57  24.4%   3.2 1729s
 394214 387558 4744305.29 4506  191 5871743.08 4439406.57  24.4%   3.2 1730s
H395850 388945                    5871691.7222 4439406.57  24.4%   3.2 1733s
 396362 389650 4774357.59 5940  192 5871691.72 4439406.57  24.4%   3.2 1735s
 398033 391273 4804989.75 6798  190 5871691.72 4439406.57  24.4%   3.2 1740s
 399245 392473 4803581.87 6796  186 5871691.72 4439406.57  24.4%   3.2 1747s
 399715 392883 4806839.90 6798  188 5871691.72 4439406.57  24.4%   3.2 1750s
 400948 394211 4820002.32 6798  191 5871691.72 4439406.57  24.4%   3.2 1755s
 401974 395258 4835640.73 6798  190 5871691.72 4439406.57  24.4%   3.2 1760s
 403476 396853 4533550.98  499  195 5871691.72 4439407.35  24.4%   3.2 1765s
 405632 398636 4538440.21 1735  189 5871691.72 4439407.35  24.4%   3.2 1772s
 406184 399479 4540126.67 2033  189 5871691.72 4439407.35  24.4%   3.2 1775s
 407834 401177 4547915.64 2850  189 5871691.72 4439407.35  24.4%   3.2 1780s
 409206 402660 4553991.34 3555  186 5871691.72 4439407.35  24.4%   3.2 1785s
 411650 404977 4568915.17 5157  185 5871691.72 4439407.35  24.4%   3.2 1790s
 413822 407195 4582773.41 6452  183 5871691.72 4439407.35  24.4%   3.2 1795s
 414464 407643 4589096.30 6797  182 5871691.72 4439407.35  24.4%   3.1 1800s
 415710 409006 4589227.07 6798  180 5871691.72 4439407.35  24.4%   3.1 1806s
 416884 410180 4589004.88 6798  182 5871691.72 4439407.35  24.4%   3.1 1810s
 418433 411735 4484036.52   64  253 5871691.72 4439408.71  24.4%   3.1 1815s
 419991 413360 5201678.43  897  147 5871691.72 4439408.71  24.4%   3.1 1821s
 421130 414256 5734676.86 1483  148 5871691.72 4439408.71  24.4%   3.1 1825s
 421972 415105 4646176.93  175  224 5871691.72 4439408.71  24.4%   3.1 1830s
 422649 415568 4919224.24  236  199 5871691.72 4439408.71  24.4%   3.1 1835s
 423787 416835 5193880.65  339  190 5871691.72 4439408.71  24.4%   3.1 1840s
 424745 417820 5398576.79  426  172 5871691.72 4439408.71  24.4%   3.1 1845s
 425823 419020 5540571.45  525  156 5871691.72 4439408.71  24.4%   3.1 1850s
 427650 420740 4450497.38   69  253 5871691.72 4439411.03  24.4%   3.1 1855s
 428755 421542 4473707.14  436  224 5871691.72 4439411.03  24.4%   3.1 1861s
 429559 422371 4495347.94  708  218 5871691.72 4439411.03  24.4%   3.1 1865s
 430881 423958 4523338.04 1055  209 5871691.72 4439411.03  24.4%   3.1 1870s
 433074 426256 4593316.61 1547  199 5871691.72 4439411.03  24.4%   3.1 1875s
 435162 428216 4612365.37 2133  198 5871691.72 4439411.03  24.4%   3.1 1880s
 436518 429398 4627414.64 2954  198 5871691.72 4439411.03  24.4%   3.1 1885s
 437568 430588 4642248.09 3445  197 5871691.72 4439411.03  24.4%   3.1 1890s
 438973 431953 4656986.34 4111  195 5871691.72 4439411.03  24.4%   3.1 1895s
 440342 433314 4676056.31 4818  194 5871691.72 4439411.03  24.4%   3.1 1900s
 441835 434861 4694164.79 5655  192 5871691.72 4439411.03  24.4%   3.1 1906s
 442434 435131 4700508.55 5968  193 5871691.72 4439411.03  24.4%   3.1 1910s
 443367 436363 4708252.90 6275  190 5871691.72 4439411.03  24.4%   3.1 1915s
 444535 437531 4712678.08 6692  190 5871691.72 4439411.03  24.4%   3.1 1920s
 445567 438506 4731893.85 6798  187 5871691.72 4439411.03  24.4%   3.1 1925s
 446621 439603 4732135.18 6798  187 5871691.72 4439411.03  24.4%   3.0 1930s
 447831 440820 4746664.67 6797  190 5871691.72 4439411.03  24.4%   3.0 1935s
H448152 441012                    5871016.5839 4439411.03  24.4%   3.0 1939s
 448317 441268 4746819.43 6796  189 5871016.58 4439411.03  24.4%   3.0 1940s
 449423 442375 4769706.27 6798  186 5871016.58 4439414.54  24.4%   3.0 1945s
 450710 443661 4469824.01  236  204 5871016.58 4439414.54  24.4%   3.0 1950s
 451851 444811 4473022.65  412  204 5871016.58 4439414.54  24.4%   3.0 1956s
 452797 445763 4479671.82  550  202 5871016.58 4439414.54  24.4%   3.0 1960s
 453458 446391 4491910.81  664  204 5871016.58 4439414.54  24.4%   3.0 1965s
 454673 447628 4504255.83  866  202 5871016.58 4439414.54  24.4%   3.0 1970s
 455985 449007 4546741.11 1085  200 5871016.58 4439414.54  24.4%   3.0 1975s
 457167 449969 4554302.57 1301  198 5871016.58 4439414.54  24.4%   3.0 1981s
 458240 451021 4555725.36 1514  194 5871016.58 4439414.54  24.4%   3.0 1986s
 458933 451853 4558696.32 1660  199 5871016.58 4439414.54  24.4%   3.0 1990s
 460355 453276 4558412.65 1940  195 5871016.58 4439414.54  24.4%   3.0 1995s
H460942 453604                    5867595.5714 4439414.54  24.3%   3.0 1997s
H461135 453880                    5867567.2764 4439414.54  24.3%   3.0 1999s
 461330 454262 4559546.03 2115  196 5867567.28 4439414.54  24.3%   3.0 2000s
H461984 454533                    5867488.5220 4439414.54  24.3%   3.0 2001s
 462988 455906 4562943.92 2363  193 5867488.52 4439414.54  24.3%   3.0 2005s
H463068 455905                    5867434.1521 4439414.54  24.3%   3.0 2005s
 463517 456349 4565682.04 2431  196 5867434.15 4439414.54  24.3%   3.0 2010s
H464425 457218                    5865040.1478 4439414.54  24.3%   3.0 2012s
H465158 457981                    5865040.1464 4439414.54  24.3%   3.0 2014s
H465265 457981                    5864793.9274 4439414.54  24.3%   3.0 2014s
 465446 458337 4567733.52 2670  193 5864793.93 4439414.54  24.3%   3.0 2015s
H465975 458823                    5864793.9261 4439414.54  24.3%   3.0 2016s
 467176 459919 4571466.39 2858  194 5864793.93 4439414.54  24.3%   3.0 2020s
 468280 461051 4575954.63 3062  195 5864793.93 4439414.54  24.3%   3.0 2025s
 468884 461623 4577564.55 3184  195 5864793.93 4439414.54  24.3%   3.0 2031s
 469633 462443 4578866.86 3344  192 5864793.93 4439414.54  24.3%   3.0 2035s
 471131 463943 4582905.52 3622  191 5864793.93 4439414.54  24.3%   3.0 2041s
 472156 465003 4585409.57 3797  193 5864793.93 4439414.54  24.3%   3.0 2045s
 473221 466020 4588982.13 4027  191 5864793.93 4439414.54  24.3%   3.0 2050s
 474172 466910 4591843.01 4204  191 5864793.93 4439414.54  24.3%   3.0 2055s
 475914 468750 4595396.91 4455  190 5864793.93 4439414.54  24.3%   3.0 2060s
 477456 470191 4602570.76 4746  192 5864793.93 4439414.54  24.3%   3.0 2066s
 478609 471408 4602108.78 4962  190 5864793.93 4439414.54  24.3%   3.0 2070s
 479207 471953 4603576.76 5068  190 5864793.93 4439414.54  24.3%   3.0 2076s
 480462 473406 4608131.41 5262  193 5864793.93 4439414.54  24.3%   3.0 2081s
 481727 474468 4609232.80 5484  190 5864793.93 4439414.54  24.3%   3.0 2085s
 483124 475866 4613801.07 5718  193 5864793.93 4439414.54  24.3%   3.0 2090s
 484122 476601 4615631.26 5964  187 5864793.93 4439414.54  24.3%   3.0 2096s
 484737 477518 4619391.52 6116  189 5864793.93 4439414.54  24.3%   3.0 2100s
 485744 478442 4620734.71 6358  187 5864793.93 4439414.54  24.3%   3.0 2105s
 486826 479542 4624245.25 6618  188 5864793.93 4439414.54  24.3%   3.0 2110s
 488356 481234 4636128.66 6797  187 5864793.93 4439414.54  24.3%   3.0 2116s
 489072 481795 4635565.87 6798  186 5864793.93 4439414.54  24.3%   3.0 2123s
 489625 482433 4638253.25 6796  187 5864793.93 4439414.54  24.3%   3.0 2126s
 490759 483570 4651948.63 6798  188 5864793.93 4439414.54  24.3%   3.0 2131s
 492311 485052 4654283.07 6798  186 5864793.93 4439423.53  24.3%   3.0 2135s
 493808 486704 4813624.88  429  207 5864793.93 4439423.53  24.3%   3.0 2140s
 494777 487366 5068040.65  574  187 5864793.93 4439423.53  24.3%   3.0 2145s
 496162 488949 5071826.21  751  187 5864793.93 4439423.53  24.3%   3.0 2151s
 497550 490493 5227024.31 1058  172 5864793.93 4439423.53  24.3%   3.0 2155s
 499259 492032 5440509.10 1441  150 5864793.93 4439423.53  24.3%   3.0 2160s
 501002 493752 5600818.38 1907  146 5864793.93 4439423.53  24.3%   3.0 2165s
 501606 494317 5718639.32 2116  146 5864793.93 4439423.53  24.3%   3.0 2171s
 502399 495065 5804687.79 2374  145 5864793.93 4439423.53  24.3%   3.0 2175s
 504204 496871 4514765.50  994  195 5864793.93 4439423.99  24.3%   3.0 2180s
 505830 498510 4559678.68 1899  192 5864793.93 4439423.99  24.3%   3.0 2186s
 507092 499808 4564578.70 2551  191 5864793.93 4439423.99  24.3%   3.0 2190s
 508670 501038 4578409.83 3324  188 5864793.93 4439423.99  24.3%   3.0 2198s
 508757 501307 4587272.67 3329  219 5864793.93 4439423.99  24.3%   3.0 2200s
 510580 503373 4669157.99 4426  190 5864793.93 4439423.99  24.3%   3.0 2205s
 512731 505303 4700063.15 5917  193 5864793.93 4439423.99  24.3%   3.0 2211s
 513897 506550 4726744.60 6351  193 5864793.93 4439423.99  24.3%   3.0 2215s
 515528 507913 4766915.83 6797  190 5864793.93 4439423.99  24.3%   3.0 2220s
 517238 509653 4771137.86 6798  189 5864793.93 4439423.99  24.3%   3.0 2227s
 518467 511000 4781915.24 6798  192 5864793.93 4439423.99  24.3%   3.0 2230s
 520659 513193 4662428.88  273  206 5864793.93 4439427.25  24.3%   3.0 2235s
 522400 514877 5226708.93 1080  177 5864793.93 4439427.25  24.3%   3.0 2240s
 523928 516419     cutoff 1803      5864793.93 4439427.25  24.3%   3.0 2245s
 525688 518202 4679222.17  806  196 5864793.93 4439427.42  24.3%   2.9 2250s
 526460 518827 4682126.83 1307  192 5864793.93 4439427.42  24.3%   2.9 2255s
 528531 520949 4691666.71 2753  189 5864793.93 4439427.42  24.3%   2.9 2260s
 530025 522411 4704419.31 3697  188 5864793.93 4439427.42  24.3%   2.9 2265s
 531956 524522 4714383.37 4888  187 5864793.93 4439427.42  24.3%   2.9 2270s
 533645 526104 4721732.67 5809  186 5864793.93 4439427.42  24.3%   2.9 2275s
 534718 527104 4730435.70 6648  185 5864793.93 4439427.42  24.3%   2.9 2280s
 535959 528345 4732001.62 6795  182 5864793.93 4439427.42  24.3%   2.9 2286s
 537030 529333 4732781.54 6795  183 5864793.93 4439427.42  24.3%   2.9 2290s
 537956 530381 4733263.88 6798  182 5864793.93 4439427.42  24.3%   2.9 2296s
 539156 531638 4458485.79   61  254 5864793.93 4439428.39  24.3%   2.9 2301s
 540142 532602 4847745.84  538  178 5864793.93 4439428.39  24.3%   2.9 2305s
 540685 532957 4965310.20  836  160 5864793.93 4439428.39  24.3%   2.9 2311s
 541921 534190 4696223.24  242  177 5864793.93 4439429.23  24.3%   2.9 2315s
 543479 535823 5477429.44 1083  167 5864793.93 4439429.23  24.3%   2.9 2320s
 545251 537654 4512472.88  102  232 5864793.93 4439429.70  24.3%   2.9 2325s
 547327 539627 4517840.67 1065  195 5864793.93 4439429.70  24.3%   2.9 2330s
 549687 541915 4524211.09 2154  196 5864793.93 4439429.70  24.3%   2.9 2335s
 550278 542525 4749111.43 2406  182 5864793.93 4439429.70  24.3%   2.9 2340s
 551989 544252 4761370.23 3277  181 5864793.93 4439429.70  24.3%   2.9 2345s
H552905 545092                    5864579.6544 4439429.70  24.3%   2.9 2348s
 553394 545764 4773330.06 4046  179 5864579.65 4439429.70  24.3%   2.9 2350s
H553703 545764                    5864579.0030 4439429.70  24.3%   2.9 2350s
 555788 548088 4791168.98 5766  182 5864579.00 4439429.70  24.3%   2.9 2355s
 557582 549725 4796734.03 6796  178 5864579.00 4439429.70  24.3%   2.9 2360s
 558272 550223 4796792.87 6798  175 5864579.00 4439429.70  24.3%   2.9 2365s
 559244 551376 4796734.15 6795  176 5864579.00 4439429.70  24.3%   2.9 2370s
 560447 552661 4797003.76 6797  175 5864579.00 4439429.70  24.3%   2.9 2375s
H561053 553253                    5864578.9222 4439429.70  24.3%   2.9 2377s
H561304 553486                    5864578.8195 4439429.70  24.3%   2.9 2378s
 561830 554041 4489965.02   66  250 5864578.82 4439430.51  24.3%   2.9 2380s
 562684 554786 4514704.78  254  207 5864578.82 4439430.51  24.3%   2.9 2385s
 563565 555631 4516721.97  406  206 5864578.82 4439430.51  24.3%   2.8 2390s
 565587 557775 4530151.43  675  199 5864578.82 4439430.51  24.3%   2.8 2395s
 567145 559334 4537524.09  932  199 5864578.82 4439430.51  24.3%   2.8 2400s
 569338 561468 4543453.29 1184  196 5864578.82 4439430.51  24.3%   2.8 2405s
 569849 561729 4543951.30 1272  196 5864578.82 4439430.51  24.3%   2.8 2411s
 570340 562437 4542863.96 1362  196 5864578.82 4439430.51  24.3%   2.8 2415s
 572217 564368 4545891.12 1637  196 5864578.82 4439430.51  24.3%   2.8 2420s
 573472 565590 4548620.87 1863  195 5864578.82 4439430.51  24.3%   2.8 2425s
H573955 565798                    5854296.9761 4439430.51  24.2%   2.8 2427s
H573977 565794                    5853334.3460 4439430.51  24.2%   2.8 2427s
 574393 566431 4552610.24 2037  195 5853334.35 4439430.51  24.2%   2.8 2430s
 575658 567624 4560509.02 2288  193 5853334.35 4439430.51  24.2%   2.8 2435s
H576578 568375                    5853295.0250 4439430.51  24.2%   2.8 2439s
 576579 568587 4564820.61 2476  194 5853295.02 4439430.51  24.2%   2.8 2440s
 577299 569156 4567784.40 2636  195 5853295.02 4439430.51  24.2%   2.8 2445s
H577809 569752                    5853290.8004 4439430.51  24.2%   2.8 2448s
 577956 570050 4568607.62 2770  194 5853290.80 4439430.51  24.2%   2.8 2450s
 579039 571085 4570094.06 3011  194 5853290.80 4439430.51  24.2%   2.8 2455s
H579856 571843                    5852990.3015 4439430.51  24.2%   2.8 2459s
 580089 572119 4572931.39 3237  194 5852990.30 4439430.51  24.2%   2.8 2461s
 580824 572674 4572994.86 3425  193 5852990.30 4439430.51  24.2%   2.8 2465s
 581671 573177 4577957.67 3668  192 5852990.30 4439430.51  24.2%   2.8 2470s
 582453 573620 4579655.25 3852  187 5852990.30 4439430.51  24.2%   2.8 2475s
H582892 574235                    5852628.7926 4439430.51  24.1%   2.8 2478s
 583465 575084 4582880.16 4085  188 5852628.79 4439430.51  24.1%   2.8 2480s
 584900 576369 4589473.41 4403  188 5852628.79 4439430.51  24.1%   2.8 2485s
 586360 577951 4593071.92 4687  188 5852628.79 4439430.51  24.1%   2.8 2491s
 587333 578763 4594621.30 4811  188 5852628.79 4439430.51  24.1%   2.8 2496s
 588864 580398 4597203.20 5013  188 5852628.79 4439430.51  24.1%   2.8 2500s
 590592 582116 4599152.12 5266  187 5852628.79 4439430.51  24.1%   2.8 2505s
 592419 583952 4603298.95 5552  187 5852628.79 4439430.51  24.1%   2.8 2511s
 593945 585378 4606311.60 5779  186 5852628.79 4439430.51  24.1%   2.8 2515s
 595869 587336 4612103.17 6178  184 5852628.79 4439430.51  24.1%   2.8 2520s
 597466 588904 4618420.44 6570  183 5852628.79 4439430.51  24.1%   2.8 2525s
 598183 589557 4620612.62 6717  182 5852628.79 4439430.51  24.1%   2.8 2530s
 599465 590970 4550921.37  469  202 5852628.79 4439432.89  24.1%   2.8 2535s
 601398 592727 4749274.12 1354  183 5852628.79 4439432.89  24.1%   2.8 2540s
 602953 594224 4757313.76 2351  180 5852628.79 4439432.89  24.1%   2.8 2545s
 604801 596192 4772762.93 3610  178 5852628.79 4439432.89  24.1%   2.8 2550s
 606926 598129 4787453.28 5073  178 5852628.79 4439432.89  24.1%   2.8 2555s
 608799 599952 4794769.12 6287  177 5852628.79 4439432.89  24.1%   2.8 2560s
 610287 601411 4818021.19 6797  199 5852628.79 4439432.89  24.1%   2.8 2565s
 611487 602697 4830873.49 6797  203 5852628.79 4439432.89  24.1%   2.8 2570s
 612806 604011 4824373.37 6797  198 5852628.79 4439432.89  24.1%   2.8 2575s
 613814 604657 4838304.30 6798  196 5852628.79 4439432.89  24.1%   2.8 2580s
 615220 606295 5044692.27  601  164 5852628.79 4439436.79  24.1%   2.8 2586s
 616569 607289 5653201.02 1226  158 5852628.79 4439436.79  24.1%   2.8 2592s
 616959 607761     cutoff 1432      5852628.79 4439436.79  24.1%   2.8 2595s
 618733 609788 4799290.02  566  180 5852628.79 4439437.48  24.1%   2.8 2600s
 620277 611072 5445505.40 1334  158 5852628.79 4439437.48  24.1%   2.8 2605s
 621204 611969 4593572.42   68  253 5852628.79 4439437.85  24.1%   2.8 2610s
 622820 613572 4819485.67 1127  188 5852628.79 4439437.85  24.1%   2.7 2615s
 623398 613890 4822690.77 1398  189 5852628.79 4439437.85  24.1%   2.7 2620s
 625075 616174 4836243.44 2217  186 5852628.79 4439437.85  24.1%   2.7 2625s
 628722 619561 4860797.15 4069  183 5852628.79 4439437.85  24.1%   2.7 2630s
 631049 621716 4868792.08 5494  184 5852628.79 4439437.85  24.1%   2.7 2635s
 633133 623874 4878423.43 6690  181 5852628.79 4439437.85  24.1%   2.7 2640s
 634110 624602 4880074.85 6796  176 5852628.79 4439437.85  24.1%   2.7 2645s
 635212 625935 4879412.50 6789  180 5852628.79 4439437.85  24.1%   2.7 2650s
 636395 627142 4880791.54 6798  175 5852628.79 4439437.85  24.1%   2.7 2655s
 637477 628258 4536446.30  207  227 5852628.79 4439438.77  24.1%   2.7 2661s
 638460 629173 4860188.26  619  191 5852628.79 4439438.77  24.1%   2.7 2665s
 639439 630105 5103837.87  916  169 5852628.79 4439438.77  24.1%   2.7 2673s
 639850 630621 5304399.55 1068  153 5852628.79 4439438.77  24.1%   2.7 2676s
 640988 631746 5591752.82 1540  151 5852628.79 4439438.77  24.1%   2.7 2681s
 641813 632506 5788862.59 1675  159 5852628.79 4439438.77  24.1%   2.7 2685s
 642901 633548 5789516.05 1812  160 5852628.79 4439438.77  24.1%   2.7 2691s
 643714 634244 5838688.70 1842  161 5852628.79 4439438.77  24.1%   2.7 2695s
 644844 634730 5801137.81 1854  160 5852628.79 4439438.77  24.1%   2.7 2700s
 645905 635496 4694854.38  225  195 5852628.79 4439439.09  24.1%   2.7 2706s
 646559 636551 4979113.46  555  173 5852628.79 4439439.09  24.1%   2.7 2710s
 647626 637563 5211548.08 1144  165 5852628.79 4439439.09  24.1%   2.7 2715s
 648848 638716 4716946.06  168  184 5852628.79 4439440.07  24.1%   2.7 2720s
 650397 640272 4722492.48  955  180 5852628.79 4439440.07  24.1%   2.7 2726s
 651544 641392 4726882.70 1455  181 5852628.79 4439440.07  24.1%   2.7 2731s
 652125 641674 4728652.72 1684  180 5852628.79 4439440.07  24.1%   2.7 2735s
 653133 643046 4731873.42 2072  179 5852628.79 4439440.07  24.1%   2.7 2741s
 654354 644292 4743891.47 2893  178 5852628.79 4439440.07  24.1%   2.7 2745s
 656475 646333 4755893.49 4273  174 5852628.79 4439440.07  24.1%   2.7 2750s
 657990 647901 4868434.68 5194  183 5852628.79 4439440.07  24.1%   2.7 2755s
 659098 648872 4881752.83 5941  182 5852628.79 4439440.07  24.1%   2.7 2761s
 660457 650269 4910051.64 6795  182 5852628.79 4439440.07  24.1%   2.7 2765s
 661416 651277 4916800.74 6797  182 5852628.79 4439440.07  24.1%   2.7 2770s
 662803 652213 4912692.74 6798  181 5852628.79 4439440.07  24.1%   2.7 2775s
 663838 653275 4911723.67 6792  181 5852628.79 4439440.07  24.1%   2.7 2780s
 665040 654281 4478495.57  507  200 5852628.79 4439441.05  24.1%   2.7 2787s
 665675 655112 4482071.26  942  198 5852628.79 4439441.05  24.1%   2.7 2790s
 666709 656089 4765186.81 1643  184 5852628.79 4439441.05  24.1%   2.7 2795s
 668503 658238 4785015.04 2999  180 5852628.79 4439441.05  24.1%   2.7 2800s
 670285 659953 4791150.61 4436  178 5852628.79 4439441.05  24.1%   2.7 2806s
 672105 661594 4807665.87 5823  182 5852628.79 4439441.05  24.1%   2.7 2810s
 673635 663106 4811838.48 6792  180 5852628.79 4439441.05  24.1%   2.7 2815s
 674741 664234 4812182.28 6797  175 5852628.79 4439441.05  24.1%   2.7 2820s
 675942 665260 4812310.39 6798  175 5852628.79 4439441.05  24.1%   2.7 2828s
 676232 665664 4811873.05 6798  176 5852628.79 4439441.05  24.1%   2.7 2830s
 677161 666743 4727899.68  176  194 5852628.79 4439441.42  24.1%   2.7 2835s
 678360 667895 5404280.25  910  171 5852628.79 4439441.42  24.1%   2.7 2840s
 679384 668901 4529348.91  165  231 5852628.79 4439441.66  24.1%   2.7 2845s
 680271 669744 5030695.50  529  181 5852628.79 4439441.66  24.1%   2.7 2850s
 681175 670346 5138286.07  650  169 5852628.79 4439441.66  24.1%   2.7 2855s
 681921 671460 5138425.54  717  170 5852628.79 4439441.66  24.1%   2.7 2861s
 682957 672440 5138546.15  810  170 5852628.79 4439441.66  24.1%   2.7 2865s
 684179 673399 5217574.92 1348  166 5852628.79 4439441.66  24.1%   2.7 2870s
 685191 674399 5230389.42 1539  165 5852628.79 4439441.66  24.1%   2.7 2875s
 686566 675605 5222501.80 1788  166 5852628.79 4439441.66  24.1%   2.7 2880s
 687524 676553 5368636.52 2016  164 5852628.79 4439441.66  24.1%   2.7 2885s
H688474 677056                    5835374.5314 4439441.66  23.9%   2.7 2890s
 689169 677935 infeasible 2603      5835374.53 4439441.66  23.9%   2.7 2895s
H689687 678269                    5831537.1106 4439441.66  23.9%   2.7 2897s
 690202 678924 4464527.31  336  210 5831537.11 4439441.66  23.9%   2.7 2901s
H690779 679457                    5831365.9496 4439441.66  23.9%   2.7 2904s
 690971 679734 4471127.10  540  209 5831365.95 4439441.66  23.9%   2.7 2905s
 692176 680885 4497420.09 1126  204 5831365.95 4439441.66  23.9%   2.7 2910s
 693436 682164 4525846.08 1489  204 5831365.95 4439441.66  23.9%   2.7 2915s
 694921 683409 4578520.27 2403  198 5831365.95 4439441.66  23.9%   2.7 2920s
 695895 684949 4599931.64 2968  195 5831365.95 4439441.66  23.9%   2.7 2925s
 698136 686962 4652821.99 4420  193 5831365.95 4439441.66  23.9%   2.7 2930s
 700074 688842 4672543.94 5360  192 5831365.95 4439441.66  23.9%   2.7 2935s
 701043 689531 4682320.18 5823  188 5831365.95 4439441.66  23.9%   2.7 2940s
 701930 690806 4695185.21 6363  189 5831365.95 4439441.66  23.9%   2.7 2945s
 703378 692201 4460856.86  337  242 5831365.95 4439441.78  23.9%   2.7 2950s
 704707 693486 4613953.19 1019  206 5831365.95 4439441.78  23.9%   2.7 2955s
 706030 694850 4665677.66 1501  199 5831365.95 4439441.78  23.9%   2.7 2960s
 706813 695467 4677231.42 1942  198 5831365.95 4439441.78  23.9%   2.7 2966s
 708525 697146 4707336.18 2975  198 5831365.95 4439441.78  23.9%   2.7 2970s
 710909 699523 4732566.28 4459  197 5831365.95 4439441.78  23.9%   2.7 2975s
 713054 701780 4752844.63 5798  197 5831365.95 4439441.78  23.9%   2.7 2980s
H713669 702274                    5829954.1084 4439441.78  23.9%   2.7 2982s
 714399 702984 4765335.97 6445  192 5829954.11 4439441.78  23.9%   2.7 2986s
 715422 704100 4795166.03 6797  193 5829954.11 4439441.78  23.9%   2.7 2990s
 717048 705684 4774190.22 6798  192 5829954.11 4439441.78  23.9%   2.7 2995s
 719499 708197 4776727.49 6795  191 5829954.11 4439441.78  23.9%   2.7 3000s
 720670 709242 4819769.87 6798  195 5829954.11 4439441.78  23.9%   2.7 3005s
 722399 711031 4774043.49  497  171 5829954.11 4439444.79  23.9%   2.7 3010s
 722967 711389 4920054.79  695  173 5829954.11 4439444.79  23.9%   2.7 3015s
 723893 712522 5495459.96 1141  156 5829954.11 4439444.79  23.9%   2.7 3020s
 724862 713432 5785863.14 1555  162 5829954.11 4439448.23  23.9%   2.7 3026s
 725776 714381 4676774.70  323  222 5829954.11 4439448.23  23.9%   2.7 3030s
 727207 715534 4969400.13  632  191 5829954.11 4439448.23  23.9%   2.7 3035s
 728203 716730 5190092.35  861  166 5829954.11 4439448.23  23.9%   2.7 3040s
 729225 717395 5253758.79 1307  164 5829954.11 4439448.23  23.9%   2.6 3045s
 730422 718934 5314543.06 1590  156 5829954.11 4439448.23  23.9%   2.6 3050s
 732162 720689 5320749.45 1949  154 5829954.11 4439448.23  23.9%   2.6 3055s
 734154 722313 5590220.36 2525  144 5829954.11 4439448.23  23.9%   2.6 3060s
 736122 723871 4973229.49  370  174 5829954.11 4439450.50  23.9%   2.6 3067s
 737104 725117 5221653.77  737  174 5829954.11 4439450.50  23.9%   2.6 3070s
H738049 725955                    5829464.9602 4439450.50  23.8%   2.6 3073s
 738489 726472 4459716.54  159  242 5829464.96 4439450.50  23.8%   2.6 3075s
 739668 727651 4508688.20  724  235 5829464.96 4439450.50  23.8%   2.6 3080s
 741386 729401 4632168.78 1576  199 5829464.96 4439450.50  23.8%   2.6 3085s
 742028 729988 4642625.23 1966  198 5829464.96 4439450.50  23.8%   2.6 3090s
 743624 731652 4673928.91 2879  201 5829464.96 4439450.50  23.8%   2.6 3095s
 745639 733763 4704279.56 4146  199 5829464.96 4439450.50  23.8%   2.6 3100s
 747802 735511 4728036.24 5428  200 5829464.96 4439450.50  23.8%   2.6 3105s
 748404 736105 4733004.93 5753  199 5829464.96 4439450.50  23.8%   2.6 3110s
 749240 737092 4739986.86 6161  199 5829464.96 4439450.50  23.8%   2.6 3115s
 751315 738817 4752868.30 6794  198 5829464.96 4439450.50  23.8%   2.6 3120s
 752884 740428 4787449.72 6798  192 5829464.96 4439450.50  23.8%   2.6 3125s
 754054 741555 4791624.36 6798  194 5829464.96 4439450.50  23.8%   2.6 3130s
 754814 742084 4767991.58 6797  194 5829464.96 4439450.50  23.8%   2.6 3135s
 755924 743361 4760995.62 6798  193 5829464.96 4439451.83  23.8%   2.6 3140s
 757097 744553 4472816.19  275  214 5829464.96 4439451.83  23.8%   2.6 3145s
 758179 745484 4506904.91  472  205 5829464.96 4439451.83  23.8%   2.6 3150s
 759205 746449 4520341.28  633  201 5829464.96 4439451.83  23.8%   2.6 3155s
 760072 747140 4521858.10  774  201 5829464.96 4439451.83  23.8%   2.6 3160s
 760802 748155 4523512.37  907  199 5829464.96 4439451.83  23.8%   2.6 3165s
 762305 749858 4526100.13 1116  203 5829464.96 4439451.83  23.8%   2.6 3170s
 764126 751564 4529339.93 1340  200 5829464.96 4439451.83  23.8%   2.6 3175s
 765804 753178 4532706.08 1582  197 5829464.96 4439451.83  23.8%   2.6 3184s
H765878 753178                    5829188.1030 4439451.83  23.8%   2.6 3184s
 766115 753461 4535819.54 1619  199 5829188.10 4439451.83  23.8%   2.6 3185s
 767587 754996 4536199.07 1853  196 5829188.10 4439451.83  23.8%   2.6 3190s
 768899 756131 4538514.73 2075  195 5829188.10 4439451.83  23.8%   2.6 3195s
 769978 757290 4541062.48 2329  195 5829188.10 4439451.83  23.8%   2.6 3200s
 771174 758501 4543499.22 2602  194 5829188.10 4439451.83  23.8%   2.6 3205s
 772199 759476 4547449.20 2835  196 5829188.10 4439451.83  23.8%   2.6 3210s
 772689 759979 4547575.01 2938  195 5829188.10 4439451.83  23.8%   2.6 3215s
 773702 760992 4549276.44 3173  196 5829188.10 4439451.83  23.8%   2.6 3221s
 774494 761830 4548854.12 3348  194 5829188.10 4439451.83  23.8%   2.6 3226s
 775412 762733 4550845.68 3542  194 5829188.10 4439451.83  23.8%   2.6 3230s
 776201 763564 4554650.74 3705  194 5829188.10 4439451.83  23.8%   2.6 3235s
 777252 764339 4554884.95 3940  194 5829188.10 4439451.83  23.8%   2.6 3240s
 777848 764740 4558560.86 4058  192 5829188.10 4439451.83  23.8%   2.6 3245s
 778783 765798 4556249.83 4234  193 5829188.10 4439451.83  23.8%   2.6 3250s
 779722 767007 4557190.87 4488  193 5829188.10 4439451.83  23.8%   2.6 3255s
 781715 768981 4563920.54 4831  192 5829188.10 4439451.83  23.8%   2.6 3260s
 782933 770140 4564398.52 5014  192 5829188.10 4439451.83  23.8%   2.6 3265s
 785763 772901 4567666.49 5427  192 5829188.10 4439451.83  23.8%   2.6 3270s
 787520 774703 4570328.79 5691  191 5829188.10 4439451.83  23.8%   2.6 3275s
 788445 775575 4573535.94 5911  191 5829188.10 4439451.83  23.8%   2.6 3280s
 788858 775877 4578865.79 6011  189 5829188.10 4439451.83  23.8%   2.6 3285s
H789721 776710                    5829162.5728 4439451.83  23.8%   2.6 3289s
H789820 776905                    5828785.8067 4439451.83  23.8%   2.6 3290s
 790845 777953 4587251.26 6540  191 5828785.81 4439451.83  23.8%   2.6 3295s
 791720 778868 4593025.58 6792  189 5828785.81 4439451.83  23.8%   2.6 3300s
 792900 780050 4603661.73 6798  186 5828785.81 4439451.83  23.8%   2.6 3305s
 793891 780851 4611279.72 6798  186 5828785.81 4439451.83  23.8%   2.6 3311s
 794623 781845 4601987.02 6793  188 5828785.81 4439451.83  23.8%   2.6 3316s
 795795 783000 4604231.91 6798  186 5828785.81 4439453.53  23.8%   2.6 3320s
 797160 784360 4629843.71  557  193 5828785.81 4439453.53  23.8%   2.6 3325s
 798110 785409 4787043.35  932  191 5828785.81 4439453.53  23.8%   2.6 3330s
 799236 786485 4826109.02 1432  182 5828785.81 4439453.53  23.8%   2.6 3335s
H799462 786485                    5828529.5756 4439453.53  23.8%   2.6 3336s
H799834 786870                    5827880.5858 4439453.53  23.8%   2.6 3337s
 800842 788120 4846377.10 2327  180 5827880.59 4439453.53  23.8%   2.6 3340s
 803053 790461 4871383.05 3629  179 5827880.59 4439453.53  23.8%   2.6 3345s
H805472 792790                    5827819.0455 4439453.53  23.8%   2.6 3350s
H805921 793142                    5827762.1989 4439453.53  23.8%   2.6 3351s
H806111 793139                    5827539.2203 4439453.53  23.8%   2.6 3351s
 806610 793476 4927698.14 5827  179 5827539.22 4439453.53  23.8%   2.6 3355s
H806754 793726                    5827539.2167 4439453.53  23.8%   2.6 3356s
 807990 795072 4950240.58 6675  178 5827539.22 4439453.53  23.8%   2.6 3360s
 809344 796536 4986510.56 6796  175 5827539.22 4439453.53  23.8%   2.6 3366s
 810295 797454 4981714.39 6798  175 5827539.22 4439453.53  23.8%   2.6 3370s
 811607 798794 4975533.31 6798  177 5827539.22 4439454.32  23.8%   2.6 3375s
 813099 800203 4510346.40  650  210 5827539.22 4439454.32  23.8%   2.6 3380s
H813826 800937                    5826693.4633 4439454.32  23.8%   2.6 3385s
 814581 801435 4568755.15 1190  196 5826693.46 4439454.32  23.8%   2.6 3392s
H814737 801717                    5826693.2763 4439454.32  23.8%   2.6 3394s
 814865 801897 4572554.05 1345  196 5826693.28 4439454.32  23.8%   2.6 3395s
 816095 803187 4598982.81 1963  184 5826693.28 4439454.32  23.8%   2.6 3400s
 817748 804731 4609859.83 2979  191 5826693.28 4439454.32  23.8%   2.6 3405s
 820092 807202 4630995.53 4208  192 5826693.28 4439454.32  23.8%   2.6 3410s
 822863 809903 4647052.30 5211  189 5826693.28 4439454.32  23.8%   2.6 3415s
 824289 811427 4651896.78 5524  188 5826693.28 4439454.32  23.8%   2.6 3420s
 826785 813667 4676652.24 6500  189 5826693.28 4439454.32  23.8%   2.6 3428s
 827599 814381 4682728.73 6726  187 5826693.28 4439454.32  23.8%   2.6 3430s
 828773 815671 4689847.27 6798  184 5826693.28 4439454.32  23.8%   2.6 3435s
 829907 816911 4706803.67 6797  185 5826693.28 4439454.32  23.8%   2.6 3440s
 831103 817894 4715339.35 6798  187 5826693.28 4439454.32  23.8%   2.6 3445s
 832373 819033 4759948.81 6798  198 5826693.28 4439454.32  23.8%   2.6 3452s
 833214 820024 4694475.59  332  203 5826693.28 4439455.67  23.8%   2.6 3455s
 834739 821650 5410229.22 1156  160 5826693.28 4439455.67  23.8%   2.6 3461s
 836390 823162 4534671.77  204  210 5826693.28 4439456.28  23.8%   2.6 3465s
 837865 824789 5118922.82  615  159 5826693.28 4439456.28  23.8%   2.6 3470s
 840261 827225 5128248.87 1054  159 5826693.28 4439456.28  23.8%   2.6 3475s
 841683 828574 5153333.00 1396  155 5826693.28 4439456.28  23.8%   2.5 3480s
 842690 829182 5154778.37 1592  155 5826693.28 4439456.28  23.8%   2.5 3485s
 843744 830527 5283448.67 1974  154 5826693.28 4439456.28  23.8%   2.5 3490s
 845149 831820 5359599.75 2554  147 5826693.28 4439456.28  23.8%   2.5 3495s
 846329 833087 4946573.28  548  176 5826693.28 4439456.52  23.8%   2.5 3500s
 847531 834313 5415654.35 1210  154 5826693.28 4439456.52  23.8%   2.5 3505s
 849436 836461 4637283.19  434  179 5826693.28 4439457.83  23.8%   2.5 3510s
 850063 836702 4651152.60  653  180 5826693.28 4439457.83  23.8%   2.5 3515s
 851690 838376 5546248.08 1317  169 5826693.28 4439457.83  23.8%   2.5 3520s
 853100 839647 4607911.20  111  234 5826693.28 4439458.29  23.8%   2.5 3525s
 854556 841191 4949844.12  234  193 5826693.28 4439458.29  23.8%   2.5 3530s
 856839 843470 5379671.46  410  144 5826693.28 4439458.29  23.8%   2.5 3535s
 858087 844354 5737442.31  483  136 5826693.28 4439458.29  23.8%   2.5 3542s
H858088 844246                    5822411.5335 4439458.29  23.8%   2.5 3542s
 858445 844748 4459511.48   67  246 5822411.53 4439459.11  23.8%   2.5 3545s
H859285 845467                    5822143.5985 4439459.11  23.7%   2.5 3548s
H859575 845860                    5822143.4682 4439459.11  23.7%   2.5 3550s
 860950 847211 5781941.66 1384  157 5822143.47 4439459.68  23.7%   2.5 3555s
 861966 848187 4476128.11  376  208 5822143.47 4439459.68  23.7%   2.5 3560s
H863018 849180                    5822143.4300 4439459.68  23.7%   2.5 3564s
 863178 849325 4534088.79  767  195 5822143.43 4439459.68  23.7%   2.5 3565s
 864283 850517 4576215.47 1367  193 5822143.43 4439459.68  23.7%   2.5 3570s
H865290 851404                    5822143.3300 4439459.68  23.7%   2.5 3573s
 865733 852096 4588789.59 2132  192 5822143.33 4439459.68  23.7%   2.5 3576s
 866507 852882 4595332.83 2556  190 5822143.33 4439459.68  23.7%   2.5 3580s
 868264 854529 4616166.69 3554  188 5822143.33 4439459.68  23.7%   2.5 3585s
 869466 855672 4636665.97 4248  187 5822143.33 4439459.68  23.7%   2.5 3590s
 870510 856825 4676298.79 4381  190 5822143.33 4439459.68  23.7%   2.5 3595s
 871676 857960 4682022.39 4998  185 5822143.33 4439459.68  23.7%   2.5 3600s

Cutting planes:
  RLT: 122

Explored 871958 nodes (2201747 simplex iterations) in 3600.14 seconds (1719.53 work units)
Thread count was 2 (of 24 available processors)

Solution count 10: 5.82214e+06 5.82241e+06 5.82669e+06 ... 5.82946e+06

Time limit reached
Best objective 5.822143329961e+06, best bound 4.439459682606e+06, gap 23.7487%
