
Gurobi 11.0.3 (linux64, Java) logging started seg 02 dez 2024 06:36:37 -03

Set parameter Username
Academic license - for non-commercial use only - expires 2025-10-10
Set parameter NonConvex to value 2
Set parameter TimeLimit to value 3600
Set parameter LogToConsole to value 0
Set parameter MIPGap to value 2.4724769623200637e-08
Set parameter Threads to value 2
Set parameter NodefileDir to value "/home/ps12398/experiment_epec/goalProgrammingMarcos/"
Set parameter NodefileStart to value 1
Gurobi Optimizer version 11.0.3 build v11.0.3rc0 (linux64)

CPU model: Intel(R) Xeon(R) CPU           X5650  @ 2.67GHz, instruction set [SSE2]
Thread count: 12 physical cores, 24 logical processors, using up to 2 threads

Optimize a model with 100949 rows, 69014 columns and 673505 nonzeros
Model fingerprint: 0xf1472de5
Model has 190 quadratic constraints
Variable types: 34416 continuous, 34598 integer (185 binary)
Coefficient statistics:
  Matrix range     [5e-03, 8e+06]
  QMatrix range    [5e-03, 1e+05]
  QLMatrix range   [1e+00, 1e+05]
  Objective range  [1e+00, 8e+07]
  Bounds range     [1e+00, 1e+08]
  RHS range        [1e+00, 2e+06]
  QRHS range       [3e-02, 3e-02]
Presolve removed 99987 rows and 67686 columns
Presolve time: 0.44s
Presolved: 1676 rows, 1551 columns, 113345 nonzeros
Presolved model has 2 SOS constraint(s)
Presolved model has 185 bilinear constraint(s)

Solving non-convex MIQCP

Variable types: 598 continuous, 953 integer (187 binary)
Found heuristic solution: objective 1.993638e+07

Root relaxation: objective 2.615945e+06, 396 iterations, 0.06 seconds (0.04 work units)

    Nodes    |    Current Node    |     Objective Bounds      |     Work
 Expl Unexpl |  Obj  Depth IntInf | Incumbent    BestBd   Gap | It/Node Time

     0     0 2615944.96    0  254 1.9936e+07 2615944.96  86.9%     -    1s
     0     0 5681831.25    0  244 1.9936e+07 5681831.25  71.5%     -    1s
     0     0 5705749.25    0  249 1.9936e+07 5705749.25  71.4%     -    2s
     0     0 5706529.83    0  249 1.9936e+07 5706529.83  71.4%     -    2s
     0     0 5706976.42    0  249 1.9936e+07 5706976.42  71.4%     -    2s
     0     0 5706978.21    0  249 1.9936e+07 5706978.21  71.4%     -    2s
     0     0 5706978.21    0  249 1.9936e+07 5706978.21  71.4%     -    2s
     0     2 5706978.29    0  249 1.9936e+07 5706978.29  71.4%     -    2s
   416   556 5707513.83  234  238 1.9936e+07 5706994.17  71.4%   1.5    5s
H  564   616                    9060167.2475 5706994.17  37.0%   1.4    5s
H  602   616                    9033321.7088 5706994.17  36.8%   1.3    5s
H 1774  1854                    9009412.8208 5706994.17  36.7%   1.1    8s
  2217  2414 5709551.48 1209  234 9009412.82 5706994.17  36.7%   1.1   10s
H 2896  3069                    9009336.4098 5706994.17  36.7%   1.1   11s
H 2989  3069                    9009314.0979 5706994.17  36.7%   1.1   11s
H 3660  3476                    8850307.5670 5826025.59  34.2%   1.1   14s
  3661  3477 5826025.59 1031  106 8850307.57 5826025.59  34.2%   1.1   15s
H 3672  3311                    8152325.6186 5840066.42  28.4%   1.2   17s
H 3680  3152                    8152026.0822 5840069.20  28.4%   1.4   19s
  3682  3153 5840087.83   15  126 8152026.08 5840087.83  28.4%   1.4   21s
H 3690  3003                    8151995.2560 5840096.36  28.4%   1.6   22s
  3890  3373 5840365.13   84  230 8151995.26 5840162.02  28.4%   1.5   25s
H 4843  3735                    8151700.0426 5840162.02  28.4%   1.4   29s
  4958  3881 5841391.92  351  215 8151700.04 5840162.02  28.4%   1.4   30s
H 5185  3825                    8151191.1990 5840162.02  28.4%   1.4   31s
  5715  4247 5842068.10  524  215 8151191.20 5840162.02  28.4%   1.4   35s
  6577  4784 5842725.56  741  201 8151191.20 5840162.02  28.4%   1.3   40s
  7338  5280 5843083.30  942  202 8151191.20 5840162.02  28.4%   1.3   45s
H 7413  5120                    8151176.4434 5840162.02  28.4%   1.3   45s
  8173  5760 5843538.46 1183  201 8151176.44 5840162.02  28.4%   1.3   50s
  8832  6202 5843867.59 1356  201 8151176.44 5840162.02  28.4%   1.2   55s
  9711  6840 5844300.44 1574  202 8151176.44 5840162.02  28.4%   1.2   60s
 10404  7316 5844649.89 1741  202 8151176.44 5840162.02  28.4%   1.2   65s
H10547  7141                    7844834.7501 5840162.02  25.6%   1.2   65s
 11415  8049 5845207.69 2006  202 7844834.75 5840162.02  25.6%   1.2   71s
H11731  8285                    7843858.9569 5840162.02  25.5%   1.2   73s
H11731  8285                    7843329.2740 5840162.02  25.5%   1.2   73s
 12267  8720 5845604.88 2189  204 7843329.27 5840162.02  25.5%   1.2   75s
H12788  9251                    7725231.8936 5840162.02  24.4%   1.2   79s
 12933  9569 5846650.94 2370  201 7725231.89 5840162.02  24.4%   1.2   80s
 13915 10542 5847698.14 2598  198 7725231.89 5840162.02  24.4%   1.2   85s
 14543 11149 5848108.70 2749  197 7725231.89 5840162.02  24.4%   1.2   90s
 15472 12093 5848778.98 2974  196 7725231.89 5840162.02  24.4%   1.2   95s
 16278 12930 5849245.57 3142  196 7725231.89 5840162.02  24.4%   1.2  100s
 17713 14419 5850075.01 3457  197 7725231.89 5840162.02  24.4%   1.2  105s
H18244 14781                    7724876.7445 5840162.02  24.4%   1.2  106s
H18463 15163                    7724876.7275 5840162.02  24.4%   1.2  108s
 19227 15917 5850919.30 3761  197 7724876.73 5840162.02  24.4%   1.2  111s
H19721 16040                    7724873.0806 5840162.02  24.4%   1.2  114s
 19722 16359 5851280.35 3891  197 7724873.08 5840162.02  24.4%   1.2  115s
 20765 17464 5851798.89 4087  186 7724873.08 5840162.02  24.4%   1.2  120s
 22037 18782 5852484.24 4414  184 7724873.08 5840162.02  24.4%   1.2  126s
 23297 19992 5853170.44 4750  185 7724873.08 5840162.02  24.4%   1.2  131s
 24094 20778 5853597.90 4957  185 7724873.08 5840162.02  24.4%   1.2  135s
H24672 21197                    7724473.7959 5840162.02  24.4%   1.1  136s
H24879 21199                    7724473.5056 5840162.02  24.4%   1.1  139s
 24881 21378 5854031.25 5163  184 7724473.51 5840162.02  24.4%   1.1  140s
 25863 22594 5854620.45 5450  185 7724473.51 5840162.02  24.4%   1.1  145s
 27011 23734 5855232.69 5743  184 7724473.51 5840162.02  24.4%   1.1  150s
H27291 23734                    7724350.3307 5840162.02  24.4%   1.1  150s
 28114 24813 5855808.55 6021  184 7724350.33 5840162.02  24.4%   1.1  155s
 29191 25865 5856392.69 6303  184 7724350.33 5840162.02  24.4%   1.1  160s
 29789 26433 5856647.05 6429  185 7724350.33 5840162.02  24.4%   1.1  165s
 30681 27416 5857195.42 6691  181 7724350.33 5840162.02  24.4%   1.1  171s
 31901 28615 5857410.14 7000  178 7724350.33 5840162.02  24.4%   1.1  176s
H32527 28931                    7724310.0048 5840162.02  24.4%   1.1  178s
 32613 29334 5857534.32 7179  178 7724310.00 5840162.02  24.4%   1.1  180s
 33685 30398 5857666.04 7211  175 7724310.00 5840162.02  24.4%   1.1  185s
 34851 31519 5857595.30 7211  176 7724310.00 5840162.02  24.4%   1.1  190s
 35484 32114 5857609.14 7211  172 7724310.00 5840162.02  24.4%   1.1  195s
 36444 33098 5857580.72 7210  174 7724310.00 5840162.02  24.4%   1.1  200s
 37403 33891 5840892.52  211  217 7724310.00 5840207.15  24.4%   1.1  205s
 38307 34991 5841941.55  478  216 7724310.00 5840207.15  24.4%   1.1  211s
 39139 35651 5842673.17  700  201 7724310.00 5840207.15  24.4%   1.1  215s
 39897 36395 5843486.47  895  202 7724310.00 5840207.15  24.4%   1.1  220s
 40284 36757 5844052.40  995  202 7724310.00 5840207.15  24.4%   1.1  225s
 41016 37527 5845099.97 1184  202 7724310.00 5840207.15  24.4%   1.1  230s
 42023 38544 5846562.12 1444  203 7724310.00 5840207.15  24.4%   1.1  236s
 42857 39403 5847793.78 1660  202 7724310.00 5840207.15  24.4%   1.1  240s
H43406 39828                    7724221.1994 5840207.15  24.4%   1.1  243s
 43720 40258 5849054.20 1881  200 7724221.20 5840207.15  24.4%   1.1  246s
 44418 40916 5849882.06 2059  189 7724221.20 5840207.15  24.4%   1.1  250s
 45285 41743 5850615.59 2338  189 7724221.20 5840207.15  24.4%   1.1  256s
 46093 42709 5851222.12 2555  189 7724221.20 5840207.15  24.4%   1.1  260s
H46227 42709                    7723944.8613 5840207.15  24.4%   1.1  260s
 47226 43847 5851993.16 2818  188 7723944.86 5840207.15  24.4%   1.1  266s
H47529 44199                    7723787.8923 5840207.15  24.4%   1.1  267s
 48210 44890 5852754.14 3092  188 7723787.89 5840207.15  24.4%   1.1  271s
 49240 45867 5853498.41 3376  189 7723787.89 5840207.15  24.4%   1.1  276s
 50204 46808 5854173.78 3638  183 7723787.89 5840207.15  24.4%   1.1  281s
 50502 47143 5854394.26 3747  184 7723787.89 5840207.15  24.4%   1.1  285s
 51460 48196 5854892.15 3988  184 7723787.89 5840207.15  24.4%   1.1  290s
 52707 49432 5855542.58 4302  184 7723787.89 5840207.15  24.4%   1.1  295s
 53837 50549 5856137.50 4586  183 7723787.89 5840207.15  24.4%   1.1  300s
 55152 51824 5856918.79 4961  183 7723787.89 5840207.15  24.4%   1.1  306s
 55781 52455 5857307.44 5154  184 7723787.89 5840207.15  24.4%   1.1  310s
 56930 53631 5857911.56 5445  184 7723787.89 5840207.15  24.4%   1.1  315s
 58448 55140 5858706.09 5826  183 7723787.89 5840207.15  24.4%   1.1  321s
H59351 55847                    7723608.1141 5840207.15  24.4%   1.1  324s
 59529 56196 5859258.74 6096  184 7723608.11 5840207.15  24.4%   1.1  325s
H60226 56872                    7723604.7749 5840207.15  24.4%   1.1  329s
 60554 57217 5859553.77 6352  180 7723604.77 5840207.15  24.4%   1.1  330s
 61138 57680 5859746.57 6497  179 7723604.77 5840207.15  24.4%   1.1  336s
 62108 58798 5859803.89 6708  179 7723604.77 5840207.15  24.4%   1.1  341s
 63209 59846 5859995.23 6987  180 7723604.77 5840207.15  24.4%   1.1  346s
 63884 60562 5860115.60 7156  179 7723604.77 5840207.15  24.4%   1.1  350s
H63896 60562                    7723582.8591 5840207.15  24.4%   1.1  350s
H64246 60894                    7723581.4849 5840207.15  24.4%   1.1  351s
 65256 61917 5860384.59 7211  173 7723581.48 5840207.15  24.4%   1.1  356s
H65431 61917                    7723153.3093 5840207.15  24.4%   1.1  356s
 65924 62338 5860470.86 7210  173 7723153.31 5840207.15  24.4%   1.1  361s
H66020 62533                    7723153.2155 5840207.15  24.4%   1.1  362s
 66568 63314 5860183.24 7210  174 7723153.22 5840207.15  24.4%   1.1  366s
 67671 64247 5860253.96 7211  175 7723153.22 5840207.15  24.4%   1.1  371s
 68659 65351 5840912.05  210  213 7723153.22 5840212.56  24.4%   1.1  376s
 69538 66213 5841928.93  470  213 7723153.22 5840212.56  24.4%   1.1  380s
 70516 67114 5842699.57  686  199 7723153.22 5840212.56  24.4%   1.1  385s
 71118 67681 5842943.18  802  199 7723153.22 5840212.56  24.4%   1.1  390s
 71941 68553 5843682.01  980  200 7723153.22 5840212.56  24.4%   1.1  395s
 72844 69363 5844740.72 1172  201 7723153.22 5840212.56  24.4%   1.1  400s
 73833 70362 5846180.42 1427  201 7723153.22 5840212.56  24.4%   1.1  406s
 74615 71139 5847210.66 1608  199 7723153.22 5840212.56  24.4%   1.1  411s
 75463 72000 5848343.45 1806  198 7723153.22 5840212.56  24.4%   1.1  416s
 76153 72543 5849327.23 1982  199 7723153.22 5840212.56  24.4%   1.1  420s
 76832 73398 5850232.50 2141  198 7723153.22 5840212.56  24.4%   1.1  426s
 77753 74335 5851658.64 2393  198 7723153.22 5840212.56  24.4%   1.1  430s
 78651 75016 5852858.40 2605  198 7723153.22 5840212.56  24.4%   1.1  436s
H78655 75016                    7716560.8635 5840212.56  24.3%   1.1  436s
H78704 75058                    7716546.4983 5840212.56  24.3%   1.1  438s
H78706 75058                    7710291.9081 5840212.56  24.3%   1.1  438s
H78715 75058                    7708890.0383 5840212.56  24.2%   1.1  438s
 78740 75300 5852973.88 2627  199 7708890.04 5840212.56  24.2%   1.1  440s
H79279 75861                    7708858.1999 5840212.56  24.2%   1.1  443s
H79696 76083                    7706785.7587 5840212.56  24.2%   1.1  444s
 79765 76396 5854395.23 2879  198 7706785.76 5840212.56  24.2%   1.1  446s
H80588 77037                    7706755.7085 5840212.56  24.2%   1.1  449s
H80719 77294                    7706269.4380 5840212.56  24.2%   1.1  451s
 81301 77621 5855688.77 3323  190 7706269.44 5840212.56  24.2%   1.1  455s
H81492 77899                    7703481.0607 5840212.56  24.2%   1.1  457s
H81581 78119                    7703477.7855 5840212.56  24.2%   1.1  458s
H81598 78119                    7691001.3523 5840212.56  24.1%   1.1  458s
H81801 78448                    7691000.8863 5840212.56  24.1%   1.1  460s
H82450 79079                    7680600.4423 5840212.56  24.0%   1.1  463s
 82969 79627 5856975.61 3770  189 7680600.44 5840212.56  24.0%   1.1  466s
H83644 80267                    7680554.6209 5840212.56  24.0%   1.1  469s
 83949 80588 5857693.19 4043  190 7680554.62 5840212.56  24.0%   1.1  470s
 84923 81521 5858454.17 4317  190 7680554.62 5840212.56  24.0%   1.1  475s
 85880 82513 5859120.77 4594  185 7680554.62 5840212.56  24.0%   1.1  480s
H86373 82831                    7680539.3350 5840212.56  24.0%   1.1  484s
 86513 83109 5859542.61 4797  185 7680539.34 5840212.56  24.0%   1.1  485s
 87595 84295 5860202.85 5111  184 7680539.34 5840212.56  24.0%   1.1  491s
 88746 85443 5860854.99 5428  184 7680539.34 5840212.56  24.0%   1.1  496s
 89870 86580 5861493.90 5739  185 7680539.34 5840212.56  24.0%   1.1  501s
 90975 87681 5862122.71 6040  184 7680539.34 5840212.56  24.0%   1.1  506s
 91363 87845 5862346.43 6148  184 7680539.34 5840212.56  24.0%   1.1  510s
 92248 88937 5862850.14 6389  184 7680539.34 5840212.56  24.0%   1.1  515s
 93298 89979 5863453.48 6685  185 7680539.34 5840212.56  24.0%   1.1  520s
 94413 91120 5864084.72 6985  184 7680539.34 5840212.56  24.0%   1.1  525s
 95558 92281 5864482.97 7211  173 7680539.34 5840212.56  24.0%   1.1  530s
H96706 93026                    7675986.7975 5840212.56  23.9%   1.1  535s
H96843 93552                    7675592.2329 5840212.56  23.9%   1.1  539s
 97234 93946 5864525.05 7211  172 7675592.23 5840212.56  23.9%   1.1  541s
 98283 94907 5864384.34 7206  178 7675592.23 5840212.56  23.9%   1.1  546s
 99188 95799 5864412.37 7211  173 7675592.23 5840212.56  23.9%   1.1  550s
 100232 96931 5840904.50  211  216 7675592.23 5840230.72  23.9%   1.1  556s
 101389 98084 5842050.01  504  216 7675592.23 5840230.72  23.9%   1.1  561s
 101792 98381 5842437.64  603  216 7675592.23 5840230.72  23.9%   1.1  566s
 102641 99188 5842818.84  763  201 7675592.23 5840230.72  23.9%   1.1  570s
 103425 100014 5843373.60  878  203 7675592.23 5840230.72  23.9%   1.1  575s
 104284 100888 5844236.80 1025  202 7675592.23 5840230.72  23.9%   1.1  581s
 104843 101451 5844743.14 1120  203 7675592.23 5840230.72  23.9%   1.1  585s
 105836 102365 5845850.11 1315  203 7675592.23 5840230.72  23.9%   1.1  590s
 106610 103164 5846961.58 1512  203 7675592.23 5840230.72  23.9%   1.1  595s
H106862 103198                    7645019.3984 5840230.72  23.6%   1.1  599s
 106880 103412 5847255.15 1587  191 7645019.40 5840230.72  23.6%   1.1  600s
H107823 104359                    7570754.7432 5840230.72  22.9%   1.1  605s
H108041 104560                    7570382.7800 5840230.72  22.9%   1.1  607s
H108139 104560                    7563288.6755 5840230.72  22.8%   1.1  607s
H108242 104805                    7563288.5870 5840230.72  22.8%   1.1  608s
H108487 105062                    7562903.1016 5840230.72  22.8%   1.1  610s
H108744 105338                    7562903.0806 5840230.72  22.8%   1.1  611s
 109566 106036 5849466.64 2385  191 7562903.08 5840230.72  22.8%   1.1  615s
 110411 107020 5850042.50 2576  190 7562903.08 5840230.72  22.8%   1.1  621s
 111275 107892 5850699.75 2829  191 7562903.08 5840230.72  22.8%   1.1  625s
 111871 108349 5851181.14 3002  191 7562903.08 5840230.72  22.8%   1.1  631s
H111950 108349                    7562713.4217 5840230.72  22.8%   1.1  631s
H112071 108537                    7533134.6999 5840230.72  22.5%   1.1  633s
 112219 108889 5851444.06 3097  191 7533134.70 5840230.72  22.5%   1.1  635s
 113255 109875 5852141.05 3429  184 7533134.70 5840230.72  22.5%   1.1  640s
 114221 110877 5852797.28 3749  185 7533134.70 5840230.72  22.5%   1.1  645s
H114866 111535                    7533061.8692 5840230.72  22.5%   1.1  648s
 115217 111652 5853460.14 4069  185 7533061.87 5840230.72  22.5%   1.1  650s
 116356 113053 5854134.68 4394  185 7533061.87 5840230.72  22.5%   1.1  656s
 117092 113430 5854572.92 4603  184 7533061.87 5840230.72  22.5%   1.1  660s
H117128 113775                    7532555.3405 5840230.72  22.5%   1.1  662s
H117647 114118                    7532555.2535 5840230.72  22.5%   1.1  664s
 117800 114476 5854971.54 4798  185 7532555.25 5840230.72  22.5%   1.1  666s
 118519 115199 5855389.98 5000  185 7532555.25 5840230.72  22.5%   1.1  670s
 119895 116556 5856198.58 5391  185 7532555.25 5840230.72  22.5%   1.1  676s
 120938 117401 5856818.36 5687  184 7532555.25 5840230.72  22.5%   1.1  680s
 121803 118502 5857099.32 5887  183 7532555.25 5840230.72  22.5%   1.1  685s
H122185 118504                    7532483.6770 5840230.72  22.5%   1.1  687s
H122212 118667                    7504503.6941 5840230.72  22.2%   1.1  689s
 122349 119002 5857138.91 6076  184 7504503.69 5840230.72  22.2%   1.1  690s
 123385 120085 5857335.45 6359  184 7504503.69 5840230.72  22.2%   1.1  695s
H123573 120085                    7504268.6144 5840230.72  22.2%   1.1  695s
 124565 121251 5857542.10 6652  183 7504268.61 5840230.72  22.2%   1.1  700s
 125949 122647 5857758.15 6966  184 7504268.61 5840230.72  22.2%   1.1  705s
 127112 123720 5857940.82 7211  179 7504268.61 5840230.72  22.2%   1.1  712s
H127799 124247                    7500718.0207 5840239.20  22.1%   1.1  714s
 127929 124586 5841031.03  361  202 7500718.02 5840239.20  22.1%   1.1  715s
H129052 125550                    7500586.5924 5840239.20  22.1%   1.1  718s
H129552 126184                    7500584.3508 5840239.20  22.1%   1.1  720s
H130787 127375                    7500556.2906 5840239.20  22.1%   1.1  725s
H131057 127682                    7500406.2111 5840239.20  22.1%   1.1  726s
 132189 128822 5842273.77  829  202 7500406.21 5840239.20  22.1%   1.1  731s
H132319 128822                    7499482.9071 5840239.20  22.1%   1.1  731s
 132506 129032 5842376.06  867  202 7499482.91 5840239.20  22.1%   1.1  736s
H133060 129651                    7499479.2601 5840239.20  22.1%   1.1  739s
 133333 129973 5842720.11  946  200 7499479.26 5840239.20  22.1%   1.1  740s
H134290 130957                    7499004.3087 5840239.20  22.1%   1.1  745s
H134447 130957                    7495313.8617 5840239.20  22.1%   1.1  745s
H135199 131713                    7495048.9803 5840239.20  22.1%   1.1  748s
 135395 131970 5842982.96 1130  185 7495048.98 5840239.20  22.1%   1.1  750s
H135652 132277                    7492663.6559 5840239.20  22.1%   1.1  751s
H135663 132277                    7481287.0894 5840239.20  21.9%   1.1  751s
 136421 133156 5843080.04 1269  185 7481287.09 5840239.20  21.9%   1.1  755s
H136643 133156                    7481228.2929 5840239.20  21.9%   1.1  755s
 137523 133949 5843165.25 1389  181 7481228.29 5840239.20  21.9%   1.1  761s
H137630 133949                    7448134.4654 5840239.20  21.6%   1.1  761s
 138225 134943 5843223.35 1472  183 7448134.47 5840239.20  21.6%   1.1  765s
H139029 135485                    7448067.1419 5840239.20  21.6%   1.1  768s
 139574 136236 5843391.22 1712  184 7448067.14 5840239.20  21.6%   1.1  770s
 141240 137560 5843664.50 2109  185 7448067.14 5840239.20  21.6%   1.1  775s
 142298 138932 5843834.51 2348  184 7448067.14 5840239.20  21.6%   1.1  780s
H142701 139108                    7441219.6984 5840239.20  21.5%   1.1  783s
 142790 139416 5843913.82 2462  184 7441219.70 5840239.20  21.5%   1.1  785s
 144063 140726 5844098.67 2733  185 7441219.70 5840239.20  21.5%   1.1  791s
 145079 141779 5844213.45 2863  180 7441219.70 5840239.20  21.5%   1.1  796s
 146136 142845 5844293.64 2976  172 7441219.70 5840239.20  21.5%   1.1  801s
 147229 143888 5844387.70 3131  172 7441219.70 5840239.20  21.5%   1.1  806s
H147920 144240                    7437854.3190 5840239.20  21.5%   1.1  810s
 148596 145288 5844512.84 3340  173 7437854.32 5840239.20  21.5%   1.1  816s
 149642 146296 5844604.72 3488  172 7437854.32 5840239.20  21.5%   1.1  820s
 150630 147249 5844695.46 3637  172 7437854.32 5840239.20  21.5%   1.1  826s
 151488 148121 5844770.88 3761  172 7437854.32 5840239.20  21.5%   1.1  831s
 152557 149192 5844861.79 3911  172 7437854.32 5840239.20  21.5%   1.1  836s
 152874 149425 5844891.16 3962  173 7437854.32 5840239.20  21.5%   1.1  840s
 153700 150391 5844956.33 4069  173 7437854.32 5840239.20  21.5%   1.1  846s
 154727 151368 5845044.43 4214  173 7437854.32 5840239.20  21.5%   1.1  850s
 156049 152724 5845144.50 4376  172 7437854.32 5840239.20  21.5%   1.1  856s
 157147 153834 5845229.16 4515  172 7437854.32 5840239.20  21.5%   1.1  860s
H157516 154132                    7437851.5314 5840239.20  21.5%   1.1  862s
H158020 154457                    7437851.1690 5840239.20  21.5%   1.1  863s
H158139 154459                    7437851.0946 5840239.20  21.5%   1.1  867s
H158407 155008                    7437851.0501 5840239.20  21.5%   1.1  870s
H159636 156290                    7431105.2968 5840239.20  21.4%   1.1  875s
 161045 157714 5845543.18 5034  173 7431105.30 5840239.20  21.4%   1.1  881s
 162458 159065 5845645.19 5199  172 7431105.30 5840239.20  21.4%   1.1  886s
H162628 159065                    7431104.0920 5840239.20  21.4%   1.1  886s
 163314 159634 5845703.02 5293  172 7431104.09 5840239.20  21.4%   1.1  891s
 163927 160600 5845741.29 5357  172 7431104.09 5840239.20  21.4%   1.1  896s
 164996 161681 5845809.48 5463  171 7431104.09 5840239.20  21.4%   1.1  901s
 166045 162727 5845875.75 5577  172 7431104.09 5840239.20  21.4%   1.1  906s
 167077 163730 5845941.05 5684  172 7431104.09 5840239.20  21.4%   1.1  911s
H167709 164324                    7431094.4757 5840239.20  21.4%   1.1  914s
 168006 164686 5845999.67 5782  172 7431094.48 5840239.20  21.4%   1.1  916s
 168368 164724 5846022.55 5818  172 7431094.48 5840239.20  21.4%   1.1  920s
H168802 165432                    7420809.7051 5840239.20  21.3%   1.1  924s
 169114 165796 5846074.86 5904  172 7420809.71 5840239.20  21.3%   1.1  926s
 170128 166806 5846139.24 6014  173 7420809.71 5840239.20  21.3%   1.1  931s
 171151 167689 5846203.87 6117  172 7420809.71 5840239.20  21.3%   1.1  936s
 172062 168713 5846265.19 6218  172 7420809.71 5840239.20  21.3%   1.1  941s
 173081 169717 5846329.16 6323  172 7420809.71 5840239.20  21.3%   1.1  946s
H173554 169873                    7420806.0581 5840239.20  21.3%   1.1  949s
 173555 170163 5846357.14 6369  172 7420806.06 5840239.20  21.3%   1.1  951s
 174360 171052 5846410.60 6456  172 7420806.06 5840239.20  21.3%   1.1  956s
H174734 171344                    7415906.1663 5840239.20  21.2%   1.1  958s
H175352 171983                    7415905.7714 5840239.20  21.2%   1.1  961s
 176319 172934 5846535.07 6661  172 7415905.77 5840239.20  21.2%   1.1  966s
H176815 173279                    7415873.2643 5840239.20  21.2%   1.1  968s
 177316 173985 5846603.90 6779  172 7415873.26 5840239.20  21.2%   1.1  970s
 178336 174994 5846678.09 6906  172 7415873.26 5840239.20  21.2%   1.1  975s
 178678 175253 5846701.44 6946  172 7415873.26 5840239.20  21.2%   1.1  980s
 179578 176249 5846744.70 7022  172 7415873.26 5840239.20  21.2%   1.1  985s
 180872 177525 5846806.10 7121  169 7415873.26 5840239.20  21.2%   1.1  991s
H181064 177525                    7410237.5534 5840239.20  21.2%   1.1  991s
H181697 178162                    7410086.2229 5840239.20  21.2%   1.1  993s
 181844 178417 5846848.31 7190  171 7410086.22 5840239.20  21.2%   1.1  995s
H182742 179178                    7409166.5257 5840239.20  21.2%   1.1  998s
 182860 179469 5846883.37 7211  167 7409166.53 5840239.20  21.2%   1.1 1000s
H183755 180075                    7408845.1584 5840239.20  21.2%   1.1 1007s
H183782 180223                    7408827.4221 5840239.20  21.2%   1.1 1009s
H183830 180223                    7393058.0499 5840239.20  21.0%   1.1 1009s
H183905 180399                    7393052.6338 5840239.20  21.0%   1.1 1010s
H184779 181423                    7392386.5889 5840239.20  21.0%   1.1 1015s
H185887 182342                    7391530.9808 5840240.45  21.0%   1.1 1019s
H186024 182622                    7391530.9439 5840240.45  21.0%   1.1 1020s
 187082 183646 5841270.04  433  204 7391530.94 5840240.45  21.0%   1.1 1025s
 188011 184629 5841593.05  554  204 7391530.94 5840240.45  21.0%   1.1 1030s
 188901 185221 5841855.91  648  202 7391530.94 5840240.45  21.0%   1.1 1037s
 189143 185596 5841911.33  669  201 7391530.94 5840240.45  21.0%   1.1 1040s
 190141 186751 5842091.64  737  202 7391530.94 5840240.45  21.0%   1.1 1046s
 191030 187472 5842297.87  816  201 7391530.94 5840240.45  21.0%   1.1 1050s
 192049 188667 5842563.60  910  200 7391530.94 5840240.45  21.0%   1.1 1056s
 192906 189541 5842750.74  982  200 7391530.94 5840240.45  21.0%   1.1 1060s
 193833 190430 5842947.70 1057  200 7391530.94 5840240.45  21.0%   1.1 1066s
 194674 191319 5843123.72 1130  202 7391530.94 5840240.45  21.0%   1.1 1070s
 195953 192578 5843402.08 1237  202 7391530.94 5840240.45  21.0%   1.1 1075s
 197228 193892 5843661.24 1329  200 7391530.94 5840240.45  21.0%   1.1 1080s
 198509 195172 5843858.21 1404  200 7391530.94 5840240.45  21.0%   1.1 1085s
H198854 195205                    7391375.8722 5840240.45  21.0%   1.1 1086s
H198888 195235                    7389153.2727 5840240.45  21.0%   1.1 1087s
H198903 195235                    7383418.8031 5840240.45  20.9%   1.1 1087s
H198914 195235                    7379929.6750 5840240.45  20.9%   1.1 1087s
H198922 195298                    7368887.6177 5840240.45  20.7%   1.1 1089s
H198928 195298                    7366158.9834 5840240.45  20.7%   1.1 1089s
 198980 195485 5843934.56 1436  199 7366158.98 5840240.45  20.7%   1.1 1090s
 199522 196111 5843982.48 1457  202 7366158.98 5840240.45  20.7%   1.1 1096s
H199558 196111                    7364235.1774 5840240.45  20.7%   1.1 1096s
 200187 196875 5844100.48 1501  202 7364235.18 5840240.45  20.7%   1.1 1100s
 201270 197954 5844268.12 1561  201 7364235.18 5840240.45  20.7%   1.1 1105s
H201700 198225                    7364222.1067 5840240.45  20.7%   1.1 1107s
 202293 198926 5844409.94 1615  201 7364222.11 5840240.45  20.7%   1.1 1111s
H202975 199454                    7364073.2157 5840240.45  20.7%   1.1 1113s
 203136 199798 5844562.79 1672  200 7364073.22 5840240.45  20.7%   1.1 1115s
 204142 200702 5844722.31 1732  200 7364073.22 5840240.45  20.7%   1.1 1122s
 204477 201146 5844808.72 1768  199 7364073.22 5840240.45  20.7%   1.1 1125s
 205532 202022 5844967.29 1832  202 7364073.22 5840240.45  20.7%   1.1 1130s
 206362 202992 5845110.06 1881  202 7364073.22 5840240.45  20.7%   1.1 1135s
H207016 203598                    7363442.7017 5840240.45  20.7%   1.1 1137s
 207739 204276 5845370.08 1980  200 7363442.70 5840240.45  20.7%   1.1 1140s
H208286 204705                    7361609.7225 5840240.45  20.7%   1.1 1142s
H208850 205380                    7361570.4361 5840240.45  20.7%   1.1 1145s
H209175 205612                    7361010.7019 5840240.45  20.7%   1.1 1146s
 209407 205821 5845780.17 2142  201 7361010.70 5840240.45  20.7%   1.1 1150s
 210234 206799 5845977.13 2217  201 7361010.70 5840240.45  20.7%   1.1 1155s
 211416 207970 5846245.32 2319  203 7361010.70 5840240.45  20.7%   1.1 1160s
H212221 208654                    7360225.4485 5840240.45  20.7%   1.1 1164s
 212336 208800 5846488.83 2405  200 7360225.45 5840240.45  20.7%   1.1 1166s
 212964 209489 5846637.47 2468  202 7360225.45 5840240.45  20.7%   1.1 1170s
H213790 210240                    7359638.9123 5840240.45  20.6%   1.1 1174s
 213922 210488 5846868.66 2549  200 7359638.91 5840240.45  20.6%   1.1 1175s
H214523 210912                    7359490.8916 5840240.45  20.6%   1.1 1177s
 214594 210914 5846997.14 2605  201 7359490.89 5840240.45  20.6%   1.1 1180s
 215329 211885 5847140.12 2662  201 7359490.89 5840240.45  20.6%   1.1 1186s
H216090 212542                    7351716.9067 5840240.45  20.6%   1.1 1189s
H216224 212782                    7351658.1399 5840240.45  20.6%   1.1 1191s
H216269 212782                    7351410.7432 5840240.45  20.6%   1.1 1191s
H216817 213468                    7351366.2003 5840240.45  20.6%   1.1 1194s
H217020 213468                    7351364.3474 5840240.45  20.6%   1.1 1194s
 217150 213813 5847350.79 2775  186 7351364.35 5840240.45  20.6%   1.1 1196s
 218191 214785 5847442.03 2831  185 7351364.35 5840240.45  20.6%   1.1 1201s
H218379 214785                    7350792.5993 5840240.45  20.5%   1.1 1201s
H218572 215033                    7350781.5143 5840240.45  20.5%   1.1 1202s
H219071 215732                    7350737.5219 5840240.45  20.5%   1.1 1204s
H219273 215732                    7350693.5795 5840240.45  20.5%   1.1 1204s
H219414 216066                    7350593.4152 5840240.45  20.5%   1.1 1206s
H219749 216068                    7350550.1441 5840240.45  20.5%   1.1 1208s
 219750 216368 5847569.44 2906  185 7350550.14 5840240.45  20.5%   1.1 1210s
 220704 217355 5847646.13 2955  188 7350550.14 5840240.45  20.5%   1.1 1215s
 222002 218640 5847755.92 3018  185 7350550.14 5840240.45  20.5%   1.1 1221s
 222962 219603 5847833.98 3061  187 7350550.14 5840240.45  20.5%   1.1 1225s
 223928 220585 5847917.89 3112  186 7350550.14 5840240.45  20.5%   1.1 1230s
 224687 221273 5847972.92 3149  188 7350550.14 5840240.45  20.5%   1.1 1236s
H225116 221597                    7347734.6799 5840240.45  20.5%   1.1 1238s
H225279 222001                    7347731.0580 5840240.45  20.5%   1.1 1239s
H225473 222001                    7347727.5548 5840240.45  20.5%   1.1 1239s
 225683 222228 5848041.49 3192  188 7347727.55 5840240.45  20.5%   1.1 1240s
H226721 223228                    7343126.9205 5840240.45  20.5%   1.1 1243s
 226910 223651 5848113.37 3233  188 7343126.92 5840240.45  20.5%   1.1 1245s
H227722 224383                    7330385.8866 5840240.45  20.3%   1.1 1248s
 228445 224935 5848217.42 3294  185 7330385.89 5840240.45  20.3%   1.1 1251s
 229371 226070 5848286.84 3337  185 7330385.89 5840240.45  20.3%   1.1 1256s
 230131 226451 5848338.38 3369  188 7330385.89 5840240.45  20.3%   1.1 1260s
 230849 227499 5848386.69 3396  184 7330385.89 5840240.45  20.3%   1.1 1265s
H231014 227499                    7329612.5472 5840240.45  20.3%   1.1 1265s
 232351 229008 5848489.39 3452  189 7329612.55 5840240.45  20.3%   1.1 1271s
H232522 229008                    7316510.1137 5840240.45  20.2%   1.1 1271s
H232871 229366                    7315718.8215 5840240.45  20.2%   1.1 1272s
H233403 230063                    7315680.9810 5840240.45  20.2%   1.1 1275s
H233745 230381                    7315606.6605 5840240.45  20.2%   1.1 1276s
H234407 231019                    7315550.7685 5840240.45  20.2%   1.1 1279s
H234701 231377                    7315538.0163 5840240.45  20.2%   1.1 1280s
 235669 232282 5848765.30 3642  186 7315538.02 5840240.45  20.2%   1.1 1286s
H235964 232541                    7313891.4150 5840240.45  20.1%   1.1 1287s
 236583 233255 5848874.53 3735  189 7313891.42 5840240.45  20.1%   1.1 1290s
H237435 233923                    7313881.3920 5840240.45  20.1%   1.1 1293s
 237605 234276 5849008.61 3839  188 7313881.39 5840240.45  20.1%   1.1 1295s
H238620 235198                    7311768.8379 5840240.45  20.1%   1.1 1299s
 238880 235533 5849169.10 3969  188 7311768.84 5840240.45  20.1%   1.1 1301s
H239949 236532                    7311606.4999 5840240.45  20.1%   1.1 1305s
H240083 236532                    7311017.3222 5840240.45  20.1%   1.1 1305s
H240214 236861                    7310989.8906 5840240.45  20.1%   1.1 1306s
H240815 237472                    7310838.6046 5840240.45  20.1%   1.1 1311s
 241801 238457 5849434.30 4148  186 7310838.60 5840240.45  20.1%   1.1 1315s
 242773 239437 5849488.72 4174  187 7310838.60 5840240.45  20.1%   1.1 1320s
 243762 240375 5849541.21 4202  183 7310838.60 5840240.45  20.1%   1.1 1325s
 244956 241591 5849611.88 4237  185 7310838.60 5840240.45  20.1%   1.1 1330s
 245599 241951 5849646.15 4250  187 7310838.60 5840240.45  20.1%   1.1 1335s
 246563 243221 5849697.48 4277  184 7310838.60 5840240.45  20.1%   1.1 1340s
 247911 244518 5849773.77 4314  184 7310838.60 5840240.45  20.1%   1.1 1346s
 248869 245461 5849827.41 4339  186 7310838.60 5840240.45  20.1%   1.1 1350s
 249855 246515 5849876.46 4363  186 7310838.60 5840240.45  20.1%   1.1 1355s
 250853 247485 5849930.64 4390  183 7310838.60 5840240.45  20.1%   1.1 1360s
 252131 248792 5849993.22 4421  184 7310838.60 5840240.45  20.1%   1.1 1365s
 253685 250043 5850070.80 4456  185 7310838.60 5840240.45  20.1%   1.1 1370s
 254735 251381 5850126.19 4481  187 7310838.60 5840240.45  20.1%   1.1 1376s
 255737 252399 5850174.45 4506  184 7310838.60 5840240.45  20.1%   1.1 1381s
 256803 253452 5850227.55 4530  186 7310838.60 5840240.45  20.1%   1.1 1386s
 257806 254449 5850279.03 4558  185 7310838.60 5840240.45  20.1%   1.1 1390s
 259132 255806 5850345.23 4591  180 7310838.60 5840240.45  20.1%   1.1 1395s
 260166 256850 5850444.61 4729  178 7310838.60 5840240.45  20.1%   1.1 1400s
 261189 257509 5850542.64 4871  178 7310838.60 5840240.45  20.1%   1.1 1405s
 262204 258846 5850640.22 5012  178 7310838.60 5840240.45  20.1%   1.1 1411s
 263188 259863 5850732.42 5148  180 7310838.60 5840240.45  20.1%   1.1 1416s
 264213 260885 5850828.68 5281  178 7310838.60 5840240.45  20.1%   1.1 1421s
 265229 261863 5850921.67 5420  180 7310838.60 5840240.45  20.1%   1.1 1425s
 266154 262688 5851010.20 5543  178 7310838.60 5840240.45  20.1%   1.1 1432s
 266578 263246 5851046.22 5595  179 7310838.60 5840240.45  20.1%   1.1 1435s
 267631 264306 5851146.41 5739  179 7310838.60 5840240.45  20.1%   1.1 1440s
 268942 265603 5851270.04 5914  178 7310838.60 5840240.45  20.1%   1.1 1446s
 269962 266625 5851364.19 6056  180 7310838.60 5840240.45  20.1%   1.1 1451s
 270961 267551 5851460.91 6192  178 7310838.60 5840240.45  20.1%   1.1 1455s
 271531 268138 5851514.96 6267  177 7310838.60 5840240.45  20.1%   1.1 1460s
 272392 268988 5851592.89 6379  177 7310838.60 5840240.45  20.1%   1.1 1465s
 273485 269976 5851759.00 6409  174 7310838.60 5840240.45  20.1%   1.2 1470s
 274305 270772 5937897.69 6451  180 7310838.60 5840240.45  20.1%   1.2 1475s
 275460 271731 6332247.91 6507  208 7310838.60 5840240.45  20.1%   1.2 1480s
 276483 272730 6337689.66 6595  163 7310838.60 5840240.45  20.1%   1.3 1488s
 276721 273000 6337738.55 6602  162 7310838.60 5840240.45  20.1%   1.3 1490s
 277683 273984 6338170.39 6625  190 7310838.60 5840240.45  20.1%   1.3 1495s
 278768 275032 6367391.92 6704  160 7310838.60 5840240.45  20.1%   1.3 1500s
 280189 276289 6400552.03 7209  169 7310838.60 5840240.45  20.1%   1.3 1506s
 281236 277400 6400315.57 7211  169 7310838.60 5840240.45  20.1%   1.3 1511s
 281637 277710 6400973.31 7210  167 7310838.60 5840240.45  20.1%   1.3 1515s
 282740 278813 6400315.18 7208  168 7310838.60 5840240.45  20.1%   1.3 1521s
 283751 279866 6159455.97  206  217 7310838.60 5840244.03  20.1%   1.3 1525s
 284968 280979 6161116.04  469  202 7310838.60 5840244.03  20.1%   1.3 1530s
 286222 282365 6163379.65  709  201 7310838.60 5840244.03  20.1%   1.3 1535s
 286967 282832 6164119.76  840  201 7310838.60 5840244.03  20.1%   1.3 1540s
 287940 283980 6165363.01 1056  201 7310838.60 5840244.03  20.1%   1.3 1545s
 288747 284777 6166703.47 1260  201 7310838.60 5840244.03  20.1%   1.3 1550s
 289542 285588 6167687.25 1410  200 7310838.60 5840244.03  20.1%   1.3 1556s
 290361 286412 6168113.69 1534  198 7310838.60 5840244.03  20.1%   1.3 1560s
 291455 287481 6168686.54 1705  199 7310838.60 5840244.03  20.1%   1.3 1565s
 292238 288266 6169132.52 1837  199 7310838.60 5840244.03  20.1%   1.3 1571s
 293077 289113 6169521.44 1950  199 7310838.60 5840244.03  20.1%   1.3 1575s
 294145 290095 6171163.35 2167  200 7310838.60 5840244.03  20.1%   1.3 1580s
 295117 291072 6172769.61 2524  200 7310838.60 5840244.03  20.1%   1.3 1585s
 295956 291932 6174732.92 2837  200 7310838.60 5840244.03  20.1%   1.3 1590s
 296908 292899 6176158.39 3067  199 7310838.60 5840244.03  20.1%   1.3 1595s
 297430 293195 6177706.94 3237  199 7310838.60 5840244.03  20.1%   1.3 1600s
 298511 294531 6179854.22 3507  197 7310838.60 5840244.03  20.1%   1.3 1605s
 299513 295494 6180392.21 3666  197 7310838.60 5840244.03  20.1%   1.3 1610s
 300427 296433 6182591.72 3859  198 7310838.60 5840244.03  20.1%   1.3 1616s
 301258 297288 6183601.18 4039  192 7310838.60 5840244.03  20.1%   1.3 1620s
 302243 298265 6184039.75 4194  192 7310838.60 5840244.03  20.1%   1.3 1626s
 302504 298547 6184155.72 4246  192 7310838.60 5840244.03  20.1%   1.3 1630s
 303858 299928 6184839.98 4496  191 7310838.60 5840244.03  20.1%   1.3 1635s
 305096 301183 6186301.25 4854  193 7310838.60 5840244.03  20.1%   1.3 1641s
 306149 302245 6188461.04 5069  189 7310838.60 5840244.03  20.1%   1.3 1645s
 307088 303142 6237971.99 5355  187 7310838.60 5840244.03  20.1%   1.3 1650s
 307687 303452 6191877.33 5473  182 7310838.60 5840244.03  20.1%   1.3 1656s
 308240 304349 6192265.07 5602  182 7310838.60 5840244.03  20.1%   1.3 1661s
 308949 305137 6193132.64 5886  182 7310838.60 5840244.03  20.1%   1.3 1665s
 310200 306348 6194413.82 6305  182 7310838.60 5840244.03  20.1%   1.3 1671s
 311182 307206 6195598.21 6693  182 7310838.60 5840244.03  20.1%   1.3 1675s
 312000 308018 6196675.96 7047  182 7310838.60 5840244.03  20.1%   1.3 1681s
 312814 308579 6199064.71 7206  180 7310838.60 5840244.03  20.1%   1.3 1687s
 313079 309112 6200509.53 7211  177 7310838.60 5840244.03  20.1%   1.3 1690s
 314187 310243 6200205.25 7210  178 7310838.60 5840244.03  20.1%   1.3 1695s
 315364 311312 6254021.85 7211  176 7310838.60 5840244.03  20.1%   1.3 1700s
 316251 312368 6149556.39  508  216 7310838.60 5840253.09  20.1%   1.3 1705s
 317559 313652 6156752.99 1363  212 7310838.60 5840253.09  20.1%   1.3 1710s
 317891 313919 6157682.14 1511  212 7310838.60 5840253.09  20.1%   1.3 1715s
 319415 315432 6162871.77 2399  210 7310838.60 5840253.09  20.1%   1.3 1720s
 320181 316213 6164456.55 2639  210 7310838.60 5840253.09  20.1%   1.3 1726s
 320974 317004 6166157.72 2897  210 7310838.60 5840253.09  20.1%   1.3 1731s
 321703 317691 6172813.70 3083  206 7310838.60 5840253.09  20.1%   1.3 1735s
 322543 318542 6173565.54 3295  209 7310838.60 5840253.09  20.1%   1.3 1740s
 323024 318789 6174386.18 3368  208 7310838.60 5840253.09  20.1%   1.3 1745s
 323773 319787 6176547.58 3521  205 7310838.60 5840253.09  20.1%   1.3 1750s
 324983 320982 6181359.57 3984  205 7310838.60 5840253.09  20.1%   1.3 1755s
 325922 321887 6185331.39 4319  203 7310838.60 5840253.09  20.1%   1.3 1760s
 326833 322825 6186149.12 4414  203 7310838.60 5840253.09  20.1%   1.3 1765s
 327731 323720 6186994.29 4517  203 7310838.60 5840253.09  20.1%   1.4 1771s
 328141 323906 6187361.87 4562  203 7310838.60 5840253.09  20.1%   1.4 1776s
 328588 324594 6187781.52 4611  203 7310838.60 5840253.09  20.1%   1.4 1780s
 329539 325550 6188669.33 4710  203 7310838.60 5840253.09  20.1%   1.4 1786s
 330506 326535 6189560.11 4820  203 7310838.60 5840253.09  20.1%   1.4 1790s
 331264 327262 6190266.06 4901  203 7310838.60 5840253.09  20.1%   1.4 1795s
 332215 328226 6191159.01 5002  203 7310838.60 5840253.09  20.1%   1.4 1801s
 332967 329035 6191824.09 5086  203 7310838.60 5840253.09  20.1%   1.4 1805s
 333274 329302 6192076.03 5113  203 7310838.60 5840253.09  20.1%   1.4 1811s
 334206 330318 6192756.57 5189  203 7310838.60 5840253.09  20.1%   1.4 1815s
 335184 331272 6193491.16 5281  203 7310838.60 5840253.09  20.1%   1.4 1820s
 336146 332224 6194221.58 5367  203 7310838.60 5840253.09  20.1%   1.4 1825s
 337389 333455 6195145.05 5474  204 7310838.60 5840253.09  20.1%   1.4 1830s
 338279 334174 6195788.21 5550  204 7310838.60 5840253.09  20.1%   1.4 1836s
 339038 335127 6196356.89 5618  203 7310838.60 5840253.09  20.1%   1.4 1840s
 340393 336441 6198612.98 5904  201 7310838.60 5840253.09  20.1%   1.4 1846s
 341232 337205 6200224.07 6144  202 7310838.60 5840253.09  20.1%   1.4 1850s
 342033 338073 6201925.87 6360  203 7310838.60 5840253.09  20.1%   1.5 1855s
 342861 338926 6203184.18 6531  200 7310838.60 5840253.09  20.1%   1.5 1860s
 343448 339279 6203953.30 6596  203 7310838.60 5840253.09  20.1%   1.5 1867s
 344166 340355 6204933.37 6679  202 7310838.60 5840253.09  20.1%   1.5 1871s
 345474 341624 6206375.68 6803  202 7310838.60 5840253.09  20.1%   1.5 1875s
 347182 343450 6211793.58 7209  199 7310838.60 5840253.09  20.1%   1.5 1880s
 348366 344395 6212572.73 7210  197 7310838.60 5840253.09  20.1%   1.5 1886s
 349181 345319 6213895.50 7211  196 7310838.60 5840253.09  20.1%   1.5 1890s
 350538 346630 6233718.95 7208  198 7310838.60 5840253.09  20.1%   1.5 1895s
 351735 347694 6266654.58 7209  198 7310838.60 5840253.09  20.1%   1.5 1900s
 353216 349116 6313259.28 7210  199 7310838.60 5840253.09  20.1%   1.5 1905s
 353782 349483 6150488.40   61  252 7310838.60 5840260.21  20.1%   1.5 1910s
H353825 349743                    7310838.4883 5840260.21  20.1%   1.5 1912s
 355095 351005 6152197.26  272  201 7310838.49 5840260.21  20.1%   1.5 1915s
 356430 352337 6154078.00  523  199 7310838.49 5840260.21  20.1%   1.5 1920s
 357373 353302 6155094.20  739  199 7310838.49 5840260.21  20.1%   1.5 1925s
 358357 354292 6163420.66  957  199 7310838.49 5840260.21  20.1%   1.5 1930s
 358829 354612 6163504.35 1065  198 7310838.49 5840260.21  20.1%   1.5 1935s
 359697 355616 6164947.30 1259  198 7310838.49 5840260.21  20.1%   1.5 1940s
 360877 356977 6163691.36 1495  198 7310838.49 5840260.21  20.1%   1.5 1946s
 361724 358000 6163963.31 1615  198 7310838.49 5840260.21  20.1%   1.5 1950s
 364008 359687 6165079.08 1847  196 7310838.49 5840260.21  20.1%   1.5 1957s
 364609 360637 6165633.20 1924  195 7310838.49 5840260.21  20.1%   1.5 1961s
 365809 361873 6166685.02 2092  196 7310838.49 5840260.21  20.1%   1.5 1965s
 367195 363262 6167840.90 2269  196 7310838.49 5840260.21  20.1%   1.5 1970s
 368701 364692 6169161.49 2470  196 7310838.49 5840260.21  20.1%   1.5 1975s
 369159 365227 6169690.55 2554  193 7310838.49 5840260.21  20.1%   1.5 1980s
 370448 366303 6170965.84 2758  193 7310838.49 5840260.21  20.1%   1.5 1985s
 371445 367313 6172721.66 3026  193 7310838.49 5840260.21  20.1%   1.5 1990s
 372309 368201 6174086.29 3257  193 7310838.49 5840260.21  20.1%   1.5 1995s
 373426 369324 6175952.87 3556  193 7310838.49 5840260.21  20.1%   1.5 2000s
 374153 369968 6177349.36 3748  190 7310838.49 5840260.21  20.1%   1.5 2006s
 374796 370714 6178159.29 3922  187 7310838.49 5840260.21  20.1%   1.5 2011s
 375401 371319 6178532.89 4062  187 7310838.49 5840260.21  20.1%   1.5 2015s
 376339 372221 6179340.45 4365  187 7310838.49 5840260.21  20.1%   1.5 2020s
 377346 373276 6180157.37 4671  187 7310838.49 5840260.21  20.1%   1.5 2026s
 378167 374077 6181219.32 4904  186 7310838.49 5840260.21  20.1%   1.5 2031s
 378979 374917 6181417.56 5143  187 7310838.49 5840260.21  20.1%   1.5 2036s
 379256 375160 6181991.63 5220  186 7310838.49 5840260.21  20.1%   1.5 2042s
 379775 375693 6181988.96 5358  187 7310838.49 5840260.21  20.1%   1.5 2045s
 380664 376628 6182642.85 5602  185 7310838.49 5840260.21  20.1%   1.5 2051s
 381661 377659 6183288.88 5849  186 7310838.49 5840260.21  20.1%   1.5 2056s
 382639 378620 6183923.91 6090  186 7310838.49 5840260.21  20.1%   1.5 2061s
 383247 379259 6184365.02 6254  185 7310838.49 5840260.21  20.1%   1.5 2065s
 384301 380258 6185014.65 6501  185 7310838.49 5840260.21  20.1%   1.5 2073s
 384597 380532 6185207.72 6575  185 7310838.49 5840260.21  20.1%   1.5 2075s
 385593 381593 6185818.41 6812  186 7310838.49 5840260.21  20.1%   1.5 2081s
 386361 382385 6186745.88 6978  184 7310838.49 5840260.21  20.1%   1.5 2085s
 387487 383460 6238080.40 7211  187 7310838.49 5840260.21  20.1%   1.5 2090s
 388574 384583 6239644.29 7210  186 7310838.49 5840260.21  20.1%   1.5 2096s
 389168 385220 6187990.77 7208  186 7310838.49 5840260.21  20.1%   1.5 2100s
 389741 385685 6187971.15 7210  183 7310838.49 5840260.21  20.1%   1.5 2106s
 390537 386609 6190454.23 7210  181 7310838.49 5840260.21  20.1%   1.5 2110s
 391863 387860 6238591.91 7211  183 7310838.49 5840260.21  20.1%   1.5 2115s
 393276 389237 6552047.13  420  187 7310838.49 5840260.21  20.1%   1.5 2121s
 394201 390008 7023802.50 1028  149 7310838.49 5840260.21  20.1%   1.5 2125s
 394694 390455 7251913.62 1265  161 7310838.49 5840265.12  20.1%   1.5 2131s
 395714 391597 6162762.00  599  217 7310838.49 5840265.12  20.1%   1.5 2135s
 397474 393506 6175050.02 1918  212 7310838.49 5840265.12  20.1%   1.5 2140s
 399161 394969 6184354.03 3190  213 7310838.49 5840265.12  20.1%   1.5 2145s
 399855 395641 6277209.25 3562  211 7310838.49 5840265.12  20.1%   1.5 2150s
 400846 396752 6286792.28 4138  211 7310838.49 5840265.12  20.1%   1.5 2155s
 402498 398305 6327380.54 5156  209 7310838.49 5840265.12  20.1%   1.5 2160s
 404113 399890 6336738.91 5868  207 7310838.49 5840265.12  20.1%   1.5 2165s
 405069 400608 6347890.88 6445  204 7310838.49 5840265.12  20.1%   1.5 2172s
 405562 401357 6350161.57 6744  204 7310838.49 5840265.12  20.1%   1.5 2175s
 406765 402518 6358681.66 7209  202 7310838.49 5840265.12  20.1%   1.5 2181s
 407420 403195 6360417.75 7206  202 7310838.49 5840265.12  20.1%   1.5 2185s
 408554 404327 6356185.47 7209  200 7310838.49 5840265.12  20.1%   1.5 2191s
 409505 405238 6359864.82 7209  201 7310838.49 5840265.12  20.1%   1.5 2196s
 410196 405735 6557227.64   83  245 7310838.49 5840265.12  20.1%   1.5 2202s
 410467 406246 6569674.31  247  202 7310838.49 5840265.12  20.1%   1.5 2205s
 411359 407255 6623468.81  828  153 7310838.49 5840265.12  20.1%   1.5 2210s
 412350 408124 6185613.30   80  241 7310838.49 5840265.22  20.1%   1.5 2216s
 413051 408793 6650080.18  206  199 7310838.49 5840265.22  20.1%   1.5 2220s
 413888 409642 7190877.39  346  155 7310838.49 5840265.22  20.1%   1.5 2226s
 414732 410349 6623358.33  186  204 7310838.49 5840265.22  20.1%   1.5 2230s
 415337 410997 6638341.63  512  159 7310838.49 5840265.22  20.1%   1.5 2236s
 416550 412145 6162905.22   65  255 7310838.49 5840265.27  20.1%   1.5 2241s
 417221 412857 6166243.33  296  243 7310838.49 5840265.27  20.1%   1.5 2245s
 418236 413845 6169703.42  626  241 7310838.49 5840265.27  20.1%   1.5 2250s
 419184 414737 6172613.95  907  243 7310838.49 5840265.27  20.1%   1.5 2255s
 420310 415791 6484310.03 1154  189 7310838.49 5840265.27  20.1%   1.5 2262s
 420821 416476 6488731.76 1244  189 7310838.49 5840265.27  20.1%   1.5 2265s
 421930 417508 6482181.57 1417  187 7310838.49 5840265.27  20.1%   1.5 2271s
 422772 418343 6495813.79 1574  183 7310838.49 5840265.27  20.1%   1.6 2276s
 423464 419181 6579579.96 1698  185 7310838.49 5840265.27  20.1%   1.6 2280s
 425157 420974 6917304.28 1954  177 7310838.49 5840265.27  20.1%   1.6 2285s
 425761 421466 6918028.11 2082  177 7310838.49 5840265.27  20.1%   1.6 2290s
 427104 422608 7028684.35 2363  166 7310838.49 5840265.27  20.1%   1.6 2295s
 427954 423470 7030444.87 2634  165 7310838.49 5840265.27  20.1%   1.6 2301s
 428834 424335 7032300.25 2911  165 7310838.49 5840265.27  20.1%   1.5 2305s
 430010 425556 7072653.90 3272  166 7310838.49 5840265.27  20.1%   1.6 2310s
 430945 426138 7203267.40 3588  171 7310838.49 5840265.27  20.1%   1.6 2315s
 432207 427662 6571470.87  618  178 7310838.49 5840265.27  20.1%   1.6 2321s
 433370 428692 6786680.13 1317  152 7310838.49 5840265.27  20.1%   1.6 2325s
 434707 430069 6150487.99  726  205 7310838.49 5840268.68  20.1%   1.6 2330s
 436099 431182 6155948.34 1379  204 7310838.49 5840268.68  20.1%   1.6 2338s
 436340 431663 6156943.02 1493  203 7310838.49 5840268.68  20.1%   1.6 2340s
 437088 432591 6157778.95 1810  202 7310838.49 5840268.68  20.1%   1.6 2345s
 438937 434316 6164069.52 2750  206 7310838.49 5840268.68  20.1%   1.6 2350s
 440530 435891 6169585.42 3642  206 7310838.49 5840268.68  20.1%   1.6 2355s
 441066 436359 6171479.97 3949  206 7310838.49 5840268.68  20.1%   1.6 2360s
 442306 437662 6175900.36 4648  205 7310838.49 5840268.68  20.1%   1.6 2365s
 443685 439037 6181052.57 5458  205 7310838.49 5840268.68  20.1%   1.6 2370s
 445295 440619 6189032.45 6398  203 7310838.49 5840268.68  20.1%   1.6 2375s
 446451 441534 6194386.10 7075  200 7310838.49 5840268.68  20.1%   1.6 2382s
 446952 442327 6195436.92 7209  198 7310838.49 5840268.68  20.1%   1.6 2385s
 448214 443609 6195336.78 7208  198 7310838.49 5840268.68  20.1%   1.6 2390s
 450109 445550 6195374.80 7210  199 7310838.49 5840268.68  20.1%   1.6 2395s
 451469 446660 6195420.61 7211  199 7310838.49 5840268.68  20.1%   1.6 2401s
 451816 447356 6463055.89  169  221 7310838.49 5840268.68  20.1%   1.6 2405s
 453192 448659 6498182.23 1070  195 7310838.49 5840268.68  20.1%   1.6 2411s
 454336 449811 6505314.89 1892  189 7310838.49 5840268.68  20.1%   1.6 2415s
 455729 451207 6521801.90 2837  187 7310838.49 5840268.68  20.1%   1.6 2421s
 456469 451858 6532026.35 3359  185 7310838.49 5840268.68  20.1%   1.6 2426s
 457431 452792 6559801.30 3934  186 7310838.49 5840268.68  20.1%   1.6 2430s
 458760 454188 6595119.35 4659  186 7310838.49 5840268.68  20.1%   1.6 2435s
 460108 455545 6630605.67 5389  186 7310838.49 5840268.68  20.1%   1.6 2441s
 461389 456908 6640174.81 6305  183 7310838.49 5840268.68  20.1%   1.6 2447s
 462444 457792 6644235.80 7022  179 7310838.49 5840268.68  20.1%   1.6 2450s
 463404 458728 6644689.77 7210  175 7310838.49 5840268.68  20.1%   1.6 2455s
 464387 459665 6644713.88 7210  173 7310838.49 5840268.68  20.1%   1.6 2460s
 465324 460729 6644727.15 7210  172 7310838.49 5840268.68  20.1%   1.6 2465s
 466325 461313 6644714.15 7208  177 7310838.49 5840268.68  20.1%   1.6 2470s
 466651 461563 6644731.86 7209  174 7310838.49 5840270.60  20.1%   1.6 2476s
 467693 462717 6157503.08  888  216 7310838.49 5840270.60  20.1%   1.6 2481s
 469029 463715 6168364.99 2005  218 7310838.49 5840270.60  20.1%   1.6 2485s
 469837 464444 6175205.85 2630  215 7310838.49 5840270.60  20.1%   1.6 2490s
 470698 465056 6182339.91 3221  207 7310838.49 5840270.60  20.1%   1.6 2495s
 471954 466096 6185590.55 3876  207 7310838.49 5840270.60  20.1%   1.6 2502s
 472295 466787 6186518.11 4026  207 7310838.49 5840270.60  20.1%   1.6 2505s
 473805 468153 6191097.38 4712  206 7310838.49 5840270.60  20.1%   1.6 2511s
 474709 469063 6193363.36 5079  206 7310838.49 5840270.60  20.1%   1.6 2515s
 475820 470062 6196996.67 5666  206 7310838.49 5840270.60  20.1%   1.6 2520s
 476615 470884 6199972.61 6148  206 7310838.49 5840270.60  20.1%   1.6 2525s
 477033 471091 6201458.12 6406  204 7310838.49 5840270.60  20.1%   1.6 2530s
 477723 472039 6202987.61 6804  203 7310838.49 5840270.60  20.1%   1.6 2535s
 478729 473041 6205993.69 7210  196 7310838.49 5840270.60  20.1%   1.6 2541s
 479483 473780 6205741.09 7210  199 7310838.49 5840270.60  20.1%   1.6 2545s
 480498 474780 6249477.46 7211  200 7310838.49 5840270.60  20.1%   1.7 2550s
 481217 475493 6252268.78 7211  201 7310838.49 5840270.60  20.1%   1.7 2555s
 482172 476230 6150954.14   53  259 7310838.49 5840271.52  20.1%   1.7 2562s
 482411 476731 6338617.31  103  227 7310838.49 5840271.52  20.1%   1.7 2566s
 483239 477630 6584261.04  213  191 7310838.49 5840271.52  20.1%   1.7 2571s
 483917 478273 7078368.82  316  159 7310838.49 5840271.52  20.1%   1.7 2576s
 485170 479761 6451657.09  692  212 7310838.49 5840271.52  20.1%   1.7 2581s
 486931 481371 6462779.52 2052  202 7310838.49 5840271.52  20.1%   1.7 2587s
 487741 482163 6467743.73 2620  202 7310838.49 5840271.52  20.1%   1.7 2591s
 488509 482906 6474763.08 3136  190 7310838.49 5840271.52  20.1%   1.7 2595s
 489631 483979 6486514.62 3888  190 7310838.49 5840271.52  20.1%   1.7 2601s
 490637 484920 6503506.21 4548  210 7310838.49 5840271.52  20.1%   1.7 2605s
 492074 486411 6525281.18 5594  209 7310838.49 5840271.52  20.1%   1.6 2613s
 492409 486897 6526465.75 5836  208 7310838.49 5840271.52  20.1%   1.6 2615s
 494154 488397 6533350.90 7108  206 7310838.49 5840271.52  20.1%   1.6 2621s
 495046 489283 6534513.70 7210  202 7310838.49 5840271.52  20.1%   1.6 2625s
 495991 490249 6541536.13 7211  207 7310838.49 5840271.52  20.1%   1.6 2631s
 496719 490939 6555372.81 7211  211 7310838.49 5840271.52  20.1%   1.6 2635s
 497394 491398 6542245.02 7209  208 7310838.49 5840271.52  20.1%   1.6 2641s
 497958 492292 6542805.82 7211  208 7310838.49 5840273.10  20.1%   1.6 2646s
 498859 493233 6616994.91  477  182 7310838.49 5840273.10  20.1%   1.6 2651s
 499951 494181 6241550.27   50  241 7310838.49 5840273.79  20.1%   1.7 2656s
 500896 495151 6295675.20  267  186 7310838.49 5840273.79  20.1%   1.7 2660s
 502240 496407 6394221.05  852  163 7310838.49 5840273.79  20.1%   1.7 2666s
 502473 496556 6416077.70  955  199 7310838.49 5840273.79  20.1%   1.7 2670s
 503312 497570 6427941.95 1337  175 7310838.49 5840273.79  20.1%   1.7 2675s
 504235 498472 6437261.08 1610  175 7310838.49 5840273.79  20.1%   1.7 2680s
 505520 499736 6441575.09 2076  172 7310838.49 5840273.79  20.1%   1.7 2685s
 506283 500472 6455262.36 2124  192 7310838.49 5840273.79  20.1%   1.7 2690s
 507114 501345 6493340.26 2430  178 7310838.49 5840273.79  20.1%   1.7 2695s
 507409 501606 6494778.04 2544  177 7310838.49 5840273.79  20.1%   1.7 2700s
 508207 502432 6498355.57 2683  178 7310838.49 5840273.79  20.1%   1.7 2705s
 509070 503301 6504104.97 2727  175 7310838.49 5840273.79  20.1%   1.7 2711s
 509946 504121 6499023.55 2786  176 7310838.49 5840273.79  20.1%   1.7 2716s
 510752 504964 6501671.63 2848  178 7310838.49 5840273.79  20.1%   1.7 2721s
 511279 505459 6500696.05 2880  176 7310838.49 5840273.79  20.1%   1.7 2725s
 512293 506493 6503626.77 2956  177 7310838.49 5840273.79  20.1%   1.7 2731s
 512557 506609 6507739.65 2976  175 7310838.49 5840273.79  20.1%   1.7 2735s
 513703 507980 6527206.45 3255  163 7310838.49 5840273.79  20.1%   1.7 2741s
 514406 508707 6758744.15 3519  164 7310838.49 5840273.79  20.1%   1.7 2745s
 515614 509832 7258585.51 3918  166 7310838.49 5840273.79  20.1%   1.7 2750s
 516627 510398 7263068.45 4035  164 7310838.49 5840273.79  20.1%   1.7 2755s
 517195 510885 7265586.25 4138  164 7310838.49 5840273.79  20.1%   1.7 2761s
 517831 511623 7269769.23 4194  165 7310838.49 5840273.79  20.1%   1.7 2766s
 519478 513286 6575254.19  473  193 7310838.49 5840273.79  20.1%   1.7 2770s
 520990 514685 6795949.72 1121  155 7310838.49 5840273.79  20.1%   1.7 2775s
 522155 515713 6171988.47  338  236 7310838.49 5840276.93  20.1%   1.7 2780s
 522866 516128 6176646.86  788  234 7310838.49 5840276.93  20.1%   1.7 2785s
 524449 518035 6186839.86 1764  234 7310838.49 5840276.93  20.1%   1.7 2790s
 525592 519201 6193147.84 2499  233 7310838.49 5840276.93  20.1%   1.7 2795s
 527523 521029 6202392.09 3505  204 7310838.49 5840276.93  20.1%   1.7 2800s
 528150 521583 6204681.18 3826  204 7310838.49 5840276.93  20.1%   1.7 2805s
 529930 523393 6211269.40 4747  204 7310838.49 5840276.93  20.1%   1.7 2810s
 531379 524824 6216582.24 5515  204 7310838.49 5840276.93  20.1%   1.7 2815s
 532573 526023 6219926.01 6046  203 7310838.49 5840276.93  20.1%   1.7 2820s
 533339 526531 6221300.53 6431  205 7310838.49 5840276.93  20.1%   1.7 2826s
 534038 527501 6222634.34 6793  203 7310838.49 5840276.93  20.1%   1.7 2830s
 535564 529006 6225139.37 7211  197 7310838.49 5840276.93  20.1%   1.7 2835s
 536545 530014 6224750.70 7210  197 7310838.49 5840276.93  20.1%   1.7 2840s
 537824 531341 6285619.60 7211  199 7310838.49 5840276.93  20.1%   1.7 2846s
 538454 531646 6225150.29 7211  197 7310838.49 5840276.93  20.1%   1.7 2851s
 539020 532444 6225145.92 7207  197 7310838.49 5840276.93  20.1%   1.7 2856s
 540175 533666 6355205.29  221  212 7310838.49 5840279.85  20.1%   1.7 2861s
 541391 534952 6354503.91  371  195 7310838.49 5840279.85  20.1%   1.7 2865s
 543350 536754 6356571.71  896  192 7310838.49 5840279.85  20.1%   1.7 2872s
 543981 537400 6357393.75 1152  191 7310838.49 5840279.85  20.1%   1.7 2875s
 545178 538619 6365471.55 1360  197 7310838.49 5840279.85  20.1%   1.7 2881s
 545789 539150 6373721.69 1404  199 7310838.49 5840279.85  20.1%   1.7 2885s
 546859 540215 6373712.52 1400  202 7310838.49 5840279.85  20.1%   1.7 2890s
 547913 541347 6384222.84 1568  200 7310838.49 5840279.85  20.1%   1.7 2895s
 548659 541893 6384552.06 1742  199 7310838.49 5840279.85  20.1%   1.7 2900s
 550035 543389 6386640.48 2215  193 7310838.49 5840279.85  20.1%   1.7 2905s
 551312 544631 6404105.40 2742  180 7310838.49 5840279.85  20.1%   1.7 2910s
 552300 545630 6404713.86 3023  181 7310838.49 5840279.85  20.1%   1.7 2915s
 553472 546831 6405469.66 3372  181 7310838.49 5840279.85  20.1%   1.7 2920s
 553961 547215 6422464.05 3556  178 7310838.49 5840279.85  20.1%   1.7 2925s
 554840 548473 6437911.15 4018  152 7310838.49 5840279.85  20.1%   1.7 2930s
 556737 550280 6567238.87 4561  153 7310838.49 5840279.85  20.1%   1.7 2936s
 558073 551317     cutoff 4812      7310838.49 5840281.44  20.1%   1.7 2941s
 558877 551961 6441571.62  228  204 7310838.49 5840281.44  20.1%   1.7 2946s
 559982 553288 7060992.89  598  188 7310838.49 5840281.44  20.1%   1.7 2950s
 561118 554328 7214125.82 1038  156 7310838.49 5840281.44  20.1%   1.7 2955s
 562573 555887 6251425.77   77  246 7310838.49 5840282.63  20.1%   1.7 2960s
 564124 556914 6583009.19  220  178 7310838.49 5840282.63  20.1%   1.7 2967s
 564364 557458 6680108.73  243  176 7310838.49 5840282.63  20.1%   1.7 2970s
 565301 558256 7247906.73  348  153 7310838.49 5840282.63  20.1%   1.7 2975s
 566145 559185 6502425.06  383  186 7310838.49 5840282.63  20.1%   1.7 2980s
 567582 560631 6691882.24 1094  151 7310838.49 5840282.63  20.1%   1.7 2985s
 568770 561874 6151831.52  195  243 7310838.49 5840282.90  20.1%   1.7 2990s
 569220 562213 6154529.69  447  233 7310838.49 5840282.90  20.1%   1.7 2995s
 570598 563691 6164058.80 1360  232 7310838.49 5840282.90  20.1%   1.7 3000s
 572220 565344 6173693.58 2254  231 7310838.49 5840282.90  20.1%   1.7 3005s
 574015 567182 6181285.63 3023  215 7310838.49 5840282.90  20.1%   1.7 3012s
 575507 568589 6185900.25 3447  208 7310838.49 5840282.90  20.1%   1.7 3015s
 577603 570642 6189948.09 4063  203 7310838.49 5840282.90  20.1%   1.7 3020s
 579609 572311 6192599.93 4716  200 7310838.49 5840282.90  20.1%   1.7 3027s
 580566 573676 6195154.80 5063  201 7310838.49 5840282.90  20.1%   1.7 3030s
 582736 575620 6203190.25 6154  200 7310838.49 5840282.90  20.1%   1.7 3035s
 583989 576929 6284955.79 6937  197 7310838.49 5840282.90  20.1%   1.7 3040s
 584741 577443 6289197.85 7210  202 7310838.49 5840282.90  20.1%   1.7 3047s
 585189 578002 6287426.33 7211  201 7310838.49 5840282.90  20.1%   1.7 3050s
 586041 578915 6288460.28 7206  199 7310838.49 5840282.90  20.1%   1.7 3055s
 586942 579849 6292705.77 7211  196 7310838.49 5840282.90  20.1%   1.7 3060s
 588089 581086 6292696.04 7210  198 7310838.49 5840282.90  20.1%   1.7 3065s
 589111 582102 6147341.85   68  255 7310838.49 5840283.78  20.1%   1.7 3070s
 589903 582599 6148648.83  273  236 7310838.49 5840283.78  20.1%   1.7 3075s
 590618 583633 6150956.80  471  225 7310838.49 5840283.78  20.1%   1.7 3081s
 591507 584467 6155106.57  707  220 7310838.49 5840283.78  20.1%   1.7 3085s
 592785 585674 6202105.38 1029  206 7310838.49 5840283.78  20.1%   1.7 3090s
 593812 586708 6162692.64 1221  205 7310838.49 5840283.78  20.1%   1.7 3096s
 594706 587612 6164898.32 1393  199 7310838.49 5840283.78  20.1%   1.7 3101s
 595251 588177 6165266.24 1510  199 7310838.49 5840283.78  20.1%   1.7 3105s
 596182 589136 6166576.22 1704  196 7310838.49 5840283.78  20.1%   1.7 3110s
 597166 590100 6168396.63 1922  197 7310838.49 5840283.78  20.1%   1.7 3115s
 598126 591036 6172249.65 2141  199 7310838.49 5840283.78  20.1%   1.7 3120s
 599232 592194 6171286.32 2360  197 7310838.49 5840283.78  20.1%   1.7 3125s
 600081 592823 6172647.61 2525  197 7310838.49 5840283.78  20.1%   1.7 3132s
 600336 593330 6173108.60 2580  197 7310838.49 5840283.78  20.1%   1.7 3136s
 601265 594239 6174533.73 2755  196 7310838.49 5840283.78  20.1%   1.7 3141s
 602135 595135 6208270.96 2925  199 7310838.49 5840283.78  20.1%   1.7 3146s
 603038 596008 6178206.80 3096  194 7310838.49 5840283.78  20.1%   1.7 3150s
 603857 596849 6179961.77 3278  191 7310838.49 5840283.78  20.1%   1.7 3155s
 604958 598031 6182175.83 3505  194 7310838.49 5840283.78  20.1%   1.7 3162s
 605665 598670 6183428.32 3636  191 7310838.49 5840283.78  20.1%   1.7 3166s
 606614 599626 6185346.35 3833  194 7310838.49 5840283.78  20.1%   1.7 3171s
 607543 600522 6187179.03 4017  188 7310838.49 5840283.78  20.1%   1.7 3176s
 608457 601528 6194277.26 4205  194 7310838.49 5840283.78  20.1%   1.7 3181s
 609544 602584 6191101.93 4414  194 7310838.49 5840283.78  20.1%   1.7 3186s
 610234 603227 6189384.83 4550  186 7310838.49 5840283.78  20.1%   1.7 3191s
 611258 604182 6191746.66 4752  193 7310838.49 5840283.78  20.1%   1.7 3196s
 612298 605153 6191009.44 4952  186 7310838.49 5840283.78  20.1%   1.7 3200s
 613268 606130 6192572.48 5157  191 7310838.49 5840283.78  20.1%   1.7 3205s
 614400 607391 6192652.76 5350  186 7310838.49 5840283.78  20.1%   1.7 3210s
 615750 608645 6193437.44 5556  185 7310838.49 5840283.78  20.1%   1.7 3216s
 617127 609969 6195216.04 5762  184 7310838.49 5840283.78  20.1%   1.7 3221s
 618261 611093 6196982.48 5963  184 7310838.49 5840283.78  20.1%   1.7 3226s
 619348 612177 6198875.91 6169  180 7310838.49 5840283.78  20.1%   1.7 3230s
 620552 613417 6200604.59 6359  181 7310838.49 5840283.78  20.1%   1.7 3236s
 622241 615125 6202925.30 6613  183 7310838.49 5840283.78  20.1%   1.7 3241s
 623430 616267 6204422.18 6788  180 7310838.49 5840283.78  20.1%   1.7 3245s
 624646 617384 6211399.87 7036  183 7310838.49 5840283.78  20.1%   1.7 3251s
 625485 618260 6230559.02 7210  181 7310838.49 5840283.78  20.1%   1.7 3255s
 626081 618543 6240865.37 7210  180 7310838.49 5840283.78  20.1%   1.7 3260s
 626613 619382 6228362.88 7209  180 7310838.49 5840283.78  20.1%   1.7 3265s
 627912 620639 6252738.26 7211  179 7310838.49 5840283.78  20.1%   1.7 3270s
 629118 621777 6252586.64 7210  179 7310838.49 5840283.78  20.1%   1.7 3275s
 630376 623163 6275441.94  280  191 7310838.49 5840284.43  20.1%   1.7 3280s
 631128 623622 6562577.60  599  171 7310838.49 5840284.43  20.1%   1.7 3285s
 631905 624608 7287052.34  934  176 7310838.49 5840284.43  20.1%   1.7 3290s
 634525 627416 6161242.45 1064  237 7310838.49 5840284.45  20.1%   1.7 3295s
 636242 628648 6170801.75 1999  234 7310838.49 5840284.45  20.1%   1.7 3302s
 636567 629272 6171833.23 2120  234 7310838.49 5840284.45  20.1%   1.7 3305s
 638449 631239 6231346.15 2999  221 7310838.49 5840284.45  20.1%   1.7 3310s
 640447 633213 6239004.83 4051  210 7310838.49 5840284.45  20.1%   1.7 3315s
 641428 634035 6239824.25 4547  208 7310838.49 5840284.45  20.1%   1.7 3320s
 642623 635169 6240448.97 4927  206 7310838.49 5840284.45  20.1%   1.7 3325s
 643682 636279 6241174.27 5372  206 7310838.49 5840284.45  20.1%   1.7 3330s
 644850 637492 6241880.05 5805  205 7310838.49 5840284.45  20.1%   1.7 3335s
 646252 638963 6243648.28 6352  203 7310838.49 5840284.45  20.1%   1.7 3340s
 646779 639404 6245066.51 6561  203 7310838.49 5840284.45  20.1%   1.7 3345s
 648447 640990 6249789.89 7210  203 7310838.49 5840284.45  20.1%   1.7 3350s
 649659 642274 6253471.98 7209  198 7310838.49 5840284.45  20.1%   1.7 3355s
 650552 643187 6250027.73 7209  200 7310838.49 5840284.45  20.1%   1.7 3360s
 651535 644126 6249752.61 7204  202 7310838.49 5840284.45  20.1%   1.7 3366s
 652252 644888 6249771.31 7210  202 7310838.49 5840284.45  20.1%   1.7 3370s
 653143 645893 6466221.17  232  232 7310838.49 5840284.45  20.1%   1.7 3375s
 654613 647464 6471841.04 1057  220 7310838.49 5840284.45  20.1%   1.7 3380s
 656354 649209 6482203.39 2168  215 7310838.49 5840284.45  20.1%   1.7 3385s
 657144 649814 6486701.68 2650  215 7310838.49 5840284.45  20.1%   1.7 3390s
 658564 651385 6516078.58 3412  211 7310838.49 5840284.45  20.1%   1.7 3395s
 660076 652668 6519546.83 4531  207 7310838.49 5840284.45  20.1%   1.7 3400s
 661467 654005 6608617.79 5551  214 7310838.49 5840284.45  20.1%   1.7 3405s
 661975 654476 6676678.66 5887  212 7310838.49 5840284.45  20.1%   1.7 3410s
 663271 655883 6678370.95 6719  212 7310838.49 5840284.45  20.1%   1.7 3415s
 664623 657118 6680091.32 7210  207 7310838.49 5840284.45  20.1%   1.7 3421s
 665978 658625 6679854.37 7209  206 7310838.49 5840284.45  20.1%   1.7 3425s
 667091 659630 6679883.00 7209  206 7310838.49 5840284.45  20.1%   1.7 3430s
 668270 660759 6680010.87 7211  205 7310838.49 5840284.45  20.1%   1.7 3435s
 669385 661777 6680052.37 7211  204 7310838.49 5840284.45  20.1%   1.7 3440s
 670859 663397 6379900.19  612  182 7310838.49 5840289.45  20.1%   1.7 3445s
 671869 664402 6467656.72   76  241 7310838.49 5840289.45  20.1%   1.7 3450s
 672212 664664 6468701.84  269  229 7310838.49 5840289.45  20.1%   1.7 3455s
 674009 666596 6477241.33 1378  214 7310838.49 5840289.45  20.1%   1.7 3460s
 676234 668701 6490001.83 2801  215 7310838.49 5840289.45  20.1%   1.7 3465s
 677166 669592 6494206.18 3340  211 7310838.49 5840289.45  20.1%   1.7 3471s
 678050 670682 6521200.70 3849  207 7310838.49 5840289.45  20.1%   1.7 3475s
 680333 672820 6529198.86 5439  207 7310838.49 5840289.45  20.1%   1.7 3480s
 682259 674759 6557477.55 6781  210 7310838.49 5840289.45  20.1%   1.7 3487s
 683332 675728 6559434.83 7210  207 7310838.49 5840289.45  20.1%   1.7 3490s
 684648 677077 6560021.89 7211  208 7310838.49 5840289.45  20.1%   1.7 3495s
 685932 678390 6559292.24 7211  208 7310838.49 5840289.45  20.1%   1.7 3500s
 687072 679670 6165737.32  167  231 7310838.49 5840289.70  20.1%   1.7 3505s
 687602 680019 6238105.86  361  214 7310838.49 5840289.70  20.1%   1.7 3510s
 688578 680893 6506041.60  525  198 7310838.49 5840289.70  20.1%   1.7 3515s
 689515 681922 6526338.30  688  196 7310838.49 5840289.70  20.1%   1.7 3521s
 690606 682930 6604528.67  888  178 7310838.49 5840289.70  20.1%   1.7 3525s
 691738 684052 6606221.02 1270  178 7310838.49 5840289.70  20.1%   1.7 3531s
 692496 684839 6608392.97 1471  177 7310838.49 5840289.70  20.1%   1.7 3536s
 693631 686101 6608210.79 1724  178 7310838.49 5840289.70  20.1%   1.7 3540s
 695196 687596 6610214.39 2028  175 7310838.49 5840289.70  20.1%   1.7 3546s
 696278 688622 6612108.62 2182  173 7310838.49 5840289.70  20.1%   1.7 3550s
 697506 689801 6615119.19 2427  173 7310838.49 5840289.70  20.1%   1.7 3555s
 698549 690905 6618121.07 2675  175 7310838.49 5840289.70  20.1%   1.7 3560s
 700036 692382 6679667.58 2983  177 7310838.49 5840289.70  20.1%   1.7 3565s
 701546 693869 6773454.75 3203  165 7310838.49 5840289.70  20.1%   1.7 3570s
 702843 695269 6812697.33 3418  161 7310838.49 5840289.70  20.1%   1.7 3576s
 704199 696485 6862426.86 3939  159 7310838.49 5840289.70  20.1%   1.7 3581s
 705338 697659 6876354.53 4272  159 7310838.49 5840289.70  20.1%   1.7 3586s
 706528 698860 6888783.13 4700  156 7310838.49 5840289.70  20.1%   1.7 3590s
 707729 699915 7175191.72 5122  156 7310838.49 5840289.70  20.1%   1.7 3595s
 708202 700176 7200677.67 5236  154 7310838.49 5840289.70  20.1%   1.7 3600s

Cutting planes:
  RLT: 118

Explored 708204 nodes (1224084 simplex iterations) in 3600.15 seconds (1805.13 work units)
Thread count was 2 (of 24 available processors)

Solution count 10: 7.31084e+06 7.31099e+06 7.31102e+06 ... 7.31561e+06

Time limit reached
Best objective 7.310838488290e+06, best bound 5.840289703709e+06, gap 20.1146%
