
Gurobi 11.0.3 (linux64, Java) logging started dom 24 nov 2024 07:56:08 -03

Set parameter Username
Academic license - for non-commercial use only - expires 2025-10-10
Set parameter NonConvex to value 2
Set parameter TimeLimit to value 3600
Set parameter LogToConsole to value 0
Set parameter MIPGap to value 2.4724769623200637e-08
Set parameter Threads to value 2
Set parameter NodefileDir to value "/home/ps12398/experiment_hosp/goalProgrammingMarcos/"
Set parameter NodefileStart to value 1
Gurobi Optimizer version 11.0.3 build v11.0.3rc0 (linux64)

CPU model: Intel(R) Xeon(R) CPU           X5650  @ 2.67GHz, instruction set [SSE2]
Thread count: 12 physical cores, 24 logical processors, using up to 2 threads

Optimize a model with 100764 rows, 69014 columns and 673320 nonzeros
Model fingerprint: 0xf69967a3
Model has 190 quadratic constraints
Variable types: 34416 continuous, 34598 integer (185 binary)
Coefficient statistics:
  Matrix range     [5e-03, 8e+06]
  QMatrix range    [5e-03, 1e+05]
  QLMatrix range   [1e+00, 1e+05]
  Objective range  [1e+00, 8e+07]
  Bounds range     [1e+00, 1e+08]
  RHS range        [1e+00, 2e+06]
  QRHS range       [5e-02, 5e-02]
Presolve removed 97598 rows and 65837 columns
Presolve time: 0.48s
Presolved: 4990 rows, 3724 columns, 473525 nonzeros
Presolved model has 2 SOS constraint(s)
Presolved model has 185 bilinear constraint(s)

Solving non-convex MIQCP

Variable types: 741 continuous, 2983 integer (187 binary)
Found heuristic solution: objective 4.039627e+07

Root relaxation: objective 0.000000e+00, 513 iterations, 0.17 seconds (0.05 work units)

    Nodes    |    Current Node    |     Objective Bounds      |     Work
 Expl Unexpl |  Obj  Depth IntInf | Incumbent    BestBd   Gap | It/Node Time

     0     0    0.00000    0  178 4.0396e+07    0.00000   100%     -    4s
     0     0    0.00000    0   96 4.0396e+07    0.00000   100%     -    5s
     0     0    0.00000    0   76 4.0396e+07    0.00000   100%     -    6s
     0     0 266455.328    0  278 4.0396e+07 266455.328  99.3%     -    7s
H    0     0                    3387935.1469 267519.395  92.1%     -    7s
     0     0 370149.204    0  264 3387935.15 370149.204  89.1%     -    7s
     0     0 434109.933    0  226 3387935.15 434109.933  87.2%     -    7s
H    0     0                    990738.29651 435207.970  56.1%     -    8s
     0     0 435207.970    0  226 990738.297 435207.970  56.1%     -    8s
H    0     0                    990707.01401 435207.970  56.1%     -    8s
     0     0 435207.970    0  226 990707.014 435207.970  56.1%     -    8s
     0     0 435207.970    0  226 990707.014 435207.970  56.1%     -    9s
     0     0 437351.360    0  226 990707.014 437351.360  55.9%     -    9s
     0     0 437351.360    0  226 990707.014 437351.360  55.9%     -   11s
     0     2 437351.360    0  226 990707.014 437351.360  55.9%     -   15s
    24    27 454757.746   14  185 990707.014 446611.132  54.9%   2.0   36s
H   26    29                    934479.52938 446611.132  52.2%   1.9   36s
H   28    31                    923850.96889 446611.132  51.7%   2.4   36s
H   29    31                    478487.21936 446611.132  6.66%   2.3   36s
H   57    53                    477149.92148 446611.132  6.40%   3.1   38s
H   86    63                    454757.74607 446611.132  1.79%   3.0   40s
H  116    57                    453910.85487 453039.738  0.19%   3.0   41s

Cutting planes:
  Gomory: 7
  Lift-and-project: 1
  Implied bound: 4
  MIR: 200
  StrongCG: 11
  RLT: 5

Explored 141 nodes (3367 simplex iterations) in 42.20 seconds (15.43 work units)
Thread count was 2 (of 24 available processors)

Solution count 10: 453911 454758 477150 ... 4.03963e+07

Optimal solution found (tolerance 2.47e-08)
Best objective 4.539108548745e+05, best bound 4.539108548745e+05, gap 0.0000%
