
Gurobi 11.0.3 (linux64, Java) logging started dom 24 nov 2024 15:37:52 -03

Set parameter Username
Academic license - for non-commercial use only - expires 2025-10-10
Set parameter NonConvex to value 2
Set parameter TimeLimit to value 3600
Set parameter LogToConsole to value 0
Set parameter MIPGap to value 2.4724769623200637e-08
Set parameter Threads to value 2
Set parameter NodefileDir to value "/home/ps12398/experiment_hosp/goalProgrammingMarcos/"
Set parameter NodefileStart to value 1
Gurobi Optimizer version 11.0.3 build v11.0.3rc0 (linux64)

CPU model: Intel(R) Xeon(R) CPU           X5650  @ 2.67GHz, instruction set [SSE2]
Thread count: 12 physical cores, 24 logical processors, using up to 2 threads

Optimize a model with 100764 rows, 69014 columns and 673320 nonzeros
Model fingerprint: 0xb44c7b14
Model has 190 quadratic constraints
Variable types: 34416 continuous, 34598 integer (185 binary)
Coefficient statistics:
  Matrix range     [5e-03, 8e+06]
  QMatrix range    [5e-03, 1e+05]
  QLMatrix range   [1e+00, 1e+05]
  Objective range  [1e+00, 8e+07]
  Bounds range     [1e+00, 1e+08]
  RHS range        [1e+00, 1e+07]
  QRHS range       [2e-01, 2e-01]
Presolve removed 97598 rows and 65837 columns
Presolve time: 0.73s
Presolved: 4990 rows, 3724 columns, 473525 nonzeros
Presolved model has 2 SOS constraint(s)
Presolved model has 185 bilinear constraint(s)

Solving non-convex MIQCP

Variable types: 741 continuous, 2983 integer (187 binary)
Found heuristic solution: objective 3.357187e+07

Root relaxation: objective 0.000000e+00, 311 iterations, 0.12 seconds (0.03 work units)
Total elapsed time = 5.54s (DegenMoves)

    Nodes    |    Current Node    |     Objective Bounds      |     Work
 Expl Unexpl |  Obj  Depth IntInf | Incumbent    BestBd   Gap | It/Node Time

     0     0    0.00000    0  277 3.3572e+07    0.00000   100%     -    5s
     0     0    0.00000    0  315 3.3572e+07    0.00000   100%     -    6s
     0     0    0.00000    0  243 3.3572e+07    0.00000   100%     -   10s
H    0     0                    3.344585e+07    0.00000   100%     -   10s
     0     0    0.00000    0  244 3.3446e+07    0.00000   100%     -   10s
     0     0    0.00000    0  222 3.3446e+07    0.00000   100%     -   12s
     0     0    0.00000    0  221 3.3446e+07    0.00000   100%     -   12s
     0     0    0.00000    0  219 3.3446e+07    0.00000   100%     -   13s
     0     0    0.00000    0  219 3.3446e+07    0.00000   100%     -   14s
     0     0    0.00000    0  219 3.3446e+07    0.00000   100%     -   15s
     0     0    0.00000    0  219 3.3446e+07    0.00000   100%     -   19s
H    0     2                    3.316852e+07    0.00000   100%     -   39s
     0     2    0.00000    0  219 3.3169e+07    0.00000   100%     -   39s
    16    22    0.00000    8  218 3.3169e+07    0.00000   100%   4.8   40s
    69    86    0.00000   30  218 3.3169e+07    0.00000   100%   4.1   45s
H   84    86                    2.038326e+07    0.00000   100%   3.8   45s
    85   166    0.00000   45  218 2.0383e+07    0.00000   100%   4.0   50s
H  116   166                    6951122.6266    0.00000   100%   4.6   50s
   165   329    0.00000   74  220 6951122.63    0.00000   100%   6.0   55s
   328   342    0.00000  157  191 6951122.63    0.00000   100%  11.5   85s
   343   535    0.00000  165  194 6951122.63    0.00000   100%  11.4   93s
H  536   604                    709542.60697    0.00000   100%  11.6   98s
   614   778    0.00000  216  186 709542.607    0.00000   100%  12.4  104s
   803   988    0.00000  285  187 709542.607    0.00000   100%  15.6  111s
  1025   990    0.00000  371  185 709542.607    0.00000   100%  15.4  125s
  1027  1141    0.00000  372  185 709542.607    0.00000   100%  15.4  132s
  1189  1303    0.00000  441  185 709542.607    0.00000   100%  16.0  138s
H 1367  1303                    478670.56144    0.00000   100%  15.0  138s
  1372  1478    0.00000  530  183 478670.561    0.00000   100%  15.0  147s
  1551  1663    0.00000  600  182 478670.561    0.00000   100%  14.1  155s
  1740  1808    0.00000  663  179 478670.561    0.00000   100%  13.5  162s
H 1817  1808                    368250.95025    0.00000   100%  13.8  162s
H 1820  1808                    368250.55036    0.00000   100%  13.8  162s
  1891  2022    0.00000  710  185 368250.550    0.00000   100%  13.3  172s
  2105  2273  567.17198  788  191 368250.550    0.00000   100%  12.7  181s
  2356  2523 5325.87663  910  191 368250.550    0.00000   100%  11.5  191s
H 2606   288                       0.0000000    0.00000  0.00%  10.5  198s

Cutting planes:
  Gomory: 6
  MIR: 103
  StrongCG: 9
  RLT: 3

Explored 2776 nodes (29087 simplex iterations) in 198.96 seconds (74.43 work units)
Thread count was 2 (of 24 available processors)

Solution count 10: 0 368251 368251 ... 3.35719e+07

Optimal solution found (tolerance 2.47e-08)
Best objective 0.000000000000e+00, best bound 0.000000000000e+00, gap 0.0000%
