
Gurobi 11.0.3 (linux64, Java) logging started sex 22 nov 2024 07:43:30 -03

Set parameter Username
Academic license - for non-commercial use only - expires 2025-10-10
Set parameter NonConvex to value 2
Set parameter TimeLimit to value 3600
Set parameter LogToConsole to value 0
Set parameter MIPGap to value 2.5029985070196468e-07
Set parameter Threads to value 2
Set parameter NodefileDir to value "/home/ps12398/experiment_hosp/goalProgrammingMarcos/"
Set parameter NodefileStart to value 1
Gurobi Optimizer version 11.0.3 build v11.0.3rc0 (linux64)

CPU model: Intel(R) Xeon(R) CPU           X5650  @ 2.67GHz, instruction set [SSE2]
Thread count: 12 physical cores, 24 logical processors, using up to 2 threads

Optimize a model with 57864 rows, 39068 columns and 204686 nonzeros
Model fingerprint: 0x5395263c
Model has 144 quadratic constraints
Variable types: 19466 continuous, 19602 integer (139 binary)
Coefficient statistics:
  Matrix range     [7e-03, 6e+05]
  QMatrix range    [7e-03, 2e+04]
  QLMatrix range   [1e+00, 2e+04]
  Objective range  [2e+00, 8e+06]
  Bounds range     [1e+00, 1e+08]
  RHS range        [1e+00, 8e+04]
  QRHS range       [3e-02, 3e-02]
Presolve removed 57417 rows and 38331 columns
Presolve time: 0.13s
Presolved: 1153 rows, 958 columns, 26953 nonzeros
Presolved model has 2 SOS constraint(s)
Presolved model has 139 bilinear constraint(s)

Solving non-convex MIQCP

Variable types: 461 continuous, 497 integer (141 binary)
Found heuristic solution: objective 3052129.3135

Root relaxation: objective 2.336855e+05, 198 iterations, 0.00 seconds (0.00 work units)

    Nodes    |    Current Node    |     Objective Bounds      |     Work
 Expl Unexpl |  Obj  Depth IntInf | Incumbent    BestBd   Gap | It/Node Time

     0     0 233685.505    0  242 3052129.31 233685.505  92.3%     -    0s
H    0     0                    2306611.8172 233685.505  89.9%     -    0s
     0     0 864155.158    0  245 2306611.82 864155.158  62.5%     -    0s
     0     0 864582.378    0  245 2306611.82 864582.378  62.5%     -    0s
     0     0 1005472.66    0  238 2306611.82 1005472.66  56.4%     -    0s
     0     0 1021002.19    0  235 2306611.82 1021002.19  55.7%     -    0s
     0     0 1033920.51    0  237 2306611.82 1033920.51  55.2%     -    0s
     0     0 1037128.13    0  237 2306611.82 1037128.13  55.0%     -    0s
     0     0 1060483.02    0  228 2306611.82 1060483.02  54.0%     -    0s
     0     0 1066124.59    0  235 2306611.82 1066124.59  53.8%     -    0s
     0     0 1068169.90    0  241 2306611.82 1068169.90  53.7%     -    0s
     0     0 1069559.82    0  241 2306611.82 1069559.82  53.6%     -    0s
     0     0 1072135.88    0  245 2306611.82 1072135.88  53.5%     -    0s
     0     0 1072211.51    0  245 2306611.82 1072211.51  53.5%     -    1s
H    0     0                    2306338.7508 1072527.97  53.5%     -    1s
     0     2 1072527.97    0  245 2306338.75 1072527.97  53.5%     -    1s
H   38    44                    2195290.1643 1081354.99  50.7%  22.4    1s
H  344   346                    1467209.9604 1081354.99  26.3%   5.6    2s
H 1265  1297                    1423882.4359 1081354.99  24.1%   2.7    3s
H 1459  1471                    1406897.1481 1081354.99  23.1%   2.7    3s
H 2517  2557                    1406814.3310 1081354.99  23.1%   3.3    4s
H 2529  2535                    1399625.2688 1081354.99  22.7%   3.3    4s
H 2623  2602                    1391359.6769 1081354.99  22.3%   3.3    4s
  2662  2717 1374743.50 1194  123 1391359.68 1081354.99  22.3%   3.3    5s
H 3133  3030                    1379837.5145 1084854.20  21.4%   3.4    5s
H 3182  3002                    1378880.2709 1084854.20  21.3%   3.4    5s
H 3182  2851                    1378845.4628 1084854.20  21.3%   3.4    5s
H 3184  2711                    1378810.6548 1084854.20  21.3%   3.4    5s
H 3184  2575                    1377139.8696 1084854.20  21.2%   3.4    6s
H 3185  2446                    1376543.4404 1092261.83  20.7%   3.4    6s
H 3189  2327                    1323529.0846 1100165.74  16.9%   3.4    6s
  3238  2360 1228193.43  158  132 1323529.08 1113997.11  15.8%   3.3   10s
H 3294  2281                    1322430.9421 1114747.29  15.7%   4.2   13s
H 3323  2186                    1322430.9418 1114747.29  15.7%   4.5   14s
  3336  2199 1190693.59   38  171 1322430.94 1114747.29  15.7%   4.7   15s
H 3379  2121                    1318215.0843 1114747.29  15.4%   4.8   17s
H 3407  2035                    1318162.1213 1114747.29  15.4%   4.8   18s
  3445  2066 1238804.91   63  157 1318162.12 1114747.29  15.4%   4.9   20s
H 3466  1982                    1317937.8403 1114747.29  15.4%   4.9   21s
  3567  2056 1241803.45   92  154 1317937.84 1114747.29  15.4%   5.0   25s
H 3634  2005                    1313147.2362 1114747.29  15.1%   5.0   27s
H 3655  1925                    1310593.7260 1114747.29  14.9%   5.0   28s
  3692  1965 1275456.92  122  151 1310593.73 1114747.29  14.9%   5.0   30s
H 3790  1945                    1308905.3392 1114747.29  14.8%   5.1   34s
  3807  1966 1274296.60  149  147 1308905.34 1114747.29  14.8%   5.1   35s
H 3834  1900                    1306091.3832 1114747.29  14.7%   5.2   36s
H 3910  1882                    1305275.8788 1114747.29  14.6%   5.1   39s
  3938  1899 1256281.70  181  137 1305275.88 1114747.29  14.6%   5.1   41s
H 3996  1873                    1304768.1444 1114747.29  14.6%   5.1   43s
  4029  1893 1257090.52  202  136 1304768.14 1114747.29  14.6%   5.1   45s
H 4052  1817                    1304615.1406 1114747.29  14.6%   5.2   45s
H 4110  1803                    1304071.1359 1114747.29  14.5%   5.2   47s
  4164  1852 1281350.09  234  141 1304071.14 1114747.29  14.5%   5.3   50s
  4268  1926 1270519.39  258  129 1304071.14 1114747.29  14.5%   5.3   55s
H 4275  1863                    1304000.9580 1114747.29  14.5%   5.3   55s
H 4364  1866                    1303966.2127 1114747.29  14.5%   5.3   59s
H 4392  1802                    1303903.1873 1114747.29  14.5%   5.3   59s
  4396  1853 1270826.75  291  121 1303903.19 1114747.29  14.5%   5.3   61s
H 4418  1792                    1303885.5897 1114747.29  14.5%   5.3   61s
  4502  1875 1274440.52  319  126 1303885.59 1114747.29  14.5%   5.3   65s
H 4610  1845                    1303877.7187 1114747.29  14.5%   5.4   67s
  4677  1952 1272841.98  365  120 1303877.72 1114747.29  14.5%   5.4   71s
H 4792  1932                    1303813.9296 1114747.29  14.5%   5.5   73s
  4809  1991 1273809.71  400  120 1303813.93 1114747.29  14.5%   5.5   75s
H 4818  1943                    1303769.6216 1114747.29  14.5%   5.5   75s
H 4874  1957                    1303763.4125 1114747.29  14.5%   5.6   78s
H 4914  1903                    1303756.8506 1114747.29  14.5%   5.6   78s
  4950  1958 1274766.74  435  120 1303756.85 1114747.29  14.5%   5.6   80s
H 5022  1969                    1303756.8481 1114747.29  14.5%   5.7   82s
  5095  2017 1275810.93  473  120 1303756.85 1114747.29  14.5%   5.8   85s
  5253  2113 1281622.41  512  124 1303756.85 1114747.29  14.5%   5.9   91s
H 5373  2150                    1303643.5821 1114747.29  14.5%   5.9   94s
  5415  2230 1281970.95  552  118 1303643.58 1114747.29  14.5%   5.9   97s
H 5458  2230                    1303591.6726 1114747.29  14.5%   6.0   97s
  5601  2393 1283235.08  597  119 1303591.67 1115131.33  14.5%   6.1  103s
  5712  2483 1156911.93   32  184 1303591.67 1116850.47  14.3%   6.3  106s
  5813  2547 1197636.71   27  221 1303591.67 1116996.59  14.3%   6.6  110s
  6047  2728 1220576.18   24  206 1303591.67 1119071.00  14.2%   8.0  118s
  6172  2816 1243383.00   29  187 1303591.67 1119907.06  14.1%   8.7  122s
H 6311  2911                    1303563.6876 1121077.96  14.0%   9.5  126s
  6462  2986 1168166.96   24  209 1303563.69 1123988.01  13.8%  10.2  130s
  6782  3233 1272165.05   53  163 1303563.69 1124309.25  13.8%  11.6  139s
  6936  3324 1276461.37   86  145 1303563.69 1124309.25  13.8%  11.8  143s
H 6994  3324                    1303458.7077 1124309.25  13.7%  11.8  143s
  7106  3451 1277638.17  118  144 1303458.71 1124309.25  13.7%  12.3  148s
  7268  3564 1280810.11  152  140 1303458.71 1124309.25  13.7%  12.6  153s
  7442  3666 1281281.91  192  134 1303458.71 1124309.25  13.7%  12.8  158s
  7633  3765 1282613.26  239  134 1303458.71 1124309.25  13.7%  13.0  163s
  7823  3841 1284094.62  271  126 1303458.71 1134154.23  13.0%  13.3  169s
  8044  3935 1280135.47   34  194 1303458.71 1135738.99  12.9%  14.0  175s
  8272  4046 1292760.30   32  201 1303458.71 1138180.87  12.7%  14.7  182s
  8491  4150 1209509.85   27  195 1303458.71 1139179.42  12.6%  15.3  187s
  8737  4275     cutoff   32      1303458.71 1141355.32  12.4%  15.8  193s
  8978  4394 1199260.69   25  221 1303458.71 1142820.86  12.3%  16.3  199s
  9210  4491     cutoff   35      1303458.71 1144597.59  12.2%  16.8  205s
  9424  4599     cutoff   36      1303458.71 1146834.30  12.0%  17.3  212s
  9620  4662 1287664.56   38  192 1303458.71 1147395.51  12.0%  17.6  217s
  9867  4752 1191949.37   24  211 1303458.71 1148336.08  11.9%  18.2  224s
 10077  4874 1236437.84   25  211 1303458.71 1150401.76  11.7%  18.7  230s
 10275  4977 1180542.77   29  194 1303458.71 1150955.68  11.7%  19.0  236s
 10495  5074 1223288.99   34  198 1303458.71 1151684.05  11.6%  19.3  242s
 10727  5145     cutoff   39      1303458.71 1152769.67  11.6%  19.6  247s
 10961  5252 1234001.74   28  179 1303458.71 1153658.18  11.5%  19.7  252s
 11146  5345 1302100.74   34  200 1303458.71 1154488.32  11.4%  19.9  257s
 11340  5442 1272678.99   32  168 1303458.71 1154979.29  11.4%  20.3  264s
 11554  5540 1175553.94   25  202 1303458.71 1155827.39  11.3%  20.5  270s
 11754  5633 1263275.01   32  174 1303458.71 1156640.43  11.3%  20.7  277s
 11988  5729 1221331.72   33  181 1303458.71 1157491.51  11.2%  20.9  282s
 12205  5828 1284899.39   34  160 1303458.71 1158421.53  11.1%  21.2  288s
 12397  5916 1257038.43   27  228 1303458.71 1159123.46  11.1%  21.4  294s
 12601  5988 1280475.73   31  203 1303458.71 1160162.62  11.0%  21.6  299s
 12820  6078 1243165.46   29  173 1303458.71 1160745.33  10.9%  21.9  305s
 13233  6258 1226719.79   27  215 1303458.71 1162505.16  10.8%  22.3  315s
 13411  6349 1263790.04   33  182 1303458.71 1163066.40  10.8%  22.4  321s
 13630  6414     cutoff   32      1303458.71 1163689.54  10.7%  22.6  327s
 13838  6481     cutoff   39      1303458.71 1164764.92  10.6%  22.8  333s
 14042  6574 1282593.47   43  182 1303458.71 1165245.41  10.6%  22.9  338s
 14238  6661     cutoff   38      1303458.71 1165808.14  10.6%  23.1  345s
 14418  6730     cutoff   38      1303458.71 1166447.71  10.5%  23.2  352s
 14587  6828 1194075.17   25  229 1303458.71 1167281.07  10.4%  23.3  358s
 14798  6906 1279191.50   40  154 1303458.71 1167738.72  10.4%  23.4  365s
 15179  7090     cutoff   36      1303458.71 1168805.37  10.3%  23.5  373s
H15180  7090                    1303452.7017 1168805.37  10.3%  23.5  373s
 15372  7188 1295117.34   41  143 1303452.70 1169162.29  10.3%  23.7  379s
 15571  7269     cutoff   39      1303452.70 1169863.96  10.2%  23.8  384s
 15802  7348 1273022.11   31  167 1303452.70 1170799.01  10.2%  23.9  391s
 16004  7410 1261433.63   34  159 1303452.70 1172064.25  10.1%  24.0  397s
 16214  7494 1222723.88   27  199 1303452.70 1172548.12  10.0%  24.1  402s
 16405  7602 1273836.27   35  200 1303452.70 1173063.59  10.0%  24.1  409s
 16593  7696 1210754.81   41  168 1303452.70 1173484.53  10.0%  24.2  415s
 16772  7768 1246544.19   34  155 1303452.70 1174093.11  9.92%  24.3  420s
H16875  7768                    1303443.3547 1174093.11  9.92%  24.3  420s
 17167  7948 1210176.55   22  200 1303443.35 1175423.53  9.82%  24.5  429s
 17353  8026 1271947.15   28  174 1303443.35 1175633.79  9.81%  24.5  435s
 17544  8105 1258392.19   25  187 1303443.35 1176042.40  9.77%  24.6  442s
 17743  8204 1294090.09   36  165 1303443.35 1176551.71  9.74%  24.6  449s
 17925  8284 1219808.24   23  194 1303443.35 1176869.60  9.71%  24.7  455s
 18122  8386 1256412.91   35  171 1303443.35 1177289.75  9.68%  24.8  462s
 18329  8475 1257303.89   30  179 1303443.35 1177793.40  9.64%  24.8  468s
 18530  8567 1191397.08   23  233 1303443.35 1178327.56  9.60%  24.8  474s
 18719  8674     cutoff   41      1303443.35 1178807.63  9.56%  24.8  480s
 18886  8775 1282619.73   40  192 1303443.35 1179097.05  9.54%  24.9  487s
 19075  8851     cutoff   41      1303443.35 1179578.62  9.50%  24.9  493s
 19275  8919     cutoff   38      1303443.35 1180232.45  9.45%  25.0  500s
 19452  8994 1275171.84   28  174 1303443.35 1180542.77  9.43%  25.1  506s
 19640  9066 1242011.74   32  203 1303443.35 1180834.15  9.41%  25.2  511s
 19761  9153     cutoff   36      1303443.35 1181069.29  9.39%  25.2  516s
 19946  9242 1288824.23   30  162 1303443.35 1181594.16  9.35%  25.2  521s
 20144  9321 1288572.85   35  166 1303443.35 1181805.68  9.33%  25.3  526s
 20347  9401 1204325.73   33  189 1303443.35 1182062.64  9.31%  25.4  531s
 20525  9503 1214061.45   27  214 1303443.35 1182319.26  9.29%  25.4  536s
 20701  9574     cutoff   31      1303443.35 1182629.78  9.27%  25.4  541s
 20907  9651 1191546.84   28  194 1303443.35 1182969.16  9.24%  25.4  547s
 21076  9749 1250048.64   29  169 1303443.35 1183095.68  9.23%  25.5  552s
 21257  9831 1218667.28   31  214 1303443.35 1183505.46  9.20%  25.6  557s
 21463  9920 1222876.73   22  229 1303443.35 1183795.39  9.18%  25.7  563s
 21652 10018 1277328.66   25  167 1303443.35 1184031.80  9.16%  25.7  569s
 21824 10116 1278047.85   33  167 1303443.35 1184260.27  9.14%  25.7  576s
 22025 10197 1244973.74   36  178 1303443.35 1184614.87  9.12%  25.8  581s
 22216 10270 1278409.04   33  151 1303443.35 1184763.58  9.11%  25.8  588s
 22422 10350 1254833.87   30  211 1303443.35 1185011.25  9.09%  25.8  593s
 22634 10428 1235922.07   23  194 1303443.35 1185289.63  9.06%  25.9  599s
 22832 10501     cutoff   33      1303443.35 1185681.90  9.03%  26.0  606s
 23049 10595 1207804.31   35  173 1303443.35 1185863.86  9.02%  26.0  613s
 23236 10675     cutoff   36      1303443.35 1186035.44  9.01%  26.0  619s
 23444 10760 1246539.21   31  187 1303443.35 1186394.10  8.98%  26.0  626s
 23623 10845 1220456.66   28  226 1303443.35 1186781.39  8.95%  26.1  632s
 23826 10935     cutoff   38      1303443.35 1186941.70  8.94%  26.1  638s
 24022 11011 1220813.21   29  187 1303443.35 1187284.83  8.91%  26.1  643s
 24224 11118 1222312.34   24  208 1303443.35 1187474.10  8.90%  26.0  648s
 24423 11209 1268290.87   40  144 1303443.35 1187725.89  8.88%  26.0  655s
 24623 11297     cutoff   38      1303443.35 1187947.77  8.86%  26.0  660s
H24826 11366                    1303437.6144 1188388.18  8.83%  26.1  667s
 25025 11470 1302602.62   30  153 1303437.61 1188798.58  8.80%  26.2  673s
 25219 11558 1296987.34   52  137 1303437.61 1189235.66  8.76%  26.2  680s
 25410 11652 1229022.79   27  215 1303437.61 1189377.51  8.75%  26.1  687s
 25618 11733 1276694.27   38  142 1303437.61 1189619.01  8.73%  26.1  694s
 25817 11830 1292484.85   31  158 1303437.61 1189910.76  8.71%  26.2  701s
 26010 11914 1258556.19   33  160 1303437.61 1190037.17  8.70%  26.2  707s
 26192 11997 1279399.10   37  136 1303437.61 1190229.52  8.69%  26.2  713s
 26380 12067     cutoff   35      1303437.61 1190288.44  8.68%  26.2  720s
 26587 12163     cutoff   37      1303437.61 1190580.36  8.66%  26.2  726s
 26784 12254 1280677.91   35  146 1303437.61 1190835.25  8.64%  26.2  733s
 26994 12321     cutoff   38      1303437.61 1191198.36  8.61%  26.3  739s
H27087 12320                    1303417.2623 1191198.36  8.61%  26.3  739s
 27188 12388 1296475.73   33  154 1303417.26 1191357.04  8.60%  26.3  745s
H27303 12388                    1303417.2617 1191357.04  8.60%  26.3  745s
 27411 12484 1238286.53   28  210 1303417.26 1191557.46  8.58%  26.4  750s
 27607 12573     cutoff   32      1303417.26 1191725.58  8.57%  26.4  756s
 27810 12660 1214132.04   31  187 1303417.26 1192110.72  8.54%  26.4  763s
H27996 12753                    1303401.1519 1192253.32  8.53%  26.4  770s
 28189 12846     cutoff   38      1303401.15 1192381.05  8.52%  26.4  775s
 28368 12897 1267530.76   30  188 1303401.15 1192524.10  8.51%  26.4  781s
 28562 12992     cutoff   39      1303401.15 1192710.85  8.49%  26.4  788s
 28770 13073 1203158.31   26  224 1303401.15 1193043.56  8.47%  26.5  795s
 28973 13137 1294571.60   43  148 1303401.15 1193210.93  8.45%  26.5  801s
 29184 13230 1207181.26   25  226 1303401.15 1193430.25  8.44%  26.5  806s
 29386 13316 1221069.21   28  181 1303401.15 1193721.70  8.41%  26.5  812s
 29597 13418 1232958.91   23  228 1303401.15 1193899.19  8.40%  26.6  818s
 29815 13515 1214367.55   33  189 1303401.15 1194159.35  8.38%  26.6  824s
 30002 13588 1295087.50   35  158 1303401.15 1194285.66  8.37%  26.6  829s
 30153 13666     cutoff   41      1303401.15 1194347.95  8.37%  26.6  833s
 30328 13777 1261183.39   22  191 1303401.15 1194540.14  8.35%  26.6  837s
 30520 13854 1274645.07   37  179 1303401.15 1194609.45  8.35%  26.6  843s
 30729 13917     cutoff   36      1303401.15 1194729.65  8.34%  26.6  850s
 30935 14000     cutoff   33      1303401.15 1194854.93  8.33%  26.6  855s
H31027 14000                    1303398.6065 1194854.93  8.33%  26.6  855s
 31115 14096 1292387.41   35  206 1303398.61 1195171.10  8.30%  26.6  862s
 31300 14182     cutoff   38      1303398.61 1195318.64  8.29%  26.6  868s
 31509 14261 1277514.13   35  147 1303398.61 1195357.54  8.29%  26.6  875s
 31740 14350 1258322.39   35  195 1303398.61 1195440.52  8.28%  26.6  881s
 31955 14431 1285067.92   34  150 1303398.61 1195734.61  8.26%  26.6  888s
 32128 14514     cutoff   32      1303398.61 1195934.76  8.24%  26.5  895s
 32337 14576 1252155.39   27  183 1303398.61 1196078.24  8.23%  26.5  903s
 32554 14647     cutoff   47      1303398.61 1196129.06  8.23%  26.6  909s
 32765 14750 1276427.95   34  203 1303398.61 1196317.54  8.22%  26.6  916s
 32933 14840 1236818.81   38  171 1303398.61 1196343.19  8.21%  26.6  922s
 33103 14919 1272503.56   41  162 1303398.61 1196375.13  8.21%  26.5  928s
 33289 15005 1198541.17   26  203 1303398.61 1196498.10  8.20%  26.5  935s
 33480 15095 1217616.91   26  223 1303398.61 1196667.32  8.19%  26.5  942s
 33695 15188 1283501.31   34  163 1303398.61 1196770.23  8.18%  26.5  949s
 33887 15267 1238724.86   28  224 1303398.61 1196941.75  8.17%  26.5  956s
 34084 15374 1265799.36   28  213 1303398.61 1197080.45  8.16%  26.5  963s
 34300 15451     cutoff   36      1303398.61 1197163.07  8.15%  26.5  970s
 34710 15644 1215155.93   30  222 1303398.61 1197441.76  8.13%  26.5  979s
 34902 15716 1262238.63   32  175 1303398.61 1197540.94  8.12%  26.5  986s
 35101 15797 1246726.01   22  189 1303398.61 1197670.26  8.11%  26.5  993s
 35308 15875 1293974.07   35  153 1303398.61 1197780.39  8.10%  26.5 1001s
 35502 15967 1232124.24   27  188 1303398.61 1197927.87  8.09%  26.5 1007s
 35702 16051 1269879.20   29  182 1303398.61 1198064.50  8.08%  26.6 1014s
 35909 16127 1219245.36   32  191 1303398.61 1198186.49  8.07%  26.6 1021s
 36106 16203 1299811.42   39  149 1303398.61 1198316.37  8.06%  26.6 1027s
 36333 16298 1222702.73   31  187 1303398.61 1198444.32  8.05%  26.6 1031s
 36529 16385 1291028.87   28  183 1303398.61 1198625.04  8.04%  26.6 1035s
 36953 16561     cutoff   46      1303398.61 1198971.40  8.01%  26.6 1043s
 37137 16640 1235392.63   37  181 1303398.61 1199150.25  8.00%  26.6 1047s
 37355 16726 1273028.53   32  206 1303398.61 1199227.19  7.99%  26.6 1051s
 37570 16804 1239623.79   34  187 1303398.61 1199272.69  7.99%  26.6 1057s
 37758 16883 1276264.89   35  149 1303398.61 1199371.34  7.98%  26.6 1064s
H37871 16883                    1303395.9373 1199371.34  7.98%  26.7 1064s
 37979 16975 1262872.92   33  209 1303395.94 1199507.00  7.97%  26.7 1070s
 38168 17091 1283394.77   36  201 1303395.94 1199666.62  7.96%  26.7 1077s
 38371 17181 1282529.69   39  196 1303395.94 1199725.25  7.95%  26.7 1083s
 38586 17257 1258701.08   29  204 1303395.94 1199863.75  7.94%  26.7 1088s
 38805 17343 1226364.76   27  193 1303395.94 1199995.41  7.93%  26.7 1094s
 39005 17434     cutoff   33      1303395.94 1200102.83  7.92%  26.7 1101s
 39219 17512 1276185.76   30  212 1303395.94 1200256.17  7.91%  26.7 1108s
 39424 17598 1281043.80   31  169 1303395.94 1200333.54  7.91%  26.7 1112s
 39620 17693 1237900.27   27  210 1303395.94 1200474.73  7.90%  26.7 1116s
 39813 17815 1278931.49   38  168 1303395.94 1200578.82  7.89%  26.7 1120s
 40026 17928 1302355.74   89  131 1303395.94 1200620.65  7.89%  26.7 1126s
 40230 17996 1227316.76   34  183 1303395.94 1200779.61  7.87%  26.7 1133s
 40438 18084 1229550.80   28  219 1303395.94 1200872.66  7.87%  26.7 1140s
 40630 18173 1225437.89   27  207 1303395.94 1200977.18  7.86%  26.7 1145s
 40858 18267 1232926.03   31  214 1303395.94 1201065.49  7.85%  26.7 1152s
 41057 18362 1208099.35   26  221 1303395.94 1201141.85  7.85%  26.7 1159s
 41249 18435 1281658.76   32  180 1303395.94 1201225.62  7.84%  26.7 1166s
 41452 18534 1288242.46   28  211 1303395.94 1201347.23  7.83%  26.7 1173s
 41643 18599 1294021.25   34  196 1303395.94 1201443.50  7.82%  26.8 1180s
 41860 18675 1228363.13   27  216 1303395.94 1201582.91  7.81%  26.8 1186s
 42030 18765 1255976.00   34  213 1303395.94 1201723.04  7.80%  26.8 1192s
 42244 18855 1259858.42   25  218 1303395.94 1201873.23  7.79%  26.8 1198s
 42451 18936 1248971.75   38  176 1303395.94 1201994.73  7.78%  26.8 1205s
 42667 19020 1273591.97   31  167 1303395.94 1202091.38  7.77%  26.8 1212s
 42866 19107     cutoff   42      1303395.94 1202196.60  7.76%  26.9 1220s
 43074 19190 1223376.25   28  217 1303395.94 1202333.79  7.75%  26.9 1227s
 43280 19267 1263056.34   32  203 1303395.94 1202440.07  7.75%  26.9 1233s
 43483 19337 1221913.41   33  193 1303395.94 1202577.14  7.74%  26.9 1239s
 43683 19421 1276942.38   41  190 1303395.94 1202630.27  7.73%  26.9 1246s
 43892 19514 1268581.27   39  163 1303395.94 1202733.83  7.72%  26.9 1252s
 44081 19572     cutoff   40      1303395.94 1202830.65  7.72%  26.9 1258s
 44313 19672 infeasible   29      1303395.94 1202942.12  7.71%  27.0 1264s
 44523 19750 1286848.85   35  161 1303395.94 1203044.21  7.70%  27.0 1272s
 44713 19853 1267136.53   38  161 1303395.94 1203166.77  7.69%  27.0 1279s
 44918 19945 1244904.84   26  197 1303395.94 1203234.65  7.68%  27.0 1286s
 45115 20031 1267335.51   29  219 1303395.94 1203306.35  7.68%  27.1 1294s
 45340 20129 1238299.76   27  182 1303395.94 1203431.35  7.67%  27.1 1301s
 45571 20169     cutoff   33      1303395.94 1203550.91  7.66%  27.1 1307s
 45732 20251 1281062.61   56  158 1303395.94 1203565.52  7.66%  27.1 1313s
 45895 20344 1247178.77   37  164 1303395.94 1203736.02  7.65%  27.1 1320s
 46108 20431 1301895.62   31  182 1303395.94 1203845.11  7.64%  27.1 1327s
 46306 20520 1289545.48   33  163 1303395.94 1203982.44  7.63%  27.1 1333s
 46509 20606 1270001.03   30  177 1303395.94 1204016.40  7.62%  27.1 1340s
 46704 20694 1275376.46   35  201 1303395.94 1204162.73  7.61%  27.1 1346s
 46920 20789 1225921.33   27  218 1303395.94 1204232.11  7.61%  27.1 1354s
 47129 20863 1228143.73   26  190 1303395.94 1204319.73  7.60%  27.1 1361s
 47357 20946 1247742.93   29  172 1303395.94 1204430.27  7.59%  27.1 1369s
 47561 21026 1283800.54   38  156 1303395.94 1204507.25  7.59%  27.1 1376s
 47765 21092 1273797.77   36  146 1303395.94 1204611.88  7.58%  27.1 1384s
 47979 21178 1242090.15   30  200 1303395.94 1204701.32  7.57%  27.2 1390s
H48085 21178                    1303393.6351 1204701.32  7.57%  27.2 1390s
 48192 21269 1257497.08   30  190 1303393.64 1204813.04  7.56%  27.2 1395s
 48407 21352     cutoff   32      1303393.64 1204891.43  7.56%  27.2 1402s
 48626 21430 1262633.74   34  170 1303393.64 1204962.40  7.55%  27.2 1408s
 48827 21513     cutoff   39      1303393.64 1205030.80  7.55%  27.2 1414s
 49041 21599 1288258.39   39  196 1303393.64 1205098.68  7.54%  27.2 1421s
 49230 21688 1235633.28   34  213 1303393.64 1205235.34  7.53%  27.2 1426s
 49432 21796 1245686.71   29  171 1303393.64 1205397.82  7.52%  27.2 1434s
H49532 21796                    1303383.5544 1205397.82  7.52%  27.2 1434s
 49620 21867 1288605.39   36  151 1303383.55 1205559.85  7.51%  27.2 1442s
 49835 21944     cutoff   35      1303383.55 1205665.91  7.50%  27.2 1447s
 50021 22018 1300931.45   39  185 1303383.55 1205723.55  7.49%  27.2 1455s
 50247 22084 1266214.46   26  225 1303383.55 1205839.54  7.48%  27.2 1462s
 50465 22155 1261698.60   33  173 1303383.55 1205920.72  7.48%  27.2 1470s
 50686 22225 1296659.25   38  151 1303383.55 1205986.84  7.47%  27.2 1477s
 50887 22299 1292443.65   39  196 1303383.55 1206068.13  7.47%  27.2 1484s
 51107 22381     cutoff   37      1303383.55 1206169.43  7.46%  27.2 1491s
 51307 22461 1270908.32   31  181 1303383.55 1206257.67  7.45%  27.2 1498s
 51519 22546 1295403.72   30  175 1303383.55 1206372.78  7.44%  27.2 1505s
 51731 22622 1298730.44   35  163 1303383.55 1206447.88  7.44%  27.2 1512s
 51946 22706 1231275.74   26  184 1303383.55 1206584.96  7.43%  27.2 1520s
 52138 22791 1262494.31   26  191 1303383.55 1206683.82  7.42%  27.3 1525s
 52345 22903 1248406.42   33  165 1303383.55 1206855.53  7.41%  27.3 1532s
 52553 22989 1265598.03   29  207 1303383.55 1206890.74  7.40%  27.3 1538s
 52751 23081 1226715.39   27  209 1303383.55 1207040.11  7.39%  27.3 1546s
 52940 23150     cutoff   38      1303383.55 1207085.13  7.39%  27.3 1554s
 53152 23230 infeasible   34      1303383.55 1207189.49  7.38%  27.3 1560s
 53366 23330 1220650.92   24  202 1303383.55 1207266.21  7.37%  27.3 1567s
 53566 23401 1289191.40   39  195 1303383.55 1207344.86  7.37%  27.3 1575s
 53780 23477     cutoff   35      1303383.55 1207405.11  7.36%  27.3 1581s
 54003 23559 1238679.78   30  169 1303383.55 1207472.31  7.36%  27.3 1586s
 54235 23641 1252715.07   32  167 1303383.55 1207550.99  7.35%  27.3 1592s
 54461 23726 1246016.24   33  172 1303383.55 1207599.83  7.35%  27.3 1599s
 54657 23795 1256943.23   31  174 1303383.55 1207733.46  7.34%  27.3 1606s
 54878 23881 1284833.62   35  152 1303383.55 1207779.06  7.34%  27.3 1613s
 55100 23962 1256620.32   28  184 1303383.55 1207845.66  7.33%  27.3 1620s
 55327 24050     cutoff   38      1303383.55 1207928.14  7.32%  27.4 1627s
 55547 24106 1267766.42   35  173 1303383.55 1207988.32  7.32%  27.4 1633s
 55747 24212 1224246.17   29  218 1303383.55 1208083.52  7.31%  27.4 1640s
 55955 24288 1280281.64   35  129 1303383.55 1208125.02  7.31%  27.4 1647s
 56178 24435 1292270.63   51  144 1303383.55 1208193.80  7.30%  27.4 1654s
 56382 24571 1297772.64  104  123 1303383.55 1208193.80  7.30%  27.4 1661s
 56592 24664 1301303.61  157  111 1303383.55 1208266.21  7.30%  27.4 1668s
 56827 24733 1280608.33   31  175 1303383.55 1208354.18  7.29%  27.3 1675s
 57031 24821     cutoff   36      1303383.55 1208472.66  7.28%  27.3 1681s
 57248 24901 1246814.39   31  185 1303383.55 1208538.07  7.28%  27.3 1687s
 57452 24992     cutoff   34      1303383.55 1208622.36  7.27%  27.4 1693s
 57664 25067 1292607.80   34  203 1303383.55 1208679.15  7.27%  27.4 1698s
 57882 25157 1223659.73   32  208 1303383.55 1208746.62  7.26%  27.4 1703s
 58097 25239 1289017.78   36  159 1303383.55 1208787.04  7.26%  27.4 1709s
 58311 25357 1257507.04   29  175 1303383.55 1208841.23  7.25%  27.4 1717s
 58531 25433 1222626.01   29  182 1303383.55 1208904.97  7.25%  27.4 1723s
 58771 25530 1270857.72   35  164 1303383.55 1208953.63  7.24%  27.4 1731s
 58958 25625 1223570.20   30  215 1303383.55 1209012.35  7.24%  27.4 1738s
 59174 25705 1234491.88   32  175 1303383.55 1209110.41  7.23%  27.4 1745s
H59378 25808                    1303382.5920 1209147.23  7.23%  27.4 1750s
 59609 25894 1245958.70   29  209 1303382.59 1209273.37  7.22%  27.4 1757s
 59821 25993 1270855.15   38  198 1303382.59 1209340.68  7.22%  27.4 1763s
 60000 26069 1249169.41   31  163 1303382.59 1209420.73  7.21%  27.5 1771s
 60228 26159 1234730.56   34  205 1303382.59 1209493.41  7.20%  27.5 1778s
 60416 26244     cutoff   35      1303382.59 1209572.14  7.20%  27.5 1784s
 60632 26328 1223493.99   26  222 1303382.59 1209645.59  7.19%  27.5 1791s
 60856 26399 1226476.41   25  211 1303382.59 1209727.53  7.19%  27.5 1798s
 61056 26486 1236415.51   26  180 1303382.59 1209822.76  7.18%  27.5 1803s
 61247 26567     cutoff   36      1303382.59 1209907.99  7.17%  27.5 1809s
 61473 26639 1284368.48   33  201 1303382.59 1209987.57  7.17%  27.5 1816s
 61731 26740 1241597.93   29  172 1303382.59 1210058.85  7.16%  27.5 1822s
 61923 26799 1284135.59   30  210 1303382.59 1210119.25  7.16%  27.5 1829s
 62133 26866 1278298.64   38  203 1303382.59 1210214.37  7.15%  27.5 1835s
 62359 26919 1248446.53   35  180 1303382.59 1210264.92  7.14%  27.5 1842s
 62569 26994     cutoff   36      1303382.59 1210350.94  7.14%  27.5 1849s
 62788 27073 1299789.30   36  195 1303382.59 1210435.11  7.13%  27.6 1856s
 63010 27177     cutoff   36      1303382.59 1210524.41  7.12%  27.6 1864s
 63233 27257     cutoff   37      1303382.59 1210612.60  7.12%  27.6 1872s
 63463 27327 1225844.19   28  223 1303382.59 1210685.46  7.11%  27.6 1879s
 63671 27406     cutoff   39      1303382.59 1210803.72  7.10%  27.6 1884s
 63879 27491 1234538.19   23  228 1303382.59 1210858.84  7.10%  27.6 1892s
 64092 27570 1289213.99   38  151 1303382.59 1210971.36  7.09%  27.6 1899s
 64317 27662 1299571.02   28  181 1303382.59 1211032.76  7.09%  27.6 1906s
 64541 27748 1289702.78   41  143 1303382.59 1211094.03  7.08%  27.6 1913s
 64766 27802     cutoff   40      1303382.59 1211202.25  7.07%  27.6 1921s
 65000 27888 1295213.03   31  208 1303382.59 1211279.79  7.07%  27.6 1928s
 65203 27942     cutoff   31      1303382.59 1211340.73  7.06%  27.6 1935s
 65437 28021 1276592.69   34  202 1303382.59 1211440.46  7.05%  27.6 1941s
 65632 28097 1287008.76   36  151 1303382.59 1211541.06  7.05%  27.6 1946s
 65828 28162 infeasible   35      1303382.59 1211647.58  7.04%  27.6 1954s
 66076 28230 1222747.63   27  191 1303382.59 1211678.44  7.04%  27.6 1962s
 66303 28311 1252321.54   33  168 1303382.59 1211756.97  7.03%  27.6 1969s
 66513 28401 1277868.80   29  169 1303382.59 1211801.43  7.03%  27.6 1975s
 66719 28490     cutoff   41      1303382.59 1211879.15  7.02%  27.6 1981s
 66941 28580 1258224.21   29  180 1303382.59 1211943.87  7.02%  27.6 1988s
 67133 28656 1267511.63   36  190 1303382.59 1211994.98  7.01%  27.6 1994s
 67348 28739 1232468.32   31  183 1303382.59 1212069.79  7.01%  27.6 2000s
 67533 28809     cutoff   39      1303382.59 1212165.37  7.00%  27.6 2006s
 67741 28883     cutoff   35      1303382.59 1212270.16  6.99%  27.6 2013s
 67976 28974     cutoff   33      1303382.59 1212326.50  6.99%  27.7 2020s
 68223 29058 1267949.29   32  160 1303382.59 1212387.09  6.98%  27.7 2028s
 68447 29133 1249559.56   33  180 1303382.59 1212427.19  6.98%  27.7 2036s
 68669 29196 1250929.28   31  168 1303382.59 1212508.57  6.97%  27.7 2042s
 68910 29435 1277927.71   29  164 1303382.59 1212562.14  6.97%  27.7 2049s
 69254 30051 1290069.58   37  161 1303382.59 1212611.07  6.96%  27.6 2054s
 71008 30477     cutoff   36      1303382.59 1213062.02  6.93%  27.6 2061s
 73214 30976 1282042.63   39  149 1303382.59 1213775.97  6.87%  27.6 2068s
 73438 31051 1253299.65   30  223 1303382.59 1213858.80  6.87%  27.6 2073s
 73644 31092 1275905.24   31  176 1303382.59 1213930.79  6.86%  27.6 2077s
 73883 31199 1269373.97   31  175 1303382.59 1213974.51  6.86%  27.6 2081s
 75100 31813 1251463.64   30  174 1303382.59 1214401.49  6.83%  27.7 2086s
 76733 32344 1295409.50   33  174 1303382.59 1214805.12  6.80%  27.7 2091s
 77784 32735     cutoff   36      1303382.59 1215059.71  6.78%  27.8 2095s
 79671 33335     cutoff   39      1303382.59 1215560.35  6.74%  27.8 2101s
 80734 33697 1253041.84   30  162 1303382.59 1215776.98  6.72%  27.7 2105s
 82608 34288 1227259.72   25  187 1303382.59 1216262.44  6.68%  27.8 2111s
 83832 34717 1275615.95   28  210 1303382.59 1216603.85  6.66%  27.8 2115s
 85378 35272 1239162.25   26  181 1303382.59 1216930.44  6.63%  27.8 2121s
 86868 35782 1277618.69   26  215 1303382.59 1217284.30  6.61%  27.8 2126s
 88142 36192 1241403.91   27  189 1303382.59 1217548.89  6.59%  27.9 2130s
 89398 36605 1262770.33   30  213 1303382.59 1217929.43  6.56%  27.9 2135s
 90971 37142 1256256.07   30  203 1303382.59 1218243.00  6.53%  27.9 2140s
H92186 37589                    1303382.5892 1218467.24  6.51%  28.0 2145s
 93192 37915 1229296.26   27  184 1303382.59 1218662.69  6.50%  28.0 2150s
H93340 37915                    1303382.5847 1218662.69  6.50%  28.0 2150s
 94590 38394 1230695.91   28  182 1303382.58 1218944.48  6.48%  28.0 2155s
 96210 38967 1248527.84   31  217 1303382.58 1219284.43  6.45%  28.0 2160s
 97529 39417 1245182.75   27  210 1303382.58 1219545.09  6.43%  28.0 2165s
 98237 39633 1265709.08   32  206 1303382.58 1219658.65  6.42%  28.1 2171s
 99415 39969 1283591.05   33  158 1303382.58 1219893.13  6.41%  28.1 2175s
 100589 40382 1287546.83   35  154 1303382.58 1220039.02  6.39%  28.1 2180s
H101329 40642                    1303382.5696 1220241.49  6.38%  28.1 2183s
 101884 40821 1226884.14   29  209 1303382.57 1220357.45  6.37%  28.2 2186s
H102634 40991                    1303382.5637 1220482.29  6.36%  28.2 2188s
 103063 41156 1237635.25   29  183 1303382.56 1220570.98  6.35%  28.2 2190s
 103886 41479 1262751.36   31  176 1303382.56 1220716.61  6.34%  28.2 2195s
 105195 41919 1288321.69   36  196 1303382.56 1221057.21  6.32%  28.2 2200s
 106680 42334 infeasible   38      1303382.56 1221340.36  6.29%  28.2 2205s
 108074 42806     cutoff   32      1303382.56 1221560.34  6.28%  28.2 2210s
 109683 43312     cutoff   38      1303382.56 1221867.62  6.25%  28.2 2215s
H110194 43491                    1303373.8108 1221944.18  6.25%  28.2 2217s
 111040 43717 1236612.12   29  219 1303373.81 1222107.93  6.24%  28.2 2220s
 112376 44134 1265306.33   27  219 1303373.81 1222353.27  6.22%  28.2 2225s
 113732 44570 1235084.31   28  212 1303373.81 1222591.43  6.20%  28.2 2230s
 115029 44991 1249991.65   29  210 1303373.81 1222753.75  6.19%  28.3 2235s
 116326 45430     cutoff   31      1303373.81 1222945.81  6.17%  28.3 2240s
 117959 45935 1271988.68   36  151 1303373.81 1223189.75  6.15%  28.3 2245s
 118796 46240     cutoff   33      1303373.81 1223340.07  6.14%  28.3 2250s
 120094 46626 1238561.52   30  211 1303373.81 1223562.43  6.12%  28.3 2255s
 121476 47047     cutoff   33      1303373.81 1223760.32  6.11%  28.4 2260s
 123033 47503 1259520.90   29  186 1303373.81 1224016.22  6.09%  28.4 2265s
 124384 47886 1251079.41   27  218 1303373.81 1224231.32  6.07%  28.4 2270s
 125559 48292 1294847.60   80  171 1303373.81 1224392.56  6.06%  28.4 2275s
 127197 48824 1269509.02   33  204 1303373.81 1224605.70  6.04%  28.4 2280s
 128617 49261 infeasible   33      1303373.81 1224816.70  6.03%  28.4 2285s
 129965 49682 1251492.04   31  209 1303373.81 1225000.86  6.01%  28.4 2290s
 131647 50164 1286574.38   39  156 1303373.81 1225180.54  6.00%  28.5 2295s
 133037 50578 1241882.28   28  185 1303373.81 1225387.01  5.98%  28.5 2300s
 134491 51007     cutoff   30      1303373.81 1225587.52  5.97%  28.5 2305s
 135743 51426 1266942.85   32  211 1303373.81 1225798.64  5.95%  28.5 2310s
 137246 51892 1281939.94   26  181 1303373.81 1226021.29  5.93%  28.5 2315s
 138821 52381 1274399.01   32  204 1303373.81 1226237.00  5.92%  28.5 2320s
 140136 52788     cutoff   41      1303373.81 1226401.57  5.91%  28.5 2325s
 141757 53318 infeasible   36      1303373.81 1226606.59  5.89%  28.5 2330s
 143375 53789 1271401.68   32  163 1303373.81 1226816.28  5.87%  28.5 2335s
 144821 54226 1275817.19   32  207 1303373.81 1227005.36  5.86%  28.5 2340s
 146478 54676     cutoff   38      1303373.81 1227207.66  5.84%  28.6 2345s
 148096 55143 1258546.97   28  188 1303373.81 1227421.62  5.83%  28.6 2350s
 149400 55549 1257591.09   27  176 1303373.81 1227580.47  5.82%  28.6 2355s
 151012 55993 1255399.61   30  177 1303373.81 1227777.10  5.80%  28.6 2360s
 152635 56543 1250006.17   31  194 1303373.81 1227959.87  5.79%  28.6 2365s
 154253 56974 1280760.65   36  161 1303373.81 1228142.06  5.77%  28.6 2370s
 155573 57380 1258256.96   33  205 1303373.81 1228305.22  5.76%  28.6 2375s
 157231 57893 1261618.39   27  219 1303373.81 1228495.28  5.74%  28.6 2380s
 158655 58311 1289838.55   35  205 1303373.81 1228640.46  5.73%  28.6 2385s
 160834 58956     cutoff   34      1303373.81 1228916.73  5.71%  28.6 2390s
 162725 59459 1259274.96   34  202 1303373.81 1229128.73  5.70%  28.6 2395s
 164480 59968 1293808.15   34  201 1303373.81 1229336.99  5.68%  28.6 2400s
 165899 60406 1281979.80   36  159 1303373.81 1229463.62  5.67%  28.6 2405s
 167481 60851 1236802.83   30  219 1303373.81 1229617.55  5.66%  28.6 2410s
 169044 61315 1239359.16   34  210 1303373.81 1229804.96  5.64%  28.6 2415s
 170418 61726 1243761.83   29  220 1303373.81 1229972.78  5.63%  28.6 2420s
 171896 62154 1266957.50   30  209 1303373.81 1230113.05  5.62%  28.6 2425s
 173158 62510     cutoff   42      1303373.81 1230238.86  5.61%  28.6 2430s
 174703 62909 1297403.75   28  163 1303373.81 1230431.50  5.60%  28.7 2435s
 176430 63412     cutoff   38      1303373.81 1230598.59  5.58%  28.6 2440s
 178861 64100 1255633.04   29  222 1303373.81 1230858.01  5.56%  28.7 2445s
 181346 64787 infeasible   39      1303373.81 1231102.93  5.54%  28.7 2450s
 183634 65376     cutoff   34      1303373.81 1231304.83  5.53%  28.7 2455s
 185894 66039 1245280.59   32  166 1303373.81 1231526.26  5.51%  28.7 2460s
 187427 66493 1273759.97   40  146 1303373.81 1231666.28  5.50%  28.7 2465s
 189218 67016 1256317.40   30  208 1303373.81 1231805.94  5.49%  28.7 2470s
 190740 67383 1253365.96   30  176 1303373.81 1231955.64  5.48%  28.7 2475s
 192331 67777 1298656.52   35  158 1303373.81 1232103.22  5.47%  28.7 2480s
 193966 68264 infeasible   37      1303373.81 1232259.42  5.46%  28.7 2485s
 195293 68687 1273044.36   34  205 1303373.81 1232389.49  5.45%  28.7 2490s
 197127 69191 1280802.15   28  218 1303373.81 1232553.86  5.43%  28.7 2495s
 198585 69664 1257752.64   31  186 1303373.81 1232696.79  5.42%  28.7 2500s
 200126 70045 1241728.07   23  198 1303373.81 1232830.83  5.41%  28.7 2505s
 201843 70518 1247841.23   29  184 1303373.81 1232991.70  5.40%  28.7 2510s
 203393 70978 1273534.63   36  193 1303373.81 1233125.14  5.39%  28.7 2515s
 204890 71377 1274188.63   36  200 1303373.81 1233269.19  5.38%  28.7 2520s
 206275 71751     cutoff   30      1303373.81 1233382.94  5.37%  28.7 2525s
 207975 72238     cutoff   38      1303373.81 1233537.86  5.36%  28.7 2530s
 209741 72703 1287295.59   29  167 1303373.81 1233708.24  5.35%  28.7 2535s
 211252 73093     cutoff   29      1303373.81 1233839.99  5.33%  28.7 2540s
 212782 73537 1243618.22   30  204 1303373.81 1233948.68  5.33%  28.7 2545s
 214532 74037 1288432.20   32  164 1303373.81 1234109.76  5.31%  28.7 2550s
 216055 74512     cutoff   36      1303373.81 1234222.45  5.31%  28.7 2555s
 217569 74900 1260554.99   32  171 1303373.81 1234324.08  5.30%  28.7 2560s
 218964 75278 1275130.36   34  205 1303373.81 1234453.57  5.29%  28.7 2565s
 220502 75640 1250981.67   29  208 1303373.81 1234571.16  5.28%  28.7 2570s
 221915 76021 1295223.63   37  157 1303373.81 1234694.90  5.27%  28.7 2575s
 223892 76618     cutoff   41      1303373.81 1234859.95  5.26%  28.7 2580s
 225405 77051 1290308.48   31  206 1303373.81 1234974.76  5.25%  28.7 2585s
 226961 77513 1302324.60   35  161 1303373.81 1235104.78  5.24%  28.6 2590s
H227507 77697                    1303369.3251 1235153.38  5.23%  28.6 2592s
 228482 77885 1267844.02   33  163 1303369.33 1235244.90  5.23%  28.6 2595s
 230004 78297 1258920.92   30  178 1303369.33 1235397.63  5.22%  28.6 2600s
 231568 78738 1256603.99   30  171 1303369.33 1235520.82  5.21%  28.6 2605s
H232787 79052                    1303369.2698 1235614.67  5.20%  28.6 2609s
 233101 79132 1283749.11   33  157 1303369.27 1235652.70  5.20%  28.6 2610s
 234596 79541 1247093.83   31  203 1303369.27 1235799.57  5.18%  28.6 2615s
 235433 79801     cutoff   37      1303369.27 1235851.89  5.18%  28.6 2620s
 236913 80214 1294869.92   34  212 1303369.27 1235953.83  5.17%  28.6 2625s
 238520 80614 1266653.16   31  170 1303369.27 1236098.86  5.16%  28.5 2630s
 240153 81011 1253979.62   32  209 1303369.27 1236210.79  5.15%  28.5 2635s
 241853 81507 1259859.20   31  216 1303369.27 1236330.49  5.14%  28.5 2640s
 243507 81948     cutoff   40      1303369.27 1236433.96  5.14%  28.5 2645s
 245370 82411 1242916.43   28  176 1303369.27 1236551.65  5.13%  28.5 2650s
 246737 82768     cutoff   30      1303369.27 1236630.60  5.12%  28.5 2655s
 248344 83145 1262963.30   28  178 1303369.27 1236746.51  5.11%  28.5 2660s
 250178 83604 1267532.27   30  207 1303369.27 1236883.38  5.10%  28.5 2665s
 251799 84015     cutoff   35      1303369.27 1236998.73  5.09%  28.5 2670s
 253383 84388 1289604.72   27  183 1303369.27 1237120.87  5.08%  28.5 2675s
 255016 84759 1284739.03   35  199 1303369.27 1237251.01  5.07%  28.4 2680s
 256766 85248 1271993.32   33  203 1303369.27 1237385.50  5.06%  28.4 2685s
 258327 85662 1272560.84   32  164 1303369.27 1237473.74  5.06%  28.4 2690s
 259905 86044 1255438.89   28  213 1303369.27 1237591.30  5.05%  28.4 2695s
 261829 86522 1298761.30   30  212 1303369.27 1237717.13  5.04%  28.4 2700s
 263312 86936 1264921.72   30  215 1303369.27 1237831.92  5.03%  28.4 2705s
 264903 87285     cutoff   34      1303369.27 1237947.63  5.02%  28.4 2710s
 266738 87720 1251966.22   27  221 1303369.27 1238076.14  5.01%  28.4 2715s
 268256 88068 1273593.33   28  212 1303369.27 1238161.88  5.00%  28.4 2720s
 270213 88529 1282431.02   32  215 1303369.27 1238285.26  4.99%  28.3 2725s
 271820 88949 1267805.43   30  209 1303369.27 1238381.58  4.99%  28.3 2730s
 273319 89313     cutoff   29      1303369.27 1238497.83  4.98%  28.3 2735s
 275236 89794 1284908.87   31  169 1303369.27 1238608.35  4.97%  28.3 2742s
 276476 90103     cutoff   35      1303369.27 1238684.64  4.96%  28.3 2745s
 278015 90501 1271229.82   30  214 1303369.27 1238807.14  4.95%  28.3 2750s
 279509 90906 1288827.48   43  183 1303369.27 1238895.85  4.95%  28.3 2755s
 281323 91366 1262826.00   28  216 1303369.27 1239028.24  4.94%  28.3 2760s
 282938 91743     cutoff   38      1303369.27 1239127.15  4.93%  28.3 2765s
 284570 92146 1283308.85   29  173 1303369.27 1239248.33  4.92%  28.3 2770s
 286367 92582 1271005.18   33  179 1303369.27 1239360.32  4.91%  28.3 2775s
 287980 92972 1279282.04   29  213 1303369.27 1239464.83  4.90%  28.3 2780s
 289828 93441     cutoff   33      1303369.27 1239577.50  4.89%  28.2 2785s
 291639 93885 1277074.98   35  199 1303369.27 1239717.98  4.88%  28.2 2790s
 293096 94228     cutoff   38      1303369.27 1239800.65  4.88%  28.2 2795s
 294618 94595     cutoff   32      1303369.27 1239910.91  4.87%  28.2 2800s
 296145 95026 1275395.99   32  197 1303369.27 1239994.28  4.86%  28.2 2805s
 298050 95425 1247041.97   34  208 1303369.27 1240117.96  4.85%  28.2 2810s
 299502 95772 1249618.95   26  189 1303369.27 1240211.13  4.85%  28.2 2815s
 301111 96129 1272698.71   31  164 1303369.27 1240282.99  4.84%  28.2 2820s
 302646 96487     cutoff   32      1303369.27 1240384.32  4.83%  28.2 2825s
 304406 96870 1283886.37   35  153 1303369.27 1240482.37  4.82%  28.2 2830s
 305853 97225 1275528.34   39  185 1303369.27 1240567.23  4.82%  28.2 2835s
 307345 97604 1283994.45   31  208 1303369.27 1240680.54  4.81%  28.2 2840s
 308888 97950 1282327.22   35  159 1303369.27 1240770.96  4.80%  28.2 2845s
 310325 98242 1267377.57   27  187 1303369.27 1240852.45  4.80%  28.2 2850s
 311925 98522 1283304.96   31  166 1303369.27 1240938.21  4.79%  28.2 2855s
H313217 98460                    1302049.1364 1241011.23  4.69%  28.2 2858s
H313409 98545                    1302049.1292 1241019.45  4.69%  28.2 2859s
H313411 98326                    1301490.4281 1241021.86  4.65%  28.2 2859s
H313717 98387                    1301481.5875 1241050.19  4.64%  28.1 2860s
H314391 98476                    1301437.2002 1241082.71  4.64%  28.1 2863s
 314822 98637 1254987.66   24  191 1301437.20 1241114.70  4.64%  28.1 2865s
 316248 98891     cutoff   34      1301437.20 1241198.23  4.63%  28.1 2870s
H316249 98880                    1301393.0263 1241198.23  4.63%  28.1 2870s
H317691 99088                    1301386.2967 1241268.94  4.62%  28.1 2874s
 317860 99146 1275983.91   32  203 1301386.30 1241289.72  4.62%  28.1 2875s
H318704 99259                    1301361.7360 1241328.54  4.61%  28.1 2877s
 319556 99424 1293949.57   31  179 1301361.74 1241380.45  4.61%  28.1 2880s
H320002 99496                    1301353.3887 1241407.98  4.61%  28.1 2881s
 321013 99775 1279319.51   35  200 1301353.39 1241465.71  4.60%  28.1 2885s
 322569 100055 1277360.75   24  191 1301353.39 1241544.52  4.60%  28.1 2890s
H323959 100269                    1301329.9801 1241615.38  4.59%  28.1 2894s
 324131 100335     cutoff   32      1301329.98 1241632.11  4.59%  28.1 2895s
 325398 100545     cutoff   33      1301329.98 1241697.76  4.58%  28.1 2902s
 326105 100705 1284892.60   24  188 1301329.98 1241738.18  4.58%  28.1 2905s
 327536 101004 1286467.18   37  156 1301329.98 1241814.22  4.57%  28.1 2910s
 329110 101321     cutoff   35      1301329.98 1241900.44  4.57%  28.1 2915s
 330658 101591 1246407.98   30  172 1301329.98 1241995.27  4.56%  28.1 2920s
 332422 101945     cutoff   34      1301329.98 1242107.27  4.55%  28.1 2925s
H332853 101994                    1301315.8682 1242126.01  4.55%  28.1 2926s
 333942 102284 1273047.83   39  174 1301315.87 1242202.42  4.54%  28.1 2930s
 335358 102645 1256595.60   33  167 1301315.87 1242287.65  4.54%  28.1 2935s
 336830 102945 1274617.84   32  183 1301315.87 1242368.32  4.53%  28.1 2940s
 338791 103330     cutoff   35      1301315.87 1242462.43  4.52%  28.1 2945s
 340464 103681 1253178.13   37  159 1301315.87 1242567.59  4.51%  28.1 2950s
 341100 103750 1283039.06   32  166 1301315.87 1242604.72  4.51%  28.1 2955s
 342286 104033 1278765.83   36  157 1301315.87 1242658.28  4.51%  28.1 2960s
 343818 104351 1286535.67   28  215 1301315.87 1242754.67  4.50%  28.1 2965s
 345436 104648 1292609.71   33  170 1301315.87 1242842.76  4.49%  28.1 2970s
H345772 104660                    1301315.8677 1242858.66  4.49%  28.1 2971s
H345780 104660                    1301315.8671 1242858.66  4.49%  28.1 2971s
 347092 104909 1277502.53   33  159 1301315.87 1242933.37  4.49%  28.1 2975s
H348064 105071                    1301315.8665 1242983.64  4.48%  28.1 2978s
 348724 105178 1264888.72   28  190 1301315.87 1243013.30  4.48%  28.1 2980s
H350507 105528                    1301288.8637 1243120.82  4.47%  28.1 2984s
H350654 105498                    1301239.7200 1243137.85  4.47%  28.1 2984s
 350791 105578 1261653.33   28  213 1301239.72 1243138.66  4.47%  28.1 2985s
 352234 105862 1266910.03   29  182 1301239.72 1243223.43  4.46%  28.1 2990s
 354015 106219     cutoff   33      1301239.72 1243324.24  4.45%  28.1 2995s
H354697 106334                    1301237.8782 1243370.37  4.45%  28.1 2997s
 355640 106492 1273402.66   30  209 1301237.88 1243429.55  4.44%  28.1 3000s
 357192 106798 1291102.63   31  151 1301237.88 1243532.58  4.43%  28.1 3005s
 359096 107177 1259341.57   31  216 1301237.88 1243640.92  4.43%  28.1 3010s
 360648 107486     cutoff   35      1301237.88 1243719.03  4.42%  28.1 3015s
 362811 107916 1280598.73   32  202 1301237.88 1243811.64  4.41%  28.0 3020s
 365236 108461 1283227.12   32  209 1301237.88 1243931.73  4.40%  28.0 3025s
 368011 108945 1267533.89   34  206 1301237.88 1244075.88  4.39%  28.0 3030s
 370527 109350 1286222.32   32  160 1301237.88 1244222.86  4.38%  28.0 3035s
 373312 109860 1274646.65   29  220 1301237.88 1244354.26  4.37%  28.0 3040s
 375969 110439 1267209.47   25  218 1301237.88 1244498.74  4.36%  28.0 3045s
 378144 110871 1254094.41   24  191 1301237.88 1244610.52  4.35%  28.0 3050s
 379531 111144     cutoff   34      1301237.88 1244683.52  4.35%  28.0 3055s
H381332 111517                    1301235.2941 1244767.31  4.34%  28.0 3060s
 382851 111732     cutoff   33      1301235.29 1244847.44  4.33%  28.0 3065s
H383274 111771                    1301230.0530 1244860.53  4.33%  28.0 3066s
H383434 111827                    1301218.7005 1244876.94  4.33%  28.0 3067s
 384361 111993 1247725.33   33  181 1301218.70 1244932.20  4.33%  28.0 3070s
 384939 112072     cutoff   31      1301218.70 1244954.98  4.32%  28.0 3075s
 386451 112327 1290731.99   35  145 1301218.70 1245034.34  4.32%  28.0 3080s
 388005 112569 1273905.02   30  181 1301218.70 1245117.92  4.31%  28.0 3085s
 389636 112814 1271118.83   29  213 1301218.70 1245196.88  4.31%  28.0 3090s
 391473 113182 infeasible   35      1301218.70 1245296.13  4.30%  28.0 3095s
 393114 113445 infeasible   35      1301218.70 1245368.99  4.29%  28.0 3100s
 394724 113721     cutoff   39      1301218.70 1245456.95  4.29%  28.0 3105s
 396514 113980 1291922.09   32  202 1301218.70 1245564.37  4.28%  28.0 3110s
 398189 114244 1284774.61   36  171 1301218.70 1245645.48  4.27%  28.0 3115s
 400034 114586 1264015.19   31  211 1301218.70 1245751.78  4.26%  28.0 3120s
 401629 114850     cutoff   34      1301218.70 1245843.18  4.26%  28.0 3125s
 403486 115240     cutoff   31      1301218.70 1245934.42  4.25%  28.0 3130s
 405352 115495 1290942.02   24  223 1301218.70 1246018.57  4.24%  28.0 3135s
 406962 115737 1284051.82   34  209 1301218.70 1246092.55  4.24%  28.0 3140s
 408842 116052     cutoff   28      1301218.70 1246186.60  4.23%  27.9 3145s
 410693 116370 1272294.84   30  181 1301218.70 1246285.51  4.22%  27.9 3150s
 412169 116623 1267285.40   32  207 1301218.70 1246353.72  4.22%  27.9 3155s
 413997 116913 1267395.53   31  169 1301218.70 1246434.22  4.21%  27.9 3160s
 415779 117176     cutoff   30      1301218.70 1246523.53  4.20%  27.9 3165s
 417640 117491     cutoff   36      1301218.70 1246615.68  4.20%  27.9 3170s
 419105 117755     cutoff   35      1301218.70 1246679.98  4.19%  27.9 3175s
 420926 118038     cutoff   37      1301218.70 1246768.19  4.18%  27.9 3180s
 422897 118305 1279695.55   31  170 1301218.70 1246849.50  4.18%  27.9 3185s
 425121 118608     cutoff   38      1301218.70 1246950.09  4.17%  27.9 3190s
 426909 118915 1296425.32   34  160 1301218.70 1247029.91  4.16%  27.9 3195s
 428510 119208 1252578.56   26  190 1301218.70 1247104.55  4.16%  27.9 3200s
 430379 119499 1297425.92   40  179 1301218.70 1247192.01  4.15%  27.9 3205s
 432292 119819 1278550.26   35  194 1301218.70 1247275.44  4.15%  27.9 3210s
 433750 120093 1287472.20   36  155 1301218.70 1247346.43  4.14%  27.9 3215s
 435525 120396 1295877.72   31  156 1301218.70 1247426.92  4.13%  27.9 3220s
 437260 120650 1262400.19   35  199 1301218.70 1247500.89  4.13%  27.9 3225s
 438693 120852 1290501.19   35  195 1301218.70 1247557.85  4.12%  27.9 3230s
 440503 121173 1300596.18   84  136 1301218.70 1247624.03  4.12%  27.8 3235s
 442397 121424 1263818.61   35  204 1301218.70 1247712.16  4.11%  27.8 3240s
 443885 121684 1265911.64   31  167 1301218.70 1247786.09  4.11%  27.8 3245s
 445727 122007 1296962.07   28  218 1301218.70 1247860.17  4.10%  27.8 3250s
H447627 122286                    1301203.2873 1247945.16  4.09%  27.8 3255s
 448972 122487 1279586.63   32  207 1301203.29 1248013.08  4.09%  27.8 3260s
 450575 122699     cutoff   31      1301203.29 1248092.27  4.08%  27.8 3265s
 452471 123051 1270440.19   34  205 1301203.29 1248167.78  4.08%  27.8 3270s
 454041 123311 1296992.72   38  162 1301203.29 1248241.11  4.07%  27.8 3275s
H456126 123578                    1301184.3432 1248337.43  4.06%  27.8 3279s
 456582 123674 1296899.40   33  184 1301184.34 1248350.40  4.06%  27.8 3280s
 457768 123852 1287294.18   33  201 1301184.34 1248401.32  4.06%  27.8 3285s
 459227 124062 1270446.28   32  161 1301184.34 1248465.96  4.05%  27.8 3290s
H459696 124078                    1301184.3267 1248489.21  4.05%  27.8 3291s
 460825 124228 1261658.87   33  165 1301184.33 1248539.40  4.05%  27.8 3295s
 462717 124511     cutoff   33      1301184.33 1248622.54  4.04%  27.8 3300s
 464646 124776     cutoff   33      1301184.33 1248706.28  4.03%  27.8 3305s
 466570 125065 1300824.55   48  122 1301184.33 1248773.99  4.03%  27.8 3310s
 468343 125308 1287016.17   33  204 1301184.33 1248851.34  4.02%  27.8 3315s
 469914 125556 1275351.25   34  152 1301184.33 1248914.24  4.02%  27.8 3320s
 471682 125808     cutoff   34      1301184.33 1248983.35  4.01%  27.8 3325s
 473106 125997     cutoff   36      1301184.33 1249053.09  4.01%  27.8 3330s
 474880 126231 1287162.09   34  199 1301184.33 1249122.98  4.00%  27.8 3335s
 476424 126569     cutoff   32      1301184.33 1249177.70  4.00%  27.8 3340s
 478153 126795 1275632.95   33  201 1301184.33 1249256.04  3.99%  27.8 3345s
 479906 127056 1270421.85   32  166 1301184.33 1249329.11  3.99%  27.8 3350s
 481733 127327 1265819.17   34  204 1301184.33 1249397.08  3.98%  27.8 3355s
 483241 127558 1263338.99   34  174 1301184.33 1249458.93  3.98%  27.8 3360s
 485047 127779 1279812.35   31  212 1301184.33 1249531.92  3.97%  27.8 3365s
 486730 128036 1284421.46   35  154 1301184.33 1249607.21  3.96%  27.8 3370s
 488558 128272 1285368.93   32  182 1301184.33 1249685.72  3.96%  27.8 3375s
 490028 128490     cutoff   27      1301184.33 1249739.28  3.95%  27.8 3380s
 491852 128674 1294371.84   34  158 1301184.33 1249808.41  3.95%  27.8 3385s
 493401 128886 1252477.87   29  186 1301184.33 1249865.99  3.94%  27.8 3390s
 495169 129139 1281824.91   32  164 1301184.33 1249935.35  3.94%  27.8 3395s
 497027 129405     cutoff   44      1301184.33 1249996.72  3.93%  27.8 3400s
 498802 129647     cutoff   36      1301184.33 1250072.29  3.93%  27.8 3405s
 501137 129911 1273596.32   29  210 1301184.33 1250175.39  3.92%  27.8 3410s
 503876 130281     cutoff   41      1301184.33 1250286.49  3.91%  27.8 3415s
 506653 130600     cutoff   33      1301184.33 1250399.29  3.90%  27.8 3420s
 508921 130894     cutoff   39      1301184.33 1250488.65  3.90%  27.8 3425s
 510635 131158 1300863.02   28  166 1301184.33 1250553.78  3.89%  27.8 3430s
 512458 131342 1268941.53   34  161 1301184.33 1250632.52  3.89%  27.9 3435s
 514009 131539 1262689.03   31  197 1301184.33 1250688.82  3.88%  27.9 3440s
 515852 131760 1296276.43   29  171 1301184.33 1250758.32  3.88%  27.9 3445s
 517663 131988 1274417.98   28  175 1301184.33 1250836.87  3.87%  27.9 3450s
 519483 132192 1296939.21   37  191 1301184.33 1250916.90  3.86%  27.9 3456s
 521030 132416     cutoff   35      1301184.33 1250969.21  3.86%  27.9 3460s
 522711 132624     cutoff   31      1301184.33 1251036.05  3.85%  27.9 3465s
H523552 132672                    1301173.4541 1251067.80  3.85%  27.9 3467s
 524218 132814 1277617.83   31  158 1301173.45 1251097.04  3.85%  27.9 3470s
 526011 133040     cutoff   33      1301173.45 1251171.23  3.84%  27.9 3475s
 527835 133217     cutoff   31      1301173.45 1251243.24  3.84%  27.9 3480s
 528747 133303 1281955.00   41  148 1301173.45 1251281.26  3.83%  27.9 3485s
 530250 133480 1276725.14   31  206 1301173.45 1251335.52  3.83%  27.9 3490s
 532106 133736 1292672.51   34  160 1301173.45 1251398.25  3.83%  27.9 3495s
 533938 133959 1273137.01   33  178 1301173.45 1251464.46  3.82%  27.9 3500s
 535567 134114 1276759.98   37  198 1301173.45 1251530.19  3.82%  27.9 3505s
 537516 134413 1281148.68   30  180 1301173.45 1251597.55  3.81%  27.9 3510s
 540376 134744 1295415.40   39  155 1301173.45 1251700.88  3.80%  27.9 3515s
 542799 135009 1258041.45   33  173 1301173.45 1251790.91  3.80%  27.9 3520s
 545643 135373 1257391.36   36  205 1301173.45 1251891.62  3.79%  27.9 3525s
 547357 135558     cutoff   36      1301173.45 1251952.71  3.78%  27.9 3530s
 549460 135817     cutoff   33      1301173.45 1252038.86  3.78%  27.9 3535s
 551284 136051 1264821.81   34  175 1301173.45 1252103.19  3.77%  27.9 3540s
 552810 136219 1271967.91   32  163 1301173.45 1252158.39  3.77%  27.9 3545s
 554601 136441 1282361.47   30  173 1301173.45 1252224.33  3.76%  27.9 3550s
 556470 136645 1287176.20   31  207 1301173.45 1252309.97  3.76%  27.9 3555s
 558343 136873 1281195.79   32  161 1301173.45 1252371.87  3.75%  27.9 3560s
 559863 137042     cutoff   32      1301173.45 1252425.75  3.75%  27.9 3565s
 561741 137267 1282468.01   25  182 1301173.45 1252483.94  3.74%  27.9 3570s
 563309 137447 1297712.63   29  211 1301173.45 1252541.40  3.74%  27.9 3575s
 565122 137688 1268181.12   34  200 1301173.45 1252609.93  3.73%  27.9 3580s
 566604 137857 1272572.40   34  167 1301173.45 1252657.35  3.73%  28.0 3585s
 568167 138043 1269081.81   31  209 1301173.45 1252715.86  3.72%  28.0 3590s
 570028 138225     cutoff   34      1301173.45 1252775.45  3.72%  28.0 3595s
 571792 138392     cutoff   43      1301173.45 1252835.99  3.71%  28.0 3600s

Cutting planes:
  Gomory: 29
  Implied bound: 41
  MIR: 185
  Flow cover: 559
  Inf proof: 18
  RLT: 152
  Relax-and-lift: 1

Explored 571794 nodes (15988533 simplex iterations) in 3600.07 seconds (1768.80 work units)
Thread count was 2 (of 24 available processors)

Solution count 10: 1.30117e+06 1.30118e+06 1.30118e+06 ... 1.30129e+06

Time limit reached
Best objective 1.301173454124e+06, best bound 1.252835991945e+06, gap 3.7149%
