
Gurobi 11.0.3 (linux64, Java) logging started sáb 23 nov 2024 03:47:29 -03

Set parameter Username
Academic license - for non-commercial use only - expires 2025-10-10
Set parameter NonConvex to value 2
Set parameter TimeLimit to value 3600
Set parameter LogToConsole to value 0
Set parameter MIPGap to value 2.5029985070196468e-07
Set parameter Threads to value 2
Set parameter NodefileDir to value "/home/ps12398/experiment_hosp/goalProgrammingMarcos/"
Set parameter NodefileStart to value 1
Gurobi Optimizer version 11.0.3 build v11.0.3rc0 (linux64)

CPU model: Intel(R) Xeon(R) CPU           X5650  @ 2.67GHz, instruction set [SSE2]
Thread count: 12 physical cores, 24 logical processors, using up to 2 threads

Optimize a model with 57864 rows, 39068 columns and 204686 nonzeros
Model fingerprint: 0x05641465
Model has 144 quadratic constraints
Variable types: 19466 continuous, 19602 integer (139 binary)
Coefficient statistics:
  Matrix range     [7e-03, 6e+05]
  QMatrix range    [7e-03, 2e+04]
  QLMatrix range   [1e+00, 2e+04]
  Objective range  [2e+00, 8e+06]
  Bounds range     [1e+00, 1e+08]
  RHS range        [1e+00, 9e+05]
  QRHS range       [3e-02, 3e-02]
Presolve removed 57417 rows and 38331 columns
Presolve time: 0.15s
Presolved: 1153 rows, 958 columns, 26953 nonzeros
Presolved model has 2 SOS constraint(s)
Presolved model has 139 bilinear constraint(s)

Solving non-convex MIQCP

Variable types: 461 continuous, 497 integer (141 binary)
Found heuristic solution: objective 2690187.0595

Root relaxation: objective 0.000000e+00, 204 iterations, 0.01 seconds (0.00 work units)

    Nodes    |    Current Node    |     Objective Bounds      |     Work
 Expl Unexpl |  Obj  Depth IntInf | Incumbent    BestBd   Gap | It/Node Time

     0     0    0.00000    0  188 2690187.06    0.00000   100%     -    0s
H    0     0                    2639275.6084    0.00000   100%     -    0s
     0     0    0.00000    0  236 2639275.61    0.00000   100%     -    0s
     0     0    0.00000    0  232 2639275.61    0.00000   100%     -    0s
     0     0 97423.8561    0  242 2639275.61 97423.8561  96.3%     -    0s
     0     0 129757.352    0  259 2639275.61 129757.352  95.1%     -    0s
     0     0 142222.357    0  296 2639275.61 142222.357  94.6%     -    0s
H    0     0                    2599828.1282 151297.629  94.2%     -    0s
     0     0 151297.629    0  297 2599828.13 151297.629  94.2%     -    0s
     0     0 151297.629    0  291 2599828.13 151297.629  94.2%     -    1s
H    0     0                    1546910.2020 151297.629  90.2%     -    1s
     0     0 151297.629    0  290 1546910.20 151297.629  90.2%     -    1s
     0     0 172814.961    0  286 1546910.20 172814.961  88.8%     -    1s
     0     0 174022.627    0  293 1546910.20 174022.627  88.8%     -    1s
     0     0 175458.490    0  291 1546910.20 175458.490  88.7%     -    1s
     0     0 176804.879    0  292 1546910.20 176804.879  88.6%     -    1s
     0     0 177938.160    0  291 1546910.20 177938.160  88.5%     -    1s
     0     0 180421.039    0  292 1546910.20 180421.039  88.3%     -    1s
     0     0 181430.875    0  292 1546910.20 181430.875  88.3%     -    1s
     0     0 181595.666    0  294 1546910.20 181595.666  88.3%     -    1s
     0     0 183859.361    0  294 1546910.20 183859.361  88.1%     -    1s
     0     0 184294.378    0  292 1546910.20 184294.378  88.1%     -    1s
     0     0 184628.034    0  292 1546910.20 184628.034  88.1%     -    1s
     0     0 184968.154    0  292 1546910.20 184968.154  88.0%     -    1s
     0     2 184968.154    0  292 1546910.20 184968.154  88.0%     -    1s
H   63    73                    1199135.0332 187852.613  84.3%  22.4    2s
H  221   267                    1188767.8024 187852.613  84.2%  15.6    3s
H  797   808                    894660.60705 187852.613  79.0%   6.8    4s
H 1159  1190                    894202.00077 187852.613  79.0%   5.9    4s
  1222  1281 567275.332  555  151 894202.001 187852.613  79.0%   5.8    5s
H 1451  1472                    890180.63533 187852.613  78.9%   5.9    5s
H 1470  1472                    856191.29949 187852.613  78.1%   5.9    5s
H 1752  1758                    855311.16141 187852.613  78.0%   5.3    5s
H 1984  2004                    855198.98784 187852.613  78.0%   5.0    6s
H 2300  2337                    853790.16926 187852.613  78.0%   4.5    6s
H 2720  2722                    848437.37594 187852.613  77.9%   4.0    7s
H 2799  2801                    844559.54558 187852.613  77.8%   3.9    7s
H 3278  3340                    843985.97430 187852.613  77.7%   3.6    8s
  3615  3615 573793.547  732  190 843985.974 187852.613  77.7%   4.0   10s
H 3653  3458                    838008.68904 221298.341  73.6%   4.4   14s
H 3659  3289                    827752.17934 224244.183  72.9%   4.4   14s
  3662  3291 711866.634 1026  188 827752.179 224244.183  72.9%   4.4   15s
  3723  3335 295573.426   40  232 827752.179 232086.554  72.0%   5.3   20s
  3786  3382 406458.579   55  187 827752.179 232086.554  72.0%   5.7   25s
H 3788  3215                    824785.24492 232086.554  71.9%   5.7   25s
H 3806  3076                    824772.13721 232086.554  71.9%   5.8   25s
H 3893  2979                    823605.03387 232086.554  71.8%   5.9   26s
H 3999  2910                    812559.60169 232086.554  71.4%   5.8   27s
H 4226  2970                    811997.35454 232086.554  71.4%   6.6   28s
H 4400  2961                    811817.71525 232086.554  71.4%   7.2   29s
  4598  3122 579100.407  258  154 811817.715 232086.554  71.4%   7.2   30s
H 4972  3245                    809860.75334 232086.554  71.3%   8.0   30s
H 5051  3185                    809851.58343 232086.554  71.3%   8.2   31s
H 5727  3474                    778719.19933 232086.554  70.2%   9.1   33s
H 5874  3551                    777569.59487 232086.554  70.2%   9.7   33s
H 6115  3520                    776619.00264 232086.554  70.1%  10.4   34s
H 6138  3418                    774622.67520 232086.554  70.0%  10.6   34s
H 6253  3437                    759022.92637 232086.554  69.4%  10.6   34s
H 6285  3403                    759007.93863 232086.554  69.4%  10.8   35s
H 6462  3410                    756031.97071 232086.554  69.3%  11.0   35s
  7678  4336 745312.250 1287  132 756031.971 232086.554  69.3%  15.9   40s
H 8156  4518                    755066.69813 232086.554  69.3%  18.1   41s
H 8954  5336                    755066.69342 232086.554  69.3%  21.3   44s
  9122  5611 740989.159 1731  115 755066.693 232086.554  69.3%  22.0   45s
H 9294  5781                    754925.67440 232086.554  69.3%  22.6   46s
H 9464  5979                    754722.67818 232086.554  69.2%  23.2   46s
H10289  6712                    754309.39209 232181.651  69.2%  24.1   49s
 10707  7139 601858.805  211  157 754309.392 232181.651  69.2%  24.0   50s
H10772  7139                    754292.35386 232181.651  69.2%  24.2   50s
H10836  5905                    746679.98810 232181.651  68.9%  24.2   50s
 12226  7564 649543.108  540  153 746679.988 232181.651  68.9%  26.6   55s
H12804  8065                    746591.32069 232181.651  68.9%  26.3   56s
H13049  8056                    746060.90469 232181.651  68.9%  26.2   56s
H14355  9054                    745066.23436 232181.651  68.8%  25.1   59s
 14710  9478 252597.170   41  286 745066.234 232190.875  68.8%  24.9   60s
H14743  9420                    741513.65123 232190.875  68.7%  24.9   60s
H15304 10178                    741188.85729 232190.875  68.7%  24.3   63s
 16036 10768 587326.934  251  149 741188.857 232190.875  68.7%  23.6   65s
H16226 10746                    737635.95565 232190.875  68.5%  23.5   65s
H17086 11637                    735439.27382 232190.875  68.4%  23.2   67s
 17889 12368 658816.573  809  150 735439.274 232190.875  68.4%  23.1   70s
H18127 12396                    732699.37897 232190.875  68.3%  23.0   71s
H18563 10993                    724402.27897 232190.875  67.9%  22.7   72s
H18621 11095                    723765.61947 234306.658  67.6%  22.7   73s
 19329 11868 564167.873  155  154 723765.619 234306.658  67.6%  22.4   75s
H19940 12373                    722901.25352 234306.658  67.6%  22.2   77s
H20883 13261                    722788.53506 234306.658  67.6%  21.6   79s
 21037 13421 714361.790  581  132 722788.535 234340.352  67.6%  21.5   80s
 22994 15607 663169.748 1001  131 722788.535 234340.352  67.6%  20.8   85s
H24293 16682                    722737.10060 234340.352  67.6%  20.0   87s
H24424 16660                    722279.66936 234340.352  67.6%  19.9   87s
H25277 17576                    718661.10572 234340.352  67.4%  19.5   89s
 25724 17980 709956.665 2868  123 718661.106 234837.275  67.3%  19.2   90s
H26998 18872                    717554.89017 235013.881  67.2%  18.9   93s
 27990 20050 679213.379  496  158 717554.890 235013.881  67.2%  18.6   95s
H28512 19852                    713137.13598 235013.881  67.0%  18.4   96s
H29302 20524                    712773.53468 235693.705  66.9%  18.2   98s
 29779 21114 648860.221  392  127 712773.535 235948.594  66.9%  18.2  100s
H29964 20161                    706876.51724 235948.594  66.6%  18.1  100s
 31564 21941 575767.254  217  153 706876.517 236301.796  66.6%  17.8  105s
 33832 24031 628638.143  702  133 706876.517 236301.796  66.6%  17.2  110s
 36034 26222 636422.005 1221  126 706876.517 236301.796  66.6%  16.7  115s
H36883 26739                    706783.38828 236301.796  66.6%  16.7  117s
H37728 27457                    706716.22265 237613.678  66.4%  16.6  119s
 37768 27506 551991.742   61  202 706716.223 237613.678  66.4%  16.6  120s
H37795 27475                    706542.85314 237613.678  66.4%  16.6  120s
H38134 27960                    706453.31043 237614.516  66.4%  16.6  121s
H39336 28873                    706305.11852 237614.516  66.4%  16.3  124s
 39842 29076     cutoff  753      706305.119 237614.516  66.4%  16.4  125s
H39992 29019                    705542.40983 237614.516  66.3%  16.5  125s
 41823 30844 703340.367  344  153 705542.410 241321.952  65.8%  16.2  130s
 43445 32051 696136.044  237  145 705542.410 241337.665  65.8%  16.2  135s
H44347 32308                    705349.94139 241337.665  65.8%  16.2  137s
 45400 33120 551721.738  195  150 705349.941 241760.415  65.7%  16.1  141s
 46995 34486 680049.218  482  155 705349.941 243582.215  65.5%  15.9  145s
H47098 34423                    704786.35840 243582.215  65.4%  15.9  145s
 48912 36076 417192.203   66  206 704786.358 243899.105  65.4%  15.7  150s
 50810 38050 648866.323  335  144 704786.358 243938.499  65.4%  15.5  155s
H52629 39386                    704657.57082 244328.232  65.3%  15.3  158s
 53245 40120 358821.731   51  238 704657.571 244367.572  65.3%  15.2  160s
H53528 40209                    704620.54398 244367.572  65.3%  15.2  161s
H54695 41459                    704431.38095 244620.415  65.3%  15.1  165s
H55719 42254                    704431.37414 245101.295  65.2%  15.0  166s
H55751 42232                    704172.68350 245101.295  65.2%  15.0  166s
H55803 42053                    702345.00046 245101.295  65.1%  15.0  167s
H56277 42663                    702344.97886 245486.568  65.0%  14.9  168s
 56993 43182     cutoff  223      702344.979 245584.955  65.0%  14.8  170s
H57407 43539                    702200.58734 245584.955  65.0%  14.8  171s
 58890 45082 682457.004  652  121 702200.587 245584.955  65.0%  14.7  175s
 61030 47340 568345.140  344  155 702200.587 247367.624  64.8%  14.5  180s
 63589 49466 649404.237  400  151 702200.587 247720.581  64.7%  14.3  185s
 65828 51497 685667.135  361  141 702200.587 248215.978  64.7%  14.1  190s
 68659 54149 646780.570  667  132 702200.587 248215.978  64.7%  13.9  195s
 71027 56433 670025.606 1324  128 702200.587 248215.978  64.7%  13.7  200s
 73724 58957 686984.109 2030  132 702200.587 248215.978  64.7%  13.4  205s
 75876 60659 584983.915  330  158 702200.587 249375.680  64.5%  13.4  210s
 77958 62585 652751.086  178  148 702200.587 249414.845  64.5%  13.5  215s
 80273 64427 684581.424  537  121 702200.587 250144.665  64.4%  13.5  220s
 83385 67171 691595.214  170  146 702200.587 250884.061  64.3%  13.4  225s
 87042 70374 691097.708   87  164 702200.587 251431.841  64.2%  13.2  230s
 91012 73931 617482.440  401  149 702200.587 252020.103  64.1%  13.2  235s
 94354 76971 560390.870  147  159 702200.587 252661.916  64.0%  13.0  240s
 97084 79489 infeasible 1418      702200.587 252826.560  64.0%  12.9  245s
 99906 82185 549636.651  214  145 702200.587 253578.959  63.9%  12.8  250s
 102154 83984 340363.670   56  229 702200.587 254083.953  63.8%  12.8  255s
 104453 86069 668004.326  462  150 702200.587 254307.417  63.8%  12.8  260s
 106890 88421 589254.117  420  137 702200.587 254821.410  63.7%  12.7  265s
 109573 91098 560147.033  318  157 702200.587 255387.117  63.6%  12.6  270s
 112535 93771 689522.670  783  122 702200.587 255812.998  63.6%  12.5  275s
 115314 95951     cutoff  411      702200.587 256115.684  63.5%  12.4  280s
 117315 98051 662277.657  664  136 702200.587 256195.490  63.5%  12.4  285s
 120241 100597 539122.183   71  170 702200.587 256845.032  63.4%  12.3  290s
 124169 104197 610385.488  555  139 702200.587 257032.792  63.4%  12.2  295s
 127149 106993     cutoff  712      702200.587 257653.157  63.3%  12.1  300s
 130050 109642 687726.973  139  152 702200.587 257834.744  63.3%  12.1  305s
 133015 112482 652780.405  118  155 702200.587 258282.495  63.2%  12.0  310s
 135787 114991 564088.807  619  158 702200.587 258379.406  63.2%  11.8  315s
 138191 117002 659876.411  118  155 702200.587 258608.840  63.2%  11.9  320s
 140206 118259 645216.750  507  151 702200.587 258645.826  63.2%  11.9  325s
 142532 120389 492303.079   72  175 702200.587 258910.536  63.1%  11.9  330s
 145095 122716 545614.396  171  150 702200.587 259050.977  63.1%  11.8  335s
 147669 124948 658906.185  168  153 702200.587 259313.294  63.1%  11.8  340s
 150341 127536 312457.299   46  254 702200.587 259414.027  63.1%  11.8  345s
 152606 129443     cutoff  186      702200.587 259500.194  63.0%  11.8  350s
H153153 129956                    702185.77400 259500.194  63.0%  11.8  351s
 154932 131885 549892.796 1020  119 702185.774 259500.194  63.0%  11.8  355s
 157351 134117 679120.283  466  117 702185.774 259729.563  63.0%  11.8  360s
 160487 137048 677891.344  150  155 702185.774 259795.660  63.0%  11.7  365s
 162758 138867     cutoff  441      702185.774 260202.005  62.9%  11.7  370s
 165617 141544     cutoff  542      702185.774 260444.201  62.9%  11.6  375s
H166290 142107                    701709.98840 260448.816  62.9%  11.6  376s
H167361 143097                    701463.82461 260448.816  62.9%  11.6  377s
 168494 144094 349555.118   55  241 701463.825 260629.409  62.8%  11.5  380s
H168718 144239                    701187.14275 260629.409  62.8%  11.5  380s
 170491 145986 281913.398   48  261 701187.143 260846.449  62.8%  11.6  385s
H172047 147104                    700538.99179 261044.546  62.7%  11.5  387s
 173085 148209 598827.060  136  152 700538.992 261093.858  62.7%  11.5  390s
 175500 150370 513614.398 1017  145 700538.992 261189.107  62.7%  11.5  395s
 177517 152284 697105.074  901  116 700538.992 261212.705  62.7%  11.5  400s
 180125 154449 infeasible   88      700538.992 261387.350  62.7%  11.5  405s
 181932 155249 infeasible  504      700538.992 261387.350  62.7%  11.5  411s
 182867 155871 infeasible  621      700538.992 261533.815  62.7%  11.6  415s
 185256 158262 515870.152  144  157 700538.992 261864.360  62.6%  11.5  420s
 187484 160272 619181.227  218  154 700538.992 262009.475  62.6%  11.5  425s
 189737 162242 infeasible  123      700538.992 262356.234  62.5%  11.5  430s
H190134 162337                    700013.84391 262356.234  62.5%  11.5  430s
 191995 164234 681829.865  433  142 700013.844 262400.383  62.5%  11.5  435s
H192883 165102                    699921.11177 262438.116  62.5%  11.5  437s
 194462 166533 682257.284  272  147 699921.112 262618.837  62.5%  11.5  440s
 196702 168174 690386.676  217  148 699921.112 262781.306  62.5%  11.6  445s
 199361 170882 652834.636 1116  121 699921.112 262814.260  62.5%  11.6  450s
 201734 172855     cutoff  188      699921.112 262984.917  62.4%  11.6  455s
 204380 175570 606244.163  185  153 699921.112 263193.720  62.4%  11.5  460s
H205803 176689                    699863.27779 263226.955  62.4%  11.5  462s
 207195 177981 491579.060   70  191 699863.278 263367.676  62.4%  11.5  465s
 209707 180048 316264.460   57  249 699863.278 263562.415  62.3%  11.5  470s
H209850 180027                    699743.79211 263562.415  62.3%  11.5  470s
 212325 182360 610698.069  410  146 699743.792 263603.750  62.3%  11.4  475s
 214591 184235 679630.992  439  137 699743.792 263688.463  62.3%  11.4  480s
 216648 186168 622072.666   72  164 699743.792 263866.445  62.3%  11.4  485s
 219036 187940     cutoff  331      699743.792 264037.340  62.3%  11.4  490s
H219106 187934                    699661.27996 264050.797  62.3%  11.4  490s
 221155 190037 394641.500   54  227 699661.280 264139.535  62.2%  11.5  495s
 222969 191641     cutoff   74      699661.280 264236.190  62.2%  11.4  500s
 225584 194203 562562.032   69  175 699661.280 264394.905  62.2%  11.4  505s
 227721 196184 604244.327  102  161 699661.280 264605.136  62.2%  11.4  510s
*230417 196197            1087    694543.56684 264652.998  61.9%  11.3  514s
*230422 196197            1087    694542.97600 264652.998  61.9%  11.3  514s
*230427 196113            1087    694345.03059 264652.998  61.9%  11.3  514s
H230461 195988                    694147.87973 264652.998  61.9%  11.3  514s
 230501 196052 643134.330  640  145 694147.880 264652.998  61.9%  11.3  515s
 232383 197893 316520.667   41  258 694147.880 264689.088  61.9%  11.3  520s
H233028 188658                    685488.50432 264776.945  61.4%  11.3  521s
H234142 189748                    685459.28883 264814.263  61.4%  11.3  524s
H234254 189475                    685224.50625 264833.589  61.4%  11.3  524s
 234622 189825 630675.114  181  151 685224.506 264833.589  61.4%  11.3  525s
 237666 192577 582222.712  718  128 685224.506 264988.264  61.3%  11.3  530s
 240584 195163 363663.335   55  231 685224.506 265144.173  61.3%  11.3  535s
 242731 197409 526964.057  152  157 685224.506 265182.837  61.3%  11.3  540s
 245047 199481 592539.090  137  155 685224.506 265292.107  61.3%  11.3  545s
 247489 201766 340583.962   53  242 685224.506 265360.867  61.3%  11.3  550s
H248064 202309                    685210.30065 265365.745  61.3%  11.3  551s
 249951 203723     cutoff  313      685210.301 265417.061  61.3%  11.2  555s
H250205 202865                    684408.45759 265506.193  61.2%  11.3  555s
H250863 202931                    683954.44978 265512.698  61.2%  11.3  557s
H251778 202667                    683246.44672 265596.810  61.1%  11.2  559s
 252110 202991 343753.530   51  221 683246.447 265710.319  61.1%  11.2  560s
H252398 203125                    683189.41505 265748.666  61.1%  11.3  561s
 253922 204591 502958.077  507  124 683189.415 265804.517  61.1%  11.3  565s
 256284 206699 612481.900  167  151 683189.415 265878.240  61.1%  11.3  570s
 257622 207607 infeasible  133      683189.415 265960.449  61.1%  11.3  575s
H258341 207976                    683189.41498 265960.449  61.1%  11.3  577s
H259483 209005                    683031.67137 266263.225  61.0%  11.3  580s
H259739 187923                    670442.13026 266289.498  60.3%  11.3  580s
H260978 189005                    670390.35639 266323.092  60.3%  11.3  583s
H261256 188384                    669760.13509 266323.092  60.2%  11.3  584s
H261399 184919                    667698.88648 266323.092  60.1%  11.3  584s
 261449 185109 661257.277  296  145 667698.886 266359.407  60.1%  11.3  585s
H262099 183722                    666537.54026 266369.258  60.0%  11.3  587s
 263405 184806 605236.601  138  162 666537.540 266461.419  60.0%  11.3  591s
H263622 182161                    665067.62485 266487.369  59.9%  11.3  592s
 264707 183157 504900.335   62  201 665067.625 266567.456  59.9%  11.3  595s
 266907 185208     cutoff  396      665067.625 266631.495  59.9%  11.3  600s
 268987 186961     cutoff  484      665067.625 266735.723  59.9%  11.3  605s
H269351 187129                    664989.00772 266785.552  59.9%  11.3  607s
 270480 188086 383155.954   59  216 664989.008 266902.613  59.9%  11.3  610s
 272773 190351 575536.200  128  161 664989.008 266959.539  59.9%  11.3  615s
 274990 192156 644268.468  283  154 664989.008 267006.876  59.8%  11.4  620s
 276745 194056 553026.207  148  160 664989.008 267172.674  59.8%  11.4  625s
 278955 195857 565374.037  129  154 664989.008 267237.072  59.8%  11.4  630s
H281035 197695                    664922.18267 267425.063  59.8%  11.4  634s
 281267 197963 598098.132  188  156 664922.183 267425.063  59.8%  11.4  635s
 283442 199777 407189.989   60  230 664922.183 267607.212  59.8%  11.4  640s
 285860 202191 632451.562  546  147 664922.183 267698.875  59.7%  11.3  645s
 287950 203826 337454.898   48  250 664922.183 267884.434  59.7%  11.4  650s
H288570 204276                    664893.64883 267884.434  59.7%  11.4  652s
 289754 205381 604786.391  159  156 664893.649 267984.890  59.7%  11.4  655s
 291662 207105 649693.104  788  152 664893.649 267984.890  59.7%  11.4  660s
 294013 209180 612153.964  433  149 664893.649 268198.604  59.7%  11.4  665s
H294851 204057                    661977.73555 268234.228  59.5%  11.5  668s
 295372 204683 572136.371  165  163 661977.736 268234.228  59.5%  11.5  670s
 297526 206448 454940.300   69  193 661977.736 268358.236  59.5%  11.5  675s
 299766 208167 610572.004  100  164 661977.736 268445.041  59.4%  11.6  680s
 302239 210319 477701.323   76  156 661977.736 268654.961  59.4%  11.6  685s
 304723 212442 485827.912   67  204 661977.736 268801.815  59.4%  11.6  690s
 306879 214197 638055.308  227  155 661977.736 268953.593  59.4%  11.6  695s
 309673 216600 445860.586   62  173 661977.736 269107.490  59.3%  11.6  700s
 312192 217973     cutoff  252      661977.736 269205.848  59.3%  11.8  705s
 314936 220084     cutoff  174      661977.736 269350.303  59.3%  11.8  710s
 317446 222369 650716.544  861  137 661977.736 269478.882  59.3%  11.8  715s
 319628 224145 630304.228  151  155 661977.736 269644.364  59.3%  11.8  720s
 322120 226581 573631.327  338  153 661977.736 269886.310  59.2%  11.8  725s
 324579 228974 578532.683  257  150 661977.736 269927.540  59.2%  11.8  730s
 327159 231063 647455.296  286  154 661977.736 270045.951  59.2%  11.7  735s
 329729 233481 569843.645  384  155 661977.736 270290.301  59.2%  11.7  740s
 332179 235520 640152.072  384  136 661977.736 270399.725  59.2%  11.7  745s
 334327 237534 625841.334  150  153 661977.736 270503.074  59.1%  11.8  750s
 336943 239890 527420.642   62  188 661977.736 270774.428  59.1%  11.8  755s
 339369 242026 infeasible  256      661977.736 270900.973  59.1%  11.8  760s
 341541 244006 infeasible  685      661977.736 271094.735  59.0%  11.8  765s
 343934 246182 513850.385  382  144 661977.736 271150.905  59.0%  11.8  770s
 346516 248502 557178.346  164  160 661977.736 271278.208  59.0%  11.7  775s
 348913 250442     cutoff  352      661977.736 271435.830  59.0%  11.8  780s
 351123 252226 451515.341   64  193 661977.736 271555.206  59.0%  11.8  785s
 353668 254580 642422.948  223  156 661977.736 271653.415  59.0%  11.8  790s
 355853 256442 650116.210  248  149 661977.736 271715.414  59.0%  11.8  795s
 358050 258300 313069.393   46  257 661977.736 271822.773  58.9%  11.8  800s
 360421 260519 644901.157  141  152 661977.736 271923.187  58.9%  11.8  805s
 362432 262217 560035.209  119  163 661977.736 272095.318  58.9%  11.8  810s
 364966 264489 650910.064  189  153 661977.736 272225.905  58.9%  11.8  815s
 367485 266381 351239.519   41  251 661977.736 272331.321  58.9%  11.8  820s
 369543 268296 355455.588   45  249 661977.736 272419.655  58.8%  11.8  825s
 372210 270646     cutoff  133      661977.736 272638.545  58.8%  11.8  830s
 376234 273965     cutoff  159      661977.736 272883.407  58.8%  11.8  835s
 379500 276835 516797.054   67  183 661977.736 272973.624  58.8%  11.8  840s
 382859 279618 614901.370  106  166 661977.736 273206.285  58.7%  11.9  845s
 386451 282697 658103.140  233  153 661977.736 273368.396  58.7%  11.9  850s
 390162 286015 645508.342  260  148 661977.736 273624.343  58.7%  11.8  855s
 393360 288748 infeasible  109      661977.736 274030.924  58.6%  11.9  860s
 396282 291405 511148.461  177  151 661977.736 274178.469  58.6%  11.9  865s
 398589 293474 543886.335   87  169 661977.736 274348.680  58.6%  11.9  870s
 400922 295423     cutoff  180      661977.736 274475.090  58.5%  11.9  875s
 403115 297604 577042.576  144  157 661977.736 274572.468  58.5%  11.9  880s
 405372 299507 641704.179  272  150 661977.736 274686.119  58.5%  11.9  885s
 407730 301606 609653.647  231  154 661977.736 274790.965  58.5%  11.9  890s
 409943 303453 604196.730  153  160 661977.736 274881.108  58.5%  11.9  895s
 412280 305564 445237.085   63  192 661977.736 275045.057  58.5%  11.9  900s
 414572 307518     cutoff  226      661977.736 275114.753  58.4%  11.9  905s
 416988 309785 564196.559  532  121 661977.736 275220.808  58.4%  11.9  910s
 419874 312132 infeasible  114      661977.736 275462.462  58.4%  11.9  915s
 422823 314943 500012.624   89  166 661977.736 275582.710  58.4%  11.9  920s
 425342 316924 335657.423   41  254 661977.736 275720.694  58.3%  11.9  925s
 427491 319075 565557.053  158  161 661977.736 275780.948  58.3%  11.9  930s
 430093 321275 infeasible  190      661977.736 275864.008  58.3%  11.9  935s
 432252 323095 613559.003  514  147 661977.736 275887.015  58.3%  11.9  940s
 434431 325134 589267.167  199  154 661977.736 276065.693  58.3%  11.9  945s
 436801 326870 329953.459   40  261 661977.736 276231.278  58.3%  11.9  950s
 438814 328780 647265.359  239  155 661977.736 276438.648  58.2%  11.9  955s
 441006 330746 381842.094   57  240 661977.736 276495.960  58.2%  11.9  960s
 443063 332547 568784.861  224  151 661977.736 276534.788  58.2%  11.9  965s
 445233 334188 340871.341   50  228 661977.736 276688.061  58.2%  12.0  970s
 447281 335814 431210.698   65  204 661977.736 276778.069  58.2%  12.0  975s
 449287 337649 619264.595  104  158 661977.736 276839.159  58.2%  12.0  980s
 451894 339924 418976.450   62  200 661977.736 276935.817  58.2%  12.0  985s
 454330 342479 569178.510  228  158 661977.736 276982.611  58.2%  12.0  990s
 456605 344433 462957.075   61  198 661977.736 277036.105  58.2%  12.0  995s
 458906 346356 546237.728   66  174 661977.736 277131.838  58.1%  12.0 1000s
 461440 348897 570172.682  385  156 661977.736 277140.595  58.1%  12.0 1005s
 463396 350141 587529.926   75  177 661977.736 277184.437  58.1%  12.1 1010s
 465481 351711 590589.021  123  155 661977.736 277308.566  58.1%  12.1 1015s
 468357 354131 642745.175  366  161 661977.736 277425.341  58.1%  12.1 1020s
 470699 356102 659133.781  610  136 661977.736 277579.834  58.1%  12.1 1025s
 472897 358115     cutoff   96      661977.736 277797.117  58.0%  12.1 1030s
 475416 360272 628165.272  548  145 661977.736 277896.537  58.0%  12.1 1035s
 478262 362856 645285.495  328  150 661977.736 277927.814  58.0%  12.0 1040s
 480309 364434 538549.082   64  184 661977.736 278011.361  58.0%  12.1 1045s
 482727 366545 649000.309  392  153 661977.736 278109.351  58.0%  12.1 1050s
 484807 368313 280674.079   47  270 661977.736 278237.060  58.0%  12.1 1055s
 486865 370286 632558.250  393  151 661977.736 278313.803  58.0%  12.1 1060s
 489382 372486 456900.076   50  217 661977.736 278452.864  57.9%  12.1 1065s
 492468 375310 582736.440  199  154 661977.736 278491.594  57.9%  12.1 1070s
 494780 377043 567279.135  154  159 661977.736 278629.415  57.9%  12.1 1075s
 497030 379076     cutoff  113      661977.736 278726.682  57.9%  12.1 1080s
 499434 381110 639267.731  119  153 661977.736 278773.121  57.9%  12.1 1085s
 501755 383141 528029.115   63  179 661977.736 278897.219  57.9%  12.1 1090s
 503697 384744 634272.125  395  153 661977.736 278951.461  57.9%  12.1 1095s
 505705 386588 594584.064  209  147 661977.736 279011.946  57.9%  12.1 1100s
 508155 388732 infeasible  162      661977.736 279039.674  57.8%  12.1 1105s
 510552 390658 632262.377  529  152 661977.736 279119.848  57.8%  12.1 1110s
 512500 392546 463894.692   70  185 661977.736 279265.564  57.8%  12.1 1115s
 514550 394411 633177.673  256  150 661977.736 279371.488  57.8%  12.2 1120s
 516662 395992 650202.358  177  157 661977.736 279463.266  57.8%  12.2 1125s
 518938 398053 656570.674  226  150 661977.736 279524.345  57.8%  12.2 1130s
 521462 400333 527333.200  961  151 661977.736 279551.574  57.8%  12.2 1135s
 523462 402158 580916.072  240  154 661977.736 279650.020  57.8%  12.2 1140s
 525793 404084 infeasible  120      661977.736 279775.996  57.7%  12.2 1145s
 528566 406535     cutoff  122      661977.736 279844.181  57.7%  12.2 1150s
 530915 408699 537064.385   97  160 661977.736 279917.094  57.7%  12.2 1155s
 533964 411119 650748.501   75  167 661977.736 280015.563  57.7%  12.2 1160s
 536786 413588 636897.285  190  151 661977.736 280105.508  57.7%  12.2 1165s
 540128 416546 438424.342   59  208 661977.736 280229.905  57.7%  12.2 1170s
 542624 418666 369164.233   55  231 661977.736 280310.997  57.7%  12.2 1175s
 544573 420088 552702.254  127  150 661977.736 280370.666  57.6%  12.2 1180s
 546723 422109     cutoff  129      661977.736 280493.239  57.6%  12.2 1185s
 548709 423814 648061.207  182  152 661977.736 280570.691  57.6%  12.2 1190s
 550814 425703 599696.679  326  151 661977.736 280667.492  57.6%  12.2 1195s
 552926 427665 502775.558   69  201 661977.736 280741.128  57.6%  12.2 1200s
 555092 429249 494550.096   60  209 661977.736 280821.291  57.6%  12.2 1205s
 557632 431462 493112.666   64  203 661977.736 280931.580  57.6%  12.3 1210s
 559899 433413 582702.848   89  167 661977.736 281050.999  57.5%  12.3 1215s
 562476 435725 563020.219  164  160 661977.736 281121.956  57.5%  12.2 1220s
 564665 437526 infeasible  105      661977.736 281147.458  57.5%  12.2 1225s
 566884 439404 321818.137   52  247 661977.736 281280.711  57.5%  12.2 1230s
 569217 441514 506836.111   86  165 661977.736 281338.379  57.5%  12.2 1235s
 571678 443659 639753.487  560  155 661977.736 281443.946  57.5%  12.2 1240s
 573835 445566 651622.134  339  146 661977.736 281552.411  57.5%  12.2 1245s
 576322 447682 563561.495   70  179 661977.736 281637.127  57.5%  12.2 1250s
 578654 449489 641386.566  237  152 661977.736 281677.438  57.4%  12.2 1255s
 581426 451995 588003.678  523  156 661977.736 281728.222  57.4%  12.2 1260s
 583783 454363     cutoff   64      661977.736 281738.114  57.4%  12.2 1265s
 586100 456383 538966.848  200  147 661977.736 281893.395  57.4%  12.2 1270s
 588280 458165 420228.186   56  209 661977.736 281967.781  57.4%  12.2 1275s
 590342 459869 618508.995  444  146 661977.736 282032.729  57.4%  12.2 1280s
 592357 461541 479444.134   65  198 661977.736 282119.052  57.4%  12.3 1285s
 595071 463957 326483.950   51  259 661977.736 282159.326  57.4%  12.2 1290s
 597390 465991 290329.210   46  263 661977.736 282271.877  57.4%  12.2 1295s
 600074 468474 330572.634   50  249 661977.736 282316.007  57.4%  12.2 1300s
 602421 470556     cutoff  949      661977.736 282355.921  57.3%  12.2 1305s
 604731 472705 642424.819   82  168 661977.736 282398.891  57.3%  12.2 1310s
 606662 474078 388148.541   54  235 661977.736 282475.109  57.3%  12.3 1315s
 608818 476056 639184.281  808  148 661977.736 282479.833  57.3%  12.3 1320s
H609524 475942                    661515.18296 282521.332  57.3%  12.3 1322s
 610401 476843 589074.936  232  154 661515.183 282529.580  57.3%  12.3 1325s
H610845 476924                    661509.34414 282550.220  57.3%  12.3 1326s
H611012 477082                    661441.91319 282552.788  57.3%  12.3 1326s
H611612 477618                    661440.77185 282558.194  57.3%  12.3 1328s
 612086 478056 537895.345  141  145 661440.772 282564.115  57.3%  12.3 1330s
H613999 478957                    661145.16847 282596.790  57.3%  12.3 1334s
 614789 479778 601199.556  636  144 661145.168 282596.790  57.3%  12.2 1335s
 617552 482127 547201.054  192  147 661145.168 282660.098  57.2%  12.2 1340s
H619298 482525                    660425.90788 282671.376  57.2%  12.2 1345s
H620389 483482                    660425.89384 282671.489  57.2%  12.2 1348s
 621295 484177 293691.274   42  268 660425.894 282713.365  57.2%  12.2 1350s
H622361 484653                    660313.67616 282729.734  57.2%  12.3 1353s
 623181 485458 305805.101   47  265 660313.676 282757.641  57.2%  12.3 1355s
H623384 485572                    660313.67604 282757.641  57.2%  12.3 1355s
H624580 486498                    660313.67594 282786.184  57.2%  12.3 1358s
 625433 487533 578732.715  322  143 660313.676 282786.184  57.2%  12.3 1360s
H625731 487623                    660312.82792 282786.184  57.2%  12.3 1360s
H625732 487470                    660242.70962 282786.184  57.2%  12.3 1360s
H626980 487456                    659616.90760 282786.184  57.1%  12.2 1363s
 627360 487849 487053.622   60  220 659616.908 282803.382  57.1%  12.2 1365s
 629290 489566 620839.859  222  154 659616.908 282872.547  57.1%  12.2 1370s
 631712 491505     cutoff  202      659616.908 282963.147  57.1%  12.3 1375s
 635189 494408 infeasible  490      659616.908 283039.904  57.1%  12.3 1380s
H636661 495502                    659565.66101 283118.432  57.1%  12.3 1382s
 637845 496475     cutoff  308      659565.661 283141.208  57.1%  12.3 1385s
H637893 496475                    659565.65719 283145.473  57.1%  12.3 1385s
 639843 498166 650718.839  287  149 659565.657 283152.048  57.1%  12.3 1390s
H642133 500316                    659526.19945 283195.668  57.1%  12.3 1395s
 644000 501837 608594.932   84  160 659526.199 283264.371  57.1%  12.3 1400s
 646161 503516 422119.034   60  198 659526.199 283376.882  57.0%  12.3 1405s
 648214 505550 407153.911   60  223 659526.199 283409.969  57.0%  12.3 1410s
 650322 507394 infeasible  173      659526.199 283451.015  57.0%  12.3 1415s
 652513 509331 560560.716  277  153 659526.199 283505.235  57.0%  12.3 1420s
 654614 511169 334960.865   42  266 659526.199 283577.945  57.0%  12.3 1425s
 656969 513422 645518.851  497  147 659526.199 283622.488  57.0%  12.3 1430s
 659656 515599 610962.839  667  157 659526.199 283710.435  57.0%  12.3 1435s
 661858 517486 498769.703   66  208 659526.199 283873.454  57.0%  12.3 1440s
 664257 519612 626298.562  504  132 659526.199 283965.980  56.9%  12.3 1445s
 666144 521130 552461.228   67  181 659526.199 284089.025  56.9%  12.3 1450s
 668300 523104 631677.271  858  146 659526.199 284089.025  56.9%  12.3 1455s
 670466 525142 590418.485  251  155 659526.199 284235.423  56.9%  12.3 1460s
 673032 527391 345991.461   48  236 659526.199 284278.766  56.9%  12.3 1465s
H675080 528820                    659374.25543 284308.794  56.9%  12.3 1469s
 675134 528822 550050.785  205  144 659374.255 284308.794  56.9%  12.3 1470s
H675135 528797                    659360.41810 284308.794  56.9%  12.3 1470s
H675210 528790                    659319.81886 284308.794  56.9%  12.3 1470s
H675510 529107                    659317.16266 284318.975  56.9%  12.3 1472s
 676504 529920 313750.404   45  263 659317.163 284358.998  56.9%  12.3 1475s
 678025 530520 infeasible  498      659317.163 284376.111  56.9%  12.3 1480s
 680072 531300 infeasible 1222      659317.163 284376.111  56.9%  12.4 1485s
 681361 532253 555673.247  156  151 659317.163 284407.195  56.9%  12.4 1490s
 682977 533540 611742.749   94  162 659317.163 284472.771  56.9%  12.4 1495s
H683567 534042                    659316.57727 284486.696  56.9%  12.4 1496s
 684929 535105 649028.767  268  154 659316.577 284548.418  56.8%  12.4 1500s
 686583 536682 474513.014   63  193 659316.577 284651.169  56.8%  12.4 1505s
 689040 538407 435473.504   60  218 659316.577 284749.681  56.8%  12.4 1510s
 690805 540004 586703.537  198  153 659316.577 284838.669  56.8%  12.4 1515s
 693027 542010 544935.221  268  157 659316.577 284902.395  56.8%  12.5 1520s
 695415 543740 594686.115   71  173 659316.577 284946.928  56.8%  12.4 1525s
 697196 545241 625077.174  131  156 659316.577 285028.642  56.8%  12.5 1530s
 699012 547174 569994.077  127  151 659316.577 285100.135  56.8%  12.5 1535s
 701137 548882 infeasible  450      659316.577 285202.063  56.7%  12.5 1540s
 703094 550349 654029.532  253  152 659316.577 285280.192  56.7%  12.5 1545s
 705135 552072 375441.214   50  243 659316.577 285383.902  56.7%  12.5 1550s
 706956 553828 577652.774  101  159 659316.577 285454.349  56.7%  12.5 1555s
 709198 555670 451430.001   63  199 659316.577 285535.955  56.7%  12.5 1560s
 711436 557265     cutoff  207      659316.577 285623.967  56.7%  12.5 1565s
 713000 558702 613209.125  293  150 659316.577 285688.775  56.7%  12.5 1570s
 715302 560829 548156.479   80  167 659316.577 285752.383  56.7%  12.5 1575s
 717754 562805 639343.690  138  153 659316.577 285833.283  56.6%  12.5 1580s
 719642 564544 516569.526   70  185 659316.577 285910.072  56.6%  12.5 1585s
 721755 566257 603708.200  136  160 659316.577 285968.643  56.6%  12.5 1590s
 723701 567778     cutoff  341      659316.577 286008.113  56.6%  12.5 1595s
 725689 569541 648732.057  340  152 659316.577 286062.350  56.6%  12.5 1600s
 726928 570334 582967.535  203  146 659316.577 286087.992  56.6%  12.5 1605s
 729169 572281 645745.205  348  146 659316.577 286122.037  56.6%  12.5 1610s
 731029 573893 564600.829  272  158 659316.577 286187.187  56.6%  12.5 1615s
 733077 575141 654425.736   76  164 659316.577 286277.564  56.6%  12.5 1620s
 734869 576271 654726.287  359  142 659316.577 286306.216  56.6%  12.5 1625s
 737046 578388     cutoff   72      659316.577 286362.429  56.6%  12.5 1630s
 739130 579916 576431.048  130  160 659316.577 286405.303  56.6%  12.5 1635s
 741499 581693 651810.361  187  155 659316.577 286479.899  56.5%  12.5 1640s
 743915 583957 649479.141 1354  134 659316.577 286479.899  56.5%  12.5 1645s
 745844 585722 569250.978  237  163 659316.577 286566.316  56.5%  12.5 1650s
 748174 587619 609552.639  310  148 659316.577 286653.949  56.5%  12.5 1655s
 750227 589437 427146.816   53  229 659316.577 286682.168  56.5%  12.5 1660s
 752149 590826     cutoff  273      659316.577 286756.863  56.5%  12.5 1665s
 753823 592055     cutoff  239      659316.577 286807.620  56.5%  12.6 1670s
 756347 594264 632744.844   73  168 659316.577 286868.474  56.5%  12.6 1675s
 758472 596418 580924.091   74  176 659316.577 286931.709  56.5%  12.6 1680s
 760029 597394 335640.322   46  245 659316.577 287067.687  56.5%  12.6 1685s
 761907 599140 335353.916   58  245 659316.577 287124.806  56.5%  12.6 1690s
 764362 601090 642602.285  182  151 659316.577 287235.929  56.4%  12.6 1695s
H765113 601096                    658996.24828 287309.835  56.4%  12.6 1697s
 765134 601258 595284.219  229  155 658996.248 287309.835  56.4%  12.6 1700s
H766324 602112                    658964.99215 287326.258  56.4%  12.6 1702s
 766781 602756 628725.204  151  153 658964.992 287330.576  56.4%  12.6 1705s
H767939 603686                    658940.64035 287344.811  56.4%  12.6 1708s
 768790 604694 536766.936  212  155 658940.640 287361.756  56.4%  12.6 1710s
 771330 606988 370329.470   47  237 658940.640 287393.465  56.4%  12.6 1715s
 773467 608999 620486.403  284  148 658940.640 287435.177  56.4%  12.5 1720s
 775871 610726 343365.600   48  248 658940.640 287512.055  56.4%  12.5 1725s
 778466 613133 347263.321   51  242 658940.640 287530.547  56.4%  12.5 1730s
 780354 614624 630318.483   78  173 658940.640 287604.364  56.4%  12.5 1735s
 782350 616490 524982.608  114  158 658940.640 287640.752  56.3%  12.6 1740s
 784560 618124 573369.422 1001  115 658940.640 287640.752  56.3%  12.6 1745s
 786110 619470 656282.927 1439  131 658940.640 287640.752  56.3%  12.6 1750s
 788057 621243 577998.268 1839  114 658940.640 287640.752  56.3%  12.7 1755s
 790778 623794 626566.542  259  154 658940.640 287726.587  56.3%  12.6 1760s
 793009 625670 644680.218  122  158 658940.640 287774.350  56.3%  12.6 1765s
 795328 627610 368107.846   58  228 658940.640 287852.183  56.3%  12.6 1770s
 797763 629796 590347.552   79  174 658940.640 287884.559  56.3%  12.6 1775s
 800206 631912 555794.913  407  150 658940.640 287949.102  56.3%  12.6 1780s
H800477 631903                    658808.01106 287949.102  56.3%  12.6 1781s
H800639 631674                    658659.09633 287949.102  56.3%  12.6 1781s
H801058 632099                    658585.72063 287949.102  56.3%  12.6 1784s
 801370 632205 640585.622  604  141 658585.721 287950.089  56.3%  12.6 1785s
H802231 632214                    658101.66834 287962.091  56.2%  12.6 1787s
 803250 633151 564332.842  157  154 658101.668 288009.928  56.2%  12.6 1790s
H803786 633648                    658101.33992 288009.928  56.2%  12.6 1791s
 805058 634711 633898.442   77  164 658101.340 288046.452  56.2%  12.6 1795s
 807369 636679 584827.000   75  170 658101.340 288097.433  56.2%  12.6 1800s
 809162 638097 473516.924   64  198 658101.340 288122.450  56.2%  12.6 1808s
 809534 638477 474162.760   61  192 658101.340 288129.729  56.2%  12.6 1810s
 811788 640333 545157.435   88  164 658101.340 288150.411  56.2%  12.6 1815s
 814164 642450 625158.067  329  150 658101.340 288193.090  56.2%  12.6 1820s
 816423 644263 514346.207  329  152 658101.340 288277.581  56.2%  12.6 1825s
 818387 646176 608493.914  249  152 658101.340 288348.755  56.2%  12.6 1830s
 820642 647797 322151.244   56  249 658101.340 288381.167  56.2%  12.6 1835s
 822438 648633 300868.686   57  261 658101.340 288426.745  56.2%  12.6 1840s
 824549 650090 657436.901  111  156 658101.340 288453.227  56.2%  12.6 1845s
 826672 652070 556349.778  503  149 658101.340 288561.722  56.2%  12.6 1850s
 829080 654077 645104.350   97  153 658101.340 288586.892  56.1%  12.6 1855s
 831215 655968 572445.547  253  153 658101.340 288597.287  56.1%  12.6 1860s
 833275 657671 333544.160   52  250 658101.340 288646.598  56.1%  12.6 1865s
 835334 659705 617223.589  593  148 658101.340 288646.598  56.1%  12.6 1870s
 837579 661574 646708.058  365  158 658101.340 288744.322  56.1%  12.6 1875s
H839847 663550                    658099.98983 288774.084  56.1%  12.6 1879s
H839965 663639                    658099.66140 288787.032  56.1%  12.6 1880s
H841270 664767                    658070.58853 288836.055  56.1%  12.6 1884s
 841830 665106 infeasible  336      658070.589 288836.560  56.1%  12.6 1885s
H842513 665382                    657899.86164 288843.090  56.1%  12.6 1886s
H843661 666259                    657828.77922 288879.930  56.1%  12.6 1888s
 844137 666907 501624.727   61  202 657828.779 288891.208  56.1%  12.6 1890s
H844267 666545                    657625.78752 288891.208  56.1%  12.6 1890s
H844400 666545                    657625.78300 288891.208  56.1%  12.6 1890s
H845506 667234                    657562.09220 288917.439  56.1%  12.6 1893s
 845982 667897 341409.724   52  253 657562.092 288963.014  56.1%  12.6 1895s
 848015 669551 561105.466  102  156 657562.092 289019.989  56.0%  12.6 1900s
 849931 671221 631853.241  199  152 657562.092 289045.867  56.0%  12.6 1905s
 851613 672645 604217.830  139  152 657562.092 289080.915  56.0%  12.6 1910s
 853888 674563 650517.441   75  159 657562.092 289138.807  56.0%  12.6 1915s
H854294 674836                    657558.95683 289139.873  56.0%  12.6 1916s
 855635 676174 611138.844  254  151 657558.957 289157.222  56.0%  12.6 1920s
H856648 677019                    657558.95676 289225.390  56.0%  12.6 1922s
 857571 677858 654642.533  248  145 657558.957 289247.767  56.0%  12.6 1925s
 860062 679877 476738.773   58  194 657558.957 289369.624  56.0%  12.6 1930s
 862284 681840     cutoff  158      657558.957 289505.962  56.0%  12.6 1935s
H862286 680848                    657186.53298 289505.962  55.9%  12.6 1935s
H863988 681450                    656861.73903 289560.609  55.9%  12.6 1939s
 864267 681605 597174.489  217  155 656861.739 289571.165  55.9%  12.6 1940s
H865068 682304                    656859.97485 289585.402  55.9%  12.6 1943s
 866144 683257 576682.819  730  152 656859.975 289585.402  55.9%  12.6 1945s
 868098 685088 641523.859  358  149 656859.975 289666.736  55.9%  12.6 1950s
 869835 686720 645267.395  385  148 656859.975 289710.020  55.9%  12.6 1955s
 872017 688816 597524.229  324  150 656859.975 289743.084  55.9%  12.6 1960s
H872689 689209                    656849.41846 289743.084  55.9%  12.6 1961s
 874553 690964 612239.737  248  148 656849.418 289773.202  55.9%  12.6 1965s
 877203 693407 556491.964  265  155 656849.418 289802.005  55.9%  12.6 1970s
 879367 694917 544107.126   89  153 656849.418 289844.555  55.9%  12.6 1975s
 881884 697148 infeasible 1324      656849.418 289894.246  55.9%  12.6 1980s
 884174 698950 601852.808  908  141 656849.418 289929.356  55.9%  12.6 1985s
 886019 699979 419666.046   59  200 656849.418 289991.709  55.9%  12.6 1990s
 889167 702937 649931.170  338  150 656849.418 290040.566  55.8%  12.6 1995s
 891983 705361 648400.538   90  158 656849.418 290133.511  55.8%  12.6 2000s
 894445 707393 598826.284  294  147 656849.418 290175.768  55.8%  12.6 2005s
 896441 709149 581955.681   86  165 656849.418 290216.089  55.8%  12.6 2010s
 899353 711728 618737.763  326  144 656849.418 290234.642  55.8%  12.6 2015s
 901594 713689     cutoff  296      656849.418 290308.755  55.8%  12.6 2020s
H903264 714987                    656838.70035 290367.957  55.8%  12.6 2024s
 903436 714989 637882.261  140  154 656838.700 290367.957  55.8%  12.6 2025s
H903516 715197                    656838.69022 290378.185  55.8%  12.6 2026s
H904542 715070                    656413.34700 290382.481  55.8%  12.6 2029s
 904612 715300 549805.998   76  171 656413.347 290382.481  55.8%  12.6 2030s
 906685 717118 380910.720   64  217 656413.347 290484.156  55.7%  12.6 2035s
 908631 718688 631143.020  314  148 656413.347 290514.110  55.7%  12.6 2040s
 910106 719870 607085.925  342  161 656413.347 290520.459  55.7%  12.6 2045s
 912078 721555 310236.938   54  261 656413.347 290570.937  55.7%  12.6 2050s
H912508 721724                    656413.01405 290581.441  55.7%  12.6 2051s
 913948 722962 491712.021   69  189 656413.014 290640.629  55.7%  12.6 2055s
 916111 724661 468700.935   64  200 656413.014 290668.601  55.7%  12.6 2060s
 918244 726264 633781.616  557  146 656413.014 290697.889  55.7%  12.6 2065s
 920010 727471 634626.053  169  159 656413.014 290716.959  55.7%  12.6 2070s
H921318 728239                    656265.18995 290781.584  55.7%  12.6 2073s
 921689 728745 604161.586   78  169 656265.190 290782.463  55.7%  12.6 2075s
 923741 730373 553379.257  348  164 656265.190 290799.446  55.7%  12.6 2080s
 926016 732238 552802.160  214  141 656265.190 290835.902  55.7%  12.6 2085s
 928501 734330 infeasible  233      656265.190 290880.611  55.7%  12.6 2090s
 930207 735729 615135.005  137  152 656265.190 290906.758  55.7%  12.6 2095s
 932400 737759 573771.865  128  160 656265.190 290963.849  55.7%  12.6 2100s
 934968 739998 499080.607  128  162 656265.190 291005.980  55.7%  12.6 2105s
 937008 741273 633557.443   89  166 656265.190 291059.314  55.6%  12.6 2110s
 939707 743151 638761.738  131  160 656265.190 291140.013  55.6%  12.6 2115s
 942896 746074 645368.114  115  149 656265.190 291270.180  55.6%  12.6 2120s
 945285 748042 407714.866   57  224 656265.190 291315.723  55.6%  12.6 2125s
 947367 749912 614565.710  660  144 656265.190 291338.533  55.6%  12.6 2130s
 949432 751736 600411.831  238  153 656265.190 291396.009  55.6%  12.6 2135s
 951508 753050 503992.848   63  185 656265.190 291425.384  55.6%  12.6 2140s
 954074 755136 639950.366  647  141 656265.190 291481.096  55.6%  12.6 2145s
 956390 757066 642501.724   76  168 656265.190 291564.930  55.6%  12.6 2150s
 958028 758440     cutoff  199      656265.190 291584.008  55.6%  12.6 2155s
 960027 760219 416010.948   56  211 656265.190 291689.020  55.6%  12.6 2160s
H962421 762049                    656221.24779 291727.846  55.5%  12.6 2164s
H962512 762050                    656220.99479 291727.846  55.5%  12.6 2167s
H962911 760440                    655500.04833 291727.846  55.5%  12.6 2168s
H963081 760561                    655500.03882 291727.846  55.5%  12.6 2169s
 963102 760667 622780.068  359  147 655500.039 291727.846  55.5%  12.6 2170s
 964728 762203 338542.136   57  256 655500.039 291763.276  55.5%  12.6 2175s
H966709 763998                    655499.78582 291795.512  55.5%  12.6 2179s
 967132 764353 611025.340  752  151 655499.786 291795.512  55.5%  12.6 2180s
 968753 765469 infeasible  269      655499.786 291850.289  55.5%  12.6 2185s
 970594 766726 564979.853   64  184 655499.786 291898.070  55.5%  12.6 2190s
H970936 767138                    655487.33742 291908.341  55.5%  12.6 2192s
H972029 767524                    655367.76752 291946.868  55.5%  12.6 2195s
H973138 766990                    654921.17584 291964.639  55.4%  12.6 2197s
 974084 768066 372623.294   55  231 654921.176 291992.021  55.4%  12.6 2200s
 976664 770467 616182.186  752  142 654921.176 291992.801  55.4%  12.6 2205s
H977425 770811                    654879.89878 291992.801  55.4%  12.6 2207s
 978644 772141 595410.426  195  149 654879.899 292035.511  55.4%  12.6 2210s
 981971 775023 562019.948  117  170 654879.899 292106.568  55.4%  12.6 2215s
 985510 777697 392132.072   57  216 654879.899 292177.955  55.4%  12.6 2220s
 988275 780011 642335.808  404  159 654879.899 292221.753  55.4%  12.6 2225s
 990585 781608     cutoff   76      654879.899 292288.821  55.4%  12.6 2230s
 993640 784138 580451.281  300  154 654879.899 292360.376  55.4%  12.7 2235s
 996457 786655 infeasible   66      654879.899 292427.432  55.3%  12.6 2240s
 998359 788497 556110.445   76  176 654879.899 292455.991  55.3%  12.6 2245s
 1000970 790725 645627.307  188  148 654879.899 292469.662  55.3%  12.6 2250s
 1003462 792754 579503.259  569  146 654879.899 292517.321  55.3%  12.6 2255s
 1005711 794760 523449.478   65  192 654879.899 292563.279  55.3%  12.6 2260s
 1007386 796109 379315.750   65  246 654879.899 292627.647  55.3%  12.6 2265s
 1009347 798121 598350.317   86  161 654879.899 292670.757  55.3%  12.6 2270s
 1011742 800278 584956.607  312  147 654879.899 292687.756  55.3%  12.6 2275s
 1013429 801661 328802.075   50  255 654879.899 292724.182  55.3%  12.6 2280s
 1015137 802879 391718.592   59  217 654879.899 292763.386  55.3%  12.6 2285s
 1017274 804813 345360.867   52  257 654879.899 292766.925  55.3%  12.6 2290s
 1018888 806020 526987.693  468  149 654879.899 292808.784  55.3%  12.6 2295s
 1020576 807536 526045.826   78  171 654879.899 292862.379  55.3%  12.6 2300s
H1022344 809058                    654879.48483 292885.056  55.3%  12.6 2304s
 1022500 809059     cutoff  167      654879.485 292885.056  55.3%  12.6 2305s
 1024310 810768 389800.487   48  245 654879.485 292950.813  55.3%  12.6 2310s
 1025861 811940 522537.987   63  197 654879.485 292994.053  55.3%  12.6 2315s
 1027654 813486     cutoff   97      654879.485 293025.067  55.3%  12.6 2320s
 1029648 815415 412736.769   57  212 654879.485 293039.120  55.3%  12.6 2325s
 1031665 817066 361562.871   50  249 654879.485 293055.336  55.3%  12.6 2330s
 1033729 818863 356076.369   56  230 654879.485 293100.399  55.2%  12.7 2335s
 1036123 820661 infeasible  348      654879.485 293136.213  55.2%  12.7 2340s
 1037644 822094 598910.981  311  154 654879.485 293147.949  55.2%  12.7 2345s
 1040272 824310     cutoff  514      654879.485 293213.364  55.2%  12.7 2350s
 1043555 827225 599912.933  337  150 654879.485 293275.994  55.2%  12.7 2355s
 1046336 829655 579107.324  546  156 654879.485 293380.822  55.2%  12.7 2360s
 1049639 832461 546117.440   75  198 654879.485 293482.557  55.2%  12.7 2365s
 1053458 836215 574916.408  208  156 654879.485 293543.993  55.2%  12.6 2370s
 1056367 838293 363580.631   55  220 654879.485 293610.665  55.2%  12.6 2375s
 1058580 840155 564516.933  159  157 654879.485 293669.016  55.2%  12.6 2380s
 1061449 842602 626582.533   66  175 654879.485 293740.628  55.1%  12.6 2385s
 1062749 843457 infeasible  288      654879.485 293740.628  55.1%  12.7 2390s
 1064063 844549 644429.580  119  156 654879.485 293777.729  55.1%  12.7 2395s
 1066371 846721 646830.672   70  177 654879.485 293796.661  55.1%  12.6 2400s
 1068964 848873 638603.309   78  166 654879.485 293867.365  55.1%  12.6 2405s
 1071291 850941 576238.000  367  151 654879.485 293870.628  55.1%  12.6 2410s
 1073905 853415 579140.911  306  160 654879.485 293957.702  55.1%  12.6 2415s
 1076757 855495 628700.221 1957  158 654879.485 293957.702  55.1%  12.6 2420s
 1079096 857572 536832.679  349  142 654879.485 293993.318  55.1%  12.6 2425s
 1080879 859077 584238.480  101  158 654879.485 294019.795  55.1%  12.6 2430s
 1082909 860865 503179.771  511  151 654879.485 294058.237  55.1%  12.6 2435s
 1084910 862385 645616.106  116  155 654879.485 294117.780  55.1%  12.6 2440s
 1087180 864282 570925.908  423  136 654879.485 294130.366  55.1%  12.6 2445s
 1089212 865745 534471.347   69  177 654879.485 294201.570  55.1%  12.6 2450s
H1089982 866178                    654878.81095 294218.653  55.1%  12.6 2452s
H1091149 867223                    654870.89647 294243.125  55.1%  12.6 2455s
H1091260 867262                    654870.73551 294243.125  55.1%  12.6 2455s
H1092348 868349                    654867.58015 294255.316  55.1%  12.6 2458s
H1092924 868872                    654867.16619 294261.174  55.1%  12.6 2460s
 1094763 870586 558931.225  174  147 654867.166 294288.337  55.1%  12.6 2465s
 1097316 872610 628891.390  349  148 654867.166 294303.021  55.1%  12.6 2470s
 1100219 875209 321671.004   37  265 654867.166 294382.500  55.0%  12.6 2475s
 1103180 877776 533312.021  111  156 654867.166 294468.598  55.0%  12.6 2480s
 1106537 880740 559292.898  390  149 654867.166 294513.392  55.0%  12.6 2485s
 1109441 883197 639163.813  140  153 654867.166 294552.849  55.0%  12.6 2490s
 1111062 884552 638928.409   98  153 654867.166 294585.349  55.0%  12.6 2495s
 1113457 886409 617557.087  131  151 654867.166 294608.582  55.0%  12.6 2500s
 1115236 887810 327650.661   50  253 654867.166 294664.337  55.0%  12.6 2505s
 1117051 889281 596733.209   86  167 654867.166 294699.914  55.0%  12.7 2510s
 1119169 890991 649972.754   99  158 654867.166 294744.416  55.0%  12.7 2515s
 1121270 892563 infeasible  226      654867.166 294798.240  55.0%  12.7 2520s
Created node file directory '/home/ps12398/experiment_hosp/goalProgrammingMarcos//grbnodes2'
 1122207 893420 432178.722   55  222 654867.166 294798.240  55.0%  12.7 2525s
 1123692 894454 516574.747  102  171 654867.166 294807.357  55.0%  12.7 2530s
 1125073 894925 646063.545  180  150 654867.166 294819.827  55.0%  12.7 2535s
 1126291 896046 591986.572  100  160 654867.166 294830.967  55.0%  12.7 2540s
 1127869 897282 628829.022   73  183 654867.166 294830.967  55.0%  12.7 2545s
 1128739 897259     cutoff   71      654867.166 294834.537  55.0%  12.7 2550s
 1130435 898336     cutoff   68      654867.166 294850.488  55.0%  12.7 2555s
 1131666 898926 551993.738   63  185 654867.166 294850.488  55.0%  12.7 2563s
 1132490 899531     cutoff  175      654867.166 294855.678  55.0%  12.7 2565s
 1134189 900629 infeasible   89      654867.166 294898.154  55.0%  12.8 2570s
H1135415 901353                    654866.74039 294917.235  55.0%  12.8 2573s
 1135487 901355 645653.690   65  171 654866.740 294917.235  55.0%  12.8 2576s
H1135488 901355                    654834.51956 294917.235  55.0%  12.8 2577s
H1135596 901367                    654751.25098 294917.235  55.0%  12.8 2578s
 1135933 901469 538781.284   58  190 654751.251 294917.235  55.0%  12.8 2580s
H1137004 902168                    654751.09002 294952.146  55.0%  12.8 2585s
 1138148 902614 623841.396  140  151 654751.090 294964.825  55.0%  12.8 2590s
H1138193 902614                    654751.08995 294964.825  55.0%  12.8 2590s
 1139217 902925 646641.329   73  166 654751.090 294981.413  54.9%  12.8 2595s
 1140727 903520 627618.115   71  159 654751.090 294986.104  54.9%  12.9 2600s
 1142487 905203 561170.427  243  158 654751.090 295007.055  54.9%  12.9 2607s
 1143477 905935 585375.075  546  152 654751.090 295007.055  54.9%  12.9 2610s
 1145058 906661     cutoff   70      654751.090 295009.185  54.9%  12.9 2615s
 1146113 906772 infeasible  126      654751.090 295017.126  54.9%  12.9 2620s
 1147759 908000     cutoff  359      654751.090 295056.094  54.9%  12.9 2625s
 1148580 908460 591225.451   68  171 654751.090 295056.094  54.9%  13.0 2630s
 1150012 909465 infeasible  216      654751.090 295073.783  54.9%  13.0 2635s
 1151569 910232 635383.602   64  175 654751.090 295077.820  54.9%  13.0 2640s
 1152817 910936 559739.574   85  163 654751.090 295095.556  54.9%  13.0 2646s
 1154085 911762 547550.239   69  189 654751.090 295121.871  54.9%  13.0 2650s
 1155387 912891 647982.338  130  148 654751.090 295121.871  54.9%  13.0 2655s
 1157353 913993     cutoff   82      654751.090 295139.481  54.9%  13.1 2660s
 1159300 915590 603888.798  267  154 654751.090 295153.590  54.9%  13.1 2665s
 1161173 916852     cutoff   94      654751.090 295198.705  54.9%  13.1 2670s
 1161881 917432 612401.720  250  155 654751.090 295199.047  54.9%  13.1 2675s
 1163516 918434     cutoff   70      654751.090 295208.825  54.9%  13.1 2680s
H1164656 919125                    654718.03791 295241.851  54.9%  13.1 2683s
 1165137 919464 644138.798   68  166 654718.038 295241.851  54.9%  13.1 2685s
H1165936 919712                    654717.87695 295266.447  54.9%  13.1 2688s
 1166220 919949 646798.105  202  156 654717.877 295266.447  54.9%  13.1 2690s
H1166582 920125                    654529.02859 295269.755  54.9%  13.1 2692s
 1167126 920311 508400.875   67  192 654529.029 295269.755  54.9%  13.1 2695s
H1167406 920503                    654123.67313 295269.755  54.9%  13.1 2696s
 1168344 921226 infeasible  158      654123.673 295297.380  54.9%  13.1 2700s
H1169101 921572                    654123.67281 295309.842  54.9%  13.1 2703s
 1169526 921704 466644.297   61  201 654123.673 295309.842  54.9%  13.2 2705s
 1170222 922092 632230.607   79  161 654123.673 295309.842  54.9%  13.2 2710s
 1171046 922545 infeasible  133      654123.673 295319.306  54.9%  13.2 2715s
H1171267 922767                    654099.40136 295319.306  54.9%  13.2 2716s
 1173054 924036 640400.301   90  159 654099.401 295330.998  54.8%  13.2 2720s
 1174803 925141 635750.789   73  173 654099.401 295344.267  54.8%  13.2 2725s
 1176136 925515     cutoff  105      654099.401 295367.579  54.8%  13.2 2730s
 1178166 927384 599151.858  137  156 654099.401 295375.747  54.8%  13.2 2735s
 1180244 929229 630323.810  108  164 654099.401 295380.374  54.8%  13.2 2740s
 1181498 930340 644087.944  933  148 654099.401 295380.374  54.8%  13.2 2745s
 1182846 931441 496262.409   63  203 654099.401 295394.353  54.8%  13.2 2750s
 1184060 932197 616773.764   74  186 654099.401 295394.353  54.8%  13.2 2755s
 1185937 933008 infeasible  214      654099.401 295435.270  54.8%  13.3 2760s
 1186905 933669 623627.048  324  138 654099.401 295435.628  54.8%  13.3 2765s
 1188388 934845     cutoff  319      654099.401 295439.262  54.8%  13.3 2770s
 1189335 935679 640880.673   80  162 654099.401 295439.262  54.8%  13.3 2776s
 1190841 936049 infeasible   69      654099.401 295459.599  54.8%  13.3 2780s
 1192066 936306 514911.246  106  159 654099.401 295469.513  54.8%  13.3 2785s
 1194806 938290     cutoff   68      654099.401 295469.513  54.8%  13.3 2790s
H1194937 938290                    654088.56810 295469.513  54.8%  13.3 2790s
 1195871 938651 644570.002  213  155 654088.568 295469.513  54.8%  13.4 2795s
 1197196 939179 infeasible  419      654088.568 295469.513  54.8%  13.4 2800s
 1198889 940162 579721.132  177  156 654088.568 295551.729  54.8%  13.4 2805s
 1200056 940624 infeasible  164      654088.568 295569.107  54.8%  13.4 2810s
H1200168 940624                    654088.25930 295569.107  54.8%  13.4 2810s
 1201691 941838 604622.659  543  148 654088.259 295583.010  54.8%  13.4 2816s
H1201984 941838                    654086.96214 295583.010  54.8%  13.4 2817s
 1202489 941979 395245.268   62  228 654086.962 295588.829  54.8%  13.5 2820s
 1203403 942375 640579.906   94  168 654086.962 295588.829  54.8%  13.5 2825s
 1204691 942826 infeasible  138      654086.962 295588.829  54.8%  13.5 2830s
 1207013 944638 644463.464  338  144 654086.962 295604.996  54.8%  13.5 2835s
 1208937 945798 635230.053   68  168 654086.962 295617.827  54.8%  13.5 2840s
 1210537 946445     cutoff   69      654086.962 295617.827  54.8%  13.5 2845s
 1211757 947378 499955.577   63  207 654086.962 295667.676  54.8%  13.5 2850s
 1212570 947945 infeasible   94      654086.962 295667.676  54.8%  13.5 2855s
 1214583 948514 633133.558   76  165 654086.962 295703.015  54.8%  13.6 2860s
 1216395 949424 612169.769   70  173 654086.962 295714.755  54.8%  13.6 2865s
 1218004 950924 474408.394   61  197 654086.962 295717.145  54.8%  13.6 2870s
 1219985 952269 643853.453  135  154 654086.962 295717.145  54.8%  13.6 2875s
 1221697 953131 646518.235   90  156 654086.962 295754.714  54.8%  13.6 2880s
 1223445 954273 343618.071   52  238 654086.962 295803.368  54.8%  13.6 2885s
 1225240 955044 629403.346   66  175 654086.962 295828.176  54.8%  13.6 2890s
 1226078 955633 635950.991   68  174 654086.962 295828.176  54.8%  13.7 2895s
 1227925 956783 644274.883  433  156 654086.962 295846.905  54.8%  13.7 2900s
 1229397 957790 529110.056   63  185 654086.962 295846.905  54.8%  13.7 2905s
H1230557 958232                    654086.80118 295884.895  54.8%  13.7 2909s
 1230668 958233     cutoff   67      654086.801 295884.895  54.8%  13.7 2910s
 1231609 958444 infeasible   67      654086.801 295884.895  54.8%  13.7 2915s
 1232556 958607 520043.357   67  185 654086.801 295919.233  54.8%  13.7 2920s
H1232832 958700                    654079.63877 295919.233  54.8%  13.7 2922s
 1233310 959165 infeasible   76      654079.639 295919.233  54.8%  13.7 2925s
 1234705 959636 635137.339  109  162 654079.639 295919.233  54.8%  13.8 2930s
 1236548 960848 598885.411  574  147 654079.639 295930.761  54.8%  13.8 2935s
H1237288 961183                    654079.47781 295930.761  54.8%  13.8 2940s
 1238730 962097 575058.326  204  150 654079.478 295974.778  54.7%  13.8 2945s
 1240107 962411 510177.924   69  175 654079.478 295982.718  54.7%  13.8 2950s
 1241082 963399 587705.663  268  152 654079.478 295982.718  54.7%  13.9 2955s
 1242919 964314 525523.845   66  186 654079.478 296039.677  54.7%  13.9 2960s
 1244264 965197 543608.668  171  150 654079.478 296066.504  54.7%  13.9 2965s
 1245907 966536 616066.176  520  142 654079.478 296066.504  54.7%  13.9 2971s
 1246055 966698 infeasible  542      654079.478 296068.023  54.7%  13.9 2976s
 1246986 966712 548688.912   59  194 654079.478 296080.058  54.7%  13.9 2980s
 1248476 967518 354003.837   56  242 654079.478 296155.731  54.7%  13.9 2985s
 1250423 968893 643142.282  228  154 654079.478 296181.359  54.7%  13.9 2990s
 1252167 970015 506985.385  147  159 654079.478 296189.887  54.7%  13.9 2995s
 1254419 971690 478394.603   56  221 654079.478 296219.332  54.7%  13.9 3000s
 1255458 972322 infeasible   69      654079.478 296219.332  54.7%  13.9 3005s
 1257224 972809     cutoff   70      654079.478 296224.761  54.7%  13.9 3010s
 1258158 973087 632478.200   99  159 654079.478 296227.833  54.7%  14.0 3015s
 1258946 973431 563911.768   63  181 654079.478 296234.197  54.7%  14.0 3020s
 1259984 974009 625958.418  215  159 654079.478 296234.197  54.7%  14.0 3025s
 1261608 974714 498384.734   70  205 654079.478 296247.823  54.7%  14.0 3030s
 1263610 975889     cutoff   73      654079.478 296289.203  54.7%  14.0 3035s
 1265407 976200     cutoff  365      654079.478 296294.408  54.7%  14.0 3040s
 1267372 976945 570827.376   76  184 654079.478 296299.172  54.7%  14.0 3045s
 1268648 977838 641194.554  176  159 654079.478 296299.172  54.7%  14.0 3050s
H1268928 977849                    654056.23204 296321.633  54.7%  14.0 3050s
 1269441 978046 405605.085   52  226 654056.232 296349.797  54.7%  14.0 3055s
H1269487 978046                    654056.07108 296349.797  54.7%  14.0 3055s
 1269968 978524 589401.994   68  192 654056.071 296349.797  54.7%  14.0 3060s
 1271116 978916 infeasible  121      654056.071 296353.949  54.7%  14.1 3065s
 1272531 980453 609448.377  292  157 654056.071 296356.396  54.7%  14.1 3070s
 1274320 981527     cutoff  159      654056.071 296393.854  54.7%  14.1 3075s
 1275520 981880 593947.930   66  188 654056.071 296397.423  54.7%  14.1 3080s
 1276575 982284 646867.716  121  155 654056.071 296397.423  54.7%  14.1 3085s
 1278537 983810 643397.384  138  156 654056.071 296416.309  54.7%  14.1 3090s
 1279964 984534 infeasible  184      654056.071 296425.095  54.7%  14.1 3095s
 1281511 985488 564422.096   82  166 654056.071 296457.980  54.7%  14.1 3100s
 1283118 987005 648372.055  559  148 654056.071 296461.880  54.7%  14.1 3105s
 1285369 988353     cutoff   99      654056.071 296509.625  54.7%  14.1 3110s
 1286349 988783 625922.768   82  168 654056.071 296511.089  54.7%  14.1 3115s
 1288205 990244 361660.005   48  245 654056.071 296523.993  54.7%  14.1 3120s
 1289815 991463 646475.978   84  168 654056.071 296523.993  54.7%  14.2 3125s
 1291400 991834 513381.880   63  186 654056.071 296540.110  54.7%  14.2 3130s
 1291752 992068 576328.283   67  177 654056.071 296540.110  54.7%  14.2 3136s
 1292890 993023 625722.796  187  160 654056.071 296540.110  54.7%  14.2 3140s
 1294130 993621 534729.736   74  184 654056.071 296563.746  54.7%  14.2 3145s
 1295701 994795 643283.010  140  148 654056.071 296563.746  54.7%  14.2 3150s
H1296297 994941                    654023.97662 296563.746  54.7%  14.2 3152s
H1296348 994981                    654023.81566 296563.746  54.7%  14.2 3153s
 1296826 995171 400863.689   66  221 654023.816 296582.444  54.7%  14.2 3155s
H1297666 995716                    654019.87094 296582.444  54.7%  14.2 3158s
 1297939 995977 633672.102  351  154 654019.871 296582.444  54.7%  14.2 3160s
 1299498 996815 630493.422   67  173 654019.871 296600.116  54.6%  14.2 3165s
 1300346 997226 infeasible   69      654019.871 296616.023  54.6%  14.2 3172s
 1301288 997772 641238.562   77  169 654019.871 296627.976  54.6%  14.3 3175s
H1303420 999249                    653983.54449 296635.729  54.6%  14.3 3180s
 1304908 1000304 646247.491  135  154 653983.544 296690.453  54.6%  14.3 3185s
 1307033 1001840 638769.387   89  159 653983.544 296720.891  54.6%  14.3 3190s
 1308960 1002960 339868.184   50  244 653983.544 296756.995  54.6%  14.3 3195s
H1309695 1003221                    653975.06626 296763.263  54.6%  14.3 3197s
 1310555 1003688 620134.632   78  165 653975.066 296775.287  54.6%  14.3 3200s
 1311782 1003915 623106.682   74  182 653975.066 296777.710  54.6%  14.3 3205s
 1312989 1004327 360583.751   52  235 653975.066 296811.715  54.6%  14.3 3210s
 1313823 1004770 646548.936   84  164 653975.066 296811.715  54.6%  14.4 3215s
 1314700 1005138 552681.234  251  140 653975.066 296815.939  54.6%  14.4 3220s
 1315872 1005199 648266.729   68  177 653975.066 296815.939  54.6%  14.4 3225s
 1317182 1005572 652104.854   75  175 653975.066 296850.172  54.6%  14.4 3230s
 1318188 1005924 infeasible   75      653975.066 296850.172  54.6%  14.4 3235s
H1318190 1005924                    653974.90530 296850.172  54.6%  14.4 3235s
 1319807 1006675     cutoff  316      653974.905 296879.640  54.6%  14.5 3240s
 1321248 1007594 565801.673   89  161 653974.905 296885.721  54.6%  14.5 3245s
 1324076 1009264 637648.049  447  149 653974.905 296896.502  54.6%  14.5 3250s
 1324818 1009776 607711.959   71  195 653974.905 296901.795  54.6%  14.5 3255s
 1325847 1010074     cutoff   94      653974.905 296901.795  54.6%  14.5 3260s
 1327322 1010645 infeasible  225      653974.905 296909.582  54.6%  14.5 3266s
 1328807 1011316 infeasible   78      653974.905 296944.963  54.6%  14.5 3270s
 1329948 1011440     cutoff   77      653974.905 296944.963  54.6%  14.5 3275s
 1330843 1012061 585383.560   72  194 653974.905 296965.143  54.6%  14.6 3280s
 1332247 1012927 506179.605   61  209 653974.905 296968.700  54.6%  14.6 3285s
 1334226 1014101 327098.275   47  265 653974.905 296990.901  54.6%  14.6 3290s
 1335774 1014954 647203.920  119  155 653974.905 297008.791  54.6%  14.6 3295s
 1337527 1016174 infeasible  490      653974.905 297037.909  54.6%  14.6 3300s
 1339248 1017199     cutoff   71      653974.905 297062.613  54.6%  14.6 3305s
 1340021 1017531 444902.457   65  188 653974.905 297072.510  54.6%  14.6 3310s
 1342242 1020049 618568.910  496  140 653974.905 297072.510  54.6%  14.6 3315s
 1343771 1020600 605634.951   67  186 653974.905 297075.931  54.6%  14.6 3320s
 1344312 1020600 640722.126   70  176 653974.905 297075.931  54.6%  14.6 3325s
 1345110 1020740     cutoff   70      653974.905 297098.388  54.6%  14.7 3330s
 1346917 1022069 376865.454   55  238 653974.905 297129.234  54.6%  14.6 3335s
 1348554 1023437 521526.991   66  209 653974.905 297132.064  54.6%  14.6 3340s
 1349589 1024023 618240.063   94  157 653974.905 297132.064  54.6%  14.7 3345s
 1351187 1025302 646173.093  173  161 653974.905 297160.278  54.6%  14.7 3351s
 1352552 1026119     cutoff  107      653974.905 297182.220  54.6%  14.7 3355s
 1354226 1027457 516330.433   66  206 653974.905 297192.839  54.6%  14.7 3360s
 1355059 1027953 625312.851   73  182 653974.905 297192.839  54.6%  14.7 3365s
 1356217 1028162 647758.667   75  171 653974.905 297192.839  54.6%  14.7 3370s
 1357797 1029004 646579.863  120  153 653974.905 297248.822  54.5%  14.8 3375s
 1359604 1030211 413252.362   51  226 653974.905 297264.613  54.5%  14.8 3380s
 1360876 1030617 647156.579   67  182 653974.905 297270.149  54.5%  14.8 3385s
 1361728 1031015     cutoff   67      653974.905 297270.149  54.5%  14.8 3390s
 1362636 1031790     cutoff   70      653974.905 297282.613  54.5%  14.8 3396s
 1363594 1032178 infeasible   71      653974.905 297282.613  54.5%  14.8 3400s
 1364611 1032623 614979.129  116  167 653974.905 297314.036  54.5%  14.8 3405s
 1366345 1033490 623193.306   75  176 653974.905 297335.669  54.5%  14.9 3410s
H1367300 1034332                    653971.15779 297335.669  54.5%  14.9 3413s
 1367523 1034364 634183.150  110  165 653971.158 297335.669  54.5%  14.8 3415s
 1368730 1034843 583812.216  101  155 653971.158 297410.500  54.5%  14.9 3420s
H1369777 1035185                    653970.99683 297430.402  54.5%  14.9 3424s
 1369901 1035249 infeasible   75      653970.997 297430.402  54.5%  14.9 3425s
 1371062 1036041 574502.066  315  156 653970.997 297447.465  54.5%  14.9 3430s
 1373075 1037276 325595.395   39  260 653970.997 297464.592  54.5%  14.9 3435s
 1374321 1037534 infeasible   66      653970.997 297489.537  54.5%  14.9 3440s
H1374610 1037646                    653846.26898 297489.537  54.5%  14.9 3441s
 1375484 1038553 infeasible  385      653846.269 297492.657  54.5%  14.9 3445s
 1376979 1039933 461391.461   60  224 653846.269 297503.309  54.5%  14.9 3450s
 1378328 1041035 612790.717   73  180 653846.269 297503.309  54.5%  14.9 3455s
 1379896 1041594     cutoff  116      653846.269 297527.144  54.5%  14.9 3460s
 1381498 1041887 infeasible   72      653846.269 297548.031  54.5%  15.0 3465s
 1383908 1043285 576682.876  436  153 653846.269 297556.350  54.5%  15.0 3470s
 1386157 1044457 644979.663  166  157 653846.269 297559.199  54.5%  15.0 3475s
 1387620 1045243     cutoff  170      653846.269 297608.476  54.5%  15.0 3482s
 1388664 1046090 618503.252  231  165 653846.269 297608.476  54.5%  15.0 3485s
 1390142 1046909 578452.263   71  184 653846.269 297625.811  54.5%  15.0 3490s
 1392434 1047681 infeasible  138      653846.269 297660.169  54.5%  15.0 3495s
 1394288 1049022 627624.303  563  145 653846.269 297660.169  54.5%  15.0 3500s
 1396125 1049909 399986.186   60  226 653846.269 297696.384  54.5%  15.0 3505s
 1396999 1050290 596169.028   73  182 653846.269 297696.384  54.5%  15.0 3510s
 1398652 1051691 537637.617  127  159 653846.269 297719.911  54.5%  15.0 3518s
 1399464 1052404 538957.041  200  162 653846.269 297719.911  54.5%  15.0 3520s
H1401613 1054234                    653846.13312 297726.534  54.5%  15.0 3525s
 1402755 1055049 549277.113  160  151 653846.133 297743.782  54.5%  15.0 3530s
 1403919 1055444 641170.094   66  178 653846.133 297749.789  54.5%  15.1 3535s
 1405657 1056757 640575.655  185  162 653846.133 297757.759  54.5%  15.1 3540s
H1405920 1056943                    653774.78889 297761.758  54.5%  15.1 3541s
 1406912 1057439 542571.429  146  161 653774.789 297763.248  54.5%  15.1 3545s
H1407236 1057477                    653774.78437 297763.248  54.5%  15.1 3546s
 1407657 1057928 571847.810  210  146 653774.784 297777.214  54.5%  15.1 3550s
 1408746 1058146 604412.841   63  181 653774.784 297783.503  54.5%  15.1 3555s
 1409997 1058807 533076.110   93  163 653774.784 297813.089  54.4%  15.1 3560s
 1412206 1060178 648119.037  401  150 653774.784 297815.271  54.4%  15.1 3565s
 1414315 1061696 648127.889  840  149 653774.784 297815.271  54.4%  15.1 3570s
 1416967 1063783     cutoff  121      653774.784 297854.614  54.4%  15.1 3575s
 1419748 1066358 609387.409  423  143 653774.784 297877.678  54.4%  15.1 3580s
 1421096 1067453 625703.728  230  155 653774.784 297878.199  54.4%  15.1 3585s
 1422757 1068499 647251.080  274  141 653774.784 297899.984  54.4%  15.1 3590s
 1424540 1069933 440580.815   56  214 653774.784 297938.219  54.4%  15.1 3595s
 1426276 1071298 608833.645   93  163 653774.784 297938.219  54.4%  15.1 3600s

Cutting planes:
  Gomory: 21
  Implied bound: 47
  MIR: 101
  StrongCG: 2
  Flow cover: 354
  Zero half: 2
  RLT: 36

Explored 1426495 nodes (21494668 simplex iterations) in 3600.04 seconds (1821.07 work units)
Thread count was 2 (of 24 available processors)

Solution count 10: 653775 653846 653846 ... 654024

Time limit reached
Best objective 6.537747843706e+05, best bound 2.979382194959e+05, gap 54.4280%
