
Gurobi 11.0.3 (linux64, Java) logging started dom 24 nov 2024 04:00:15 -03

Set parameter Username
Academic license - for non-commercial use only - expires 2025-10-10
Set parameter NonConvex to value 2
Set parameter TimeLimit to value 3600
Set parameter LogToConsole to value 0
Set parameter MIPGap to value 2.5029985070196468e-07
Set parameter Threads to value 2
Set parameter NodefileDir to value "/home/ps12398/experiment_hosp/goalProgrammingMarcos/"
Set parameter NodefileStart to value 1
Gurobi Optimizer version 11.0.3 build v11.0.3rc0 (linux64)

CPU model: Intel(R) Xeon(R) CPU           X5650  @ 2.67GHz, instruction set [SSE2]
Thread count: 12 physical cores, 24 logical processors, using up to 2 threads

Optimize a model with 57864 rows, 39068 columns and 204686 nonzeros
Model fingerprint: 0x8d9e5ead
Model has 144 quadratic constraints
Variable types: 19466 continuous, 19602 integer (139 binary)
Coefficient statistics:
  Matrix range     [7e-03, 6e+05]
  QMatrix range    [7e-03, 2e+04]
  QLMatrix range   [1e+00, 2e+04]
  Objective range  [2e+00, 8e+06]
  Bounds range     [1e+00, 1e+08]
  RHS range        [1e+00, 4e+04]
  QRHS range       [8e-02, 8e-02]
Presolve removed 57417 rows and 38331 columns
Presolve time: 0.13s
Presolved: 1153 rows, 958 columns, 26953 nonzeros
Presolved model has 2 SOS constraint(s)
Presolved model has 139 bilinear constraint(s)

Solving non-convex MIQCP

Variable types: 461 continuous, 497 integer (141 binary)
Found heuristic solution: objective 1785392.3233

Root relaxation: objective 0.000000e+00, 68 iterations, 0.00 seconds (0.00 work units)

    Nodes    |    Current Node    |     Objective Bounds      |     Work
 Expl Unexpl |  Obj  Depth IntInf | Incumbent    BestBd   Gap | It/Node Time

     0     0    0.00000    0  132 1785392.32    0.00000   100%     -    0s
H    0     0                    232934.03315    0.00000   100%     -    0s
H    0     0                    224148.22646    0.00000   100%     -    0s
     0     0    0.00000    0  121 224148.226    0.00000   100%     -    0s
H    0     0                    38540.655661    0.00000   100%     -    0s
     0     0    0.00000    0  114 38540.6557    0.00000   100%     -    0s
     0     0    0.00000    0  116 38540.6557    0.00000   100%     -    0s
H    0     0                    30010.318309    0.00000   100%     -    0s
     0     0    0.00000    0  116 30010.3183    0.00000   100%     -    0s
     0     0    0.00000    0  116 30010.3183    0.00000   100%     -    0s
     0     0    0.00000    0  116 30010.3183    0.00000   100%     -    1s
H    0     0                       0.0000000    0.00000  0.00%     -    1s
     0     0    0.00000    0  116    0.00000    0.00000  0.00%     -    1s

Cutting planes:
  Gomory: 2
  Implied bound: 2
  MIR: 16
  RLT: 1

Explored 1 nodes (114 simplex iterations) in 1.19 seconds (0.28 work units)
Thread count was 2 (of 24 available processors)

Solution count 6: 0 30010.3 38540.7 ... 1.78539e+06

Optimal solution found (tolerance 2.50e-07)
Best objective 0.000000000000e+00, best bound 0.000000000000e+00, gap 0.0000%
