
Gurobi 11.0.3 (linux64, Java) logging started sáb 23 nov 2024 08:23:40 -03

Set parameter Username
Academic license - for non-commercial use only - expires 2025-10-10
Set parameter NonConvex to value 2
Set parameter TimeLimit to value 3600
Set parameter LogToConsole to value 0
Set parameter MIPGap to value 2.5029985070196468e-07
Set parameter Threads to value 2
Set parameter NodefileDir to value "/home/ps12398/experiment_hosp/goalProgrammingMarcos/"
Set parameter NodefileStart to value 1
Gurobi Optimizer version 11.0.3 build v11.0.3rc0 (linux64)

CPU model: Intel(R) Xeon(R) CPU           X5650  @ 2.67GHz, instruction set [SSE2]
Thread count: 12 physical cores, 24 logical processors, using up to 2 threads

Optimize a model with 57864 rows, 39068 columns and 204686 nonzeros
Model fingerprint: 0xbde4da75
Model has 144 quadratic constraints
Variable types: 19466 continuous, 19602 integer (139 binary)
Coefficient statistics:
  Matrix range     [7e-03, 6e+05]
  QMatrix range    [7e-03, 2e+04]
  QLMatrix range   [1e+00, 2e+04]
  Objective range  [2e+00, 8e+06]
  Bounds range     [1e+00, 1e+08]
  RHS range        [1e+00, 5e+05]
Presolve removed 57417 rows and 38331 columns
Presolve time: 0.13s
Presolved: 1153 rows, 958 columns, 26953 nonzeros
Presolved model has 2 SOS constraint(s)
Presolved model has 139 bilinear constraint(s)

Solving non-convex MIQCP

Variable types: 461 continuous, 497 integer (141 binary)
Found heuristic solution: objective 2566307.6944

Root relaxation: objective 0.000000e+00, 171 iterations, 0.01 seconds (0.00 work units)

    Nodes    |    Current Node    |     Objective Bounds      |     Work
 Expl Unexpl |  Obj  Depth IntInf | Incumbent    BestBd   Gap | It/Node Time

     0     0    0.00000    0  212 2566307.69    0.00000   100%     -    0s
H    0     0                    2515396.2433    0.00000   100%     -    0s
     0     0 268540.841    0  258 2515396.24 268540.841  89.3%     -    0s
     0     0 268854.507    0  257 2515396.24 268854.507  89.3%     -    0s
     0     0 280301.045    0  274 2515396.24 280301.045  88.9%     -    0s
     0     0 285386.777    0  276 2515396.24 285386.777  88.7%     -    0s
     0     0 285386.777    0  280 2515396.24 285386.777  88.7%     -    0s
     0     0 285386.777    0  282 2515396.24 285386.777  88.7%     -    0s
     0     0 285386.777    0  289 2515396.24 285386.777  88.7%     -    1s
     0     0 285386.777    0  289 2515396.24 285386.777  88.7%     -    1s
     0     2 285386.777    0  288 2515396.24 285386.777  88.7%     -    1s
H   63    70                    1866904.5300 298742.261  84.0%  32.5    1s
H  374   376                    964023.58715 298742.261  69.0%  17.7    2s
H  411   414                    935225.92766 298742.261  68.1%  16.5    2s
H 1465  1532                    935072.91480 298742.261  68.1%   7.1    3s
H 1582  1584                    929842.23069 298742.261  67.9%   6.6    3s
H 2049  2052                    925182.72766 298742.261  67.7%   6.2    3s
H 3172  3199                    923804.61349 300138.571  67.5%   6.0    4s
H 3239  3199                    917411.51305 300138.571  67.3%   6.1    4s
  3345  3365 738037.857  333  143 917411.513 300138.571  67.3%   6.5    5s
H 3424  3409                    917144.85569 300138.571  67.3%   6.7    5s
H 3453  3409                    916773.96810 300138.571  67.3%   6.8    5s
H 3752  3514                    915988.34092 367063.818  59.9%   7.0    6s
H 3764  3346                    915988.34051 389731.732  57.5%   7.0    9s
H 3768  3180                    915543.46658 389952.415  57.4%   7.0    9s
  3770  3182 835540.490  594  188 915543.467 390042.958  57.4%   7.0   10s
  3806  3207 867857.712  984  193 915543.467 398262.972  56.5%   7.7   15s
  3823  3222 410596.836   28  278 915543.467 400717.498  56.2%   8.2   20s
H 3850  3077                    915053.53561 414921.274  54.7%   8.7   23s
  3860  3085 461448.939   37  231 915053.536 414921.274  54.7%   8.9   25s
  3891  3106 487653.767   46  203 915053.536 414921.274  54.7%   9.0   30s
H 3906  2964                    914163.13703 414921.274  54.6%   9.1   32s
  3927  2979 545571.360   55  175 914163.137 414921.274  54.6%   9.2   35s
H 3934  2844                    908597.30154 414921.274  54.3%   9.2   35s
H 3996  2741                    906229.09032 414921.274  54.2%   9.3   36s
H 4076  2691                    905737.69866 414921.274  54.2%   9.2   38s
H 4102  2558                    902832.01815 414921.274  54.0%   9.1   38s
H 4204  2527                    879552.84690 414921.274  52.8%   9.0   39s
H 4470  2619                    879367.19306 414921.274  52.8%   8.7   39s
H 4523  2494                    876177.65930 414921.274  52.6%   8.6   39s
  4524  2580 623780.159  207  149 876177.659 414921.274  52.6%   8.6   40s
H 4603  2452                    874793.48631 414921.274  52.6%   8.5   40s
H 4714  2500                    871468.78118 414921.274  52.4%   8.5   40s
H 4917  2467                    870444.72308 414921.274  52.3%   8.5   41s
H 4981  2426                    870184.99966 414921.274  52.3%   8.5   41s
H 5275  2535                    868006.81384 414921.274  52.2%   8.7   42s
H 5370  2519                    866785.67420 414921.274  52.1%   8.7   42s
H 5473  2513                    866000.77356 414921.274  52.1%   8.9   43s
H 6002  2946                    865216.58074 414921.274  52.0%   9.6   45s
H 6336  3017                    865216.55515 414921.274  52.0%  10.4   45s
H 7062  3462                    864698.10256 414921.274  52.0%  12.0   47s
H 7157  3369                    863391.01755 414921.274  51.9%  12.0   47s
H 7447  3796                    862803.67504 414921.274  51.9%  12.4   49s
H 7537  3796                    860782.54960 414921.274  51.8%  12.6   49s
  7930  4437 825926.675 1017  116 860782.550 414921.274  51.8%  13.0   50s
H 8638  4877                    857486.71794 414921.274  51.6%  13.4   51s
H 9942  6004                    851207.04971 415093.660  51.2%  13.2   55s
H10783  6908                    850620.08138 415093.660  51.2%  13.4   58s
 11569  7733 742884.714  430  140 850620.081 415093.660  51.2%  13.3   60s
H11858  7870                    850148.06928 415093.660  51.2%  13.3   60s
H12348  8184                    847643.38394 415093.660  51.0%  13.4   62s
H12667  8521                    847643.38223 415093.660  51.0%  13.6   63s
H12802  8674                    846654.03704 415093.660  51.0%  13.5   64s
H12925  8670                    845762.87467 415093.660  50.9%  13.5   64s
 13093  8896 797434.324  777  129 845762.875 415093.660  50.9%  13.5   65s
H14076  9843                    845186.58419 415093.660  50.9%  14.0   67s
 14554 10091 821550.137 1123  127 845186.584 415093.660  50.9%  14.3   70s
 15958 11563 841310.430 1612  130 845186.584 415093.660  50.9%  14.0   75s
 18234 13874 712206.273  518  136 845186.584 424116.250  49.8%  13.6   80s
 20282 15987 794509.587  949  122 845186.584 424116.250  49.8%  13.2   85s
*20715 10457            1082    803012.06773 424487.164  47.1%  13.0   86s
 22547 11987 582976.935  137  156 803012.068 424609.603  47.1%  12.7   90s
 25059 14403 761845.639  767  126 803012.068 424609.603  47.1%  12.1   95s
 27671 16912 748326.912  538  144 803012.068 426128.807  46.9%  11.8  100s
 28770 17865 654298.007  163  154 803012.068 427470.625  46.8%  11.9  105s
 30822 19841 475768.357   42  233 803012.068 429296.703  46.5%  11.9  110s
H33685 22388                    802944.71968 430571.863  46.4%  11.6  115s
 36110 24721 796562.312  980  137 802944.720 434068.274  45.9%  11.3  120s
H37556 25931                    802455.79003 435535.720  45.7%  11.4  123s
 38473 27019 731102.432  423  143 802455.790 435544.179  45.7%  11.4  125s
H39628 27941                    802020.52024 436503.515  45.6%  11.5  127s
 40589 29008 630541.910   67  167 802020.520 437493.767  45.5%  11.5  130s
 42783 31086 750583.850  693  137 802020.520 437493.767  45.5%  11.3  135s
 45829 34014 762958.127 1586  138 802020.520 437493.767  45.5%  11.0  140s
 48027 36042 783761.634 2148  118 802020.520 437493.767  45.5%  11.0  145s
H48896 36776                    799328.74194 437493.767  45.3%  10.9  147s
 49925 37465 473766.956   38  247 799328.742 442806.419  44.6%  10.9  150s
 52115 39685 743893.267  558  145 799328.742 443695.247  44.5%  10.8  155s
 54750 41966 789621.929  280  147 799328.742 444508.698  44.4%  10.9  160s
 57992 45010 797454.499  888  132 799328.742 445749.882  44.2%  11.0  165s
 60855 47678 775619.247  435  137 799328.742 446174.148  44.2%  10.9  170s
 64042 50586 774405.781  203  150 799328.742 447360.923  44.0%  10.8  175s
 67061 53401 705965.040  256  151 799328.742 447819.936  44.0%  10.8  180s
 70589 56212 783416.236  275  145 799328.742 449934.361  43.7%  10.9  185s
 73107 58631 541214.666   48  213 799328.742 451820.506  43.5%  11.0  190s
 75931 61222 513036.596   44  236 799328.742 452964.477  43.3%  11.0  195s
 78532 63613 736947.693  710  143 799328.742 453202.155  43.3%  10.9  200s
 80682 65520     cutoff  517      799328.742 454232.310  43.2%  11.0  205s
 83718 68274 793625.862  705  122 799328.742 454232.310  43.2%  11.1  210s
H85526 69684                    799301.45909 454968.952  43.1%  11.0  212s
H86569 70608                    799215.01303 455276.191  43.0%  11.1  214s
 86592 70962 709809.589  145  152 799215.013 455276.191  43.0%  11.1  215s
H87751 71579                    798690.15582 455403.078  43.0%  11.1  216s
 89271 73057 570255.204   55  184 798690.156 455839.525  42.9%  11.0  220s
 91010 74700 693788.235  278  149 798690.156 456124.759  42.9%  11.1  225s
 93484 77124 461167.916   40  248 798690.156 457106.838  42.8%  11.1  230s
 95670 78871 776760.808  410  136 798690.156 457819.833  42.7%  11.1  235s
 97588 80601 740273.245   89  155 798690.156 458218.535  42.6%  11.0  240s
 100195 82885 771500.156  370  142 798690.156 458484.659  42.6%  11.1  245s
 101963 84423 683717.286   63  172 798690.156 458708.872  42.6%  11.2  250s
 103864 86023 762998.336  273  145 798690.156 459128.965  42.5%  11.2  255s
 106277 88120 562841.055   50  208 798690.156 460148.781  42.4%  11.2  260s
 108396 89955 795968.864  268  140 798690.156 460811.478  42.3%  11.3  265s
 109713 91218 736493.157   87  154 798690.156 461354.992  42.2%  11.4  270s
 111981 92950     cutoff  262      798690.156 462208.550  42.1%  11.4  275s
 114253 95056     cutoff   62      798690.156 462414.815  42.1%  11.4  280s
 116444 97239 680991.088  142  158 798690.156 462915.196  42.0%  11.5  285s
 118551 98581 796623.205  374  122 798690.156 463098.554  42.0%  11.6  290s
 120742 100358 723682.505  227  157 798690.156 463376.529  42.0%  11.5  295s
 122866 102075 663047.319  220  138 798690.156 463635.372  42.0%  11.5  300s
 124664 103811 710051.987   59  173 798690.156 463825.281  41.9%  11.6  305s
*127108 104098            2046    796792.55169 463959.664  41.8%  11.5  308s
H127350 103889                    796345.91807 463959.664  41.7%  11.5  309s
 127510 103938 770688.387  383  139 796345.918 463959.664  41.7%  11.5  310s
H127681 103743                    795591.06423 464133.674  41.7%  11.5  311s
H127779 103818                    795378.74651 464133.674  41.6%  11.5  311s
H127894 103589                    794696.82529 464133.674  41.6%  11.5  312s
H128046 103662                    794461.55641 464179.852  41.6%  11.5  313s
 128609 104334 752896.733   99  153 794461.556 464602.696  41.5%  11.5  315s
H129058 104569                    794461.55625 464634.076  41.5%  11.5  316s
 130273 105871 473922.323   41  248 794461.556 464684.770  41.5%  11.6  320s
 132813 108003 792262.732  415  147 794461.556 464750.177  41.5%  11.5  325s
H134579 108668                    794179.04609 464993.196  41.4%  11.5  329s
 134728 108752 666821.574   51  160 794179.046 465200.223  41.4%  11.5  330s
 136197 110238 641598.964   92  161 794179.046 465430.056  41.4%  11.5  335s
 137939 111715 746799.837  524  140 794179.046 465487.611  41.4%  11.6  340s
 139564 113154 530969.354   46  226 794179.046 465788.304  41.3%  11.6  345s
 141369 114685 759747.489  128  159 794179.046 466180.784  41.3%  11.7  350s
 142523 115641 740902.620   64  162 794179.046 466590.016  41.2%  11.8  355s
 144616 117209 499402.700   35  251 794179.046 466973.386  41.2%  11.8  360s
 146561 119065 642145.295   76  162 794179.046 467514.566  41.1%  11.9  365s
 149551 121664 762098.033  284  143 794179.046 467893.005  41.1%  11.8  370s
 152095 123665 762503.466  101  154 794179.046 468218.456  41.0%  11.8  375s
 153672 125281     cutoff  185      794179.046 468433.606  41.0%  11.9  380s
 156129 127768 757172.447  168  149 794179.046 468469.458  41.0%  11.8  385s
 158436 129670 489651.215   43  231 794179.046 468505.114  41.0%  11.7  390s
 160282 131197 764635.207  207  155 794179.046 468788.016  41.0%  11.8  395s
 161772 132293 749284.141  249  137 794179.046 469055.765  40.9%  11.9  400s
 164005 134273 785331.076  371  137 794179.046 469362.461  40.9%  11.9  405s
 166301 136275 493590.645   39  243 794179.046 469759.442  40.8%  11.9  410s
 168161 137961 726099.674  207  149 794179.046 470002.221  40.8%  11.9  415s
H169503 136579                    791126.92601 470004.115  40.6%  11.9  418s
H169662 135749                    789815.05116 470024.289  40.5%  11.9  418s
 170094 136197 648511.571   57  176 789815.051 470041.838  40.5%  11.9  420s
H170421 135523                    789300.11784 470050.799  40.4%  11.9  421s
H170506 135083                    788913.46214 470093.942  40.4%  11.9  421s
H170625 135207                    788897.76166 470099.419  40.4%  11.9  422s
H171177 132488                    785741.47308 470099.419  40.2%  11.9  424s
 171490 132530 780679.694  439  154 785741.473 470189.229  40.2%  11.9  425s
 173063 133784 infeasible   62      785741.473 470598.003  40.1%  12.0  430s
 174351 135052 681180.228   60  173 785741.473 471126.442  40.0%  12.0  435s
 176827 137216 775460.517  928   20 785741.473 471449.778  40.0%  12.0  440s
 178906 138779 750347.631  246  154 785741.473 471664.720  40.0%  11.9  445s
 180938 140612 663363.040   58  182 785741.473 472099.978  39.9%  12.0  450s
 184133 143469 512245.282   39  246 785741.473 472209.205  39.9%  11.9  455s
 185934 145058     cutoff  403      785741.473 472595.606  39.9%  11.9  460s
 187520 146121     cutoff  116      785741.473 472952.308  39.8%  12.0  465s
 189884 148509 496318.906   39  229 785741.473 473162.751  39.8%  11.9  470s
 191996 150526 716902.993  389  141 785741.473 473279.582  39.8%  11.9  475s
 194007 152277     cutoff  194      785741.473 473409.659  39.7%  11.9  480s
 196098 154076     cutoff   58      785741.473 473581.543  39.7%  11.9  485s
 197635 155217 762308.504  287  141 785741.473 473886.578  39.7%  12.0  490s
 199555 156824 626687.280   65  164 785741.473 474205.381  39.6%  12.1  495s
 201443 158509 777565.959  606  131 785741.473 474388.797  39.6%  12.1  500s
 203251 159877 776079.952   53  197 785741.473 474562.699  39.6%  12.2  505s
H203483 158505                    784272.52878 474665.622  39.5%  12.2  506s
H203639 158633                    784260.87773 474665.622  39.5%  12.2  507s
H203913 157948                    783711.57042 474665.622  39.4%  12.2  507s
H204027 157502                    783381.33612 474734.645  39.4%  12.2  508s
 204971 158346 729832.539   55  188 783381.336 474772.355  39.4%  12.2  510s
 207296 160434 733359.301  119  150 783381.336 474978.707  39.4%  12.3  515s
 208805 161543 770591.854   89  157 783381.336 475477.863  39.3%  12.3  520s
 210251 162647 599443.725   44  236 783381.336 475852.757  39.3%  12.4  525s
 210715 162875 515765.435   42  233 783381.336 475856.312  39.3%  12.4  531s
 211326 163410 543754.860   45  228 783381.336 476073.000  39.2%  12.5  535s
 213446 165252 692273.526  169  156 783381.336 476284.790  39.2%  12.5  540s
 215081 166746 732593.028  133  153 783381.336 476459.136  39.2%  12.5  545s
 216970 168225 530531.648   42  229 783381.336 476647.516  39.2%  12.5  550s
 218646 169539 760797.869  129  149 783381.336 476826.485  39.1%  12.5  555s
 220560 171062 617903.102   47  193 783381.336 477041.700  39.1%  12.6  560s
 222290 172601 764518.557  527  151 783381.336 477368.991  39.1%  12.6  565s
 224460 174340 636491.092   55  193 783381.336 477650.630  39.0%  12.6  570s
 226462 176068 765891.324   70  156 783381.336 477974.577  39.0%  12.7  575s
 228710 178091 760026.624  523  133 783381.336 478103.755  39.0%  12.6  580s
 230317 179396 551143.938   49  225 783381.336 478280.836  38.9%  12.7  585s
 232646 181465 754474.555  266  143 783381.336 478516.205  38.9%  12.7  590s
 234542 183205 724437.825  432  151 783381.336 478646.618  38.9%  12.7  595s
 236561 184549     cutoff   61      783381.336 478822.833  38.9%  12.7  600s
H237016 184836                    783381.33049 478861.369  38.9%  12.7  601s
H237128 181916                    781626.89178 478921.365  38.7%  12.7  601s
H238263 182053                    781038.08400 478932.932  38.7%  12.7  605s
H238379 182302                    781038.07814 478932.932  38.7%  12.7  605s
 239725 183410 725967.801  175  151 781038.078 478999.122  38.7%  12.7  610s
 241690 185258     cutoff   96      781038.078 479048.576  38.7%  12.7  615s
 243136 186521 701778.996  241  150 781038.078 479155.908  38.7%  12.8  620s
H245064 186586                    779929.63326 479272.211  38.5%  12.7  624s
 245229 186805 747949.552  159  158 779929.633 479310.855  38.5%  12.7  625s
 247587 188587 588289.514   50  201 779929.633 479564.723  38.5%  12.8  630s
H249882 190353                    779910.61337 479754.169  38.5%  12.8  634s
 249961 190598 771512.947   76  157 779910.613 479762.377  38.5%  12.8  635s
 252736 192767 602968.082   49  206 779910.613 480016.834  38.5%  12.9  640s
H255249 194539                    779836.04945 480314.316  38.4%  12.9  645s
 257316 196511 715571.498   73  157 779836.049 480529.840  38.4%  12.9  650s
 259091 197779 491634.445   42  240 779836.049 480686.741  38.4%  13.0  655s
 260797 199118     cutoff  185      779836.049 480837.943  38.3%  13.0  660s
 262322 200756 735297.772  261  157 779836.049 480943.081  38.3%  13.0  665s
 264156 202276     cutoff   54      779836.049 481023.300  38.3%  13.0  670s
 265727 203758 706564.731  123  151 779836.049 481168.074  38.3%  13.0  675s
 268497 205907     cutoff  453      779836.049 481231.524  38.3%  13.0  680s
 269871 207053 684367.338   52  192 779836.049 481384.955  38.3%  13.0  685s
 271932 208976 759873.115  509  142 779836.049 481410.350  38.3%  13.0  690s
 273733 210214 777285.174   67  171 779836.049 481659.562  38.2%  13.0  695s
 275435 211148 733341.682  110  154 779836.049 481775.775  38.2%  13.1  700s
 278050 213472 630180.800   51  173 779836.049 481860.820  38.2%  13.0  705s
 280058 215036 608807.411   51  212 779836.049 482097.809  38.2%  13.1  710s
 282268 217175 734052.922  237  144 779836.049 482229.657  38.2%  13.1  715s
 284226 218680 703962.073  100  164 779836.049 482416.356  38.1%  13.1  720s
 285634 219669 596171.818   51  217 779836.049 482609.370  38.1%  13.2  725s
 287657 221386 497776.686   41  237 779836.049 482671.848  38.1%  13.2  730s
 289531 222782 758692.619  101  157 779836.049 482745.265  38.1%  13.2  735s
 291426 224425 693018.349  336  147 779836.049 482833.014  38.1%  13.2  740s
 293060 225920 748831.420  570  138 779836.049 482833.014  38.1%  13.2  745s
 295050 227373 544693.309   44  223 779836.049 483000.399  38.1%  13.2  750s
H296024 227988                    779806.42509 483112.216  38.0%  13.2  752s
 296644 228801 718722.726  149  155 779806.425 483138.648  38.0%  13.2  755s
H297244 229195                    779806.42498 483138.648  38.0%  13.2  756s
H297604 229673                    779801.66092 483138.648  38.0%  13.2  757s
H297883 229416                    779651.71629 483149.955  38.0%  13.2  758s
H298284 229626                    779580.02506 483167.391  38.0%  13.2  760s
 299485 230660     cutoff   59      779580.025 483274.138  38.0%  13.2  765s
H300649 231327                    779469.14002 483396.713  38.0%  13.3  768s
 301137 231936 728424.806   86  163 779469.140 483411.744  38.0%  13.3  770s
 303269 233677 766724.412   70  163 779469.140 483514.173  38.0%  13.3  775s
 304703 234872     cutoff   60      779469.140 483727.695  37.9%  13.3  780s
 305375 235275     cutoff   63      779469.140 483766.024  37.9%  13.3  787s
 306273 236478 756169.822  283  147 779469.140 483768.500  37.9%  13.3  790s
H307770 237233                    779356.86586 483860.123  37.9%  13.3  794s
 308115 237789     cutoff  170      779356.866 483869.758  37.9%  13.4  795s
 310046 239503 736915.919  344  151 779356.866 483870.743  37.9%  13.3  800s
H311146 240087                    779213.31155 483870.743  37.9%  13.3  802s
 312255 240996 769568.042  983  125 779213.312 483870.743  37.9%  13.3  805s
H312623 240329                    778587.57247 483870.743  37.9%  13.3  806s
 313752 241139 774300.465   75  163 778587.572 484031.869  37.8%  13.3  810s
 315625 242819 766719.658  110  154 778587.572 484093.807  37.8%  13.3  815s
 317265 244223 762314.143   61  168 778587.572 484233.152  37.8%  13.4  820s
 319176 245684 750228.085  135  149 778587.572 484389.158  37.8%  13.4  825s
 321427 247431 575060.563   44  226 778587.572 484507.382  37.8%  13.4  830s
 323374 249010     cutoff   66      778587.572 484641.761  37.8%  13.4  835s
 325290 250402     cutoff  247      778587.572 484819.979  37.7%  13.4  840s
 326563 251477 587557.211   49  215 778587.572 484896.747  37.7%  13.5  845s
 328171 252974 507364.566   41  228 778587.572 485049.875  37.7%  13.5  850s
 330139 254371     cutoff   82      778587.572 485131.247  37.7%  13.5  855s
 331745 255662 751005.785   95  157 778587.572 485255.390  37.7%  13.5  860s
 333348 257145 508921.684   39  255 778587.572 485394.129  37.7%  13.6  865s
 335819 259023 734793.511   63  167 778587.572 485547.507  37.6%  13.5  870s
 338221 261253 622173.774   54  181 778587.572 485622.268  37.6%  13.5  875s
 339893 262556     cutoff  117      778587.572 485681.965  37.6%  13.5  880s
 341511 263913 621915.831   48  210 778587.572 485814.043  37.6%  13.5  885s
 343554 265690 611381.121   48  198 778587.572 485907.352  37.6%  13.6  890s
H344553 265444                    778152.10739 486043.077  37.5%  13.6  892s
H344656 265155                    777930.17534 486043.077  37.5%  13.6  893s
H344825 265272                    777887.65199 486080.065  37.5%  13.6  894s
 344911 265692 675791.615   63  179 777887.652 486080.065  37.5%  13.6  895s
H345898 265657                    777489.58416 486095.618  37.5%  13.6  897s
H346118 265496                    777398.68075 486102.918  37.5%  13.6  897s
H346174 265545                    777321.07480 486118.202  37.5%  13.6  898s
 346908 266141 757395.354  213  150 777321.075 486128.096  37.5%  13.6  900s
H347486 266408                    777256.55093 486128.096  37.5%  13.6  901s
 348652 267362 506473.297   42  232 777256.551 486209.058  37.4%  13.6  905s
 350329 268629 705023.140   74  159 777256.551 486297.627  37.4%  13.7  910s
 353079 270879 768736.675   66  164 777256.551 486455.981  37.4%  13.7  915s
 355460 272820 730093.188  275  148 777256.551 486558.081  37.4%  13.7  920s
 357878 274776 727189.792   69  158 777256.551 486705.233  37.4%  13.7  925s
H360081 276527                    777200.89505 486857.306  37.4%  13.7  929s
 360332 276940 748656.943   71  162 777200.895 486952.195  37.3%  13.7  930s
 362503 278294     cutoff  117      777200.895 487084.550  37.3%  13.9  935s
 364431 279838 549874.405   38  226 777200.895 487196.876  37.3%  13.9  940s
 366265 281326 521385.545   37  248 777200.895 487371.916  37.3%  14.0  945s
 368495 283199 538909.323   43  242 777200.895 487479.661  37.3%  14.0  950s
 370191 284711 655829.936   53  183 777200.895 487558.034  37.3%  14.0  955s
 372098 286324     cutoff  233      777200.895 487769.098  37.2%  14.0  960s
 374785 288597 709013.083   96  161 777200.895 487985.824  37.2%  14.0  965s
 377728 291004     cutoff  167      777200.895 488192.809  37.2%  14.0  970s
 380494 293252 736057.685  226  147 777200.895 488328.824  37.2%  14.0  975s
 383483 295979 759693.643  229  155 777200.895 488471.900  37.1%  14.0  980s
 385505 297601 501212.563   44  233 777200.895 488566.276  37.1%  14.0  985s
H386844 298190                    777154.10716 488585.401  37.1%  14.0  988s
H387165 298197                    777073.29993 488613.966  37.1%  14.0  989s
 387225 298228     cutoff  216      777073.300 488616.562  37.1%  14.0  990s
H388095 298378                    776709.32669 488641.244  37.1%  14.0  992s
H388239 298367                    776532.39525 488641.244  37.1%  14.0  993s
 388821 298815 625226.897   50  201 776532.395 488677.741  37.1%  14.0  995s
H389461 298662                    776155.68180 488700.281  37.0%  14.1  996s
H390645 299530                    776110.26853 488746.239  37.0%  14.0  999s
 390696 299583 527865.513   43  231 776110.269 488746.239  37.0%  14.0 1000s
H391811 300514                    776076.53403 488782.510  37.0%  14.0 1003s
 391815 300719     cutoff  117      776076.534 488782.814  37.0%  14.0 1006s
H392812 301179                    775982.78100 488819.763  37.0%  14.0 1008s
 393349 301739     cutoff  306      775982.781 488845.692  37.0%  14.0 1010s
H393907 301562                    775722.80011 488864.111  37.0%  14.0 1011s
H393908 300639                    775321.30766 488864.111  36.9%  14.0 1011s
H395204 301743                    775285.58664 488874.353  36.9%  14.0 1014s
 395206 301936     cutoff  367      775285.587 488874.353  36.9%  14.0 1015s
 396614 303063 768240.166  381  150 775285.587 488903.412  36.9%  14.0 1020s
 398905 305163 671945.742  481  116 775285.587 488954.836  36.9%  14.0 1025s
 401101 306831 765318.829  282  137 775285.587 489019.612  36.9%  14.0 1030s
H402169 307477                    775239.58447 489073.579  36.9%  14.0 1032s
H403250 308487                    775214.83654 489086.548  36.9%  14.0 1035s
H404437 309389                    775211.66873 489141.523  36.9%  14.0 1037s
H404438 309349                    775197.96338 489141.523  36.9%  14.0 1037s
 405011 309935 634368.146   53  201 775197.963 489214.258  36.9%  14.0 1040s
H405482 309930                    775069.34768 489214.258  36.9%  14.0 1041s
 406365 310699     cutoff   66      775069.348 489250.946  36.9%  14.0 1045s
H406624 310824                    775045.25841 489258.265  36.9%  14.0 1045s
H407595 311309                    774970.66711 489258.265  36.9%  14.0 1048s
 407984 311647 625085.030   50  218 774970.667 489326.936  36.9%  14.0 1050s
H408730 311900                    774894.03736 489335.451  36.9%  14.0 1052s
H409266 312185                    774814.41822 489335.451  36.8%  14.0 1054s
 409309 312218     cutoff  282      774814.418 489344.116  36.8%  14.0 1055s
 410674 313490 675629.398   69  163 774814.418 489480.642  36.8%  14.1 1060s
 412493 314887 642288.958   58  192 774814.418 489591.629  36.8%  14.1 1065s
 414309 316382 638658.756   50  211 774814.418 489665.036  36.8%  14.1 1070s
 415935 317748 512469.465   43  233 774814.418 489730.206  36.8%  14.1 1075s
 416782 318404 490966.794   37  247 774814.418 489786.582  36.8%  14.1 1080s
H416874 318238                    774735.69168 489786.582  36.8%  14.1 1080s
H417908 318793                    774699.44635 489879.805  36.8%  14.1 1083s
 418198 319278 737769.419  133  160 774699.446 489900.113  36.8%  14.1 1085s
H419885 320142                    774614.95256 489962.607  36.7%  14.1 1089s
 419944 320348 750940.745  444  147 774614.953 489962.607  36.7%  14.1 1090s
H420948 321016                    774612.03119 489988.746  36.7%  14.1 1092s
 421702 321764 728400.055  150  150 774612.031 490073.048  36.7%  14.1 1095s
 423444 323009     cutoff  128      774612.031 490184.876  36.7%  14.1 1100s
 425073 324117 768022.939  158  163 774612.031 490258.294  36.7%  14.1 1105s
 426600 325451 763946.099  138  149 774612.031 490330.309  36.7%  14.2 1110s
H427481 325474                    774388.91402 490354.363  36.7%  14.2 1113s
 428032 326053 528522.870   40  239 774388.914 490403.728  36.7%  14.2 1115s
H428547 326320                    774347.90510 490406.255  36.7%  14.2 1116s
H428550 326252                    774336.79069 490406.255  36.7%  14.2 1116s
H429589 326881                    774279.83077 490499.539  36.7%  14.2 1119s
 429652 326919     cutoff  129      774279.831 490504.603  36.7%  14.2 1120s
H430743 327690                    774262.30359 490535.614  36.6%  14.2 1123s
 431201 328109 528854.658   46  217 774262.304 490581.839  36.6%  14.2 1125s
H431938 328150                    774139.86302 490621.250  36.6%  14.2 1127s
 432984 328915 646837.412   60  183 774139.863 490721.376  36.6%  14.2 1130s
H434406 330091                    774063.02603 490760.432  36.6%  14.2 1133s
 434757 330433 744138.248   78  172 774063.026 490791.331  36.6%  14.2 1135s
 436394 331725 739589.657   61  174 774063.026 490887.619  36.6%  14.2 1140s
 438020 333051 755412.219   63  186 774063.026 491039.749  36.6%  14.3 1145s
 440389 334907 668723.774   55  206 774063.026 491092.953  36.6%  14.3 1150s
 442060 336366     cutoff  120      774063.026 491145.595  36.5%  14.3 1155s
 443767 337845     cutoff  487      774063.026 491190.042  36.5%  14.3 1160s
 445844 339616 669313.825   82  150 774063.026 491253.139  36.5%  14.3 1165s
H447041 340493                    774055.68375 491284.761  36.5%  14.3 1168s
H447042 340442                    774032.41837 491284.761  36.5%  14.3 1168s
 447667 341102 706729.693  181  147 774032.418 491304.432  36.5%  14.3 1170s
H448098 341224                    774009.55906 491356.351  36.5%  14.3 1171s
 448903 341852 570078.907   43  231 774009.559 491408.092  36.5%  14.3 1175s
H449202 340620                    773442.68250 491449.188  36.5%  14.3 1176s
H450353 341513                    773433.48519 491503.915  36.5%  14.3 1179s
 450422 341596 495810.826   39  247 773433.485 491519.731  36.4%  14.3 1180s
H451737 342271                    773361.04959 491573.414  36.4%  14.3 1184s
 451875 342424 768909.983   61  192 773361.050 491586.753  36.4%  14.3 1185s
H452775 342844                    773284.04414 491677.062  36.4%  14.3 1188s
H452776 342800                    773265.46479 491677.062  36.4%  14.3 1188s
 453306 343659 759565.029  167   81 773265.465 491696.686  36.4%  14.3 1190s
H453919 343770                    773222.63423 491696.686  36.4%  14.3 1191s
 455165 344926 741868.108   52  189 773222.634 491791.011  36.4%  14.3 1195s
 456840 346081 568865.365   44  228 773222.634 491854.928  36.4%  14.4 1200s
H458728 347505                    773164.65996 491981.905  36.4%  14.4 1205s
H460117 348527                    773123.44565 492002.693  36.4%  14.4 1208s
 460672 349166 580453.527   48  208 773123.446 492018.695  36.4%  14.3 1210s
H461256 349311                    773099.52430 492025.231  36.4%  14.3 1211s
H462310 349127                    772710.81031 492091.604  36.3%  14.4 1214s
 462648 349471 533502.945   45  224 772710.810 492134.484  36.3%  14.4 1215s
H463447 349813                    772673.43440 492134.484  36.3%  14.4 1216s
 464430 350673 731273.405   55  181 772673.434 492168.817  36.3%  14.4 1220s
H464528 350688                    772673.05035 492208.667  36.3%  14.4 1220s
 465419 351609 706581.549  114  160 772673.050 492277.048  36.3%  14.4 1225s
 467284 353267 696420.286   88  161 772673.050 492352.478  36.3%  14.4 1230s
 468940 354345 610687.265   45  213 772673.050 492434.630  36.3%  14.4 1235s
 470670 355614 749321.549  219  156 772673.050 492555.266  36.3%  14.4 1240s
 471972 357013 738626.715  699  134 772673.050 492570.893  36.3%  14.4 1245s
 473858 358436 672882.057   51  198 772673.050 492723.538  36.2%  14.4 1250s
 476086 360076 539243.079   39  231 772673.050 492960.892  36.2%  14.5 1255s
 478426 361728 729424.163   72  164 772673.050 493064.485  36.2%  14.5 1260s
 479992 363004     cutoff   60      772673.050 493166.335  36.2%  14.5 1265s
 481923 364463     cutoff  296      772673.050 493199.681  36.2%  14.6 1270s
 483741 365969 646077.868   53  202 772673.050 493293.255  36.2%  14.6 1275s
 485651 367367 531275.260   46  220 772673.050 493418.128  36.1%  14.6 1280s
 487327 368591 751729.777  106  103 772673.050 493459.846  36.1%  14.6 1285s
 489318 370255 593221.656   47  215 772673.050 493542.245  36.1%  14.6 1290s
 490835 371386 593661.938   47  224 772673.050 493617.097  36.1%  14.6 1295s
 492661 372966 537805.113   43  230 772673.050 493668.989  36.1%  14.6 1300s
 494822 374796 726359.219   69  161 772673.050 493758.979  36.1%  14.6 1305s
 496253 375713 574563.877   43  240 772673.050 493851.181  36.1%  14.6 1310s
 497713 377185 716612.713  198  162 772673.050 493886.000  36.1%  14.6 1315s
 499794 378667 747791.094  172  138 772673.050 493978.170  36.1%  14.6 1320s
 501667 380207 686347.435  121  161 772673.050 494064.215  36.1%  14.7 1325s
 503518 381752 553241.812   45  234 772673.050 494183.632  36.0%  14.7 1330s
H503768 381179                    772476.07913 494183.632  36.0%  14.7 1331s
 504355 381622 544623.888   43  231 772476.079 494208.650  36.0%  14.7 1335s
 505313 382576 641886.606   60  180 772476.079 494240.102  36.0%  14.7 1340s
H505993 381994                    772284.10498 494240.102  36.0%  14.7 1341s
H507021 382434                    772216.93505 494405.761  36.0%  14.7 1345s
H507523 382816                    772210.60774 494444.536  36.0%  14.7 1346s
 508869 383951 622807.503   43  221 772210.608 494499.618  36.0%  14.7 1350s
 510234 385145 631019.207   49  194 772210.608 494530.817  36.0%  14.7 1355s
 512058 386724 744581.486   58  176 772210.608 494638.054  35.9%  14.8 1360s
 514053 388118 703623.034   62  188 772210.608 494702.463  35.9%  14.8 1365s
H514847 388569                    772139.30681 494732.108  35.9%  14.8 1368s
 515522 389088 752691.281  189  143 772139.307 494755.115  35.9%  14.8 1370s
H515987 389582                    772136.32507 494768.495  35.9%  14.8 1372s
H517167 390393                    772135.08016 494828.266  35.9%  14.8 1375s
 518864 391948 570622.278   54  203 772135.080 494913.120  35.9%  14.8 1380s
 520182 393069 608382.118   52  198 772135.080 494981.473  35.9%  14.8 1385s
 521767 394365 745948.451  152  151 772135.080 495068.611  35.9%  14.8 1390s
 523238 395565 710710.378  149  156 772135.080 495183.229  35.9%  14.8 1395s
 524320 396172 757108.664   58  183 772135.080 495240.485  35.9%  14.8 1402s
 524546 396574 636930.995   53  188 772135.080 495294.722  35.9%  14.8 1405s
 526264 397570     cutoff  273      772135.080 495400.341  35.8%  14.9 1410s
 528101 398792 759261.406   68  164 772135.080 495467.929  35.8%  14.9 1415s
 529635 399887 691246.321   58  181 772135.080 495578.773  35.8%  14.9 1420s
H529790 399884                    772134.06784 495602.663  35.8%  14.9 1420s
 531311 401185 738306.291  198  146 772134.068 495648.033  35.8%  14.9 1425s
H531654 401321                    772120.16368 495648.033  35.8%  14.9 1427s
 532749 402364 637102.579   60  180 772120.164 495688.489  35.8%  14.9 1430s
 534719 403913     cutoff  107      772120.164 495758.860  35.8%  14.9 1435s
 536625 405649 712984.017  112  155 772120.164 495820.138  35.8%  14.9 1440s
 538182 406684 761682.313   85  157 772120.164 495899.683  35.8%  14.9 1445s
 539573 407707     cutoff  276      772120.164 495990.720  35.8%  14.9 1450s
 541323 409255 741985.977   82  155 772120.164 496096.275  35.7%  15.0 1455s
 543076 410351 647372.886   57  189 772120.164 496137.451  35.7%  15.0 1460s
 544710 411794 712675.217   63  165 772120.164 496258.737  35.7%  15.0 1465s
 546475 413168     cutoff  162      772120.164 496326.014  35.7%  15.0 1470s
 548224 414555     cutoff  285      772120.164 496425.105  35.7%  15.0 1475s
 550172 415964 764329.303   59  185 772120.164 496462.396  35.7%  15.0 1480s
 552147 417597 751376.592   97  161 772120.164 496485.017  35.7%  15.0 1485s
 553931 419153 737935.442   69  171 772120.164 496552.437  35.7%  15.0 1490s
 555726 420310 748244.191  141  154 772120.164 496594.383  35.7%  15.0 1495s
 557593 421648 536768.601   41  235 772120.164 496740.190  35.7%  15.0 1500s
 559317 423029 739814.712  171  148 772120.164 496845.890  35.7%  15.1 1505s
 561212 424542 512498.659   42  237 772120.164 496916.848  35.6%  15.1 1510s
 563204 426098 508855.433   45  239 772120.164 496981.939  35.6%  15.1 1515s
 565072 427543 530612.389   40  235 772120.164 497066.099  35.6%  15.1 1520s
 566720 428892 590158.407   55  190 772120.164 497140.363  35.6%  15.1 1525s
 568081 430181 662496.529  141  162 772120.164 497164.300  35.6%  15.1 1530s
 570006 431623 688913.199   60  178 772120.164 497245.204  35.6%  15.1 1535s
 571923 433094 522887.879   41  239 772120.164 497351.551  35.6%  15.1 1540s
 573639 434556 626833.110  180  129 772120.164 497437.116  35.6%  15.1 1545s
 575579 436138     cutoff   62      772120.164 497508.221  35.6%  15.1 1550s
 577541 437710 706658.757   59  179 772120.164 497584.723  35.6%  15.1 1555s
 579260 439096     cutoff  101      772120.164 497607.731  35.6%  15.2 1560s
H579957 439364                    772037.22646 497637.613  35.5%  15.2 1562s
 580763 440010 740878.625  183  139 772037.226 497650.708  35.5%  15.1 1565s
H581528 440581                    772036.97856 497687.407  35.5%  15.1 1567s
H581562 440491                    772002.45191 497687.407  35.5%  15.1 1567s
H581988 440856                    771993.32362 497696.890  35.5%  15.1 1569s
 582255 441113 672540.798   83  163 771993.324 497727.173  35.5%  15.1 1570s
 583745 442299 731059.619  155  151 771993.324 497762.072  35.5%  15.2 1575s
 585528 443897 702364.089  159  152 771993.324 497812.853  35.5%  15.2 1580s
 586975 444850 661582.839   53  185 771993.324 497868.481  35.5%  15.2 1585s
 589010 446654 735544.051  136  160 771993.324 497934.992  35.5%  15.2 1590s
 592089 449164 746667.776  337  151 771993.324 497972.899  35.5%  15.2 1595s
 594062 450869 543842.307   45  220 771993.324 498065.204  35.5%  15.2 1600s
 596025 452330 634953.067   50  214 771993.324 498132.672  35.5%  15.2 1605s
 598280 454226 719160.671  372  153 771993.324 498221.295  35.5%  15.2 1610s
 600052 455725 680193.762   77  151 771993.324 498291.081  35.5%  15.2 1615s
 601953 457173     cutoff  115      771993.324 498407.972  35.4%  15.2 1620s
 603548 458604 758447.654   91  161 771993.324 498474.120  35.4%  15.2 1625s
 605524 460005 570085.642   42  214 771993.324 498525.048  35.4%  15.2 1630s
 607110 461162     cutoff  300      771993.324 498565.378  35.4%  15.2 1635s
 608911 462630 682993.706   67  163 771993.324 498654.495  35.4%  15.2 1640s
 610758 464015 691308.254   51  186 771993.324 498812.031  35.4%  15.2 1645s
 611995 465264 569854.430   55  199 771993.324 498860.343  35.4%  15.2 1650s
 613974 466611 764469.310   63  162 771993.324 498926.559  35.4%  15.2 1655s
 615453 467867 754414.816  278  141 771993.324 498992.868  35.4%  15.2 1660s
 617008 469052 575293.263   44  225 771993.324 499032.282  35.4%  15.3 1665s
 618525 470311 712770.113   98  161 771993.324 499079.276  35.4%  15.3 1670s
 620324 471739 712885.051  108  153 771993.324 499132.617  35.3%  15.3 1675s
 621415 472446 745346.269  315  153 771993.324 499173.331  35.3%  15.3 1680s
 623269 474044 730722.508  103  157 771993.324 499251.848  35.3%  15.3 1685s
 624730 475142 601915.008   48  216 771993.324 499291.019  35.3%  15.3 1690s
 626370 476370 671687.707   94  156 771993.324 499362.956  35.3%  15.3 1695s
 628027 477618 767559.509   60  191 771993.324 499416.955  35.3%  15.3 1700s
 629579 478927 577202.128   47  210 771993.324 499507.753  35.3%  15.3 1705s
 631628 480491     cutoff   62      771993.324 499545.950  35.3%  15.3 1710s
 633254 481733 738367.451  192  158 771993.324 499624.804  35.3%  15.3 1715s
 634956 483260 759745.321   64  175 771993.324 499696.824  35.3%  15.3 1720s
 636887 484796 764510.951   61  189 771993.324 499740.122  35.3%  15.3 1725s
 638288 485846     cutoff  299      771993.324 499814.890  35.3%  15.3 1730s
 639737 487097 706718.190  157  163 771993.324 499869.093  35.2%  15.4 1735s
H639954 487011                    771955.11993 499869.093  35.2%  15.4 1735s
 641240 488117 740918.441   88  166 771955.120 499938.305  35.2%  15.4 1740s
 642422 489064 531504.767   44  234 771955.120 500006.737  35.2%  15.4 1745s
 644248 490426 666017.958   54  203 771955.120 500090.344  35.2%  15.4 1750s
 645549 491310 615260.937   52  204 771955.120 500145.968  35.2%  15.4 1755s
 647247 492489 751224.584  322  153 771955.120 500184.545  35.2%  15.4 1760s
 648766 493748 624795.663   58  185 771955.120 500245.315  35.2%  15.4 1765s
 650965 495590 716609.856  119  157 771955.120 500286.969  35.2%  15.4 1770s
 652796 496886 734948.137  142  148 771955.120 500367.870  35.2%  15.4 1775s
 654373 498117 704505.012   66  161 771955.120 500405.936  35.2%  15.4 1780s
 655934 499363 692748.339  299  159 771955.120 500458.581  35.2%  15.5 1785s
 657597 500536 738466.908  132  154 771955.120 500513.582  35.2%  15.5 1790s
 659376 502048 532306.212   41  226 771955.120 500579.077  35.2%  15.5 1795s
 660925 503147 767806.812  107  151 771955.120 500626.876  35.1%  15.5 1800s
 662382 504300 653213.226   77  157 771955.120 500684.192  35.1%  15.5 1805s
 664237 505545 758635.869   58  181 771955.120 500740.307  35.1%  15.5 1810s
 665784 506923 682752.706   73  159 771955.120 500829.501  35.1%  15.5 1815s
 667776 508176 761412.985   72  158 771955.120 500890.769  35.1%  15.5 1820s
 669553 509640 517300.674   42  241 771955.120 500952.217  35.1%  15.5 1825s
 671407 511446 744816.823  156  164 771955.120 500980.910  35.1%  15.5 1830s
 673162 512662 550735.600   47  223 771955.120 501058.145  35.1%  15.5 1835s
 674512 513742 693631.187  136  158 771955.120 501146.706  35.1%  15.5 1840s
 676546 515294 749026.601  122  159 771955.120 501214.543  35.1%  15.5 1845s
 678458 516852 558671.667   44  227 771955.120 501243.095  35.1%  15.6 1850s
 680440 518323     cutoff  182      771955.120 501282.560  35.1%  15.5 1855s
 682494 519983     cutoff  317      771955.120 501326.507  35.1%  15.5 1860s
 683982 521075     cutoff  126      771955.120 501375.200  35.1%  15.5 1865s
 685911 522646 748914.238  209  147 771955.120 501400.450  35.0%  15.5 1870s
 688108 524497     cutoff   64      771955.120 501452.466  35.0%  15.5 1875s
 689985 526082 713143.050  168  154 771955.120 501497.382  35.0%  15.6 1880s
H690267 526003                    771923.08746 501497.382  35.0%  15.6 1880s
 691419 526841 743309.128  117  156 771923.087 501534.051  35.0%  15.6 1885s
 692617 528005 524961.386   42  231 771923.087 501565.711  35.0%  15.6 1890s
 694324 529508 695869.900   85  159 771923.087 501616.610  35.0%  15.6 1895s
 695205 530068 763252.688  109  162 771923.087 501622.653  35.0%  15.6 1900s
 697190 531653 677656.570   57  178 771923.087 501669.373  35.0%  15.6 1905s
 698692 532732     cutoff   93      771923.087 501698.383  35.0%  15.6 1910s
 700547 534078 709996.958  132  153 771923.087 501767.036  35.0%  15.6 1915s
 702610 535710 730135.695  284  153 771923.087 501789.833  35.0%  15.6 1920s
 704239 537251 748366.205   54  186 771923.087 501863.355  35.0%  15.6 1925s
 706008 538358 566075.419   44  235 771923.087 501908.354  35.0%  15.6 1930s
 707669 539810 762895.434   99  159 771923.087 501971.329  35.0%  15.6 1935s
 709454 541108 748924.698   77  168 771923.087 502002.597  35.0%  15.6 1940s
 711082 542264 733333.846   67  164 771923.087 502078.291  35.0%  15.6 1945s
 712940 543726 768043.416  240  151 771923.087 502100.099  35.0%  15.6 1950s
 714797 545174 771355.393   84  153 771923.087 502145.188  34.9%  15.6 1955s
 716276 546550 668492.024  122  160 771923.087 502205.165  34.9%  15.7 1960s
 718346 548110 700043.802  178  156 771923.087 502228.835  34.9%  15.6 1965s
 720822 549845 749050.315  187  154 771923.087 502335.393  34.9%  15.7 1970s
H722329 550907                    771913.95917 502384.395  34.9%  15.7 1973s
 723104 551545 519013.404   42  234 771913.959 502412.472  34.9%  15.7 1975s
H725169 552924                    771895.62944 502434.859  34.9%  15.7 1979s
 725318 552940 752712.199  117  153 771895.629 502434.859  34.9%  15.7 1980s
 726637 553732 770894.228   63  171 771895.629 502472.202  34.9%  15.7 1985s
 728162 554828 758113.712   84  152 771895.629 502509.006  34.9%  15.7 1990s
 729208 555716     cutoff  138      771895.629 502550.237  34.9%  15.7 1995s
 730644 556837 656189.975   49  202 771895.629 502616.468  34.9%  15.7 2000s
 731957 558023 686790.660   56  187 771895.629 502656.997  34.9%  15.8 2005s
 733841 559347 515481.510   42  227 771895.629 502734.107  34.9%  15.8 2010s
 735370 560490 504952.704   40  225 771895.629 502795.693  34.9%  15.8 2015s
 737153 561807 750760.104  143  151 771895.629 502830.961  34.9%  15.8 2020s
 738835 563210 714575.960   59  180 771895.629 502864.859  34.9%  15.8 2025s
 740545 564218 724181.861   61  176 771895.629 502931.761  34.8%  15.8 2030s
 742022 565516 542073.016   45  222 771895.629 502973.707  34.8%  15.8 2035s
 743816 567096 635262.451  117  160 771895.629 503053.931  34.8%  15.8 2040s
 745117 568119 721797.548  140  163 771895.629 503085.113  34.8%  15.8 2045s
 746818 569301     cutoff  298      771895.629 503116.853  34.8%  15.8 2050s
 748192 570480 702694.012   57  185 771895.629 503168.119  34.8%  15.9 2055s
 750066 571773 758245.732   59  181 771895.629 503234.515  34.8%  15.9 2060s
 751911 573371     cutoff  126      771895.629 503297.767  34.8%  15.9 2065s
 753435 574420 706859.472  141  155 771895.629 503319.699  34.8%  15.9 2070s
 755246 575895 643525.854   50  208 771895.629 503377.482  34.8%  15.9 2075s
 757095 577271 545465.487   44  225 771895.629 503411.305  34.8%  15.9 2080s
H758044 577794                    771845.07136 503430.683  34.8%  15.9 2083s
H758218 577814                    771845.06888 503432.119  34.8%  15.9 2084s
 758240 577968 686250.249   75  158 771845.069 503432.119  34.8%  15.9 2085s
 759779 579140     cutoff  180      771845.069 503469.743  34.8%  15.9 2090s
 761157 580104 758283.694   56  202 771845.069 503523.316  34.8%  15.9 2095s
 763213 581735 710658.286   59  183 771845.069 503600.203  34.8%  15.9 2100s
 763468 582209 711419.934  110  159 771845.069 503619.606  34.8%  15.9 2105s
H764715 582406                    771674.71020 503653.255  34.7%  15.9 2108s
 765128 582774     cutoff   58      771674.710 503658.552  34.7%  15.9 2110s
H765788 581640                    771226.48526 503669.038  34.7%  15.9 2112s
 766337 582270 749499.708  165  156 771226.485 503685.866  34.7%  15.9 2115s
H766818 582458                    771209.06920 503693.669  34.7%  15.9 2116s
H766838 582309                    771156.70591 503693.669  34.7%  15.9 2116s
 767843 583072 750255.694  213   96 771156.706 503710.522  34.7%  15.9 2120s
H767930 583061                    771153.46167 503710.522  34.7%  15.9 2120s
H769027 583609                    771098.16663 503794.875  34.7%  16.0 2124s
 769222 583936 724807.870   94  157 771098.167 503802.859  34.7%  16.0 2125s
 770737 585081 734802.669  145  157 771098.167 503843.746  34.7%  16.0 2130s
 772601 586141     cutoff  388      771098.167 503867.938  34.7%  16.0 2135s
 774130 587388 679354.557   70  164 771098.167 503919.280  34.6%  16.0 2140s
 775674 588535 721651.658   71  164 771098.167 503964.008  34.6%  16.0 2145s
 777123 589645 752774.541   60  181 771098.167 504010.766  34.6%  16.0 2150s
 779100 591013 584627.727   49  214 771098.167 504067.548  34.6%  16.0 2155s
 780842 592281 713712.350   99  152 771098.167 504122.367  34.6%  16.0 2160s
 782395 593552 669563.226   56  190 771098.167 504179.118  34.6%  16.1 2165s
 784166 594956 687950.371   82  159 771098.167 504237.228  34.6%  16.1 2170s
 785725 595892 756068.903   78  164 771098.167 504315.149  34.6%  16.1 2175s
 787210 597010     cutoff  154      771098.167 504369.229  34.6%  16.1 2180s
 789638 598693 508038.805   40  242 771098.167 504453.476  34.6%  16.1 2185s
 792064 600486 757362.322   60  183 771098.167 504524.342  34.6%  16.1 2190s
 793929 602186 683867.308   56  184 771098.167 504547.180  34.6%  16.1 2195s
 795788 603679 669172.370   50  198 771098.167 504573.401  34.6%  16.1 2200s
 797574 605123 734529.567   57  177 771098.167 504595.771  34.6%  16.1 2205s
 799002 606160 575006.743   45  219 771098.167 504662.832  34.6%  16.1 2210s
 800756 607398 741943.303  207  159 771098.167 504715.383  34.5%  16.1 2215s
 802331 608671     cutoff  130      771098.167 504761.681  34.5%  16.1 2220s
 804198 610160 762612.600   70  158 771098.167 504784.876  34.5%  16.1 2225s
 805794 611030 686773.089   51  206 771098.167 504824.172  34.5%  16.1 2230s
 807502 612549 761716.601  135  150 771098.167 504848.910  34.5%  16.1 2235s
 809088 613699 607765.031   53  206 771098.167 504915.129  34.5%  16.2 2240s
 810756 614998 743317.432  246  124 771098.167 504939.769  34.5%  16.2 2245s
 812344 616038 759101.751  138  151 771098.167 504957.667  34.5%  16.2 2250s
 814225 617563 702798.444   99  160 771098.167 505018.720  34.5%  16.2 2255s
 815537 618419 728312.951  137  169 771098.167 505062.674  34.5%  16.2 2260s
 816949 619635     cutoff   65      771098.167 505101.334  34.5%  16.2 2265s
 818877 621008 736984.408   93  155 771098.167 505152.199  34.5%  16.2 2270s
 820747 622391 769296.867  366  151 771098.167 505183.857  34.5%  16.2 2275s
 822382 623945 741438.640  163  148 771098.167 505231.017  34.5%  16.2 2280s
H822594 623812                    771062.68341 505231.017  34.5%  16.2 2280s
 823919 624827 561668.144   49  218 771062.683 505279.658  34.5%  16.2 2285s
 825701 626303 713510.114  126  151 771062.683 505310.123  34.5%  16.2 2290s
H825766 626289                    771058.24801 505310.123  34.5%  16.2 2290s
H826795 626799                    771023.71930 505333.205  34.5%  16.2 2293s
 827256 627191     cutoff  164      771023.719 505344.204  34.5%  16.2 2295s
 828504 628060 508866.596   41  234 771023.719 505379.777  34.5%  16.2 2300s
 830428 629752 665278.349  263  131 771023.719 505396.454  34.5%  16.2 2305s
 832859 631897 670225.080 1052  122 771023.719 505396.454  34.5%  16.2 2310s
 833867 632899 670711.940 1312  122 771023.719 505396.454  34.5%  16.2 2315s
 835197 633963     cutoff 1544      771023.719 505396.454  34.5%  16.2 2320s
 836825 635192     cutoff  363      771023.719 505482.424  34.4%  16.2 2325s
 838757 636779 668772.737  217  162 771023.719 505535.485  34.4%  16.2 2330s
H839445 637070                    771012.27867 505547.223  34.4%  16.2 2332s
H839447 636510                    770874.25439 505547.223  34.4%  16.2 2332s
 840074 637179 743128.385  187   90 770874.254 505570.164  34.4%  16.2 2335s
H840554 637135                    770813.27494 505574.569  34.4%  16.2 2337s
 841427 638008 565235.448   48  197 770813.275 505596.721  34.4%  16.2 2340s
H841715 638015                    770804.80266 505596.721  34.4%  16.2 2341s
H841755 637992                    770798.16182 505597.302  34.4%  16.2 2341s
H842919 638892                    770795.93542 505609.541  34.4%  16.2 2345s
H842924 638872                    770791.83788 505609.541  34.4%  16.2 2345s
H843957 639736                    770789.42593 505637.421  34.4%  16.2 2348s
 844392 640151 744816.162   54  166 770789.426 505657.243  34.4%  16.2 2350s
 845935 641529 715506.002  188  153 770789.426 505680.878  34.4%  16.2 2355s
 847116 642350 625888.369   50  201 770789.426 505701.039  34.4%  16.2 2360s
 848937 643669     cutoff   65      770789.426 505740.247  34.4%  16.2 2365s
 850683 645061 574249.952   54  191 770789.426 505807.180  34.4%  16.2 2370s
 852477 646593 748331.394  131  148 770789.426 505837.637  34.4%  16.2 2375s
 853880 647491     cutoff   55      770789.426 505894.893  34.4%  16.2 2380s
 855706 649066 544349.465   46  224 770789.426 505935.578  34.4%  16.2 2385s
 857364 650153 744187.459  122  156 770789.426 505978.258  34.4%  16.2 2390s
 859327 651967 557228.665   39  232 770789.426 506012.270  34.4%  16.2 2395s
 861309 653414 593940.848   46  214 770789.426 506053.394  34.3%  16.2 2400s
 863078 655054 585740.859   54  199 770789.426 506097.131  34.3%  16.2 2405s
 864750 656220 714537.086   86  158 770789.426 506116.889  34.3%  16.2 2410s
 866321 657310 758998.228  259  139 770789.426 506156.564  34.3%  16.3 2415s
 868775 659219 699821.868  122  154 770789.426 506204.851  34.3%  16.3 2420s
 870750 660603 747847.947   59  174 770789.426 506262.024  34.3%  16.3 2425s
 872314 661790     cutoff  250      770789.426 506302.062  34.3%  16.3 2430s
 873805 662769     cutoff  119      770789.426 506347.258  34.3%  16.3 2439s
 873938 662907 636100.396   50  207 770789.426 506355.371  34.3%  16.3 2440s
 875364 664037 577347.744   48  214 770789.426 506407.937  34.3%  16.3 2445s
 876973 665339 701328.769   60  169 770789.426 506453.038  34.3%  16.3 2450s
 878618 666496 649455.156   47  226 770789.426 506477.367  34.3%  16.3 2455s
 880098 667605 569004.839   44  221 770789.426 506509.172  34.3%  16.3 2460s
H880402 667731                    770735.92136 506514.958  34.3%  16.3 2461s
 881761 668740 598534.075   52  204 770735.921 506531.051  34.3%  16.3 2465s
 883157 669708 639384.033   52  201 770735.921 506564.712  34.3%  16.3 2470s
H884260 670548                    770729.55183 506612.470  34.3%  16.3 2474s
 884456 670720 719229.124  208  151 770729.552 506612.470  34.3%  16.3 2475s
 886643 672377     cutoff  130      770729.552 506670.331  34.3%  16.3 2480s
H887407 672923                    770710.04015 506676.841  34.3%  16.3 2481s
 888504 673813 752358.071  162  158 770710.040 506706.139  34.3%  16.3 2485s
 889980 675101     cutoff   54      770710.040 506731.015  34.3%  16.3 2490s
 891775 676228 735911.137   97  160 770710.040 506771.740  34.2%  16.3 2495s
 893171 677336 760508.873   61  183 770710.040 506817.108  34.2%  16.3 2500s
 895020 678858 759420.084  159  160 770710.040 506873.224  34.2%  16.4 2505s
 897193 680774 754645.499  131  148 770710.040 506901.191  34.2%  16.3 2510s
 899131 682183 725806.355  140  125 770710.040 506931.273  34.2%  16.3 2515s
 900673 683396 561142.235   44  215 770710.040 506957.156  34.2%  16.3 2520s
 902922 685517     cutoff  602      770710.040 506974.098  34.2%  16.3 2525s
 905040 687023 740984.886   66  157 770710.040 507022.067  34.2%  16.3 2530s
 906475 687757 734216.449  136  152 770710.040 507070.495  34.2%  16.4 2535s
 908829 689589 745125.480   67  169 770710.040 507097.399  34.2%  16.4 2540s
 911327 691756 724063.812  232  154 770710.040 507136.355  34.2%  16.4 2545s
 913390 693042     cutoff  280      770710.040 507175.949  34.2%  16.4 2550s
 915797 694739 734241.449  257  144 770710.040 507209.128  34.2%  16.5 2555s
 917391 695960 647419.569   62  176 770710.040 507262.617  34.2%  16.5 2560s
 918709 697083 751119.171  149  154 770710.040 507292.288  34.2%  16.5 2565s
 920506 698558 770527.285  127  152 770710.040 507339.362  34.2%  16.5 2570s
 922281 699822 564467.265   49  220 770710.040 507365.800  34.2%  16.5 2575s
 923717 700966 764769.698   60  173 770710.040 507398.051  34.2%  16.5 2580s
 925367 702079 755918.864   90  160 770710.040 507431.818  34.2%  16.5 2585s
 926931 703155 695276.616   52  196 770710.040 507485.789  34.2%  16.5 2590s
H927050 703153                    770709.56879 507491.593  34.2%  16.5 2590s
H927953 703676                    770656.57248 507511.144  34.1%  16.5 2594s
 928101 703978 554108.347   48  218 770656.572 507517.817  34.1%  16.5 2595s
H929006 704376                    770640.96508 507526.642  34.1%  16.5 2597s
H929010 704361                    770634.71911 507526.642  34.1%  16.5 2598s
 929367 704669 653067.283   57  182 770634.719 507555.911  34.1%  16.5 2600s
H930173 705067                    770594.19255 507579.919  34.1%  16.5 2602s
 930589 705583 683899.991   60  178 770594.193 507593.605  34.1%  16.5 2605s
H931283 705907                    770585.45912 507614.918  34.1%  16.5 2607s
 932267 706752 762777.335   87  158 770585.459 507647.514  34.1%  16.5 2610s
 933925 708199 532380.453   45  232 770585.459 507687.208  34.1%  16.5 2615s
 935611 709384 679867.025   50  195 770585.459 507730.808  34.1%  16.5 2620s
 937395 710759 719048.019   71  158 770585.459 507778.789  34.1%  16.5 2625s
 939066 712292 729479.842  227  152 770585.459 507799.245  34.1%  16.5 2630s
 940374 713272 748438.337   65  167 770585.459 507849.801  34.1%  16.6 2635s
 942175 714566 infeasible   63      770585.459 507872.098  34.1%  16.6 2640s
 943709 715641 642951.330   51  211 770585.459 507917.873  34.1%  16.6 2645s
 945307 716896 752455.375  182  159 770585.459 507950.101  34.1%  16.6 2650s
 947097 718282     cutoff   61      770585.459 507989.156  34.1%  16.6 2655s
 948616 719489     cutoff  102      770585.459 508028.275  34.1%  16.6 2660s
 950404 720622 598758.292   50  212 770585.459 508077.271  34.1%  16.6 2665s
 951723 721526 764703.685  158  153 770585.459 508109.268  34.1%  16.6 2670s
 953333 722796 675805.296  127  156 770585.459 508127.976  34.1%  16.6 2675s
 954784 723750 639708.589   59  179 770585.459 508152.229  34.1%  16.6 2680s
 956241 724861 639926.333   53  196 770585.459 508209.132  34.0%  16.6 2685s
 957794 725980 627464.013   52  196 770585.459 508275.769  34.0%  16.6 2690s
 959402 727168     cutoff   61      770585.459 508354.673  34.0%  16.7 2695s
 960976 728485 609787.620   46  224 770585.459 508391.604  34.0%  16.7 2700s
H962059 729078                    770558.24083 508405.215  34.0%  16.7 2704s
 962169 729186     cutoff  164      770558.241 508405.215  34.0%  16.7 2705s
H963225 729865                    770548.75022 508438.564  34.0%  16.7 2708s
H963356 729869                    770511.45458 508445.612  34.0%  16.7 2709s
 963462 730077 595170.508   60  186 770511.455 508456.798  34.0%  16.7 2710s
H964536 730662                    770470.18529 508485.940  34.0%  16.7 2712s
H965611 731478                    770465.40304 508511.000  34.0%  16.7 2715s
 967310 732688     cutoff  130      770465.403 508547.476  34.0%  16.7 2720s
 968802 734078 762021.355  162  152 770465.403 508557.169  34.0%  16.7 2725s
 970457 735220 646084.101   49  210 770465.403 508609.860  34.0%  16.7 2730s
 971769 736257 699819.582   63  173 770465.403 508648.018  34.0%  16.7 2735s
 973308 737586 561476.681   43  216 770465.403 508681.131  34.0%  16.7 2740s
 975075 738726 658104.613   48  165 770465.403 508721.762  34.0%  16.7 2745s
 976702 739988 758687.178  189  152 770465.403 508745.930  34.0%  16.7 2750s
H978328 740968                    770463.41136 508786.727  34.0%  16.7 2755s
H978617 741359                    770460.49902 508799.179  34.0%  16.7 2756s
H979692 742106                    770460.15976 508818.881  34.0%  16.7 2760s
H980924 742745                    770394.58342 508856.441  33.9%  16.7 2764s
 980934 742994 631659.689   81  154 770394.583 508856.441  33.9%  16.7 2765s
 982521 744037     cutoff   58      770394.583 508887.000  33.9%  16.7 2770s
 984342 745614     cutoff  350      770394.583 508930.828  33.9%  16.7 2775s
 985768 746602 611576.215   54  200 770394.583 508961.085  33.9%  16.7 2780s
 987170 747447 601144.111   47  213 770394.583 509013.051  33.9%  16.8 2785s
 988155 748035 665160.536   55  190 770394.583 509028.935  33.9%  16.8 2790s
 990143 749652     cutoff   63      770394.583 509058.081  33.9%  16.8 2795s
 991384 750481 734676.687  100  155 770394.583 509100.646  33.9%  16.8 2800s
 993142 752006 668230.080   60  176 770394.583 509139.878  33.9%  16.8 2805s
 994661 753214 743861.314   58  165 770394.583 509165.149  33.9%  16.8 2810s
 996859 754996 754897.888   95  146 770394.583 509189.422  33.9%  16.8 2815s
 998302 755878     cutoff   60      770394.583 509232.204  33.9%  16.8 2820s
 999995 757407 683545.984  154  143 770394.583 509263.110  33.9%  16.8 2825s
 1001560 758661 557517.382   44  223 770394.583 509291.830  33.9%  16.8 2830s
 1003543 760255 658052.802   48  170 770394.583 509313.755  33.9%  16.8 2835s
 1005370 761561 infeasible   61      770394.583 509383.520  33.9%  16.8 2840s
 1007117 763046 532676.149   44  241 770394.583 509413.593  33.9%  16.8 2845s
 1008753 763996     cutoff  171      770394.583 509439.395  33.9%  16.8 2850s
 1010258 765245 742576.395   93  170 770394.583 509495.025  33.9%  16.8 2855s
 1011979 766458 769693.605  118  147 770394.583 509517.209  33.9%  16.8 2860s
 1013927 768104 703286.238   75  168 770394.583 509544.833  33.9%  16.8 2865s
 1015618 769385 689149.575   68  168 770394.583 509566.288  33.9%  16.8 2870s
 1017103 770648 680021.089   60  171 770394.583 509593.269  33.9%  16.8 2875s
 1018699 771843 624603.561   55  204 770394.583 509639.320  33.8%  16.8 2880s
 1019926 772852 697444.853  373  131 770394.583 509639.914  33.8%  16.8 2885s
 1021559 774103     cutoff   57      770394.583 509676.463  33.8%  16.8 2890s
 1023361 775595     cutoff  147      770394.583 509711.223  33.8%  16.8 2895s
 1025225 776894 761380.289  232  153 770394.583 509737.404  33.8%  16.8 2900s
H1026655 777618                    770340.07522 509807.723  33.8%  16.8 2904s
 1026657 777642 749683.362  130  151 770340.075 509807.723  33.8%  16.8 2905s
H1027778 778480                    770326.69231 509852.174  33.8%  16.8 2908s
 1028158 778880 628625.660   55  190 770326.692 509859.176  33.8%  16.8 2910s
H1028877 779154                    770314.94340 509871.120  33.8%  16.9 2912s
 1029133 779505 754449.947   58  194 770314.943 509890.046  33.8%  16.9 2915s
H1030000 779842                    770293.12993 509890.484  33.8%  16.9 2916s
 1030998 780854 699199.973  119  155 770293.130 509915.931  33.8%  16.9 2920s
H1031376 780619                    770202.06661 509915.931  33.8%  16.9 2921s
 1032296 781567 566609.990   48  214 770202.067 509924.043  33.8%  16.9 2925s
H1032652 781572                    770160.07371 509926.303  33.8%  16.9 2925s
H1033762 782370                    770116.26965 509950.481  33.8%  16.9 2929s
 1033909 782513 685012.337  132  159 770116.270 509952.236  33.8%  16.9 2930s
Created node file directory '/home/ps12398/experiment_hosp/goalProgrammingMarcos//grbnodes1'
 1034804 782954     cutoff   62      770116.270 509959.191  33.8%  16.9 2935s
H1034805 782954                    770027.27179 509959.191  33.8%  16.9 2935s
H1035823 783349                    770016.18630 509964.124  33.8%  16.9 2939s
 1036049 783540     cutoff  118      770016.186 509966.723  33.8%  16.9 2940s
H1036916 783946                    770002.67708 509966.937  33.8%  16.9 2943s
 1037190 783957     cutoff   64      770002.677 509968.442  33.8%  16.9 2945s
 1038341 784193 760905.273   93  152 770002.677 509976.701  33.8%  16.9 2950s
 1039272 784306 748486.853   59  184 770002.677 509979.359  33.8%  16.9 2955s
 1040564 784763 759377.050   61  176 770002.677 510003.805  33.8%  17.0 2960s
 1041696 785212 764582.614   53  186 770002.677 510011.356  33.8%  17.0 2965s
 1043078 786135 712568.098  173  160 770002.677 510015.232  33.8%  17.0 2970s
 1044348 786819 760724.164  201  156 770002.677 510021.462  33.8%  17.0 2975s
 1045444 787027     cutoff   60      770002.677 510030.042  33.8%  17.0 2980s
 1046525 787316 540531.979   44  224 770002.677 510045.795  33.8%  17.1 2985s
 1047960 788097     cutoff   61      770002.677 510049.793  33.8%  17.1 2990s
 1049425 788361     cutoff   60      770002.677 510049.839  33.8%  17.1 2995s
 1050600 788587     cutoff   65      770002.677 510064.294  33.8%  17.1 3000s
 1051914 789264 762546.593   57  187 770002.677 510073.774  33.8%  17.1 3005s
 1052882 789767 725304.485  135  152 770002.677 510074.150  33.8%  17.2 3010s
 1054044 789787     cutoff   64      770002.677 510083.925  33.8%  17.2 3015s
 1055230 790239 752081.461   61  191 770002.677 510096.227  33.8%  17.2 3020s
 1056201 790438 726241.791   71  160 770002.677 510101.326  33.8%  17.2 3025s
 1057297 790902     cutoff  149      770002.677 510110.008  33.8%  17.3 3030s
 1059195 792017 710166.797  146  153 770002.677 510122.079  33.8%  17.3 3035s
 1060676 792533 747846.250   79  160 770002.677 510139.321  33.7%  17.3 3040s
 1062229 792842 519338.026   43  229 770002.677 510146.883  33.7%  17.3 3045s
 1064319 794209     cutoff   60      770002.677 510155.701  33.7%  17.4 3050s
 1065492 794819     cutoff  275      770002.677 510164.151  33.7%  17.4 3055s
 1066702 796217 infeasible  211      770002.677 510164.669  33.7%  17.4 3060s
 1068057 796482     cutoff   63      770002.677 510166.317  33.7%  17.4 3065s
H1068059 796482                    770000.09703 510166.317  33.7%  17.4 3065s
H1068087 796482                    769988.28988 510166.317  33.7%  17.4 3065s
H1069286 796966                    769955.32128 510189.059  33.7%  17.4 3070s
H1070369 797725                    769849.82222 510194.644  33.7%  17.4 3074s
 1070478 797705     cutoff   60      769849.822 510194.644  33.7%  17.4 3075s
 1071354 797872 766352.895   58  179 769849.822 510194.644  33.7%  17.4 3080s
H1071562 797864                    769843.36706 510194.644  33.7%  17.4 3081s
 1072768 798293     cutoff   64      769843.367 510208.450  33.7%  17.4 3085s
H1072769 798292                    769822.34776 510208.450  33.7%  17.4 3085s
 1073115 798486 724328.260  115  152 769822.348 510213.443  33.7%  17.4 3092s
 1073754 798971     cutoff  212      769822.348 510222.422  33.7%  17.4 3095s
H1074045 798984                    769731.37586 510224.239  33.7%  17.4 3096s
 1074737 799288 647274.954   55  196 769731.376 510226.226  33.7%  17.5 3100s
H1075275 799322                    769684.07691 510226.749  33.7%  17.5 3102s
 1075821 799440     cutoff   62      769684.077 510226.749  33.7%  17.5 3105s
H1076481 799715                    769676.19910 510231.325  33.7%  17.5 3107s
 1077035 799892     cutoff  137      769676.199 510235.124  33.7%  17.5 3110s
H1077822 800069                    769439.51711 510236.241  33.7%  17.5 3113s
 1078322 800155 760414.001   99  156 769439.517 510252.652  33.7%  17.5 3115s
 1079618 801112 729414.772  120  155 769439.517 510256.254  33.7%  17.6 3120s
 1080555 801404 731671.526   61  186 769439.517 510261.014  33.7%  17.6 3125s
 1082327 801971 757357.733  103  157 769439.517 510269.303  33.7%  17.6 3130s
 1083365 802260 736516.519   62  192 769439.517 510271.231  33.7%  17.6 3135s
H1083865 802268                    769420.11262 510275.913  33.7%  17.6 3137s
 1084437 802277 736553.655   60  187 769420.113 510275.913  33.7%  17.6 3140s
H1085497 802421                    769385.44850 510279.068  33.7%  17.7 3145s
H1085965 802488                    769374.61596 510289.955  33.7%  17.7 3147s
 1086885 803239 736043.539  141  151 769374.616 510289.955  33.7%  17.7 3150s
H1087351 803407                    769318.79686 510289.955  33.7%  17.7 3151s
 1087959 803509     cutoff   57      769318.797 510292.834  33.7%  17.7 3155s
H1088456 803860                    769308.24668 510298.159  33.7%  17.7 3157s
H1088497 803860                    769286.41967 510298.159  33.7%  17.7 3157s
 1088966 804040 736133.259   57  175 769286.420 510298.159  33.7%  17.7 3160s
H1089587 804077                    769262.45164 510300.788  33.7%  17.7 3163s
 1089980 804082 745147.757   55  201 769262.452 510300.788  33.7%  17.7 3165s
H1090752 804387                    769250.07969 510303.716  33.7%  17.8 3169s
 1090872 804507     cutoff   65      769250.080 510304.599  33.7%  17.8 3170s
H1091899 804515                    769226.07589 510304.757  33.7%  17.8 3173s
 1092214 804634 667128.076   90  156 769226.076 510305.395  33.7%  17.8 3175s
H1093014 804997                    769221.55779 510307.987  33.7%  17.8 3179s
 1093152 805042 712288.824  145  152 769221.558 510307.987  33.7%  17.8 3180s
H1094528 806213                    769199.18125 510315.394  33.7%  17.8 3184s
 1094779 806659 737785.309  114  153 769199.181 510315.394  33.7%  17.8 3185s
H1095797 807090                    769192.87161 510316.049  33.7%  17.8 3189s
H1095866 807090                    769192.73997 510316.049  33.7%  17.8 3189s
 1095976 807086     cutoff   61      769192.740 510316.049  33.7%  17.8 3190s
 1097408 807570 664418.111  142  131 769192.740 510325.637  33.7%  17.8 3195s
 1098549 807853     cutoff   75      769192.740 510342.225  33.7%  17.8 3200s
 1100237 808520     cutoff  152      769192.740 510344.775  33.7%  17.8 3205s
 1101772 808777 719595.546  176  137 769192.740 510347.073  33.7%  17.8 3210s
 1103181 809224 693067.406   59  196 769192.740 510364.495  33.6%  17.9 3215s
 1105015 809454 758735.505   64  175 769192.740 510374.884  33.6%  17.9 3220s
 1106428 809939     cutoff   59      769192.740 510382.070  33.6%  17.9 3225s
 1107785 810549 765283.492   75  163 769192.740 510398.705  33.6%  17.9 3230s
H1108639 810960                    769179.11684 510401.527  33.6%  17.9 3231s
H1109206 810972                    769177.47136 510401.527  33.6%  17.9 3234s
 1109304 810976     cutoff   60      769177.471 510401.527  33.6%  17.9 3235s
 1110573 811268 infeasible   57      769177.471 510404.741  33.6%  18.0 3240s
 1111998 811547 726896.644   58  190 769177.471 510419.575  33.6%  18.0 3245s
 1113094 811984 758245.959  139  146 769177.471 510433.927  33.6%  18.0 3250s
 1115231 812875     cutoff  197      769177.471 510443.831  33.6%  18.0 3255s
 1116051 813081 760153.687   61  184 769177.471 510446.845  33.6%  18.1 3260s
 1117369 813660 528883.098   46  238 769177.471 510456.974  33.6%  18.1 3266s
 1118293 813548 743381.429   61  192 769177.471 510462.322  33.6%  18.1 3270s
 1119243 813945 733772.562   67  113 769177.471 510475.296  33.6%  18.1 3275s
 1120646 814318 612265.732   48  213 769177.471 510476.488  33.6%  18.1 3280s
 1121916 815448 760386.159   67  164 769177.471 510476.488  33.6%  18.1 3286s
 1123374 815825 765814.788  248  152 769177.471 510478.540  33.6%  18.1 3290s
 1124927 816939 609740.137   46  220 769177.471 510488.610  33.6%  18.1 3295s
 1126105 817341 721286.525   98  159 769177.471 510494.383  33.6%  18.2 3300s
 1127514 817715 infeasible   54      769177.471 510514.845  33.6%  18.2 3305s
 1128860 818491     cutoff   63      769177.471 510527.890  33.6%  18.2 3310s
 1130239 819128     cutoff   86      769177.471 510536.795  33.6%  18.2 3315s
 1131433 819203 infeasible   63      769177.471 510548.842  33.6%  18.2 3320s
 1132972 820169 751342.405   62  178 769177.471 510557.807  33.6%  18.2 3325s
 1134533 820976 653928.773   58  184 769177.471 510572.720  33.6%  18.2 3330s
 1136249 822589 755256.414  230  148 769177.471 510572.720  33.6%  18.2 3335s
 1137359 823165     cutoff   60      769177.471 510575.696  33.6%  18.2 3340s
 1138856 823777     cutoff   61      769177.471 510575.696  33.6%  18.3 3345s
 1140061 823985     cutoff   78      769177.471 510583.086  33.6%  18.3 3350s
 1141023 824328 742611.260   55  191 769177.471 510586.742  33.6%  18.3 3355s
 1142870 825407 738217.396  134  155 769177.471 510595.655  33.6%  18.3 3360s
 1144169 825722 749202.976   62  183 769177.471 510607.036  33.6%  18.3 3365s
 1145529 826736 681525.507  165  150 769177.471 510607.036  33.6%  18.3 3370s
 1146980 827503 767717.440   61  179 769177.471 510629.270  33.6%  18.4 3375s
 1148376 827718     cutoff  110      769177.471 510640.934  33.6%  18.4 3380s
 1149829 828504 753692.286   58  178 769177.471 510648.692  33.6%  18.4 3385s
 1150699 828664 552900.033   49  210 769177.471 510656.746  33.6%  18.4 3390s
 1151748 828849 753745.278   86  158 769177.471 510673.716  33.6%  18.5 3395s
 1153523 830351 732985.185  363  145 769177.471 510673.716  33.6%  18.5 3400s
 1155193 830972 761264.544   97  147 769177.471 510677.296  33.6%  18.5 3405s
H1156228 831114                    769177.44300 510682.064  33.6%  18.5 3408s
H1156341 831112                    769177.28645 510682.064  33.6%  18.5 3409s
 1156510 831122 720048.819   54  190 769177.286 510682.064  33.6%  18.5 3410s
H1156576 831122                    769177.25810 510682.064  33.6%  18.5 3410s
 1157477 831383 724222.641  110  153 769177.258 510685.112  33.6%  18.5 3415s
H1157868 831593                    769092.92307 510685.112  33.6%  18.5 3415s
 1158778 831973 645756.107   47  223 769092.923 510705.596  33.6%  18.5 3420s
 1159724 832390 705798.336   68  167 769092.923 510706.498  33.6%  18.5 3425s
 1161297 832840 732185.677   58  185 769092.923 510710.333  33.6%  18.5 3430s
 1161849 833351 762246.982   59  192 769092.923 510710.333  33.6%  18.5 3435s
 1163502 834078     cutoff   63      769092.923 510718.423  33.6%  18.5 3440s
 1164736 834706 686401.759   76  153 769092.923 510720.753  33.6%  18.5 3445s
 1166227 835524 695684.888   56  194 769092.923 510732.720  33.6%  18.5 3450s
 1167607 836005 742970.278   60  176 769092.923 510734.029  33.6%  18.6 3455s
 1168874 836109 730409.655   59  199 769092.923 510738.955  33.6%  18.6 3460s
 1170154 836512     cutoff  114      769092.923 510750.219  33.6%  18.6 3465s
 1171987 838036 706365.423  134  152 769092.923 510759.956  33.6%  18.6 3470s
 1173666 838740     cutoff   61      769092.923 510767.631  33.6%  18.6 3475s
H1174456 838808                    769092.91726 510773.048  33.6%  18.6 3478s
 1174543 838815     cutoff   61      769092.917 510773.048  33.6%  18.6 3480s
 1175697 839357 702510.141  116  160 769092.917 510774.294  33.6%  18.6 3485s
 1176817 839947 751704.230   54  177 769092.917 510786.738  33.6%  18.6 3490s
 1177960 840277     cutoff  127      769092.917 510800.937  33.6%  18.7 3495s
 1179308 840706     cutoff   61      769092.917 510804.744  33.6%  18.7 3500s
 1180303 841064     cutoff   66      769092.917 510807.087  33.6%  18.7 3505s
 1181487 841208 760707.342   63  179 769092.917 510814.994  33.6%  18.7 3510s
 1183046 842156 692321.861   63  154 769092.917 510819.882  33.6%  18.7 3516s
 1184321 842763     cutoff   60      769092.917 510832.452  33.6%  18.7 3520s
 1185608 843090 654778.808   53  203 769092.917 510835.025  33.6%  18.8 3525s
 1186891 843324 758265.771   58  183 769092.917 510844.375  33.6%  18.8 3530s
 1188500 844371 721986.441  252  156 769092.917 510857.611  33.6%  18.8 3535s
 1189571 844421     cutoff   62      769092.917 510860.249  33.6%  18.8 3540s
 1190249 844997 753656.374   72  161 769092.917 510861.707  33.6%  18.8 3545s
 1191724 845557 516857.475   45  228 769092.917 510874.410  33.6%  18.8 3550s
 1193341 846251 534915.642   44  236 769092.917 510882.285  33.6%  18.8 3555s
 1194601 846907     cutoff  143      769092.917 510883.318  33.6%  18.8 3560s
 1196348 847369     cutoff   57      769092.917 510892.262  33.6%  18.9 3565s
 1197691 847773 649085.035   67  162 769092.917 510907.582  33.6%  18.9 3570s
 1199430 848807 740387.401  244  150 769092.917 510907.920  33.6%  18.9 3575s
 1200524 849123     cutoff   60      769092.917 510922.443  33.6%  18.9 3580s
 1201992 849753 646500.505   57  199 769092.917 510928.376  33.6%  18.9 3585s
 1203128 850219     cutoff   61      769092.917 510928.376  33.6%  18.9 3590s
 1204144 850343     cutoff  165      769092.917 510937.022  33.6%  19.0 3595s
H1204486 850559                    769092.19253 510939.461  33.6%  19.0 3596s
 1205063 850665 760665.672   59  185 769092.193 510940.757  33.6%  19.0 3600s

Cutting planes:
  Gomory: 52
  Implied bound: 56
  MIR: 93
  StrongCG: 1
  Flow cover: 304
  Inf proof: 5
  Zero half: 1
  RLT: 80
  Relax-and-lift: 2

Explored 1205094 nodes (22868692 simplex iterations) in 3600.06 seconds (1951.19 work units)
Thread count was 2 (of 24 available processors)

Solution count 10: 769092 769093 769177 ... 769226

Time limit reached
Best objective 7.690921925272e+05, best bound 5.109407565824e+05, gap 33.5657%
