
Gurobi 11.0.3 (linux64, Java) logging started sáb 23 nov 2024 14:34:01 -03

Set parameter Username
Academic license - for non-commercial use only - expires 2025-10-10
Set parameter NonConvex to value 2
Set parameter TimeLimit to value 3600
Set parameter LogToConsole to value 0
Set parameter MIPGap to value 2.5029985070196468e-07
Set parameter Threads to value 2
Set parameter NodefileDir to value "/home/ps12398/experiment_hosp/goalProgrammingMarcos/"
Set parameter NodefileStart to value 1
Gurobi Optimizer version 11.0.3 build v11.0.3rc0 (linux64)

CPU model: Intel(R) Xeon(R) CPU           X5650  @ 2.67GHz, instruction set [SSE2]
Thread count: 12 physical cores, 24 logical processors, using up to 2 threads

Optimize a model with 57864 rows, 39068 columns and 204686 nonzeros
Model fingerprint: 0x94acaa6d
Model has 144 quadratic constraints
Variable types: 19466 continuous, 19602 integer (139 binary)
Coefficient statistics:
  Matrix range     [7e-03, 6e+05]
  QMatrix range    [7e-03, 2e+04]
  QLMatrix range   [1e+00, 2e+04]
  Objective range  [2e+00, 8e+06]
  Bounds range     [1e+00, 1e+08]
  RHS range        [1e+00, 4e+05]
  QRHS range       [8e-02, 8e-02]
Presolve removed 57417 rows and 38331 columns
Presolve time: 0.10s
Presolved: 1153 rows, 958 columns, 26953 nonzeros
Presolved model has 2 SOS constraint(s)
Presolved model has 139 bilinear constraint(s)

Solving non-convex MIQCP

Variable types: 461 continuous, 497 integer (141 binary)
Found heuristic solution: objective 2328285.4047

Root relaxation: objective 0.000000e+00, 135 iterations, 0.01 seconds (0.00 work units)

    Nodes    |    Current Node    |     Objective Bounds      |     Work
 Expl Unexpl |  Obj  Depth IntInf | Incumbent    BestBd   Gap | It/Node Time

     0     0    0.00000    0  157 2328285.40    0.00000   100%     -    0s
H    0     0                    824160.42244    0.00000   100%     -    0s
     0     0    0.00000    0  147 824160.422    0.00000   100%     -    0s
     0     0    0.00000    0  147 824160.422    0.00000   100%     -    0s
     0     0    0.00000    0  140 824160.422    0.00000   100%     -    0s
H    0     0                    353764.29787    0.00000   100%     -    0s
     0     0    0.00000    0  140 353764.298    0.00000   100%     -    0s
     0     0    0.00000    0  136 353764.298    0.00000   100%     -    0s
     0     0    0.00000    0  138 353764.298    0.00000   100%     -    0s
     0     0    0.00000    0  135 353764.298    0.00000   100%     -    0s
     0     0    0.00000    0  139 353764.298    0.00000   100%     -    0s
     0     0    0.00000    0  132 353764.298    0.00000   100%     -    0s
     0     0    0.00000    0  131 353764.298    0.00000   100%     -    0s
     0     0    0.00000    0  130 353764.298    0.00000   100%     -    0s
     0     0    0.00000    0  130 353764.298    0.00000   100%     -    2s
     0     2    0.00000    0  130 353764.298    0.00000   100%     -    2s
H   65    75                    326726.95432    0.00000   100%  25.8    3s
H  143   652                    305614.84642    0.00000   100%  37.7    4s
H  651   840                    267534.12260    0.00000   100%  10.2    4s
  1402  1691 107499.618  554  138 267534.123    0.00000   100%   6.1    5s
H 1689  1691                    239579.58706    0.00000   100%   5.4    5s
H 2834  3105                    239385.10136    0.00000   100%   4.7    6s
H 3813  3620                    239218.53055    0.00000   100%   4.3    9s
  3818  3624 39146.3231  538   25 239218.531    0.00000   100%   4.3   10s
H 3819  3442                    170407.98842    0.00000   100%   4.3   10s
  3847  3467    0.00000   18  140 170407.988    0.00000   100%   5.1   15s
  3881  3536    0.00000   26  143 170407.988    0.00000   100%   5.2   23s
  3932  3568    0.00000   40  143 170407.988    0.00000   100%   5.3   30s
H 3941  3393                    117553.96558    0.00000   100%   5.3   30s
  3981  3457    0.00000   57  150 117553.966    0.00000   100%   5.4   38s
  4059  3487    0.00000   68  157 117553.966    0.00000   100%   6.4   48s
  4115  3530    0.00000   79  149 117553.966    0.00000   100%   6.8   63s
  4176  3574    0.00000   88  163 117553.966    0.00000   100%   7.1   80s
H 4241  3459                    116345.16586    0.00000   100%   8.1  100s
H 4271  3294                    113198.17767    0.00000   100%   8.7  100s
  4312  3355    0.00000  115  155 113198.178    0.00000   100%  12.2  120s
  4395  3421  288.19713  130  179 113198.178    0.00000   100%  13.7  144s
H 4507  3340                    112696.74336    0.00000   100%  14.3  159s
H 4560  3182                    112583.16140    0.00000   100%  15.2  159s
  4628  3263    0.00000   82  180 112583.161    0.00000   100%  16.3  184s
  4733  3331 49965.4369  115  163 112583.161    0.00000   100%  16.3  209s
  4840  3398 74947.6408  146  164 112583.161    0.00000   100%  16.2  230s
H 4949  3361                    112305.27199    0.00000   100%  16.4  257s
  5097  3442    0.00000   60  149 112305.272    0.00000   100%  17.1  290s
  5246  3523    0.00000   85  144 112305.272    0.00000   100%  17.3  319s
  5390  3683 11399.3008  115  174 112305.272    0.00000   100%  19.1  349s
  5602  3853 53887.3849  174  150 112305.272    0.00000   100%  19.9  383s
  5872  3992 77351.2008  253  149 112305.272    0.00000   100%  20.6  414s
H 6016  3817                    112305.21320    0.00000   100%  20.9  414s
  6135  3973    0.00000   55  135 112305.213    0.00000   100%  20.6  445s
  6338  4161 15068.6747   94  169 112305.213    0.00000   100%  21.5  475s
  6601  4322 34128.0786  155  153 112305.213    0.00000   100%  22.4  505s
  6886  4454 56248.1144  228  152 112305.213    0.00000   100%  23.2  545s
  7169  4624 73284.8976  325  141 112305.213    0.00000   100%  25.3  580s
  7485  4740 88214.2960  430  139 112305.213    0.00000   100%  25.9  613s
H 7738  4842                    106266.79064    0.00000   100%  26.0  639s
H 8057  4927                    104941.76682    0.00000   100%  26.0  670s
  8412  5000 75564.6448  401  138 104941.767    0.00000   100%  25.8  704s
H 8543  4829                    99272.209601    0.00000   100%  26.1  704s
  8645  5069 35591.8567  101  169 99272.2096    0.00000   100%  26.2  751s
H 8919  5229                    98729.318516    0.00000   100%  25.6  787s
  9295  5537 75854.1318  106  159 98729.3185    0.00000   100%  25.6  825s
  9798  5615 25107.8963   64  170 98729.3185    0.00000   100%  26.5  865s
H10060  5854                    98593.407405    0.00000   100%  27.0  907s
H10192  5854                    98395.554347    0.00000   100%  27.7  907s
 10388  6065    0.00000   43  146 98395.5543    0.00000   100%  27.6  938s
H10504  6065                    98395.554118    0.00000   100%  27.7  938s
 10632  6334 70128.5409  102  156 98395.5541    0.00000   100%  27.8  983s
H10805  6322                    97155.728221    0.00000   100%  27.3  983s
 10933  6522 83743.7801  275  147 97155.7282    0.00000   100%  27.3 1019s
 11189  6779 84182.8542   74  163 97155.7282    0.00000   100%  27.7 1056s
 11487  7046 43717.8454  133  161 97155.7282    0.00000   100%  27.5 1104s
 11796  7288    0.00000   71  163 97155.7282    0.00000   100%  27.5 1149s
H12075  7769                    97155.726145    0.00000   100%  27.6 1191s
H12075  7769                    97155.725791    0.00000   100%  27.6 1191s
H12425  7769                    97155.725773    0.00000   100%  27.2 1191s
 12563  8251 26631.1659  239  158 97155.7258    0.00000   100%  27.1 1226s
 13116  8710 37432.1216  425  157 97155.7258    0.00000   100%  26.9 1262s
H13613  9269                    97078.671616    0.00000   100%  26.8 1297s
 14177  9646 84511.1457  771  136 97078.6716    0.00000   100%  26.3 1328s
H14316  9645                    96739.621341    0.00000   100%  26.5 1328s
 14618 10014    0.00000   52  187 96739.6213    0.00000   100%  26.1 1361s
H14748 10010                    96113.169839    0.00000   100%  26.3 1361s
 15030 10377 68480.1443   69  161 96113.1698    0.00000   100%  26.2 1397s
 15455 10613 38768.9471   55  186 96113.1698    0.00000   100%  26.4 1436s
 15749 10912 27376.8658  115  159 96113.1698    0.00000   100%  26.8 1473s
 16054 11229 48663.0306  207  163 96113.1698    0.00000   100%  26.7 1502s
 16403 11387 68610.9983  320  162 96113.1698    0.00000   100%  26.7 1541s
 16647 11543 33867.5621   54  183 96113.1698    0.00000   100%  27.0 1582s
 16844 11691    0.00000   53  193 96113.1698    0.00000   100%  27.2 1608s
 17012 11820    0.00000   47  195 96113.1698    0.00000   100%  27.3 1642s
 17203 11948 47177.0010   53  179 96113.1698    0.00000   100%  27.5 1671s
 17404 12140     cutoff   56      96113.1698    0.00000   100%  27.9 1706s
 17631 12303 72153.2956  112  155 96113.1698    0.00000   100%  28.2 1740s
H17774 12303                    96068.298041    0.00000   100%  28.4 1740s
 17859 12452 59684.0681   74  165 96068.2980    0.00000   100%  28.4 1765s
 18090 12631 31868.0264   48  198 96068.2980    0.00000   100%  28.8 1803s
 18343 12900 48289.6815   68  170 96068.2980    0.00000   100%  29.3 1827s
 18646 13173 16841.5743   65  165 96068.2980    0.00000   100%  29.5 1864s
 19076 13283     cutoff  121      96068.2980    0.00000   100%  29.7 1899s
H19078 13283                    96061.928509    0.00000   100%  29.7 1899s
H19177 13267                    95028.112849    0.00000   100%  29.8 1899s
H19273 13435                    93970.522148    0.00000   100%  30.1 1936s
 19479 13599 78289.9819   90  163 93970.5221    0.00000   100%  30.3 1971s
 19735 13842    0.00000   47  161 93970.5221    0.00000   100%  30.5 2005s
 20047 14155     cutoff   56      93970.5221    0.00000   100%  30.7 2047s
 20431 14494    0.00000   53  184 93970.5221    0.00000   100%  30.8 2082s
H20566 14494                    93947.162734    0.00000   100%  31.2 2082s
 20822 14775    0.00000   44  148 93947.1627    0.00000   100%  31.7 2116s
 21187 14987 83165.5873  100  160 93947.1627    0.00000   100%  32.5 2156s
 21584 15146    0.00000   51  159 93947.1627    0.00000   100%  33.1 2186s
 21789 15407 43933.6327   60  175 93947.1627    0.00000   100%  33.5 2223s
 22077 15668     cutoff  108      93947.1627    0.00000   100%  33.2 2255s
 22400 15851     cutoff  158      93947.1627    0.00000   100%  33.1 2285s
 22668 16004     cutoff  219      93947.1627    0.00000   100%  33.2 2315s
 22977 16258 32058.3070   64  176 93947.1627    0.00000   100%  33.4 2357s
 23327 16485 27896.0436   52  174 93947.1627    0.00000   100%  33.7 2400s
 23707 16715 56002.1640   67  166 93947.1627    0.00000   100%  34.1 2439s
 24026 16914 67569.9501   60  156 93947.1627    0.00000   100%  34.5 2479s
 24339 17094 69371.4146   55  183 93947.1627    0.00000   100%  34.9 2519s
 24604 17246    0.00000   47  193 93947.1627    0.00000   100%  35.3 2552s
H24678 17246                    93943.514112    0.00000   100%  35.4 2552s
 24850 17406 infeasible   91      93943.5141    0.00000   100%  35.6 2579s
H24958 17406                    93943.509476    0.00000   100%  35.7 2579s
 25138 17565 25067.2689   54  181 93943.5095    0.00000   100%  35.5 2612s
 25362 17690 70470.7386   60  158 93943.5095    0.00000   100%  35.4 2646s
 25581 17855 60562.0914   67  158 93943.5095    0.00000   100%  35.8 2679s
H25818 17949                    93261.976245    0.00000   100%  36.0 2705s
 26093 18125 32471.4013   49  187 93261.9762    0.00000   100%  36.3 2735s
H26226 18125                    93261.971609    0.00000   100%  36.5 2735s
H26364 18216                    91050.939136    0.00000   100%  36.5 2772s
 26642 18441 65207.6317  100  160 91050.9391    0.00000   100%  36.7 2800s
 26952 18619 41558.1365   56  169 91050.9391    0.00000   100%  36.9 2837s
H27066 18603                    90695.289983    0.00000   100%  36.9 2837s
H27232 18752                    89745.712618    0.00000   100%  37.1 2871s
 27473 19003 54549.4430  117  156 89745.7126    0.00000   100%  37.1 2902s
H27684 19003                    89745.712568    0.00000   100%  37.3 2902s
 27771 19199 69217.6203  222  154 89745.7126    0.00000   100%  37.2 2942s
 28055 19360    0.00000   43  201 89745.7126    0.00000   100%  37.3 2979s
 28289 19540 75318.8809   94  158 89745.7126    0.00000   100%  37.5 3011s
H28449 19539                    89716.749796    0.00000   100%  37.5 3011s
 28589 19748 75269.8609   67  158 89716.7498    0.00000   100%  37.7 3052s
 28963 19913    0.00000   43  157 89716.7498    0.00000   100%  37.8 3087s
 29226 20076    0.00000   46  148 89716.7498    0.00000   100%  38.1 3116s
 29568 20472    0.00000   42  156 89716.7498    0.00000   100%  38.3 3149s
 30009 20690 47736.0906   54  180 89716.7498    0.00000   100%  38.3 3183s
 30340 20905 75196.3194   70  159 89716.7498    0.00000   100%  38.3 3222s
 30647 21113    0.00000   49  189 89716.7498    0.00000   100%  38.4 3257s
 30924 21277 66626.1812  109  159 89716.7498    0.00000   100%  38.5 3291s
 31165 21465 23818.5755   58  170 89716.7498    0.00000   100%  39.0 3330s
 31488 21664    0.00000   52  155 89716.7498    0.00000   100%  39.0 3366s
H31624 21621                    89234.857472    0.00000   100%  39.1 3366s
 31770 21762 70782.3806   52  185 89234.8575    0.00000   100%  39.2 3395s
 31991 21985    0.00000   54  186 89234.8575    0.00000   100%  39.4 3434s
 32312 22151    0.00000   40  155 89234.8575    0.00000   100%  39.6 3474s
H32423 22073                    88333.196984    0.00000   100%  39.8 3474s
 32550 22265    0.00000   40  182 88333.1970    0.00000   100%  40.0 3512s
 32819 22478    0.00000   43  152 88333.1970    0.00000   100%  40.2 3541s
 33129 22618    0.00000   50  194 88333.1970    0.00000   100%  40.3 3574s
 33335 22785 56144.8272   52  179 88333.1970    0.00000   100%  40.7 3600s

Cutting planes:
  Gomory: 2
  Implied bound: 69
  MIR: 76
  Flow cover: 89
  RLT: 1
  Relax-and-lift: 2

Explored 33566 nodes (1364206 simplex iterations) in 3600.12 seconds (1616.75 work units)
Thread count was 2 (of 24 available processors)

Solution count 10: 88333.2 89234.9 89716.7 ... 93943.5

Time limit reached
Best objective 8.833319698355e+04, best bound 0.000000000000e+00, gap 100.0000%
