
Gurobi 11.0.3 (linux64, Java) logging started sex 22 nov 2024 20:54:54 -03

Set parameter Username
Academic license - for non-commercial use only - expires 2025-10-10
Set parameter NonConvex to value 2
Set parameter TimeLimit to value 3600
Set parameter LogToConsole to value 0
Set parameter MIPGap to value 2.5029985070196468e-07
Set parameter Threads to value 2
Set parameter NodefileDir to value "/home/ps12398/experiment_hosp/goalProgrammingMarcos/"
Set parameter NodefileStart to value 1
Gurobi Optimizer version 11.0.3 build v11.0.3rc0 (linux64)

CPU model: Intel(R) Xeon(R) CPU           X5650  @ 2.67GHz, instruction set [SSE2]
Thread count: 12 physical cores, 24 logical processors, using up to 2 threads

Optimize a model with 57864 rows, 39068 columns and 204686 nonzeros
Model fingerprint: 0xd83e8958
Model has 144 quadratic constraints
Variable types: 19466 continuous, 19602 integer (139 binary)
Coefficient statistics:
  Matrix range     [7e-03, 6e+05]
  QMatrix range    [7e-03, 2e+04]
  QLMatrix range   [1e+00, 2e+04]
  Objective range  [2e+00, 8e+06]
  Bounds range     [1e+00, 1e+08]
  RHS range        [1e+00, 9e+05]
  QRHS range       [2e-01, 2e-01]
Presolve removed 57417 rows and 38331 columns
Presolve time: 0.14s
Presolved: 1153 rows, 958 columns, 26953 nonzeros
Presolved model has 2 SOS constraint(s)
Presolved model has 139 bilinear constraint(s)

Solving non-convex MIQCP

Variable types: 461 continuous, 497 integer (141 binary)
Found heuristic solution: objective 2871178.4861

Root relaxation: objective 0.000000e+00, 132 iterations, 0.00 seconds (0.00 work units)

    Nodes    |    Current Node    |     Objective Bounds      |     Work
 Expl Unexpl |  Obj  Depth IntInf | Incumbent    BestBd   Gap | It/Node Time

     0     0    0.00000    0  149 2871178.49    0.00000   100%     -    0s
H    0     0                    584344.90881    0.00000   100%     -    0s
     0     0    0.00000    0  121 584344.909    0.00000   100%     -    0s
     0     0    0.00000    0  125 584344.909    0.00000   100%     -    0s
     0     0    0.00000    0  157 584344.909    0.00000   100%     -    0s
H    0     0                    567739.81830    0.00000   100%     -    0s
     0     0    0.00000    0  156 567739.818    0.00000   100%     -    0s
     0     0    0.00000    0  153 567739.818    0.00000   100%     -    0s
     0     0    0.00000    0  147 567739.818    0.00000   100%     -    0s
H    0     0                    493199.60760    0.00000   100%     -    0s
H    0     2                    441638.56861    0.00000   100%     -    1s
     0     2    0.00000    0  147 441638.569    0.00000   100%     -    1s
H   80   175                    397981.44900    0.00000   100%  62.3    2s
H  174   594                    376937.82547    0.00000   100%  48.9    2s
H  598   896                    133149.10494    0.00000   100%  25.1    3s
H  994  1074                    133015.34478    0.00000   100%  16.8    3s
H 1168  1364                    76009.653653    0.00000   100%  14.4    4s
H 1363  1538                    58444.620186    0.00000   100%  12.8    4s
  1540  1548 infeasible  630      58444.6202    0.00000   100%  11.7    5s
H 1549  1546                    52700.143394    0.00000   100%  11.8    5s
H 1557  1546                    52287.583991    0.00000   100%  11.8    5s
H 1583  1629                    43383.497297    0.00000   100%  11.8    5s
H 2103  1778                    32849.927136    0.00000   100%  11.2    6s
  3078  2583    0.00000  235   63 32849.9271    0.00000   100%   9.2   10s
  3096  2598    0.00000   14  171 32849.9271    0.00000   100%  10.1   15s
  3120  2637    0.00000   20  157 32849.9271    0.00000   100%  10.3   23s
H 3145  2538                    32849.926780    0.00000   100%  10.9   32s
  3185  2603    0.00000   39  169 32849.9268    0.00000   100%  11.4   44s
  3263  2686    0.00000   59  159 32849.9268    0.00000   100%  11.8   63s
  3372  2782    0.00000   88  145 32849.9268    0.00000   100%  12.7   83s
  3504  2904    0.00000  129  125 32849.9268    0.00000   100%  13.4  105s
H 3608  2746                    23249.295697    0.00000   100%  13.5  105s
  3670  2953    0.00000  181  117 23249.2957    0.00000   100%  13.5  123s
H 3820  2787                    14215.498432    0.00000   100%  13.4  123s
H 3900  2160                       0.0000000    0.00000  0.00%  13.9  136s

Cutting planes:
  Gomory: 1
  Implied bound: 10
  MIR: 38
  StrongCG: 1
  Flow cover: 8
  RLT: 5
  Relax-and-lift: 3

Explored 4146 nodes (62198 simplex iterations) in 136.96 seconds (69.61 work units)
Thread count was 2 (of 24 available processors)

Solution count 10: 0 14215.5 23249.3 ... 133015

Optimal solution found (tolerance 2.50e-07)
Best objective 0.000000000000e+00, best bound 0.000000000000e+00, gap 0.0000%
