
Gurobi 11.0.3 (linux64, Java) logging started sex 29 nov 2024 18:21:08 -03

Set parameter Username
Academic license - for non-commercial use only - expires 2025-10-10
Set parameter NonConvex to value 2
Set parameter TimeLimit to value 3600
Set parameter LogToConsole to value 0
Set parameter MIPGap to value 2.8513120942475052e-08
Set parameter Threads to value 2
Set parameter NodefileDir to value "/home/ps12398/experiment_epec/goalProgrammingMarcos/"
Set parameter NodefileStart to value 1
Gurobi Optimizer version 11.0.3 build v11.0.3rc0 (linux64)

CPU model: Intel(R) Xeon(R) CPU           X5650  @ 2.67GHz, instruction set [SSE2]
Thread count: 12 physical cores, 24 logical processors, using up to 2 threads

Optimize a model with 254173 rows, 172586 columns and 1906669 nonzeros
Model fingerprint: 0x5bd50417
Model has 298 quadratic constraints
Variable types: 86148 continuous, 86438 integer (293 binary)
Coefficient statistics:
  Matrix range     [3e-03, 3e+06]
  QMatrix range    [3e-03, 5e+04]
  QLMatrix range   [1e+00, 5e+04]
  Objective range  [1e+00, 7e+07]
  Bounds range     [1e+00, 1e+08]
  RHS range        [1e+00, 2e+06]
  QRHS range       [3e-02, 3e-02]
Presolve removed 252441 rows and 170338 columns
Presolve time: 1.05s
Presolved: 2869 rows, 2604 columns, 323647 nonzeros
Presolved model has 2 SOS constraint(s)
Presolved model has 293 bilinear constraint(s)

Solving non-convex MIQCP

Variable types: 947 continuous, 1657 integer (295 binary)
Found heuristic solution: objective 1.401981e+07

Root relaxation: objective 0.000000e+00, 457 iterations, 0.28 seconds (0.17 work units)

    Nodes    |    Current Node    |     Objective Bounds      |     Work
 Expl Unexpl |  Obj  Depth IntInf | Incumbent    BestBd   Gap | It/Node Time

     0     0    0.00000    0  487 1.4020e+07    0.00000   100%     -    2s
H    0     0                    1.224075e+07    0.00000   100%     -    2s
     0     0    0.00000    0  465 1.2241e+07    0.00000   100%     -    3s
     0     0    0.00000    0  440 1.2241e+07    0.00000   100%     -    5s
H    0     0                    4636652.7033    0.00000   100%     -    5s
     0     0    0.00000    0  437 4636652.70    0.00000   100%     -    5s
     0     0    0.00000    0  443 4636652.70    0.00000   100%     -    5s
     0     0    0.00000    0  441 4636652.70    0.00000   100%     -    6s
     0     0    0.00000    0  442 4636652.70    0.00000   100%     -    6s
     0     0    0.00000    0  438 4636652.70    0.00000   100%     -    6s
     0     0    0.00000    0  440 4636652.70    0.00000   100%     -    7s
     0     0    0.00000    0  440 4636652.70    0.00000   100%     -    8s
H    0     0                    3618496.3261    0.00000   100%     -    8s
     0     2    0.00000    0  440 3618496.33    0.00000   100%     -    9s
    11    16    0.00000    6  436 3618496.33    0.00000   100%  59.0   10s
   126   202    0.00000   59  382 3618496.33    0.00000   100%  10.7   16s
   277   466    0.00000  128  334 3618496.33    0.00000   100%  17.1   44s
H  465   574                    3253711.8713    0.00000   100%  11.1   48s
   575   742    0.00000  306  306 3253711.87    0.00000   100%  17.4   52s
H  684   742                    3244440.1179    0.00000   100%  19.5   52s
   745   919    0.00000  385  293 3244440.12    0.00000   100%  22.5   57s
H  922  1366                    3239748.9203    0.00000   100%  25.5   63s
H 1252  1366                    3227366.0787    0.00000   100%  19.3   63s
  1369  1645 9767.09922  776  316 3227366.08    0.00000   100%  20.1   69s
H 1580  1645                    3048206.1412    0.00000   100%  17.9   69s
  1648  1916 12383.5790  969  310 3048206.14    0.00000   100%  18.7   74s
H 1856  1916                    3036329.0438    0.00000   100%  16.9   74s
  1919  2233 15348.8485 1173  310 3036329.04    0.00000   100%  17.5   83s
H 2126  2233                    2897576.3041    0.00000   100%  16.2   83s
H 2241  2480                    2886905.1134    0.00000   100%  16.1   87s
  2500  2826 20821.0279 1536  307 2886905.11    0.00000   100%  15.4   92s
  2850  3299 25056.6501 1745  303 2886905.11    0.00000   100%  14.3   98s
  3324  3643 28230.1183 1945  315 2886905.11    0.00000   100%  12.4  104s
  3669  3644    0.00000  300  156 2886905.11    0.00000   100%  11.4  112s
  3671  3645 20044.5013  931  143 2886905.11    0.00000   100%  11.4  118s
  3673  3647 24557.1946 1714  219 2886905.11    0.00000   100%  11.4  120s
  3676  3649 13362.2707  778  156 2886905.11    0.00000   100%  11.4  125s
  3681  3652 28454.3150 1962  189 2886905.11    0.00000   100%  11.4  132s
  3683  3656    0.00000   11  481 2886905.11    0.00000   100%  12.5  135s
  3710  3674    0.00000   18  473 2886905.11    0.00000   100%  12.4  141s
  3727  3711    0.00000   22  468 2886905.11    0.00000   100%  12.5  147s
  3754  3749    0.00000   29  460 2886905.11    0.00000   100%  12.5  159s
  3801  3805    0.00000   40  462 2886905.11    0.00000   100%  13.1  182s
  3873  3866    0.00000   58  442 2886905.11    0.00000   100%  13.9  210s
  3958  3919    0.00000   81  437 2886905.11    0.00000   100%  14.9  228s
  4039  4006    0.00000  100  420 2886905.11    0.00000   100%  17.2  257s
  4153  4094    0.00000  129  417 2886905.11    0.00000   100%  20.5  281s
  4279  4183    0.00000  164  404 2886905.11    0.00000   100%  22.7  306s
  4410  4251    0.00000  193  389 2886905.11    0.00000   100%  25.6  336s
  4522  4453 7094.65803  225  393 2886905.11    0.00000   100%  27.2  363s
H 4627  4235                    2885299.3165    0.00000   100%  27.2  363s
H 4729  4027                    2799548.8450    0.00000   100%  28.3  363s
  4761  4712 14045.6121  260  353 2799548.84    0.00000   100%  29.0  376s
H 5109  4431                    2439815.9251    0.00000   100%  27.8  376s
H 5457  4994                    2439494.9964    0.00000   100%  29.4  388s
H 6293  5593                    2439494.9478    0.00000   100%  27.1  402s
  7320  6032 70194.1161  845  297 2439494.95    0.00000   100%  24.9  411s
  8101  6514 113073.584 1000  335 2439494.95    0.00000   100%  22.9  420s
  8843  6776 126092.326 1171  332 2439494.95    0.00000   100%  21.4  427s
H 9186  6521                    2268831.8313    0.00000   100%  20.7  427s
H 9192  6384                    2258550.6954    0.00000   100%  20.7  427s
  9353  6984 128006.245 1278  327 2258550.70    0.00000   100%  20.5  435s
 10007  7501 129262.269 1427  327 2258550.70    0.00000   100%  19.4  442s
H10742  7819                    2258537.8476    0.00000   100%  18.6  448s
H11137  7751                    2224711.2128    0.00000   100%  18.1  448s
 11432  8417 135372.589 1851  326 2224711.21    0.00000   100%  17.8  455s
H11806  8417                    2217990.2059    0.00000   100%  17.4  455s
H12098  8781                    2215846.4457    0.00000   100%  17.1  460s
H12322  8781                    2212842.0399    0.00000   100%  16.9  460s
 12462  9174 138250.446 2150  326 2212842.04    0.00000   100%  16.9  465s
H12721  9174                    2051336.8486    0.00000   100%  16.7  465s
H12855  9524                    2049252.2145    0.00000   100%  16.8  469s
H13205  9954                    2049071.3418    0.00000   100%  16.6  473s
 13635 10408 140612.713 2500  326 2049071.34    0.00000   100%  16.3  478s
 14089 10448 143238.581 2650  325 2049071.34    0.00000   100%  16.1  485s
 14129 10695 143581.212 2651  326 2049071.34    0.00000   100%  16.3  490s
 14376 11147 144145.093 2727  326 2049071.34    0.00000   100%  16.3  496s
 14828 11580 145552.053 2881  324 2049071.34    0.00000   100%  16.0  502s
H15139 11580                    2048863.3238    0.00000   100%  15.7  502s
H15261 11937                    2048860.5925    0.00000   100%  15.8  508s
H15618 12383                    2044268.7950    0.00000   100%  15.6  513s
H16064 12739                    2044268.7898    0.00000   100%  15.4  519s
H16420 13271                    2044268.7643    0.00000   100%  15.2  523s
 16952 13667 147458.501 3566  325 2044268.76    0.00000   100%  14.9  526s
 17764 14280 148220.654 3766  323 2044268.76    0.00000   100%  14.5  533s
 17961 14487 149044.314 3813  320 2044268.76    0.00000   100%  14.6  537s
 18168 14709 152510.025 3866  318 2044268.76    0.00000   100%  14.7  541s
 18390 15020 150426.296 3928  320 2044268.76    0.00000   100%  15.0  545s
H18861 15346                    2027772.9256    0.00000   100%  15.1  549s
 19027 15611 152250.575 4080  320 2027772.93    0.00000   100%  15.1  558s
 19292 15926 152805.563 4126  320 2027772.93    0.00000   100%  15.1  562s
H19436 15926                    2027269.6628    0.00000   100%  15.2  562s
 19607 16274 153673.070 4198  320 2027269.66    0.00000   100%  15.2  566s
 19955 16604 154727.684 4286  320 2027269.66    0.00000   100%  15.2  571s
 20285 16958 155623.188 4361  320 2027269.66    0.00000   100%  15.2  576s
 20921 17743 159147.258 4510  319 2027269.66    0.00000   100%  15.3  584s
 21424 18158 161076.048 4660  318 2027269.66    0.00000   100%  15.1  588s
 21839 18541 161787.665 4749  320 2027269.66    0.00000   100%  14.9  593s
 22222 19014 162934.155 4852  320 2027269.66    0.00000   100%  14.8  598s
 22695 19543 164763.861 4978  320 2027269.66    0.00000   100%  14.6  604s
 23224 19938 167992.974 5120  318 2027269.66    0.00000   100%  14.4  608s
 23619 20446 168174.302 5232  318 2027269.66    0.00000   100%  14.3  612s
 24127 20890 170347.492 5372  318 2027269.66    0.00000   100%  14.1  625s
 24868 21694 175371.543 5574  318 2027269.66    0.00000   100%  13.9  633s
 25375 22169 177151.957 5712  318 2027269.66    0.00000   100%  13.8  638s
 25850 22605 180010.814 5841  315 2027269.66    0.00000   100%  13.6  642s
 26286 22918 181410.479 5959  317 2027269.66    0.00000   100%  13.5  646s
 26599 23286 182514.132 6018  316 2027269.66    0.00000   100%  13.4  651s
 26967 23674 184037.962 6100  316 2027269.66    0.00000   100%  13.3  656s
 27667 24452 189369.703 6281  311 2027269.66    0.00000   100%  13.1  664s
 28133 24719 191089.482 6401  311 2027269.66    0.00000   100%  13.0  668s
 28400 25140 194786.216 6451  311 2027269.66    0.00000   100%  12.9  672s
 28821 25480 193293.523 6567  312 2027269.66    0.00000   100%  12.8  677s
 29161 25775 194573.190 6663  312 2027269.66    0.00000   100%  12.8  681s
 29456 25777 197651.685 6738  312 2027269.66    0.00000   100%  12.7  710s
 29734 26443 198511.290 6806  312 2027269.66    0.00000   100%  12.6  718s
 30124 26886 199693.116 6933  312 2027269.66    0.00000   100%  12.5  722s
 30567 27292 201303.983 7066  312 2027269.66    0.00000   100%  12.4  727s
 30973 27660 203094.057 7224  312 2027269.66    0.00000   100%  12.4  731s
 31341 28137 204603.114 7356  312 2027269.66    0.00000   100%  12.3  736s
 32179 28564 208691.875 7639  311 2027269.66    0.00000   100%  12.2  744s
 32245 28652 209240.942 7656  312 2027269.66    0.00000   100%  12.2  747s
 32333 29016 209548.470 7688  312 2027269.66    0.00000   100%  12.2  751s
 32697 29532 210647.692 7796  311 2027269.66    0.00000   100%  12.1  755s
 33515 30159 211400.132 8062  311 2027269.66    0.00000   100%  11.9  761s
 33840 30566 214277.799 8160  310 2027269.66    0.00000   100%  11.9  766s
 34552 31063 216953.171 8416  309 2027269.66    0.00000   100%  11.8  775s
 35083 31818 218705.545 8616  310 2027269.66    0.00000   100%  11.7  784s
 35499 32277 223075.439 8783  308 2027269.66    0.00000   100%  11.7  789s
 35958 32777 222544.038 8938  310 2027269.66    0.00000   100%  11.6  793s
 36458 33151 224240.302 9017  310 2027269.66    0.00000   100%  11.6  796s
 36832 33550 228336.797 9018  308 2027269.66    0.00000   100%  11.5  800s
 37658 34423 265181.021 9019  306 2027269.66    0.00000   100%  11.5  808s
 38104 34665 224449.203 9018  307 2027269.66    0.00000   100%  11.4  811s
 38714 35310 225301.626 9020  305 2027269.66    0.00000   100%  11.4  818s
 38991 35821 264807.747 9020  306 2027269.66    0.00000   100%  11.4  822s
 39502 36139 269306.353 9020  306 2027269.66    0.00000   100%  11.3  825s
 39820 36141    0.00000  496  306 2027269.66    0.00000   100%  11.3  832s
 39912 36430    0.00000  511  326 2027269.66    0.00000   100%  11.4  838s
 40111 36667 3412.14177  533  346 2027269.66    0.00000   100%  11.4  841s
 40699 37324 5873.05930  669  337 2027269.66    0.00000   100%  11.4  846s
 41271 37756 7557.54476  785  337 2027269.66    0.00000   100%  11.5  852s
 41437 38062 10625.8386  797  342 2027269.66    0.00000   100%  11.5  856s
 41743 38509 9750.80949  854  340 2027269.66    0.00000   100%  11.5  860s
 42585 39291 11795.6965 1075  336 2027269.66    0.00000   100%  11.4  867s
 42972 39575 16448.4000 1169  339 2027269.66    0.00000   100%  11.4  870s
 43572 40197 19524.4452 1361  334 2027269.66    0.00000   100%  11.4  876s
 44213 40921 25248.6232 1586  334 2027269.66    0.00000   100%  11.4  883s
 44602 41168 27063.7455 1704  337 2027269.66    0.00000   100%  11.3  886s
 44849 41256 27855.8787 1794  337 2027269.66    0.00000   100%  11.3  893s
 44937 41617 28049.5118 1816  337 2027269.66    0.00000   100%  11.3  896s
 45624 42337 32680.2203 2010  334 2027269.66    0.00000   100%  11.3  902s
 46018 42729 28502.6327 2130  333 2027269.66    0.00000   100%  11.2  907s
 46410 43045 32734.4448 2263  335 2027269.66    0.00000   100%  11.2  911s
 47027 43591 31948.5651 2483  333 2027269.66    0.00000   100%  11.2  916s
 47573 44232 36918.6694 2677  334 2027269.66    0.00000   100%  11.2  923s
 47913 44499 38070.6598 2791  334 2027269.66    0.00000   100%  11.2  927s
 48180 44748 36129.6957 2894  332 2027269.66    0.00000   100%  11.2  930s
 48773 45322 38631.0075 3105  332 2027269.66    0.00000   100%  11.2  937s
 49003 45613 39451.5551 3187  332 2027269.66    0.00000   100%  11.2  942s
 49294 45966 42054.8160 3290  332 2027269.66    0.00000   100%  11.2  946s
 49647 46204 44670.2310 3408  331 2027269.66    0.00000   100%  11.2  950s
 49885 46450 45698.3530 3508  331 2027269.66    0.00000   100%  11.2  959s
 50131 46656 43367.0361 3570  331 2027269.66    0.00000   100%  11.1  962s
 50337 47167 43889.8996 3621  330 2027269.66    0.00000   100%  11.1  967s
 50848 47658 46076.2044 3743  331 2027269.66    0.00000   100%  11.0  972s
 51339 47915 46389.5696 3866  330 2027269.66    0.00000   100%  11.0  975s
 52035 48800 48648.4711 4052  329 2027269.66    0.00000   100%  10.9  983s
 52481 49182 49819.9010 4164  329 2027269.66    0.00000   100%  10.8  987s
 52863 49517 51145.0934 4258  328 2027269.66    0.00000   100%  10.7  991s
 53198 49946 54764.5437 4358  334 2027269.66    0.00000   100%  10.7  995s
 53999 50602 53800.9372 4563  329 2027269.66    0.00000   100%  10.6 1001s
 54283 51037 56424.5101 4635  329 2027269.66    0.00000   100%  10.6 1005s
 55096 51627 59552.0655 4837  323 2027269.66    0.00000   100%  10.5 1016s
 55492 52235 60986.4561 4940  323 2027269.66    0.00000   100%  10.4 1022s
 55916 52614 62480.1581 5046  324 2027269.66    0.00000   100%  10.4 1025s
 56740 53257 64683.5002 5253  326 2027269.66    0.00000   100%  10.3 1032s
 56938 53688 66120.6833 5298  326 2027269.66    0.00000   100%  10.3 1035s
 57379 54155 66144.8869 5403  325 2027269.66    0.00000   100%  10.2 1040s
 58272 54997 68735.4761 5626  322 2027269.66    0.00000   100%  10.1 1047s
 58688 55399 70109.6556 5726  322 2027269.66    0.00000   100%  10.1 1050s
 59432 56046 75906.8320 5908  327 2027269.66    0.00000   100%  10.0 1056s
 60032 56722 75341.5523 6064  322 2027269.66    0.00000   100%  10.0 1062s
 60413 56724 77254.9824 6156  321 2027269.66    0.00000   100%  10.0 1070s
 60684 57239 78132.6742 6197  321 2027269.66    0.00000   100%  10.0 1076s
 60930 57622 79740.7790 6275  320 2027269.66    0.00000   100%   9.9 1080s
 61583 58012 82221.8972 6401  320 2027269.66    0.00000   100%   9.9 1085s
 61962 58502 82840.4177 6445  320 2027269.66    0.00000   100%  10.0 1092s
 62193 58767 83173.0023 6469  320 2027269.66    0.00000   100%  10.0 1095s
 62682 59260 83934.4431 6523  320 2027269.66    0.00000   100%  10.0 1101s
 62951 59480 84337.0061 6553  320 2027269.66    0.00000   100%  10.0 1105s
 63420 59885 84955.4568 6597  320 2027269.66    0.00000   100%  10.0 1110s
 63766 60353 85500.9442 6637  320 2027269.66    0.00000   100%  10.1 1117s
 64044 60600 85953.0898 6669  320 2027269.66    0.00000   100%  10.1 1121s
 64530 61131 86711.4812 6725  320 2027269.66    0.00000   100%  10.1 1127s
 64822 61502 87824.1730 6801  319 2027269.66    0.00000   100%  10.1 1131s
 65193 61909 89105.3796 6887  327 2027269.66    0.00000   100%  10.1 1135s
 65600 61911 90254.6002 6982  320 2027269.66    0.00000   100%  10.1 1141s
 65602 62182 92315.4145 6982  331 2027269.66    0.00000   100%  10.1 1145s
 66097 62816 92264.6093 7121  322 2027269.66    0.00000   100%  10.0 1151s
 66507 63228 93727.9933 7218  321 2027269.66    0.00000   100%  10.0 1155s
 67259 63885 100530.098 7393  327 2027269.66    0.00000   100%  10.0 1161s
 67576 64214 98263.6101 7451  324 2027269.66    0.00000   100%  10.0 1165s
 68292 64920 101108.001 7604  332 2027269.66    0.00000   100%   9.9 1172s
 68611 65284 101706.754 7658  321 2027269.66    0.00000   100%   9.9 1175s
 69333 65865 107951.214 7822  332 2027269.66    0.00000   100%   9.8 1181s
 69556 66212 106185.295 7890  323 2027269.66    0.00000   100%   9.8 1185s
 70219 66875 109261.549 8050  327 2027269.66    0.00000   100%   9.8 1191s
 70566 67082 110636.722 8133  322 2027269.66    0.00000   100%   9.8 1199s
 70773 67324 111649.107 8183  322 2027269.66    0.00000   100%   9.8 1202s
 71015 67672 116124.843 8232  332 2027269.66    0.00000   100%   9.8 1205s
 71723 68248 118948.291 8393  326 2027269.66    0.00000   100%   9.8 1212s
 71939 68615 118976.905 8442  324 2027269.66    0.00000   100%   9.8 1215s
 72646 69327 119884.140 8606  321 2027269.66    0.00000   100%   9.7 1222s
 73018 69627 121453.601 8694  319 2027269.66    0.00000   100%   9.7 1225s
 73555 70187 123031.514 8818  319 2027269.66    0.00000   100%   9.7 1231s
 74255 70957 125297.839 8979  320 2027269.66    0.00000   100%   9.7 1238s
 74648 71337 135316.219 9020  325 2027269.66    0.00000   100%   9.7 1241s
 75028 71752 129413.607 9018  327 2027269.66    0.00000   100%   9.6 1245s
 75797 72200 135552.986 9019  323 2027269.66    0.00000   100%   9.6 1256s
 76218 72895 135632.374 9021  322 2027269.66    0.00000   100%   9.5 1263s
 76586 73309 135129.812 9019  326 2027269.66    0.00000   100%   9.5 1267s
 77000 73677 138740.694 9021  324 2027269.66    0.00000   100%   9.5 1270s
 77773 74460 135478.668 9019  326 2027269.66    0.00000   100%   9.4 1277s
 78151 74778 136016.165 9019  326 2027269.66    0.00000   100%   9.4 1280s
 78888 75594 6104.51075  577  332 2027269.66    0.00000   100%   9.4 1286s
 79584 76255 7570.29193  730  326 2027269.66    0.00000   100%   9.4 1293s
 79946 76631 8568.12657  817  325 2027269.66    0.00000   100%   9.3 1296s
 80635 77165 10825.2082  977  325 2027269.66    0.00000   100%   9.3 1302s
 80856 77377 11506.5721 1030  324 2027269.66    0.00000   100%   9.3 1309s
 81068 77542 12226.5742 1083  325 2027269.66    0.00000   100%   9.3 1312s
 81530 78170 13226.8273 1165  323 2027269.66    0.00000   100%   9.2 1317s
 81861 78538 14731.7258 1237  324 2027269.66    0.00000   100%   9.2 1320s
 82408 79048 17072.7704 1370  321 2027269.66    0.00000   100%   9.2 1326s
 82739 79405 17968.2094 1441  321 2027269.66    0.00000   100%   9.2 1330s
 83475 80148 19806.2367 1619  321 2027269.66    0.00000   100%   9.2 1335s
 84163 80835 25316.0372 1786  326 2027269.66    0.00000   100%   9.1 1341s
 84771 81297 25823.1120 1913  324 2027269.66    0.00000   100%   9.1 1348s
 84988 81512 26754.9106 1996  324 2027269.66    0.00000   100%   9.1 1350s
 85359 82034 29845.2311 2130  327 2027269.66    0.00000   100%   9.1 1355s
 86087 82500 27694.8004 2308  321 2027269.66    0.00000   100%   9.1 1366s
 86191 82767 27934.5463 2334  322 2027269.66    0.00000   100%   9.1 1370s
 86711 83385 32650.8814 2450  326 2027269.66    0.00000   100%   9.1 1376s
 87356 83957 31715.0802 2632  321 2027269.66    0.00000   100%   9.0 1382s
 87648 84256 32812.8183 2705  322 2027269.66    0.00000   100%   9.0 1385s
 88325 84957 35355.8523 2862  323 2027269.66    0.00000   100%   9.0 1393s
 88648 85221 37191.5308 2923  323 2027269.66    0.00000   100%   9.0 1396s
 89271 85928 42706.2045 3060  327 2027269.66    0.00000   100%   8.9 1403s
 89619 86238 40214.7980 3146  321 2027269.66    0.00000   100%   8.9 1406s
 90137 86807 41558.6086 3276  321 2027269.66    0.00000   100%   8.9 1412s
 90498 87118 45513.3558 3365  324 2027269.66    0.00000   100%   8.9 1415s
 91188 87645 44616.5352 3544  322 2027269.66    0.00000   100%   8.9 1426s
 91555 88268 46426.9441 3651  322 2027269.66    0.00000   100%   8.8 1433s
 91959 88660 49831.5339 3756  324 2027269.66    0.00000   100%   8.8 1436s
 92614 89202 49316.9394 3927  322 2027269.66    0.00000   100%   8.8 1442s
 92893 89606 53128.4626 4003  324 2027269.66    0.00000   100%   8.8 1445s
 93682 90204 52217.2204 4202  321 2027269.66    0.00000   100%   8.7 1451s
 93895 90471 52555.6366 4226  321 2027269.66    0.00000   100%   8.7 1455s
 94578 91136 53703.5912 4309  320 2027269.66    0.00000   100%   8.8 1462s
 94827 91402 54018.5950 4331  320 2027269.66    0.00000   100%   8.8 1466s
 95408 92124 59903.1131 4426  323 2027269.66    0.00000   100%   8.7 1472s
 95815 92480 57270.9468 4522  323 2027269.66    0.00000   100%   8.7 1476s
 96416 92727 59307.5764 4666  323 2027269.66    0.00000   100%   8.7 1485s
 96699 93420 60276.0122 4735  319 2027269.66    0.00000   100%   8.7 1492s
 97111 93816 61652.3754 4833  319 2027269.66    0.00000   100%   8.6 1495s
H97625 94114                    2027269.3941    0.00000   100%   8.6 1498s
 97805 94393 64536.3439 4987  320 2027269.39    0.00000   100%   8.6 1500s
 98452 95075 66134.8934 5149  320 2027269.39    0.00000   100%   8.6 1507s
 98766 95456 69759.8542 5203  322 2027269.39    0.00000   100%   8.5 1511s
 99507 96215 71633.1450 5383  322 2027269.39    0.00000   100%   8.5 1517s
 99906 96511 69784.7553 5479  320 2027269.39    0.00000   100%   8.5 1520s
 100507 97169 74475.0468 5622  321 2027269.39    0.00000   100%   8.4 1527s
 101121 97730 74055.6661 5762  323 2027269.39    0.00000   100%   8.4 1532s
 101421 98086 74907.6727 5826  319 2027269.39    0.00000   100%   8.4 1535s
 102051 98698 76874.5359 5982  319 2027269.39    0.00000   100%   8.4 1540s
 102702 99298 78399.8758 6128  319 2027269.39    0.00000   100%   8.3 1546s
 103350 99978 79787.6573 6259  319 2027269.39    0.00000   100%   8.3 1553s
 103669 100193 80572.9249 6334  319 2027269.39    0.00000   100%   8.3 1556s
 104221 100843 82382.2255 6454  322 2027269.39    0.00000   100%   8.3 1562s
 104534 101200 85034.1628 6525  321 2027269.39    0.00000   100%   8.3 1565s
 105247 101848 86603.6668 6691  324 2027269.39    0.00000   100%   8.2 1571s
 105779 102412 89409.0122 6822  318 2027269.39    0.00000   100%   8.2 1577s
 106391 103063 92076.8243 6949  319 2027269.39    0.00000   100%   8.2 1583s
 106754 103065 93515.8084 7033  317 2027269.39    0.00000   100%   8.2 1591s
 107029 103570 95598.7500 7101  319 2027269.39    0.00000   100%   8.2 1596s
 107647 104335 96462.8438 7232  317 2027269.39    0.00000   100%   8.1 1602s
 108026 104501 97758.6182 7322  318 2027269.39    0.00000   100%   8.1 1605s
 108548 105198 103566.440 7440  326 2027269.39    0.00000   100%   8.1 1611s
 109163 105824 105772.083 7566  325 2027269.39    0.00000   100%   8.1 1616s
 109837 106414 105002.834 7721  317 2027269.39    0.00000   100%   8.1 1622s
 110105 106775 106139.285 7800  316 2027269.39    0.00000   100%   8.1 1625s
 110630 107299 108466.002 7922  315 2027269.39    0.00000   100%   8.0 1631s
 111266 107878 113789.241 8051  324 2027269.39    0.00000   100%   8.0 1637s
 111569 108229 112735.778 8121  318 2027269.39    0.00000   100%   8.0 1640s
 112065 108518 116309.655 8270  322 2027269.39    0.00000   100%   8.0 1647s
 112209 108835 117067.058 8306  322 2027269.39    0.00000   100%   8.0 1650s
 112819 109423 124337.169 8450  325 2027269.39    0.00000   100%   8.0 1656s
 113443 110005 122195.946 8606  316 2027269.39    0.00000   100%   8.0 1661s
 113937 110583 124803.855 8731  320 2027269.39    0.00000   100%   8.0 1666s
 114274 110862 126605.520 8815  321 2027269.39    0.00000   100%   8.0 1670s
 114804 111441 128947.241 8933  319 2027269.39    0.00000   100%   8.0 1675s
 115441 112071 139417.866 9018  321 2027269.39    0.00000   100%   8.0 1680s
 116027 112692 142416.836 9021  316 2027269.39    0.00000   100%   8.0 1686s
 116736 113367 138017.223 9019  322 2027269.39    0.00000   100%   8.0 1692s
 117058 113546 142708.634 9021  319 2027269.39    0.00000   100%   8.0 1699s
 117237 113878 138433.258 9021  317 2027269.39    0.00000   100%   8.0 1701s
 117862 114523 140803.295 9021  316 2027269.39    0.00000   100%   7.9 1707s
 118214 114910 148122.445 9021  316 2027269.39    0.00000   100%   7.9 1710s
 118859 115555 147005.959 9020  319 2027269.39    0.00000   100%   7.9 1716s
 119562 116088    0.00000  508  301 2027269.39    0.00000   100%   7.9 1723s
 119779 116284    0.00000  533  298 2027269.39    0.00000   100%   7.9 1725s
 120303 116832 16450.5366  600  328 2027269.39    0.00000   100%   7.9 1732s
 120523 117133 16005.1940  689  323 2027269.39    0.00000   100%   7.9 1735s
 120990 117628 21129.9908  815  323 2027269.39    0.00000   100%   7.9 1741s
 121651 118297 22774.4173  980  321 2027269.39    0.00000   100%   7.8 1748s
 121988 118542 21457.6053 1067  321 2027269.39    0.00000   100%   7.8 1751s
 122233 118692 22234.9562 1131  320 2027269.39    0.00000   100%   7.8 1761s
 122516 119181 23218.6233 1196  321 2027269.39    0.00000   100%   7.8 1768s
 122872 119542 24531.7527 1281  320 2027269.39    0.00000   100%   7.8 1772s
 123233 119777 28478.6480 1369  320 2027269.39    0.00000   100%   7.8 1775s
 123812 120466 30587.1502 1508  320 2027269.39    0.00000   100%   7.8 1782s
 124157 120810 29686.5386 1595  321 2027269.39    0.00000   100%   7.8 1785s
 124793 121449 37350.6980 1755  321 2027269.39    0.00000   100%   7.7 1792s
 125140 121782 33806.0870 1843  317 2027269.39    0.00000   100%   7.7 1796s
 125672 122348 35609.3695 1962  316 2027269.39    0.00000   100%   7.7 1801s
 126039 122718 40736.4312 2062  315 2027269.39    0.00000   100%   7.7 1805s
 126643 123258 40982.1409 2228  315 2027269.39    0.00000   100%   7.7 1810s
 127266 123885 43908.5039 2393  323 2027269.39    0.00000   100%   7.7 1816s
 127576 123887 45031.9541 2473  314 2027269.39    0.00000   100%   7.6 1823s
 127578 123978 45082.1499 2473  323 2027269.39    0.00000   100%   7.6 1825s
 127990 124541 46512.5697 2572  323 2027269.39    0.00000   100%   7.6 1830s
 128541 125158 48358.6504 2703  314 2027269.39    0.00000   100%   7.6 1836s
 129115 125735 50269.7882 2835  315 2027269.39    0.00000   100%   7.6 1842s
 129426 126053 51379.0583 2907  324 2027269.39    0.00000   100%   7.6 1846s
 129944 126574 53542.9089 3057  316 2027269.39    0.00000   100%   7.6 1852s
 130265 126885 58339.2913 3139  322 2027269.39    0.00000   100%   7.6 1855s
 130739 127364 56829.3402 3275  323 2027269.39    0.00000   100%   7.6 1860s
 131344 127914 58966.7221 3428  314 2027269.39    0.00000   100%   7.6 1866s
 131914 128520 61934.6341 3581  316 2027269.39    0.00000   100%   7.6 1872s
 132211 128789 63477.0618 3654  323 2027269.39    0.00000   100%   7.6 1875s
 132672 129132 66107.3699 3785  314 2027269.39    0.00000   100%   7.6 1883s
 132823 129380 67656.1221 3860  314 2027269.39    0.00000   100%   7.6 1886s
 133385 129965 70909.4196 4003  323 2027269.39    0.00000   100%   7.6 1892s
 133820 130341 72620.4382 4126  316 2027269.39    0.00000   100%   7.6 1897s
 134203 130749 76104.2810 4263  320 2027269.39    0.00000   100%   7.7 1902s
 134440 130973 75990.9843 4356  314 2027269.39    0.00000   100%   7.7 1905s
 134796 131318 77879.1590 4503  313 2027269.39    0.00000   100%   7.7 1911s
 135202 131656 81684.2988 4670  315 2027269.39    0.00000   100%   7.8 1916s
 135614 132197 84337.0983 4813  314 2027269.39    0.00000   100%   7.8 1922s
 136034 132677 90742.3593 4959  317 2027269.39    0.00000   100%   7.8 1926s
 136368 133040 88406.2042 5047  313 2027269.39    0.00000   100%   7.8 1931s
 136995 133503 91585.9142 5269  319 2027269.39    0.00000   100%   7.8 1937s
 137194 133635 92888.3293 5359  313 2027269.39    0.00000   100%   7.9 1940s
 137563 134109 95560.1434 5494  317 2027269.39    0.00000   100%   7.9 1946s
 137800 134297 96570.8685 5549  311 2027269.39    0.00000   100%   7.9 1955s
 138287 135003 99250.1176 5672  313 2027269.39    0.00000   100%   7.9 1962s
 138694 135441 101585.541 5774  317 2027269.39    0.00000   100%   7.9 1966s
 139132 135857 102960.943 5881  313 2027269.39    0.00000   100%   7.9 1970s
 139883 136588 105816.449 6067  314 2027269.39    0.00000   100%   7.8 1976s
 140279 136877 107131.570 6167  317 2027269.39    0.00000   100%   7.8 1980s
 140971 137648 108926.170 6341  312 2027269.39    0.00000   100%   7.8 1987s
 141339 138011 111812.153 6425  316 2027269.39    0.00000   100%   7.8 1990s
 141942 138634 111635.582 6569  318 2027269.39    0.00000   100%   7.8 1997s
 142325 139031 112461.876 6656  313 2027269.39    0.00000   100%   7.8 2001s
 142931 139496 114679.820 6797  316 2027269.39    0.00000   100%   7.8 2014s
 143187 139824 115168.081 6861  312 2027269.39    0.00000   100%   7.8 2018s
H143515 140118                    2027097.5594    0.00000   100%   7.8 2022s
 143809 140407 118659.932 7021  322 2027097.56    0.00000   100%   7.8 2025s
 144425 140922 124108.720 7148  321 2027097.56    0.00000   100%   7.8 2031s
 144613 141242 120609.132 7189  327 2027097.56    0.00000   100%   7.8 2035s
 145236 141904 120605.945 7331  311 2027097.56    0.00000   100%   7.8 2042s
 145595 142210 121259.015 7415  311 2027097.56    0.00000   100%   7.8 2045s
 146176 142819 125516.205 7528  321 2027097.56    0.00000   100%   7.9 2050s
 146737 143224 123087.145 7635  313 2027097.56    0.00000   100%   7.9 2055s
 147061 143659 126062.992 7699  317 2027097.56    0.00000   100%   7.9 2060s
 147617 144266 126555.341 7873  316 2027097.56    0.00000   100%   7.9 2068s
 147957 144587 126435.642 7970  324 2027097.56    0.00000   100%   7.9 2071s
 148278 144589 126254.930 8052  313 2027097.56    0.00000   100%   7.9 2078s
 148280 144692 127165.412 8052  315 2027097.56    0.00000   100%   7.9 2080s
 148654 145296 127071.067 8162  314 2027097.56    0.00000   100%   7.9 2087s
 149234 145874 139131.109 8318  318 2027097.56    0.00000   100%   8.0 2092s
 149565 146173 146638.525 8403  318 2027097.56    0.00000   100%   8.0 2096s
 150166 146766 157466.788 8562  309 2027097.56    0.00000   100%   8.0 2102s
 150457 147042 160521.644 8638  305 2027097.56    0.00000   100%   8.0 2105s
 151056 147634 174013.842 8782  314 2027097.56    0.00000   100%   8.0 2111s
 151659 148287 178449.297 8942  313 2027097.56    0.00000   100%   8.0 2117s
 151978 148523 175496.236 9018  308 2027097.56    0.00000   100%   8.0 2120s
 152417 148899    0.00000  523  312 2027097.56    0.00000   100%   8.0 2126s
 152590 149260 2086.59795  574  329 2027097.56    0.00000   100%   8.0 2130s
 153348 149663 9304.01513  968  331 2027097.56    0.00000   100%   8.0 2144s
 153354 149822 9316.73339  971  330 2027097.56    0.00000   100%   8.0 2147s
 153513 150200 12104.0246 1041  328 2027097.56    0.00000   100%   8.0 2151s
 153891 150555 20008.1725 1199  322 2027097.56    0.00000   100%   8.0 2155s
 154647 151285 30174.2524 1599  319 2027097.56    0.00000   100%   8.0 2161s
 154976 151672 33532.5466 1836  318 2027097.56    0.00000   100%   8.0 2165s
 155823 152582 40463.6788 2476  319 2027097.56    0.00000   100%   8.0 2172s
 156273 152912 45156.8436 2816  318 2027097.56    0.00000   100%   8.0 2175s
 156681 153309 48330.1688 3109  318 2027097.56    0.00000   100%   8.0 2181s
 157000 153637 50921.6361 3341  317 2027097.56    0.00000   100%   8.0 2185s
 157610 154254 56264.5982 3792  316 2027097.56    0.00000   100%   8.0 2191s
 157945 154535 59097.4144 4030  315 2027097.56    0.00000   100%   8.0 2195s
 158499 154810 67248.7042 4438  315 2027097.56    0.00000   100%   8.0 2206s
 158647 155211 68989.3786 4525  315 2027097.56    0.00000   100%   8.0 2210s
 159179 155811 72609.5539 4873  315 2027097.56    0.00000   100%   8.0 2216s
 159831 156461 78593.3422 5288  313 2027097.56    0.00000   100%   8.0 2220s
H160161 156742                    2027097.2999    0.00000   100%   8.0 2223s
 160433 157000 83532.0320 5645  312 2027097.30    0.00000   100%   8.0 2226s
 161016 157621 88331.7026 5988  312 2027097.30    0.00000   100%   8.0 2233s
 161312 157942 91521.8396 6222  312 2027097.30    0.00000   100%   8.0 2237s
 161633 158263 94730.2413 6444  310 2027097.30    0.00000   100%   8.0 2241s
 162250 158812 101002.902 6836  319 2027097.30    0.00000   100%   8.0 2248s
 162503 159145 102667.313 6996  308 2027097.30    0.00000   100%   8.0 2250s
 163127 159630 107236.534 7322  318 2027097.30    0.00000   100%   8.0 2255s
 163321 159974 108447.602 7465  307 2027097.30    0.00000   100%   8.0 2262s
 163911 160571 111020.653 7825  307 2027097.30    0.00000   100%   8.0 2267s
 164262 160905 113049.476 8079  306 2027097.30    0.00000   100%   8.0 2271s
 164596 161188 114868.535 8303  311 2027097.30    0.00000   100%   8.0 2275s
 165196 161767 117714.582 8682  308 2027097.30    0.00000   100%   8.0 2282s
 165458 162081 119136.154 8827  319 2027097.30    0.00000   100%   8.0 2286s
 166114 162605 131346.754 9021  324 2027097.30    0.00000   100%   8.0 2291s
 166296 163104 135872.938 9020  328 2027097.30    0.00000   100%   8.0 2295s
 167281 163846 135302.583 9020  329 2027097.30    0.00000   100%   8.0 2302s
 167537 164353 138060.903 9017  336 2027097.30    0.00000   100%   8.0 2306s
 168490 165079 164017.304 9021  339 2027097.30    0.00000   100%   7.9 2319s
 168770 165335 166760.545 9021  351 2027097.30    0.00000   100%   7.9 2322s
 169026 165751 187119.282 9021  352 2027097.30    0.00000   100%   7.9 2325s
 169886 166594 138442.598 9021  332 2027097.30    0.00000   100%   7.9 2332s
 170285 166955    0.00000  500  331 2027097.30    0.00000   100%   7.9 2335s
 171119 167710 38268.8403  722  324 2027097.30    0.00000   100%   7.9 2342s
 171401 168168 40677.6366  848  324 2027097.30    0.00000   100%   7.9 2345s
 172320 169026 49216.7099 1312  323 2027097.30    0.00000   100%   7.8 2352s
 172717 169442 50858.5056 1485  323 2027097.30    0.00000   100%   7.8 2355s
 173297 169991 52651.5222 1715  321 2027097.30    0.00000   100%   7.8 2362s
 173682 170309 54165.1152 1912  321 2027097.30    0.00000   100%   7.8 2373s
 174000 170542 56158.6272 2045  320 2027097.30    0.00000   100%   7.8 2376s
 174233 170929 57865.1753 2208  320 2027097.30    0.00000   100%   7.8 2380s
 175092 171735 63828.6220 2777  320 2027097.30    0.00000   100%   7.7 2387s
 175426 172088 65536.2651 2940  320 2027097.30    0.00000   100%   7.7 2391s
 175779 172510 67616.1903 3138  320 2027097.30    0.00000   100%   7.7 2395s
 176456 173071 71317.5572 3489  320 2027097.30    0.00000   100%   7.7 2401s
 177191 173890 75006.3179 3842  320 2027097.30    0.00000   100%   7.7 2407s
 177581 174212 77067.1533 4038  320 2027097.30    0.00000   100%   7.6 2411s
 178258 174872 81044.6208 4417  320 2027097.30    0.00000   100%   7.6 2416s
 178961 175490 84228.1529 4720  320 2027097.30    0.00000   100%   7.6 2428s
 179181 175765 85197.0118 4830  319 2027097.30    0.00000   100%   7.6 2432s
 179456 176205 86172.0111 4904  318 2027097.30    0.00000   100%   7.6 2435s
 180111 176776 90293.7991 5147  319 2027097.30    0.00000   100%   7.6 2442s
 180467 177169 92082.2070 5236  320 2027097.30    0.00000   100%   7.6 2445s
 181252 177762 96115.2598 5474  313 2027097.30    0.00000   100%   7.6 2450s
 181869 178378 98788.4942 5733  313 2027097.30    0.00000   100%   7.5 2457s
 182453 179040 101313.131 5944  315 2027097.30    0.00000   100%   7.5 2462s
 182731 179403 102649.023 6067  313 2027097.30    0.00000   100%   7.5 2465s
 183484 180151 107240.877 6422  316 2027097.30    0.00000   100%   7.5 2470s
 184086 180668 113625.699 6680  317 2027097.30    0.00000   100%   7.5 2475s
 184359 180670 116072.622 6769  315 2027097.30    0.00000   100%   7.5 2482s
 184537 181067 118349.860 6848  313 2027097.30    0.00000   100%   7.5 2487s
 184758 181340 122080.387 6988  315 2027097.30    0.00000   100%   7.5 2491s
 185293 181840 128333.641 7300  325 2027097.30    0.00000   100%   7.5 2496s
 185811 182397 140366.452 7580  314 2027097.30    0.00000   100%   7.5 2500s
 186316 182957 151002.277 7844  315 2027097.30    0.00000   100%   7.5 2506s
 186648 183261 154133.144 8074  314 2027097.30    0.00000   100%   7.5 2510s
 187278 183923 160761.191 8489  327 2027097.30    0.00000   100%   7.5 2517s
 187614 184214 163810.695 8731  326 2027097.30    0.00000   100%   7.5 2520s
 188154 184675 172820.397 9015  335 2027097.30    0.00000   100%   7.5 2525s
 188808 185302 182517.644 9021  342 2027097.30    0.00000   100%   7.5 2531s
 189164 185684 186859.278 9020  340 2027097.30    0.00000   100%   7.5 2535s
 189375 185798 190575.600 9020  342 2027097.30    0.00000   100%   7.5 2545s
 189709 186228 178446.058 9019  341 2027097.30    0.00000   100%   7.6 2550s
 190083 186573 193538.641 9020  338 2027097.30    0.00000   100%   7.6 2555s
 190565 187171 194826.828 9019  344 2027097.30    0.00000   100%   7.6 2562s
 190862 187502 193142.140 9021  340 2027097.30    0.00000   100%   7.6 2565s
 191440 188086 204266.216 9020  348 2027097.30    0.00000   100%   7.6 2572s
 191777 188359    0.00000  503  326 2027097.30    0.00000   100%   7.6 2576s
 192050 188758 4623.34628  511  344 2027097.30    0.00000   100%   7.6 2580s
 192883 189646 12628.5549  800  328 2027097.30    0.00000   100%   7.6 2587s
 193337 189931 15101.3248  988  326 2027097.30    0.00000   100%   7.6 2590s
 194025 190749 18909.5196 1259  325 2027097.30    0.00000   100%   7.5 2597s
 194440 190989 20609.7368 1402  323 2027097.30    0.00000   100%   7.5 2606s
 194992 191698 35076.9183 1649  326 2027097.30    0.00000   100%   7.5 2613s
 195389 192145 40363.8099 1873  324 2027097.30    0.00000   100%   7.5 2615s
 196327 192638 49562.8909 2348  320 2027097.30    0.00000   100%   7.5 2623s
 196329 192800 49575.4511 2349  320 2027097.30    0.00000   100%   7.5 2625s
 196966 193749 54779.5944 2678  319 2027097.30    0.00000   100%   7.4 2632s
 197861 194633 60029.3005 3182  318 2027097.30    0.00000   100%   7.4 2637s
 198324 194983 63779.1248 3420  320 2027097.30    0.00000   100%   7.4 2641s
 199083 195796 67846.8643 3801  320 2027097.30    0.00000   100%   7.4 2647s
 199487 196206 69996.9337 4002  321 2027097.30    0.00000   100%   7.4 2650s
 199897 196208 72051.2509 4184  321 2027097.30    0.00000   100%   7.4 2656s
 200154 196895 73362.8282 4307  322 2027097.30    0.00000   100%   7.3 2662s
 200586 197338 75420.1923 4500  320 2027097.30    0.00000   100%   7.3 2665s
 201436 198167 79481.9751 4871  320 2027097.30    0.00000   100%   7.3 2671s
 202225 198909 83810.6916 5227  321 2027097.30    0.00000   100%   7.3 2676s
 202953 199612 88265.2060 5598  319 2027097.30    0.00000   100%   7.3 2680s
 203941 200627 95804.9687 6019  316 2027097.30    0.00000   100%   7.2 2687s
 204611 201264 99529.3884 6214  321 2027097.30    0.00000   100%   7.2 2691s
 204955 201294 101938.173 6358  320 2027097.30    0.00000   100%   7.2 2697s
 205251 201884 103669.265 6458  314 2027097.30    0.00000   100%   7.2 2702s
 205867 202464 108941.922 6742  315 2027097.30    0.00000   100%   7.2 2706s
 206444 203010 113841.641 7020  315 2027097.30    0.00000   100%   7.2 2712s
 206968 203541 118062.317 7268  315 2027097.30    0.00000   100%   7.2 2716s
 207476 204001 121781.617 7498  315 2027097.30    0.00000   100%   7.2 2720s
 208101 204608 127512.693 7774  317 2027097.30    0.00000   100%   7.2 2726s
 208756 205268 133304.891 8020  316 2027097.30    0.00000   100%   7.2 2731s
 209218 205754 137171.084 8193  317 2027097.30    0.00000   100%   7.2 2736s
 209699 206225 140921.234 8363  318 2027097.30    0.00000   100%   7.3 2740s
 210155 206466 144361.627 8516  318 2027097.30    0.00000   100%   7.3 2748s
 210157 206670 145613.182 8515  336 2027097.30    0.00000   100%   7.3 2751s
 210460 207010 146785.247 8672  317 2027097.30    0.00000   100%   7.3 2755s
 211188 207702 158409.082 9019  331 2027097.30    0.00000   100%   7.3 2761s
 211590 208123 176274.630 9020  336 2027097.30    0.00000   100%   7.3 2766s
 212034 208553 180755.305 9021  335 2027097.30    0.00000   100%   7.3 2770s
 212605 209073 203551.061 9021  351 2027097.30    0.00000   100%   7.3 2776s
 212928 209439 211228.475 9020  346 2027097.30    0.00000   100%   7.4 2780s
 213358 209789 211723.901 9021  344 2027097.30    0.00000   100%   7.4 2785s
 213940 210426 245852.803 9020  357 2027097.30    0.00000   100%   7.5 2791s
 214420 210848 210738.258 9021  347 2027097.30    0.00000   100%   7.5 2796s
 214801 211258 241046.944 9020  357 2027097.30    0.00000   100%   7.6 2802s
 214949 211528 238570.045 9020  358 2027097.30    0.00000   100%   7.6 2806s
 215219 211546    0.00000  527  322 2027097.30    0.00000   100%   7.6 2813s
 215237 211799  461.03476  524  336 2027097.30    0.00000   100%   7.6 2817s
 215490 212128 22355.6103  609  328 2027097.30    0.00000   100%   7.6 2820s
 216425 213255 28424.3753  957  324 2027097.30    0.00000   100%   7.6 2827s
 216946 213792 32970.4284 1190  322 2027097.30    0.00000   100%   7.5 2830s
 217842 214755 39794.4699 1594  316 2027097.30    0.00000   100%   7.5 2837s
 218446 215163 43132.5907 1908  317 2027097.30    0.00000   100%   7.5 2840s
 219336 216047 49805.0187 2372  318 2027097.30    0.00000   100%   7.5 2847s
 219738 216446 54338.4455 2567  316 2027097.30    0.00000   100%   7.5 2850s
 220137 216740 57189.7545 2775  317 2027097.30    0.00000   100%   7.5 2858s
 220431 216973 58221.7557 2852  318 2027097.30    0.00000   100%   7.4 2860s
 221094 217748 62593.1138 3134  320 2027097.30    0.00000   100%   7.4 2866s
 221745 218437 65962.1260 3417  318 2027097.30    0.00000   100%   7.4 2872s
 222128 218771 68143.7181 3583  316 2027097.30    0.00000   100%   7.4 2875s
 222724 219403 72366.9500 3882  318 2027097.30    0.00000   100%   7.4 2881s
 223488 220172 76558.2200 4247  316 2027097.30    0.00000   100%   7.4 2887s
 223863 220419 79474.1261 4428  315 2027097.30    0.00000   100%   7.4 2890s
 224378 221146 84907.3728 4736  315 2027097.30    0.00000   100%   7.4 2895s
 225162 221869 89971.5568 5069  315 2027097.30    0.00000   100%   7.3 2901s
 225560 221871 92536.2048 5244  315 2027097.30    0.00000   100%   7.3 2907s
 225562 222059 92546.6344 5245  315 2027097.30    0.00000   100%   7.3 2910s
 226153 222734 96864.9316 5531  316 2027097.30    0.00000   100%   7.3 2915s
 226826 223502 100363.898 5766  317 2027097.30    0.00000   100%   7.3 2921s
 227365 224058 104335.661 6006  314 2027097.30    0.00000   100%   7.3 2926s
 228099 224723 109483.975 6292  314 2027097.30    0.00000   100%   7.3 2932s
 228414 225102 111054.225 6424  315 2027097.30    0.00000   100%   7.3 2935s
 229129 225739 115916.242 6697  314 2027097.30    0.00000   100%   7.3 2940s
 229591 226199 118335.870 6780  322 2027097.30    0.00000   100%   7.3 2945s
 230332 226925 140298.476 6923  322 2027097.30    0.00000   100%   7.3 2952s
 230616 226959 124074.693 6977  329 2027097.30    0.00000   100%   7.3 2959s
 230650 227181 126471.739 6985  330 2027097.30    0.00000   100%   7.3 2962s
 231017 227598 130301.639 7067  322 2027097.30    0.00000   100%   7.3 2966s
 231857 228329 140507.391 7225  338 2027097.30    0.00000   100%   7.3 2971s
 232470 229086 143563.399 7534  314 2027097.30    0.00000   100%   7.3 2976s
 233098 229711 152093.169 7962  315 2027097.30    0.00000   100%   7.3 2982s
 233402 230034 156097.578 8171  315 2027097.30    0.00000   100%   7.3 2985s
 233830 230390 160627.190 8387  317 2027097.30    0.00000   100%   7.3 2991s
 234465 231134 167968.700 8755  316 2027097.30    0.00000   100%   7.2 2995s
 235062 231591 182541.246 9016  336 2027097.30    0.00000   100%   7.2 3000s
 235622 232129 203836.803 9019  347 2027097.30    0.00000   100%   7.3 3029s
 235820 232315 205755.717 9017  345 2027097.30    0.00000   100%   7.3 3032s
 236179 232646 193729.177 9021  338 2027097.30    0.00000   100%   7.3 3036s
 236484 232982 187414.755 9021  343 2027097.30    0.00000   100%   7.3 3040s
 237018 233518 206273.614 9018  348 2027097.30    0.00000   100%   7.3 3047s
 237392 233873 212399.169 9021  340 2027097.30    0.00000   100%   7.3 3051s
 237773 234362 231154.690 9021  361 2027097.30    0.00000   100%   7.4 3057s
 238378 235072 206552.055 9018  343 2027097.30    0.00000   100%   7.4 3062s
 238763 235267 226277.279 9019  356 2027097.30    0.00000   100%   7.4 3065s
 239278 235840 245684.100 9020  378 2027097.30    0.00000   100%   7.4 3071s
 239769 236519 245334.858 9021  378 2027097.30    0.00000   100%   7.4 3076s
 240210 236896 71473.0557  695  330 2027097.30    0.00000   100%   7.4 3080s
 240868 237223 370447.614  968  356 2027097.30    0.00000   100%   7.4 3094s
 240914 237432 438239.429  991  353 2027097.30    0.00000   100%   7.4 3097s
 241123 237748 513837.837 1069  354 2027097.30    0.00000   100%   7.4 3100s
 241918 238521 1523176.80 1444  319 2027097.30    0.00000   100%   7.3 3105s
 242616 239243 14550.1163  540  342 2027097.30    0.00000   100%   7.3 3112s
 243015 239757 115267.932  754  323 2027097.30    0.00000   100%   7.3 3115s
 243974 240707 136130.172 1272  318 2027097.30    0.00000   100%   7.3 3122s
 244479 241166 146970.377 1535  319 2027097.30    0.00000   100%   7.3 3125s
 245371 241929 155170.281 2011  316 2027097.30    0.00000   100%   7.3 3131s
 246180 242393 173052.846 2465  320 2027097.30    0.00000   100%   7.3 3140s
 246370 242979 174333.379 2544  313 2027097.30    0.00000   100%   7.3 3146s
 247291 243987 184331.919 3080  313 2027097.30    0.00000   100%   7.2 3153s
 247776 244499 189938.906 3325  312 2027097.30    0.00000   100%   7.2 3155s
 248575 245232 200047.773 3727  312 2027097.30    0.00000   100%   7.2 3160s
 249477 246069 207588.266 4170  312 2027097.30    0.00000   100%   7.2 3167s
 249858 246501 213407.030 4362  314 2027097.30    0.00000   100%   7.2 3170s
 250706 247188 221922.280 4789  311 2027097.30    0.00000   100%   7.2 3175s
 251274 247487 264974.229 5005  343 2027097.30    0.00000   100%   7.2 3184s
 251276 247782 265012.341 5006  342 2027097.30    0.00000   100%   7.2 3186s
 251981 248566 287020.510 5323  334 2027097.30    0.00000   100%   7.1 3191s
 252657 249216 295168.127 5592  344 2027097.30    0.00000   100%   7.1 3197s
 253321 249872 303569.849 5856  344 2027097.30    0.00000   100%   7.1 3202s
 253661 250245 324800.193 6007  344 2027097.30    0.00000   100%   7.1 3205s
 254378 250973 352521.321 6335  331 2027097.30    0.00000   100%   7.1 3211s
 255375 251619 364056.357 6716  321 2027097.30    0.00000   100%   7.1 3217s
 255991 252309 412346.739 7020  325 2027097.30    0.00000   100%   7.1 3222s
 256335 252333 418236.365 7207  322 2027097.30    0.00000   100%   7.1 3230s
H256491 252572                    2026617.5069    0.00000   100%   7.1 3233s
 256598 252891 420401.430 7351  324 2026617.51    0.00000   100%   7.1 3235s
H256784 252891                    2023881.0305    0.00000   100%   7.1 3235s
 257230 253410 425983.862 7716  322 2023881.03    0.00000   100%   7.1 3240s
 257739 254005 452186.603 7957  322 2023881.03    0.00000   100%   7.1 3245s
H257951 254005                    2014453.6827    0.00000   100%   7.1 3245s
 258241 254435 469746.797 8254  320 2014453.68    0.00000   100%   7.1 3250s
 258679 255010 496221.440 8594  322 2014453.68    0.00000   100%   7.1 3256s
H259081 255234                    2014453.5217    0.00000   100%   7.1 3258s
 259260 255481 510619.859 8956  320 2014453.52    0.00000   100%   7.0 3260s
 259627 255796 566787.692 9020  357 2014453.52    0.00000   100%   7.1 3265s
 260087 256224 520151.589 9021  330 2014453.52    0.00000   100%   7.1 3271s
 260414 256496 558936.444 9019  359 2014453.52    0.00000   100%   7.1 3275s
 260883 257097 526830.824 9013  352 2014453.52    0.00000   100%   7.1 3280s
 261294 257476 551417.391 9017  363 2014453.52    0.00000   100%   7.1 3290s
 261866 258054 571105.497 9019  358 2014453.52    0.00000   100%   7.1 3296s
 262180 258366 596711.900 9021  361 2014453.52    0.00000   100%   7.1 3300s
 262833 259051 549441.874 9020  357 2014453.52    0.00000   100%   7.1 3306s
 263312 259492 568204.187 9020  358 2014453.52    0.00000   100%   7.1 3310s
 263897 260099 582433.351 9021  360 2014453.52    0.00000   100%   7.2 3316s
 264355 260527 593509.013 9021  361 2014453.52    0.00000   100%   7.2 3321s
 264818 261043 578014.956 9020  358 2014453.52    0.00000   100%   7.2 3326s
 265242 261462 608853.050 9019  359 2014453.52    0.00000   100%   7.2 3331s
 265730 261938 603543.074 9020  357 2014453.52    0.00000   100%   7.2 3335s
 266170 262513    0.00000  489  317 2014453.52    0.00000   100%   7.2 3340s
 266539 262581 59641.6677  679  335 2014453.52    0.00000   100%   7.2 3353s
 266607 262851 67899.9660  713  328 2014453.52    0.00000   100%   7.2 3356s
 267114 263598 86509.8007  992  317 2014453.52    0.00000   100%   7.2 3361s
 267928 264321 159063.059 1531  320 2014453.52    0.00000   100%   7.2 3368s
 268347 264757 167433.740 1789  316 2014453.52    0.00000   100%   7.2 3371s
 269124 265540 176495.874 2222  317 2014453.52    0.00000   100%   7.2 3377s
 269566 265950 183016.193 2479  317 2014453.52    0.00000   100%   7.2 3381s
 270343 266749 192745.316 2859  319 2014453.52    0.00000   100%   7.2 3388s
 270775 267146 207703.634 3113  322 2014453.52    0.00000   100%   7.2 3391s
 271493 267845 222365.218 3512  314 2014453.52    0.00000   100%   7.2 3397s
 271950 268305 233274.321 3807  314 2014453.52    0.00000   100%   7.2 3403s
 272331 268334 238918.355 4058  318 2014453.52    0.00000   100%   7.2 3412s
 272360 268480 239343.802 4078  315 2014453.52    0.00000   100%   7.2 3415s
 272844 269233 245625.910 4382  314 2014453.52    0.00000   100%   7.2 3421s
 273259 269648 249188.300 4650  314 2014453.52    0.00000   100%   7.2 3425s
 273970 270336 259641.106 5110  314 2014453.52    0.00000   100%   7.2 3431s
 274719 271064 268112.202 5587  313 2014453.52    0.00000   100%   7.2 3437s
 275090 271522 271524.148 5843  314 2014453.52    0.00000   100%   7.2 3441s
 275969 272375 277905.810 6403  313 2014453.52    0.00000   100%   7.2 3447s
 276742 273112 282799.953 6840  313 2014453.52    0.00000   100%   7.2 3452s
 277362 273749 287126.243 7219  315 2014453.52    0.00000   100%   7.1 3457s
 277775 274128 289786.546 7449  316 2014453.52    0.00000   100%   7.1 3460s
 278446 274807 294637.362 7871  313 2014453.52    0.00000   100%   7.1 3465s
 279193 275540 299665.199 8314  313 2014453.52    0.00000   100%   7.1 3471s
 279746 276059 304068.467 8616  315 2014453.52    0.00000   100%   7.1 3475s
 280365 276660 341356.289 8916  340 2014453.52    0.00000   100%   7.1 3480s
 280983 277284 396947.083 9231  326 2014453.52    0.00000   100%   7.1 3485s
 281531 277507 442290.355 9396  370 2014453.52    0.00000   100%   7.1 3497s
 281725 277884 496805.751 9396  376 2014453.52    0.00000   100%   7.1 3502s
 282078 278154 439987.254 9395  367 2014453.52    0.00000   100%   7.2 3505s
 282350 278568 442855.946 9397  368 2014453.52    0.00000   100%   7.2 3510s
 282825 279001 501772.357 9396  376 2014453.52    0.00000   100%   7.2 3516s
 283429 279619 437186.998 9392  365 2014453.52    0.00000   100%   7.2 3522s
 283894 280073 455701.311 9396  377 2014453.52    0.00000   100%   7.2 3526s
 284354 280482 513348.959 9396  376 2014453.52    0.00000   100%   7.2 3531s
 284761 280980 444776.626 9395  372 2014453.52    0.00000   100%   7.2 3536s
 285360 281621 432008.430 9396  357 2014453.52    0.00000   100%   7.2 3541s
 285904 282132 459607.954 9397  369 2014453.52    0.00000   100%   7.3 3546s
 286402 282529 456857.403 9397  370 2014453.52    0.00000   100%   7.3 3551s
 286809 283024 444894.972 9397  370 2014453.52    0.00000   100%   7.3 3556s
 287207 283397 540234.081 9396  370 2014453.52    0.00000   100%   7.3 3561s
 287646 283799 501143.148 9395  377 2014453.52    0.00000   100%   7.3 3565s
 288115 284257 482173.620 9396  369 2014453.52    0.00000   100%   7.3 3578s
 288283 284372 477176.696 9397  374 2014453.52    0.00000   100%   7.4 3580s
 288719 284892 470511.644 9396  375 2014453.52    0.00000   100%   7.4 3587s
 289159 285418 34570.7484  547  340 2014453.52    0.00000   100%   7.4 3592s
 289444 285725 76614.0648  674  330 2014453.52    0.00000   100%   7.4 3596s
 289936 286084 350710.985  855  349 2014453.52    0.00000   100%   7.4 3600s

Cutting planes:
  RLT: 217

Explored 290110 nodes (2157962 simplex iterations) in 3600.42 seconds (1543.95 work units)
Thread count was 2 (of 24 available processors)

Solution count 10: 2.01445e+06 2.01445e+06 2.02388e+06 ... 2.04907e+06

Time limit reached
Best objective 2.014453521672e+06, best bound 0.000000000000e+00, gap 100.0000%
