
Gurobi 11.0.3 (linux64, Java) logging started sex 29 nov 2024 20:59:59 -03

Set parameter Username
Academic license - for non-commercial use only - expires 2025-10-10
Set parameter NonConvex to value 2
Set parameter TimeLimit to value 3600
Set parameter LogToConsole to value 0
Set parameter MIPGap to value 2.8513120942475052e-08
Set parameter Threads to value 2
Set parameter NodefileDir to value "/home/ps12398/experiment_epec/goalProgrammingMarcos/"
Set parameter NodefileStart to value 1
Gurobi Optimizer version 11.0.3 build v11.0.3rc0 (linux64)

CPU model: Intel(R) Xeon(R) CPU           X5650  @ 2.67GHz, instruction set [SSE2]
Thread count: 12 physical cores, 24 logical processors, using up to 2 threads

Optimize a model with 254173 rows, 172586 columns and 1906669 nonzeros
Model fingerprint: 0x89dcb2c4
Model has 298 quadratic constraints
Variable types: 86148 continuous, 86438 integer (293 binary)
Coefficient statistics:
  Matrix range     [3e-03, 3e+06]
  QMatrix range    [3e-03, 5e+04]
  QLMatrix range   [1e+00, 5e+04]
  Objective range  [1e+00, 7e+07]
  Bounds range     [1e+00, 1e+08]
  RHS range        [1e+00, 7e+06]
Presolve removed 252441 rows and 170338 columns
Presolve time: 1.30s
Presolved: 2869 rows, 2604 columns, 323647 nonzeros
Presolved model has 2 SOS constraint(s)
Presolved model has 293 bilinear constraint(s)

Solving non-convex MIQCP

Variable types: 947 continuous, 1657 integer (295 binary)
Found heuristic solution: objective 1.596823e+07

Root relaxation: objective 4.992123e+05, 595 iterations, 0.26 seconds (0.12 work units)

    Nodes    |    Current Node    |     Objective Bounds      |     Work
 Expl Unexpl |  Obj  Depth IntInf | Incumbent    BestBd   Gap | It/Node Time

     0     0 499212.317    0  512 1.5968e+07 499212.317  96.9%     -    2s
     0     0 1070352.95    0  463 1.5968e+07 1070352.95  93.3%     -    3s
     0     0 1110644.33    0  449 1.5968e+07 1110644.33  93.0%     -    5s
     0     0 1110644.33    0  449 1.5968e+07 1110644.33  93.0%     -    5s
     0     0 1110644.33    0  451 1.5968e+07 1110644.33  93.0%     -    6s
     0     0 1110644.33    0  451 1.5968e+07 1110644.33  93.0%     -    6s
     0     0 1110644.33    0  452 1.5968e+07 1110644.33  93.0%     -    6s
     0     0 1110715.79    0  451 1.5968e+07 1110715.79  93.0%     -    8s
     0     2 1110715.79    0  451 1.5968e+07 1110715.79  93.0%     -   10s
H   26    31                    1.596802e+07 1110854.34  93.0%   1.4   11s
    53    77 1110892.05   22  432 1.5968e+07 1110854.34  93.0%   1.2   16s
   256   392 1110892.05  116  374 1.5968e+07 1110854.34  93.0%   1.1   20s
   549   689 1110892.05  205  320 1.5968e+07 1110854.34  93.0%   1.1   25s
   795   896 1110892.05  332  295 1.5968e+07 1110854.34  93.0%   1.3   31s
H  887   896                    4417628.9904 1110854.34  74.9%   1.4   31s
  1021  1184 1110892.05  438  295 4417628.99 1110854.34  74.9%   1.6   37s
  1183  1336 1110920.92  494  295 4417628.99 1110854.34  74.9%   1.8   40s
H 1362  1465                    4398484.2475 1110854.34  74.7%   1.9   43s
  1464  1603 1111079.38  613  295 4398484.25 1110854.34  74.7%   2.1   46s
  1602  1773 1111222.18  673  295 4398484.25 1110854.34  74.7%   2.6   50s
H 1938  1997                    4379346.0422 1110854.34  74.6%   3.6   54s
  1996  2131 1111765.88  843  295 4379346.04 1110854.34  74.6%   3.6   57s
  2130  2275 1111883.80  911  295 4379346.04 1110854.34  74.6%   4.0   61s
H 2211  2275                    4355157.8513 1110854.34  74.5%   4.3   61s
H 2274  2347                    4017879.8016 1110854.34  72.4%   4.5   64s
  2346  2511 1112123.35 1048  295 4017879.80 1110854.34  72.4%   4.6   69s
H 2510  2708                    4017879.7772 1110854.34  72.4%   5.0   73s
  2707  2918 1112432.52 1188  295 4017879.78 1110854.34  72.4%   5.5   76s
  2917  3072 1112916.10 1260  295 4017879.78 1110854.34  72.4%   6.1   84s
  3071  3297 1112924.24 1317  295 4017879.78 1110854.34  72.4%   6.4   90s
  3296  3480 1112916.10 1411  295 4017879.78 1110854.34  72.4%   6.6  114s
H 3426  3480                    3989955.6331 1110854.34  72.2%   6.8  114s
  3479  3606 1121621.00 1485  293 3989955.63 1110854.34  72.2%   6.9  119s
H 3516  3606                    3981199.6084 1110854.34  72.1%   7.9  119s
  3632  3607 1110892.05   14  123 3981199.61 1110854.34  72.1%   8.0  121s
  3635  3609 1288608.55  997   99 3981199.61 1288608.55  67.6%   8.0  126s
H 3636  3429                    3870723.8039 1288608.55  66.7%   8.0  126s
H 3637  3257                    3798885.8541 1288608.55  66.1%   8.0  128s
H 3639  3096                    3747817.0964 1288608.55  65.6%   8.0  129s
  3643  3100 1288608.55  662  123 3747817.10 1288608.55  65.6%   8.2  130s
H 3645  2945                    3608590.4563 1288761.58  64.3%   8.2  133s
  3650  2949 1288799.45  468  125 3608590.46 1288799.45  64.3%   8.2  135s
  3696  2982 1288858.75   40  411 3608590.46 1288857.16  64.3%   8.4  140s
  3911  3156 1288858.75   94  399 3608590.46 1288857.16  64.3%   8.2  145s
  4131  3334 1289054.31  151  394 3608590.46 1288857.16  64.3%   8.2  150s
  4473  3700 1288858.75  245  366 3608590.46 1288857.16  64.3%   8.6  155s
H 4563  3523                    3388766.8986 1288857.16  62.0%   8.8  155s
  5019  3888 1288858.75  384  378 3388766.90 1288857.16  62.0%   9.8  161s
  5338  4096 1288925.87  462  391 3388766.90 1288857.16  62.0%  10.5  166s
H 5339  3955                    3342314.0641 1288857.16  61.4%  10.5  166s
H 5505  3766                    3256281.7708 1288857.16  60.4%  11.0  166s
  5724  4097 1288858.75  565  380 3256281.77 1288857.16  60.4%  11.5  171s
  6105  4407 1288858.75  668  335 3256281.77 1288857.16  60.4%  12.2  176s
H 6347  4307                    3255604.9121 1288857.16  60.4%  13.0  178s
  6454  4465 1288858.75  762  359 3255604.91 1288857.16  60.4%  13.4  181s
  6648  4779 1288858.75  814  319 3255604.91 1288857.16  60.4%  13.7  185s
H 6697  4643                    3253838.0745 1288857.16  60.4%  13.7  185s
H 7085  4522                    3229755.1642 1288857.16  60.1%  14.2  189s
  7149  4710 1288863.27  966  387 3229755.16 1288857.16  60.1%  14.7  192s
H 7182  4590                    3220643.7350 1288857.16  60.0%  14.8  192s
  7359  4686 1288871.86 1056  377 3220643.74 1288857.16  60.0%  15.4  195s
H 7376  4578                    3212624.5905 1288857.16  59.9%  15.5  195s
H 7667  4602                    3207752.7711 1288857.16  59.8%  16.3  199s
  7733  4716 1288871.86 1212  303 3207752.77 1288857.16  59.8%  16.9  201s
H 7764  4612                    3193389.0340 1288857.16  59.6%  16.9  201s
  7869  4789 1288873.37 1264  343 3193389.03 1288857.16  59.6%  17.3  205s
H 8152  4813                    3171037.6336 1288857.16  59.4%  18.0  208s
  8287  5048 1288880.91 1427  336 3171037.63 1288857.16  59.4%  18.5  212s
H 8346  4944                    3163502.2802 1288857.16  59.3%  18.6  212s
H 8443  4916                    3162631.6448 1288857.16  59.2%  18.7  212s
  8567  5217 1288883.93 1529  314 3162631.64 1288857.16  59.2%  19.3  217s
H 8637  5217                    3160510.1849 1288857.16  59.2%  19.4  217s
H 8868  5683                    3107584.2145 1288857.16  58.5%  19.5  223s
  9334  6071 1294910.31 1812  297 3107584.21 1288857.16  58.5%  19.4  229s
  9722  6500 1297073.80 1943  295 3107584.21 1288857.16  58.5%  19.1  233s
 10151  7028 1300100.21 2099  296 3107584.21 1288857.16  58.5%  19.1  238s
 10679  7351 1301608.15 2278  299 3107584.21 1288857.16  58.5%  19.1  242s
H10959  7351                    3107265.8688 1288857.16  58.5%  19.0  242s
 11002  7926 1305680.67 2386  295 3107265.87 1288857.16  58.5%  19.0  247s
H11577  8321                    2997789.1676 1288857.16  57.0%  18.6  252s
 11972  8626 1309892.78 2673  299 2997789.17 1288857.16  57.0%  18.6  255s
 12277  9078 1311861.65 2776  296 2997789.17 1288857.16  57.0%  18.6  260s
H12729  9377                    2997789.1563 1288857.16  57.0%  18.5  263s
 13028  9644 1318534.89 3059  298 2997789.16 1288857.16  57.0%  18.9  266s
 13489 10034 1326644.27 3201  348 2997789.16 1288857.16  57.0%  19.7  272s
 13685 10271 1327323.37 3251  345 2997789.16 1288857.16  57.0%  20.3  276s
 14072 10776 1355082.12 3377  296 2997789.16 1288857.16  57.0%  20.7  282s
 14427 11143 1360379.54 3488  342 2997789.16 1288857.16  57.0%  20.9  285s
 15036 11554 1371164.88 3690  293 2997789.16 1288857.16  57.0%  21.3  291s
H15120 11554                    2991259.7334 1288857.16  56.9%  21.4  291s
H15205 11671                    2750867.9457 1288857.16  53.1%  21.5  297s
 15322 11972 1374885.10 3811  297 2750867.95 1288857.16  53.1%  21.7  301s
 15623 12241 1396988.31 3905  310 2750867.95 1288857.16  53.1%  22.0  305s
 16185 12777 1425589.33 4067  346 2750867.95 1288857.16  53.1%  23.0  311s
 16677 13303 1438446.22 4180  338 2750867.95 1288857.16  53.1%  23.9  319s
H16688 13303                    2750867.8795 1288857.16  53.1%  23.9  319s
 16954 13508 1456287.39 4283  343 2750867.88 1288857.16  53.1%  24.2  322s
 17159 13928 1458768.06 4339  320 2750867.88 1288857.16  53.1%  24.3  327s
 17579 14234 1470885.09 4459  338 2750867.88 1288857.16  53.1%  24.4  331s
 17885 14544 1474494.68 4529  308 2750867.88 1288857.16  53.1%  24.5  335s
 18195 15138 1476601.98 4574  298 2750867.88 1288857.16  53.1%  24.6  340s
 19172 15953 1492252.86 4829  299 2750867.88 1288857.16  53.1%  24.2  347s
 19604 16243 1499138.76 4942  295 2750867.88 1288857.16  53.1%  24.2  350s
H19671 16243                    2737461.5061 1288857.16  52.9%  24.2  350s
 20290 16845 1522047.40 5098  325 2737461.51 1288857.16  52.9%  24.2  362s
 20496 17134 1544129.64 5150  383 2737461.51 1288857.16  52.9%  24.4  366s
 20785 17414 1541316.52 5216  351 2737461.51 1288857.16  52.9%  24.5  371s
 21065 17790 1606511.01 5270  376 2737461.51 1288857.16  52.9%  24.5  376s
 21441 18199 1626984.95 5317  353 2737461.51 1288857.16  52.9%  24.6  380s
 22119 18847 1636172.68 5430  369 2737461.51 1288857.16  52.9%  24.9  387s
 22498 19301 1679955.98 5493  331 2737461.51 1288857.16  52.9%  25.0  391s
 22952 19699 1684670.38 5580  309 2737461.51 1288857.16  52.9%  25.1  395s
 23777 20531 1690971.28 5722  297 2737461.51 1288857.16  52.9%  25.5  401s
 24564 21310 1696685.83 5837  301 2737461.51 1288857.16  52.9%  25.8  408s
 24961 21691 1699313.92 5902  295 2737461.51 1288857.16  52.9%  25.9  411s
 25342 21953 1712590.55 5984  356 2737461.51 1288857.16  52.9%  26.1  415s
 25604 21955 1707753.28 6028  297 2737461.51 1288857.16  52.9%  26.3  422s
 25606 22170 1717176.57 6028  374 2737461.51 1288857.16  52.9%  26.3  425s
H26068 22458                    2553924.3247 1288857.16  49.5%  26.4  429s
 26109 22878 1712890.50 6155  298 2553924.32 1288857.16  49.5%  26.5  432s
 26529 23206 1718411.49 6264  308 2553924.32 1288857.16  49.5%  26.5  436s
H27094 23697                    2553909.4613 1288857.16  49.5%  27.0  441s
 27549 24099 1741937.23 6566  311 2553909.46 1288857.16  49.5%  27.6  447s
H27750 24283                    2553909.4591 1288857.16  49.5%  28.1  449s
 27934 24512 1775287.69 6669  372 2553909.46 1288857.16  49.5%  28.4  453s
 28163 24757 1802124.14 6732  373 2553909.46 1288857.16  49.5%  28.6  456s
 28666 25324 1839614.64 6863  378 2553909.46 1288857.16  49.5%  29.0  462s
 28975 25577 1834580.37 6931  298 2553909.46 1288857.16  49.5%  29.3  465s
 29498 26048 1841054.90 7093  295 2553909.46 1288857.16  49.5%  29.9  471s
 29947 26513 1877075.60 7194  333 2553909.46 1288857.16  49.5%  30.6  476s
 30426 27054 1900615.73 7322  330 2553909.46 1288857.16  49.5%  31.1  482s
 30705 27056 1912286.96 7404  326 2553909.46 1288857.16  49.5%  31.3  492s
 30707 27277 1897617.19 7405  300 2553909.46 1288857.16  49.5%  31.3  496s
 31199 27914 1908800.83 7566  330 2553909.46 1288857.16  49.5%  31.8  504s
 31565 28248 1908090.10 7683  296 2553909.46 1288857.16  49.5%  31.9  507s
 31899 28514 1917854.78 7770  336 2553909.46 1288857.16  49.5%  32.1  510s
 32324 28964 1950292.81 7862  320 2553909.46 1288857.16  49.5%  32.6  516s
 32871 29425 2023054.52 8052  338 2553909.46 1288857.16  49.5%  32.8  521s
 33353 29902 2137942.19 8236  313 2553909.46 1288857.16  49.5%  33.1  526s
 33849 30419 2190379.65 8334  329 2553909.46 1288857.16  49.5%  33.3  532s
 34070 30631 2190391.82 8332  349 2553909.46 1288857.16  49.5%  33.6  535s
 34418 30973 2220819.76 8337  345 2553909.46 1288857.16  49.5%  34.1  541s
 34904 31531 2204968.63 8338  348 2553909.46 1288857.16  49.5%  34.3  548s
 35182 31721 2206840.16 8337  351 2553909.46 1288857.16  49.5%  34.2  551s
 35601 32265 2196302.07 8337  345 2553909.46 1288857.16  49.5%  34.5  569s
 35916 32618 2205317.82 8335  349 2553909.46 1288857.16  49.5%  34.6  574s
 36269 32938 2205005.59 8338  348 2553909.46 1288857.16  49.5%  34.5  579s
 36589 33235 2208169.99 8337  348 2553909.46 1288857.16  49.5%  34.6  583s
 36886 33585 2199494.28 8338  331 2553909.46 1288857.16  49.5%  34.7  586s
 37236 34011 2198907.64 8333  353 2553909.46 1288857.16  49.5%  34.8  590s
 37937 34612 2215858.80 8338  362 2553909.46 1288857.16  49.5%  34.7  598s
 38263 35050 2219567.95 8336  346 2553909.46 1288857.44  49.5%  34.9  603s
 38701 35387 1292989.62  148  391 2553909.46 1288857.44  49.5%  34.8  608s
H38993 35387                    2547430.7408 1288857.44  49.4%  34.8  608s
 39038 35764 1295430.47  243  389 2547430.74 1288857.44  49.4%  34.8  611s
H39568 35965                    2546271.7455 1288857.44  49.4%  34.9  614s
 39616 36254 1310335.96  369  365 2546271.75 1288857.44  49.4%  35.0  617s
H39759 36254                    2546107.5971 1288857.44  49.4%  34.8  617s
 39905 36546 1314128.76  440  358 2546107.60 1288857.44  49.4%  34.9  622s
H40188 36546                    2545688.4119 1288857.44  49.4%  34.8  622s
 40197 36908 1327701.94  545  344 2545688.41 1288857.44  49.4%  34.9  626s
 40559 37300 1344051.25  676  331 2545688.41 1288857.44  49.4%  34.8  631s
 40951 37372 1353576.25  798  321 2545688.41 1288857.44  49.4%  34.7  643s
H41023 37756                    2535360.7194 1288857.44  49.2%  34.7  649s
 41407 38011 1381902.90  959  311 2535360.72 1288857.44  49.2%  34.5  653s
H41583 38011                    2535360.2606 1288857.44  49.2%  34.4  654s
 41662 38331 1412088.35 1047  317 2535360.26 1288857.44  49.2%  34.6  658s
 41982 38795 1403149.97 1155  302 2535360.26 1288857.44  49.2%  34.4  663s
 42446 39286 1426699.16 1300  297 2535360.26 1288857.44  49.2%  34.3  668s
 42937 39645 1456514.35 1468  295 2535360.26 1288857.44  49.2%  34.2  672s
 43296 40095 1468770.57 1616  294 2535360.26 1288857.44  49.2%  34.0  675s
 44155 40823 1493009.80 1930  297 2535360.26 1288857.44  49.2%  33.9  683s
 44474 41137 1499437.10 2052  299 2535360.26 1288857.44  49.2%  33.9  687s
 44788 41410 1504967.68 2168  309 2535360.26 1288857.44  49.2%  33.9  691s
 45319 41999 1528156.54 2351  307 2535360.26 1288857.44  49.2%  34.1  698s
 45650 42355 1543456.39 2465  309 2535360.26 1288857.44  49.2%  34.2  702s
H45926 42355                    2532332.0576 1288857.44  49.1%  34.2  702s
 46006 42531 1543193.19 2577  298 2532332.06 1288857.44  49.1%  34.2  714s
 46182 42791 1549115.03 2621  311 2532332.06 1288857.44  49.1%  34.2  717s
 46442 43095 1558387.31 2669  308 2532332.06 1288857.44  49.1%  34.1  720s
 46959 43638 1580355.55 2753  318 2532332.06 1288857.44  49.1%  34.1  727s
 47443 44140 1596096.21 2864  328 2532332.06 1288857.44  49.1%  34.1  732s
 47791 44331 1591854.56 2943  300 2532332.06 1288857.44  49.1%  34.1  735s
 48264 44945 1623026.84 3106  301 2532332.06 1288857.44  49.1%  34.5  741s
 48895 45601 1696248.18 3300  318 2532332.06 1288857.44  49.1%  34.6  748s
 49252 45925 1763035.79 3357  332 2532332.06 1288857.44  49.1%  34.5  751s
 49576 46339 1769773.96 3447  304 2532332.06 1288857.44  49.1%  34.5  756s
 49990 46805 1819710.99 3585  310 2532332.06 1288857.44  49.1%  34.5  761s
 50456 47371 1834209.30 3653  296 2532332.06 1288857.44  49.1%  34.4  765s
 51405 48160 1860641.60 3854  298 2532332.06 1288857.44  49.1%  34.2  772s
 51811 48689 1863537.47 3925  296 2532332.06 1288857.44  49.1%  34.1  776s
 52340 49094 1868559.52 4052  296 2532332.06 1288857.44  49.1%  33.9  780s
 53216 49908 1886897.22 4261  317 2532332.06 1288857.44  49.1%  33.7  788s
 53559 50360 1886813.35 4363  302 2532332.06 1288857.44  49.1%  33.6  792s
 54011 50707 1895403.41 4452  295 2532332.06 1288857.44  49.1%  33.6  795s
 54726 51483 1910007.10 4616  295 2532332.06 1288857.44  49.1%  33.6  802s
 55134 51784 1913729.17 4711  295 2532332.06 1288857.44  49.1%  33.6  805s
 55435 51786 1919850.39 4796  314 2532332.06 1288857.44  49.1%  33.6  817s
 55604 52184 1919270.18 4838  295 2532332.06 1288857.44  49.1%  33.6  822s
 55835 52423 1924387.38 4953  296 2532332.06 1288857.44  49.1%  33.5  825s
 56392 53046 1929433.23 5086  295 2532332.06 1288857.44  49.1%  33.6  831s
 56697 53321 1938357.37 5157  299 2532332.06 1288857.44  49.1%  33.7  835s
 57309 53961 1937415.14 5294  295 2532332.06 1288857.44  49.1%  33.7  840s
 57862 54539 1942452.95 5433  295 2532332.06 1288857.44  49.1%  33.9  846s
 58493 55162 1990215.57 5596  350 2532332.06 1288857.44  49.1%  33.9  853s
H58686 55162                    2532319.5161 1288857.44  49.1%  33.8  853s
H58813 55266                    2532319.4859 1288857.44  49.1%  33.8  855s
H58917 55318                    2524136.3656 1288857.44  48.9%  33.8  858s
H58920 55318                    2524136.3598 1288857.44  48.9%  33.8  858s
H58933 55318                    2524134.9621 1288857.44  48.9%  33.8  858s
H58959 55318                    2524134.9607 1288857.44  48.9%  33.8  858s
H58961 55318                    2524134.9545 1288857.44  48.9%  33.8  858s
 58969 55518 1989534.04 5689  314 2524134.95 1288857.44  48.9%  33.8  861s
 59541 56298 1995708.11 5874  298 2524134.95 1288857.44  48.9%  33.7  868s
 59949 56633 2008585.07 5962  359 2524134.95 1288857.44  48.9%  33.7  871s
 60284 56921 2009999.30 6031  360 2524134.95 1288857.44  48.9%  33.8  875s
 60839 57484 2005598.09 6171  296 2524134.95 1288857.44  48.9%  33.9  882s
 61135 57849 2014700.38 6261  297 2524134.95 1288857.44  48.9%  34.0  885s
 61784 58512 2080480.11 6448  306 2524134.95 1288857.44  48.9%  34.0  891s
 62492 59115 2094521.28 6586  295 2524134.95 1288857.44  48.9%  33.9  897s
 62766 59418 2096049.29 6637  296 2524134.95 1288857.44  48.9%  34.0  900s
 63238 59932 2098135.36 6740  296 2524134.95 1288857.44  48.9%  34.2  907s
 63583 60282 2106848.22 6799  296 2524134.95 1288857.44  48.9%  34.2  911s
 63933 60647 2108380.83 6852  297 2524134.95 1288857.44  48.9%  34.3  915s
 64298 60670 2113520.74 6904  298 2524134.95 1288857.44  48.9%  34.3  924s
 64321 61066 2116864.40 6908  299 2524134.95 1288857.44  48.9%  34.3  929s
 64717 61379 2147518.56 7009  305 2524134.95 1288857.44  48.9%  34.1  933s
 65030 61763 2150788.84 7054  305 2524134.95 1288857.44  48.9%  34.0  937s
 65414 62088 2165735.97 7127  298 2524134.95 1288857.44  48.9%  34.0  940s
 65962 62610 2197629.17 7225  349 2524134.95 1288857.44  48.9%  33.9  947s
 66261 62968 2184000.47 7290  309 2524134.95 1288857.44  48.9%  33.9  951s
 66937 63651 2198316.03 7417  321 2524134.95 1288857.44  48.9%  33.8  957s
 67302 63830 2197946.56 7500  303 2524134.95 1288857.44  48.9%  33.8  960s
 67767 64386 2199345.91 7636  300 2524134.95 1288857.44  48.9%  33.9  965s
 68253 64870 2200899.54 7781  302 2524134.95 1288857.44  48.9%  33.9  970s
 68775 65315 2202533.43 7934  300 2524134.95 1288857.44  48.9%  34.0  975s
 69261 65872 2204299.66 8086  299 2524134.95 1288857.44  48.9%  34.1  981s
 69776 66464 2205716.63 8225  300 2524134.95 1288857.44  48.9%  34.2  987s
 70115 66726 2221804.19 8313  341 2524134.95 1288857.44  48.9%  34.2  990s
 70758 67334 2222068.48 8337  343 2524134.95 1288857.44  48.9%  34.1 1005s
 71214 67827 2240712.16 8338  346 2524134.95 1288857.44  48.9%  34.1 1010s
 71806 68553 2248448.55 8338  345 2524134.95 1288857.44  48.9%  34.0 1016s
 72204 68942 2218527.99 8338  334 2524134.95 1288857.44  48.9%  34.0 1020s
 73071 69749 2241351.48 8338  347 2524134.95 1288857.44  48.9%  33.8 1027s
 73400 70112 2227101.83 8337  345 2524134.95 1288857.44  48.9%  33.7 1030s
 74100 70831 1293610.11  131  380 2524134.95 1288858.75  48.9%  33.6 1037s
 74482 71059 1294737.02  244  376 2524134.95 1288858.75  48.9%  33.6 1040s
 74938 71551 1295767.27  366  363 2524134.95 1288858.75  48.9%  33.6 1045s
 75465 71988 1307514.02  538  330 2524134.95 1288858.75  48.9%  33.6 1051s
 75892 72563 1322961.78  645  358 2524134.95 1288858.75  48.9%  33.6 1056s
 76533 73332 1326229.46  780  342 2524134.95 1288858.75  48.9%  33.5 1063s
 76983 73720 1335309.73  909  295 2524134.95 1288858.75  48.9%  33.4 1066s
 77586 74371 1380830.00 1057  295 2524134.95 1288858.75  48.9%  33.3 1073s
 78022 74846 1388731.48 1205  295 2524134.95 1288858.75  48.9%  33.1 1077s
 78497 75081 1402253.96 1384  294 2524134.95 1288858.75  48.9%  33.0 1090s
 78932 75586 1430247.25 1505  333 2524134.95 1288858.75  48.9%  33.0 1097s
 79237 75834 1442241.64 1621  297 2524134.95 1288858.75  48.9%  32.9 1100s
 79840 76402 1450145.71 1809  300 2524134.95 1288858.75  48.9%  32.8 1105s
 80393 76998 1473713.31 1952  339 2524134.95 1288858.75  48.9%  32.8 1112s
 80909 77689 1488751.81 2069  362 2524134.95 1288858.75  48.9%  32.7 1118s
 81340 77908 1486746.26 2185  296 2524134.95 1288858.75  48.9%  32.6 1121s
 81825 78518 1555378.17 2305  329 2524134.95 1288858.75  48.9%  32.6 1127s
 82169 78851 1558906.87 2399  375 2524134.95 1288858.75  48.9%  32.5 1130s
 82739 79354 1578547.12 2545  307 2524134.95 1288858.75  48.9%  32.5 1136s
 83330 79927 1629875.00 2715  304 2524134.95 1288858.75  48.9%  32.4 1142s
 83578 80229 1652502.35 2796  309 2524134.95 1288858.75  48.9%  32.4 1146s
 84282 80925 1702091.15 2961  311 2524134.95 1288858.75  48.9%  32.3 1153s
 84576 81253 1710482.43 3017  302 2524134.95 1288858.75  48.9%  32.3 1156s
 84904 81481 1728395.47 3076  329 2524134.95 1288858.75  48.9%  32.3 1160s
 85550 82286 1736481.80 3236  312 2524134.95 1288858.75  48.9%  32.2 1167s
 85937 82705 1768756.74 3333  347 2524134.95 1288858.75  48.9%  32.2 1170s
 86740 83291 1809642.29 3545  295 2524134.95 1288858.75  48.9%  32.1 1186s
 86942 83594 1814310.20 3603  294 2524134.95 1288858.75  48.9%  32.1 1190s
 87567 84261 1824456.17 3806  294 2524134.95 1288858.75  48.9%  32.1 1195s
 88166 84927 1833923.90 3990  294 2524134.95 1288858.75  48.9%  32.0 1202s
 88578 85274 1853192.27 4114  294 2524134.95 1288858.75  48.9%  31.9 1206s
 89255 86055 1896835.96 4287  298 2524134.95 1288858.75  48.9%  31.9 1213s
 89706 86487 1933932.74 4412  298 2524134.95 1288858.75  48.9%  31.8 1217s
 90138 87061 1936849.38 4527  295 2524134.95 1288858.75  48.9%  31.7 1221s
 90712 87474 1949918.48 4691  298 2524134.95 1288858.75  48.9%  31.6 1225s
 91474 88133 1956312.16 4916  294 2524134.95 1288858.75  48.9%  31.5 1231s
 92052 88645 1977392.04 5030  303 2524134.95 1288858.75  48.9%  31.6 1236s
 92296 88957 1975425.35 5097  313 2524134.95 1288858.75  48.9%  31.7 1240s
 92921 89580 1974680.51 5221  301 2524134.95 1288858.75  48.9%  31.8 1246s
 93231 89932 2017590.43 5317  294 2524134.95 1288858.75  48.9%  31.8 1250s
 93875 90618 2024931.95 5472  294 2524134.95 1288858.75  48.9%  31.8 1256s
 94269 90946 2031880.30 5582  295 2524134.95 1288858.75  48.9%  31.8 1260s
 94864 91553 2104283.55 5700  296 2524134.95 1288858.75  48.9%  31.8 1267s
 95204 91878 2108998.35 5777  302 2524134.95 1288858.75  48.9%  31.8 1270s
 95763 92499 2162180.20 5903  303 2524134.95 1288858.75  48.9%  31.8 1277s
 96150 92501 2176787.04 5990  304 2524134.95 1288858.75  48.9%  31.8 1287s
 96152 92692 2166379.84 5990  301 2524134.95 1288858.75  48.9%  31.8 1290s
 96497 93133 2167822.62 6064  298 2524134.95 1288858.75  48.9%  31.9 1296s
 96983 93497 2169547.70 6157  304 2524134.95 1288858.75  48.9%  32.0 1301s
 97376 93940 2171110.83 6244  299 2524134.95 1288858.75  48.9%  32.1 1306s
 97807 94321 2173310.78 6360  304 2524134.95 1288858.75  48.9%  32.3 1310s
 98161 94645 2174993.67 6455  305 2524134.95 1288858.75  48.9%  32.4 1315s
 98475 95044 2176473.61 6538  307 2524134.95 1288858.75  48.9%  32.5 1320s
 98876 95387 2183351.91 6668  302 2524134.95 1288858.75  48.9%  32.7 1325s
 99263 95751 2197359.05 6798  344 2524134.95 1288858.75  48.9%  32.9 1331s
 99671 96215 2208310.00 6948  349 2524134.95 1288858.75  48.9%  33.0 1336s
 100076 96638 2196914.29 7100  338 2524134.95 1288858.75  48.9%  33.0 1341s
 100446 97062 2198786.32 7243  330 2524134.95 1288858.75  48.9%  33.1 1346s
 100880 97470 2199859.59 7358  327 2524134.95 1288858.75  48.9%  33.1 1352s
 101121 97674 2208215.39 7446  349 2524134.95 1288858.75  48.9%  33.1 1367s
 101325 97975 2204547.02 7497  325 2524134.95 1288858.75  48.9%  33.1 1370s
 101885 98437 2211846.46 7575  352 2524134.95 1288858.75  48.9%  33.0 1376s
 102378 98988 2205725.73 7693  306 2524134.95 1288858.75  48.9%  33.0 1383s
 102639 99202 2205982.11 7740  306 2524134.95 1288858.75  48.9%  33.1 1386s
 103118 99710 2207933.43 7875  312 2524134.95 1288858.75  48.9%  33.1 1392s
 103361 99940 2208929.65 7942  309 2524134.95 1288858.75  48.9%  33.2 1395s
 103774 100293 2217608.71 8076  352 2524134.95 1288858.75  48.9%  33.2 1401s
 104211 100864 2212831.68 8197  300 2524134.95 1288858.75  48.9%  33.3 1406s
 104781 101435 2225798.85 8333  355 2524134.95 1288858.75  48.9%  33.4 1413s
 105086 101786 2241073.90 8338  353 2524134.95 1288858.75  48.9%  33.4 1417s
 105437 102043 2259543.00 8337  350 2524134.95 1288858.75  48.9%  33.3 1420s
 106013 102765 2250882.30 8337  352 2524134.95 1288858.75  48.9%  33.3 1428s
 106416 103016 2245066.14 8337  350 2524134.95 1288858.75  48.9%  33.3 1431s
 106667 103050 2237572.49 8333  353 2524134.95 1288858.75  48.9%  33.2 1443s
 106701 103342 2237429.37 8336  354 2524134.95 1288858.75  48.9%  33.2 1446s
 107293 103980 2254944.54 8338  350 2524134.95 1288858.75  48.9%  33.2 1451s
 107631 104328 2259637.05 8338  350 2524134.95 1288858.75  48.9%  33.2 1455s
 108338 105036 1288858.75  248  379 2524134.95 1288858.75  48.9%  33.1 1462s
 108687 105293 1289023.16  350  397 2524134.95 1288858.75  48.9%  33.1 1466s
 108944 105636 1289179.44  429  390 2524134.95 1288858.75  48.9%  33.2 1470s
 109537 106239 1288859.14  580  345 2524134.95 1288858.75  48.9%  33.2 1476s
 109890 106671 1288859.14  669  352 2524134.95 1288858.75  48.9%  33.2 1480s
 110679 107392 1288955.44  870  372 2524134.95 1288858.75  48.9%  33.2 1487s
 111297 108047 1289011.38 1044  321 2524134.95 1288858.75  48.9%  33.2 1493s
 111698 108388 1289081.22 1163  344 2524134.95 1288858.75  48.9%  33.2 1497s
 112039 108752 1289122.47 1272  323 2524134.95 1288858.75  48.9%  33.2 1501s
 112784 109135 1300650.91 1492  362 2524134.95 1288858.75  48.9%  33.2 1514s
 112786 109411 1300350.86 1492  313 2524134.95 1288858.75  48.9%  33.2 1518s
 113062 109714 1308269.88 1581  295 2524134.95 1288858.75  48.9%  33.2 1521s
 113618 110223 1311859.95 1708  334 2524134.95 1288858.75  48.9%  33.3 1527s
 113874 110593 1313476.28 1759  359 2524134.95 1288858.75  48.9%  33.3 1531s
 114244 110912 1313863.21 1856  296 2524134.95 1288858.75  48.9%  33.4 1535s
 114833 111402 1317172.35 1997  295 2524134.95 1288858.75  48.9%  33.4 1541s
 115053 111680 1318452.16 2056  295 2524134.95 1288858.75  48.9%  33.5 1545s
 115600 112222 1322403.23 2218  297 2524134.95 1288858.75  48.9%  33.6 1551s
 116166 112785 1329790.05 2395  332 2524134.95 1288858.75  48.9%  33.7 1558s
 116436 113047 1328867.31 2469  295 2524134.95 1288858.75  48.9%  33.7 1561s
 116698 113343 1330946.61 2544  301 2524134.95 1288858.75  48.9%  33.8 1565s
 117264 113943 1333462.46 2669  295 2524134.95 1288858.75  48.9%  33.9 1572s
 117594 114186 1334968.59 2738  298 2524134.95 1288858.75  48.9%  33.9 1576s
 118214 115007 1342917.56 2907  345 2524134.95 1288858.75  48.9%  33.9 1583s
 118658 115201 1342202.13 3013  298 2524134.95 1288858.75  48.9%  33.9 1590s
 119181 116062 1345742.01 3173  297 2524134.95 1288858.75  48.9%  33.9 1598s
 119713 116321 1349330.14 3295  295 2524134.95 1288858.75  48.9%  33.8 1601s
 120229 116868 1353008.46 3448  298 2524134.95 1288858.75  48.9%  33.9 1607s
 120519 117135 1357728.79 3536  327 2524134.95 1288858.75  48.9%  33.9 1610s
 120997 117581 1359282.45 3697  295 2524134.95 1288858.75  48.9%  34.0 1618s
 121232 117807 1361669.25 3785  296 2524134.95 1288858.75  48.9%  34.1 1621s
 121595 118106 1366424.40 3886  332 2524134.95 1288858.75  48.9%  34.2 1626s
 121880 118398 1403419.44 3956  403 2524134.95 1288858.75  48.9%  34.3 1632s
 122223 118785 1416349.69 4069  369 2524134.95 1288858.75  48.9%  34.4 1638s
 122436 119021 1428087.29 4106  412 2524134.95 1288858.75  48.9%  34.4 1640s
 122792 119381 1421927.58 4188  331 2524134.95 1288858.75  48.9%  34.6 1647s
 123210 119791 1428863.76 4320  301 2524134.95 1288858.75  48.9%  34.7 1652s
 123442 120052 1439121.37 4402  311 2524134.95 1288858.75  48.9%  34.7 1656s
 123703 120294 1435008.08 4477  295 2524134.95 1288858.75  48.9%  34.8 1660s
 123945 120296 1445831.16 4559  358 2524134.95 1288858.75  48.9%  34.8 1670s
 124144 120693 1451220.04 4620  356 2524134.95 1288858.75  48.9%  34.9 1677s
 124344 120871 1453375.51 4680  353 2524134.95 1288858.75  48.9%  34.9 1680s
 124776 121378 1451184.56 4816  296 2524134.95 1288858.75  48.9%  35.0 1687s
 125029 121803 1455512.16 4909  296 2524134.95 1288858.75  48.9%  35.1 1691s
 125454 122308 1467988.56 5034  305 2524134.95 1288858.75  48.9%  35.0 1696s
 126339 122998 1474359.07 5236  294 2524134.95 1288858.75  48.9%  35.0 1703s
 126649 123324 1486616.75 5292  369 2524134.95 1288858.75  48.9%  34.9 1706s
 126975 123698 1480495.13 5368  297 2524134.95 1288858.75  48.9%  35.0 1710s
 127538 124155 1503663.84 5486  373 2524134.95 1288858.75  48.9%  34.9 1716s
 128172 124789 1506416.37 5629  324 2524134.95 1288858.75  48.9%  34.9 1722s
 128440 125136 1507962.48 5676  316 2524134.95 1288858.75  48.9%  34.9 1726s
 129018 125369 1517451.69 5756  356 2524134.95 1288858.75  48.9%  35.0 1738s
 129020 125670 1510471.58 5756  306 2524134.95 1288858.75  48.9%  35.0 1741s
 129321 125946 1512397.88 5815  299 2524134.95 1288858.75  48.9%  35.0 1745s
 129791 126423 1516384.30 5916  295 2524134.95 1288858.75  48.9%  35.1 1751s
 130414 127131 1578630.51 6036  326 2524134.95 1288858.75  48.9%  35.2 1758s
 130782 127419 1609499.65 6112  321 2524134.95 1288858.75  48.9%  35.2 1761s
 131070 127674 1661542.65 6170  347 2524134.95 1288858.75  48.9%  35.3 1765s
 131496 128057 1710819.73 6242  372 2524134.95 1288858.75  48.9%  35.4 1770s
 132040 128731 1771378.58 6344  374 2524134.95 1288858.75  48.9%  35.4 1778s
 132382 128986 1796039.52 6408  366 2524134.95 1288858.75  48.9%  35.4 1781s
 132966 129672 1826274.38 6503  352 2524134.95 1288858.75  48.9%  35.4 1788s
 133323 130053 1827893.34 6540  341 2524134.95 1288858.75  48.9%  35.4 1792s
 133704 130332 1858199.79 6588  358 2524134.95 1288858.75  48.9%  35.5 1795s
 133983 130536 1864162.92 6624  374 2524134.95 1288858.75  48.9%  35.5 1806s
 134187 130879 1886527.13 6672  367 2524134.95 1288858.75  48.9%  35.5 1810s
 134796 131530 1931512.78 6800  339 2524134.95 1288858.75  48.9%  35.5 1818s
 135181 131893 1946386.37 6882  340 2524134.95 1288858.75  48.9%  35.5 1823s
 135544 132274 1966765.09 6946  317 2524134.95 1288858.75  48.9%  35.6 1826s
 135925 132673 1977369.17 7013  328 2524134.95 1288858.75  48.9%  35.6 1830s
 136899 133529 1993894.70 7286  297 2524134.95 1288858.75  48.9%  35.5 1838s
 137180 133891 1999698.73 7394  315 2524134.95 1288858.75  48.9%  35.5 1841s
 137888 134731 2014188.22 7605  350 2524134.95 1288858.75  48.9%  35.5 1849s
 138382 135116 2030177.43 7704  342 2524134.95 1288858.75  48.9%  35.5 1853s
 138767 135299 2026801.83 7789  314 2524134.95 1288858.75  48.9%  35.5 1856s
 139229 135636 2042866.34 7909  315 2524134.95 1288858.75  48.9%  35.6 1870s
 139476 136068 2043706.16 7969  314 2524134.95 1288858.75  48.9%  35.6 1877s
 139719 136334 2033625.97 8029  302 2524134.95 1288858.75  48.9%  35.6 1880s
 140320 137092 2037805.29 8180  297 2524134.95 1288858.75  48.9%  35.7 1887s
 140743 137432 2056573.41 8265  365 2524134.95 1288858.75  48.9%  35.7 1890s
 141321 137915 2073570.55 8337  382 2524134.95 1288858.75  48.9%  35.7 1896s
 141566 138374 1290481.75  109  396 2524134.95 1288858.75  48.9%  35.7 1901s
 142378 139062 1291022.04  481  351 2524134.95 1288858.75  48.9%  35.7 1908s
 142713 139349 1292184.11  603  401 2524134.95 1288858.75  48.9%  35.6 1911s
 143232 139846 1292753.92  839  391 2524134.95 1288858.75  48.9%  35.6 1916s
 143849 140586 1293745.83 1041  353 2524134.95 1288858.75  48.9%  35.6 1923s
 144237 140876 1294942.40 1173  323 2524134.95 1288858.75  48.9%  35.6 1934s
 144527 141082 1296951.34 1217  315 2524134.95 1288858.75  48.9%  35.6 1937s
 144733 141401 1298136.12 1248  320 2524134.95 1288858.75  48.9%  35.6 1940s
 145367 141956 1315420.22 1397  315 2524134.95 1288858.75  48.9%  35.6 1946s
 145817 142346 1340473.64 1565  424 2524134.95 1288858.75  48.9%  35.7 1951s
 146202 142843 1342719.76 1726  369 2524134.95 1288858.75  48.9%  35.8 1958s
 146494 143170 1344494.89 1845  323 2524134.95 1288858.75  48.9%  35.8 1962s
 146821 143541 1349360.60 1951  329 2524134.95 1288858.75  48.9%  35.8 1965s
 147322 143909 1357329.28 2084  364 2524134.95 1288858.75  48.9%  35.8 1971s
 147560 144211 1366018.48 2150  372 2524134.95 1288858.75  48.9%  35.9 1975s
 148253 144865 1382382.73 2363  392 2524134.95 1288858.75  48.9%  35.9 1982s
 148672 145316 1397463.07 2496  408 2524134.95 1288858.75  48.9%  36.0 1988s
 148967 145729 1397088.49 2569  342 2524134.95 1288858.75  48.9%  36.0 1992s
 149380 146069 1411592.85 2681  357 2524134.95 1288858.75  48.9%  36.0 2004s
 149720 146420 1413291.93 2777  319 2524134.95 1288858.75  48.9%  36.0 2007s
 150071 146666 1426265.89 2894  300 2524134.95 1288858.75  48.9%  36.0 2011s
 150317 146907 1439304.07 2975  383 2524134.95 1288858.75  48.9%  36.0 2015s
 150768 147410 1442027.67 3094  356 2524134.95 1288858.75  48.9%  36.1 2023s
 151061 147828 1452382.08 3191  361 2524134.95 1288858.75  48.9%  36.2 2028s
 151479 148221 1453383.44 3338  353 2524134.95 1288858.75  48.9%  36.2 2032s
 151872 148547 1456698.51 3456  297 2524134.95 1288858.75  48.9%  36.2 2036s
 152198 148886 1463603.53 3573  299 2524134.95 1288858.75  48.9%  36.2 2040s
 152537 149264 1468255.96 3707  297 2524134.95 1288858.75  48.9%  36.2 2045s
 153354 150221 1488672.63 4010  299 2524134.95 1288858.75  48.9%  36.2 2053s
 153872 150673 1499652.31 4106  355 2524134.95 1288858.75  48.9%  36.2 2058s
 154324 150983 1499385.66 4201  298 2524134.95 1288858.75  48.9%  36.1 2061s
 154634 151245 1511417.72 4291  339 2524134.95 1288858.75  48.9%  36.1 2072s
 154896 151482 1517434.36 4370  312 2524134.95 1288858.75  48.9%  36.1 2076s
 155327 151911 1522465.20 4478  299 2524134.95 1288858.75  48.9%  36.3 2082s
 155562 152204 1530951.93 4517  361 2524134.95 1288858.75  48.9%  36.3 2085s
 156274 153032 1532624.16 4698  299 2524134.95 1288858.75  48.9%  36.3 2094s
 156683 153327 1544953.36 4787  325 2524134.95 1288858.75  48.9%  36.3 2098s
 156978 153713 1547115.56 4852  301 2524134.95 1288858.75  48.9%  36.4 2101s
 157364 154026 1555265.85 4973  344 2524134.95 1288858.75  48.9%  36.4 2105s
 157919 154410 1629481.40 5169  329 2524134.95 1288858.75  48.9%  36.4 2111s
 158296 154857 1660936.57 5281  380 2524134.95 1288858.75  48.9%  36.5 2117s
 158508 155206 1648940.04 5347  356 2524134.95 1288858.75  48.9%  36.6 2121s
 158857 155455 1649503.12 5510  297 2524134.95 1288858.75  48.9%  36.6 2125s
 159326 155958 1663701.72 5699  298 2524134.95 1288858.75  48.9%  36.7 2132s
 159609 156174 1672042.35 5780  353 2524134.95 1288858.75  48.9%  36.7 2135s
 159825 156248 1684251.40 5859  355 2524134.95 1288858.75  48.9%  36.7 2147s
 159899 156452 1677932.60 5875  354 2524134.95 1288858.75  48.9%  36.7 2151s
 160341 156844 1690670.96 5983  350 2524134.95 1288858.75  48.9%  36.8 2156s
 160686 157293 1694991.22 6094  348 2524134.95 1288858.75  48.9%  36.9 2163s
 160944 157530 1702192.79 6186  315 2524134.95 1288858.75  48.9%  36.9 2165s
 161405 157964 1722592.65 6339  325 2524134.95 1288858.75  48.9%  37.0 2171s
 161818 158341 1734480.57 6460  327 2524134.95 1288858.75  48.9%  37.1 2177s
 161992 158588 1743619.78 6505  324 2524134.95 1288858.75  48.9%  37.2 2181s
 162239 158981 1755463.78 6565  335 2524134.95 1288858.75  48.9%  37.2 2185s
 162632 159452 1798459.79 6599  381 2524134.95 1288858.75  48.9%  37.2 2190s
 163245 159923 1812144.90 6735  315 2524134.95 1288858.75  48.9%  37.2 2197s
 163795 160350 1858292.51 6845  365 2524134.95 1288858.75  48.9%  37.2 2202s
 164001 160609 1865841.10 6898  349 2524134.95 1288858.75  48.9%  37.2 2206s
 164260 161036 1863795.86 6967  319 2524134.95 1288858.75  48.9%  37.2 2210s
 164925 161364 1877228.11 7155  305 2524134.95 1288858.75  48.9%  37.2 2224s
 165015 161567 1886335.55 7176  361 2524134.95 1288858.75  48.9%  37.2 2228s
 165218 161832 1890801.60 7203  358 2524134.95 1288858.75  48.9%  37.2 2232s
 165483 162310 1887329.61 7282  323 2524134.95 1288858.75  48.9%  37.2 2237s
 165961 162938 1895111.43 7426  309 2524134.95 1288858.75  48.9%  37.2 2241s
 166975 163585 1908494.19 7706  296 2524134.95 1288858.75  48.9%  37.1 2247s
 167236 163836 1912026.16 7809  296 2524134.95 1288858.75  48.9%  37.1 2251s
 167693 164375 1957945.84 7936  313 2524134.95 1288858.75  48.9%  37.2 2258s
 168026 164787 1948140.13 8107  296 2524134.95 1288858.75  48.9%  37.2 2263s
 168438 165043 1953972.57 8286  294 2524134.95 1288858.75  48.9%  37.2 2266s
 168694 165337 1988132.12 8336  334 2524134.95 1288858.75  48.9%  37.2 2270s
 169186 165769 1977950.49 8336  360 2524134.95 1288858.75  48.9%  37.3 2275s
 169652 166283 2050219.03 8336  373 2524134.95 1288858.75  48.9%  37.4 2282s
 169934 166383 1984506.97 8337  360 2524134.95 1288858.75  48.9%  37.4 2285s
 170034 166487 2007677.11 8337  358 2524134.95 1288858.75  48.9%  37.4 2297s
 170138 166673 1986179.79 8336  362 2524134.95 1288858.75  48.9%  37.5 2300s
H170336 166896                    2520678.4161 1288858.75  48.9%  37.5 2304s
 170547 167084 2035806.87 8337  352 2520678.42 1288858.75  48.9%  37.5 2308s
 170735 167266 2002503.25 8337  363 2520678.42 1288858.75  48.9%  37.6 2312s
 171117 167710 2021537.75 8337  361 2520678.42 1288858.75  48.9%  37.7 2317s
 171361 167910 2016355.04 8338  362 2520678.42 1288858.75  48.9%  37.8 2321s
 171561 168184 2012087.02 8336  359 2520678.42 1288858.75  48.9%  37.8 2325s
 172068 168704 2031468.46 8338  361 2520678.42 1288858.75  48.9%  37.9 2332s
 172355 168926 2029169.93 8336  361 2520678.42 1288858.75  48.9%  37.9 2336s
 172577 169236 2045581.34 8337  358 2520678.42 1288858.75  48.9%  37.9 2341s
 172887 169527 2057814.27 8338  361 2520678.42 1288858.75  48.9%  38.0 2345s
 173178 169833 2054955.28 8338  352 2520678.42 1288858.75  48.9%  38.0 2350s
 173696 170337 2059462.42 8337  355 2520678.42 1288858.75  48.9%  38.1 2358s
 173988 170664 2067943.28 8338  357 2520678.42 1288858.75  48.9%  38.2 2363s
 174315 170895 2073741.76 8338  352 2520678.42 1288858.75  48.9%  38.2 2366s
 174546 171446 2060360.55 8337  361 2520678.42 1288858.75  48.9%  38.2 2372s
 175097 171670 1293187.62  334  366 2520678.42 1288858.75  48.9%  38.2 2385s
 175633 172340 1294927.24  541  377 2520678.42 1288858.75  48.9%  38.1 2393s
 175991 172801 1296006.15  653  374 2520678.42 1288858.75  48.9%  38.1 2397s
 176452 173163 1296857.43  810  327 2520678.42 1288858.75  48.9%  38.1 2402s
 176814 173494 1297562.73  879  342 2520678.42 1288858.75  48.9%  38.2 2406s
 177145 173966 1343384.68  941  390 2520678.42 1288858.75  48.9%  38.2 2410s
 177617 174373 1306436.57 1028  378 2520678.42 1288858.75  48.9%  38.2 2415s
 178324 174980 1321204.22 1177  320 2520678.42 1288858.75  48.9%  38.2 2422s
 178631 175391 1331491.96 1262  408 2520678.42 1288858.75  48.9%  38.2 2426s
 179375 176054 1333498.90 1473  332 2520678.42 1288858.75  48.9%  38.3 2431s
 179705 176441 1350170.04 1568  428 2520678.42 1288858.75  48.9%  38.3 2436s
 180092 176716 1341783.82 1642  323 2520678.42 1288858.75  48.9%  38.3 2440s
 180367 176766 1342943.48 1710  383 2520678.42 1288858.75  48.9%  38.3 2451s
 180417 177026 1342879.19 1725  330 2520678.42 1288858.75  48.9%  38.3 2455s
 181098 177865 1348143.09 1934  320 2520678.42 1288858.75  48.9%  38.3 2463s
 181516 178041 1357149.29 2027  390 2520678.42 1288858.75  48.9%  38.3 2466s
 181948 178551 1361883.35 2126  315 2520678.42 1288858.75  48.9%  38.4 2473s
 182202 178852 1356711.07 2211  297 2520678.42 1288858.75  48.9%  38.5 2477s
 182503 179170 1369834.66 2316  345 2520678.42 1288858.75  48.9%  38.5 2481s
 182821 179505 1375919.23 2420  337 2520678.42 1288858.75  48.9%  38.5 2485s
 183156 179628 1382082.52 2498  378 2520678.42 1288858.75  48.9%  38.5 2490s
 183550 180268 1377046.95 2600  295 2520678.42 1288858.75  48.9%  38.6 2498s
 183919 180573 1380656.36 2724  301 2520678.42 1288858.75  48.9%  38.6 2501s
 184224 180853 1384834.96 2813  315 2520678.42 1288858.75  48.9%  38.6 2506s
 184504 181176 1385351.53 2896  295 2520678.42 1288858.75  48.9%  38.6 2510s
 184827 181577 1393798.08 3006  302 2520678.42 1288858.75  48.9%  38.7 2515s
 185228 181954 1409051.61 3140  389 2520678.42 1288858.75  48.9%  38.7 2525s
 185922 182778 1416727.27 3384  300 2520678.42 1288858.75  48.9%  38.7 2535s
 186429 183377 1435795.69 3616  348 2520678.42 1288858.75  48.9%  38.6 2540s
 187490 184299 1434375.01 3861  295 2520678.42 1288858.75  48.9%  38.5 2546s
 188359 185222 1452810.79 4079  320 2520678.42 1288858.75  48.9%  38.4 2552s
 188873 185665 1466197.81 4243  311 2520678.42 1288858.75  48.9%  38.4 2557s
 189316 186164 1467257.37 4439  298 2520678.42 1288858.75  48.9%  38.3 2561s
 189815 186478 1476357.73 4643  297 2520678.42 1288858.75  48.9%  38.2 2565s
 190631 186982 1485259.72 4838  295 2520678.42 1288858.75  48.9%  38.2 2580s
 190942 187599 1491862.34 4978  296 2520678.42 1288858.75  48.9%  38.1 2587s
 191462 188135 1588401.99 5074  348 2520678.42 1288858.75  48.9%  38.1 2592s
 191786 188579 1598586.39 5141  328 2520678.42 1288858.75  48.9%  38.1 2596s
 192596 189497 1606293.27 5323  307 2520678.42 1288858.75  48.9%  38.0 2603s
 193148 190011 1610252.77 5421  295 2520678.42 1288858.75  48.9%  37.9 2607s
 193662 190259 1623149.90 5524  333 2520678.42 1288858.75  48.9%  37.9 2611s
 193910 190748 1619467.21 5590  298 2520678.42 1288858.75  48.9%  37.9 2615s
 194858 191708 1647888.66 5832  367 2520678.42 1288858.75  48.9%  37.7 2623s
 195359 192263 1644876.15 5943  306 2520678.42 1288858.75  48.9%  37.7 2626s
 195914 192265 1650835.92 6170  297 2520678.42 1288858.75  48.9%  37.6 2634s
 195916 192533 1652164.02 6170  301 2520678.42 1288858.75  48.9%  37.6 2637s
 196184 192738 1656084.50 6253  297 2520678.42 1288858.75  48.9%  37.6 2640s
 196702 193297 1698314.52 6343  297 2520678.42 1288858.75  48.9%  37.5 2648s
 196948 193729 1709363.24 6409  352 2520678.42 1288858.75  48.9%  37.5 2651s
 197695 194358 1727225.94 6593  295 2520678.42 1288858.75  48.9%  37.4 2657s
 198013 194761 1740055.47 6735  297 2520678.42 1288858.75  48.9%  37.4 2660s
 198662 195305 1752554.89 7046  295 2520678.42 1288858.75  48.9%  37.3 2667s
 198960 195687 1767140.28 7209  358 2520678.42 1288858.75  48.9%  37.3 2670s
 199604 196245 1772369.58 7484  294 2520678.42 1288858.75  48.9%  37.2 2676s
 200230 196866 1785432.21 7704  296 2520678.42 1288858.75  48.9%  37.2 2682s
 200521 197179 1809672.47 7771  319 2520678.42 1288858.75  48.9%  37.2 2685s
 200834 197436 1833948.70 7806  381 2520678.42 1288858.75  48.9%  37.2 2694s
 201091 197655 1874780.94 7850  366 2520678.42 1288858.75  48.9%  37.2 2697s
 201558 198170 1918482.17 7908  306 2520678.42 1288858.75  48.9%  37.2 2702s
 201825 198495 1926905.58 7966  302 2520678.42 1288858.75  48.9%  37.2 2705s
 202398 199009 1928820.57 8172  295 2520678.42 1288858.75  48.9%  37.2 2710s
 202883 199571 1957288.74 8310  295 2520678.42 1288858.75  48.9%  37.3 2715s
 203560 200058 1973174.64 8338  327 2520678.42 1288858.75  48.9%  37.2 2721s
 203881 200372 1978580.36 8333  350 2520678.42 1288858.75  48.9%  37.3 2725s
 204189 200730 1979361.63 8333  343 2520678.42 1288858.75  48.9%  37.4 2730s
 204691 201149 1995884.28 8338  348 2520678.42 1288858.75  48.9%  37.5 2736s
 204987 201529 1983619.18 8337  356 2520678.42 1288858.75  48.9%  37.5 2741s
 205319 201813 1994448.74 8338  353 2520678.42 1288858.75  48.9%  37.6 2746s
 205561 202095 1986462.97 8338  364 2520678.42 1288858.75  48.9%  37.7 2751s
 205912 202523 1992300.73 8338  359 2520678.42 1288858.75  48.9%  37.8 2756s
 206178 202525 1979108.43 8335  350 2520678.42 1288858.75  48.9%  37.8 2766s
 206339 202813 2012330.51 8337  343 2520678.42 1288858.75  48.9%  37.8 2771s
 206757 203318 1998493.95 8338  360 2520678.42 1288858.75  48.9%  37.8 2777s
 206973 203613 2015870.27 8338  347 2520678.42 1288858.75  48.9%  37.9 2780s
 207478 204070 1988825.96 8337  364 2520678.42 1288858.75  48.9%  37.9 2787s
 207725 204497 1290410.43  156  392 2520678.42 1288858.75  48.9%  37.9 2791s
 208152 204921 1290986.40  326  363 2520678.42 1288858.75  48.9%  37.9 2795s
 208977 205805 1292366.90  589  355 2520678.42 1288858.75  48.9%  37.8 2803s
 209460 206237 1292483.57  715  341 2520678.42 1288858.75  48.9%  37.7 2807s
 210181 206764 1299895.65  881  327 2520678.42 1288858.75  48.9%  37.7 2812s
 210419 207081 1307369.06  931  375 2520678.42 1288858.75  48.9%  37.7 2816s
 211072 207670 1315496.51 1087  323 2520678.42 1288858.75  48.9%  37.7 2822s
 211325 207672 1326229.61 1136  362 2520678.42 1288858.75  48.9%  37.7 2831s
 211419 207990 1327961.23 1171  349 2520678.42 1288858.75  48.9%  37.7 2838s
 211645 208165 1335872.29 1198  372 2520678.42 1288858.75  48.9%  37.7 2841s
 212014 208743 1362232.03 1237  393 2520678.42 1288858.75  48.9%  37.8 2847s
 212398 209107 1407866.06 1340  430 2520678.42 1288858.75  48.9%  37.8 2850s
 213112 209797 1389831.31 1519  371 2520678.42 1288858.75  48.9%  37.8 2857s
 213452 210102 1392182.94 1582  363 2520678.42 1288858.75  48.9%  37.7 2860s
 214117 210782 1399253.43 1668  382 2520678.42 1288858.75  48.9%  37.7 2867s
 214437 211069 1416592.45 1749  391 2520678.42 1288858.75  48.9%  37.7 2871s
 214910 211511 1443587.05 1857  383 2520678.42 1288858.75  48.9%  37.7 2877s
 215166 211852 1445718.84 1898  367 2520678.42 1288858.75  48.9%  37.7 2881s
 215773 212269 1527277.68 2017  391 2520678.42 1288858.75  48.9%  37.7 2887s
 215924 212537 1523343.88 2042  396 2520678.42 1288858.75  48.9%  37.8 2890s
 216475 212822 1543383.35 2161  376 2520678.42 1288858.75  48.9%  37.8 2902s
 216477 213038 1543509.28 2160  376 2520678.42 1288858.75  48.9%  37.8 2906s
 216693 213207 1538718.48 2179  377 2520678.42 1288858.75  48.9%  37.8 2910s
 217272 213958 1579643.26 2307  377 2520678.42 1288858.75  48.9%  37.8 2918s
 217613 214196 1581134.61 2372  349 2520678.42 1288858.75  48.9%  37.8 2921s
 217851 214627 1582962.98 2407  349 2520678.42 1288858.75  48.9%  37.8 2925s
 218608 215193 1642282.57 2559  361 2520678.42 1288858.75  48.9%  37.8 2931s
 219147 215787 1626013.25 2695  346 2520678.42 1288858.75  48.9%  37.8 2937s
 219442 216202 1638730.44 2751  377 2520678.42 1288858.75  48.9%  37.8 2940s
 220149 216715 1660064.48 2841  388 2520678.42 1288858.75  48.9%  37.8 2945s
 220594 217128 1673898.21 2912  394 2520678.42 1288858.75  48.9%  37.8 2951s
 220926 217488 1671337.98 2940  376 2520678.42 1288858.75  48.9%  37.9 2957s
 221143 217865 1686644.69 2981  378 2520678.42 1288858.75  48.9%  37.9 2961s
 222005 218786 1714192.77 3067  358 2520678.42 1288858.75  48.9%  37.8 2968s
 222441 219086 1712545.66 3105  349 2520678.42 1288858.75  48.9%  37.8 2972s
 222741 219319 1759283.13 3122  359 2520678.42 1288858.75  48.9%  37.8 2975s
 223209 219556 1732142.81 3206  350 2520678.42 1288858.75  48.9%  37.7 2993s
 223211 219756 1738924.90 3207  365 2520678.42 1288858.75  48.9%  37.7 2996s
 223621 220168 1750214.75 3272  367 2520678.42 1288858.75  48.9%  37.7 3001s
 224032 220646 1768016.86 3317  378 2520678.42 1288858.75  48.9%  37.8 3007s
 224301 220866 1782499.23 3364  386 2520678.42 1288858.75  48.9%  37.7 3010s
 224786 221316 1807378.35 3422  369 2520678.42 1288858.75  48.9%  37.7 3015s
 225173 221703 1849135.83 3492  386 2520678.42 1288858.75  48.9%  37.7 3021s
 225634 222241 1862565.66 3577  338 2520678.42 1288858.75  48.9%  37.7 3027s
 225896 222452 1875104.50 3629  342 2520678.42 1288858.75  48.9%  37.7 3030s
 226254 222853 1924002.43 3679  367 2520678.42 1288858.75  48.9%  37.8 3036s
 226768 223426 1949352.86 3762  377 2520678.42 1288858.75  48.9%  37.8 3042s
 227081 223725 1949708.20 3792  352 2520678.42 1288858.75  48.9%  37.7 3046s
 227380 224002 1957923.85 3819  329 2520678.42 1288858.75  48.9%  37.7 3050s
 227972 224550 1990289.19 3857  337 2520678.42 1288858.75  48.9%  37.7 3055s
 228521 225073 2030275.01 3908  364 2520678.42 1288858.75  48.9%  37.7 3062s
 228728 225383 2025572.24 3939  324 2520678.42 1288858.75  48.9%  37.8 3065s
 229356 226032 2062090.84 4058  346 2520678.42 1288858.75  48.9%  37.7 3072s
 229687 226356 2078717.49 4100  337 2520678.42 1288858.75  48.9%  37.7 3075s
 230337 226906 2105568.98 4150  335 2520678.42 1288858.75  48.9%  37.8 3080s
 230830 227396 2113718.10 4266  323 2520678.42 1288858.75  48.9%  37.8 3085s
 231051 227400 2140991.65 4289  358 2520678.42 1288858.75  48.9%  37.8 3094s
 231055 227512 2137415.01 4294  351 2520678.42 1288858.75  48.9%  37.8 3096s
 231307 227813 2163816.59 4331  328 2520678.42 1288858.75  48.9%  37.9 3102s
 231617 228173 2197635.03 4355  333 2520678.42 1288858.75  48.9%  38.0 3107s
 231828 228405 2244774.59 4370  333 2520678.42 1288858.75  48.9%  38.0 3111s
 232060 228726 2274284.87 4388  336 2520678.42 1288858.75  48.9%  38.1 3115s
 232702 229223 2283301.82 4438  329 2520678.42 1288858.75  48.9%  38.1 3123s
 232878 229611 2309906.82 4467  329 2520678.42 1288858.75  48.9%  38.1 3127s
 233266 230022 2336703.23 4724  326 2520678.42 1288858.75  48.9%  38.1 3131s
 233677 230583 2347688.69 4989  323 2520678.42 1288858.75  48.9%  38.1 3137s
 234238 231145 2352622.05 5455  323 2520678.42 1288858.75  48.9%  38.0 3142s
 234800 231660 2357501.91 5927  323 2520678.42 1288858.75  48.9%  38.0 3146s
 235315 232142 2374705.57 6291  321 2520678.42 1288858.75  48.9%  37.9 3150s
 236253 233016 2462569.75 6645  315 2520678.42 1288858.75  48.9%  37.8 3158s
 236671 233492 2472996.92 6844  312 2520678.42 1288858.75  48.9%  37.8 3162s
 237147 234053 2483341.82 7167  312 2520678.42 1288858.75  48.9%  37.7 3167s
 237708 234512 2501559.47 7576  322 2520678.42 1288858.75  48.9%  37.7 3170s
 238416 234995     cutoff 8048      2520678.42 1288858.75  48.9%  37.6 3177s
 238686 234997 1289798.80  196  390 2520678.42 1288858.75  48.9%  37.6 3190s
 238807 235370 1289798.80  231  385 2520678.42 1288858.75  48.9%  37.6 3196s
 239261 235655 1308420.44  429  383 2520678.42 1288858.75  48.9%  37.6 3201s
 239524 236002 1310996.52  482  374 2520678.42 1288858.75  48.9%  37.6 3206s
 239836 236293 1308663.06  549  364 2520678.42 1288858.75  48.9%  37.7 3211s
 239984 236597 1310209.43  585  358 2520678.42 1288858.75  48.9%  37.7 3216s
 240288 236952 1327892.21  712  342 2520678.42 1288858.75  48.9%  37.7 3220s
Created node file directory '/home/ps12398/experiment_epec/goalProgrammingMarcos//grbnodes11'
 241067 237883 1366623.89  915  323 2520678.42 1288858.75  48.9%  37.6 3339s
 241574 238243 1385087.86 1058  304 2520678.42 1288858.75  48.9%  37.6 3343s
 241934 238670 1405300.50 1173  297 2520678.42 1288858.75  48.9%  37.6 3347s
 242361 239002 1439416.64 1409  295 2520678.42 1288858.75  48.9%  37.5 3350s
 242969 239480 1454905.46 1653  304 2520678.42 1288858.75  48.9%  37.6 3356s
 243428 240012 1500787.49 1838  315 2520678.42 1288858.75  48.9%  37.6 3361s
 243991 240635 1519305.49 2060  307 2520678.42 1288858.75  48.9%  37.6 3366s
 244326 240991 1537852.74 2173  309 2520678.42 1288858.75  48.9%  37.6 3370s
 245025 241750 1568637.67 2429  307 2520678.42 1288858.75  48.9%  37.6 3377s
 245441 242162 1579046.76 2583  296 2520678.42 1288858.75  48.9%  37.6 3380s
 246185 242951 1615584.65 2837  297 2520678.42 1288858.75  48.9%  37.6 3386s
 246642 243344 1628025.09 3060  294 2520678.42 1288858.75  48.9%  37.5 3489s
 247035 243681 1648575.95 3233  299 2520678.42 1288858.75  48.9%  37.5 3492s
 247372 243683 1650871.30 3412  295 2520678.42 1288858.75  48.9%  37.5 3500s
 247670 244202 1658846.26 3599  295 2520678.42 1288858.75  48.9%  37.5 3506s
 248216 244831 1677554.62 3836  301 2520678.42 1288858.75  48.9%  37.4 3512s
 248522 245264 1679436.19 3965  301 2520678.42 1288858.75  48.9%  37.4 3515s
 249127 245848 1702442.22 4224  295 2520678.42 1288858.75  48.9%  37.4 3521s
 249871 246535 1733569.82 4428  314 2520678.42 1288858.75  48.9%  37.4 3528s
 250226 247054 1739361.43 4460  305 2520678.42 1288858.75  48.9%  37.3 3531s
 250745 247372 1751295.10 4575  297 2520678.42 1288858.75  48.9%  37.3 3535s
 251606 248424 1770753.74 4858  299 2520678.42 1288858.75  48.9%  37.2 3542s

Cutting planes:
  RLT: 166

Explored 252115 nodes (9366577 simplex iterations) in 3659.61 seconds (1937.60 work units)
Thread count was 2 (of 24 available processors)

Solution count 10: 2.52068e+06 2.52413e+06 2.52414e+06 ... 2.54743e+06

Time limit reached
Best objective 2.520678416095e+06, best bound 1.288858745623e+06, gap 48.8686%
