
Gurobi 11.0.3 (linux64, Java) logging started sáb 30 nov 2024 12:22:21 -03

Set parameter Username
Academic license - for non-commercial use only - expires 2025-10-10
Set parameter NonConvex to value 2
Set parameter TimeLimit to value 3600
Set parameter LogToConsole to value 0
Set parameter MIPGap to value 2.8513120942475052e-08
Set parameter Threads to value 2
Set parameter NodefileDir to value "/home/ps12398/experiment_epec/goalProgrammingMarcos/"
Set parameter NodefileStart to value 1
Gurobi Optimizer version 11.0.3 build v11.0.3rc0 (linux64)

CPU model: Intel(R) Xeon(R) CPU           X5650  @ 2.67GHz, instruction set [SSE2]
Thread count: 12 physical cores, 24 logical processors, using up to 2 threads

Optimize a model with 254173 rows, 172586 columns and 1906669 nonzeros
Model fingerprint: 0xa35a4f42
Model has 298 quadratic constraints
Variable types: 86148 continuous, 86438 integer (293 binary)
Coefficient statistics:
  Matrix range     [3e-03, 3e+06]
  QMatrix range    [3e-03, 5e+04]
  QLMatrix range   [1e+00, 5e+04]
  Objective range  [1e+00, 7e+07]
  Bounds range     [1e+00, 1e+08]
  RHS range        [1e+00, 1e+06]
  QRHS range       [1e-02, 1e-02]
Presolve removed 252441 rows and 170338 columns
Presolve time: 1.32s
Presolved: 2869 rows, 2604 columns, 323647 nonzeros
Presolved model has 2 SOS constraint(s)
Presolved model has 293 bilinear constraint(s)

Solving non-convex MIQCP

Variable types: 947 continuous, 1657 integer (295 binary)
Found heuristic solution: objective 1.119098e+07

Root relaxation: objective 0.000000e+00, 475 iterations, 0.23 seconds (0.14 work units)

    Nodes    |    Current Node    |     Objective Bounds      |     Work
 Expl Unexpl |  Obj  Depth IntInf | Incumbent    BestBd   Gap | It/Node Time

     0     0    0.00000    0  510 1.1191e+07    0.00000   100%     -    2s
     0     0 1557489.54    0  492 1.1191e+07 1557489.54  86.1%     -    4s
H    0     0                    5251185.5075 1557503.16  70.3%     -    4s
     0     0 1580168.13    0  494 5251185.51 1580168.13  69.9%     -    5s
     0     0 1580247.48    0  495 5251185.51 1580247.48  69.9%     -    6s
     0     0 1580381.46    0  496 5251185.51 1580381.46  69.9%     -    7s
H    0     0                    4869816.2389 1580418.00  67.5%     -    7s
     0     0 1580418.00    0  496 4869816.24 1580418.00  67.5%     -    7s
     0     0 1580418.00    0  497 4869816.24 1580418.00  67.5%     -    7s
     0     0 1580430.96    0  497 4869816.24 1580430.96  67.5%     -    8s
H    0     0                    4844739.5795 1580430.96  67.4%     -    8s
     0     2 1580430.96    0  497 4844739.58 1580430.96  67.4%     -    9s
    13    17 1580430.96    5  497 4844739.58 1580430.96  67.4%   1.4   10s
   115   165 1580614.22   40  496 4844739.58 1580430.96  67.4%   1.0   15s
   375   424 1581033.13  127  495 4844739.58 1580430.96  67.4%   1.0   20s
H  424   426                    4844685.6290 1580430.96  67.4%   1.0   21s
   495   550 1581203.81  163  494 4844685.63 1580430.96  67.4%   1.0   25s
   777   840 1581655.90  257  493 4844685.63 1580430.96  67.4%   1.0   30s
   924   979 1581889.38  306  493 4844685.63 1580430.96  67.4%   1.0   35s
  1192  1307 1582295.46  418  491 4844685.63 1580430.96  67.4%   1.0   41s
  1506  1606 1582737.25  576  491 4844685.63 1580430.96  67.4%   1.0   45s
  1799  1866 1583369.11  674  491 4844685.63 1580430.96  67.4%   1.0   52s
  1988  2117 1584126.16  727  490 4844685.63 1580430.96  67.4%   1.0   57s
  2184  2313 1584888.85  781  490 4844685.63 1580430.96  67.4%   1.0   61s
  2524  2664 1586152.39  870  490 4844685.63 1580430.96  67.4%   1.0   67s
  2663  2811 1586745.59  912  490 4844685.63 1580430.96  67.4%   1.0   70s
  3015  3140 1587660.73 1080  488 4844685.63 1580430.96  67.4%   1.0   77s
  3139  3319 1587856.96 1139  488 4844685.63 1580430.96  67.4%   1.0   80s
H 3221  3319                    4768431.9488 1580430.96  66.9%   1.0   80s
  3552  3794 1588348.70 1342  487 4768431.95 1580430.96  66.9%   1.0   87s
  3794  3795 1580772.31   68  381 4768431.95 1580430.96  66.9%   1.0   91s
H 3795  3606                    4768041.6013 1580430.96  66.9%   1.0   96s
H 3796  3425                    4363382.8303 1994457.07  54.3%   1.0   97s
H 3796  3254                    4363355.3971 1994457.07  54.3%   1.0   97s
  3797  3255 1994457.07 1361  205 4363355.40 1994457.07  54.3%   1.0  100s
H 3797  3092                    4179127.0350 1995097.54  52.3%   1.0  100s
  3806  3099 1995332.67  760  201 4179127.03 1995332.67  52.3%   1.3  107s
H 3806  2944                    4150077.7206 1995350.76  51.9%   1.3  108s
  3807  2945 1995350.76 1737  207 4150077.72 1995350.76  51.9%   1.3  110s
H 3808  2798                    4122834.4105 1995668.71  51.6%   1.3  111s
  3813  2803 1995668.71   56  381 4122834.41 1995668.71  51.6%   1.5  120s
  3815  2804 1995668.71  771  207 4122834.41 1995668.71  51.6%   1.5  125s
H 3816  2664                    4116645.9955 1995679.96  51.5%   1.5  127s
  3818  2665 1995682.92  260  208 4116646.00 1995682.92  51.5%   1.5  131s
H 3818  2532                    4116403.1470 1995682.92  51.5%   1.5  131s
  3847  2554 1995767.99   41  499 4116403.15 1995700.85  51.5%   1.8  135s
  3901  2593 1996028.09   54  494 4116403.15 1995700.85  51.5%   1.8  140s
  3937  2622 1996049.73   63  490 4116403.15 1995700.85  51.5%   1.8  150s
H 3941  2494                    4095820.1503 1995700.85  51.3%   1.8  150s
  4030  2556 1996176.56   86  476 4095820.15 1995700.85  51.3%   1.8  155s
  4151  2697 1996354.36  115  458 4095820.15 1995700.85  51.3%   1.8  160s
  4467  2920 1996906.22  194  443 4095820.15 1995700.85  51.3%   1.9  166s
  4624  3027 1997227.82  233  443 4095820.15 1995700.85  51.3%   1.9  170s
  4883  3200 1997689.89  297  443 4095820.15 1995700.85  51.3%   1.9  175s
  5100  3361 1998091.45  353  436 4095820.15 1995700.85  51.3%   1.9  181s
  5247  3467 1998397.48  390  436 4095820.15 1995700.85  51.3%   1.9  185s
  5525  3663 1998958.26  458  434 4095820.15 1995700.85  51.3%   1.9  193s
  5644  3746 1999190.36  488  436 4095820.15 1995700.85  51.3%   1.9  195s
  5895  3861 1999714.53  550  434 4095820.15 1995700.85  51.3%   1.9  200s
  6098  4061 2000131.40  602  433 4095820.15 1995700.85  51.3%   1.9  206s
  6329  4246 2000349.39  660  429 4095820.15 1995700.85  51.3%   1.9  210s
  6583  4405 2000678.33  721  427 4095820.15 1995700.85  51.3%   2.0  216s
  6882  4631 2000994.12  797  417 4095820.15 1995700.85  51.3%   2.1  222s
  7207  4847 2001335.45  883  415 4095820.15 1995700.85  51.3%   2.1  228s
  7389  4948 2001480.55  929  414 4095820.15 1995700.85  51.3%   2.2  231s
  7680  5190 2001724.16 1007  413 4095820.15 1995700.85  51.3%   2.2  237s
  7889  5326 2001871.51 1060  412 4095820.15 1995700.85  51.3%   2.3  241s
  8095  5441 2002083.83 1116  408 4095820.15 1995700.85  51.3%   2.3  245s
  8562  5732 2002674.88 1244  403 4095820.15 1995700.85  51.3%   2.3  252s
  8725  5915 2002967.59 1289  403 4095820.15 1995700.85  51.3%   2.3  257s
  8963  6075 2003168.22 1350  403 4095820.15 1995700.85  51.3%   2.3  262s
  9202  6245 2003164.80 1407  403 4095820.15 1995700.85  51.3%   2.3  267s
H 9452  6162                    4095193.0154 1995700.85  51.3%   2.3  271s
  9572  6380 2003801.31 1535  402 4095193.02 1995700.85  51.3%   2.3  275s
  9830  6609 2004070.14 1600  402 4095193.02 1995700.85  51.3%   2.3  281s
 10145  6739 2004426.67 1684  401 4095193.02 1995700.85  51.3%   2.3  286s
 10380  6896 2004562.84 1739  399 4095193.02 1995700.85  51.3%   2.3  291s
H10615  7008                    4095192.9125 1995700.85  51.3%   2.3  295s
 10826  7233 2004823.97 1845  399 4095192.91 1995700.85  51.3%   2.4  300s
 11051  7494 2004959.62 1897  399 4095192.91 1995700.85  51.3%   2.4  305s
 11312  7754 2005427.94 1975  399 4095192.91 1995700.85  51.3%   2.4  310s
 11572  7878 2005889.32 2053  399 4095192.91 1995700.85  51.3%   2.3  315s
 11894  8335 2006287.21 2104  395 4095192.91 1995700.85  51.3%   2.4  323s
 12153  8567 2006408.12 2181  396 4095192.91 1995700.85  51.3%   2.4  328s
 12385  8802 2006654.75 2244  391 4095192.91 1995700.85  51.3%   2.4  332s
 12620  9075 2006795.25 2311  388 4095192.91 1995700.85  51.3%   2.4  338s
 12893  9275 2006920.67 2373  385 4095192.91 1995700.85  51.3%   2.3  343s
 13093  9509 2006981.89 2423  383 4095192.91 1995700.85  51.3%   2.4  348s
H13327  9595                    4088343.1283 1995700.85  51.2%   2.4  352s
 13413  9842 2007089.57 2514  383 4088343.13 1995700.85  51.2%   2.4  357s
 13660 10072 2007159.21 2565  382 4088343.13 1995700.85  51.2%   2.4  363s
 13890 10296 2007294.21 2630  382 4088343.13 1995700.85  51.2%   2.4  367s
 14114 10509 2007383.47 2683  382 4088343.13 1995700.85  51.2%   2.4  371s
 14327 10699 2007443.77 2717  379 4088343.13 1995700.85  51.2%   2.4  376s
H14396 10699                    4083790.0124 1995700.85  51.1%   2.4  376s
 14727 11117 2007607.27 2789  379 4083790.01 1995700.85  51.1%   2.4  384s
 14935 11119 2007694.56 2827  379 4083790.01 1995700.85  51.1%   2.4  394s
H14937 11280                    4083775.2904 1995700.85  51.1%   2.4  399s
 15098 11492 2007762.58 2858  379 4083775.29 1995700.85  51.1%   2.3  403s
H15310 11559                    4083628.6200 1995700.85  51.1%   2.3  406s
 15377 11814 2007915.64 2923  377 4083628.62 1995700.85  51.1%   2.3  411s
 15632 12083 2008011.33 2966  376 4083628.62 1995700.85  51.1%   2.3  417s
 15901 12335 2008159.73 3017  376 4083628.62 1995700.85  51.1%   2.3  421s
 16153 12581 2008262.19 3060  374 4083628.62 1995700.85  51.1%   2.3  426s
 16399 12772 2008353.28 3102  376 4083628.62 1995700.85  51.1%   2.3  431s
H16477 12772                    4082690.4783 1995700.85  51.1%   2.3  431s
 16590 12987 2008442.33 3141  376 4082690.48 1995700.85  51.1%   2.3  436s
 16805 13203 2008541.64 3184  376 4082690.48 1995700.85  51.1%   2.3  440s
 17199 13532 2008741.83 3270  376 4082690.48 1995700.85  51.1%   2.2  446s
 17350 13712 2008829.12 3308  376 4082690.48 1995700.85  51.1%   2.2  450s
H17609 13861                    4076332.5209 1995700.85  51.0%   2.2  454s
 17679 13976 2009020.80 3391  375 4076332.52 1995700.85  51.0%   2.2  457s
 17794 14155 2009083.74 3420  376 4076332.52 1995700.85  51.0%   2.2  461s
 18153 14519 2009291.85 3509  375 4076332.52 1995700.85  51.0%   2.2  467s
 18337 14712 2009395.41 3554  376 4076332.52 1995700.85  51.0%   2.2  470s
H18726 15085                    4070603.4151 1995700.85  51.0%   2.2  477s
 18903 15282 2009701.08 3686  376 4070603.42 1995700.85  51.0%   2.2  480s
 19299 15657 2009910.98 3778  376 4070603.42 1995700.85  51.0%   2.1  487s
 19475 15856 2010002.86 3818  376 4070603.42 1995700.85  51.0%   2.1  490s
H19853 16185                    4065598.6237 1995700.85  50.9%   2.1  497s
H19933 16185                    4064317.1725 1995700.85  50.9%   2.1  497s
 20003 16195 2010320.28 3948  374 4064317.17 1995700.85  50.9%   2.1  508s
H20007 16195                    3801201.5255 1995700.85  47.5%   2.1  508s
 20013 16340 2010331.98 3950  374 3801201.53 1995700.85  47.5%   2.1  512s
 20158 16515 2010364.44 3986  369 3801201.53 1995700.85  47.5%   2.1  515s
H20249 16515                    3799657.9603 1995700.85  47.5%   2.1  515s
H20333 16682                    3799657.1304 1995700.85  47.5%   2.1  519s
H20418 16682                    3799644.9873 1995700.85  47.5%   2.1  519s
 20500 16868 2010542.26 4074  369 3799644.99 1995700.85  47.5%   2.1  522s
H20686 17060                    3799534.9900 1995700.85  47.5%   2.1  526s
H20878 17159                    3799498.6457 1995700.85  47.5%   2.1  530s
 21161 17551 2010929.51 4266  363 3799498.65 1995700.85  47.5%   2.1  538s
 21369 17744 2011002.36 4316  363 3799498.65 1995700.85  47.5%   2.1  543s
 21562 17956 2011166.12 4363  362 3799498.65 1995700.85  47.5%   2.1  548s
 21774 18148 2011269.47 4415  362 3799498.65 1995700.85  47.5%   2.1  551s
 21966 18345 2011295.51 4463  363 3799498.65 1995700.85  47.5%   2.1  555s
H22064 18345                    3788327.1674 1995700.85  47.3%   2.1  555s
 22356 18737 2011555.67 4559  362 3788327.17 1995700.85  47.3%   2.1  564s
 22555 18941 2011618.86 4607  362 3788327.17 1995700.85  47.3%   2.1  568s
 22759 19154 2011627.16 4657  360 3788327.17 1995700.85  47.3%   2.1  573s
 22972 19325 2011681.63 4711  359 3788327.17 1995700.85  47.3%   2.1  577s
H23050 19325                    3788326.3376 1995700.85  47.3%   2.2  577s
 23143 19529 2011734.70 4752  358 3788326.34 1995700.85  47.3%   2.1  580s
 23565 19821 2011816.30 4856  358 3788326.34 1995700.85  47.3%   2.2  591s
H23601 19821                    3783021.6428 1995700.85  47.2%   2.2  591s
 23656 20046 2011837.99 4877  358 3783021.64 1995700.85  47.2%   2.2  598s
 23864 20292 2011903.42 4925  357 3783021.64 1995700.85  47.2%   2.2  603s
 24110 20535 2011956.65 4997  357 3783021.64 1995700.85  47.2%   2.2  607s
 24353 20781 2012011.15 5067  357 3783021.64 1995700.85  47.2%   2.2  612s
 24599 21034 2012097.68 5136  356 3783021.64 1995700.85  47.2%   2.2  616s
 24852 21262 2012149.12 5206  356 3783021.64 1995700.85  47.2%   2.1  620s
 25080 21270 2012186.05 5269  357 3783021.64 1995700.85  47.2%   2.1  631s
H25088 21468                    3782921.2420 1995700.85  47.2%   2.1  636s
 25286 21621 2012224.52 5332  357 3782921.24 1995700.85  47.2%   2.1  640s
H25314 21621                    3782915.8471 1995700.85  47.2%   2.1  640s
 25691 22121 2012344.03 5469  356 3782915.85 1995700.85  47.2%   2.1  650s
 25939 22397 2012395.47 5539  356 3782915.85 1995700.85  47.2%   2.1  655s
 26491 22929 2012498.34 5679  356 3782915.85 1995700.85  47.2%   2.1  664s
 26747 23187 2012533.29 5743  357 3782915.85 1995700.85  47.2%   2.1  668s
 27005 23454 2012620.03 5810  356 3782915.85 1995700.85  47.2%   2.1  672s
 27272 23717 2012660.87 5879  357 3782915.85 1995700.85  47.2%   2.1  677s
H27535 23943                    3782912.8062 1995700.85  47.2%   2.1  681s
 27761 24206 2012748.87 6002  354 3782912.81 1995700.85  47.2%   2.1  686s
 28024 24453 2012789.28 6068  356 3782912.81 1995700.85  47.2%   2.1  691s
 28271 24688 2012811.96 6131  355 3782912.81 1995700.85  47.2%   2.1  696s
 28506 24920 2012853.82 6189  354 3782912.81 1995700.85  47.2%   2.1  700s
H28844 25141                    3782710.8951 1995700.85  47.2%   2.1  705s
 29215 25663 2012944.47 6366  355 3782710.90 1995700.85  47.2%   2.1  714s
 29481 25927 2012982.27 6433  355 3782710.90 1995700.85  47.2%   2.1  718s
 29745 26186 2013028.64 6499  354 3782710.90 1995700.85  47.2%   2.1  722s
 30004 26423 2013069.00 6564  356 3782710.90 1995700.85  47.2%   2.1  726s
H30125 26423                    3781913.4107 1995700.85  47.2%   2.1  726s
 30241 26425 2013090.55 6625  355 3781913.41 1995700.85  47.2%   2.1  737s
H30242 26425                    3780527.3870 1995700.85  47.2%   2.1  737s
 30243 26659 2013099.70 6625  354 3780527.39 1995700.85  47.2%   2.1  741s
 30477 26920 2013136.67 6684  356 3780527.39 1995700.85  47.2%   2.1  747s
 30738 27185 2013173.89 6750  356 3780527.39 1995700.85  47.2%   2.1  750s
 31003 27449 2013198.25 6816  355 3780527.39 1995700.85  47.2%   2.1  755s
H31393 27694                    3777801.0405 1995700.85  47.2%   2.1  759s
 31512 27928 2013310.01 6944  353 3777801.04 1995700.85  47.2%   2.1  764s
 31746 28153 2013382.04 7006  353 3777801.04 1995700.85  47.2%   2.1  768s
H31868 28153                    3776559.0102 1995700.85  47.2%   2.1  768s
 31971 28396 2013453.21 7067  353 3776559.01 1995700.85  47.2%   2.1  773s
 32214 28611 2013517.72 7128  354 3776559.01 1995700.85  47.2%   2.1  777s
 32429 28737 2013580.46 7182  354 3776559.01 1995700.85  47.2%   2.1  781s
 32555 28962 2013614.58 7214  354 3776559.01 1995700.85  47.2%   2.1  785s
H32626 28962                    3776540.7545 1995700.85  47.2%   2.1  785s
H32735 28962                    3772800.2401 1995700.85  47.1%   2.1  785s
 32780 29228 2013678.40 7269  354 3772800.24 1995700.85  47.1%   2.1  790s
H33309 29741                    3772565.3709 1995700.85  47.1%   2.1  799s
H33559 29983                    3772541.7660 1995700.85  47.1%   2.1  804s
 33801 30254 2014139.46 7530  352 3772541.77 1995700.85  47.1%   2.1  808s
 34072 30480 2014247.80 7598  351 3772541.77 1995700.85  47.1%   2.1  812s
H34117 30480                    3771785.2432 1995700.85  47.1%   2.1  812s
 34298 30750 2014306.19 7655  349 3771785.24 1995700.85  47.1%   2.1  817s
H34568 30977                    3771677.0562 1995700.85  47.1%   2.1  821s
 34795 31196 2014406.53 7778  348 3771677.06 1995700.85  47.1%   2.1  826s
 35014 31462 2014453.69 7837  347 3771677.06 1995700.85  47.1%   2.1  831s
 35280 31530 2014507.97 7905  346 3771677.06 1995700.85  47.1%   2.1  845s
H35347 31530                    3771676.9691 1995700.85  47.1%   2.1  845s
H35397 31630                    3767684.0185 1995700.85  47.0%   2.1  849s
H35448 31881                    3767683.6666 1995700.85  47.0%   2.1  853s
H35566 31881                    3767683.6581 1995700.85  47.0%   2.1  853s
 35699 32092 2014560.35 8006  346 3767683.66 1995700.85  47.0%   2.1  858s
 35910 32341 2014592.61 8061  345 3767683.66 1995700.85  47.0%   2.1  863s
H36159 32600                    3767497.4623 1995700.85  47.0%   2.1  868s
 36418 32838 2014692.61 8191  345 3767497.46 1995700.85  47.0%   2.1  873s
H36547 32838                    3767468.4169 1995700.85  47.0%   2.0  873s
 36656 33045 2014746.77 8255  344 3767468.42 1995700.85  47.0%   2.0  879s
 36863 33310 2015032.89 8301  340 3767468.42 1995700.85  47.0%   2.0  885s
 37128 33498 2015068.67 8369  339 3767468.42 1995700.85  47.0%   2.0  890s
 37316 33770 2015096.36 8425  339 3767468.42 1995700.85  47.0%   2.0  896s
H37588 34031                    3767466.3713 1995700.85  47.0%   2.0  902s
 37849 34313 2014895.99 8553  340 3767466.37 1995700.85  47.0%   2.0  907s
 38131 34571 2015189.56 8617  339 3767466.37 1995700.85  47.0%   2.0  911s
 38389 34707 2014960.03 8674  338 3767466.37 1995700.85  47.0%   2.0  916s
H38404 34707                    3767358.3641 1995700.85  47.0%   2.0  916s
 38525 34986 2014958.86 8679  339 3767358.36 1995700.85  47.0%   2.0  921s
 38804 35273 2015000.84 8753  338 3767358.36 1995700.85  47.0%   2.0  927s
 39091 35557 2015045.80 8830  338 3767358.36 1995700.85  47.0%   2.0  933s
 39375 35823 2015089.15 8906  338 3767358.36 1995700.85  47.0%   2.0  938s
 39641 36003 2015181.19 8981  338 3767358.36 1995700.85  47.0%   2.0  942s
 39821 36265 2015207.11 9037  339 3767358.36 1995700.85  47.0%   2.0  948s
 40083 36548 2015284.02 9110  339 3767358.36 1995700.85  47.0%   2.0  953s
 40366 36654 2015330.89 9184  339 3767358.36 1995700.85  47.0%   2.0  962s
 40472 36912 2015367.61 9210  338 3767358.36 1995700.85  47.0%   2.0  967s
 40730 37162 2015445.60 9276  339 3767358.36 1995700.85  47.0%   2.0  972s
 40980 37468 2015485.73 9338  338 3767358.36 1995700.85  47.0%   2.0  977s
 41286 37757 2015574.28 9415  339 3767358.36 1995700.85  47.0%   2.0  982s
 41575 38058 2015666.08 9488  339 3767358.36 1995700.85  47.0%   2.0  987s
 41876 38275 2015709.04 9561  338 3767358.36 1995700.85  47.0%   2.0  990s
 42390 38826 2015864.73 9688  336 3767358.36 1995700.85  47.0%   2.0  998s
 42644 39068 2015890.15 9745  332 3767358.36 1995700.85  47.0%   2.0 1003s
 42886 39261 2015905.38 9805  331 3767358.36 1995700.85  47.0%   2.0 1007s
 43079 39502 2015905.13 9852  332 3767358.36 1995700.85  47.0%   2.0 1012s
H43320 39705                    3767339.3970 1995700.85  47.0%   2.0 1017s
H43523 39903                    3767320.0517 1995700.85  47.0%   2.0 1021s
 43721 40126 2015927.68 10013  332 3767320.05 1995700.85  47.0%   2.1 1026s
 43944 40367 2015935.53 10069  332 3767320.05 1995700.85  47.0%   2.1 1031s
H44185 40487                    3767253.5982 1995700.85  47.0%   2.1 1034s
 44305 40732 2016006.61 10189  331 3767253.60 1995700.85  47.0%   2.1 1040s
 44550 41037 2016091.65 10257  331 3767253.60 1995700.85  47.0%   2.1 1045s
 44855 41289 2016193.92 10337  331 3767253.60 1995700.85  47.0%   2.1 1050s
 45107 41594 2016271.75 10401  331 3767253.60 1995700.85  47.0%   2.1 1055s
 45412 41856 2016371.52 10479  331 3767253.60 1995700.85  47.0%   2.1 1073s
H45542 41856                    3767197.0707 1995700.85  47.0%   2.1 1073s
 45674 42046 2016451.84 10545  331 3767197.07 1995700.85  47.0%   2.1 1077s
 45864 42269 2016514.59 10597  330 3767197.07 1995700.85  47.0%   2.1 1082s
 46087 42588 2016545.75 10655  330 3767197.07 1995700.85  47.0%   2.1 1087s
 46406 42779 2016595.99 10738  329 3767197.07 1995700.85  47.0%   2.1 1092s
H46597 43040                    3766534.5028 1995700.85  47.0%   2.1 1097s
 46858 43334 2016714.90 10866  328 3766534.50 1995700.85  47.0%   2.1 1101s
 47152 43637 2016778.09 10944  328 3766534.50 1995700.85  47.0%   2.1 1105s
 47455 43914 2016842.67 11022  328 3766534.50 1995700.85  47.0%   2.1 1110s
H47872 44176                    3765940.3202 1995700.85  47.0%   2.0 1114s
H47994 44418                    3765854.8404 1995700.85  47.0%   2.0 1119s
 48236 44644 2017010.86 11226  328 3765854.84 1995700.85  47.0%   2.0 1123s
H48423 44644                    3761438.1760 1995700.85  46.9%   2.0 1123s
 48462 44903 2017054.06 11275  327 3761438.18 1995700.85  46.9%   2.0 1127s
 48721 45201 2017110.78 11345  327 3761438.18 1995700.85  46.9%   2.0 1131s
 49019 45471 2017169.49 11425  328 3761438.18 1995700.85  46.9%   2.0 1136s
 49289 45767 2017264.27 11498  327 3761438.18 1995700.85  46.9%   2.0 1141s
H49585 46007                    3757494.7418 1995700.85  46.9%   2.0 1145s
 49825 46308 2017400.97 11644  327 3757494.74 1995700.85  46.9%   2.0 1150s
 50126 46342 2017450.09 11727  327 3757494.74 1995700.85  46.9%   2.0 1169s
H50142 46342                    3741679.2400 1995700.85  46.7%   2.0 1169s
 50160 46515 2017466.88 11735  327 3741679.24 1995700.85  46.7%   2.0 1173s
H50238 46515                    3741679.1782 1995700.85  46.7%   2.0 1173s
 50333 46785 2017500.81 11774  327 3741679.18 1995700.85  46.7%   2.0 1177s
 50603 47046 2017579.58 11846  326 3741679.18 1995700.85  46.7%   2.1 1182s
H50864 47048                    3741678.8846 1995700.85  46.7%   2.1 1196s
 50866 47249 2017600.89 11909  326 3741678.88 1995700.85  46.7%   2.1 1200s
 51306 47611 2017626.98 12021  327 3741678.88 1995700.85  46.7%   2.1 1209s
 51429 47856 2017632.56 12021  326 3741678.88 1995700.85  46.7%   2.1 1213s
 51674 48128 2017644.28 12082  327 3741678.88 1995700.85  46.7%   2.1 1218s
 51946 48392 2017710.62 12148  323 3741678.88 1995700.85  46.7%   2.1 1223s
 52210 48674 2017780.57 12217  324 3741678.88 1995700.85  46.7%   2.1 1227s
 52492 48929 2017846.27 12290  324 3741678.88 1995700.85  46.7%   2.1 1230s
 52747 49209 2017926.58 12357  324 3741678.88 1995700.85  46.7%   2.1 1235s
 53027 49502 2017943.65 12422  322 3741678.88 1995700.85  46.7%   2.1 1240s
 53320 49796 2017987.37 12492  321 3741678.88 1995700.85  46.7%   2.1 1245s
 53614 50092 2018065.02 12564  321 3741678.88 1995700.85  46.7%   2.1 1251s
 53910 50381 2018144.65 12638  321 3741678.88 1995700.85  46.7%   2.0 1256s
 54199 50673 2018229.27 12709  321 3741678.88 1995700.85  46.7%   2.0 1261s
 54491 50959 2018306.83 12781  321 3741678.88 1995700.85  46.7%   2.0 1266s
 54777 51229 2018348.07 12853  320 3741678.88 1995700.85  46.7%   2.0 1272s
 55047 51499 2018409.95 12915  320 3741678.88 1995700.85  46.7%   2.0 1277s
 55317 51767 2018451.35 12979  320 3741678.88 1995700.85  46.7%   2.0 1282s
 55585 52025 2018563.86 13041  320 3741678.88 1995700.85  46.7%   2.0 1287s
 55843 52266 2018598.83 13102  320 3741678.88 1995700.85  46.7%   2.0 1291s
 56084 52507 2018650.65 13163  320 3741678.88 1995700.85  46.7%   2.0 1296s
 56325 52746 2018705.63 13224  318 3741678.88 1995700.85  46.7%   2.0 1300s
 56564 52991 2018755.87 13284  318 3741678.88 1995700.85  46.7%   2.0 1306s
 56809 53250 2018802.56 13348  318 3741678.88 1995700.85  46.7%   2.0 1311s
 57068 53507 2018860.41 13407  320 3741678.88 1995700.85  46.7%   2.0 1315s
 57325 53766 2018906.54 13465  320 3741678.88 1995700.85  46.7%   2.0 1320s
 57584 53888 2018969.60 13523  320 3741678.88 1995700.85  46.7%   2.0 1330s
 57898 54325 2019006.78 13551  317 3741678.88 1995700.85  46.7%   2.0 1339s
 58143 54586 2019016.33 13553  320 3741678.88 1995700.85  46.7%   2.0 1344s
 58404 54851 2019015.16 13553  316 3741678.88 1995700.85  46.7%   2.0 1348s
 58669 55111 2019014.89 13553  313 3741678.88 1995700.85  46.7%   2.0 1353s
 58929 55365 2019037.16 13553  320 3741678.88 1995700.85  46.7%   2.0 1359s
 59183 55633 2019022.52 13553  317 3741678.88 1995700.85  46.7%   2.0 1363s
 59451 55883 2019020.83 13553  316 3741678.88 1995700.85  46.7%   2.0 1368s
 59701 56150 2019029.12 13551  319 3741678.88 1995700.85  46.7%   2.0 1372s
 59968 56404 2019018.42 13553  316 3741678.88 1995700.85  46.7%   2.0 1377s
 60222 56652 2019020.17 13550  317 3741678.88 1995700.85  46.7%   2.0 1382s
 60470 56886 2019019.78 13553  315 3741678.88 1995700.85  46.7%   2.0 1386s
 60704 57142 2019170.26 13553  315 3741678.88 1995700.85  46.7%   2.0 1390s
 61212 57660 2019127.26 13553  315 3741678.88 1995700.85  46.7%   2.0 1399s
 61478 57914 2019026.21 13553  314 3741678.88 1995700.85  46.7%   2.0 1402s
 61732 58136 2019012.66 13552  313 3741678.88 1995700.85  46.7%   2.0 1406s
 61954 58220 2019174.31 13552  315 3741678.88 1995700.85  46.7%   2.0 1410s
 62163 58525 1996269.28   82  471 3741678.88 1995733.28  46.7%   2.0 1419s
 62343 58769 1996405.62  126  450 3741678.88 1995733.28  46.7%   2.0 1424s
 62587 58984 1996753.97  177  449 3741678.88 1995733.28  46.7%   2.0 1429s
 62802 59217 1997023.33  226  445 3741678.88 1995733.28  46.7%   2.0 1435s
 63035 59448 1997389.14  281  442 3741678.88 1995733.28  46.7%   2.0 1441s
 63266 59680 1997766.41  338  442 3741678.88 1995733.28  46.7%   2.0 1446s
 63498 59703 1998132.13  396  443 3741678.88 1995733.28  46.7%   2.0 1450s
H63501 59703                    3725226.2956 1995733.28  46.4%   2.0 1450s
H63507 59703                    3725222.2885 1995733.28  46.4%   2.0 1450s
H63521 59727                    3720840.6327 1995733.28  46.4%   2.0 1453s
H63528 59727                    3720381.0718 1995733.28  46.4%   2.0 1453s
 63545 59961 1998220.11  407  442 3720381.07 1995733.28  46.4%   2.0 1459s
 63779 60191 1998602.62  465  442 3720381.07 1995733.28  46.4%   2.0 1464s
 64009 60422 1998985.13  523  442 3720381.07 1995733.28  46.4%   2.0 1469s
 64240 60424 1999367.63  581  442 3720381.07 1995733.28  46.4%   2.0 1483s
 64242 60535 1999358.79  582  443 3720381.07 1995733.28  46.4%   2.0 1486s
 64353 60799 1999547.05  608  442 3720381.07 1995733.28  46.4%   2.0 1492s
 64617 61041 1999926.13  668  442 3720381.07 1995733.28  46.4%   2.0 1496s
 64859 61306 2000282.06  720  441 3720381.07 1995733.28  46.4%   2.0 1500s
 65124 61574 2000655.01  779  442 3720381.07 1995733.28  46.4%   2.0 1505s
 65392 61817 2001047.27  838  442 3720381.07 1995733.28  46.4%   2.0 1510s
 65635 62050 2001366.65  890  439 3720381.07 1995733.28  46.4%   2.0 1515s
 66101 62500 2002088.66  999  439 3720381.07 1995733.28  46.4%   2.0 1524s
 66318 62756 2002425.42 1049  440 3720381.07 1995733.28  46.4%   2.0 1529s
 66574 62989 2002771.92 1105  433 3720381.07 1995733.28  46.4%   2.0 1534s
 66807 63236 2003095.77 1155  431 3720381.07 1995733.28  46.4%   2.0 1539s
 67054 63423 2003106.97 1210  430 3720381.07 1995733.28  46.4%   2.0 1543s
H67138 63423                    3720357.1161 1995733.28  46.4%   2.0 1543s
 67241 63644 2003210.38 1252  430 3720357.12 1995733.28  46.4%   2.0 1548s
 67462 63828 2003343.34 1306  430 3720357.12 1995733.28  46.4%   2.0 1554s
H67557 63828                    3713679.3169 1995733.28  46.3%   2.0 1554s
 67646 64055 2003508.81 1354  425 3713679.32 1995733.28  46.3%   2.0 1559s
 67873 64275 2003736.49 1413  420 3713679.32 1995733.28  46.3%   2.0 1564s
 68093 64478 2003860.15 1462  419 3713679.32 1995733.28  46.3%   2.0 1568s
 68296 64694 2003978.61 1511  418 3713679.32 1995733.28  46.3%   2.0 1574s
 68512 64913 2004096.80 1559  418 3713679.32 1995733.28  46.3%   2.0 1579s
H68731 65105                    3713676.2049 1995733.28  46.3%   2.1 1585s
H68831 65105                    3708774.9632 1995733.28  46.2%   2.1 1585s
 68923 65330 2004354.23 1664  412 3708774.96 1995733.28  46.2%   2.1 1591s
 69148 65612 2004539.70 1722  403 3708774.96 1995733.28  46.2%   2.1 1595s
 69430 65852 2004866.48 1776  403 3708774.96 1995733.28  46.2%   2.1 1602s
 69670 66173 2004709.76 1834  403 3708774.96 1995733.28  46.2%   2.1 1608s
 69991 66422 2004999.88 1908  403 3708774.96 1995733.28  46.2%   2.1 1613s
H70130 66422                    3699821.5930 1995733.28  46.1%   2.1 1613s
 70240 66740 2005269.13 1978  403 3699821.59 1995733.28  46.1%   2.1 1619s
 70558 67013 2005552.34 2051  402 3699821.59 1995733.28  46.1%   2.1 1624s
 70831 67290 2005839.80 2125  402 3699821.59 1995733.28  46.1%   2.1 1629s
 71108 67524 2006188.18 2179  399 3699821.59 1995733.28  46.1%   2.1 1634s
 71342 67717 2005991.54 2235  399 3699821.59 1995733.28  46.1%   2.1 1638s
H71434 67717                    3691838.1229 1995733.28  45.9%   2.1 1638s
 71535 67975 2006062.77 2281  399 3691838.12 1995733.28  45.9%   2.1 1644s
H71793 67977                    3690498.3084 1995733.28  45.9%   2.1 1657s
H71794 67977                    3690376.3542 1995733.28  45.9%   2.1 1657s
 71795 68152 2006488.64 2340  398 3690376.35 1995733.28  45.9%   2.1 1663s
H71899 68152                    3687857.3347 1995733.28  45.9%   2.1 1663s
 71970 68383 2006303.26 2380  398 3687857.33 1995733.28  45.9%   2.1 1669s
H72088 68383                    3687857.2661 1995733.28  45.9%   2.1 1669s
 72201 68521 2006475.42 2439  396 3687857.27 1995733.28  45.9%   2.1 1675s
 72544 68958 2006758.77 2523  386 3687857.27 1995733.28  45.9%   2.1 1684s
 72776 69193 2006946.96 2590  386 3687857.27 1995733.28  45.9%   2.1 1689s
 73011 69424 2007169.81 2658  386 3687857.27 1995733.28  45.9%   2.1 1693s
 73242 69614 2007356.05 2725  385 3687857.27 1995733.28  45.9%   2.1 1698s
H73352 69614                    3687388.9750 1995733.28  45.9%   2.1 1698s
 73432 69801 2007509.70 2780  384 3687388.98 1995733.28  45.9%   2.1 1701s
H73545 69801                    3684871.8062 1995733.28  45.8%   2.1 1701s
 73619 70020 2007646.89 2834  384 3684871.81 1995733.28  45.8%   2.1 1705s
 73838 70190 2007799.32 2894  384 3684871.81 1995733.28  45.8%   2.1 1710s
 74008 70432 2007974.98 2959  384 3684871.81 1995733.28  45.8%   2.1 1716s
 74250 70695 2008171.58 3032  384 3684871.81 1995733.28  45.8%   2.1 1721s
 74513 70958 2008401.43 3111  384 3684871.81 1995733.28  45.8%   2.1 1726s
H74776 71201                    3683833.1505 1995733.28  45.8%   2.1 1730s
 75278 71713 2009050.59 3343  384 3683833.15 1995733.28  45.8%   2.1 1738s
 75531 71956 2009276.22 3420  383 3683833.15 1995733.28  45.8%   2.1 1744s
 75774 72191 2009474.73 3493  383 3683833.15 1995733.28  45.8%   2.0 1750s
 76200 72598 2009852.13 3621  381 3683833.15 1995733.28  45.8%   2.0 1758s
 76416 72801 2010044.61 3683  372 3683833.15 1995733.28  45.8%   2.0 1763s
 76619 73013 2010118.10 3736  364 3683833.15 1995733.28  45.8%   2.0 1768s
 76831 73083 2010174.27 3790  364 3683833.15 1995733.28  45.8%   2.1 1783s
H76900 73083                    3573209.9921 1995733.28  44.1%   2.1 1783s
 76901 73279 2010189.02 3808  364 3573209.99 1995733.28  44.1%   2.1 1787s
 77097 73495 2010241.03 3858  364 3573209.99 1995733.28  44.1%   2.1 1792s
 77313 73707 2010303.33 3913  363 3573209.99 1995733.28  44.1%   2.1 1796s
 77525 73918 2010359.69 3971  363 3573209.99 1995733.28  44.1%   2.1 1801s
 77736 74167 2010598.83 4028  363 3573209.99 1995733.28  44.1%   2.1 1806s
H77985 74415                    3573209.9522 1995733.28  44.1%   2.1 1811s
 78233 74678 2011277.84 4185  362 3573209.95 1995733.28  44.1%   2.1 1816s
 78496 74942 2011754.09 4270  362 3573209.95 1995733.28  44.1%   2.1 1821s
 78760 75194 2012250.37 4355  362 3573209.95 1995733.28  44.1%   2.1 1826s
H79012 75407                    3571794.6121 1995733.28  44.1%   2.1 1831s
 79441 75796 2013057.05 4562  361 3571794.61 1995733.28  44.1%   2.1 1839s
 79614 76011 2013064.63 4613  360 3571794.61 1995733.28  44.1%   2.1 1844s
 79829 76229 2013008.31 4676  360 3571794.61 1995733.28  44.1%   2.1 1849s
H80047 76438                    3571766.4150 1995733.28  44.1%   2.1 1853s
 80256 76683 2013077.23 4800  360 3571766.41 1995733.28  44.1%   2.1 1858s
 80501 76920 2013137.10 4872  360 3571766.41 1995733.28  44.1%   2.1 1862s
 80738 77162 2013196.98 4944  360 3571766.41 1995733.28  44.1%   2.1 1867s
 80980 77402 2013256.86 5016  360 3571766.41 1995733.28  44.1%   2.1 1872s
 81220 77626 2013316.73 5088  360 3571766.41 1995733.28  44.1%   2.1 1876s
 81444 77865 2013376.37 5157  360 3571766.41 1995733.28  44.1%   2.1 1880s
 81683 78108 2013424.06 5229  360 3571766.41 1995733.28  44.1%   2.1 1885s
 81926 78347 2013496.12 5301  360 3571766.41 1995733.28  44.1%   2.1 1890s
 82165 78587 2013543.82 5373  360 3571766.41 1995733.28  44.1%   2.1 1895s
 82645 79067 2013672.67 5516  360 3571766.41 1995733.28  44.1%   2.1 1903s
 82885 79312 2013732.54 5588  360 3571766.41 1995733.28  44.1%   2.1 1907s
 83130 79550 2013792.42 5660  360 3571766.41 1995733.28  44.1%   2.1 1912s
 83368 79552 2013842.42 5732  360 3571766.41 1995733.28  44.1%   2.1 1922s
 83370 79770 2013852.30 5732  360 3571766.41 1995733.28  44.1%   2.1 1928s
 83588 80005 2013894.76 5795  360 3571766.41 1995733.28  44.1%   2.1 1932s
 83823 80242 2013952.19 5864  360 3571766.41 1995733.28  44.1%   2.1 1936s
 84060 80479 2014021.70 5933  360 3571766.41 1995733.28  44.1%   2.1 1941s
 84297 80713 2014076.83 6002  360 3571766.41 1995733.28  44.1%   2.1 1947s
 84531 80944 2014118.24 6070  355 3571766.41 1995733.28  44.1%   2.1 1953s
 84762 80946 2014116.24 6136  356 3571766.41 1995733.28  44.1%   2.1 1958s
 84764 81158 2014127.49 6136  355 3571766.41 1995733.28  44.1%   2.1 1963s
 84976 81405 2014194.56 6197  349 3571766.41 1995733.28  44.1%   2.1 1968s
 85223 81642 2014151.29 6268  348 3571766.41 1995733.28  44.1%   2.1 1973s
 85460 81876 2014159.22 6338  348 3571766.41 1995733.28  44.1%   2.1 1977s
 85694 82110 2014167.12 6407  348 3571766.41 1995733.28  44.1%   2.1 1983s
 85928 82344 2014174.87 6476  348 3571766.41 1995733.28  44.1%   2.2 1989s
 86162 82587 2014236.05 6545  346 3571766.41 1995733.28  44.1%   2.2 1994s
 86405 82796 2014205.53 6616  345 3571766.41 1995733.28  44.1%   2.2 1999s
 86614 83042 2014241.85 6679  341 3571766.41 1995733.28  44.1%   2.2 2006s
 86860 83304 2014270.94 6753  341 3571766.41 1995733.28  44.1%   2.2 2010s
 87122 83589 2014299.94 6826  342 3571766.41 1995733.28  44.1%   2.2 2015s
 87407 83869 2014328.24 6898  342 3571766.41 1995733.28  44.1%   2.2 2020s
 87687 84151 2014355.75 6968  342 3571766.41 1995733.28  44.1%   2.2 2025s
 88268 84745 2014494.69 7125  338 3571766.41 1995733.28  44.1%   2.1 2035s
 88563 84747 2014561.33 7206  340 3571766.41 1995733.28  44.1%   2.1 2046s
 88565 84958 2014743.47 7206  339 3571766.41 1995733.28  44.1%   2.1 2051s
 88776 85240 2014607.96 7261  340 3571766.41 1995733.28  44.1%   2.1 2056s
 89058 85521 2014673.86 7339  338 3571766.41 1995733.28  44.1%   2.1 2061s
 89339 85794 2014737.16 7416  340 3571766.41 1995733.28  44.1%   2.1 2066s
 89612 86041 2014792.58 7483  339 3571766.41 1995733.28  44.1%   2.1 2072s
 89859 86322 2014843.47 7543  338 3571766.41 1995733.28  44.1%   2.1 2076s
 90140 86602 2014936.16 7615  334 3571766.41 1995733.28  44.1%   2.1 2080s
 90721 87160 2015118.16 7776  335 3571766.41 1995733.28  44.1%   2.1 2088s
 90978 87457 2015201.82 7848  335 3571766.41 1995733.28  44.1%   2.1 2092s
 91275 87754 2015297.10 7930  335 3571766.41 1995733.28  44.1%   2.1 2095s
 91854 88319 2015483.00 8090  335 3571766.41 1995733.28  44.1%   2.1 2103s
 92137 88599 2015573.62 8168  335 3571766.41 1995733.28  44.1%   2.1 2108s
 92417 88880 2015668.15 8245  334 3571766.41 1995733.28  44.1%   2.1 2113s
 92698 88905 2015754.15 8323  335 3571766.41 1995733.28  44.1%   2.1 2116s
 92723 89130 2015765.75 8329  334 3571766.41 1995733.28  44.1%   2.1 2120s
 92948 89403 2015843.18 8400  335 3571766.41 1995733.28  44.1%   2.1 2125s
 93221 89669 2015941.76 8480  335 3571766.41 1995733.28  44.1%   2.1 2130s
 93487 89961 2016015.15 8546  333 3571766.41 1995733.28  44.1%   2.1 2135s
 93779 90256 2016063.80 8621  332 3571766.41 1995733.28  44.1%   2.1 2140s
 94074 90524 2016120.35 8696  333 3571766.41 1995733.28  44.1%   2.1 2145s
 94342 90808 2016199.96 8767  328 3571766.41 1995733.28  44.1%   2.1 2151s
 94626 91051 2016270.04 8847  328 3571766.41 1995733.28  44.1%   2.1 2156s
 94869 91341 2016311.26 8913  328 3571766.41 1995733.28  44.1%   2.1 2161s
 95159 91634 2016348.35 8992  328 3571766.41 1995733.28  44.1%   2.1 2167s
 95452 91954 2016356.18 9068  328 3571766.41 1995733.28  44.1%   2.1 2172s
 95772 92248 2016374.87 9150  328 3571766.41 1995733.28  44.1%   2.1 2177s
 96066 92562 2016391.73 9224  328 3571766.41 1995733.28  44.1%   2.1 2182s
 96380 92839 2016419.45 9304  328 3571766.41 1995733.28  44.1%   2.1 2188s
 96657 93150 2016435.40 9374  328 3571766.41 1995733.28  44.1%   2.1 2193s
 96968 93457 2016445.21 9454  328 3571766.41 1995733.28  44.1%   2.1 2198s
 97275 93459 2016464.29 9533  328 3571766.41 1995733.28  44.1%   2.1 2210s
H97277 93559                    3569843.2313 1995733.28  44.1%   2.1 2226s
H97326 93559                    3558263.6820 1995733.28  43.9%   2.1 2226s
H97377 93811                    3558204.6404 1995733.28  43.9%   2.1 2229s
H97629 94088                    3554097.9144 1995733.28  43.8%   2.1 2233s
 97906 94356 2016502.64 9692  328 3554097.91 1995733.28  43.8%   2.1 2237s
H98038 94356                    3553191.7346 1995733.28  43.8%   2.1 2237s
 98174 94595 2016518.75 9758  328 3553191.73 1995733.28  43.8%   2.1 2241s
 98413 94848 2016560.49 9819  326 3553191.73 1995733.28  43.8%   2.1 2246s
 98666 95161 2016605.82 9877  325 3553191.73 1995733.28  43.8%   2.1 2252s
 98979 95478 2016646.52 9958  326 3553191.73 1995733.28  43.8%   2.1 2257s
H99296 95702                    3552255.5866 1995733.28  43.8%   2.1 2262s
 99520 96015 2016716.66 10091  325 3552255.59 1995733.28  43.8%   2.1 2268s
 99833 96321 2016753.33 10172  326 3552255.59 1995733.28  43.8%   2.1 2273s
 100139 96607 2016794.01 10251  326 3552255.59 1995733.28  43.8%   2.1 2278s
 100425 96854 2016836.07 10324  326 3552255.59 1995733.28  43.8%   2.1 2283s
H100556 96854                    3552213.0258 1995733.28  43.8%   2.1 2283s
 100672 97128 2016866.24 10390  326 3552213.03 1995733.28  43.8%   2.1 2288s
 100946 97427 2016902.49 10460  326 3552213.03 1995733.28  43.8%   2.1 2294s
 101245 97683 2016942.89 10538  326 3552213.03 1995733.28  43.8%   2.1 2299s
 101501 97922 2016984.20 10610  326 3552213.03 1995733.28  43.8%   2.1 2304s
H101740 98169                    3550103.6282 1995733.28  43.8%   2.1 2309s
H101879 98169                    3548496.2584 1995733.28  43.8%   2.1 2310s
 102109 98573 2017105.33 10759  325 3548496.26 1995733.28  43.8%   2.1 2319s
 102391 98850 2017185.61 10839  325 3548496.26 1995733.28  43.8%   2.1 2323s
 102668 99153 2017263.88 10917  325 3548496.26 1995733.28  43.8%   2.1 2327s
 102971 99412 2017343.20 10996  325 3548496.26 1995733.28  43.8%   2.1 2332s
H103107 99412                    3547611.9555 1995733.28  43.7%   2.1 2332s
 103230 99543 2017411.44 11064  325 3547611.96 1995733.28  43.7%   2.1 2346s
 103361 99735 2017445.89 11097  325 3547611.96 1995733.28  43.7%   2.1 2350s
H103453 99735                    3547468.1480 1995733.28  43.7%   2.1 2350s
H103553 100005                    3545948.4967 1995733.28  43.7%   2.1 2356s
 103823 100123 2017554.88 11207  325 3545948.50 1995733.28  43.7%   2.1 2360s
H103824 100123                    3545942.2468 1995733.28  43.7%   2.1 2360s
 103941 100440 2017556.28 11207  325 3545942.25 1995733.28  43.7%   2.1 2365s
 104258 100756 2017638.56 11289  325 3545942.25 1995733.28  43.7%   2.0 2370s
 104887 101342 2017800.78 11452  325 3545942.25 1995733.28  43.7%   2.0 2379s
 105160 101650 2017871.36 11521  325 3545942.25 1995733.28  43.7%   2.0 2384s
 105468 101952 2017951.64 11601  325 3545942.25 1995733.28  43.7%   2.0 2390s
 105770 102244 2018029.91 11679  325 3545942.25 1995733.28  43.7%   2.0 2395s
 106062 102507 2018106.02 11753  322 3545942.25 1995733.28  43.7%   2.0 2400s
 106325 102782 2018183.58 11825  322 3545942.25 1995733.28  43.7%   2.0 2405s
 106600 103060 2018265.94 11898  321 3545942.25 1995733.28  43.7%   2.0 2410s
 106878 103341 2018343.50 11970  321 3545942.25 1995733.28  43.7%   2.0 2415s
 107435 103895 2018498.62 12114  321 3545942.25 1995733.28  43.7%   2.0 2424s
 107713 104142 2018576.18 12186  321 3545942.25 1995733.28  43.7%   2.0 2428s
 107960 104420 2018641.33 12251  322 3545942.25 1995733.28  43.7%   2.0 2433s
 108238 104692 2018718.89 12323  322 3545942.25 1995733.28  43.7%   2.0 2437s
 108510 104968 2018795.44 12393  322 3545942.25 1995733.28  43.7%   2.0 2442s
 108786 105244 2018871.86 12465  322 3545942.25 1995733.28  43.7%   2.0 2447s
 109062 105481 2018942.17 12538  317 3545942.25 1995733.28  43.7%   2.0 2451s
 109299 105770 2019001.45 12600  317 3545942.25 1995733.28  43.7%   2.0 2455s
 109879 106200 2019067.37 12760  317 3545942.25 1995733.28  43.7%   2.0 2463s
 110018 106482 2019106.75 12829  317 3545942.25 1995733.28  43.7%   2.0 2468s
 110300 106778 2019174.02 12906  317 3545942.25 1995733.28  43.7%   2.0 2473s
 110596 107070 2019195.95 12988  317 3545942.25 1995733.28  43.7%   2.0 2478s
 110888 107357 2019265.38 13068  317 3545942.25 1995733.28  43.7%   2.0 2483s
 111175 107648 2019286.75 13147  316 3545942.25 1995733.28  43.7%   2.0 2488s
 111466 107935 2019330.17 13226  317 3545942.25 1995733.28  43.7%   2.0 2493s
 111753 108223 2019374.15 13304  317 3545942.25 1995733.28  43.7%   2.0 2498s
 112041 108225 2019442.46 13382  317 3545942.25 1995733.28  43.7%   2.0 2511s
 112043 108455 2019419.18 13383  317 3545942.25 1995733.28  43.7%   2.0 2515s
 112273 108747 2019455.36 13448  317 3545942.25 1995733.28  43.7%   2.0 2521s
 112565 109017 2019523.66 13526  317 3545942.25 1995733.28  43.7%   2.0 2526s
 112835 109274 2019583.12 13553  315 3545942.25 1995733.28  43.7%   2.0 2531s
 113092 109534 2019601.28 13553  313 3545942.25 1995733.28  43.7%   2.0 2536s
 113352 109799 2019558.94 13553  314 3545942.25 1995733.28  43.7%   2.0 2541s
 113617 110054 2019580.59 13553  314 3545942.25 1995733.28  43.7%   2.0 2546s
 113872 110313 2019607.95 13552  314 3545942.25 1995733.28  43.7%   2.0 2552s
 114131 110564 2019549.46 13552  314 3545942.25 1995733.28  43.7%   2.0 2557s
 114382 110821 2019602.75 13553  313 3545942.25 1995733.28  43.7%   2.0 2563s
 114639 111077 2019566.38 13552  312 3545942.25 1995733.28  43.7%   2.0 2568s
H114895 111288                    3545920.8612 1995733.28  43.7%   2.0 2572s
 115106 111549 2019586.56 13553  314 3545920.86 1995733.28  43.7%   2.0 2576s
 115367 111826 2019591.67 13553  312 3545920.86 1995733.28  43.7%   2.0 2581s
 115644 112034 2019592.16 13552  315 3545920.86 1995733.28  43.7%   2.0 2585s
H115750 112034                    3545914.4790 1995733.28  43.7%   2.0 2585s
 116098 112527 2019589.11 13553  314 3545914.48 1995733.28  43.7%   2.0 2595s
 116604 113027 2019632.77 13551  313 3545914.48 1995733.28  43.7%   2.0 2604s
H116845 113234                    3544949.9186 1995751.05  43.7%   2.0 2608s
 117052 113483 1996252.74   97  475 3544949.92 1995751.05  43.7%   2.0 2614s
 117301 113720 1996547.40  150  454 3544949.92 1995751.05  43.7%   2.0 2618s
 117538 113960 1996832.64  197  446 3544949.92 1995751.05  43.7%   2.0 2622s
 117778 114202 1997106.54  246  445 3544949.92 1995751.05  43.7%   2.0 2626s
 118020 114429 1997404.90  295  444 3544949.92 1995751.05  43.7%   2.0 2631s
 118247 114668 1997686.59  341  444 3544949.92 1995751.05  43.7%   2.0 2636s
 118486 114887 1997988.57  388  443 3544949.92 1995751.05  43.7%   2.0 2641s
 118705 115104 1998241.36  432  444 3544949.92 1995751.05  43.7%   2.0 2646s
 118922 115310 1998507.64  475  443 3544949.92 1995751.05  43.7%   2.0 2650s
 119128 115549 1998773.63  518  443 3544949.92 1995751.05  43.7%   2.0 2655s
 119548 115922 1999384.94  610  442 3544949.92 1995751.05  43.7%   2.0 2664s
 119740 116131 1999689.82  655  442 3544949.92 1995751.05  43.7%   2.0 2669s
 119949 116346 1999966.81  697  442 3544949.92 1995751.05  43.7%   2.0 2673s
 120164 116589 2000281.86  746  442 3544949.92 1995751.05  43.7%   2.0 2679s
 120407 116796 2000637.99  800  442 3544949.92 1995751.05  43.7%   2.0 2684s
 120614 116798 2000935.80  847  440 3544949.92 1995751.05  43.7%   2.0 2695s
 120674 117069 2001093.12  876  437 3544949.92 1995751.05  43.7%   2.0 2704s
 120887 117220 2001388.92  924  435 3544949.92 1995751.05  43.7%   2.0 2708s
 121038 117426 2001627.69  959  435 3544949.92 1995751.05  43.7%   2.0 2712s
 121244 117674 2001890.13 1000  435 3544949.92 1995751.05  43.7%   2.0 2717s
 121492 117921 2002252.28 1055  435 3544949.92 1995751.05  43.7%   2.0 2723s
 121739 118125 2002608.40 1109  435 3544949.92 1995751.05  43.7%   2.0 2729s
 121943 118362 2002853.00 1146  435 3544949.92 1995751.05  43.7%   2.0 2735s
 122180 118623 2003175.57 1195  435 3544949.92 1995751.05  43.7%   2.0 2742s
 122441 118826 2003571.64 1250  434 3544949.92 1995751.05  43.7%   2.0 2748s
 122644 119033 2003851.21 1298  434 3544949.92 1995751.05  43.7%   2.0 2754s
 122851 119208 2004176.24 1346  434 3544949.92 1995751.05  43.7%   2.0 2759s
 123026 119316 2004444.76 1388  434 3544949.92 1995751.05  43.7%   2.0 2763s
 123134 119556 2004827.85 1441  433 3544949.92 1995751.05  43.7%   2.0 2769s
 123374 119807 2005177.38 1499  434 3544949.92 1995751.05  43.7%   2.0 2774s
 123625 120049 2005481.06 1559  427 3544949.92 1995751.05  43.7%   2.0 2779s
 123867 120303 2005767.47 1616  427 3544949.92 1995751.05  43.7%   2.0 2785s
 124121 120557 2006097.10 1682  414 3544949.92 1995751.05  43.7%   2.0 2791s
 124375 120820 2006499.38 1748  413 3544949.92 1995751.05  43.7%   2.0 2797s
 124638 121081 2006765.94 1814  413 3544949.92 1995751.05  43.7%   2.0 2803s
 124899 121349 2006925.68 1881  414 3544949.92 1995751.05  43.7%   2.0 2809s
 125167 121639 2007203.31 1945  414 3544949.92 1995751.05  43.7%   2.0 2816s
 125457 121956 2007395.54 2013  413 3544949.92 1995751.05  43.7%   2.0 2821s
 125774 122244 2007910.59 2097  411 3544949.92 1995751.05  43.7%   2.0 2828s
 126062 122511 2008104.53 2164  409 3544949.92 1995751.05  43.7%   2.0 2833s
 126329 122779 2008440.65 2227  408 3544949.92 1995751.05  43.7%   2.0 2839s
 126597 123026 2008530.72 2296  407 3544949.92 1995751.05  43.7%   2.0 2845s
 126844 123335 2008736.52 2360  407 3544949.92 1995751.05  43.7%   2.0 2850s
 127153 123563 2009139.33 2439  407 3544949.92 1995751.05  43.7%   2.0 2855s
 127381 123824 2009413.93 2495  402 3544949.92 1995751.05  43.7%   2.0 2860s
 127642 123974 2009509.85 2553  402 3544949.92 1995751.05  43.7%   2.0 2866s
 127792 124165 2009679.03 2606  402 3544949.92 1995751.05  43.7%   2.0 2871s
 127983 124167 2009915.55 2651  402 3544949.92 1995751.05  43.7%   2.0 2883s
 127985 124388 2009826.94 2652  402 3544949.92 1995751.05  43.7%   2.0 2889s
 128206 124656 2010003.72 2703  400 3544949.92 1995751.05  43.7%   2.0 2895s
 128474 124936 2010222.87 2765  395 3544949.92 1995751.05  43.7%   2.0 2902s
 128754 125069 2010458.10 2838  395 3544949.92 1995751.05  43.7%   2.0 2906s
 128887 125341 2010577.17 2875  394 3544949.92 1995751.05  43.7%   2.0 2912s
H129008 125341                    3544886.9220 1995751.05  43.7%   2.0 2912s
 129159 125615 2010790.26 2940  394 3544886.92 1995751.05  43.7%   2.0 2917s
 129433 125870 2011021.04 3010  394 3544886.92 1995751.05  43.7%   2.0 2924s
 129688 126149 2011235.96 3073  392 3544886.92 1995751.05  43.7%   2.0 2930s
 129967 126416 2011242.43 3146  393 3544886.92 1995751.05  43.7%   2.0 2937s
 130234 126644 2011346.56 3206  393 3544886.92 1995751.05  43.7%   2.0 2943s
 130462 126646 2011438.11 3262  393 3544886.92 1995751.05  43.7%   2.0 2947s
 130464 126863 2011456.90 3262  392 3544886.92 1995751.05  43.7%   2.0 2953s
 130681 126999 2011548.25 3319  391 3544886.92 1995751.05  43.7%   2.0 2960s
H130748 126999                    3544864.8471 1995751.05  43.7%   2.0 2960s
 130817 127273 2011633.07 3353  391 3544864.85 1995751.05  43.7%   2.0 2966s
 131091 127544 2011907.17 3422  390 3544864.85 1995751.05  43.7%   2.0 2974s
 131362 127816 2012077.80 3491  391 3544864.85 1995751.05  43.7%   2.0 2980s
 131634 128087 2012297.11 3560  391 3544864.85 1995751.05  43.7%   2.0 2987s
 131905 128358 2012558.12 3628  390 3544864.85 1995751.05  43.7%   2.0 2994s
H132036 128358                    3544663.1402 1995751.05  43.7%   2.0 2994s
 132176 128659 2012720.54 3694  391 3544663.14 1995751.05  43.7%   2.0 3001s
 132477 128952 2012981.55 3762  390 3544663.14 1995751.05  43.7%   2.0 3007s
 132770 129250 2013152.18 3831  391 3544663.14 1995751.05  43.7%   2.0 3014s
H133068 129513                    3540660.0680 1995751.05  43.6%   2.0 3021s
 133331 129714 2013562.97 3961  391 3540660.07 1995751.05  43.6%   2.0 3040s
 133532 130019 2013777.30 4016  386 3540660.07 1995751.05  43.6%   2.0 3047s
 133837 130361 2014168.65 4106  385 3540660.07 1995751.05  43.6%   2.0 3053s
 134179 130674 2014604.76 4206  385 3540660.07 1995751.05  43.6%   2.0 3059s
 134492 131027 2014999.25 4298  384 3540660.07 1995751.05  43.6%   2.0 3067s
 134845 131402 2015429.91 4397  384 3540660.07 1995751.05  43.6%   2.0 3073s
 135220 131772 2015856.91 4496  384 3540660.07 1995751.05  43.6%   2.0 3079s
 135590 132137 2016278.89 4593  384 3540660.07 1995751.05  43.6%   2.0 3085s
 135955 132485 2016694.73 4689  384 3540660.07 1995751.05  43.6%   2.0 3091s
 136303 132824 2017084.57 4779  384 3540660.07 1995751.05  43.6%   2.0 3096s
 136642 133119 2017454.14 4865  384 3540660.07 1995751.05  43.6%   2.0 3102s
 136937 133379 2017613.51 4930  381 3540660.07 1995751.05  43.6%   2.0 3108s
 137197 133629 2017771.86 4987  381 3540660.07 1995751.05  43.6%   2.0 3114s
 137447 133885 2018007.12 5044  380 3540660.07 1995751.05  43.6%   2.0 3119s
 137703 134135 2018240.37 5114  381 3540660.07 1995751.05  43.6%   2.0 3124s
 137953 134397 2018492.43 5181  377 3540660.07 1995751.05  43.6%   2.0 3131s
 138215 134640 2018686.66 5253  377 3540660.07 1995751.05  43.6%   2.0 3135s
 138458 134839 2018992.49 5317  375 3540660.07 1995751.05  43.6%   2.0 3140s
 138657 135052 2018979.20 5357  374 3540660.07 1995751.05  43.6%   2.0 3145s
 138870 135268 2019091.48 5397  374 3540660.07 1995751.05  43.6%   2.0 3151s
 139086 135486 2019203.77 5437  374 3540660.07 1995751.05  43.6%   2.0 3158s
 139304 135714 2019332.69 5478  372 3540660.07 1995751.05  43.6%   2.0 3162s
 139532 135938 2019507.80 5528  373 3540660.07 1995751.05  43.6%   2.0 3167s
 139756 136161 2019647.96 5576  373 3540660.07 1995751.05  43.6%   2.0 3171s
 139979 136386 2019788.64 5625  373 3540660.07 1995751.05  43.6%   2.0 3176s
 140204 136594 2019932.78 5674  373 3540660.07 1995751.05  43.6%   2.0 3181s
 140412 136794 2020072.62 5719  372 3540660.07 1995751.05  43.6%   2.0 3185s
 140612 137016 2020183.54 5760  373 3540660.07 1995751.05  43.6%   2.0 3190s
H140904 137228                    3540626.4758 1995751.05  43.6%   2.0 3194s
 141046 137487 2020456.84 5851  372 3540626.48 1995751.05  43.6%   2.0 3199s
 141305 137751 2020585.23 5898  373 3540626.48 1995751.05  43.6%   2.0 3204s
 141569 137977 2020707.04 5940  373 3540626.48 1995751.05  43.6%   2.0 3209s
H141643 137977                    3535840.1858 1995751.05  43.6%   2.0 3209s
 141795 138252 2020813.23 5977  373 3535840.19 1995751.05  43.6%   2.0 3215s
 142070 138552 2020940.34 6020  373 3535840.19 1995751.05  43.6%   2.0 3221s
H142370 138823                    3535839.8132 1995751.05  43.6%   2.0 3226s
 142641 139028 2021077.66 6110  370 3535839.81 1995751.05  43.6%   2.0 3230s
 142846 139030 2021124.66 6146  370 3535839.81 1995751.05  43.6%   2.0 3246s
 142848 139254 2021124.90 6146  370 3535839.81 1995751.05  43.6%   2.0 3250s
 143072 139507 2021148.21 6187  370 3535839.81 1995751.05  43.6%   2.0 3255s
H143162 139507                    3535802.0535 1995751.05  43.6%   2.0 3255s
 143325 139729 2021210.74 6232  370 3535802.05 1995751.05  43.6%   2.0 3260s
 143549 139908 2021228.50 6270  370 3535802.05 1995751.05  43.6%   2.0 3268s
 143726 140199 2021281.62 6300  369 3535802.05 1995751.05  43.6%   2.0 3273s
 144017 140415 2021302.98 6350  370 3535802.05 1995751.05  43.6%   2.0 3277s
 144233 140579 2021433.94 6404  370 3535802.05 1995751.05  43.6%   2.0 3281s
 144397 140760 2021443.52 6449  370 3535802.05 1995751.05  43.6%   2.0 3285s
 144764 141116 2021726.69 6549  369 3535802.05 1995751.05  43.6%   2.0 3293s
 144934 141293 2022024.50 6595  369 3535802.05 1995751.05  43.6%   2.0 3297s
 145111 141469 2022451.90 6642  368 3535802.05 1995751.05  43.6%   2.0 3302s
 145287 141640 2022762.66 6690  368 3535802.05 1995751.05  43.6%   2.0 3307s
 145458 141855 2022943.85 6737  369 3535802.05 1995751.05  43.6%   2.0 3311s
 145673 142067 2023323.05 6801  365 3535802.05 1995751.05  43.6%   2.0 3315s
 146114 142535 2024138.96 6937  365 3535802.05 1995751.05  43.6%   2.0 3321s
 146353 142797 2024544.77 7004  365 3535802.05 1995751.05  43.6%   2.0 3325s
 146615 143047 2024964.72 7074  365 3535802.05 1995751.05  43.6%   2.0 3330s
 147109 143529 2025633.33 7201  361 3535802.05 1995751.05  43.6%   2.0 3339s
 147347 143752 2025807.59 7258  362 3535802.05 1995751.05  43.6%   2.0 3343s
 147570 143994 2025917.86 7313  361 3535802.05 1995751.05  43.6%   2.0 3348s
 147812 144199 2026070.29 7373  361 3535802.05 1995751.05  43.6%   2.0 3363s
 148017 144394 2026234.39 7426  362 3535802.05 1995751.05  43.6%   2.0 3368s
 148212 144596 2026344.14 7480  361 3535802.05 1995751.05  43.6%   2.0 3372s
 148414 144824 2026508.76 7534  362 3535802.05 1995751.05  43.6%   2.0 3376s
 148642 145044 2026780.25 7599  360 3535802.05 1995751.05  43.6%   2.0 3381s
 148862 145279 2027177.43 7663  360 3535802.05 1995751.05  43.6%   2.0 3385s
 149097 145505 2027623.53 7730  359 3535802.05 1995751.05  43.6%   2.0 3390s
 149323 145743 2028020.72 7794  359 3535802.05 1995751.05  43.6%   2.0 3396s
H149561 145969                    3535770.1716 1995751.05  43.6%   2.0 3401s
H149676 145969                    3535732.4548 1995751.05  43.6%   2.0 3402s
 149787 146213 2028766.17 7919  360 3535732.45 1995751.05  43.6%   2.0 3407s
 150031 146378 2029175.77 7985  360 3535732.45 1995751.05  43.6%   2.0 3411s
H150190 146378                    3533135.2108 1995751.05  43.5%   2.0 3411s
 150196 146638 2029436.42 8027  360 3533135.21 1995751.05  43.5%   2.0 3417s
 150456 146955 2029846.02 8093  360 3533135.21 1995751.05  43.5%   2.0 3423s
 150773 147241 2030273.76 8163  360 3533135.21 1995751.05  43.5%   2.0 3428s
 151059 147557 2030677.62 8227  360 3533135.21 1995751.05  43.5%   2.0 3434s
H151375 147591                    3531098.8454 1995751.05  43.5%   2.0 3448s
H151409 147861                    3530955.1167 1995751.05  43.5%   2.0 3453s
H151524 147861                    3527966.1558 1995751.05  43.4%   2.0 3453s
 151679 148151 2031514.96 8363  360 3527966.16 1995751.05  43.4%   2.0 3459s
H151810 148151                    3527822.4272 1995751.05  43.4%   2.0 3459s
H151969 148445                    3527777.4774 1995751.05  43.4%   2.0 3465s
H152263 148729                    3527728.5961 1995751.05  43.4%   2.0 3471s
H152399 148729                    3526936.6954 1995751.05  43.4%   2.0 3471s
 152547 149032 2032603.84 8561  358 3526936.70 1995751.05  43.4%   2.0 3476s
H152850 149312                    3525560.0837 1995751.05  43.4%   2.0 3496s
 153130 149594 2032723.59 8705  358 3525560.08 1995751.05  43.4%   2.0 3501s
H153259 149594                    3524786.8004 1995751.05  43.4%   2.0 3501s
 153412 149906 2032789.66 8769  357 3524786.80 1995751.05  43.4%   2.0 3506s
H153568 149906                    3522943.3327 1995751.05  43.3%   2.0 3507s
 153724 150231 2032854.53 8847  357 3522943.33 1995751.05  43.3%   2.0 3512s
H154049 150553                    3522835.2325 1995751.05  43.3%   2.0 3517s
H154371 150852                    3522784.6841 1995751.05  43.3%   2.0 3522s
H154506 150852                    3522746.4098 1995751.05  43.3%   2.0 3522s
 154670 151176 2033034.65 9068  357 3522746.41 1995751.05  43.3%   2.0 3527s
 154994 151489 2033089.51 9145  358 3522746.41 1995751.05  43.3%   2.0 3532s
 155307 151764 2033163.89 9219  357 3522746.41 1995751.05  43.3%   2.0 3537s
H155582 152015                    3522746.3479 1995751.05  43.3%   2.0 3542s
H155833 152284                    3519800.0035 1995751.05  43.3%   2.0 3547s
H156102 152515                    3519742.5176 1995751.05  43.3%   2.0 3551s
 156333 152784 2033395.08 9497  357 3519742.52 1995751.05  43.3%   2.0 3555s
H156628 152929                    3519282.3133 1995751.05  43.3%   2.0 3559s
 156747 153218 2033455.42 9585  358 3519282.31 1995751.05  43.3%   2.0 3564s
 157036 153515 2033521.27 9664  358 3519282.31 1995751.05  43.3%   2.0 3570s
H157125 153515                    3518647.0054 1995751.05  43.3%   2.0 3570s
 157333 153841 2033591.34 9733  357 3518647.01 1995751.05  43.3%   2.0 3577s
 157659 154153 2033644.35 9812  358 3518647.01 1995751.05  43.3%   2.0 3582s
H157818 154153                    3518645.3457 1995751.05  43.3%   2.0 3582s
 157971 154431 2033807.22 9891  352 3518645.35 1995751.05  43.3%   2.0 3588s
H158053 154431                    3517967.1552 1995751.05  43.3%   2.0 3588s
 158249 154433 2033829.66 9956  347 3517967.16 1995751.05  43.3%   2.0 3600s
H158250 154433                    3514943.4586 1995751.05  43.2%   2.0 3600s

Cutting planes:
  RLT: 269

Explored 158251 nodes (320442 simplex iterations) in 3600.64 seconds (1180.90 work units)
Thread count was 2 (of 24 available processors)

Solution count 10: 3.51494e+06 3.51797e+06 3.51865e+06 ... 3.52284e+06

Time limit reached
Best objective 3.514943458562e+06, best bound 1.995751052289e+06, gap 43.2210%
