
Gurobi 11.0.3 (linux64, Java) logging started sex 29 nov 2024 13:09:27 -03

Set parameter Username
Academic license - for non-commercial use only - expires 2025-10-10
Set parameter NonConvex to value 2
Set parameter TimeLimit to value 3600
Set parameter LogToConsole to value 0
Set parameter MIPGap to value 2.8513120942475052e-08
Set parameter Threads to value 2
Set parameter NodefileDir to value "/home/ps12398/experiment_epec/goalProgrammingMarcos/"
Set parameter NodefileStart to value 1
Gurobi Optimizer version 11.0.3 build v11.0.3rc0 (linux64)

CPU model: Intel(R) Xeon(R) CPU           X5650  @ 2.67GHz, instruction set [SSE2]
Thread count: 12 physical cores, 24 logical processors, using up to 2 threads

Optimize a model with 254173 rows, 172586 columns and 1906669 nonzeros
Model fingerprint: 0x2601a2f4
Model has 298 quadratic constraints
Variable types: 86148 continuous, 86438 integer (293 binary)
Coefficient statistics:
  Matrix range     [3e-03, 3e+06]
  QMatrix range    [3e-03, 5e+04]
  QLMatrix range   [1e+00, 5e+04]
  Objective range  [1e+00, 7e+07]
  Bounds range     [1e+00, 1e+08]
  RHS range        [1e+00, 4e+06]
  QRHS range       [3e-03, 3e-03]
Presolve removed 252441 rows and 170338 columns
Presolve time: 1.16s
Presolved: 2869 rows, 2604 columns, 323647 nonzeros
Presolved model has 2 SOS constraint(s)
Presolved model has 293 bilinear constraint(s)

Solving non-convex MIQCP

Variable types: 947 continuous, 1657 integer (295 binary)
Found heuristic solution: objective 1.705554e+07

Root relaxation: objective 2.827211e+05, 1296 iterations, 0.97 seconds (0.57 work units)

    Nodes    |    Current Node    |     Objective Bounds      |     Work
 Expl Unexpl |  Obj  Depth IntInf | Incumbent    BestBd   Gap | It/Node Time

     0     0 282721.120    0  511 1.7056e+07 282721.120  98.3%     -    3s
     0     0 853861.754    0  438 1.7056e+07 853861.754  95.0%     -    5s
     0     0 894153.136    0  422 1.7056e+07 894153.136  94.8%     -    6s
     0     0 894260.299    0  425 1.7056e+07 894260.299  94.8%     -    6s
     0     0 894260.299    0  426 1.7056e+07 894260.299  94.8%     -    7s
     0     0 894260.299    0  427 1.7056e+07 894260.299  94.8%     -    7s
     0     0 894260.299    0  426 1.7056e+07 894260.299  94.8%     -    8s
H    0     0                    4255704.8936 894260.299  79.0%     -    8s
     0     0 894260.299    0  427 4255704.89 894260.299  79.0%     -    8s
     0     0 894260.299    0  427 4255704.89 894260.299  79.0%     -   10s
H    0     0                    4179071.7277 894260.299  78.6%     -   10s
     0     2 894260.299    0  427 4179071.73 894260.299  78.6%     -   11s
    62    65 894400.858   29  408 4179071.73 894298.150  78.6%   1.2   15s
H  117   120                    3978448.9970 894298.150  77.5%   1.1   17s
   298   312 894400.858  131  355 3978449.00 894298.150  77.5%   1.1   20s
   403   412 894400.858  175  337 3978449.00 894298.150  77.5%   1.0   25s
H  448   450                    3826016.0432 894298.150  76.6%   1.0   26s
H  621   624                    3746687.6365 894298.150  76.1%   1.0   29s
   644   676 894400.858  282  295 3746687.64 894298.150  76.1%   1.1   30s
H  815   818                    3663349.5864 894298.150  75.6%   1.9   33s
   821   861 894400.858  366  295 3663349.59 894298.150  75.6%   2.0   35s
  1002  1051 894400.858  458  295 3663349.59 894298.150  75.6%   2.6   40s
  1255  1310 894400.858  579  295 3663349.59 894298.150  75.6%   3.5   45s
  1461  1534 894494.955  677  295 3663349.59 894298.150  75.6%   4.0   51s
  1739  1764 894843.470  801  295 3663349.59 894298.150  75.6%   4.7   55s
  1995  2046 896477.688  903  295 3663349.59 894298.150  75.6%   5.3   61s
  2275  2382 896768.516  998  295 3663349.59 894298.150  75.6%   6.2   66s
  2527  2633 897122.488 1098  295 3663349.59 894298.150  75.6%   6.8   72s
  2740  2823 897635.095 1216  295 3663349.59 894298.150  75.6%   6.6   76s
  2936  3040 897940.693 1322  295 3663349.59 894298.150  75.6%   6.7   81s
H 3039  3102                    3559455.1501 894298.150  74.9%   6.8   84s
  3101  3248 898068.112 1405  295 3559455.15 894298.150  74.9%   6.9   86s
  3392  3464 898252.389 1567  295 3559455.15 894298.150  74.9%   7.3   91s
  3616  3617 898178.699 1504  156 3559455.15 894298.150  74.9%   7.6   96s
  3619  3619 1067446.50 1329   99 3559455.15 1067446.50  70.0%   7.6  101s
H 3622  3439                    3557989.2335 1067446.50  70.0%   7.6  102s
H 3627  3270                    3556072.7741 1067446.50  70.0%   7.6  104s
  3628  3271 1067446.50  477  106 3556072.77 1067446.50  70.0%   7.6  105s
H 3632  3110                    3530968.1456 1067446.50  69.8%   7.6  106s
  3640  3116 1067765.99  505  112 3530968.15 1067765.99  69.8%   8.0  110s
  3646  3120 1067765.99 1212  116 3530968.15 1067765.99  69.8%   8.0  116s
  3732  3182 1068075.39   41  386 3530968.15 1067774.62  69.8%   8.3  120s
  4029  3501 1068075.39  111  315 3530968.15 1067774.62  69.8%   7.9  125s
  4547  3839 1068075.39  237  295 3530968.15 1067774.62  69.8%   7.3  131s
  5018  4155 1068943.83  345  299 3530968.15 1067774.62  69.8%   7.2  135s
H 5048  3988                    3283720.9763 1067774.62  67.5%   7.2  135s
H 5114  3818                    3283679.7356 1067774.62  67.5%   7.2  135s
H 5515  3954                    3258209.5677 1067774.62  67.2%   7.3  139s
  5548  4074 1069540.62  466  295 3258209.57 1067774.62  67.2%   7.3  141s
H 5549  3940                    3138921.3466 1067774.62  66.0%   7.3  141s
H 5898  4126                    3086317.2101 1067774.62  65.4%   7.5  146s
H 6208  4138                    3086176.9000 1067774.62  65.4%   7.6  150s
  6637  4447 1077285.61  666  298 3086176.90 1067774.62  65.4%   8.2  156s
  6929  4617 1077525.29  703  305 3086176.90 1067774.62  65.4%   9.0  160s
H 7237  4657                    3044649.3300 1067774.62  64.9%  10.2  164s
H 7322  4688                    3044421.4712 1067774.62  64.9%  10.4  168s
H 7418  4553                    2989290.6597 1067774.62  64.3%  10.6  168s
  7490  4771 1093275.86  816  312 2989290.66 1067774.62  64.3%  10.7  171s
H 7970  4881                    2953109.9617 1067774.62  63.8%  11.3  176s
  8225  5092 1093427.14 1076  307 2953109.96 1067774.62  63.8%  12.5  181s
H 8397  5045                    2949784.4797 1067774.62  63.8%  13.1  184s
H 8477  4930                    2940209.8697 1067774.62  63.7%  13.4  184s
  8501  5095 1095017.01 1153  295 2940209.87 1067774.62  63.7%  13.5  187s
H 8606  5029                    2931914.8969 1067774.62  63.6%  13.7  187s
  8674  5224 1099556.32 1205  308 2931914.90 1067774.62  63.6%  14.0  191s
H 8784  5224                    2916124.1813 1067774.62  63.4%  14.1  191s
  9049  5652 1098510.47 1324  296 2916124.18 1067774.62  63.4%  15.0  197s
  9297  5913 1098981.82 1366  295 2916124.18 1067774.62  63.4%  15.6  200s
  9731  6254 1100062.57 1454  296 2916124.18 1067774.62  63.4%  16.5  206s
 10073  6756 1104520.26 1548  298 2916124.18 1067774.62  63.4%  17.7  213s
 10401  7182 1103390.40 1675  302 2916124.18 1067774.62  63.4%  17.8  218s
 10827  7641 1105205.75 1819  295 2916124.18 1067774.62  63.4%  17.6  222s
H11067  7641                    2906172.8905 1067774.62  63.3%  17.4  222s
 11286  8030 1107563.89 1939  295 2906172.89 1067774.62  63.3%  17.3  226s
 12052  8753 1114705.12 2193  301 2906172.89 1067774.62  63.3%  17.1  233s
 12398  9017 1118797.77 2305  300 2906172.89 1067774.62  63.3%  16.9  236s
 12958  9639 1127286.84 2483  335 2906172.89 1067774.62  63.3%  17.0  242s
H13162  9639                    2905343.0936 1067774.62  63.2%  16.8  242s
 13507 10116 1134194.22 2639  329 2905343.09 1067774.62  63.2%  17.0  246s
 14074 10712 1159277.65 2795  318 2905343.09 1067774.62  63.2%  17.0  252s
H14203 10712                    2905093.5657 1067774.62  63.2%  16.9  252s
 14357 10975 1168067.71 2860  329 2905093.57 1067774.62  63.2%  17.0  255s
 14620 11127 1175107.94 2930  334 2905093.57 1067774.62  63.2%  17.1  266s
 14884 11360 1188516.92 3006  330 2905093.57 1067774.62  63.2%  18.1  271s
 15149 11663 1179504.09 3085  307 2905093.57 1067774.62  63.2%  18.8  277s
 15308 11827 1190424.55 3127  336 2905093.57 1067774.62  63.2%  19.4  280s
H15682 12209                    2905093.5457 1067774.62  63.2%  20.2  286s
 16045 12562 1185673.91 3304  303 2905093.55 1067774.62  63.2%  21.1  292s
 16207 12786 1188334.39 3348  302 2905093.55 1067774.62  63.2%  21.6  295s
 16646 13160 1211416.34 3489  320 2905093.55 1067774.62  63.2%  22.3  301s
 16987 13602 1210022.14 3577  300 2905093.55 1067774.62  63.2%  22.9  308s
 17247 13854 1214391.72 3651  298 2905093.55 1067774.62  63.2%  23.2  311s
 17782 14374 1226701.89 3813  295 2905093.55 1067774.62  63.2%  23.6  317s
 18019 14608 1230302.03 3872  296 2905093.55 1067774.62  63.2%  24.0  321s
 18487 15031 1251728.64 3989  344 2905093.55 1067774.62  63.2%  24.6  327s
 18676 15289 1308537.55 4045  333 2905093.55 1067774.62  63.2%  24.9  331s
 18934 15572 1353744.91 4085  335 2905093.55 1067774.62  63.2%  25.1  335s
 19217 15888 1332142.91 4116  325 2905093.55 1067774.62  63.2%  25.3  340s
 19789 16252 1341470.36 4196  314 2905093.55 1067774.62  63.2%  25.8  353s
H19896 16252                    2643740.1426 1067774.62  59.6%  26.0  353s
H19897 16452                    2638720.0266 1067774.62  59.5%  26.0  356s
 20097 16685 1351874.07 4265  325 2638720.03 1067774.62  59.5%  26.3  360s
 20657 17282 1362751.44 4398  339 2638720.03 1067774.62  59.5%  26.8  366s
H20759 17282                    2638720.0106 1067774.62  59.5%  26.9  366s
 21140 17710 1363822.10 4493  300 2638720.01 1067774.62  59.5%  27.2  371s
 21571 18215 1383996.34 4560  311 2638720.01 1067774.62  59.5%  27.8  378s
 21860 18582 1387400.94 4627  297 2638720.01 1067774.62  59.5%  28.0  382s
 22227 18905 1389089.66 4678  297 2638720.01 1067774.62  59.5%  27.9  386s
 22550 19329 1401325.00 4730  319 2638720.01 1067774.62  59.5%  28.0  391s
 22974 19574 1398733.15 4810  296 2638720.01 1067774.62  59.5%  28.1  395s
 23481 20115 1446664.28 4957  317 2638720.01 1067774.62  59.5%  28.6  403s
 23760 20384 1471341.04 5032  320 2638720.01 1067774.62  59.5%  28.8  406s
 24249 20920 1515799.90 5141  317 2638720.01 1067774.62  59.5%  29.6  413s
 24565 21274 1524460.97 5236  295 2638720.01 1067774.62  59.5%  29.8  417s
 24919 21372 1534497.46 5349  301 2638720.01 1067774.62  59.5%  29.7  425s
 25017 21775 1532514.90 5374  294 2638720.01 1067774.62  59.5%  29.7  431s
 25925 22687 1572595.61 5548  313 2638720.01 1067774.62  59.5%  29.4  438s
 26332 23061 1611345.29 5642  316 2638720.01 1067774.62  59.5%  29.5  442s
 26706 23460 1619785.67 5702  299 2638720.01 1067774.62  59.5%  29.5  445s
 27105 23905 1623782.54 5769  294 2638720.01 1067774.62  59.5%  29.5  450s
 27910 24667 1648384.46 6044  298 2638720.01 1067774.62  59.5%  29.6  458s
 28312 25084 1661813.92 6201  294 2638720.01 1067774.62  59.5%  29.6  463s
 28729 25408 1669847.75 6352  299 2638720.01 1067774.62  59.5%  29.5  467s
 29053 25705 1667386.90 6418  294 2638720.01 1067774.62  59.5%  29.5  471s
 29350 26000 1688697.85 6492  313 2638720.01 1067774.62  59.5%  29.7  475s
 29872 26473 1672663.86 6623  294 2638720.01 1067774.62  59.5%  29.9  483s
 30118 26475 1674802.41 6676  294 2638720.01 1067774.62  59.5%  30.1  492s
 30120 26711 1710063.50 6676  319 2638720.01 1067774.62  59.5%  30.1  495s
 30607 27268 1678869.87 6769  294 2638720.01 1067774.62  59.5%  30.4  502s
 30913 27523 1681591.30 6831  296 2638720.01 1067774.62  59.5%  30.5  505s
 31415 28018 1703410.83 6956  311 2638720.01 1067774.62  59.5%  30.9  512s
 31663 28270 1702545.19 7014  313 2638720.01 1067774.62  59.5%  31.2  516s
 32160 28730 1704877.40 7124  304 2638720.01 1067774.62  59.5%  31.6  522s
 32375 28973 1701734.73 7176  296 2638720.01 1067774.62  59.5%  31.8  526s
 32618 29212 1705901.52 7234  296 2638720.01 1067774.62  59.5%  32.1  530s
 33100 29756 1712870.43 7338  297 2638720.01 1067774.62  59.5%  32.5  537s
 33401 30141 1719665.97 7435  294 2638720.01 1067774.62  59.5%  32.6  541s
 33824 30530 1735867.83 7563  300 2638720.01 1067774.62  59.5%  32.5  549s
 34175 30834 1738782.48 7677  299 2638720.01 1067774.62  59.5%  32.5  553s
 34479 31109 1768604.73 7750  307 2638720.01 1067774.62  59.5%  32.6  556s
 34754 31299 1842517.88 7814  324 2638720.01 1067774.62  59.5%  32.8  560s
 35131 31606 1937138.18 7899  310 2638720.01 1067774.62  59.5%  33.2  578s
 35251 31826 1974343.12 7929  310 2638720.01 1067774.62  59.5%  33.2  581s
 35471 32095 2024847.68 7979  313 2638720.01 1067774.62  59.5%  33.3  585s
 36052 32668 2128544.21 8123  308 2638720.01 1067774.62  59.5%  33.5  592s
 36668 33405 2206789.26 8280  297 2638720.01 1067774.62  59.5%  33.7  598s
 37050 33826 2210547.63 8366  297 2638720.01 1067774.62  59.5%  33.6  602s
 37471 34147 2215599.13 8484  297 2638720.01 1067774.62  59.5%  33.5  606s
 38138 34719 2268568.54 8690  310 2638720.01 1067774.62  59.5%  33.6  613s
 38364 35065 2322310.36 8751  309 2638720.01 1067774.62  59.5%  33.7  617s
 38710 35345 2318827.40 8859  300 2638720.01 1067774.62  59.5%  33.7  620s
 39295 35926 2396927.93 9030  316 2638720.01 1067774.62  59.5%  33.8  627s
 39571 36281 2405111.46 9029  311 2638720.01 1067774.62  59.5%  33.8  631s
 39926 36498 2405133.99 9030  315 2638720.01 1067774.62  59.5%  33.9  635s
 40143 36817 2419341.11 9029  318 2638720.01 1067774.62  59.5%  34.0  644s
 40462 37157 2413748.73 9030  317 2638720.01 1067774.62  59.5%  34.0  648s
 40802 37525 2428567.35 9030  308 2638720.01 1067774.62  59.5%  33.9  652s
 41170 37860 2419642.41 9029  313 2638720.01 1067774.62  59.5%  33.9  656s
 41505 38118 2421013.56 9030  315 2638720.01 1067774.62  59.5%  33.9  660s
 42099 38798 2415409.79 9030  319 2638720.01 1067774.62  59.5%  33.9  669s
 42443 39189 2413457.56 9029  313 2638720.01 1067774.62  59.5%  33.8  673s
 42834 39501 2430038.19 9030  314 2638720.01 1067774.62  59.5%  33.8  678s
 43146 39831 2438321.30 9030  316 2638720.01 1067774.62  59.5%  33.8  683s
 43476 40137 2439140.35 9030  317 2638720.01 1067774.62  59.5%  33.8  687s
 43782 40276 2427533.62 9029  319 2638720.01 1067774.62  59.5%  33.7  691s
 43921 40766 2438467.92 9030  315 2638720.01 1067774.62  59.5%  33.8  697s
 44411 41449 1067978.61  160  295 2638720.01 1067774.62  59.5%  33.5  704s
 45094 41696 1069689.18  357  295 2638720.01 1067774.62  59.5%  33.1  708s
 45341 42064 1072269.84  419  295 2638720.01 1067774.62  59.5%  33.0  717s
 45709 42454 1075003.17  515  295 2638720.01 1067774.62  59.5%  32.9  722s
 46099 42958 1075655.99  646  296 2638720.01 1067774.62  59.5%  32.7  727s
 46603 43535 1076157.05  779  313 2638720.01 1067774.62  59.5%  32.5  732s
 47180 44187 1076636.01  920  298 2638720.01 1067774.62  59.5%  32.2  738s
 47832 44753 1077031.99 1090  300 2638720.01 1067774.62  59.5%  31.9  743s
 48398 45218 1077367.62 1231  299 2638720.01 1067774.62  59.5%  31.7  749s
 48863 45569 1077685.34 1374  311 2638720.01 1067774.62  59.5%  31.5  752s
 49214 45931 1082202.65 1486  301 2638720.01 1067774.62  59.5%  31.5  756s
 49576 46346 1082966.05 1597  316 2638720.01 1067774.62  59.5%  31.4  761s
 50267 47008 1088751.11 1830  306 2638720.01 1067774.62  59.5%  31.3  768s
 50653 47010 1090065.85 1960  300 2638720.01 1067774.62  59.5%  31.2  777s
 50655 47278 1090049.12 1960  301 2638720.01 1067774.62  59.5%  31.2  782s
 50923 47495 1090955.31 2051  297 2638720.01 1067774.62  59.5%  31.2  786s
 51140 47939 1092729.61 2123  295 2638720.01 1067774.62  59.5%  31.1  791s
 51584 48479 1095573.79 2274  295 2638720.01 1067774.62  59.5%  31.0  796s
 52124 48839 1098599.06 2410  295 2638720.01 1067774.62  59.5%  30.8  800s
 52841 49481 1101201.56 2562  305 2638720.01 1067774.62  59.5%  30.7  807s
 53126 49681 1101960.31 2631  304 2638720.01 1067774.62  59.5%  30.7  810s
 53673 50302 1103399.23 2758  301 2638720.01 1067774.62  59.5%  30.7  817s
 53947 50715 1103937.37 2807  296 2638720.01 1067774.62  59.5%  30.6  820s
 54729 51457 1110187.75 2931  305 2638720.01 1067774.62  59.5%  30.5  827s
 55102 51792 1114261.36 2990  301 2638720.01 1067774.62  59.5%  30.4  830s
 55812 52169 1123777.78 3223  306 2638720.01 1067774.62  59.5%  30.2  843s
 55814 52456 1125165.41 3224  299 2638720.01 1067774.62  59.5%  30.2  847s
 56101 52731 1126209.74 3326  295 2638720.01 1067774.62  59.5%  30.1  850s
 56675 53222 1128759.91 3474  302 2638720.01 1067774.62  59.5%  30.1  856s
 57173 53936 1130300.01 3594  301 2638720.01 1067774.62  59.5%  30.2  863s
 57581 54376 1134097.36 3693  302 2638720.01 1067774.62  59.5%  30.0  867s
 58021 54913 1133982.81 3804  295 2638720.01 1067774.62  59.5%  29.8  872s
 58558 55321 1149504.10 3933  300 2638720.01 1067774.62  59.5%  29.6  876s
 58966 55705 1149746.92 4035  299 2638720.01 1067774.62  59.5%  29.5  880s
 59601 56192 1142306.27 4203  311 2638720.01 1067774.62  59.5%  29.5  886s
 59837 56459 1143653.13 4266  306 2638720.01 1067774.62  59.5%  29.5  890s
 60263 56876 1145889.29 4375  295 2638720.01 1067774.62  59.5%  29.5  896s
 60759 57347 1149980.68 4497  333 2638720.01 1067774.62  59.5%  29.7  908s
 60992 57548 1149870.97 4560  297 2638720.01 1067774.62  59.5%  29.7  912s
 61193 57836 1150824.63 4616  311 2638720.01 1067774.62  59.5%  29.8  915s
 61758 58438 1153970.66 4776  296 2638720.01 1067774.62  59.5%  29.8  922s
 62083 58848 1155673.39 4865  295 2638720.01 1067774.62  59.5%  29.8  925s
 62847 59476 1160811.86 5077  295 2638720.01 1067774.62  59.5%  29.7  932s
 63121 59764 1161456.26 5133  300 2638720.01 1067774.62  59.5%  29.7  935s
 63722 60325 1164286.97 5276  297 2638720.01 1067774.62  59.5%  29.7  942s
 63970 60672 1165408.05 5330  297 2638720.01 1067774.62  59.5%  29.7  945s
 64560 61170 1168029.63 5460  325 2638720.01 1067774.62  59.5%  29.7  951s
 64815 61428 1169910.79 5524  329 2638720.01 1067774.62  59.5%  29.8  955s
 65259 61908 1171346.79 5637  295 2638720.01 1067774.62  59.5%  29.9  960s
 65743 62301 1173312.43 5756  300 2638720.01 1067774.62  59.5%  30.0  966s
 65946 62321 1173911.74 5793  298 2638720.01 1067774.62  59.5%  30.0  974s
 65966 62568 1188801.47 5798  299 2638720.01 1067774.62  59.5%  30.0  977s
 66213 62857 1176074.43 5848  319 2638720.01 1067774.62  59.5%  30.0  980s
 66885 63476 1190986.18 6047  331 2638720.01 1067774.62  59.5%  30.0  987s
 67121 63726 1205490.04 6100  328 2638720.01 1067774.62  59.5%  30.0  991s
 67725 64345 1208840.44 6247  327 2638720.01 1067774.62  59.5%  30.1  997s
 67990 64731 1217706.09 6325  352 2638720.01 1067774.62  59.5%  30.1 1001s
 68530 65247 1212459.10 6433  328 2638720.01 1067774.62  59.5%  30.1 1007s
 68892 65583 1213133.81 6506  295 2638720.01 1067774.62  59.5%  30.1 1010s
 69423 66048 1220560.16 6613  345 2638720.01 1067774.62  59.5%  30.1 1015s
 69896 66447 1288133.65 6714  345 2638720.01 1067774.62  59.5%  30.3 1021s
 70304 66825 1348557.27 6779  345 2638720.01 1067774.62  59.5%  30.4 1027s
 70691 67275 1349011.55 6862  319 2638720.01 1067774.62  59.5%  30.6 1032s
 70920 67465 1352128.75 6905  311 2638720.01 1067774.62  59.5%  30.6 1035s
 71110 67467 1355284.99 6950  307 2638720.01 1067774.62  59.5%  30.7 1043s
 71112 67702 1357708.63 6950  316 2638720.01 1067774.62  59.5%  30.7 1047s
 71347 67985 1359919.82 7006  296 2638720.01 1067774.62  59.5%  30.7 1050s
 71974 68578 1364438.90 7110  296 2638720.01 1067774.62  59.5%  30.7 1058s
 72223 68893 1366922.27 7153  316 2638720.01 1067774.62  59.5%  30.8 1062s
 72538 69280 1375202.57 7191  315 2638720.01 1067774.62  59.5%  30.8 1066s
 73251 69875 1405934.90 7324  310 2638720.01 1067774.62  59.5%  30.7 1073s
 73520 70098 1403415.98 7367  295 2638720.01 1067774.62  59.5%  30.8 1076s
 73743 70437 1411390.61 7411  307 2638720.01 1067774.62  59.5%  30.8 1080s
 74537 71276 1439290.76 7594  302 2638720.01 1067774.62  59.5%  30.8 1088s
 74921 71512 1461367.73 7667  330 2638720.01 1067774.62  59.5%  30.8 1091s
 75372 72023 1484337.17 7746  313 2638720.01 1067774.62  59.5%  30.9 1096s
 75668 72222 1545227.19 7795  314 2638720.01 1067774.62  59.5%  30.9 1100s
 76175 72546 1616290.33 7883  319 2638720.01 1067774.62  59.5%  31.0 1113s
 76191 72825 1617553.44 7887  319 2638720.01 1067774.62  59.5%  31.0 1116s
 76470 73028 1670168.54 7953  325 2638720.01 1067774.62  59.5%  31.0 1120s
 76912 73481 1685704.89 8032  298 2638720.01 1067774.62  59.5%  31.1 1127s
 77126 73771 1687448.92 8059  297 2638720.01 1067774.62  59.5%  31.1 1130s
 77668 74323 1697747.71 8148  299 2638720.01 1067774.62  59.5%  31.1 1136s
 78190 74723 1788014.86 8275  307 2638720.01 1067774.62  59.5%  31.3 1142s
 78589 75094 1811294.14 8383  329 2638720.01 1067774.62  59.5%  31.4 1147s
 78739 75322 1798880.58 8427  315 2638720.01 1067774.62  59.5%  31.5 1150s
 79195 75727 1805856.40 8562  321 2638720.01 1067774.62  59.5%  31.6 1156s
 79630 76183 1817812.84 8687  328 2638720.01 1067774.62  59.5%  31.8 1161s
 80039 76638 1817219.26 8785  325 2638720.01 1067774.62  59.5%  31.9 1167s
 80283 76837 1819973.70 8842  323 2638720.01 1067774.62  59.5%  32.0 1170s
 80711 77255 1844148.25 8956  309 2638720.01 1067774.62  59.5%  32.2 1177s
 80900 77465 1848702.67 9003  298 2638720.01 1067774.62  59.5%  32.3 1181s
 81110 77742 1887470.18 9031  301 2638720.01 1067774.62  59.5%  32.3 1190s
 81608 78226 1886150.93 9031  318 2638720.01 1067774.62  59.5%  32.4 1197s
 81871 78460 1880189.09 9031  329 2638720.01 1067774.62  59.5%  32.5 1200s
 82347 78932 1890625.09 9031  326 2638720.01 1067774.62  59.5%  32.6 1206s
 82577 79303 1896890.16 9031  327 2638720.01 1067774.62  59.5%  32.7 1211s
 82948 79742 1894484.36 9031  317 2638720.01 1067774.62  59.5%  32.7 1216s
 83387 80192 1905937.45 9031  329 2638720.01 1067774.62  59.5%  32.7 1222s
 83837 80623 1883727.40 9029  332 2638720.01 1067774.62  59.5%  32.6 1228s
 84268 80950 1897090.87 9030  323 2638720.01 1067774.62  59.5%  32.5 1232s
 84595 81351 1905953.47 9029  326 2638720.01 1067774.62  59.5%  32.4 1236s
 84996 81560 1884626.05 9028  326 2638720.01 1067774.62  59.5%  32.4 1240s
 85516 82172 1879544.73 9028  317 2638720.01 1067774.62  59.5%  32.4 1247s
 85817 82649 1068130.81  143  296 2638720.01 1067774.62  59.5%  32.4 1252s
 86294 82727 1068130.81  317  295 2638720.01 1067774.62  59.5%  32.3 1262s
 86372 83068 1068130.81  337  295 2638720.01 1067774.62  59.5%  32.3 1267s
 86713 83759 1068319.01  427  309 2638720.01 1067774.62  59.5%  32.2 1272s
 87404 84295 1068221.54  585  306 2638720.01 1067774.62  59.5%  31.9 1277s
 87940 84555 1070384.86  721  310 2638720.01 1067774.62  59.5%  31.8 1281s
 88200 85095 1070638.40  782  310 2638720.01 1067774.62  59.5%  31.8 1285s
 89075 85937 1069101.85  985  297 2638720.01 1067774.62  59.5%  31.6 1294s
 89582 86469 1069280.07 1103  295 2638720.01 1067774.62  59.5%  31.4 1299s
 90114 86879 1071733.92 1230  307 2638720.01 1067774.62  59.5%  31.3 1303s
 90524 87417 1071860.46 1343  306 2638720.01 1067774.62  59.5%  31.2 1307s
 91062 87829 1072001.99 1477  306 2638720.01 1067774.62  59.5%  31.1 1311s
 91474 87831 1070637.83 1572  295 2638720.01 1067774.62  59.5%  31.0 1320s
 91798 88508 1071274.25 1651  294 2638720.01 1067774.62  59.5%  30.9 1327s
 92153 88882 1072281.57 1752  295 2638720.01 1067774.62  59.5%  30.9 1331s
 92527 89315 1077626.10 1862  296 2638720.01 1067774.62  59.5%  30.8 1335s
 92960 89820 1075780.95 1957  303 2638720.01 1067774.62  59.5%  30.7 1340s
 93819 90661 1075894.82 2158  295 2638720.01 1067774.62  59.5%  30.5 1348s
 94306 91131 1077269.08 2276  295 2638720.01 1067774.62  59.5%  30.4 1351s
 95140 91887 1080142.23 2488  299 2638720.01 1067774.62  59.5%  30.2 1357s
 95532 92326 1079771.34 2571  295 2638720.01 1067774.62  59.5%  30.2 1361s
 95971 92775 1080397.99 2674  295 2638720.01 1067774.62  59.5%  30.1 1365s
 96420 93029 1081168.12 2778  295 2638720.01 1067774.62  59.5%  30.0 1377s
 96674 93177 1085059.44 2841  295 2638720.01 1067774.62  59.5%  29.9 1380s
 97111 93820 1084144.57 2957  295 2638720.01 1067774.62  59.5%  29.8 1387s
 97465 94092 1088346.96 3023  295 2638720.01 1067774.62  59.5%  29.8 1390s
 98056 94658 1089770.82 3132  295 2638720.01 1067774.62  59.5%  29.8 1396s
 98627 95245 1091464.16 3220  302 2638720.01 1067774.62  59.5%  29.8 1401s
 98890 95484 1091540.91 3260  295 2638720.01 1067774.62  59.5%  29.7 1405s
 99381 96028 1093223.44 3344  302 2638720.01 1067774.62  59.5%  29.7 1411s
 99903 96431 1093846.88 3450  296 2638720.01 1067774.62  59.5%  29.7 1417s
 100076 96686 1094454.54 3482  297 2638720.01 1067774.62  59.5%  29.7 1420s
 100547 97149 1095991.17 3576  305 2638720.01 1067774.62  59.5%  29.7 1425s
 100960 97583 1096500.75 3668  305 2638720.01 1067774.62  59.5%  29.8 1431s
 101515 98144 1096896.23 3777  296 2638720.01 1067774.62  59.5%  29.8 1437s
 101789 98146 1097815.71 3836  299 2638720.01 1067774.62  59.5%  29.8 1447s
 101791 98299 1097485.24 3836  295 2638720.01 1067774.62  59.5%  29.8 1450s
 102163 98762 1098362.56 3924  296 2638720.01 1067774.62  59.5%  29.8 1457s
 102590 99206 1099224.24 4030  295 2638720.01 1067774.62  59.5%  29.8 1462s
 102851 99447 1099667.33 4092  295 2638720.01 1067774.62  59.5%  29.8 1465s
 103294 99890 1100591.27 4195  295 2638720.01 1067774.62  59.5%  29.9 1471s
 103799 100445 1101514.83 4315  295 2638720.01 1067774.62  59.5%  29.9 1477s
 104090 100640 1102178.99 4380  295 2638720.01 1067774.62  59.5%  30.0 1480s
 104627 101288 1114108.08 4531  295 2638720.01 1067774.62  59.5%  30.0 1487s
 104933 101716 1109602.32 4642  295 2638720.01 1067774.62  59.5%  30.0 1490s
 105636 102265 1117571.63 4853  295 2638720.01 1067774.62  59.5%  29.9 1496s
 105910 102598 1114323.24 4942  303 2638720.01 1067774.62  59.5%  29.9 1500s
 106508 103227 1121025.40 5141  295 2638720.01 1067774.62  59.5%  29.9 1507s
 106872 103229 1131136.81 5275  306 2638720.01 1067774.62  59.5%  29.9 1516s
 107029 103588 1120137.47 5337  295 2638720.01 1067774.62  59.5%  29.9 1522s
 107233 103972 1121087.11 5401  295 2638720.01 1067774.62  59.5%  29.9 1526s
 107617 104376 1130979.63 5529  306 2638720.01 1067774.62  59.5%  29.8 1530s
 108457 105189 1127600.68 5762  297 2638720.01 1067774.62  59.5%  29.7 1538s
 108834 105596 1134168.75 5863  296 2638720.01 1067774.62  59.5%  29.6 1542s
 109241 105930 1130497.92 5993  296 2638720.01 1067774.62  59.5%  29.6 1546s
 109575 106404 1131918.13 6116  296 2638720.01 1067774.62  59.5%  29.6 1550s
 110310 107025 1136256.31 6322  304 2638720.01 1067774.62  59.5%  29.5 1557s
 110670 107359 1136511.59 6423  296 2638720.01 1067774.62  59.5%  29.4 1561s
 111432 108097 1140436.21 6636  296 2638720.01 1067774.62  59.5%  29.3 1568s
 111742 108431 1146211.32 6730  337 2638720.01 1067774.62  59.5%  29.3 1571s
 112076 108433 1144445.53 6823  297 2638720.01 1067774.62  59.5%  29.3 1579s
 112078 108668 1146448.75 6824  319 2638720.01 1067774.62  59.5%  29.3 1582s
 112313 108918 1145405.95 6880  298 2638720.01 1067774.62  59.5%  29.3 1585s
 112936 109678 1160152.64 7063  297 2638720.01 1067774.62  59.5%  29.3 1592s
 113323 109970 1163273.68 7193  295 2638720.01 1067774.62  59.5%  29.2 1595s
 113919 110589 1168304.82 7413  296 2638720.01 1067774.62  59.5%  29.1 1602s
 114234 110878 1174553.56 7522  299 2638720.01 1067774.62  59.5%  29.1 1606s
 114839 111470 1178213.11 7719  299 2638720.01 1067774.62  59.5%  29.1 1611s
 115477 112091 1194255.71 7941  294 2638720.01 1067774.62  59.5%  29.0 1617s
 115736 112416 1196814.91 8038  297 2638720.01 1067774.62  59.5%  29.0 1621s
 116319 112886 1209776.74 8251  331 2638720.01 1067774.62  59.5%  29.1 1626s
 116755 113412 1215513.48 8402  299 2638720.01 1067774.62  59.5%  29.1 1631s
 117057 113596 1228889.55 8498  297 2638720.01 1067774.62  59.5%  29.1 1642s
 117241 113828 1230532.14 8544  295 2638720.01 1067774.62  59.5%  29.1 1645s
 117750 114291 1235449.77 8709  305 2638720.01 1067774.62  59.5%  29.1 1651s
 118245 114839 1238136.53 8862  301 2638720.01 1067774.62  59.5%  29.2 1657s
 118484 115025 1241592.49 8934  334 2638720.01 1067774.62  59.5%  29.2 1660s
 118871 115424 1267470.93 9017  334 2638720.01 1067774.62  59.5%  29.3 1665s
 119345 115869 1322359.51 9031  353 2638720.01 1067774.62  59.5%  29.3 1670s
 119703 116284 1311017.28 9030  346 2638720.01 1067774.62  59.5%  29.4 1675s
 120064 116598 1336133.58 9031  351 2638720.01 1067774.62  59.5%  29.4 1681s
 120400 116920 1313415.96 9030  348 2638720.01 1067774.62  59.5%  29.6 1686s
 120764 117334 1304013.21 9028  348 2638720.01 1067774.62  59.5%  29.7 1693s
 120979 117579 1335053.51 9030  346 2638720.01 1067774.62  59.5%  29.7 1696s
 121444 117997 1309934.31 9031  351 2638720.01 1067774.62  59.5%  29.8 1701s
 121865 118423 1317236.36 9031  343 2638720.01 1067774.62  59.5%  29.9 1707s
 122068 118625 1342066.50 9031  340 2638720.01 1067774.62  59.5%  29.9 1710s
 122270 118709 1310420.41 9031  355 2638720.01 1067774.62  59.5%  30.0 1724s
 122354 118870 1296249.15 9028  351 2638720.01 1067774.62  59.5%  30.0 1728s
 122515 118985 1302659.13 9031  350 2638720.01 1067774.62  59.5%  30.0 1731s
 122878 119480 1311058.23 9027  349 2638720.01 1067774.62  59.5%  30.1 1737s
 123125 119761 1360648.84 9031  352 2638720.01 1067774.62  59.5%  30.1 1741s
 123406 120199 1068461.06  109  322 2638720.01 1067774.62  59.5%  30.1 1746s
 123844 120556 1068461.06  273  295 2638720.01 1067774.62  59.5%  30.1 1751s
 124201 121007 1068461.06  395  295 2638720.01 1067774.62  59.5%  30.1 1756s
 124652 121543 1068461.06  531  296 2638720.01 1067774.62  59.5%  30.1 1762s
 125188 122044 1068641.32  639  309 2638720.01 1067774.62  59.5%  30.0 1767s
 125689 122556 1068478.80  742  295 2638720.01 1067774.62  59.5%  29.9 1771s
 126201 122997 1069490.76  845  310 2638720.01 1067774.62  59.5%  29.8 1776s
 126642 123508 1068537.86  938  295 2638720.01 1067774.62  59.5%  29.7 1782s
 127153 124009 1069587.91 1047  308 2638720.01 1067774.62  59.5%  29.6 1795s
 127881 124738 1068680.70 1216  297 2638720.01 1067774.62  59.5%  29.5 1804s
 128383 125222 1069650.36 1342  306 2638720.01 1067774.62  59.5%  29.5 1808s
 128867 125642 1070252.49 1465  295 2638720.01 1067774.62  59.5%  29.4 1813s
 129287 126042 1072411.99 1585  295 2638720.01 1067774.62  59.5%  29.3 1816s
 129687 126396 1073285.37 1681  302 2638720.01 1067774.62  59.5%  29.3 1820s
 130497 127162 1077274.89 1884  295 2638720.01 1067774.62  59.5%  29.2 1828s
 130807 127494 1076141.41 1992  295 2638720.01 1067774.62  59.5%  29.2 1832s
 131139 127721 1077246.80 2105  296 2638720.01 1067774.62  59.5%  29.1 1835s
 131762 128346 1081353.99 2295  302 2638720.01 1067774.62  59.5%  29.1 1842s
 131991 128729 1084791.39 2376  295 2638720.01 1067774.62  59.5%  29.1 1846s
 132374 129092 1082297.05 2515  300 2638720.01 1067774.62  59.5%  29.0 1850s
 132737 129094 1083441.03 2643  295 2638720.01 1067774.62  59.5%  29.0 1859s
 132739 129300 1087299.96 2643  295 2638720.01 1067774.62  59.5%  29.0 1863s
 132945 129440 1085396.25 2714  306 2638720.01 1067774.62  59.5%  29.0 1866s
 133298 129877 1090221.19 2814  295 2638720.01 1067774.62  59.5%  29.0 1872s
 133724 130268 1091334.56 2929  300 2638720.01 1067774.62  59.5%  29.0 1877s
 134138 130765 1092689.90 3036  296 2638720.01 1067774.62  59.5%  29.1 1882s
 134410 131024 1094685.10 3138  296 2638720.01 1067774.62  59.5%  29.1 1885s
 134869 131563 1096292.04 3273  295 2638720.01 1067774.62  59.5%  29.1 1892s
 135208 131788 1102343.59 3385  302 2638720.01 1067774.62  59.5%  29.1 1895s
 135646 132246 1102343.60 3503  294 2638720.01 1067774.62  59.5%  29.1 1901s
 136065 132714 1099490.81 3606  295 2638720.01 1067774.62  59.5%  29.1 1908s
 136359 133116 1100194.87 3694  295 2638720.01 1067774.62  59.5%  29.1 1912s
 136761 133395 1111966.47 3830  308 2638720.01 1067774.62  59.5%  29.1 1915s
 137040 133696 1102047.37 3937  295 2638720.01 1067774.62  59.5%  29.1 1920s
 137642 134333 1110602.70 4140  308 2638720.01 1067774.62  59.5%  29.1 1937s
 137978 134619 1104805.57 4224  301 2638720.01 1067774.62  59.5%  29.0 1941s
 138635 135479 1109234.47 4409  308 2638720.01 1067774.62  59.5%  29.0 1948s
 139124 135937 1107510.38 4548  296 2638720.01 1067774.62  59.5%  28.9 1952s
 139582 136152 1110951.09 4677  308 2638720.01 1067774.62  59.5%  28.8 1955s
 140163 136975 1110591.83 4792  297 2638720.01 1067774.62  59.5%  28.8 1963s
 140620 137492 1111571.52 4891  296 2638720.01 1067774.62  59.5%  28.7 1968s
 141137 137858 1112884.73 5026  298 2638720.01 1067774.62  59.5%  28.7 1971s
 141503 138336 1113737.26 5113  298 2638720.01 1067774.62  59.5%  28.6 1976s
 142337 139181 1117093.09 5333  295 2638720.01 1067774.62  59.5%  28.5 1983s
 142826 139578 1123404.83 5462  305 2638720.01 1067774.62  59.5%  28.4 1987s
 143223 139580 1123355.59 5582  299 2638720.01 1067774.62  59.5%  28.3 1997s
 143225 139856 1121265.08 5583  295 2638720.01 1067774.62  59.5%  28.3 2001s
 143815 140364 1133155.58 5719  300 2638720.01 1067774.62  59.5%  28.3 2007s
 144009 140740 1134448.88 5756  300 2638720.01 1067774.62  59.5%  28.3 2010s
 144713 141331 1135155.59 5870  294 2638720.01 1067774.62  59.5%  28.2 2016s
 145331 142039 1136942.44 5963  295 2638720.01 1067774.62  59.5%  28.1 2022s
 145684 142264 1138231.96 6023  305 2638720.01 1067774.62  59.5%  28.1 2025s
 146275 142942 1138602.54 6127  304 2638720.01 1067774.62  59.5%  28.1 2032s
 146587 143333 1138775.11 6175  304 2638720.01 1067774.62  59.5%  28.0 2035s
 147351 144061 1139319.00 6291  298 2638720.01 1067774.62  59.5%  27.9 2042s
 147706 144387 1139504.10 6341  297 2638720.01 1067774.62  59.5%  27.9 2045s
 148319 145084 1139906.51 6443  295 2638720.01 1067774.62  59.5%  27.8 2052s
 148729 145570 1143647.92 6524  295 2638720.01 1067774.62  59.5%  27.8 2055s
 149628 146325 1148929.87 6739  294 2638720.01 1067774.62  59.5%  27.6 2062s
 149970 146766 1146860.63 6827  294 2638720.01 1067774.62  59.5%  27.6 2066s
 150411 147177 1149201.82 6938  324 2638720.01 1067774.62  59.5%  27.5 2070s
 151191 147806 1156040.09 7130  297 2638720.01 1067774.62  59.5%  27.4 2076s
 151451 147921 1153076.78 7187  314 2638720.01 1067774.62  59.5%  27.4 2087s
 151566 148067 1153147.72 7210  310 2638720.01 1067774.62  59.5%  27.4 2090s
 151902 148640 1171959.44 7272  315 2638720.01 1067774.62  59.5%  27.4 2096s
 152603 149317 1185017.68 7414  328 2638720.01 1067774.62  59.5%  27.4 2102s
 152962 149610 1175147.76 7497  296 2638720.01 1067774.62  59.5%  27.3 2105s
 153617 150325 1177429.90 7627  296 2638720.01 1067774.62  59.5%  27.3 2111s
 154221 150980 1180337.09 7733  295 2638720.01 1067774.62  59.5%  27.3 2117s
 154625 151262 1193973.49 7817  330 2638720.01 1067774.62  59.5%  27.2 2120s
 155197 151811 1187847.24 7939  298 2638720.01 1067774.62  59.5%  27.2 2126s
 155827 152428 1202282.65 8106  295 2638720.01 1067774.62  59.5%  27.2 2132s
 156073 152716 1206232.31 8173  296 2638720.01 1067774.62  59.5%  27.2 2135s
 156574 153258 1218738.24 8330  297 2638720.01 1067774.62  59.5%  27.2 2140s
 157232 153915 1248221.00 8515  328 2638720.01 1067774.62  59.5%  27.1 2147s
 157560 154243 1245039.38 8596  319 2638720.01 1067774.62  59.5%  27.1 2150s
 157888 154354 1235718.27 8675  297 2638720.01 1067774.62  59.5%  27.1 2159s
 157999 154535 1236355.21 8695  295 2638720.01 1067774.62  59.5%  27.1 2162s
 158180 154849 1245437.10 8744  297 2638720.01 1067774.62  59.5%  27.0 2165s
 158881 155546 1249277.61 8890  298 2638720.01 1067774.62  59.5%  27.0 2173s
 159191 155889 1252786.82 8963  303 2638720.01 1067774.62  59.5%  27.0 2176s
 159695 156368 1331294.17 9031  341 2638720.01 1067774.62  59.5%  27.0 2182s
 160013 156655 1067929.18  221  295 2638720.01 1067774.62  59.5%  27.0 2186s
 160300 157038 1067929.18  326  295 2638720.01 1067774.62  59.5%  27.0 2190s
 161009 157715 1068640.65  683  294 2638720.01 1067774.62  59.5%  26.9 2197s
 161360 157953 1068640.65  845  295 2638720.01 1067774.62  59.5%  26.9 2200s
 161797 158465 1068640.65 1063  295 2638720.01 1067774.62  59.5%  26.8 2207s
 162110 158838 1068640.65 1251  295 2638720.01 1067774.62  59.5%  26.8 2210s
 162706 159371 1068640.65 1687  295 2638720.01 1067774.62  59.5%  26.8 2216s
 163016 159627 1068863.10 1897  295 2638720.01 1067774.62  59.5%  26.8 2220s
 163622 160286 1069463.73 2330  296 2638720.01 1067774.62  59.5%  26.7 2227s
 163931 160585 1069677.91 2545  295 2638720.01 1067774.62  59.5%  26.7 2231s
 164230 160853 1069904.92 2710  295 2638720.01 1067774.62  59.5%  26.7 2235s
 164650 161147 1087741.94 2884  305 2638720.01 1067774.62  59.5%  26.7 2240s
 164808 161191 1088561.36 2903  312 2638720.01 1067774.62  59.5%  26.7 2250s
 165044 161586 1101787.83 2952  295 2638720.01 1067774.62  59.5%  26.7 2256s
 165247 162000 1105868.52 2991  302 2638720.01 1067774.62  59.5%  26.7 2260s
 165933 162512 1127521.19 3377  326 2638720.01 1067774.62  59.5%  26.6 2265s
 166417 163102 1143079.13 3488  298 2638720.01 1067774.62  59.5%  26.6 2271s
 167069 163718 1154075.38 3635  298 2638720.01 1067774.62  59.5%  26.5 2277s
 167379 163968 1156972.15 3783  295 2638720.01 1067774.62  59.5%  26.5 2280s
 168057 164895 1173822.73 4048  297 2638720.01 1067774.62  59.5%  26.4 2290s
 169008 165693 1178833.21 4285  296 2638720.01 1067774.62  59.5%  26.3 2297s
 169354 166181 1179814.62 4383  296 2638720.01 1067774.62  59.5%  26.3 2302s
 169842 166637 1183179.30 4570  302 2638720.01 1067774.62  59.5%  26.2 2306s
 170599 167320 1185546.98 4848  298 2638720.01 1067774.62  59.5%  26.1 2313s
 170981 167764 1187267.25 5009  297 2638720.01 1067774.62  59.5%  26.0 2317s
 171425 168186 1191439.19 5189  302 2638720.01 1067774.62  59.5%  26.0 2321s
 171847 168548 1190865.49 5347  295 2638720.01 1067774.62  59.5%  25.9 2325s
 172583 169376 1211859.63 5514  298 2638720.01 1067774.62  59.5%  25.8 2333s
 173037 169779 1217732.40 5624  296 2638720.01 1067774.62  59.5%  25.8 2337s
 173440 170134 1232596.59 5689  295 2638720.01 1067774.62  59.5%  25.7 2340s
 174114 170873 1241487.92 5858  298 2638720.01 1067774.62  59.5%  25.6 2347s
 174534 171281 1253714.15 5984  298 2638720.01 1067774.62  59.5%  25.6 2351s
 175232 171877 1276517.30 6254  294 2638720.01 1067774.62  59.5%  25.5 2357s
 175538 172193 1282307.20 6338  294 2638720.01 1067774.62  59.5%  25.5 2368s
 175854 172382 1295872.16 6447  294 2638720.01 1067774.62  59.5%  25.4 2370s
 176251 172861 1304661.08 6608  294 2638720.01 1067774.62  59.5%  25.4 2375s
 176821 173506 1315109.67 6796  294 2638720.01 1067774.62  59.5%  25.3 2381s
 177455 174203 1339499.05 7086  312 2638720.01 1067774.62  59.5%  25.3 2388s
 177864 174532 1334213.93 7233  294 2638720.01 1067774.62  59.5%  25.2 2390s
 178564 175207 1352023.19 7455  318 2638720.01 1067774.62  59.5%  25.2 2395s
 179251 176019 1352147.20 7729  296 2638720.01 1067774.62  59.5%  25.1 2400s
 180084 176827 1429716.28 7897  316 2638720.01 1067774.62  59.5%  25.0 2406s
 180799 177448 1495421.66 8021  315 2638720.01 1067774.62  59.5%  24.9 2412s
 181109 177811 1555539.91 8083  313 2638720.01 1067774.62  59.5%  24.9 2416s
 181783 178411 1628619.99 8178  318 2638720.01 1067774.62  59.5%  24.8 2421s
 182409 179015 1676765.31 8276  320 2638720.01 1067774.62  59.5%  24.8 2426s
 183068 179801 1773569.97 8378  317 2638720.01 1067774.62  59.5%  24.7 2431s
 183711 180351 1869871.93 8475  298 2638720.01 1067774.62  59.5%  24.7 2436s
 184395 181007 1914169.74 8685  295 2638720.01 1067774.62  59.5%  24.6 2441s
 185075 181677 1941249.96 8952  295 2638720.01 1067774.62  59.5%  24.5 2447s
 185338 181958 1970742.59 9027  301 2638720.01 1067774.62  59.5%  24.5 2450s
 185991 182684 2010722.75 9031  301 2638720.01 1067774.62  59.5%  24.4 2455s
 186674 183313 2010269.81 9030  306 2638720.01 1067774.62  59.5%  24.4 2461s
 187237 183947 2033797.06 9031  308 2638720.01 1067774.62  59.5%  24.3 2466s
 187608 184089 2044907.70 9027  303 2638720.01 1067774.62  59.5%  24.3 2475s
 187886 184472 2017548.52 9031  306 2638720.01 1067774.62  59.5%  24.3 2480s
 188619 185227 2068259.79 9031  309 2638720.01 1067774.62  59.5%  24.3 2487s
 188888 185572 2083453.55 9031  304 2638720.01 1067774.62  59.5%  24.3 2491s
 189559 186084 2061654.95 9031  306 2638720.01 1067774.62  59.5%  24.2 2495s
 190061 186735 2100093.24 9031  309 2638720.01 1067774.62  59.5%  24.2 2501s
 190672 187359 1067960.50  201  295 2638720.01 1067774.62  59.5%  24.2 2507s
 191020 187753 1067960.50  248  295 2638720.01 1067774.62  59.5%  24.1 2510s
 191847 188538 1067960.50  476  295 2638720.01 1067774.62  59.5%  24.0 2517s
 192437 189161 1067960.50  696  295 2638720.01 1067774.62  59.5%  24.0 2523s
 192822 189569 1068671.98  815  295 2638720.01 1067774.62  59.5%  23.9 2526s
 193546 190274 1068671.98 1049  295 2638720.01 1067774.62  59.5%  23.9 2531s
 194176 190858 1069536.14 1227  295 2638720.01 1067774.62  59.5%  23.8 2537s
 194519 191172 1069680.29 1404  295 2638720.01 1067774.62  59.5%  23.8 2540s
 195099 191774 1070056.19 1677  295 2638720.01 1067774.62  59.5%  23.7 2546s
 195721 192371 1070438.94 1877  295 2638720.01 1067774.62  59.5%  23.7 2552s
 196032 192867 1071144.32 1981  295 2638720.01 1067774.62  59.5%  23.6 2556s
 196528 193295 1071214.25 2213  295 2638720.01 1067774.62  59.5%  23.6 2560s
 197189 193840 1071530.57 2480  295 2638720.01 1067774.62  59.5%  23.5 2565s
 197501 194009 1071565.90 2541  295 2638720.01 1067774.62  59.5%  23.5 2576s
 197909 194466 1071601.26 2606  295 2638720.01 1067774.62  59.5%  23.4 2582s
 198127 194856 1071626.28 2648  295 2638720.01 1067774.62  59.5%  23.4 2585s
 198844 195583 1071709.38 2827  296 2638720.01 1067774.62  59.5%  23.3 2591s
 199495 196225 1071815.39 3119  296 2638720.01 1067774.62  59.5%  23.3 2597s
 199886 196600 1071879.16 3295  296 2638720.01 1067774.62  59.5%  23.2 2600s
 200603 197234 1072118.54 3617  295 2638720.01 1067774.62  59.5%  23.2 2606s
 201222 197888 1073106.73 3876  295 2638720.01 1067774.62  59.5%  23.1 2612s
 201549 198175 1074888.38 3968  295 2638720.01 1067774.62  59.5%  23.1 2615s
 202222 198928 1078210.07 4036  294 2638720.01 1067774.62  59.5%  23.0 2621s
 202888 199611 1084661.45 4176  305 2638720.01 1067774.62  59.5%  22.9 2627s
 203272 200002 1085139.15 4237  295 2638720.01 1067774.62  59.5%  22.9 2631s
 203938 200593 1092046.73 4464  295 2638720.01 1067774.62  59.5%  22.8 2636s
 204645 201389 1096142.71 4754  295 2638720.01 1067774.62  59.5%  22.8 2642s
 205274 202006 1098357.07 4995  295 2638720.01 1067774.62  59.5%  22.7 2648s
 205667 202393 1100699.73 5175  295 2638720.01 1067774.62  59.5%  22.7 2651s
 206449 203029 1104474.53 5449  295 2638720.01 1067774.62  59.5%  22.6 2656s
 207098 203774 1108579.33 5717  295 2638720.01 1067774.62  59.5%  22.5 2661s
 207700 204193 1114022.04 6039  298 2638720.01 1067774.62  59.5%  22.5 2666s
 207854 204379 1116605.91 6119  299 2638720.01 1067774.62  59.5%  22.5 2678s
 208040 204610 1120339.56 6222  295 2638720.01 1067774.62  59.5%  22.5 2681s
 208508 205171 1128321.08 6469  297 2638720.01 1067774.62  59.5%  22.4 2686s
 209151 205688 1132094.01 6785  299 2638720.01 1067774.62  59.5%  22.4 2691s
 209623 206313 1133540.52 7003  300 2638720.01 1067774.62  59.5%  22.4 2696s
 210261 206892 1145751.58 7200  304 2638720.01 1067774.62  59.5%  22.3 2701s
 210728 207345 1142040.88 7333  296 2638720.01 1067774.62  59.5%  22.3 2706s
 211233 207720 1148579.87 7523  295 2638720.01 1067774.62  59.5%  22.3 2711s
 211645 208245 1156792.04 7808  302 2638720.01 1067774.62  59.5%  22.3 2716s
 212172 208767 1171402.88 7951  320 2638720.01 1067774.62  59.5%  22.3 2721s
 212428 209042 1204657.32 8053  299 2638720.01 1067774.62  59.5%  22.3 2725s
 212912 209508 1215617.59 8315  298 2638720.01 1067774.62  59.5%  22.2 2730s
 213478 210024 1222455.24 8590  294 2638720.01 1067774.62  59.5%  22.2 2735s
 213999 210624 1226422.97 8903  294 2638720.01 1067774.62  59.5%  22.2 2741s
 214624 211357 1256943.71 9025  326 2638720.01 1067774.62  59.5%  22.2 2747s
 215289 211938 1242414.36 9031  320 2638720.01 1067774.62  59.5%  22.1 2751s
 215961 212683 1253444.49 9030  324 2638720.01 1067774.62  59.5%  22.1 2756s
 216344 212685 1253213.13 9031  324 2638720.01 1067774.62  59.5%  22.0 2766s
 216443 212987 1262133.19 9031  322 2638720.01 1067774.62  59.5%  22.0 2770s
 216868 213574 1274061.29 9031  324 2638720.01 1067774.62  59.5%  22.0 2775s
 217595 214282 1290834.03 9031  321 2638720.01 1067774.62  59.5%  22.0 2782s
 218205 214832 1069623.45  252  294 2638720.01 1067774.62  59.5%  21.9 2787s
 218493 215142 1075005.61  329  295 2638720.01 1067774.62  59.5%  21.9 2790s
 219034 215754 1075717.09  472  295 2638720.01 1067774.62  59.5%  21.9 2795s
 219784 216348 1075717.09  790  295 2638720.01 1067774.62  59.5%  21.8 2800s
 220332 216970 1075937.60 1059  295 2638720.01 1067774.62  59.5%  21.8 2806s
 220891 217506 1075966.75 1314  295 2638720.01 1067774.62  59.5%  21.8 2812s
 221323 217913 1080663.52 1527  333 2638720.01 1067774.62  59.5%  21.8 2817s
 221574 218152 1076699.69 1673  296 2638720.01 1067774.62  59.5%  21.8 2820s
 222130 218747 1083984.53 1866  295 2638720.01 1067774.62  59.5%  21.7 2825s
 222720 219344 1087932.96 2182  294 2638720.01 1067774.62  59.5%  21.7 2830s
 223557 220200 1099353.26 2672  297 2638720.01 1067774.62  59.5%  21.7 2836s
 223981 220656 1119302.21 2854  296 2638720.01 1067774.62  59.5%  21.7 2842s
 224317 220658 1125487.37 3061  296 2638720.01 1067774.62  59.5%  21.7 2853s
 224319 220853 1125511.28 3062  295 2638720.01 1067774.62  59.5%  21.7 2856s
 224669 221318 1131120.35 3254  295 2638720.01 1067774.62  59.5%  21.6 2860s
 225296 221847 1136842.55 3557  296 2638720.01 1067774.62  59.5%  21.7 2866s
 225508 222182 1143391.71 3622  294 2638720.01 1067774.62  59.5%  21.7 2870s
 226111 222776 1154083.42 3956  294 2638720.01 1067774.62  59.5%  21.6 2876s
 226643 223205 1165510.67 4260  294 2638720.01 1067774.62  59.5%  21.6 2881s
 227197 223882 1173840.77 4499  295 2638720.01 1067774.62  59.5%  21.6 2887s
 227817 224481 1178215.81 4737  295 2638720.01 1067774.62  59.5%  21.6 2892s
 228323 224963 1184626.24 4909  295 2638720.01 1067774.62  59.5%  21.5 2897s
 228922 225543 1195111.26 5155  294 2638720.01 1067774.62  59.5%  21.5 2902s
 229400 226053 1208357.76 5381  295 2638720.01 1067774.62  59.5%  21.5 2908s
 229714 226360 1214754.97 5552  294 2638720.01 1067774.62  59.5%  21.5 2911s
 230295 226921 1229648.08 5844  295 2638720.01 1067774.62  59.5%  21.5 2917s
 230582 227214 1233508.47 6027  294 2638720.01 1067774.62  59.5%  21.5 2920s
 231166 227685 1246761.05 6226  299 2638720.01 1067774.62  59.5%  21.5 2926s
 231346 227960 1246610.73 6308  295 2638720.01 1067774.62  59.5%  21.5 2930s
 231964 228594 1250781.26 6751  294 2638720.01 1067774.62  59.5%  21.5 2937s
 232255 228847 1255080.66 6957  294 2638720.01 1067774.62  59.5%  21.5 2940s
 232722 229370 1271442.86 7229  294 2638720.01 1067774.62  59.5%  21.5 2945s
 233331 229912 1278306.03 7631  294 2638720.01 1067774.62  59.5%  21.5 2950s
 233850 230483 1285887.61 7966  298 2638720.01 1067774.62  59.5%  21.5 2955s
 234381 230722 1289179.90 8243  294 2638720.01 1067774.62  59.5%  21.5 2966s
 234587 231152 1292063.51 8375  294 2638720.01 1067774.62  59.5%  21.5 2972s
 234813 231469 1294380.28 8483  294 2638720.01 1067774.62  59.5%  21.5 2975s
 235387 231969 1308240.44 8737  294 2638720.01 1067774.62  59.5%  21.4 2980s
 235891 232471 1309632.09 8956  294 2638720.01 1067774.62  59.5%  21.4 2985s
 236396 233126 1324941.80 9031  323 2638720.01 1067774.62  59.5%  21.4 2991s
 237217 234040 1324835.70 9031  324 2638720.01 1067774.62  59.5%  21.4 2998s
 237701 234481 1325726.89 9030  324 2638720.01 1067774.62  59.5%  21.3 3002s
 238142 234733 1320076.14 9029  324 2638720.01 1067774.62  59.5%  21.3 3005s
 238848 235601 1332754.25 9030  324 2638720.01 1067774.62  59.5%  21.3 3012s
 239262 236010 1334854.69 9028  327 2638720.01 1067774.62  59.5%  21.2 3016s
 239976 236606 1365057.84 9031  328 2638720.01 1067774.62  59.5%  21.2 3023s
 240267 237052 1067933.76  128  311 2638720.01 1067774.62  59.5%  21.2 3027s
 240713 237341 1067933.76  245  295 2638720.01 1067774.62  59.5%  21.1 3030s
 241465 238180 1067933.76  391  295 2638720.01 1067774.62  59.5%  21.1 3037s
 241841 238565 1067933.76  429  295 2638720.01 1067774.62  59.5%  21.0 3041s
 242608 239189 1067933.76  528  295 2638720.01 1067774.62  59.5%  21.0 3048s
 242850 239587 1067933.76  551  295 2638720.01 1067774.62  59.5%  21.0 3051s
 243248 240031 1067933.76  667  295 2638720.01 1067774.62  59.5%  20.9 3055s
 243942 240625 1067933.76  910  295 2638720.01 1067774.62  59.5%  20.9 3061s
 244286 240798 1068645.24  976  295 2638720.01 1067774.62  59.5%  20.9 3071s
 244794 241361 1068645.24 1038  295 2638720.01 1067774.62  59.5%  20.8 3078s
 245022 241721 1068645.24 1128  295 2638720.01 1067774.62  59.5%  20.8 3081s
 245382 242006 1068865.75 1304  294 2638720.01 1067774.62  59.5%  20.8 3085s
 245972 242686 1068906.02 1507  295 2638720.01 1067774.62  59.5%  20.7 3091s
 246713 243297 1069915.00 1791  295 2638720.01 1067774.62  59.5%  20.7 3097s
 246958 243735 1070235.08 1849  296 2638720.01 1067774.62  59.5%  20.7 3101s
 247751 244322 1072275.88 2128  296 2638720.01 1067774.62  59.5%  20.6 3107s
 247985 244717 1073471.26 2234  296 2638720.01 1067774.62  59.5%  20.6 3111s
 248705 245414 1075199.26 2559  296 2638720.01 1067774.62  59.5%  20.5 3118s
 249083 245800 1076705.90 2736  296 2638720.01 1067774.62  59.5%  20.5 3121s
 249811 246359 1083693.05 3057  295 2638720.01 1067774.62  59.5%  20.5 3127s
 250038 246694 1085460.50 3128  295 2638720.01 1067774.62  59.5%  20.5 3130s
 250745 247381 1090367.90 3421  295 2638720.01 1067774.62  59.5%  20.4 3136s
 251443 248112 1092447.88 3740  295 2638720.01 1067774.62  59.5%  20.4 3142s
 251791 248341 1093085.19 3885  295 2638720.01 1067774.62  59.5%  20.4 3145s
 252380 249047 1095869.70 4100  295 2638720.01 1067774.62  59.5%  20.3 3151s
 253017 249644 1098845.77 4426  295 2638720.01 1067774.62  59.5%  20.3 3157s
 253323 249989 1100217.03 4576  295 2638720.01 1067774.62  59.5%  20.3 3160s
 253880 250402 1123668.33 4797  325 2638720.01 1067774.62  59.5%  20.2 3165s
 254387 251011 1147549.03 4844  307 2638720.01 1067774.62  59.5%  20.2 3171s
 254918 251403 1166079.65 4965  301 2638720.01 1067774.62  59.5%  20.2 3185s
 255465 252098 1181938.39 5108  306 2638720.01 1067774.62  59.5%  20.2 3192s
 255777 252497 1195542.43 5210  296 2638720.01 1067774.62  59.5%  20.2 3195s
 256434 253182 1225066.51 5465  297 2638720.01 1067774.62  59.5%  20.1 3201s
 257160 253671 1250560.61 5700  330 2638720.01 1067774.62  59.5%  20.1 3206s
 257641 254289 1253087.09 5775  302 2638720.01 1067774.62  59.5%  20.1 3212s
 257968 254616 1244493.45 5821  298 2638720.01 1067774.62  59.5%  20.1 3215s
 258581 255217 1260765.01 5962  317 2638720.01 1067774.62  59.5%  20.0 3221s
 259152 255644 1292482.42 6075  341 2638720.01 1067774.62  59.5%  20.0 3227s
 259323 255835 1301926.66 6116  336 2638720.01 1067774.62  59.5%  20.0 3230s
 259779 256309 1402873.72 6203  336 2638720.01 1067774.62  59.5%  20.0 3235s
 260158 256701 1387705.17 6322  312 2638720.01 1067774.62  59.5%  20.1 3240s
 260671 257162 1429526.41 6446  346 2638720.01 1067774.62  59.5%  20.1 3245s
 261112 257652 1469520.63 6556  318 2638720.01 1067774.62  59.5%  20.1 3250s
 261547 258071 1505219.31 6639  309 2638720.01 1067774.62  59.5%  20.1 3256s
 262071 258539 1566104.41 6752  302 2638720.01 1067774.62  59.5%  20.1 3261s
 262680 259302 1608972.81 6936  295 2638720.01 1067774.62  59.5%  20.1 3268s
 263009 259546 1611422.17 7013  294 2638720.01 1067774.62  59.5%  20.1 3271s
 263253 259840 1644604.01 7041  306 2638720.01 1067774.62  59.5%  20.0 3275s
 263547 259981 1614906.60 7090  294 2638720.01 1067774.62  59.5%  20.0 3286s
 263861 260540 1618007.84 7163  294 2638720.01 1067774.62  59.5%  20.0 3292s
 264247 260899 1637586.47 7306  305 2638720.01 1067774.62  59.5%  20.0 3296s
 264855 261421 1661105.42 7504  294 2638720.01 1067774.62  59.5%  20.0 3302s
 265138 261706 1667142.23 7561  294 2638720.01 1067774.62  59.5%  20.0 3305s
 265741 262371 1762558.06 7620  300 2638720.01 1067774.62  59.5%  20.0 3313s
 266088 262733 1779970.08 7648  295 2638720.01 1067774.62  59.5%  20.0 3317s
 266594 263262 1840320.39 7679  305 2638720.01 1067774.62  59.5%  19.9 3323s
 266979 263671 1861211.72 7758  295 2638720.01 1067774.62  59.5%  19.9 3327s
 267388 263923 1968078.68 7867  306 2638720.01 1067774.62  59.5%  19.9 3330s
 268053 264629 1960302.89 8007  297 2638720.01 1067774.62  59.5%  19.9 3336s
 268623 265205 2010088.44 8043  300 2638720.01 1067774.62  59.5%  19.9 3342s
Created node file directory '/home/ps12398/experiment_epec/goalProgrammingMarcos//grbnodes10'
 268922 265511 2050351.63 8058  307 2638720.01 1067774.62  59.5%  19.9 3482s
 269228 265840 2081669.75 8065  307 2638720.01 1067774.62  59.5%  19.9 3485s
 269762 266302 2160511.95 8101  308 2638720.01 1067774.62  59.5%  19.8 3490s
 270019 266652 2174980.67 8105  305 2638720.01 1067774.62  59.5%  19.8 3495s
 270369 266654 2210285.91 8116  306 2638720.01 1067774.62  59.5%  19.8 3507s
 270371 266875 2210813.75 8121  303 2638720.01 1067774.62  59.5%  19.8 3510s
 270815 267397 2252183.40 8137  305 2638720.01 1067774.62  59.5%  19.8 3516s
 271424 268064 2318469.62 8205  302 2638720.01 1067774.62  59.5%  19.8 3522s
 271781 268306 2346714.46 8227  302 2638720.01 1067774.62  59.5%  19.8 3525s
 272369 268872 2384598.94 8324  296 2638720.01 1067774.62  59.5%  19.8 3531s
 272830 269369 2434149.01 8389  298 2638720.01 1067774.62  59.5%  19.8 3537s
 273142 269683 2460703.36 8429  303 2638720.01 1067774.62  59.5%  19.8 3541s
 273712 270224 2471035.57 8490  306 2638720.01 1067774.62  59.5%  19.8 3547s
 273997 270501 2485201.41 8527  306 2638720.01 1067774.62  59.5%  19.8 3550s
 274555 271115 2497273.39 8620  310 2638720.01 1067774.62  59.5%  19.7 3556s
 275122 271707 2499447.52 8717  310 2638720.01 1067774.62  59.5%  19.7 3562s
 275480 272073 2501230.91 8797  310 2638720.01 1067774.62  59.5%  19.7 3565s

Cutting planes:
  RLT: 149

Explored 276086 nodes (5437912 simplex iterations) in 3696.10 seconds (1687.71 work units)
Thread count was 2 (of 24 available processors)

Solution count 10: 2.63872e+06 2.64374e+06 2.90509e+06 ... 2.95311e+06

Time limit reached
Best objective 2.638720010596e+06, best bound 1.067774617770e+06, gap 59.5344%
