
Gurobi 11.0.3 (linux64, Java) logging started sáb 30 nov 2024 15:55:06 -03

Set parameter Username
Academic license - for non-commercial use only - expires 2025-10-10
Set parameter NonConvex to value 2
Set parameter TimeLimit to value 3600
Set parameter LogToConsole to value 0
Set parameter MIPGap to value 2.8513120942475052e-08
Set parameter Threads to value 2
Set parameter NodefileDir to value "/home/ps12398/experiment_epec/goalProgrammingMarcos/"
Set parameter NodefileStart to value 1
Gurobi Optimizer version 11.0.3 build v11.0.3rc0 (linux64)

CPU model: Intel(R) Xeon(R) CPU           X5650  @ 2.67GHz, instruction set [SSE2]
Thread count: 12 physical cores, 24 logical processors, using up to 2 threads

Optimize a model with 254173 rows, 172586 columns and 1906669 nonzeros
Model fingerprint: 0xaff84124
Model has 298 quadratic constraints
Variable types: 86148 continuous, 86438 integer (293 binary)
Coefficient statistics:
  Matrix range     [3e-03, 3e+06]
  QMatrix range    [3e-03, 5e+04]
  QLMatrix range   [1e+00, 5e+04]
  Objective range  [1e+00, 7e+07]
  Bounds range     [1e+00, 1e+08]
  RHS range        [1e+00, 6e+06]
  QRHS range       [5e-02, 5e-02]
Presolve removed 252441 rows and 170338 columns
Presolve time: 0.95s
Presolved: 2869 rows, 2604 columns, 323647 nonzeros
Presolved model has 2 SOS constraint(s)
Presolved model has 293 bilinear constraint(s)

Solving non-convex MIQCP

Variable types: 947 continuous, 1657 integer (295 binary)
Found heuristic solution: objective 8593082.3499

Root relaxation: objective 0.000000e+00, 208 iterations, 0.10 seconds (0.04 work units)

    Nodes    |    Current Node    |     Objective Bounds      |     Work
 Expl Unexpl |  Obj  Depth IntInf | Incumbent    BestBd   Gap | It/Node Time

     0     0    0.00000    0  379 8593082.35    0.00000   100%     -    2s
     0     0    0.00000    0  485 8593082.35    0.00000   100%     -    3s
     0     0    0.00000    0  383 8593082.35    0.00000   100%     -    5s
H    0     0                    5299034.5618    0.00000   100%     -    5s
     0     0    0.00000    0  381 5299034.56    0.00000   100%     -    5s
     0     0    0.00000    0  359 5299034.56    0.00000   100%     -    5s
     0     0    0.00000    0  359 5299034.56    0.00000   100%     -    6s
     0     0    0.00000    0  359 5299034.56    0.00000   100%     -    6s
     0     0    0.00000    0  359 5299034.56    0.00000   100%     -    6s
     0     0    0.00000    0  359 5299034.56    0.00000   100%     -    7s
H    0     0                    2289709.3331    0.00000   100%     -    8s
     0     2    0.00000    0  359 2289709.33    0.00000   100%     -    8s
    35   118    0.00000   18  341 2289709.33    0.00000   100%   1.0   10s
H  147   208                    2281647.0918    0.00000   100%   1.1   12s
   207   261    0.00000  105  301 2281647.09    0.00000   100%   1.2   30s
H  260   380                    2121884.6633    0.00000   100%   1.2   33s
   381   467 infeasible  170      2121884.66    0.00000   100%   5.8   35s
H  382   467                    2068245.9963    0.00000   100%   5.8   35s
H  558   599                    1876025.7319    0.00000   100%  10.6   38s
H  631   671                    1601610.1940    0.00000   100%   9.9   41s
   863   943    0.00000  389  295 1601610.19    0.00000   100%   8.0   47s
   977  1075 8386.39922  412  297 1601610.19    0.00000   100%   9.9   51s
H  993  1075                    1222674.6211    0.00000   100%  10.7   51s
  1109  1297 7529.71421  430  296 1222674.62    0.00000   100%  11.0   55s
H 1521  1724                    1175634.9017    0.00000   100%  10.0   62s
H 1654  1724                    898341.31032    0.00000   100%   9.4   62s
  1758  1966 30880.2625  744  294 898341.310    0.00000   100%   9.5   66s
H 1894  1966                    892579.63874    0.00000   100%   9.0   66s
  2000  2176 38703.1023  874  293 892579.639    0.00000   100%   9.2   70s
H 2105  2176                    867158.03333    0.00000   100%   8.9   70s
H 2327  2385                    847539.96389    0.00000   100%   8.6   74s
  2419  2645 50925.9140 1088  293 847539.964    0.00000   100%   8.7   79s
H 2560  2645                    837787.53875    0.00000   100%   8.3   79s
  2679  2902 56314.3577 1200  293 837787.539    0.00000   100%   8.3   84s
H 2822  2902                    835436.07389    0.00000   100%   7.9   84s
  2936  3132 59460.1689 1287  293 835436.074    0.00000   100%   8.0   88s
H 3065  3132                    835242.44933    0.00000   100%   7.7   88s
  3166  3358 64257.2840 1409  293 835242.449    0.00000   100%   7.7   92s
H 3287  3358                    834487.54086    0.00000   100%   7.6   92s
H 3392  3585                    831309.70902    0.00000   100%   7.6   96s
H 3515  3585                    827787.22878    0.00000   100%   7.4   96s
  3620  3586 43014.9097  912  155 827787.229    0.00000   100%   7.4  101s
  3623  3588 39040.8800 1482  180 827787.229    0.00000   100%   7.4  114s
  3625  3589 63732.2840 1383  112 827787.229    0.00000   100%   7.4  117s
  3629  3592 55404.7818 1175   83 827787.229    0.00000   100%   7.4  120s
  3634  3595 40941.4425  752   80 827787.229    0.00000   100%   7.4  126s
  3644  3605    0.00000   14  370 827787.229    0.00000   100%   8.5  130s
  3662  3620    0.00000   19  364 827787.229    0.00000   100%   8.4  135s
  3684  3661    0.00000   23  360 827787.229    0.00000   100%   8.4  147s
  3715  3676    0.00000   31  352 827787.229    0.00000   100%   8.3  163s
  3741  3806    0.00000   35  348 827787.229    0.00000   100%   8.3  192s
  3879  3883    0.00000   68  315 827787.229    0.00000   100%   8.0  212s
  4016  3926    0.00000  101  293 827787.229    0.00000   100%   8.4  235s
  4134  3932    0.00000  127  291 827787.229    0.00000   100%   8.5  256s
  4210  4050    0.00000  153  292 827787.229    0.00000   100%   8.5  282s
  4384  4124    0.00000  197  289 827787.229    0.00000   100%   8.4  305s
  4538  4175 infeasible  237      827787.229    0.00000   100%   8.4  329s
  4685  4243    0.00000  276  270 827787.229    0.00000   100%   8.4  347s
  4826  4332    0.00000  312  265 827787.229    0.00000   100%   8.3  370s
  4979  4419    0.00000  350  266 827787.229    0.00000   100%   8.1  402s
  5137  4508    0.00000  386  258 827787.229    0.00000   100%   8.0  434s
  5294  4588    0.00000  421  262 827787.229    0.00000   100%   7.8  464s
  5443  4676    0.00000  461  271 827787.229    0.00000   100%   7.8  498s
  5603  4777    0.00000  503  266 827787.229    0.00000   100%   7.7  523s
  5770  4966    0.00000  544  272 827787.229    0.00000   100%   7.5  558s
H 5921  4735                    824437.40531    0.00000   100%   7.5  558s
H 6020  5468                    775339.73099    0.00000   100%   7.5  569s
  6978  7132 60059.7712  864  296 775339.731    0.00000   100%   8.4  589s
H 7979  6636                    775339.52407    0.00000   100%   7.7  589s
H 7989  6479                    718233.81338    0.00000   100%   7.7  589s
H 8086  6299                    711736.33244    0.00000   100%   7.7  589s
H 8183  6128                    710573.79120    0.00000   100%   7.7  589s
H 8377  5930                    710336.91655    0.00000   100%   7.6  589s
H 8571  5740                    710300.53544    0.00000   100%   7.6  589s
H 8668  5588                    710250.94357    0.00000   100%   7.5  589s
H 8765  5443                    709622.09653    0.00000   100%   7.5  589s
H 8959  5270                    709555.13546    0.00000   100%   7.4  589s
  8980  6477 144756.939 1365  260 709555.135    0.00000   100%   7.4  602s
H 9599  6216                    677381.85306    0.00000   100%   7.2  602s
 10212  7024 164831.472 1683  260 677381.853    0.00000   100%   7.1  612s
H10708  7024                    675391.00052    0.00000   100%   7.1  612s
 11074  7883 174837.718 1957  260 675391.001    0.00000   100%   7.0  620s
H11515  7883                    674698.07247    0.00000   100%   6.9  620s
H11963  8209                    671238.46140    0.00000   100%   6.8  628s
H11970  8209                    659463.18985    0.00000   100%   6.8  628s
 12289  8836 196034.466 2354  260 659463.190    0.00000   100%   6.8  634s
H12315  8836                    563589.56094    0.00000   100%   6.8  634s
H12919  9495                    514980.75178    0.00000   100%   6.7  642s
H13578 10081                    512923.05527    0.00000   100%   6.6  649s
H14165 10667                    506542.45023    0.00000   100%   6.6  655s
H14751 11074                    410658.72783    0.00000   100%   6.5  669s
 15159 11720 222826.180 3222  264 410658.728    0.00000   100%   6.5  676s
H15185 11720                    398349.02052    0.00000   100%   6.5  676s
H15805 12382                    389166.63161    0.00000   100%   6.4  683s
H16467 12986                    387104.04355    0.00000   100%   6.5  690s
H17071 13555                    387092.64960    0.00000   100%   6.5  696s
H17071 13555                    386099.28254    0.00000   100%   6.5  696s
 17641 14095 256086.934 3832  260 386099.283    0.00000   100%   6.4  702s
H18181 14614                    386099.27105    0.00000   100%   6.4  707s
H18700 15137                    381001.50532    0.00000   100%   6.4  712s
H19226 15560                    372944.03244    0.00000   100%   6.4  718s
H19650 16005                    367815.07402    0.00000   100%   6.3  723s
H20096 16377                    364842.47190    0.00000   100%   6.3  736s
H20468 16849                    364669.40452    0.00000   100%   6.3  742s
H20940 17368                    364134.77316    0.00000   100%   6.2  748s
 21459 17923 283787.957 4888  260 364134.773    0.00000   100%   6.2  753s
H21769 17923                    362654.55929    0.00000   100%   6.1  753s
H22014 18363                    362654.54064    0.00000   100%   6.1  758s
 22454 18830 287881.254 5176  259 362654.541    0.00000   100%   6.1  763s
 22921 19183 289451.126 5295  259 362654.541    0.00000   100%   6.1  768s
H23274 19639                    353190.20869    0.00000   100%   6.0  772s
H23730 19914                    344815.24050    0.00000   100%   6.0  776s
 24067 20126    0.00000  118  295 344815.240    0.00000   100%   6.1  780s
 24324 20251 infeasible  149      344815.240    0.00000   100%   6.2  786s
 24451 20439    0.00000  150  276 344815.240    0.00000   100%   6.2  792s
H24452 20439                    344643.61929    0.00000   100%   6.2  792s
 24639 20827    0.00000  150  276 344643.619    0.00000   100%   6.2  797s
 25060 21250    0.00000  258  267 344643.619    0.00000   100%   6.2  801s
 25504 21312    0.00000  360  264 344643.619    0.00000   100%   6.2  810s
 25574 21639 infeasible  378      344643.619    0.00000   100%   6.2  815s
 26478 22519    0.00000  617  239 344643.619    0.00000   100%   6.3  824s
 26900 22909    0.00000  702  236 344643.619    0.00000   100%   6.3  828s
 27290 23395    0.00000  807  234 344643.619    0.00000   100%   6.3  832s
H27776 23905                    344607.33176    0.00000   100%   6.2  836s
 28286 24278    0.00000 1088  235 344607.332    0.00000   100%   6.2  840s
 28960 24825    0.00000 1206  267 344607.332    0.00000   100%   6.3  847s
 29209 25124    0.00000 1285  277 344607.332    0.00000   100%   6.3  851s
 29765 25741 15497.8552 1384  278 344607.332    0.00000   100%   6.3  859s
 30144 25942 68100.9762 1481  267 344607.332    0.00000   100%   6.3  862s
 30347 26345 79227.2551 1539  265 344607.332    0.00000   100%   6.3  867s
 30750 26347 68277.2049 1673  265 344607.332    0.00000   100%   6.3  878s
 30752 26622 80420.1724 1673  264 344607.332    0.00000   100%   6.3  882s
 31033 27071 81099.1441 1749  264 344607.332    0.00000   100%   6.3  887s
 31482 27488 76414.5941 1900  263 344607.332    0.00000   100%   6.2  892s
 31899 27889 77069.1181 2032  264 344607.332    0.00000   100%   6.2  896s
 32715 28519 infeasible 2276      344607.332    0.00000   100%   6.1  902s
 33118 28770 82874.1621 2406  256 344607.332    0.00000   100%   6.0  905s
 33848 29263 89184.3708 2629  256 344607.332    0.00000   100%   6.0  911s
 34229 29618 84871.6947 2722  256 344607.332    0.00000   100%   6.0  915s
 35109 30107 infeasible 2954      344607.332    0.00000   100%   6.0  922s
 35468 30344 87034.3802 3066  256 344607.332    0.00000   100%   6.1  925s
 35805 30372 91400.2057 3156  258 344607.332    0.00000   100%   6.1  959s
 35841 30602 infeasible 3165      344607.332    0.00000   100%   6.1  963s
 36149 30839 91801.6129 3242  257 344607.332    0.00000   100%   6.1  968s
 36466 31120 88851.5369 3327  255 344607.332    0.00000   100%   6.0  971s
 36845 31423 89429.4880 3425  255 344607.332    0.00000   100%   6.1  975s
 37654 31890 98238.3490 3668  254 344607.332    0.00000   100%   6.2  982s
 37919 32213 infeasible 3749      344607.332    0.00000   100%   6.2  986s
 38377 32518 infeasible 3871      344607.332    0.00000   100%   6.2  990s
 39215 33113 99093.6766 4113  251 344607.332    0.00000   100%   6.1  997s
 39591 33484 infeasible 4191      344607.332    0.00000   100%   6.0 1000s
 40321 33949 106861.078 4374  250 344607.332    0.00000   100%   6.0 1006s
 40704 34000 108224.458 4467  254 344607.332    0.00000   100%   6.0 1011s
 40910 34347 infeasible 4508      344607.332    0.00000   100%   6.0 1018s
 41250 34622 113566.136 4605  249 344607.332    0.00000   100%   6.0 1021s
 42088 35142 115939.675 4840  247 344607.332    0.00000   100%   5.9 1028s
 42539 35389 116729.586 4973  247 344607.332    0.00000   100%   5.9 1031s
 43346 35836 124132.087 5195  258 344607.332    0.00000   100%   5.8 1037s
 43580 35985 148693.837 5243  271 344607.332    0.00000   100%   5.9 1040s
 44099 36340 131053.959 5365  264 344607.332    0.00000   100%   6.0 1046s
 44661 36966 151611.655 5500  264 344607.332    0.00000   100%   6.1 1053s
 44989 37195 159449.467 5564  272 344607.332    0.00000   100%   6.1 1055s
 45540 37848 148127.949 5670  272 344607.332    0.00000   100%   6.1 1061s
 46163 38369 153238.747 5820  272 344607.332    0.00000   100%   6.1 1066s
 46634 38746 158938.161 5955  273 344607.332    0.00000   100%   6.1 1071s
 47024 39180 163181.470 6101  273 344607.332    0.00000   100%   6.2 1075s
 47423 39567 191991.733 6259  273 344607.332    0.00000   100%   6.3 1080s
 47820 39984 194363.645 6404  273 344607.332    0.00000   100%   6.3 1085s
 48254 40520 194396.041 6564  273 344607.332    0.00000   100%   6.4 1091s
 48556 40815 194390.129 6648  273 344607.332    0.00000   100%   6.4 1095s
 49145 41360 198687.957 6819  273 344607.332    0.00000   100%   6.4 1100s
 49799 42109 186881.650 7007  274 344607.332    0.00000   100%   6.3 1107s
 50147 42513 189015.198 7091  274 344607.332    0.00000   100%   6.3 1110s
 50889 43143 194106.613 7279  274 344607.332    0.00000   100%   6.2 1116s
 51181 43181 208866.161 7352  273 344607.332    0.00000   100%   6.2 1129s
 51219 43373 195945.060 7362  274 344607.332    0.00000   100%   6.2 1133s
 51411 43628 201368.512 7408  273 344607.332    0.00000   100%   6.2 1136s
 51666 43832 201900.619 7465  273 344607.332    0.00000   100%   6.2 1140s
 52086 44330 203814.873 7570  273 344607.332    0.00000   100%   6.1 1146s
 52368 44621 206079.305 7652  273 344607.332    0.00000   100%   6.1 1150s
 52889 45259 209356.505 7806  273 344607.332    0.00000   100%   6.1 1156s
 53665 45976 223382.625 8012  273 344607.332    0.00000   100%   6.0 1163s
 54014 46274 215283.392 8101  271 344607.332    0.00000   100%   6.0 1166s
H54161 46274                    330662.94703    0.00000   100%   6.0 1166s
 54692 46914 226289.523 8273  272 330662.947    0.00000   100%   5.9 1172s
 54952 47285 220172.568 8346  271 330662.947    0.00000   100%   5.9 1175s
 55623 47843 276502.920 8515  276 330662.947    0.00000   100%   5.9 1181s
 56129 48355 240732.260 8656  276 330662.947    0.00000   100%   5.8 1188s
 56393 48568 276301.176 8735  276 330662.947    0.00000   100%   5.8 1191s
 56606 48866 246663.354 8802  276 330662.947    0.00000   100%   5.8 1195s
 57124 49384 276030.721 8955  276 330662.947    0.00000   100%   5.8 1202s
 57422 49667 281000.953 9001  278 330662.947    0.00000   100%   5.7 1206s
 57934 50117 272083.466 8999  276 330662.947    0.00000   100%   5.7 1211s
 58229 50349 282866.284 8999  277 330662.947    0.00000   100%   5.7 1215s
 58722 50850 infeasible 9001      330662.947    0.00000   100%   5.7 1223s
 59074 51166 286716.502 9001  279 330662.947    0.00000   100%   5.6 1226s
 59426 51420 290101.498 9001  278 330662.947    0.00000   100%   5.6 1230s
 59999 52043 272028.978 8999  276 330662.947    0.00000   100%   5.6 1236s
 60857 52747    0.00000  427  234 330662.947    0.00000   100%   5.6 1243s
H61081 52747                    330662.84329    0.00000   100%   5.6 1243s
 61278 53076    0.00000  537  230 330662.843    0.00000   100%   5.6 1246s
H61836 53418                    330662.81887    0.00000   100%   5.6 1248s
 62027 53502    0.00000  728  227 330662.819    0.00000   100%   5.5 1262s
 62116 53663    0.00000  746  224 330662.819    0.00000   100%   5.5 1265s
H62289 53939                    330662.76256    0.00000   100%   5.6 1268s
 62568 54216    0.00000  845  256 330662.763    0.00000   100%   5.5 1271s
 63102 54705    0.00000  935  245 330662.763    0.00000   100%   5.6 1277s
 63334 54921    0.00000  962  258 330662.763    0.00000   100%   5.6 1280s
 63722 55331    0.00000  988  255 330662.763    0.00000   100%   5.6 1286s
H63834 55331                    330662.62559    0.00000   100%   5.7 1286s
 64391 55862 16857.0992 1244  237 330662.626    0.00000   100%   5.7 1292s
 64821 56381 39315.2123 1382  256 330662.626    0.00000   100%   5.8 1297s
 65091 56538 46605.4419 1467  259 330662.626    0.00000   100%   5.9 1300s
 65530 57079 51088.9828 1609  260 330662.626    0.00000   100%   6.0 1306s
 66047 57554 69408.5908 1774  258 330662.626    0.00000   100%   6.1 1311s
 66529 58297 126051.783 1921  251 330662.626    0.00000   100%   6.2 1317s
 67008 58682 150431.675 2078  246 330662.626    0.00000   100%   6.2 1321s
 67715 59275 243543.364 2279  244 330662.626    0.00000   100%   6.2 1327s
 67998 59564 253286.079 2346  243 330662.626    0.00000   100%   6.2 1331s
 68574 60002     cutoff 2486      330662.626    0.00000   100%   6.2 1338s
 68839 60126 293340.394 2539  245 330662.626    0.00000   100%   6.2 1341s
 69345 60791    0.00000  233  269 330662.626    0.00000   100%   6.2 1349s
 69790 61150    0.00000  382  275 330662.626    0.00000   100%   6.2 1353s
 70187 61268    0.00000  520  273 330662.626    0.00000   100%   6.2 1356s
 70744 61741    0.00000  723  250 330662.626    0.00000   100%   6.3 1360s
 71280 62314    0.00000  880  250 330662.626    0.00000   100%   6.4 1367s
 71665 62569    0.00000  953  265 330662.626    0.00000   100%   6.4 1370s
 72390 63317 1943.14202 1052  268 330662.626    0.00000   100%   6.4 1377s
 72754 63637 19735.6191 1135  268 330662.626    0.00000   100%   6.4 1380s
 73597 64112 8481.18115 1320  268 330662.626    0.00000   100%   6.3 1391s
 73875 64754 10041.8852 1383  268 330662.626    0.00000   100%   6.3 1398s
 74274 65095 12620.9583 1488  268 330662.626    0.00000   100%   6.3 1401s
 74916 65718 29725.1935 1693  268 330662.626    0.00000   100%   6.3 1407s
 75252 65997 59879.6332 1776  268 330662.626    0.00000   100%   6.3 1410s
 75810 66556 23222.0999 1929  268 330662.626    0.00000   100%   6.3 1416s
 76090 66933 25142.8549 2009  268 330662.626    0.00000   100%   6.3 1420s
 76777 67289 44666.2372 2207  272 330662.626    0.00000   100%   6.3 1425s
 77057 67863 30691.9896 2280  268 330662.626    0.00000   100%   6.2 1430s
 77654 68393 45310.5875 2455  272 330662.626    0.00000   100%   6.2 1435s
 78294 69204 36503.1126 2637  270 330662.626    0.00000   100%   6.2 1443s
 78738 69501 38332.0732 2752  268 330662.626    0.00000   100%   6.2 1446s
 79456 70209 50452.6142 2946  270 330662.626    0.00000   100%   6.1 1452s
 79743 70627 43208.1448 3017  270 330662.626    0.00000   100%   6.1 1455s
 80470 71347 47283.2092 3198  270 330662.626    0.00000   100%   6.1 1461s
 81265 71834 75531.6725 3405  291 330662.626    0.00000   100%   6.1 1466s
 81368 71998 58778.5959 3446  270 330662.626    0.00000   100%   6.1 1477s
 81532 72178 71805.5832 3527  283 330662.626    0.00000   100%   6.1 1480s
 82040 72797 71831.9192 3693  284 330662.626    0.00000   100%   6.0 1487s
 82331 73139 60252.9621 3788  269 330662.626    0.00000   100%   6.0 1491s
 82673 73482 72464.8910 3899  287 330662.626    0.00000   100%   6.0 1495s
 83288 74060 72530.1560 4099  287 330662.626    0.00000   100%   6.0 1500s
 83929 74719 71573.1401 4316  281 330662.626    0.00000   100%   6.0 1507s
 84420 75180 74067.7853 4460  288 330662.626    0.00000   100%   6.0 1513s
 84714 75438 77876.1327 4552  293 330662.626    0.00000   100%   6.0 1515s
 85310 76118 77082.3873 4722  289 330662.626    0.00000   100%   6.0 1520s
 85817 76623 77941.6261 4858  290 330662.626    0.00000   100%   6.0 1526s
 86532 77140 79132.2880 5044  292 330662.626    0.00000   100%   6.0 1541s
 86833 77646 79589.0293 5113  292 330662.626    0.00000   100%   6.0 1547s
 87180 77994 91955.9657 5213  297 330662.626    0.00000   100%   5.9 1550s
 87840 78541 92024.0437 5409  297 330662.626    0.00000   100%   5.9 1556s
 88320 79113 82581.3360 5547  293 330662.626    0.00000   100%   5.9 1562s
 88647 79417 83248.5224 5652  294 330662.626    0.00000   100%   5.9 1565s
 89335 80094 92192.3092 5835  297 330662.626    0.00000   100%   5.9 1570s
 89945 80823 92192.3092 6009  297 330662.626    0.00000   100%   5.9 1576s
 90739 81529 92425.4245 6224  296 330662.626    0.00000   100%   5.8 1582s
 91063 81912 92425.9465 6326  296 330662.626    0.00000   100%   5.8 1585s
 91667 82554 91409.2305 6501  297 330662.626    0.00000   100%   5.8 1592s
 92088 82934 92497.4495 6635  295 330662.626    0.00000   100%   5.8 1596s
 92468 83296 94703.5935 6742  296 330662.626    0.00000   100%   5.8 1600s
 93147 83886 113489.631 6911  301 330662.626    0.00000   100%   5.8 1606s
 93749 84526 105386.584 7051  291 330662.626    0.00000   100%   5.7 1611s
 94060 84757 108638.129 7124  295 330662.626    0.00000   100%   5.7 1625s
 94739 85547 140095.155 7271  304 330662.626    0.00000   100%   5.7 1632s
 95081 85806 117958.511 7347  295 330662.626    0.00000   100%   5.7 1635s
 96015 86769 127791.773 7582  295 330662.626    0.00000   100%   5.7 1642s
 96303 87106 131969.452 7673  296 330662.626    0.00000   100%   5.7 1645s
 96982 87719 143930.724 7842  295 330662.626    0.00000   100%   5.7 1650s
 97615 88397 148659.318 8011  291 330662.626    0.00000   100%   5.7 1655s
 98208 88911 164591.655 8169  286 330662.626    0.00000   100%   5.7 1662s
 98774 89549 178135.964 8322  278 330662.626    0.00000   100%   5.6 1668s
 99083 89839 159265.485 8408  282 330662.626    0.00000   100%   5.6 1671s
 99552 90314 162503.675 8548  279 330662.626    0.00000   100%   5.6 1677s
 99848 90648 165558.359 8638  278 330662.626    0.00000   100%   5.6 1681s
 100429 91215 168559.361 8803  275 330662.626    0.00000   100%   5.6 1688s
 100749 91560 170466.166 8909  275 330662.626    0.00000   100%   5.6 1692s
 101094 91731 177469.082 9001  273 330662.626    0.00000   100%   5.6 1695s
 101607 92377 222885.450 9001  269 330662.626    0.00000   100%   5.6 1702s
 101911 92736 177805.820 8999  274 330662.626    0.00000   100%   5.6 1705s
 102477 93302 223468.869 8999  270 330662.626    0.00000   100%   5.5 1712s
 102861 93659 209395.540 9000  270 330662.626    0.00000   100%   5.5 1715s
 103496 94229 210837.719 9000  271 330662.626    0.00000   100%   5.5 1733s
 103794 94432 210713.662 9000  271 330662.626    0.00000   100%   5.6 1736s
 104254 95077 225327.248 9001  270 330662.626    0.00000   100%   5.6 1743s
 104645 95241 185839.416 8999  273 330662.626    0.00000   100%   5.6 1745s
 105246 95849    0.00000  443  253 330662.626    0.00000   100%   5.6 1752s
 105483 96201    0.00000  504  221 330662.626    0.00000   100%   5.6 1756s
 105869 96492    0.00000  605  215 330662.626    0.00000   100%   5.6 1760s
 106541 96988    0.00000  922  177 330662.626    0.00000   100%   5.6 1765s
 107244 97551    0.00000 1185  172 330662.626    0.00000   100%   5.6 1771s
H107577 96801                    313540.67596    0.00000   100%   5.6 1774s
 107918 97078    0.00000 1400  180 313540.676    0.00000   100%   5.6 1776s
H108450 96609                    304333.34475    0.00000   100%   5.7 1779s
 108598 97094 16221.4306 1651  185 304333.345    0.00000   100%   5.7 1783s
 109083 97539 19788.7286 1984  185 304333.345    0.00000   100%   5.7 1786s
 109943 98241 25021.2725 2484  183 304333.345    0.00000   100%   5.6 1792s
 110244 98637 27018.8624 2674  183 304333.345    0.00000   100%   5.6 1795s
 111010 99313 32079.6961 3168  183 304333.345    0.00000   100%   5.6 1801s
 111364 99882 34559.8452 3411  183 304333.345    0.00000   100%   5.6 1805s
H111942 100279                    304174.34964    0.00000   100%   5.6 1808s
 112335 100688 38803.8956 3933  180 304174.350    0.00000   100%   5.6 1812s
 112744 100993 41400.2607 4128  180 304174.350    0.00000   100%   5.6 1815s
 113465 101750 46509.7227 4473  180 304174.350    0.00000   100%   5.6 1821s
H113494 101750                    304152.27173    0.00000   100%   5.6 1821s
 114170 102396 57421.8710 4834  182 304152.272    0.00000   100%   5.5 1826s
 114785 103061 85008.2381 5062  192 304152.272    0.00000   100%   5.5 1832s
 115117 103365 85612.1617 5166  192 304152.272    0.00000   100%   5.5 1835s
H115143 103328                    303467.32540    0.00000   100%   5.5 1835s
 115421 103330 101024.562 5233  184 303467.325    0.00000   100%   5.5 1849s
 115423 103515 101024.562 5234  183 303467.325    0.00000   100%   5.5 1852s
 115608 103678 101977.847 5266  182 303467.325    0.00000   100%   5.5 1855s
 116276 104605 120327.894 5581  172 303467.325    0.00000   100%   5.5 1860s
 117151 105543 126184.035 6016  181 303467.325    0.00000   100%   5.5 1866s
H117646 105744                    299589.95964    0.00000   100%   5.5 1868s
 118002 106038 127134.457 6166  176 299589.960    0.00000   100%   5.5 1871s
 118744 106838 136616.224 6319  184 299589.960    0.00000   100%   5.5 1876s
 119477 107663 140693.257 6463  177 299589.960    0.00000   100%   5.5 1881s
H119924 107941                    299589.94389    0.00000   100%   5.4 1884s
 120199 108373 150301.580 6581  179 299589.944    0.00000   100%   5.4 1887s
 121005 109000 169061.077 6751  179 299589.944    0.00000   100%   5.4 1892s
H121060 108992                    299525.68806    0.00000   100%   5.4 1892s
 121472 109365 167889.889 6772  180 299525.688    0.00000   100%   5.4 1897s
 121931 109992 196139.415 6820  188 299525.688    0.00000   100%   5.4 1902s
 122525 110538 199692.216 6942  187 299525.688    0.00000   100%   5.4 1907s
 123052 111120 190969.292 7082  185 299525.688    0.00000   100%   5.4 1912s
 123386 111431 192963.077 7177  185 299525.688    0.00000   100%   5.4 1915s
 124032 111948 202067.136 7369  190 299525.688    0.00000   100%   5.4 1920s
 124546 112624 193844.205 7528  185 299525.688    0.00000   100%   5.4 1926s
 125178 113105 194645.030 7717  188 299525.688    0.00000   100%   5.4 1932s
 125371 113355 194927.068 7786  188 299525.688    0.00000   100%   5.4 1935s
H125425 113070                    297940.22855    0.00000   100%   5.4 1935s
 125912 113668 195762.097 7984  188 297940.229    0.00000   100%   5.4 1941s
 126486 114109 196523.644 8169  188 297940.229    0.00000   100%   5.3 1946s
 126919 114584 197200.394 8331  188 297940.229    0.00000   100%   5.3 1951s
 127416 115094 198016.867 8531  189 297940.229    0.00000   100%   5.3 1956s
 127911 115649 198825.744 8732  190 297940.229    0.00000   100%   5.3 1962s
 128210 115961 199282.155 8840  189 297940.229    0.00000   100%   5.3 1965s
H128619 115778                    294831.85666    0.00000   100%   5.3 1967s
 128752 116018 207956.534 9000  189 294831.857    0.00000   100%   5.3 1970s
H128901 116018                    294831.84236    0.00000   100%   5.3 1970s
 129313 116605 207008.470 9001  192 294831.842    0.00000   100%   5.3 1976s
 129866 117095 207462.586 9001  191 294831.842    0.00000   100%   5.3 1981s
H129975 117086                    294769.24749    0.00000   100%   5.3 1981s
 130401 117754 215537.284 9001  192 294769.247    0.00000   100%   5.3 1987s
 130759 118012 208324.573 9001  189 294769.247    0.00000   100%   5.3 1990s
 131019 118210 208252.066 8999  189 294769.247    0.00000   100%   5.3 2002s
 131384 118552 215256.918 8999  194 294769.247    0.00000   100%   5.3 2006s
 131992 119256    0.00000  488  278 294769.247    0.00000   100%   5.3 2011s
 132742 119808    0.00000  676  244 294769.247    0.00000   100%   5.3 2017s
 133077 120091    0.00000  761  244 294769.247    0.00000   100%   5.3 2020s
 133576 120596 9332.91774  872  285 294769.247    0.00000   100%   5.3 2025s
 134238 121105 infeasible 1028      294769.247    0.00000   100%   5.3 2031s
 134763 121639 77031.6092 1098  234 294769.247    0.00000   100%   5.3 2037s
 135071 121922 84889.6570 1189  234 294769.247    0.00000   100%   5.4 2041s
 135357 122183 89135.9507 1423  234 294769.247    0.00000   100%   5.4 2045s
 135874 122688 96620.1972 1844  235 294769.247    0.00000   100%   5.4 2051s
 136368 123193 120111.734 2124  234 294769.247    0.00000   100%   5.4 2057s
 136919 123701 138312.320 2284  233 294769.247    0.00000   100%   5.4 2062s
 137389 124070 141318.497 2395  232 294769.247    0.00000   100%   5.4 2067s
 137541 124425 142547.117 2441  232 294769.247    0.00000   100%   5.4 2070s
 137916 124427 146646.997 2595  232 294769.247    0.00000   100%   5.4 2080s
 138146 124896 149550.312 2706  233 294769.247    0.00000   100%   5.4 2086s
 138723 125318 165862.179 3058  245 294769.247    0.00000   100%   5.4 2092s
 138874 125667 199211.299 3103  231 294769.247    0.00000   100%   5.4 2095s
 139547 126225 247137.015 3255  236 294769.247    0.00000   100%   5.4 2102s
 139909 126452     cutoff 3286      294769.247    0.00000   100%   5.4 2105s
 140463 127086 31010.1194  652  285 294769.247    0.00000   100%   5.4 2111s
 141034 127403 271933.848  881  250 294769.247    0.00000   100%   5.5 2116s
 141552 127844     cutoff 1204      294769.247    0.00000   100%   5.5 2120s
 142147 128539    0.00000  387  224 294769.247    0.00000   100%   5.5 2127s
 142443 128797    0.00000  460  211 294769.247    0.00000   100%   5.5 2130s
H142765 128323                    290601.50402    0.00000   100%   5.5 2132s
 142772 128626    0.00000  546  218 290601.504    0.00000   100%   5.5 2135s
 143379 129200    0.00000  697  194 290601.504    0.00000   100%   5.5 2141s
 143981 129664    0.00000  852  180 290601.504    0.00000   100%   5.5 2146s
H144049 128864                    287863.03100    0.00000   100%   5.5 2146s
 144219 128890    0.00000  902  166 287863.031    0.00000   100%   5.5 2160s
 144418 129214    0.00000  952  167 287863.031    0.00000   100%   5.5 2166s
H144437 87295                    193488.27330    0.00000   100%   5.5 2166s
H144631 85308                    191481.88369    0.00000   100%   5.5 2169s
 144772 85514    0.00000 1016  169 191481.884    0.00000   100%   5.5 2172s
 144998 85861 25632.7059 1078  176 191481.884    0.00000   100%   5.5 2175s
 145690 86436 7875.85429 1274  168 191481.884    0.00000   100%   5.5 2181s
H145698 85760                    188894.77356    0.00000   100%   5.5 2181s
 146300 86477 3670.55911 1424  168 188894.774    0.00000   100%   5.5 2186s
H146668 86029                    184812.90036    0.00000   100%   5.5 2189s
 146882 86390 10120.8433 1588  168 184812.900    0.00000   100%   5.5 2192s
 147243 86681 5772.44033 1683  168 184812.900    0.00000   100%   5.5 2195s
 147722 87118 12107.5936 1846  168 184812.900    0.00000   100%   5.5 2201s
 148253 87634 21628.8092 2029  178 184812.900    0.00000   100%   5.6 2207s
 148487 87864 10374.1586 2110  168 184812.900    0.00000   100%   5.6 2210s
 149007 88379 16705.7610 2282  168 184812.900    0.00000   100%   5.6 2216s
 149522 88794 22783.8582 2448  179 184812.900    0.00000   100%   5.6 2221s
 149703 89074 22783.8582 2510  179 184812.900    0.00000   100%   5.6 2225s
 150270 89611 15395.1761 2694  168 184812.900    0.00000   100%   5.6 2231s
 150778 90137 15960.3771 2862  168 184812.900    0.00000   100%   5.6 2236s
H151130 90380                    184810.04985    0.00000   100%   5.6 2239s
 151289 90499 16525.9147 3028  168 184810.050    0.00000   100%   5.6 2257s
 151408 90694 22291.6044 3087  178 184810.050    0.00000   100%   5.6 2260s
 151816 91178 22783.8582 3222  179 184810.050    0.00000   100%   5.6 2265s
 152392 91600 25446.3533 3422  166 184810.050    0.00000   100%   5.6 2272s
H152488 91472                    184143.86299    0.00000   100%   5.6 2272s
 152607 91719 20819.1083 3494  167 184143.863    0.00000   100%   5.6 2276s
H152973 91830                    183878.14432    0.00000   100%   5.6 2279s
H153070 91817                    183838.54514    0.00000   100%   5.6 2279s
 153172 92098 44836.9636 3697  166 183838.545    0.00000   100%   5.6 2283s
 153537 92355 25879.8477 3824  166 183838.545    0.00000   100%   5.6 2287s
 153866 92634 25997.0907 3932  166 183838.545    0.00000   100%   5.6 2290s
 154504 93256 22277.2754 4157  169 183838.545    0.00000   100%   5.6 2296s
 155156 93961 23076.1604 4389  169 183838.545    0.00000   100%   5.6 2302s
 155566 94235 27306.5946 4521  167 183838.545    0.00000   100%   5.6 2305s
 156240 94915 26888.7405 4752  168 183838.545    0.00000   100%   5.5 2312s
 156520 95370 27306.5946 4857  167 183838.545    0.00000   100%   5.5 2316s
 157310 96125 27292.9326 5101  167 183838.545    0.00000   100%   5.5 2322s
 157795 96740 25968.6347 5234  167 183838.545    0.00000   100%   5.5 2327s
 158410 97195 26432.4242 5371  169 183838.545    0.00000   100%   5.5 2332s
 158865 97563 42786.9329 5455  168 183838.545    0.00000   100%   5.5 2336s
 159265 97959 28598.2716 5535  168 183838.545    0.00000   100%   5.5 2340s
 160386 98598 38102.5707 5728  171 183838.545    0.00000   100%   5.5 2347s
 161195 99119 30403.2280 5889  171 183838.545    0.00000   100%   5.4 2357s
 161348 99404 30673.4905 5965  171 183838.545    0.00000   100%   5.4 2360s
 162116 100360 38308.5966 6123  168 183838.545    0.00000   100%   5.4 2366s
 162977 101149 38102.5707 6284  171 183838.545    0.00000   100%   5.4 2372s
 163378 101607 38102.5707 6368  171 183838.545    0.00000   100%   5.4 2376s
 164060 102107 32547.7187 6510  169 183838.545    0.00000   100%   5.4 2381s
 164336 102492 37903.0513 6573  168 183838.545    0.00000   100%   5.4 2385s
 165130 103251 33468.8702 6750  169 183838.545    0.00000   100%   5.4 2391s
 165844 103742 38181.6921 6913  168 183838.545    0.00000   100%   5.3 2396s
 166388 104349 38323.1764 7005  168 183838.545    0.00000   100%   5.3 2409s
 166578 104637 34852.6538 7085  171 183838.545    0.00000   100%   5.3 2412s
 167446 105663 35912.8005 7232  171 183838.545    0.00000   100%   5.3 2417s
 167892 106194 36510.4888 7311  171 183838.545    0.00000   100%   5.3 2420s
 168880 107061 37699.8910 7470  169 183838.545    0.00000   100%   5.3 2425s
 169724 107846 44403.5892 7628  170 183838.545    0.00000   100%   5.2 2430s
 170587 108765 49382.1857 7765  168 183838.545    0.00000   100%   5.2 2435s
 171423 109343 40929.1842 7912  171 183838.545    0.00000   100%   5.2 2440s
 171947 109971 49819.8552 8041  168 183838.545    0.00000   100%   5.2 2445s
 172513 110447 44641.2876 8187  168 183838.545    0.00000   100%   5.2 2450s
 172944 110873 45381.2323 8319  168 183838.545    0.00000   100%   5.2 2455s
 173237 111087 44441.4519 8399  171 183838.545    0.00000   100%   5.2 2467s
 173580 111516 50524.2674 8489  168 183838.545    0.00000   100%   5.2 2471s
 174178 112103 47207.8000 8647  168 183838.545    0.00000   100%   5.2 2475s
 174642 112536 47012.2613 8763  171 183838.545    0.00000   100%   5.2 2480s
 175323 113168 48928.9941 8954  169 183838.545    0.00000   100%   5.2 2485s
 176059 113868 50114.5939 9168  169 183838.545    0.00000   100%   5.2 2491s
 176455 114367 94629.1873 9213  170 183838.545    0.00000   100%   5.2 2495s
 177207 115027 106860.306 9212  170 183838.545    0.00000   100%   5.2 2501s
 177705 115539 108080.334 9213  171 183838.545    0.00000   100%   5.2 2506s
 178199 116016 91295.8646 9211  169 183838.545    0.00000   100%   5.2 2510s
 178995 116768 109149.203 9213  166 183838.545    0.00000   100%   5.2 2517s
 179295 116929 86659.3115 9213  167 183838.545    0.00000   100%   5.2 2533s
 179485 117110 98944.5021 9213  168 183838.545    0.00000   100%   5.2 2535s
 179995 117479    0.00000  245  262 183838.545    0.00000   100%   5.2 2540s
 180569 117958    0.00000  493  257 183838.545    0.00000   100%   5.2 2547s
 180830 118240    0.00000  422  269 183838.545    0.00000   100%   5.2 2550s
 181659 118759 125145.503  540  276 183838.545    0.00000   100%   5.2 2556s
 182186 119404    0.00000  381  298 183838.545    0.00000   100%   5.2 2562s
 182563 119499    0.00000  511  286 183838.545    0.00000   100%   5.2 2565s
 183104 120340    0.00000  706  253 183838.545    0.00000   100%   5.2 2572s
 183566 120808    0.00000  937  254 183838.545    0.00000   100%   5.2 2576s
 184452 121666    0.00000 1265  256 183838.545    0.00000   100%   5.2 2583s
 184909 122147    0.00000 1385  257 183838.545    0.00000   100%   5.2 2587s
 185390 122532    0.00000 1520  256 183838.545    0.00000   100%   5.1 2590s
 186108 123239    0.00000 1735  257 183838.545    0.00000   100%   5.1 2595s
 186917 124109    0.00000 1983  256 183838.545    0.00000   100%   5.1 2601s
 187669 124831    0.00000 2192  257 183838.545    0.00000   100%   5.1 2606s
 188327 125375    0.00000 2382  247 183838.545    0.00000   100%   5.1 2612s
 188664 125765    0.00000 2498  247 183838.545    0.00000   100%   5.1 2615s
 189427 126551    0.00000 2767  241 183838.545    0.00000   100%   5.1 2621s
H189930 31140                    10902.436533    0.00000   100%   5.0 2624s
 190090 31243 infeasible 3216      10902.4365    0.00000   100%   5.0 2626s
 190649 31477    0.00000 3436  220 10902.4365    0.00000   100%   5.1 2630s
H190771 31477                    10901.892606    0.00000   100%   5.1 2630s
H190900 30868                    5407.8131083    0.00000   100%   5.1 2633s
 191206 31157    0.00000 3578  224 5407.81311    0.00000   100%   5.1 2636s
H191676   122                       0.0000000    0.00000  0.00%   5.1 2637s

Cutting planes:
  RLT: 24

Explored 191994 nodes (972702 simplex iterations) in 2638.90 seconds (1257.10 work units)
Thread count was 2 (of 24 available processors)

Solution count 10: 0 5407.81 10901.9 ... 191482

Optimal solution found (tolerance 2.85e-08)
Best objective 0.000000000000e+00, best bound 0.000000000000e+00, gap 0.0000%
