
Gurobi 11.0.3 (linux64, Java) logging started dom 01 dez 2024 10:54:40 -03

Set parameter Username
Academic license - for non-commercial use only - expires 2025-10-10
Set parameter NonConvex to value 2
Set parameter TimeLimit to value 3600
Set parameter LogToConsole to value 0
Set parameter MIPGap to value 3.6214606217221094e-08
Set parameter Threads to value 2
Set parameter NodefileDir to value "/home/ps12398/experiment_epec/goalProgrammingMarcos/"
Set parameter NodefileStart to value 1
Gurobi Optimizer version 11.0.3 build v11.0.3rc0 (linux64)

CPU model: Intel(R) Xeon(R) CPU           X5650  @ 2.67GHz, instruction set [SSE2]
Thread count: 12 physical cores, 24 logical processors, using up to 2 threads

Optimize a model with 180845 rows, 121779 columns and 801152 nonzeros
Model fingerprint: 0xc0a93455
Model has 251 quadratic constraints
Variable types: 60768 continuous, 61011 integer (246 binary)
Coefficient statistics:
  Matrix range     [4e-03, 7e+06]
  QMatrix range    [4e-03, 1e+05]
  QLMatrix range   [1e+00, 1e+05]
  Objective range  [1e+00, 6e+07]
  Bounds range     [1e+00, 1e+08]
  RHS range        [1e+00, 1e+07]
  QRHS range       [1e-01, 1e-01]
Presolve removed 180128 rows and 120471 columns
Presolve time: 0.50s
Presolved: 1642 rows, 1599 columns, 81778 nonzeros
Presolved model has 2 SOS constraint(s)
Presolved model has 246 bilinear constraint(s)

Solving non-convex MIQCP

Variable types: 787 continuous, 812 integer (248 binary)
Found heuristic solution: objective 3421886.1999

Root relaxation: objective 0.000000e+00, 440 iterations, 0.10 seconds (0.06 work units)

    Nodes    |    Current Node    |     Objective Bounds      |     Work
 Expl Unexpl |  Obj  Depth IntInf | Incumbent    BestBd   Gap | It/Node Time

     0     0    0.00000    0  334 3421886.20    0.00000   100%     -    0s
     0     0    0.00000    0  360 3421886.20    0.00000   100%     -    1s
     0     0    0.00000    0  360 3421886.20    0.00000   100%     -    1s
     0     0    0.00000    0  360 3421886.20    0.00000   100%     -    2s
     0     0    0.00000    0  360 3421886.20    0.00000   100%     -    2s
     0     0    0.00000    0  359 3421886.20    0.00000   100%     -    3s
H    0     0                    1774888.4894    0.00000   100%     -    3s
     0     2    0.00000    0  359 1774888.49    0.00000   100%     -    4s
    18    39    0.00000    7  356 1774888.49    0.00000   100%   130    8s
   156   581    0.00000   47  342 1774888.49    0.00000   100%  24.4   11s
  1275  1392 372577.644  471  313 1774888.49    0.00000   100%  11.2   15s
H 2114  2198                    1772752.5200    0.00000   100%  11.7   19s
H 2153  2198                    1761151.1329    0.00000   100%  11.8   19s
  2197  2347 716619.314  808  284 1761151.13    0.00000   100%  11.9   20s
H 2745  2852                    1565157.4903    0.00000   100%  13.4   21s
H 2842  2852                    1508191.1484    0.00000   100%  13.6   21s
H 3205  3351                    1362910.4834    0.00000   100%  14.5   23s
H 3298  3351                    1297308.3263    0.00000   100%  14.9   23s
H 3520  3656                    1193427.4793    0.00000   100%  15.8   24s
  3656  3657 960617.918 1065   66 1193427.48    0.00000   100%  16.2   26s
  3659  3659 588636.684  681  108 1193427.48    0.00000   100%  16.1   32s
  3667  3664 216757.971  309  114 1193427.48    0.00000   100%  16.1   36s
  3683  3678    0.00000   18  362 1193427.48    0.00000   100%  17.9   40s
  3705  3716    0.00000   22  359 1193427.48    0.00000   100%  17.8   46s
  3730  3719    0.00000   28  358 1193427.48    0.00000   100%  17.9   60s
  3742  3786    0.00000   31  357 1193427.48    0.00000   100%  17.9   70s
  3813  3856    0.00000   49  346 1193427.48    0.00000   100%  17.9   87s
  3906  3944    0.00000   73  342 1193427.48    0.00000   100%  19.7  107s
  4025  4082    0.00000  106  332 1193427.48    0.00000   100%  22.7  133s
  4203  4195    0.00000  149  331 1193427.48    0.00000   100%  22.1  148s
  4375  4281 26082.9245  192  332 1193427.48    0.00000   100%  22.0  164s
  4519  4424 55860.8173  227  329 1193427.48    0.00000   100%  21.9  181s
  4710  4402 104337.543  271  328 1193427.48    0.00000   100%  21.6  194s
  4751  4555 96121.8262  283  324 1193427.48    0.00000   100%  21.8  217s
  4918  4683 131881.216  325  320 1193427.48    0.00000   100%  22.4  237s
  5102  4797 169063.868  365  319 1193427.48    0.00000   100%  22.5  255s
  5277  4918 206046.965  403  316 1193427.48    0.00000   100%  22.9  275s
  5456  5002 249735.885  446  316 1193427.48    0.00000   100%  23.1  294s
  5600  5148 296436.770  484  311 1193427.48    0.00000   100%  23.3  315s
  5794  5262 327973.544  529  309 1193427.48    0.00000   100%  23.9  334s
  5973  5393 370271.825  573  303 1193427.48    0.00000   100%  23.9  360s
  6163  5575 401922.573  614  304 1193427.48    0.00000   100%  23.7  389s
  6409  5708 449788.363  679  301 1193427.48    0.00000   100%  23.8  410s
  6624  5839 470106.692  729  295 1193427.48    0.00000   100%  24.3  440s
  6826  5966 510257.781  778  298 1193427.48    0.00000   100%  24.6  470s
H 6941  5744                    1077947.4718    0.00000   100%  24.5  470s
  7021  5998 545276.654  812  299 1077947.47    0.00000   100%  24.5  500s
  7302  6110 574762.610  886  292 1077947.47    0.00000   100%  25.2  527s
H 7507  6133                    1077836.5781    0.00000   100%  25.5  555s
  7773  6283 622168.748 1002  284 1077836.58    0.00000   100%  25.7  582s
  8011  6474 653656.707 1062  282 1077836.58    0.00000   100%  26.2  614s
  8282  6656 687358.865 1128  281 1077836.58    0.00000   100%  26.7  649s
  8554  6849 726449.857 1194  278 1077836.58    0.00000   100%  26.9  679s
  8838  7048 758769.916 1266  275 1077836.58    0.00000   100%  27.6  708s
  9131  7217 813181.809 1347  275 1077836.58    0.00000   100%  27.9  740s
  9398  7401 853288.861 1422  269 1077836.58    0.00000   100%  28.6  772s
  9671  7551 888359.524 1499  266 1077836.58    0.00000   100%  29.5  799s
  9912  7714 905716.905 1570  264 1077836.58    0.00000   100%  30.1  834s
 10155  7923 931806.518 1643  265 1077836.58    0.00000   100%  30.8  853s
 10445  8097 959304.928 1731  263 1077836.58    0.00000   100%  31.8  879s
 10716  8264 970141.174 1802  257 1077836.58    0.00000   100%  32.6  913s
 10973  9307 985562.524 1865  256 1077836.58    0.00000   100%  33.6  943s
 12102 10703 1021467.06 2366  246 1077836.58    0.00000   100%  37.5  957s
 14104 10931 87220.6108  271  323 1077836.58    0.00000   100%  39.9  973s
 14896 11816 237220.391  399  314 1077836.58    0.00000   100%  39.4  982s
 15781 12803 382656.239  599  299 1077836.58    0.00000   100%  38.7  991s
 16768 13443 520344.830  782  292 1077836.58    0.00000   100%  38.7  999s
H17408 14555                    1070248.8228    0.00000   100%  38.9 1006s
 18520 15551 806958.738 1249  272 1070248.82    0.00000   100%  39.5 1013s
 19516 16006 904248.690 1498  259 1070248.82    0.00000   100%  39.9 1036s
 19971 17048 929042.158 1585  256 1070248.82    0.00000   100%  40.1 1045s
 21604 17833 1069147.50 2005  133 1070248.82    0.00000   100%  38.7 1052s
 22495 18422 218532.901  339  316 1070248.82    0.00000   100%  38.1 1057s
 23084 18983 338785.821  481  312 1070248.82    0.00000   100%  37.8 1062s
 23645 19603 481529.457  611  302 1070248.82    0.00000   100%  37.8 1066s
 24265 20170 634324.423  763  292 1070248.82    0.00000   100%  37.9 1070s
 24832 20372 738708.766  904  286 1070248.82    0.00000   100%  38.2 1088s
 25034 20923 757719.032  954  281 1070248.82    0.00000   100%  38.4 1093s
 25585 21531 814908.784 1086  271 1070248.82    0.00000   100%  38.7 1097s
 26193 22125 886794.265 1248  269 1070248.82    0.00000   100%  39.0 1101s
 26787 22923 953862.635 1395  266 1070248.82    0.00000   100%  39.4 1107s
 27795 23380 1009532.94 1553  256 1070248.82    0.00000   100%  38.8 1111s
 28322 23887 1041284.24 1680  250 1070248.82    0.00000   100%  38.6 1115s
 29297 24677 300973.659  424  314 1070248.82    0.00000   100%  38.2 1121s
 30016 25394 451754.308  610  304 1070248.82    0.00000   100%  38.2 1126s
 30370 25493 529703.722  697  296 1070248.82    0.00000   100%  38.3 1131s
 30469 25592 534210.407  721  297 1070248.82    0.00000   100%  38.3 1135s
 30945 25971 609254.323  842  291 1070248.82    0.00000   100%  38.6 1149s
 30947 26332 606226.660  842  289 1070248.82    0.00000   100%  38.6 1153s
 31308 26734 666715.916  932  291 1070248.82    0.00000   100%  38.7 1156s
 32096 27500 765435.148 1147  279 1070248.82    0.00000   100%  39.1 1163s
 32476 27936 833358.660 1247  273 1070248.82    0.00000   100%  39.3 1166s
 33341 28743 922898.654 1470  263 1070248.82    0.00000   100%  39.7 1172s
 33719 29206 964076.365 1562  262 1070248.82    0.00000   100%  39.9 1175s
H34750 29386                    1054265.7491    0.00000   100%  39.8 1179s
H34847 28755                    1044777.4658    0.00000   100%  39.8 1179s
 34899 29345 18367.9838  191  327 1044777.47    0.00000   100%  39.8 1183s
H35437 29014                    1040015.0204    0.00000   100%  39.3 1183s
 35685 29436 158753.770  313  324 1040015.02    0.00000   100%  39.1 1188s
 36143 29766 210127.015  412  315 1040015.02    0.00000   100%  38.8 1191s
 36750 30267 321207.119  497  308 1040015.02    0.00000   100%  38.7 1196s
 37221 30777 417710.720  586  302 1040015.02    0.00000   100%  38.8 1200s
 38034 31621 548688.533  717  293 1040015.02    0.00000   100%  39.1 1207s
 38635 32264 637603.740  784  288 1040015.02    0.00000   100%  39.3 1212s
 38971 32547 676795.499  841  284 1040015.02    0.00000   100%  39.4 1215s
 39254 32796 703666.618  868  280 1040015.02    0.00000   100%  39.5 1222s
 39819 33417 760191.584  931  274 1040015.02    0.00000   100%  39.8 1226s
 40475 34097 806349.866  996  271 1040015.02    0.00000   100%  40.1 1231s
 41121 34721 869195.920 1067  268 1040015.02    0.00000   100%  40.4 1235s
 41803 35440 930578.865 1137  263 1040015.02    0.00000   100%  40.7 1241s
 42512 36164 1016133.25 1245  257 1040015.02    0.00000   100%  41.1 1246s
 42871 36739 1007568.63 1289  254 1040015.02    0.00000   100%  41.3 1250s
 44007 37894 1008323.88 1302  244 1040015.02    0.00000   100%  40.8 1257s
 44619 37896 1008647.54 1303  242 1040015.02    0.00000   100%  40.3 1264s
 44621 38407 1008647.54 1303  243 1040015.02    0.00000   100%  40.3 1268s
 45400 38907 1009294.93 1305  241 1040015.02    0.00000   100%  39.7 1271s
 46387 39975 1009942.39 1307  239 1040015.02    0.00000   100%  39.1 1275s
 47416 40805 1010913.41 1310  236 1040015.02    0.00000   100%  38.5 1280s
 48113 41245 1011884.08 1313  233 1040015.02    0.00000   100%  38.1 1285s
 49107 42221 1014439.95 1316  230 1040015.02    0.00000   100%  37.6 1291s
 49631 42564 50721.1679  225  330 1040015.02    0.00000   100%  37.6 1299s
 49753 42824 61253.2687  241  328 1040015.02    0.00000   100%  37.6 1302s
 50304 43320 227057.803  377  318 1040015.02    0.00000   100%  37.5 1305s
 50886 43901 340474.742  473  312 1040015.02    0.00000   100%  37.7 1311s
 51280 44328 425689.004  537  305 1040015.02    0.00000   100%  37.8 1315s
 51910 44986 488844.313  645  302 1040015.02    0.00000   100%  38.0 1320s
 52420 45479 531365.103  688  299 1040015.02    0.00000   100%  38.1 1325s
 52955 46000 573141.998  739  295 1040015.02    0.00000   100%  38.2 1330s
 53761 46849 665421.633  827  288 1040015.02    0.00000   100%  38.4 1335s
 54318 47270 737708.900  918  281 1040015.02    0.00000   100%  38.6 1340s
 54760 47657 788824.621  969  279 1040015.02    0.00000   100%  38.7 1349s
 54888 47917 803028.601  983  276 1040015.02    0.00000   100%  38.7 1352s
 55414 48381 839245.395 1038  272 1040015.02    0.00000   100%  38.9 1355s
 56120 49155 902625.292 1134  266 1040015.02    0.00000   100%  39.2 1362s
 56661 49680 941883.711 1200  262 1040015.02    0.00000   100%  39.3 1365s
 57374 50379 1004072.99 1285  252 1040015.02    0.00000   100%  39.6 1371s
 57940 51033    0.00000  201  330 1040015.02    0.00000   100%  39.7 1375s
 58640 51593 211135.735  380  321 1040015.02    0.00000   100%  39.7 1380s
 59365 52307 323167.596  515  310 1040015.02    0.00000   100%  39.9 1386s
 59861 52762 400830.864  595  304 1040015.02    0.00000   100%  40.0 1394s
 60057 53082 431763.022  630  305 1040015.02    0.00000   100%  40.0 1397s
 60683 53667 495754.971  714  300 1040015.02    0.00000   100%  40.1 1402s
 61250 54251 571809.376  814  290 1040015.02    0.00000   100%  40.2 1407s
 61546 54558 623097.866  855  289 1040015.02    0.00000   100%  40.3 1410s
 62120 55098 688581.008  948  285 1040015.02    0.00000   100%  40.4 1415s
 62651 55666 780370.195 1048  274 1040015.02    0.00000   100%  40.7 1420s
 63287 56228 855166.999 1144  269 1040015.02    0.00000   100%  40.7 1425s
 63860 56774 937692.327 1222  263 1040015.02    0.00000   100%  40.9 1430s
 64380 57360 954914.985 1318  258 1040015.02    0.00000   100%  41.0 1435s
 64953 57803 1005950.95 1411  249 1040015.02    0.00000   100%  41.1 1440s
 65162 57805 1034824.57 1420  253 1040015.02    0.00000   100%  41.3 1445s
 65455 58399 72295.1454  217  327 1040015.02    0.00000   100%  41.3 1450s
 66015 58799 247707.701  336  310 1040015.02    0.00000   100%  41.4 1455s
 66433 59285 332642.838  390  311 1040015.02    0.00000   100%  41.5 1460s
 67162 60003 452124.791  521  304 1040015.02    0.00000   100%  41.7 1466s
 67934 60854 550697.998  599  294 1040015.02    0.00000   100%  41.9 1471s
 68573 61466 638677.503  664  289 1040015.02    0.00000   100%  42.1 1476s
 69162 62067 718489.753  740  283 1040015.02    0.00000   100%  42.2 1481s
 69510 62512 754022.798  784  282 1040015.02    0.00000   100%  42.2 1485s
 70266 62813 831508.501  885  275 1040015.02    0.00000   100%  42.3 1493s
 70268 63090 827992.154  886  275 1040015.02    0.00000   100%  42.3 1496s
 70839 63670 892750.066  968  269 1040015.02    0.00000   100%  42.4 1501s
 71414 64312 958452.205 1066  259 1040015.02    0.00000   100%  42.5 1505s
 72010 64878 992620.451 1173  254 1040015.02    0.00000   100%  42.7 1511s
 72867 65642 806690.148  332  286 1040015.02    0.00000   100%  42.6 1517s
 73660 66276 697723.558  541  287 1040015.02    0.00000   100%  42.5 1521s
 74299 66971 68464.6568  213  326 1040015.02    0.00000   100%  42.5 1526s
 75216 67549 236102.970  331  315 1040015.02    0.00000   100%  42.4 1534s
 75430 67766 280382.675  359  313 1040015.02    0.00000   100%  42.3 1536s
 75973 68347 376643.712  415  305 1040015.02    0.00000   100%  42.3 1541s
 76514 68823 475098.354  481  301 1040015.02    0.00000   100%  42.3 1545s
 77259 69456 607099.596  601  295 1040015.02    0.00000   100%  42.4 1551s
 77889 70136 650043.362  672  292 1040015.02    0.00000   100%  42.3 1557s
 78334 70528 682310.394  708  286 1040015.02    0.00000   100%  42.3 1561s
 78963 71136 738829.766  774  283 1040015.02    0.00000   100%  42.3 1566s
 79411 71580 789602.465  838  276 1040015.02    0.00000   100%  42.3 1571s
 80112 72212 853319.844  919  270 1040015.02    0.00000   100%  42.2 1577s
 80399 72416 884026.352  954  265 1040015.02    0.00000   100%  42.3 1583s
 80603 72732 912007.514  980  265 1040015.02    0.00000   100%  42.3 1586s
 81253 73335 968546.417 1085  258 1040015.02    0.00000   100%  42.4 1591s
 81786 73917 1001870.52 1135  252 1040015.02    0.00000   100%  42.5 1595s
 82789 74824 823879.554  410  283 1040015.02    0.00000   100%  42.5 1602s
 83455 75537 663994.276  467  292 1040015.02    0.00000   100%  42.4 1607s
 84141 75901 1011046.51  669  269 1040015.02    0.00000   100%  42.4 1611s
 84531 76485 13926.6755  217  329 1040015.02    0.00000   100%  42.4 1615s
 85249 77077 119890.970  227  324 1040015.02    0.00000   100%  42.5 1622s
 85791 77387 293929.806  351  314 1040015.02    0.00000   100%  42.6 1628s
 85804 77648 289416.253  357  313 1040015.02    0.00000   100%  42.6 1630s
 86410 78276 364466.279  462  308 1040015.02    0.00000   100%  42.6 1635s
 87314 79945 548477.331  640  290 1040015.02    0.00000   100%  42.9 1643s
 88362 80428 636628.054  728  290 1040015.02    0.00000   100%  42.5 1645s
 89667 81227 762040.046  922  278 1040015.02    0.00000   100%  42.3 1651s
 90058 81557 858496.929 1058  261 1040015.02    0.00000   100%  42.4 1656s
 90627 82118 952655.547 1208  255 1040015.02    0.00000   100%  42.4 1660s
 90893 82120 982043.929 1282  253 1040015.02    0.00000   100%  42.4 1665s
 91302 82688 222554.715  291  320 1040015.02    0.00000   100%  42.4 1670s
 91902 83259 904292.899  562  274 1040015.02    0.00000   100%  42.3 1675s
 92997 84177 304756.453  218  312 1040015.02    0.00000   100%  42.2 1681s
 93572 84854    0.00000  161  327 1040015.02    0.00000   100%  42.3 1685s
 94500 85571 995361.166  667  271 1040015.02    0.00000   100%  42.2 1695s
 95233 86385 102221.181  204  326 1040015.02    0.00000   100%  42.2 1701s
 95711 86837 infeasible  384      1040015.02    0.00000   100%  42.3 1705s
 96026 86839 466463.140  221  310 1040015.02    0.00000   100%  42.2 1714s
H96027 86752                    1039085.6799    0.00000   100%  42.2 1714s
 96028 86987 492759.170  222  308 1039085.68    0.00000   100%  42.2 1716s
H96053 86968                    1038697.6583    0.00000   100%  42.2 1716s
H96263 87170                    1038697.6582    0.00000   100%  42.3 1719s
 96477 87339 982412.850  266  288 1038697.66    0.00000   100%  42.3 1721s
 96988 87913 1005590.09  331  280 1038697.66    0.00000   100%  42.4 1725s
 97592 88562 infeasible  438      1038697.66    0.00000   100%  42.4 1730s
 98549 89322 342592.687  347  310 1038697.66    0.00000   100%  42.5 1735s
 99232 89998 439207.305  440  299 1038697.66    0.00000   100%  42.6 1741s
 99794 90517 518910.581  500  298 1038697.66    0.00000   100%  42.6 1745s
 100333 91051 649143.227  594  291 1038697.66    0.00000   100%  42.6 1750s
 101016 91661 723306.116  704  281 1038697.66    0.00000   100%  42.7 1760s
 101766 92527 819599.810  818  274 1038697.66    0.00000   100%  42.7 1766s
 102339 93175 901826.628  880  265 1038697.66    0.00000   100%  42.8 1770s
 102983 93829 960743.771  970  261 1038697.66    0.00000   100%  42.9 1775s
 103672 94434 1002453.75 1065  259 1038697.66    0.00000   100%  43.0 1780s
 104609 95243 5930.46370  173  330 1038697.66    0.00000   100%  43.1 1787s
 105326 95803 1001625.88  303  283 1038697.66    0.00000   100%  43.0 1791s
 105976 96485 338347.302  279  313 1038697.66    0.00000   100%  42.9 1796s
 106396 96487 934076.558  474  275 1038697.66    0.00000   100%  42.8 1803s
H106397 95982                    1032631.9774    0.00000   100%  42.8 1803s
 106398 96179 936231.713  475  275 1032631.98    0.00000   100%  42.8 1805s
 106915 96655 165984.568  275  319 1032631.98    0.00000   100%  42.8 1810s
 107205 96921 301378.920  347  312 1032631.98    0.00000   100%  42.8 1815s
 107778 97549 378057.049  410  305 1032631.98    0.00000   100%  42.9 1821s
H108009 97756                    1032476.0281    0.00000   100%  42.9 1823s
 108230 97995 469681.536  474  303 1032476.03    0.00000   100%  42.9 1825s
H108338 97995                    1032476.0279    0.00000   100%  42.9 1825s
 108949 98723 584546.410  583  297 1032476.03    0.00000   100%  43.0 1831s
 109479 99307 656039.976  669  294 1032476.03    0.00000   100%  43.0 1836s
 110065 99966 726278.187  740  283 1032476.03    0.00000   100%  43.1 1840s
 110766 100638 781460.026  832  277 1032476.03    0.00000   100%  43.1 1847s
 111442 101022 850200.394  907  269 1032476.03    0.00000   100%  43.2 1856s
 111839 101752 891676.193  957  263 1032476.03    0.00000   100%  43.2 1861s
 112702 102491 972034.248 1079  259 1032476.03    0.00000   100%  43.3 1866s
 113219 103036 infeasible 1173      1032476.03    0.00000   100%  43.5 1871s
 114130 103887 283168.274  316  317 1032476.03    0.00000   100%  43.3 1875s
 115149 104763    0.00000  164  332 1032476.03    0.00000   100%  43.3 1881s
 115813 105251 702369.725  303  292 1032476.03    0.00000   100%  43.2 1885s
 116482 105834 148632.950  266  321 1032476.03    0.00000   100%  43.2 1894s
 116652 106069 207958.132  298  321 1032476.03    0.00000   100%  43.2 1896s
 117078 106474 280686.251  355  317 1032476.03    0.00000   100%  43.2 1901s
 117530 106934 354830.510  423  309 1032476.03    0.00000   100%  43.2 1905s
 118264 107723 495823.540  515  300 1032476.03    0.00000   100%  43.2 1911s
 118814 108327 628806.117  599  290 1032476.03    0.00000   100%  43.3 1915s
 119434 109018 708773.814  685  286 1032476.03    0.00000   100%  43.3 1920s
 120216 109699 784287.181  760  276 1032476.03    0.00000   100%  43.3 1925s
 120906 110157 856056.136  850  270 1032476.03    0.00000   100%  43.4 1930s
 121064 110525 864886.170  862  270 1032476.03    0.00000   100%  43.4 1937s
 121653 110937 924483.454  918  265 1032476.03    0.00000   100%  43.5 1944s
 121793 111264 932735.620  928  264 1032476.03    0.00000   100%  43.5 1946s
 122425 111814 990217.684  991  262 1032476.03    0.00000   100%  43.5 1951s
 122993 112324 424417.287  237  308 1032476.03    0.00000   100%  43.6 1956s
 123635 112871 420861.078  228  311 1032476.03    0.00000   100%  43.5 1961s
 124281 113413 infeasible  367      1032476.03    0.00000   100%  43.5 1965s
 124928 114097 176679.335  231  321 1032476.03    0.00000   100%  43.4 1970s
 125365 114224 918797.566  467  276 1032476.03    0.00000   100%  43.4 1976s
 125865 114741 997452.428  467  271 1032476.03    0.00000   100%  43.3 1980s
 126401 115285 219958.755  298  317 1032476.03    0.00000   100%  43.4 1985s
 126856 115506 347487.910  403  306 1032476.03    0.00000   100%  43.4 1993s
 126872 115739 354041.755  407  307 1032476.03    0.00000   100%  43.4 1995s
 127577 116458 505208.572  582  300 1032476.03    0.00000   100%  43.4 2000s
 128480 117418 663788.300  806  290 1032476.03    0.00000   100%  43.5 2007s
 129166 118089 803829.916  992  272 1032476.03    0.00000   100%  43.5 2011s
 129708 118653 925561.577 1144  264 1032476.03    0.00000   100%  43.6 2016s
 130579 119470 202469.599  241  319 1032476.03    0.00000   100%  43.6 2021s
 131307 120082 infeasible  541      1032476.03    0.00000   100%  43.5 2026s
 131636 120241 infeasible  314      1032476.03    0.00000   100%  43.5 2032s
 131845 120437 93117.8713  219  327 1032476.03    0.00000   100%  43.5 2039s
H132040 120195                    1029493.1752    0.00000   100%  43.4 2039s
 132041 120465 420035.851  317  310 1029493.18    0.00000   100%  43.4 2041s
 132662 121057 539510.207  210  304 1029493.18    0.00000   100%  43.4 2045s
H133242 121445                    1029493.1751    0.00000   100%  43.4 2050s
 134278 122444 985772.937  361  278 1029493.18    0.00000   100%  43.3 2057s
 134923 123123 845707.254  317  289 1029493.18    0.00000   100%  43.3 2062s
 135615 123609 226048.496  195  319 1029493.18    0.00000   100%  43.3 2066s
 136129 124055 934734.953  247  287 1029493.18    0.00000   100%  43.3 2070s
 137334 124964 1025980.10  631  268 1029493.18    0.00000   100%  43.1 2079s
 137336 125235 infeasible  632      1029493.18    0.00000   100%  43.1 2081s
 137933 125764 416145.634  225  310 1029493.18    0.00000   100%  43.1 2086s
 138572 126382 984335.135  429  273 1029493.18    0.00000   100%  43.0 2091s
 139030 126919 63785.2456  193  322 1029493.18    0.00000   100%  43.1 2095s
 140020 127740 601091.783  253  297 1029493.18    0.00000   100%  43.0 2100s
 140922 128498 998713.702  337  274 1029493.18    0.00000   100%  43.1 2106s
 141424 129056 713407.607  218  299 1029493.18    0.00000   100%  43.1 2110s
 142280 129826 4849.92577  166  328 1029493.18    0.00000   100%  43.1 2120s
 143283 130854 257425.490  355  313 1029493.18    0.00000   100%  43.1 2127s
 143566 131233 310008.566  380  312 1029493.18    0.00000   100%  43.1 2130s
 144753 132273 517646.769  531  295 1029493.18    0.00000   100%  43.0 2135s
 145254 132788 603496.672  590  293 1029493.18    0.00000   100%  43.1 2140s
 145911 133062 715517.093  686  285 1029493.18    0.00000   100%  43.1 2148s
 145916 133197 711966.125  690  286 1029493.18    0.00000   100%  43.1 2150s
 146741 134116 812203.231  800  275 1029493.18    0.00000   100%  43.0 2155s
 147692 134696 907253.347  916  268 1029493.18    0.00000   100%  43.0 2163s
 147696 135097 911632.337  917  266 1029493.18    0.00000   100%  43.0 2165s
 148771 135882 988326.746 1022  260 1029493.18    0.00000   100%  43.0 2170s
 149625 136837 226419.211  233  313 1029493.18    0.00000   100%  43.0 2175s
 150667 137744 341195.967  228  311 1029493.18    0.00000   100%  42.9 2181s
 151376 138256 904866.740  328  280 1029493.18    0.00000   100%  42.8 2186s
 152034 138744 289270.013  321  314 1029493.18    0.00000   100%  42.8 2192s
 152386 139226 381976.034  411  304 1029493.18    0.00000   100%  42.8 2195s
 152644 139472 531296.530  489  294 1029493.18    0.00000   100%  42.8 2202s
 153180 140113 727133.302  640  286 1029493.18    0.00000   100%  42.7 2206s
 153827 140818 813989.184  821  274 1029493.18    0.00000   100%  42.7 2211s
 154510 141314 954283.068  999  264 1029493.18    0.00000   100%  42.7 2215s
 155680 142429 671471.356  246  297 1029493.18    0.00000   100%  42.7 2221s
 156083 142765 999999.451  291  282 1029493.18    0.00000   100%  42.7 2225s
 156692 143335 501557.896  268  299 1029493.18    0.00000   100%  42.7 2230s
 157310 143934    0.00000  196  326 1029493.18    0.00000   100%  42.6 2235s
 157989 144313 346491.086  378  312 1029493.18    0.00000   100%  42.6 2244s
 157991 144660 346925.436  379  312 1029493.18    0.00000   100%  42.6 2246s
 158722 145254 985734.369  731  264 1029493.18    0.00000   100%  42.6 2250s
 159396 145926 213169.172  208  317 1029493.18    0.00000   100%  42.6 2255s
 160348 146981 84406.4505  194  325 1029493.18    0.00000   100%  42.6 2260s
 161252 147720 334859.736  352  311 1029493.18    0.00000   100%  42.6 2266s
 161890 148291 430113.973  414  304 1029493.18    0.00000   100%  42.6 2270s
 162981 149270 614164.936  522  293 1029493.18    0.00000   100%  42.5 2278s
 163144 149510 655128.988  544  290 1029493.18    0.00000   100%  42.5 2280s
 163668 150132 743654.361  624  284 1029493.18    0.00000   100%  42.5 2285s
 164614 151001 846394.427  750  274 1029493.18    0.00000   100%  42.5 2291s
 165300 151614 902620.457  831  265 1029493.18    0.00000   100%  42.5 2296s
 166114 152403 972521.481  949  257 1029493.18    0.00000   100%  42.5 2301s
 166458 152658 1013567.44  987  255 1029493.18    0.00000   100%  42.6 2305s
 167315 153629 22215.5748  181  329 1029493.18    0.00000   100%  42.6 2311s
 168105 154236 420308.323  401  307 1029493.18    0.00000   100%  42.6 2321s
 168640 154752 995443.983  618  268 1029493.18    0.00000   100%  42.5 2326s
 169188 155220 205839.914  281  316 1029493.18    0.00000   100%  42.6 2331s
 169652 155688 331266.239  364  312 1029493.18    0.00000   100%  42.6 2335s
 170211 156254 413831.097  426  306 1029493.18    0.00000   100%  42.5 2340s
 170800 156873 534690.124  507  298 1029493.18    0.00000   100%  42.5 2345s
 172040 157968 761044.813  660  285 1029493.18    0.00000   100%  42.3 2352s
 172629 158640 879561.913  735  271 1029493.18    0.00000   100%  42.3 2356s
 173333 159002 952609.906  808  263 1029493.18    0.00000   100%  42.3 2363s
 173388 159222 963387.237  819  264 1029493.18    0.00000   100%  42.3 2365s
 173983 159680 292997.556  235  313 1029493.18    0.00000   100%  42.3 2370s
 174972 160778 125855.810  244  327 1029493.18    0.00000   100%  42.2 2377s
 175678 161249 421642.722  404  304 1029493.18    0.00000   100%  42.2 2381s
 176246 161924 676359.696  558  291 1029493.18    0.00000   100%  42.1 2386s
 176925 162437 900040.810  728  271 1029493.18    0.00000   100%  42.1 2390s
 177407 162807 infeasible  871      1029493.18    0.00000   100%  42.1 2395s
 178329 163377 239726.795  304  317 1029493.18    0.00000   100%  42.0 2405s
 178333 163627 252959.212  305  320 1029493.18    0.00000   100%  42.0 2413s
 178583 164031 420799.070  423  310 1029493.18    0.00000   100%  41.9 2415s
 179281 164635 784791.545  727  283 1029493.18    0.00000   100%  41.9 2420s
 179964 165210 888386.463  325  282 1029493.18    0.00000   100%  41.8 2425s
 180940 166171 176800.528  204  320 1029493.18    0.00000   100%  41.7 2431s
 181692 166917 387199.108  432  309 1029493.18    0.00000   100%  41.6 2435s
 182556 167770 260643.750  219  315 1029493.18    0.00000   100%  41.5 2440s
 183159 168359 365284.336  280  311 1029493.18    0.00000   100%  41.5 2445s
 183529 168602 82078.0031  198  326 1029493.18    0.00000   100%  41.5 2451s
 184055 169152 infeasible  394      1029493.18    0.00000   100%  41.5 2455s
 184859 169819 388660.555  223  310 1029493.18    0.00000   100%  41.5 2460s
 185296 170256 915969.993  281  286 1029493.18    0.00000   100%  41.5 2465s
 186175 171091 269947.180  309  314 1029493.18    0.00000   100%  41.5 2471s
 186611 171483 389280.432  377  308 1029493.18    0.00000   100%  41.5 2476s
 186997 171921 456913.178  425  302 1029493.18    0.00000   100%  41.4 2480s
 187582 172388 602598.766  498  294 1029493.18    0.00000   100%  41.4 2485s
 188436 173442 721975.367  603  285 1029493.18    0.00000   100%  41.4 2491s
 188776 173444 765555.852  643  280 1029493.18    0.00000   100%  41.4 2496s
 189361 174277 820338.361  711  273 1029493.18    0.00000   100%  41.4 2502s
 189853 174704 879560.084  774  268 1029493.18    0.00000   100%  41.5 2506s
 190453 175466 940909.607  836  261 1029493.18    0.00000   100%  41.5 2511s
 191062 175828 979257.160  871  259 1029493.18    0.00000   100%  41.5 2515s
 191617 176383 268310.181  226  314 1029493.18    0.00000   100%  41.5 2520s
 192712 177513 581178.126  603  298 1029493.18    0.00000   100%  41.3 2526s
 193125 177515 957747.317  750  268 1029493.18    0.00000   100%  41.3 2530s
 193332 177908 infeasible  774      1029493.18    0.00000   100%  41.3 2535s
 193923 178259 215224.414  263  317 1029493.18    0.00000   100%  41.3 2544s
 193925 178516 222589.035  264  316 1029493.18    0.00000   100%  41.3 2546s
 194395 178922 343947.022  315  311 1029493.18    0.00000   100%  41.2 2550s
 195076 179649 486190.064  393  305 1029493.18    0.00000   100%  41.2 2556s
 195640 180287 583538.387  483  297 1029493.18    0.00000   100%  41.2 2560s
 196744 181473 819727.614  671  273 1029493.18    0.00000   100%  41.1 2565s
 197538 182184 946729.264  748  267 1029493.18    0.00000   100%  41.1 2570s
 198627 183087 994626.857  450  275 1029493.18    0.00000   100%  41.1 2576s
 198863 183299 699162.975  292  293 1029493.18    0.00000   100%  41.1 2582s
 199101 183492 83234.1438  213  326 1029493.18    0.00000   100%  41.1 2585s
 200188 184643 857878.246  754  276 1029493.18    0.00000   100%  41.0 2592s
 200707 185140    0.00000  177  326 1029493.18    0.00000   100%  41.0 2597s
 201336 185723 276929.480  337  313 1029493.18    0.00000   100%  40.9 2601s
 201979 186367 488579.481  484  302 1029493.18    0.00000   100%  40.9 2605s
 202936 187211 727536.708  717  292 1029493.18    0.00000   100%  40.9 2611s
 203478 187772 790913.534  856  286 1029493.18    0.00000   100%  40.8 2615s
 204058 188066 896630.679 1024  267 1029493.18    0.00000   100%  40.8 2622s
 204076 188357 911704.274 1028  268 1029493.18    0.00000   100%  40.8 2625s
 204691 188905 infeasible 1181      1029493.18    0.00000   100%  40.9 2630s
 205540 189680 190931.447  196  320 1029493.18    0.00000   100%  40.8 2636s
 206053 190198 851486.929  249  290 1029493.18    0.00000   100%  40.8 2640s
 206965 191102 371104.136  264  311 1029493.18    0.00000   100%  40.8 2646s
 207630 191414 infeasible  361      1029493.18    0.00000   100%  40.7 2655s
 207998 192073 334791.029  423  317 1029493.18    0.00000   100%  40.7 2660s
 208940 192867 171440.608  189  321 1029493.18    0.00000   100%  40.6 2667s
 209195 192869 992094.581  336  278 1029493.18    0.00000   100%  40.6 2671s
 209569 193448 699460.744  294  296 1029493.18    0.00000   100%  40.6 2675s
 210212 194140 291834.231  237  313 1029493.18    0.00000   100%  40.5 2680s
 211091 194941 858876.862  352  289 1029493.18    0.00000   100%  40.4 2685s
 211797 195534 342555.055  261  313 1029493.18    0.00000   100%  40.3 2690s
 212487 196092 68580.7760  187  324 1029493.18    0.00000   100%  40.2 2695s
 213210 196714 289167.469  274  314 1029493.18    0.00000   100%  40.2 2700s
 214057 197459 411418.035  345  306 1029493.18    0.00000   100%  40.1 2705s
 214337 197461 456763.750  369  304 1029493.18    0.00000   100%  40.1 2710s
 214611 198024 495944.404  397  302 1029493.18    0.00000   100%  40.0 2715s
 215557 198936 656351.563  532  290 1029493.18    0.00000   100%  39.9 2721s
 216211 199506 782974.868  642  275 1029493.18    0.00000   100%  39.9 2725s
 217057 200270 925283.361  765  268 1029493.18    0.00000   100%  39.9 2731s
 217631 200885 infeasible  809      1029493.18    0.00000   100%  39.9 2735s
 218641 201755 209517.662  258  320 1029493.18    0.00000   100%  39.9 2740s
 219339 202325 361587.441  358  308 1029493.18    0.00000   100%  39.8 2753s
 219481 202538 401889.411  372  310 1029493.18    0.00000   100%  39.8 2755s
 219904 202981 519750.929  448  303 1029493.18    0.00000   100%  39.8 2760s
 220738 203878 691688.777  567  290 1029493.18    0.00000   100%  39.8 2766s
 221335 204469 761362.780  659  286 1029493.18    0.00000   100%  39.8 2771s
 221962 205156 832061.073  742  279 1029493.18    0.00000   100%  39.8 2775s
 222712 205834 915067.018  839  269 1029493.18    0.00000   100%  39.8 2780s
 223611 206530 989955.989  919  259 1029493.18    0.00000   100%  39.9 2786s
 224289 207281 992214.163  379  284 1029493.18    0.00000   100%  39.8 2791s
 224665 207283 674515.535  333  295 1029493.18    0.00000   100%  39.8 2797s
 224667 207538 686542.681  334  294 1029493.18    0.00000   100%  39.8 2800s
 225323 208057 991754.827  426  274 1029493.18    0.00000   100%  39.7 2806s
 226016 208980 11898.6215  195  330 1029493.18    0.00000   100%  39.7 2811s
 226683 209509 247365.554  311  317 1029493.18    0.00000   100%  39.6 2815s
 227635 210336 476160.279  444  306 1029493.18    0.00000   100%  39.6 2821s
 228531 211258 638250.596  565  295 1029493.18    0.00000   100%  39.5 2826s
 229533 212194 759683.582  695  280 1029493.18    0.00000   100%  39.5 2831s
 229850 212196 836825.946  739  275 1029493.18    0.00000   100%  39.5 2837s
 230106 212707 873775.527  768  269 1029493.18    0.00000   100%  39.5 2841s
H230717 213219                    1029395.5026    0.00000   100%  39.4 2844s
 230961 213558 943456.090  847  261 1029395.50    0.00000   100%  39.4 2846s
 231562 213962 984137.666  899  258 1029395.50    0.00000   100%  39.4 2850s
 232082 214553 72192.7143  228  326 1029395.50    0.00000   100%  39.5 2856s
 232815 215277 348380.717  382  311 1029395.50    0.00000   100%  39.4 2861s
 233694 216127 563436.258  522  299 1029395.50    0.00000   100%  39.4 2865s
 234776 217215 756535.304  672  285 1029395.50    0.00000   100%  39.3 2876s
 235375 217764 819705.593  739  275 1029395.50    0.00000   100%  39.3 2881s
 236039 218434 898814.213  851  271 1029395.50    0.00000   100%  39.3 2885s
 236984 219350 969498.453  950  256 1029395.50    0.00000   100%  39.3 2890s
 237604 219713 infeasible  982      1029395.50    0.00000   100%  39.3 2895s
 238575 220853 780718.138  626  289 1029395.50    0.00000   100%  39.3 2900s
 239573 221612 205900.334  270  317 1029395.50    0.00000   100%  39.2 2905s
 240013 222059 344551.039  318  312 1029395.50    0.00000   100%  39.2 2913s
 240237 222283 384408.833  356  309 1029395.50    0.00000   100%  39.2 2915s
 240926 222966 562192.250  465  296 1029395.50    0.00000   100%  39.2 2921s
 241513 223559 713143.297  592  283 1029395.50    0.00000   100%  39.2 2926s
 242124 224319 798826.850  669  275 1029395.50    0.00000   100%  39.2 2930s
 243209 225099 906372.544  802  265 1029395.50    0.00000   100%  39.2 2937s
 243277 225287 914620.311  807  265 1029395.50    0.00000   100%  39.2 2941s
 243795 225837 935723.333  873  260 1029395.50    0.00000   100%  39.2 2945s
 244358 226425 993664.024  937  257 1029395.50    0.00000   100%  39.2 2950s
 245051 226873 9042.36374  190  330 1029395.50    0.00000   100%  39.2 2963s
H245281 227253                    1029395.0265    0.00000   100%  39.2 2965s
H246021 227806                    1029394.8716    0.00000   100%  39.1 2971s
H246149 227806                    1029394.6435    0.00000   100%  39.1 2971s
 246497 228183 524795.521  252  302 1029394.64    0.00000   100%  39.1 2976s
 247287 228949 495607.002  264  305 1029394.64    0.00000   100%  39.1 2982s
 248001 229670 226896.622  252  318 1029394.64    0.00000   100%  39.1 2986s
Created node file directory '/home/ps12398/experiment_epec/goalProgrammingMarcos//grbnodes7'
 248266 229979 357936.271  293  308 1029394.64    0.00000   100%  39.1 3033s
 248575 230310 417464.447  324  305 1029394.64    0.00000   100%  39.1 3036s
 249209 230876 531556.341  399  296 1029394.64    0.00000   100%  39.1 3040s
 250112 231723 687895.129  518  287 1029394.64    0.00000   100%  39.1 3055s
 251029 232478 816243.349  661  277 1029394.64    0.00000   100%  39.0 3062s
 251662 233158 891206.877  748  267 1029394.64    0.00000   100%  39.1 3066s
 252261 233677 970839.968  809  257 1029394.64    0.00000   100%  39.1 3071s
 252751 234146 995456.736  837  261 1029394.64    0.00000   100%  39.1 3075s
 253682 235083 437911.047  474  306 1029394.64    0.00000   100%  39.0 3118s
 254086 235415 812683.214  676  284 1029394.64    0.00000   100%  39.0 3120s
 255074 236296 192609.117  266  318 1029394.64    0.00000   100%  39.0 3127s
 255373 236298 278992.465  318  311 1029394.64    0.00000   100%  38.9 3134s
 255375 236524 302228.904  318  310 1029394.64    0.00000   100%  38.9 3136s
 255816 237079 455553.813  397  307 1029394.64    0.00000   100%  38.9 3140s
 256778 238068 708916.086  520  287 1029394.64    0.00000   100%  38.9 3146s
 257624 238887 923060.043  663  267 1029394.64    0.00000   100%  38.8 3150s
 258603 239762 986201.505  380  276 1029394.64    0.00000   100%  38.8 3155s
 259543 240806 659229.223  611  294 1029394.64    0.00000   100%  38.8 3161s
 260134 241179 infeasible  793      1029394.64    0.00000   100%  38.8 3166s
 260358 241345 137062.536  223  323 1029394.64    0.00000   100%  38.9 3173s
 260534 241486 224219.367  267  321 1029394.64    0.00000   100%  38.9 3208s
 260703 241760 347326.078  339  316 1029394.64    0.00000   100%  38.9 3211s
 261287 242311 627510.133  468  304 1029394.64    0.00000   100%  38.9 3215s
 262329 243259 971049.739  750  274 1029394.64    0.00000   100%  38.8 3221s
 262997 244014 infeasible  384      1029394.64    0.00000   100%  38.8 3226s
 263785 244767 634111.193  563  291 1029394.64    0.00000   100%  38.7 3230s
 264583 245417 63602.2686  181  327 1029394.64    0.00000   100%  38.7 3236s
 265176 245979 496022.187  268  301 1029394.64    0.00000   100%  38.7 3240s
 265472 246245 22560.4651  176  329 1029394.64    0.00000   100%  38.7 3248s
H265604 246235                    1024908.7847    0.00000   100%  38.6 3248s
 265738 246521 624880.000  309  296 1024908.78    0.00000   100%  38.6 3251s
 266334 247163 938347.946  325  279 1024908.78    0.00000   100%  38.6 3256s
 267141 247856 962925.657  547  270 1024908.78    0.00000   100%  38.6 3261s
 267731 248391 infeasible  347      1024908.78    0.00000   100%  38.6 3266s
 268254 248822 646995.004  234  298 1024908.78    0.00000   100%  38.6 3270s
 268857 249414 244575.946  209  315 1024908.78    0.00000   100%  38.6 3307s
 269167 249770 infeasible  383      1024908.78    0.00000   100%  38.6 3310s
 270018 250458 448855.004  420  307 1024908.78    0.00000   100%  38.5 3315s
 270684 251166 734425.000  605  292 1024908.78    0.00000   100%  38.5 3324s
 270921 251470 791567.439  667  287 1024908.78    0.00000   100%  38.5 3327s
 271492 252050 997176.746  818  265 1024908.78    0.00000   100%  38.5 3332s
 272222 252783 689173.385  597  290 1024908.78    0.00000   100%  38.5 3336s
 272857 253516 263017.246  227  316 1024908.78    0.00000   100%  38.5 3340s
 274104 254433 infeasible  371      1024908.78    0.00000   100%  38.5 3347s
 274877 255172 455321.189  306  307 1024908.78    0.00000   100%  38.4 3352s
 275854 255789 398404.882  457  307 1024908.78    0.00000   100%  38.3 3393s
 275906 256155 415661.441  482  306 1024908.78    0.00000   100%  38.3 3395s
 276831 256907 infeasible  839      1024908.78    0.00000   100%  38.3 3401s
 277376 257379 124210.341  195  323 1024908.78    0.00000   100%  38.3 3406s
 277965 257917 935878.008  396  279 1024908.78    0.00000   100%  38.3 3410s
 278685 258628 738607.260  543  285 1024908.78    0.00000   100%  38.2 3415s
 279223 259226 428929.010  284  309 1024908.78    0.00000   100%  38.2 3420s
 280201 259873 535794.961  288  303 1024908.78    0.00000   100%  38.2 3427s
 280638 260528 148143.197  220  321 1024908.78    0.00000   100%  38.1 3431s
 280967 260548 320612.608  289  314 1024908.78    0.00000   100%  38.1 3436s
 281218 261006 393891.835  342  311 1024908.78    0.00000   100%  38.1 3440s
 282003 261771 606830.944  523  298 1024908.78    0.00000   100%  38.1 3447s
 282533 262258 768284.612  667  289 1024908.78    0.00000   100%  38.1 3450s
 283103 262937 infeasible  839      1024908.78    0.00000   100%  38.1 3485s
 284165 263845 infeasible  650      1024908.78    0.00000   100%  38.0 3490s
 285180 264947 727917.735  311  296 1024908.78    0.00000   100%  38.0 3497s
 285590 265280 673183.087  305  296 1024908.78    0.00000   100%  37.9 3500s
 285953 265490 223188.357  223  317 1024908.78    0.00000   100%  37.9 3507s
 286163 265772 780769.938  328  286 1024908.78    0.00000   100%  37.9 3510s
 287153 266787 368324.407  419  312 1024908.78    0.00000   100%  37.9 3516s
 287963 267466 941232.153  829  266 1024908.78    0.00000   100%  37.9 3520s
 288832 268265 207160.711  232  320 1024908.78    0.00000   100%  37.8 3526s
 289698 269082 443915.731  332  306 1024908.78    0.00000   100%  37.8 3531s
 290268 269626 567310.059  414  299 1024908.78    0.00000   100%  37.8 3563s
 290935 270286 676320.126  502  293 1024908.78    0.00000   100%  37.7 3566s
 291243 270288 721773.824  540  289 1024908.78    0.00000   100%  37.7 3571s
 291543 270842 783548.551  582  284 1024908.78    0.00000   100%  37.7 3576s
 292118 271387 850154.944  671  272 1024908.78    0.00000   100%  37.7 3580s
 293267 272451 957387.894  810  265 1024908.78    0.00000   100%  37.8 3585s
 294134 273279 infeasible  367      1024908.78    0.00000   100%  37.8 3590s
 295521 274643 681684.881  283  298 1024908.78    0.00000   100%  37.7 3597s
 296312 274997 172591.415  193  319 1024908.78    0.00000   100%  37.6 3600s

Cutting planes:
  RLT: 134

Explored 296320 nodes (11150945 simplex iterations) in 3600.28 seconds (2754.30 work units)
Thread count was 2 (of 24 available processors)

Solution count 10: 1.02491e+06 1.02939e+06 1.0294e+06 ... 1.04478e+06

Time limit reached
Best objective 1.024908784680e+06, best bound 0.000000000000e+00, gap 100.0000%
