
Gurobi 11.0.3 (linux64, Java) logging started sáb 30 nov 2024 14:46:25 -03

Set parameter Username
Academic license - for non-commercial use only - expires 2025-10-10
Set parameter NonConvex to value 2
Set parameter TimeLimit to value 3600
Set parameter LogToConsole to value 0
Set parameter MIPGap to value 3.6214606217221094e-08
Set parameter Threads to value 2
Set parameter NodefileDir to value "/home/ps12398/experiment_epec/goalProgrammingMarcos/"
Set parameter NodefileStart to value 1
Gurobi Optimizer version 11.0.3 build v11.0.3rc0 (linux64)

CPU model: Intel(R) Xeon(R) CPU           X5650  @ 2.67GHz, instruction set [SSE2]
Thread count: 12 physical cores, 24 logical processors, using up to 2 threads

Optimize a model with 180845 rows, 121779 columns and 801152 nonzeros
Model fingerprint: 0x49cd23dc
Model has 251 quadratic constraints
Variable types: 60768 continuous, 61011 integer (246 binary)
Coefficient statistics:
  Matrix range     [4e-03, 7e+06]
  QMatrix range    [4e-03, 1e+05]
  QLMatrix range   [1e+00, 1e+05]
  Objective range  [1e+00, 6e+07]
  Bounds range     [1e+00, 1e+08]
  RHS range        [1e+00, 3e+06]
  QRHS range       [3e-03, 3e-03]
Presolve removed 180128 rows and 120471 columns
Presolve time: 0.56s
Presolved: 1642 rows, 1599 columns, 81778 nonzeros
Presolved model has 2 SOS constraint(s)
Presolved model has 246 bilinear constraint(s)

Solving non-convex MIQCP

Variable types: 787 continuous, 812 integer (248 binary)
Found heuristic solution: objective 1.097565e+07

Root relaxation: objective 4.537986e+06, 561 iterations, 0.14 seconds (0.08 work units)

    Nodes    |    Current Node    |     Objective Bounds      |     Work
 Expl Unexpl |  Obj  Depth IntInf | Incumbent    BestBd   Gap | It/Node Time

     0     0 4537986.00    0  372 1.0976e+07 4537986.00  58.7%     -    1s
     0     0 5329896.94    0  371 1.0976e+07 5329896.94  51.4%     -    1s
H    0     0                    8746780.9721 5329896.94  39.1%     -    2s
     0     0 5329896.94    0  372 8746780.97 5329896.94  39.1%     -    2s
     0     0 5332037.87    0  373 8746780.97 5332037.87  39.0%     -    2s
     0     0 5334035.64    0  374 8746780.97 5334035.64  39.0%     -    2s
     0     0 5334035.64    0  374 8746780.97 5334035.64  39.0%     -    3s
     0     0 5334035.64    0  374 8746780.97 5334035.64  39.0%     -    3s
     0     0 5334039.51    0  373 8746780.97 5334039.51  39.0%     -    4s
H    0     0                    7539564.6545 5334039.51  29.3%     -    4s
     0     2 5334039.51    0  373 7539564.65 5334039.51  29.3%     -    4s
    25    30 5337749.81    8  365 7539564.65 5335814.07  29.2%  29.5    5s
   494   521 5344643.80  218  362 7539564.65 5335814.07  29.2%   3.7   10s
  1446  1508 5357586.01  698  352 7539564.65 5335814.07  29.2%   2.6   15s
  1996  2070 5366790.54  975  344 7539564.65 5335814.07  29.2%   2.4   20s
H 2623  2669                    7336503.9789 5335814.07  27.3%   2.2   24s
  2668  2780 5376486.68 1316  331 7336503.98 5335814.07  27.3%   2.2   25s
  3410  3528 5386254.68 1701  326 7336503.98 5335814.07  27.3%   1.9   30s
  3725  3725 5337285.41   39  127 7336503.98 5335814.07  27.3%   1.8   36s
H 3725  3538                    7067168.4165 5375632.02  23.9%   1.8   36s
H 3727  3363                    6947599.7844 5376730.58  22.6%   1.8   38s
  3733  3368 5376730.58 1081  127 6947599.78 5376730.58  22.6%   2.1   40s
  3745  3379 5385310.03   27  369 6947599.78 5384761.05  22.5%   2.3   45s
  3809  3422 5388392.10   43  353 6947599.78 5385112.96  22.5%   2.4   50s
  3870  3474 5390395.74   59  337 6947599.78 5385112.96  22.5%   2.5   55s
H 3924  3342                    6947418.5562 5385112.96  22.5%   2.6   57s
  4097  3498 5433549.63  117  319 6947418.56 5385112.96  22.5%   3.2   60s
H 4182  3341                    6944376.9348 5385112.96  22.5%   3.4   60s
  4608  3685 5519756.33  241  295 6944376.93 5385112.96  22.5%   5.6   65s
  5140  4027 5628679.31  375  306 6944376.93 5385112.96  22.5%   8.3   70s
H 5630  4216                    6939223.1731 5385112.96  22.4%  10.4   74s
  5694  4313 5714242.07  487  293 6939223.17 5385112.96  22.4%  10.5   75s
  6218  4624 5797121.16  632  280 6939223.17 5385112.96  22.4%  13.2   80s
H 6298  4554                    6936578.8888 5385112.96  22.4%  14.0   81s
H 6615  4615                    6818550.5503 5385112.96  21.0%  15.8   85s
  7034  4935 5872165.83  819  297 6818550.55 5385112.96  21.0%  19.4   90s
  7626  5370 5871722.71  927  268 6818550.55 5385112.96  21.0%  20.9   95s
  8309  5904 5923412.06 1122  283 6818550.55 5385112.96  21.0%  22.4  100s
H 8342  5763                    6818401.0546 5385112.96  21.0%  22.5  100s
  8891  6145 5953887.95 1253  284 6818401.05 5385112.96  21.0%  23.7  106s
  9399  6514 5983996.00 1360  289 6818401.05 5385112.96  21.0%  24.8  111s
H 9769  6451                    6818401.0300 5385112.96  21.0%  25.4  112s
 10034  6838 6009274.63 1539  293 6818401.03 5385112.96  21.0%  26.0  117s
 10587  7131 6016008.97 1718  295 6818401.03 5385112.96  21.0%  25.5  121s
 11007  7572 6026926.60 1843  278 6818401.03 5385112.96  21.0%  25.8  125s
 11830  8353 6044169.06 2102  261 6818401.03 5385112.96  21.0%  26.2  131s
 12350  8884 6054625.09 2274  272 6818401.03 5385112.96  21.0%  26.6  136s
 13236  9776 6094939.73 2496  285 6818401.03 5385112.96  21.0%  26.7  141s
 13768 10422 6121938.66 2613  285 6818401.03 5385112.96  21.0%  26.8  145s
 14732 11312 6149410.88 2875  296 6818401.03 5385112.96  21.0%  26.7  151s
 15049 11314 6114776.62 2940  255 6818401.03 5385112.96  21.0%  26.6  157s
 15331 11844 6115675.81 3009  253 6818401.03 5385112.96  21.0%  26.7  161s
 15837 12282 6129116.46 3132  284 6818401.03 5385112.96  21.0%  26.8  165s
 16584 13117 6140471.01 3351  260 6818401.03 5385112.96  21.0%  26.7  171s
 17166 13763 6161428.98 3528  267 6818401.03 5385112.96  21.0%  26.6  176s
 17857 14423 6154322.21 3755  255 6818401.03 5385112.96  21.0%  26.4  180s
 19222 15776 6163759.48 4142  256 6818401.03 5385112.96  21.0%  25.8  186s
 20019 16522 6165850.98 4285  255 6818401.03 5385112.96  21.0%  25.8  196s
 20793 17390 6168327.47 4444  254 6818401.03 5385112.96  21.0%  25.7  201s
 21437 18040 6181882.96 4561  282 6818401.03 5385112.96  21.0%  25.5  205s
 22481 18785 6183552.27 4779  254 6818401.03 5385112.96  21.0%  25.1  211s
 22772 19433 6183927.44 4853  254 6818401.03 5385112.96  21.0%  25.1  215s
 23677 20258 6185183.74 5048  254 6818401.03 5385112.96  21.0%  24.9  220s
 24703 21275 6198351.68 5282  282 6818401.03 5385112.96  21.0%  24.7  225s
 25208 21647 6201646.32 5379  257 6818401.03 5385112.96  21.0%  24.7  232s
 25661 22216 6206364.48 5493  256 6818401.03 5385112.96  21.0%  24.6  236s
 26589 23148 6207696.12 5733  256 6818401.03 5385112.96  21.0%  24.3  240s
 27611 24080 6245218.82 5994  280 6818401.03 5385112.96  21.0%  24.5  245s
 28612 25099 6227009.91 6283  253 6818401.03 5385112.96  21.0%  24.8  250s
 29697 26106 6263222.10 6353  290 6818401.03 5385112.96  21.0%  25.1  256s
 30383 26778 6283899.29 6351  295 6818401.03 5385112.96  21.0%  25.2  262s
 30657 27093 6303336.77 6351  296 6818401.03 5385112.96  21.0%  25.2  265s
 31314 27777 6281376.02 6354  294 6818401.03 5385112.96  21.0%  25.4  270s
 32081 28538 6295202.38 6354  292 6818401.03 5385112.96  21.0%  25.3  275s
 32916 29262 5528297.12  148  298 6818401.03 5385255.51  21.0%  25.4  280s
 33588 29999 5658176.44  315  297 6818401.03 5385255.51  21.0%  25.6  286s
 34012 30486 5742788.98  413  303 6818401.03 5385255.51  21.0%  25.7  290s
 34727 31115 5796520.89  557  286 6818401.03 5385255.51  21.0%  25.8  295s
 35375 31817 5825890.26  689  295 6818401.03 5385255.51  21.0%  26.2  300s
 35554 31819 5834813.86  712  302 6818401.03 5385255.51  21.0%  26.2  308s
 35667 32134 5872254.99  741  310 6818401.03 5385255.51  21.0%  26.3  311s
 36205 32693 5870171.15  811  282 6818401.03 5385255.51  21.0%  26.6  316s
 36738 33198 5905342.30  929  290 6818401.03 5385255.51  21.0%  26.8  320s
 37373 33834 5928027.43 1065  273 6818401.03 5385255.51  21.0%  26.9  325s
H37640 34040                    6817398.0201 5385255.51  21.0%  27.1  327s
 37973 34497 5947359.02 1188  276 6817398.02 5385255.51  21.0%  27.2  330s
H38319 34763                    6811623.1082 5385255.51  20.9%  27.2  332s
 39172 35649 5961981.33 1510  258 6811623.11 5385255.51  20.9%  27.2  336s
H39192 35649                    6806606.2028 5385255.51  20.9%  27.2  336s
H39289 35649                    6805839.4829 5385255.51  20.9%  27.2  336s
H39871 36313                    6804378.9322 5385255.51  20.9%  27.2  338s
 40050 36671 5966210.95 1763  258 6804378.93 5385255.51  20.9%  27.2  340s
 40560 36957 5968069.40 1876  255 6804378.93 5385255.51  20.9%  27.2  347s
H40841 37248                    6803897.6336 5385255.51  20.9%  27.2  349s
 40985 37511 5970101.79 1992  258 6803897.63 5385255.51  20.9%  27.2  351s
H41132 37511                    6803151.8047 5385255.51  20.8%  27.2  351s
 41529 38057 5980902.26 2153  292 6803151.80 5385255.51  20.8%  27.2  355s
H41617 38057                    6802942.3409 5385255.51  20.8%  27.1  355s
H41874 38403                    6801603.8183 5385255.51  20.8%  27.1  357s
H41877 38403                    6792944.1944 5385255.51  20.7%  27.1  357s
 42505 39206 5998201.56 2318  266 6792944.19 5385255.51  20.7%  27.0  360s
H43089 39458                    6788550.7714 5385255.51  20.7%  26.9  362s
 43424 39998 6000765.96 2547  255 6788550.77 5385255.51  20.7%  27.0  365s
 44496 41014 6003488.71 2843  254 6788550.77 5385255.51  20.7%  27.1  371s
 45264 41832 6021628.54 3073  291 6788550.77 5385255.51  20.7%  27.2  376s
 46047 42420 6023660.97 3294  286 6788550.77 5385255.51  20.7%  27.3  385s
 46707 43212 6046209.96 3443  272 6788550.77 5385255.51  20.7%  27.4  391s
H47146 43572                    6786598.8934 5385255.51  20.6%  27.5  394s
 47309 43815 6057077.07 3583  290 6786598.89 5385255.51  20.6%  27.5  395s
 48172 44666 6061202.04 3797  255 6786598.89 5385255.51  20.6%  27.5  400s
 49168 45711 6062933.01 4032  253 6786598.89 5385255.51  20.6%  27.5  405s
 50091 46568 6072921.41 4275  260 6786598.89 5385255.51  20.6%  27.5  410s
 51005 47570 6066019.84 4528  253 6786598.89 5385255.51  20.6%  27.3  415s
H51123 47570                    6786061.1871 5385255.51  20.6%  27.3  415s
H51414 47840                    6785964.9031 5385255.51  20.6%  27.3  417s
 51771 48311 6073205.80 4706  259 6785964.90 5385255.51  20.6%  27.3  420s
H52429 48858                    6783425.1114 5385255.51  20.6%  27.2  422s
 52868 49362 6095389.90 4938  298 6783425.11 5385255.51  20.6%  27.2  425s
H53099 49572                    6783413.9657 5385255.51  20.6%  27.2  426s
H53612 50070                    6783413.9020 5385255.51  20.6%  27.2  428s
H53897 50282                    6780709.8974 5385255.51  20.6%  27.2  429s
H54019 50428                    6776366.8060 5385255.51  20.5%  27.2  430s
 54976 51241 6086603.20 5449  254 6776366.81 5385255.51  20.5%  27.2  439s
H54978 51359                    6770611.3708 5385255.51  20.5%  27.2  440s
H55096 51592                    6766810.3003 5385255.51  20.4%  27.2  442s
 55551 52103 6088561.21 5599  254 6766810.30 5385255.51  20.4%  27.2  445s
H56107 52567                    6766575.1441 5385255.51  20.4%  27.2  448s
 56531 52936 6103086.37 5849  276 6766575.14 5385255.51  20.4%  27.2  451s
H57114 53578                    6763810.6217 5385255.51  20.4%  27.2  454s
 57315 53861 6134622.39 6005  270 6763810.62 5385255.51  20.4%  27.3  456s
H57448 53861                    6755943.6101 5385255.51  20.3%  27.3  456s
 58123 54520 6143363.07 6195  259 6755943.61 5385255.51  20.3%  27.2  460s
H58565 54913                    6755831.3399 5385255.51  20.3%  27.3  463s
 58715 55081 6212468.36 6355  297 6755831.34 5385255.51  20.3%  27.4  465s
 59190 55532 6267279.19 6355  301 6755831.34 5385255.51  20.3%  27.6  470s
 59809 56152 6221464.90 6354  296 6755831.34 5385255.51  20.3%  28.0  475s
 60072 56337 6207674.99 6354  305 6755831.34 5385255.51  20.3%  28.1  482s
 60168 56547 6221499.64 6354  296 6755831.34 5385255.51  20.3%  28.1  485s
H60284 56639                    6753064.9353 5385255.51  20.3%  28.2  486s
 60671 57064 6230979.77 6355  293 6753064.94 5385255.51  20.3%  28.3  490s
 61004 57354 6249417.79 6355  297 6753064.94 5385255.51  20.3%  28.4  495s
 61600 57985 6285419.89 6354  300 6753064.94 5385255.51  20.3%  28.6  501s
 61957 58337 6267350.94 6354  300 6753064.94 5385262.80  20.3%  28.7  505s
 62607 59008 5525510.94  254  287 6753064.94 5385262.80  20.3%  28.7  510s
 63088 59550 5527569.71  399  286 6753064.94 5385262.80  20.3%  28.9  515s
 63672 60208 5533074.08  605  286 6753064.94 5385262.80  20.3%  28.9  520s
 64457 60829 5658369.01  830  292 6753064.94 5385262.80  20.3%  29.0  525s
 65007 61398 5708851.91  948  281 6753064.94 5385262.80  20.3%  29.3  531s
 65135 61418 5721991.75  985  282 6753064.94 5385262.80  20.3%  29.4  536s
 65407 61864 5744981.83 1069  295 6753064.94 5385262.80  20.3%  29.5  540s
 66073 62492 5779239.91 1272  282 6753064.94 5385262.80  20.3%  29.7  546s
 66506 62891 5807637.33 1367  292 6753064.94 5385262.80  20.3%  30.0  550s
 67120 63552 5848167.04 1509  285 6753064.94 5385262.80  20.3%  30.2  556s
 67683 64182 5855899.17 1650  264 6753064.94 5385262.80  20.3%  30.4  561s
 68262 64830 5857768.65 1800  260 6753064.94 5385262.80  20.3%  30.4  565s
 69187 65648 5860576.30 2046  265 6753064.94 5385262.80  20.3%  30.3  571s
 69930 66501 5862552.14 2218  268 6753064.94 5385262.80  20.3%  30.3  576s
 70238 66503 5863393.62 2298  269 6753064.94 5385262.80  20.3%  30.3  582s
 70493 66985 5864230.68 2369  273 6753064.94 5385262.80  20.3%  30.3  585s
 71142 67655 5873375.61 2534  290 6753064.94 5385262.80  20.3%  30.3  590s
 72058 68607 5877015.03 2796  279 6753064.94 5385262.80  20.3%  30.2  595s
 72864 69536 5871988.90 3037  275 6753064.94 5385262.80  20.3%  30.0  601s
 73328 69823 5873381.64 3161  277 6753064.94 5385262.80  20.3%  29.9  606s
 74293 70887 5876393.90 3413  277 6753064.94 5385262.80  20.3%  29.6  611s
 75026 71652 5878949.85 3630  277 6753064.94 5385262.80  20.3%  29.4  615s
 75570 72074 5881655.38 3815  263 6753064.94 5385262.80  20.3%  29.3  621s
 76383 72986 5919130.65 3978  258 6753064.94 5385262.80  20.3%  29.1  625s
 77397 73857 5978926.57 4200  260 6753064.94 5385262.80  20.3%  29.1  631s
 77941 74435 5980345.37 4348  260 6753064.94 5385262.80  20.3%  29.2  635s
 78778 75311 5983233.35 4542  256 6753064.94 5385262.80  20.3%  29.2  641s
 79555 76055 5997162.10 4742  265 6753064.94 5385262.80  20.3%  29.2  646s
 80217 76732 5990736.02 4939  257 6753064.94 5385262.80  20.3%  29.2  650s
 80706 76971 6013512.62 5055  284 6753064.94 5385262.80  20.3%  29.2  659s
 80708 77147 6023601.01 5055  298 6753064.94 5385262.80  20.3%  29.2  661s
 81201 77685 6045142.57 5176  282 6753064.94 5385262.80  20.3%  29.2  665s
 82113 78614 6076400.06 5370  255 6753064.94 5385262.80  20.3%  29.2  671s
 82668 79167 6087823.87 5512  253 6753064.94 5385262.80  20.3%  29.2  676s
 83362 79823 6088739.91 5732  253 6753064.94 5385262.80  20.3%  29.3  681s
 83935 80446 6089554.21 5917  253 6753064.94 5385262.80  20.3%  29.3  685s
 84637 81079 6092451.86 6122  255 6753064.94 5385262.80  20.3%  29.3  690s
 85476 81848 6105975.26 6353  286 6753064.94 5385262.80  20.3%  29.4  696s
 85785 82050 6127724.81 6355  298 6753064.94 5385262.80  20.3%  29.4  703s
 85787 82184 6107768.98 6355  287 6753064.94 5385262.80  20.3%  29.4  705s
 86327 82764 6144663.31 6354  312 6753064.94 5385262.80  20.3%  29.5  710s
 86750 83202 6130242.10 6355  297 6753064.94 5385262.80  20.3%  29.6  715s
 87447 83831 6172106.64 6355  323 6753064.94 5385262.80  20.3%  29.6  720s
 88025 84445 6127023.51 6353  298 6753064.94 5385262.80  20.3%  29.7  725s
 88696 85046 6123033.15 6350  297 6753064.94 5385262.80  20.3%  29.8  730s
 89159 85504 6185782.85 6355  322 6753064.94 5385262.80  20.3%  30.1  736s
 89555 85937 6136459.60 6354  300 6753064.94 5385262.80  20.3%  30.2  741s
 89980 86379 6155257.39 6354  312 6753064.94 5385262.80  20.3%  30.4  745s
 90630 87012 6154930.70 6353  313 6753064.94 5385262.80  20.3%  30.6  750s
 90849 87130 6134999.41 6355  301 6753064.94 5385262.80  20.3%  30.7  757s
 90987 87353 6155115.25 6355  312 6753064.94 5385262.80  20.3%  30.7  760s
 91417 87789 6158693.06 6355  314 6753064.94 5385262.80  20.3%  30.9  765s
 91885 88292 6159667.35 6355  313 6753064.94 5385262.80  20.3%  31.0  771s
 92431 88826 5516584.22  133  312 6753064.94 5385333.85  20.3%  31.1  776s
 92842 89288 5671838.23  241  295 6753064.94 5385333.85  20.3%  31.2  780s
 93303 89694 5673008.17  345  299 6753064.94 5385333.85  20.3%  31.3  785s
 93842 90250 5788588.31  509  302 6753064.94 5385333.85  20.3%  31.5  790s
 94525 90895 5853960.46  700  292 6753064.94 5385333.85  20.3%  31.9  795s
 95086 91517 5868428.98  842  285 6753064.94 5385333.85  20.3%  32.2  800s
 95572 92022 5873872.69  979  289 6753064.94 5385333.85  20.3%  32.3  805s
 95922 92217 5887488.25 1080  292 6753064.94 5385333.85  20.3%  32.5  812s
 96094 92600 5903495.71 1116  294 6753064.94 5385333.85  20.3%  32.5  816s
 96551 93033 5924016.28 1265  293 6753064.94 5385333.85  20.3%  32.6  820s
 97288 93700 5952604.38 1464  302 6753064.94 5385333.85  20.3%  32.6  825s
 97867 94314 5934397.15 1609  281 6753064.94 5385333.85  20.3%  32.7  830s
 98427 94903 5982956.41 1757  288 6753064.94 5385333.85  20.3%  32.9  836s
 98877 95362 5995824.38 1862  281 6753064.94 5385333.85  20.3%  33.0  840s
 99537 96101 5997585.35 2010  274 6753064.94 5385333.85  20.3%  33.1  846s
 100125 96622 6000352.84 2177  268 6753064.94 5385333.85  20.3%  33.1  850s
 100921 97384 6024296.84 2383  282 6753064.94 5385333.85  20.3%  33.1  861s
 101341 97778 6054241.65 2488  277 6753064.94 5385333.85  20.3%  33.2  865s
 101920 98464 6070991.30 2644  282 6753064.94 5385333.85  20.3%  33.3  871s
 102438 98947 6077907.36 2753  276 6753064.94 5385333.85  20.3%  33.4  875s
 103230 99751 6090722.63 2952  276 6753064.94 5385333.85  20.3%  33.4  881s
 103761 100280 6083740.20 3106  271 6753064.94 5385333.85  20.3%  33.4  885s
 104470 100918 6127318.04 3269  283 6753064.94 5385333.85  20.3%  33.5  891s
 104936 101454 6134919.95 3377  276 6753064.94 5385333.85  20.3%  33.5  896s
 105395 101903 6136154.01 3482  279 6753064.94 5385333.85  20.3%  33.5  900s
 106045 102528 6137782.77 3628  275 6753064.94 5385333.85  20.3%  33.6  906s
 106265 102530 6140976.86 3676  272 6753064.94 5385333.85  20.3%  33.6  918s
 106267 102762 6159928.78 3676  294 6753064.94 5385333.85  20.3%  33.6  920s
 106751 103390 6186459.02 3783  270 6753064.94 5385333.85  20.3%  33.6  925s
 107767 104410 6190354.94 4046  267 6753064.94 5385333.85  20.3%  33.5  932s
 108531 105106 6192544.38 4250  269 6753064.94 5385333.85  20.3%  33.4  936s
 109149 105781 6194055.13 4394  267 6753064.94 5385333.85  20.3%  33.3  940s
 110116 106733 6198594.44 4598  273 6753064.94 5385333.85  20.3%  33.2  946s
 110794 107331 6199699.41 4723  277 6753064.94 5385333.85  20.3%  33.2  950s
 111363 107628 6208297.06 4820  288 6753064.94 5385333.85  20.3%  33.1  959s
 111365 107957 6212736.92 4820  291 6753064.94 5385333.85  20.3%  33.1  960s
 112138 108744 6253281.28 4978  275 6753064.94 5385333.85  20.3%  33.1  965s
 113134 109732 6281605.09 5244  285 6753064.94 5385333.85  20.3%  32.9  971s
 113752 110239 6284713.33 5382  261 6753064.94 5385333.85  20.3%  32.9  975s
 114454 110943 6287162.22 5515  263 6753064.94 5385333.85  20.3%  32.8  980s
 115128 111630 6290004.21 5669  271 6753064.94 5385333.85  20.3%  32.8  985s
 115787 112322 6292777.85 5818  269 6753064.94 5385333.85  20.3%  32.8  990s
 116538 112803 6295957.54 5988  262 6753064.94 5385333.85  20.3%  32.8 1002s
 116729 113211 6309381.19 6027  264 6753064.94 5385333.85  20.3%  32.7 1005s
 117355 113834 6321961.90 6247  281 6753064.94 5385333.85  20.3%  32.7 1010s
 117968 114451 6409283.83 6354  269 6753064.94 5385333.85  20.3%  32.6 1015s
 118795 115455 6358802.11 6354  283 6753064.94 5385333.85  20.3%  32.4 1020s
 119819 116357 6392628.34 6355  292 6753064.94 5385333.85  20.3%  32.2 1025s
 121041 117593 5414026.43   73  349 6753064.94 5385418.87  20.3%  31.9 1031s
 121824 118313 5550943.63  254  313 6753064.94 5385418.87  20.3%  31.8 1035s
 122513 118895 5671205.05  402  300 6753064.94 5385418.87  20.3%  31.7 1040s
 123106 119501 5773867.20  567  298 6753064.94 5385418.87  20.3%  31.8 1045s
 123781 120046 5794889.58  701  299 6753064.94 5385418.87  20.3%  31.8 1055s
 124363 120840 5797202.42  773  299 6753064.94 5385418.87  20.3%  31.8 1060s
 124959 121469 5799511.06  843  301 6753064.94 5385418.87  20.3%  31.8 1065s
 125874 122306 5805746.76  986  297 6753064.94 5385418.87  20.3%  31.6 1070s
 126487 123094 5893441.33 1189  296 6753064.94 5385418.87  20.3%  31.7 1075s
 127873 124533 5978652.53 1626  292 6753064.94 5385418.87  20.3%  31.4 1081s
 128905 125455 5989172.15 2178  286 6753064.94 5385418.87  20.3%  31.2 1085s
 129725 126260 6097391.94 2393  286 6753064.94 5385418.87  20.3%  31.2 1090s
 130777 127309 6306646.70 2781  292 6753064.94 5385418.87  20.3%  31.1 1095s
 131590 128112 6425690.05 2993  278 6753064.94 5385418.87  20.3%  31.1 1100s
 132414 128880 6540279.73 3172  265 6753064.94 5385418.87  20.3%  31.0 1109s
 132617 129098 6553478.24 3189  264 6753064.94 5385418.87  20.3%  31.0 1111s
 133515 130196 6622441.17 3449  260 6753064.94 5385418.87  20.3%  30.8 1116s
 134857 131593 6631492.97 4045  252 6753064.94 5385418.87  20.3%  30.6 1120s
 136029 132594 6634717.44 4489  251 6753064.94 5385418.87  20.3%  30.3 1125s
 137033 133642 6643746.09 5214  256 6753064.94 5385418.87  20.3%  30.2 1130s
 138050 134477 6650001.45 5731  249 6753064.94 5385418.87  20.3%  30.0 1135s
 139045 135503 6650680.27 6331  249 6753064.94 5385418.87  20.3%  29.8 1140s
 140067 136519 6676013.24 6355  262 6753064.94 5385418.87  20.3%  29.8 1145s
 140851 137244 6699585.95 6355  264 6753064.94 5385418.87  20.3%  29.7 1150s
 141260 137525 6710843.40 6354  259 6753064.94 5385418.87  20.3%  29.7 1159s
 141262 137642 6710893.14 6355  259 6753064.94 5385418.87  20.3%  29.7 1160s
 141805 138156 5456667.52  117  334 6753064.94 5385531.30  20.3%  29.6 1165s
 142307 138626 5642056.17  334  306 6753064.94 5385531.30  20.3%  29.7 1170s
 142770 139089 5784692.84  407  296 6753064.94 5385531.30  20.3%  29.8 1175s
 143351 139712 5892283.52  523  295 6753064.94 5385531.30  20.3%  29.9 1180s
 144091 140481 5965865.61  731  294 6753064.94 5385531.30  20.3%  29.9 1185s
 144764 141296 6090199.56  928  286 6753064.94 5385531.30  20.3%  29.9 1190s
 145649 142126 6204016.87 1324  281 6753064.94 5385531.30  20.3%  29.7 1195s
 146255 142668 6249743.59 1683  275 6753064.94 5385531.30  20.3%  29.7 1202s
 146747 143253 6253584.24 1916  278 6753064.94 5385531.30  20.3%  29.6 1205s
 147657 144214 6453609.24 2282  275 6753064.94 5385531.30  20.3%  29.5 1211s
 148475 145149 6553497.87 2489  278 6753064.94 5385531.30  20.3%  29.5 1216s
 149287 145853 6553203.14 2833  260 6753064.94 5385531.30  20.3%  29.4 1220s
 150204 146792 6554658.77 2955  263 6753064.94 5385531.30  20.3%  29.3 1226s
 151181 147674 6575371.11 3103  272 6753064.94 5385531.30  20.3%  29.1 1230s
 152568 149058 6558839.17 3299  267 6753064.94 5385531.30  20.3%  29.0 1235s
 153148 149416 6560293.08 3414  269 6753064.94 5385531.30  20.3%  29.0 1243s
 153351 149756 6560613.02 3444  269 6753064.94 5385531.30  20.3%  29.0 1246s
 154234 150791 6575909.87 3580  271 6753064.94 5385531.30  20.3%  28.9 1250s
 155535 152101 6564136.87 3727  269 6753064.94 5385531.30  20.3%  28.8 1256s
 156504 153149 6597483.27 4138  264 6753064.94 5385531.30  20.3%  28.6 1260s
 157886 154509 6605094.88 5016  265 6753064.94 5385531.30  20.3%  28.4 1266s
 158790 155381 6617337.68 5611  257 6753064.94 5385531.30  20.3%  28.3 1270s
 159887 156219 6629289.11 6350  256 6753064.94 5385531.30  20.3%  28.1 1275s
 160573 156952 6650312.69 6355  265 6753064.94 5385531.30  20.3%  28.1 1280s
 161131 157572 6662111.60 6355  270 6753064.94 5385531.30  20.3%  28.1 1285s
 161980 158354 6689979.97 6355  267 6753064.94 5385531.30  20.3%  28.0 1290s
 162379 158656 6709773.40 6355  268 6753064.94 5385531.30  20.3%  27.9 1297s
 162522 158774     cutoff 6355      6753064.94 5385531.30  20.3%  27.9 1300s
 163148 159440 5627346.95  239  308 6753064.94 5385585.79  20.2%  27.9 1305s
 163645 159964 5878753.28  321  292 6753064.94 5385585.79  20.2%  28.0 1310s
 164394 160870 6000458.33  643  289 6753064.94 5385585.79  20.2%  27.9 1315s
 165544 161803 6011862.64 1329  288 6753064.94 5385585.79  20.2%  27.8 1320s
 166199 162450 6155153.89 1535  283 6753064.94 5385585.79  20.2%  27.8 1326s
 166666 163037 6258648.51 1687  286 6753064.94 5385585.79  20.2%  27.9 1330s
 167537 163706 6459274.24 1956  280 6753064.94 5385585.79  20.2%  27.8 1342s
 167851 164189 6538801.20 2052  276 6753064.94 5385585.79  20.2%  27.9 1346s
 168429 164864 6622686.18 2303  273 6753064.94 5385585.79  20.2%  27.8 1350s
 169622 166231 6627034.61 2904  263 6753064.94 5385585.79  20.2%  27.7 1356s
 170613 166905 6650411.61 3582  261 6753064.94 5385585.79  20.2%  27.6 1360s
 171414 167775 6662270.46 4238  261 6753064.94 5385585.79  20.2%  27.5 1365s
 172532 168864 6665233.11 5084  257 6753064.94 5385585.79  20.2%  27.3 1371s
 173403 169573 6668663.22 5887  260 6753064.94 5385585.79  20.2%  27.2 1376s
 174094 170239 6693153.95 6355  265 6753064.94 5385585.79  20.2%  27.2 1380s
 174827 170905 6704294.12 6354  271 6753064.94 5385585.79  20.2%  27.2 1385s
 175475 171555     cutoff 6355      6753064.94 5385585.79  20.2%  27.3 1390s
 176379 172510 6721065.60 6354  273 6753064.94 5385585.79  20.2%  27.4 1395s
 176919 172750 6726135.99 6355  273 6753064.94 5385585.79  20.2%  27.3 1402s
 177120 173006     cutoff 6355      6753064.94 5385585.79  20.2%  27.3 1405s
 177995 173771 5435471.94   87  318 6753064.94 5385599.27  20.2%  27.2 1410s
 178821 174527 5600190.05  166  292 6753064.94 5385599.27  20.2%  27.2 1415s
 179476 175239 5610126.08  268  298 6753064.94 5385599.27  20.2%  27.3 1420s
 180434 176237 5613978.67  468  297 6753064.94 5385599.27  20.2%  27.2 1425s
 181190 176923 5662853.24  576  295 6753064.94 5385599.27  20.2%  27.1 1430s
 181936 177716 5767837.44  672  308 6753064.94 5385599.27  20.2%  27.2 1435s
 182894 178775 5868880.38  845  299 6753064.94 5385599.27  20.2%  27.1 1441s
 183192 178777 5876988.02  864  297 6753064.94 5385599.27  20.2%  27.1 1447s
 183471 179288 5900884.60  909  299 6753064.94 5385599.27  20.2%  27.1 1450s
 184424 180322 5966402.18 1050  304 6753064.94 5385599.27  20.2%  27.0 1455s
 185516 181266 6061221.13 1208  293 6753064.94 5385599.27  20.2%  26.9 1460s
 186189 181856 6098585.58 1705  282 6753064.94 5385599.27  20.2%  26.9 1465s
 187162 182886 6136032.01 2253  281 6753064.94 5385599.27  20.2%  26.9 1470s
 188114 183701 6175587.14 2957  287 6753064.94 5385599.27  20.2%  26.9 1475s
 188559 184125 6265745.85 3097  290 6753064.94 5385599.27  20.2%  26.9 1480s
 189194 184795 6347406.06 3349  274 6753064.94 5385599.27  20.2%  27.0 1485s
 189340 184894 6354876.06 3405  272 6753064.94 5385599.27  20.2%  27.0 1490s
 189823 185511 6399533.36 3605  266 6753064.94 5385599.27  20.2%  27.1 1496s
 190665 186307 6475566.75 3925  279 6753064.94 5385599.27  20.2%  27.0 1500s
 191386 187211 6529977.30 4458  257 6753064.94 5385599.27  20.2%  27.0 1505s
 192794 188583 6614932.44 5491  260 6753064.94 5385599.27  20.2%  26.9 1511s
 193787 189586 6665132.62 6235  247 6753064.94 5385599.27  20.2%  26.8 1515s
 194601 190319 6680188.59 6355  260 6753064.94 5385599.27  20.2%  26.8 1520s
 195696 191411 6690155.04 6354  253 6753064.94 5385599.27  20.2%  26.7 1525s
 196666 192296 6717530.52 6355  259 6753064.94 5385609.48  20.2%  26.7 1530s
 196839 192318 5465867.56  147  349 6753064.94 5385644.28  20.2%  26.7 1536s
 197153 192650 5965437.00  347  340 6753064.94 5385644.28  20.2%  26.7 1540s
 197543 193120 5411222.34   86  328 6753064.94 5385661.94  20.2%  26.8 1546s
 198145 193683 5828714.46  471  292 6753064.94 5385661.94  20.2%  26.9 1550s
 198652 194437 6462294.03  668  265 6753064.94 5385661.94  20.2%  26.9 1555s
 199815 195642 6696193.62 1554  250 6753064.94 5385661.94  20.2%  26.8 1560s
 201509 197186 6700711.29 2803  250 6753064.94 5385661.94  20.2%  26.6 1565s
 202774 198517 6716432.67 3481  248 6753064.94 5385661.94  20.2%  26.5 1570s
 203586 198915 5456448.05  131  327 6753064.94 5385663.08  20.2%  26.5 1580s
 204025 199491 5615029.34  216  298 6753064.94 5385663.08  20.2%  26.6 1585s
 204635 200158 5783388.72  382  294 6753064.94 5385663.08  20.2%  26.6 1590s
 205337 200815 5851451.80  496  294 6753064.94 5385663.08  20.2%  26.6 1595s
 205899 201442 5913348.02  570  292 6753064.94 5385663.08  20.2%  26.6 1600s
 206836 202289 6103677.52  820  287 6753064.94 5385663.08  20.2%  26.6 1605s
 207523 203034 6248376.75  977  287 6753064.94 5385663.08  20.2%  26.7 1610s
 208461 204000 6349831.97 1128  275 6753064.94 5385663.08  20.2%  26.8 1616s
 209299 204839 6351666.31 1246  274 6753064.94 5385663.08  20.2%  26.8 1620s
 209715 205172 6364110.47 1299  281 6753064.94 5385663.08  20.2%  26.9 1630s
 210382 205966 6379501.10 1438  281 6753064.94 5385663.08  20.2%  26.9 1635s
 211237 206851 6380676.30 1652  281 6753064.94 5385663.08  20.2%  26.8 1640s
 212584 208162 6375580.80 1985  272 6753064.94 5385663.08  20.2%  26.8 1646s
 213576 209267 6368224.57 2258  273 6753064.94 5385663.08  20.2%  26.8 1651s
 214624 210247 6371633.72 2525  273 6753064.94 5385663.08  20.2%  26.8 1656s
 215479 211071 6511060.91 2716  269 6753064.94 5385663.08  20.2%  26.8 1660s
 216584 212233 6581278.87 2995  264 6753064.94 5385663.08  20.2%  26.8 1665s
 217929 213561 6597588.61 3466  260 6753064.94 5385663.08  20.2%  26.7 1671s
 218930 214665 6600503.65 3839  258 6753064.94 5385663.08  20.2%  26.7 1675s
 220399 215925 6603204.95 4177  258 6753064.94 5385663.08  20.2%  26.5 1680s
 221639 217285 6604959.09 4449  261 6753064.94 5385663.08  20.2%  26.4 1685s
 222685 218188 6607229.72 4752  259 6753064.94 5385663.08  20.2%  26.3 1690s
 223334 218668 6629264.78 5137  265 6753064.94 5385663.08  20.2%  26.3 1699s
 223341 218769 6610673.15 5139  258 6753064.94 5385663.08  20.2%  26.3 1700s
 223984 219538 6627235.79 5395  261 6753064.94 5385663.08  20.2%  26.2 1705s
 225107 220548 6631914.05 5901  261 6753064.94 5385663.08  20.2%  26.2 1710s
 226054 221567 6691064.67 6349  262 6753064.94 5385663.08  20.2%  26.1 1715s
 226643 222068 6718955.52 6354  262 6753064.94 5385663.08  20.2%  26.1 1720s
 227368 222648 6741575.74 6354  259 6753064.94 5385663.08  20.2%  26.0 1726s
 227854 222815     cutoff 6354      6753064.94 5385663.08  20.2%  26.0 1730s
 228417 223233 6579707.94  278  308 6753064.94 5385704.87  20.2%  26.1 1735s
 228820 223690 5488977.50  200  315 6753064.94 5385711.75  20.2%  26.1 1740s
 229515 224419 5742038.49  489  295 6753064.94 5385711.75  20.2%  26.1 1745s
 230134 225102 6519943.94  761  265 6753064.94 5385711.75  20.2%  26.1 1750s
 231187 226192 6702580.37 1343  251 6753064.94 5385711.75  20.2%  26.1 1755s
 232415 227408 6711451.65 2504  250 6753064.94 5385711.75  20.2%  26.0 1760s
 233106 227759 6721908.53 2987  249 6753064.94 5385711.75  20.2%  26.0 1770s
 233650 228471 6717076.09 3212  250 6753064.94 5385711.75  20.2%  25.9 1776s
 234166 228931 6738021.25 3439  231 6753064.94 5385721.96  20.2%  25.9 1780s
 234771 229452 6529168.54  359  318 6753064.94 5385746.93  20.2%  25.9 1785s
 235330 230116 5515104.75  186  358 6753064.94 5385747.76  20.2%  26.0 1791s
 235917 230587     cutoff  400      6753064.94 5385747.76  20.2%  26.0 1795s
 236440 231053 5490116.32  207  319 6753064.94 5385757.46  20.2%  26.0 1800s
 237358 232018 5873938.32  741  292 6753064.94 5385757.46  20.2%  26.0 1805s
 238032 232985 6543490.37 1062  263 6753064.94 5385757.46  20.2%  26.0 1810s
 239370 234462 6685593.76 1888  250 6753064.94 5385757.46  20.2%  25.9 1816s
 240676 235421 6721653.95 2890  248 6753064.94 5385757.46  20.2%  25.8 1821s
 241177 235585 5451382.54  151  356 6753064.94 5385758.08  20.2%  25.8 1828s
 241315 235862 5519054.38  254  349 6753064.94 5385758.08  20.2%  25.8 1830s
 241786 236244 6553540.99  456  323 6753064.94 5385758.08  20.2%  25.8 1835s
 242409 236919 6725183.25  471  317 6753064.94 5385758.08  20.2%  25.8 1840s
 243332 237850 6111983.28  232  320 6753064.94 5385765.39  20.2%  25.8 1845s
 244425 239077 5536627.99  121  303 6753064.94 5385769.16  20.2%  25.7 1850s
 245329 240015 5659420.69  279  280 6753064.94 5385769.16  20.2%  25.7 1855s
 246846 241423 5638517.49  627  284 6753064.94 5385769.16  20.2%  25.6 1860s
 248166 242684 5659804.56  807  286 6753064.94 5385769.16  20.2%  25.5 1865s
 249567 244225 5700405.45  929  291 6753064.94 5385769.16  20.2%  25.4 1870s
 250402 244908 5728302.14 1038  285 6753064.94 5385769.16  20.2%  25.3 1880s
 251215 245671 5782914.87 1208  298 6753064.94 5385769.16  20.2%  25.3 1885s
 252006 246546 5781320.48 1378  282 6753064.94 5385769.16  20.2%  25.3 1891s
 252748 247378 5808090.69 1528  283 6753064.94 5385769.16  20.2%  25.3 1895s
 253927 248410 5841640.50 1832  275 6753064.94 5385769.16  20.2%  25.2 1900s
 254810 249442 5848560.69 2044  273 6753064.94 5385769.16  20.2%  25.2 1905s
 256164 250560 5868852.32 2414  277 6753064.94 5385769.16  20.2%  25.1 1910s
 257037 251431 5912284.61 2762  286 6753064.94 5385769.16  20.2%  25.1 1915s
 258126 252627 5890314.84 3061  273 6753064.94 5385769.16  20.2%  25.0 1920s
 259258 253564 5901452.65 3345  275 6753064.94 5385769.16  20.2%  24.9 1925s
 260753 255035 5919841.34 3791  273 6753064.94 5385769.16  20.2%  24.8 1930s
 261917 256360 5929711.49 4117  273 6753064.94 5385769.16  20.2%  24.8 1935s
 263147 257556 5947348.31 4363  280 6753064.94 5385769.16  20.2%  24.7 1940s
 264437 258915 5968250.01 4597  272 6753064.94 5385769.16  20.2%  24.6 1945s
 265708 260051 5975764.09 4848  274 6753064.94 5385769.16  20.2%  24.5 1950s
 266813 260935 5998964.50 5179  275 6753064.94 5385769.16  20.2%  24.4 1955s
 267521 261722 5989673.28 5414  268 6753064.94 5385769.16  20.2%  24.4 1960s
 267718 261724 6029024.43 5491  273 6753064.94 5385769.16  20.2%  24.3 1967s
 268074 262224 6041367.35 5610  270 6753064.94 5385769.16  20.2%  24.3 1970s
 268626 262737 6050574.59 5827  267 6753064.94 5385769.16  20.2%  24.3 1975s
 269535 263717 6075053.59 6202  268 6753064.94 5385769.16  20.2%  24.3 1980s
 270329 264523 6115159.58 6355  272 6753064.94 5385769.16  20.2%  24.3 1985s
 271349 265552 6220667.81 6355  271 6753064.94 5385769.16  20.2%  24.2 1991s
 272244 266344 6239559.70 6355  267 6753064.94 5385853.06  20.2%  24.2 1995s
 272721 266803 6528928.50  309  302 6753064.94 5385853.06  20.2%  24.2 2000s
 273511 267592 5622298.00  329  353 6753064.94 5385853.06  20.2%  24.2 2005s
 274163 268228 6722814.97  452  312 6753064.94 5385863.16  20.2%  24.3 2010s
 275280 269498 6362078.65  688  286 6753064.94 5385863.16  20.2%  24.2 2015s
 276406 270512 5757165.60  344  290 6753064.94 5385893.25  20.2%  24.2 2020s
 277259 271068 5888405.94  813  315 6753064.94 5385893.25  20.2%  24.1 2028s
 277416 271399 5899574.62  873  307 6753064.94 5385893.25  20.2%  24.1 2030s
 278617 272793 6304314.70 1377  284 6753064.94 5385893.25  20.2%  24.1 2035s
 280552 274729 6350567.94 2346  268 6753064.94 5385893.25  20.2%  23.9 2040s
H281401 274808                    6736454.6037 5385893.25  20.0%  23.9 2042s
H281595 274330                    6728768.8724 5385893.25  20.0%  23.9 2043s
 282099 274823 6597430.31 3315  254 6728768.87 5385893.25  20.0%  23.9 2046s
 282807 275410 5741308.32  384  348 6728768.87 5385893.25  20.0%  23.8 2050s
 283490 276184     cutoff  453      6728768.87 5385893.25  20.0%  23.9 2056s
 284507 277311 5868828.39  245  292 6728768.87 5385898.56  20.0%  23.8 2061s
 285584 278446 6350158.62  709  288 6728768.87 5385898.56  20.0%  23.7 2065s
 286898 279445 5489204.84  111  322 6728768.87 5385906.86  20.0%  23.6 2070s
 287726 280219 5605384.70  146  306 6728768.87 5385906.86  20.0%  23.6 2076s
 288202 280682 5822277.48  178  296 6728768.87 5385906.86  20.0%  23.6 2080s
 288784 281279 6520034.07  312  269 6728768.87 5385906.86  20.0%  23.6 2085s
 289557 281951 5429569.24   74  342 6728768.87 5385910.52  20.0%  23.6 2090s
 289857 282202 5481854.81  167  332 6728768.87 5385910.52  20.0%  23.6 2095s
H290354 282640                    6728768.7625 5385910.52  20.0%  23.5 2098s
 290646 282994 5610527.52  258  317 6728768.76 5385910.52  20.0%  23.5 2100s
 291553 283911 5665057.66  302  307 6728768.76 5385910.52  20.0%  23.5 2105s
 292500 284880 5737351.68  404  302 6728768.76 5385910.52  20.0%  23.5 2110s
 293603 286090 5758219.47  549  305 6728768.76 5385910.52  20.0%  23.4 2115s
 294807 287064 5757025.96  662  305 6728768.76 5385910.52  20.0%  23.4 2124s
 294887 287289 5752978.77  679  301 6728768.76 5385910.52  20.0%  23.4 2126s
 295686 288044 5763054.93  712  305 6728768.76 5385910.52  20.0%  23.3 2130s
Created node file directory '/home/ps12398/experiment_epec/goalProgrammingMarcos//grbnodes10'
 295879 288104 5779637.77  726  301 6728768.76 5385910.52  20.0%  23.3 2193s
 296088 288315 5789986.37  747  303 6728768.76 5385910.52  20.0%  23.3 2195s
 296750 288979 5782570.19  834  302 6728768.76 5385910.52  20.0%  23.3 2200s
 297536 289741 5785758.51  928  302 6728768.76 5385910.52  20.0%  23.3 2205s
 298478 290699 5910196.03 1049  297 6728768.76 5385910.52  20.0%  23.3 2210s
 299104 291242 6041583.11 1209  292 6728768.76 5385910.52  20.0%  23.4 2215s
 299529 291698 6146821.19 1359  284 6728768.76 5385910.52  20.0%  23.4 2220s
 299990 292065 6262360.87 1511  281 6728768.76 5385910.52  20.0%  23.5 2229s
 299992 292170 6269149.88 1512  279 6728768.76 5385910.52  20.0%  23.5 2230s
 300762 292999 6360059.08 1935  274 6728768.76 5385910.52  20.0%  23.5 2235s
 301633 293924 6365053.20 2296  271 6728768.76 5385910.52  20.0%  23.5 2240s
 302550 294933 6378306.44 2698  269 6728768.76 5385910.52  20.0%  23.6 2246s
 303181 295449 6398925.36 2954  282 6728768.76 5385910.52  20.0%  23.6 2251s
 304047 296471 6407611.42 3364  268 6728768.76 5385910.52  20.0%  23.6 2256s
 304717 297016 6440409.15 3896  278 6728768.76 5385910.52  20.0%  23.6 2323s
 304943 297314 6441991.71 4038  262 6728768.76 5385910.52  20.0%  23.6 2325s
 306217 298626 6534856.15 4935  263 6728768.76 5385910.52  20.0%  23.5 2330s
 307343 299715 6591163.98 5702  252 6728768.76 5385910.52  20.0%  23.5 2335s
 308464 300805 6601727.90 6325  252 6728768.76 5385910.52  20.0%  23.5 2341s
 309273 301651 6628858.33 6354  257 6728768.76 5385910.52  20.0%  23.5 2346s
 310026 302375 6642447.53 6354  257 6728768.76 5385910.52  20.0%  23.5 2350s
 310302 302701 6634433.97 6354  257 6728768.76 5385910.52  20.0%  23.5 2418s
 310628 303058 6651702.34 6354  256 6728768.76 5385910.52  20.0%  23.5 2420s
 311587 303727 5819319.01  408  345 6728768.76 5385922.59  20.0%  23.5 2425s
 311939 304159 6693628.91  459  314 6728768.76 5385922.59  20.0%  23.5 2430s
 312809 305023 6302499.82  272  306 6728768.76 5385922.59  20.0%  23.5 2435s
 313485 305717 5658114.10  176  302 6728768.76 5385950.95  20.0%  23.5 2441s
 314289 306599 5847707.10  646  286 6728768.76 5385950.95  20.0%  23.5 2445s
 315098 307378 6087429.28 1060  298 6728768.76 5385950.95  20.0%  23.5 2456s
 315908 308256 6294366.08 1558  269 6728768.76 5385950.95  20.0%  23.4 2461s
 316969 309310 6317840.41 2225  270 6728768.76 5385950.95  20.0%  23.4 2465s
 318058 310417 6517970.84 2928  264 6728768.76 5385950.95  20.0%  23.3 2540s
 319202 311672 6574296.68 3641  254 6728768.76 5385950.95  20.0%  23.2 2545s
 320470 312716 6579418.29 4459  255 6728768.76 5385950.95  20.0%  23.2 2552s
 321024 313285 6583108.87 4872  253 6728768.76 5385950.95  20.0%  23.1 2555s
 322110 314470 6610209.73 5542  248 6728768.76 5385950.95  20.0%  23.1 2560s
 323218 315358 6426438.22  262  310 6728768.76 5385950.95  20.0%  23.1 2565s
 324045 316258 5571527.54  231  328 6728768.76 5385950.95  20.0%  23.0 2570s
 324786 316860 6543569.13  366  316 6728768.76 5385950.95  20.0%  23.0 2575s
 325653 317774 5389015.99   31  367 6728768.76 5385950.95  20.0%  23.0 2586s
 326394 318419 5614446.45  256  309 6728768.76 5385950.95  20.0%  22.9 2590s
 327299 319405 5695114.92  485  305 6728768.76 5385950.95  20.0%  22.9 2595s
 327971 319928 5700921.98  683  305 6728768.76 5385950.95  20.0%  22.9 2682s
 328312 320231 5706564.27  871  305 6728768.76 5385950.95  20.0%  22.9 2685s
 328956 320913 6233810.08 1383  285 6728768.76 5385950.95  20.0%  22.9 2690s
 330184 322498 6708466.16 2049  250 6728768.76 5385950.95  20.0%  22.8 2695s
 330735 322929 6709253.59 2408  250 6728768.76 5385950.95  20.0%  22.8 2701s
 331471 323467 6710181.96 2821  250 6728768.76 5385950.95  20.0%  22.7 2705s
 332618 324423 5660836.56  119  305 6728768.76 5386002.44  20.0%  22.7 2710s
 333394 325238 6310610.85  673  287 6728768.76 5386002.44  20.0%  22.6 2715s
 333773 325622 5434452.91   63  363 6728768.76 5386002.44  20.0%  22.6 2799s
 333995 325783 5531237.92  219  351 6728768.76 5386002.44  20.0%  22.6 2800s
 334531 326233 6670735.71  460  318 6728768.76 5386002.44  20.0%  22.6 2805s
 335049 326797     cutoff  469      6728768.76 5386002.44  20.0%  22.6 2810s
 335987 327794 5866803.38  234  325 6728768.76 5386003.60  20.0%  22.6 2816s
 336804 328583     cutoff  303      6728768.76 5386005.97  20.0%  22.6 2820s
 337714 329498 5801369.01  269  299 6728768.76 5386005.97  20.0%  22.5 2825s
 338816 330552 5893661.71  686  296 6728768.76 5386005.97  20.0%  22.5 2920s
 339703 331575 5983080.40 1069  289 6728768.76 5386005.97  20.0%  22.4 2925s
 340551 332386 6440347.55 1498  273 6728768.76 5386005.97  20.0%  22.4 2930s
H340668 332386                    6727459.5199 5386005.97  19.9%  22.4 2930s
H341130 325743                    6697887.5907 5386005.97  19.6%  22.4 2933s
H341378 325768                    6697865.4555 5386039.83  19.6%  22.4 2934s
 341486 325995 5588171.39  118  311 6697865.46 5386039.83  19.6%  22.4 2935s
H341535 325995                    6697687.6373 5386039.83  19.6%  22.4 2935s
H342309 326596                    6697687.6183 5386039.83  19.6%  22.3 2937s
 342650 327175 6594624.65  732  269 6697687.62 5386044.36  19.6%  22.3 2940s
 343550 328076 5682365.12  261  295 6697687.62 5386044.36  19.6%  22.3 2945s
 344474 329028 5822674.51  663  290 6697687.62 5386044.36  19.6%  22.2 3031s
 345388 329944 5874593.98 1095  285 6697687.62 5386044.36  19.6%  22.2 3035s
 346220 330468 5914787.83 1541  301 6697687.62 5386044.36  19.6%  22.2 3042s
 346567 331017 6030609.03 1667  298 6697687.62 5386044.36  19.6%  22.2 3045s
H346783 324189                    6693523.7518 5386044.36  19.5%  22.2 3046s
 347628 325199 6277456.43 2106  291 6693523.75 5386044.36  19.5%  22.1 3051s
 348426 325905 6642849.87 2461  281 6693523.75 5386044.36  19.5%  22.1 3055s
 349724 327152 6021831.52  413  289 6693523.75 5386149.19  19.5%  22.0 3060s
 350217 327654 6178569.21  622  288 6693523.75 5386149.19  19.5%  22.0 3144s
 350453 327870 6403204.71  679  276 6693523.75 5386149.19  19.5%  22.0 3145s
 351354 328512 5639724.69  200  315 6693523.75 5386153.31  19.5%  21.9 3154s
 351356 328671 5639876.64  201  315 6693523.75 5386153.31  19.5%  21.9 3155s
 352180 329595 5731887.54  563  299 6693523.75 5386153.31  19.5%  21.9 3160s
 353183 330481 5839059.85 1021  297 6693523.75 5386153.31  19.5%  21.8 3165s
 354296 331631 5889935.07 1786  287 6693523.75 5386153.31  19.5%  21.8 3170s
H354774 332017                    6693023.8561 5386153.31  19.5%  21.8 3172s
 355354 332591 5915248.64 2551  284 6693023.86 5386153.31  19.5%  21.8 3175s
H355813 333069                    6689681.8215 5386153.31  19.5%  21.8 3177s
H356003 333248                    6688672.4050 5386153.31  19.5%  21.8 3178s
H356145 333248                    6688397.4947 5386153.31  19.5%  21.8 3178s
 356182 333416 5940459.61 3143  282 6688397.49 5386153.31  19.5%  21.8 3180s
 356350 333570 5941825.22 3244  281 6688397.49 5386153.31  19.5%  21.8 3188s
 356579 333889 5943224.84 3322  283 6688397.49 5386153.31  19.5%  21.8 3190s
 357435 334828 5966235.62 3807  268 6688397.49 5386153.31  19.5%  21.7 3195s
 358062 335385 6019982.87 4150  312 6688397.49 5386153.31  19.5%  21.7 3271s
 359184 336653 6484182.84 4732  274 6688397.49 5386153.31  19.5%  21.7 3275s
 360746 338198 6608379.15 5770  258 6688397.49 5386153.31  19.5%  21.6 3281s
 361671 338756 5479439.97  161  339 6688397.49 5386159.39  19.5%  21.5 3288s
 361740 338899 5486014.10  175  330 6688397.49 5386159.39  19.5%  21.5 3290s
H361800 338899                    6687511.4142 5386159.39  19.5%  21.5 3290s
 362544 339788 5562955.55  257  307 6687511.41 5386159.39  19.5%  21.5 3295s
H362978 333137                    6683022.5168 5386159.39  19.4%  21.5 3298s
H363307 333462                    6682691.7577 5386159.39  19.4%  21.5 3300s
 364179 334419 5799362.82  375  295 6682691.76 5386159.39  19.4%  21.5 3380s
H364400 334537                    6682154.8172 5386159.39  19.4%  21.5 3381s
H364415 334537                    6681132.8442 5386159.39  19.4%  21.5 3381s
 364861 335066 5928122.82  443  292 6681132.84 5386159.39  19.4%  21.5 3385s
 365895 336188 6222038.29  661  265 6681132.84 5386159.39  19.4%  21.5 3391s
 366813 337096 6257801.67 1156  262 6681132.84 5386159.39  19.4%  21.4 3395s
 368114 338428 6410240.99 1696  252 6681132.84 5386159.39  19.4%  21.4 3400s
 369595 339897 6482230.67 2176  251 6681132.84 5386159.39  19.4%  21.4 3405s
 370482 340701 6484545.64 2417  249 6681132.84 5386159.39  19.4%  21.3 3474s
 370760 340703 6512137.89 2524  246 6681132.84 5386159.39  19.4%  21.3 3479s
H370762 340902                    6680427.9695 5386159.39  19.4%  21.3 3480s
H371335 341383                    6679126.2608 5386159.39  19.4%  21.3 3483s
 371442 341606 6516105.31 2738  246 6679126.26 5386159.39  19.4%  21.3 3485s
 372408 342621 6506927.08 3033  247 6679126.26 5386159.39  19.4%  21.3 3490s
 373746 343999 6612488.63 3352  244 6679126.26 5386159.39  19.4%  21.2 3496s
 374491 344588 6655450.18 3430  242 6679126.26 5386163.55  19.4%  21.2 3500s
 375351 345484 5622533.21  142  297 6679126.26 5386163.55  19.4%  21.2 3574s
 375593 345691 5782028.22  168  291 6679126.26 5386163.55  19.4%  21.2 3575s
 376576 346765 6440070.91  284  261 6679126.26 5386163.55  19.4%  21.2 3581s
 377608 347679 5522924.96  206  339 6679126.26 5386168.14  19.4%  21.2 3585s
 378442 348439 5412267.21   45  357 6679126.26 5386178.34  19.4%  21.2 3590s
 379223 349055 5992516.66  366  338 6679126.26 5386178.34  19.4%  21.2 3595s
 379605 349276 6642326.32  398  317 6679126.26 5386178.34  19.4%  21.2 3600s

Cutting planes:
  RLT: 245

Explored 379609 nodes (8057864 simplex iterations) in 3600.22 seconds (1813.98 work units)
Thread count was 2 (of 24 available processors)

Solution count 10: 6.67913e+06 6.68043e+06 6.68113e+06 ... 6.68968e+06

Time limit reached
Best objective 6.679126260761e+06, best bound 5.386178340143e+06, gap 19.3580%
