
Gurobi 11.0.3 (linux64, Java) logging started dom 01 dez 2024 06:52:13 -03

Set parameter Username
Academic license - for non-commercial use only - expires 2025-10-10
Set parameter NonConvex to value 2
Set parameter TimeLimit to value 3600
Set parameter LogToConsole to value 0
Set parameter MIPGap to value 3.6214606217221094e-08
Set parameter Threads to value 2
Set parameter NodefileDir to value "/home/ps12398/experiment_epec/goalProgrammingMarcos/"
Set parameter NodefileStart to value 1
Gurobi Optimizer version 11.0.3 build v11.0.3rc0 (linux64)

CPU model: Intel(R) Xeon(R) CPU           X5650  @ 2.67GHz, instruction set [SSE2]
Thread count: 12 physical cores, 24 logical processors, using up to 2 threads

Optimize a model with 180845 rows, 121779 columns and 801152 nonzeros
Model fingerprint: 0xe04d8138
Model has 251 quadratic constraints
Variable types: 60768 continuous, 61011 integer (246 binary)
Coefficient statistics:
  Matrix range     [4e-03, 7e+06]
  QMatrix range    [4e-03, 1e+05]
  QLMatrix range   [1e+00, 1e+05]
  Objective range  [1e+00, 6e+07]
  Bounds range     [1e+00, 1e+08]
  RHS range        [1e+00, 5e+06]
Presolve removed 180128 rows and 120471 columns
Presolve time: 0.63s
Presolved: 1642 rows, 1599 columns, 81778 nonzeros
Presolved model has 2 SOS constraint(s)
Presolved model has 246 bilinear constraint(s)

Solving non-convex MIQCP

Variable types: 787 continuous, 812 integer (248 binary)
Found heuristic solution: objective 9558145.9437

Root relaxation: objective 4.708438e+06, 367 iterations, 0.07 seconds (0.04 work units)

    Nodes    |    Current Node    |     Objective Bounds      |     Work
 Expl Unexpl |  Obj  Depth IntInf | Incumbent    BestBd   Gap | It/Node Time

     0     0 4708437.66    0  373 9558145.94 4708437.66  50.7%     -    1s
     0     0 5500348.60    0  373 9558145.94 5500348.60  42.5%     -    1s
     0     0 5511724.26    0  372 9558145.94 5511724.26  42.3%     -    2s
     0     0 5511724.26    0  372 9558145.94 5511724.26  42.3%     -    2s
     0     0 5511724.26    0  372 9558145.94 5511724.26  42.3%     -    2s
     0     0 5511724.26    0  372 9558145.94 5511724.26  42.3%     -    2s
H    0     0                    9015442.6809 5511724.26  38.9%     -    4s
     0     2 5511724.26    0  372 9015442.68 5511724.26  38.9%     -    4s
    29    32 5513786.14   11  362 9015442.68 5512429.49  38.9%   1.8    5s
H   56    62                    9000787.0341 5512429.49  38.8%  14.1    6s
   587   611 5533320.90  191  311 9000787.03 5512429.49  38.8%  12.7   10s
H  776   779                    8977330.4850 5512429.49  38.6%  12.6   11s
H  912   931                    7424239.3678 5512429.49  25.8%  13.3   12s
H 1006  1023                    7417210.6357 5512429.49  25.7%  13.1   13s
  1204  1230 5587163.82  375  318 7417210.64 5512429.49  25.7%  13.3   15s
H 1654  1674                    7286609.0717 5512429.49  24.3%  19.2   19s
  1673  1720 5590208.58  565  278 7286609.07 5512429.49  24.3%  19.1   20s
  2081  2195 5606068.53  744  280 7286609.07 5512429.49  24.3%  23.8   25s
  2560  2622 5614499.20 1015  252 7286609.07 5512429.49  24.3%  24.9   30s
  3241  3431 5635498.45 1412  249 7286609.07 5512429.49  24.3%  26.0   35s
H 3391  3431                    7258279.8540 5512429.49  24.1%  25.0   35s
  3768  3768 5530968.86  245  125 7258279.85 5512429.49  24.1%  24.9   41s
  3780  3777 5545717.61   42  125 7258279.85 5545717.61  23.6%  25.1   45s
H 3780  3588                    7199311.9269 5545934.02  23.0%  25.1   46s
H 3780  3408                    7199273.3491 5545934.02  23.0%  25.1   46s
H 3782  3240                    7120902.2791 5545934.02  22.1%  25.0   47s
  3785  3242 5566606.54  335  125 7120902.28 5545934.02  22.1%  25.0   50s
  3996  3392 5564408.69   76  321 7120902.28 5548550.48  22.1%  26.1   55s
  4566  3793 5638392.01  226  314 7120902.28 5548550.48  22.1%  25.3   60s
H 4832  3785                    7116589.5461 5548550.48  22.0%  25.7   64s
  4916  3862 5676217.29  317  304 7116589.55 5548550.48  22.0%  25.6   65s
  5525  4307 5710322.48  473  295 7116589.55 5548550.48  22.0%  24.6   70s
H 5834  4337                    7112194.9926 5548550.48  22.0%  25.5   73s
  5914  4396 5718351.38  563  287 7112194.99 5548550.48  22.0%  26.2   75s
  6315  4656 5783794.67  674  297 7112194.99 5548550.48  22.0%  27.3   80s
H 6362  4520                    7107831.8135 5548550.48  21.9%  28.0   81s
  6739  4788 5810852.19  789  299 7107831.81 5548550.48  21.9%  30.2   85s
  7040  5135 5825138.12  862  284 7107831.81 5548550.48  21.9%  31.1   91s
H 7469  5142                    7100561.6080 5548550.48  21.9%  32.0   94s
  7514  5258 5861940.10  977  317 7100561.61 5548550.48  21.9%  32.3   95s
  8136  5661 5911925.96 1172  301 7100561.61 5548550.48  21.9%  34.0  100s
  8554  6032 5931246.75 1274  290 7100561.61 5548550.48  21.9%  35.3  105s
  9185  6462 5998767.25 1453  342 7100561.61 5548550.48  21.9%  35.7  111s
  9601  6787 6030789.99 1547  328 7100561.61 5548550.48  21.9%  35.6  116s
 10111  7120 6054295.68 1663  315 7100561.61 5548550.48  21.9%  35.8  120s
 10684  7424 6096408.99 1812  315 7100561.61 5548550.48  21.9%  36.2  126s
 11205  7728 6118724.64 1921  306 7100561.61 5548550.48  21.9%  36.6  131s
 11593  7987 6134827.00 2006  298 7100561.61 5548550.48  21.9%  37.2  135s
 11943  8469 6150143.09 2085  281 7100561.61 5548550.48  21.9%  37.7  140s
 12690  9100 6193194.44 2290  297 7100561.61 5548550.48  21.9%  38.0  145s
 13365  9872 6233446.89 2441  308 7100561.61 5548550.48  21.9%  38.3  151s
H14003 10261                    7080811.7570 5548550.48  21.6%  38.8  154s
 14045 10495 6274457.46 2592  302 7080811.76 5548550.48  21.6%  38.8  156s
H14247 10495                    7057199.5066 5548550.48  21.4%  39.3  156s
H14462 10755                    7029726.6061 5548550.48  21.1%  39.3  158s
 14539 10819 6308341.10 2684  300 7029726.61 5548550.48  21.1%  39.4  164s
H14586 10819                    7009217.2269 5548550.48  20.8%  39.4  164s
 14603 11053 6312648.31 2700  291 7009217.23 5548550.48  20.8%  39.4  166s
H14830 11053                    6967535.2691 5548550.48  20.4%  39.5  166s
H14837 11260                    6963370.5798 5548550.48  20.3%  39.5  168s
H15038 11260                    6955574.7871 5548550.48  20.2%  39.8  168s
 15044 11462 6335447.81 2789  297 6955574.79 5548550.48  20.2%  39.9  170s
 15557 12083 6353589.76 2901  286 6955574.79 5548550.48  20.2%  40.2  175s
H16047 12363                    6951613.8555 5548550.48  20.2%  40.4  177s
H16090 12363                    6932738.9172 5548550.48  20.0%  40.5  177s
H16144 12363                    6911447.2482 5548550.48  19.7%  40.6  177s
 16517 12968 6447983.97 3125  282 6911447.25 5548550.48  19.7%  40.6  181s
H16722 12968                    6892714.1626 5548550.48  19.5%  40.7  181s
H16882 13365                    6892090.7091 5548550.48  19.5%  40.7  183s
H16972 13365                    6886137.6672 5548550.48  19.4%  40.7  183s
H17069 13365                    6852372.9163 5548550.48  19.0%  40.6  183s
 17149 13768 6530079.46 3284  267 6852372.92 5548550.48  19.0%  40.6  186s
H17561 14163                    6816584.8595 5548550.48  18.6%  40.6  188s
H17658 14163                    6797374.8096 5548550.48  18.4%  40.6  188s
 17947 14660 6584621.21 3462  258 6797374.81 5548550.48  18.4%  40.4  190s
H18531 15108                    6746645.4464 5548550.48  17.8%  39.9  192s
 18892 15571 6673663.86 3706  243 6746645.45 5548550.48  17.8%  39.6  195s
H18919 15571                    6743162.2730 5548550.48  17.7%  39.5  195s
 19462 15855 6731815.52 3929  129 6743162.27 5548816.89  17.7%  38.7  201s
 20160 16547 5563479.82   74  335 6743162.27 5548816.89  17.7%  37.7  206s
 21114 17319 5705624.86  202  312 6743162.27 5548816.89  17.7%  36.7  210s
 21749 18025 5697777.37  272  307 6743162.27 5548816.89  17.7%  36.3  215s
 22928 18958 5826546.96  477  303 6743162.27 5548816.89  17.7%  35.5  220s
 23723 19686 5924934.76  630  317 6743162.27 5548816.89  17.7%  35.4  225s
 24307 20248 5958415.25  744  301 6743162.27 5548816.89  17.7%  35.5  230s
 24731 20747 6015218.40  861  322 6743162.27 5548816.89  17.7%  35.9  235s
 24930 20801 6013864.21  900  300 6743162.27 5548816.89  17.7%  35.8  242s
 25232 21206 6055026.01  964  302 6743162.27 5548816.89  17.7%  35.9  246s
 25730 21673 6111425.95 1100  315 6743162.27 5548816.89  17.7%  36.1  250s
 26180 22200 6141881.92 1202  318 6743162.27 5548816.89  17.7%  36.4  255s
 26880 22889 6174103.13 1358  294 6743162.27 5548816.89  17.7%  36.8  261s
 27386 23435 6224687.61 1484  291 6743162.27 5548816.89  17.7%  36.9  265s
 28025 24050 6251709.85 1626  295 6743162.27 5548816.89  17.7%  36.9  270s
 28932 25048 6302528.44 1808  286 6743162.27 5548816.89  17.7%  37.0  275s
 29807 25864 6340497.91 1997  279 6743162.27 5548816.89  17.7%  37.0  281s
 30047 25880 6357971.71 2040  291 6743162.27 5548816.89  17.7%  37.1  287s
 30264 26267 6369127.31 2092  290 6743162.27 5548816.89  17.7%  37.2  291s
 30968 27036 6396637.88 2241  283 6743162.27 5548816.89  17.7%  37.3  295s
 31922 27797 6442013.07 2449  280 6743162.27 5548816.89  17.7%  37.1  301s
 32095 28150 6450796.56 2489  283 6743162.27 5548816.89  17.7%  37.1  305s
 32843 28773 6498303.36 2704  271 6743162.27 5548816.89  17.7%  37.3  310s
 33734 29750 6536011.02 2914  273 6743162.27 5548816.89  17.7%  36.9  315s
 34705 30658 6621936.36 3244  274 6743162.27 5548816.89  17.7%  36.8  320s
 35625 31370 5628711.80   99  312 6743162.27 5549114.74  17.7%  36.4  325s
 36235 31865 5736415.19  268  309 6743162.27 5549114.74  17.7%  36.4  336s
 36470 32216 5754895.62  297  306 6743162.27 5549114.74  17.7%  36.5  341s
 37045 32743 5909285.03  455  313 6743162.27 5549114.74  17.7%  36.7  346s
 37442 33104 5964239.85  551  291 6743162.27 5549114.74  17.7%  37.0  350s
 37813 33596 6013548.66  638  305 6743162.27 5549114.74  17.7%  37.3  355s
 38387 34167 6098532.94  754  326 6743162.27 5549114.74  17.7%  37.4  360s
 38904 34645 6134303.01  863  316 6743162.27 5549114.74  17.7%  37.7  365s
 39329 35092 6160605.46  964  300 6743162.27 5549114.74  17.7%  38.0  370s
 40020 35777 6232089.74 1125  314 6743162.27 5549114.74  17.7%  38.2  376s
 40529 36301 6264917.70 1242  289 6743162.27 5549114.74  17.7%  38.4  381s
 41058 36848 6308232.94 1375  307 6743162.27 5549114.74  17.7%  38.7  386s
 41259 37049 6312489.12 1431  277 6743162.27 5549114.74  17.7%  38.8  394s
 41460 37294 6336109.52 1475  285 6743162.27 5549114.74  17.7%  38.9  396s
 42094 37851 6382032.33 1627  274 6743162.27 5549114.74  17.7%  39.0  401s
 42763 38555 6477708.81 1785  277 6743162.27 5549114.74  17.7%  39.2  405s
 43708 39653 6543164.51 1997  279 6743162.27 5549114.74  17.7%  39.1  411s
 44623 40552 6587754.40 2191  290 6743162.27 5549114.74  17.7%  39.1  415s
 45578 41357 6639839.46 2397  269 6743162.27 5549114.74  17.7%  39.1  420s
 46517 42057 6716020.28 2702  264 6743162.27 5549114.74  17.7%  39.1  425s
 47013 42736 5645060.42  164  336 6743162.27 5549154.97  17.7%  39.1  431s
 47797 43414 5766613.23  439  303 6743162.27 5549154.97  17.7%  38.8  436s
 47997 43417 5790768.13  508  302 6743162.27 5549154.97  17.7%  38.7  442s
 48486 44082 5804386.52  661  303 6743162.27 5549154.97  17.7%  38.6  445s
 49245 44820 5917143.06  878  296 6743162.27 5549154.97  17.7%  38.5  450s
 49809 45400 5979098.24 1033  299 6743162.27 5549154.97  17.7%  38.6  455s
 50555 46144 6090538.00 1255  294 6743162.27 5549154.97  17.7%  38.6  461s
 51022 46607 6139451.91 1386  286 6743162.27 5549154.97  17.7%  38.7  465s
 51681 47282 6220863.23 1556  308 6743162.27 5549154.97  17.7%  38.9  471s
 52260 47836 6280597.24 1733  282 6743162.27 5549154.97  17.7%  39.0  475s
 52957 48565 6367922.95 1927  285 6743162.27 5549154.97  17.7%  39.2  480s
 53148 48567 6376620.01 1980  273 6743162.27 5549154.97  17.7%  39.3  486s
 53241 48881 6391036.09 2019  274 6743162.27 5549154.97  17.7%  39.4  490s
 53965 49659 6465600.40 2213  290 6743162.27 5549154.97  17.7%  39.5  495s
 54847 50679 6568678.32 2436  269 6743162.27 5549154.97  17.7%  39.2  500s
 55777 51668 6650531.29 2646  256 6743162.27 5549154.97  17.7%  39.0  505s
 57175 52683 5676495.78  166  312 6743162.27 5549203.19  17.7%  38.4  510s
 57858 53384 5732901.55  302  308 6743162.27 5549203.19  17.7%  38.4  515s
 58394 53844 5837293.47  433  306 6743162.27 5549203.19  17.7%  38.5  524s
 58491 53948 5879360.27  453  318 6743162.27 5549203.19  17.7%  38.5  525s
 58851 54350 5917499.34  563  297 6743162.27 5549203.19  17.7%  38.6  530s
 59359 54779 6001271.35  679  304 6743162.27 5549203.19  17.7%  38.8  535s
 59828 55281 6047009.25  782  319 6743162.27 5549203.19  17.7%  39.0  540s
 60350 55855 6103308.23  911  317 6743162.27 5549203.19  17.7%  39.4  546s
 60817 56298 6142221.76 1018  285 6743162.27 5549203.19  17.7%  39.6  550s
 61243 56752 6184770.42 1115  288 6743162.27 5549203.19  17.7%  39.7  555s
 61856 57379 6261885.28 1258  299 6743162.27 5549203.19  17.7%  40.0  560s
 62506 58063 6350711.17 1408  298 6743162.27 5549203.19  17.7%  40.3  566s
 63070 58615 6424038.53 1529  278 6743162.27 5549203.19  17.7%  40.5  570s
 63476 58997 6490388.73 1621  276 6743162.27 5549203.19  17.7%  40.6  580s
 64187 59652 6627204.55 1784  270 6743162.27 5549203.19  17.7%  40.9  586s
 64681 60085 6703202.59 1855  263 6743162.27 5549417.89  17.7%  41.0  591s
 65275 60796 5698977.03  200  298 6743162.27 5549417.89  17.7%  41.0  596s
 65932 61331 5811406.36  411  290 6743162.27 5549417.89  17.7%  40.9  600s
 66384 61773 5909622.36  569  299 6743162.27 5549417.89  17.7%  41.1  605s
 67012 62390 5989590.78  713  290 6743162.27 5549417.89  17.7%  41.4  610s
 67427 62838 6055694.40  792  321 6743162.27 5549417.89  17.7%  41.6  615s
 67963 63386 6106518.52  910  312 6743162.27 5549417.89  17.7%  41.7  620s
 68767 64004 6182002.92 1055  294 6743162.27 5549417.89  17.7%  41.9  631s
 69098 64511 6257716.13 1122  293 6743162.27 5549417.89  17.7%  42.0  636s
 69698 65140 6277160.26 1233  291 6743162.27 5549417.89  17.7%  42.2  641s
 70128 65591 6321167.30 1340  298 6743162.27 5549417.89  17.7%  42.3  645s
 70818 66217 6407171.09 1444  286 6743162.27 5549417.89  17.7%  42.6  650s
 71462 66904 6532713.93 1580  286 6743162.27 5549417.89  17.7%  42.7  656s
 72158 67590 6634848.98 1698  264 6743162.27 5549417.89  17.7%  42.8  660s
 72886 68262 5628667.62  112  315 6743162.27 5549664.46  17.7%  43.0  665s
 73588 68893 5729001.86  312  302 6743162.27 5549664.46  17.7%  42.9  670s
 73909 69058 5785319.41  389  295 6743162.27 5549664.46  17.7%  43.0  678s
 74058 69337 5803131.29  421  292 6743162.27 5549664.46  17.7%  43.0  681s
 74544 69845 5863240.88  536  296 6743162.27 5549664.46  17.7%  43.1  685s
 75312 70636 5971414.58  720  307 6743162.27 5549664.46  17.7%  43.3  690s
 75836 71190 6043964.11  840  294 6743162.27 5549664.46  17.7%  43.4  696s
 76422 71742 6091248.79  943  305 6743162.27 5549664.46  17.7%  43.6  700s
 77082 72456 6160315.82 1069  298 6743162.27 5549664.46  17.7%  43.7  705s
 77693 73054 6227822.30 1188  311 6743162.27 5549664.46  17.7%  43.9  710s
 78492 73737 6296234.38 1314  284 6743162.27 5549664.46  17.7%  44.0  716s
 78824 74079 6374161.42 1388  298 6743162.27 5549664.46  17.7%  44.1  720s
 79010 74081 6398932.38 1442  299 6743162.27 5549664.46  17.7%  44.2  726s
 79168 74418 6459660.11 1482  292 6743162.27 5549664.46  17.7%  44.2  730s
 79881 75175 6599540.92 1655  283 6743162.27 5549664.46  17.7%  44.4  736s
 80414 75600 6710357.57 1735  265 6743162.27 5549700.92  17.7%  44.6  741s
 80875 76089 5732689.18  158  319 6743162.27 5549706.71  17.7%  44.6  745s
 81460 76611 5856892.54  305  312 6743162.27 5549706.71  17.7%  44.6  750s
 82045 77585 5912402.93  397  306 6743162.27 5549706.71  17.7%  44.7  757s
 83028 78455 5984965.98  486  305 6743162.27 5549706.71  17.7%  44.4  760s
 83950 79185 6044753.89  572  302 6743162.27 5549706.71  17.7%  44.0  768s
 84162 79596 6070440.64  609  299 6743162.27 5549706.71  17.7%  44.0  770s
 85042 80395 6158371.77  685  305 6743162.27 5549706.71  17.7%  43.6  775s
 86140 81374 6207058.55  815  305 6743162.27 5549706.71  17.7%  43.5  780s
 86792 81910 6247229.86  938  297 6743162.27 5549706.71  17.7%  43.5  785s
 87619 82671 6307953.19 1071  287 6743162.27 5549706.71  17.7%  43.4  790s
 88390 83454 6414071.58 1271  290 6743162.27 5549706.71  17.7%  43.6  796s
 88841 83862 6501665.53 1358  304 6743162.27 5549706.71  17.7%  43.7  801s
 89150 84221 6529629.62 1399  278 6743162.27 5549706.71  17.7%  43.8  808s
 89508 84566 6581558.51 1467  280 6743162.27 5549706.71  17.7%  43.9  811s
 90027 85110 6679977.07 1570  266 6743162.27 5549706.71  17.7%  44.0  815s
 90480 85445 6714409.69 1620  277 6743162.27 5549706.71  17.7%  44.1  820s
 91155 86180 5585947.13  188  331 6743162.27 5549976.78  17.7%  44.1  825s
 91813 86854 5853923.92  569  313 6743162.27 5549976.78  17.7%  43.9  831s
 92491 87579 6237069.56  922  302 6743162.27 5549976.78  17.7%  43.8  836s
 93235 88189 5615223.15   83  323 6743162.27 5550017.20  17.7%  43.7  840s
 93839 88822 5789534.97  225  321 6743162.27 5550017.20  17.7%  43.7  845s
 94266 89233 5922765.23  303  315 6743162.27 5550017.20  17.7%  43.7  853s
 94653 89629 5956774.50  377  308 6743162.27 5550017.20  17.7%  43.7  856s
 95284 90240 6042782.99  479  300 6743162.27 5550017.20  17.7%  43.8  860s
 96014 90878 6141137.44  586  296 6743162.27 5550017.20  17.7%  43.6  865s
 96771 91584 6306122.24  688  308 6743162.27 5550017.20  17.7%  43.7  870s
 97251 92118 6375755.66  798  292 6743162.27 5550017.20  17.7%  43.8  875s
 97921 92871 6452856.81  922  285 6743162.27 5550017.20  17.7%  43.8  881s
 98704 93545 6575947.92 1041  284 6743162.27 5550017.20  17.7%  43.7  886s
 99520 94095 6672037.47 1138  269 6743162.27 5550017.20  17.7%  43.6  904s
 99554 94221 6685736.96 1141  269 6743162.27 5550017.20  17.7%  43.6  905s
 100170 94778 6289528.77  213  297 6743162.27 5550155.69  17.7%  43.5  910s
 100883 95422 5694138.67  143  322 6743162.27 5550244.35  17.7%  43.3  915s
 101435 96029 5808136.08  242  313 6743162.27 5550244.35  17.7%  43.2  920s
 102198 96750 5951980.55  335  322 6743162.27 5550244.35  17.7%  43.1  925s
 102777 97256 6044608.60  403  313 6743162.27 5550244.35  17.7%  43.1  930s
 103272 97767 6077907.69  451  305 6743162.27 5550244.35  17.7%  43.1  935s
 103795 98240 6172483.23  505  306 6743162.27 5550244.35  17.7%  43.1  940s
 104469 98991 6335387.96  621  293 6743162.27 5550244.35  17.7%  43.1  945s
 104702 98993 6357444.73  645  291 6743162.27 5550244.35  17.7%  43.1  955s
 105224 99703 6426577.20  677  288 6743162.27 5550244.35  17.7%  43.2  961s
 105667 100112 6487691.10  721  283 6743162.27 5550244.35  17.7%  43.2  965s
 106462 100915 6603062.63  779  277 6743162.27 5550244.35  17.7%  43.1  971s
 107128 101464     cutoff  836      6743162.27 5550244.35  17.7%  43.1  975s
 107796 102184 6089813.51  143  313 6743162.27 5550561.36  17.7%  43.0  981s
 108709 103007 5773687.90  203  312 6743162.27 5550659.42  17.7%  42.8  985s
 109376 103600 5899335.90  349  304 6743162.27 5550659.42  17.7%  42.7  990s
 109843 103845 6076369.01  445  307 6743162.27 5550659.42  17.7%  42.6  998s
 109848 104101 6050122.03  445  300 6743162.27 5550659.42  17.7%  42.6 1000s
 110612 104794 6157235.54  598  294 6743162.27 5550659.42  17.7%  42.3 1005s
 111746 105966 6321083.08  828  286 6743162.27 5550659.42  17.7%  42.0 1011s
 112671 106749 6535654.76 1092  287 6743162.27 5550659.42  17.7%  41.8 1016s
 113525 107725 6630693.14 1222  271 6743162.27 5550659.42  17.7%  41.6 1021s
 114260 108238 6032811.01  199  305 6743162.27 5550659.42  17.7%  41.6 1025s
 114720 108736 5684151.75   69  337 6743162.27 5551020.03  17.7%  41.5 1034s
 115009 108960 6231266.64  139  313 6743162.27 5551020.03  17.7%  41.4 1036s
 115378 109233 6715979.58  193  294 6743162.27 5551061.44  17.7%  41.4 1040s
 115933 109829 5684929.76  171  311 6743162.27 5551093.30  17.7%  41.3 1045s
 116749 110545 5859079.01  305  300 6743162.27 5551093.30  17.7%  41.2 1050s
 117543 111267 5955914.71  434  299 6743162.27 5551093.30  17.7%  41.2 1055s
 118299 112097 6044805.62  577  313 6743162.27 5551093.30  17.7%  41.1 1060s
 119090 112887 6156841.68  750  300 6743162.27 5551093.30  17.7%  41.0 1065s
 119756 113563 6255618.00  852  298 6743162.27 5551093.30  17.7%  40.9 1070s
 120000 113565 6294832.80  920  291 6743162.27 5551093.30  17.7%  40.9 1075s
 120490 114267 6389254.81 1087  291 6743162.27 5551093.30  17.7%  40.9 1080s
 121037 114727 6493769.13 1191  286 6743162.27 5551093.30  17.7%  40.9 1085s
 121660 115507 6595851.11 1344  274 6743162.27 5551093.30  17.7%  40.9 1091s
 122440 116177 6710196.27 1503  264 6743162.27 5551207.00  17.7%  41.0 1095s
 123097 116782 5981920.15  174  304 6743162.27 5551234.46  17.7%  40.9 1100s
 123842 117515 6386316.46  150  312 6743162.27 5551289.54  17.7%  40.7 1106s
 124564 118114 5720214.46  201  313 6743162.27 5551321.22  17.7%  40.6 1110s
 124973 118575 6263571.21  385  308 6743162.27 5551321.22  17.7%  40.6 1120s
 125810 119337 6082715.46  163  305 6743162.27 5551340.85  17.7%  40.5 1126s
 126415 120004 6194842.11  144  303 6743162.27 5551343.88  17.7%  40.5 1131s
 127120 120754 5649485.29   91  310 6743162.27 5551352.48  17.7%  40.5 1136s
 128309 121783 5929272.96  425  296 6743162.27 5551352.48  17.7%  40.4 1140s
 128888 122442 5977071.53  511  301 6743162.27 5551352.48  17.7%  40.5 1146s
 129670 123237 6083910.25  597  305 6743162.27 5551352.48  17.7%  40.5 1150s
 130260 123554 6121220.60  699  299 6743162.27 5551352.48  17.7%  40.4 1158s
 130425 123997 6136941.94  717  298 6743162.27 5551352.48  17.7%  40.4 1161s
 130950 124535 6199163.51  803  309 6743162.27 5551352.48  17.7%  40.4 1165s
 131576 125006 6241128.28  920  295 6743162.27 5551352.48  17.7%  40.4 1170s
 132284 125750 6294567.86 1078  277 6743162.27 5551352.48  17.7%  40.4 1175s
 133061 126399 6370004.68 1237  300 6743162.27 5551352.48  17.7%  40.4 1180s
 133693 127086 6406477.89 1342  276 6743162.27 5551352.48  17.7%  40.4 1185s
 134435 127823 6465989.08 1491  275 6743162.27 5551352.48  17.7%  40.4 1190s
 135434 128537 6617432.29 1636  262 6743162.27 5551352.48  17.7%  40.4 1205s
 136033 129297 6716144.72 1727  259 6743162.27 5551451.16  17.7%  40.3 1211s
 136714 129980 5679953.39   60  351 6743162.27 5551455.58  17.7%  40.2 1216s
 137616 130854 5697193.44  132  302 6743162.27 5551491.57  17.7%  40.0 1221s
 138240 131454 5936513.89  298  274 6743162.27 5551491.57  17.7%  39.9 1225s
 139276 132356 6139251.81  489  306 6743162.27 5551491.57  17.7%  39.9 1230s
 140041 133223 6296635.09  665  295 6743162.27 5551491.57  17.7%  39.9 1235s
 141194 134340 6509134.50  910  275 6743162.27 5551491.57  17.7%  39.9 1240s
 142153 135260 5605311.20   47  351 6743162.27 5551493.86  17.7%  39.9 1245s
 143016 136134 6149690.05  248  312 6743162.27 5551493.86  17.7%  39.9 1251s
 143816 136623 6702907.33  287  287 6743162.27 5551526.44  17.7%  39.8 1259s
 143818 136790 6704663.28  288  286 6743162.27 5551543.39  17.7%  39.8 1261s
 144484 137407 5582644.01   55  349 6743162.27 5551543.39  17.7%  39.8 1265s
 145582 138562 6205070.60  566  304 6743162.27 5551543.39  17.7%  39.6 1271s
 146386 139254 5589568.96   37  361 6743162.27 5551555.76  17.7%  39.5 1276s
 147275 140008 5883125.70  272  295 6743162.27 5551555.76  17.7%  39.4 1280s
 148127 140772 5967741.86  400  305 6743162.27 5551555.76  17.7%  39.3 1285s
 148792 141503 6079258.62  498  313 6743162.27 5551555.76  17.7%  39.2 1292s
 149096 141778 6199603.48  562  306 6743162.27 5551555.76  17.7%  39.3 1295s
 149648 142397 6289212.81  668  294 6743162.27 5551555.76  17.7%  39.3 1300s
 150418 143129 6393731.29  744  287 6743162.27 5551555.76  17.7%  39.2 1305s
 151723 144342 6641000.56  920  266 6743162.27 5551555.76  17.7%  39.0 1311s
 152349 144917 6177850.63  167  298 6743162.27 5551643.17  17.7%  39.1 1316s
 153037 145504 5673792.67  139  304 6743162.27 5551657.31  17.7%  39.1 1320s
 153994 146403 6226392.86  707  305 6743162.27 5551657.31  17.7%  38.9 1330s
 154626 147018     cutoff  916      6743162.27 5551657.31  17.7%  38.9 1335s
 155336 147791 5743679.85  191  317 6743162.27 5551674.10  17.7%  38.9 1340s
 156114 148603 6007704.46  399  299 6743162.27 5551674.10  17.7%  38.9 1345s
 157106 149794 6184904.41  666  296 6743162.27 5551674.10  17.7%  38.8 1351s
 158111 150759 6388776.30  884  278 6743162.27 5551674.10  17.7%  38.7 1356s
 158953 151576 6553693.27 1140  266 6743162.27 5551674.10  17.7%  38.6 1363s
 159337 151754 6644182.36 1239  257 6743162.27 5551674.10  17.7%  38.6 1365s
 159936 152239 6148258.69  256  303 6743162.27 5551677.71  17.7%  38.6 1370s
 160800 153121 5580835.10   36  361 6743162.27 5551728.42  17.7%  38.6 1376s
 161897 154086 6098603.17  202  300 6743162.27 5551728.42  17.7%  38.4 1381s
 162901 154866 5861722.21  100  325 6743162.27 5551812.80  17.7%  38.3 1386s
 163761 155692 5635662.42  120  327 6743162.27 5551825.20  17.7%  38.2 1390s
 164246 156019 5730506.86  223  313 6743162.27 5551825.20  17.7%  38.1 1396s
 164542 156427 5812834.12  290  317 6743162.27 5551825.20  17.7%  38.1 1400s
 165150 157061 5911483.42  372  309 6743162.27 5551825.20  17.7%  38.1 1405s
 165851 157848 6013023.28  453  315 6743162.27 5551825.20  17.7%  38.2 1410s
 166857 158918 6077611.18  580  303 6743162.27 5551825.20  17.7%  38.1 1416s
 167762 159718 6157829.41  646  320 6743162.27 5551825.20  17.7%  38.1 1421s
 168560 160489 6215446.11  747  301 6743162.27 5551825.20  17.7%  38.1 1425s
 169197 161143 6276983.12  845  295 6743162.27 5551825.20  17.7%  38.1 1432s
 169745 161623 6388943.44  951  291 6743162.27 5551825.20  17.7%  38.1 1435s
 170502 162361 6520557.45 1072  274 6743162.27 5551825.20  17.7%  38.1 1441s
 171365 163183 6668339.61 1238  265 6743162.27 5551880.27  17.7%  38.1 1446s
 172168 164015 6327717.78  198  311 6743162.27 5551895.83  17.7%  38.0 1451s
 172960 164612 6202911.98  186  308 6743162.27 5551940.12  17.7%  38.0 1456s
 173668 165418 5859283.37  138  317 6743162.27 5551958.50  17.7%  38.0 1461s
 174525 165984 5906677.64  362  312 6743162.27 5551958.50  17.7%  37.9 1470s
 174815 166476 6307686.90  524  305 6743162.27 5551958.50  17.7%  37.9 1475s
 175576 167241 6237984.65  159  312 6743162.27 5551978.41  17.7%  37.9 1480s
 176446 168007 5757509.20  183  315 6743162.27 5552012.47  17.7%  37.9 1485s
 177252 168794 5944633.45  296  308 6743162.27 5552012.47  17.7%  37.9 1491s
 177828 169364 6036303.58  362  308 6743162.27 5552012.47  17.7%  37.8 1495s
 178670 170149 6177163.85  425  307 6743162.27 5552012.47  17.7%  37.8 1500s
 179519 170901 6347255.73  491  293 6743162.27 5552012.47  17.7%  37.8 1505s
 179650 170903 6387093.81  499  290 6743162.27 5552012.47  17.7%  37.8 1513s
 179652 171074 6377180.51  497  292 6743162.27 5552012.47  17.7%  37.8 1515s
 180514 171936 6566613.82  561  283 6743162.27 5552012.47  17.7%  37.8 1520s
 181105 172525 6642183.56  628  277 6743162.27 5552012.47  17.7%  37.8 1525s
 181677 173105     cutoff  669      6743162.27 5552087.97  17.7%  37.8 1530s
 182509 173904 6188247.96  133  308 6743162.27 5552111.14  17.7%  37.7 1535s
 183458 174787 5718099.78  120  307 6743162.27 5552120.11  17.7%  37.6 1540s
 184337 175624 5896818.22  317  316 6743162.27 5552120.11  17.7%  37.4 1545s
 184724 175771 5929385.44  383  310 6743162.27 5552120.11  17.7%  37.4 1554s
 184726 175932 5929485.64  382  310 6743162.27 5552120.11  17.7%  37.4 1556s
 185372 176604 5986572.50  514  300 6743162.27 5552120.11  17.7%  37.3 1560s
 186065 177429 6080947.77  679  285 6743162.27 5552120.11  17.7%  37.2 1565s
 187443 178613 6330826.81  969  277 6743162.27 5552120.11  17.7%  37.1 1571s
 188513 179713 6554484.53 1128  258 6743162.27 5552120.11  17.7%  37.0 1575s
 189592 180604 6710704.79 1307  245 6743162.27 5552120.11  17.7%  36.9 1581s
 189811 180588     cutoff 1315      6743162.27 5552290.26  17.7%  36.9 1586s
 190047 181048 5873077.03  174  309 6743162.27 5552290.26  17.7%  36.9 1590s
 190979 181872 6707835.13  398  277 6743162.27 5552399.95  17.7%  36.8 1596s
 191823 182635 6503895.74  197  309 6743162.27 5552410.02  17.7%  36.7 1601s
 192338 183092     cutoff  301      6743162.27 5552469.66  17.7%  36.7 1605s
 193227 184028 6014855.05  501  310 6743162.27 5552469.66  17.7%  36.7 1610s
 194078 185008 6481741.48  845  287 6743162.27 5552469.66  17.7%  36.6 1615s
 194739 185617 5968588.55  120  325 6743162.27 5552469.66  17.7%  36.5 1622s
 195244 186203 6448748.79  302  311 6743162.27 5552486.96  17.7%  36.5 1626s
 196295 187266 6017225.45  133  323 6743162.27 5552486.96  17.7%  36.4 1631s
 196941 187746 6697639.71  365  289 6743162.27 5552495.69  17.7%  36.4 1635s
 197907 188492     cutoff  194      6743162.27 5552534.24  17.7%  36.3 1640s
 198728 189337 5919532.56  118  315 6743162.27 5552544.78  17.7%  36.2 1646s
 199405 189923     cutoff  206      6743162.27 5552544.78  17.7%  36.1 1650s
 200120 190412 5948078.80  149  315 6743162.27 5552554.85  17.7%  36.1 1662s
 200222 190660 6220374.98  214  306 6743162.27 5552554.85  17.7%  36.1 1665s
 200897 191350 6667099.68  281  299 6743162.27 5552561.62  17.7%  36.1 1671s
 201522 192012 5677769.02  155  318 6743162.27 5552574.78  17.7%  36.0 1675s
 202325 192813 6035925.45  502  324 6743162.27 5552574.78  17.7%  36.0 1680s
 203244 193657 6433736.01  807  294 6743162.27 5552574.78  17.7%  36.0 1685s
 204214 194554 6716534.44  307  277 6743162.27 5552633.71  17.7%  35.9 1690s
 205075 195279 5622256.59   86  327 6743162.27 5552700.36  17.7%  35.8 1695s
 205787 196061 5789610.13  255  302 6743162.27 5552705.71  17.7%  35.8 1701s
 206061 196063 5955553.76  368  314 6743162.27 5552705.71  17.7%  35.8 1712s
 206192 196328 5983034.34  419  295 6743162.27 5552705.71  17.7%  35.8 1715s
 206906 197047 6611122.77  762  280 6743162.27 5552731.46  17.7%  35.7 1721s
 207513 197620 5711932.67  143  317 6743162.27 5552731.46  17.7%  35.7 1725s
 208289 198346 5888940.56  290  315 6743162.27 5552731.46  17.7%  35.6 1731s
 208828 198903 6104275.29  405  313 6743162.27 5552731.46  17.7%  35.6 1735s
 209667 199710 6228857.47  539  308 6743162.27 5552731.46  17.7%  35.6 1741s
 210323 200234 6399268.74  691  301 6743162.27 5552731.46  17.7%  35.6 1745s
 211023 200962     cutoff  890      6743162.27 5552814.37  17.7%  35.6 1750s
 211552 201456 6203038.49  159  320 6743162.27 5552824.21  17.7%  35.6 1755s
 212189 202050     cutoff  252      6743162.27 5552833.18  17.7%  35.6 1760s
 212960 202852 6701617.65  222  254 6743162.27 5552906.80  17.7%  35.6 1765s
 213209 203029 5761984.41  182  320 6743162.27 5552906.80  17.7%  35.6 1775s
H213320 203029                    6743162.2419 5552906.80  17.7%  35.6 1775s
 213886 203727 6105992.50  506  316 6743162.24 5552906.80  17.7%  35.6 1780s
 214600 204362 6027089.41  137  318 6743162.24 5552910.25  17.7%  35.5 1785s
 215208 205026 6173296.42  224  307 6743162.24 5552911.37  17.7%  35.6 1790s
 215862 205610     cutoff  219      6743162.24 5552925.80  17.7%  35.5 1795s
 216748 206540 5802733.41  198  302 6743162.24 5552932.27  17.7%  35.5 1801s
 217692 207309 5928427.83  365  295 6743162.24 5552932.27  17.7%  35.4 1805s
 218308 207862 5992175.26  481  297 6743162.24 5552932.27  17.7%  35.5 1810s
 218836 208392 6085189.44  610  301 6743162.24 5552932.27  17.7%  35.5 1815s
 219343 208934 6174722.61  711  301 6743162.24 5552932.27  17.7%  35.6 1821s
 219800 209309 6245738.01  812  302 6743162.24 5552932.27  17.7%  35.6 1825s
 219894 209376 6258642.15  836  294 6743162.24 5552932.27  17.7%  35.7 1833s
 219961 209459 6271549.72  859  300 6743162.24 5552932.27  17.7%  35.7 1835s
 220537 210137 6373607.57 1021  284 6743162.24 5552932.27  17.7%  35.8 1841s
 221088 210652 6486037.25 1132  279 6743162.24 5552932.27  17.7%  35.8 1846s
 221619 211284 6632165.06 1256  269 6743162.24 5552932.27  17.7%  35.9 1851s
 222210 211788 5778520.83  132  314 6743162.24 5552983.24  17.7%  35.9 1856s
 222939 212573 6086042.54  210  303 6743162.24 5552998.15  17.6%  35.9 1861s
 223544 213071 6381463.44  172  312 6743162.24 5553002.27  17.6%  35.9 1865s
 224301 213641 5642242.39   77  333 6743162.24 5553014.96  17.6%  35.9 1871s
 225003 214302     cutoff  196      6743162.24 5553049.33  17.6%  35.8 1875s
 225811 215023 5666948.78  117  323 6743162.24 5553049.33  17.6%  35.8 1880s
 226049 215056 5700948.33  147  317 6743162.24 5553049.33  17.6%  35.8 1892s
 226231 215353 5758697.68  165  324 6743162.24 5553049.33  17.6%  35.8 1895s
 226945 216058 5894935.63  260  316 6743162.24 5553049.33  17.6%  35.7 1900s
 227461 216530 6021569.63  316  306 6743162.24 5553049.33  17.6%  35.7 1905s
 228124 217262 6145635.75  386  304 6743162.24 5553049.33  17.6%  35.7 1910s
 229000 218024 6279410.68  445  296 6743162.24 5553049.33  17.6%  35.7 1915s
 229890 218941 6402276.13  522  289 6743162.24 5553049.33  17.6%  35.8 1920s
 230925 219973 6588598.41  622  277 6743162.24 5553049.33  17.6%  35.8 1926s
 231763 220691 6670583.24  683  267 6743162.24 5553049.33  17.6%  35.8 1930s
 232723 221524 5916483.63  283  319 6743162.24 5553049.33  17.6%  35.7 1935s
 233557 222398 6494558.72  202  307 6743162.24 5553591.52  17.6%  35.7 1941s
 234223 222850 5611705.80   73  336 6743162.24 5553598.10  17.6%  35.7 1953s
 234225 223045 5612835.04   74  336 6743162.24 5553598.10  17.6%  35.7 1955s
 234841 223776 5816724.32  122  324 6743162.24 5553601.59  17.6%  35.7 1961s
 235566 224476 5958271.29  150  311 6743162.24 5553612.88  17.6%  35.7 1965s
 236587 225375 5742158.86   93  327 6743162.24 5553612.88  17.6%  35.7 1970s
 237453 226058 5580518.73   46  352 6743162.24 5553630.52  17.6%  35.6 1975s
 238004 226526 5704135.82  205  319 6743162.24 5553630.52  17.6%  35.7 1981s
 238474 227029 5758318.77  249  317 6743162.24 5553630.52  17.6%  35.6 1985s
 239102 227579 5847058.93  338  310 6743162.24 5553630.52  17.6%  35.6 1990s
 239775 228355 5996377.65  437  303 6743162.24 5553630.52  17.6%  35.6 1995s
 240134 228660 6081501.25  500  302 6743162.24 5553630.52  17.6%  35.5 2005s
 240971 229472 6277023.50  702  286 6743162.24 5553630.52  17.6%  35.5 2011s
 241530 229922 6406351.61  830  283 6743162.24 5553630.52  17.6%  35.4 2015s
 242436 230973 6638649.22  984  269 6743162.24 5553630.52  17.6%  35.4 2021s
 243038 231411 5565088.30   68  339 6743162.24 5553630.52  17.6%  35.4 2025s
 244202 232311 5997878.65  185  292 6743162.24 5553747.52  17.6%  35.3 2031s
 244842 233029 5779976.04  163  305 6743162.24 5553751.28  17.6%  35.2 2036s
 245655 233789 5986243.68  373  295 6743162.24 5553751.28  17.6%  35.2 2041s
 246295 234498 6123301.40  504  297 6743162.24 5553751.28  17.6%  35.1 2045s
 247239 235497 6232955.69  611  310 6743162.24 5553751.28  17.6%  35.1 2051s
 248011 236206 6285134.59  673  303 6743162.24 5553751.28  17.6%  35.1 2055s
 248968 237001 6403270.70  804  289 6743162.24 5553751.28  17.6%  35.0 2060s
 249586 237570 6520773.64  909  278 6743162.24 5553751.28  17.6%  35.0 2065s
 249803 237698 6545544.11  936  277 6743162.24 5553751.28  17.6%  35.0 2073s
 250123 238056 6611665.37  986  277 6743162.24 5553751.28  17.6%  35.0 2076s
 250571 238453     cutoff 1074      6743162.24 5553838.90  17.6%  35.1 2081s
 251137 239038 6164638.09  198  312 6743162.24 5553839.28  17.6%  35.1 2086s
 251897 239740 5688630.72  176  314 6743162.24 5553881.55  17.6%  35.0 2091s
Created node file directory '/home/ps12398/experiment_epec/goalProgrammingMarcos//grbnodes1'
 252155 239995 5822049.18  268  319 6743162.24 5553881.55  17.6%  35.0 2142s
 252681 240566 6297075.98  487  295 6743162.24 5553881.55  17.6%  35.0 2146s
 253449 241279 5662225.45  123  307 6743162.24 5553987.43  17.6%  34.9 2150s
 254190 241959 5865906.04  269  313 6743162.24 5553987.43  17.6%  34.9 2155s
 255080 242724 5991150.35  458  310 6743162.24 5553987.43  17.6%  34.9 2160s
 255321 242855 6058712.52  492  321 6743162.24 5553987.43  17.6%  34.9 2168s
 255459 243072 6104657.36  508  321 6743162.24 5553987.43  17.6%  34.9 2170s
 256028 243650 6225197.87  594  305 6743162.24 5553987.43  17.6%  35.0 2175s
 256523 244210 6321118.70  670  296 6743162.24 5553987.43  17.6%  35.1 2180s
 257082 244844 6486175.27  743  294 6743162.24 5553987.43  17.6%  35.1 2185s
 257930 245707 6615647.54  819  272 6743162.24 5553987.43  17.6%  35.2 2190s
 258650 246278     cutoff  882      6743162.24 5553990.38  17.6%  35.3 2196s
 259091 246803 5581219.76   82  319 6743162.24 5553990.38  17.6%  35.3 2200s
 260091 247782 6126745.35  534  312 6743162.24 5553990.38  17.6%  35.2 2206s
 260355 247898 6409407.17  652  294 6743162.24 5553990.38  17.6%  35.2 2212s
 260471 248095 6538537.79  695  286 6743162.24 5553990.38  17.6%  35.2 2257s
 260826 248387 5769833.83   93  318 6743162.24 5554010.84  17.6%  35.2 2260s
 261592 249128 5694413.98   95  324 6743162.24 5554011.13  17.6%  35.2 2265s
 262650 249964 5624312.11  113  313 6743162.24 5554027.61  17.6%  35.1 2271s
 263404 250838 5848933.56  297  302 6743162.24 5554027.61  17.6%  35.1 2276s
 264369 251615 6007468.37  453  312 6743162.24 5554027.61  17.6%  35.0 2280s
 265010 252227 6153071.52  619  301 6743162.24 5554027.61  17.6%  35.0 2286s
 265405 252684 6217723.48  691  304 6743162.24 5554027.61  17.6%  35.1 2296s
 266206 253462 6363158.30  846  284 6743162.24 5554027.61  17.6%  35.0 2301s
 266821 254278 6469526.21  972  279 6743162.24 5554027.61  17.6%  35.0 2306s
 267686 255018 6626271.27 1151  262 6743162.24 5554027.61  17.6%  35.0 2353s
 268047 255227 6725658.50 1217  256 6743162.24 5554111.25  17.6%  35.0 2355s
 268878 255995 6427576.66  306  294 6743162.24 5554121.55  17.6%  35.0 2360s
 269414 256543     cutoff  211      6743162.24 5554137.65  17.6%  35.0 2365s
 270292 257319 5843856.55  261  303 6743162.24 5554137.65  17.6%  35.0 2371s
 270693 257614 5921912.23  360  314 6743162.24 5554137.65  17.6%  34.9 2382s
 270987 257939 5932642.48  432  287 6743162.24 5554137.65  17.6%  34.9 2385s
 271665 258547 5999197.52  600  306 6743162.24 5554137.65  17.6%  34.9 2391s
 272230 259117 6035275.89  696  305 6743162.24 5554137.65  17.6%  34.9 2396s
 272791 259688 6069790.20  799  299 6743162.24 5554137.65  17.6%  34.9 2401s
 273416 260226 6132527.93  882  309 6743162.24 5554137.65  17.6%  34.9 2405s
 273986 260881 6224804.06  972  319 6743162.24 5554137.65  17.6%  34.9 2410s
 274500 261270 6273718.88 1032  312 6743162.24 5554137.65  17.6%  34.9 2449s
 274677 261441 6288429.44 1066  302 6743162.24 5554137.65  17.6%  34.9 2450s
 275261 262056 6352732.28 1164  299 6743162.24 5554137.65  17.6%  35.0 2455s
 275888 262429 6399996.84 1305  304 6743162.24 5554137.65  17.6%  35.0 2462s
 276154 262803 6424091.23 1335  291 6743162.24 5554137.65  17.6%  35.0 2465s
 276922 263675 6544165.12 1467  275 6743162.24 5554137.65  17.6%  35.0 2471s
 277552 264310 6661906.99 1537  263 6743162.24 5554137.65  17.6%  35.0 2475s
 278027 264751 5661163.94   83  315 6743162.24 5554399.04  17.6%  35.0 2480s
 278857 265554 6102591.03  145  316 6743162.24 5554464.68  17.6%  35.0 2485s
 280017 266817 5582325.04   41  363 6743162.24 5554476.32  17.6%  34.9 2491s
 280798 267537 5653931.68  173  324 6743162.24 5554504.74  17.6%  34.8 2495s
 281393 267776 6365095.20  348  307 6743162.24 5554504.74  17.6%  34.8 2503s
 281395 268016 6365136.10  349  307 6743162.24 5554504.74  17.6%  34.8 2505s
 281653 268141 6588571.07  401  295 6743162.24 5554508.69  17.6%  34.8 2545s
 282416 268883 6468902.39  329  296 6743162.24 5554716.88  17.6%  34.7 2551s
 282995 269413     cutoff  242      6743162.24 5554766.68  17.6%  34.7 2555s
 283882 270184 5758155.44  213  313 6743162.24 5554766.68  17.6%  34.7 2560s
 284526 270888 5867046.32  308  312 6743162.24 5554766.68  17.6%  34.7 2565s
 285078 271492 5965408.10  387  312 6743162.24 5554766.68  17.6%  34.6 2570s
 285880 272359 6063603.57  461  305 6743162.24 5554766.68  17.6%  34.6 2575s
 286785 273290 6167361.08  535  294 6743162.24 5554766.68  17.6%  34.6 2585s
 287529 273804 6295327.84  613  289 6743162.24 5554766.68  17.6%  34.5 2590s
 287723 273963 6348892.75  627  289 6743162.24 5554766.68  17.6%  34.5 2626s
 288295 274597 6462101.20  665  278 6743162.24 5554766.68  17.6%  34.6 2630s
 288896 275204 6598113.62  716  271 6743162.24 5554766.68  17.6%  34.6 2635s
 289688 275918 6708884.30  797  267 6743162.24 5554810.18  17.6%  34.6 2641s
 290409 276689 5606743.06   75  334 6743162.24 5554839.18  17.6%  34.6 2646s
 291318 277401 5723548.97  162  312 6743162.24 5554848.97  17.6%  34.5 2651s
 292155 278213 6181714.47  554  316 6743162.24 5554848.97  17.6%  34.4 2655s
 293047 278982     cutoff  870      6743162.24 5554914.09  17.6%  34.4 2660s
 293911 279804 6610299.42  133  310 6743162.24 5554921.04  17.6%  34.4 2665s
 294077 279806 5704340.03   45  354 6743162.24 5554921.04  17.6%  34.4 2703s
 294079 279992 5719437.82   46  353 6743162.24 5554921.04  17.6%  34.4 2705s
 294600 280596 5584629.15   52  361 6743162.24 5554940.92  17.6%  34.4 2710s
 295260 281205 6376726.83  476  299 6743162.24 5554940.92  17.6%  34.4 2715s
 295940 281863 6564824.28  322  302 6743162.24 5554946.97  17.6%  34.4 2720s
 296799 282661 5725230.57  149  299 6743162.24 5554967.14  17.6%  34.4 2726s
 297340 283187 5890738.16  325  286 6743162.24 5554967.14  17.6%  34.4 2730s
 297900 283623 6007857.43  466  297 6743162.24 5554967.14  17.6%  34.5 2735s
 298503 284330 6150598.58  609  318 6743162.24 5554967.14  17.6%  34.6 2740s
 299116 284793 6274320.84  760  305 6743162.24 5554967.14  17.6%  34.6 2749s
 299184 285035 6291451.33  777  310 6743162.24 5554967.14  17.6%  34.6 2751s
 299908 285728 6422145.16  974  295 6743162.24 5554967.14  17.6%  34.7 2756s
 300420 286345 6530731.40 1127  282 6743162.24 5554967.14  17.6%  34.7 2796s
 301189 287104 6103178.64  105  321 6743162.24 5554972.15  17.6%  34.8 2801s
 301831 287585 infeasible  292      6743162.24 5554992.37  17.6%  34.7 2805s
 302417 288069 5614856.33   89  315 6743162.24 5555021.08  17.6%  34.8 2810s
 303254 288872 5822389.83  237  323 6743162.24 5555021.08  17.6%  34.7 2815s
 303771 289368 5912586.89  343  303 6743162.24 5555021.08  17.6%  34.8 2820s
 304216 289691 5971940.78  421  313 6743162.24 5555021.08  17.6%  34.8 2831s
 304618 290184 6016781.43  513  309 6743162.24 5555021.08  17.6%  34.8 2836s
 305263 290877 6097188.97  606  319 6743162.24 5555021.08  17.6%  34.8 2841s
 305735 291330 6166233.14  703  316 6743162.24 5555021.08  17.6%  34.8 2846s
 306379 291899 6273953.67  866  291 6743162.24 5555021.08  17.6%  34.9 2851s
 306752 292400 6378888.14  923  302 6743162.24 5555021.08  17.6%  35.0 2855s
 307023 292653 6415142.93  980  282 6743162.24 5555021.08  17.6%  35.0 2895s
 307793 293496 6576204.16 1125  275 6743162.24 5555021.08  17.6%  35.1 2901s
 308609 294078 6723033.89 1201  261 6743162.24 5555126.32  17.6%  35.1 2906s
 309149 294546 6473207.10  200  301 6743162.24 5555151.74  17.6%  35.1 2910s
 309449 294548 5578905.63   32  364 6743162.24 5555151.74  17.6%  35.1 2917s
 309791 295102 6294920.18  214  311 6743162.24 5555151.74  17.6%  35.1 2921s
 310345 295581 5947607.74  157  306 6743162.24 5555171.26  17.6%  35.0 2926s
 311167 296399 5628477.92   82  318 6743162.24 5555218.83  17.6%  35.0 2931s
 311682 296808 5788544.35  194  308 6743162.24 5555218.83  17.6%  35.0 2935s
 312155 297304 5918934.81  261  321 6743162.24 5555218.83  17.6%  35.1 2940s
 312933 298052 6219751.60  421  310 6743162.24 5555218.83  17.6%  35.1 2945s
 313678 298863 6412147.72  532  298 6743162.24 5555218.83  17.6%  35.2 2950s
 313924 299081 6455258.58  563  295 6743162.24 5555218.83  17.6%  35.2 2986s
 314391 299592 6557906.23  650  291 6743162.24 5555218.83  17.6%  35.3 2993s
 314653 299792 6608889.51  673  286 6743162.24 5555218.83  17.6%  35.3 2995s
 315343 300549 5686410.13  103  326 6743162.24 5555218.83  17.6%  35.3 3000s
 316286 301567 5986173.32  286  313 6743162.24 5555220.54  17.6%  35.4 3006s
 316916 302094 6718907.42  565  279 6743162.24 5555225.05  17.6%  35.3 3011s
 317570 302548 5922660.99  249  321 6743162.24 5555226.32  17.6%  35.3 3015s
 318044 303020 6144604.95  366  313 6743162.24 5555226.32  17.6%  35.4 3020s
 318539 303606 6388843.82  499  306 6743162.24 5555226.32  17.6%  35.4 3025s
 319279 304394     cutoff  691      6743162.24 5555240.89  17.6%  35.4 3030s
 319605 304626 6022331.01  101  327 6743162.24 5555240.89  17.6%  35.4 3036s
 320128 305285 6704668.83  174  294 6743162.24 5555267.20  17.6%  35.4 3041s
 320993 306098 6720434.85  317  275 6743162.24 5555286.49  17.6%  35.3 3076s
 321956 307000 6692595.53  263  286 6743162.24 5555286.58  17.6%  35.3 3080s
 323158 307970 5576303.41   73  335 6743162.24 5555327.52  17.6%  35.2 3085s
 323808 308541 5760497.91  202  314 6743162.24 5555327.52  17.6%  35.2 3090s
 324361 309092 5910256.73  280  317 6743162.24 5555327.52  17.6%  35.2 3095s
 324855 309570 6029222.23  366  313 6743162.24 5555327.52  17.6%  35.3 3107s
 325080 309833 6089403.26  394  305 6743162.24 5555327.52  17.6%  35.3 3110s
 325538 310317 6241482.29  476  300 6743162.24 5555327.52  17.6%  35.4 3115s
 326085 310875 6404267.57  555  288 6743162.24 5555327.52  17.6%  35.4 3121s
 326731 311568 6582763.36  634  276 6743162.24 5555327.52  17.6%  35.5 3126s
 327153 312004 6674911.95  683  270 6743162.24 5555327.52  17.6%  35.6 3130s
 327882 312741 5817545.13  159  312 6743162.24 5555328.99  17.6%  35.6 3136s
 328178 312952 6374827.57  307  300 6743162.24 5555328.99  17.6%  35.6 3169s
 328429 313251 5722160.41   81  327 6743162.24 5555328.99  17.6%  35.7 3171s
 329334 314053 6692486.20  248  291 6743162.24 5555352.56  17.6%  35.6 3176s
 329963 314474 6294021.10  161  313 6743162.24 5555362.01  17.6%  35.6 3188s
 330101 314741 6648509.84  230  297 6743162.24 5555375.34  17.6%  35.6 3190s
 330943 315542 5806766.43  176  300 6743162.24 5555375.34  17.6%  35.6 3196s
 331633 316117 6015092.82  351  311 6743162.24 5555375.34  17.6%  35.6 3201s
 332191 316626 6107536.23  457  311 6743162.24 5555375.34  17.6%  35.6 3205s
 332728 317207 6192954.49  586  306 6743162.24 5555375.34  17.6%  35.7 3211s
 333092 317556 6240218.72  643  309 6743162.24 5555375.34  17.6%  35.7 3215s
 333789 318411 6378906.20  780  292 6743162.24 5555375.34  17.6%  35.7 3221s
 334603 319260 6497984.81  917  270 6743162.24 5555375.34  17.6%  35.8 3226s
 334970 319607 6583550.03  986  264 6743162.24 5555375.34  17.6%  35.8 3262s
 335739 320331 5571202.54   77  321 6743162.24 5555392.70  17.6%  35.7 3267s
 336369 320961 5934762.17  321  312 6743162.24 5555392.70  17.6%  35.7 3270s
 337158 321488 6613023.49  681  281 6743162.24 5555398.08  17.6%  35.7 3275s
 338058 322313 6422316.90  189  307 6743162.24 5555420.77  17.6%  35.7 3280s
 339260 323567 5684705.74  210  328 6743162.24 5555437.58  17.6%  35.6 3286s
 340115 324274 6602999.74  532  286 6743162.24 5555440.30  17.6%  35.6 3295s
 340640 324777 5622954.74  107  320 6743162.24 5555440.30  17.6%  35.6 3300s
 341460 325498 5747034.38  194  322 6743162.24 5555440.30  17.6%  35.6 3305s
 342067 326119 5890749.53  275  308 6743162.24 5555440.30  17.6%  35.6 3310s
 342324 326328 5935473.26  305  313 6743162.24 5555440.30  17.6%  35.6 3338s
 342849 326854 5997254.22  366  326 6743162.24 5555440.30  17.6%  35.6 3341s
 343723 327654 6050854.01  470  311 6743162.24 5555440.30  17.6%  35.6 3346s
 344445 328282 6120556.71  573  307 6743162.24 5555440.30  17.6%  35.5 3351s
 345188 329061 6193396.08  648  305 6743162.24 5555440.30  17.6%  35.5 3356s
 345414 329117 6228609.24  694  317 6743162.24 5555440.30  17.6%  35.5 3361s
 345872 329729 6290712.53  768  308 6743162.24 5555440.30  17.6%  35.5 3365s
 346601 330468 6427020.91  869  291 6743162.24 5555440.30  17.6%  35.5 3371s
 347351 331335 6588494.74  966  279 6743162.24 5555440.30  17.6%  35.5 3376s
 348333 332307 6000850.11  151  313 6743162.24 5555613.97  17.6%  35.5 3381s
 349221 333263 5604087.10   99  325 6743162.24 5555625.80  17.6%  35.4 3386s
 349720 333596 5636235.89  121  316 6743162.24 5555625.80  17.6%  35.4 3414s
 350053 333774 5685779.01  151  308 6743162.24 5555625.80  17.6%  35.3 3415s
 350468 334068 5760025.67  204  321 6743162.24 5555625.80  17.6%  35.3 3421s
 350869 334429 5847319.12  258  316 6743162.24 5555625.80  17.6%  35.4 3426s
 351630 335262 5936225.35  351  313 6743162.24 5555625.80  17.6%  35.4 3431s
 352414 335962 6032099.16  432  327 6743162.24 5555625.80  17.6%  35.3 3435s
 353059 336551 6101706.56  526  322 6743162.24 5555625.80  17.6%  35.3 3440s
 353880 337401 6215924.37  656  315 6743162.24 5555625.80  17.6%  35.4 3445s
 354742 338159 6331376.20  744  303 6743162.24 5555625.80  17.6%  35.4 3450s
 355394 338805 6450528.82  868  289 6743162.24 5555625.80  17.6%  35.4 3455s
 355696 338973 6541719.08  899  289 6743162.24 5555625.80  17.6%  35.4 3461s
 355874 339306 6554568.48  937  290 6743162.24 5555625.80  17.6%  35.5 3465s
 356031 339490 6568141.22  973  288 6743162.24 5555625.80  17.6%  35.5 3496s
 356566 340022 6653125.69 1073  275 6743162.24 5555625.80  17.6%  35.5 3501s
 357053 340459     cutoff 1127      6743162.24 5555786.98  17.6%  35.6 3506s
 357580 340971     cutoff  277      6743162.24 5555828.84  17.6%  35.6 3511s
 358270 341768     cutoff  493      6743162.24 5555838.37  17.6%  35.6 3515s
 358993 342356 6519352.97  169  311 6743162.24 5555838.37  17.6%  35.6 3521s
 359386 342830 6713057.25  190  297 6743162.24 5555842.93  17.6%  35.7 3525s
 360143 343439 6283148.13  506  302 6743162.24 5555842.93  17.6%  35.7 3530s
 360837 343794 5574858.11   74  325 6743162.24 5555870.81  17.6%  35.7 3539s
 360839 343937 5575133.10   74  329 6743162.24 5555870.81  17.6%  35.7 3540s
 361585 344698 5913210.13  275  310 6743162.24 5555870.81  17.6%  35.7 3546s
 362073 345182 5993893.53  379  323 6743162.24 5555870.81  17.6%  35.7 3550s
 362791 345954 6173996.41  559  311 6743162.24 5555870.81  17.6%  35.7 3555s
 362999 346165 6246372.72  608  309 6743162.24 5555870.81  17.6%  35.8 3583s
 363210 346417 6280902.16  648  305 6743162.24 5555870.81  17.6%  35.8 3585s
 364126 347446 6528135.80  855  286 6743162.24 5555870.81  17.6%  35.8 3591s
 364840 347987 5841403.02  133  318 6743162.24 5555896.47  17.6%  35.8 3595s
 365772 348854 6572967.92  290  298 6743162.24 5556005.14  17.6%  35.7 3600s

Cutting planes:
  RLT: 289

Explored 366019 nodes (13082199 simplex iterations) in 3600.26 seconds (2525.02 work units)
Thread count was 2 (of 24 available processors)

Solution count 10: 6.74316e+06 6.74665e+06 6.79737e+06 ... 6.93274e+06

Time limit reached
Best objective 6.743162241947e+06, best bound 5.556005138927e+06, gap 17.6053%
