
Gurobi 11.0.3 (linux64, Java) logging started sex 29 nov 2024 20:31:58 -03

Set parameter Username
Academic license - for non-commercial use only - expires 2025-10-10
Set parameter NonConvex to value 2
Set parameter TimeLimit to value 3600
Set parameter LogToConsole to value 0
Set parameter MIPGap to value 3.6214606217221094e-08
Set parameter Threads to value 2
Set parameter NodefileDir to value "/home/ps12398/experiment_epec/goalProgrammingMarcos/"
Set parameter NodefileStart to value 1
Gurobi Optimizer version 11.0.3 build v11.0.3rc0 (linux64)

CPU model: Intel(R) Xeon(R) CPU           X5650  @ 2.67GHz, instruction set [SSE2]
Thread count: 12 physical cores, 24 logical processors, using up to 2 threads

Optimize a model with 180845 rows, 121779 columns and 801152 nonzeros
Model fingerprint: 0x5e30bf98
Model has 251 quadratic constraints
Variable types: 60768 continuous, 61011 integer (246 binary)
Coefficient statistics:
  Matrix range     [4e-03, 7e+06]
  QMatrix range    [4e-03, 1e+05]
  QLMatrix range   [1e+00, 1e+05]
  Objective range  [1e+00, 6e+07]
  Bounds range     [1e+00, 1e+08]
  RHS range        [1e+00, 1e+07]
  QRHS range       [5e-02, 5e-02]
Presolve removed 180128 rows and 120471 columns
Presolve time: 0.59s
Presolved: 1642 rows, 1599 columns, 81778 nonzeros
Presolved model has 2 SOS constraint(s)
Presolved model has 246 bilinear constraint(s)

Solving non-convex MIQCP

Variable types: 787 continuous, 812 integer (248 binary)
Found heuristic solution: objective 1.080081e+07

Root relaxation: objective 3.217802e+06, 368 iterations, 0.05 seconds (0.04 work units)

    Nodes    |    Current Node    |     Objective Bounds      |     Work
 Expl Unexpl |  Obj  Depth IntInf | Incumbent    BestBd   Gap | It/Node Time

     0     0 3217801.97    0  373 1.0801e+07 3217801.97  70.2%     -    0s
     0     0 4314790.93    0  371 1.0801e+07 4314790.93  60.1%     -    1s
H    0     0                    6749183.0464 4314860.24  36.1%     -    1s
     0     0 4336126.41    0  371 6749183.05 4336126.41  35.8%     -    2s
     0     0 4339526.41    0  371 6749183.05 4339526.41  35.7%     -    2s
     0     0 4339568.12    0  371 6749183.05 4339568.12  35.7%     -    2s
     0     0 4339960.71    0  371 6749183.05 4339960.71  35.7%     -    2s
H    0     0                    6481252.4023 4339965.81  33.0%     -    3s
     0     2 4339965.81    0  371 6481252.40 4339965.81  33.0%     -    4s
    27    30 4346874.29   14  357 6481252.40 4340168.75  33.0%   1.4    5s
H  939   962                    6303074.3279 4340168.75  31.1%   4.2    9s
  1064  1100 4600750.07  406  307 6303074.33 4340168.75  31.1%   4.0   10s
H 1489  1504                    6300427.1805 4340168.75  31.1%   4.9   11s
  2095  2165 4882985.89  891  311 6300427.18 4340168.75  31.1%   5.3   15s
H 2817  2893                    6239478.7750 4340168.75  30.4%   5.5   17s
H 2885  2893                    6221787.4631 4340168.75  30.2%   5.5   17s
H 3062  3139                    6221754.9976 4340168.75  30.2%   6.0   18s
  3176  3361 5139132.73 1366  302 6221755.00 4340168.75  30.2%   6.0   20s
  3668  3668 4414780.56  141  125 6221755.00 4414780.56  29.0%   6.6   25s
H 3669  3485                    6145223.9207 4422874.15  28.0%   6.6   26s
H 3677  3316                    6118837.3501 4423025.17  27.7%   6.8   29s
H 3679  3152                    6093067.5148 4423306.03  27.4%   6.8   29s
  3680  3152 4466510.53  254  125 6093067.51 4423306.03  27.4%   6.8   30s
H 3682  2996                    6080166.7448 4423323.64  27.2%   6.8   32s
H 3682  2846                    6079256.3091 4423323.64  27.2%   6.8   32s
  3753  2899 4437520.40   38  353 6079256.31 4431122.48  27.1%   7.0   35s
H 3981  2912                    6064295.8446 4434221.32  26.9%   7.1   37s
  4350  3152 4714774.47  183  328 6064295.84 4434221.32  26.9%   7.7   40s
H 4384  3047                    6063617.9722 4434221.32  26.9%   7.8   40s
  5123  3580 4747895.28  346  318 6063617.97 4434221.32  26.9%   9.3   45s
  5780  4104 4821720.14  502  289 6063617.97 4434221.32  26.9%  10.0   50s
  6708  4748 5000507.48  750  276 6063617.97 4434221.32  26.9%  10.8   55s
  7512  5285 5073823.68  970  281 6063617.97 4434221.32  26.9%  11.0   60s
  8665  6058 5241288.84 1288  264 6063617.97 4434221.32  26.9%  11.6   65s
  9537  6639 5645068.27 1527  279 6063617.97 4434221.32  26.9%  12.5   70s
 10643  7370 6014947.67 1844  212 6063617.97 4434221.32  26.9%  12.9   75s
 11531  7907 4807201.73  134  265 6063617.97 4434263.05  26.9%  13.1   80s
H12167  8122                    6058068.1546 4434263.05  26.8%  13.1   81s
H12517  8236                    6056432.9977 4434263.05  26.8%  12.9   83s
 12740  8563 5431921.53  391  194 6056433.00 4434263.05  26.8%  12.9   85s
 14182  9866 5944822.76  793  137 6056433.00 4434263.05  26.8%  12.3   90s
 14687 10176 4814607.79   89  302 6056433.00 4434280.43  26.8%  12.1   99s
 14723 10279 4892637.87   98  293 6056433.00 4434280.43  26.8%  12.1  100s
H15621 11205                    6054994.9440 4434280.43  26.8%  11.7  104s
 15812 11529 5406906.88  347  303 6054994.94 4434280.43  26.8%  11.6  105s
H16494 12143                    6054758.0918 4434280.43  26.8%  11.5  107s
 17476 13231 5471129.89  631  297 6054758.09 4434280.43  26.8%  11.2  110s
 18775 14586 5708902.75  918  280 6054758.09 4434280.43  26.8%  10.8  115s
H20256 15755                    6051925.6182 4434280.43  26.7%  10.4  119s
 20391 16131 5752146.98 1281  267 6051925.62 4434280.43  26.7%  10.4  120s
 21616 17150 5830316.65 1665  246 6051925.62 4434280.43  26.7%  10.2  125s
 22927 18220 5964271.69 2040  147 6051925.62 4434280.43  26.7%  10.0  130s
 24321 19344 infeasible  135      6051925.62 4434432.89  26.7%   9.7  135s
 25662 20653 5497466.56  418  204 6051925.62 4434432.89  26.7%   9.6  140s
 27277 22295 5574151.54  677  189 6051925.62 4434432.89  26.7%   9.4  145s
 28901 23713 5836366.02 1085  116 6051925.62 4434432.89  26.7%   9.2  150s
 29973 24678 5382703.79  197  222 6051925.62 4434471.38  26.7%   9.2  155s
 30766 25258 5515437.87  360  203 6051925.62 4434471.38  26.7%   9.0  162s
H30947 25467                    6046363.1144 4434471.38  26.7%   9.0  164s
 31018 25667 5536913.90  423  197 6046363.11 4434471.38  26.7%   9.0  165s
H31044 25660                    6045043.0709 4434471.38  26.6%   9.0  165s
H31626 26197                    6037437.7960 4434471.38  26.6%   8.9  167s
H32111 26108                    6004861.8007 4434471.38  26.2%   8.8  169s
 32289 26427 5678105.62  684  185 6004861.80 4434471.38  26.2%   8.8  170s
H33275 26238                    5951902.8491 4434471.38  25.5%   8.8  173s
 33688 26877 5785363.14  955  172 5951902.85 4434471.38  25.5%   8.7  175s
H35021 27134                    5913750.1706 4434471.38  25.0%   8.7  179s
H35215 27196                    5909628.9147 4434471.38  25.0%   8.6  179s
 35349 27332 5883552.94 1252  143 5909628.91 4434471.38  25.0%   8.6  180s
 36853 28316 infeasible  206      5909628.91 4434471.38  25.0%   8.5  185s
 37967 29238 5771817.12  408  219 5909628.91 4434471.38  25.0%   8.7  190s
 39232 30098 5513199.45  283  277 5909628.91 4434582.97  25.0%   8.6  195s
 40355 31084 5641678.05  401  290 5909628.91 4434582.97  25.0%   8.7  200s
 41292 31647 5786292.35  620  230 5909628.91 4434582.97  25.0%   8.7  207s
 41616 32035 5800451.09  663  251 5909628.91 4434582.97  25.0%   8.7  210s
 42659 32772 5459395.86  276  271 5909628.91 4434656.49  25.0%   8.6  215s
 44045 34153 5826147.17  560  232 5909628.91 4434656.49  25.0%   8.5  220s
 45356 35212 5473799.46  285  298 5909628.91 4434737.18  25.0%   8.3  225s
 46554 36377 5727514.64  476  257 5909628.91 4434737.18  25.0%   8.3  230s
 47623 37009 4492476.31   60  333 5909628.91 4434832.40  25.0%   8.3  235s
 48411 37613 5483539.21  249  173 5909628.91 4434832.40  25.0%   8.2  240s
 49324 38427 5645028.53  502  169 5909628.91 4434832.40  25.0%   8.1  248s
 49558 38607 5653463.58  584  151 5909628.91 4434832.40  25.0%   8.1  250s
 50494 39628 5765502.98  864  140 5909628.91 4434832.40  25.0%   8.1  255s
 51605 40752 5822869.88 1225  123 5909628.91 4434832.40  25.0%   8.1  260s
 52708 41527     cutoff 1464      5909628.91 4435057.22  25.0%   8.0  265s
 53818 42575     cutoff  516      5909628.91 4435057.22  25.0%   8.0  270s
 55036 43777 5673088.19  505  178 5909628.91 4435057.22  25.0%   7.9  275s
 56102 44618 4919892.55  253  314 5909628.91 4435057.22  25.0%   7.9  280s
 57290 45810 5411032.13  274  315 5909628.91 4435320.88  24.9%   7.8  285s
 58499 46946 5437800.04  261  200 5909628.91 4435377.41  24.9%   7.7  290s
 59057 47291     cutoff  539      5909628.91 4435377.41  24.9%   7.7  298s
 59215 47604 4525478.77   62  327 5909628.91 4435377.41  24.9%   7.7  300s
 59948 48332 5533286.31  442  189 5909628.91 4435377.41  24.9%   7.6  305s
 61103 49125 5490196.85  255  268 5909628.91 4435496.19  24.9%   7.5  310s
 62211 50287 5819735.90  537  251 5909628.91 4435496.19  24.9%   7.5  315s
 63149 51118 5476848.36  329  296 5909628.91 4435726.90  24.9%   7.5  320s
 64271 52051 5732100.63  438  172 5909628.91 4435726.90  24.9%   7.4  325s
 65325 52649 5428856.32  195  277 5909628.91 4435847.35  24.9%   7.4  330s
 66318 53760 5643278.01  301  260 5909628.91 4435847.35  24.9%   7.3  335s
 67807 55215 5832300.97  406  249 5909628.91 4435847.35  24.9%   7.3  340s
 68683 55736 5907517.72  437  242 5909628.91 4435847.35  24.9%   7.3  348s
 68826 55899 4579520.71   89  329 5909628.91 4435860.58  24.9%   7.3  350s
 69783 56864 5765985.82  583  170 5909628.91 4435860.58  24.9%   7.2  355s
 70813 57797 5543487.21  222  274 5909628.91 4436020.04  24.9%   7.2  360s
 72068 58925 5744257.52  328  181 5909628.91 4436020.04  24.9%   7.1  365s
 73153 59882 5645092.31  287  264 5909628.91 4436088.88  24.9%   7.1  370s
 74472 61033 5705015.61  342  188 5909628.91 4436102.33  24.9%   7.1  375s
 75671 62247 5629038.58  374  280 5909628.91 4436103.23  24.9%   7.1  380s
 76917 63105     cutoff  586      5909628.91 4436318.45  24.9%   7.0  385s
 77978 63985 5552947.82  238  274 5909628.91 4436318.45  24.9%   6.9  390s
 79177 65225 5850700.94  371  239 5909628.91 4436318.45  24.9%   6.9  395s
 80218 65771 5423317.47  250  266 5909628.91 4436499.72  24.9%   6.8  403s
 80376 66137 5431646.37  265  262 5909628.91 4436499.72  24.9%   6.8  405s
 81538 67325 5734669.60  474  218 5909628.91 4436499.72  24.9%   6.8  410s
 82689 68067 5551375.35  232  262 5909628.91 4436784.08  24.9%   6.8  415s
 83942 69387 5598883.74  272  181 5909628.91 4436790.54  24.9%   6.8  420s
 85259 70639 5202512.33  222  224 5909628.91 4436841.89  24.9%   6.7  425s
 86541 71719 5810942.57  751  167 5909628.91 4436841.89  24.9%   6.7  430s
 87698 72641 5704169.33  341  271 5909628.91 4436909.90  24.9%   6.6  435s
 88985 73786 infeasible   61      5909628.91 4437105.90  24.9%   6.6  449s
 89081 73857 4900815.62   85  282 5909628.91 4437105.90  24.9%   6.6  450s
 89845 74503 5493564.54  209  188 5909628.91 4437105.90  24.9%   6.6  455s
 90944 75506 5706321.93  319  166 5909628.91 4437105.90  24.9%   6.5  460s
 92020 76555 5434022.81  138  254 5909628.91 4437241.94  24.9%   6.5  465s
 93605 77784 5751477.30  333  217 5909628.91 4437290.78  24.9%   6.5  470s
 94502 78546     cutoff  795      5909628.91 4437299.61  24.9%   6.5  475s
 95588 79604 5121362.04  314  309 5909628.91 4437300.63  24.9%   6.5  480s
 96591 80505 5716740.50  916  296 5909628.91 4437300.63  24.9%   6.5  485s
 97730 81380 5397641.91  126  334 5909628.91 4437308.86  24.9%   6.5  491s
 98828 82489 5521424.39  364  308 5909628.91 4437308.86  24.9%   6.5  495s
 100236 83872 5613776.59  472  297 5909628.91 4437308.86  24.9%   6.5  501s
 101418 84866 5709131.31  688  304 5909628.91 4437308.86  24.9%   6.5  505s
 102406 85665 5809609.75  854  284 5909628.91 4437308.86  24.9%   6.5  510s
 103265 86416 5866797.20  893  279 5909628.91 4437308.86  24.9%   6.5  515s
 103936 86745     cutoff  900      5909628.91 4437308.86  24.9%   6.5  523s
 104178 87005 4828168.91  104  306 5909628.91 4437308.86  24.9%   6.5  526s
 104917 87715     cutoff  402      5909628.91 4437365.81  24.9%   6.5  530s
 105908 88741 4784094.94   89  333 5909628.91 4437365.81  24.9%   6.5  535s
 107152 89719 5462634.79  188  262 5909628.91 4437365.81  24.9%   6.5  540s
 108179 90750 5586601.88  325  271 5909628.91 4437365.81  24.9%   6.5  545s
 109380 91895 5814905.02  685  228 5909628.91 4437365.81  24.9%   6.5  551s
 110693 92977 5370479.77  384  312 5909628.91 4437429.57  24.9%   6.4  555s
 111853 94129 4774461.64   86  349 5909628.91 4437451.56  24.9%   6.4  560s
 113119 95150 5454174.18  593  302 5909628.91 4437451.56  24.9%   6.4  565s
 113816 95685 5693375.22  154  309 5909628.91 4437477.93  24.9%   6.4  574s
 113965 95762 5869277.04  195  287 5909628.91 4437477.93  24.9%   6.4  575s
 114593 96485 5883768.36  341  189 5909628.91 4437478.40  24.9%   6.4  580s
 116066 97744 5444950.76  118  186 5909628.91 4437480.63  24.9%   6.4  585s
 117389 99124 5580788.72  333  168 5909628.91 4437480.63  24.9%   6.4  590s
 118569 100253 5720738.69  457  156 5909628.91 4437480.63  24.9%   6.3  595s
 119943 101381 4834864.20  132  333 5909628.91 4437480.63  24.9%   6.3  600s
 120940 102255 5455911.43  679  299 5909628.91 4437480.63  24.9%   6.3  605s
 121939 103027 5836210.90 1177  290 5909628.91 4437516.51  24.9%   6.3  610s
 123018 104144     cutoff  408      5909628.91 4437521.02  24.9%   6.3  615s
 124038 104918 5868217.58  529  213 5909628.91 4437521.02  24.9%   6.2  620s
 124525 105196 4828513.80  134  335 5909628.91 4437521.02  24.9%   6.2  629s
 124527 105272 4828555.23  135  334 5909628.91 4437521.02  24.9%   6.2  630s
 125170 105970 5449019.53  528  307 5909628.91 4437521.02  24.9%   6.2  635s
 125983 106701 5328409.63   55  362 5909628.91 4437555.48  24.9%   6.3  640s
 126717 107267 5589151.01  296  301 5909628.91 4437574.21  24.9%   6.3  645s
 127826 108359 5395707.82  125  348 5909628.91 4437688.49  24.9%   6.3  650s
 128923 109285 5563764.84  385  286 5909628.91 4437688.49  24.9%   6.2  655s
 130227 110427 5608908.52  772  287 5909628.91 4437688.49  24.9%   6.2  660s
 131452 111767 5648296.72 1147  271 5909628.91 4437688.49  24.9%   6.2  665s
 132550 112806 5830863.75 1498  133 5909628.91 4437688.49  24.9%   6.2  670s
 133825 113805 5420100.16  360  313 5909628.91 4437849.93  24.9%   6.2  675s
 134779 114667     cutoff  744      5909628.91 4437849.93  24.9%   6.2  680s
 135785 115538 5480057.44  219  191 5909628.91 4437922.57  24.9%   6.2  685s
 136371 115876 5561939.39  285  196 5909628.91 4437922.57  24.9%   6.2  693s
 136626 116314 5686291.81  331  156 5909628.91 4437922.57  24.9%   6.2  695s
 137915 117554 5811977.49  604  117 5909628.91 4437922.57  24.9%   6.2  700s
 139049 118437 5320782.80   68  370 5909628.91 4438089.81  24.9%   6.2  705s
 140162 119562     cutoff  593      5909628.91 4438090.66  24.9%   6.2  710s
 141053 120255 5304053.80   42  369 5909628.91 4438148.57  24.9%   6.2  715s
 141951 120970 4840000.44   70  268 5909628.91 4438320.36  24.9%   6.2  720s
 143324 122322 5609472.72  359  158 5909628.91 4438320.36  24.9%   6.2  725s
 144584 123462 5813785.98  564  115 5909628.91 4438320.36  24.9%   6.2  730s
 146049 124513 5908296.15  454  159 5909628.91 4438427.34  24.9%   6.2  735s
 147118 125586 5122309.17  160  317 5909628.91 4438796.34  24.9%   6.1  740s
 148106 126274 5880284.58  206  303 5909628.91 4438798.79  24.9%   6.1  745s
 149662 127512 5577434.54  304  166 5909628.91 4439495.08  24.9%   6.1  750s
 150640 128525 5719241.83  537  137 5909628.91 4439495.08  24.9%   6.1  755s
 151939 129584 5056677.05  151  323 5909628.91 4439495.08  24.9%   6.1  760s
 153030 130567 5286377.75   93  288 5909628.91 4440075.59  24.9%   6.1  765s
 153971 131533 5536273.01  374  231 5909628.91 4440075.59  24.9%   6.1  770s
 155260 132664 5617230.77  669  228 5909628.91 4440075.59  24.9%   6.1  775s
 156594 134019 5645017.29 1036  215 5909628.91 4440075.59  24.9%   6.1  780s
 157941 135291 5707711.58 1414  197 5909628.91 4440075.59  24.9%   6.1  785s
 159355 136383 5351046.75   70  364 5909628.91 4440885.16  24.9%   6.1  790s
 160384 137147     cutoff  331      5909628.91 4441021.96  24.9%   6.1  795s
 161441 138171     cutoff  363      5909628.91 4441093.31  24.8%   6.1  800s
 162754 139270 5882894.42  214  305 5909628.91 4441277.03  24.8%   6.1  805s
 163880 140243 4958870.58   66  268 5909628.91 4441293.01  24.8%   6.1  810s
 164913 141026 infeasible  260      5909628.91 4441293.01  24.8%   6.1  815s
 166289 142305 5621620.20  513  170 5909628.91 4441293.01  24.8%   6.1  820s
 167672 143580 5869706.26  812  116 5909628.91 4441293.01  24.8%   6.1  825s
 168800 144674 infeasible  522      5909628.91 4441309.77  24.8%   6.1  830s
 169781 145468 5462907.83  123  242 5909628.91 4441352.65  24.8%   6.1  835s
 170987 146680 5773801.94  289  189 5909628.91 4441352.65  24.8%   6.1  840s
 172160 147459 5905470.22  375  171 5909628.91 4441402.95  24.8%   6.1  845s
 173481 148852 5306310.04  229  304 5909628.91 4441405.22  24.8%   6.1  851s
 174631 149943 5346895.31  386  305 5909628.91 4441460.08  24.8%   6.1  855s
 175781 150983 5855912.37  487  278 5909628.91 4441482.16  24.8%   6.1  860s
 176761 151841     cutoff  343      5909628.91 4441487.78  24.8%   6.1  865s
 177698 152795 5016808.42  106  334 5909628.91 4441499.31  24.8%   6.1  870s
 178813 153703 5622549.29   99  332 5909628.91 4441505.53  24.8%   6.1  875s
 179977 154839 5309584.11  213  307 5909628.91 4441584.83  24.8%   6.2  880s
 180734 155501 5868311.22  485  235 5909628.91 4441592.04  24.8%   6.2  885s
 182022 156688 5494442.64  252  329 5909628.91 4441597.82  24.8%   6.2  891s
 182716 157435 5588090.90  363  317 5909628.91 4441597.82  24.8%   6.2  895s
 183669 158222 5657585.67  420  307 5909628.91 4441597.82  24.8%   6.2  900s
 184446 159180 5704150.69  468  309 5909628.91 4441597.82  24.8%   6.3  905s
 185798 160332 5829390.99  698  282 5909628.91 4441597.82  24.8%   6.3  910s
 186535 160920 5870809.98  710  281 5909628.91 4441597.82  24.8%   6.3  915s
 187375 161684 5012161.18  126  336 5909628.91 4441605.05  24.8%   6.4  921s
 188556 162632 5612839.78  644  301 5909628.91 4441676.84  24.8%   6.3  925s
 189684 163680 5806983.45  361  280 5909628.91 4441753.58  24.8%   6.3  931s
 190787 164618 5059430.01  127  336 5909628.91 4441813.15  24.8%   6.3  936s
 191930 165384 5861638.15  223  311 5909628.91 4441858.54  24.8%   6.3  940s
 193000 166424 5195111.21  169  313 5909628.91 4441875.52  24.8%   6.3  945s
 194209 167302 5860118.84  180  306 5909628.91 4441897.92  24.8%   6.3  950s
 195111 168196 5479004.93  196  231 5909628.91 4441979.22  24.8%   6.3  955s
 196806 169876 5700870.77  536  213 5909628.91 4441979.22  24.8%   6.3  960s
 198479 171383 5792050.64  956  213 5909628.91 4441979.22  24.8%   6.3  965s
 199462 172164 5887630.86  194  314 5909628.91 4442083.61  24.8%   6.4  970s
 200536 173115 5318108.79   56  368 5909628.91 4442107.94  24.8%   6.4  975s
 201484 173970 5136765.69   66  263 5909628.91 4442141.63  24.8%   6.4  980s
 202488 174949 5524831.82  332  219 5909628.91 4442141.63  24.8%   6.4  985s
 203718 175925 5592401.06  618  218 5909628.91 4442141.63  24.8%   6.4  990s
 204964 177174 5664325.40  897  196 5909628.91 4442141.63  24.8%   6.4  995s
 206365 178394 5882988.30 1200  117 5909628.91 4442230.05  24.8%   6.4 1000s
 207825 179486 5429492.22  152  346 5909628.91 4442259.84  24.8%   6.3 1005s
 208998 180584 5602249.63  457  314 5909628.91 4442259.84  24.8%   6.4 1010s
 209842 181377 5830538.22  692  301 5909628.91 4442259.84  24.8%   6.4 1015s
 210870 182382 5878633.49  917  296 5909628.91 4442259.84  24.8%   6.4 1020s
 211812 183376 5688774.00  313  221 5909628.91 4442268.97  24.8%   6.4 1025s
 212548 183972 5318366.64   49  367 5909628.91 4442315.51  24.8%   6.4 1030s
 213247 184561 5858697.72  210  305 5909628.91 4442315.51  24.8%   6.4 1035s
 214169 185324 5314608.67   50  367 5909628.91 4442357.43  24.8%   6.5 1041s
 215277 186351     cutoff  428      5909628.91 4442364.76  24.8%   6.5 1045s
 216122 187090 5109234.68  117  324 5909628.91 4442434.13  24.8%   6.5 1051s
 217080 187724     cutoff  152      5909628.91 4442486.48  24.8%   6.5 1055s
 217951 188470 5392647.80   72  359 5909628.91 4442528.82  24.8%   6.5 1060s
 218929 189033 5894215.32  184  306 5909628.91 4442528.82  24.8%   6.5 1065s
 219743 189813 5770747.23  237  188 5909628.91 4442535.04  24.8%   6.5 1070s
 220852 190896 5089562.40   64  266 5909628.91 4442572.68  24.8%   6.5 1075s
 221723 191535 5891694.56  431  199 5909628.91 4442633.39  24.8%   6.5 1080s
 222476 192272 5871388.49  323  206 5909628.91 4442637.04  24.8%   6.5 1085s
 223474 193181 5527329.22  234  215 5909628.91 4442794.46  24.8%   6.5 1090s
 224284 194071 5489148.35   96  350 5909628.91 4442806.11  24.8%   6.5 1095s
 225300 194752 5732073.05  158  325 5909628.91 4442806.11  24.8%   6.5 1100s
 226359 195694 5029773.25   83  256 5909628.91 4442943.20  24.8%   6.6 1105s
 228006 197281 5150233.04  156  318 5909628.91 4442983.40  24.8%   6.5 1110s
 229561 198742     cutoff  243      5909628.91 4443029.90  24.8%   6.5 1115s
H229655 197959                    5897890.0659 4443029.90  24.7%   6.5 1115s
 230780 198882 5895783.44  307  204 5897890.07 4443054.73  24.7%   6.5 1120s
 231768 199771 4942756.66   61  333 5897890.07 4443185.82  24.7%   6.5 1125s
 233103 201000 5377097.74   64  363 5897890.07 4443215.68  24.7%   6.5 1130s
 234235 201973 5872862.42  376  195 5897890.07 4443216.88  24.7%   6.5 1135s
 234988 202712 5422782.33  370  335 5897890.07 4443219.33  24.7%   6.5 1140s
 235905 203530     cutoff  827      5897890.07 4443363.82  24.7%   6.5 1145s
 236874 204441 5496079.41  242  331 5897890.07 4443382.06  24.7%   6.5 1150s
 237835 205391 5781999.77  427  300 5897890.07 4443382.06  24.7%   6.6 1155s
 238977 206497 5844362.95  613  294 5897890.07 4443382.06  24.7%   6.6 1160s
 239644 207097 5892776.52  690  301 5897890.07 4443382.06  24.7%   6.6 1165s
 240736 208164 4941042.60   63  331 5897890.07 4443498.27  24.7%   6.6 1170s
 241929 209128 5330276.37   64  368 5897890.07 4443703.83  24.7%   6.6 1175s
 242655 209919 4929385.11   65  264 5897890.07 4443830.61  24.7%   6.6 1180s
 244065 211157 5598040.36  388  154 5897890.07 4443830.61  24.7%   6.5 1185s
 245221 212178 5809336.29  593  105 5897890.07 4443830.61  24.7%   6.6 1190s
 246448 213372 5062312.83   75  258 5897890.07 4443933.77  24.7%   6.6 1196s
 247469 214278 5619549.35  331  176 5897890.07 4443933.77  24.7%   6.5 1200s
 248700 215404 5678773.54  701  135 5897890.07 4443933.77  24.7%   6.6 1205s
 249918 216611 5781816.62  976  133 5897890.07 4443933.77  24.7%   6.6 1210s
 251227 217828 5298094.16  162  325 5897890.07 4443937.41  24.7%   6.5 1215s
 252249 218544 5313735.56   27  367 5897890.07 4443973.29  24.7%   6.5 1220s
 253194 219477 5357459.49  304  329 5897890.07 4443989.60  24.7%   6.5 1225s
 254188 220264 5635850.34  312  339 5897890.07 4444000.41  24.7%   6.6 1230s
 255172 221328 5292253.64  285  332 5897890.07 4444004.05  24.7%   6.6 1235s
 256340 222343     cutoff  218      5897890.07 4444044.06  24.7%   6.6 1240s
 257170 223130 5344178.87  106  356 5897890.07 4444045.84  24.7%   6.6 1245s
 257915 223865 5500532.43  389  328 5897890.07 4444045.84  24.7%   6.6 1250s
 258749 224584 5869049.95  643  295 5897890.07 4444045.84  24.7%   6.6 1255s
 259206 225131 4996188.87   32  292 5897890.07 4444058.07  24.7%   6.6 1260s
 260462 226121 5829585.65  285  124 5897890.07 4444058.07  24.7%   6.6 1265s
 261412 226994 5884051.94  252  234 5897890.07 4444076.01  24.6%   6.6 1270s
 262786 228238 5531046.55  846  310 5897890.07 4444076.01  24.6%   6.6 1275s
 264194 229599 5716454.37 1261  312 5897890.07 4444076.01  24.6%   6.6 1281s
 265277 230424     cutoff  310      5897890.07 4444099.44  24.6%   6.6 1285s
 266331 231552 5877606.29  536  199 5897890.07 4444120.01  24.6%   6.6 1290s
 267226 232328 5001877.81   38  285 5897890.07 4444123.65  24.6%   6.6 1295s
 268428 233430 5883660.13  584  207 5897890.07 4444133.57  24.6%   6.6 1300s
 269380 234232 5521278.00  169  339 5897890.07 4444141.37  24.6%   6.6 1305s
 270417 235240 5551727.36  376  241 5897890.07 4444149.00  24.6%   6.6 1310s
 271648 236395 5535908.44  230  173 5897890.07 4444151.01  24.6%   6.6 1315s
 272577 237279 5637027.08  485  161 5897890.07 4444151.01  24.6%   6.6 1320s
 273805 238633 5740285.55  827  123 5897890.07 4444151.01  24.6%   6.6 1325s
 275277 239601 5891927.92 1315   72 5897890.07 4444151.01  24.6%   6.6 1330s
 276196 240616 5355575.68  373  355 5897890.07 4444166.07  24.6%   6.6 1335s
 277282 241622 5061684.32   44  280 5897890.07 4444186.41  24.6%   6.6 1340s
 278557 242602 5732195.84   95  229 5897890.07 4444208.26  24.6%   6.6 1345s
 279534 243585 5031561.96   35  289 5897890.07 4444237.96  24.6%   6.6 1350s
 280694 244546 5207991.85  158  220 5897890.07 4444237.96  24.6%   6.6 1355s
 281730 245328 5358264.67  287  216 5897890.07 4444237.96  24.6%   6.6 1360s
 282925 246285 5578731.95  499  177 5897890.07 4444237.96  24.6%   6.6 1365s
 284085 247464 5793209.73  740  136 5897890.07 4444237.96  24.6%   6.6 1370s
 285578 248778 5896015.73  990   97 5897890.07 4444273.06  24.6%   6.6 1375s
 286858 249893 5857187.75  451  293 5897890.07 4444276.70  24.6%   6.6 1380s
 287929 250749 5566756.06  322  339 5897890.07 4444280.00  24.6%   6.5 1385s
 288897 251749 5319281.20   39  367 5897890.07 4444299.10  24.6%   6.6 1390s
 290193 253064 5618848.23  289  151 5897890.07 4444299.10  24.6%   6.6 1395s
 291258 254036 5723004.87  481  121 5897890.07 4444299.10  24.6%   6.6 1400s
 292411 254928 5327420.32   40  367 5897890.07 4444353.83  24.6%   6.6 1405s
 293592 256013 5883592.57  216  135 5897890.07 4444388.28  24.6%   6.6 1410s
 294465 256920 5059212.28   35  284 5897890.07 4444436.63  24.6%   6.6 1415s
 295600 257829 5059600.04   34  285 5897890.07 4444437.89  24.6%   6.5 1420s
 296483 258663 5784071.23  197  200 5897890.07 4444479.56  24.6%   6.5 1425s
 297822 259940 5767698.55  160  321 5897890.07 4444524.23  24.6%   6.5 1430s
 299230 261303 5602695.90  499  307 5897890.07 4444545.71  24.6%   6.5 1435s
 300377 262513 5388055.59   53  223 5897890.07 4444622.96  24.6%   6.5 1440s
 301734 263560 5671357.23  348  135 5897890.07 4444622.96  24.6%   6.5 1445s
 302687 264256 5894494.57  285  166 5897890.07 4444798.25  24.6%   6.5 1450s
 302832 264258 5094944.15   74  249 5897890.07 4444801.30  24.6%   6.5 1457s
 303219 264685 5468291.29  178  185 5897890.07 4444801.30  24.6%   6.5 1460s
 304526 265980 5656883.97  425  146 5897890.07 4444801.30  24.6%   6.5 1465s
 306014 267451 5816282.10  762   88 5897890.07 4444801.30  24.6%   6.5 1471s
 306889 268031 5875251.05  223  162 5897890.07 4445190.07  24.6%   6.5 1475s
 307595 268784 5550842.78  483  313 5897890.07 4445190.07  24.6%   6.5 1480s
 308688 269911     cutoff  210      5897890.07 4445421.47  24.6%   6.5 1485s
 309781 270794 5878917.82  265  175 5897890.07 4445495.41  24.6%   6.5 1490s
 310922 271799 5521690.86  184  334 5897890.07 4445524.59  24.6%   6.5 1495s
 312065 273084 5559564.34  139  343 5897890.07 4445688.20  24.6%   6.5 1500s
 313208 274175 5066571.37   50  268 5897890.07 4445689.69  24.6%   6.5 1505s
 314302 274981 5177774.44   76  260 5897890.07 4445699.66  24.6%   6.5 1510s
 315402 276019 5352450.28  185  355 5897890.07 4445884.16  24.6%   6.5 1515s
 316303 276853 5464469.61  364  335 5897890.07 4445884.16  24.6%   6.5 1520s
 317283 277896 5596395.97  506  314 5897890.07 4445884.16  24.6%   6.5 1525s
 318241 278854 5654244.06  551  312 5897890.07 4445884.16  24.6%   6.5 1530s
 319525 280171 5738549.14  674  294 5897890.07 4445884.16  24.6%   6.5 1535s
 320947 281553 5850251.16  729  287 5897890.07 4445884.16  24.6%   6.5 1540s
 321786 282155     cutoff  751      5897890.07 4445887.81  24.6%   6.5 1545s
 322826 283228 5758641.30  141  226 5897890.07 4446151.55  24.6%   6.5 1550s
 324037 284454 5323268.59   65  367 5897890.07 4446412.70  24.6%   6.5 1555s
 325300 285402 5580443.72  726  287 5897890.07 4446412.70  24.6%   6.5 1560s
 326162 286219 5497424.36  109  352 5897890.07 4446728.64  24.6%   6.5 1565s
 326325 286331 5321917.31   55  368 5897890.07 4446728.64  24.6%   6.5 1570s
 327312 287408 5463958.47  327  331 5897890.07 4446728.64  24.6%   6.5 1575s
 328124 287923 5518701.74  380  324 5897890.07 4446728.64  24.6%   6.5 1580s
 329173 289009 5676593.94  496  304 5897890.07 4446728.64  24.6%   6.6 1585s
 329943 289676 5749036.96  609  298 5897890.07 4446728.64  24.6%   6.6 1590s
 330877 290500 5843734.44  719  280 5897890.07 4446728.64  24.6%   6.6 1595s
 331521 291190 5869061.44  735  279 5897890.07 4448222.14  24.6%   6.6 1601s
 332163 291874 5382742.20  377  342 5897890.07 4448222.14  24.6%   6.6 1605s
 333076 292708 5066227.46   75  280 5897890.07 4448494.36  24.6%   6.6 1610s
 334502 293761 5644280.35  405  172 5897890.07 4448494.36  24.6%   6.6 1621s
 334861 294360 5729664.51  529  149 5897890.07 4448494.36  24.6%   6.6 1625s
 335634 295098 5854575.51  681  111 5897890.07 4448494.36  24.6%   6.6 1630s
 336535 295762 5484636.12  233  334 5897890.07 4449387.52  24.6%   6.6 1635s
 337487 296786 5394973.71  233  346 5897890.07 4449829.74  24.6%   6.6 1640s
 338309 297419 5492623.31  201  332 5897890.07 4450163.01  24.5%   6.6 1645s
 338911 298076 5421069.51  157  348 5897890.07 4450560.84  24.5%   6.6 1650s
 339921 298908 5640507.68  393  312 5897890.07 4450560.84  24.5%   6.6 1655s
 340819 299736 5774880.63  562  302 5897890.07 4450560.84  24.5%   6.6 1660s
 341595 300603 5325962.48  124  360 5897890.07 4450718.74  24.5%   6.7 1665s
 342727 301705 5761882.20   61  231 5897890.07 4450759.72  24.5%   6.6 1671s
 343425 302304 5348308.32   59  363 5897890.07 4450778.96  24.5%   6.6 1675s
 344351 302954 5559221.13  188  344 5897890.07 4450892.85  24.5%   6.6 1680s
 345115 303840 5674878.84  358  318 5897890.07 4450964.35  24.5%   6.7 1685s
 346083 304681 5605970.36  346  344 5897890.07 4450979.07  24.5%   6.7 1690s
 346980 305530     cutoff  197      5897890.07 4451288.49  24.5%   6.7 1695s
 347857 306323     cutoff  239      5897890.07 4451321.01  24.5%   6.7 1700s
 349153 307568 5493733.65  374  330 5897890.07 4451321.01  24.5%   6.7 1705s
 349987 308207 5547960.88  146  209 5897890.07 4456397.49  24.4%   6.7 1710s
 350822 308788 infeasible  178      5897890.07 4457463.24  24.4%   6.7 1716s
 351589 309500 5069252.99   77  249 5897890.07 4457562.40  24.4%   6.7 1720s
 352339 310228 5537671.84  157  345 5897890.07 4457679.70  24.4%   6.7 1725s
 353260 310969 5230852.57   97  229 5897890.07 4457804.04  24.4%   6.7 1730s
 354180 311837 5291844.63  104  237 5897890.07 4458965.02  24.4%   6.7 1735s
 354590 311839 5440894.10  138  218 5897890.07 4458965.02  24.4%   6.7 1741s
 354949 312438 5492542.87  237  208 5897890.07 4458965.02  24.4%   6.7 1745s
 356075 313497 5702664.47  442  148 5897890.07 4458965.02  24.4%   6.7 1750s
 357276 314689 5661929.68  186  209 5897890.07 4459538.96  24.4%   6.7 1755s
 358522 315774 5642367.34  132  221 5897890.07 4459651.52  24.4%   6.7 1760s
H359362 315950                    5893890.0411 4460418.73  24.3%   6.7 1763s
 359724 316278     cutoff  379      5893890.04 4460905.19  24.3%   6.7 1765s
 361085 317497 5355752.43   76  371 5893890.04 4461895.31  24.3%   6.7 1770s
 362149 318416 5574631.20  261  332 5893890.04 4461895.31  24.3%   6.7 1775s
 363216 319386 5732445.65  426  302 5893890.04 4461895.31  24.3%   6.7 1780s
 364088 320171 5819321.39  498  290 5893890.04 4461895.31  24.3%   6.7 1785s
 364860 320787 5631605.62  123  229 5893890.04 4463013.42  24.3%   6.7 1790s
 365746 321530 5526188.89  152  338 5893890.04 4463526.71  24.3%   6.7 1795s
 366575 322424 5074723.27   45  270 5893890.04 4463620.43  24.3%   6.7 1800s
 367907 323570 5665467.67  383  314 5893890.04 4463933.72  24.3%   6.7 1805s
 368986 324517 5499765.81   74  357 5893890.04 4464144.12  24.3%   6.7 1810s
 369886 325312 5654556.45  228  333 5893890.04 4465492.25  24.2%   6.7 1815s
 371275 326752 5564689.31  242  216 5893890.04 4465518.54  24.2%   6.7 1821s
 372104 327484 5677540.94  364  149 5893890.04 4465518.54  24.2%   6.6 1825s
 373673 329061     cutoff  665      5893890.04 4465518.54  24.2%   6.6 1830s
 375411 330445 5574111.28  230  337 5893890.04 4465610.36  24.2%   6.6 1835s
 376362 331215 5078592.85   42  275 5893890.04 4467074.68  24.2%   6.6 1840s
 377644 332428 5464387.71   78  249 5893890.04 4467608.49  24.2%   6.6 1845s
 378988 333599 5567283.62  143  167 5893890.04 4467707.18  24.2%   6.6 1850s
 380257 334972 5793849.27  343   89 5893890.04 4467707.18  24.2%   6.6 1855s
 380561 334974 5835191.93  409   84 5893890.04 4467707.18  24.2%   6.6 1861s
 381226 335606     cutoff  227      5893890.04 4467733.65  24.2%   6.6 1865s
 382226 336394 5787017.01  253  163 5893890.04 4467744.31  24.2%   6.6 1870s
 382999 337052 5374492.57  114  359 5893890.04 4468836.20  24.2%   6.6 1875s
 383994 337890 5598976.60  273  318 5893890.04 4468836.20  24.2%   6.6 1880s
 385105 339050 5744451.48  398  308 5893890.04 4468836.20  24.2%   6.6 1885s
 386300 339933 5847673.48  532  288 5893890.04 4468836.20  24.2%   6.6 1890s
 386808 340466 5492038.68  137  190 5893890.04 4470782.38  24.1%   6.6 1895s
Created node file directory '/home/ps12398/experiment_epec/goalProgrammingMarcos//grbnodes16'
 387001 340592     cutoff  246      5893890.04 4471781.62  24.1%   6.6 1913s
 387324 340945 5364754.06   93  362 5893890.04 4471977.45  24.1%   6.6 1916s
 388163 341701 5400304.68   51  229 5893890.04 4472584.84  24.1%   6.6 1920s
 389101 342449 5491219.67  184  333 5893890.04 4473793.91  24.1%   6.6 1925s
 390279 343725 5371381.35  128  355 5893890.04 4473873.59  24.1%   6.6 1930s
 391472 344775 5669087.11  354  318 5893890.04 4473873.59  24.1%   6.6 1935s
 392657 345886 5827786.52  599  299 5893890.04 4473873.59  24.1%   6.6 1940s
 393835 346890     cutoff  729      5893890.04 4473873.59  24.1%   6.6 1945s
 394692 347491 5787333.51  253  164 5893890.04 4474124.85  24.1%   6.6 1950s
 395386 347949     cutoff  269      5893890.04 4474533.12  24.1%   6.6 1955s
 396107 348630 5405179.77  109  357 5893890.04 4475316.66  24.1%   6.6 1960s
 396959 349426 5567558.98  165  331 5893890.04 4475316.66  24.1%   6.6 1966s
 397885 350254 5082285.95   86  262 5893890.04 4475364.72  24.1%   6.6 1970s
 398345 350680 5412259.37  132  348 5893890.04 4475551.69  24.1%   6.6 1987s
 398913 351007 5533895.31  158  215 5893890.04 4475569.92  24.1%   6.6 1993s
 399083 351310 5877646.40  270  168 5893890.04 4475609.03  24.1%   6.6 1995s
 400052 352258 5859673.12  227  132 5893890.04 4475922.92  24.1%   6.6 2000s
 401033 353193     cutoff  244      5893890.04 4476318.40  24.1%   6.6 2005s
 402313 354195 5763393.59  230  134 5893890.04 4476815.11  24.0%   6.6 2010s
 403479 355390 5095554.94   58  348 5893890.04 4477079.69  24.0%   6.6 2015s
H403612 355382                    5881254.5919 4477079.69  23.9%   6.6 2015s
 404568 356283 5330234.39   92  366 5881254.59 4478428.56  23.9%   6.6 2020s
 405855 357307 5467478.31  304  326 5881254.59 4478490.46  23.9%   6.6 2025s
 406760 358189 5568221.30  430  318 5881254.59 4478490.46  23.9%   6.6 2030s
 407677 358975 5640329.97  511  307 5881254.59 4478490.46  23.9%   6.6 2035s
 408662 359961 5730754.67  673  298 5881254.59 4478490.46  23.9%   6.6 2040s
 408900 360097 5740716.06  680  296 5881254.59 4478490.46  23.9%   6.6 2055s
 409997 361079 5808433.27  719  282 5881254.59 4478490.46  23.9%   6.6 2060s
 411220 362258 5880496.51  752  277 5881254.59 4478790.28  23.8%   6.6 2065s
 412246 363245 5856025.44  486  289 5881254.59 4478790.28  23.8%   6.6 2070s
 413338 364344     cutoff  470      5881254.59 4478855.54  23.8%   6.6 2075s
 414255 365154 5586459.41  115  232 5881254.59 4479017.34  23.8%   6.6 2080s
 414876 365447 5828063.61  236  156 5881254.59 4479072.79  23.8%   6.6 2087s
 415398 366089 5414056.23  249  335 5881254.59 4479124.97  23.8%   6.6 2090s
 416098 366538 5348823.43   91  367 5881254.59 4479195.38  23.8%   6.6 2095s
 417155 367496 5524141.62  282  331 5881254.59 4479195.38  23.8%   6.6 2100s
 418090 368484 5652957.28  394  316 5881254.59 4479195.38  23.8%   6.6 2105s
 418352 368667 5688002.34  442  320 5881254.59 4479195.38  23.8%   6.6 2121s
 419109 369502 5741698.83  531  310 5881254.59 4479195.38  23.8%   6.6 2125s
 420496 370666 5818249.49  636  288 5881254.59 4479195.38  23.8%   6.6 2130s
 421219 371287 5785984.90  241  163 5881254.59 4479335.85  23.8%   6.6 2135s
 422331 372166 5593155.02  243  322 5881254.59 4479467.76  23.8%   6.6 2140s
 423358 373265 5322192.18  121  232 5881254.59 4479644.25  23.8%   6.6 2145s
 424538 374298 5651298.20  283  164 5881254.59 4479644.25  23.8%   6.6 2150s
 425325 375091 5778595.63  386  128 5881254.59 4479644.25  23.8%   6.6 2155s
 426415 376104 5383001.89  116  356 5881254.59 4479770.56  23.8%   6.6 2160s
 427222 376817 5405606.15  135  350 5881254.59 4479931.67  23.8%   6.6 2179s
 427588 377031     cutoff  338      5881254.59 4479935.04  23.8%   6.6 2180s
 428601 377841 5730623.32  308  187 5881254.59 4480102.09  23.8%   6.6 2188s
 428775 378083     cutoff  386      5881254.59 4480102.09  23.8%   6.6 2190s
 429689 379037 5823535.17  216  157 5881254.59 4480223.27  23.8%   6.6 2195s
 430900 380104 5351998.14   88  367 5881254.59 4480237.43  23.8%   6.6 2200s
 431807 381004 5344896.10   84  366 5881254.59 4480449.05  23.8%   6.6 2205s
 432962 381917 5562228.62  162  223 5881254.59 4480663.74  23.8%   6.6 2210s
 433641 382390     cutoff  339      5881254.59 4480672.20  23.8%   6.6 2215s
 434429 383191 5459176.35  227  339 5881254.59 4480921.23  23.8%   6.6 2220s
 435580 384257 5651984.25  361  318 5881254.59 4480921.23  23.8%   6.6 2226s
 435775 384488 5674267.43  388  313 5881254.59 4480921.23  23.8%   6.6 2240s
 436707 385288 5724629.22  433  307 5881254.59 4480921.23  23.8%   6.6 2245s
 437672 386189 5824355.95  490  284 5881254.59 4480921.23  23.8%   6.6 2250s
 438493 387058 5868299.74  219  194 5881254.59 4483619.25  23.8%   6.6 2255s
 439565 387905 5648219.38  276  159 5881254.59 4483619.25  23.8%   6.6 2260s
 440141 388383 5719369.43  357  142 5881254.59 4483619.25  23.8%   6.6 2268s
 440305 388739 5749743.90  427  118 5881254.59 4483619.25  23.8%   6.6 2270s
H440675 388952                    5879862.6590 4483619.25  23.7%   6.6 2272s
 441536 389968 5799855.25  666  101 5879862.66 4483619.25  23.7%   6.6 2276s
H441839 390196                    5876695.2983 4483619.25  23.7%   6.6 2277s
 442564 390871 5868893.23  801   63 5876695.30 4483619.25  23.7%   6.6 2280s
 443739 391953 5410802.38  173  308 5876695.30 4484208.73  23.7%   6.6 2286s
 444642 392630 5541840.27  307  321 5876695.30 4484325.84  23.7%   6.6 2301s
 445401 393323 5455899.93  202  223 5876695.30 4484348.75  23.7%   6.6 2305s
 446884 394713 5746477.56  510   74 5876695.30 4484348.75  23.7%   6.6 2310s
 448033 395658 5340366.00  252  246 5876695.30 4484401.33  23.7%   6.6 2315s
 449400 396648 5215743.77  124  336 5876695.30 4484424.92  23.7%   6.6 2320s
 450468 397459 5680736.04  146  212 5876695.30 4484525.86  23.7%   6.5 2325s
 451683 398495 5583543.03  271  215 5876695.30 4484529.88  23.7%   6.5 2330s
 452778 399506 5718065.09  499  177 5876695.30 4484529.88  23.7%   6.5 2335s
 453694 400220 5441129.87  118  223 5876695.30 4484924.06  23.7%   6.5 2340s
 454589 400861 5807033.75  232  141 5876695.30 4484924.06  23.7%   6.5 2356s
 455562 401817 5558415.04  199  168 5876695.30 4485318.31  23.7%   6.5 2360s
 456782 402898 5709364.03  432   93 5876695.30 4485318.31  23.7%   6.5 2365s
 457834 403706     cutoff  251      5876695.30 4485657.46  23.7%   6.5 2370s
 458863 404725 5860037.56  571  291 5876695.30 4486031.76  23.7%   6.5 2375s
 459044 404965 5510375.66   88  242 5876695.30 4486031.76  23.7%   6.5 2381s
 459968 405816 5767224.22  215  186 5876695.30 4486031.76  23.7%   6.5 2385s
 461049 406746 5169061.06   71  251 5876695.30 4486137.76  23.7%   6.5 2390s
 462401 407835 5442243.32  252  176 5876695.30 4486137.76  23.7%   6.5 2395s
 463138 408623 5519947.64  414  180 5876695.30 4486137.76  23.7%   6.5 2410s
 464362 409753 5725891.86  579  131 5876695.30 4486137.76  23.7%   6.5 2415s
 465744 411172 5838827.90  748   95 5876695.30 4486137.76  23.7%   6.5 2420s
 466856 412040 5636654.31  172  208 5876695.30 4486824.51  23.7%   6.5 2425s
 468272 413173 5838420.67  248  125 5876695.30 4487767.96  23.6%   6.5 2430s
 469700 414611 5652031.70  257  168 5876695.30 4487767.96  23.6%   6.5 2435s
 470715 415402 5747757.95  369  144 5876695.30 4487767.96  23.6%   6.5 2440s
 471951 416586 5849726.22  615   84 5876695.30 4487767.96  23.6%   6.5 2445s
 472634 417220 5564399.81  236  231 5876695.30 4487811.25  23.6%   6.5 2460s
 473604 418067 5471970.38  268  322 5876695.30 4487826.26  23.6%   6.5 2465s
 474937 419269 5702097.50  268  208 5876695.30 4487935.88  23.6%   6.5 2470s
 475782 419901 5542674.61  163  225 5876695.30 4488778.56  23.6%   6.5 2475s
 476947 421082 5670255.96  483  332 5876695.30 4489049.96  23.6%   6.5 2480s
 477726 421575 5588464.97  131  185 5876695.30 4489086.91  23.6%   6.5 2485s
 478936 422625 5657766.38  333  165 5876695.30 4489198.93  23.6%   6.5 2490s
 479319 422924 5696628.88  425  153 5876695.30 4489198.93  23.6%   6.5 2496s
 479930 423552 5820741.57  593  106 5876695.30 4489887.10  23.6%   6.5 2500s
 481260 424786 5659719.71  167  204 5876695.30 4489991.63  23.6%   6.5 2505s
 481492 425029 5856681.21  210  136 5876695.30 4490231.61  23.6%   6.5 2518s
 481919 425341 5872902.76  228  158 5876695.30 4490247.34  23.6%   6.5 2520s
 482824 426174 5571478.45  429  318 5876695.30 4490247.34  23.6%   6.5 2525s
 483745 426979 5571196.34  425  310 5876695.30 4490421.04  23.6%   6.5 2530s
 484817 428095 infeasible  179      5876695.30 4490513.22  23.6%   6.5 2536s
 485894 429040 5720239.27  406  173 5876695.30 4490513.22  23.6%   6.5 2540s
 486770 429918 5836239.42  676  256 5876695.30 4490689.35  23.6%   6.4 2545s
 487998 430934 5362878.64   92  368 5876695.30 4490723.85  23.6%   6.4 2550s
 489023 431744 5577703.72  216  216 5876695.30 4490731.91  23.6%   6.5 2556s
 489970 432521 5454330.59  238  343 5876695.30 4490830.31  23.6%   6.5 2572s
 490403 433037 5503566.96  270  325 5876695.30 4490830.31  23.6%   6.5 2575s
 491430 433866 5647544.96  392  313 5876695.30 4490830.31  23.6%   6.5 2580s
 492500 434997 5799891.22  515  294 5876695.30 4490830.31  23.6%   6.5 2585s
 493100 435306 5848421.64  582  276 5876695.30 4490830.31  23.6%   6.5 2591s
 493459 435817 5569950.43  184  255 5876695.30 4491048.35  23.6%   6.5 2595s
 494542 436713     cutoff  331      5876695.30 4491103.28  23.6%   6.5 2600s
 495383 437384 5465303.68  150  198 5876695.30 4491201.07  23.6%   6.5 2605s
 496512 438436 5846766.52  516   97 5876695.30 4491306.46  23.6%   6.5 2610s
 497336 439329     cutoff  247      5876695.30 4491342.22  23.6%   6.5 2615s
 497673 439496 5692032.94  272  201 5876695.30 4491342.22  23.6%   6.5 2628s
 498237 440150     cutoff  287      5876695.30 4491426.41  23.6%   6.5 2630s
 499387 441261 5240364.78   73  232 5876695.30 4491445.12  23.6%   6.5 2635s
 500730 442476 5487098.27  163  246 5876695.30 4491474.89  23.6%   6.5 2640s
 502255 443749 5358228.50  298  196 5876695.30 4491475.28  23.6%   6.5 2646s
 503176 444513 5439208.36  448  194 5876695.30 4491475.28  23.6%   6.5 2650s
 504536 445800 5712110.85  620  164 5876695.30 4491475.28  23.6%   6.5 2655s
 505363 446563 5778393.97  713  136 5876695.30 4491475.28  23.6%   6.4 2671s
 506410 447580     cutoff  952      5876695.30 4491581.86  23.6%   6.4 2676s
 507367 448295 5837110.65  212  165 5876695.30 4491685.59  23.6%   6.4 2685s
 508185 449174 5781270.29  200  146 5876695.30 4491685.59  23.6%   6.4 2690s
 509269 449828 5842784.68  198  317 5876695.30 4491714.85  23.6%   6.4 2695s
 510700 451151 5841481.70  168  156 5876695.30 4491733.65  23.6%   6.4 2700s
 511969 452477 5856363.91  317  111 5876695.30 4491746.41  23.6%   6.4 2705s
 513142 453415 5872594.73  234  173 5876695.30 4491747.90  23.6%   6.4 2710s
 514130 454335 5355721.32  117  367 5876695.30 4491756.54  23.6%   6.4 2715s
 515353 455297 5472111.95   95  188 5876695.30 4491760.76  23.6%   6.4 2720s
 515619 455604 5603117.89  134  182 5876695.30 4491760.76  23.6%   6.4 2733s
 516006 455849 5759319.66  186  165 5876695.30 4491760.76  23.6%   6.4 2735s
 516895 456514 5527147.56  125  201 5876695.30 4491784.36  23.6%   6.4 2745s
 517577 457339 5686503.03  239  172 5876695.30 4491855.29  23.6%   6.4 2750s
 518851 458396 5847914.77  307   82 5876695.30 4491865.05  23.6%   6.4 2755s
 520223 459643 5601443.55  250  180 5876695.30 4491865.05  23.6%   6.4 2760s
 521285 460707 5724909.40  428  158 5876695.30 4491865.05  23.6%   6.4 2765s
 522676 462079 5810865.82  670  127 5876695.30 4491865.05  23.6%   6.4 2771s
 523213 462573 5842210.37  776  138 5876695.30 4491865.05  23.6%   6.4 2785s
 524385 463517     cutoff  266      5876695.30 4491972.40  23.6%   6.4 2790s
 525370 464345 5677321.23  236  164 5876695.30 4492064.60  23.6%   6.4 2795s
 526627 465480 5632224.66  219  179 5876695.30 4492133.63  23.6%   6.4 2800s
 527904 466688 5767075.79  420  150 5876695.30 4492133.63  23.6%   6.4 2805s
 529210 467927 5438411.96   90  201 5876695.30 4492264.06  23.6%   6.4 2810s
 530469 468900 5758702.57  220  160 5876695.30 4492312.17  23.6%   6.4 2815s
 530953 469286 5845632.17  228  138 5876695.30 4492448.59  23.6%   6.4 2828s
 531243 469577 5440093.04  124  187 5876695.30 4492472.07  23.6%   6.4 2830s
 532117 470500     cutoff  207      5876695.30 4492514.54  23.6%   6.4 2835s
 533757 471966 5851991.40  240  145 5876695.30 4492583.62  23.6%   6.4 2840s
 534903 473060 5853249.32  194  129 5876695.30 4492623.56  23.6%   6.4 2845s
 536063 474162 5780668.70  189  143 5876695.30 4492626.51  23.6%   6.4 2850s
 536642 474468 5471367.86   66  214 5876695.30 4492636.88  23.6%   6.3 2855s
 537792 475815 5707334.80  239  147 5876695.30 4492636.88  23.6%   6.3 2860s
 539551 477671 5835563.57  475   90 5876695.30 4492636.88  23.6%   6.3 2866s
 540837 478683 5849953.87  248  154 5876695.30 4492658.83  23.6%   6.3 2870s
 541674 479328 5849380.39  358  124 5876695.30 4492752.31  23.5%   6.3 2875s
 542660 480139 5705367.69  139  178 5876695.30 4492765.21  23.5%   6.3 2889s
 542909 480446 5353666.12   89  367 5876695.30 4492786.06  23.5%   6.3 2891s
 543755 481107 5608644.15  171  173 5876695.30 4492807.52  23.5%   6.3 2895s
 544783 481991 5476505.81  204  337 5876695.30 4492840.45  23.5%   6.3 2900s
 545505 482707 5576923.10  297  323 5876695.30 4492840.45  23.5%   6.3 2905s
 546465 483603 5713453.15  401  313 5876695.30 4492840.45  23.5%   6.3 2910s
 547576 484597 5822897.77  496  289 5876695.30 4492840.45  23.5%   6.3 2915s
 548855 485835 5603463.79  224  185 5876695.30 4493102.67  23.5%   6.3 2921s
 550131 486865 5840907.97  620   88 5876695.30 4493163.53  23.5%   6.3 2936s
 550322 486926 5527488.40  145  185 5876695.30 4493217.02  23.5%   6.3 2943s
 550527 487186 5864181.12  226  160 5876695.30 4493236.33  23.5%   6.3 2945s
 551301 487881 5461273.53  113  308 5876695.30 4493328.91  23.5%   6.3 2950s
 552342 488698 5856723.76  204  145 5876695.30 4493380.26  23.5%   6.3 2955s
 553391 489494 5529351.46  187  182 5876695.30 4493409.23  23.5%   6.3 2960s
 554636 490590 5762008.75  341  165 5876695.30 4493409.23  23.5%   6.3 2965s
 555837 491725 5874776.09  496  118 5876695.30 4493466.14  23.5%   6.3 2970s
 557063 492750 5830771.73  554  140 5876695.30 4493494.71  23.5%   6.3 2975s
 558115 493830 5861055.23  209  109 5876695.30 4493529.73  23.5%   6.3 2980s
 558738 494404 5428711.96   68  230 5876695.30 4493916.48  23.5%   6.3 2985s
 559218 494685 5490639.41  126  174 5876695.30 4494096.45  23.5%   6.3 2997s
 559681 495124 5524503.57  131  174 5876695.30 4494157.24  23.5%   6.3 3000s
 560581 495946 5863201.87  227  143 5876695.30 4494236.57  23.5%   6.3 3005s
 561645 496887 5523887.13  411  176 5876695.30 4494955.17  23.5%   6.3 3010s
 562424 497616 5445712.23  194  179 5876695.30 4495040.24  23.5%   6.3 3015s
 563646 498793 5658255.66  388  173 5876695.30 4495040.24  23.5%   6.3 3020s
 564882 500014 5770832.83  604  136 5876695.30 4495040.24  23.5%   6.3 3025s
 566472 501478 5834893.12  910  115 5876695.30 4495040.24  23.5%   6.3 3030s
 567243 502399 5504124.79  149  204 5876695.30 4495042.01  23.5%   6.3 3045s
 568005 502691 5649746.98  334  179 5876695.30 4495042.01  23.5%   6.3 3052s
 568356 503111 5673402.96  405  172 5876695.30 4495042.01  23.5%   6.3 3055s
H569103 503812                    5875133.3196 4495042.01  23.5%   6.3 3058s
H569287 497026                    5864422.6819 4495042.01  23.4%   6.3 3059s
 569465 497310 5775958.12  708  123 5864422.68 4495042.01  23.4%   6.3 3061s
H569879 490468                    5857472.7599 4495042.01  23.3%   6.3 3062s
H570073 490714                    5856125.0684 4495042.01  23.2%   6.3 3063s
 570622 491018 5852041.74 1001   87 5856125.07 4495103.48  23.2%   6.3 3065s
 571590 491819 5820018.26  218  160 5856125.07 4495103.48  23.2%   6.3 3070s
 572524 492738 5447445.35  159  194 5856125.07 4495680.77  23.2%   6.3 3075s
 573815 493967 5651630.61  423  144 5856125.07 4495680.77  23.2%   6.3 3080s
 575020 495050 5788678.55  605  269 5856125.07 4495680.77  23.2%   6.3 3085s
 576176 496031 5451958.07  113  180 5856125.07 4496441.51  23.2%   6.3 3090s
 576975 496692 5594439.44  171  187 5856125.07 4496498.02  23.2%   6.3 3105s
 578188 497825 5800459.89  532  126 5856125.07 4496498.02  23.2%   6.3 3110s
 579356 498977 5523999.92  123  195 5856125.07 4496564.44  23.2%   6.3 3115s
 580675 499958 5459499.93   83  198 5856125.07 4497360.84  23.2%   6.3 3120s
 581564 500770 5633274.90  131  157 5856125.07 4497466.86  23.2%   6.3 3125s
 582599 501591 5811697.16  272  158 5856125.07 4497466.86  23.2%   6.3 3131s
 583185 502160 5713257.16  166  172 5856125.07 4497678.34  23.2%   6.3 3135s
 584002 502933 5832250.70  384  160 5856125.07 4498538.22  23.2%   6.3 3140s
 584496 503350 5573284.34  141  182 5856125.07 4498538.22  23.2%   6.3 3151s
 585130 503881     cutoff  227      5856125.07 4498803.62  23.2%   6.3 3155s
 586135 504844 5464330.90  249  342 5856125.07 4498803.62  23.2%   6.3 3160s
 587248 505868 5594272.57  379  314 5856125.07 4498803.62  23.2%   6.3 3165s
 588224 506843 5704545.87  464  320 5856125.07 4498803.62  23.2%   6.3 3170s
 589225 507748 5782502.32  522  299 5856125.07 4498803.62  23.2%   6.3 3175s
 590085 508669 5398540.55   66  224 5856125.07 4499515.51  23.2%   6.3 3180s
 591261 509568 5815811.53  364  124 5856125.07 4499638.07  23.2%   6.3 3195s
 592340 510666 5363827.57   91  365 5856125.07 4500539.80  23.1%   6.3 3200s
 593787 511981 5785332.71  252  311 5856125.07 4500539.80  23.1%   6.3 3205s
 594638 512933 5384003.65  123  356 5856125.07 4500623.78  23.1%   6.3 3210s
 595995 514060 5612019.85  374  314 5856125.07 4500623.78  23.1%   6.3 3215s
 596912 514699 5814346.41  526  294 5856125.07 4500623.78  23.1%   6.3 3220s
 597974 515737     cutoff  206      5856125.07 4501382.82  23.1%   6.3 3225s
 598920 516633     cutoff  188      5856125.07 4501756.14  23.1%   6.3 3230s
 600046 517549 5355869.28  102  370 5856125.07 4502198.59  23.1%   6.3 3235s
 600568 518145 5514441.94  231  331 5856125.07 4502198.59  23.1%   6.3 3248s
 601017 518453 5809061.02  360  297 5856125.07 4502198.59  23.1%   6.3 3250s
 601857 519266 5496848.48  392  334 5856125.07 4502442.65  23.1%   6.3 3255s
 602697 519911 5376389.68  114  365 5856125.07 4503728.20  23.1%   6.3 3260s
 603559 520627 5423414.93  123  192 5856125.07 4503797.83  23.1%   6.3 3265s
 605084 522212 5679154.11  370  168 5856125.07 4503797.83  23.1%   6.3 3270s
 606305 523321 5775785.99  566  128 5856125.07 4503797.83  23.1%   6.3 3275s
 607176 524200 5414852.11   69  226 5856125.07 4504048.25  23.1%   6.3 3280s
 607677 524547 5444542.43   71  222 5856125.07 4504122.42  23.1%   6.3 3290s
 608986 525656 5547553.49  189  163 5856125.07 4504528.29  23.1%   6.3 3295s
 610005 526640 5788578.89  381  139 5856125.07 4504528.29  23.1%   6.3 3300s
 610860 527411     cutoff  203      5856125.07 4505039.68  23.1%   6.3 3305s
 612094 528518     cutoff  334      5856125.07 4505158.95  23.1%   6.3 3310s
 612990 529283     cutoff  347      5856125.07 4505159.21  23.1%   6.3 3315s
 614154 530228 5420691.21  124  199 5856125.07 4505170.50  23.1%   6.3 3320s
 615282 531324 5509473.61  268  175 5856125.07 4505170.50  23.1%   6.3 3325s
 615500 531555 5522780.56  294  148 5856125.07 4505170.50  23.1%   6.3 3336s
 616326 532458 5554626.99  301  144 5856125.07 4505170.50  23.1%   6.3 3340s
 617085 532905 5578106.27  320  155 5856125.07 4505170.50  23.1%   6.3 3345s
 617943 533679 5660982.56  434  174 5856125.07 4505170.50  23.1%   6.3 3350s
 619118 534840 5721116.44  519  165 5856125.07 4505170.50  23.1%   6.3 3355s
 620219 535909 5769575.64  656  146 5856125.07 4505170.50  23.1%   6.3 3360s
H621012 529480                    5849141.4641 4505170.50  23.0%   6.3 3363s
 621265 529703     cutoff  740      5849141.46 4505170.50  23.0%   6.3 3365s
 622239 530289     cutoff  245      5849141.46 4505975.28  23.0%   6.3 3370s
 623085 531325     cutoff  252      5849141.46 4506025.87  23.0%   6.3 3375s
 623795 531889 5838302.28  208  141 5849141.46 4506025.87  23.0%   6.3 3387s
 624384 532624 5403451.58   49  241 5849141.46 4506081.79  23.0%   6.3 3390s
 626078 534270 5581360.24  115  174 5849141.46 4506081.79  23.0%   6.3 3395s
 627746 535803 5724039.31  152  144 5849141.46 4506081.79  23.0%   6.3 3400s
 629082 537107 5786393.58  176  146 5849141.46 4506081.79  23.0%   6.3 3405s
 630352 538319 5846029.10  182  128 5849141.46 4506081.79  23.0%   6.2 3410s
 631575 539536 5406515.85  215  346 5849141.46 4506119.90  23.0%   6.2 3415s
 632656 540471 5793229.38  455  279 5849141.46 4506119.90  23.0%   6.2 3420s
 633936 541683 5402078.64  108  361 5849141.46 4506131.51  23.0%   6.2 3425s
 635099 542715 5690780.10  134  146 5849141.46 4506131.51  23.0%   6.2 3430s
 636505 543977     cutoff  206      5849141.46 4507189.35  22.9%   6.2 3443s
 636953 544336     cutoff  216      5849141.46 4507189.35  22.9%   6.2 3445s
 638110 545496 5369088.71  120  359 5849141.46 4507405.80  22.9%   6.2 3450s
 639517 546861 5430444.71  225  335 5849141.46 4507405.80  22.9%   6.2 3455s
 640612 547984 5461277.20  239  332 5849141.46 4507405.80  22.9%   6.2 3460s
 642130 549458 5512980.86  322  327 5849141.46 4507405.80  22.9%   6.2 3465s
 643409 550671 5545898.93  349  317 5849141.46 4507405.80  22.9%   6.2 3470s
 644550 551846 5547232.21  370  320 5849141.46 4507405.80  22.9%   6.2 3475s
 645946 553244 5569932.12  388  317 5849141.46 4507405.80  22.9%   6.2 3480s
 647087 554387 5568430.19  401  315 5849141.46 4507405.80  22.9%   6.2 3485s
 648306 555608 5596624.82  431  319 5849141.46 4507405.80  22.9%   6.2 3490s
 649434 556718 5597123.45  439  317 5849141.46 4507405.80  22.9%   6.2 3495s
 650358 557645 5624478.27  447  316 5849141.46 4507405.80  22.9%   6.2 3500s
 651341 558642 5623159.71  457  319 5849141.46 4507405.80  22.9%   6.2 3505s
 652718 560012 5633788.26  463  315 5849141.46 4507405.80  22.9%   6.2 3510s
 653110 560393 5635500.05  465  316 5849141.46 4507405.80  22.9%   6.1 3521s
 653916 561185 5650573.71  476  314 5849141.46 4507405.80  22.9%   6.1 3525s
 655104 562401 5664322.98  486  312 5849141.46 4507405.80  22.9%   6.1 3530s
 655936 563134 5688316.11  497  312 5849141.46 4507405.80  22.9%   6.1 3535s
 656795 564078 5709821.84  510  307 5849141.46 4507405.80  22.9%   6.1 3540s
 658101 565417 5721540.45  518  305 5849141.46 4507405.80  22.9%   6.1 3545s
 659245 566534 5720191.16  520  306 5849141.46 4507405.80  22.9%   6.1 3550s
 660492 567791 5733447.00  528  306 5849141.46 4507405.80  22.9%   6.1 3555s
 661316 568612 5764896.47  541  300 5849141.46 4507405.80  22.9%   6.1 3560s
 662356 569665 5771039.28  546  300 5849141.46 4507405.80  22.9%   6.1 3565s
 663812 571103 5783377.99  546  299 5849141.46 4507405.80  22.9%   6.1 3570s
 664892 572177 5797315.45  568  295 5849141.46 4507405.80  22.9%   6.1 3575s
 666119 573373 5820918.51  584  283 5849141.46 4507405.80  22.9%   6.1 3580s
 666907 574152 5815972.37  584  289 5849141.46 4507405.80  22.9%   6.1 3585s
 667847 575094 5823672.34  586  286 5849141.46 4507405.80  22.9%   6.1 3590s
 668825 576032 5844790.13  586  290 5849141.46 4507405.80  22.9%   6.1 3595s
 669805 576930     cutoff  583      5849141.46 4507405.80  22.9%   6.1 3600s

Cutting planes:
  RLT: 244

Explored 669965 nodes (4082814 simplex iterations) in 3600.27 seconds (2151.59 work units)
Thread count was 2 (of 24 available processors)

Solution count 10: 5.84914e+06 5.85613e+06 5.85747e+06 ... 5.89789e+06

Time limit reached
Best objective 5.849141464064e+06, best bound 4.507405799843e+06, gap 22.9390%
