
Gurobi 11.0.3 (linux64, Java) logging started sex 29 nov 2024 09:32:05 -03

Set parameter Username
Academic license - for non-commercial use only - expires 2025-10-10
Set parameter NonConvex to value 2
Set parameter TimeLimit to value 3600
Set parameter LogToConsole to value 0
Set parameter MIPGap to value 3.6214606217221094e-08
Set parameter Threads to value 2
Set parameter NodefileDir to value "/home/ps12398/experiment_epec/goalProgrammingMarcos/"
Set parameter NodefileStart to value 1
Gurobi Optimizer version 11.0.3 build v11.0.3rc0 (linux64)

CPU model: Intel(R) Xeon(R) CPU           X5650  @ 2.67GHz, instruction set [SSE2]
Thread count: 12 physical cores, 24 logical processors, using up to 2 threads

Optimize a model with 180845 rows, 121779 columns and 801152 nonzeros
Model fingerprint: 0x1452c382
Model has 251 quadratic constraints
Variable types: 60768 continuous, 61011 integer (246 binary)
Coefficient statistics:
  Matrix range     [4e-03, 7e+06]
  QMatrix range    [4e-03, 1e+05]
  QLMatrix range   [1e+00, 1e+05]
  Objective range  [1e+00, 6e+07]
  Bounds range     [1e+00, 1e+08]
  RHS range        [1e+00, 8e+06]
  QRHS range       [3e-02, 3e-02]
Presolve removed 180128 rows and 120471 columns
Presolve time: 0.52s
Presolved: 1642 rows, 1599 columns, 81778 nonzeros
Presolved model has 2 SOS constraint(s)
Presolved model has 246 bilinear constraint(s)

Solving non-convex MIQCP

Variable types: 787 continuous, 812 integer (248 binary)
Found heuristic solution: objective 1.278795e+07

Root relaxation: objective 5.031952e+06, 550 iterations, 0.10 seconds (0.08 work units)

    Nodes    |    Current Node    |     Objective Bounds      |     Work
 Expl Unexpl |  Obj  Depth IntInf | Incumbent    BestBd   Gap | It/Node Time

     0     0 5031951.76    0  373 1.2788e+07 5031951.76  60.7%     -    0s
H    0     0                    1.097963e+07 5031951.76  54.2%     -    1s
     0     0 6293571.46    0  374 1.0980e+07 6293571.46  42.7%     -    1s
     0     0 6301471.04    0  374 1.0980e+07 6301471.04  42.6%     -    1s
     0     0 6302298.40    0  375 1.0980e+07 6302298.40  42.6%     -    1s
     0     0 6302309.14    0  375 1.0980e+07 6302309.14  42.6%     -    1s
     0     0 6302312.75    0  375 1.0980e+07 6302312.75  42.6%     -    2s
H    0     0                    8585980.1799 6302312.75  26.6%     -    2s
     0     2 6302312.75    0  375 8585980.18 6302312.75  26.6%     -    3s
    71   183 6303133.86   37  374 8585980.18 6302366.32  26.6%   1.1    5s
   769   879 6303263.97  361  364 8585980.18 6302404.78  26.6%   1.2   10s
  1431  1597 6303295.27  615  359 8585980.18 6302404.78  26.6%   1.1   15s
H 1538  1597                    8376400.5770 6302404.78  24.8%   1.1   15s
  2118  2250 6303301.41  917  357 8376400.58 6302404.78  24.8%   1.1   20s
H 2203  2250                    8375243.4829 6302404.78  24.7%   1.1   20s
  2652  2810 6303307.18 1188  352 8375243.48 6302404.78  24.7%   1.1   25s
H 2720  2810                    8372731.9506 6302404.78  24.7%   1.1   25s
  3477  3713 6303355.24 1611  347 8372731.95 6302404.78  24.7%   1.1   30s
H 3496  3713                    8353384.5055 6302404.78  24.6%   1.1   30s
H 3715  3529                    8164532.5895 6429392.39  21.3%   1.1   34s
  3716  3530 6429392.39 1711  125 8164532.59 6429392.39  21.3%   1.1   35s
H 3716  3353                    8134773.0758 6430286.79  21.0%   1.1   35s
H 3724  3191                    8117307.2052 6430381.87  20.8%   1.3   38s
H 3726  3033                    8077156.0385 6430484.24  20.4%   1.3   38s
  3728  3034 6430558.65 1502  125 8077156.04 6430558.65  20.4%   1.3   40s
  4249  3411 6595034.18  149  292 8077156.04 6434246.37  20.3%   2.1   45s
H 4466  3389                    8073770.3235 6434246.37  20.3%   3.0   46s
H 4751  3435                    8071106.6281 6434246.37  20.3%   3.8   47s
  5080  3713 6756570.86  361  322 8071106.63 6434246.37  20.3%   4.5   50s
H 5750  3990                    8070673.6273 6434246.37  20.3%   5.7   54s
  5790  4106 6819399.68  542  284 8070673.63 6434246.37  20.3%   5.8   55s
  6387  4565 6981200.04  702  300 8070673.63 6434246.37  20.3%   7.0   60s
  7295  5208 7051701.18  951  298 8070673.63 6434246.37  20.3%   7.8   65s
  8347  5991 7208722.12 1224  262 8070673.63 6434246.37  20.3%   8.7   70s
H 8734  5943                    8056641.3268 6434246.37  20.1%   8.8   72s
H 8928  6004                    8050055.6551 6434246.37  20.1%   9.0   73s
H 8973  5871                    8045989.1847 6434246.37  20.0%   9.0   73s
  9413  6254 7379978.77 1521  283 8045989.18 6434246.37  20.0%   9.2   76s
H 9647  6331                    8009703.6815 6434246.37  19.7%   9.5   77s
 10171  6846 7617134.62 1747  261 8009703.68 6434246.37  19.7%   9.8   80s
 11193  7460 7981019.38 2110  129 8009703.68 6434246.37  19.7%   9.9   85s
 12398  8299 7119982.50  195  299 8009703.68 6434301.18  19.7%   9.7   90s
 13022  8889 7445019.03  346  255 8009703.68 6434301.18  19.7%   9.6   95s
 14004  9829 7546371.95  548  261 8009703.68 6434301.18  19.7%   9.4  100s
 14236  9831 7564615.42  608  250 8009703.68 6434301.18  19.7%   9.3  105s
 14812 10698 7603177.68  730  253 8009703.68 6434301.18  19.7%   9.2  110s
 16061 11865 7695373.09 1095  239 8009703.68 6434301.18  19.7%   9.1  115s
H16785 12307                    7995860.9836 6434301.18  19.5%   9.0  118s
 17335 12972 7731342.16 1505  216 7995860.98 6434301.18  19.5%   8.9  120s
H17852 13057                    7976248.2250 6434301.18  19.3%   8.8  121s
 18727 14160 7795653.30 1967  193 7976248.22 6434301.18  19.3%   8.6  125s
H18822 14014                    7970405.5871 6434301.18  19.3%   8.5  125s
 19986 15057 7892658.66 2272  196 7970405.59 6434301.18  19.3%   8.4  131s
 20637 15409 6629357.73   62  334 7970405.59 6434540.83  19.3%   8.3  136s
 21646 16282 7460117.83  344  273 7970405.59 6434540.83  19.3%   8.2  140s
 22658 17248 7584974.10  640  242 7970405.59 6434540.83  19.3%   8.1  145s
 23951 18286 7940809.03  975  169 7970405.59 6434540.83  19.3%   7.8  150s
 24167 18383 7949631.72  999  187 7970405.59 6434540.83  19.3%   7.8  155s
 25025 19131 7424427.07  237  277 7970405.59 6434540.83  19.3%   7.7  160s
H25743 19757                    7970405.4821 6434540.83  19.3%   7.7  163s
 26160 20286 7619042.42  471  272 7970405.48 6434540.83  19.3%   7.6  166s
 27419 21316 7800692.07  661  255 7970405.48 6434540.83  19.3%   7.5  170s
 28167 22181 7883947.35  942  213 7970405.48 6434540.83  19.3%   7.4  175s
 29376 23120 7403804.08  181  196 7970405.48 6434540.83  19.3%   7.2  180s
 30646 24207 7608184.48  363  204 7970405.48 6434540.83  19.3%   7.1  185s
 31579 25132 7706579.79  481  190 7970405.48 6434540.83  19.3%   7.0  190s
 32841 26302 7868942.33  691  160 7970405.48 6434540.83  19.3%   7.0  195s
H33178 26164                    7949864.4913 6434540.83  19.1%   7.0  196s
H33663 26582                    7948080.0793 6434540.83  19.0%   6.9  198s
 34024 26919 7946179.98  850  113 7948080.08 6434766.91  19.0%   6.9  200s
 34611 27188 7383596.32  174  240 7948080.08 6434766.91  19.0%   6.8  208s
 34902 27661 7443673.50  199  247 7948080.08 6434766.91  19.0%   6.8  210s
 36002 28646 7714209.93  410  206 7948080.08 6434766.91  19.0%   6.7  215s
 37143 29573 7831593.40  591  198 7948080.08 6434766.91  19.0%   6.7  220s
 38244 30466 7006756.56   69  351 7948080.08 6434970.67  19.0%   6.6  225s
 39434 31750 7398856.55  258  273 7948080.08 6434970.67  19.0%   6.5  230s
 40550 32744 7628785.65  469  259 7948080.08 6434970.67  19.0%   6.5  235s
 42052 34036 infeasible  806      7948080.08 6435156.45  19.0%   6.4  241s
 43030 34764     cutoff  385      7948080.08 6435173.50  19.0%   6.4  245s
 44302 35544 7346026.85  178  240 7948080.08 6435296.60  19.0%   6.3  250s
 45350 36536 7286321.68  235  228 7948080.08 6435298.13  19.0%   6.2  255s
 46302 37294 6522622.79   51  341 7948080.08 6435488.31  19.0%   6.2  260s
 46852 37623 7144410.45  161  299 7948080.08 6435488.31  19.0%   6.2  269s
 46854 37755 7149129.13  162  298 7948080.08 6435488.31  19.0%   6.2  270s
 47975 38625 7627889.32  312  225 7948080.08 6435488.31  19.0%   6.1  275s
 49068 39610 7792002.72  520  197 7948080.08 6435488.31  19.0%   6.0  280s
 50058 40425 7920906.37  738  191 7948080.08 6435488.31  19.0%   6.0  285s
 51040 41219 7478746.08  202  251 7948080.08 6435725.83  19.0%   5.9  290s
 51939 42146 7792416.83  290  231 7948080.08 6435725.83  19.0%   5.9  295s
 52983 42866 7671490.02  244  253 7948080.08 6435761.08  19.0%   5.8  300s
 53752 43410 7546316.24  221  230 7948080.08 6436045.37  19.0%   5.8  305s
 54614 43980 7499361.41  177  170 7948080.08 6436200.46  19.0%   5.8  310s
 55906 45205 7735090.94  357  125 7948080.08 6436200.46  19.0%   5.7  315s
 57234 46482 7831586.40  582  106 7948080.08 6436200.46  19.0%   5.6  320s
H57719 46714                    7944951.3933 6436200.46  19.0%   5.6  322s
 58186 47099 7893902.64  865   80 7944951.39 6436200.46  19.0%   5.6  329s
 58317 47315 7907268.85  916   79 7944951.39 6436200.46  19.0%   5.6  330s
 59243 48013 7867641.61  333  221 7944951.39 6436200.46  19.0%   5.6  335s
 60303 49001 6857339.18   83  311 7944951.39 6436365.45  19.0%   5.6  340s
 61477 50048 7563687.78  364  267 7944951.39 6436365.45  19.0%   5.5  345s
 62393 51003 7646109.37  598  253 7944951.39 6436365.45  19.0%   5.5  350s
H62584 51002                    7944698.8985 6436365.45  19.0%   5.5  350s
H63480 50790                    7923905.7345 6436365.45  18.8%   5.5  354s
 63570 51072 7780243.63  898  229 7923905.73 6436365.45  18.8%   5.5  355s
 63882 51076 7788832.41  968  215 7923905.73 6436365.45  18.8%   5.5  360s
H63885 49077                    7901258.8321 6436365.45  18.5%   5.5  360s
 64430 49627 7845950.15 1131  222 7901258.83 6436365.45  18.5%   5.5  365s
 65183 50351 7322341.54  146  297 7901258.83 6436365.45  18.5%   5.5  370s
 66534 51490 7457273.74  279  219 7901258.83 6436542.31  18.5%   5.5  375s
H67235 51769                    7897507.1424 6436542.31  18.5%   5.5  379s
 67318 51964 7728361.15  393  152 7897507.14 6436542.31  18.5%   5.5  380s
 68466 52950     cutoff  674      7897507.14 6436883.32  18.5%   5.5  385s
 69326 53797 7708525.10  506  262 7897507.14 6436883.32  18.5%   5.5  395s
 70132 54474 7362844.05  141  214 7897507.14 6437001.33  18.5%   5.5  400s
 71167 55333 7817649.35  304  169 7897507.14 6437104.79  18.5%   5.4  405s
 72471 56673 infeasible  335      7897507.14 6437104.79  18.5%   5.4  411s
 73321 57567 7815525.87  509  110 7897507.14 6437104.79  18.5%   5.4  416s
 74359 58276 7769483.32  252  181 7897507.14 6437267.12  18.5%   5.4  420s
 75453 59362 7260283.27   28  369 7897507.14 6437297.52  18.5%   5.4  425s
 76338 60181 6849592.66   47  341 7897507.14 6437297.52  18.5%   5.4  430s
 77400 60984 7824817.58  260  194 7897507.14 6437304.21  18.5%   5.4  436s
 78127 61408 7887691.30  261  247 7897507.14 6437304.21  18.5%   5.4  444s
 78129 61618     cutoff  262      7897507.14 6437310.59  18.5%   5.4  445s
 78920 62308 7510041.66  162  314 7897507.14 6437310.59  18.5%   5.4  450s
 79930 62982 7745161.68  216  170 7897507.14 6437381.56  18.5%   5.3  455s
 80759 63824 6746603.04   72  300 7897507.14 6437395.08  18.5%   5.3  460s
 82013 65141 7490656.06  354  326 7897507.14 6437395.08  18.5%   5.3  466s
 82817 65806 7854738.12  695  143 7897507.14 6437395.08  18.5%   5.3  470s
H82918 65738                    7896755.6089 6437395.08  18.5%   5.3  470s
H83568 66081                    7896396.0647 6437406.54  18.5%   5.3  472s
 83958 66545 7021866.02  125  241 7896396.06 6437406.54  18.5%   5.3  475s
 84815 67244 7296843.30   40  367 7896396.06 6437457.02  18.5%   5.3  480s
 85131 67286 7354358.05  102  349 7896396.06 6437457.02  18.5%   5.3  485s
 85616 67919 7437316.64  277  324 7896396.06 6437457.02  18.5%   5.3  490s
 86530 68860 7498863.32  508  322 7896396.06 6437457.02  18.5%   5.3  495s
 87454 69826 7561915.43  711  298 7896396.06 6437457.02  18.5%   5.3  500s
 88573 70906 7623834.79  983  281 7896396.06 6437457.02  18.5%   5.3  505s
 89639 71825 7696180.09 1260  292 7896396.06 6437457.02  18.5%   5.4  510s
 90445 72581 7770867.22 1439  272 7896396.06 6437457.02  18.5%   5.4  515s
 91449 73539 7820433.27 1666  264 7896396.06 6437457.02  18.5%   5.5  521s
 92123 74156 7065526.47  131  247 7896396.06 6437457.02  18.5%   5.5  525s
 93190 75027 7870365.92  196  306 7896396.06 6437511.20  18.5%   5.5  531s
 94000 75559     cutoff  322      7896396.06 6437539.13  18.5%   5.5  539s
 94005 75653     cutoff  321      7896396.06 6437539.13  18.5%   5.5  540s
 94715 76222 7174334.45  184  245 7896396.06 6437547.34  18.5%   5.5  546s
 95422 76758 7448348.00  164  204 7896396.06 6437547.34  18.5%   5.4  550s
 96384 77664 7453029.90  166  229 7896396.06 6437586.85  18.5%   5.5  555s
 97435 78641 7559014.46  240  269 7896396.06 6437613.67  18.5%   5.5  560s
 98567 79533 7329444.54   55  361 7896396.06 6437645.88  18.5%   5.4  565s
 99671 80583 7318615.76  103  361 7896396.06 6437654.64  18.5%   5.4  571s
 100748 81600 7413782.47  601  322 7896396.06 6437654.64  18.5%   5.4  576s
 101791 82377     cutoff  225      7896396.06 6437692.07  18.5%   5.4  580s
 102822 83221 6700339.36   30  338 7896396.06 6437738.48  18.5%   5.5  590s
 103615 84093 7799426.54  421  154 7896396.06 6437738.48  18.5%   5.4  595s
 104678 84987 7867945.74  388  142 7896396.06 6437746.01  18.5%   5.4  600s
 105654 85984 7816592.08  190  197 7896396.06 6437746.01  18.5%   5.4  605s
 106714 86900 7719024.39  277  176 7896396.06 6437746.01  18.5%   5.4  610s
 108001 88050 7549091.83  249  168 7896396.06 6437832.25  18.5%   5.3  615s
 108807 88610 7527853.66  197  176 7896396.06 6437832.25  18.5%   5.3  620s
 109694 89441 7303899.45   93  359 7896396.06 6437924.32  18.5%   5.3  625s
 110177 89942 7370808.11  398  332 7896396.06 6437924.32  18.5%   5.3  632s
 110738 90484 7729741.74  661  279 7896396.06 6437927.66  18.5%   5.3  635s
 111649 91364 6699849.33   42  324 7896396.06 6437971.46  18.5%   5.3  640s
 112734 92201 7654063.42  339  257 7896396.06 6437971.46  18.5%   5.3  645s
 113812 93135 7731147.46  623  232 7896396.06 6437971.46  18.5%   5.3  650s
 114755 94245 7746378.94  889  217 7896396.06 6437971.46  18.5%   5.3  655s
 116136 95535 7813811.65 1408  186 7896396.06 6437971.46  18.5%   5.3  660s
 117138 96401 7427008.31  406  315 7896396.06 6437971.46  18.5%   5.3  665s
 117331 96402 7445843.36  474  311 7896396.06 6437971.46  18.5%   5.3  670s
 117799 96915 7794922.82  765  259 7896396.06 6438089.43  18.5%   5.3  675s
 118570 97616 7799957.20  381  157 7896396.06 6438089.43  18.5%   5.3  680s
 119402 98370 infeasible  113      7896396.06 6438136.89  18.5%   5.3  685s
 120453 99264 7324029.55  225  349 7896396.06 6438163.67  18.5%   5.3  691s
 121380 99976 infeasible  342      7896396.06 6438163.67  18.5%   5.3  695s
 122233 100713 infeasible   67      7896396.06 6438270.75  18.5%   5.3  700s
 123326 101708 7597958.82  243  160 7896396.06 6438270.75  18.5%   5.3  705s
 124514 102926 7779409.85  410  110 7896396.06 6438270.75  18.5%   5.3  710s
 125587 103660 7750737.06  284  212 7896396.06 6438485.41  18.5%   5.2  715s
 125974 104079 7667531.32  177  155 7896396.06 6438496.77  18.5%   5.2  723s
 126234 104329 7321774.21   72  369 7896396.06 6438581.53  18.5%   5.2  725s
 127436 105355     cutoff  429      7896396.06 6438683.43  18.5%   5.2  730s
 128180 105703 7875865.00  472  152 7896396.06 6438713.22  18.5%   5.2  735s
 128887 106412 7505034.74  210  169 7896396.06 6438742.76  18.5%   5.2  740s
 130033 107517 7624879.04  414  166 7896396.06 6438742.76  18.5%   5.2  745s
 131015 108474 7728465.76  565  143 7896396.06 6438742.76  18.5%   5.2  753s
 131211 108727 7770021.32  595  151 7896396.06 6438742.76  18.5%   5.2  755s
 132243 109712 7255784.47  129  215 7896396.06 6438750.72  18.5%   5.2  760s
 133308 110303 7522450.34  174  251 7896396.06 6438784.14  18.5%   5.2  765s
 134176 111189 7370480.99  117  355 7896396.06 6440840.11  18.4%   5.2  771s
 135288 112108 7876869.35  396  219 7896396.06 6440840.11  18.4%   5.2  775s
 136344 112845 7650041.63  259  249 7896396.06 6440866.45  18.4%   5.2  784s
 136424 112922 7650067.08  260  248 7896396.06 6440866.45  18.4%   5.2  785s
 137211 113702 7564140.39  157  162 7896396.06 6440883.01  18.4%   5.2  790s
 138166 114700 7642512.64  307  152 7896396.06 6440883.01  18.4%   5.1  795s
 139089 115575 7702225.39  389  147 7896396.06 6440883.01  18.4%   5.1  800s
 140220 116649 7820914.88  558  121 7896396.06 6440883.01  18.4%   5.1  805s
 141218 117397     cutoff  248      7896396.06 6441298.30  18.4%   5.1  811s
 141323 117662 7297255.74   44  368 7896396.06 6441298.30  18.4%   5.1  816s
 141826 118204 7379002.26  239  356 7896396.06 6441298.30  18.4%   5.1  820s
 143014 119216 7871124.10  672  283 7896396.06 6441380.37  18.4%   5.1  825s
 144220 120137 7413844.44  167  265 7896396.06 6441536.10  18.4%   5.1  830s
 145174 120913 7578076.49  222  239 7896396.06 6441536.10  18.4%   5.1  836s
 145806 121563 7381805.41  185  358 7896396.06 6441589.70  18.4%   5.1  840s
 146503 122086 7591008.18  489  324 7896396.06 6441589.70  18.4%   5.1  848s
 146814 122326 7806866.36  624  285 7896396.06 6441669.40  18.4%   5.1  850s
 147721 122923     cutoff  421      7896396.06 6441669.40  18.4%   5.1  855s
 148294 123508 7881839.65  176  204 7896396.06 6441784.43  18.4%   5.1  860s
 149307 124406 6958207.66   70  305 7896396.06 6441833.26  18.4%   5.1  866s
 150269 125122 7875729.65  430  230 7896396.06 6441833.26  18.4%   5.1  870s
 151320 126218 7471028.81  279  341 7896396.06 6441833.26  18.4%   5.1  875s
 151691 126451 7747215.11  429  307 7896396.06 6441833.26  18.4%   5.1  882s
 152340 127016 7269497.65  116  305 7896396.06 6441886.01  18.4%   5.1  886s
 153132 127663 7601071.68  220  233 7896396.06 6441886.01  18.4%   5.1  890s
 154151 128671 7676708.84  431  225 7896396.06 6441886.01  18.4%   5.1  895s
 155304 129705 7792892.45  600  202 7896396.06 6441886.01  18.4%   5.1  900s
 156260 130706 7869142.07  784  175 7896396.06 6441886.01  18.4%   5.1  905s
 156798 131114 7326938.54   71  361 7896396.06 6442156.36  18.4%   5.1  913s
 157270 131478 7299113.16  116  282 7896396.06 6442156.36  18.4%   5.1  915s
 158106 132155     cutoff  452      7896396.06 6442226.24  18.4%   5.1  920s
 159209 133208 7452750.65  347  331 7896396.06 6442226.24  18.4%   5.1  926s
 160074 133989 7548429.41  569  313 7896396.06 6442226.24  18.4%   5.1  930s
 161248 135253 7629824.39  739  302 7896396.06 6442226.24  18.4%   5.1  935s
 162192 135988 7697142.67  932  306 7896396.06 6442226.24  18.4%   5.1  944s
 162312 136215 7724070.52  932  306 7896396.06 6442226.24  18.4%   5.1  946s
 163198 137133 7811380.22 1070  289 7896396.06 6442226.24  18.4%   5.1  950s
 163969 137785 6802704.94   53  298 7896396.06 6442358.67  18.4%   5.1  955s
 164729 138432 infeasible   88      7896396.06 6442379.43  18.4%   5.1  960s
 165975 139548     cutoff  375      7896396.06 6442418.07  18.4%   5.1  966s
 166791 140228 7884699.09  569  131 7896396.06 6442418.07  18.4%   5.1  970s
 167198 140616 7618528.08  125  165 7896396.06 6442443.23  18.4%   5.1  978s
 167555 140971 7777290.87  187  152 7896396.06 6442443.23  18.4%   5.1  981s
 168054 141472 7723090.01  176  216 7896396.06 6442524.81  18.4%   5.1  985s
 168861 142197 infeasible   79      7896396.06 6442556.69  18.4%   5.1  990s
 170260 143460 7538320.00  326  244 7896396.06 6442556.69  18.4%   5.1  996s
 171217 144344 7722701.84  540  200 7896396.06 6442556.69  18.4%   5.1 1000s
 172061 145198 7530568.76  203  176 7896396.06 6442649.90  18.4%   5.1 1005s
 172431 145200 7748473.91  426  140 7896396.06 6442649.90  18.4%   5.1 1011s
 172796 145796 7778546.52  525  135 7896396.06 6442649.90  18.4%   5.1 1015s
 173818 146585 7592829.50  197  232 7896396.06 6442709.35  18.4%   5.1 1020s
 174715 147284 6838996.28   56  295 7896396.06 6442756.40  18.4%   5.1 1025s
 175780 148180 7268337.72  125  224 7896396.06 6442834.45  18.4%   5.1 1030s
 176991 149193     cutoff  320      7896396.06 6442914.29  18.4%   5.1 1035s
 177599 149625 6845169.77   59  293 7896396.06 6442957.36  18.4%   5.1 1043s
 177689 149859 infeasible   94      7896396.06 6442957.36  18.4%   5.1 1045s
 178514 150653 7262475.70  107  315 7896396.06 6442973.38  18.4%   5.1 1050s
H179415 150611                    7891114.3910 6442973.38  18.4%   5.1 1053s
H179521 150823                    7890681.3223 6443137.22  18.3%   5.1 1055s
 180459 151524     cutoff  289      7890681.32 6443196.67  18.3%   5.1 1060s
 181430 152349     cutoff  451      7890681.32 6443237.48  18.3%   5.1 1065s
 182499 153236 7643572.27  186  180 7890681.32 6443288.17  18.3%   5.1 1070s
 183243 153976 7345630.97  122  356 7890681.32 6443446.78  18.3%   5.1 1075s
 184244 154924 7490702.75  407  326 7890681.32 6443446.78  18.3%   5.0 1080s
 185349 155943 7606893.42  589  312 7890681.32 6443446.78  18.3%   5.0 1085s
 186280 156903 7682913.58  684  309 7890681.32 6443446.78  18.3%   5.0 1090s
 187239 157897 7746184.35  757  293 7890681.32 6443446.78  18.3%   5.0 1095s
 188060 158407 7819635.66  775  289 7890681.32 6443446.78  18.3%   5.0 1103s
 188192 158661 7832989.04  782  288 7890681.32 6443446.78  18.3%   5.0 1105s
 188787 159219 7867025.82  791  287 7890681.32 6443511.70  18.3%   5.1 1110s
 189692 159981 7841538.39  192  209 7890681.32 6443572.50  18.3%   5.1 1115s
 190606 160911 6964336.06   87  274 7890681.32 6443675.10  18.3%   5.0 1120s
 191755 161842 7394782.65  145  219 7890681.32 6443675.10  18.3%   5.0 1126s
 192477 162423 7556079.08  272  184 7890681.32 6443675.10  18.3%   5.0 1130s
 193288 163326 7734722.06  487  150 7890681.32 6443675.10  18.3%   5.0 1135s
 194459 164348 7189981.70  109  287 7890681.32 6443803.00  18.3%   5.0 1141s
 195269 164906 7175445.55  206  326 7890681.32 6443803.00  18.3%   5.0 1145s
 195405 164908 7386896.12  306  314 7890681.32 6443803.00  18.3%   5.0 1151s
 195691 165318 7488083.28  412  310 7890681.32 6443803.00  18.3%   5.0 1155s
 196805 166463 7655053.64  162  330 7890681.32 6443903.04  18.3%   5.0 1160s
 197914 167469 7438189.01  433  309 7890681.32 6443903.04  18.3%   5.0 1165s
 198722 168447 6909565.81   31  312 7890681.32 6443903.04  18.3%   5.0 1170s
 199890 169295 7864744.51  177  213 7890681.32 6443922.41  18.3%   5.0 1175s
 200784 170292 7441176.77  519  324 7890681.32 6443922.41  18.3%   5.0 1180s
 201871 171069 7868265.23  281  164 7890681.32 6443944.36  18.3%   5.0 1185s
 202645 171626 infeasible  144      7890681.32 6443977.35  18.3%   5.0 1193s
 202784 171891 7567545.09  213  179 7890681.32 6443977.35  18.3%   5.0 1196s
 203517 172471 7581617.66  214  240 7890681.32 6443977.35  18.3%   5.0 1200s
 204573 173461 7845147.87  463  160 7890681.32 6443990.42  18.3%   5.0 1205s
 205656 174219 7551227.39  103  348 7890681.32 6444026.73  18.3%   5.0 1210s
 206681 175229 7693668.97  244  327 7890681.32 6444056.85  18.3%   5.0 1215s
 207533 176071 7631992.43  246  223 7890681.32 6444059.99  18.3%   5.0 1220s
 208847 177184 7876038.99  406  305 7890681.32 6444059.99  18.3%   5.0 1225s
 209569 177772 7185430.70  108  254 7890681.32 6444086.06  18.3%   5.0 1230s
 210105 178019 7525395.63  179  239 7890681.32 6444086.06  18.3%   5.0 1236s
 210585 178673 7694352.70  250  204 7890681.32 6444086.06  18.3%   5.0 1241s
 211188 179190     cutoff  305      7890681.32 6444086.06  18.3%   5.0 1245s
 212119 180091 7632122.31  580  293 7890681.32 6444086.06  18.3%   5.0 1250s
 212988 180786 7728183.53  189  330 7890681.32 6444139.41  18.3%   5.0 1255s
 213944 181711 7515809.79  369  334 7890681.32 6444156.76  18.3%   5.0 1260s
 215204 182988 7219705.41  268  309 7890681.32 6444182.46  18.3%   4.9 1265s
 216212 184049 7617555.35  613  292 7890681.32 6444182.46  18.3%   4.9 1271s
 216787 184352 6903948.07   73  324 7890681.32 6444194.59  18.3%   4.9 1277s
 217351 184919 6936646.34   73  355 7890681.32 6444194.59  18.3%   5.0 1280s
 218611 186133 7707951.22  248  330 7890681.32 6444221.85  18.3%   4.9 1285s
 219738 187255 7800114.24  423  315 7890681.32 6444248.23  18.3%   4.9 1291s
 220651 188118 6996799.31  157  239 7890681.32 6444248.23  18.3%   4.9 1296s
 221370 188577 7508866.50  263  174 7890681.32 6444248.23  18.3%   5.0 1300s
 221955 189106 7609710.75  392  164 7890681.32 6444248.23  18.3%   5.0 1309s
 222089 189231 7616560.52  420  164 7890681.32 6444248.23  18.3%   5.0 1310s
 222739 189957 7657559.67  544  157 7890681.32 6444248.23  18.3%   5.0 1315s
 223813 191004 7739269.60  728  144 7890681.32 6444248.23  18.3%   5.0 1320s
 224640 191869 7790285.80  898  278 7890681.32 6444248.23  18.3%   5.0 1325s
 225569 192612     cutoff 1092      7890681.32 6444318.83  18.3%   5.0 1330s
 226512 193346 infeasible   71      7890681.32 6444341.61  18.3%   5.0 1335s
 227484 194053 6999256.86  113  242 7890681.32 6444358.28  18.3%   5.0 1340s
 227980 194407 infeasible  242      7890681.32 6444358.28  18.3%   5.0 1348s
 228185 194650 7678666.36  300  159 7890681.32 6444358.28  18.3%   5.0 1350s
 229070 195600 7807209.15  563  123 7890681.32 6444358.28  18.3%   5.0 1355s
 230001 196375     cutoff  822      7890681.32 6444440.63  18.3%   5.0 1361s
 231019 197597 7635727.72  517  307 7890681.32 6444440.63  18.3%   5.0 1366s
 232060 198390     cutoff  764      7890681.32 6444440.63  18.3%   5.0 1370s
 233384 199604 7676430.26  314  325 7890681.32 6444456.12  18.3%   5.0 1375s
 234242 200381 7849952.08  182  312 7890681.32 6444489.88  18.3%   5.0 1380s
 234880 200838 7859538.25  307  189 7890681.32 6444489.88  18.3%   5.0 1385s
 235734 201598 7430412.04  135  217 7890681.32 6444550.51  18.3%   5.0 1390s
 236493 202011 7525846.49  290  175 7890681.32 6444550.51  18.3%   5.0 1396s
 236905 202584 7540470.83  355  170 7890681.32 6444550.51  18.3%   5.0 1400s
 237889 203530 7623791.77  502  147 7890681.32 6444550.51  18.3%   5.0 1405s
 239009 204593 7837385.96  667   82 7890681.32 6444550.51  18.3%   5.0 1411s
 239815 205356 7649312.79  205  335 7890681.32 6444636.88  18.3%   5.0 1415s
 240865 206155 7427214.31  138  220 7890681.32 6444654.81  18.3%   5.0 1420s
 241848 207065 7614539.69  444  163 7890681.32 6444654.81  18.3%   5.0 1425s
 242979 208175 7634607.43  763  158 7890681.32 6444654.81  18.3%   5.0 1431s
 243261 208177 7643209.60  824  153 7890681.32 6444654.81  18.3%   5.0 1436s
 243511 208636 7639019.73  875  137 7890681.32 6444654.81  18.3%   5.0 1440s
H244250 209107                    7888443.8175 6444654.81  18.3%   5.0 1443s
 244797 209647 7793969.04 1258   88 7888443.82 6444654.81  18.3%   5.0 1445s
 245972 210622 7794773.23  306  163 7888443.82 6444771.57  18.3%   5.0 1450s
 247222 211871 7751668.07  310  161 7888443.82 6444774.67  18.3%   4.9 1456s
 248039 212515 7833634.98  137  210 7888443.82 6444840.53  18.3%   4.9 1460s
 248954 213299 7302016.57   64  363 7888443.82 6444932.44  18.3%   4.9 1465s
 249886 214066     cutoff  290      7888443.82 6444966.45  18.3%   4.9 1470s
 250811 214902 7512360.38  257  226 7888443.82 6444966.45  18.3%   4.9 1475s
 251828 215958 7578896.54  406  212 7888443.82 6444966.45  18.3%   4.9 1480s
 252627 216517 7651361.45  465  192 7888443.82 6444966.45  18.3%   4.9 1488s
 252809 216932 7673107.07  506  207 7888443.82 6444966.45  18.3%   4.9 1490s
 253649 217614 7802430.25  662  176 7888443.82 6445056.48  18.3%   4.9 1495s
 254721 218576 7590488.13  323  200 7888443.82 6445209.48  18.3%   4.9 1500s
 255825 219742 7652587.33  588  179 7888443.82 6445209.48  18.3%   4.9 1505s
 256927 220722 7744199.45  835  171 7888443.82 6445209.48  18.3%   5.0 1510s
 257988 221855 7837146.89 1107  143 7888443.82 6445209.48  18.3%   5.0 1515s
 259009 222623 7851813.58  246  315 7888443.82 6445751.38  18.3%   5.0 1520s
 259757 223385 7315287.59   68  365 7888443.82 6445915.23  18.3%   5.0 1525s
 260864 224337 7404367.24  382  334 7888443.82 6445915.23  18.3%   5.0 1530s
 261892 225320 7508597.14  685  316 7888443.82 6445915.23  18.3%   5.0 1535s
 262660 226105 7558498.74  837  307 7888443.82 6445915.23  18.3%   5.0 1540s
 263840 227192 7677601.23 1081  304 7888443.82 6445915.23  18.3%   5.0 1545s
 264893 228288 7753172.05 1356  286 7888443.82 6445915.23  18.3%   5.0 1550s
 265884 229186 7825958.91 1489  278 7888443.82 6445915.23  18.3%   5.0 1555s
 266634 229728 7323594.79   60  365 7888443.82 6446881.95  18.3%   5.0 1560s
 267601 230606     cutoff  183      7888443.82 6447117.06  18.3%   5.0 1565s
 268655 231646 7415988.38  307  340 7888443.82 6447117.06  18.3%   5.0 1571s
 269558 232546 7492782.73  517  325 7888443.82 6447117.06  18.3%   5.0 1575s
 270729 233717 7595907.48  720  303 7888443.82 6447117.06  18.3%   5.0 1580s
 271723 234723 7650377.99  899  295 7888443.82 6447117.06  18.3%   5.0 1585s
H272087 234416                    7884505.5668 6447117.06  18.2%   5.0 1586s
 272816 235090 7713871.23 1160  293 7884505.57 6447117.06  18.2%   5.0 1591s
 273893 236097 7752395.77 1417  288 7884505.57 6447117.06  18.2%   5.0 1595s
 274789 236996 7806821.51 1644  295 7884505.57 6447117.06  18.2%   5.0 1600s
 275759 237738 7866339.45 1744  278 7884505.57 6447117.06  18.2%   5.1 1605s
 276496 238448 7336041.91  243  309 7884505.57 6447639.00  18.2%   5.1 1610s
 277385 239238 7657520.23  125  336 7884505.57 6447732.78  18.2%   5.1 1615s
 278511 240235 7355815.63  187  346 7884505.57 6447778.44  18.2%   5.1 1620s
 279631 241366 7423751.03  492  328 7884505.57 6447778.44  18.2%   5.1 1625s
 280677 242301 7527146.59  761  323 7884505.57 6447778.44  18.2%   5.1 1630s
 281586 243184 7628673.73  940  312 7884505.57 6447778.44  18.2%   5.1 1635s
 282567 244202 7708325.53 1194  295 7884505.57 6447778.44  18.2%   5.1 1640s
 283763 245255 7830085.05 1405  269 7884505.57 6447778.44  18.2%   5.1 1645s
 284761 246124 7737574.35  481  322 7884505.57 6448229.47  18.2%   5.1 1651s
 285379 246956 7618063.45  234  337 7884505.57 6448437.60  18.2%   5.1 1656s
 286217 247566 7569116.81  218  336 7884505.57 6448457.04  18.2%   5.1 1660s
 287266 248509 7562486.19  115  226 7884505.57 6448536.26  18.2%   5.1 1665s
 288132 249257 7852912.02  341  299 7884505.57 6448536.26  18.2%   5.1 1670s
 289374 250542 7168446.78  122  334 7884505.57 6448561.50  18.2%   5.1 1675s
 290575 251685 7390375.52   70  361 7884505.57 6448594.29  18.2%   5.1 1680s
 291406 252420 7348847.70  128  362 7884505.57 6448641.24  18.2%   5.1 1685s
 292152 253132 7285731.94   45  365 7884505.57 6448913.82  18.2%   5.1 1690s
 293246 254078 7808747.21  529  180 7884505.57 6448920.31  18.2%   5.1 1695s
 294255 254910 7540468.75  118  238 7884505.57 6449454.53  18.2%   5.1 1700s
 295232 255869 7869954.69  398  211 7884505.57 6449613.24  18.2%   5.1 1705s
 296380 256928 7736076.10  218  157 7884505.57 6449613.24  18.2%   5.1 1710s
 297540 257988 7619500.59  201  331 7884505.57 6449746.50  18.2%   5.1 1715s
 298582 258867 7599735.68  196  175 7884505.57 6449765.82  18.2%   5.1 1720s
 299484 259732 7633669.27  433  152 7884505.57 6449765.82  18.2%   5.1 1725s
 300675 260865 7766652.00  797  106 7884505.57 6449765.82  18.2%   5.1 1730s
 301829 262017 7418314.55  274  345 7884505.57 6450911.25  18.2%   5.1 1735s
 302555 262761 7494375.15  483  325 7884505.57 6450911.25  18.2%   5.1 1740s
 303689 263823 7629572.26  685  309 7884505.57 6450911.25  18.2%   5.1 1745s
 304909 264959 7761576.94  847  292 7884505.57 6450911.25  18.2%   5.1 1750s
 305984 265918 7829187.95  900  274 7884505.57 6450911.25  18.2%   5.1 1755s
 306748 266592     cutoff  248      7884505.57 6451610.92  18.2%   5.1 1760s
 307823 267652 7516253.04  176  344 7884505.57 6452179.04  18.2%   5.1 1766s
 308683 268281 7324348.77   83  365 7884505.57 6452723.71  18.2%   5.1 1770s
 309490 269081 7401757.16  330  339 7884505.57 6452723.71  18.2%   5.1 1775s
 310558 270156 7537425.55  629  324 7884505.57 6452723.71  18.2%   5.1 1780s
 311839 271364 7655402.55  869  309 7884505.57 6452723.71  18.2%   5.1 1785s
 313005 272402 7757978.91 1096  295 7884505.57 6452723.71  18.2%   5.1 1790s
 314151 273565 7852573.53 1190  280 7884505.57 6452723.71  18.2%   5.1 1796s
 314979 274105 7719914.51  295  160 7884505.57 6454074.40  18.1%   5.1 1800s
 315823 275044 7229924.67   97  215 7884505.57 6455348.65  18.1%   5.1 1805s
 317206 276320 7578029.20  236  177 7884505.57 6455348.65  18.1%   5.0 1810s
 318313 277330 7665388.82  470  161 7884505.57 6455348.65  18.1%   5.0 1815s
 319488 278398 7736890.50  751  143 7884505.57 6455348.65  18.1%   5.0 1820s
 320514 279581 7782738.73  878  134 7884505.57 6455348.65  18.1%   5.0 1825s
 321583 280523 7854959.88 1000  120 7884505.57 6455348.65  18.1%   5.0 1830s
 322884 281559 7330794.98   80  368 7884505.57 6460836.76  18.1%   5.0 1835s
 324018 282664 7667633.95  296  315 7884505.57 6463215.09  18.0%   5.0 1840s
 324924 283454 7652229.26  308  215 7884505.57 6463962.19  18.0%   5.0 1845s
 326071 284547     cutoff  294      7884505.57 6464500.46  18.0%   5.0 1850s
 327088 285554 7856836.13  507  303 7884505.57 6464500.46  18.0%   5.0 1855s
 328135 286469 7705841.18  396  311 7884505.57 6464578.85  18.0%   5.0 1860s
 328975 287274 7783390.80  312  153 7884505.57 6464614.34  18.0%   5.0 1865s
 330037 288227 7796624.14  480  317 7884505.57 6464669.64  18.0%   5.0 1870s
 330984 289104 7671205.06  215  163 7884505.57 6464905.95  18.0%   5.0 1875s
 332194 290292 7881967.42  360  123 7884505.57 6465686.10  18.0%   5.0 1880s
 333202 291134     cutoff  528      7884505.57 6465686.10  18.0%   5.0 1885s
 333958 291893 7661280.31  285  175 7884505.57 6465865.85  18.0%   5.0 1890s
 335110 293014 7817397.50  524  303 7884505.57 6465947.82  18.0%   5.0 1895s
 336206 294022 7761731.33  523  324 7884505.57 6465950.09  18.0%   5.0 1900s
 337349 295075 7455874.77   68  258 7884505.57 6467214.02  18.0%   5.0 1905s
 338437 296082 7828342.64  215  174 7884505.57 6467214.02  18.0%   5.0 1910s
 339542 297199 7246234.06  185  327 7884505.57 6467222.24  18.0%   5.0 1915s
 340735 298340     cutoff  284      7884505.57 6467871.72  18.0%   5.0 1921s
 341405 298919 7864777.40  311  151 7884505.57 6467887.01  18.0%   5.0 1925s
 342348 299715 7818213.47  271  141 7884505.57 6467975.13  18.0%   5.0 1930s
 343418 300839 7223573.61   99  233 7884505.57 6468141.06  18.0%   5.0 1935s
 344709 302032 7165393.59   94  239 7884505.57 6468326.75  18.0%   5.0 1940s
 345678 302803 7836926.92  238  182 7884505.57 6468510.27  18.0%   5.0 1945s
 346667 303725 7777247.69  318  150 7884505.57 6468992.76  18.0%   5.0 1950s
 347827 304905 7641026.58  243  166 7884505.57 6469057.41  18.0%   5.0 1955s
 348897 305666 7853529.54  370  131 7884505.57 6469113.58  18.0%   5.0 1960s
 349850 306685 7804745.15  351  147 7884505.57 6469333.89  17.9%   4.9 1966s
 350860 307560 7880803.55  449  144 7884505.57 6469477.97  17.9%   4.9 1970s
 351838 308484 7583522.89  167  186 7884505.57 6469482.37  17.9%   4.9 1975s
 352735 309213 7782337.91  328  153 7884505.57 6469502.84  17.9%   4.9 1980s
 353812 310243 7774778.12  245  138 7884505.57 6469539.42  17.9%   4.9 1985s
 354947 311211 7833959.25  443  140 7884505.57 6469832.54  17.9%   4.9 1990s
 356044 312416 7670453.16  257  163 7884505.57 6469865.95  17.9%   4.9 1995s
 357130 313401 7405700.34  204  341 7884505.57 6469890.70  17.9%   4.9 2000s
 358400 314660 7579881.03  483  305 7884505.57 6469890.70  17.9%   4.9 2005s
 359459 315682 7680173.26  724  294 7884505.57 6469890.70  17.9%   4.9 2010s
 360303 316465 7743823.29 1001  294 7884505.57 6469890.70  17.9%   4.9 2015s
 361284 317327 7776725.20 1194  292 7884505.57 6469890.70  17.9%   4.9 2020s
 362206 318165 7834547.63 1410  271 7884505.57 6469890.70  17.9%   5.0 2025s
 363201 319086 7859257.50  264  151 7884505.57 6470984.06  17.9%   5.0 2030s
 363977 319892 7751831.31  207  302 7884505.57 6471040.72  17.9%   5.0 2035s
 365258 321171 7299633.26   51  365 7884505.57 6471576.25  17.9%   5.0 2040s
 366417 322236 7397519.29  161  353 7884505.57 6471831.61  17.9%   5.0 2045s
 367583 323363     cutoff  709      7884505.57 6471999.69  17.9%   5.0 2050s
 368678 324394 7551975.11  197  192 7884505.57 6472124.01  17.9%   5.0 2055s
 369592 325254     cutoff  612      7884505.57 6472125.32  17.9%   5.0 2060s
 370654 326213 7770681.47  551  303 7884505.57 6472156.24  17.9%   5.0 2065s
 371448 326916 7774759.95  308  146 7884505.57 6472299.58  17.9%   5.0 2070s
 372566 327987 7491687.25  325  318 7884505.57 6472299.58  17.9%   5.0 2075s
 373709 329127 7612811.60  571  301 7884505.57 6472299.58  17.9%   5.0 2080s
 374953 330277 7719564.58  875  303 7884505.57 6472299.58  17.9%   5.0 2085s
 376168 331403 7819036.34 1194  291 7884505.57 6472299.58  17.9%   5.0 2090s
 377085 332148 7875892.77 1408  284 7884505.57 6472873.97  17.9%   5.0 2095s
 377859 332954 7615345.12  191  169 7884505.57 6472991.62  17.9%   5.0 2100s
 378945 333943 7633442.16  125  233 7884505.57 6472991.62  17.9%   5.0 2105s
 380194 335074 7649563.29  201  173 7884505.57 6473291.69  17.9%   5.0 2110s
 381278 336064 7677506.62  401  167 7884505.57 6473329.54  17.9%   5.0 2115s
 382343 336966 7449246.64  289  341 7884505.57 6473562.45  17.9%   5.0 2120s
 383225 337861 7577632.84  536  309 7884505.57 6473562.45  17.9%   5.0 2125s
 384398 338925 7692038.64  830  309 7884505.57 6473562.45  17.9%   5.0 2130s
 385606 340117 7742155.40 1055  298 7884505.57 6473562.45  17.9%   5.0 2135s
 386678 341231 7772377.22 1275  286 7884505.57 6473562.45  17.9%   5.0 2140s
 387552 342108 7804213.82 1391  274 7884505.57 6473562.45  17.9%   5.0 2145s
 388747 343143 7845618.14 1602  288 7884505.57 6473562.45  17.9%   5.0 2150s
 389591 343944 7335693.71  102  366 7884505.57 6473929.14  17.9%   5.0 2155s
 390685 344846 7645694.10  345  331 7884505.57 6474054.21  17.9%   5.0 2160s
 391549 345769 7339244.45   85  367 7884505.57 6474099.73  17.9%   5.0 2166s
 392500 346520 7881282.15  474  306 7884505.57 6474188.00  17.9%   5.0 2170s
 393339 347358 7443532.39  193  343 7884505.57 6474282.47  17.9%   5.0 2175s
Created node file directory '/home/ps12398/experiment_epec/goalProgrammingMarcos//grbnodes13'
 393822 347689 7784309.10  486  311 7884505.57 6474282.47  17.9%   5.0 2194s
 393964 347792     cutoff  572      7884505.57 6474282.47  17.9%   5.0 2195s
 394950 348858 7688834.25  522  153 7884505.57 6474336.83  17.9%   5.0 2201s
 395910 349690 7731639.84  467  316 7884505.57 6474385.65  17.9%   5.0 2205s
 396927 350634 7692858.60  242  158 7884505.57 6474473.53  17.9%   5.0 2210s
 398054 351437 7257776.98  122  210 7884505.57 6474508.60  17.9%   5.0 2215s
 399316 352737 7551649.56  262  173 7884505.57 6474508.60  17.9%   5.0 2220s
 400480 353750 7704630.98  404  164 7884505.57 6474508.60  17.9%   5.0 2225s
 401372 354693 7770039.05  484  151 7884505.57 6474508.60  17.9%   5.0 2230s
 402617 355747 7856252.00  666  120 7884505.57 6474508.60  17.9%   5.0 2236s
 403532 356520 7802674.52  414  153 7884505.57 6475148.50  17.9%   5.0 2240s
 404524 357569 7590167.02  305  188 7884505.57 6475252.76  17.9%   4.9 2246s
 404828 357807 7665449.60  394  192 7884505.57 6475252.76  17.9%   4.9 2262s
 405487 358374 7769522.40  585  174 7884505.57 6475252.76  17.9%   4.9 2265s
 406299 359222 7848498.23  815  117 7884505.57 6475252.76  17.9%   4.9 2270s
 407492 360424 7421188.32  163  233 7884505.57 6475537.67  17.9%   4.9 2275s
 408723 361405     cutoff  471      7884505.57 6475828.37  17.9%   4.9 2280s
 410116 362832 7549200.31  100  183 7884505.57 6476894.85  17.9%   4.9 2285s
 411259 363761 7877113.74  212  142 7884505.57 6476894.85  17.9%   4.9 2290s
 412286 364796 7453960.37  247  337 7884505.57 6477158.42  17.8%   4.9 2295s
 412742 365117 7531106.69  327  316 7884505.57 6477158.42  17.8%   4.9 2313s
 413024 365392 7566915.98  356  313 7884505.57 6477158.42  17.8%   4.9 2315s
 414084 366353 7671157.50  451  307 7884505.57 6477158.42  17.8%   4.9 2320s
 415190 367522 7806364.83  626  287 7884505.57 6477158.42  17.8%   4.9 2325s
 416398 368433 7698637.25  231  151 7884505.57 6478349.83  17.8%   4.9 2330s
 417530 369574     cutoff  374      7884505.57 6478855.67  17.8%   4.9 2335s
H418373 363162                    7863049.4161 6478855.67  17.6%   4.9 2338s
 418625 363632 7464970.44  394  331 7863049.42 6478855.67  17.6%   4.9 2340s
H419042 349502                    7843901.0622 6478855.67  17.4%   4.9 2341s
H419400 342011                    7833119.1283 6478855.67  17.3%   4.9 2343s
 419688 342418 7570525.28  607  314 7833119.13 6478855.67  17.3%   4.9 2345s
H419792 331876                    7819929.1778 6478855.67  17.1%   4.9 2345s
H420286 322792                    7808134.1906 6478855.67  17.0%   4.9 2348s
 420695 323181 7627226.30  779  306 7808134.19 6478855.67  17.0%   4.9 2350s
 421868 324320 7752269.95 1142  290 7808134.19 6478855.67  17.0%   4.9 2355s
 422942 325194 7736137.90  294  317 7808134.19 6479134.48  17.0%   4.9 2360s
 423848 325989 7564491.22  140  237 7808134.19 6479634.54  17.0%   4.9 2365s
 424738 326847 7625192.34  472  151 7808134.19 6479644.15  17.0%   4.9 2370s
 425943 327835 7482932.84  342  311 7808134.19 6479644.15  17.0%   4.9 2375s
 426858 328780 7595990.85  513  303 7808134.19 6479644.15  17.0%   4.9 2380s
 427860 329749 7682423.43  727  300 7808134.19 6479644.15  17.0%   4.9 2385s
 429044 330782 7757299.84 1004  287 7808134.19 6479644.15  17.0%   4.9 2390s
 430221 332002 7390179.40  135  357 7808134.19 6480298.23  17.0%   4.9 2396s
 431135 332645 7789663.32  343  155 7808134.19 6480347.38  17.0%   4.9 2400s
 432287 333892 7457739.16  467  311 7808134.19 6480375.51  17.0%   4.9 2405s
 433221 334659     cutoff  919      7808134.19 6480683.42  17.0%   4.9 2410s
 434127 335520     cutoff  282      7808134.19 6480902.96  17.0%   4.9 2415s
 435031 336481 7361990.54  102  363 7808134.19 6480981.50  17.0%   4.9 2420s
 435975 337330 7577899.07  195  173 7808134.19 6481004.89  17.0%   4.9 2425s
 436684 337834 7763908.64  280  171 7808134.19 6481108.02  17.0%   4.9 2430s
 437720 338917 7586586.90  602  289 7808134.19 6481221.12  17.0%   4.9 2435s
 438799 339959 7747778.16 1187  276 7808134.19 6481221.12  17.0%   4.9 2440s
 440325 341309 7479328.19  156  343 7808134.19 6481458.47  17.0%   4.9 2445s
 441516 342477 7605008.51  314  204 7808134.19 6481458.47  17.0%   4.9 2450s
 442753 343672 7747718.82  612  186 7808134.19 6481458.47  17.0%   4.9 2455s
 443628 344567 7637766.17  298  325 7808134.19 6483090.38  17.0%   4.9 2460s
 444614 345251 7553256.41  345  296 7808134.19 6483374.03  17.0%   4.9 2465s
 445517 346101 7628330.51  169  178 7808134.19 6484892.93  16.9%   4.9 2470s
 446320 346850     cutoff  334      7808134.19 6485517.39  16.9%   4.9 2475s
 447341 347709 7773764.20  616  298 7808134.19 6485517.39  16.9%   4.9 2480s
 448281 348522 7659209.68  255  307 7808134.19 6485683.98  16.9%   4.9 2485s
 449007 349307 7565606.70  103  191 7808134.19 6486076.92  16.9%   4.9 2490s
 450425 350412 7646157.22  460  311 7808134.19 6486215.59  16.9%   4.9 2495s
 451399 351338 7332164.19  110  360 7808134.19 6487049.35  16.9%   4.9 2500s
 452459 352230 7373468.45  170  361 7808134.19 6489078.08  16.9%   4.9 2522s
 452916 352737 7455286.64  288  330 7808134.19 6489078.08  16.9%   4.9 2525s
 454064 353719 7595925.46  418  310 7808134.19 6489078.08  16.9%   4.9 2530s
 455020 354588 7709281.73  582  302 7808134.19 6489078.08  16.9%   4.9 2535s
 455884 355314     cutoff  715      7808134.19 6490661.51  16.9%   4.9 2540s
 456658 356119 7641126.82  203  174 7808134.19 6490940.86  16.9%   4.9 2545s
 457760 357118 7555220.27  160  175 7808134.19 6491419.49  16.9%   4.9 2550s
 459230 358513 7356654.52  224  350 7808134.19 6491448.05  16.9%   4.9 2556s
 460482 359685 7713826.66  807  286 7808134.19 6491448.05  16.9%   4.9 2561s
 460845 359948 7123379.84   99  239 7808134.19 6491694.94  16.9%   4.9 2580s
 461969 360943 7551634.90   82  208 7808134.19 6492733.72  16.8%   4.9 2586s
 463101 361984 7472617.93  350  333 7808134.19 6493412.19  16.8%   4.9 2590s
 464038 362896 7601710.69  358  175 7808134.19 6493412.19  16.8%   4.9 2595s
 465061 363735 7587044.43  224  286 7808134.19 6495746.76  16.8%   4.9 2600s
 466140 364899 7711890.90  325  149 7808134.19 6495755.30  16.8%   4.9 2606s
 467087 365716 7533641.64  379  181 7808134.19 6496380.91  16.8%   4.8 2610s
 467999 366617 7630614.47  385  327 7808134.19 6496454.47  16.8%   4.8 2615s
 469211 367814 7151630.40   79  338 7808134.19 6496941.76  16.8%   4.8 2620s
 469853 368334 7399651.05  162  190 7808134.19 6496941.76  16.8%   4.8 2638s
 470267 368777 7389811.69   42  282 7808134.19 6497201.78  16.8%   4.8 2640s
 471394 369645     cutoff  305      7808134.19 6497808.02  16.8%   4.8 2645s
 472288 370572 7605709.06  325  185 7808134.19 6498844.27  16.8%   4.8 2650s
 473297 371503 7773492.21  550  160 7808134.19 6498844.27  16.8%   4.8 2655s
 474298 372375 7677430.94  464  314 7808134.19 6500420.55  16.7%   4.8 2660s
 475446 373373 7671759.72  199  161 7808134.19 6500659.65  16.7%   4.8 2665s
 476526 374367 7742305.03  188  106 7808134.19 6500688.10  16.7%   4.8 2670s
 477667 375581 7380714.67   45  242 7808134.19 6500828.98  16.7%   4.8 2676s
 478857 376673 7618033.28  196  183 7808134.19 6500866.96  16.7%   4.8 2680s
 479098 376912 7635458.54  213  172 7808134.19 6500866.96  16.7%   4.8 2697s
 479599 377181 7338070.92  119  368 7808134.19 6501109.21  16.7%   4.8 2700s
 480749 378426 7555558.35  362  194 7808134.19 6501109.21  16.7%   4.8 2705s
 481778 379480 7741870.50  609  182 7808134.19 6501109.21  16.7%   4.8 2710s
 482902 380477 7743337.86  306  152 7808134.19 6501146.01  16.7%   4.8 2715s
 484244 381633 7630688.46  778  293 7808134.19 6501154.57  16.7%   4.8 2720s
 485170 382451 7799648.30 1301  260 7808134.19 6501931.45  16.7%   4.8 2725s
 486135 383278 7621524.33  236  331 7808134.19 6501931.45  16.7%   4.8 2730s
 487067 384152 7749089.92  402  145 7808134.19 6502505.92  16.7%   4.8 2748s
 487403 384398 7343163.92  126  209 7808134.19 6502593.43  16.7%   4.8 2750s
 488368 385172 7761088.68  360  154 7808134.19 6502827.16  16.7%   4.8 2755s
 489357 386149 7515028.62  558  309 7808134.19 6502895.31  16.7%   4.8 2760s
 490512 387455 7748374.10 1222  271 7808134.19 6502895.31  16.7%   4.8 2765s
 491559 388251 6526438.07  129  306 7808134.19 6502895.31  16.7%   4.8 2770s
 492730 389318     cutoff  257      7808134.19 6503223.66  16.7%   4.8 2775s
 493827 390248 7740027.41  578  298 7808134.19 6503278.72  16.7%   4.8 2780s
 494800 391102 7339037.78  109  364 7808134.19 6503596.39  16.7%   4.8 2785s
 495773 391915 7504885.81  151  181 7808134.19 6503699.83  16.7%   4.8 2803s
 496106 392199     cutoff  328      7808134.19 6503742.04  16.7%   4.8 2805s
 497263 393301 7732554.04  214  154 7808134.19 6503742.04  16.7%   4.8 2810s
 498396 394323 7766074.05  308  145 7808134.19 6504148.86  16.7%   4.8 2815s
 499195 395067 7586760.87  170  174 7808134.19 6504264.24  16.7%   4.7 2820s
 499926 395863 7184701.37  118  221 7808134.19 6504424.93  16.7%   4.7 2825s
 501116 396809 7533713.35  190  165 7808134.19 6504424.93  16.7%   4.7 2830s
 502235 397892 7705523.79  382  131 7808134.19 6504424.93  16.7%   4.7 2835s
 503365 398947 7797853.33  479  125 7808134.19 6504424.93  16.7%   4.7 2840s
 504441 399835 7696516.33  336  312 7808134.19 6506091.33  16.7%   4.7 2845s
 504550 399995     cutoff  401      7808134.19 6506091.33  16.7%   4.7 2859s
 504748 400160 7778108.93  404  304 7808134.19 6506091.33  16.7%   4.7 2860s
 505921 401289 7496533.12  168  179 7808134.19 6506545.90  16.7%   4.7 2865s
 507043 402259 7688534.36  368  150 7808134.19 6506545.90  16.7%   4.7 2870s
 508065 403173     cutoff  466      7808134.19 6507036.33  16.7%   4.7 2875s
 508989 404146 7417852.84  190  346 7808134.19 6507854.31  16.7%   4.7 2880s
 509770 404763 7761290.90  167  201 7808134.19 6508003.28  16.7%   4.7 2885s
 510914 405687 7476579.43  333  310 7808134.19 6508003.28  16.7%   4.7 2890s
 511915 406644 7600780.58  572  297 7808134.19 6508003.28  16.7%   4.7 2909s
 512072 406815 7616773.76  622  290 7808134.19 6508003.28  16.7%   4.7 2910s
 513191 407804 7746993.91  947  283 7808134.19 6508003.28  16.7%   4.7 2915s
 514063 408590 7673167.88  252  148 7808134.19 6508673.92  16.6%   4.7 2920s
 515124 409677 7507588.78  307  333 7808134.19 6508776.68  16.6%   4.7 2926s
 516328 410853 7630269.76  606  309 7808134.19 6508776.68  16.6%   4.7 2930s
 517426 411970 7727007.34  924  285 7808134.19 6508776.68  16.6%   4.8 2935s
 518486 412896 7792661.79 1150  304 7808134.19 6508844.82  16.6%   4.8 2940s
 518628 413086 7344833.94  139  358 7808134.19 6508844.82  16.6%   4.8 2956s
 519459 413932 7462374.08  391  329 7808134.19 6508844.82  16.6%   4.8 2960s
 520546 414923 7558956.71  674  311 7808134.19 6508844.82  16.6%   4.8 2965s
 521569 415846 7646315.16  921  302 7808134.19 6508844.82  16.6%   4.8 2970s
 522492 416768 7736474.84 1187  285 7808134.19 6508844.82  16.6%   4.8 2975s
 523640 417597 7748882.45  340  147 7808134.19 6509373.39  16.6%   4.8 2980s
 524577 418354 7206097.74  116  212 7808134.19 6509433.99  16.6%   4.8 2985s
 525520 419138 7787472.40  230  167 7808134.19 6509566.67  16.6%   4.8 2990s
 526382 420033 7358175.80  157  360 7808134.19 6509824.68  16.6%   4.8 3010s
 527436 420913 7349343.98  154  361 7808134.19 6509945.03  16.6%   4.8 3016s
 528385 421776 7518294.26  335  315 7808134.19 6509945.03  16.6%   4.8 3020s
 529669 423119 7722546.62  507  286 7808134.19 6509945.03  16.6%   4.8 3025s
 530977 424368 7507435.85  494  299 7808134.19 6509984.79  16.6%   4.8 3030s
 531835 425040 7775077.15 1103  281 7808134.19 6510002.57  16.6%   4.8 3035s
 532674 425834     cutoff  203      7808134.19 6510010.93  16.6%   4.8 3040s
 533417 426570 7412197.69  160  185 7808134.19 6510082.18  16.6%   4.8 3045s
 534531 427510 7669054.33  271  159 7808134.19 6510247.13  16.6%   4.8 3064s
 534770 427648 7769399.14  345  148 7808134.19 6510263.70  16.6%   4.8 3065s
 535690 428406     cutoff  298      7808134.19 6510282.30  16.6%   4.8 3070s
 536554 429173 7445290.84  146  351 7808134.19 6510814.01  16.6%   4.7 3075s
 537728 430240 7430164.38  329  328 7808134.19 6511819.21  16.6%   4.7 3080s
 538691 431072 7533518.49  503  313 7808134.19 6511819.21  16.6%   4.7 3085s
 539760 432148 7662536.66  751  299 7808134.19 6511819.21  16.6%   4.8 3090s
 540579 432919 7759933.52  933  289 7808134.19 6511819.21  16.6%   4.8 3095s
 540990 433263 7784104.50  952  285 7808134.19 6511819.21  16.6%   4.8 3109s
 541228 433534 7342959.08  116  367 7808134.19 6512917.08  16.6%   4.8 3111s
 542002 434080     cutoff  211      7808134.19 6512923.17  16.6%   4.8 3115s
 542750 434849 7366115.27  161  357 7808134.19 6514686.31  16.6%   4.8 3120s
 543824 435841 7493451.41  367  311 7808134.19 6514787.78  16.6%   4.8 3125s
 545026 436877 7760868.07  463  292 7808134.19 6515025.72  16.6%   4.8 3130s
 546177 438131 7607468.57  679  285 7808134.19 6515025.72  16.6%   4.8 3135s
 547215 439026     cutoff 1290      7808134.19 6515096.03  16.6%   4.7 3154s
 547404 439178 7583029.92  204  178 7808134.19 6515096.03  16.6%   4.7 3155s
 548411 440163 7346456.93  137  366 7808134.19 6515444.24  16.6%   4.7 3161s
 549147 440658     cutoff  231      7808134.19 6515935.40  16.5%   4.7 3165s
 550429 442006 7737649.96  705  328 7808134.19 6515935.40  16.5%   4.7 3170s
 551462 442967 7579269.03  528  298 7808134.19 6516024.51  16.5%   4.7 3175s
 552506 443965 7480350.39   52  233 7808134.19 6516083.51  16.5%   4.7 3180s
 553774 445213 7628764.08  315  168 7808134.19 6516259.75  16.5%   4.7 3185s
 554597 446049 7721719.24  550  103 7808134.19 6516259.75  16.5%   4.7 3201s
 555404 446727 7461502.73  245  336 7808134.19 6517264.12  16.5%   4.7 3205s
 556174 447330     cutoff  710      7808134.19 6517264.12  16.5%   4.7 3210s
 557166 448204 7637793.50  319  161 7808134.19 6518152.90  16.5%   4.7 3215s
 558125 448907 7725800.26  289  152 7808134.19 6518182.71  16.5%   4.7 3220s
 559081 449845 7694771.80  563  291 7808134.19 6518923.54  16.5%   4.7 3225s
 560416 451148 7544118.19  123  178 7808134.19 6521082.22  16.5%   4.7 3230s
 561559 452068 7787698.15  216  201 7808134.19 6522049.23  16.5%   4.7 3235s
 562375 452873 7582345.86  296  200 7808134.19 6522622.79  16.5%   4.7 3240s
 562522 453039 7620743.38  346  198 7808134.19 6522622.79  16.5%   4.7 3254s
 562688 453181 7656072.28  404  202 7808134.19 6522622.79  16.5%   4.7 3255s
 563957 454221 7801928.24  719  155 7808134.19 6522653.47  16.5%   4.7 3260s
 564637 454948 7365016.98  164  356 7808134.19 6523222.60  16.5%   4.7 3265s
 565673 455836 7559488.94  119  181 7808134.19 6523222.60  16.5%   4.7 3270s
 566731 456670 7686103.63  225  151 7808134.19 6525065.70  16.4%   4.7 3275s
 567708 457698 7432544.15   73  276 7808134.19 6525988.25  16.4%   4.7 3280s
 569038 458939 7632880.41  405  219 7808134.19 6525988.25  16.4%   4.7 3285s
 570238 460244 7712723.27  682  176 7808134.19 6525988.25  16.4%   4.7 3290s
 571315 461146 7686792.99  276  161 7808134.19 6525990.34  16.4%   4.7 3305s
 572165 462016 7609550.66  216  169 7808134.19 6525990.34  16.4%   4.7 3310s
 573204 462774 7777722.71  261  136 7808134.19 6526438.07  16.4%   4.7 3315s
 574297 463741 7442852.80  168  179 7808134.19 6526438.07  16.4%   4.7 3320s
 575293 464641 7629147.90  299  162 7808134.19 6526438.07  16.4%   4.7 3325s
 576260 465593 7695119.40  472  140 7808134.19 6526438.07  16.4%   4.7 3330s
 577304 466483 7797651.85  567  134 7808134.19 6526438.07  16.4%   4.7 3335s
 578036 467286     cutoff  378      7808134.19 6529157.21  16.4%   4.7 3340s
 579439 468550 7396867.29   49  233 7808134.19 6529609.21  16.4%   4.7 3345s
 580201 469217 7606881.27  147  226 7808134.19 6529792.81  16.4%   4.7 3361s
 580879 469962 7684400.88  414  204 7808134.19 6529792.81  16.4%   4.7 3365s
 581792 470671 7163778.06  123  216 7808134.19 6530910.94  16.4%   4.7 3370s
 582684 471535 7617467.33  275  287 7808134.19 6530910.94  16.4%   4.7 3375s
 583761 472444 7471627.85  157  195 7808134.19 6531153.59  16.4%   4.7 3380s
 584919 473474 7638357.43  380  179 7808134.19 6531153.59  16.4%   4.7 3386s
 585761 474210 7724395.26  505  150 7808134.19 6531153.59  16.4%   4.7 3390s
 586594 474933 7782735.57  704  146 7808134.19 6531153.59  16.4%   4.7 3395s
 587610 475709     cutoff  408      7808134.19 6533145.98  16.3%   4.7 3400s
 588647 476685 7392429.95  324  338 7808134.19 6533632.80  16.3%   4.7 3405s
 588838 476802 7493972.21  460  310 7808134.19 6533632.80  16.3%   4.7 3417s
 589453 477516 7680199.41  806  285 7808134.19 6533632.80  16.3%   4.7 3421s
 590493 478320 7733669.07  193  139 7808134.19 6534937.09  16.3%   4.7 3425s
 591355 479122 7538467.64  212  170 7808134.19 6534956.25  16.3%   4.7 3431s
 592054 479829 7601680.34  264  177 7808134.19 6534956.25  16.3%   4.7 3435s
 592959 480700 7708275.20  372  130 7808134.19 6534956.25  16.3%   4.7 3440s
 593939 481446 7459234.01   80  222 7808134.19 6536651.35  16.3%   4.7 3445s
 594977 482336 7369496.85  159  187 7808134.19 6537366.21  16.3%   4.7 3450s
 596039 483427 7608573.64  244  159 7808134.19 6537366.21  16.3%   4.7 3455s
 597283 484498 7737048.34  461  120 7808134.19 6537366.21  16.3%   4.7 3460s
 597834 485039 7775872.67  511  113 7808134.19 6537366.21  16.3%   4.7 3475s
 598855 486001 7396894.52  286  332 7808134.19 6538158.55  16.3%   4.7 3480s
 600241 487280 7584344.13  214  194 7808134.19 6539599.91  16.2%   4.7 3485s
 601448 488386 7793456.10  510  159 7808134.19 6539608.32  16.2%   4.7 3490s
 602193 489020 7627351.29  279  318 7808134.19 6540621.45  16.2%   4.7 3495s
 602978 489966 7547401.33   84  208 7808134.19 6542128.11  16.2%   4.7 3500s
 604164 490924 7380646.95  252  347 7808134.19 6542650.01  16.2%   4.7 3505s
 605177 491824 7714696.22  776  282 7808134.19 6542650.01  16.2%   4.7 3510s
 605871 492338 7484075.64  329  316 7808134.19 6542846.18  16.2%   4.7 3525s
 606873 493347 7443642.36  327  325 7808134.19 6542933.23  16.2%   4.7 3530s
 608354 494669 7547098.49   70  219 7808134.19 6542960.76  16.2%   4.7 3535s
 609649 495925 7649061.60  165  176 7808134.19 6543770.04  16.2%   4.7 3540s
 610581 496797 7698332.29  262  161 7808134.19 6543779.94  16.2%   4.7 3545s
 611399 497416 7634458.57  375  303 7808134.19 6543983.77  16.2%   4.7 3550s
 612360 498206 7779044.39  282  185 7808134.19 6543985.82  16.2%   4.7 3555s
 613243 499058 7147037.88  121  342 7808134.19 6544856.18  16.2%   4.7 3560s
 613828 499453     cutoff  413      7808134.19 6544856.18  16.2%   4.7 3574s
 613964 499530 7806561.55  418  299 7808134.19 6544856.18  16.2%   4.7 3575s
 614922 500355     cutoff  281      7808134.19 6546343.68  16.2%   4.7 3580s
 615983 501458 7572509.36  359  186 7808134.19 6546343.68  16.2%   4.7 3585s
 617143 502586 7748639.65  664  169 7808134.19 6546343.68  16.2%   4.6 3590s
 618120 503438     cutoff  849      7808134.19 6546343.68  16.2%   4.6 3595s
 619141 504248 7715158.31  445  126 7808134.19 6547762.00  16.1%   4.6 3600s

Cutting planes:
  RLT: 244

Explored 619171 nodes (2873290 simplex iterations) in 3600.31 seconds (1848.18 work units)
Thread count was 2 (of 24 available processors)

Solution count 10: 7.80813e+06 7.81993e+06 7.83312e+06 ... 7.8964e+06

Time limit reached
Best objective 7.808134190629e+06, best bound 6.547762003950e+06, gap 16.1418%
