
Gurobi 11.0.3 (linux64, Java) logging started qui 28 nov 2024 13:27:49 -03

Set parameter Username
Academic license - for non-commercial use only - expires 2025-10-10
Set parameter NonConvex to value 2
Set parameter TimeLimit to value 3600
Set parameter LogToConsole to value 0
Set parameter MIPGap to value 3.6214606217221094e-08
Set parameter Threads to value 2
Set parameter NodefileDir to value "/home/ps12398/experiment_epec/goalProgrammingMarcos/"
Set parameter NodefileStart to value 1
Gurobi Optimizer version 11.0.3 build v11.0.3rc0 (linux64)

CPU model: Intel(R) Xeon(R) CPU           X5650  @ 2.67GHz, instruction set [SSE2]
Thread count: 12 physical cores, 24 logical processors, using up to 2 threads

Optimize a model with 180845 rows, 121779 columns and 801152 nonzeros
Model fingerprint: 0xed92cda8
Model has 251 quadratic constraints
Variable types: 60768 continuous, 61011 integer (246 binary)
Coefficient statistics:
  Matrix range     [4e-03, 7e+06]
  QMatrix range    [4e-03, 1e+05]
  QLMatrix range   [1e+00, 1e+05]
  Objective range  [1e+00, 6e+07]
  Bounds range     [1e+00, 1e+08]
  RHS range        [1e+00, 4e+06]
  QRHS range       [2e-01, 2e-01]
Presolve removed 180128 rows and 120471 columns
Presolve time: 0.37s
Presolved: 1642 rows, 1599 columns, 81778 nonzeros
Presolved model has 2 SOS constraint(s)
Presolved model has 246 bilinear constraint(s)

Solving non-convex MIQCP

Variable types: 787 continuous, 812 integer (248 binary)
Found heuristic solution: objective 7145796.2602

Root relaxation: objective 2.168708e+06, 264 iterations, 0.04 seconds (0.02 work units)

    Nodes    |    Current Node    |     Objective Bounds      |     Work
 Expl Unexpl |  Obj  Depth IntInf | Incumbent    BestBd   Gap | It/Node Time

     0     0 2168707.76    0  248 7145796.26 2168707.76  69.7%     -    0s
H    0     0                    2598740.7652 2168707.76  16.5%     -    0s
     0     0 2168707.76    0  246 2598740.77 2168707.76  16.5%     -    0s
     0     0 2168707.76    0  246 2598740.77 2168707.76  16.5%     -    0s
     0     0 2168707.76    0  246 2598740.77 2168707.76  16.5%     -    0s
     0     0 2168707.76    0  246 2598740.77 2168707.76  16.5%     -    1s
     0     0 2168707.76    0  246 2598740.77 2168707.76  16.5%     -    1s
     0     2 2168707.76    0  246 2598740.77 2168707.76  16.5%     -    5s
H  129    67                    2588311.3719 2168707.76  16.2%   3.6    7s
H  154    80                    2588311.0702 2168707.76  16.2%   3.4    7s
H  156    81                    2572553.3923 2168707.76  15.7%   3.3    7s
H  184    96                    2550300.3239 2168707.76  15.0%   3.2    7s
H  214   111                    2549580.5005 2168707.76  14.9%   3.0    8s
H  243   126                    2549415.4283 2168707.76  14.9%   2.9    8s
H  351   181                    2546419.7898 2168707.76  14.8%   2.8    9s
H  387   198                    2546418.1317 2168707.76  14.8%   2.7    9s
H  414   214                    2545905.0269 2168707.76  14.8%   2.7    9s
   424   225 2236125.79  101  245 2545905.03 2168707.76  14.8%   2.7   10s
H  673   350                    2538369.5644 2168707.76  14.6%   4.0   12s
H  800   403                    2538344.3790 2168707.76  14.6%   4.8   13s
   938   526 2236125.79  220  245 2538344.38 2168707.76  14.6%   5.8   15s
H  955   526                    2496972.7442 2168707.76  13.1%   6.0   15s
H  997   555                    2489213.8255 2168707.76  12.9%   6.5   15s
H 1459  1032                    2435955.8485 2168707.76  11.0%   7.1   18s
  1676  1171 2300616.89  584  208 2435955.85 2168707.76  11.0%   6.6   20s
H 1847  1216                    2435831.7684 2168707.76  11.0%   6.1   21s
H 1868  1215                    2358850.3954 2168707.76  8.06%   6.0   21s
H 2176  1408                    2357913.6229 2168707.76  8.02%   5.4   24s
  2312  1509 2300699.06  891  208 2357913.62 2168707.76  8.02%   5.2   25s
H 2759  1860                    2356630.3509 2168707.76  7.97%   5.4   28s
  3086  2107 2300699.09 1285  208 2356630.35 2168707.76  7.97%   5.1   30s
  3680  2458 2187918.55  126    2 2356630.35 2168707.76  7.97%   4.6   35s
  3718  2478 2168707.76   18  246 2356630.35 2168707.76  7.97%   4.7   40s
H 3808  2373                    2356614.8977 2168707.76  7.97%   4.7   44s
  3821  2384 2173006.30   43  247 2356614.90 2168707.76  7.97%   4.7   45s
H 3865  2278                    2356614.8928 2168707.76  7.97%   4.7   47s
H 3869  2166                    2356614.8885 2168707.76  7.97%   4.7   47s
  3915  2183 2179782.47   66  247 2356614.89 2168707.76  7.97%   4.7   50s
  3978  2213 2193827.36   82  249 2356614.89 2168707.76  7.97%   4.8   55s
  4079  2238 2173495.63  105  255 2356614.89 2168707.76  7.97%   5.2   60s
  4149  2272 2186299.35  126  258 2356614.89 2168707.76  7.97%   5.8   65s
  4224  2325 infeasible  145      2356614.89 2168707.76  7.97%   6.4   70s
  4349  2412 2191626.80  176  253 2356614.89 2168707.76  7.97%   7.1   75s
H 4462  2372                    2352773.2067 2168707.76  7.82%   7.9   79s
  4511  2435 2204184.60  221  263 2352773.21 2168707.76  7.82%   8.1   81s
  4730  2451     cutoff  276      2352773.21 2168707.76  7.82%   8.0   85s
  4970  2442 2183991.46   28  247 2352773.21 2168707.76  7.82%   7.7   90s
H 4989  2335                    2352590.3992 2168707.76  7.82%   7.7   90s
H 5019  2254                    2350933.7891 2168707.76  7.75%   7.7   92s
H 5114  2204                    2350933.7078 2168707.76  7.75%   7.7   97s
  5228  2237 2186569.86   82  227 2350933.71 2168707.76  7.75%   7.7  101s
  5302  2281 2199113.18  105  256 2350933.71 2168707.76  7.75%   7.9  105s
  5408  2385 2206798.01  144  256 2350933.71 2168707.76  7.75%   8.2  110s
  5584  2504 2208795.29  200  254 2350933.71 2168707.76  7.75%   9.5  116s
H 5727  2454                    2340229.6004 2168707.76  7.33%  10.3  119s
  5819  2491 2211872.62  265  256 2340229.60 2168707.76  7.33%  11.5  122s
  5901  2613 2215290.63  289  261 2340229.60 2168707.76  7.33%  13.6  125s
  6093  2832 2250979.90  349  265 2340229.60 2168707.76  7.33%  14.5  130s
  7063  2979 infeasible  603      2340229.60 2168707.76  7.33%  14.1  136s
H 7276  2491                    2266345.3633 2168707.76  4.31%  13.9  136s
  7403  2713     cutoff  710      2266345.36 2168707.76  4.31%  14.2  140s
H 7717  2527                    2265271.7351 2168707.76  4.26%  14.2  140s
  7971  2832 2211771.30  210  251 2265271.74 2168707.76  4.26%  15.3  146s
  8298  3115 2229194.23  253  246 2265271.74 2168707.76  4.26%  15.6  151s
H 8614  3111                    2264874.2056 2168707.76  4.25%  15.4  151s
  8712  3387 2205017.70  131  253 2264874.21 2168707.76  4.25%  15.7  156s
  9179  3886 2211052.20  259  247 2264874.21 2168707.76  4.25%  16.5  164s
  9553  4032 2225155.55  361  255 2264874.21 2168707.76  4.25%  16.3  167s
H 9607  3997                    2259428.8515 2168707.76  4.02%  16.5  167s
  9756  4076 2228299.91  409  250 2259428.85 2168707.76  4.02%  16.5  171s
H 9801  4042                    2255590.2073 2168707.76  3.85%  16.6  171s
H10107  3926                    2241650.0518 2168707.76  3.25%  16.8  171s
 10108  4219 infeasible  514      2241650.05 2168707.76  3.25%  16.8  176s
 10966  4570 2189000.12  165  255 2241650.05 2168707.76  3.25%  16.4  183s
H11345  4527                    2238911.1118 2168707.76  3.14%  16.4  183s
 11423  4832 infeasible  120      2238911.11 2168707.76  3.14%  16.3  185s
 12312  5498 2202855.21  204  256 2238911.11 2168707.76  3.14%  15.8  190s
 13125  5903 2220665.83  297  259 2238911.11 2168707.76  3.14%  15.3  196s
 13609  6210 2228091.25  364  251 2238911.11 2168707.76  3.14%  15.5  200s
H13901  6509                    2238911.0530 2168707.76  3.14%  16.0  204s
 14088  6705 2231215.90  422  244 2238911.05 2168707.76  3.14%  16.1  208s
 14473  6847 2233875.32  513  241 2238911.05 2168707.76  3.14%  15.9  210s
 14902  6942 2237017.12  602  242 2238911.05 2168707.76  3.14%  16.1  217s
 15085  7040 2237441.58  635  236 2238911.05 2168707.76  3.14%  16.0  220s
H15210  5920                    2235492.0651 2168707.76  2.99%  16.0  220s
H15307  5729                    2232407.3081 2168707.76  2.85%  16.0  220s
H15404  5713                    2231942.7697 2168707.76  2.83%  15.9  220s
 15864  6077 2186239.84  133  258 2231942.77 2168707.76  2.83%  15.6  227s
H15969  6014                    2231747.9931 2168707.76  2.82%  15.8  227s
 16227  6281 2194253.47  202  257 2231747.99 2168707.76  2.82%  16.0  231s
H16318  6262                    2231721.2255 2168707.76  2.82%  16.1  231s
 16550  6620 2206748.34  281  252 2231721.23 2168707.76  2.82%  16.4  235s
 17077  7083 2218483.52  372  249 2231721.23 2168707.76  2.82%  16.2  240s
 17468  7421 2217334.68  100  251 2231721.23 2171230.16  2.71%  16.4  246s
 17833  7636 2205441.11  203  259 2231721.23 2171230.16  2.71%  16.8  251s
H17898  7628                    2231708.5504 2171230.16  2.71%  16.9  251s
 18263  7953 2210437.70  272  252 2231708.55 2171230.16  2.71%  17.0  257s
H18435  7919                    2231662.1215 2171230.16  2.71%  16.9  257s
H18517  8133                    2231659.4096 2171230.16  2.71%  17.0  260s
H18829  8235                    2231632.9515 2171230.16  2.71%  17.0  262s
H18954  8302                    2231593.4827 2171230.16  2.70%  17.2  264s
 19010  8389 2222219.85  419  247 2231593.48 2171230.16  2.70%  17.3  266s
 19532  8589 2200329.41  148  255 2231593.48 2171230.16  2.70%  17.2  271s
 19866  8886 2211870.15  217  254 2231593.48 2171230.16  2.70%  17.6  276s
 20075  9331 2216760.49  263  252 2231593.48 2171230.16  2.70%  17.7  283s
 20540  9553 2219234.21  287  249 2231593.48 2171230.16  2.70%  17.4  285s
H20625  9525                    2231387.4688 2171230.16  2.70%  17.4  285s
 21128  9931 2224806.30  363  249 2231387.47 2171230.16  2.70%  17.6  291s
H21173  9931                    2231375.7119 2171230.16  2.70%  17.7  291s
 21355 10160 2227504.85  413  247 2231375.71 2171230.16  2.70%  17.9  297s
 21694 10407     cutoff  495      2231375.71 2171230.16  2.70%  17.8  301s
 22413 10832 2188742.60  143  252 2231375.71 2171230.16  2.70%  17.7  306s
 22837 11165 2204162.43  243  218 2231375.71 2171230.16  2.70%  17.8  311s
 23133 11499 2209771.06  292  253 2231375.71 2171230.16  2.70%  18.0  316s
 23651 11811 2218029.67   85  252 2231375.71 2171230.16  2.70%  18.0  322s
 23899 11951 infeasible  159      2231375.71 2171230.16  2.70%  18.0  325s
 24423 12283 infeasible  171      2231375.71 2171230.16  2.70%  17.9  331s
 25121 12734 2200497.07  167  252 2231375.71 2171230.16  2.70%  17.7  336s
 25419 12903 2214564.93  242  254 2231375.71 2171230.16  2.70%  17.7  341s
 25818 13298 2217526.34  294  252 2231375.71 2171230.16  2.70%  17.7  346s
H26218 13594                    2231375.5906 2171230.16  2.70%  17.7  350s
 26556 13774 2228955.65  424  237 2231375.59 2171230.16  2.70%  17.8  356s
H26725 13765                    2231345.0555 2171230.16  2.69%  17.7  356s
 26826 13906 2230795.95  507  248 2231345.06 2171230.16  2.69%  17.8  360s
 27572 14426 2195608.82   84  251 2231345.06 2171230.16  2.69%  17.5  366s
 27966 14620 2217893.56   93  231 2231345.06 2171230.16  2.69%  17.3  370s
 28658 15017 2226947.07  156  248 2231345.06 2171230.16  2.69%  17.1  377s
 28908 15257 2230909.72  190  244 2231345.06 2171230.16  2.69%  17.1  380s
H29416 15668                    2231232.9584 2171230.16  2.69%  17.1  387s
H29878 15956                    2231129.9515 2171230.16  2.68%  17.1  392s
H30020 16110                    2231078.4481 2171230.16  2.68%  17.1  394s
 30199 16250 2223056.56  329  253 2231078.45 2171230.16  2.68%  17.2  396s
H30490 16341                    2230975.4411 2171230.16  2.68%  17.1  399s
 30563 16469 2229461.72  116  257 2230975.44 2171230.16  2.68%  17.2  403s
H30896 16580                    2230923.9377 2171230.16  2.68%  17.1  405s
H31170 16652                    2230666.4204 2171230.16  2.66%  17.0  408s
H31419 15923                    2228161.7456 2171230.16  2.56%  17.0  408s
 31484 16023 2217785.83   89  232 2228161.75 2171230.16  2.56%  17.0  411s
 31836 16199 2227164.18  152  227 2228161.75 2171230.16  2.56%  17.1  415s
H32286 15743                    2226436.7589 2171230.16  2.48%  17.3  419s
 32364 15901 2221407.35  237  246 2226436.76 2171230.16  2.48%  17.2  422s
H32495 12973                    2222118.3743 2171230.16  2.29%  17.2  422s
H32588 13000                    2222100.8483 2171230.16  2.29%  17.3  425s
 33301 13440 infeasible  134      2222100.85 2171230.16  2.29%  17.1  431s
 33871 13772 2219452.58  108  231 2222100.85 2171230.16  2.29%  17.0  435s
 34366 14167 2190543.88  101  247 2222100.85 2171230.16  2.29%  17.0  441s
 34909 14534 2203196.13  197  249 2222100.85 2171230.16  2.29%  16.9  445s
 35516 14865 infeasible   73      2222100.85 2171230.16  2.29%  16.9  454s
 35606 15041 2218962.69  113  254 2222100.85 2171230.16  2.29%  16.9  457s
 35985 15241 2193208.94  122  227 2222100.85 2171230.16  2.29%  17.0  461s
 36395 15568 2211445.51  240  244 2222100.85 2171230.16  2.29%  17.0  466s
 36829 15824 2219339.02  292  245 2222100.85 2171230.16  2.29%  17.0  471s
 37473 16175 2220790.24  114  256 2222100.85 2171230.16  2.29%  16.8  476s
 38057 16510 2201515.46  145  249 2222100.85 2171230.16  2.29%  16.7  481s
 38571 16812     cutoff  236      2222100.85 2171230.16  2.29%  16.8  487s
 38780 16971 2190552.83  104  223 2222100.85 2171231.43  2.29%  16.8  490s
 39466 17254 2186586.85   21  247 2222100.85 2171231.43  2.29%  16.6  497s
 40201 17657 2190344.94   97  251 2222100.85 2171231.43  2.29%  16.5  501s
 40583 18001 2215730.42  199  246 2222100.85 2171231.43  2.29%  16.6  505s
 40697 18072 2219282.10  218  216 2222100.85 2171231.43  2.29%  16.6  511s
 40993 18257 2193954.46  118  248 2222100.85 2171231.43  2.29%  16.7  515s
 41438 18571 2210833.18   46  252 2222100.85 2171231.43  2.29%  16.6  521s
 41685 18735 2178748.82   47  249 2222100.85 2171231.43  2.29%  16.6  525s
 42419 19163 2197546.72  160  250 2222100.85 2171231.43  2.29%  16.5  531s
 42738 19479 2207798.92  246  252 2222100.85 2171231.43  2.29%  16.7  537s
 43052 19692 2210774.24  282  251 2222100.85 2171231.43  2.29%  16.6  540s
 43896 20192 2219804.43  363  245 2222100.85 2171231.43  2.29%  16.5  546s
 44431 20534 2206118.40  204  250 2222100.85 2171231.43  2.29%  16.5  551s
 44901 20928 2218201.38  311  253 2222100.85 2171231.43  2.29%  16.6  557s
 45462 21059 2212298.00   49  247 2222100.85 2171231.43  2.29%  16.5  561s
 45586 21225 2219485.61   66  241 2222100.85 2171231.43  2.29%  16.4  566s
 46202 21547 2219956.00   70  251 2222100.85 2171231.43  2.29%  16.3  571s
 46717 21782 2220160.82  117  248 2222100.85 2171231.43  2.29%  16.2  575s
 47285 22279 2195438.05  180  254 2222100.85 2171677.93  2.27%  16.3  580s
 47594 22478 2202442.78  229  231 2222100.85 2171677.93  2.27%  16.4  586s
 48061 22814 2205468.15  260  251 2222100.85 2171677.93  2.27%  16.5  592s
 48523 22998 2214073.82  294  250 2222100.85 2171677.93  2.27%  16.4  595s
 49273 23551 2194150.47  172  251 2222100.85 2171677.93  2.27%  16.4  601s
 49685 23908 2208472.48  269  251 2222100.85 2171677.93  2.27%  16.6  607s
 50028 24140 infeasible  319      2222100.85 2171677.93  2.27%  16.6  611s
 50425 24404 2190826.60  144  253 2222100.85 2171677.93  2.27%  16.7  616s
 50906 24797 2201170.41  220  221 2222100.85 2171677.93  2.27%  16.7  622s
 51494 25111 2211598.02  318  255 2222100.85 2171677.93  2.27%  16.6  627s
 51980 25418 2218874.58  407  257 2222100.85 2171677.93  2.27%  16.6  631s
 52470 25875 2214339.82  116  247 2222100.85 2171677.93  2.27%  16.6  637s
 53173 26245 2215020.10  121  240 2222100.85 2171677.93  2.27%  16.5  641s
 53892 26592 2220262.72  138  238 2222100.85 2171677.93  2.27%  16.4  647s
 54268 26770 2219269.21  130  256 2222100.85 2171677.93  2.27%  16.3  650s
 55376 27421 2189515.15  138  256 2222100.85 2171677.93  2.27%  16.1  656s
 55765 27679 2202972.83  228  222 2222100.85 2171677.93  2.27%  16.2  660s
 56268 28069 2216530.63  346  259 2222100.85 2171677.93  2.27%  16.2  666s
 56599 28283 infeasible  402      2222100.85 2171677.93  2.27%  16.3  671s
 56986 28482 2221097.07  534  253 2222100.85 2171677.93  2.27%  16.3  676s
 57463 28727 2214326.14  103  252 2222100.85 2171677.93  2.27%  16.3  680s
 57927 29008 2219511.08  110  227 2222100.85 2171677.93  2.27%  16.3  686s
 58612 29347 2221132.42  124  236 2222100.85 2171677.93  2.27%  16.2  692s
 59221 29656 2192185.03  114  249 2222100.85 2171677.93  2.27%  16.2  696s
 59753 30145 2213137.93  228  251 2222100.85 2171677.93  2.27%  16.2  702s
 60137 30375 2218226.93  287  252 2222100.85 2171677.93  2.27%  16.2  706s
 60554 30642     cutoff  126      2222100.85 2171677.93  2.27%  16.2  711s
 61181 31056 2213499.93   69  251 2222100.85 2171677.93  2.27%  16.1  716s
 61939 31498 2207053.27  196  248 2222100.85 2171677.93  2.27%  16.1  722s
 62207 31641 2212937.74  237  250 2222100.85 2171677.93  2.27%  16.1  725s
 62810 31997 2220522.77  324  250 2222100.85 2171677.93  2.27%  16.1  731s
 63200 32291 2211961.07   85  250 2222100.85 2171677.93  2.27%  16.1  735s
 63670 32538 infeasible   69      2222100.85 2171694.96  2.27%  16.1  740s
 64178 32942 2190303.40  140  258 2222100.85 2171694.96  2.27%  16.1  746s
 64721 33355 2203472.59  242  224 2222100.85 2171694.96  2.27%  16.2  750s
 65198 33675 2212807.93  327  253 2222100.85 2171694.96  2.27%  16.2  758s
 65595 33819 2217040.96  362  254 2222100.85 2171694.96  2.27%  16.2  761s
 66341 34090 2221006.63  439  253 2222100.85 2171694.96  2.27%  16.1  765s
 66926 34448 2219482.65   77  249 2222100.85 2171694.96  2.27%  16.0  771s
 67429 34696 2189032.63  117  261 2222100.85 2171752.56  2.27%  16.0  776s
 68057 35077 2195953.09  187  250 2222100.85 2171752.56  2.27%  16.0  781s
 68451 35420 2205376.67  269  253 2222100.85 2171752.56  2.27%  16.2  786s
 68926 35793 2217585.51  383  261 2222100.85 2171752.56  2.27%  16.2  791s
 69380 36009 2218017.56  415  262 2222100.85 2171752.56  2.27%  16.2  795s
 70042 36404 2221659.13  540  254 2222100.85 2171752.56  2.27%  16.2  801s
 70616 36853 2198689.52  146  252 2222100.85 2171752.56  2.27%  16.2  806s
 70961 37079 2206868.70  204  252 2222100.85 2171752.56  2.27%  16.2  810s
 71305 37319 2221825.67  295  253 2222100.85 2171752.56  2.27%  16.2  816s
 71919 37623 infeasible   82      2222100.85 2171752.56  2.27%  16.2  821s
 72411 37972 2191935.82  150  247 2222100.85 2171752.56  2.27%  16.1  826s
 73358 38324 2202747.74  216  224 2222100.85 2171752.56  2.27%  16.0  831s
 73882 38505 2204001.40  231  222 2222100.85 2171752.56  2.27%  16.0  835s
 74375 38853 2211372.81  304  253 2222100.85 2171752.56  2.27%  16.0  840s
 74741 39211 2195843.14  114  252 2222100.85 2171752.56  2.27%  16.1  845s
 75152 39499 2214857.55  210  252 2222100.85 2171752.56  2.27%  16.1  850s
 75950 39870 infeasible  121      2222100.85 2171752.56  2.27%  16.1  856s
 76522 40241 2210950.00   32  247 2222100.85 2171752.56  2.27%  16.0  861s
 77041 40486 2186818.61  120  258 2222100.85 2171752.56  2.27%  16.0  865s
 77609 40878 2199157.47  212  258 2222100.85 2171752.56  2.27%  16.0  870s
 78200 41355 2208493.54  305  254 2222100.85 2171752.56  2.27%  16.0  876s
 78584 41592 2216227.20  367  256 2222100.85 2171752.56  2.27%  16.0  881s
 79135 41895 2219982.41  420  249 2222100.85 2171752.56  2.27%  16.1  886s
 79370 42042 2221084.77  447  247 2222100.85 2171752.56  2.27%  16.1  890s
 79871 42368 2187206.67  112  258 2222100.85 2171752.56  2.27%  16.1  895s
 80349 42719 2202082.00  209  247 2222100.85 2171752.56  2.27%  16.2  900s
 81034 43097 2212206.93  292  243 2222100.85 2171752.56  2.27%  16.1  906s
 81756 43492 2190799.93   87  249 2222100.85 2171752.56  2.27%  16.1  911s
 82170 43743 2207995.88  168  253 2222100.85 2171752.56  2.27%  16.2  915s
 82658 44151 2193432.89  120  230 2222100.85 2171752.56  2.27%  16.2  920s
 83005 44356 2217886.56  223  250 2222100.85 2171752.56  2.27%  16.2  925s
 83707 44701 2221292.06  121  256 2222100.85 2171752.56  2.27%  16.2  932s
 83999 44850 infeasible   45      2222100.85 2171752.56  2.27%  16.1  935s
 84526 44984 infeasible  102      2222100.85 2171752.56  2.27%  16.1  941s
 84947 45359 2190483.38   80  232 2222100.85 2171752.56  2.27%  16.1  946s
 85306 45664 2192862.42  151  252 2222100.85 2171752.56  2.27%  16.1  950s
 85904 46079 2213979.30   95  248 2222100.85 2172260.02  2.24%  16.1  956s
 86441 46372 2220155.14  109  250 2222100.85 2172260.02  2.24%  16.1  960s
 87096 46783 2221691.95  140  249 2222100.85 2172260.02  2.24%  16.1  965s
 87450 47038 2189768.55   74  246 2222100.85 2172260.02  2.24%  16.1  970s
 88006 47505 2207557.76  198  256 2222100.85 2172260.02  2.24%  16.1  977s
 88430 47854 2214055.05  265  262 2222100.85 2172260.02  2.24%  16.1  981s
 88815 48159 2220674.37  325  255 2222100.85 2172260.02  2.24%  16.2  985s
 89335 48458 2202957.56   90  248 2222100.85 2172260.02  2.24%  16.1  990s
 89911 48732 2214906.65   70  251 2222100.85 2172260.02  2.24%  16.1  995s
 90609 49263 2205944.76  168  251 2222100.85 2172260.02  2.24%  16.1 1000s
 91164 49593 2221241.29  285  250 2222100.85 2172260.02  2.24%  16.1 1005s
 91574 49921 2221271.63  103  254 2222100.85 2172260.02  2.24%  16.1 1011s
 92035 50188 2222020.41  142  252 2222100.85 2172260.02  2.24%  16.1 1016s
 92547 50455 2199334.02  133  254 2222100.85 2172260.02  2.24%  16.1 1020s
H92919 50242                    2221859.3893 2172260.02  2.23%  16.2 1022s
 92992 50343 2214105.36  224  251 2221859.39 2172260.02  2.23%  16.1 1025s
 93658 50631 2221157.76  281  249 2221859.39 2172260.02  2.23%  16.1 1030s
 95333 50995 infeasible   67      2221859.39 2172260.02  2.23%  15.9 1039s
 95440 51070 2219449.11  119  250 2221859.39 2172260.02  2.23%  15.9 1041s
 95865 51331 2219850.69   90  232 2221859.39 2172260.02  2.23%  15.9 1046s
 96446 51725     cutoff  100      2221859.39 2172260.02  2.23%  15.8 1050s
 97060 52251 2214104.57  222  247 2221859.39 2172260.02  2.23%  15.9 1056s
 97497 52517 2220604.13  284  247 2221859.39 2172260.02  2.23%  15.8 1061s
 97883 52813 2219408.77  120  240 2221859.39 2172260.02  2.23%  15.8 1065s
 98625 53193 2199863.68  191  247 2221859.39 2172260.02  2.23%  15.9 1071s
 98966 53432 2206545.65  233  253 2221859.39 2172260.02  2.23%  15.9 1075s
 99571 53691 2216193.95  338  254 2221859.39 2172260.02  2.23%  15.9 1080s
 99912 53959 2219048.46  383  260 2221859.39 2172260.02  2.23%  15.9 1086s
 100560 54333 infeasible  149      2221859.39 2172260.02  2.23%  15.9 1091s
 101004 54626 infeasible  110      2221859.39 2172260.02  2.23%  15.9 1095s
 101399 54836 2214066.56   97  232 2221859.39 2172260.02  2.23%  15.9 1100s
 102016 55215 2199486.56  170  235 2221859.39 2172260.02  2.23%  15.9 1105s
 102388 55558 2207710.25  248  254 2221859.39 2172260.02  2.23%  16.0 1110s
 103101 55960 2218876.82  345  250 2221859.39 2172260.02  2.23%  15.9 1116s
 103512 56282 2213165.00   82  245 2221859.39 2172260.02  2.23%  15.9 1120s
 103990 56611 infeasible   99      2221859.39 2172260.02  2.23%  15.9 1125s
 104738 57149 2210353.10  198  251 2221859.39 2172260.02  2.23%  15.9 1130s
 105120 57520 2219363.57  291  252 2221859.39 2172260.02  2.23%  16.0 1136s
 105521 57681 2214854.86  104  229 2221859.39 2172260.02  2.23%  15.9 1140s
H105585 57681                    2221859.3339 2172260.02  2.23%  15.9 1140s
 105988 58027 infeasible  114      2221859.33 2172260.02  2.23%  16.0 1146s
 106585 58507 2201437.29  204  224 2221859.33 2172260.02  2.23%  16.0 1151s
 106766 58509 2217921.27  106  255 2221859.33 2172260.02  2.23%  16.0 1155s
H106939 58500                    2221859.2844 2172260.02  2.23%  16.0 1157s
 107212 58876 2221589.20  170  253 2221859.28 2172260.02  2.23%  16.0 1161s
 107845 59273 2221761.71  512  248 2221859.28 2172261.50  2.23%  16.0 1165s
 108212 59561 2220999.84  203  252 2221859.28 2172261.50  2.23%  16.0 1171s
 108828 59737 2219438.52  145  250 2221859.28 2172261.50  2.23%  15.9 1176s
 109255 59981 infeasible  174      2221859.28 2172261.50  2.23%  15.9 1180s
 110039 60483 2205840.57  133  252 2221859.28 2172319.73  2.23%  16.0 1186s
 110235 60673 2197685.70  183  247 2221859.28 2172319.73  2.23%  16.0 1190s
 110845 61020 2203760.68  245  249 2221859.28 2172319.73  2.23%  16.0 1195s
 111277 61306 2215944.27  350  258 2221859.28 2172319.73  2.23%  16.0 1200s
 111651 61640 2219747.69  441  251 2221859.28 2172319.73  2.23%  16.1 1207s
 111905 61765 2220559.72  480  248 2221859.28 2172319.73  2.23%  16.1 1210s
 112977 62260 2205926.86   73  231 2221859.28 2172319.73  2.23%  15.9 1215s
 113605 62759 2216297.66  203  250 2221859.28 2172319.73  2.23%  16.0 1222s
 114000 63005 2221210.02  118  245 2221859.28 2172319.73  2.23%  16.0 1225s
 114446 63289 2187799.61   91  257 2221859.28 2172319.73  2.23%  16.0 1230s
 115020 63729 2221138.28   55  244 2221859.28 2172319.73  2.23%  16.0 1236s
 115717 64181 2197526.01  162  254 2221859.28 2172319.73  2.23%  16.0 1240s
 116068 64531 2202588.96  207  239 2221859.28 2172319.73  2.23%  16.0 1245s
 116573 64974 2212135.32  296  257 2221859.28 2172319.73  2.23%  16.1 1250s
 117287 65286 2218239.26  369  252 2221859.28 2172319.73  2.23%  16.1 1256s
 117715 65368 2220888.40  477  248 2221859.28 2172319.73  2.23%  16.1 1260s
 118124 65669 2220160.39   89  249 2221859.28 2172319.73  2.23%  16.1 1265s
 118669 66025     cutoff   86      2221859.28 2172319.73  2.23%  16.0 1270s
 119048 66238 2206042.48  117  251 2221859.28 2172319.73  2.23%  16.0 1277s
 119156 66412 2210323.28  145  251 2221859.28 2172319.73  2.23%  16.1 1280s
 119755 66816 2174188.54   68  250 2221859.28 2172319.73  2.23%  16.0 1285s
 120263 67183 2199283.52  183  254 2221859.28 2172319.73  2.23%  16.1 1290s
 120563 67503 2211239.29  287  253 2221859.28 2172319.73  2.23%  16.1 1295s
 121021 67873 2219653.33  388  256 2221859.28 2172319.73  2.23%  16.1 1300s
 121380 68106 2217636.04   96  254 2221859.28 2172319.73  2.23%  16.2 1305s
H121461 68106                    2221858.6414 2172319.73  2.23%  16.2 1305s
 121965 68644 2211032.19   82  257 2221858.64 2172319.73  2.23%  16.2 1312s
 122515 68949 2204988.05  126  253 2221858.64 2172622.02  2.22%  16.2 1316s
 122807 69215 2213584.45  192  254 2221858.64 2172622.02  2.22%  16.2 1320s
 123136 69565 2208210.91  124  255 2221858.64 2172633.82  2.22%  16.2 1325s
 123782 69973 2218408.60  213  257 2221858.64 2172693.00  2.21%  16.2 1331s
 124068 70157 2210736.97  119  249 2221858.64 2172703.30  2.21%  16.2 1335s
 124537 70477 2210116.54  136  253 2221858.64 2172945.93  2.20%  16.3 1340s
 124822 70789 infeasible  199      2221858.64 2172961.52  2.20%  16.3 1345s
 125319 71120 2191742.71   78  250 2221858.64 2172961.52  2.20%  16.3 1350s
 125738 71430 infeasible  165      2221858.64 2172961.52  2.20%  16.3 1355s
 126327 71859 2191542.41   80  250 2221858.64 2172961.52  2.20%  16.3 1361s
 126802 72236 2211805.22  178  254 2221858.64 2172961.52  2.20%  16.3 1366s
 127378 72628 infeasible  100      2221858.64 2172961.52  2.20%  16.3 1371s
 128042 73064 2211919.16  187  250 2221858.64 2172961.52  2.20%  16.3 1377s
 128592 73409 2217815.39   88  254 2221858.64 2172961.52  2.20%  16.3 1382s
 129078 73879 2200124.87  193  235 2221858.64 2172961.52  2.20%  16.3 1387s
 129564 74255 2210541.95  269  248 2221858.64 2172961.52  2.20%  16.3 1391s
 130005 74551 2218477.90  334  249 2221858.64 2172961.52  2.20%  16.3 1397s
 130649 74885 2217687.55   99  250 2221858.64 2172961.52  2.20%  16.3 1403s
 131006 75089 2191369.28   76  246 2221858.64 2172961.52  2.20%  16.3 1405s
 131213 75154 2199364.81  131  252 2221858.64 2172961.52  2.20%  16.3 1410s
 131600 75687 2212532.96  231  250 2221858.64 2172961.52  2.20%  16.4 1416s
 132081 76063 2220370.56  297  252 2221858.64 2172961.52  2.20%  16.4 1422s
 132339 76221 2218190.07   73  251 2221858.64 2172961.52  2.20%  16.4 1425s
 132855 76589 2209708.77  137  249 2221858.64 2172961.52  2.20%  16.4 1430s
 133370 76906 2191523.79   73  240 2221858.64 2172961.52  2.20%  16.4 1435s
 133890 77278 2208720.96  131  257 2221858.64 2172961.52  2.20%  16.4 1440s
 134189 77519 2219465.30  199  252 2221858.64 2172961.52  2.20%  16.4 1445s
 134652 77848 2218048.07   62  251 2221858.64 2172961.52  2.20%  16.4 1450s
 135357 78338 2213820.58  171  254 2221858.64 2172961.52  2.20%  16.4 1456s
 135736 78680 2221142.02   89  259 2221858.64 2172961.52  2.20%  16.4 1462s
 136196 78920 2220262.72   94  255 2221858.64 2172961.52  2.20%  16.4 1466s
 136653 79241 2200386.33  101  256 2221858.64 2172982.54  2.20%  16.4 1471s
 137229 79581 2219505.86   84  249 2221858.64 2172982.54  2.20%  16.4 1475s
 137727 79981 2219755.08  212  254 2221858.64 2172982.54  2.20%  16.5 1481s
 138118 80253 2193326.41  136  252 2221858.64 2172982.54  2.20%  16.5 1485s
 138518 80551 2203404.47  208  234 2221858.64 2172982.54  2.20%  16.5 1490s
 139139 80959 2213135.60  299  246 2221858.64 2172982.54  2.20%  16.5 1497s
 139601 81285 2220726.25   61  247 2221858.64 2172982.54  2.20%  16.5 1502s
 140072 81562 2191214.77   94  258 2221858.64 2173006.30  2.20%  16.6 1506s
 140469 81916 2204163.08  197  241 2221858.64 2173006.30  2.20%  16.6 1510s
 140761 82187 2208875.62  255  253 2221858.64 2173006.30  2.20%  16.6 1515s
 141389 82589 2219851.41  104  251 2221858.64 2173006.30  2.20%  16.6 1521s
 142023 82925 2210168.04  182  246 2221858.64 2173006.30  2.20%  16.6 1526s
 142456 83281 2219667.74  274  256 2221858.64 2173006.30  2.20%  16.6 1532s
 143023 83802 2200864.17  150  251 2221858.64 2173006.30  2.20%  16.6 1537s
 143284 84013 2210489.73  227  257 2221858.64 2173006.30  2.20%  16.6 1540s
 143533 84084 2213163.41  267  248 2221858.64 2173006.30  2.20%  16.6 1545s
 143984 84442 2220163.52  333  244 2221858.64 2173006.30  2.20%  16.6 1551s
 144531 84756 2221301.60   85  259 2221858.64 2173006.30  2.20%  16.6 1556s
 145114 85182 2196107.60  112  250 2221858.64 2173006.30  2.20%  16.6 1561s
 145559 85639 2209653.01  220  250 2221858.64 2173006.30  2.20%  16.6 1565s
 146063 85999 2218386.00  317  252 2221858.64 2173006.30  2.20%  16.6 1570s
 146671 86402 2219850.69  110  251 2221858.64 2173006.30  2.20%  16.6 1577s
 147215 86797 2213566.63  132  262 2221858.64 2173006.30  2.20%  16.6 1582s
 147481 86931 2217533.04  172  258 2221858.64 2173006.30  2.20%  16.6 1585s
 148051 87396 2218563.11  191  256 2221858.64 2173006.30  2.20%  16.7 1592s
 148371 87553 2194027.36   91  252 2221858.64 2173006.30  2.20%  16.7 1595s
 148900 87964 2214710.13  212  254 2221858.64 2173006.30  2.20%  16.7 1600s
 149441 88400 2214597.34   67  244 2221858.64 2173006.30  2.20%  16.7 1606s
 149959 88719 infeasible  107      2221858.64 2173006.30  2.20%  16.6 1611s
 150439 89101 2211919.16  156  255 2221858.64 2173006.30  2.20%  16.7 1615s
 150776 89402 infeasible  233      2221858.64 2173006.30  2.20%  16.7 1620s
 151354 89733 2208816.44  124  262 2221858.64 2173006.30  2.20%  16.7 1626s
 151760 90039 2204511.47  112  254 2221858.64 2173006.30  2.20%  16.7 1631s
 152264 90395 2208451.43  163  250 2221858.64 2173006.30  2.20%  16.7 1636s
 152749 90690 2215755.04  230  255 2221858.64 2173006.30  2.20%  16.7 1641s
 153151 91012 2190905.75  114  253 2221858.64 2173006.30  2.20%  16.7 1645s
 153502 91317 2201015.90  193  242 2221858.64 2173006.30  2.20%  16.8 1650s
 154023 91567 infeasible   69      2221858.64 2173034.05  2.20%  16.8 1655s
 154579 91912 2215301.48   86  258 2221858.64 2173125.70  2.19%  16.7 1661s
 154900 91914 2217034.07   88  255 2221858.64 2173125.70  2.19%  16.7 1665s
 155124 92345 2215362.39  148  253 2221858.64 2173125.70  2.19%  16.7 1670s
 155876 92928 infeasible  117      2221858.64 2173125.70  2.19%  16.7 1677s
 156331 93176 2207541.37  177  250 2221858.64 2173125.70  2.19%  16.8 1681s
 156791 93591 2216533.23  245  252 2221858.64 2173125.70  2.19%  16.8 1686s
 157205 93894 2220520.94  117  248 2221858.64 2173125.70  2.19%  16.8 1691s
 157678 94300 2191201.30   65  244 2221858.64 2173125.70  2.19%  16.8 1696s
 158119 94586 2199326.45  171  251 2221858.64 2173125.70  2.19%  16.8 1700s
 158555 94909 2205217.37  237  252 2221858.64 2173125.70  2.19%  16.8 1705s
 159057 95276 2221421.71  315  239 2221858.64 2173125.70  2.19%  16.8 1710s
 159623 95694 2197770.21  182  255 2221858.64 2173125.70  2.19%  16.8 1715s
 160059 96068 2207990.56  275  252 2221858.64 2173125.70  2.19%  16.9 1720s
 160688 96497 2218126.83  399  258 2221858.64 2173125.70  2.19%  16.9 1726s
 161114 96854 2219342.87  100  253 2221858.64 2173125.70  2.19%  16.9 1732s
 161571 97223 2208468.43  151  252 2221858.64 2173125.70  2.19%  16.9 1737s
 162055 97456 2214442.83  163  251 2221858.64 2173125.70  2.19%  16.9 1741s
 162392 97678 2219013.24   64  248 2221858.64 2173200.33  2.19%  16.9 1745s
 162852 97992 2213269.55   54  251 2221858.64 2173200.33  2.19%  16.9 1750s
 163339 98375 2206922.79  164  254 2221858.64 2173200.33  2.19%  16.9 1755s
 163782 98683 2216442.89  273  254 2221858.64 2173200.33  2.19%  16.9 1761s
 163882 98825 2219594.16  300  252 2221858.64 2173200.33  2.19%  16.9 1766s
 164290 99133 2219710.40   82  256 2221858.64 2173200.33  2.19%  17.0 1771s
 164726 99593 2204835.62  185  249 2221858.64 2173200.33  2.19%  17.0 1776s
 165373 99936 2213025.54  274  253 2221858.64 2173200.33  2.19%  16.9 1781s
 165784 100256 2219580.74  349  248 2221858.64 2173200.33  2.19%  17.0 1785s
 166112 100451     cutoff  366      2221858.64 2173200.33  2.19%  17.0 1790s
 166405 100623     cutoff  378      2221858.64 2173200.33  2.19%  17.0 1797s
 166763 100831 2220571.74  387  248 2221858.64 2173200.33  2.19%  17.1 1801s
 167026 101035 2220212.26  393  251 2221858.64 2173200.33  2.19%  17.1 1806s
 167351 101226 2220549.42  406  250 2221858.64 2173200.33  2.19%  17.2 1812s
 167544 101329     cutoff  413      2221858.64 2173200.33  2.19%  17.2 1815s
 167995 101572 2220214.38  423  251 2221858.64 2173200.33  2.19%  17.2 1820s
 168317 101800 2220571.74  438  248 2221858.64 2173200.33  2.19%  17.3 1825s
 168612 101994     cutoff  449      2221858.64 2173200.33  2.19%  17.3 1830s
 168899 102167     cutoff  461      2221858.64 2173200.33  2.19%  17.4 1835s
 169312 102312 2220547.47  470  251 2221858.64 2173200.33  2.19%  17.4 1841s
 169644 102470 2220547.47  482  251 2221858.64 2173200.33  2.19%  17.4 1845s
 170153 102901 2212383.60  153  255 2221858.64 2173200.33  2.19%  17.4 1851s
 170620 103205 infeasible   89      2221858.64 2173200.33  2.19%  17.4 1857s
 170843 103434 2214389.41   70  249 2221858.64 2173200.33  2.19%  17.5 1860s
 171268 103707 2219704.54  186  260 2221858.64 2173200.33  2.19%  17.5 1865s
 171832 104138 2218162.35   90  257 2221858.64 2173200.33  2.19%  17.5 1872s
 172450 104318 2174687.53   66  252 2221858.64 2173218.40  2.19%  17.4 1878s
 172452 104459 2193460.19   66  256 2221858.64 2173218.40  2.19%  17.4 1880s
 172940 105002 2203194.00  204  244 2221858.64 2173218.40  2.19%  17.5 1887s
 173261 105211 2208399.03  274  252 2221858.64 2173218.40  2.19%  17.5 1890s
 173569 105513     cutoff  339      2221858.64 2173240.62  2.19%  17.5 1896s
 174072 105823 2198785.78  130  216 2221858.64 2173409.48  2.18%  17.6 1901s
 174410 106094 2194928.15  143  254 2221858.64 2173409.48  2.18%  17.6 1906s
 174910 106586 2204193.64  219  243 2221858.64 2173409.48  2.18%  17.6 1912s
 175276 106873 2211569.56  292  252 2221858.64 2173409.48  2.18%  17.6 1917s
 175693 107111 2217884.91  344  247 2221858.64 2173409.48  2.18%  17.6 1922s
 176063 107382 2219979.67  388  252 2221858.64 2173409.48  2.18%  17.6 1927s
 176339 107536 2221228.02  446  249 2221858.64 2173409.69  2.18%  17.6 1930s
 176854 107912 2211713.15  141  253 2221858.64 2173645.80  2.17%  17.6 1935s
 177425 108388 2192615.90  159  259 2221858.64 2173646.39  2.17%  17.7 1942s
 177567 108554 2197039.10  190  222 2221858.64 2173646.39  2.17%  17.7 1945s
 178118 108946 infeasible  124      2221858.64 2173714.31  2.17%  17.7 1950s
 178637 109310 infeasible   90      2221858.64 2173752.57  2.17%  17.7 1957s
 178992 109594 infeasible   89      2221858.64 2173752.57  2.17%  17.7 1960s
 179568 110260 2194446.17  148  258 2221858.64 2173752.57  2.17%  17.7 1965s
 180308 110664 infeasible  406      2221858.64 2173752.57  2.17%  17.7 1971s
 180829 111007 2212129.73  518  258 2221858.64 2173752.57  2.17%  17.7 1977s
 181085 111126 2221268.62  569  257 2221858.64 2173752.57  2.17%  17.7 1981s
 181518 111292     cutoff  637      2221858.64 2173752.57  2.17%  17.7 1988s
 181521 111412     cutoff  638      2221858.64 2173752.57  2.17%  17.7 1990s
 182073 111795 2174197.99   58  250 2221858.64 2173752.57  2.17%  17.7 1995s
 182663 112293 2202724.24  196  254 2221858.64 2173752.57  2.17%  17.7 2001s
 183100 112639 2211652.50  296  251 2221858.64 2173752.57  2.17%  17.7 2006s
 183523 112938 2215330.16   60  249 2221858.64 2173752.57  2.17%  17.7 2013s
 183840 113074 2218705.79   89  253 2221858.64 2173752.57  2.17%  17.7 2016s
 184407 113418 2219386.13   77  255 2221858.64 2173752.57  2.17%  17.7 2021s
 184938 113752 2198171.15  117  252 2221858.64 2173752.57  2.17%  17.7 2026s
 185222 114029 2207985.06  195  258 2221858.64 2173752.57  2.17%  17.7 2031s
 185684 114380 2215313.39  280  252 2221858.64 2173752.57  2.17%  17.7 2037s
 185942 114566 2193293.21   83  246 2221858.64 2173752.57  2.17%  17.7 2040s
 186406 114888 2193944.45  135  257 2221858.64 2173752.57  2.17%  17.8 2046s
 186909 115346 2202025.04  220  247 2221858.64 2173752.57  2.17%  17.8 2050s
 187420 115605 2216336.62  314  244 2221858.64 2173857.05  2.16%  17.8 2055s
 187954 115924 2216447.20   80  252 2221858.64 2173857.05  2.16%  17.8 2061s
 188573 116229 2220364.74  102  244 2221858.64 2173857.05  2.16%  17.7 2067s
 188808 116407 2215833.42   65  255 2221858.64 2173857.05  2.16%  17.7 2070s
 189386 116739 2205687.24  150  246 2221858.64 2173857.05  2.16%  17.7 2075s
 189754 117036 2216165.36  230  253 2221858.64 2173857.05  2.16%  17.7 2080s
 190398 117426 2220418.10   94  245 2221858.64 2173857.05  2.16%  17.7 2086s
 190843 117751 2218667.24  147  255 2221858.64 2173857.05  2.16%  17.7 2092s
 191086 117923 2208220.29   69  254 2221858.64 2173857.05  2.16%  17.7 2095s
 191530 118229 2193120.40   76  247 2221858.64 2173857.05  2.16%  17.7 2100s
 191818 118447 2218673.80  174  255 2221858.64 2173857.05  2.16%  17.7 2105s
 192355 118703 2218926.00   74  256 2221858.64 2173857.05  2.16%  17.7 2110s
 192852 118982 2188309.06   68  261 2221858.64 2173857.05  2.16%  17.7 2117s
 193123 119306 2198096.38  142  248 2221858.64 2173857.05  2.16%  17.7 2120s
 193545 119760 2206467.32  233  255 2221858.64 2173857.05  2.16%  17.8 2126s
 193866 119972 2214679.77  301  249 2221858.64 2173858.10  2.16%  17.8 2130s
 194176 120122 2216298.96   43  256 2221858.64 2173858.10  2.16%  17.8 2135s
 194674 120524 2201851.58  157  254 2221858.64 2173859.09  2.16%  17.9 2140s
 195153 120945 2210525.05  256  257 2221858.64 2173859.09  2.16%  17.9 2146s
 195479 121251 2216201.24  321  255 2221858.64 2173859.09  2.16%  17.9 2150s
 195832 121497 2219265.23  384  258 2221858.64 2173859.09  2.16%  18.0 2155s
 196443 121892 2198351.38   61  249 2221858.64 2173961.53  2.16%  18.0 2161s
 196868 122237 2200648.12  125  253 2221858.64 2173961.53  2.16%  18.0 2165s
 197283 122631 2209185.71  223  255 2221858.64 2173961.53  2.16%  18.0 2171s
 197848 122974 2207541.07   72  254 2221858.64 2173961.53  2.16%  18.0 2176s
 198333 123385 2220004.15   81  259 2221858.64 2173961.53  2.16%  18.0 2181s
 198758 123640 2216296.95  168  255 2221858.64 2173961.53  2.16%  18.0 2186s
 199077 123782 2188745.51   87  259 2221858.64 2173961.53  2.16%  18.0 2191s
 199296 124066 2196400.80  144  256 2221858.64 2173961.53  2.16%  18.1 2195s
 199988 124544 2209072.76  266  257 2221858.64 2173961.53  2.16%  18.1 2201s
 200362 124798 2215318.39  333  255 2221858.64 2173961.53  2.16%  18.1 2205s
 200789 125180 2219025.95  411  252 2221858.64 2173961.53  2.16%  18.1 2211s
 201002 125304 2220170.65  470  256 2221858.64 2173961.53  2.16%  18.1 2215s
 201606 125653 2218533.03   76  248 2221858.64 2173961.53  2.16%  18.1 2220s
 202079 125977 2193583.93  116  254 2221858.64 2173961.53  2.16%  18.1 2225s
 202876 126457 2221601.77   81  254 2221858.64 2173961.53  2.16%  18.1 2232s
 203399 126833 2219446.77   84  254 2221858.64 2174080.93  2.15%  18.1 2237s
 203834 127174 2206107.93  193  259 2221858.64 2174080.93  2.15%  18.1 2241s
 204222 127437 2218254.09  304  259 2221858.64 2174080.93  2.15%  18.1 2246s
 204643 127788 2218993.10  108  256 2221858.64 2174080.93  2.15%  18.2 2252s
 205117 128213 2196056.09  142  250 2221858.64 2174080.93  2.15%  18.2 2256s
 205526 128551 2205892.94  222  253 2221858.64 2174080.93  2.15%  18.2 2261s
 206010 128925 2211404.13  285  245 2221858.64 2174080.93  2.15%  18.2 2265s
 206575 129324 2174158.01   62  250 2221858.64 2174080.93  2.15%  18.2 2270s
 207304 129832 2206861.23  240  257 2221858.64 2174080.93  2.15%  18.2 2276s
 207650 130156 infeasible   77      2221858.64 2174080.93  2.15%  18.3 2281s
 208470 130542 infeasible   39      2221858.64 2174115.62  2.15%  18.2 2286s
 208978 130975 infeasible   99      2221858.64 2174115.62  2.15%  18.2 2291s
 209451 131310 2192454.98  105  258 2221858.64 2174115.62  2.15%  18.3 2295s
 210011 131843 2207074.76  242  256 2221858.64 2174115.62  2.15%  18.3 2301s
 210526 132180 2220103.71  165  250 2221858.64 2174222.85  2.14%  18.3 2307s
 211160 132618 2203143.66  107  258 2221858.64 2174292.11  2.14%  18.3 2313s
 211482 132864 2214387.16  157  257 2221858.64 2174297.78  2.14%  18.3 2316s
 212022 133325 2219181.15   94  243 2221858.64 2174297.78  2.14%  18.3 2321s
 212569 133675 2204928.39  187  250 2221858.64 2174297.78  2.14%  18.3 2325s
 213012 134061 2197516.71  103  256 2221858.64 2174297.78  2.14%  18.3 2330s
 213630 134542 2209279.74  227  252 2221858.64 2174297.78  2.14%  18.4 2335s
 214509 135118     cutoff  404      2221858.64 2174297.78  2.14%  18.4 2342s
 215058 135552 2206772.07  117  257 2221858.64 2174319.74  2.14%  18.4 2347s
 215598 135937 infeasible   73      2221858.64 2174319.74  2.14%  18.4 2352s
 216170 136377 2194951.66  111  255 2221858.64 2174319.74  2.14%  18.4 2357s
 216580 136719 2206459.79  211  257 2221858.64 2174319.74  2.14%  18.4 2362s
 216855 136925 2210905.81  253  247 2221858.64 2174319.74  2.14%  18.4 2365s
 217665 137584 2193223.40  112  255 2221858.64 2174319.74  2.14%  18.4 2371s
 218113 137913 2205302.14  207  245 2221858.64 2174319.74  2.14%  18.5 2376s
 218603 138410 2213560.43  302  254 2221858.64 2174319.74  2.14%  18.5 2382s
 219009 138544 2218397.71  367  251 2221858.64 2174319.74  2.14%  18.5 2385s
 219484 138890 infeasible  474      2221858.64 2174319.74  2.14%  18.5 2392s
 219822 139185 infeasible   62      2221858.64 2174319.74  2.14%  18.5 2395s
 220388 139585 2221550.31  168  250 2221858.64 2174319.74  2.14%  18.5 2400s
 220967 140036 2193329.15  104  259 2221858.64 2174319.74  2.14%  18.5 2406s
 221241 140275 2203282.85  179  252 2221858.64 2174319.74  2.14%  18.5 2410s
 221694 140647 2207797.02  250  252 2221858.64 2174319.74  2.14%  18.5 2415s
 222355 141161 2218333.39  358  246 2221858.64 2174319.74  2.14%  18.6 2422s
 222877 141485 2221197.37  427  244 2221858.64 2174319.74  2.14%  18.6 2426s
 223438 141976 2208108.63   59  251 2221858.64 2174409.29  2.14%  18.6 2431s
 224042 142371 2221443.51   57  252 2221858.64 2174409.29  2.14%  18.6 2438s
 224405 142569 2197207.27   87  258 2221858.64 2174409.29  2.14%  18.6 2440s
 224882 142960 2209727.72  210  250 2221858.64 2174409.29  2.14%  18.6 2446s
 225491 143270 2213825.29   71  257 2221858.64 2174409.29  2.14%  18.6 2451s
 225985 143704 infeasible  142      2221858.64 2174409.29  2.14%  18.6 2456s
 226520 144057 2196622.63  112  252 2221858.64 2174409.29  2.14%  18.6 2461s
 226932 144388 2209450.24  223  250 2221858.64 2174409.29  2.14%  18.6 2466s
 227308 144736 2217023.59  318  256 2221858.64 2174409.29  2.14%  18.6 2470s
 227753 145034 2220648.70  451  248 2221858.64 2174409.29  2.14%  18.7 2475s
 228591 145537 2217770.97   80  252 2221858.64 2174409.29  2.14%  18.6 2481s
 229048 145872 2200742.91  137  254 2221858.64 2174409.29  2.14%  18.7 2485s
 229469 146284 2208980.46  227  255 2221858.64 2174409.29  2.14%  18.7 2490s
 229899 146540 2217765.65  341  255 2221858.64 2174409.29  2.14%  18.7 2495s
 230383 146892 2220623.25  399  238 2221858.64 2174409.29  2.14%  18.7 2501s
 230967 147243 2205223.71  108  257 2221858.64 2174409.29  2.14%  18.7 2505s
 231427 147678     cutoff  235      2221858.64 2174409.29  2.14%  18.7 2512s
 231690 147898 2221238.83   87  257 2221858.64 2174409.29  2.14%  18.7 2515s
 232497 148449 2213824.79  211  252 2221858.64 2174409.29  2.14%  18.7 2521s
 232957 148852 infeasible  287      2221858.64 2174409.29  2.14%  18.7 2525s
 233514 149217 2219896.93   95  253 2221858.64 2174409.29  2.14%  18.7 2530s
 234110 149575 2197278.45   79  258 2221858.64 2174409.29  2.14%  18.7 2535s
 234534 149878 2203384.40  120  257 2221858.64 2174409.29  2.14%  18.8 2540s
 235199 150327 2219216.33  276  254 2221858.64 2174409.29  2.14%  18.8 2546s
 235603 150754 infeasible  124      2221858.64 2174448.48  2.13%  18.8 2551s
 236150 151175 2212256.75   92  256 2221858.64 2174448.48  2.13%  18.8 2555s
 236791 151588 2193332.55  122  251 2221858.64 2174469.00  2.13%  18.8 2560s
 237348 152030 2206768.81  219  256 2221858.64 2174469.00  2.13%  18.8 2565s
 237768 152387 2213238.38  313  247 2221858.64 2174469.00  2.13%  18.8 2570s
 238436 152889 2198445.12  156  255 2221858.64 2174469.00  2.13%  18.8 2575s
 238956 153328 2208465.49  266  254 2221858.64 2174469.00  2.13%  18.8 2580s
 239757 153815 2209395.49  109  259 2221858.64 2174469.00  2.13%  18.8 2586s
 240124 154165 infeasible   79      2221858.64 2174469.00  2.13%  18.9 2590s
 240745 154564 2219902.20  176  256 2221858.64 2174469.00  2.13%  18.9 2595s
 241189 154887 2217238.68   63  258 2221858.64 2174469.00  2.13%  18.9 2600s
 241894 155381 2174470.86   49  250 2221858.64 2174469.00  2.13%  18.9 2606s
 242396 155710 2198532.29   92  252 2221858.64 2174525.10  2.13%  18.9 2610s
 243150 156252 2191575.29   92  254 2221858.64 2174528.70  2.13%  18.9 2615s
 243679 156685 2204348.15  212  242 2221858.64 2174528.70  2.13%  18.9 2620s
 244229 157217 2214455.04  314  250 2221858.64 2174528.70  2.13%  19.0 2627s
 244777 157530 2219232.65  378  251 2221858.64 2174528.70  2.13%  19.0 2631s
 245240 157826 infeasible  446      2221858.64 2174528.70  2.13%  19.0 2636s
 245857 158282 2199836.85  144  261 2221858.64 2174528.70  2.13%  19.0 2641s
 246305 158613 2211053.90  263  261 2221858.64 2174528.70  2.13%  19.0 2646s
 246675 158908 2216399.23  338  262 2221858.64 2174528.70  2.13%  19.0 2650s
 246983 159164 2218782.36  396  253 2221858.64 2174528.70  2.13%  19.1 2655s
 247845 159593 2213853.33   29  249 2221858.64 2174528.70  2.13%  19.1 2662s
 248369 159916 2220278.55   45  254 2221858.64 2174528.70  2.13%  19.0 2667s
 248774 160190 2204478.12  139  248 2221858.64 2174528.70  2.13%  19.1 2671s
 249393 160671 2214991.00  233  253 2221858.64 2174528.70  2.13%  19.1 2676s
 250016 161139 2221328.41  339  253 2221858.64 2174528.70  2.13%  19.1 2680s
 250675 161738 2202150.73  165  248 2221858.64 2174747.38  2.12%  19.1 2687s
 251099 161988 2206099.27  219  254 2221858.64 2174747.38  2.12%  19.1 2691s
 251718 162519 2214153.80  303  253 2221858.64 2174747.38  2.12%  19.1 2697s
 252124 163087 2218494.13  367  247 2221858.64 2174747.38  2.12%  19.1 2702s
 252614 163360 2219928.04  404  248 2221858.64 2174747.38  2.12%  19.1 2705s
 253365 163664 2198469.02  107  253 2221858.64 2174807.33  2.12%  19.1 2711s
 254092 164443 2205378.22  351  244 2221858.64 2174807.33  2.12%  19.1 2717s
 254677 164993 2205378.22  540  244 2221858.64 2174807.33  2.12%  19.2 2720s
 255527 166099 2205378.22  817  244 2221858.64 2174807.33  2.12%  19.2 2727s
 256325 166331 2212890.20  926  253 2221858.64 2174807.33  2.12%  19.2 2731s
 256726 166566 2219086.94 1004  252 2221858.64 2174807.33  2.12%  19.2 2735s
 257358 166957 2221531.13   94  256 2221858.64 2174857.06  2.12%  19.2 2742s
 257809 167321 2200226.93  167  228 2221858.64 2174857.06  2.12%  19.2 2745s
 258537 167897 2213591.17  294  256 2221858.64 2174857.06  2.12%  19.2 2751s
 258904 168157 2216777.42   70  256 2221858.64 2174857.06  2.12%  19.2 2755s
 259398 168493 infeasible  101      2221858.64 2174857.06  2.12%  19.2 2760s
 259946 168852 2188878.95   68  260 2221858.64 2174857.06  2.12%  19.2 2765s
 260410 169258 2199666.94  165  260 2221858.64 2174857.06  2.12%  19.2 2770s
 260900 169678 2207699.88  255  258 2221858.64 2174857.06  2.12%  19.2 2775s
 261304 169967 2213822.63  316  255 2221858.64 2174857.06  2.12%  19.2 2781s
 261757 170270 2217056.73   62  252 2221858.64 2174857.06  2.12%  19.2 2785s
 262258 170693 2201287.90  163  251 2221858.64 2174857.06  2.12%  19.2 2790s
 262938 171187 2208679.41  251  252 2221858.64 2174857.06  2.12%  19.2 2795s
 263487 171500 2217018.00  333  255 2221858.64 2174857.06  2.12%  19.3 2800s
 263786 171836 2177939.54   56  247 2221858.64 2174857.06  2.12%  19.3 2805s
 264503 172259 2190388.84   68  258 2221858.64 2174867.27  2.11%  19.3 2811s
 264992 172747 2205349.17  189  247 2221858.64 2174867.27  2.11%  19.3 2816s
 265357 173055 2211004.19  269  255 2221858.64 2174867.27  2.11%  19.3 2820s
 265615 173174     cutoff  318      2221858.64 2174867.27  2.11%  19.3 2825s
 266231 173649 2200227.87  160  244 2221858.64 2174867.27  2.11%  19.3 2831s
 266625 173917 2209129.46  253  256 2221858.64 2174867.27  2.11%  19.4 2836s
 266978 174206 2218557.98  309  244 2221858.64 2174887.57  2.11%  19.4 2840s
 267687 174777 2221775.12  137  257 2221858.64 2175044.85  2.11%  19.4 2845s
 268223 175089 2193995.96  114  254 2221858.64 2175061.87  2.11%  19.4 2850s
 268723 175524 2205429.72  226  242 2221858.64 2175061.87  2.11%  19.4 2855s
 269238 175895 2212178.80  296  251 2221858.64 2175061.87  2.11%  19.4 2860s
 269780 176311 2219207.62   62  256 2221858.64 2175140.64  2.10%  19.5 2866s
 270277 176715 infeasible   59      2221858.64 2175140.64  2.10%  19.5 2871s
 270768 177087 2213309.75  137  253 2221858.64 2175140.64  2.10%  19.5 2876s
 271316 177431 2211108.54  102  254 2221858.64 2175140.64  2.10%  19.5 2882s
 271670 177650 2218424.26   37  248 2221858.64 2175140.64  2.10%  19.5 2886s
 272448 178094 2221000.95   71  247 2221858.64 2175140.64  2.10%  19.5 2892s
 272886 178446 2210852.13  126  250 2221858.64 2175140.64  2.10%  19.5 2896s
 273307 178750 2216972.72  198  256 2221858.64 2175140.64  2.10%  19.5 2901s
 273761 179043 2199581.48   90  262 2221858.64 2175140.64  2.10%  19.5 2906s
 274249 179448 2192862.88   89  257 2221858.64 2175256.93  2.10%  19.5 2911s
 274816 179906 2210711.01  219  250 2221858.64 2175256.93  2.10%  19.5 2916s
 275403 180323 2213720.72  313  255 2221858.64 2175256.93  2.10%  19.5 2921s
 275729 180548 2216979.68  353  259 2221858.64 2175256.93  2.10%  19.6 2925s
 276183 180983 2192693.21   89  259 2221858.64 2175304.82  2.10%  19.6 2930s
 276975 181598 2206717.31  218  250 2221858.64 2175304.82  2.10%  19.6 2937s
 277508 181920 2218149.85  349  260 2221858.64 2175304.82  2.10%  19.6 2941s
 278006 182370 2220577.02   71  258 2221858.64 2175304.82  2.10%  19.6 2946s
 278448 182705 2203586.56  169  259 2221858.64 2175304.82  2.10%  19.6 2951s
 278902 183044 2214162.36  289  252 2221858.64 2175304.82  2.10%  19.6 2956s
 279373 183400 2221009.50  395  228 2221858.64 2175304.82  2.10%  19.7 2962s
 279668 183591 2193436.26   45  253 2221858.64 2175304.82  2.10%  19.7 2965s
 280423 184082 2200208.93  112  251 2221858.64 2175304.82  2.10%  19.7 2972s
 280743 184310 2210944.05  192  252 2221858.64 2175304.82  2.10%  19.7 2975s
 281288 184625     cutoff  311      2221858.64 2175304.82  2.10%  19.7 2982s
 281545 184762 2220871.51   70  257 2221858.64 2175316.87  2.09%  19.7 2985s
 282178 185120 2219181.15   85  251 2221858.64 2175331.86  2.09%  19.7 2991s
 282773 185528 2190081.69   90  255 2221858.64 2175331.86  2.09%  19.7 2997s
 283345 185955 2205439.77  212  246 2221858.64 2175331.86  2.09%  19.7 3002s
 283889 186184 2214892.22  322  247 2221858.64 2175331.86  2.09%  19.7 3007s
 284225 186257     cutoff  345      2221858.64 2175331.86  2.09%  19.7 3010s
 284878 186577 2219340.54  403  247 2221858.64 2175331.86  2.09%  19.6 3016s
 285560 186909 2219054.33   86  245 2221858.64 2175334.68  2.09%  19.6 3022s
 286039 187303 2204211.46  132  252 2221858.64 2175334.68  2.09%  19.6 3027s
 286481 187581 2214779.87  236  258 2221858.64 2175334.68  2.09%  19.6 3031s
 286814 187800 infeasible  302      2221858.64 2175334.68  2.09%  19.7 3035s
 287448 188298 2207473.73  186  250 2221858.64 2175334.68  2.09%  19.7 3041s
 287822 188594 2209557.38  259  258 2221858.64 2175334.68  2.09%  19.7 3046s
 288312 188994 2216571.79  323  252 2221858.64 2175334.68  2.09%  19.7 3050s
 288688 189300 2220512.68  369  250 2221858.64 2175334.68  2.09%  19.7 3056s
 288971 189510 2181925.48   56  257 2221858.64 2175334.68  2.09%  19.7 3060s
 289616 190006 2207300.97  182  251 2221858.64 2175334.68  2.09%  19.7 3068s
 289906 190190 2207942.32  235  258 2221858.64 2175334.68  2.09%  19.7 3070s
 290678 190758 2192197.44   94  256 2221858.64 2175379.45  2.09%  19.8 3076s
 291085 191158 2202470.43  185  259 2221858.64 2175379.45  2.09%  19.8 3080s
 291581 191608 2210680.01  292  254 2221858.64 2175379.45  2.09%  19.8 3085s
 292245 192132     cutoff  356      2221858.64 2175379.45  2.09%  19.8 3093s
 292571 192309 2201459.67   65  249 2221858.64 2175379.45  2.09%  19.8 3096s
 293202 192675 2200124.87  145  254 2221858.64 2175379.45  2.09%  19.8 3101s
 293738 193098 2208518.06  220  253 2221858.64 2175379.45  2.09%  19.8 3106s
 294241 193397 2214957.86  298  252 2221858.64 2175379.45  2.09%  19.8 3111s
 294650 193755 2218887.87  349  249 2221858.64 2175379.45  2.09%  19.8 3116s
 295024 194029 2194210.84   66  253 2221858.64 2175379.45  2.09%  19.8 3121s
 295535 194396 2199061.40   98  253 2221858.64 2175391.81  2.09%  19.8 3126s
 296044 194790 2214788.54  218  254 2221858.64 2175391.81  2.09%  19.8 3131s
 296632 195232 2210986.79  132  257 2221858.64 2175391.81  2.09%  19.8 3136s
 297043 195494     cutoff  207      2221858.64 2175391.81  2.09%  19.8 3140s
 297697 195925 2219596.95   73  257 2221858.64 2175391.81  2.09%  19.8 3146s
 298262 196275 2219788.90  174  255 2221858.64 2175391.81  2.09%  19.8 3151s
 298853 196590 2220460.75  108  259 2221858.64 2175446.66  2.09%  19.8 3156s
 299434 197032 2192562.10   90  258 2221858.64 2175510.57  2.09%  19.8 3162s
 299740 197144 2220674.75   95  255 2221858.64 2175511.70  2.09%  19.8 3165s
 300213 197541     cutoff  101      2221858.64 2175511.70  2.09%  19.8 3171s
 300736 197862 2221789.05   96  241 2221858.64 2175511.70  2.09%  19.8 3175s
 301098 198125 infeasible  124      2221858.64 2175523.58  2.09%  19.8 3180s
 301606 198572 2202740.73  163  251 2221858.64 2175556.66  2.08%  19.8 3185s
 302133 198924 2215084.65  310  259 2221858.64 2175556.66  2.08%  19.8 3191s
 302577 199199 2194235.48   62  257 2221858.64 2175556.66  2.08%  19.8 3196s
 303254 199751 2206409.85  167  254 2221858.64 2175595.18  2.08%  19.9 3201s
 303669 200072 2215001.05  244  255 2221858.64 2175595.18  2.08%  19.9 3205s
 304078 200373 2220109.57   69  252 2221858.64 2175595.18  2.08%  19.9 3210s
 304836 200841 2194845.81   65  254 2221858.64 2175664.61  2.08%  19.9 3217s
 305357 201105 2203488.09   70  253 2221858.64 2175676.55  2.08%  19.9 3221s
 305813 201462 2199300.81  164  231 2221858.64 2175676.55  2.08%  19.9 3225s
 306501 202230 2205893.26  233  254 2221858.64 2175676.55  2.08%  19.9 3230s
 307052 202569 2214906.68  324  249 2221858.64 2175676.55  2.08%  19.9 3235s
 307671 203075 2221236.98   90  251 2221858.64 2175676.55  2.08%  19.9 3242s
 307946 203429 2220623.25   87  243 2221858.64 2175676.55  2.08%  19.9 3245s
 308722 203813 2210933.11  141  254 2221858.64 2175718.89  2.08%  19.9 3251s
 309085 204051     cutoff   73      2221858.64 2175730.77  2.08%  19.9 3256s
 309626 204315 infeasible   92      2221858.64 2175751.49  2.08%  19.9 3261s
 310098 204770 2202110.65  175  243 2221858.64 2175751.49  2.08%  19.9 3266s
 310524 205081 2208491.36  240  249 2221858.64 2175751.49  2.08%  19.9 3271s
 311031 205394 2216519.59  316  247 2221858.64 2175803.12  2.07%  19.9 3275s
 311425 205930 2195865.72  130  252 2221858.64 2175803.12  2.07%  19.9 3281s
 312225 206448 2204760.51  200  253 2221858.64 2175803.12  2.07%  19.9 3286s
 312955 207041 2212177.77  283  254 2221858.64 2175803.12  2.07%  19.9 3290s
 313470 207356 2218853.95  363  249 2221858.64 2175803.12  2.07%  19.9 3297s
 313814 207650 2216819.72  101  252 2221858.64 2175901.35  2.07%  19.9 3302s
 314050 207802 infeasible   93      2221858.64 2175901.35  2.07%  19.9 3305s
 314771 208332 2195206.46  129  253 2221858.64 2175901.35  2.07%  19.9 3311s
 315226 208671 2203928.70  205  250 2221858.64 2175901.35  2.07%  19.9 3317s
 315668 208988 2210533.50  292  251 2221858.64 2175901.35  2.07%  19.9 3321s
 316082 209329 2207981.66   70  252 2221858.64 2175961.30  2.07%  19.9 3325s
 316623 209726 2189104.14  114  262 2221858.64 2175961.30  2.07%  19.9 3331s
 317059 210076 2202899.24  226  221 2221858.64 2175961.30  2.07%  19.9 3336s
 317469 210423 2211700.19  314  252 2221858.64 2175961.30  2.07%  20.0 3342s
 317700 210565 2217275.52  362  246 2221858.64 2175961.30  2.07%  20.0 3345s
 318463 211135 2193944.45  132  254 2221858.64 2176014.76  2.06%  20.0 3352s
 318739 211359 2203881.32  207  249 2221858.64 2176014.76  2.06%  20.0 3356s
 319342 211860 2211137.93  298  252 2221858.64 2176014.76  2.06%  20.0 3362s
 319644 212062 2216895.71  355  249 2221858.64 2176014.76  2.06%  20.0 3365s
 320116 212348     cutoff  426      2221858.64 2176030.26  2.06%  20.0 3370s
 320687 212758 2200639.90  111  252 2221858.64 2176069.13  2.06%  20.0 3376s
 321320 213203 2208107.90  230  251 2221858.64 2176069.13  2.06%  20.0 3382s
 321616 213381 2214013.10  311  259 2221858.64 2176069.15  2.06%  20.0 3385s
 322143 213754 2201206.44   89  254 2221858.64 2176081.19  2.06%  20.0 3390s
 322815 214284 2218151.08  258  257 2221858.64 2176081.19  2.06%  20.0 3397s
 323042 214517 2213282.74  109  262 2221858.64 2176081.19  2.06%  20.0 3401s
 323358 214662 2214683.90  116  262 2221858.64 2176081.19  2.06%  20.0 3405s
 324044 215176 2218442.97  104  255 2221858.64 2176081.19  2.06%  20.0 3411s
 324332 215476 2195447.45   66  254 2221858.64 2176095.85  2.06%  20.0 3415s
 325030 215839 2182823.02   67  257 2221858.64 2176112.72  2.06%  20.0 3421s
 325556 216280 2206372.66  174  246 2221858.64 2176112.72  2.06%  20.0 3426s
 326093 216670 2216245.45  299  245 2221858.64 2176112.72  2.06%  20.0 3432s
 326465 216983 2220023.40  365  248 2221858.64 2176126.15  2.06%  20.0 3438s
 326794 217217 2218814.37   78  252 2221858.64 2176126.15  2.06%  20.0 3441s
 327133 217418 2213211.69  139  256 2221858.64 2176140.72  2.06%  20.0 3445s
 327638 217855 2202038.82  120  223 2221858.64 2176193.11  2.06%  20.0 3452s
 327958 218073 2216181.01  134  252 2221858.64 2176201.09  2.05%  20.0 3455s
 328517 218522 2217907.77  157  256 2221858.64 2176201.09  2.05%  20.0 3460s
 329024 218838 2219644.68   86  245 2221858.64 2176201.09  2.05%  20.1 3468s
 329456 219094 2201696.25   61  255 2221858.64 2176201.09  2.05%  20.0 3471s
 330017 219676 2203850.33  180  256 2221858.64 2176201.09  2.05%  20.1 3477s
 330589 219888 2212990.86  297  252 2221858.64 2176201.09  2.05%  20.1 3482s
 330832 220089 2216048.18  313  253 2221858.64 2176201.09  2.05%  20.1 3485s
 331402 220501 2208107.90  201  251 2221858.64 2176201.09  2.05%  20.1 3491s
 332001 220908 2215653.52  295  254 2221858.64 2176201.09  2.05%  20.1 3496s
 332509 221377 2206705.92   77  255 2221858.64 2176206.86  2.05%  20.1 3502s
 332841 221610 2184912.42   97  264 2221858.64 2176210.41  2.05%  20.1 3505s
 333413 222002 2190558.07   85  256 2221858.64 2176232.67  2.05%  20.1 3510s
 334129 222627 2208109.60  245  253 2221858.64 2176232.67  2.05%  20.1 3516s
 334532 222968 2215421.40  325  251 2221858.64 2176232.67  2.05%  20.1 3520s
 334862 223282 2218618.94  378  246 2221858.64 2176232.67  2.05%  20.1 3525s
 335471 223594 2201083.93  106  255 2221858.64 2176271.63  2.05%  20.1 3531s
 336085 223986 2196931.65  104  251 2221858.64 2176276.02  2.05%  20.1 3536s
 336490 224442 2207203.17  202  256 2221858.64 2176276.02  2.05%  20.1 3542s
 336818 224625 2210927.97  269  251 2221858.64 2176276.02  2.05%  20.1 3545s
 337543 225304 2202953.76  177  249 2221858.64 2176276.02  2.05%  20.1 3551s
 338023 225635 2210578.22  272  256 2221858.64 2176276.02  2.05%  20.1 3556s
 338458 225951 2216901.45  333  251 2221858.64 2176276.02  2.05%  20.1 3560s
 339022 226220 2221590.52  445  239 2221858.64 2176276.02  2.05%  20.2 3565s
 339551 226673 2203747.66  199  253 2221858.64 2176276.02  2.05%  20.2 3570s
 340104 227470 2214498.62  302  252 2221858.64 2176276.02  2.05%  20.2 3577s
 340931 227761     cutoff  388      2221858.64 2176293.70  2.05%  20.1 3581s
 341478 228093 2215789.39   82  257 2221858.64 2176305.99  2.05%  20.1 3586s
 341967 228455 2201425.87  139  250 2221858.64 2176305.99  2.05%  20.1 3590s
 342315 228929 2208014.11  200  257 2221858.64 2176305.99  2.05%  20.2 3596s
 342753 229088     cutoff  286      2221858.64 2176305.99  2.05%  20.2 3600s

Cutting planes:
  RLT: 63

Explored 342893 nodes (6924402 simplex iterations) in 3600.25 seconds (2608.32 work units)
Thread count was 2 (of 24 available processors)

Solution count 10: 2.22186e+06 2.2221e+06 2.22644e+06 ... 2.23138e+06

Time limit reached
Best objective 2.221858641373e+06, best bound 2.176305994323e+06, gap 2.0502%
