
Gurobi 11.0.3 (linux64, Java) logging started sex 29 nov 2024 21:32:02 -03

Set parameter Username
Academic license - for non-commercial use only - expires 2025-10-10
Set parameter NonConvex to value 2
Set parameter TimeLimit to value 3600
Set parameter LogToConsole to value 0
Set parameter MIPGap to value 3.6214606217221094e-08
Set parameter Threads to value 2
Set parameter NodefileDir to value "/home/ps12398/experiment_epec/goalProgrammingMarcos/"
Set parameter NodefileStart to value 1
Gurobi Optimizer version 11.0.3 build v11.0.3rc0 (linux64)

CPU model: Intel(R) Xeon(R) CPU           X5650  @ 2.67GHz, instruction set [SSE2]
Thread count: 12 physical cores, 24 logical processors, using up to 2 threads

Optimize a model with 180845 rows, 121779 columns and 801152 nonzeros
Model fingerprint: 0xff1062ea
Model has 251 quadratic constraints
Variable types: 60768 continuous, 61011 integer (246 binary)
Coefficient statistics:
  Matrix range     [4e-03, 7e+06]
  QMatrix range    [4e-03, 1e+05]
  QLMatrix range   [1e+00, 1e+05]
  Objective range  [1e+00, 6e+07]
  Bounds range     [1e+00, 1e+08]
  RHS range        [1e+00, 1e+07]
  QRHS range       [1e-01, 1e-01]
Presolve removed 180128 rows and 120471 columns
Presolve time: 0.39s
Presolved: 1642 rows, 1599 columns, 81778 nonzeros
Presolved model has 2 SOS constraint(s)
Presolved model has 246 bilinear constraint(s)

Solving non-convex MIQCP

Variable types: 787 continuous, 812 integer (248 binary)
Found heuristic solution: objective 7391773.0111

Root relaxation: objective 5.351701e+05, 366 iterations, 0.06 seconds (0.04 work units)

    Nodes    |    Current Node    |     Objective Bounds      |     Work
 Expl Unexpl |  Obj  Depth IntInf | Incumbent    BestBd   Gap | It/Node Time

     0     0 535170.142    0  371 7391773.01 535170.142  92.8%     -    0s
     0     0 1016896.29    0  367 7391773.01 1016896.29  86.2%     -    1s
     0     0 1018462.58    0  367 7391773.01 1018462.58  86.2%     -    1s
H    0     0                    3050207.2727 1018481.75  66.6%     -    1s
     0     0 1018511.57    0  367 3050207.27 1018511.57  66.6%     -    1s
     0     0 1019321.16    0  367 3050207.27 1019321.16  66.6%     -    1s
     0     0 1019384.41    0  367 3050207.27 1019384.41  66.6%     -    1s
     0     0 1020004.63    0  367 3050207.27 1020004.63  66.6%     -    2s
     0     2 1020009.32    0  367 3050207.27 1020009.32  66.6%     -    3s
   111   130 1033329.91   48  338 3050207.27 1020371.50  66.5%   1.6    5s
   844   868 1187033.17  337  318 3050207.27 1020371.50  66.5%   5.6   10s
H  862   868                    2933257.7661 1020371.50  65.2%   5.6   10s
H 1847  1914                    2843824.9396 1020371.50  64.1%   6.8   14s
  2011  2094 1625130.42  875  299 2843824.94 1020371.50  64.1%   6.7   15s
H 2041  2094                    2814575.9641 1020371.50  63.7%   6.7   15s
H 2429  2498                    2799891.1915 1020371.50  63.6%   6.7   17s
H 2720  2829                    2776921.1806 1020371.50  63.3%   6.6   19s
  3006  3177 1998005.44 1407  281 2776921.18 1020371.50  63.3%   6.6   20s
H 3399  3446                    2762262.6562 1020371.50  63.1%   6.6   21s
  3669  3669 1036677.92   40  117 2762262.66 1020371.50  63.1%   7.3   25s
H 3670  3486                    2758864.0327 1169897.38  57.6%   7.3   26s
H 3678  3317                    2715765.2993 1170103.41  56.9%   7.5   28s
H 3678  3151                    2713365.1912 1170103.41  56.9%   7.5   28s
H 3680  2995                    2681769.7773 1171363.80  56.3%   7.5   29s
  3684  2997 2274138.07 1779  125 2681769.78 1171446.01  56.3%   7.5   32s
H 3684  2847                    2672965.3259 1171446.01  56.2%   7.5   32s
  3786  2923 1177014.93   51  345 2672965.33 1173474.60  56.1%   7.6   35s
H 4282  3109                    2661207.7793 1175126.92  55.8%   7.9   37s
  4557  3312 1362128.78  271  322 2661207.78 1175126.92  55.8%   8.6   40s
H 4577  3170                    2646389.8184 1175126.92  55.6%   8.6   40s
  5340  3710 1394525.81  429  316 2646389.82 1175126.92  55.6%   9.3   45s
  6261  4434 1574284.12  676  288 2646389.82 1175126.92  55.6%  10.1   50s
  7172  5052 1830316.54  966  275 2646389.82 1175126.92  55.6%  10.5   55s
  7831  5592 2294098.92 1192  262 2646389.82 1175126.92  55.6%  11.6   60s
  8916  6168 1267943.70  128  304 2646389.82 1175146.76  55.6%  12.3   65s
  9956  6847 1407673.72  341  309 2646389.82 1175146.76  55.6%  12.9   70s
 10889  7630 1541839.26  489  306 2646389.82 1175146.76  55.6%  13.8   75s
 11952  8401 1666417.94  617  297 2646389.82 1175146.76  55.6%  14.3   80s
 12758  9092 1842598.67  815  290 2646389.82 1175146.76  55.6%  14.6   85s
 13334  9748 1976218.26  966  277 2646389.82 1175146.76  55.6%  14.7   91s
 13910 10352 2239361.44 1152  269 2646389.82 1175146.76  55.6%  14.9   95s
 14776 11187 2596849.82 1483  226 2646389.82 1175146.76  55.6%  15.2  100s
 15023 11301 2619967.39 1542  231 2646389.82 1175181.72  55.6%  15.1  106s
 15666 12225 1405821.88  171  323 2646389.82 1175240.85  55.6%  15.0  110s
 17130 13383 1637134.45  462  273 2646389.82 1175240.85  55.6%  14.3  115s
 18487 14469 2182907.56  768  168 2646389.82 1175240.85  55.6%  13.7  120s
 20120 16012 2346569.38 1344  173 2646389.82 1175240.85  55.6%  13.3  125s
 22099 17817 2580230.30 1970  111 2646389.82 1175240.85  55.6%  12.7  130s
 22996 18532 infeasible   99      2646389.82 1175391.79  55.6%  12.5  135s
 24641 20253 1881287.99  446  262 2646389.82 1175391.79  55.6%  12.2  140s
 26335 21751 1930702.15  866  244 2646389.82 1175391.79  55.6%  11.7  145s
 28298 23711 2314659.37 1265  190 2646389.82 1175391.79  55.6%  11.4  150s
 29934 25177 2444722.28 1820  144 2646389.82 1175391.79  55.6%  11.4  155s
H30974 25981                    2639866.9072 1175404.69  55.5%  11.2  158s
 31204 26228 1526790.05  113  339 2639866.91 1175404.69  55.5%  11.3  160s
 31348 26229 infeasible  136      2639866.91 1175404.69  55.5%  11.3  167s
 31721 26706 1916312.70  181  224 2639866.91 1175404.69  55.5%  11.4  170s
 33076 27831 2288012.17  466  118 2639866.91 1175404.69  55.5%  11.3  175s
 34591 29357 2441367.17  991  113 2639866.91 1175404.69  55.5%  11.0  180s
 36055 30610 1701373.22  130  308 2639866.91 1175455.83  55.5%  10.8  185s
 38008 32643 2315649.05  488  207 2639866.91 1175455.83  55.5%  10.5  190s
 39790 34167 2467586.09  938  195 2639866.91 1175455.83  55.5%  10.2  195s
 40864 35111 2060367.56  336  260 2639866.91 1175605.10  55.5%  10.1  200s
 42635 36874 2277867.53  957  200 2639866.91 1175605.10  55.5%  10.0  205s
 44246 38477 2378551.82 1441  197 2639866.91 1175605.10  55.5%   9.8  210s
 46497 40440 infeasible  124      2639866.91 1175641.79  55.5%   9.4  215s
H48437 41608                    2610343.7114 1175641.79  55.0%   9.3  219s
 48724 42137 2336873.48  938  147 2610343.71 1175641.79  55.0%   9.3  220s
H49310 40614                    2559329.0847 1175641.79  54.1%   9.3  223s
 49491 41001 2378199.31 1197  147 2559329.08 1175641.79  54.1%   9.3  226s
 51036 42469 2505142.03 1597  150 2559329.08 1175641.79  54.1%   9.1  230s
 52748 43990 2336621.34  589  118 2559329.08 1175737.11  54.1%   9.0  235s
 54180 45295 1626664.35  109  306 2559329.08 1175784.24  54.1%   8.8  240s
 55532 46564 2036768.62  404  213 2559329.08 1175784.24  54.1%   8.7  245s
 56917 47904 2325748.68  756  146 2559329.08 1175784.24  54.1%   8.6  257s
 57556 48362 2390568.06  953  147 2559329.08 1175784.24  54.1%   8.6  260s
 58680 49306 1969080.57  228  223 2559329.08 1175855.63  54.1%   8.5  265s
 60474 50978 2326457.27  985  157 2559329.08 1175855.63  54.1%   8.3  270s
 61707 52319 2385308.53 1759  157 2559329.08 1175855.63  54.1%   8.2  275s
 62442 52842 2459337.32 2063  156 2559329.08 1175943.57  54.1%   8.1  280s
 63972 54188 1968403.35  119  229 2559329.08 1175962.53  54.1%   8.0  285s
 65465 55480 2193955.07  312  235 2559329.08 1175962.77  54.1%   7.9  290s
 67162 57128 2156057.79  264  151 2559329.08 1176056.92  54.0%   7.8  295s
 68312 58395 2363813.54  776  110 2559329.08 1176056.92  54.0%   7.7  300s
 69973 59822 2467398.61 1713  107 2559329.08 1176123.03  54.0%   7.6  305s
 71693 61378     cutoff  739      2559329.08 1176124.47  54.0%   7.4  310s
 72949 62424 1924277.46   57  351 2559329.08 1176152.10  54.0%   7.4  315s
 74145 63643 2176131.54  202  305 2559329.08 1176152.10  54.0%   7.4  320s
 75822 64999 2030053.43  184  230 2559329.08 1176165.22  54.0%   7.3  325s
 77283 66326 infeasible   79      2559329.08 1176188.74  54.0%   7.3  330s
 77384 66380 infeasible   83      2559329.08 1176188.74  54.0%   7.3  335s
 78385 67213     cutoff  505      2559329.08 1176188.74  54.0%   7.2  340s
 79562 68497 2283375.02  395  140 2559329.08 1176214.23  54.0%   7.2  345s
 81511 70343 1929570.10   31  366 2559329.08 1176230.99  54.0%   7.1  350s
 83211 71937 2251979.66  321  265 2559329.08 1176301.10  54.0%   7.0  355s
 84180 72563 1809992.68   99  314 2559329.08 1176301.40  54.0%   7.0  360s
 85489 73846 1981466.05  143  299 2559329.08 1176301.40  54.0%   7.0  365s
 86578 74718 2012102.60  179  293 2559329.08 1176477.18  54.0%   6.9  370s
 86750 74962 2067483.50  256  279 2559329.08 1176477.18  54.0%   6.9  375s
 87771 75994 2323197.94  724  194 2559329.08 1176477.18  54.0%   6.9  380s
 89249 77388 2385880.22 1384  195 2559329.08 1176477.18  54.0%   6.8  385s
 90736 78620 2457128.22 2036  194 2559329.08 1176477.18  54.0%   6.7  390s
 92055 79613 2456783.91  663  182 2559329.08 1176600.39  54.0%   6.7  395s
 93236 80840 2324047.94  362  215 2559329.08 1176600.39  54.0%   6.7  400s
 94810 82255 1889760.14  113  283 2559329.08 1176621.07  54.0%   6.7  405s
 96502 83901 2193785.37  303  203 2559329.08 1176621.07  54.0%   6.7  410s
 97956 85026 2528004.57  969  167 2559329.08 1176621.07  54.0%   6.7  419s
 97958 85028 2528005.23  970  167 2559329.08 1176621.07  54.0%   6.7  420s
 98792 85938 2008471.34  354  334 2559329.08 1176668.63  54.0%   6.6  425s
 100529 87353 2025822.67  198  242 2559329.08 1176669.46  54.0%   6.6  430s
 101776 88668 2414934.15  353  196 2559329.08 1176669.46  54.0%   6.6  435s
 102860 89515 2239395.54  285  226 2559329.08 1176862.90  54.0%   6.6  440s
 103824 90228 1562857.22   50  330 2559329.08 1176933.64  54.0%   6.6  445s
 105097 91330 2538835.99  605  189 2559329.08 1176937.57  54.0%   6.6  450s
 106545 92478     cutoff  713      2559329.08 1176937.57  54.0%   6.5  457s
 106852 92793 infeasible   87      2559329.08 1176937.57  54.0%   6.5  460s
 107508 93272 2245812.13  500  223 2559329.08 1176937.57  54.0%   6.5  466s
 108540 94377 2446676.49  971  185 2559329.08 1176937.57  54.0%   6.5  470s
 110072 95842 2255294.51  371  293 2559329.08 1177001.38  54.0%   6.4  475s
 111925 97713 2473452.05  675  274 2559329.08 1177001.38  54.0%   6.4  480s
 113351 98910 1988653.32  154  292 2559329.08 1177016.42  54.0%   6.4  485s
 114010 99397 2080075.44  218  269 2559329.08 1177016.42  54.0%   6.4  491s
 114476 99982 2275618.96  273  159 2559329.08 1177016.42  54.0%   6.4  495s
 115657 100889     cutoff  436      2559329.08 1177237.74  54.0%   6.4  500s
 116885 101991 2184186.68  312  210 2559329.08 1177237.74  54.0%   6.4  505s
 117958 102999 1982235.75  193  332 2559329.08 1177287.29  54.0%   6.3  510s
 119301 104101 2038880.56  163  235 2559329.08 1177416.76  54.0%   6.3  515s
 120437 104850 infeasible  116      2559329.08 1177450.44  54.0%   6.3  520s
 121513 105863 2096730.69  388  267 2559329.08 1177450.44  54.0%   6.3  525s
 122453 106836 2200881.63  554  241 2559329.08 1177450.44  54.0%   6.3  533s
 122882 107228 2242175.99  574  240 2559329.08 1177450.44  54.0%   6.2  535s
 123957 108464 2371584.73  766  227 2559329.08 1177450.44  54.0%   6.2  540s
 125463 109538 1600861.96   38  305 2559329.08 1177512.75  54.0%   6.2  545s
 126775 110725 2450636.42  696  186 2559329.08 1177512.75  54.0%   6.2  550s
 128066 111825 2182452.73  282  254 2559329.08 1177526.05  54.0%   6.1  555s
 129138 112639     cutoff  890      2559329.08 1177526.05  54.0%   6.1  560s
 130418 113747 2223461.46  313  142 2559329.08 1177551.11  54.0%   6.1  565s
 132477 115778 2450934.99 1184  101 2559329.08 1177551.11  54.0%   6.1  570s
 132721 115780 2473068.58 1269  100 2559329.08 1177551.11  54.0%   6.1  575s
 133667 116640 2234712.91  346  227 2559329.08 1177570.61  54.0%   6.0  580s
 134799 117551 1970128.95  111  330 2559329.08 1177624.31  54.0%   6.0  585s
H136579 119180                    2559076.8184 1177624.31  54.0%   6.0  590s
 137833 120280 2323198.42  381  240 2559076.82 1177624.31  54.0%   5.9  595s
 138712 120970 1854678.82  104  319 2559076.82 1177669.50  54.0%   5.9  600s
 140133 122146 2282180.68  159  316 2559076.82 1177681.34  54.0%   5.9  605s
 140722 122286 2037881.91  191  255 2559076.82 1177681.34  54.0%   5.9  613s
 141012 122743 2418659.61  353  225 2559076.82 1177681.34  54.0%   5.9  615s
 142087 123548     cutoff  271      2559076.82 1177699.46  54.0%   5.9  620s
 143122 124656 2315772.40  201  290 2559076.82 1177707.16  54.0%   5.9  625s
 144587 126058 2053928.21  290  188 2559076.82 1177707.16  54.0%   5.8  630s
 146073 127335 2030851.78  229  258 2559076.82 1177751.18  54.0%   5.8  635s
 147546 128881 2309826.52  807  189 2559076.82 1177751.18  54.0%   5.8  640s
 148989 130318 2386215.92 1697  190 2559076.82 1177751.18  54.0%   5.8  645s
 150117 131096 1971367.21  144  287 2559076.82 1177766.59  54.0%   5.8  650s
 151375 132221 2012332.44  188  256 2559076.82 1177766.60  54.0%   5.7  655s
 152550 133308 1977208.37   86  363 2559076.82 1177852.42  54.0%   5.7  660s
 152762 133310 2374463.11  187  315 2559076.82 1177852.42  54.0%   5.7  666s
 153148 133839 1973540.12   32  369 2559076.82 1177906.94  54.0%   5.7  670s
 154238 134687 1990404.43  169  277 2559076.82 1177906.94  54.0%   5.7  675s
 155321 135573 2368166.94  306  293 2559076.82 1177940.54  54.0%   5.7  680s
 156388 136666 2262829.02  379  145 2559076.82 1177941.00  54.0%   5.7  685s
 157912 137913 2337750.88  686  225 2559076.82 1177977.32  54.0%   5.7  690s
 159073 138846 2004136.26  190  253 2559076.82 1177977.86  54.0%   5.6  695s
 160876 140644 2527473.86  930  193 2559076.82 1177977.86  54.0%   5.6  700s
 162329 141830     cutoff  202      2559076.82 1178013.09  54.0%   5.6  705s
 162896 142270 2006631.78  209  216 2559076.82 1178244.82  54.0%   5.6  711s
 163497 142939 1569152.89   96  296 2559076.82 1178245.50  54.0%   5.6  715s
 164671 143787 1649976.06  107  294 2559076.82 1178245.50  54.0%   5.6  720s
 165851 144913 2297151.68  146  323 2559076.82 1178405.46  54.0%   5.6  725s
 166986 145983 2036604.64  238  258 2559076.82 1178406.53  54.0%   5.6  730s
 168187 147336 2336986.83  761  184 2559076.82 1178406.53  54.0%   5.6  735s
 169638 148507     cutoff 1543      2559076.82 1178406.58  54.0%   5.6  740s
 170491 149371 2356146.69  446  233 2559076.82 1178406.58  54.0%   5.6  745s
 170718 149433     cutoff  573      2559076.82 1178406.58  54.0%   5.6  751s
 171440 150183 2189633.86  139  321 2559076.82 1178410.88  54.0%   5.6  755s
 173088 151722 2078815.53  219  245 2559076.82 1178411.28  54.0%   5.6  760s
 174234 152527 2002435.65  190  262 2559076.82 1178412.29  54.0%   5.6  765s
 175771 153926 2357170.46  325  141 2559076.82 1178445.07  54.0%   5.5  770s
 176899 155036 2369193.62  443  164 2559076.82 1178445.07  54.0%   5.5  775s
 178051 155887 2172157.49  296  314 2559076.82 1178596.79  53.9%   5.5  780s
 178995 156776 2302513.07  402  296 2559076.82 1178596.79  53.9%   5.5  785s
 180015 157740 2473017.50  516  278 2559076.82 1178596.79  53.9%   5.5  793s
 180320 157884 2542981.27  535  272 2559076.82 1178596.79  53.9%   5.5  795s
 181046 158659 1981027.53  151  291 2559076.82 1178722.25  53.9%   5.5  800s
 182219 159724 2140412.61  394  253 2559076.82 1178722.25  53.9%   5.5  805s
 183654 161188 2245802.68  835  250 2559076.82 1178722.25  53.9%   5.5  810s
 185206 162673 2286517.84 1276  227 2559076.82 1178722.25  53.9%   5.5  815s
 186616 163985 2481138.82 1709  266 2559076.82 1178722.25  53.9%   5.5  820s
 187754 165101 2368410.43  286  152 2559076.82 1178824.56  53.9%   5.5  829s
H187832 165101                    2559076.7317 1178824.56  53.9%   5.5  829s
 187901 165197 2551551.61  365  143 2559076.73 1178827.92  53.9%   5.5  830s
 188677 165876     cutoff  199      2559076.73 1178827.92  53.9%   5.5  835s
 189451 166581 2225223.60  272  227 2559076.73 1178847.88  53.9%   5.6  840s
 190525 167480     cutoff  790      2559076.73 1178878.65  53.9%   5.6  845s
 191807 168513 1180915.59   61  335 2559076.73 1178894.59  53.9%   5.5  850s
 192858 169549 2219542.71  358  216 2559076.73 1178894.59  53.9%   5.6  855s
 193460 170015 2314536.55  664  172 2559076.73 1178894.59  53.9%   5.6  861s
 194141 170916 2366254.63  985  172 2559076.73 1178894.59  53.9%   5.6  865s
 195638 172174 2216231.23  283  306 2559076.73 1178913.89  53.9%   5.6  872s
 196089 172636 2117846.60  148  179 2559076.73 1178926.84  53.9%   5.6  875s
 197313 173946 1181139.87   63  333 2559076.73 1178926.84  53.9%   5.6  880s
 198317 174767 2076744.92  122  350 2559076.73 1178952.46  53.9%   5.6  885s
 198575 174935 2128730.47  152  330 2559076.73 1178952.46  53.9%   5.6  890s
 199681 175899 2539750.04  276  273 2559076.73 1178952.46  53.9%   5.6  895s
 200568 176658 2548938.26  360  133 2559076.73 1178952.46  53.9%   5.6  900s
 201377 177499 1474835.52   87  328 2559076.73 1179035.58  53.9%   5.6  905s
 202416 178370 2224155.45  244  226 2559076.73 1179049.31  53.9%   5.6  910s
 203566 179405     cutoff  704      2559076.73 1179049.31  53.9%   5.5  915s
 204963 180598 2544840.97  264  305 2559076.73 1179067.98  53.9%   5.5  920s
 206443 181849 2479329.37  236  287 2559076.73 1179114.03  53.9%   5.5  930s
 207327 182775 2219227.27  246  172 2559076.73 1179114.71  53.9%   5.5  936s
 208208 183520 2299897.57  316  238 2559076.73 1179161.27  53.9%   5.5  940s
 209396 184522 1188906.21   68  330 2559076.73 1179222.98  53.9%   5.5  945s
 210512 185462 2384066.19  405  153 2559076.73 1179222.98  53.9%   5.5  950s
 211589 186390 2132949.20  427  316 2559076.73 1179296.65  53.9%   5.5  955s
 213050 187973 2431508.42  655  276 2559076.73 1179296.65  53.9%   5.5  960s
 214254 188983 2095503.05  177  243 2559076.73 1179296.65  53.9%   5.5  965s
 214743 189470 2360541.58  463  227 2559076.73 1179296.65  53.9%   5.5  970s
 215556 190213 2030588.26  167  194 2559076.73 1179360.87  53.9%   5.5  975s
 216527 191059 2375779.47  382  222 2559076.73 1179408.17  53.9%   5.5  980s
 217399 191820 2358681.53  465  182 2559076.73 1179426.29  53.9%   5.5  985s
 218353 192592 2328272.93  180  337 2559076.73 1179463.86  53.9%   5.5  990s
 219381 193713 2119095.11  246  321 2559076.73 1179469.64  53.9%   5.5  995s
 219959 194268 2233196.76  326  291 2559076.73 1179469.64  53.9%   5.5 1001s
 220679 194952 2340366.57  413  289 2559076.73 1179469.64  53.9%   5.5 1005s
 222211 196450 2474661.02  621  276 2559076.73 1179469.64  53.9%   5.5 1010s
 223293 197142 2061304.35  128  354 2559076.73 1179543.43  53.9%   5.5 1015s
 224609 198566 1762188.55  119  250 2559076.73 1179618.45  53.9%   5.5 1020s
 225227 198979 2231704.57   81  351 2559076.73 1179651.79  53.9%   5.5 1027s
H225623 199260                    2559008.2457 1179776.50  53.9%   5.5 1029s
 225627 199468 2106247.87  185  205 2559008.25 1179776.50  53.9%   5.5 1030s
H225924 199711                    2558955.4367 1179776.50  53.9%   5.4 1031s
 226823 200507 2499464.74  206  311 2558955.44 1179806.19  53.9%   5.4 1035s
 227582 201445 2084085.24  189  209 2558955.44 1179807.50  53.9%   5.4 1040s
 229020 202656 2459755.94  408  143 2558955.44 1179832.70  53.9%   5.4 1045s
 230307 203746 2486665.92  532  143 2558955.44 1179832.70  53.9%   5.4 1053s
 230576 203999 2100216.67   66  360 2558955.44 1179882.83  53.9%   5.4 1055s
 231384 204707 2539790.24  304  160 2558955.44 1180069.85  53.9%   5.4 1060s
 232547 206042 2381632.51  278  280 2558955.44 1180076.89  53.9%   5.4 1065s
 234289 207625 2524896.06  407  279 2558955.44 1180076.89  53.9%   5.4 1071s
 235090 208220 2024021.46  219  344 2558955.44 1180139.44  53.9%   5.4 1075s
 235461 208321 1527032.52   57  292 2558955.44 1180183.82  53.9%   5.4 1080s
 236046 209109 2342190.54  353  223 2558955.44 1180183.82  53.9%   5.4 1085s
 237224 210122 2457965.54  289  210 2558955.44 1180183.82  53.9%   5.4 1090s
 238298 211160 2266359.06  157  204 2558955.44 1180270.48  53.9%   5.4 1095s
 239017 211805 2065206.58  145  344 2558955.44 1180316.42  53.9%   5.4 1100s
 240055 213038 2285585.51  303  288 2558955.44 1180316.42  53.9%   5.4 1105s
 241062 213837 2460933.33  446  251 2558955.44 1180316.42  53.9%   5.3 1111s
 241974 214687     cutoff  613      2558955.44 1180316.42  53.9%   5.3 1115s
 243338 215836 2499051.41  475  136 2558955.44 1180323.63  53.9%   5.3 1120s
 244055 216347 1542930.94   60  283 2558955.44 1180348.60  53.9%   5.3 1125s
 245300 217241 2554219.68  594  124 2558955.44 1180358.51  53.9%   5.3 1130s
 245803 217484 2526145.21  235  182 2558955.44 1180358.51  53.9%   5.3 1136s
 246307 218197 2313798.99  243  211 2558955.44 1180358.51  53.9%   5.3 1140s
 247506 219213     cutoff  600      2558955.44 1180387.10  53.9%   5.3 1145s
 248763 220227 2523316.07  289  202 2558955.44 1180421.11  53.9%   5.3 1150s
 249758 221009 1744705.88  100  325 2558955.44 1180436.69  53.9%   5.3 1155s
 250723 221670 1904344.83  130  242 2558955.44 1180436.69  53.9%   5.3 1160s
 250836 221874 2344734.85  208  170 2558955.44 1180436.69  53.9%   5.3 1165s
 251583 222483 1968288.46   42  368 2558955.44 1180452.48  53.9%   5.3 1170s
 252591 223658 2316448.51  259  289 2558955.44 1180452.48  53.9%   5.3 1175s
 253729 224608 2010255.91  140  211 2558955.44 1180467.66  53.9%   5.3 1180s
 255039 225750 1970099.62  107  350 2558955.44 1180471.75  53.9%   5.3 1185s
 255889 226263 1796032.03  126  298 2558955.44 1180496.91  53.9%   5.3 1190s
 256009 226325 1803555.92  127  297 2558955.44 1180496.91  53.9%   5.3 1199s
 256101 226578 2062821.89  173  198 2558955.44 1180496.91  53.9%   5.3 1200s
 257063 227325 2105294.12  227  194 2558955.44 1180513.29  53.9%   5.3 1206s
 258108 228108 2481127.29  388  194 2558955.44 1180529.21  53.9%   5.3 1210s
 259186 229086 1998461.08  125  284 2558955.44 1180538.47  53.9%   5.3 1216s
 260428 230296 2412334.55  277  202 2558955.44 1180538.47  53.9%   5.3 1220s
 261776 231328 2420735.37  103  335 2558955.44 1180551.80  53.9%   5.3 1225s
 262944 232373 2066897.42  119  185 2558955.44 1180609.18  53.9%   5.3 1230s
 263274 232466 2133425.42  204  173 2558955.44 1180609.18  53.9%   5.2 1235s
 264294 233638 2281670.84  472  137 2558955.44 1180609.18  53.9%   5.2 1240s
H265105 231122                    2532579.0824 1180609.18  53.4%   5.2 1243s
 265675 231738 2344643.56  862  123 2532579.08 1180609.18  53.4%   5.3 1245s
H266075 228448                    2523530.2374 1180609.18  53.2%   5.3 1246s
H266948 228596                    2521944.3908 1180609.18  53.2%   5.3 1248s
 267430 229194 2386799.58 1383   98 2521944.39 1180609.18  53.2%   5.3 1250s
 268859 230435 2403154.99  277  141 2521944.39 1180609.18  53.2%   5.3 1255s
 269910 231182 2519400.37  280  168 2521944.39 1180632.70  53.2%   5.3 1260s
 271243 232729 2293387.28  451  158 2521944.39 1180666.95  53.2%   5.3 1265s
 272750 234008 2348490.41 1168  142 2521944.39 1180666.95  53.2%   5.3 1273s
 273129 234432 2388534.25 1349  142 2521944.39 1180666.95  53.2%   5.3 1275s
H273642 234847                    2521944.3850 1180666.95  53.2%   5.3 1277s
 274127 235255 2089209.32  164  227 2521944.38 1180676.59  53.2%   5.3 1280s
 275320 236053 2510543.71  336  188 2521944.38 1180679.63  53.2%   5.3 1285s
 276170 236900 2183088.38  416  177 2521944.38 1180714.91  53.2%   5.3 1290s
 277735 238150 1657583.53  108  309 2521944.38 1180851.58  53.2%   5.3 1295s
 279003 239309 2146241.89  251  170 2521944.38 1180934.16  53.2%   5.2 1300s
 280299 240470 2089274.64  160  336 2521944.38 1180991.49  53.2%   5.2 1305s
 281503 241787 1573700.78   64  276 2521944.38 1180991.49  53.2%   5.2 1310s
 281878 241983 2405060.94  200  203 2521944.38 1180991.49  53.2%   5.2 1316s
 282374 242293 2511234.68  184  321 2521944.38 1181139.87  53.2%   5.2 1320s
 283303 243200 2506697.36  468  138 2521944.38 1181359.51  53.2%   5.2 1325s
 284321 243974 2190939.54   93  349 2521944.38 1181395.14  53.2%   5.2 1330s
 285194 244733     cutoff  278      2521944.38 1181554.06  53.1%   5.2 1335s
 286042 245463 2505495.56  188  299 2521944.38 1181554.34  53.1%   5.2 1340s
 286702 246022 2496770.44  343  166 2521944.38 1181625.62  53.1%   5.2 1345s
 287735 246941 2509712.31  304  169 2521944.38 1181704.02  53.1%   5.2 1350s
 288827 247516     cutoff  214      2521944.38 1181848.08  53.1%   5.3 1355s
 288861 247734 1548981.19   50  296 2521944.38 1181848.08  53.1%   5.3 1361s
 289668 248269     cutoff  213      2521944.38 1181928.94  53.1%   5.3 1365s
 290512 249195 2291098.84  178  217 2521944.38 1181928.94  53.1%   5.3 1371s
 291317 249949 2507239.30  139  331 2521944.38 1182118.16  53.1%   5.3 1375s
 292717 251274     cutoff  273      2521944.38 1182154.78  53.1%   5.3 1380s
 293631 251795 2506388.95  236  312 2521944.38 1182180.34  53.1%   5.3 1385s
 294622 252699 2148270.57  160  156 2521944.38 1182220.84  53.1%   5.3 1390s
 295730 253880 2364654.66  619   75 2521944.38 1182220.84  53.1%   5.3 1395s
 296969 255164 2449653.80  958   71 2521944.38 1182220.84  53.1%   5.3 1400s
 297301 255259 1563324.47   80  274 2521944.38 1182226.59  53.1%   5.3 1405s
 298256 256226 2497848.75  444  135 2521944.38 1182246.40  53.1%   5.3 1410s
 299162 256852 2443054.52  172  330 2521944.38 1182258.16  53.1%   5.3 1415s
 300120 257719 2512009.79  437  151 2521944.38 1182346.87  53.1%   5.3 1420s
 301149 258606 2100635.92  149  185 2521944.38 1182346.87  53.1%   5.3 1425s
 302033 259662 2036974.73  100  359 2521944.38 1182365.83  53.1%   5.3 1430s
 303281 260680 2508815.85  243  308 2521944.38 1182365.83  53.1%   5.3 1437s
 303740 261147 2378357.06  196  188 2521944.38 1182382.00  53.1%   5.3 1440s
 304947 262150 2116856.66  271  310 2521944.38 1182401.11  53.1%   5.3 1445s
 306128 263444 2256338.16  491  295 2521944.38 1182401.11  53.1%   5.3 1450s
 306985 264194 2458720.60  804  269 2521944.38 1182401.11  53.1%   5.3 1455s
 308208 265226 2195610.62  217  206 2521944.38 1182437.08  53.1%   5.3 1460s
 308408 265228 2215356.25  269  216 2521944.38 1182437.08  53.1%   5.3 1465s
 308920 265851 2344949.95  420  163 2521944.38 1182437.08  53.1%   5.3 1470s
 309829 266761 2416126.09  840  133 2521944.38 1182437.08  53.1%   5.3 1475s
 311003 267687 2491931.09  230  149 2521944.38 1182481.46  53.1%   5.4 1480s
 312146 268706 1812089.97   99  331 2521944.38 1182481.46  53.1%   5.3 1485s
 312861 269430 1669399.72   96  270 2521944.38 1182505.33  53.1%   5.4 1490s
 314529 271037 2315749.79  505  131 2521944.38 1182505.33  53.1%   5.3 1495s
 315587 271786 2402887.08 1002  128 2521944.38 1182505.33  53.1%   5.4 1506s
 316150 272382 1589033.31   83  270 2521944.38 1182515.47  53.1%   5.4 1510s
 317004 273155 1964605.87  118  305 2521944.38 1182515.47  53.1%   5.4 1515s
 318073 274136 2056639.96  109  241 2521944.38 1182614.11  53.1%   5.4 1520s
 319547 275476 2386619.74  561  129 2521944.38 1182614.11  53.1%   5.4 1525s
 321006 276749 2045154.68  163  253 2521944.38 1182657.37  53.1%   5.4 1530s
 322131 277669     cutoff  224      2521944.38 1182689.06  53.1%   5.4 1535s
 323084 278610 2118434.34  173  165 2521944.38 1182705.88  53.1%   5.4 1540s
 324259 279736 2313115.39  379  144 2521944.38 1182705.88  53.1%   5.4 1545s
 325473 280680 2056384.24   56  363 2521944.38 1182757.48  53.1%   5.4 1552s
 325792 281037 2245505.88  172  213 2521944.38 1182790.97  53.1%   5.4 1555s
 326653 281732 1979982.07   89  357 2521944.38 1182854.79  53.1%   5.4 1560s
 327493 282644 2295248.81  315  154 2521944.38 1182854.79  53.1%   5.4 1565s
 328910 283766 1970328.77  131  310 2521944.38 1182882.83  53.1%   5.4 1570s
 329566 284403 1703841.49   88  316 2521944.38 1182952.68  53.1%   5.4 1575s
 330634 285157 2350365.88  400  112 2521944.38 1182952.68  53.1%   5.4 1583s
 330876 285551 2436320.40  478   75 2521944.38 1182952.68  53.1%   5.4 1585s
 331752 286422 2141678.44  140  160 2521944.38 1182965.86  53.1%   5.4 1590s
 333468 288167 2399971.97  675   68 2521944.38 1182965.86  53.1%   5.4 1595s
 334909 289348 2416715.77  431  228 2521944.38 1182970.01  53.1%   5.4 1600s
 335768 290135 2309163.80  195  204 2521944.38 1182972.17  53.1%   5.4 1605s
 336842 290940     cutoff  285      2521944.38 1183020.21  53.1%   5.4 1610s
 337785 291634 2183130.50  309  305 2521944.38 1183048.56  53.1%   5.4 1621s
 338295 292145 2368434.27  253  167 2521944.38 1183113.44  53.1%   5.4 1625s
 339265 293371     cutoff  266      2521944.38 1183171.98  53.1%   5.4 1630s
 340770 294448     cutoff  383      2521944.38 1183223.00  53.1%   5.4 1635s
 341745 295354 1656998.21   88  332 2521944.38 1183232.12  53.1%   5.4 1640s
 342677 296194 1917084.10  114  327 2521944.38 1183273.19  53.1%   5.4 1645s
 344036 297278 2503223.04  297  162 2521944.38 1183295.07  53.1%   5.4 1650s
 345363 298550 2151496.25  151  191 2521944.38 1183371.20  53.1%   5.4 1655s
 346329 299439 2217611.53   58  237 2521944.38 1183396.25  53.1%   5.4 1660s
 347241 300250 1662803.56   97  255 2521944.38 1183436.90  53.1%   5.4 1665s
 348438 301667 2348939.27  353   71 2521944.38 1183436.90  53.1%   5.4 1670s
 350191 303016 2470213.52 1143   54 2521944.38 1183446.10  53.1%   5.4 1675s
 350594 303218 2043061.00  185  330 2521944.38 1183446.10  53.1%   5.4 1681s
 351132 303888 2510547.99  397  163 2521944.38 1183448.17  53.1%   5.4 1685s
 351970 304553 2191213.20  126  233 2521944.38 1183491.76  53.1%   5.4 1690s
 352887 305377     cutoff  340      2521944.38 1183523.32  53.1%   5.4 1695s
 354095 306370 2272243.59  263  136 2521944.38 1183523.32  53.1%   5.4 1700s
 355594 307804 2455950.59 1265   59 2521944.38 1183568.40  53.1%   5.4 1705s
 356615 308658 2075021.33  229  316 2521944.38 1183659.72  53.1%   5.4 1710s
 357377 309270     cutoff  613      2521944.38 1183700.54  53.1%   5.4 1721s
 357859 309773 2030027.11  103  360 2521944.38 1183720.31  53.1%   5.4 1725s
 358797 310541 2372600.88  225  291 2521944.38 1183720.31  53.1%   5.4 1730s
 359687 311491 2168717.61  370  297 2521944.38 1183722.19  53.1%   5.4 1735s
 360711 312354     cutoff  293      2521944.38 1183739.29  53.1%   5.4 1740s
 361624 313175 2090933.50  228  308 2521944.38 1183785.71  53.1%   5.4 1745s
 362872 314137 2106815.24  167  193 2521944.38 1183795.97  53.1%   5.4 1750s
 364085 315494 2512663.53  283  145 2521944.38 1183870.92  53.1%   5.4 1756s
 365048 316268 2296466.01  276  160 2521944.38 1184022.77  53.1%   5.4 1760s
 366131 317174 2179703.57  250  300 2521944.38 1184028.77  53.1%   5.4 1765s
 366955 317978 2393107.83  471  286 2521944.38 1184028.77  53.1%   5.4 1770s
 367869 318887 2470219.49  713  283 2521944.38 1184028.77  53.1%   5.4 1775s
 368203 319041 2479864.32  801  265 2521944.38 1184028.77  53.1%   5.4 1781s
 368675 319654 2498067.63  887  282 2521944.38 1184028.77  53.1%   5.4 1786s
 369472 320715     cutoff  957      2521944.38 1184078.81  53.0%   5.4 1790s
 370787 321649 1980907.65   86  367 2521944.38 1184078.81  53.0%   5.4 1795s
 371883 322557 2159969.24  133  235 2521944.38 1184163.44  53.0%   5.4 1800s
 372610 323303 2168316.90  193  174 2521944.38 1184219.61  53.0%   5.4 1805s
 373567 324210 2172761.03  294  300 2521944.38 1184348.18  53.0%   5.4 1810s
 374905 325512 2496480.25  487  260 2521944.38 1184353.96  53.0%   5.4 1816s
 375895 326319 2004710.95  130  343 2521944.38 1184411.91  53.0%   5.4 1820s
 376692 327157 2319408.08  537  146 2521944.38 1184411.91  53.0%   5.4 1825s
 377354 327598 2355188.52  295  147 2521944.38 1184519.20  53.0%   5.4 1834s
 377404 327707 2416888.42  315  134 2521944.38 1184519.20  53.0%   5.4 1835s
 378103 328206 2472455.26  223  189 2521944.38 1184622.89  53.0%   5.4 1840s
 378695 328779 2019015.02   59  358 2521944.38 1184812.83  53.0%   5.4 1845s
 379901 330136 2379419.20  227  175 2521944.38 1184812.83  53.0%   5.4 1850s
 381118 330961 2202214.78   41  238 2521944.38 1184893.13  53.0%   5.4 1855s
 381999 331663     cutoff  302      2521944.38 1184986.52  53.0%   5.4 1860s
 382815 332502 2120343.25  147  321 2521944.38 1185053.35  53.0%   5.4 1865s
 384057 333768 2368671.56  339  285 2521944.38 1185053.35  53.0%   5.4 1870s
 385045 334640 2472261.76  464  279 2521944.38 1185053.35  53.0%   5.4 1875s
 386004 335404 2444252.48  219  200 2521944.38 1185544.63  53.0%   5.4 1880s
 386720 336020 2035694.34  111  345 2521944.38 1185597.60  53.0%   5.4 1885s
 387807 337101 2337828.42  195  295 2521944.38 1185597.60  53.0%   5.4 1890s
 388959 338246 1985969.59  107  210 2521944.38 1185631.29  53.0%   5.4 1895s
 390131 339164 2082157.81   93  362 2521944.38 1185870.54  53.0%   5.4 1900s
 391334 340262 2010604.55  115  355 2521944.38 1186124.32  53.0%   5.4 1905s
 392702 341524 2311493.87  282  293 2521944.38 1186124.32  53.0%   5.4 1911s
 393871 342447 2417120.90  381  285 2521944.38 1186124.32  53.0%   5.4 1915s
 394688 343178     cutoff  469      2521944.38 1186334.12  53.0%   5.5 1920s
 395588 343900     cutoff  363      2521944.38 1186390.97  53.0%   5.5 1925s
 396428 344588 2023318.00  110  359 2521944.38 1186447.36  53.0%   5.5 1930s
 397882 346301 2335767.46  328  301 2521944.38 1186447.36  53.0%   5.5 1935s
 399513 347608 2483608.16  454  288 2521944.38 1186447.36  53.0%   5.5 1940s
 400445 348422 2429379.38  309  123 2521944.38 1186474.61  53.0%   5.5 1945s
 401556 349473 1831990.64  104  219 2521944.38 1186670.14  52.9%   5.5 1950s
 403161 350841     cutoff  271      2521944.38 1186862.19  52.9%   5.5 1955s
 404300 351861 2509740.85  346  188 2521944.38 1187032.81  52.9%   5.5 1960s
 405391 352790 2325442.16  222  155 2521944.38 1187258.72  52.9%   5.5 1965s
 406291 353592     cutoff  198      2521944.38 1187488.43  52.9%   5.5 1970s
 407584 354626 2200939.73  295  308 2521944.38 1187520.58  52.9%   5.5 1975s
 408529 355657 2342983.70  411  285 2521944.38 1187520.58  52.9%   5.5 1980s
 409913 357016 2494807.84  531  266 2521944.38 1187520.58  52.9%   5.5 1985s
 411471 358464 2391693.45  349  174 2521944.38 1187566.86  52.9%   5.5 1990s
 412824 359645 2337678.22  299  160 2521944.38 1187594.77  52.9%   5.5 1995s
 413901 360427     cutoff  188      2521944.38 1187634.14  52.9%   5.5 2000s
 415001 361786 2214313.77  378  286 2521944.38 1187644.71  52.9%   5.5 2005s
 417197 363695 1800739.84   95  237 2521944.38 1187669.48  52.9%   5.5 2010s
 418380 364627 2125038.88   81  237 2521944.38 1187744.17  52.9%   5.5 2015s
 419224 365381 2245493.30  183  154 2521944.38 1187815.28  52.9%   5.5 2020s
 420460 366299 2457632.74  288  143 2521944.38 1187815.28  52.9%   5.5 2025s
 421554 367314 2115871.15  197  185 2521944.38 1188088.57  52.9%   5.5 2030s
 422651 368174     cutoff  219      2521944.38 1188250.78  52.9%   5.5 2036s
 423744 369149 2436307.91  448  132 2521944.38 1188351.14  52.9%   5.5 2040s
 424621 369975 2161334.24  187  176 2521944.38 1188529.38  52.9%   5.5 2045s
 425777 371011 2242566.31  110  236 2521944.38 1188740.37  52.9%   5.5 2050s
 426817 371894 2107940.15  286  330 2521944.38 1188841.34  52.9%   5.5 2055s
 428279 373589 2348056.76  478  277 2521944.38 1188841.34  52.9%   5.5 2060s
 429846 374819 2153275.91  229  184 2521944.38 1188906.21  52.9%   5.5 2065s
Created node file directory '/home/ps12398/experiment_epec/goalProgrammingMarcos//grbnodes14'
 431154 375942 2187158.22  302  178 2521944.38 1189167.11  52.8%   5.5 2086s
 431976 376681 2151167.12  336  317 2521944.38 1189167.11  52.8%   5.5 2090s
 433042 377714 2403838.46  451  275 2521944.38 1189167.11  52.8%   5.5 2095s
 434101 378530 2501187.07  314  106 2521944.38 1189315.69  52.8%   5.5 2100s
 434840 379082     cutoff  291      2521944.38 1189649.06  52.8%   5.5 2105s
 435805 380025 2509582.91  194  199 2521944.38 1189750.98  52.8%   5.5 2110s
 436546 380739 1981077.05   98  366 2521944.38 1189899.50  52.8%   5.6 2115s
 437546 381689 2414670.22  251  282 2521944.38 1189899.50  52.8%   5.6 2120s
 438873 382867 2509721.44  616  136 2521944.38 1190347.28  52.8%   5.6 2125s
 439948 383858 2146176.14  449  312 2521944.38 1190347.28  52.8%   5.6 2143s
 440285 384173 2185454.48  478  301 2521944.38 1190347.28  52.8%   5.6 2145s
 442041 385822     cutoff  631      2521944.38 1190347.28  52.8%   5.6 2150s
 443021 386796 2384019.14  220  171 2521944.38 1190908.44  52.8%   5.6 2156s
 444273 387886 2503357.48  304  162 2521944.38 1191178.75  52.8%   5.6 2160s
 445279 388807 1915013.54  118  216 2521944.38 1191542.87  52.8%   5.6 2165s
 446328 389789 2440153.64  168  329 2521944.38 1191908.14  52.7%   5.6 2170s
 447294 390558 2424249.71  332  132 2521944.38 1192030.39  52.7%   5.6 2175s
 448803 392019 2288260.77  415  160 2521944.38 1193271.88  52.7%   5.6 2192s
 449668 392881 2066873.78  166  220 2521944.38 1193410.57  52.7%   5.6 2195s
 450560 393758 2251694.05  230  217 2521944.38 1193451.54  52.7%   5.6 2200s
 451683 394654 2448742.59  528  127 2521944.38 1193773.54  52.7%   5.6 2205s
 452743 395588 1975787.96  121  218 2521944.38 1194613.90  52.6%   5.6 2210s
 453620 396298 2376809.87  152  222 2521944.38 1194895.50  52.6%   5.6 2215s
 454893 397533 2269153.86  212  161 2521944.38 1195363.73  52.6%   5.6 2220s
 456036 398302     cutoff  264      2521944.38 1195378.60  52.6%   5.6 2225s
 457232 399374 2141680.92  165  198 2521944.38 1195989.31  52.6%   5.6 2230s
 457978 399937 2448217.00  199  208 2521944.38 1196185.52  52.6%   5.6 2235s
 458975 400827 2492295.84  341  117 2521944.38 1196628.82  52.6%   5.6 2240s
 459184 401069 2514874.79  343  116 2521944.38 1197007.82  52.5%   5.6 2251s
 460133 401834 2370193.65  213  170 2521944.38 1197362.17  52.5%   5.6 2255s
 461342 402834 1994652.86  114  342 2521944.38 1197558.66  52.5%   5.6 2260s
 462548 404021 2285672.41  169  308 2521944.38 1197575.22  52.5%   5.6 2265s
 464023 405329 2409216.66  440  134 2521944.38 1197698.62  52.5%   5.6 2270s
 465496 406432     cutoff  358      2521944.38 1198230.17  52.5%   5.6 2275s
 466885 407878 2221974.88  374  189 2521944.38 1198247.91  52.5%   5.6 2280s
 468410 409396 2416053.32  598  131 2521944.38 1198247.91  52.5%   5.5 2285s
H468999 409844                    2514718.1553 1198247.91  52.4%   5.5 2287s
 469652 410296 2150232.93  136  218 2514718.16 1198424.59  52.3%   5.5 2290s
 470607 411217 2199529.63  245  176 2514718.16 1198557.39  52.3%   5.5 2306s
 471385 412008 1886471.54  106  224 2514718.16 1198657.83  52.3%   5.5 2310s
 472676 413213 2303722.68  283  133 2514718.16 1198657.83  52.3%   5.5 2315s
 473880 414330 1756390.83   45  282 2514718.16 1198723.77  52.3%   5.5 2320s
 474945 415082 2115750.94  131  224 2514718.16 1198727.40  52.3%   5.5 2325s
 475889 415959 2161853.16  136  188 2514718.16 1198836.57  52.3%   5.5 2330s
 477000 416904 2039017.53  135  240 2514718.16 1198973.99  52.3%   5.5 2335s
 478156 418000 2214404.59  408  194 2514718.16 1198973.99  52.3%   5.5 2340s
 479490 419307 2373764.94  590  143 2514718.16 1198973.99  52.3%   5.5 2345s
H480348 412914                    2493840.6603 1198973.99  51.9%   5.5 2348s
 480750 413305 2240221.81  148  201 2493840.66 1199876.70  51.9%   5.5 2361s
 481563 414066 infeasible  205      2493840.66 1199939.00  51.9%   5.5 2365s
 483146 415463 2067284.14  140  193 2493840.66 1199997.86  51.9%   5.5 2370s
 484250 416434 2256776.43  340  148 2493840.66 1199997.86  51.9%   5.5 2375s
 485422 417531 2473087.09  570   69 2493840.66 1200327.21  51.9%   5.5 2380s
 486442 418203 2487407.98  223  153 2493840.66 1200476.88  51.9%   5.5 2385s
 487431 419138 2398026.09  362  141 2493840.66 1200814.88  51.8%   5.5 2390s
 488662 420260 2286760.79  228  169 2493840.66 1200916.70  51.8%   5.5 2395s
 489479 420817 2487671.22  256  152 2493840.66 1201127.85  51.8%   5.5 2409s
 489570 421141 2066072.99   85  259 2493840.66 1201159.83  51.8%   5.5 2410s
 490665 421927     cutoff  333      2493840.66 1201621.32  51.8%   5.5 2415s
 491490 422551     cutoff  281      2493840.66 1201676.97  51.8%   5.5 2420s
 492552 423584 2136873.42  102  258 2493840.66 1202101.58  51.8%   5.5 2425s
 493344 424036     cutoff  234      2493840.66 1202608.37  51.8%   5.5 2430s
 494131 424728 1997563.43  101  228 2493840.66 1202760.85  51.8%   5.5 2435s
 495123 425538 2481186.87  321  111 2493840.66 1203178.63  51.8%   5.5 2440s
 496228 426391 2430273.35  256  125 2493840.66 1203497.80  51.7%   5.5 2445s
 497449 427672 2190004.50  214  194 2493840.66 1203670.54  51.7%   5.5 2450s
 498932 428945 2368577.00  469  123 2493840.66 1203670.54  51.7%   5.5 2455s
 499144 429112 2419376.24  510  111 2493840.66 1203670.54  51.7%   5.5 2468s
 499580 429419 1890504.08  109  214 2493840.66 1203853.43  51.7%   5.5 2470s
 500642 430432 2252383.48  210  173 2493840.66 1205758.02  51.7%   5.5 2475s
 501494 431191     cutoff  263      2493840.66 1206187.44  51.6%   5.5 2480s
 502882 432482 2047404.28  169  320 2493840.66 1207266.28  51.6%   5.5 2485s
H503386 425760                    2492721.2115 1207266.28  51.6%   5.5 2486s
H503857 426211                    2485989.9891 1207343.92  51.4%   5.5 2488s
 504112 426515 2340495.49  231  194 2485989.99 1207343.92  51.4%   5.5 2490s
 505289 427558 2113009.03  173  209 2485989.99 1208163.98  51.4%   5.5 2495s
 506649 428659 2339372.94  444  164 2485989.99 1208163.98  51.4%   5.5 2500s
 507502 429398 2422703.81  586  278 2485989.99 1208163.98  51.4%   5.5 2505s
 507794 429626 2477270.48  628  136 2485989.99 1208163.98  51.4%   5.5 2520s
 508765 430621 2297574.75  280  137 2485989.99 1209295.16  51.4%   5.5 2525s
 510013 431836 2456358.18  677  112 2485989.99 1209295.16  51.4%   5.5 2530s
 511189 432774 2423599.61  285  114 2485989.99 1209523.87  51.3%   5.5 2535s
 512277 433845     cutoff  263      2485989.99 1211367.27  51.3%   5.5 2540s
 513560 434864 2340058.40  258  176 2485989.99 1211768.47  51.3%   5.5 2545s
 514640 435838 2473523.24  215  144 2485989.99 1212175.36  51.2%   5.5 2550s
 514944 436253 2312295.64  231  136 2485989.99 1212175.36  51.2%   5.5 2562s
 515788 436851 2481288.31  280  112 2485989.99 1213268.12  51.2%   5.5 2565s
 516766 437751 2206854.17  323  302 2485989.99 1213268.12  51.2%   5.5 2570s
 517837 438706 2434733.65  242  111 2485989.99 1214006.91  51.2%   5.5 2575s
 519161 439959 2381648.11  198  143 2485989.99 1214099.72  51.2%   5.5 2580s
 520236 440815 2468042.15  274  102 2485989.99 1214349.84  51.2%   5.5 2585s
 521068 441608 2173329.09  168  166 2485989.99 1214522.88  51.1%   5.5 2590s
 522142 442557 2130208.71  289  321 2485989.99 1214679.52  51.1%   5.5 2595s
 523279 443682 2378022.51  558  273 2485989.99 1214679.52  51.1%   5.6 2609s
 523524 443824 2435708.15  648  266 2485989.99 1214679.52  51.1%   5.6 2610s
 524623 444780 2319137.44  212  153 2485989.99 1216732.91  51.1%   5.6 2615s
 525603 445670 1934581.70  115  209 2485989.99 1217491.12  51.0%   5.6 2621s
 526619 446442 2225157.55  258  164 2485989.99 1217491.12  51.0%   5.5 2625s
 527614 447476 2348446.94  414  121 2485989.99 1217491.12  51.0%   5.5 2630s
 528833 448465 2228061.01  190  172 2485989.99 1218738.05  51.0%   5.5 2635s
 529981 449627 2104176.15  256  312 2485989.99 1219013.71  51.0%   5.5 2640s
 530500 450007 2228794.36  322  292 2485989.99 1219013.71  51.0%   5.5 2653s
 530759 450275 2290617.22  378  283 2485989.99 1219013.71  51.0%   5.5 2655s
 531569 451063 2448304.55  478  264 2485989.99 1219013.71  51.0%   5.6 2660s
 532641 451731     cutoff  260      2485989.99 1219596.17  50.9%   5.6 2665s
 533795 452862 2090767.52  275  328 2485989.99 1219696.16  50.9%   5.6 2670s
 534830 453770 2301445.18  464  294 2485989.99 1219696.16  50.9%   5.6 2675s
 535800 454630 2481669.67  558  267 2485989.99 1220386.24  50.9%   5.6 2681s
 536605 455170     cutoff  292      2485989.99 1220638.47  50.9%   5.6 2685s
 537587 456243 2168255.28  254  317 2485989.99 1220649.77  50.9%   5.6 2690s
 537977 456719 2253594.32  327  296 2485989.99 1220649.77  50.9%   5.6 2702s
 538633 457301 2398706.33  419  283 2485989.99 1220649.77  50.9%   5.6 2706s
 539200 457737 2479503.27  460  269 2485989.99 1220778.22  50.9%   5.6 2710s
 540176 458511 2322532.94  223  132 2485989.99 1221932.32  50.8%   5.6 2715s
 541402 459628 2100069.16  139  177 2485989.99 1222412.97  50.8%   5.6 2720s
 542592 460790 1996056.17  135  344 2485989.99 1222618.22  50.8%   5.6 2725s
 543794 461769 2461263.22  282  277 2485989.99 1222618.22  50.8%   5.6 2730s
 544606 462565 2484076.08  244  113 2485989.99 1223363.54  50.8%   5.6 2735s
 544879 462869 2209972.06  188  184 2485989.99 1223363.54  50.8%   5.6 2747s
 545595 463303 2286914.29  197  148 2485989.99 1223701.17  50.8%   5.6 2750s
 546430 464025 2171999.26  267  184 2485989.99 1224431.33  50.7%   5.6 2755s
 547370 465030 2343607.42  419  286 2485989.99 1224431.33  50.7%   5.6 2760s
 548739 466093 2417466.07  241  118 2485989.99 1225234.89  50.7%   5.6 2765s
 549748 467092 2081318.42  242  329 2485989.99 1225243.70  50.7%   5.6 2770s
 550849 468171 2262166.99  416  284 2485989.99 1225243.70  50.7%   5.6 2775s
 551917 469123 2458244.35  518  261 2485989.99 1225243.70  50.7%   5.6 2795s
 553030 469937 2476959.80  268  107 2485989.99 1226788.29  50.7%   5.6 2800s
 553913 470624     cutoff  285      2485989.99 1227016.46  50.6%   5.6 2805s
 554584 471148 2482448.76  197  204 2485989.99 1227780.46  50.6%   5.6 2810s
 555605 472219 2319393.50  227  154 2485989.99 1228071.14  50.6%   5.6 2815s
 556443 472808 2224225.62  211  181 2485989.99 1228375.88  50.6%   5.6 2820s
 557410 473362 2214684.37  181  222 2485989.99 1229848.95  50.5%   5.6 2825s
 558531 474294 2474764.95  309  103 2485989.99 1230048.70  50.5%   5.6 2830s
 559433 475084     cutoff  228      2485989.99 1230063.02  50.5%   5.6 2835s
 559812 475386     cutoff  234      2485989.99 1230063.02  50.5%   5.6 2846s
 560525 476182 2473771.42  221  184 2485989.99 1230094.48  50.5%   5.6 2850s
 561757 477092     cutoff  321      2485989.99 1230094.48  50.5%   5.6 2855s
 562576 477558 2025524.85  185  337 2485989.99 1230107.23  50.5%   5.6 2860s
 563534 478559 2287622.52  416  294 2485989.99 1230107.23  50.5%   5.6 2865s
 564624 479217 2385526.85  225  131 2485989.99 1231520.83  50.5%   5.7 2870s
 565242 479511 2475062.00  275  116 2485989.99 1232091.22  50.4%   5.7 2875s
 566470 480479     cutoff  388      2485989.99 1232199.80  50.4%   5.7 2880s
 567416 481255     cutoff  247      2485989.99 1232201.70  50.4%   5.6 2885s
 568173 481855 2401253.45  227  129 2485989.99 1232227.49  50.4%   5.6 2898s
 568480 481890     cutoff  250      2485989.99 1232227.49  50.4%   5.6 2900s
 568980 482124 2172618.36  150  169 2485989.99 1232310.81  50.4%   5.6 2905s
 569710 482403 2462668.55  224  177 2485989.99 1232772.18  50.4%   5.6 2910s
 570429 483017 1990717.32  124  193 2485989.99 1233018.06  50.4%   5.7 2915s
 571398 483680 2004605.03  126  192 2485989.99 1233018.06  50.4%   5.6 2920s
 572337 484453 2011564.66  127  191 2485989.99 1233018.06  50.4%   5.6 2925s
 573894 486084 2018524.29  128  190 2485989.99 1233018.06  50.4%   5.6 2930s
 575079 486926 2025483.92  129  189 2485989.99 1233018.06  50.4%   5.6 2935s
 576050 487908 2022539.78  128  190 2485989.99 1233018.06  50.4%   5.6 2948s
 576472 488388 2032443.54  130  188 2485989.99 1233018.06  50.4%   5.6 2950s
 578081 489980 2029499.41  129  189 2485989.99 1233018.06  50.4%   5.6 2955s
 579384 491057 2036459.03  130  188 2485989.99 1233018.06  50.4%   5.6 2960s
 580277 491733 2046362.80  132  186 2485989.99 1233018.06  50.4%   5.6 2965s
 581200 492468 2053322.43  133  185 2485989.99 1233018.06  50.4%   5.6 2970s
 582218 493296 2050378.29  132  186 2485989.99 1233018.06  50.4%   5.6 2975s
 583146 494035 2057337.92  133  185 2485989.99 1233018.06  50.4%   5.6 2980s
 584428 495298 2067241.68  135  183 2485989.99 1233018.06  50.4%   5.6 2985s
 585729 496611 2074201.31  136  182 2485989.99 1233018.06  50.4%   5.6 2990s
 587232 497990 2068129.41  136  183 2485989.99 1233018.06  50.4%   5.6 3004s
 587399 498092 infeasible  137      2485989.99 1233018.06  50.4%   5.6 3005s
 588305 498713 infeasible  137      2485989.99 1233018.06  50.4%   5.6 3010s
 589710 499809 2068986.81  136  182 2485989.99 1233018.06  50.4%   5.6 3015s
 590965 500409 2082486.90  138  180 2485989.99 1233018.06  50.4%   5.6 3020s
 591834 500546 infeasible  139      2485989.99 1233018.06  50.4%   5.6 3025s
 592935 501261 2138193.17  174  166 2485989.99 1233018.06  50.4%   5.6 3030s
 593845 502014 2199811.83  233  164 2485989.99 1233018.06  50.4%   5.6 3035s
 594781 502758 2244918.99  303  147 2485989.99 1233018.06  50.4%   5.6 3040s
 595837 503883 2356519.69  385  104 2485989.99 1233018.06  50.4%   5.6 3045s
 597439 505268 2470721.20  521   58 2485989.99 1235258.04  50.3%   5.6 3050s
 598485 506184 2470675.55  442  313 2485989.99 1235258.04  50.3%   5.6 3055s
 599192 506503 2467327.91  236  311 2485989.99 1235366.52  50.3%   5.6 3069s
 599361 506513 2474834.52  237  311 2485989.99 1235366.52  50.3%   5.6 3070s
 600111 507041 2472513.61  339  160 2485989.99 1235504.32  50.3%   5.6 3075s
 601018 507775 2460406.78  236  135 2485989.99 1235798.43  50.3%   5.6 3080s
 601875 508430     cutoff  238      2485989.99 1235798.43  50.3%   5.6 3085s
 602966 509391 2439707.80  272  201 2485989.99 1235798.43  50.3%   5.6 3090s
 604174 510389 2480910.79  211  200 2485989.99 1237494.06  50.2%   5.6 3095s
 605619 511909 2122524.53  165  317 2485989.99 1237494.06  50.2%   5.6 3100s
 606449 512717 2243201.72  181  174 2485989.99 1237494.06  50.2%   5.6 3112s
 607534 513593 2384532.92  225  284 2485989.99 1237494.06  50.2%   5.6 3115s
 608383 514096 2459030.70  259  276 2485989.99 1237494.06  50.2%   5.6 3120s
 609275 514424 1938323.01  117  203 2485989.99 1237725.95  50.2%   5.6 3125s
 610414 515381 2067249.00  167  226 2485989.99 1238048.12  50.2%   5.6 3130s
 611543 516335 1951602.77  123  210 2485989.99 1238304.09  50.2%   5.6 3135s
 612705 517307     cutoff  252      2485989.99 1238476.47  50.2%   5.6 3141s
 613379 517902     cutoff  258      2485989.99 1238476.65  50.2%   5.6 3145s
 614338 518469     cutoff  256      2485989.99 1238916.76  50.2%   5.6 3150s
 615125 518964     cutoff  293      2485989.99 1239018.90  50.2%   5.6 3155s
 615458 519537 1953653.73  125  201 2485989.99 1239329.32  50.1%   5.6 3170s
 616806 520765 1974146.94  128  198 2485989.99 1239329.32  50.1%   5.6 3175s
 618120 522041 1980978.01  129  197 2485989.99 1239329.32  50.1%   5.6 3180s
 619222 522928 1987809.08  130  196 2485989.99 1239329.32  50.1%   5.6 3185s
 620319 523672 1993429.97  129  195 2485989.99 1239329.32  50.1%   5.6 3190s
 621492 524733 2000261.04  130  194 2485989.99 1239329.32  50.1%   5.6 3195s
 622476 525376 2001471.23  132  194 2485989.99 1239329.32  50.1%   5.6 3200s
 623328 526001 2007092.11  131  193 2485989.99 1239329.32  50.1%   5.6 3215s
 624096 526667 2008302.30  133  193 2485989.99 1239329.32  50.1%   5.6 3220s
 625015 527313 2015102.25  134  193 2485989.99 1239329.32  50.1%   5.6 3225s
 626084 528222 2020723.14  133  192 2485989.99 1239329.32  50.1%   5.6 3230s
 627252 529141 2023369.43  136  192 2485989.99 1239329.32  50.1%   5.6 3235s
 628210 529758 2112657.95  137  194 2485989.99 1239329.32  50.1%   5.6 3240s
 629227 530229 2030046.89  138  192 2485989.99 1239329.32  50.1%   5.6 3245s
 629935 530542 2053041.43  139  188 2485989.99 1239329.32  50.1%   5.6 3250s
 630848 531159 2148024.61  195  172 2485989.99 1239329.32  50.1%   5.6 3255s
 632108 532528 2195802.38  310  166 2485989.99 1239329.32  50.1%   5.6 3260s
 633340 533816 2260824.37  356  154 2485989.99 1239329.32  50.1%   5.6 3265s
 634444 535003 2302510.69  438  141 2485989.99 1239329.32  50.1%   5.6 3270s
 635973 536204 2389428.48  537  124 2485989.99 1239329.32  50.1%   5.6 3276s
 636636 536776 2435071.20  562  116 2485989.99 1239329.32  50.1%   5.6 3288s
 637147 537102 2464869.61  593  107 2485989.99 1239329.32  50.1%   5.6 3290s
 637988 537739 2003558.94  137  341 2485989.99 1244332.28  49.9%   5.6 3295s
 638916 538021 2422720.70  241  141 2485989.99 1244730.84  49.9%   5.6 3300s
 639696 538560 1959190.56  131  197 2485989.99 1244842.47  49.9%   5.6 3305s
 640540 539278 1979349.18  134  194 2485989.99 1244842.47  49.9%   5.6 3310s
 641962 540659 1991839.53  134  192 2485989.99 1244842.47  49.9%   5.6 3315s
 642187 540919 1991839.53  134  192 2485989.99 1244842.47  49.9%   5.6 3326s
 643200 541633 1998559.07  135  191 2485989.99 1244842.47  49.9%   5.6 3330s
 644226 542596 1999507.81  137  191 2485989.99 1244842.47  49.9%   5.6 3335s
 645802 544091 2006227.35  138  190 2485989.99 1244842.47  49.9%   5.5 3340s
 646822 545134 2012946.89  139  189 2485989.99 1244842.47  49.9%   5.5 3345s
 648057 546183 2018717.70  138  188 2485989.99 1244842.47  49.9%   5.5 3350s
 649322 547286 2025437.24  139  187 2485989.99 1244842.47  49.9%   5.5 3355s
 650426 548159 2032156.78  140  186 2485989.99 1244842.47  49.9%   5.5 3360s
 651503 548970 2033105.52  142  186 2485989.99 1244842.47  49.9%   5.5 3365s
 652334 549693 infeasible  144      2485989.99 1244842.47  49.9%   5.5 3370s
 653417 550431 2034328.06  143  186 2485989.99 1244842.47  49.9%   5.5 3375s
 654479 551041 2047546.57  145  184 2485989.99 1244842.47  49.9%   5.5 3380s
 655699 551792 2058248.83  146  184 2485989.99 1244842.47  49.9%   5.5 3385s
 656872 552627 infeasible  149      2485989.99 1244842.47  49.9%   5.5 3390s
 657901 553669 2152245.70  196  165 2485989.99 1244842.47  49.9%   5.5 3404s
 658176 553914 2169463.13  204  166 2485989.99 1244842.47  49.9%   5.5 3405s
 659647 555323 2230632.98  245  157 2485989.99 1244842.47  49.9%   5.5 3410s
 660916 556458 2305154.92  360  132 2485989.99 1244842.47  49.9%   5.5 3415s
 662390 557532 2408840.17  497   91 2485989.99 1244842.47  49.9%   5.5 3420s
 663673 558751 2451692.36  614   71 2485989.99 1244842.47  49.9%   5.5 3425s
 664857 559164 2467974.91  259  131 2485989.99 1246516.97  49.9%   5.5 3430s
 665529 559488     cutoff  236      2485989.99 1246677.33  49.9%   5.5 3435s
 666411 560142 1951605.65  113  198 2485989.99 1246717.25  49.9%   5.5 3451s
 667389 561191 1998646.53  120  191 2485989.99 1246717.25  49.9%   5.5 3455s
 668332 561861 2005366.66  121  190 2485989.99 1246717.25  49.9%   5.5 3460s
 669389 562635 2018806.91  123  188 2485989.99 1246717.25  49.9%   5.5 3465s
 670201 563329 2024654.11  122  187 2485989.99 1246717.25  49.9%   5.5 3470s
 671211 564128 2025527.04  124  187 2485989.99 1246717.25  49.9%   5.5 3475s
 672086 564884 2032247.16  125  186 2485989.99 1246717.25  49.9%   5.5 3480s
 673087 565702 2038967.29  126  185 2485989.99 1246717.25  49.9%   5.5 3485s
 674277 566886 2045687.42  127  184 2485989.99 1246717.25  49.9%   5.5 3490s
 675459 568062 2051534.61  126  183 2485989.99 1246717.25  49.9%   5.5 3495s
 676519 569141 2052407.54  128  183 2485989.99 1246717.25  49.9%   5.5 3500s
 676776 569401 2058254.74  127  182 2485989.99 1246717.25  49.9%   5.5 3509s
 677036 569670 2058254.74  127  182 2485989.99 1246717.25  49.9%   5.5 3510s
 678336 570829 2064974.87  128  181 2485989.99 1246717.25  49.9%   5.5 3515s
 679217 571558 2065847.80  130  181 2485989.99 1246717.25  49.9%   5.5 3520s
 680327 572597 2072567.92  131  180 2485989.99 1246717.25  49.9%   5.5 3525s
 681835 574066 2072567.92  131  180 2485989.99 1246717.25  49.9%   5.5 3530s
 683536 575584 2080086.27  133  179 2485989.99 1246717.25  49.9%   5.5 3535s
 684943 576709 2090975.55  134  179 2485989.99 1246717.25  49.9%   5.5 3540s
 686124 577620 2087443.29  134  177 2485989.99 1246717.25  49.9%   5.5 3545s
 687306 578084 infeasible  139      2485989.99 1246717.25  49.9%   5.5 3550s
 688215 578937 2183680.11  184  167 2485989.99 1246717.25  49.9%   5.5 3555s
 688484 579023 2196515.16  194  170 2485989.99 1246717.25  49.9%   5.5 3564s
 688782 579195 2214890.89  207  160 2485989.99 1246717.25  49.9%   5.5 3565s
 689927 580135 2278562.25  253  143 2485989.99 1246717.25  49.9%   5.5 3570s
 691112 581178 2304797.69  284  134 2485989.99 1246717.25  49.9%   5.5 3575s
 692291 582307 2366658.44  410   98 2485989.99 1246717.25  49.9%   5.5 3580s
 693836 583777 2458176.74  518   60 2485989.99 1246717.25  49.9%   5.5 3585s
 694778 584434 2484000.25  331  177 2485989.99 1250154.35  49.7%   5.5 3590s
 695480 584881 2444967.91  235  125 2485989.99 1250154.35  49.7%   5.5 3595s
 696279 585528     cutoff  267      2485989.99 1250508.16  49.7%   5.5 3600s

Cutting planes:
  RLT: 245

Explored 696436 nodes (3810609 simplex iterations) in 3600.18 seconds (2244.09 work units)
Thread count was 2 (of 24 available processors)

Solution count 10: 2.48599e+06 2.49272e+06 2.49384e+06 ... 2.55908e+06

Time limit reached
Best objective 2.485989989143e+06, best bound 1.250508164450e+06, gap 49.6978%
