
Gurobi 11.0.3 (linux64, Java) logging started dom 03 nov 2024 12:12:14 -03

Set parameter Username
Academic license - for non-commercial use only - expires 2025-10-10
Warning: Gurobi version mismatch between Java 11.0.1 and C library 11.0.3
Warning: Gurobi version mismatch between Java 11.0.1 and Jni 11.0.3
Set parameter NonConvex to value 2
Set parameter TimeLimit to value 3600
Set parameter LogToConsole to value 0
Set parameter MIPGap to value 2.4263079442362565e-08
Set parameter Threads to value 2
Set parameter NodefileDir to value "/home/ps12398/goal_programming/goalProgrammingMarcos/"
Set parameter NodefileStart to value 1
Gurobi Optimizer version 11.0.3 build v11.0.3rc0 (linux64)

CPU model: Intel(R) Xeon(R) CPU           X5650  @ 2.67GHz, instruction set [SSE2]
Thread count: 12 physical cores, 24 logical processors, using up to 2 threads

Optimize a model with 100830 rows, 69014 columns and 673386 nonzeros
Model fingerprint: 0xebcec4dc
Model has 190 quadratic constraints
Variable types: 34416 continuous, 34598 integer (185 binary)
Coefficient statistics:
  Matrix range     [5e-03, 9e+06]
  QMatrix range    [5e-03, 2e+05]
  QLMatrix range   [1e+00, 2e+05]
  Objective range  [1e+00, 8e+07]
  Bounds range     [1e+00, 1e+08]
  RHS range        [1e+00, 1e+06]
  QRHS range       [7e-02, 7e-02]
Presolve removed 98573 rows and 66603 columns
Presolve time: 0.49s
Presolved: 3619 rows, 2826 columns, 324367 nonzeros
Presolved model has 2 SOS constraint(s)
Presolved model has 185 bilinear constraint(s)

Solving non-convex MIQCP

Variable types: 675 continuous, 2151 integer (187 binary)

Root relaxation: objective 0.000000e+00, 382 iterations, 0.04 seconds (0.02 work units)

    Nodes    |    Current Node    |     Objective Bounds      |     Work
 Expl Unexpl |  Obj  Depth IntInf | Incumbent    BestBd   Gap | It/Node Time

     0     0    0.00000    0  253          -    0.00000      -     -    2s
     0     0    0.00000    0  369          -    0.00000      -     -    2s
     0     0    0.00000    0  360          -    0.00000      -     -    3s
     0     0    0.00000    0  388          -    0.00000      -     -    3s
     0     0    0.00000    0  379          -    0.00000      -     -    3s
     0     0    0.00000    0  381          -    0.00000      -     -    3s
     0     0    0.00000    0  330          -    0.00000      -     -    4s
     0     0    0.00000    0  319          -    0.00000      -     -    5s
     0     2    0.00000    0  283          -    0.00000      -     -    6s
   679   822    0.00000  259  201          -    0.00000      -  34.3   11s
  1800  2071 10848.9806  759  218          -    0.00000      -  21.2   15s
  3687  3686 28721.3492 1506  143          -    0.00000      -  14.5   22s
  3692  3690    0.00000  145  228          -    0.00000      -  14.5   25s
  3700  3695 11861.7118 1054  209          -    0.00000      -  14.4   30s
H 3729  3532                    3.021052e+07    0.00000   100%  21.5   33s
H 3730  3356                    2.131521e+07    0.00000   100%  21.5   33s
H 3731  3221                    1.919061e+07    0.00000   100%  21.5   33s
H 3747  3056                    1.313535e+07    0.00000   100%  21.6   33s
  3763  3150    0.00000   27  337 1.3135e+07    0.00000   100%  21.8   35s
H 3828  2977                    1.081835e+07    0.00000   100%  22.2   35s
H 3863  3001                    9658400.4185    0.00000   100%  22.4   38s
  4242  3443    0.00000  135  281 9658400.42    0.00000   100%  24.0   41s
H 4610  3419                    7651416.8862    0.00000   100%  22.9   42s
H 4844  3340                    6319496.4099    0.00000   100%  22.3   44s
  4972  3598    0.00000  316  197 6319496.41    0.00000   100%  22.1   45s
H 5156  3414                    6197398.3792    0.00000   100%  21.7   45s
H 5273  3387                    5506400.5331    0.00000   100%  21.5   47s
H 5343  3252                    5286526.2008    0.00000   100%  21.5   47s
H 5401  3351                    5003572.5492    0.00000   100%  21.4   48s
  5624  3653  923.95981  497  219 5003572.55    0.00000   100%  21.5   50s
H 6320  3642                    4655932.1033    0.00000   100%  21.2   51s
H 7053  4273                    4521778.6222    0.00000   100%  20.6   56s
H 7292  4430                    4519438.7291    0.00000   100%  20.4   57s
  8071  5001 17981.3775 1101  210 4519438.73    0.00000   100%  19.5   60s
H 8449  5062                    4485686.3746    0.00000   100%  19.4   62s
H 8950  5398                    4473947.6025    0.00000   100%  19.2   64s
  9098  5772 26718.4283 1402  210 4473947.60    0.00000   100%  19.2   66s
H 9472  5941                    4425128.0302    0.00000   100%  19.1   67s
 10000  6640 31209.2572 1623  205 4425128.03    0.00000   100%  19.1   71s
H10203  6640                    4422799.8200    0.00000   100%  19.0   71s
H11078  7599                    4416523.5744    0.00000   100%  19.1   76s
H11721  8298                    4264291.7615    0.00000   100%  18.7   79s
 11998  8705 45581.1977 2133  205 4264291.76    0.00000   100%  18.5   81s
H12750  9078                    4256313.3310    0.00000   100%  18.3   84s
 12778  9378 60779.6194 2319  199 4256313.33    0.00000   100%  18.3   87s
H12926  9378                    4252888.4478    0.00000   100%  18.3   87s
H13289  9665                    3982898.1923    0.00000   100%  18.3   89s
 13365 10021 64528.9051 2499  199 3982898.19    0.00000   100%  18.4   90s
H14091 10676                    3979841.8698    0.00000   100%  18.3   93s
 14376 11068 89292.8944 2770  203 3979841.87    0.00000   100%  18.3   95s
H15388 11690                    3969266.1878    0.00000   100%  18.1  102s
H15389 11690                    3966582.5944    0.00000   100%  18.1  102s
 16154 12799 104436.307 3255  202 3966582.59    0.00000   100%  17.9  105s
H16499 12801                    3959943.3496    0.00000   100%  17.9  106s
H16821 13385                    3959769.5573    0.00000   100%  17.9  109s
 17085 13621 119935.369 3515  201 3959769.56    0.00000   100%  18.0  110s
H17321 13821                    3781397.9247    0.00000   100%  18.2  112s
H18491 14793                    3775699.1168    0.00000   100%  18.2  116s
H18518 14991                    3757708.2809    0.00000   100%  18.2  117s
H18630 14991                    3753453.0343    0.00000   100%  18.2  117s
H19352 15933                    3703081.5578    0.00000   100%  18.1  120s
H19792 16152                    3611937.8136    0.00000   100%  18.2  122s
 20046 16348 137815.650 4399  192 3611937.81    0.00000   100%  18.2  126s
H20048 16504                    3610944.4291    0.00000   100%  18.2  128s
H20140 16504                    3515973.0489    0.00000   100%  18.2  128s
 20522 17160 141290.502 4531  192 3515973.05    0.00000   100%  18.3  131s
H21185 17561                    3514015.7087    0.00000   100%  18.4  134s
 21261 17939 145985.716 4745  193 3514015.71    0.00000   100%  18.3  135s
H21264 17939                    3514006.6291    0.00000   100%  18.3  135s
H21639 18259                    3513709.6781    0.00000   100%  18.2  137s
 22320 19039 147812.929 5017  191 3513709.68    0.00000   100%  18.0  140s
H22593 19039                    3512253.5651    0.00000   100%  17.9  140s
H22912 19339                    3505883.8939    0.00000   100%  17.9  141s
H23459 20035                    3501684.7579    0.00000   100%  17.7  144s
 23735 20411 161313.395 5361  193 3501684.76    0.00000   100%  17.6  145s
H24187 20734                    3501189.0545    0.00000   100%  17.5  147s
H24257 20734                    3495880.1969    0.00000   100%  17.5  147s
 24786 21382 165643.148 5622  192 3495880.20    0.00000   100%  17.3  150s
H25119 21456                    3315210.2974    0.00000   100%  17.3  153s
 25444 22031 174885.457 5814  193 3315210.30    0.00000   100%  17.2  156s
H25858 22269                    3315209.4340    0.00000   100%  17.4  157s
H26151 22506                    3303379.8997    0.00000   100%  17.5  159s
 26206 22820 176514.336 6036  193 3303379.90    0.00000   100%  17.6  160s
H26520 23173                    3303379.0363    0.00000   100%  17.7  162s
H27065 23448                    3294076.6229    0.00000   100%  17.7  163s
 27148 23843 184958.519 6327  192 3294076.62    0.00000   100%  17.7  165s
H28075 24498                    3293917.6212    0.00000   100%  17.8  169s
 28198 24803 193753.721 6644  192 3293917.62    0.00000   100%  17.8  171s
H28880 25355                    3284526.2729    0.00000   100%  17.9  174s
 29055 25705 206938.024 6913  195 3284526.27    0.00000   100%  18.0  175s
H30042 26594                    3284237.7733    0.00000   100%  18.2  179s
H30144 26594                    3278818.2599    0.00000   100%  18.2  179s
 30294 26596 210629.078 7253  191 3278818.26    0.00000   100%  18.2  185s
H30451 26859                    3275300.8959    0.00000   100%  18.2  187s
H30559 27140                    3274319.0411    0.00000   100%  18.3  188s
H30840 27323                    3273966.9199    0.00000   100%  18.3  190s
H30955 27323                    3267754.4677    0.00000   100%  18.3  190s
H31023 27461                    3219702.8207    0.00000   100%  18.3  192s
H31276 27733                    3203616.4666    0.00000   100%  18.6  193s
H31432 27733                    3194776.8408    0.00000   100%  18.7  193s
 31433 28033 218547.532 7548  191 3194776.84    0.00000   100%  18.7  195s
H32529 28861                    3193119.1745    0.00000   100%  18.9  199s
 32561 29135 226632.348 7851  190 3193119.17    0.00000   100%  18.9  200s
H32726 29135                    3183671.8952    0.00000   100%  18.9  200s
H33211 29795                    3154044.4168    0.00000   100%  19.0  202s
 33873 30541 246654.994 8201  196 3154044.42    0.00000   100%  19.1  205s
H34401 30835                    3153915.8735    0.00000   100%  19.0  206s
H34535 31074                    3152089.1145    0.00000   100%  19.0  208s
H34644 31074                    3142880.4343    0.00000   100%  19.0  208s
 34774 31466 246773.563 8433  194 3142880.43    0.00000   100%  19.0  210s
H35716 32181                    3140024.9876    0.00000   100%  19.0  213s
H36011 32455                    3130737.8798    0.00000   100%  19.0  214s
 36155 32843 258118.509 8777  189 3130737.88    0.00000   100%  19.0  216s
H37281 33708                    3130354.0734    0.00000   100%  18.8  220s
H37308 33708                    3130249.9732    0.00000   100%  18.9  220s
H37408 33921                    3130244.1609    0.00000   100%  18.9  221s
 38186 34803 269745.274 9253  188 3130244.16    0.00000   100%  19.1  225s
H38503 34866                    3090091.9734    0.00000   100%  19.2  227s
 38881 35497 276462.696 9443  188 3090091.97    0.00000   100%  19.2  230s
H39066 35497                    2938335.8046    0.00000   100%  19.2  230s
H39783 36085                    2855073.5471    0.00000   100%  19.2  242s
H39785 36277                    2827414.7281    0.00000   100%  19.2  243s
H39977 36501                    2823576.2904    0.00000   100%  19.2  245s
H40804 37393                    2813774.5426    0.00000   100%  19.2  248s
 41093 37699 291057.077 10001  187 2813774.54    0.00000   100%  19.2  250s
H41575 38019                    2813709.3133    0.00000   100%  19.3  251s
H42030 38572                    2810075.6378    0.00000   100%  19.3  254s
 42272 38850 298444.420 10307  187 2810075.64    0.00000   100%  19.3  255s
H43306 39834                    2809238.0763    0.00000   100%  19.4  260s
H43679 40140                    2808364.9999    0.00000   100%  19.4  262s
 44265 40939 336639.708 10721  208 2808365.00    0.00000   100%  19.5  265s
H45013 41364                    2808322.8619    0.00000   100%  19.6  268s
 45340 42024 321490.365 10969  190 2808322.86    0.00000   100%  19.7  271s
H45724 42339                    2807551.3023    0.00000   100%  19.7  272s
H46235 42649                    2776780.3331    0.00000   100%  19.7  274s
 46349 42862 351687.350 11228  204 2776780.33    0.00000   100%  19.7  275s
H46447 42862                    2772772.7135    0.00000   100%  19.7  275s
H47579 44113                    2771495.1814    0.00000   100%  19.8  280s
H47813 44248                    2768335.9718    0.00000   100%  19.8  281s
H47876 44248                    2754589.8630    0.00000   100%  19.9  281s
H48944 45493                    2752239.4055    0.00000   100%  20.0  286s
H49486 46073                    2751736.1231    0.00000   100%  20.1  289s
 49773 46372 363140.263 12037  200 2751736.12    0.00000   100%  20.1  290s
H50072 46696                    2749509.7107    0.00000   100%  20.2  291s
H50396 47000                    2749116.9080    0.00000   100%  20.1  293s
H50539 47000                    2748604.8589    0.00000   100%  20.2  293s
 50700 47013 377308.987 12235  213 2748604.86    0.00000   100%  20.2  297s
H50702 47013                    2748437.4622    0.00000   100%  20.2  297s
H50825 47202                    2747581.3729    0.00000   100%  20.2  298s
 51148 47675 359758.200 12344  188 2747581.37    0.00000   100%  20.3  301s
 51973 48364 375742.565 12556  210 2747581.37    0.00000   100%  20.5  305s
H52018 48364                    2745440.2556    0.00000   100%  20.5  305s
H52064 48578                    2745430.4949    0.00000   100%  20.5  306s
H52171 48578                    2745428.6818    0.00000   100%  20.5  306s
H52761 49203                    2743158.0376    0.00000   100%  20.6  309s
 52903 49530 382433.123 12791  205 2743158.04    0.00000   100%  20.6  310s
H53370 49812                    2742817.2805    0.00000   100%  20.6  312s
 54224 50808 380114.557 13125  189 2742817.28    0.00000   100%  20.7  316s
H54508 51132                    2742363.7038    0.00000   100%  20.7  317s
H55464 52093                    2742039.0809    0.00000   100%  20.8  320s
H56314 52728                    2737167.4270    0.00000   100%  20.8  323s
H56641 53071                    2736232.8268    0.00000   100%  20.8  324s
 56771 53466 396718.885 13805  186 2736232.83    0.00000   100%  20.8  326s
H57609 53931                    2735768.4557    0.00000   100%  20.7  331s
H57624 53931                    2735195.8300    0.00000   100%  20.7  331s
H57650 54210                    2733902.1719    0.00000   100%  20.7  333s
H57792 54210                    2733847.5698    0.00000   100%  20.7  333s
 58235 54805 413873.315 14190  192 2733847.57    0.00000   100%  20.6  336s
H58365 54805                    2728422.9380    0.00000   100%  20.6  336s
 59196 55833 416947.345 14424  196 2728422.94    0.00000   100%  20.6  340s
H59534 55840                    2728337.6081    0.00000   100%  20.7  342s
H59561 56084                    2728083.4875    0.00000   100%  20.7  343s
 60066 56592 425886.598 14618  197 2728083.49    0.00000   100%  20.7  346s
H60169 56592                    2727386.5008    0.00000   100%  20.7  346s
 60972 57617 416886.778 14840  188 2727386.50    0.00000   100%  20.7  350s
H61317 57639                    2702449.8671    0.00000   100%  20.7  352s
 61667 58340 431623.303 15017  199 2702449.87    0.00000   100%  20.7  355s
H62040 58596                    2701111.4651    0.00000   100%  20.7  357s
H62166 58596                    2696002.5321    0.00000   100%  20.7  357s
 62677 59328 425259.580 15270  188 2696002.53    0.00000   100%  20.7  360s
H63064 59580                    2693263.8100    0.00000   100%  20.7  361s
 64005 60639 430955.821 15580  185 2693263.81    0.00000   100%  20.6  365s
H64469 60911                    2693153.4859    0.00000   100%  20.6  367s
H64934 61495                    2691781.8588    0.00000   100%  20.6  370s
 65489 61790 439445.712 15949  188 2691781.86    0.00000   100%  20.6  376s
H65655 62044                    2691637.4558    0.00000   100%  20.6  377s
H65858 62218                    2691560.8522    0.00000   100%  20.6  379s
 65919 62489 443508.279 16088  186 2691560.85    0.00000   100%  20.6  380s
H66699 63125                    2691252.4002    0.00000   100%  20.6  384s
 66826 63497 450900.655 16323  186 2691252.40    0.00000   100%  20.6  385s
H67198 63689                    2677695.7866    0.00000   100%  20.6  387s
 68125 64781 456993.590 16616  186 2677695.79    0.00000   100%  20.5  390s
H68603 65048                    2676381.0259    0.00000   100%  20.5  391s
H69046 65547                    2675882.7704    0.00000   100%  20.5  394s
 69248 65883 472594.528 16890  197 2675882.77    0.00000   100%  20.5  396s
H70241 66804                    2675880.1395    0.00000   100%  20.5  400s
 71363 67814 477855.411 17393  190 2675880.14    0.00000   100%  20.6  405s
H71479 67814                    2674504.2637    0.00000   100%  20.7  405s
H71519 68022                    2558955.4813    0.00000   100%  20.7  407s
H72034 68589                    2558910.1430    0.00000   100%  20.7  409s
 72294 68893 486087.203 17631  187 2558910.14    0.00000   100%  20.7  410s
 73269 69865 534505.847 17868  214 2558910.14    0.00000   100%  20.9  415s
H73856 70151                    1450384.6949    0.00000   100%  21.0  424s
H73858 70347                    888808.28767    0.00000   100%  21.0  425s
H74196 70607                    878476.17202    0.00000   100%  21.0  427s
H74334 70724                    715216.95943    0.00000   100%  21.0  428s
H74841 71160                    609487.03764    0.00000   100%  21.1  431s
H75113 71190                    608647.60795    0.00000   100%  21.1  432s
H75167 71187                    604780.23231    0.00000   100%  21.1  432s
H75257 71347                    594757.22478    0.00000   100%  21.2  434s
H75491 71634                    548159.59887    0.00000   100%  21.2  436s
H75999 58893                    373713.07711    0.00000   100%  21.2  437s
H76119 58877                    371820.63817    0.00000   100%  21.2  439s
H76278 57874                    361450.03229    0.00000   100%  21.2  439s
 76418 58301 7320.65164  626  236 361450.032    0.00000   100%  21.2  441s
H77242 59036                    360728.45045    0.00000   100%  21.2  443s
 77639 59482 13310.4720  943  238 360728.450    0.00000   100%  21.2  445s
H77933 59433                    360235.67988    0.00000   100%  21.1  445s
H78085 59148                    354384.25043    0.00000   100%  21.1  447s
H79495 60437                    354383.97099    0.00000   100%  21.0  451s
H79984 60563                    349405.89187    0.00000   100%  20.9  452s
H80239 60462                    345492.02535    0.00000   100%  20.9  453s
H80411 57329                    313094.25230    0.00000   100%  20.9  453s
 80999 58275 40356.0297 1920  231 313094.252    0.00000   100%  20.8  455s
H81619 52657                    271956.72253    0.00000   100%  20.7  457s
H81809 52159                    265859.20644    0.00000   100%  20.7  458s
H82006 52561                    265580.19008    0.00000   100%  20.6  459s
H82429 52930                    265528.19840    0.00000   100%  20.6  461s
H82583 42773                    198006.05707    0.00000   100%  20.6  461s
H83004 42654                    195057.34715    0.00000   100%  20.5  463s
 83163 43074 57203.3391 2479  232 195057.347    0.00000   100%  20.5  465s
H83352 39868                    177294.95018    0.00000   100%  20.5  465s
H84263 40695                    176798.42702    0.00000   100%  20.5  469s
H84397 40597                    175973.39507    0.00000   100%  20.4  469s
 84436 40871 59078.1905 2847  228 175973.395    0.00000   100%  20.5  470s
H85490 41283                    170740.35488    0.00000   100%  20.6  474s
H85555 41147                    168271.61612    0.00000   100%  20.7  475s
H85727 41161                    166965.88956    0.00000   100%  20.7  476s
H85885 40850                    165596.76740    0.00000   100%  20.7  476s
H86529 41008                    163490.08938    0.00000   100%  20.7  479s
 86630 41355 61007.2099 3524  223 163490.089    0.00000   100%  20.6  480s
 87364 41744 61269.9428 3696  224 163490.089    0.00000   100%  20.6  490s
 87919 42599 90541.1725 3829  240 163490.089    0.00000   100%  20.5  495s
 89257 43981 61953.4556 4142  223 163490.089    0.00000   100%  20.3  500s
 90681 45384 64819.9901 4498  221 163490.089    0.00000   100%  20.2  506s
 91697 46438 66653.7299 4801  222 163490.089    0.00000   100%  20.2  510s
 93116 47840 76405.1271 5199  221 163490.089    0.00000   100%  20.0  515s
H93912 48179                    160981.15461    0.00000   100%  20.0  517s
 94395 48775 79949.1341 5531  222 160981.155    0.00000   100%  19.9  521s
 95321 49687 84733.5757 5755  225 160981.155    0.00000   100%  19.9  525s
 96618 51009 90596.8653 6020  217 160981.155    0.00000   100%  19.7  530s
H97118 51304                    160639.10446    0.00000   100%  19.7  532s
 97904 52216 92516.7411 6361  211 160639.104    0.00000   100%  19.6  536s
 98447 52763 112619.948 6496  224 160639.104    0.00000   100%  19.6  540s
 99777 54161 118800.755 6832  221 160639.104    0.00000   100%  19.5  546s
 100784 55093 124517.505 7083  221 160639.104    0.00000   100%  19.4  550s
 101837 56224 128330.918 7307  212 160639.104    0.00000   100%  19.4  555s
H102360 56098                    157074.90058    0.00000   100%  19.4  556s
 103092 56996 128487.411 7637  211 157074.901    0.00000   100%  19.3  560s
 103891 57695 130518.941 7861  208 157074.901    0.00000   100%  19.4  565s
H104330 58093                    156773.46203    0.00000   100%  19.5  568s
 104548 58185 133895.200 8016  203 156773.462    0.00000   100%  19.5  573s
 104640 58315 135664.178 8042  212 156773.462    0.00000   100%  19.5  575s
H105666 58852                    153183.79274    0.00000   100%  19.6  581s
H105805 59103                    153182.81455    0.00000   100%  19.6  582s
 106500 59810 18880.7783  720  237 153182.815    0.00000   100%  19.6  585s
 107099 60419 18137.7041  893  236 153182.815    0.00000   100%  19.7  590s
 107918 61335 21443.8263 1100  238 153182.815    0.00000   100%  19.7  595s
 109019 62279 25739.5877 1422  232 153182.815    0.00000   100%  19.8  600s
 110051 63270 30692.4800 1634  232 153182.815    0.00000   100%  20.0  605s
 111000 64310 40221.3988 1865  233 153182.815    0.00000   100%  20.2  611s
 111975 65277 44620.3210 2172  233 153182.815    0.00000   100%  20.2  615s
 113388 66700 51066.6757 2582  233 153182.815    0.00000   100%  20.1  621s
 114424 67779 56655.8210 2882  233 153182.815    0.00000   100%  20.1  625s
 115426 68704 60049.5737 3177  233 153182.815    0.00000   100%  20.0  630s
 116056 69053 63320.8970 3373  226 153182.815    0.00000   100%  20.0  639s
 116058 69328 64082.8317 3373  229 153182.815    0.00000   100%  20.0  640s
 117133 70408 64479.3768 3676  225 153182.815    0.00000   100%  20.1  645s
 118309 71711 65154.8461 3987  225 153182.815    0.00000   100%  20.1  651s
 118718 71715 65380.4012 4091  225 153182.815    0.00000   100%  20.0  656s
 119491 72743 67407.6872 4299  220 153182.815    0.00000   100%  20.0  660s
 120654 74018 76365.9606 4638  220 153182.815    0.00000   100%  20.1  665s
 121707 75126 76068.5463 4855  214 153182.815    0.00000   100%  20.0  670s
 122985 76354 76019.9409 5146  215 153182.815    0.00000   100%  19.8  675s
 124574 77917 77866.1607 5524  213 153182.815    0.00000   100%  19.7  680s
 125496 78830 81971.8958 5730  203 153182.815    0.00000   100%  19.6  685s
 126818 80165 81743.2032 6024  202 153182.815    0.00000   100%  19.5  690s
 128231 81449 82623.7380 6326  198 153182.815    0.00000   100%  19.4  695s
 129832 83028 87861.6065 6698  195 153182.815    0.00000   100%  19.5  700s
 130998 84244 91951.7634 6922  195 153182.815    0.00000   100%  19.5  705s
 131997 85244 94868.2869 7082  195 153182.815    0.00000   100%  19.5  710s
 132893 86092 97970.2798 7231  200 153182.815    0.00000   100%  19.6  715s
 133507 86520 99761.2927 7350  195 153182.815    0.00000   100%  19.7  725s
 134318 87607 103798.310 7528  193 153182.815    0.00000   100%  19.6  730s
 135650 88905 109526.800 7817  195 153182.815    0.00000   100%  19.6  735s
 136544 89852 113675.888 8007  198 153182.815    0.00000   100%  19.6  740s
 137782 91104 125196.990 8316  207 153182.815    0.00000   100%  19.5  745s
 139029 92311 127780.268 8620  201 153182.815    0.00000   100%  19.5  750s
 140058 93208 5132.43694  337  247 153182.815    0.00000   100%  19.5  756s
 140911 94148 31748.3788  571  233 153182.815    0.00000   100%  19.5  760s
 142481 95622 35923.8473 1007  233 153182.815    0.00000   100%  19.5  766s
 143658 96800 39554.6923 1339  232 153182.815    0.00000   100%  19.5  771s
 144882 98068 42388.0118 1682  228 153182.815    0.00000   100%  19.5  776s
 145947 99166 44687.2976 1914  225 153182.815    0.00000   100%  19.5  781s
 147080 100318 46536.8419 2182  227 153182.815    0.00000   100%  19.5  785s
 148075 101183 50481.4671 2338  224 153182.815    0.00000   100%  19.5  790s
 149358 102431 59314.4645 2628  226 153182.815    0.00000   100%  19.5  795s
 150565 103681 66899.3717 2923  226 153182.815    0.00000   100%  19.5  801s
 151792 104920 70995.1759 3224  229 153182.815    0.00000   100%  19.5  806s
H152426 105380                    152373.29717    0.00000   100%  19.5  808s
 152727 105699 72897.7994 3440  225 152373.297    0.00000   100%  19.5  810s
H153339 105862                    149712.93972    0.00000   100%  19.5  813s
 153662 106021 77038.5672 3660  217 149712.940    0.00000   100%  19.5  820s
H153821 106267                    149711.96153    0.00000   100%  19.5  822s
 154305 106763 79841.9327 3806  217 149711.962    0.00000   100%  19.5  825s
 155072 107595 85657.9837 3991  220 149711.962    0.00000   100%  19.5  830s
 156287 108852 87940.7721 4260  222 149711.962    0.00000   100%  19.5  836s
 157328 109815 92873.0152 4519  216 149711.962    0.00000   100%  19.5  840s
 158494 110920 95367.3997 4822  218 149711.962    0.00000   100%  19.5  846s
 159788 112369 100613.494 5109  215 149711.962    0.00000   100%  19.5  850s
 161440 113961 103716.525 5527  208 149711.962    0.00000   100%  19.4  855s
 162718 115158 108085.048 5818  198 149711.962    0.00000   100%  19.4  861s
 163588 116083 111862.640 6011  204 149711.962    0.00000   100%  19.4  865s
 164527 117011 117156.729 6225  200 149711.962    0.00000   100%  19.4  870s
H164812 117307                    149635.39514    0.00000   100%  19.4  872s
 165423 117855 119036.870 6422  191 149635.395    0.00000   100%  19.4  875s
 166344 118747 123259.090 6632  194 149635.395    0.00000   100%  19.5  880s
 167352 119778 8071.45105  421  235 149635.395    0.00000   100%  19.5  886s
 168062 120490 11860.9065  925  228 149635.395    0.00000   100%  19.4  890s
 169658 122113 13705.8159 1178  219 149635.395    0.00000   100%  19.4  895s
 170890 123347 15491.6505 1382  213 149635.395    0.00000   100%  19.3  900s
 172071 124058 17219.2419 1564  215 149635.395    0.00000   100%  19.3  908s
 172314 124627 17538.5560 1600  214 149635.395    0.00000   100%  19.3  910s
 173635 126003 19660.5385 1861  211 149635.395    0.00000   100%  19.3  916s
 174815 127142 21240.4975 2003  218 149635.395    0.00000   100%  19.2  920s
 176290 128595 23068.1749 2166  216 149635.395    0.00000   100%  19.1  925s
 177737 130002 31068.4021 2694  214 149635.395    0.00000   100%  19.0  930s
 178675 130970 32819.0181 2767  213 149635.395    0.00000   100%  19.1  935s
 180052 132275 34750.0319 2847  213 149635.395    0.00000   100%  19.1  940s
 180830 132816 36051.8445 2902  217 149635.395    0.00000   100%  19.2  948s
 181072 133267 36500.6411 2920  213 149635.395    0.00000   100%  19.2  950s
 182667 134879 39250.5428 3031  220 149635.395    0.00000   100%  19.3  955s
 183973 136276 40233.3568 3080  212 149635.395    0.00000   100%  19.3  961s
 184985 137361 40615.0197 3134  210 149635.395    0.00000   100%  19.2  965s
 186329 138650 41252.2192 3227  210 149635.395    0.00000   100%  19.2  970s
 187891 140247 41933.3468 3334  210 149635.395    0.00000   100%  19.2  976s
 189267 141534 42604.5779 3434  210 149635.395    0.00000   100%  19.1  980s
 190851 143166 43508.5760 3542  210 149635.395    0.00000   100%  19.1  985s
H191993 144113                    149519.52533    0.00000   100%  19.0  989s
 192150 144447 44708.2055 3614  210 149519.525    0.00000   100%  19.0  990s
 192484 144748 44982.4675 3631  210 149519.525    0.00000   100%  19.0  996s
 193680 146060 65930.2582 3693  224 149519.525    0.00000   100%  19.0 1000s
 195820 148158 47304.6949 3982  207 149519.525    0.00000   100%  18.9 1005s
 197954 150242 48067.7578 4333  205 149519.525    0.00000   100%  18.8 1010s
 200150 152413 49219.7604 4704  208 149519.525    0.00000   100%  18.7 1016s
 201487 153820 50169.5822 4804  203 149519.525    0.00000   100%  18.7 1020s
 203169 155484 51033.8417 4938  202 149519.525    0.00000   100%  18.6 1025s
H204850 157011                    149237.38632    0.00000   100%  18.5 1030s
 206113 158239 53013.0834 5137  202 149237.386    0.00000   100%  18.5 1036s
 207355 159557 53888.7795 5226  202 149237.386    0.00000   100%  18.5 1040s
 208407 160563 54563.8279 5291  202 149237.386    0.00000   100%  18.4 1050s
 209292 161343 55052.2678 5342  202 149237.386    0.00000   100%  18.4 1055s
H210063 162012                    149233.52689    0.00000   100%  18.4 1058s
 210465 162611 55436.0411 5385  201 149233.527    0.00000   100%  18.4 1060s
 211575 163723 55696.1398 5416  201 149233.527    0.00000   100%  18.4 1065s
 213042 165223 55959.9738 5447  202 149233.527    0.00000   100%  18.4 1070s
 214823 167050 56352.3698 5486  213 149233.527    0.00000   100%  18.3 1075s
 216266 168485 56517.6253 5514  202 149233.527    0.00000   100%  18.2 1081s
 217722 169869 56752.7211 5543  201 149233.527    0.00000   100%  18.1 1085s
 219020 171150 56979.4473 5570  201 149233.527    0.00000   100%  18.1 1090s
 220306 172465 57207.3336 5597  201 149233.527    0.00000   100%  18.0 1095s
 221913 174034 57474.7313 5630  201 149233.527    0.00000   100%  18.0 1100s
 223417 175570 57756.6214 5662  201 149233.527    0.00000   100%  17.9 1106s
 224691 176874 57951.7691 5687  201 149233.527    0.00000   100%  17.8 1111s
 226048 178231 58174.5958 5714  201 149233.527    0.00000   100%  17.8 1115s
 227694 179838 58454.5328 5746  201 149233.527    0.00000   100%  17.7 1121s
 228943 181069 58660.2501 5771  201 149233.527    0.00000   100%  17.6 1125s
 230206 182412 58860.9791 5795  201 149233.527    0.00000   100%  17.6 1130s
 231807 183811 59129.4917 5827  201 149233.527    0.00000   100%  17.5 1143s
 231970 184032 59207.9880 5829  215 149233.527    0.00000   100%  17.5 1145s
 233321 185507 59380.7001 5858  202 149233.527    0.00000   100%  17.4 1150s
 234687 186828 59605.4688 5885  201 149233.527    0.00000   100%  17.3 1155s
 236047 188268 59827.9162 5912  201 149233.527    0.00000   100%  17.3 1160s
 237406 189560 60056.1296 5939  201 149233.527    0.00000   100%  17.2 1165s
 238972 191148 60324.9672 5972  201 149233.527    0.00000   100%  17.1 1171s
H240061 191902                    148384.76026    0.00000   100%  17.1 1174s
 240160 192257 60542.8372 5997  201 148384.760    0.00000   100%  17.1 1175s
H240515 192507                    147857.45187    0.00000   100%  17.1 1176s
 241828 193676 60810.7742 6030  201 147857.452    0.00000   100%  17.0 1180s
 243313 195245 61056.0144 6059  201 147857.452    0.00000   100%  16.9 1185s
 244465 196363 61260.5191 6084  201 147857.452    0.00000   100%  16.9 1190s
 245839 197779 61474.3332 6110  201 147857.452    0.00000   100%  16.9 1195s
 247075 198881 61814.2225 6205  196 147857.452    0.00000   100%  16.9 1200s
 248429 200291 63217.0603 6223  196 147857.452    0.00000   100%  16.9 1205s
 249908 201737 64343.7159 6265  196 147857.452    0.00000   100%  16.9 1210s
 251225 203149 64981.3891 6297  194 147857.452    0.00000   100%  16.9 1215s
 252431 204356 65789.3195 6349  195 147857.452    0.00000   100%  16.9 1220s
 253663 205558 66731.6925 6412  195 147857.452    0.00000   100%  16.8 1225s
 255330 207198 67823.6087 6482  195 147857.452    0.00000   100%  16.8 1230s
 255596 207452 68000.7664 6495  195 147857.452    0.00000   100%  16.8 1235s
 256816 208780 68875.1154 6553  196 147857.452    0.00000   100%  16.7 1240s
 258621 210473 70104.2496 6632  194 147857.452    0.00000   100%  16.7 1245s
 260251 212099 71252.4028 6708  194 147857.452    0.00000   100%  16.6 1250s
 261436 213380 75198.8404 6927  195 147857.452    0.00000   100%  16.6 1255s
 262717 214653 75880.2416 6978  196 147857.452    0.00000   100%  16.5 1260s
 263998 215602 76572.1560 7029  195 147857.452    0.00000   100%  16.5 1268s
 264000 215829 76634.1686 7030  196 147857.452    0.00000   100%  16.5 1270s
 265413 217283 82254.6331 7422  190 147857.452    0.00000   100%  16.4 1275s
 266641 218562 90326.0326 7975  192 147857.452    0.00000   100%  16.4 1281s
 267620 219459     cutoff 8290      147857.452    0.00000   100%  16.4 1285s
 269073 220919 50337.5898  995  231 147857.452    0.00000   100%  16.3 1291s
 270235 221996 55416.0770 1474  228 147857.452    0.00000   100%  16.3 1295s
 271555 223351 57971.1659 1810  231 147857.452    0.00000   100%  16.3 1300s
 272618 224481 63165.0643 2099  231 147857.452    0.00000   100%  16.3 1305s
 273880 225707 73661.3718 2689  229 147857.452    0.00000   100%  16.2 1310s
 275286 227067 83660.1386 3337  229 147857.452    0.00000   100%  16.2 1315s
 275537 227069 84461.4554 3431  229 147857.452    0.00000   100%  16.2 1321s
 276110 227922 85368.1387 3526  233 147857.452    0.00000   100%  16.2 1325s
 277237 228996 90314.5558 3897  223 147857.452    0.00000   100%  16.3 1330s
 278309 230169 95653.0844 4205  229 147857.452    0.00000   100%  16.3 1335s
 279617 231477 107785.467 4899  226 147857.452    0.00000   100%  16.3 1340s
 280881 232619 123059.595 5472  226 147857.452    0.00000   100%  16.3 1345s
 282295 234143 11321.4809  793  236 147857.452    0.00000   100%  16.3 1351s
 283365 235150 19867.3765 1399  235 147857.452    0.00000   100%  16.2 1355s
 284998 236796 24684.0958 1976  228 147857.452    0.00000   100%  16.2 1360s
 286534 238284 26544.3487 2260  230 147857.452    0.00000   100%  16.2 1365s
 287248 239015 27626.2008 2494  227 147857.452    0.00000   100%  16.2 1371s
 288446 240179 29536.0768 2761  226 147857.452    0.00000   100%  16.2 1375s
 289639 241282 31316.3749 3067  225 147857.452    0.00000   100%  16.1 1380s
 290502 242249 32678.0281 3167  224 147857.452    0.00000   100%  16.2 1385s
 292017 243831 63958.3119 3755  231 147857.452    0.00000   100%  16.2 1391s
 293008 244640 71957.8819 4188  229 147857.452    0.00000   100%  16.1 1395s
 294267 245965 74238.2638 4358  226 147857.452    0.00000   100%  16.1 1400s
 294801 246506 74991.7006 4416  226 147857.452    0.00000   100%  16.1 1406s
 295846 247553 75507.5715 4444  226 147857.452    0.00000   100%  16.1 1410s
 296805 248413 90017.6563 4908  226 147857.452    0.00000   100%  16.1 1416s
 297712 249494 89971.1286 4945  224 147857.452    0.00000   100%  16.2 1420s
 298924 250758 101379.952 5465  222 147857.452    0.00000   100%  16.1 1425s
 300436 252161 110875.765 6157  219 147857.452    0.00000   100%  16.1 1430s
 301478 253197 111497.520 6444  218 147857.452    0.00000   100%  16.1 1435s
 301821 253199 111744.687 6555  221 147857.452    0.00000   100%  16.1 1442s
 302271 253928 112185.421 6612  219 147857.452    0.00000   100%  16.0 1445s
 303546 255271 112795.123 6705  219 147857.452    0.00000   100%  16.0 1450s
 305173 256839 116451.203 6965  218 147857.452    0.00000   100%  16.0 1456s
 306247 257916 118170.708 7088  215 147857.452    0.00000   100%  16.0 1460s
 307646 259269 118470.799 7112  217 147857.452    0.00000   100%  16.0 1465s
 308929 260589 118802.133 7135  218 147857.452    0.00000   100%  16.0 1470s
 310207 261885 119029.275 7154  217 147857.452    0.00000   100%  16.0 1475s
 311421 263134 119287.262 7170  215 147857.452    0.00000   100%  16.0 1480s
 313728 265358 119950.960 7219  218 147857.452    0.00000   100%  15.9 1485s
 315623 267373 120887.365 7280  217 147857.452    0.00000   100%  15.9 1490s
 317390 269110 123446.512 7425  217 147857.452    0.00000   100%  15.9 1495s
 319123 270812 131483.200 7663  215 147857.452    0.00000   100%  15.8 1500s
 320473 272105 131631.164 7704  207 147857.452    0.00000   100%  15.8 1506s
 321526 273193 131768.173 7724  207 147857.452    0.00000   100%  15.8 1510s
 322098 273491 131848.418 7731  208 147857.452    0.00000   100%  15.8 1521s
 322641 274325 132018.243 7744  207 147857.452    0.00000   100%  15.8 1525s
 324182 275833 132632.934 7788  207 147857.452    0.00000   100%  15.8 1530s
 325373 277027 133087.581 7822  207 147857.452    0.00000   100%  15.7 1535s
 326554 278224 133515.703 7857  204 147857.452    0.00000   100%  15.7 1540s
 327733 279365 133628.132 8096  202 147857.452    0.00000   100%  15.7 1545s
 329077 280794 133763.453 8340  200 147857.452    0.00000   100%  15.7 1550s
 330258 281739 infeasible 8520      147857.452    0.00000   100%  15.7 1555s
 331223 282783 100002.736  351  225 147857.452    0.00000   100%  15.7 1560s
 332634 284237 116184.666 1120  217 147857.452    0.00000   100%  15.7 1565s
 333868 285412 7075.69359  363  238 147857.452    0.00000   100%  15.7 1570s
 335270 286676 11959.6517  717  233 147857.452    0.00000   100%  15.6 1576s
 336468 288027 12061.1127  993  228 147857.452    0.00000   100%  15.6 1580s
 337813 289182 13900.7603 1356  228 147857.452    0.00000   100%  15.6 1585s
 339067 290527 15656.3499 1705  228 147857.452    0.00000   100%  15.6 1591s
 340274 291717 19057.6084 2015  226 147857.452    0.00000   100%  15.6 1595s
 341016 292285 19735.2399 2136  225 147857.452    0.00000   100%  15.6 1603s
 341316 292678 22649.2405 2184  225 147857.452    0.00000   100%  15.6 1605s
 342289 293747 20702.3451 2357  225 147857.452    0.00000   100%  15.6 1610s
 343304 294710 23183.9185 2552  227 147857.452    0.00000   100%  15.6 1615s
 344517 295979 30671.3223 2808  236 147857.452    0.00000   100%  15.6 1621s
 345368 296775 42761.2789 2965  228 147857.452    0.00000   100%  15.6 1625s
 346428 297816 30972.9478 3135  227 147857.452    0.00000   100%  15.7 1630s
 347505 299005 57268.7719 3351  232 147857.452    0.00000   100%  15.7 1635s
 348841 300313 62571.6437 3670  233 147857.452    0.00000   100%  15.7 1641s
 349818 301314 66588.0083 3897  228 147857.452    0.00000   100%  15.7 1645s
 351039 302519 74909.5930 4172  238 147857.452    0.00000   100%  15.7 1651s
 352277 303717 77090.6641 4447  228 147857.452    0.00000   100%  15.7 1656s
 353310 304813 86173.4229 4704  231 147857.452    0.00000   100%  15.7 1660s
 354623 306040 87384.8264 5056  225 147857.452    0.00000   100%  15.7 1665s
 355539 307054 92070.4475 5263  231 147857.452    0.00000   100%  15.6 1670s
 356748 308243 98204.1190 5552  216 147857.452    0.00000   100%  15.6 1676s
 357077 308318 99851.1056 5632  216 147857.452    0.00000   100%  15.6 1682s
 357397 308849 101378.539 5706  216 147857.452    0.00000   100%  15.6 1685s
 358560 310011 103128.690 5990  211 147857.452    0.00000   100%  15.6 1690s
 359431 310896 108372.870 6165  215 147857.452    0.00000   100%  15.6 1695s
 360994 312476 111213.937 6528  214 147857.452    0.00000   100%  15.6 1700s
 362300 313801 111781.504 6797  212 147857.452    0.00000   100%  15.6 1705s
 363872 315315 113755.825 7137  207 147857.452    0.00000   100%  15.6 1711s
 365024 316537 114623.572 7395  215 147857.452    0.00000   100%  15.6 1716s
 366037 317493 116472.377 7609  201 147857.452    0.00000   100%  15.6 1720s
 367146 318511 122804.245 7827  216 147857.452    0.00000   100%  15.6 1725s
 368204 319534 131756.912 8062  213 147857.452    0.00000   100%  15.6 1730s
 369452 320560 66834.8476 1111  222 147857.452    0.00000   100%  15.6 1741s
 370085 321440 82439.9604 1473  217 147857.452    0.00000   100%  15.6 1745s
 371378 322878 107905.685 2193  202 147857.452    0.00000   100%  15.6 1751s
 372326 323505 53171.7150  418  230 147857.452    0.00000   100%  15.6 1755s
 373435 324295 116845.081  586  212 147857.452    0.00000   100%  15.6 1760s
 374462 325274 64927.7461  479  227 147857.452    0.00000   100%  15.6 1765s
 376225 326735 72639.0038  725  217 147857.452    0.00000   100%  15.6 1770s
 377559 328210 76262.9581  887  218 147857.452    0.00000   100%  15.6 1775s
 378780 329495 78513.6143 1102  215 147857.452    0.00000   100%  15.6 1780s
 380021 330760 80085.8578 1259  215 147857.452    0.00000   100%  15.6 1785s
 381245 331943 81412.8849 1391  215 147857.452    0.00000   100%  15.6 1790s
 382678 333154 82619.9249 1510  216 147857.452    0.00000   100%  15.6 1799s
 382776 333378 82685.0005 1518  215 147857.452    0.00000   100%  15.6 1800s
 383675 334305 83328.9442 1582  215 147857.452    0.00000   100%  15.6 1805s
 384665 335060 85194.8569 1636  216 147857.452    0.00000   100%  15.7 1810s
 385993 336426 30622.2885 1034  210 147857.452    0.00000   100%  15.7 1816s
 386753 337320 38482.0731 1588  210 147857.452    0.00000   100%  15.7 1821s
 388423 339023 59097.7668 2411  210 147857.452    0.00000   100%  15.7 1825s
 390567 341061 80213.4296 3807  207 147857.452    0.00000   100%  15.6 1830s
 391852 342075 87664.8843 4682  205 147857.452    0.00000   100%  15.6 1835s
 393125 343296 99119.9586 5571  196 147857.452    0.00000   100%  15.6 1840s
 394879 344866 65494.3743  660  204 147857.452    0.00000   100%  15.6 1850s
 395938 345512 80696.0906  826  201 147857.452    0.00000   100%  15.6 1855s
 396859 346322 101580.462 1037  217 147857.452    0.00000   100%  15.6 1860s
 397952 346975 109261.090 1293  216 147857.452    0.00000   100%  15.6 1865s
 398740 347632 120170.512 1600  216 147857.452    0.00000   100%  15.7 1870s
 400534 349206 126898.281  598  217 147857.452    0.00000   100%  15.6 1875s
 402169 350963 49376.9981 1145  212 147857.452    0.00000   100%  15.6 1881s
 403782 352276 73765.7648 2006  209 147857.452    0.00000   100%  15.6 1885s
 405290 353853 39122.1627  494  219 147857.452    0.00000   100%  15.6 1891s
 406784 355006 59819.8004 1324  214 147857.452    0.00000   100%  15.5 1897s
 407076 355675 64620.7220 1481  213 147857.452    0.00000   100%  15.5 1900s
 408911 357447 80067.1738 2356  208 147857.452    0.00000   100%  15.5 1905s
 410250 358836 83837.8605 3015  206 147857.452    0.00000   100%  15.5 1910s
 412323 360818 103660.529 3882  206 147857.452    0.00000   100%  15.4 1915s
 413591 361745 65940.1378  458  227 147857.452    0.00000   100%  15.4 1925s
 414469 362845 88113.2974  686  228 147857.452    0.00000   100%  15.4 1930s
 415801 363893 104654.199  973  225 147857.452    0.00000   100%  15.4 1935s
 417123 364971 115419.782 1276  228 147857.452    0.00000   100%  15.4 1940s
 418186 365833 120619.472 1518  228 147857.452    0.00000   100%  15.3 1945s
 419553 367137 46463.4570  584  211 147857.452    0.00000   100%  15.3 1950s
 420881 368433 63743.4847 1220  213 147857.452    0.00000   100%  15.3 1955s
 422339 369875 88761.2529 1901  204 147857.452    0.00000   100%  15.3 1960s
 424400 371831 96993.9792 2739  196 147857.452    0.00000   100%  15.2 1965s
 424942 372175 103239.628 3016  199 147857.452    0.00000   100%  15.2 1971s
 425960 373381 121299.882 3549  204 147857.452    0.00000   100%  15.3 1975s
 427564 374769     cutoff  436      147857.452    0.00000   100%  15.3 1980s
 428927 376017 129659.693  540  197 147857.452    0.00000   100%  15.3 1986s
 429896 376762 76715.0030  661  216 147857.452    0.00000   100%  15.4 1990s
 431022 377828 102326.005 1063  209 147857.452    0.00000   100%  15.4 1995s
 432147 378835 102808.840  503  225 147857.452    0.00000   100%  15.4 2000s
 433442 380039 88272.2295 1007  225 147857.452    0.00000   100%  15.4 2006s
 434692 380846 99904.1450 1680  220 147857.452    0.00000   100%  15.4 2010s
 436113 382119 102369.534 1868  219 147857.452    0.00000   100%  15.4 2015s
 436838 382513 104026.387 1990  219 147857.452    0.00000   100%  15.3 2021s
 437535 383527 104674.061 2084  218 147857.452    0.00000   100%  15.3 2026s
 438598 384553 105435.918 2193  218 147857.452    0.00000   100%  15.3 2030s
 439904 385849 106182.577 2301  218 147857.452    0.00000   100%  15.3 2035s
 441144 387070 107006.798 2407  217 147857.452    0.00000   100%  15.3 2040s
 442351 388266 108747.313 2514  218 147857.452    0.00000   100%  15.3 2045s
 443672 389545 110122.788 2597  212 147857.452    0.00000   100%  15.3 2050s
 444874 390514 110603.890 2681  216 147857.452    0.00000   100%  15.3 2055s
 446495 392219 124108.860 2993  212 147857.452    0.00000   100%  15.3 2060s
 448148 393655 116577.447  651  225 147857.452    0.00000   100%  15.2 2065s
 449069 394570 122461.615  930  227 147857.452    0.00000   100%  15.2 2070s
 450352 395976 85276.1825  467  219 147857.452    0.00000   100%  15.2 2075s
 451593 396571 infeasible  600      147857.452    0.00000   100%  15.2 2080s
 452259 396839 105304.704  746  229 147857.452    0.00000   100%  15.2 2088s
 452445 397037 106038.491  784  229 147857.452    0.00000   100%  15.2 2090s
 453119 397392 110922.104  901  227 147857.452    0.00000   100%  15.3 2095s
 454210 398486 52320.9156  432  226 147857.452    0.00000   100%  15.3 2100s
 455865 400080 65351.6945 1238  224 147857.452    0.00000   100%  15.2 2105s
 457041 400893 74399.9884 1761  225 147857.452    0.00000   100%  15.2 2111s
 457709 401850 75891.2362 1844  225 147857.452    0.00000   100%  15.2 2115s
 459551 403712 79724.8119 2190  222 147857.452    0.00000   100%  15.2 2120s
 460703 404624 82534.6027 2587  222 147857.452    0.00000   100%  15.2 2130s
 462063 406224 85682.3478 3034  222 147857.452    0.00000   100%  15.2 2135s
 463547 407666 89431.6328 3484  222 147857.452    0.00000   100%  15.2 2141s
 464598 408644 94021.6954 3750  222 147857.452    0.00000   100%  15.2 2145s
 466094 410122 97511.2987 3976  217 147857.452    0.00000   100%  15.2 2151s
 467366 411078 103224.518 4194  217 147857.452    0.00000   100%  15.2 2155s
 468505 412412 90017.3675 1104  224 147857.452    0.00000   100%  15.2 2161s
 470235 413965 104541.667 1953  215 147857.452    0.00000   100%  15.2 2165s
 471405 414867 infeasible 2711      147857.452    0.00000   100%  15.2 2170s
 472930 416598 72620.7428 1179  232 147857.452    0.00000   100%  15.2 2175s
 474778 418331 82340.4917 2011  233 147857.452    0.00000   100%  15.1 2180s
 475908 419209 infeasible  395      147857.452    0.00000   100%  15.1 2185s
 477187 420675 109431.587  704  219 147857.452    0.00000   100%  15.1 2191s
 478678 421991 128370.957 1523  216 147857.452    0.00000   100%  15.1 2195s
 479754 422842 94550.5105  408  229 147857.452    0.00000   100%  15.1 2200s
 481049 423924 46330.0323  359  238 147857.452    0.00000   100%  15.1 2205s
 481535 424184 48401.0567  611  234 147857.452    0.00000   100%  15.1 2211s
 482049 424849 55502.6044  880  228 147857.452    0.00000   100%  15.1 2215s
 483116 425815 119777.795 1098  202 147857.452    0.00000   100%  15.1 2220s
 484100 426593 102703.299  476  217 147857.452    0.00000   100%  15.1 2225s
 485666 428105 117097.538 1368  238 147857.452    0.00000   100%  15.1 2230s
 486806 429339 27750.1480  417  237 147857.452    0.00000   100%  15.1 2236s
 487819 430340 36382.3743 1011  232 147857.452    0.00000   100%  15.1 2240s
 489120 431563 44989.8018 1656  225 147857.452    0.00000   100%  15.1 2245s
 490247 432711 47505.0841 1858  221 147857.452    0.00000   100%  15.1 2250s
 491538 433950 58608.7172 2490  221 147857.452    0.00000   100%  15.1 2255s
 492417 434548 61215.4437 2667  223 147857.452    0.00000   100%  15.1 2264s
 492419 434803 61264.4186 2671  223 147857.452    0.00000   100%  15.1 2266s
 493179 435613 63390.4716 2816  221 147857.452    0.00000   100%  15.1 2270s
 494246 436643 66340.1327 3017  223 147857.452    0.00000   100%  15.1 2275s
 495440 437862 69567.5069 3235  221 147857.452    0.00000   100%  15.1 2280s
 496795 439120 71849.0864 3547  221 147857.452    0.00000   100%  15.1 2285s
 498360 440806 72790.0191 3982  222 147857.452    0.00000   100%  15.1 2290s
 499896 442374 73736.3044 4320  217 147857.452    0.00000   100%  15.1 2295s
 501166 443612 77353.5533 4587  215 147857.452    0.00000   100%  15.1 2300s
 502412 444851 85704.4597 5078  216 147857.452    0.00000   100%  15.1 2305s
 503569 445999 92748.6168 5544  214 147857.452    0.00000   100%  15.1 2311s
 504479 446944 100032.628 5858  212 147857.452    0.00000   100%  15.1 2315s
 506186 448674 104533.473 6037  212 147857.452    0.00000   100%  15.1 2320s
 506865 448996 106271.238 6106  212 147857.452    0.00000   100%  15.1 2326s
 507384 449778 107596.994 6159  214 147857.452    0.00000   100%  15.1 2330s
 508831 451311 111136.858 6300  212 147857.452    0.00000   100%  15.1 2335s
 510117 452574 114500.928 6436  212 147857.452    0.00000   100%  15.1 2340s
 511242 453567 116939.058 6630  212 147857.452    0.00000   100%  15.2 2345s
 512194 454625 117057.587 6880  212 147857.452    0.00000   100%  15.2 2350s
 513601 455933 117276.120 7229  212 147857.452    0.00000   100%  15.2 2355s
 514589 456969 117953.466 7498  207 147857.452    0.00000   100%  15.2 2361s
 515419 457863 122459.850 7763  207 147857.452    0.00000   100%  15.2 2365s
 516534 458972 124307.647 7889  202 147857.452    0.00000   100%  15.2 2370s
 517056 459187 124345.407 7917  202 147857.452    0.00000   100%  15.2 2377s
 517326 459704 124365.759 7934  202 147857.452    0.00000   100%  15.2 2380s
 518817 461236 124470.664 8012  202 147857.452    0.00000   100%  15.2 2385s
 520061 462518 125924.660 8149  206 147857.452    0.00000   100%  15.2 2390s
 521469 463902 126334.856 8255  202 147857.452    0.00000   100%  15.2 2395s
 522734 465246 126696.703 8371  202 147857.452    0.00000   100%  15.2 2400s
 524071 466546 126967.616 8434  204 147857.452    0.00000   100%  15.2 2405s
 525342 467752 127877.735 8537  201 147857.452    0.00000   100%  15.2 2411s
 526472 468905 129038.556 8645  192 147857.452    0.00000   100%  15.2 2416s
 527634 470009 129767.315 8814  189 147857.452    0.00000   100%  15.2 2420s
 528642 470643 124201.563  674  229 147857.452    0.00000   100%  15.2 2425s
 528833 470927 110346.479  386  215 147857.452    0.00000   100%  15.2 2430s
 530192 472279 119746.802 1104  208 147857.452    0.00000   100%  15.2 2435s
 531561 473655 121934.349  552  215 147857.452    0.00000   100%  15.2 2440s
 532749 474287 123254.012  629  218 147857.452    0.00000   100%  15.2 2445s
 533858 475363 115227.715  962  221 147857.452    0.00000   100%  15.2 2451s
 534621 475823 120140.348 1447  216 147857.452    0.00000   100%  15.2 2458s
 534882 476343 124534.148 1561  221 147857.452    0.00000   100%  15.2 2460s
 535817 477444 42363.2653  296  234 147857.452    0.00000   100%  15.2 2465s
 538063 479578 105777.239 1276  234 147857.452    0.00000   100%  15.1 2470s
 539491 480864 55351.8737  266  238 147857.452    0.00000   100%  15.1 2475s
 540625 481785 87834.1403  608  227 147857.452    0.00000   100%  15.1 2481s
 541563 482722 110094.879  905  227 147857.452    0.00000   100%  15.2 2486s
 542563 483617 120214.179 1039  264 147857.452    0.00000   100%  15.2 2490s
 543495 484287 126731.268 1177  245 147857.452    0.00000   100%  15.2 2495s
 544800 485562 57071.6750  730  222 147857.452    0.00000   100%  15.2 2500s
 545756 486639 68721.1698 1350  220 147857.452    0.00000   100%  15.2 2505s
 547262 487990 81019.8762 2291  236 147857.452    0.00000   100%  15.2 2510s
 548470 489258 94695.4586 3093  236 147857.452    0.00000   100%  15.2 2515s
 550047 490519 114548.474 4158  235 147857.452    0.00000   100%  15.2 2522s
 550296 490921 129169.675 4296  240 147857.452    0.00000   100%  15.2 2525s
 551336 491993    0.00000  286  223 147857.452    0.00000   100%  15.2 2530s
 552374 493101 8719.54587  880  241 147857.452    0.00000   100%  15.2 2535s
 553803 494390 20548.6849 1798  237 147857.452    0.00000   100%  15.2 2540s
 555344 496062 24511.1437 2270  231 147857.452    0.00000   100%  15.2 2545s
 556072 496487 24939.6262 2379  231 147857.452    0.00000   100%  15.2 2553s
 556426 497009 25024.2095 2429  231 147857.452    0.00000   100%  15.2 2556s
 557566 498224 25754.3116 2618  222 147857.452    0.00000   100%  15.2 2561s
 558616 499279 27383.5691 2845  223 147857.452    0.00000   100%  15.2 2565s
 560145 500784 32993.9141 3389  224 147857.452    0.00000   100%  15.2 2571s
 561422 502067 39243.3938 3840  223 147857.452    0.00000   100%  15.2 2576s
 562373 502923 41839.0070 4056  219 147857.452    0.00000   100%  15.3 2581s
 563165 503696 42094.1266 4102  219 147857.452    0.00000   100%  15.3 2585s
 563946 504471 42381.5223 4157  220 147857.452    0.00000   100%  15.4 2590s
 565072 505680 42724.9292 4224  220 147857.452    0.00000   100%  15.4 2596s
 565836 506397 43011.8267 4280  219 147857.452    0.00000   100%  15.4 2600s
 566064 506399 43099.8015 4295  219 147857.452    0.00000   100%  15.5 2605s
 566587 507157 43304.0437 4336  219 147857.452    0.00000   100%  15.5 2610s
 567981 508694 43727.4370 4407  219 147857.452    0.00000   100%  15.5 2615s
 569508 510232 44929.5675 4537  218 147857.452    0.00000   100%  15.5 2620s
 571070 511736 46753.7656 4708  219 147857.452    0.00000   100%  15.5 2625s
 572558 513209 48901.4666 4851  219 147857.452    0.00000   100%  15.5 2630s
 573790 514313 50930.9095 4974  217 147857.452    0.00000   100%  15.5 2635s
 574689 514957 55566.2593 5263  216 147857.452    0.00000   100%  15.5 2640s
 575736 515834 62556.9023 5775  213 147857.452    0.00000   100%  15.5 2645s
 576867 517035 65589.4415 6042  210 147857.452    0.00000   100%  15.5 2650s
 578332 518082 66302.9839 6263  210 147857.452    0.00000   100%  15.5 2656s
 579117 519077 66652.3954 6346  210 147857.452    0.00000   100%  15.5 2660s
 580439 520583 74770.8789 6805  210 147857.452    0.00000   100%  15.5 2666s
 581482 521456 98557.3799 7109  207 147857.452    0.00000   100%  15.5 2670s
 582889 522952 99197.1550 7307  201 147857.452    0.00000   100%  15.5 2675s
 584215 524141 99525.9816 7576  199 147857.452    0.00000   100%  15.5 2680s
 585291 525087 104082.758 7758  204 147857.452    0.00000   100%  15.5 2687s
 585829 525767 105217.965 7810  201 147857.452    0.00000   100%  15.5 2690s
 587274 527212 106858.249 7927  202 147857.452    0.00000   100%  15.5 2695s
 588575 528560 107639.509 8017  200 147857.452    0.00000   100%  15.5 2700s
 589889 529757 108549.232 8121  200 147857.452    0.00000   100%  15.5 2705s
 591071 530984 109413.429 8220  201 147857.452    0.00000   100%  15.5 2710s
 592682 532592 110553.355 8346  202 147857.452    0.00000   100%  15.5 2716s
 593969 533961 111435.050 8448  201 147857.452    0.00000   100%  15.5 2720s
 595651 535492 112586.947 8579  200 147857.452    0.00000   100%  15.5 2728s
 596204 536066 113142.244 8637  199 147857.452    0.00000   100%  15.5 2730s
 597332 537016 121386.074 8993  194 147857.452    0.00000   100%  15.5 2735s
 598458 537906 56190.8307  419  229 147857.452    0.00000   100%  15.5 2740s
 599818 539400 59089.1432  853  229 147857.452    0.00000   100%  15.5 2745s
 601351 540993 62903.4597 1202  229 147857.452    0.00000   100%  15.5 2750s
 602541 541727 66792.5530 1479  228 147857.452    0.00000   100%  15.5 2755s
 603331 542843 68526.5685 1654  222 147857.452    0.00000   100%  15.5 2760s
 604962 544461 74253.5609 1970  222 147857.452    0.00000   100%  15.5 2765s
 606352 545623 81658.7162 2324  222 147857.452    0.00000   100%  15.5 2770s
 607389 546373 94168.5242 2659  231 147857.452    0.00000   100%  15.5 2775s
 608230 546990 96805.8491 2957  220 147857.452    0.00000   100%  15.5 2780s
 609542 548410 100207.672 3268  220 147857.452    0.00000   100%  15.5 2786s
 610359 548818 101864.114 3413  215 147857.452    0.00000   100%  15.5 2795s
 611347 550052 102291.481 3610  215 147857.452    0.00000   100%  15.5 2800s
 612589 551344 106799.138 3877  214 147857.452    0.00000   100%  15.5 2806s
 613489 552003 114642.725 4135  226 147857.452    0.00000   100%  15.5 2810s
 614366 552706 116791.655 4477  212 147857.452    0.00000   100%  15.5 2815s
 615249 553669 121191.220 4694  210 147857.452    0.00000   100%  15.6 2820s
 616609 554976 126744.040 4919  215 147857.452    0.00000   100%  15.6 2825s
 617987 556178 125996.938 1001  224 147857.452    0.00000   100%  15.6 2831s
 619177 557388 infeasible  405      147857.452    0.00000   100%  15.6 2835s
 620995 558745 63357.6969  995  229 147857.452    0.00000   100%  15.6 2841s
 621707 559830 66730.3945 1417  227 147857.452    0.00000   100%  15.6 2845s
 623175 561343 86573.6194 2321  214 147857.452    0.00000   100%  15.6 2850s
 624874 563053 102320.655 3208  208 147857.452    0.00000   100%  15.5 2855s
 626337 564347 128457.910 4029  204 147857.452    0.00000   100%  15.5 2860s
 627335 565109 124585.930  556  227 147857.452    0.00000   100%  15.5 2865s
 628554 566325 106632.693  821  213 147857.452    0.00000   100%  15.5 2870s
 629517 566948 116281.505 1479  211 147857.452    0.00000   100%  15.5 2876s
 630057 567826 122590.536 1842  210 147857.452    0.00000   100%  15.5 2880s
 631312 568753 46033.0000  410  237 147857.452    0.00000   100%  15.5 2885s
 632114 569549 71260.4433  892  228 147857.452    0.00000   100%  15.5 2890s
 633286 570698 78556.2059 1471  222 147857.452    0.00000   100%  15.5 2895s
 634602 572093 88114.5105 1997  231 147857.452    0.00000   100%  15.5 2900s
 635893 573309 97861.3811 2510  223 147857.452    0.00000   100%  15.5 2905s
 636967 574421 102415.973 2752  223 147857.452    0.00000   100%  15.5 2910s
 638272 575295 113880.485 3460  224 147857.452    0.00000   100%  15.5 2917s
 638707 575855 115115.682 3558  222 147857.452    0.00000   100%  15.5 2920s
 639725 576890 118594.138 3780  214 147857.452    0.00000   100%  15.5 2925s
 640956 577924 126706.759 4041  217 147857.452    0.00000   100%  15.5 2930s
 642100 578750 127871.809 4188  214 147857.452    0.00000   100%  15.6 2935s
 642887 579624 infeasible 4215      147857.452    0.00000   100%  15.6 2940s
 644197 581017 46279.8102  757  234 147857.452    0.00000   100%  15.5 2945s
 645499 581859 54928.7329 1388  227 147857.452    0.00000   100%  15.5 2951s
 646605 583286 56332.3912 1514  227 147857.452    0.00000   100%  15.5 2955s
 647903 584519 57387.0203 1602  227 147857.452    0.00000   100%  15.5 2960s
 649142 585808 58410.8750 1685  224 147857.452    0.00000   100%  15.5 2965s
 650203 586855 59541.2971 1781  226 147857.452    0.00000   100%  15.6 2970s
 650961 587325 62870.3608 2003  226 147857.452    0.00000   100%  15.6 2979s
 651047 587572 63644.5556 2052  226 147857.452    0.00000   100%  15.6 2980s
 652280 588861 71917.2070 2636  227 147857.452    0.00000   100%  15.6 2985s
 653850 590403 81817.3765 3302  226 147857.452    0.00000   100%  15.5 2990s
 655063 591555 90181.2219 3763  225 147857.452    0.00000   100%  15.5 2995s
 656556 593019 93367.4595 3908  224 147857.452    0.00000   100%  15.6 3000s
 657468 593896 96759.8569 4040  225 147857.452    0.00000   100%  15.6 3005s
 658788 595345 105833.764 4429  219 147857.452    0.00000   100%  15.6 3010s
 660051 596594 106291.049 4473  216 147857.452    0.00000   100%  15.6 3015s
 661693 598286 106933.092 4528  216 147857.452    0.00000   100%  15.6 3020s
 663292 599794 107459.814 4575  216 147857.452    0.00000   100%  15.6 3025s
 664763 601261 108012.938 4622  217 147857.452    0.00000   100%  15.6 3031s
 666022 602148 108476.527 4661  217 147857.452    0.00000   100%  15.6 3042s
 666544 602924 108680.748 4680  216 147857.452    0.00000   100%  15.6 3045s
 667491 603786 109130.786 4717  216 147857.452    0.00000   100%  15.6 3050s
 669218 605700 109777.222 4772  217 147857.452    0.00000   100%  15.6 3055s
 670661 607018 110474.514 4815  216 147857.452    0.00000   100%  15.6 3061s
 671914 608296 110958.413 4856  216 147857.452    0.00000   100%  15.6 3065s
 673133 609448 111365.822 4979  214 147857.452    0.00000   100%  15.5 3070s
 674127 610416 111695.255 5174  213 147857.452    0.00000   100%  15.6 3075s
 675565 611853 112113.804 5430  213 147857.452    0.00000   100%  15.5 3080s
 676973 613183 112588.509 5727  214 147857.452    0.00000   100%  15.5 3086s
 678056 614338 113820.295 5851  211 147857.452    0.00000   100%  15.6 3090s
 679199 615401 114167.039 5897  211 147857.452    0.00000   100%  15.5 3095s
 680350 616690 114535.242 5940  211 147857.452    0.00000   100%  15.5 3100s
 681522 617804 114927.846 5982  210 147857.452    0.00000   100%  15.5 3106s
 682480 618768 115222.235 6018  211 147857.452    0.00000   100%  15.5 3110s
 683757 620082 115634.117 6064  210 147857.452    0.00000   100%  15.5 3115s
 685235 621491 116694.505 6159  210 147857.452    0.00000   100%  15.5 3121s
 686413 622658 118002.486 6265  209 147857.452    0.00000   100%  15.5 3126s
H686963 620515                    135192.51434    0.00000   100%  15.5 3135s
H687302 605934                    128323.59838    0.00000   100%  15.5 3137s
 687679 606395 79142.4505  552  224 128323.598    0.00000   100%  15.5 3140s
 688484 606896 37429.9540  487  219 128323.598    0.00000   100%  15.5 3146s
H688485 587754                    124336.75714    0.00000   100%  15.5 3146s
H689287 585685                    123734.31520    0.00000   100%  15.5 3149s
 689415 586009 44748.3046  949  216 123734.315    0.00000   100%  15.5 3150s
H689604 584513                    123336.92738    0.00000   100%  15.5 3150s
 691007 586047 52855.8366 1594  216 123336.927    0.00000   100%  15.5 3155s
 692167 587274 57991.0371 1821  216 123336.927    0.00000   100%  15.5 3160s
 693426 588573 63087.3310 2030  215 123336.927    0.00000   100%  15.5 3165s
H693643 588532                    123326.97532    0.00000   100%  15.5 3166s
 694776 589727 80006.8339 2619  215 123326.975    0.00000   100%  15.5 3170s
 695835 590817 82602.3671 3015  214 123326.975    0.00000   100%  15.5 3175s
H696090 591022                    123303.64166    0.00000   100%  15.5 3176s
H696491 578943                    120305.69927    0.00000   100%  15.5 3177s
 696996 579436 83958.5602 3318  213 120305.699    0.00000   100%  15.5 3181s
H697728 580009                    120283.12431    0.00000   100%  15.5 3184s
 697972 580241 87263.0121 3429  211 120283.124    0.00000   100%  15.5 3186s
 698700 580603 infeasible 3627      120283.124    0.00000   100%  15.5 3190s
 699124 581318 44734.4163  390  243 120283.124    0.00000   100%  15.5 3195s
 699584 581320 70697.1910  624  230 120283.124    0.00000   100%  15.5 3201s
 700162 582046 infeasible  770      120283.124    0.00000   100%  15.5 3205s
 700957 582818 91048.0546  912  208 120283.124    0.00000   100%  15.5 3210s
 702534 584587 50450.3176  979  215 120283.124    0.00000   100%  15.5 3216s
 703815 585750 61315.3877 1649  213 120283.124    0.00000   100%  15.5 3220s
 705277 587138 78831.8655 2470  213 120283.124    0.00000   100%  15.5 3226s
 706193 587982 86549.9709 3084  214 120283.124    0.00000   100%  15.5 3230s
 707535 589324 76174.9972  735  225 120283.124    0.00000   100%  15.5 3235s
 709419 591081 100792.794 1796  218 120283.124    0.00000   100%  15.5 3240s
H710579 592068                    120270.66968    0.00000   100%  15.5 3244s
 710777 592070 102466.249 2475  218 120270.670    0.00000   100%  15.4 3246s
 711421 592876 infeasible 2799      120270.670    0.00000   100%  15.4 3250s
H712267 593958                    120268.31462    0.00000   100%  15.4 3252s
 713017 594233 104438.596 1078  214 120268.315    0.00000   100%  15.4 3255s
 714103 595505 83272.0039  537  223 120268.315    0.00000   100%  15.4 3260s
 715162 596335 infeasible  640      120268.315    0.00000   100%  15.4 3265s
H715948 596086                    120098.46858    0.00000   100%  15.4 3268s
 716371 596475 34039.3216  349  240 120098.469    0.00000   100%  15.4 3270s
 717672 597715 93830.8278  459  245 120098.469    0.00000   100%  15.5 3275s
 718369 598108     cutoff  513      120098.469    0.00000   100%  15.5 3284s
 718373 598201 infeasible  513      120098.469    0.00000   100%  15.5 3285s
 719311 599271 41981.5380  570  232 120098.469    0.00000   100%  15.5 3290s
 720589 600582 44261.3104  955  232 120098.469    0.00000   100%  15.5 3295s
 722039 601990 46550.6960 1346  230 120098.469    0.00000   100%  15.5 3301s
 723124 603039 51456.5191 1623  230 120098.469    0.00000   100%  15.5 3305s
 724623 604569 55727.6616 2018  225 120098.469    0.00000   100%  15.5 3310s
 725492 605425 58804.5638 2259  222 120098.469    0.00000   100%  15.5 3315s
 726485 606444 62540.2658 2506  222 120098.469    0.00000   100%  15.5 3321s
 727417 607423 68214.2011 2736  226 120098.469    0.00000   100%  15.5 3325s
 728849 608786 68603.7711 3095  220 120098.469    0.00000   100%  15.5 3331s
H729913 490143                    105565.37543    0.00000   100%  15.5 3336s
H730552 489799                    105451.85201    0.00000   100%  15.5 3341s
H731243 483614                    104767.02227    0.00000   100%  15.5 3343s
H731897 484222                    104766.18943    0.00000   100%  15.5 3346s
H732063 418742                    95913.571231    0.00000   100%  15.5 3346s
H732373 418421                    95829.662941    0.00000   100%  15.5 3347s
H732432 415145                    95286.045755    0.00000   100%  15.5 3349s
 732634 415431    0.00000  399  198 95286.0458    0.00000   100%  15.5 3350s
H732944 407982                    93856.300666    0.00000   100%  15.5 3351s
H733726 403800                    92785.866704    0.00000   100%  15.5 3354s
 734131 404306 25416.5217  351  239 92785.8667    0.00000   100%  15.5 3356s
H735143 404500                    92694.043701    0.00000   100%  15.5 3359s
 735431 404801 41414.8236 1053  235 92694.0437    0.00000   100%  15.5 3360s
 737243 406607 56919.0352 2103  233 92694.0437    0.00000   100%  15.5 3366s
 737538 406609 58969.0591 2265  229 92694.0437    0.00000   100%  15.5 3376s
 738003 407364 61679.7268 2477  229 92694.0437    0.00000   100%  15.5 3380s
 739096 408309 79137.0999 3081  243 92694.0437    0.00000   100%  15.5 3385s
 740095 409101 62526.8962  455  247 92694.0437    0.00000   100%  15.5 3390s
 741222 410043 68748.7194 1087  235 92694.0437    0.00000   100%  15.5 3396s
 741871 410591 76656.1148 1338  229 92694.0437    0.00000   100%  15.5 3400s
 742703 410902 infeasible  433      92694.0437    0.00000   100%  15.5 3405s
 743413 411670 44188.4556  394  230 92694.0437    0.00000   100%  15.6 3410s
 744313 412199 66295.0609  328  235 92694.0437    0.00000   100%  15.6 3416s
 744899 412350 infeasible  443      92694.0437    0.00000   100%  15.6 3420s
 745390 412856 74539.6103  529  228 92694.0437    0.00000   100%  15.6 3425s
 746678 414034 43338.8895  689  234 92694.0437    0.00000   100%  15.6 3430s
H747659 414679                    92678.051522    0.00000   100%  15.6 3434s
 747918 415085 59021.8251 1658  235 92678.0515    0.00000   100%  15.6 3436s
 749168 416039 72591.2232 2504  227 92678.0515    0.00000   100%  15.6 3441s
 749784 416224 10568.2696  397  230 92678.0515    0.00000   100%  15.6 3445s
 750327 416902 30582.4917  468  238 92678.0515    0.00000   100%  15.7 3450s
 751496 418179 39068.9499 1284  239 92678.0515    0.00000   100%  15.6 3455s
H752385 418659                    92667.882264    0.00000   100%  15.6 3457s
 753019 419279 51145.6750 2051  235 92667.8823    0.00000   100%  15.6 3460s
 754068 420555 58746.0110 2563  236 92667.8823    0.00000   100%  15.6 3466s
 755366 421645 71384.3725 3172  230 92667.8823    0.00000   100%  15.6 3470s
H755496 421602                    92660.064507    0.00000   100%  15.6 3470s
 756198 422188 infeasible 3359      92660.0645    0.00000   100%  15.6 3475s
 757657 423748 49419.5760 1026  236 92660.0645    0.00000   100%  15.6 3480s
 758373 424055 54423.6446 1398  236 92660.0645    0.00000   100%  15.6 3488s
 758694 424656 56585.1113 1563  239 92660.0645    0.00000   100%  15.6 3491s
 759659 425757 62710.3031 2070  240 92660.0645    0.00000   100%  15.6 3495s
 760942 426871 72713.9154 2768  238 92660.0645    0.00000   100%  15.6 3500s
 762508 428410 76010.1925  892  229 92660.0645    0.00000   100%  15.6 3506s
 763659 429317     cutoff  386      92660.0645    0.00000   100%  15.6 3510s
 764739 430193 85389.7800  421  245 92660.0645    0.00000   100%  15.6 3515s
 765763 431126 90501.2005  366  233 92660.0645    0.00000   100%  15.6 3520s
 767272 432537 infeasible  528      92660.0645    0.00000   100%  15.6 3526s
 768318 433717 18343.9715  510  233 92660.0645    0.00000   100%  15.6 3530s
 769783 435059 45733.9024  852  220 92660.0645    0.00000   100%  15.6 3535s
 771498 436685    0.00000  309  221 92660.0645    0.00000   100%  15.6 3540s
 772762 438103 25919.6383  871  221 92660.0645    0.00000   100%  15.6 3545s
 773446 438389 32151.6304 1145  223 92660.0645    0.00000   100%  15.6 3552s
 773712 438955 32384.4230 1263  222 92660.0645    0.00000   100%  15.6 3555s
H774375 439451                    92628.997925    0.00000   100%  15.6 3557s
 774991 440140 46763.7914 1825  227 92628.9979    0.00000   100%  15.5 3560s
 776553 441637 53360.6578 2266  227 92628.9979    0.00000   100%  15.5 3565s
 777841 442901 59075.9967 2593  223 92628.9979    0.00000   100%  15.5 3570s
 779426 444437 67451.3049 2920  218 92628.9979    0.00000   100%  15.5 3575s
 780477 445529 67955.0447 2953  212 92628.9979    0.00000   100%  15.5 3580s
 781485 446365 7739.97800  315  248 92628.9979    0.00000   100%  15.5 3585s
 783100 447948 72466.1493 1014  221 92628.9979    0.00000   100%  15.5 3591s
 783982 448634 infeasible  410      92628.9979    0.00000   100%  15.5 3595s
 784841 449149 17901.7999  374  240 92628.9979    0.00000   100%  15.5 3600s

Cutting planes:
  Gomory: 1
  Implied bound: 13
  MIR: 120
  StrongCG: 1
  Flow cover: 28
  RLT: 23

Explored 784843 nodes (12184505 simplex iterations) in 3600.15 seconds (1965.61 work units)
Thread count was 2 (of 24 available processors)

Solution count 10: 92629 92660.1 92667.9 ... 95913.6

Time limit reached
Best objective 9.262899792497e+04, best bound 0.000000000000e+00, gap 100.0000%
