
Gurobi 11.0.3 (linux64, Java) logging started dom 03 nov 2024 06:33:28 -03

Set parameter Username
Academic license - for non-commercial use only - expires 2025-10-10
Warning: Gurobi version mismatch between Java 11.0.1 and C library 11.0.3
Warning: Gurobi version mismatch between Java 11.0.1 and Jni 11.0.3
Set parameter NonConvex to value 2
Set parameter TimeLimit to value 3600
Set parameter LogToConsole to value 0
Set parameter MIPGap to value 2.4263079442362565e-08
Set parameter Threads to value 2
Set parameter NodefileDir to value "/home/ps12398/goal_programming/goalProgrammingMarcos/"
Set parameter NodefileStart to value 1
Gurobi Optimizer version 11.0.3 build v11.0.3rc0 (linux64)

CPU model: Intel(R) Xeon(R) CPU           X5650  @ 2.67GHz, instruction set [SSE2]
Thread count: 12 physical cores, 24 logical processors, using up to 2 threads

Optimize a model with 100830 rows, 69014 columns and 673386 nonzeros
Model fingerprint: 0x7c26b719
Model has 190 quadratic constraints
Variable types: 34416 continuous, 34598 integer (185 binary)
Coefficient statistics:
  Matrix range     [5e-03, 9e+06]
  QMatrix range    [5e-03, 2e+05]
  QLMatrix range   [1e+00, 2e+05]
  Objective range  [1e+00, 8e+07]
  Bounds range     [1e+00, 1e+08]
  RHS range        [1e+00, 1e+07]
  QRHS range       [7e-02, 7e-02]
Presolve removed 98573 rows and 66603 columns
Presolve time: 0.35s
Presolved: 3619 rows, 2826 columns, 324367 nonzeros
Presolved model has 2 SOS constraint(s)
Presolved model has 185 bilinear constraint(s)

Solving non-convex MIQCP

Variable types: 675 continuous, 2151 integer (187 binary)

Root relaxation: objective 0.000000e+00, 483 iterations, 0.03 seconds (0.03 work units)

    Nodes    |    Current Node    |     Objective Bounds      |     Work
 Expl Unexpl |  Obj  Depth IntInf | Incumbent    BestBd   Gap | It/Node Time

     0     0    0.00000    0  234          -    0.00000      -     -    2s
     0     0    0.00000    0  402          -    0.00000      -     -    2s
     0     0    0.00000    0  364          -    0.00000      -     -    2s
     0     0    0.00000    0  241          -    0.00000      -     -    2s
     0     0    0.00000    0  259          -    0.00000      -     -    3s
     0     0    0.00000    0  237          -    0.00000      -     -    3s
     0     0    0.00000    0  247          -    0.00000      -     -    3s
     0     0    0.00000    0  215          -    0.00000      -     -    3s
     0     0    0.00000    0  212          -    0.00000      -     -    3s
     0     0    0.00000    0  225          -    0.00000      -     -    3s
     0     0    0.00000    0  218          -    0.00000      -     -    3s
     0     0    0.00000    0  226          -    0.00000      -     -    3s
     0     0    0.00000    0  226          -    0.00000      -     -    4s
     0     2    0.00000    0  222          -    0.00000      -     -    4s
     5     8    0.00000    2  221          -    0.00000      -   132    5s
  1058  1467    0.00000  275  180          -    0.00000      -  27.8   10s
H 3302  3438                    1816150.3762    0.00000   100%  12.3   13s
H 3457  2476                    95716.342627    0.00000   100%  12.0   13s
  3589  2581    0.00000  109  189 95716.3426    0.00000   100%  12.3   15s
H 3670  2581                    2558.5111250    0.00000   100%  12.2   15s
H 3778    24                       0.0000000    0.00000  0.00%  12.4   16s

Cutting planes:
  Gomory: 5
  Implied bound: 3
  MIR: 98
  StrongCG: 3
  Flow cover: 3

Explored 3778 nodes (52357 simplex iterations) in 16.51 seconds (8.86 work units)
Thread count was 2 (of 24 available processors)

Solution count 4: 0 2558.51 95716.3 1.81615e+06 

Optimal solution found (tolerance 2.43e-08)
Best objective 0.000000000000e+00, best bound 0.000000000000e+00, gap 0.0000%
