
Gurobi 11.0.3 (linux64, Java) logging started dom 03 nov 2024 21:12:00 -03

Set parameter Username
Academic license - for non-commercial use only - expires 2025-10-10
Warning: Gurobi version mismatch between Java 11.0.1 and C library 11.0.3
Warning: Gurobi version mismatch between Java 11.0.1 and Jni 11.0.3
Set parameter NonConvex to value 2
Set parameter TimeLimit to value 3600
Set parameter LogToConsole to value 0
Set parameter MIPGap to value 2.4263079442362565e-08
Set parameter Threads to value 2
Set parameter NodefileDir to value "/home/ps12398/goal_programming/goalProgrammingMarcos/"
Set parameter NodefileStart to value 1
Gurobi Optimizer version 11.0.3 build v11.0.3rc0 (linux64)

CPU model: Intel(R) Xeon(R) CPU           X5650  @ 2.67GHz, instruction set [SSE2]
Thread count: 12 physical cores, 24 logical processors, using up to 2 threads

Optimize a model with 100830 rows, 69014 columns and 673386 nonzeros
Model fingerprint: 0xea2961f7
Model has 190 quadratic constraints
Variable types: 34416 continuous, 34598 integer (185 binary)
Coefficient statistics:
  Matrix range     [5e-03, 9e+06]
  QMatrix range    [5e-03, 2e+05]
  QLMatrix range   [1e+00, 2e+05]
  Objective range  [1e+00, 8e+07]
  Bounds range     [1e+00, 1e+08]
  RHS range        [1e+00, 5e+06]
  QRHS range       [4e-02, 4e-02]
Presolve removed 98573 rows and 66603 columns
Presolve time: 0.48s
Presolved: 3619 rows, 2826 columns, 324367 nonzeros
Presolved model has 2 SOS constraint(s)
Presolved model has 185 bilinear constraint(s)

Solving non-convex MIQCP

Variable types: 675 continuous, 2151 integer (187 binary)

Root relaxation: objective 0.000000e+00, 475 iterations, 0.03 seconds (0.03 work units)

    Nodes    |    Current Node    |     Objective Bounds      |     Work
 Expl Unexpl |  Obj  Depth IntInf | Incumbent    BestBd   Gap | It/Node Time

     0     0    0.00000    0  244          -    0.00000      -     -    2s
     0     0    0.00000    0  275          -    0.00000      -     -    2s
     0     0    0.00000    0  267          -    0.00000      -     -    3s
     0     0    0.00000    0  270          -    0.00000      -     -    3s
     0     0    0.00000    0  284          -    0.00000      -     -    3s
     0     0    0.00000    0  279          -    0.00000      -     -    3s
     0     0    0.00000    0  301          -    0.00000      -     -    3s
     0     0    0.00000    0  301          -    0.00000      -     -    4s
     0     2    0.00000    0  261          -    0.00000      -     -    6s
   606   673    0.00000  201  186          -    0.00000      -  28.9   11s
  1858  2090    0.00000  697  201          -    0.00000      -  17.6   15s
  3736  3724    0.00000  329  195          -    0.00000      -  13.2   20s
  3756  3743    0.00000   19  240          -    0.00000      -  14.5   25s
  4580  4468    0.00000  224  186          -    0.00000      -  16.3   30s
  5566  5181    0.00000  588   23          -    0.00000      -  15.5   35s
  7150  6088 infeasible 1310               -    0.00000      -  13.7   40s
* 7268  2654            1365       0.0000000    0.00000  0.00%  13.6   40s

Cutting planes:
  Gomory: 2
  Implied bound: 5
  MIR: 93
  StrongCG: 3
  Flow cover: 3
  RLT: 15

Explored 7375 nodes (106743 simplex iterations) in 40.09 seconds (19.59 work units)
Thread count was 2 (of 24 available processors)

Solution count 1: 0 

Optimal solution found (tolerance 2.43e-08)
Best objective 0.000000000000e+00, best bound 0.000000000000e+00, gap 0.0000%
