
Gurobi 11.0.3 (linux64, Java) logging started dom 03 nov 2024 09:38:33 -03

Set parameter Username
Academic license - for non-commercial use only - expires 2025-10-10
Warning: Gurobi version mismatch between Java 11.0.1 and C library 11.0.3
Warning: Gurobi version mismatch between Java 11.0.1 and Jni 11.0.3
Set parameter NonConvex to value 2
Set parameter TimeLimit to value 3600
Set parameter LogToConsole to value 0
Set parameter MIPGap to value 2.4263079442362565e-08
Set parameter Threads to value 2
Set parameter NodefileDir to value "/home/ps12398/goal_programming/goalProgrammingMarcos/"
Set parameter NodefileStart to value 1
Gurobi Optimizer version 11.0.3 build v11.0.3rc0 (linux64)

CPU model: Intel(R) Xeon(R) CPU           X5650  @ 2.67GHz, instruction set [SSE2]
Thread count: 12 physical cores, 24 logical processors, using up to 2 threads

Optimize a model with 100830 rows, 69014 columns and 673386 nonzeros
Model fingerprint: 0xa1b20832
Model has 190 quadratic constraints
Variable types: 34416 continuous, 34598 integer (185 binary)
Coefficient statistics:
  Matrix range     [5e-03, 9e+06]
  QMatrix range    [5e-03, 2e+05]
  QLMatrix range   [1e+00, 2e+05]
  Objective range  [1e+00, 8e+07]
  Bounds range     [1e+00, 1e+08]
  RHS range        [1e+00, 6e+06]
  QRHS range       [1e-02, 1e-02]
Presolve removed 98573 rows and 66603 columns
Presolve time: 0.50s
Presolved: 3619 rows, 2826 columns, 324367 nonzeros
Presolved model has 2 SOS constraint(s)
Presolved model has 185 bilinear constraint(s)

Solving non-convex MIQCP

Variable types: 675 continuous, 2151 integer (187 binary)

Root relaxation: objective 0.000000e+00, 459 iterations, 0.04 seconds (0.03 work units)

    Nodes    |    Current Node    |     Objective Bounds      |     Work
 Expl Unexpl |  Obj  Depth IntInf | Incumbent    BestBd   Gap | It/Node Time

     0     0    0.00000    0  303          -    0.00000      -     -    2s
     0     0    0.00000    0  479          -    0.00000      -     -    3s
     0     0    0.00000    0  479          -    0.00000      -     -    3s
     0     0    0.00000    0  318          -    0.00000      -     -    3s
     0     0    0.00000    0  335          -    0.00000      -     -    3s
     0     0    0.00000    0  316          -    0.00000      -     -    3s
     0     0    0.00000    0  336          -    0.00000      -     -    3s
     0     0    0.00000    0  298          -    0.00000      -     -    4s
     0     0    0.00000    0  296          -    0.00000      -     -    5s
     0     2    0.00000    0  296          -    0.00000      -     -    5s
   916  1086    0.00000  330  201          -    0.00000      -  20.3   12s
  1615  1788 2595145.57  553  208          -    0.00000      -  19.8   15s
  2596  2976 2595295.50 1044  183          -    0.00000      -  30.7   20s
H 2723  2976                    5658970.7275    0.00000   100%  30.7   20s
H 2982  3476                    5129554.0470    0.00000   100%  29.0   22s
H 3925  4181                    4651553.8198    0.00000   100%  22.5   24s
  4190  4182    0.00000  239  930 4651553.82    0.00000   100%  21.2   25s
H 4194  3975                    3969366.4122    0.00000   100%  21.2   29s
  4198  3977    0.00000  324  306 3969366.41    0.00000   100%  21.2   30s
  4207  3983 2595295.50 1133  199 3969366.41    0.00000   100%  21.1   36s
  4216  3992    0.00000   12  347 3969366.41    0.00000   100%  26.2   40s
  4228  4004    0.00000   15  351 3969366.41    0.00000   100%  26.5   45s
H 4240  3812                    3706994.8898    0.00000   100%  26.6   49s
  4245  3837    0.00000   20  334 3706994.89    0.00000   100%  26.7   56s
H 4271  3707                    3493156.1602    0.00000   100%  27.1   73s
H 4313  3513                    3413984.7112    0.00000   100%  27.9   73s
  4340  3599    0.00000   48  301 3413984.71    0.00000   100%  28.6  104s
H 4386  3413                    3404423.0998    0.00000   100%  29.4  104s
  4435  3586    0.00000   71  302 3404423.10    0.00000   100%  30.6  134s
  4625  3728 14994.7280  139  278 3404423.10    0.00000   100%  31.9  158s
  4830  3836 14965.7518  214  252 3404423.10    0.00000   100%  31.1  181s
  5006  3966 14965.7518  281  253 3404423.10    0.00000   100%  30.5  202s
H 5140  3759                    2733927.7132    0.00000   100%  29.7  202s
  5195  3938 14965.7518  348  253 2733927.71    0.00000   100%  30.3  222s
H 5321  3741                    2715839.6268    0.00000   100%  29.7  222s
H 5392  3748                    2324204.1603    0.00000   100%  29.3  242s
H 5569  3728                    2265064.1870    0.00000   100%  28.5  262s
  5748  3844 14965.7518  540  226 2265064.19    0.00000   100%  27.7  285s
H 5880  3668                    2223035.8111    0.00000   100%  27.1  285s
H 5923  3719                    2112473.7117    0.00000   100%  26.9  305s
  6115  3847 14965.7518  679  217 2112473.71    0.00000   100%  26.1  323s
H 6262  3679                    2077710.4312    0.00000   100%  25.5  323s
H 6307  3744                    1993595.6391    0.00000   100%  25.3  345s
H 6501  3766                    1990143.8013    0.00000   100%  24.6  372s
  6694  3923 14965.7518  901  202 1990143.80    0.00000   100%  23.9  394s
H 6916  3970                    1989693.2679    0.00000   100%  23.3  416s
  7140  4188 15584.3909 1064  195 1989693.27    0.00000   100%  22.7  445s
H 7432  4354                    1976022.1518    0.00000   100%  21.9  470s
H 7613  4201                    1947001.2470    0.00000   100%  21.5  470s
H 7793  4418                    1937142.1811    0.00000   100%  21.1  490s
H 7979  4272                    1924531.1787    0.00000   100%  20.7  490s
H 8157  4521                    1900147.4516    0.00000   100%  20.4  513s
H 8544  4708                    1882739.6609    0.00000   100%  19.8  535s
  8914  5081 50147.8966 1534  186 1882739.66    0.00000   100%  19.2  564s
H 9101  5081                    1846618.0516    0.00000   100%  18.9  564s
  9287  5469 16546.7810 1628  185 1846618.05    0.00000   100%  18.7  595s
H 9481  5469                    1839402.3925    0.00000   100%  18.5  595s
H 9675  5841                    1830449.7461    0.00000   100%  18.3  623s
H10047  6235                    1828365.1931    0.00000   100%  17.9  649s
 10441  6607 17284.1477 1910  188 1828365.19    0.00000   100%  17.8  679s
H10813  6962                    1584452.9171    0.00000   100%  17.5  706s
 11168  7260 17797.9228 2099  184 1584452.92    0.00000   100%  17.4  733s
H11314  7260                    1584410.1160    0.00000   100%  17.2  733s
 11466  7573 17970.5633 2172  188 1584410.12    0.00000   100%  17.2  758s
H11779  7867                    1583952.0438    0.00000   100%  17.1  782s
 12074  8155 18433.6782 2322  192 1583952.04    0.00000   100%  17.1  808s
H12362  8392                    1583080.0571    0.00000   100%  17.1  828s
 12599  8643 18830.1684 2463  192 1583080.06    0.00000   100%  17.0  848s
H12850  8928                    1581265.2887    0.00000   100%  17.0  877s
 13135  9178 19304.4879 2603  188 1581265.29    0.00000   100%  16.9  905s
 13385  9490 22816.0865 2677  186 1581265.29    0.00000   100%  16.8  931s
H13537  9490                    1578180.8461    0.00000   100%  16.8  931s
 13697  9769 121102.692 2753  190 1578180.85    0.00000   100%  16.9  958s
H13847  9769                    1578176.7426    0.00000   100%  16.8  958s
H13976 10047                    1578131.3309    0.00000   100%  16.9  985s
 14254 10363 56602.6876 2904  187 1578131.33    0.00000   100%  16.8 1013s
H14406 10363                    1541426.2866    0.00000   100%  16.8 1013s
H14570 10618                    1534214.7753    0.00000   100%  16.7 1039s
H14825 10880                    1534214.4330    0.00000   100%  16.7 1066s
 15087 11066 56893.9435 3128  185 1534214.43    0.00000   100%  16.7 1096s
 15273 11265 80833.0967 3200  186 1534214.43    0.00000   100%  16.6 1131s
H15421 11265                    1521415.0627    0.00000   100%  16.5 1131s
H15472 11507                    1514692.4129    0.00000   100%  16.5 1160s
H15714 11812                    1501898.5504    0.00000   100%  16.5 1189s
 16019 12126 51162.1659 3434  184 1501898.55    0.00000   100%  16.7 1214s
H16202 12126                    1478606.2580    0.00000   100%  16.9 1214s
 16335 12468 74972.7558 3526  186 1478606.26    0.00000   100%  16.9 1240s
H16521 12468                    1477731.7122    0.00000   100%  17.0 1240s
 16677 12787 80580.9947 3619  190 1477731.71    0.00000   100%  17.0 1269s
H16996 13110                    1475490.3764    0.00000   100%  17.2 1298s
H17197 13110                    1468523.8435    0.00000   100%  17.2 1298s
 17319 13429 51648.8426 3814  186 1468523.84    0.00000   100%  17.3 1328s
H17638 13674                    1437116.4300    0.00000   100%  17.2 1354s
 17883 14024 72027.4583 4004  184 1437116.43    0.00000   100%  17.1 1384s
H18081 14024                    1432606.1509    0.00000   100%  16.9 1384s
H18233 14348                    1432600.4719    0.00000   100%  17.0 1407s
H18557 14610                    1432588.9025    0.00000   100%  17.0 1436s
H18826 14867                    1429565.3907    0.00000   100%  16.9 1459s
 19083 15117 52375.3131 4394  186 1429565.39    0.00000   100%  16.8 1483s
H19280 15117                    1427614.2401    0.00000   100%  16.7 1483s
 19333 15395 69156.0857 4492  184 1427614.24    0.00000   100%  16.7 1509s
 19611 15660 52630.8786 4593  185 1427614.24    0.00000   100%  16.5 1540s
H19876 15924                    1418357.5748    0.00000   100%  16.5 1567s
 20140 16232 52899.5018 4791  187 1418357.57    0.00000   100%  16.3 1598s
H20334 16232                    1411357.6145    0.00000   100%  16.2 1598s
 20448 16594 53014.9312 4888  189 1411357.61    0.00000   100%  16.2 1627s
H20655 16594                    1386030.9777    0.00000   100%  16.1 1627s
 20810 16923 69443.6753 4991  184 1386030.98    0.00000   100%  16.1 1656s
H21139 17275                    1381880.5447    0.00000   100%  16.1 1685s
H21325 17275                    1374345.7384    0.00000   100%  16.0 1685s
 21491 17563 53398.4791 5173  186 1374345.74    0.00000   100%  16.1 1713s
H21672 17563                    1373627.2201    0.00000   100%  16.0 1713s
 21779 17797 74522.0368 5263  184 1373627.22    0.00000   100%  16.1 1738s
H21955 17797                    1364541.7027    0.00000   100%  16.0 1738s
H22013 18105                    1364528.5330    0.00000   100%  16.0 1764s
H22207 18105                    1341460.9554    0.00000   100%  15.9 1764s
 22321 18450 54150.6153 5448  188 1341460.96    0.00000   100%  15.9 1789s
H22666 18804                    1340876.8518    0.00000   100%  15.8 1815s
 23020 19151 54360.4539 5638  188 1340876.85    0.00000   100%  15.8 1842s
H23201 19151                    1340287.0630    0.00000   100%  15.7 1842s
H23367 19501                    1331872.6457    0.00000   100%  15.8 1870s
H23717 19830                    1329139.0402    0.00000   100%  15.7 1900s
 24046 20167 54329.9233 5905  185 1329139.04    0.00000   100%  15.7 1928s
H24228 20167                    1328509.0607    0.00000   100%  15.6 1928s
H24383 20504                    1325762.7018    0.00000   100%  15.7 1957s
H24720 20836                    1325464.8026    0.00000   100%  15.6 1981s
H25052 21164                    1325363.9134    0.00000   100%  15.6 2005s
H25224 21164                    1319872.5489    0.00000   100%  15.5 2005s
H25380 21443                    1313234.8348    0.00000   100%  15.6 2030s
H25659 21753                    1311547.5919    0.00000   100%  15.7 2060s
H25969 22064                    1310199.1756    0.00000   100%  15.8 2090s
H26280 22378                    1303905.6899    0.00000   100%  16.0 2120s
 26594 22670 55553.4571 6601  184 1303905.69    0.00000   100%  16.2 2149s
H26766 22670                    1302674.4586    0.00000   100%  16.2 2149s
 26886 22995 55766.5860 6687  186 1302674.46    0.00000   100%  16.3 2172s
H27064 22995                    1302179.6237    0.00000   100%  16.4 2172s
H27211 23308                    1302179.6236    0.00000   100%  16.4 2204s
H27524 23616                    1301555.0258    0.00000   100%  16.6 2232s
H27689 23616                    1300799.3212    0.00000   100%  16.6 2232s
 27833 23911 56235.2234 6944  186 1300799.32    0.00000   100%  16.7 2259s
 28003 23911 44597.0635 4893  215 1300799.32    0.00000   100%  16.8 2260s
H28128 24238                    1300799.0495    0.00000   100%  16.8 2285s
H28306 24238                    1296962.0123    0.00000   100%  16.9 2285s
H28455 24609                    1295430.8746    0.00000   100%  16.9 2315s
H28826 24984                    1292938.2841    0.00000   100%  16.9 2347s
H29055 24984                    1283709.0415    0.00000   100%  16.9 2347s
H29201 25330                    1278905.4417    0.00000   100%  16.9 2378s
 29547 25701 67950.0126 7447  184 1278905.44    0.00000   100%  16.9 2406s
H29773 25701                    1278794.3684    0.00000   100%  16.9 2406s
H29918 26008                    1276592.8495    0.00000   100%  16.8 2432s
H30110 26008                    1270257.7685    0.00000   100%  17.2 2432s
H30225 26316                    1269239.7066    0.00000   100%  17.1 2457s
H30416 26316                    1269097.7716    0.00000   100%  17.6 2457s
H30533 26610                    1267153.2629    0.00000   100%  17.5 2482s
H30827 26899                    1265871.5426    0.00000   100%  18.0 2504s
 31119 27192 525784.341 7929  225 1265871.54    0.00000   100%  18.7 2527s
 31412 27454 109508.279 8018  216 1265871.54    0.00000   100%  19.0 2551s
H31554 27454                    1264860.7604    0.00000   100%  19.3 2551s
 31687 27746 95009.3150 8094  199 1264860.76    0.00000   100%  19.2 2580s
H31979 28020                    1263651.0723    0.00000   100%  19.2 2610s
H32253 28263                    1260714.0704    0.00000   100%  19.2 2635s
 32496 28516 148652.764 8330  187 1260714.07    0.00000   100%  19.1 2655s
 32755 28752 150406.834 8392  193 1260714.07    0.00000   100%  19.0 2681s
 32993 29024 169168.266 8454  190 1260714.07    0.00000   100%  19.0 2708s
H33167 29024                    1253446.7218    0.00000   100%  19.0 2708s
H33281 29288                    1252783.3190    0.00000   100%  19.0 2734s
H33557 29557                    1252780.6221    0.00000   100%  18.9 2761s
 33874 29834 316057.786 8708  206 1252780.62    0.00000   100%  19.1 2785s
H34062 29834                    1251765.8590    0.00000   100%  19.2 2785s
 34185 30119 169893.252 8802  189 1251765.86    0.00000   100%  19.2 2817s
H34384 30119                    1246646.0804    0.00000   100%  19.3 2817s
 34520 30382 170334.809 8901  187 1246646.08    0.00000   100%  19.3 2847s
 34839 30655 177586.886 8998  185 1246646.08    0.00000   100%  19.4 2871s
H35148 30943                    1244527.9733    0.00000   100%  19.5 2899s
H35327 30943                    1241454.9127    0.00000   100%  19.5 2899s
 35452 31192 182134.243 9183  185 1241454.91    0.00000   100%  19.5 2922s
 35747 31397 183472.781 9270  186 1241454.91    0.00000   100%  19.6 2952s
 36036 31631 infeasible 9360      1241454.91    0.00000   100%  19.8 2977s
H36037 31631                    1238667.1927    0.00000   100%  19.8 2977s
 36352 31814 377137.247 9453  198 1238667.19    0.00000   100%  20.1 3005s
 36685 32065 infeasible 9558      1238667.19    0.00000   100%  20.6 3030s
H36867 32065                    1238653.2172    0.00000   100%  20.8 3030s
H36998 32290                    1189442.0233    0.00000   100%  20.7 3064s
 37329 32495 185083.750 9755  183 1189442.02    0.00000   100%  21.1 3092s
H37508 32495                    1188631.1304    0.00000   100%  21.5 3092s
H37624 32693                    1185872.7883    0.00000   100%  21.4 3120s
H37910 32950                    1175640.3991    0.00000   100%  21.7 3150s
 38201 33257 403115.231 10022  189 1175640.40    0.00000   100%  21.7 3182s
 38602 33383 411273.492 10150  182 1175640.40    0.00000   100%  21.8 3212s
H38677 33383                    1175232.2713    0.00000   100%  21.9 3212s
H38790 33495                    1167508.7656    0.00000   100%  21.9 3235s
 38912 33649 54431.8439  122  274 1167508.77    0.00000   100%  21.8 3269s
 39066 33780 54536.6907  141  274 1167508.77    0.00000   100%  21.8 3298s
H39199 33908                    1167324.4510    0.00000   100%  21.7 3329s
H39235 33906                    1164667.6416    0.00000   100%  21.8 3329s
H39327 34054                    1158356.1007    0.00000   100%  21.7 3358s
H39477 34221                    1156767.3074    0.00000   100%  21.6 3392s
H39644 34355                    1155891.8485    0.00000   100%  21.6 3422s
 39778 34483 54568.0780  233  258 1155891.85    0.00000   100%  21.5 3451s
 39906 34673 54431.8439  253  242 1155891.85    0.00000   100%  21.5 3475s
 40096 34874 54431.8439  285  221 1155891.85    0.00000   100%  21.4 3502s
 40297 35085 54431.8439  322  208 1155891.85    0.00000   100%  21.3 3526s
H40371 35085                    1155740.5133    0.00000   100%  21.2 3526s
 40508 35283 54431.8439  359  196 1155740.51    0.00000   100%  21.2 3558s
H40706 35503                    1155517.1349    0.00000   100%  21.1 3590s
H40792 35503                    1155456.1973    0.00000   100%  21.1 3590s
H40926 35580                    1155445.5257    0.00000   100%  21.0 3600s

Cutting planes:
  Implied bound: 4
  MIR: 80
  Flow cover: 24
  RLT: 32

Explored 41003 nodes (867648 simplex iterations) in 3600.13 seconds (1861.75 work units)
Thread count was 2 (of 24 available processors)

Solution count 10: 1.15545e+06 1.15546e+06 1.15552e+06 ... 1.16751e+06

Time limit reached
Best objective 1.155445525674e+06, best bound 0.000000000000e+00, gap 100.0000%
