
Gurobi 11.0.3 (linux64, Java) logging started qui 07 nov 2024 10:44:06 -03

Set parameter Username
Academic license - for non-commercial use only - expires 2025-10-10
Warning: Gurobi version mismatch between Java 11.0.1 and C library 11.0.3
Warning: Gurobi version mismatch between Java 11.0.1 and Jni 11.0.3
Set parameter NonConvex to value 2
Set parameter TimeLimit to value 3600
Set parameter LogToConsole to value 0
Set parameter MIPGap to value 3.8113966129801561e-08
Set parameter Threads to value 2
Set parameter NodefileDir to value "/home/ps12398/goal_programming/goalProgrammingMarcos/"
Set parameter NodefileStart to value 1
Gurobi Optimizer version 11.0.3 build v11.0.3rc0 (linux64)

CPU model: Intel(R) Xeon(R) CPU           X5650  @ 2.67GHz, instruction set [SSE2]
Thread count: 12 physical cores, 24 logical processors, using up to 2 threads

Optimize a model with 180591 rows, 121779 columns and 800898 nonzeros
Model fingerprint: 0xae6469c7
Model has 251 quadratic constraints
Variable types: 60768 continuous, 61011 integer (246 binary)
Coefficient statistics:
  Matrix range     [4e-03, 7e+06]
  QMatrix range    [4e-03, 1e+05]
  QLMatrix range   [1e+00, 1e+05]
  Objective range  [1e+00, 5e+07]
  Bounds range     [1e+00, 1e+08]
  RHS range        [1e+00, 5e+05]
  QRHS range       [3e-02, 3e-02]
Presolve removed 178292 rows and 119349 columns
Presolve time: 0.64s
Presolved: 4411 rows, 3068 columns, 370646 nonzeros
Presolved model has 2 SOS constraint(s)
Presolved model has 246 bilinear constraint(s)

Solving non-convex MIQCP

Variable types: 938 continuous, 2130 integer (248 binary)
Found heuristic solution: objective 2.357180e+07

Root relaxation: objective 0.000000e+00, 437 iterations, 0.10 seconds (0.06 work units)

    Nodes    |    Current Node    |     Objective Bounds      |     Work
 Expl Unexpl |  Obj  Depth IntInf | Incumbent    BestBd   Gap | It/Node Time

     0     0    0.00000    0  367 2.3572e+07    0.00000   100%     -    3s
     0     0 379615.849    0  525 2.3572e+07 379615.849  98.4%     -    3s
     0     0 1182064.45    0  560 2.3572e+07 1182064.45  95.0%     -    6s
H    0     0                    1.018141e+07 1185113.85  88.4%     -    6s
     0     0 1216345.64    0  561 1.0181e+07 1216345.64  88.1%     -    6s
     0     0 1245343.41    0  598 1.0181e+07 1245343.41  87.8%     -    9s
     0     0 1247056.78    0  597 1.0181e+07 1247056.78  87.8%     -   10s
     0     0 1263484.77    0  624 1.0181e+07 1263484.77  87.6%     -   13s
     0     0 1266277.62    0  611 1.0181e+07 1266277.62  87.6%     -   13s
     0     0 1266511.68    0  611 1.0181e+07 1266511.68  87.6%     -   14s
     0     0 1266782.92    0  611 1.0181e+07 1266782.92  87.6%     -   19s
     0     2 1266782.92    0  611 1.0181e+07 1266782.92  87.6%     -   22s
    17    20 1295897.92    6  592 1.0181e+07 1273591.66  87.5%  54.9   25s
H   55    57                    1.018137e+07 1273591.66  87.5%  44.5   29s
    56    59 1333611.05   18  577 1.0181e+07 1273591.66  87.5%  45.9   30s
H   83    86                    1.018137e+07 1273591.66  87.5%  45.0   33s
    93    99 1366153.14   28  541 1.0181e+07 1273591.66  87.5%  44.6   35s
   138   149 1431866.41   42  498 1.0181e+07 1273591.66  87.5%  47.5   40s
   213   230 1652457.51   66  479 1.0181e+07 1273591.66  87.5%  43.8   45s
   288   312 2347472.70   90  457 1.0181e+07 1273591.66  87.5%  43.0   50s
   370   394 3222538.41  112  419 1.0181e+07 1273591.66  87.5%  41.6   55s
   530   568 3929916.48  173  354 1.0181e+07 1273591.66  87.5%  35.3   61s
   643   736 3929999.65  231  350 1.0181e+07 1273591.66  87.5%  29.7   65s
   919  1012 3930324.46  403  350 1.0181e+07 1273591.66  87.5%  21.1   71s
  1068  1141 3930461.19  480  344 1.0181e+07 1273591.66  87.5%  18.3   75s
  1218  1308 3930703.63  578  338 1.0181e+07 1273591.66  87.5%  16.2   80s
  1392  1483 3930931.35  673  338 1.0181e+07 1273591.66  87.5%  14.3   85s
  1574  1636 3931178.28  775  337 1.0181e+07 1273591.66  87.5%  12.9   90s
H 1688  1707                    7295842.3709 1273591.66  82.5%  12.2   93s
  1706  1799 3931305.83  810  317 7295842.37 1273591.66  82.5%  12.1   96s
  1902  2034 3931340.00  868  318 7295842.37 1273591.66  82.5%  11.0  102s
  2033  2091 3931387.59  940  313 7295842.37 1273591.66  82.5%  10.4  106s
  2205  2331 3931393.71 1055  313 7295842.37 1273591.66  82.5%   9.7  112s
  2330  2464 3931396.84 1114  313 7295842.37 1273591.66  82.5%   9.3  115s
  2463  2580 3931399.98 1173  313 7295842.37 1273591.66  82.5%   8.8  120s
  2720  2872 3931406.84 1302  313 7295842.37 1273591.66  82.5%   8.1  129s
H 2791  2872                    7295395.8123 1273591.66  82.5%   7.9  129s
  2871  2981 3931410.62 1373  313 7295395.81 1273591.66  82.5%   7.7  132s
  2980  3096 3931512.17 1433  311 7295395.81 1273591.66  82.5%   7.5  135s
  3247  3505 3931833.63 1576  297 7295395.81 1273591.66  82.5%   7.1  143s
  3504  3771 3932004.07 1702  296 7295395.81 1273591.66  82.5%   6.7  148s
  3771  3772 3675581.92 1342  831 7295395.81 1273591.66  82.5%   6.4  160s
H 3772  3584                    7286592.1574 1273591.66  82.5%   6.4  161s
H 3775  3406                    7286584.6915 1405881.60  80.7%   6.4  163s
  3780  3409 3673346.48  227  389 7286584.69 1439594.67  80.2%   6.4  165s
H 3785  3242                    6657392.1807 1466167.55  78.0%   6.3  167s
  3796  3250 3931411.82 1278  428 6657392.18 1534557.58  76.9%   6.3  170s
  3809  3258 3931334.11  841  424 6657392.18 1593526.40  76.1%   6.3  175s
H 3823  3103                    6478221.0111 1643444.57  74.6%   6.3  178s
  3832  3109 1650007.90   59  475 6478221.01 1650007.90  74.5%   6.3  180s
H 3843  2959                    6290711.8710 1659081.91  73.6%   6.3  182s
  3855  2967 3674058.26  735  468 6290711.87 1671455.43  73.4%   6.2  185s
  3878  2982 3931391.94  904  488 6290711.87 1683709.06  73.2%   6.2  190s
H 3891  2840                    6286058.2192 1684346.51  73.2%   6.2  192s
  3903  2848 3675344.98 1259  506 6286058.22 1684852.35  73.2%   6.2  195s
H 3923  2715                    5991445.8625 1686052.82  71.9%   6.1  199s
  3929  2719 3675568.94 1329  494 5991445.86 1686834.28  71.8%   6.1  200s
H 3950  2598                    5957261.4558 1687314.34  71.7%  10.6  205s
  3973  2613 3675334.54 1241  472 5957261.46 1711725.86  71.3%  10.6  210s
  3984  2620 3610848.21  126  490 5957261.46 1713264.33  71.2%  10.5  215s
  3992  2629 1813107.01   23  700 5957261.46 1718919.37  71.1%  12.7  220s
H 4013  2511                    5939350.3589 1750378.33  70.5%  14.4  224s
H 4014  2385                    5863021.4937 1750378.33  70.1%  14.4  224s
  4017  2389 1811992.88   30  687 5863021.49 1750378.33  70.1%  14.7  225s
H 4040  2285                    5820300.6598 1750378.33  69.9%  15.6  229s
  4046  2291 1871731.32   36  665 5820300.66 1750378.33  69.9%  15.8  230s
H 4067  2191                    5809355.4862 1750378.33  69.9%  16.6  233s
  4079  2200 1936858.25   45  665 5809355.49 1750378.33  69.9%  17.1  235s
H 4095  2102                    5809296.3323 1750378.33  69.9%  17.8  238s
  4106  2112 2005569.61   51  641 5809296.33 1750378.33  69.9%  18.2  240s
H 4123  2020                    5808857.4434 1750378.33  69.9%  18.5  243s
H 4127  1922                    5808853.6115 1750378.33  69.9%  18.6  243s
H 4137  1839                    5801742.4838 1750378.33  69.8%  18.7  246s
H 4139  1752                    5733138.0132 1750378.33  69.5%  18.7  246s
  4157  1770 2032527.24   65  575 5733138.01 1750378.33  69.5%  19.2  250s
  4178  1784 2071437.83   71  550 5733138.01 1750378.33  69.5%  20.1  255s
H 4183  1699                    5729615.7302 1750378.33  69.5%  20.7  255s
  4204  1721 2108799.79   77  530 5729615.73 1750378.33  69.5%  21.9  262s
  4225  1734 2179263.89   83  525 5729615.73 1750378.33  69.5%  22.5  265s
H 4230  1653                    5585931.1396 1750378.33  68.7%  22.5  265s
H 4235  1588                    5306279.2844 1750378.33  67.0%  22.7  267s
  4246  1589 2284439.74   89  505 5306279.28 1750378.33  67.0%  22.9  272s
  4251  1594 2206312.28   90  501 5306279.28 1750378.33  67.0%  24.0  280s
  4258  1598 2204347.48   92  492 5306279.28 1750378.33  67.0%  24.2  286s
  4264  1598 2221036.68   94  483 5306279.28 1750378.33  67.0%  24.3  294s
  4266  1601 2228297.29   94  491 5306279.28 1750378.33  67.0%  24.4  302s
H 4267  1530                    5299487.9102 1750378.33  67.0%  24.4  302s
  4270  1532 2230510.75   95  491 5299487.91 1750378.33  67.0%  24.4  308s
  4273  1533 2247163.19   96  465 5299487.91 1750378.33  67.0%  24.5  316s
  4275  1534 2241813.19   96  468 5299487.91 1750378.33  67.0%  24.5  324s
  4277  1536 2254137.90   97  479 5299487.91 1750378.33  67.0%  24.5  335s
  4279  1537 2336887.26   97  459 5299487.91 1750378.33  67.0%  25.3  341s
  4281  1538 2275459.58   98  481 5299487.91 1750378.33  67.0%  25.4  350s
  4283  1540 2333798.84   98  477 5299487.91 1750378.33  67.0%  25.4  360s
  4285  1541 2277369.13   99  461 5299487.91 1750378.33  67.0%  25.4  369s
  4287  1542 2336893.85   99  483 5299487.91 1750378.33  67.0%  25.4  376s
  4289  1544 2292488.04  100  462 5299487.91 1750378.33  67.0%  25.4  383s
  4291  1545 2325376.52  100  465 5299487.91 1750378.33  67.0%  25.4  391s
  4293  1546 2358854.49  101  464 5299487.91 1750378.33  67.0%  25.4  402s
H 4295  1480                    5294987.6267 1750378.33  66.9%  25.4  409s
H 4296  1415                    5251117.1029 1750378.33  66.7%  25.4  409s
  4297  1417 2372965.59  102  469 5251117.10 1750378.33  66.7%  25.5  417s
  4299  1418 2376849.58  102  446 5251117.10 1750378.33  66.7%  25.5  426s
  4301  1420 2379941.07  103  452 5251117.10 1750378.33  66.7%  25.5  435s
  4303  1421 2442997.08  103  458 5251117.10 1750378.33  66.7%  25.5  444s
  4305  1422 2386506.67  104  464 5251117.10 1750378.33  66.7%  25.7  454s
  4307  1425 2458076.90  104  437 5251117.10 1750378.33  66.7%  25.8  464s
  4310  1427 2512208.39  105  456 5251117.10 1750378.33  66.7%  25.8  473s
  4313  1430 2514878.08  106  466 5251117.10 1750378.33  66.7%  25.8  480s
  4317  1436 2392150.11  108  442 5251117.10 1750378.33  66.7%  25.8  486s
H 4322  1374                    5220090.5503 1750378.33  66.5%  25.9  486s
  4325  1392 2395476.30  111  404 5220090.55 1750378.33  66.5%  25.9  494s
  4344  1408 2425231.74  120  392 5220090.55 1750378.33  66.5%  26.1  502s
  4367  1429 2523853.07  131  369 5220090.55 1750378.33  66.5%  26.1  512s
  4395  1460 2525037.33  144  365 5220090.55 1750378.33  66.5%  26.0  521s
  4436  1479 2525496.29  164  353 5220090.55 1750378.33  66.5%  25.8  530s
  4468  1514 2525650.51  180  340 5220090.55 1750378.33  66.5%  25.7  539s
  4514  1527 2526011.31  202  328 5220090.55 1750378.33  66.5%  25.5  550s
  4542  1549 2526083.74  216  315 5220090.55 1750378.33  66.5%  25.4  559s
  4574  1581 2526721.82  231  330 5220090.55 1750378.33  66.5%  25.5  569s
  4616  1619 2526390.67  252  307 5220090.55 1750378.33  66.5%  25.3  580s
H 4668  1585                    5139348.7345 1750378.33  65.9%  25.1  589s
  4710  1609 2526740.08  298  307 5139348.73 1750378.33  65.9%  25.0  601s
  4748  1632 2526876.58  316  307 5139348.73 1750378.33  65.9%  24.9  611s
  4783  1686 2527004.90  333  307 5139348.73 1750378.33  65.9%  24.8  621s
  4849  1704 2527316.50  352  330 5139348.73 1750378.33  65.9%  24.9  632s
H 4887  1636                    5078845.0750 1750378.33  65.5%  24.9  632s
  4889  1704 2528548.25  370  313 5078845.08 1750378.33  65.5%  24.9  642s
H 4913  1643                    5078651.3804 1750378.33  65.5%  24.8  642s
H 4924  1590                    5036450.5132 1750378.33  65.2%  24.8  642s
H 4957  1601                    5017860.2705 1750378.33  65.1%  24.8  653s
H 4994  1544                    4989714.0585 1750378.33  64.9%  24.7  653s
H 5027  1573                    4968659.3525 1750378.33  64.8%  24.8  663s
H 5067  1518                    4953000.8764 1750378.33  64.7%  24.6  663s
H 5109  1548                    4941330.0377 1750378.33  64.6%  24.5  675s
H 5191  1572                    4935105.9371 1750378.33  64.5%  24.8  685s
H 5236  1522                    4934454.0318 1750378.33  64.5%  24.6  685s
H 5279  1568                    4895391.3044 1750378.33  64.2%  24.5  695s
  5372  1636 2528708.32  504  290 4895391.30 1750378.33  64.2%  24.2  706s
H 5422  1588                    4880828.2420 1750378.33  64.1%  24.0  706s
  5471  1678 2528724.33  529  290 4880828.24 1750378.33  64.1%  23.9  718s
H 5577  1718                    4880827.6361 1750378.33  64.1%  23.6  732s
H 5629  1697                    4880070.9543 1750378.33  64.1%  23.4  732s
  5683  1807 2528765.27  581  288 4880070.95 1750378.33  64.1%  23.3  745s
H 5737  1807                    4867474.2521 1750378.33  64.0%  23.1  745s
H 5793  1974                    4865725.0404 1750378.33  64.0%  23.0  757s
H 5960  2091                    4862366.7894 1750378.33  64.0%  22.6  770s
H 6077  2211                    4860330.9245 1750378.33  64.0%  22.5  780s
H 6135  2211                    4748198.3330 1750378.33  63.1%  22.4  780s
H 6197  2340                    4726202.5201 1750378.33  63.0%  22.2  791s
H 6262  2340                    4723687.2361 1750378.33  62.9%  22.1  791s
  6326  2492 2541420.60  752  297 4723687.24 1750378.33  62.9%  22.0  805s
H 6401  2492                    4716539.3328 1750378.33  62.9%  21.8  805s
H 6478  2631                    4704164.0623 1750378.33  62.8%  21.6  823s
H 6617  2772                    4692184.7240 1750378.33  62.7%  21.4  836s
H 6758  2918                    4678077.2751 1750378.33  62.6%  21.4  854s
H 6904  3074                    4671912.1454 1750378.33  62.5%  22.1  868s
H 6981  3074                    4669192.7022 1750378.33  62.5%  21.9  868s
  7060  3253 2541837.35  938  286 4669192.70 1750378.33  62.5%  22.0  879s
H 7149  3253                    4668091.7605 1750378.33  62.5%  21.8  879s
H 7239  3435                    4634047.6576 1750378.33  62.2%  21.6  893s
  7421  3623 2542144.48 1028  285 4634047.66 1750378.33  62.2%  21.2  910s
H 7516  3623                    4626531.0858 1750378.33  62.2%  21.0  910s
H 7609  3825                    4617566.0052 1750378.33  62.1%  20.7  933s
H 7811  4026                    4616868.4015 1750378.33  62.1%  20.3  951s
H 7873  4026                    4537100.2640 1750378.33  61.4%  20.2  951s
  8012  4239 2542733.90 1175  293 4537100.26 1750378.33  61.4%  19.9  973s
H 8117  4239                    4532674.2869 1750378.33  61.4%  19.8  973s
  8225  4462 2542828.42 1228  285 4532674.29 1750378.33  61.4%  19.5  996s
H 8334  4462                    4525365.9848 1750378.33  61.3%  19.4  996s
H 8448  4687                    4524908.2845 1750378.33  61.3%  19.1 1016s
H 8559  4687                    4505964.5547 1750378.33  61.2%  19.0 1016s
H 8673  4940                    4505952.0745 1750378.33  61.2%  18.8 1040s
H 8794  4940                    4503384.9921 1750378.33  61.1%  18.6 1040s
H 8926  5191                    4499766.4964 1750378.33  61.1%  18.3 1063s
H 9177  5449                    4497879.5985 1750378.33  61.1%  17.9 1087s
  9435  5696 2544724.19 1520  293 4497879.60 1750378.33  61.1%  17.6 1112s
  9682  5954 2545657.63 1582  282 4497879.60 1750378.33  61.1%  17.3 1138s
  9940  6206 2546675.50 1643  291 4497879.60 1750378.33  61.1%  17.0 1160s
 10192  6459 2547661.94 1704  283 4497879.60 1750378.33  61.1%  16.7 1182s
H10313  6459                    4497822.8503 1750378.33  61.1%  16.6 1182s
 10445  6714 2548594.77 1764  283 4497822.85 1750378.33  61.1%  16.5 1207s
H10569  6714                    4497105.0252 1750378.33  61.1%  16.3 1207s
 10700  6952 2548778.08 1826  277 4497105.03 1750378.33  61.1%  16.1 1228s
H10937  6952                    4496053.0549 1750378.33  61.1%  16.0 1228s
 10938  7192 2567524.48 1884  271 4496053.05 1750378.33  61.1%  16.0 1244s
H11055  7192                    4494274.3595 1750378.33  61.1%  16.0 1244s
H11178  7439                    4494274.3301 1750378.33  61.1%  15.9 1267s
H11425  7678                    4493775.5420 1750378.33  61.0%  15.7 1291s
H11541  7678                    4493321.9891 1750378.33  61.0%  15.7 1291s
H11664  7913                    4486260.0572 1750378.33  61.0%  15.6 1316s
 11899  8153 2594720.82 2115  270 4486260.06 1750378.33  61.0%  15.4 1341s
 12139  8389 2595260.95 2172  281 4486260.06 1750378.33  61.0%  15.3 1362s
H12252  8389                    4484950.4131 1750378.33  61.0%  15.2 1362s
H12377  8622                    4476835.7810 1750378.33  60.9%  15.1 1379s
H12610  8859                    4476799.0698 1750378.33  60.9%  14.9 1398s
H12723  8859                    4474370.8599 1750378.33  60.9%  14.9 1398s
H12847  9074                    4469705.9190 1750378.33  60.8%  14.7 1420s
H13062  9311                    4469669.2516 1750378.33  60.8%  14.8 1445s
 13299  9547 2638450.84 2451  263 4469669.25 1750378.33  60.8%  14.6 1464s
H13411  9547                    4469667.5590 1750378.33  60.8%  14.6 1464s
 13535  9779 2638772.53 2507  263 4469667.56 1750378.33  60.8%  14.5 1487s
H13646  9779                    4469394.6924 1750378.33  60.8%  14.4 1487s
 13767  9997 2656937.54 2562  271 4469394.69 1750378.33  60.8%  14.4 1510s
H13771  9997                    4394886.4790 1750378.33  60.2%  14.4 1510s
H13985 10237                    4392651.9251 1750378.33  60.2%  14.4 1530s
H14225 10472                    4382853.5797 1750378.33  60.1%  14.2 1553s
H14460 10707                    4379788.0893 1750378.33  60.0%  14.1 1573s
H14695 10918                    4379636.1842 1750378.33  60.0%  13.9 1592s
H14754 10918                    4374354.8218 1750378.33  60.0%  13.9 1592s
 14906 11144 2852078.93 2838  253 4374354.82 1750378.33  60.0%  13.8 1611s
H15016 11144                    4374256.9904 1750378.33  60.0%  13.7 1611s
 15133 11380 2732378.01 2893  247 4374256.99 1750378.33  60.0%  13.7 1629s
H15248 11380                    4367853.5041 1750378.33  59.9%  13.6 1629s
H15369 11606                    4365598.8359 1750378.33  59.9%  13.5 1652s
 15595 11846 2760536.92 3005  247 4365598.84 1750378.33  59.9%  13.5 1672s
 15835 12078 2774861.49 3063  246 4365598.84 1750378.33  59.9%  13.4 1692s
H16067 12311                    4243035.4092 1750378.33  58.7%  13.2 1717s
H16300 12543                    4222326.6152 1750378.33  58.5%  13.1 1734s
 16532 12784 2774493.48 3227  246 4222326.62 1750378.33  58.5%  13.0 1758s
H16773 13011                    4220776.5201 1750378.33  58.5%  12.8 1781s
H17000 13246                    4209837.1499 1750378.33  58.4%  12.7 1802s
H17235 13469                    4205577.9365 1750378.33  58.4%  12.6 1823s
H17458 13706                    4205439.7042 1750378.33  58.4%  12.5 1847s
H17572 13706                    4204463.6253 1750378.33  58.4%  12.5 1847s
 17695 13920 2943333.16 3504  250 4204463.63 1750378.33  58.4%  12.4 1868s
H17703 13920                    4168696.7536 1750378.33  58.0%  12.4 1868s
 17911 14066     cutoff 3557      4168696.75 1750844.02  58.0%  12.4 1888s
H17912 14066                    4160088.6186 1750844.02  57.9%  12.4 1888s
H17989 14066                    4156107.3079 1750844.02  57.9%  13.1 1888s
H18107 14145                    4155187.1906 1750844.02  57.9%  13.1 1901s
H18175 14145                    4149688.4483 1750844.02  57.8%  13.4 1901s
H18246 14218                    4133426.6769 1750844.02  57.6%  14.2 1915s
H18257 14218                    4132569.3755 1750844.02  57.6%  14.3 1915s
H18319 14284                    4129429.4206 1750844.02  57.6%  14.7 1929s
H18325 14284                    4119781.5828 1750844.02  57.5%  14.7 1929s
 18385 14378 2963232.24   87  498 4119781.58 1750844.02  57.5%  14.8 1947s
 18479 14509 3010126.39   91  499 4119781.58 1750844.02  57.5%  15.1 1964s
H18505 14509                    4115501.2598 1750844.02  57.5%  15.1 1964s
H18617 14661                    4112734.9703 1750844.02  57.4%  15.3 1984s
H18769 14806                    4108457.0491 1750844.02  57.4%  15.3 1999s
 18945 14941 1845774.70   29  726 4108457.05 1755941.19  57.3%  15.6 2018s
 19102 15113 2456405.96   52  631 4108457.05 1755941.19  57.3%  15.9 2040s
H19279 15232                    4107400.2632 1755941.19  57.2%  16.2 2062s
H19415 15362                    4107375.2331 1755941.19  57.2%  16.2 2081s
H19419 15360                    4098601.2881 1755941.19  57.2%  16.2 2081s
H19545 15484                    4098535.7301 1755941.19  57.2%  16.1 2101s
H19549 15484                    4092241.6036 1755941.19  57.1%  16.1 2101s
H19683 15583                    4091878.3877 1755941.19  57.1%  16.1 2124s
H19697 15578                    4080985.5422 1755941.19  57.0%  16.1 2124s
 19800 15739 2651355.31   89  388 4080985.54 1755941.19  57.0%  16.5 2141s
H19884 15739                    4080472.9407 1755941.19  57.0%  17.1 2141s
H19961 15879                    4070989.8430 1755941.19  56.9%  17.2 2160s
H20101 16029                    4070930.9502 1755941.19  56.9%  17.5 2178s
H20216 16024                    4060198.0594 1755941.19  56.8%  17.4 2178s
H20251 16169                    4058542.0858 1755941.19  56.7%  17.5 2202s
H20399 16323                    4058541.5405 1755941.19  56.7%  17.4 2219s
H20553 16500                    4055205.2415 1755941.19  56.7%  17.4 2243s
H20742 16731                    4054075.8192 1755941.19  56.7%  17.3 2267s
 20979 16973 3454090.58  472  327 4054075.82 1755941.19  56.7%  17.2 2290s
H21221 17208                    4054070.5670 1755941.19  56.7%  17.0 2312s
H21456 17417                    4046580.4289 1755941.19  56.6%  16.9 2337s
H21696 17648                    4046078.0805 1755941.19  56.6%  16.8 2361s
H21932 17858                    4043502.7281 1755941.19  56.6%  16.6 2384s
H22050 17851                    4042756.4569 1755941.19  56.6%  16.6 2384s
 22172 18085 3479806.16  769  319 4042756.46 1755941.19  56.6%  16.5 2409s
H22406 18325                    4042191.3302 1755941.19  56.6%  16.3 2433s
H22529 18325                    4042100.8802 1755941.19  56.6%  16.3 2433s
 22646 18559 3481237.88  889  314 4042100.88 1755941.19  56.6%  16.2 2455s
 22880 18792 3481921.50  949  314 4042100.88 1755941.19  56.6%  16.1 2477s
H22998 18641                    4040034.3791 1755941.19  56.5%  16.0 2477s
H23113 18871                    4039412.7696 1755941.19  56.5%  16.0 2496s
H23344 18642                    4025990.6503 1755941.19  56.4%  15.9 2514s
H23459 18630                    4024169.1741 1755941.19  56.4%  15.8 2514s
H23570 18851                    4023884.6757 1755941.19  56.4%  15.7 2535s
H23793 19079                    4022501.0285 1755941.19  56.3%  15.6 2555s
H23907 19054                    4016774.8744 1755941.19  56.3%  15.6 2555s
 24021 19286 3507846.21 1237  315 4016774.87 1755941.19  56.3%  15.5 2577s
 24253 19510 3507269.00 1294  315 4016774.87 1755941.19  56.3%  15.4 2598s
 24491 19746 3486522.32 1352  316 4016774.87 1755941.19  56.3%  15.4 2619s
H24607 19745                    4016088.3260 1755941.19  56.3%  15.3 2619s
 24727 19970 3487854.73 1410  315 4016088.33 1755941.19  56.3%  15.3 2644s
H24843 19885                    4008162.3740 1755941.19  56.2%  15.2 2644s
H24952 20039                    3988396.4612 1755941.19  56.0%  15.2 2664s
H25040 20039                    3985509.5529 1755941.19  55.9%  15.2 2664s
H25133 20265                    3980996.3522 1755941.19  55.9%  15.1 2684s
H25361 20489                    3980150.5738 1755941.19  55.9%  15.0 2704s
H25473 20489                    3979767.3132 1755941.19  55.9%  15.0 2704s
H25585 20718                    3979435.3900 1755941.19  55.9%  15.0 2725s
H25815 20945                    3978532.8963 1755941.19  55.9%  14.9 2747s
H26043 21175                    3975053.1332 1755941.19  55.8%  14.8 2771s
 26276 21400 3509215.41 1796  304 3975053.13 1755941.19  55.8%  14.7 2793s
H26505 21628                    3973531.5645 1755941.19  55.8%  14.6 2814s
H26617 21617                    3954625.5693 1755941.19  55.6%  14.6 2814s
H26733 21840                    3954413.3602 1755941.19  55.6%  14.5 2834s
H26845 21840                    3953193.5301 1755941.19  55.6%  14.5 2834s
H26959 21995                    3950632.9443 1755941.19  55.6%  14.5 2854s
H27070 21994                    3947608.1245 1755941.19  55.5%  14.5 2854s
H27209 22188                    3935862.8143 1755941.19  55.4%  14.6 2873s
H27413 22405                    3935177.7035 1755941.19  55.4%  14.8 2894s
 27645 22593 3680407.92 2132  329 3935177.70 1755941.19  55.4%  14.9 2914s
H27758 22592                    3932431.1301 1755941.19  55.3%  14.9 2914s
 27845 22785 3681088.09 2188  328 3932431.13 1755941.19  55.3%  15.3 2934s
H27957 22785                    3932425.3982 1755941.19  55.3%  15.2 2934s
 28038 22978 3681752.64 2244  328 3932425.40 1755941.19  55.3%  15.6 2954s
H28231 23197                    3926744.9030 1755941.19  55.3%  16.0 2976s
H28457 23424                    3922417.6498 1755941.19  55.2%  15.9 2995s
H28687 23614                    3917028.5446 1755941.19  55.2%  15.8 3018s
H28902 23822                    3916901.9674 1755941.19  55.2%  15.8 3038s
H29008 23814                    3914438.5825 1755941.19  55.1%  15.7 3038s
H29112 23992                    3912411.9056 1755941.19  55.1%  15.8 3059s
H29349 24163                    3912411.7596 1755941.19  55.1%  15.8 3074s
H29457 24163                    3912316.4706 1755941.19  55.1%  15.7 3074s
H29537 24355                    3912044.2224 1755941.19  55.1%  16.1 3092s
H29729 24535                    3911960.3004 1755941.19  55.1%  16.2 3110s
H29909 24716                    3911936.1139 1755941.19  55.1%  16.4 3131s
H30014 24715                    3910144.2553 1755941.19  55.1%  16.4 3131s
H30115 24861                    3909369.1314 1755941.19  55.1%  16.4 3147s
H30275 25067                    3904319.9917 1755941.19  55.0%  16.7 3167s
H30492 25279                    3904125.3916 1755941.19  55.0%  16.8 3188s
 30704 25463 3758686.71 2939  313 3904125.39 1755941.19  55.0%  16.8 3205s
H30813 25463                    3903979.7492 1755941.19  55.0%  16.8 3205s
H30904 25658                    3903848.9048 1755941.19  55.0%  17.0 3223s
H31099 25868                    3903653.7558 1755941.19  55.0%  17.1 3244s
H31210 25867                    3903206.5550 1755941.19  55.0%  17.1 3244s
H31309 25990                    3901187.2926 1755941.19  55.0%  17.1 3266s
H31445 26143                    3901171.6776 1755941.19  55.0%  17.1 3286s
H31598 26355                    3899858.6290 1755941.19  55.0%  17.1 3305s
H31819 26570                    3899734.3251 1755941.19  55.0%  17.1 3326s
H32037 26782                    3899172.6638 1755941.19  55.0%  17.1 3342s
H32254 26990                    3896142.4003 1755941.19  54.9%  17.1 3361s
H32473 27146                    3895995.7497 1755941.19  54.9%  17.1 3382s
H32688 27341                    3895888.5369 1766047.31  54.7%  17.3 3398s
H32885 27469                    3893677.2329 1766047.31  54.6%  17.5 3421s
 33023 27584 2939352.79   90  524 3893677.23 1766047.31  54.6%  17.5 3440s
H33028 27584                    3893516.5418 1766047.31  54.6%  17.5 3440s
H33138 27764                    3893458.7934 1766047.31  54.6%  17.5 3462s
H33204 27694                    3884935.1555 1766047.31  54.5%  17.7 3462s
 33318 27877 3235256.55  119  313 3884935.16 1766047.31  54.5%  17.6 3480s
 33539 28079 3645099.41  158  314 3884935.16 1766047.31  54.5%  17.9 3496s
H33654 28079                    3884903.7539 1766047.31  54.5%  17.8 3496s
H33741 28264                    3884898.3020 1766047.31  54.5%  18.0 3512s
H33852 28251                    3884407.1503 1766047.31  54.5%  17.9 3512s
H33926 28468                    3884312.8223 1766047.31  54.5%  18.0 3529s
H34149 28639                    3884126.8222 1766047.31  54.5%  18.1 3551s
H34263 28617                    3883702.0935 1766047.31  54.5%  18.1 3551s
 34350 28828 3758210.41  382  286 3883702.09 1766047.31  54.5%  18.4 3574s
H34466 28812                    3883316.6701 1766047.31  54.5%  18.3 3574s
H34561 28997                    3881812.3489 1766047.31  54.5%  18.6 3590s
 34770 29084 3760598.55  579  281 3881812.35 1766047.31  54.5%  18.6 3600s

Cutting planes:
  Gomory: 3
  Implied bound: 11
  MIR: 410
  StrongCG: 1
  Flow cover: 415
  RLT: 56

Explored 34870 nodes (659491 simplex iterations) in 3600.17 seconds (1479.76 work units)
Thread count was 2 (of 24 available processors)

Solution count 10: 3.88181e+06 3.88332e+06 3.8837e+06 ... 3.89352e+06

Time limit reached
Best objective 3.881812348860e+06, best bound 1.766047307480e+06, gap 54.5046%
