
Gurobi 11.0.3 (linux64, Java) logging started sex 08 nov 2024 09:17:53 -03

Set parameter Username
Academic license - for non-commercial use only - expires 2025-10-10
Warning: Gurobi version mismatch between Java 11.0.1 and C library 11.0.3
Warning: Gurobi version mismatch between Java 11.0.1 and Jni 11.0.3
Set parameter NonConvex to value 2
Set parameter TimeLimit to value 3600
Set parameter LogToConsole to value 0
Set parameter MIPGap to value 3.8113966129801561e-08
Set parameter Threads to value 2
Set parameter NodefileDir to value "/home/ps12398/goal_programming/goalProgrammingMarcos/"
Set parameter NodefileStart to value 1
Gurobi Optimizer version 11.0.3 build v11.0.3rc0 (linux64)

CPU model: Intel(R) Xeon(R) CPU           X5650  @ 2.67GHz, instruction set [SSE2]
Thread count: 12 physical cores, 24 logical processors, using up to 2 threads

Optimize a model with 180591 rows, 121779 columns and 800898 nonzeros
Model fingerprint: 0x213ca480
Model has 251 quadratic constraints
Variable types: 60768 continuous, 61011 integer (246 binary)
Coefficient statistics:
  Matrix range     [4e-03, 7e+06]
  QMatrix range    [4e-03, 1e+05]
  QLMatrix range   [1e+00, 1e+05]
  Objective range  [1e+00, 5e+07]
  Bounds range     [1e+00, 1e+08]
  RHS range        [1e+00, 5e+06]
  QRHS range       [7e-02, 7e-02]
Presolve removed 178292 rows and 119349 columns
Presolve time: 0.61s
Presolved: 4411 rows, 3068 columns, 370646 nonzeros
Presolved model has 2 SOS constraint(s)
Presolved model has 246 bilinear constraint(s)

Solving non-convex MIQCP

Variable types: 938 continuous, 2130 integer (248 binary)
Found heuristic solution: objective 2.112025e+07

Root relaxation: objective 0.000000e+00, 395 iterations, 0.11 seconds (0.04 work units)

    Nodes    |    Current Node    |     Objective Bounds      |     Work
 Expl Unexpl |  Obj  Depth IntInf | Incumbent    BestBd   Gap | It/Node Time

     0     0    0.00000    0  342 2.1120e+07    0.00000   100%     -    3s
     0     0    0.00000    0  513 2.1120e+07    0.00000   100%     -    4s
     0     0    0.00000    0  452 2.1120e+07    0.00000   100%     -    5s
     0     0    0.00000    0  449 2.1120e+07    0.00000   100%     -    9s
H    0     0                    2.104224e+07    0.00000   100%     -    9s
     0     0    0.00000    0  422 2.1042e+07    0.00000   100%     -   10s
     0     0    0.00000    0  413 2.1042e+07    0.00000   100%     -   13s
     0     0    0.00000    0  373 2.1042e+07    0.00000   100%     -   14s
     0     0    0.00000    0  408 2.1042e+07    0.00000   100%     -   15s
     0     0    0.00000    0  407 2.1042e+07    0.00000   100%     -   18s
     0     2    0.00000    0  402 2.1042e+07    0.00000   100%     -   23s
    15    22    0.00000    5  376 2.1042e+07    0.00000   100%   195   25s
H   26    34                    2.102140e+07    0.00000   100%   174   26s
    45   105    0.00000   19  374 2.1021e+07    0.00000   100%   178   31s
H   58   105                    2.072104e+07    0.00000   100%   162   31s
   104   205    0.00000   41  355 2.0721e+07    0.00000   100%   137   37s
H  117   205                    2.059132e+07    0.00000   100%   128   37s
H  170   205                    2.050868e+07    0.00000   100%   126   37s
   204   337    0.00000   78  303 2.0509e+07    0.00000   100%   124   43s
   336   510    0.00000  128  313 2.0509e+07    0.00000   100%   116   71s
   509   864    0.00000  178  246 2.0509e+07    0.00000   100%  89.6   83s
H  510   864                    2929119.7889    0.00000   100%  89.4   83s
H  543   864                    2759568.8914    0.00000   100%  85.2   83s
   863  1274    0.00000  369  251 2759568.89    0.00000   100%  57.3   91s
  1273  1711  351.08887  496  246 2759568.89    0.00000   100%  42.3   98s
  1710  2031 5588.02543  705  248 2759568.89    0.00000   100%  34.7  105s
  2030  2309 7817.24408  833  249 2759568.89    0.00000   100%  31.3  112s
H 2041  2309                    2237793.5612    0.00000   100%  31.2  112s
H 2308  2644                    2164273.2736    0.00000   100%  28.8  120s
H 2643  2950                    1958361.6602    0.00000   100%  26.7  127s
H 2949  3303                    1952367.0274    0.00000   100%  25.1  137s
H 3302  3535                    1937046.5756    0.00000   100%  23.4  146s
H 3534  3878                    1876838.1166    0.00000   100%  22.4  154s
  3878  3879    0.00000  331  831 1876838.12    0.00000   100%  21.0  168s
  3880  3880 4073.77457  365  211 1876838.12    0.00000   100%  21.0  171s
  3883  3882 12563.7376 1102  226 1876838.12    0.00000   100%  21.0  175s
  3891  3888 9982.52994 1012  227 1876838.12    0.00000   100%  20.9  180s
  3898  3895    0.00000   14  437 1876838.12    0.00000   100%  27.1  185s
  3920  3915    0.00000   20  364 1876838.12    0.00000   100%  27.3  190s
  3943  3942    0.00000   26  362 1876838.12    0.00000   100%  27.4  200s
  3963  3972    0.00000   30  353 1876838.12    0.00000   100%  27.5  211s
  3999  4024    0.00000   38  376 1876838.12    0.00000   100%  28.2  232s
  4063  4116    0.00000   56  326 1876838.12    0.00000   100%  29.3  254s
  4177  4205    0.00000   88  333 1876838.12    0.00000   100%  30.9  280s
  4304  4269    0.00000  122  305 1876838.12    0.00000   100%  32.7  302s
  4410  4340    0.00000  150  302 1876838.12    0.00000   100%  34.3  331s
H 4464  4127                    1578517.5682    0.00000   100%  35.6  331s
  4516  4209    0.00000  177  319 1578517.57    0.00000   100%  37.0  362s
H 4616  4132                    835592.03737    0.00000   100%  39.7  394s
H 4757  4061                    503001.56160    0.00000   100%  42.4  419s
H 4910  3981                    256468.61128    0.00000   100%  43.4  449s
H 5048  3948                    252257.99874    0.00000   100%  42.4  484s
H 5132  3769                    66761.194603    0.00000   100%  41.7  484s
  5219  3980    0.00000  321  255 66761.1946    0.00000   100%  41.0  519s
H 5376  3785                    66757.795450    0.00000   100%  40.5  519s
H 5473  3814                     138.7085384    0.00000   100%  40.5  556s
H 5783  2135                       0.0000000    0.00000  0.00%  44.0  590s

Cutting planes:
  Gomory: 3
  Implied bound: 23
  MIR: 169
  StrongCG: 3
  Flow cover: 13
  RLT: 20

Explored 6097 nodes (284735 simplex iterations) in 590.81 seconds (279.37 work units)
Thread count was 2 (of 24 available processors)

Solution count 10: 0 138.709 66757.8 ... 1.87684e+06

Optimal solution found (tolerance 3.81e-08)
Best objective 0.000000000000e+00, best bound 0.000000000000e+00, gap 0.0000%
