
Gurobi 11.0.3 (linux64, Java) logging started qui 07 nov 2024 09:44:04 -03

Set parameter Username
Academic license - for non-commercial use only - expires 2025-10-10
Warning: Gurobi version mismatch between Java 11.0.1 and C library 11.0.3
Warning: Gurobi version mismatch between Java 11.0.1 and Jni 11.0.3
Set parameter NonConvex to value 2
Set parameter TimeLimit to value 3600
Set parameter LogToConsole to value 0
Set parameter MIPGap to value 3.8113966129801561e-08
Set parameter Threads to value 2
Set parameter NodefileDir to value "/home/ps12398/goal_programming/goalProgrammingMarcos/"
Set parameter NodefileStart to value 1
Gurobi Optimizer version 11.0.3 build v11.0.3rc0 (linux64)

CPU model: Intel(R) Xeon(R) CPU           X5650  @ 2.67GHz, instruction set [SSE2]
Thread count: 12 physical cores, 24 logical processors, using up to 2 threads

Optimize a model with 180591 rows, 121779 columns and 800898 nonzeros
Model fingerprint: 0xa5dbf79b
Model has 251 quadratic constraints
Variable types: 60768 continuous, 61011 integer (246 binary)
Coefficient statistics:
  Matrix range     [4e-03, 7e+06]
  QMatrix range    [4e-03, 1e+05]
  QLMatrix range   [1e+00, 1e+05]
  Objective range  [1e+00, 5e+07]
  Bounds range     [1e+00, 1e+08]
  RHS range        [1e+00, 6e+06]
  QRHS range       [3e-03, 3e-03]
Presolve removed 178292 rows and 119349 columns
Presolve time: 0.63s
Presolved: 4411 rows, 3068 columns, 370646 nonzeros
Presolved model has 2 SOS constraint(s)
Presolved model has 246 bilinear constraint(s)

Solving non-convex MIQCP

Variable types: 938 continuous, 2130 integer (248 binary)
Found heuristic solution: objective 2.445504e+07

Root relaxation: objective 0.000000e+00, 711 iterations, 0.28 seconds (0.16 work units)

    Nodes    |    Current Node    |     Objective Bounds      |     Work
 Expl Unexpl |  Obj  Depth IntInf | Incumbent    BestBd   Gap | It/Node Time

     0     0    0.00000    0  520 2.4455e+07    0.00000   100%     -    3s
     0     0 309568.672    0  726 2.4455e+07 309568.672  98.7%     -    7s
     0     0 309568.672    0  692 2.4455e+07 309568.672  98.7%     -    9s
     0     0 310014.256    0  736 2.4455e+07 310014.256  98.7%     -   12s
     0     0 310014.256    0  747 2.4455e+07 310014.256  98.7%     -   13s
     0     0 310021.690    0  734 2.4455e+07 310021.690  98.7%     -   16s
     0     0 310021.690    0  629 2.4455e+07 310021.690  98.7%     -   26s
     0     2 315890.203    0  624 2.4455e+07 315890.203  98.7%     -   33s
     5     8 319207.758    3  672 2.4455e+07 315890.203  98.7%   173   35s
H   26    29                    2.431770e+07 315890.203  98.7%   104   38s
    30    34 315890.203   10  658 2.4318e+07 315890.203  98.7%   111   40s
    41    50 318859.750   15  649 2.4318e+07 315890.203  98.7%   148   45s
    60    75 318859.750   23  649 2.4318e+07 315890.203  98.7%   153   50s
   116   127 319280.827   50  647 2.4318e+07 315890.203  98.7%  96.2   55s
H  151   165                    2.408212e+07 315890.203  98.7%  86.4   59s
   164   180 334617.897   64  635 2.4082e+07 315890.203  98.7%  82.9   61s
   210   227 334820.942   75  628 2.4082e+07 315890.203  98.7%  75.9   65s
   269   300 341979.898   93  611 2.4082e+07 315890.203  98.7%  68.9   71s
   344   365 353443.922  124  395 2.4082e+07 315890.203  98.7%  85.3   75s
   392   410 353443.922  144  392 2.4082e+07 315890.203  98.7%   106   80s
   481   532 1566435.51  165  356 2.4082e+07 315890.203  98.7%   116   87s
H  488   532                    6536268.1364 315890.203  95.2%   116   87s
   531   625 2061740.12  171  430 6536268.14 315890.203  95.2%   108   90s
   721   833 2155341.10  242  320 6536268.14 315890.203  95.2%  80.9   96s
   914   982 2155341.10  296  320 6536268.14 315890.203  95.2%  64.0  101s
H  930   982                    6535821.3232 315890.203  95.2%  62.9  101s
   981  1008 2155357.07  307  319 6535821.32 315890.203  95.2%  59.7  120s
H 1006  1008                    6535821.3127 315890.203  95.2%  58.3  120s
H 1134  1136                    4771560.4684 315890.203  93.4%  51.8  124s
H 1135  1253                    4769032.0810 315890.203  93.4%  51.8  127s
H 1309  1355                    4768599.1768 315890.203  93.4%  45.0  129s
H 1354  1495                    4765054.2993 315890.203  93.4%  43.5  133s
  1494  1624 2155429.16  559  316 4765054.30 315890.203  93.4%  39.6  137s
  1623  1671 2155747.12  614  314 4765054.30 315890.203  93.4%  36.5  140s
H 1624  1671                    4749584.4347 315890.203  93.3%  36.5  140s
  1670  1832 2155747.87  615  315 4749584.43 315890.203  93.3%  35.5  145s
  1831  1989 2156566.82  670  314 4749584.43 315890.203  93.3%  32.5  150s
H 1994  2067                    4626127.0763 315890.203  93.2%  29.9  154s
  2066  2268 2158093.40  772  314 4626127.08 315890.203  93.2%  28.9  160s
  2267  2473 2158606.48  864  314 4626127.08 315890.203  93.2%  26.4  165s
  2472  2680 2158877.99  968  314 4626127.08 315890.203  93.2%  24.4  170s
  2679  2873 2159152.89 1073  313 4626127.08 315890.203  93.2%  22.6  175s
  2872  3055 2159268.56 1171  312 4626127.08 315890.203  93.2%  21.1  180s
H 3054  3150                    4621257.4691 315890.203  93.2%  19.9  185s
H 3059  3150                    4619419.5816 315890.203  93.2%  19.9  185s
  3149  3371 2159268.56 1276  310 4619419.58 315890.203  93.2%  19.4  191s
  3370  3618 2159286.07 1381  309 4619419.58 315890.203  93.2%  18.2  197s
  3618  3619 1887342.37 1483  831 4619419.58 315890.203  93.2%  17.0  222s
  3620  3620 1887528.40 1699  398 4619419.58 315890.203  93.2%  17.0  225s
H 3626  3442                    4455737.6403 335362.601  92.5%  17.0  228s
  3633  3447 1887478.37 1525  506 4455737.64 335496.793  92.5%  16.9  231s
  3644  3454 342049.250   94  540 4455737.64 335694.193  92.5%  16.9  235s
  3665  3468 1887520.45 1716  631 4455737.64 335694.193  92.5%  16.8  240s
H 3670  3298                    4451208.3218 335694.193  92.5%  16.8  242s
  3682  3306 2155666.85  393  648 4451208.32 335694.193  92.5%  16.7  245s
  3708  3323 2159540.42 1142  641 4451208.32 335694.193  92.5%  16.6  250s
H 3718  3162                    4404982.4355 335694.193  92.4%  16.5  255s
  3733  3172 1887478.37 1525  724 4404982.44 335694.193  92.4%  16.5  260s
H 3738  3014                    4404818.6892 335694.193  92.4%  16.4  264s
  3742  3017 2159286.07 1171  685 4404818.69 335694.193  92.4%  16.4  265s
  3758  3027 342112.494  105  713 4404818.69 336568.246  92.4%  16.4  271s
  3764  3034 336711.243   15  943 4404818.69 336711.243  92.4%  31.1  275s
  3776  3043 341495.818   18  901 4404818.69 336945.227  92.4%  40.4  280s
H 3785  2895                    4403644.5984 336953.894  92.3%  41.3  282s
  3798  2907 342198.248   23  828 4403644.60 336953.894  92.3%  44.0  285s
H 3813  2769                    4388934.7342 336953.894  92.3%  47.9  288s
  3824  2783 342296.574   28  814 4388934.73 336953.894  92.3%  49.8  291s
  3841  2788 344825.175   32  775 4388934.73 336953.894  92.3%  50.7  299s
H 3843  2648                    4381023.2835 336953.894  92.3%  50.8  299s
  3845  2651 344853.394   33  740 4381023.28 336953.894  92.3%  51.0  306s
  3849  2656 349352.930   35  741 4381023.28 336953.894  92.3%  51.1  311s
  3855  2659 349359.077   37  770 4381023.28 336953.894  92.3%  51.5  315s
  3860  2664 345164.514   39  740 4381023.28 336953.894  92.3%  51.6  320s
  3867  2668 349019.269   42  758 4381023.28 336953.894  92.3%  51.8  327s
  3873  2672 345608.601   45  705 4381023.28 336953.894  92.3%  52.0  333s
  3879  2678 346069.577   47  743 4381023.28 336953.894  92.3%  52.5  337s
  3887  2682 458922.462   50  697 4381023.28 336953.894  92.3%  53.3  341s
H 3902  2558                    4115171.4141 336953.894  91.8%  53.9  344s
  3907  2570 350837.604   57  699 4115171.41 336953.894  91.8%  54.1  346s
  3933  2591 359189.495   61  673 4115171.41 336953.894  91.8%  57.3  351s
H 3949  2461                    3971569.7526 336953.894  91.5%  57.8  351s
  3965  2488 363325.428   69  684 3971569.75 336953.894  91.5%  59.5  356s
H 3975  2366                    3946080.5163 336953.894  91.5%  60.8  356s
  3996  2390 367606.745   77  646 3946080.52 336953.894  91.5%  63.2  362s
  4033  2410 495288.449   86  662 3946080.52 336953.894  91.5%  65.7  367s
  4046  2418 378668.447   90  663 3946080.52 336953.894  91.5%  68.2  370s
  4073  2438 378358.571   96  623 3946080.52 336953.894  91.5%  71.7  378s
  4088  2454 385951.783   99  606 3946080.52 336953.894  91.5%  73.8  382s
H 4109  2354                    3911672.5848 336953.894  91.4%  75.4  385s
H 4118  2244                    3807796.5146 336953.894  91.2%  76.0  385s
  4129  2259 425128.287  107  565 3807796.51 336953.894  91.2%  76.4  391s
H 4147  2174                    3759479.3036 336953.894  91.0%  77.4  396s
  4170  2197 504287.093  119  492 3759479.30 336953.894  91.0%  78.8  402s
  4201  2222 511318.497  128  447 3759479.30 336953.894  91.0%  79.9  408s
H 4212  2121                    3472916.1232 336953.894  90.3%  80.4  408s
  4236  2159 869307.584  139  423 3472916.12 336953.894  90.3%  81.3  414s
H 4259  2059                    3350114.1637 336953.894  89.9%  81.6  414s
  4282  2091 1271116.92  151  398 3350114.16 336953.894  89.9%  82.0  420s
  4321  2124 1341864.62  165  376 3350114.16 336953.894  89.9%  82.6  428s
H 4367  2072                    3339199.3369 336953.894  89.9%  83.3  434s
  4419  2123 1471395.58  190  369 3339199.34 336953.894  89.9%  83.2  441s
  4487  2166 1472067.01  207  359 3339199.34 336953.894  89.9%  82.7  449s
  4553  2205 1472589.40  223  355 3339199.34 336953.894  89.9%  82.2  457s
H 4585  2112                    3220532.8169 336953.894  89.5%  81.9  457s
H 4614  2084                    3121203.6363 336953.894  89.2%  81.6  465s
H 4643  1999                    3043844.6002 336953.894  88.9%  81.3  465s
  4675  2046 1594904.83  253  353 3043844.60 336953.894  88.9%  80.9  473s
  4732  2083 1655137.30  268  352 3043844.60 336953.894  88.9%  80.4  482s
H 4788  2054                    2971983.2661 336953.894  88.7%  79.5  487s
  4849  2106 1623959.96  299  363 2971983.27 336953.894  88.7%  78.6  496s
H 4885  2026                    2962738.1728 336953.894  88.6%  78.2  496s
  4921  2069 1626470.82  317  344 2962738.17 336953.894  88.6%  77.6  506s
H 4924  2004                    2676668.3137 336953.894  87.4%  77.6  506s
H 4976  2009                    2674833.6851 336953.894  87.4%  76.9  514s
H 5060  2008                    2658142.8072 336953.894  87.3%  75.7  523s
  5145  2071 1631685.91  369  321 2658142.81 336953.894  87.3%  74.5  533s
H 5190  2001                    2649909.5736 336953.894  87.3%  73.9  533s
  5236  2082 1632189.73  392  319 2649909.57 336953.894  87.3%  73.3  544s
  5332  2153 1633276.33  415  317 2649909.57 336953.894  87.3%  72.2  556s
  5435  2221 1635432.30  439  320 2649909.57 336953.894  87.3%  71.0  568s
H 5486  2151                    2642941.4939 336953.894  87.3%  70.4  568s
H 5538  2196                    2642836.2095 336953.894  87.3%  69.8  578s
H 5649  2227                    2618988.4553 336953.894  87.1%  68.5  591s
H 5765  2267                    2618105.7239 336953.894  87.1%  67.2  602s
H 5888  2302                    2616322.5316 336953.894  87.1%  65.9  616s
H 5945  2249                    2606924.9797 336953.894  87.1%  65.3  616s
  6007  2380 1667902.12  576  311 2606924.98 336953.894  87.1%  64.6  629s
H 6068  2380                    2594783.1585 336953.894  87.0%  64.0  629s
  6138  2514 1658959.12  606  306 2594783.16 336953.894  87.0%  63.3  643s
H 6201  2514                    2592999.5143 336953.894  87.0%  62.7  643s
  6272  2655 1690127.80  638  307 2592999.51 336953.894  87.0%  62.0  659s
  6413  2805 1679119.38  670  304 2592999.51 336953.894  87.0%  60.7  675s
  6563  2958 1680674.09  705  290 2592999.51 336953.894  87.0%  59.4  689s
H 6716  3112                    2591525.1555 336953.894  87.0%  58.1  707s
  6870  3272 1686189.99  773  284 2591525.16 336953.894  87.0%  56.8  725s
  7030  3441 1686365.94  808  283 2591525.16 336953.894  87.0%  55.6  742s
H 7107  3441                    2589190.7120 336953.894  87.0%  55.0  742s
H 7199  3619                    2587741.8827 336953.894  87.0%  54.3  756s
H 7377  3809                    2586801.0910 336953.894  87.0%  53.0  772s
H 7567  3992                    2578765.0933 336953.894  86.9%  51.7  789s
  7750  4195 1686750.40  973  285 2578765.09 336953.894  86.9%  50.6  811s
H 7848  4195                    2572194.5766 336953.894  86.9%  49.9  811s
  7953  4394 1686891.92 1022  284 2572194.58 336953.894  86.9%  49.4  834s
  8152  4608 1687108.09 1070  284 2572194.58 336953.894  86.9%  48.6  855s
H 8366  4828                    2571926.5467 336953.894  86.9%  47.9  880s
  8586  5055 1687735.35 1179  287 2571926.55 336953.894  86.9%  47.2  901s
H 8697  5055                    2568060.9291 336953.894  86.9%  46.8  901s
H 8813  5291                    2567346.5680 336953.894  86.9%  46.6  919s
H 8932  5291                    2565163.3596 336953.894  86.9%  46.0  919s
H 9049  5528                    2564798.7474 336953.894  86.9%  45.9  942s
H 9286  5769                    2562665.0873 336953.894  86.9%  45.1  962s
H 9527  6012                    2562436.3183 336953.894  86.9%  44.2  979s
H 9770  6243                    2560910.4709 336953.894  86.8%  43.5  995s
H10001  6475                    2558264.9360 336953.894  86.8%  42.8 1018s
H10233  6713                    2553960.9559 336953.894  86.8%  42.2 1042s
 10471  6954 1706579.07 1639  282 2553960.96 336953.894  86.8%  41.5 1065s
 10712  7193 1707466.91 1695  280 2553960.96 336953.894  86.8%  40.7 1084s
H10823  7193                    2553150.0288 336953.894  86.8%  40.4 1084s
H10951  7424                    2553105.8400 336953.894  86.8%  40.0 1107s
H11057  7424                    2551749.4412 336953.894  86.8%  39.7 1107s
H11182  7660                    2551743.9213 336953.894  86.8%  39.3 1128s
H11290  7660                    2544641.5071 336953.894  86.8%  38.9 1128s
H11418  7898                    2544412.7719 336953.894  86.8%  38.5 1151s
H11532  7898                    2542391.0967 336953.894  86.7%  38.2 1151s
H11656  8129                    2541259.4630 336953.894  86.7%  37.8 1174s
H11767  8129                    2535755.5629 336953.894  86.7%  37.5 1174s
 11887  8361 1745925.23 1970  278 2535755.56 336953.894  86.7%  37.1 1190s
H11997  8361                    2534758.6282 336953.894  86.7%  36.8 1190s
H12119  8596                    2503394.0736 336953.894  86.5%  36.5 1210s
H12354  8829                    2493348.3112 336953.894  86.5%  35.8 1231s
H12587  9061                    2470875.9328 336953.894  86.4%  35.3 1254s
H12819  9305                    2466615.9936 336953.894  86.3%  34.7 1274s
H13063  9542                    2465791.6029 336953.894  86.3%  34.1 1293s
H13300  9771                    2444440.4892 336953.894  86.2%  33.5 1316s
 13529 10006 1748640.43 2351  275 2444440.49 336953.894  86.2%  33.0 1335s
H13764 10230                    2444086.5129 336953.894  86.2%  32.5 1356s
H13988 10459                    2442790.9259 336953.894  86.2%  32.1 1375s
 14217 10634 1749046.48 2508  278 2442790.93 336953.894  86.2%  31.7 1396s
H14394 10754                    2442459.8213 336953.894  86.2%  31.4 1410s
H14501 10754                    2442133.2064 336953.894  86.2%  31.2 1410s
 14548 10770 1749986.90 2601  276 2442133.21 337137.145  86.2%  32.8 1424s
 14624 10833 341431.087   23  898 2442133.21 337183.811  86.2%  36.0 1438s
H14670 10833                    2433887.5437 337183.811  86.1%  37.5 1438s
 14687 10873 383020.188   45  622 2433887.54 337183.811  86.1%  38.8 1460s
H14696 10873                    2430135.5482 337183.811  86.1%  38.9 1460s
 14727 10895 832028.625   58  376 2430135.55 337183.811  86.1%  40.3 1483s
H14749 10945                    2429630.5726 337183.811  86.1%  41.2 1504s
H14779 10945                    2429345.7079 337183.811  86.1%  42.2 1504s
 14799 11009 505901.996   79  448 2429345.71 337183.811  86.1%  42.8 1523s
H14805 11009                    2423217.1710 337183.811  86.1%  43.0 1523s
 14863 11093 505901.996   94  444 2423217.17 337183.811  86.1%  44.8 1545s
H14903 11093                    2418363.9000 337183.811  86.1%  45.4 1545s
 14949 11172 530559.078  114  390 2418363.90 337183.811  86.1%  46.5 1559s
H14965 11172                    2414735.2168 337183.811  86.0%  47.1 1559s
H15028 11300                    2413216.2997 337183.811  86.0%  48.2 1581s
 15156 11448 971977.648  131  354 2413216.30 337183.811  86.0%  49.5 1605s
H15306 11607                    2410028.6730 337183.811  86.0%  49.6 1620s
 15467 11747 1574992.19  148  316 2410028.67 337186.253  86.0%  49.9 1640s
 15635 11907 337372.854   22  901 2410028.67 337186.253  86.0%  50.6 1659s
H15654 11907                    2410023.4885 337186.253  86.0%  51.7 1659s
 15795 12133 629975.293   31  814 2410023.49 337186.253  86.0%  51.3 1682s
H15878 12133                    2407709.5485 337186.253  86.0%  51.9 1682s
H16021 12355                    2407605.4119 337186.253  86.0%  51.4 1699s
H16243 12547                    2407348.1234 337186.253  86.0%  51.5 1720s
H16435 12720                    2406778.1535 337186.253  86.0%  51.4 1740s
H16473 12720                    2399992.1488 337186.253  86.0%  51.5 1740s
 16608 12870 2251282.24  161  418 2399992.15 337808.982  85.9%  51.1 1756s
 16769 13065 623346.135   28  792 2399992.15 337808.982  85.9%  52.1 1778s
H16828 13065                    2399108.7235 337808.982  85.9%  52.7 1778s
H16964 13252                    2398795.8660 337808.982  85.9%  52.4 1803s
H17151 13448                    2398385.7654 337808.982  85.9%  52.4 1819s
H17347 13619                    2397933.8235 337808.982  85.9%  52.4 1844s
H17382 13619                    2395854.5970 337808.982  85.9%  52.4 1844s
 17518 13797 1489832.51  131  464 2395854.60 337808.982  85.9%  52.0 1862s
H17565 13797                    2377033.9252 337808.982  85.8%  52.1 1862s
H17696 13987                    2376051.3406 337808.982  85.8%  51.7 1886s
 17886 14151 2120910.31  181  409 2376051.34 337808.982  85.8%  51.6 1907s
H18096 14327                    2375736.8726 337808.982  85.8%  51.9 1930s
H18142 14326                    2367519.6341 337808.982  85.7%  52.7 1930s
 18272 14527 663987.422   47  696 2367519.63 337808.982  85.7%  52.4 1952s
H18338 14527                    2367372.0694 337808.982  85.7%  52.6 1952s
H18338 14527                    2366594.7935 337808.982  85.7%  52.6 1952s
H18473 14725                    2366206.9194 337808.982  85.7%  52.3 1975s
H18671 14911                    2364796.8543 337808.982  85.7%  52.1 1998s
H18857 15082                    2364386.9063 337808.982  85.7%  51.9 2022s
H19055 15229                    2363217.7282 341200.721  85.6%  52.0 2039s
H19069 15229                    2361259.8590 341200.721  85.6%  53.3 2039s
H19202 15372                    2360102.2702 341200.721  85.5%  52.9 2062s
H19210 15371                    2359634.0539 341200.721  85.5%  53.5 2062s
 19345 15434 484750.795   35  425 2359634.05 341200.721  85.5%  53.2 2079s
 19408 15593 484750.795   43  429 2359634.05 341200.721  85.5%  53.5 2099s
 19567 15746 484750.795   53  432 2359634.05 341200.721  85.5%  53.7 2118s
 19720 15905 484874.350   60  542 2359634.05 341200.721  85.5%  53.9 2142s
H19741 15905                    2359116.4825 341200.721  85.5%  54.7 2142s
 19879 16055 517425.368   71  517 2359116.48 341200.721  85.5%  54.3 2171s
H19894 16055                    2358876.7303 341200.721  85.5%  54.6 2171s
 20029 16207 565950.469   78  456 2358876.73 341200.721  85.5%  54.3 2192s
 20181 16370 870415.517   85  394 2358876.73 341200.721  85.5%  54.6 2213s
 20344 16542 1068487.36   96  383 2358876.73 341200.721  85.5%  54.8 2235s
 20516 16698 1088503.43  111  351 2358876.73 341200.721  85.5%  55.0 2257s
 20672 16860 1110505.03  125  340 2358876.73 341200.721  85.5%  55.3 2280s
 20834 16998 1383581.53  142  330 2358876.73 341200.721  85.5%  55.1 2298s
 20972 17144 1518119.73  152  327 2358876.73 341200.721  85.5%  55.1 2317s
 21118 17297 1528354.75  167  324 2358876.73 341200.721  85.5%  55.0 2337s
 21271 17466 1529369.21  177  322 2358876.73 341200.721  85.5%  54.7 2356s
 21440 17626 1533944.96  195  320 2358876.73 341200.721  85.5%  54.3 2373s
 21600 17785 1534637.79  206  320 2358876.73 341200.721  85.5%  54.0 2395s
H21759 17999                    2357462.9670 341200.721  85.5%  53.7 2416s
 21973 18187 1542856.96  253  310 2357462.97 341200.721  85.5%  53.3 2437s
H22023 18187                    2355818.2775 341200.721  85.5%  53.2 2437s
 22161 18360 1557304.31  278  304 2355818.28 341200.721  85.5%  53.0 2458s
 22334 18490 1557860.46  297  299 2355818.28 341200.721  85.5%  52.6 2479s
H22522 18602                    2354045.9586 341200.721  85.5%  52.3 2497s
 22708 18733 1559049.58  323  289 2354045.96 341200.721  85.5%  52.1 2523s
H22917 18882                    2354031.4194 341200.721  85.5%  51.8 2544s
H22976 18882                    2354024.9413 341200.721  85.5%  51.7 2544s
 23136 19063 1585142.89  374  282 2354024.94 341200.721  85.5%  51.5 2565s
H23397 19252                    2353670.7676 341200.721  85.5%  51.2 2584s
H23658 19433                    2353116.2072 341200.721  85.5%  50.8 2609s
 23917 19615 1941374.96  520  329 2353116.21 341200.721  85.5%  50.4 2630s
 24167 19794 1988758.10  566  323 2353116.21 341200.721  85.5%  50.1 2654s
 24422 19946 1995264.50  614  323 2353116.21 341200.721  85.5%  49.7 2677s
 24630 20047 1970473.26  655  320 2353116.21 341200.721  85.5%  49.4 2699s
 24785 20180 2049054.09  705  313 2353116.21 341200.721  85.5%  50.3 2722s
 24918 20356 2087222.26  751  309 2353116.21 341200.721  85.5%  50.6 2747s
 25094 20498 2065491.80  801  297 2353116.21 341200.721  85.5%  50.9 2769s
 25236 20648 2065854.34  850  281 2353116.21 341200.721  85.5%  51.2 2791s
 25386 20819 2067061.41  900  279 2353116.21 341200.721  85.5%  51.2 2815s
 25557 20974 2076702.19  952  280 2353116.21 341200.721  85.5%  51.3 2844s
H25712 21091                    2352599.1834 341200.721  85.5%  51.2 2865s
 25849 21249 2125059.74 1048  276 2352599.18 341200.721  85.5%  51.7 2884s
H25940 21249                    2352532.5854 341200.721  85.5%  51.6 2884s
H26007 21397                    2352176.3036 341200.721  85.5%  52.1 2906s
H26100 21397                    2350854.9396 341200.721  85.5%  51.9 2906s
H26155 21526                    2349726.1140 341200.721  85.5%  52.2 2929s
 26284 21658 2269347.31 1186  258 2349726.11 341200.721  85.5%  52.2 2953s
H26379 21658                    2349701.8294 341200.721  85.5%  52.0 2953s
H26416  8255                    1964090.7791 341200.721  82.6%  52.3 2970s
 26535  8274 415813.991   18  862 1964090.78 341360.870  82.6%  53.1 2989s
H26556  8233                    1952683.8812 341360.870  82.5%  53.6 2989s
 26601  8266 488051.914   36  433 1952683.88 341360.870  82.5%  54.1 3016s
 26634  8306 488051.914   48  426 1952683.88 341360.870  82.5%  54.9 3040s
H26640  8013                    1839871.6825 341360.870  81.4%  54.9 3040s
 26674  8047 488051.914   54  492 1839871.68 341360.870  81.4%  55.8 3064s
H26684  8006                    1818735.4843 341360.870  81.2%  56.0 3064s
 26708  8034 488051.914   64  468 1818735.48 341360.870  81.2%  56.5 3088s
 26736  8062 493439.911   73  494 1818735.48 341360.870  81.2%  57.0 3116s
 26764  8088 503216.821   76  473 1818735.48 341360.870  81.2%  57.8 3139s
H26775  5558                    1697032.7679 341360.870  79.9%  58.0 3139s
 26790  5584 549584.458   81  432 1697032.77 341360.870  79.9%  58.2 3166s
 26816  5627 598217.057   86  478 1697032.77 341360.870  79.9%  59.1 3196s
H26859  5159                    1689311.1580 341360.870  79.8%  60.0 3217s
 26933  5264 742108.731   94  385 1689311.16 341360.870  79.8%  60.8 3239s
H27038  4092                    1653329.5110 341360.870  79.4%  61.1 3265s
 27135  4196 805253.503  109  377 1653329.51 341360.870  79.4%  61.2 3295s
H27149  4093                    1641091.7210 341360.870  79.2%  61.4 3295s
H27239  4183                    1640150.6988 341360.870  79.2%  61.2 3323s
H27250  3525                    1565673.7817 341360.870  78.2%  61.3 3323s
 27338  3627 816132.473  126  379 1565673.78 341360.870  78.2%  61.1 3353s
H27440  3735                    1565673.7812 341360.870  78.2%  60.9 3379s
H27454  2983                    1355446.0301 341360.870  74.8%  60.9 3379s
 27548  3098 849458.780  139  355 1355446.03 341360.870  74.8%  60.7 3410s
H27559  3098                    1355371.7294 341360.870  74.8%  60.7 3410s
 27663  3219 1039737.57  144  350 1355371.73 341360.870  74.8%  60.5 3439s
H27677  3119                    1298750.8015 341360.870  73.7%  60.5 3439s
 27784  3237 1231951.91  147  369 1298750.80 341377.196  73.7%  60.3 3461s
 27923  3354 468934.589   26  841 1298750.80 341377.196  73.7%  60.7 3490s
H27942  3329                    1282392.1926 341377.196  73.4%  61.2 3490s
 28040  3454 487586.845   37  459 1282392.19 341377.196  73.4%  61.0 3516s
H28060  3454                    1280956.7540 341377.196  73.3%  61.3 3516s
 28165  3578 487586.845   50  492 1280956.75 341377.196  73.3%  61.2 3548s
 28289  3694 487586.845   58  526 1280956.75 341377.196  73.3%  61.2 3572s
H28305  3691                    1278313.8202 341377.196  73.3%  61.5 3572s
H28405  3807                    1278081.2543 341377.196  73.3%  61.4 3597s
H28419  3795                    1270381.1119 341377.196  73.1%  61.7 3597s
 28523  3804 576593.444   72  501 1270381.11 341377.196  73.1%  61.6 3600s

Cutting planes:
  Implied bound: 23
  MIR: 445
  Mixing: 2
  StrongCG: 3
  Flow cover: 474
  RLT: 178
  Relax-and-lift: 3

Explored 28532 nodes (1763140 simplex iterations) in 3600.04 seconds (1652.11 work units)
Thread count was 2 (of 24 available processors)

Solution count 10: 1.27038e+06 1.27808e+06 1.27831e+06 ... 1.56567e+06

Time limit reached
Best objective 1.270381111888e+06, best bound 3.413771962707e+05, gap 73.1280%
