
Gurobi 11.0.3 (linux64, Java) logging started sáb 09 nov 2024 02:43:37 -03

Set parameter Username
Academic license - for non-commercial use only - expires 2025-10-10
Warning: Gurobi version mismatch between Java 11.0.1 and C library 11.0.3
Warning: Gurobi version mismatch between Java 11.0.1 and Jni 11.0.3
Set parameter NonConvex to value 2
Set parameter TimeLimit to value 3600
Set parameter LogToConsole to value 0
Set parameter MIPGap to value 3.8113966129801561e-08
Set parameter Threads to value 2
Set parameter NodefileDir to value "/home/ps12398/goal_programming/goalProgrammingMarcos/"
Set parameter NodefileStart to value 1
Gurobi Optimizer version 11.0.3 build v11.0.3rc0 (linux64)

CPU model: Intel(R) Xeon(R) CPU           X5650  @ 2.67GHz, instruction set [SSE2]
Thread count: 12 physical cores, 24 logical processors, using up to 2 threads

Optimize a model with 180591 rows, 121779 columns and 800898 nonzeros
Model fingerprint: 0xc9365880
Model has 251 quadratic constraints
Variable types: 60768 continuous, 61011 integer (246 binary)
Coefficient statistics:
  Matrix range     [4e-03, 7e+06]
  QMatrix range    [4e-03, 1e+05]
  QLMatrix range   [1e+00, 1e+05]
  Objective range  [1e+00, 5e+07]
  Bounds range     [1e+00, 1e+08]
  RHS range        [1e+00, 7e+06]
  QRHS range       [1e-02, 1e-02]
Presolve removed 178292 rows and 119349 columns
Presolve time: 0.49s
Presolved: 4411 rows, 3068 columns, 370646 nonzeros
Presolved model has 2 SOS constraint(s)
Presolved model has 246 bilinear constraint(s)

Solving non-convex MIQCP

Variable types: 938 continuous, 2130 integer (248 binary)
Found heuristic solution: objective 1.866875e+07

Root relaxation: objective 0.000000e+00, 432 iterations, 0.19 seconds (0.10 work units)

    Nodes    |    Current Node    |     Objective Bounds      |     Work
 Expl Unexpl |  Obj  Depth IntInf | Incumbent    BestBd   Gap | It/Node Time

     0     0    0.00000    0  421 1.8669e+07    0.00000   100%     -    4s
     0     0    0.00000    0  647 1.8669e+07    0.00000   100%     -    5s
     0     0    0.00000    0  572 1.8669e+07    0.00000   100%     -   12s
     0     0    0.00000    0  551 1.8669e+07    0.00000   100%     -   12s
     0     0    0.00000    0  508 1.8669e+07    0.00000   100%     -   17s
     0     0    0.00000    0  610 1.8669e+07    0.00000   100%     -   19s
     0     0    0.00000    0  538 1.8669e+07    0.00000   100%     -   23s
     0     0    0.00000    0  522 1.8669e+07    0.00000   100%     -   27s
H    0     0                    1.858493e+07    0.00000   100%     -   29s
     0     2    0.00000    0  511 1.8585e+07    0.00000   100%     -   31s
     7    10    0.00000    3  579 1.8585e+07    0.00000   100%   864   35s
H   27    69                    1.797546e+07    0.00000   100%   360   40s
    68   132    0.00000   22  545 1.7975e+07    0.00000   100%   201   45s
H  100   132                    1.795900e+07    0.00000   100%   176   45s
H  131   335                    1.793759e+07    0.00000   100%   179   54s
   334   467 37696.2121  106  398 1.7938e+07    0.00000   100%   119   61s
   466   710 1231116.64  154  353 1.7938e+07    0.00000   100%   113   69s
   709   975 1384279.82  236  323 1.7938e+07    0.00000   100%  85.2   77s
H  730   975                    7117425.4467    0.00000   100%  82.9   77s
H  807   975                    6868123.7389    0.00000   100%  75.5   77s
   974  1211 1416645.60  346  274 6868123.74    0.00000   100%  67.2   84s
  1210  1474 1397582.06  445  302 6868123.74    0.00000   100%  58.6   93s
H 1265  1474                    5980490.1135    0.00000   100%  57.1   93s
H 1362  1474                    5800884.4613    0.00000   100%  53.9   93s
  1473  1763 1409670.89  575  271 5800884.46    0.00000   100%  52.5  103s
H 1556  1763                    5637669.9387    0.00000   100%  50.3  103s
H 1653  1763                    5569407.7107    0.00000   100%  48.0  103s
  1762  2052 1425966.61  725  261 5569407.71    0.00000   100%  47.2  114s
H 1847  2052                    5537293.8200    0.00000   100%  45.4  114s
H 1944  2052                    5452917.4843    0.00000   100%  43.8  114s
H 2030  2052                    5164362.8305    0.00000   100%  43.4  114s
  2051  2259 1438909.18  896  257 5164362.83    0.00000   100%  43.3  123s
  2258  2525 1446396.32 1025  259 5164362.83    0.00000   100%  41.3  133s
H 2488  2525                    5161904.2362    0.00000   100%  39.9  133s
  2524  2778 1471535.75 1161  249 5161904.24    0.00000   100%  39.8  142s
H 2623  2778                    5083502.2421    0.00000   100%  39.4  142s
  2777  3046 1483281.27 1276  260 5083502.24    0.00000   100%  39.3  152s
H 2817  3046                    4993179.6334    0.00000   100%  39.1  152s
H 3045  3309                    4611899.8805    0.00000   100%  38.9  160s
  3308  3490 1594714.38 1517  250 4611899.88    0.00000   100%  38.9  170s
  3489  3831 1619880.11 1569  256 4611899.88    0.00000   100%  38.3  179s
  3831  3832    0.00000    4  831 4611899.88    0.00000   100%  36.4  190s
  3834  3834 1453167.91 1094  416 4611899.88    0.00000   100%  36.4  195s
H 3835  3643                    4507799.7132    0.00000   100%  36.3  197s
  3838  3645 1427852.89  757  275 4507799.71    0.00000   100%  36.3  200s
  3844  3649 320866.349  168  363 4507799.71    0.00000   100%  36.3  205s
  3849  3655    0.00000   14  568 4507799.71    0.00000   100%  44.8  211s
  3861  3663    0.00000   17  563 4507799.71    0.00000   100%  45.5  215s
H 3874  3491                    4424811.5686    0.00000   100%  45.4  218s
  3878  3502    0.00000   22  554 4424811.57    0.00000   100%  45.4  221s
  3891  3531    0.00000   26  533 4424811.57    0.00000   100%  45.7  230s
  3924  3556 70283.1542   38  533 4424811.57    0.00000   100%  45.8  242s
H 3941  3376                    4329669.6274    0.00000   100%  45.7  242s
  3960  3421 121554.565   48  530 4329669.63    0.00000   100%  45.6  256s
H 3990  3246                    3954392.9805    0.00000   100%  45.5  256s
H 3997  3087                    3871466.7993    0.00000   100%  45.4  256s
  4011  3129 181853.544   63  532 3871466.80    0.00000   100%  45.4  275s
  4058  3157 184884.686   77  509 3871466.80    0.00000   100%  45.3  294s
H 4092  2997                    3525010.9086    0.00000   100%  45.2  294s
  4102  3039 236074.253   88  519 3525010.91    0.00000   100%  45.8  312s
H 4118  2892                    3524991.2242    0.00000   100%  46.6  312s
  4147  2940 287997.306   97  516 3524991.22    0.00000   100%  46.7  335s
H 4163  2799                    3393587.5259    0.00000   100%  46.5  335s
  4204  2829 290864.090  108  507 3393587.53    0.00000   100%  46.5  357s
H 4232  2692                    3108048.9470    0.00000   100%  46.8  357s
  4247  2749 342757.702  119  490 3108048.95    0.00000   100%  47.2  383s
  4309  2791 396480.757  131  488 3108048.95    0.00000   100%  47.4  413s
H 4342  2658                    2889954.4156    0.00000   100%  47.9  413s
  4371  2718 495068.259  148  469 2889954.42    0.00000   100%  48.1  443s
H 4407  2591                    2889895.8689    0.00000   100%  47.8  443s
H 4407  2482                    2650963.1591    0.00000   100%  47.8  443s
H 4441  2448                    2644922.1934    0.00000   100%  47.8  466s
H 4524  2379                    2637781.4533    0.00000   100%  48.2  498s
  4583  2427 679448.301  208  431 2637781.45    0.00000   100%  48.3  533s
H 4651  2387                    2607076.6800    0.00000   100%  50.1  571s
  4727  2465 748653.025  242  450 2607076.68    0.00000   100%  50.2  604s
H 4769  2362                    2591734.0811    0.00000   100%  49.9  604s
  4831  2469 763822.577  263  429 2591734.08    0.00000   100%  49.4  641s
  4958  2506 840160.054  300  421 2591734.08    0.00000   100%  49.9  677s
  5038  2551 840160.054  323  404 2591734.08    0.00000   100%  49.5  713s
  5109  2612 858984.105  342  409 2591734.08    0.00000   100%  49.3  747s
  5194  2679 900878.003  367  394 2591734.08    0.00000   100%  49.2  787s
H 5240  2578                    2531619.1170    0.00000   100%  48.8  787s
  5289  2659 922219.029  390  392 2531619.12    0.00000   100%  48.9  825s
H 5341  2562                    2440774.6208    0.00000   100%  48.6  825s
  5386  2639 1021006.00  416  391 2440774.62    0.00000   100%  48.5  873s
H 5431  2547                    2437867.2279    0.00000   100%  48.4  873s
  5478  2639 1098834.44  438  374 2437867.23    0.00000   100%  48.1  920s
H 5534  2548                    2327420.4648    0.00000   100%  47.9  920s
  5586  2667 1103932.53  466  372 2327420.46    0.00000   100%  47.5  974s
  5722  2785 1127183.46  512  345 2327420.46    0.00000   100%  46.5 1018s
H 5809  2687                    2319372.5493    0.00000   100%  46.1 1018s
  5885  2765 1153968.89  556  344 2319372.55    0.00000   100%  45.9 1053s
H 5941  2681                    2307181.6892    0.00000   100%  45.6 1053s
H 5989  2734                    2256597.2028    0.00000   100%  45.3 1092s
H 6120  2727                    2245600.3215    0.00000   100%  44.6 1138s
  6216  2803 1318788.37  648  354 2245600.32    0.00000   100%  44.3 1182s
H 6284  2723                    2243967.9738    0.00000   100%  44.0 1182s
  6324  2864 1347885.32  682  369 2243967.97    0.00000   100%  43.8 1228s
H 6431  2775                    2099978.2501    0.00000   100%  43.5 1228s
  6478  2881 1381252.37  735  346 2099978.25    0.00000   100%  43.4 1291s
H 6551  2805                    2086343.1701    0.00000   100%  43.0 1291s
H 6599  2888                    2079348.4261    0.00000   100%  42.7 1352s
H 6738  3028                    2074952.2707    0.00000   100%  42.1 1413s
H 6811  3028                    1989956.9112    0.00000   100%  41.9 1413s
  6878  3190 1354715.70  850  312 1989956.91    0.00000   100%  41.8 1481s
  7040  3333 1354908.88  882  308 1989956.91    0.00000   100%  41.2 1550s
  7183  3518 1354906.25  917  309 1989956.91    0.00000   100%  41.3 1609s
H 7257  3518                    1959449.5448    0.00000   100%  41.3 1609s
H 7368  3667                    1920712.9709    0.00000   100%  40.8 1667s
H 7517  3807                    1919262.1077    0.00000   100%  40.7 1735s
  7709  3987 387065.092   58  584 1919262.11    0.00000   100%  42.8 1816s
H 7808  3987                    1906966.0372    0.00000   100%  43.4 1816s
H 7889  4185                    1906959.4533    0.00000   100%  43.0 1896s
H 7999  4185                    1905281.8972    0.00000   100%  43.9 1896s
  8087  4411 614784.964  163  500 1905281.90    0.00000   100%  43.5 1965s
  8313  4686 834814.985  230  461 1905281.90    0.00000   100%  43.2 2035s
  8588  5009 1133877.23  318  381 1905281.90    0.00000   100%  43.2 2109s
H 8911  5285                    1905281.8921    0.00000   100%  42.4 2185s
H 9083  5285                    1905204.5219    0.00000   100%  42.3 2185s
  9187  5577 1609214.34  515  345 1905204.52    0.00000   100%  41.9 2261s
H 9479  5903                    1905143.0919    0.00000   100%  40.8 2336s
H 9807  6235                    1904996.0587    0.00000   100%  40.0 2412s
H10037  6235                    1904842.2244    0.00000   100%  39.1 2412s
H10141  6481                    1903710.5069    0.00000   100%  38.8 2486s
H10392  6480                    1860570.9793    0.00000   100%  39.1 2486s
 10493  6759     cutoff  956      1860570.98    0.00000   100%  38.8 2561s
H10506  6759                    1859863.6313    0.00000   100%  38.7 2561s
H10628  6758                    1857164.0693    0.00000   100%  40.7 2561s
H10800  7075                    1855783.0274    0.00000   100%  40.2 2641s
H11117  7373                    1854430.2255    0.00000   100%  40.6 2714s
H11415  8014                    1848678.6178    0.00000   100%  40.8 2790s
H12058  8879                    1845657.2798    0.00000   100%  41.1 2864s
H12774  8878                    1828241.5848    0.00000   100%  38.9 2864s
H12925  9723                    1828241.5845    0.00000   100%  38.5 2931s
H13632  9723                    1825798.2218    0.00000   100%  36.7 2931s
 13772 10455 1115477.90 1195  249 1825798.22    0.00000   100%  36.4 2990s
 14504 11110 1115796.49 1503  250 1825798.22    0.00000   100%  34.8 3044s
H15037 11110                    1822337.5033    0.00000   100%  33.8 3044s
H15159 11838                    1799712.5328    0.00000   100%  33.5 3098s
H15775 11834                    1797348.6743    0.00000   100%  32.5 3098s
H15891 12398                    1796799.8880    0.00000   100%  32.3 3148s
 16455 12957 1122054.00 2312  250 1796799.89    0.00000   100%  31.3 3196s
H17022 13267                    1795917.9432    0.00000   100%  31.6 3244s
 17622 13705 infeasible 2799      1795917.94    0.00000   100%  35.8 3288s
H18240 14237                    1795906.7174    0.00000   100%  37.1 3331s
H18760 14207                    1789637.1780    0.00000   100%  37.3 3331s
 18912 14553 1153916.33 3318  253 1789637.18    0.00000   100%  37.0 3371s
H19370 14553                    1788796.3262    0.00000   100%  38.6 3371s
 19506 14912 1155055.99 3547  250 1788796.33    0.00000   100%  38.3 3409s
H19946 14912                    1785784.7714    0.00000   100%  39.2 3409s
H20077 15148                    1785784.7364    0.00000   100%  38.9 3440s
H20108 15140                    1777067.1376    0.00000   100%  38.9 3440s
H20385 15450                    1774191.2104    0.00000   100%  39.0 3476s
 20899 15797 1155018.68 4073  251 1774191.21    0.00000   100%  39.4 3511s
H21291 15797                    1774173.2051    0.00000   100%  39.9 3511s
H21416 16173                    1773223.4606    0.00000   100%  39.7 3547s
H21784 16144                    1769582.8232    0.00000   100%  39.9 3547s
H21904 16452                    1769518.9275    0.00000   100%  39.7 3583s
H22336 16557                    1769491.0661    0.00000   100%  39.6 3600s
H22521 16534                    1766581.0765    0.00000   100%  39.6 3600s

Cutting planes:
  Implied bound: 43
  MIR: 141
  StrongCG: 1
  Flow cover: 19
  RLT: 53
  Relax-and-lift: 1

Explored 22583 nodes (909093 simplex iterations) in 3600.04 seconds (1946.87 work units)
Thread count was 2 (of 24 available processors)

Solution count 10: 1.76658e+06 1.76949e+06 1.76952e+06 ... 1.78578e+06

Time limit reached
Best objective 1.766581076506e+06, best bound 0.000000000000e+00, gap 100.0000%
