
Gurobi 11.0.3 (linux64, Java) logging started qui 07 nov 2024 02:40:03 -03

Set parameter Username
Academic license - for non-commercial use only - expires 2025-10-10
Warning: Gurobi version mismatch between Java 11.0.1 and C library 11.0.3
Warning: Gurobi version mismatch between Java 11.0.1 and Jni 11.0.3
Set parameter NonConvex to value 2
Set parameter TimeLimit to value 3600
Set parameter LogToConsole to value 0
Set parameter MIPGap to value 3.8113966129801561e-08
Set parameter Threads to value 2
Set parameter NodefileDir to value "/home/ps12398/goal_programming/goalProgrammingMarcos/"
Set parameter NodefileStart to value 1
Gurobi Optimizer version 11.0.3 build v11.0.3rc0 (linux64)

CPU model: Intel(R) Xeon(R) CPU           X5650  @ 2.67GHz, instruction set [SSE2]
Thread count: 12 physical cores, 24 logical processors, using up to 2 threads

Optimize a model with 180591 rows, 121779 columns and 800898 nonzeros
Model fingerprint: 0x0cfcd337
Model has 251 quadratic constraints
Variable types: 60768 continuous, 61011 integer (246 binary)
Coefficient statistics:
  Matrix range     [4e-03, 7e+06]
  QMatrix range    [4e-03, 1e+05]
  QLMatrix range   [1e+00, 1e+05]
  Objective range  [1e+00, 5e+07]
  Bounds range     [1e+00, 1e+08]
  RHS range        [1e+00, 5e+06]
  QRHS range       [4e-02, 4e-02]
Presolve removed 178292 rows and 119349 columns
Presolve time: 0.81s
Presolved: 4411 rows, 3068 columns, 370646 nonzeros
Presolved model has 2 SOS constraint(s)
Presolved model has 246 bilinear constraint(s)

Solving non-convex MIQCP

Variable types: 938 continuous, 2130 integer (248 binary)
Found heuristic solution: objective 2.520615e+07

Root relaxation: objective 0.000000e+00, 506 iterations, 0.12 seconds (0.07 work units)

    Nodes    |    Current Node    |     Objective Bounds      |     Work
 Expl Unexpl |  Obj  Depth IntInf | Incumbent    BestBd   Gap | It/Node Time

     0     0    0.00000    0  448 2.5206e+07    0.00000   100%     -    3s
     0     0    0.00000    0  459 2.5206e+07    0.00000   100%     -    4s
     0     0    0.00000    0  373 2.5206e+07    0.00000   100%     -    5s
     0     0    0.00000    0  372 2.5206e+07    0.00000   100%     -    7s
     0     0    0.00000    0  356 2.5206e+07    0.00000   100%     -    8s
     0     0    0.00000    0  356 2.5206e+07    0.00000   100%     -   10s
     0     0    0.00000    0  357 2.5206e+07    0.00000   100%     -   11s
     0     0    0.00000    0  378 2.5206e+07    0.00000   100%     -   12s
     0     0    0.00000    0  348 2.5206e+07    0.00000   100%     -   12s
     0     0    0.00000    0  348 2.5206e+07    0.00000   100%     -   14s
     0     0    0.00000    0  358 2.5206e+07    0.00000   100%     -   15s
     0     0    0.00000    0  369 2.5206e+07    0.00000   100%     -   16s
     0     0    0.00000    0  369 2.5206e+07    0.00000   100%     -   21s
H    0     0                    2.517481e+07    0.00000   100%     -   25s
     0     2    0.00000    0  369 2.5175e+07    0.00000   100%     -   27s
    11    14    0.00000    6  353 2.5175e+07    0.00000   100%   493   30s
H   26    31                    2.516241e+07    0.00000   100%   315   33s
    30    46    0.00000   15  349 2.5162e+07    0.00000   100%   382   36s
    45    80    0.00000   19  357 2.5162e+07    0.00000   100%   412   41s
H   52    80                    2.507869e+07    0.00000   100%   380   41s
    79   171    0.00000   35  286 2.5079e+07    0.00000   100%   403   51s
H  144   171                    2.503335e+07    0.00000   100%   419   51s
H  170   402                    2.497932e+07    0.00000   100%   396   69s
H  401   767                    2.488356e+07    0.00000   100%   283  103s
H  766  1133                    2.485762e+07    0.00000   100%   150  120s
H  774  1133                    743555.43967    0.00000   100%   149  120s
H  807  1131                    689137.15089    0.00000   100%   143  120s
  1253  1162 450157.293  306  241 689137.151    0.00000   100%  93.9  132s
H 1558  1234                    682823.59926    0.00000   100%  79.3  142s
  1843  1319 infeasible  539      682823.599    0.00000   100%  69.1  151s
H 1845  1319                    682803.32655    0.00000   100%  69.0  151s
  2138  1474     cutoff  644      682803.327    0.00000   100%  61.4  162s
H 2139  1474                    682334.41350    0.00000   100%  61.4  162s
H 2290   903                    649731.33215    0.00000   100%  58.3  162s
  2445  1116     cutoff  720      649731.332    0.00000   100%  54.7  170s
  2662  1333 53404.3306   88  290 649731.332    0.00000   100%  51.9  181s
  2880  1334 4949.87694   62  831 649731.332    0.00000   100%  49.2  195s
H 2884  1270                    565261.94457    0.00000   100%  49.2  202s
  2888  1272 141735.105  142  121 565261.945    0.00000   100%  49.1  205s
  2891  1274 388288.952  664   91 565261.945    0.00000   100%  49.0  210s
  2896  1281    0.00000   11  342 565261.945    0.00000   100%  54.0  215s
  2902  1285    0.00000   13  343 565261.945    0.00000   100%  54.4  220s
  2911  1293    0.00000   15  348 565261.945    0.00000   100%  54.6  226s
  2915  1298    0.00000   16  372 565261.945    0.00000   100%  54.8  232s
H 2917  1234                    204895.64345    0.00000   100%  54.8  232s
  2922  1243    0.00000   18  343 204895.643    0.00000   100%  55.0  242s
  2933  1258    0.00000   21  339 204895.643    0.00000   100%  55.4  258s
  2952  1291    0.00000   26  341 204895.643    0.00000   100%  56.4  290s
H 2958  1228                    29719.085998    0.00000   100%  56.7  290s
  2991  1316    0.00000   36  340 29719.0860    0.00000   100%  58.8  353s
  3090  1415    0.00000   58  336 29719.0860    0.00000   100%  60.4  417s
H 3167  1331                    20743.927087    0.00000   100%  60.4  417s
H 3223  1145                       0.0000000    0.00000  0.00%  60.2  486s

Cutting planes:
  Gomory: 10
  Implied bound: 16
  MIR: 203
  StrongCG: 15
  Flow cover: 178
  Zero half: 1
  RLT: 11
  Relax-and-lift: 12

Explored 3323 nodes (216449 simplex iterations) in 487.00 seconds (229.15 work units)
Thread count was 2 (of 24 available processors)

Solution count 10: 0 20743.9 29719.1 ... 689137

Optimal solution found (tolerance 3.81e-08)
Best objective 0.000000000000e+00, best bound 0.000000000000e+00, gap 0.0000%
