
Gurobi 11.0.3 (linux64, Java) logging started ter 12 nov 2024 09:55:09 -03

Set parameter Username
Academic license - for non-commercial use only - expires 2025-10-10
Set parameter NonConvex to value 2
Set parameter TimeLimit to value 3600
Set parameter LogToConsole to value 0
Set parameter MIPGap to value 2.4984374264171935e-07
Set parameter Threads to value 2
Set parameter NodefileDir to value "/home/ps12398/goal_programming/goalProgrammingMarcos/"
Set parameter NodefileStart to value 1
Gurobi Optimizer version 11.0.3 build v11.0.3rc0 (linux64)

CPU model: Intel(R) Xeon(R) CPU           X5650  @ 2.67GHz, instruction set [SSE2]
Thread count: 12 physical cores, 24 logical processors, using up to 2 threads

Optimize a model with 57891 rows, 39068 columns and 204713 nonzeros
Model fingerprint: 0xfc715981
Model has 144 quadratic constraints
Variable types: 19466 continuous, 19602 integer (139 binary)
Coefficient statistics:
  Matrix range     [7e-03, 6e+05]
  QMatrix range    [7e-03, 2e+04]
  QLMatrix range   [1e+00, 2e+04]
  Objective range  [5e+00, 8e+06]
  Bounds range     [1e+00, 1e+08]
  RHS range        [1e+00, 5e+05]
  QRHS range       [1e-02, 1e-02]
Presolve removed 57628 rows and 38425 columns
Presolve time: 0.09s
Presolved: 780 rows, 810 columns, 12674 nonzeros
Presolved model has 2 SOS constraint(s)
Presolved model has 139 bilinear constraint(s)

Solving non-convex MIQCP

Variable types: 433 continuous, 377 integer (141 binary)
Found heuristic solution: objective 2320234.9588

Root relaxation: objective 0.000000e+00, 212 iterations, 0.01 seconds (0.01 work units)

    Nodes    |    Current Node    |     Objective Bounds      |     Work
 Expl Unexpl |  Obj  Depth IntInf | Incumbent    BestBd   Gap | It/Node Time

     0     0    0.00000    0  138 2320234.96    0.00000   100%     -    0s
H    0     0                    1060718.8271    0.00000   100%     -    0s
H    0     0                    1045766.9189    0.00000   100%     -    0s
     0     0 230007.038    0  135 1045766.92 230007.038  78.0%     -    0s
     0     0 371585.822    0  142 1045766.92 371585.822  64.5%     -    0s
H    0     0                    936401.73094 377316.671  59.7%     -    0s
     0     0 377316.671    0  142 936401.731 377316.671  59.7%     -    0s
     0     0 377316.671    0  137 936401.731 377316.671  59.7%     -    0s
H    0     0                    829925.90986 377316.671  54.5%     -    0s
     0     0 377316.671    0  138 829925.910 377316.671  54.5%     -    0s
     0     0 377316.671    0  140 829925.910 377316.671  54.5%     -    0s
     0     0 377316.671    0  143 829925.910 377316.671  54.5%     -    0s
     0     0 377316.671    0  138 829925.910 377316.671  54.5%     -    0s
     0     0 377316.671    0  138 829925.910 377316.671  54.5%     -    0s
H    0     0                    742741.09517 377316.671  49.2%     -    0s
     0     2 377316.671    0  138 742741.095 377316.671  49.2%     -    0s
H   70    78                    697970.32009 388645.279  44.3%   4.9    1s
H  582   584                    652384.39900 388645.279  40.4%   3.1    1s
H 1100  1112                    642565.81601 388645.279  39.5%   3.1    2s
H 2103  2253                    642274.97865 388645.279  39.5%   2.9    3s
  3641  3616 454219.680  633   72 642274.979 422315.560  34.2%   3.1    5s
H 3680  3462                    639813.53078 469749.044  26.6%   3.3   10s
H 3993  3497                    630539.83519 490346.460  22.2%   3.6   14s
H 4281  3524                    627521.85646 490346.460  21.9%   3.5   14s
H 4677  3627                    624376.22010 490346.460  21.5%   3.5   14s
  4682  3682 514884.545  261   95 624376.220 490346.460  21.5%   3.5   15s
H 5365  3950                    622623.49216 490346.460  21.2%   3.5   15s
H 6372  4464                    620979.88586 490346.460  21.0%   3.7   16s
  9974  6774 569498.810  469   78 620979.886 494955.445  20.3%   3.9   20s
 14574 10591 598048.900  514   75 620979.886 494986.074  20.3%   4.0   25s
H15612 11336                    620567.06215 495851.248  20.1%   3.9   26s
H15797 11545                    619917.28556 495851.248  20.0%   3.9   26s
H16027 11737                    618667.44760 495851.248  19.9%   3.9   26s
 19147 14801 564879.094  187   89 618667.448 495921.232  19.8%   3.8   30s
*19548 14950             650    618426.31501 495921.232  19.8%   3.8   30s
*23530 18604             729    618195.35258 495979.117  19.8%   3.6   33s
 24373 19383 612306.120  699    5 618195.353 496018.480  19.8%   3.7   35s
 29427 24221 553551.095  143   91 618195.353 496055.028  19.8%   3.5   40s
*30288 24292             690    615502.55572 496058.077  19.4%   3.4   40s
*33286 25169             886    609787.00104 496058.077  18.7%   3.4   43s
 34306 25760 596325.801  120   88 609787.001 496166.577  18.6%   3.4   45s
*37603 26235             625    605435.51219 496254.148  18.0%   3.4   48s
 39200 27535 591916.512  338   84 605435.512 496370.989  18.0%   3.4   50s
*39840 27718             539    604734.95401 496415.400  17.9%   3.4   50s
 43297 30772 563275.533  138   93 604734.954 496752.428  17.9%   3.4   55s
 47053 33965 585552.704  283   86 604734.954 497324.611  17.8%   3.5   60s
 51392 37768 536155.744   63  103 604734.954 497553.236  17.7%   3.5   65s
H52582 38529                    604722.24726 497640.203  17.7%   3.5   66s
 55117 40863 577988.051  335   91 604722.247 497894.802  17.7%   3.5   70s
H59048 43893                    604721.64318 498041.060  17.6%   3.6   74s
 59091 44026 595278.680  384   69 604721.643 498041.060  17.6%   3.6   75s
 62588 46959 602407.672   84   84 604721.643 498260.774  17.6%   3.6   80s
*64512 45283             406    601265.31525 498285.609  17.1%   3.6   81s
H67109 47040                    601264.41688 498479.773  17.1%   3.7   84s
 67256 47260 546446.715   80   94 601264.417 498508.075  17.1%   3.7   85s
 71613 51060 546717.328  168  103 601264.417 498616.099  17.1%   3.7   90s
 75953 54972     cutoff  486      601264.417 498688.080  17.1%   3.7   95s
 79849 58286 540159.897   55   99 601264.417 498997.376  17.0%   3.7  100s
 84011 61937 565755.893  272   98 601264.417 499194.884  17.0%   3.7  105s
 88251 65644 573314.089  517   92 601264.417 499336.811  17.0%   3.8  110s
 92448 69322 532436.143   64  109 601264.417 499482.221  16.9%   3.8  115s
 95990 72182 597106.709  171   85 601264.417 499620.140  16.9%   3.8  120s
 99434 75338 588267.592  136   92 601264.417 499721.616  16.9%   3.8  125s
H102443 77928                    601262.76215 499790.265  16.9%   3.8  128s
 103586 79140 573400.010  379   92 601262.762 499790.265  16.9%   3.8  130s
 107075 81662 567038.916  221   88 601262.762 499970.934  16.8%   3.9  135s
 111194 85147 596910.635  122   84 601262.762 500105.617  16.8%   3.9  140s
 115086 88662 548191.821  101  100 601262.762 500192.293  16.8%   3.9  145s
 119448 92669 601133.615  113   94 601262.762 500250.014  16.8%   3.9  150s
 123522 96109     cutoff  653      601262.762 500373.775  16.8%   4.0  155s
 127784 100147 573464.916  302   95 601262.762 500431.869  16.8%   3.9  160s
 131551 103230 516813.448   82  103 601262.762 500485.852  16.8%   4.0  165s
 135774 107144     cutoff  114      601262.762 500509.889  16.8%   4.0  170s
 139004 109641 538374.303   68  105 601262.762 500546.319  16.8%   4.0  175s
 143439 113892 592514.641  474   89 601262.762 500557.640  16.7%   4.0  180s
 148003 117951 545482.277   99  100 601262.762 500644.769  16.7%   4.0  185s
 152119 121766 573010.048   75   98 601262.762 500666.173  16.7%   4.0  190s
 156405 125727 559253.116  203   99 601262.762 500733.135  16.7%   4.0  195s
 160711 129825 595172.901  469   81 601262.762 500777.227  16.7%   4.0  200s
 164875 133527 565833.047  187   97 601262.762 500791.332  16.7%   4.0  205s
 169064 137255 559639.251   87   97 601262.762 500818.020  16.7%   4.0  210s
 172869 140474 583831.574  453   88 601262.762 500865.719  16.7%   4.0  215s
 177233 144324 550156.987  112  102 601262.762 500946.587  16.7%   4.0  220s
 181541 148348 594560.887  106  101 601262.762 501014.484  16.7%   4.0  225s
 184802 151091 597623.275  217   55 601262.762 501034.700  16.7%   4.0  230s
 189116 154796 579274.685  112   90 601262.762 501076.939  16.7%   4.0  235s
 193166 158283 575887.717   90   96 601262.762 501189.215  16.6%   4.0  240s
 197177 161689 526373.253   61  114 601262.762 501241.605  16.6%   4.0  245s
 201195 165486 594040.644  389   82 601262.762 501272.104  16.6%   4.0  250s
 204786 168485     cutoff   99      601262.762 501353.161  16.6%   4.0  255s
 209362 172608 581139.769  283   90 601262.762 501381.910  16.6%   4.0  260s
 213084 176013 588701.244   92   97 601262.762 501436.048  16.6%   4.0  265s
 217538 180045 535320.491   61  109 601262.762 501451.832  16.6%   4.0  270s
 221272 183247 593518.302  256   81 601262.762 501470.129  16.6%   4.0  275s
 224720 186007 554721.154  143   97 601262.762 501510.345  16.6%   4.0  280s
 228446 189389     cutoff  141      601262.762 501523.917  16.6%   4.0  285s
 232665 193195     cutoff   94      601262.762 501548.572  16.6%   4.0  290s
 236870 197173 586954.457  283   79 601262.762 501585.952  16.6%   4.0  295s
 240608 200119 501887.458   56  114 601262.762 501628.740  16.6%   4.0  300s
 244576 203330 577999.888  258   95 601262.762 501657.440  16.6%   4.0  305s
 248869 206911 594126.331  110   84 601262.762 501725.168  16.6%   4.0  310s
 253056 210515 562083.852  153   93 601262.762 501762.225  16.5%   4.0  315s
 257093 213670 537290.628   67  110 601262.762 501822.967  16.5%   4.0  320s
 260363 216817 566723.055  277   89 601262.762 501845.493  16.5%   4.0  325s
 265088 220687 536770.838   62  106 601262.762 501866.121  16.5%   4.0  330s
 269370 224509 570267.841  263   96 601262.762 501922.563  16.5%   4.0  335s
 274069 228822 593053.540  361   82 601262.762 501951.102  16.5%   4.0  340s
 278307 232393 600349.670  505   74 601262.762 501979.652  16.5%   4.0  345s
 282357 235853 567037.681  186   98 601262.762 502015.216  16.5%   4.0  350s
 285995 238899 597251.891  339   87 601262.762 502052.494  16.5%   4.1  355s
 289610 241735 552998.439  110   93 601262.762 502136.005  16.5%   4.1  360s
 293644 245195 537755.602   75  106 601262.762 502158.612  16.5%   4.1  365s
 297828 248824 588091.839  308   92 601262.762 502204.101  16.5%   4.1  370s
 301745 252430 567608.456  162   94 601262.762 502241.056  16.5%   4.1  375s
 305868 256033 552755.363  135   99 601262.762 502255.388  16.5%   4.1  380s
 310070 259854     cutoff  351      601262.762 502264.361  16.5%   4.1  385s
 313920 263302 562078.173  174  101 601262.762 502281.808  16.5%   4.1  390s
 317794 266672     cutoff  219      601262.762 502295.840  16.5%   4.1  395s
 321509 269608 539291.920   70  106 601262.762 502313.819  16.5%   4.1  400s
 325744 273340 539140.630  108  108 601262.762 502324.425  16.5%   4.1  405s
 329431 276512 545966.271  117  105 601262.762 502340.364  16.5%   4.1  410s
 333649 280284 579788.525  330   92 601262.762 502352.619  16.5%   4.1  415s
 337509 283620 595627.747  618   86 601262.762 502362.382  16.4%   4.1  420s
 340842 286507 580618.411  354   95 601262.762 502394.559  16.4%   4.1  425s
 344523 289859 597120.050  575   73 601262.762 502411.866  16.4%   4.1  430s
 348643 293366 560813.499  181   95 601262.762 502442.314  16.4%   4.1  435s
 352299 296416 595901.460  126   82 601262.762 502469.696  16.4%   4.1  440s
 356224 299986 593752.441  338   78 601262.762 502481.124  16.4%   4.1  445s
 360306 303597     cutoff  126      601262.762 502491.297  16.4%   4.1  450s
 364368 307213 541979.923   99   99 601262.762 502502.401  16.4%   4.2  455s
 368074 310268 573571.803  108   86 601262.762 502538.164  16.4%   4.2  460s
 371970 314067 587127.239  206   93 601262.762 502552.886  16.4%   4.2  465s
 375878 317043 545182.802   99  102 601262.762 502584.255  16.4%   4.2  470s
 378996 319854 542903.354   69  104 601262.762 502599.550  16.4%   4.2  475s
 382545 322943 544460.376   79  104 601262.762 502619.663  16.4%   4.2  480s
 386249 326270     cutoff  100      601262.762 502634.748  16.4%   4.2  485s
 390213 329784 582419.610  226   97 601262.762 502655.995  16.4%   4.2  490s
 393629 332370 533650.228   90  110 601262.762 502678.191  16.4%   4.2  495s
 397762 336144     cutoff  119      601262.762 502702.503  16.4%   4.2  500s
 401374 339408 539428.017   73  101 601262.762 502727.173  16.4%   4.2  505s
 405544 342997 595348.057   83   86 601262.762 502756.299  16.4%   4.2  510s
 409011 345987 553122.812  138  104 601262.762 502797.531  16.4%   4.2  515s
*410021 346606             461    601206.19307 502797.531  16.4%   4.2  516s
H410023 346375                    601126.33190 502797.531  16.4%   4.2  516s
H410786 346912                    601124.65309 502806.230  16.4%   4.2  518s
 411967 348126 543889.768   97   99 601124.653 502822.059  16.4%   4.2  520s
 415683 351517 564620.736   93   82 601124.653 502836.031  16.4%   4.2  525s
 419322 354402 594142.948   89  106 601124.653 502868.182  16.3%   4.3  530s
 423506 358210 565681.666  371   96 601124.653 502877.440  16.3%   4.3  535s
 427300 361679 571577.730  503   91 601124.653 502900.733  16.3%   4.3  540s
 431220 364856 571073.554  249   91 601124.653 502927.759  16.3%   4.3  545s
 434885 367746 566800.396  161   96 601124.653 502969.912  16.3%   4.3  550s
 439264 371640 591328.640  488   78 601124.653 502982.911  16.3%   4.3  555s
 443323 375049     cutoff   98      601124.653 503010.218  16.3%   4.3  560s
 447652 379122 539540.595   68  101 601124.653 503030.093  16.3%   4.3  565s
 451807 382985 587075.739  429   88 601124.653 503039.795  16.3%   4.3  570s
 456181 386682     cutoff   99      601124.653 503058.721  16.3%   4.3  575s
 458944 389141 528309.842   62  116 601124.653 503062.371  16.3%   4.3  580s
H461290 390734                    601123.69486 503070.555  16.3%   4.3  583s
 462608 391953 555826.879  106   98 601123.695 503074.864  16.3%   4.3  585s
 466495 395473 591089.626  124  109 601123.695 503087.924  16.3%   4.3  590s
 470803 399596 580631.827  388   90 601123.695 503103.764  16.3%   4.3  595s
 474961 402967 598071.712  427   78 601123.695 503112.778  16.3%   4.3  600s
 479316 406893 573973.618  252   90 601123.695 503128.908  16.3%   4.3  605s
 483483 410563 574961.213  216   96 601123.695 503141.699  16.3%   4.3  610s
H484174 406425                    599865.74501 503141.699  16.1%   4.3  610s
H484383 406323                    599865.67144 503141.699  16.1%   4.3  611s
H484395 406323                    599865.66582 503141.699  16.1%   4.3  611s
 486895 409021 588280.841  531   82 599865.666 503151.365  16.1%   4.3  615s
 490715 412209     cutoff  466      599865.666 503160.753  16.1%   4.3  620s
 495088 416286 551061.929  108  107 599865.666 503173.169  16.1%   4.3  625s
 500562 420769 539750.039   61  106 599865.666 503192.898  16.1%   4.3  630s
 506912 426414 558283.223  187   97 599865.666 503223.824  16.1%   4.3  635s
 513234 432283 563904.612  177   99 599865.666 503253.038  16.1%   4.2  640s
 519638 438030 569544.126  161   93 599865.666 503276.259  16.1%   4.2  645s
 526015 443679 564519.634  189  100 599865.666 503303.186  16.1%   4.2  650s
 532355 449219 536239.159   57  108 599865.666 503324.471  16.1%   4.2  655s
 537504 453930 579082.589  309   86 599865.666 503337.579  16.1%   4.2  660s
 541544 457426 565785.391  136   95 599865.666 503352.109  16.1%   4.2  665s
 545611 460823 587548.247  438   83 599865.666 503379.438  16.1%   4.2  670s
 548535 463123 544145.934   66   96 599865.666 503404.123  16.1%   4.2  675s
 552252 466461 540193.052   88  107 599865.666 503431.668  16.1%   4.2  680s
 556027 469866 571810.140  276  102 599865.666 503444.432  16.1%   4.2  685s
 559704 472843     cutoff  117      599865.666 503463.448  16.1%   4.2  690s
 563679 476420 583097.266  392   96 599865.666 503464.552  16.1%   4.2  695s
 567566 479862 575830.071  184   91 599865.666 503501.983  16.1%   4.2  700s
 571816 483455 533126.559   62  108 599865.666 503515.767  16.1%   4.2  705s
 575657 486956     cutoff  102      599865.666 503529.633  16.1%   4.2  710s
 579682 490560 589452.109  109   96 599865.666 503538.940  16.1%   4.2  715s
 583838 494040 536218.633   67  105 599865.666 503559.424  16.1%   4.2  720s
 588003 497745 550553.243   88  100 599865.666 503569.259  16.1%   4.2  725s
 590958 500075 554884.748  114  102 599865.666 503582.966  16.1%   4.2  730s
H594874 503427                    599857.63330 503598.911  16.0%   4.2  734s
H595100 503654                    599857.55414 503601.228  16.0%   4.2  735s
 599343 507632 572053.600  231   88 599857.554 503618.935  16.0%   4.2  740s
 603944 511754 592101.846   97   92 599857.554 503626.802  16.0%   4.2  745s
 608129 515586 551195.309   81   96 599857.554 503631.932  16.0%   4.2  750s
 612071 519056 561810.764  386   99 599857.554 503649.846  16.0%   4.2  755s
 616051 522649 591870.356   99  110 599857.554 503657.557  16.0%   4.2  760s
 620334 526662     cutoff  590      599857.554 503665.461  16.0%   4.2  765s
 624387 530223 554415.262  151  103 599857.554 503682.412  16.0%   4.2  770s
 628834 534192 570309.508  210   97 599857.554 503698.433  16.0%   4.2  775s
 633167 537897     cutoff   71      599857.554 503715.915  16.0%   4.2  780s
 636743 541451 590836.941  191   79 599857.554 503719.748  16.0%   4.2  785s
 641493 545724 569055.910  199   95 599857.554 503728.074  16.0%   4.2  790s
 645268 548998 546687.306   76   96 599857.554 503736.643  16.0%   4.2  795s
 648824 551618 574455.083   58  112 599857.554 503750.622  16.0%   4.2  800s
 652432 554696 547766.122  143   98 599857.554 503778.294  16.0%   4.2  805s
 656116 557576 546675.752  104  100 599857.554 503794.927  16.0%   4.2  810s
 659756 560780 541776.333  110  104 599857.554 503804.400  16.0%   4.2  815s
 663935 564263 545523.147   83  103 599857.554 503824.170  16.0%   4.2  820s
 668004 567802 534576.615   67  106 599857.554 503838.858  16.0%   4.2  825s
 671825 570950 584999.087  131  100 599857.554 503865.089  16.0%   4.2  830s
 675798 574570     cutoff  292      599857.554 503879.995  16.0%   4.2  835s
 680021 578219 533659.887   59  107 599857.554 503897.859  16.0%   4.2  840s
 684496 582245 592004.411  201   92 599857.554 503904.958  16.0%   4.2  845s
 688634 585877 534891.054   57  107 599857.554 503918.904  16.0%   4.2  850s
 692815 589805 541737.932   79  101 599857.554 503939.853  16.0%   4.2  855s
 696721 593157 592862.095  129   75 599857.554 503952.456  16.0%   4.2  860s
 700390 596313 582670.268  265   91 599857.554 503972.631  16.0%   4.2  865s
 704494 599990 566055.380  351   91 599857.554 503983.340  16.0%   4.2  870s
 708730 603650 588708.440  144   67 599857.554 503992.513  16.0%   4.2  875s
 712382 606840 593118.536   82  106 599857.554 504010.430  16.0%   4.2  880s
 715608 609632 568740.025  209   98 599857.554 504016.354  16.0%   4.2  885s
 719299 612958 542622.232   98  102 599857.554 504026.555  16.0%   4.2  890s
 723499 616618 526555.828   57  115 599857.554 504032.999  16.0%   4.2  895s
 727360 620035 582784.839  126   96 599857.554 504057.307  16.0%   4.2  900s
 731398 623825 583882.056  179   93 599857.554 504072.466  16.0%   4.2  905s
 735128 626721 539288.577  103  103 599857.554 504091.338  16.0%   4.2  910s
 739287 630375     cutoff  158      599857.554 504104.771  16.0%   4.2  915s
 743245 633625 591255.123   95  108 599857.554 504120.820  16.0%   4.2  920s
 747301 637176 598543.788  272   85 599857.554 504133.439  16.0%   4.2  925s
 751362 640790 584698.216  230   92 599857.554 504153.091  16.0%   4.2  930s
 754654 643630 596420.444  487   89 599857.554 504160.663  16.0%   4.2  935s
 758376 646844 581245.640  250   94 599857.554 504174.992  16.0%   4.2  940s
 762987 651131 586335.181  327   93 599857.554 504190.105  15.9%   4.2  945s
 767589 654693 599845.682  531   90 599857.554 504203.919  15.9%   4.2  950s
 773575 660016     cutoff   88      599857.554 504215.681  15.9%   4.2  955s
H773577 659993                    599852.93011 504215.681  15.9%   4.2  955s
H773835 659994                    599852.88883 504215.783  15.9%   4.2  956s
H774204 660319                    599852.18306 504217.039  15.9%   4.2  956s
 776493 662722 569141.095  239   96 599852.183 504218.310  15.9%   4.2  960s
 780551 665881 infeasible  117      599852.183 504226.421  15.9%   4.2  965s
 784706 669526 504736.250   54  113 599852.183 504230.787  15.9%   4.2  970s
 788565 673001 563049.893  200   96 599852.183 504238.457  15.9%   4.2  975s
 792426 675784 536028.738   89  107 599852.183 504253.628  15.9%   4.2  980s
 796692 679696 573628.446  529   93 599852.183 504259.401  15.9%   4.2  985s
 801031 683403 599114.102  308   83 599852.183 504274.630  15.9%   4.2  990s
 805030 686798 544990.483  170   95 599852.183 504284.986  15.9%   4.2  995s
 809062 689922     cutoff  189      599852.183 504294.604  15.9%   4.2 1000s
 812968 693373 588871.881  296   97 599852.183 504303.659  15.9%   4.2 1005s
 816483 696419     cutoff  135      599852.183 504316.554  15.9%   4.2 1010s
 820867 700270 586135.996  113   95 599852.183 504330.485  15.9%   4.2 1015s
 824630 703546     cutoff  150      599852.183 504339.522  15.9%   4.3 1020s
 828006 706492 592358.472  479   85 599852.183 504350.819  15.9%   4.3 1025s
 832190 710260     cutoff  536      599852.183 504356.328  15.9%   4.3 1030s
 836306 713314     cutoff  148      599852.183 504365.451  15.9%   4.3 1035s
 840229 716232     cutoff  192      599852.183 504366.473  15.9%   4.3 1040s
 844136 719127 562290.767  152   98 599852.183 504373.702  15.9%   4.3 1045s
 847962 721729 592315.014   77  109 599852.183 504403.238  15.9%   4.3 1050s
 851774 725117 559241.538  195   98 599852.183 504427.923  15.9%   4.3 1055s
H853799 726544                    599832.13303 504431.572  15.9%   4.3 1057s
 854888 727423 543605.874   99  103 599832.133 504436.767  15.9%   4.3 1060s
 858225 730177 546713.536  121  103 599832.133 504453.776  15.9%   4.3 1065s
H860765 732379                    599832.12298 504460.384  15.9%   4.3 1068s
 862250 733744 574204.723   79  114 599832.123 504464.459  15.9%   4.3 1070s
 865555 736551 511186.476   63  110 599832.123 504485.961  15.9%   4.3 1075s
 869309 739583 538976.941   71  102 599832.123 504500.185  15.9%   4.3 1080s
 873323 743205     cutoff   80      599832.123 504518.075  15.9%   4.3 1085s
 876856 746439 577016.089  214   95 599832.123 504527.825  15.9%   4.3 1090s
 881129 750083 559994.090  173   88 599832.123 504544.203  15.9%   4.3 1095s
 884674 753182     cutoff  200      599832.123 504553.212  15.9%   4.3 1100s
 888739 756867 597673.337  362   82 599832.123 504569.129  15.9%   4.3 1105s
 892245 759775 533722.380   72  106 599832.123 504587.678  15.9%   4.3 1110s
 896616 763689 596513.165  308   91 599832.123 504595.936  15.9%   4.3 1115s
H898016 765054                    599832.09197 504605.707  15.9%   4.3 1117s
H898903 764983                    599686.03293 504607.200  15.9%   4.3 1118s
 900091 765718     cutoff   84      599686.033 504615.633  15.9%   4.3 1120s
H900767 766532                    599685.88496 504615.737  15.9%   4.3 1121s
 903356 768773 550884.781  160   92 599685.885 504626.997  15.9%   4.3 1125s
 906753 771720 537032.919   64  108 599685.885 504641.471  15.8%   4.3 1130s
 910526 774807     cutoff  130      599685.885 504651.327  15.8%   4.3 1135s
H913549 777106                    599611.97573 504657.360  15.8%   4.3 1138s
 914528 778033 591606.041   71  109 599611.976 504660.795  15.8%   4.3 1140s
 918700 781731     cutoff  273      599611.976 504669.781  15.8%   4.3 1145s
 922795 784996 595221.641   97   96 599611.976 504692.079  15.8%   4.3 1150s
 927295 788872 559410.522  133   90 599611.976 504707.982  15.8%   4.3 1155s
 931760 792574 594721.278  113   86 599611.976 504717.023  15.8%   4.3 1160s
 935872 796186     cutoff  112      599611.976 504734.169  15.8%   4.3 1165s
 939805 799678 584607.378  173   96 599611.976 504748.238  15.8%   4.3 1170s
 943586 802940 583797.883  326   95 599611.976 504756.722  15.8%   4.3 1175s
 947741 806606 544553.321   93  103 599611.976 504769.095  15.8%   4.3 1180s
 951575 809930 564634.611  196  101 599611.976 504782.755  15.8%   4.3 1185s
 955408 813386 591064.447   90  109 599611.976 504791.042  15.8%   4.3 1190s
 959011 816426 595418.758  535   77 599611.976 504803.844  15.8%   4.3 1195s
 963077 820079     cutoff  117      599611.976 504813.506  15.8%   4.3 1200s
 967322 823882 590937.640  468   75 599611.976 504819.043  15.8%   4.3 1205s
 971014 827010 583947.147  371   90 599611.976 504835.787  15.8%   4.3 1210s
 975430 830831 556112.562  111  103 599611.976 504844.197  15.8%   4.3 1215s
H975780 831058                    599611.82029 504844.197  15.8%   4.3 1215s
 978225 833310 586341.321  279   95 599611.820 504855.360  15.8%   4.3 1220s
 982706 837452 589712.975  152   97 599611.820 504863.765  15.8%   4.3 1225s
 987395 841488 597520.628  398   85 599611.820 504875.412  15.8%   4.3 1230s
 991735 845405 578648.597  224   83 599611.820 504889.316  15.8%   4.3 1235s
 995606 848565 555183.094  111  101 599611.820 504904.722  15.8%   4.3 1240s
 999640 852242 567352.454  241   99 599611.820 504915.279  15.8%   4.3 1245s
 1003963 855698 542557.973   69  108 599611.820 504929.028  15.8%   4.3 1250s
 1007898 858773 598364.896  513   81 599611.820 504949.431  15.8%   4.3 1255s
 1011795 862385     cutoff   82      599611.820 504972.956  15.8%   4.3 1260s
 1015919 865824 588720.943   99   96 599611.820 504989.402  15.8%   4.3 1265s
 1019949 869549 577472.002  324   90 599611.820 505003.940  15.8%   4.3 1270s
 1023852 872962 578614.049  466   84 599611.820 505015.861  15.8%   4.3 1275s
 1027100 875949 555345.128  144   96 599611.820 505036.888  15.8%   4.3 1280s
 1030916 879339 577519.091  251   93 599611.820 505043.007  15.8%   4.3 1285s
 1034337 882167     cutoff  114      599611.820 505066.824  15.8%   4.3 1290s
 1038183 885564 572672.583  241   92 599611.820 505080.299  15.8%   4.3 1295s
 1042243 889114 594569.016  550   82 599611.820 505099.171  15.8%   4.3 1300s
 1046393 892786 564438.174  226  101 599611.820 505120.995  15.8%   4.3 1305s
 1050389 896128 568193.902  204   92 599611.820 505137.505  15.8%   4.3 1310s
 1054794 899867 593718.081  221   87 599611.820 505147.244  15.8%   4.3 1315s
 1060580 905037 547171.287   92  101 599611.820 505176.874  15.7%   4.3 1320s
 1064568 908372 540090.925   96  107 599611.820 505203.296  15.7%   4.3 1325s
 1067853 911187 563552.088  469  101 599611.820 505207.825  15.7%   4.3 1330s
 1071296 913949 596558.598   94  107 599611.820 505233.028  15.7%   4.3 1335s
 1074856 916595 596246.928   71  104 599611.820 505251.484  15.7%   4.3 1340s
 1078831 920073 577979.620  105   82 599611.820 505265.815  15.7%   4.3 1345s
 1083046 923593 572363.520   94   91 599611.820 505286.854  15.7%   4.3 1350s
 1087169 927543 588243.887  334   77 599611.820 505295.290  15.7%   4.3 1355s
H1088989 928653                    599593.14981 505305.241  15.7%   4.3 1357s
H1090512 929959                    599591.83849 505305.241  15.7%   4.3 1359s
 1090569 930237 592296.222  470   88 599591.838 505305.241  15.7%   4.3 1360s
 1093106 932466 546304.344   99  103 599591.838 505323.701  15.7%   4.3 1365s
 1096980 935721 554968.648  145   99 599591.838 505345.767  15.7%   4.3 1370s
 1101367 939681 569463.745  329   96 599591.838 505356.614  15.7%   4.3 1375s
 1105397 942711 594624.408  483   81 599591.838 505364.058  15.7%   4.3 1380s
 1109724 946767 565719.540  175   98 599591.838 505379.946  15.7%   4.3 1385s
 1114736 950976 554297.051  141  101 599591.838 505393.897  15.7%   4.3 1390s
 1119728 955197 591957.709  178   88 599591.838 505405.274  15.7%   4.3 1395s
 1125299 960101 598253.864  478   56 599591.838 505418.600  15.7%   4.3 1400s
 1130881 964878 597924.533  134   82 599591.838 505432.088  15.7%   4.3 1405s
 1135975 969468 583240.203  273   86 599591.838 505451.669  15.7%   4.3 1410s
 1142014 974429 592869.601   99   89 599591.838 505471.077  15.7%   4.3 1415s
H1146016 977617                    599585.54367 505493.792  15.7%   4.3 1418s
 1147074 978781 581713.698  234   89 599585.544 505496.707  15.7%   4.3 1420s
 1151856 982450 598922.137  215   85 599585.544 505526.846  15.7%   4.3 1425s
Created node file directory '/home/ps12398/goal_programming/goalProgrammingMarcos//grbnodes1'
 1157896 988122 578519.048  251   94 599585.544 505533.220  15.7%   4.3 1433s
H1159090 989158                    599585.19174 505533.220  15.7%   4.3 1434s
 1159299 989326 595479.656  625   82 599585.192 505534.277  15.7%   4.3 1435s
 1164599 992706 538959.665   62  106 599585.192 505542.519  15.7%   4.3 1440s
 1170171 996592 559308.377  141   98 599585.192 505552.070  15.7%   4.3 1445s
 1175029 999684 568205.774  155   85 599585.192 505557.794  15.7%   4.3 1450s
 1179675 1004064 576755.512  191   96 599585.192 505560.093  15.7%   4.3 1457s
 1182805 1006652 596843.980  342   83 599585.192 505560.093  15.7%   4.3 1460s
 1186037 1008476     cutoff  107      599585.192 505565.126  15.7%   4.3 1465s
 1190027 1012061 586196.696  131   83 599585.192 505568.332  15.7%   4.3 1470s
H1191612 1012622                    599583.97984 505571.015  15.7%   4.3 1473s
 1192174 1012741     cutoff   73      599583.980 505571.312  15.7%   4.3 1475s
 1195115 1014587 542365.676  107  107 599583.980 505575.312  15.7%   4.3 1480s
 1198771 1017514 568847.401  190   87 599583.980 505575.312  15.7%   4.3 1485s
 1201392 1019737 586594.460  215   78 599583.980 505575.312  15.7%   4.3 1493s
 1202172 1020285 594817.993  215   74 599583.980 505575.312  15.7%   4.3 1495s
 1204882 1022655 581861.854  175   86 599583.980 505584.257  15.7%   4.3 1500s
 1208278 1024771 598564.637   78  107 599583.980 505589.197  15.7%   4.3 1505s
 1210838 1025191 595102.850   90   89 599583.980 505595.825  15.7%   4.3 1510s
 1213995 1027138 528543.170   55  115 599583.980 505602.544  15.7%   4.3 1515s
 1217968 1030172 595632.492   84   97 599583.980 505604.696  15.7%   4.3 1520s
H1220468 1032025                    599574.88903 505604.696  15.7%   4.3 1523s
 1220870 1032757 579124.281  337   84 599574.889 505604.696  15.7%   4.3 1525s
 1221686 1033440 589047.536  347   84 599574.889 505604.696  15.7%   4.3 1530s
 1224384 1034329     cutoff  159      599574.889 505611.361  15.7%   4.3 1535s
 1228157 1037538 595551.806  131   62 599574.889 505612.499  15.7%   4.3 1540s
 1232857 1041658 573187.000  185   94 599574.889 505616.581  15.7%   4.3 1545s
H1233312 1041885                    599568.19544 505616.581  15.7%   4.3 1546s
 1236040 1043545 594346.736   99   96 599568.195 505618.911  15.7%   4.3 1550s
 1239041 1045058 536893.564   64  108 599568.195 505622.158  15.7%   4.3 1555s
 1241991 1047477     cutoff   82      599568.195 505627.578  15.7%   4.3 1564s
 1242660 1048021 591913.443  113   72 599568.195 505628.494  15.7%   4.3 1565s
 1246989 1051866 551758.200   85  100 599568.195 505631.008  15.7%   4.3 1570s
H1247578 1052370                    599565.11097 505631.008  15.7%   4.3 1571s
 1250660 1054531 596789.325  262   79 599565.111 505631.008  15.7%   4.3 1575s
 1256201 1059790 595632.505  373   73 599565.111 505636.180  15.7%   4.3 1580s
 1259373 1061629 541438.854   84  106 599565.111 505644.820  15.7%   4.3 1586s
 1263018 1065455 575561.544  175   90 599565.111 505644.820  15.7%   4.3 1590s
 1267078 1068669 594321.118  193   89 599565.111 505644.820  15.7%   4.3 1595s
 1269819 1069598 593597.744  163   85 599565.111 505651.653  15.7%   4.3 1600s
 1273690 1072228 587684.761  110   74 599565.111 505653.783  15.7%   4.3 1605s
 1276250 1072809     cutoff  123      599565.111 505662.609  15.7%   4.3 1610s
H1276318 1072806                    599537.15255 505662.609  15.7%   4.3 1610s
 1279015 1075309 561608.265  172   92 599537.153 505664.068  15.7%   4.3 1618s
 1280181 1076271 578973.289  209   84 599537.153 505664.068  15.7%   4.3 1620s
 1283214 1078535 598341.663  251   61 599537.153 505664.068  15.7%   4.3 1625s
 1287386 1082348 579314.299  249   89 599537.153 505672.063  15.7%   4.3 1630s
H1289321 1083968                    599534.28051 505672.063  15.7%   4.3 1632s
 1290779 1084295 597458.334   99   95 599534.281 505674.320  15.7%   4.3 1635s
 1294652 1088275 578869.500  205   94 599534.281 505676.467  15.7%   4.3 1643s
 1296443 1090178 592843.699  376   84 599534.281 505676.467  15.7%   4.3 1645s
 1299954 1091495 550212.046   81  103 599534.281 505682.609  15.7%   4.3 1650s
 1305247 1095971     cutoff  364      599534.281 505689.260  15.7%   4.3 1655s
 1309473 1098377 598895.019  132   86 599534.281 505691.856  15.7%   4.3 1660s
 1313215 1101344     cutoff  113      599534.281 505693.710  15.7%   4.3 1665s
 1314730 1102756 551333.261  133  100 599534.281 505698.050  15.7%   4.3 1670s
 1318935 1105931 597257.097  472   73 599534.281 505698.050  15.7%   4.3 1675s
 1322586 1107938 595855.693  144   85 599534.281 505708.375  15.6%   4.3 1680s
 1327553 1111568 585239.008  114   71 599534.281 505712.234  15.6%   4.3 1685s
 1330917 1114018     cutoff  119      599534.281 505717.723  15.6%   4.3 1690s
 1333006 1115669 534722.989   77  109 599534.281 505719.090  15.6%   4.3 1698s
 1334176 1116817 541658.308  100  104 599534.281 505719.090  15.6%   4.3 1700s
 1338540 1120326 588457.269  454   65 599534.281 505719.090  15.6%   4.3 1705s
 1341810 1121880 581101.189   94   84 599534.281 505731.554  15.6%   4.3 1710s
 1344661 1123278 543339.983   70  100 599534.281 505737.252  15.6%   4.3 1715s
 1349665 1127985 592798.790   87   81 599534.281 505737.445  15.6%   4.3 1720s
 1351967 1129800 594451.517  469   80 599534.281 505739.126  15.6%   4.3 1726s
 1353934 1130941 550120.201   84   98 599534.281 505745.959  15.6%   4.3 1730s
 1357748 1133527 596015.734  103   98 599534.281 505748.361  15.6%   4.3 1735s
 1361353 1136049     cutoff   82      599534.281 505753.485  15.6%   4.3 1740s
 1364577 1137958 552158.222  126   98 599534.281 505761.578  15.6%   4.3 1745s
 1367861 1139989 560745.593  152   97 599534.281 505768.172  15.6%   4.3 1750s
 1371709 1142720 592563.744   76  107 599534.281 505773.972  15.6%   4.3 1755s
 1372992 1143803 infeasible   93      599534.281 505775.517  15.6%   4.3 1760s
 1376575 1146578 569270.910  101  101 599534.281 505780.017  15.6%   4.3 1765s
 1379589 1147997 591145.350  285   89 599534.281 505780.640  15.6%   4.3 1770s
 1384536 1151670 595660.800  425   78 599534.281 505783.943  15.6%   4.3 1775s
H1386188 1151924                    599527.74072 505799.811  15.6%   4.3 1778s
 1386691 1152700 577537.910  158   92 599527.741 505800.836  15.6%   4.3 1780s
 1389304 1153632     cutoff  113      599527.741 505804.570  15.6%   4.3 1785s
 1392069 1154908     cutoff  124      599527.741 505808.900  15.6%   4.3 1790s
 1393190 1155531 543097.421   93  106 599527.741 505809.834  15.6%   4.3 1796s
 1396192 1157942 566465.042  154   85 599527.741 505809.834  15.6%   4.3 1800s
H1398997 1160117                    599524.69140 505809.834  15.6%   4.3 1804s
 1399091 1160379 588720.064  274   73 599524.691 505809.834  15.6%   4.3 1805s
 1402294 1162597     cutoff   92      599524.691 505817.033  15.6%   4.3 1810s
 1405736 1165332 547458.656  102   99 599524.691 505819.925  15.6%   4.3 1815s
 1409169 1168051 549090.873   96  104 599524.691 505824.470  15.6%   4.3 1820s
 1411074 1170015 559655.138  111  103 599524.691 505824.470  15.6%   4.3 1826s
 1413577 1172167 574237.930  136   90 599524.691 505824.470  15.6%   4.3 1830s
 1416557 1174057 596933.437  163   76 599524.691 505824.470  15.6%   4.3 1835s
 1419824 1176177 597369.604  106   97 599524.691 505834.736  15.6%   4.3 1840s
 1423136 1178236 545734.577   97  104 599524.691 505839.756  15.6%   4.3 1845s
 1427143 1181518 577143.751  179   94 599524.691 505839.756  15.6%   4.3 1850s
 1430397 1183600 596295.141  153   57 599524.691 505845.959  15.6%   4.3 1855s
 1431674 1184629 597898.880   77  107 599524.691 505848.428  15.6%   4.3 1860s
 1434349 1186243 597146.618   97   83 599524.691 505849.667  15.6%   4.3 1865s
 1438678 1189585 586825.733  255   79 599524.691 505851.455  15.6%   4.3 1870s
 1443154 1192269     cutoff   95      599524.691 505864.224  15.6%   4.3 1875s
 1446604 1193844 594663.643   92   89 599524.691 505869.515  15.6%   4.3 1880s
 1450495 1197020 598860.851  160   71 599524.691 505876.703  15.6%   4.3 1888s
 1451399 1197704 593620.245  164   75 599524.691 505877.059  15.6%   4.3 1890s
H1454489 1199566                    599523.61384 505882.460  15.6%   4.3 1895s
 1458112 1203292 589341.192  350   69 599523.614 505884.537  15.6%   4.3 1900s
 1461674 1206188 588824.028  103  101 599523.614 505885.374  15.6%   4.3 1905s
 1464583 1207760 543338.719   79  100 599523.614 505887.970  15.6%   4.3 1910s
 1467159 1209650 591125.370  276   88 599523.614 505887.970  15.6%   4.3 1917s
 1468377 1210573 596714.172  291   83 599523.614 505887.970  15.6%   4.3 1920s
 1472713 1213952 564001.599  141   89 599523.614 505895.875  15.6%   4.3 1925s
 1475908 1215919 553264.543   78   99 599523.614 505899.221  15.6%   4.3 1930s
 1479024 1217658 598826.860  260   89 599523.614 505903.510  15.6%   4.3 1935s
 1483261 1221256 584910.262  261   83 599523.614 505905.375  15.6%   4.3 1940s
 1485954 1222318     cutoff   72      599523.614 505912.494  15.6%   4.3 1947s
 1487717 1222959 593664.278  116   96 599523.614 505913.987  15.6%   4.3 1950s
 1490670 1224709     cutoff  107      599523.614 505919.825  15.6%   4.3 1955s
 1493715 1226509     cutoff   84      599523.614 505922.376  15.6%   4.3 1960s
 1497551 1229961 558560.740  143  102 599523.614 505925.829  15.6%   4.3 1965s
 1502178 1234489 583094.051  204   91 599523.614 505925.829  15.6%   4.3 1970s
 1503717 1235912 591658.869  217   89 599523.614 505925.829  15.6%   4.3 1975s
 1506344 1237252     cutoff   83      599523.614 505928.687  15.6%   4.3 1980s
 1510692 1241628 581380.746  257   84 599523.614 505929.369  15.6%   4.3 1985s
 1515121 1244722 570819.405  120   93 599523.614 505934.608  15.6%   4.3 1990s
 1517968 1246598 558332.764  134   99 599523.614 505935.300  15.6%   4.3 1995s
 1519802 1248083 577406.714  178   90 599523.614 505935.300  15.6%   4.3 2000s
 1522855 1249150     cutoff  103      599523.614 505945.066  15.6%   4.3 2005s
 1526915 1252938 573381.354  268   92 599523.614 505954.383  15.6%   4.3 2010s
 1531923 1256687     cutoff   99      599523.614 505964.509  15.6%   4.3 2015s
 1535169 1258486     cutoff  108      599523.614 505967.986  15.6%   4.3 2020s
 1538266 1260484 559942.702  144   96 599523.614 505971.157  15.6%   4.3 2025s
 1540143 1261892 580026.858  200   76 599523.614 505971.157  15.6%   4.3 2031s
 1541747 1263009 593715.316  219   68 599523.614 505971.157  15.6%   4.3 2035s
 1543862 1264537 546188.524   86  104 599523.614 505980.664  15.6%   4.3 2040s
 1547948 1266990 506620.316   54  112 599523.614 505987.051  15.6%   4.3 2045s
 1551290 1269726 587613.590  247   82 599523.614 505987.051  15.6%   4.3 2050s
 1554610 1271996 576546.722  170   80 599523.614 505993.992  15.6%   4.3 2055s
 1557547 1273326 597214.871   71  109 599523.614 505999.145  15.6%   4.3 2060s
 1559210 1274607 593845.468  110   88 599523.614 506000.295  15.6%   4.3 2065s
 1563814 1277704 infeasible  110      599523.614 506006.815  15.6%   4.3 2070s
 1566999 1279798 578153.856  126   75 599523.614 506012.332  15.6%   4.3 2075s
 1570652 1282548 598914.879  110   84 599523.614 506013.631  15.6%   4.3 2080s
 1573904 1284512     cutoff  195      599523.614 506021.101  15.6%   4.3 2085s
 1575438 1285832 599181.840   78  110 599523.614 506021.666  15.6%   4.3 2090s
 1578732 1288668 539274.291   66  104 599523.614 506024.563  15.6%   4.3 2095s
 1582855 1292137 592174.475  300   79 599523.614 506024.563  15.6%   4.3 2100s
 1585641 1293373 592574.226   93  107 599523.614 506032.233  15.6%   4.3 2105s
 1589035 1295889 565202.963  148   94 599523.614 506032.472  15.6%   4.3 2110s
 1591909 1298038 590115.088  309   70 599523.614 506032.472  15.6%   4.3 2115s
 1594474 1300033 596812.627  313   64 599523.614 506032.472  15.6%   4.3 2120s
 1598713 1302743     cutoff  112      599523.614 506044.160  15.6%   4.3 2125s
 1601489 1304018     cutoff   84      599523.614 506046.328  15.6%   4.3 2130s
 1605767 1308258 560776.839  128  101 599523.614 506047.708  15.6%   4.3 2135s
 1609619 1312150 574452.105  184   96 599523.614 506047.708  15.6%   4.3 2142s
 1611245 1313296 585630.387  205   87 599523.614 506047.708  15.6%   4.3 2145s
 1613766 1314625 543910.779   66  103 599523.614 506055.716  15.6%   4.3 2150s
 1617355 1317590 595905.141  129   86 599523.614 506057.548  15.6%   4.3 2155s
 1620484 1319611     cutoff  105      599523.614 506061.751  15.6%   4.3 2160s
 1623929 1321761 552351.814  119   98 599523.614 506064.992  15.6%   4.3 2165s
 1628216 1324541 592685.707   88  110 599523.614 506073.332  15.6%   4.3 2170s
 1629994 1325670     cutoff   80      599523.614 506075.000  15.6%   4.3 2175s
 1633249 1327919 555060.131  143   93 599523.614 506075.958  15.6%   4.3 2180s
 1636978 1330498 552033.921  174  100 599523.614 506083.148  15.6%   4.3 2185s
 1640305 1332900 595363.688  257   67 599523.614 506083.148  15.6%   4.3 2190s
 1642994 1334081     cutoff  139      599523.614 506094.905  15.6%   4.4 2195s
 1646588 1336951 582152.218  319   80 599523.614 506094.905  15.6%   4.4 2200s
 1647445 1337480 597029.428  335   76 599523.614 506096.734  15.6%   4.4 2205s
 1650013 1339326 552571.327  121  103 599523.614 506103.361  15.6%   4.4 2210s
 1651603 1340074 571967.759  188   90 599523.614 506103.361  15.6%   4.4 2215s
 1655669 1342517     cutoff   94      599523.614 506109.280  15.6%   4.4 2220s
 1659885 1345628 589720.483   66  110 599523.614 506113.411  15.6%   4.4 2225s
 1662251 1346162 598290.428   95   86 599523.614 506119.218  15.6%   4.4 2230s
 1665780 1349445 582123.846  231   92 599523.614 506119.712  15.6%   4.4 2235s
 1667166 1350491     cutoff  119      599523.614 506120.121  15.6%   4.4 2240s
 1670344 1352474 541854.411   86  103 599523.614 506126.852  15.6%   4.4 2245s
 1673575 1355828 565498.164  137   94 599523.614 506126.852  15.6%   4.4 2250s
 1677243 1358345 593364.430  145   85 599523.614 506137.888  15.6%   4.4 2255s
 1681929 1363013 566022.907  127   97 599523.614 506139.458  15.6%   4.3 2262s
 1685120 1366113 592576.381  277   76 599523.614 506139.458  15.6%   4.3 2265s
 1689346 1368635 546494.691   73  102 599523.614 506145.202  15.6%   4.4 2270s
 1693837 1372096 511648.020   77  107 599523.614 506148.478  15.6%   4.4 2275s
 1696870 1374022 586257.881   91  111 599523.614 506149.471  15.6%   4.4 2280s
 1699688 1376145 578159.316  198   89 599523.614 506161.169  15.6%   4.4 2287s
 1701635 1376692     cutoff  218      599523.614 506161.406  15.6%   4.4 2290s
 1704512 1378892 555145.772  131   98 599523.614 506163.583  15.6%   4.4 2295s
 1708944 1383320 585023.499  176   80 599523.614 506163.583  15.6%   4.3 2300s
 1711849 1385240 543199.595   84  104 599523.614 506168.491  15.6%   4.4 2305s
 1715691 1388699     cutoff   93      599523.614 506172.994  15.6%   4.4 2313s
 1716757 1389326 589370.214   64  109 599523.614 506177.838  15.6%   4.4 2315s
 1719657 1390968 510617.723   54  109 599523.614 506179.521  15.6%   4.4 2320s
 1723212 1393622 545358.247   97  102 599523.614 506184.077  15.6%   4.3 2325s
 1726816 1396350 592515.598  235   85 599523.614 506184.077  15.6%   4.3 2330s
 1730193 1398522 568566.677  193   92 599523.614 506188.498  15.6%   4.3 2335s
 1733642 1400955 567345.015   90   90 599523.614 506196.874  15.6%   4.4 2340s
 1735738 1402672 596311.166   86   87 599523.614 506197.602  15.6%   4.3 2345s
 1738438 1403961 590539.046   79  112 599523.614 506200.739  15.6%   4.4 2350s
 1741735 1406615 595968.033  107   56 599523.614 506208.004  15.6%   4.4 2355s
 1745169 1409148 552552.270  117   94 599523.614 506214.874  15.6%   4.4 2360s
 1748240 1411529 587378.688  259   76 599523.614 506214.874  15.6%   4.4 2365s
 1750515 1413075     cutoff  109      599523.614 506220.476  15.6%   4.4 2371s
 1752302 1413455     cutoff   84      599523.614 506225.186  15.6%   4.4 2375s
 1755634 1415974 540757.814   98  107 599523.614 506229.312  15.6%   4.4 2380s
 1759722 1419703 562850.863  145   98 599523.614 506229.312  15.6%   4.4 2385s
 1762767 1422082 591622.157  222   67 599523.614 506229.312  15.6%   4.4 2390s
 1765780 1423958     cutoff  147      599523.614 506234.857  15.6%   4.4 2395s
 1769969 1427178 578523.999  365   85 599523.614 506234.857  15.6%   4.4 2402s
 1771197 1427614 591904.705  112   81 599523.614 506234.857  15.6%   4.4 2405s
 1774989 1430361 578595.013  202   85 599523.614 506243.796  15.6%   4.4 2410s
 1778280 1432099 592851.914  131   97 599523.614 506250.134  15.6%   4.4 2415s
 1783736 1437249 590238.678  247   80 599523.614 506255.885  15.6%   4.4 2420s
 1786826 1439278 596347.671  574   83 599523.614 506255.959  15.6%   4.4 2425s
 1791455 1442161 556317.181  127   98 599523.614 506262.334  15.6%   4.4 2430s
 1795784 1445437     cutoff  255      599523.614 506262.334  15.6%   4.4 2435s
 1799464 1448357 598512.356   94   93 599523.614 506270.970  15.6%   4.4 2440s
 1802342 1449742     cutoff  131      599523.614 506276.850  15.6%   4.4 2445s
 1805142 1452711 565908.662  178   86 599523.614 506279.099  15.6%   4.4 2451s
 1808602 1456088     cutoff  464      599523.614 506279.099  15.6%   4.4 2455s
 1812036 1457856     cutoff   96      599523.614 506286.149  15.6%   4.4 2460s
 1814549 1459749 553967.172  117  104 599523.614 506290.361  15.6%   4.4 2465s
 1818217 1462382 572339.887  170   97 599523.614 506290.361  15.6%   4.3 2470s
 1821182 1464919 595971.531  213   75 599523.614 506290.361  15.6%   4.3 2475s
 1822332 1465834 587861.184   63  110 599523.614 506297.517  15.6%   4.3 2480s
 1825647 1468501 546188.343   88  108 599523.614 506300.084  15.5%   4.4 2485s
 1828801 1470922 548365.870  109  102 599523.614 506304.022  15.5%   4.4 2490s
 1832704 1474411 581444.670  292   88 599523.614 506304.022  15.5%   4.4 2495s
 1836122 1476280 541268.536   97  107 599523.614 506308.773  15.5%   4.4 2500s
 1838581 1478335 558476.687  141  100 599523.614 506308.773  15.5%   4.3 2506s
 1840904 1480055 583036.097  192   90 599523.614 506308.773  15.5%   4.3 2510s
 1844120 1482483     cutoff  115      599523.614 506317.455  15.5%   4.3 2515s
 1848896 1485797     cutoff  124      599523.614 506318.804  15.5%   4.4 2520s
 1853352 1488549     cutoff   98      599523.614 506325.083  15.5%   4.4 2525s
 1856921 1491205     cutoff   74      599523.614 506328.980  15.5%   4.4 2532s
 1858430 1491713 568791.144  101   81 599523.614 506335.061  15.5%   4.4 2535s
 1861595 1493383 568281.343  104   87 599523.614 506346.451  15.5%   4.4 2540s
 1865851 1497365 598075.219   77   90 599523.614 506350.123  15.5%   4.4 2545s
 1869034 1498963 546477.413   74  111 599523.614 506359.204  15.5%   4.4 2550s
 1872776 1502066 586620.110  112   91 599523.614 506365.978  15.5%   4.4 2555s
 1874594 1503403 539385.468   80  110 599523.614 506368.474  15.5%   4.4 2560s
 1876978 1505161 562665.027  140   93 599523.614 506368.474  15.5%   4.4 2565s
 1879663 1507239 591933.743  187   76 599523.614 506368.474  15.5%   4.4 2570s
 1882792 1509471 594996.744  114   98 599523.614 506378.973  15.5%   4.4 2575s
 1885547 1510354     cutoff  372      599523.614 506386.957  15.5%   4.4 2580s
 1889192 1512676     cutoff  100      599523.614 506394.720  15.5%   4.4 2585s
 1893538 1516072     cutoff   92      599523.614 506398.444  15.5%   4.4 2592s
 1895217 1516907 546454.569  112   98 599523.614 506402.346  15.5%   4.4 2595s
 1899522 1520867     cutoff  460      599523.614 506404.898  15.5%   4.4 2600s
 1902506 1522862 572815.397  201   90 599523.614 506407.241  15.5%   4.4 2605s
 1905903 1525016 541996.107   77  108 599523.614 506415.604  15.5%   4.4 2610s
 1909528 1527934     cutoff  117      599523.614 506418.400  15.5%   4.4 2615s
 1911510 1529704 596318.640  116   96 599523.614 506419.675  15.5%   4.4 2620s
 1914086 1531740 557324.817  152   90 599523.614 506421.212  15.5%   4.4 2625s
 1918071 1534242     cutoff  191      599523.614 506426.299  15.5%   4.4 2630s
 1921879 1537070 558010.217  119  100 599523.614 506428.091  15.5%   4.4 2635s
 1926102 1539955 544778.737  103  104 599523.614 506435.788  15.5%   4.4 2640s
 1927859 1541787 559918.771  129   97 599523.614 506435.788  15.5%   4.4 2645s
 1931957 1544828 592113.687  188   87 599523.614 506435.788  15.5%   4.4 2650s
 1936412 1547731 594007.076  118   90 599523.614 506448.163  15.5%   4.4 2655s
 1940800 1551917 571064.415  148   85 599523.614 506451.824  15.5%   4.4 2660s
 1944028 1554265 582098.816   63  113 599523.614 506453.044  15.5%   4.4 2666s
 1946520 1555684 592035.497  116   82 599523.614 506454.880  15.5%   4.4 2670s
 1949509 1558802 561397.074  128   97 599523.614 506455.470  15.5%   4.4 2675s
 1953482 1561661 554196.554   89  101 599523.614 506457.913  15.5%   4.4 2680s
 1956004 1563131     cutoff  124      599523.614 506459.181  15.5%   4.4 2685s
 1959523 1565994 597169.307  151   81 599523.614 506464.109  15.5%   4.4 2690s
 1961416 1567419 583008.758  125   73 599523.614 506464.109  15.5%   4.4 2695s
 1964589 1569708 538893.511   90   96 599523.614 506470.596  15.5%   4.4 2700s
 1968904 1573079     cutoff  113      599523.614 506471.914  15.5%   4.4 2705s
 1974155 1576966     cutoff  319      599523.614 506475.210  15.5%   4.4 2710s
 1976562 1578679 547849.211  108  104 599523.614 506477.842  15.5%   4.4 2715s
 1980595 1582686 569908.007  151   89 599523.614 506477.842  15.5%   4.4 2720s
 1983793 1585082 591602.236  192   73 599523.614 506477.842  15.5%   4.4 2725s
 1986992 1587607 547731.866  101   98 599523.614 506487.764  15.5%   4.4 2730s
 1989921 1590517 577200.008  185   90 599523.614 506487.764  15.5%   4.4 2735s
 1992975 1591975 596400.712   79   89 599523.614 506492.248  15.5%   4.4 2740s
 1996461 1595068 568365.045  134   88 599523.614 506494.609  15.5%   4.4 2745s
 1999543 1595991     cutoff   92      599523.614 506498.250  15.5%   4.4 2750s
 2001648 1596751     cutoff   76      599523.614 506501.941  15.5%   4.4 2755s
 2005717 1599870 594613.292  430   75 599523.614 506503.315  15.5%   4.4 2760s
 2009623 1602314 596588.338   67  109 599523.614 506508.105  15.5%   4.4 2768s
 2011247 1603731 593329.417  159   93 599523.614 506510.754  15.5%   4.4 2770s
 2014473 1605907 552586.768   80   95 599523.614 506519.020  15.5%   4.4 2775s
 2018701 1608917 591796.212  102   88 599523.614 506525.586  15.5%   4.4 2780s
 2021431 1610013 555210.829   81  101 599523.614 506530.468  15.5%   4.4 2785s
 2026606 1614209     cutoff  115      599523.614 506531.588  15.5%   4.4 2792s
 2028269 1614954     cutoff   98      599523.614 506535.840  15.5%   4.4 2795s
 2031462 1615763     cutoff  121      599523.614 506540.408  15.5%   4.4 2800s
 2036209 1619777 557203.740  139  102 599523.614 506545.220  15.5%   4.4 2805s
 2042138 1623617 590081.001  247   87 599523.614 506546.782  15.5%   4.4 2810s
 2044920 1625618 593966.218  102   94 599523.614 506552.150  15.5%   4.4 2815s
 2048891 1628402 598730.956  199   84 599523.614 506555.791  15.5%   4.4 2820s
H2051897 1630134                    599519.47809 506560.452  15.5%   4.4 2823s
 2053119 1631131 598242.627  143   91 599519.478 506563.807  15.5%   4.4 2825s
 2056423 1634116 551395.868  119  104 599519.478 506567.892  15.5%   4.4 2830s
 2060313 1637495 580832.583  199   92 599519.478 506567.892  15.5%   4.4 2835s
 2062287 1638760     cutoff  241      599519.478 506572.669  15.5%   4.4 2840s
 2064434 1639703     cutoff   96      599519.478 506578.476  15.5%   4.4 2845s
 2067189 1641388     cutoff  140      599519.478 506580.799  15.5%   4.4 2850s
 2070771 1643513 588376.487   98  100 599519.478 506587.190  15.5%   4.4 2855s
 2074920 1646556 593349.099  111   65 599519.478 506588.054  15.5%   4.4 2860s
 2077903 1648553 593063.563  114   88 599519.478 506591.981  15.5%   4.4 2865s
 2080451 1650928 586301.656  236   89 599519.478 506592.996  15.5%   4.4 2871s
 2082886 1652265 555717.191  116  101 599519.478 506597.280  15.5%   4.4 2875s
 2085890 1654585 583739.263  220   85 599519.478 506597.280  15.5%   4.4 2880s
 2089042 1656301     cutoff  292      599519.478 506604.408  15.5%   4.4 2885s
 2092047 1658108 589527.293   76  111 599519.478 506609.525  15.5%   4.4 2890s
 2095788 1661274     cutoff   86      599519.478 506618.672  15.5%   4.4 2895s
 2097997 1663013 567573.644  184   93 599519.478 506618.672  15.5%   4.4 2900s
 2100695 1664940 579912.430   90   93 599519.478 506622.769  15.5%   4.4 2905s
 2104147 1667301 584266.532   72  112 599519.478 506630.360  15.5%   4.4 2910s
 2108159 1670901 562299.671  130   88 599519.478 506633.749  15.5%   4.4 2915s
H2111137 1672903                    599518.39322 506633.749  15.5%   4.4 2919s
 2111337 1672904 599485.659  199   84 599518.393 506633.749  15.5%   4.4 2920s
 2113302 1673432     cutoff   69      599518.393 506640.260  15.5%   4.4 2925s
 2115510 1675455 573779.572  199   96 599518.393 506645.095  15.5%   4.4 2930s
 2119579 1679080 588975.730  104   98 599518.393 506645.877  15.5%   4.4 2935s
 2124489 1682571 577366.912  208   72 599518.393 506649.329  15.5%   4.4 2940s
 2128596 1685271 567659.068  164   91 599518.393 506659.033  15.5%   4.4 2945s
 2131210 1687006 580704.355  118   90 599518.393 506666.945  15.5%   4.4 2950s
 2135800 1691642 577657.850  208   87 599518.393 506667.779  15.5%   4.4 2955s
 2139417 1694510 595453.382  144   86 599518.393 506670.464  15.5%   4.4 2960s
 2141615 1695853 588224.798  245   85 599518.393 506671.830  15.5%   4.4 2965s
 2144976 1698592 585976.659   71  112 599518.393 506674.365  15.5%   4.4 2972s
 2147160 1700350     cutoff   85      599518.393 506675.345  15.5%   4.4 2975s
 2149969 1701296 539753.038   71  104 599518.393 506677.264  15.5%   4.4 2980s
 2153415 1703337 577771.402  100   92 599518.393 506678.248  15.5%   4.4 2985s
 2155946 1703921 597036.847  117   91 599518.393 506691.052  15.5%   4.4 2990s
 2159336 1706270 590192.151   86   95 599518.393 506696.204  15.5%   4.4 2995s
 2163199 1710034 583794.286  184   91 599518.393 506698.057  15.5%   4.4 3002s
 2165334 1711175 540260.690   73  107 599518.393 506701.746  15.5%   4.4 3005s
 2168919 1713807     cutoff  108      599518.393 506708.276  15.5%   4.4 3010s
 2171688 1716500 565552.883  197   83 599518.393 506709.309  15.5%   4.4 3015s
 2175109 1718878     cutoff   95      599518.393 506711.143  15.5%   4.4 3020s
 2178586 1721985 553488.374  127  103 599518.393 506717.055  15.5%   4.4 3025s
 2182104 1725313 574781.625  181   85 599518.393 506717.055  15.5%   4.4 3030s
 2185871 1727625     cutoff  136      599518.393 506721.629  15.5%   4.4 3035s
 2189191 1730239 568810.904  140   79 599518.393 506725.144  15.5%   4.4 3040s
 2193745 1734163     cutoff   97      599518.393 506729.632  15.5%   4.4 3045s
 2196031 1735676 596199.268  129  100 599518.393 506734.989  15.5%   4.4 3050s
 2199001 1737506 547433.397  105  104 599518.393 506738.245  15.5%   4.4 3055s
 2203063 1740826     cutoff  307      599518.393 506744.465  15.5%   4.4 3060s
 2206405 1743095 572109.112  121   85 599518.393 506748.768  15.5%   4.4 3065s
 2208674 1744684 595265.493   84  102 599518.393 506756.979  15.5%   4.4 3070s
 2212124 1746691     cutoff  126      599518.393 506757.255  15.5%   4.4 3075s
 2214312 1748109 547088.829  120  103 599518.393 506760.146  15.5%   4.4 3080s
 2217583 1750529 583586.309  186   75 599518.393 506760.146  15.5%   4.4 3085s
 2220970 1752972 551615.278   85  105 599518.393 506769.335  15.5%   4.4 3090s
 2225197 1755968     cutoff  114      599518.393 506770.111  15.5%   4.4 3095s
 2228880 1758112     cutoff  255      599518.393 506779.672  15.5%   4.4 3100s
H2230070 1758579                    599478.31572 506782.246  15.5%   4.4 3102s
H2230148 1748114                    598402.29288 506782.246  15.3%   4.4 3103s
 2230954 1748961 582487.547  246   91 598402.293 506782.722  15.3%   4.4 3105s
 2233902 1750089 555609.603  101   98 598402.293 506788.002  15.3%   4.4 3111s
 2237093 1752651 585738.473  285   82 598402.293 506788.002  15.3%   4.4 3115s
 2240690 1755046     cutoff   64      598402.293 506799.740  15.3%   4.4 3120s
 2243605 1757406 582408.972  265   91 598402.293 506799.997  15.3%   4.4 3125s
 2247139 1759019     cutoff  101      598402.293 506808.550  15.3%   4.4 3130s
 2249997 1761121     cutoff  131      598402.293 506814.300  15.3%   4.4 3135s
 2253181 1762331 542628.112  100  101 598402.293 506816.138  15.3%   4.4 3140s
 2256736 1765423 587865.701  276   78 598402.293 506816.138  15.3%   4.4 3145s
 2261104 1768252 588255.235  171   80 598402.293 506819.821  15.3%   4.4 3150s
 2265233 1771121 567642.303  151   99 598402.293 506828.266  15.3%   4.4 3155s
 2268649 1773953 587954.811  202   80 598402.293 506828.266  15.3%   4.4 3160s
 2273372 1777716 548790.896  136  103 598402.293 506833.743  15.3%   4.4 3165s
 2277647 1782103 584727.694  279   90 598402.293 506833.743  15.3%   4.4 3170s
 2280663 1784251 572927.525  207   96 598402.293 506834.320  15.3%   4.4 3175s
 2282624 1784775     cutoff  143      598402.293 506836.348  15.3%   4.4 3180s
 2286457 1786260 551481.829   81   99 598402.293 506848.722  15.3%   4.4 3185s
 2289869 1787947     cutoff  133      598402.293 506852.432  15.3%   4.4 3190s
 2294056 1790036 597767.841  112   91 598402.293 506857.479  15.3%   4.4 3195s
 2298801 1793437     cutoff  106      598402.293 506861.400  15.3%   4.4 3200s
 2303106 1797634 575279.661  238   90 598402.293 506863.896  15.3%   4.4 3205s
 2306255 1799665     cutoff  155      598402.293 506865.342  15.3%   4.4 3210s
 2309224 1801086 566730.178  190   95 598402.293 506870.612  15.3%   4.4 3215s
 2312067 1802326 543534.154  106  103 598402.293 506873.540  15.3%   4.4 3220s
 2315849 1805213 587136.209  184   70 598402.293 506873.540  15.3%   4.4 3225s
 2318336 1806439 541664.241   89  108 598402.293 506886.194  15.3%   4.4 3230s
 2320904 1809409 554819.876  130  102 598402.293 506886.194  15.3%   4.4 3236s
 2324607 1812483 579876.649  275   85 598402.293 506886.194  15.3%   4.4 3240s
 2328194 1814632 590831.765  120   84 598402.293 506894.155  15.3%   4.4 3245s
 2331428 1816587     cutoff  118      598402.293 506894.941  15.3%   4.4 3250s
 2334265 1817741     cutoff  106      598402.293 506906.726  15.3%   4.4 3255s
 2339521 1822395 565295.618  149   97 598402.293 506910.103  15.3%   4.4 3262s
 2341995 1824673 589564.163  196   73 598402.293 506910.103  15.3%   4.4 3265s
 2345080 1826448 552626.180  119   93 598402.293 506917.900  15.3%   4.4 3270s
 2348939 1829364 592663.782  141   87 598402.293 506923.284  15.3%   4.4 3275s
 2352483 1831918 585601.148  221   87 598402.293 506923.513  15.3%   4.4 3280s
 2354327 1832842 587633.459   73  111 598402.293 506927.245  15.3%   4.4 3286s
 2356395 1834086 594248.761   90  108 598402.293 506929.862  15.3%   4.4 3290s
 2359459 1835733 597406.820  104   89 598402.293 506933.632  15.3%   4.4 3295s
 2364266 1839911 598327.820  151   85 598402.293 506938.585  15.3%   4.4 3300s
 2367849 1842618 556196.842  120  100 598402.293 506942.807  15.3%   4.4 3305s
 2370801 1845634 574717.683  161   91 598402.293 506942.807  15.3%   4.4 3310s
 2375114 1848479 596246.544   99   87 598402.293 506943.717  15.3%   4.4 3315s
 2377819 1849754 550661.252  123   93 598402.293 506946.426  15.3%   4.4 3320s
 2381981 1853208 586110.448  165   80 598402.293 506946.426  15.3%   4.4 3325s
 2384938 1854356 589671.795  101   87 598402.293 506954.265  15.3%   4.4 3330s
 2387329 1855056 infeasible  119      598402.293 506961.647  15.3%   4.4 3335s
 2390322 1856829 552265.833  119   98 598402.293 506964.949  15.3%   4.4 3340s
 2392742 1858709 593090.701  324   80 598402.293 506964.949  15.3%   4.4 3345s
 2395895 1860842 575253.038  169   91 598402.293 506970.482  15.3%   4.4 3350s
 2398993 1862355 581397.563  163   94 598402.293 506977.424  15.3%   4.4 3355s
 2401945 1863683 549274.837  103  108 598402.293 506981.448  15.3%   4.4 3360s
 2405986 1867413 581640.388  389   87 598402.293 506981.448  15.3%   4.4 3365s
 2409276 1869526 560379.248  125   96 598402.293 506987.425  15.3%   4.4 3370s
 2411390 1871695 579344.732  231   86 598402.293 506987.425  15.3%   4.4 3375s
 2414681 1873348 545591.882   69  108 598402.293 506989.792  15.3%   4.4 3380s
 2416904 1874336 539557.625   79  110 598402.293 506996.689  15.3%   4.4 3385s
 2421188 1878781 568410.853  160   95 598402.293 506996.689  15.3%   4.4 3390s
 2425561 1881637 596202.377  111   77 598402.293 507000.595  15.3%   4.4 3395s
 2427540 1883168 594746.028  161   87 598402.293 507008.062  15.3%   4.4 3400s
 2431507 1886462 587368.763   93   82 598402.293 507010.478  15.3%   4.4 3405s
 2434755 1888977 561694.842  151   99 598402.293 507011.791  15.3%   4.4 3410s
 2439095 1892156 546607.165  102  104 598402.293 507020.004  15.3%   4.4 3415s
 2442035 1895320 575233.249  171   94 598402.293 507020.004  15.3%   4.4 3420s
 2446204 1898691     cutoff   91      598402.293 507020.326  15.3%   4.4 3425s
 2449409 1900754 566155.164  140   88 598402.293 507022.271  15.3%   4.4 3430s
 2452747 1903227 593547.352  212   71 598402.293 507026.158  15.3%   4.4 3435s
 2456100 1905895 550555.188  107   92 598402.293 507029.925  15.3%   4.4 3440s
 2458073 1907375 557048.625   82   99 598402.293 507031.703  15.3%   4.4 3445s
 2461251 1909345 585991.298  260   85 598402.293 507037.807  15.3%   4.4 3450s
 2464181 1910495     cutoff  118      598402.293 507044.896  15.3%   4.4 3455s
 2467850 1913209 592279.030   95   84 598402.293 507046.688  15.3%   4.4 3460s
 2472024 1916259 592967.657  413   76 598402.293 507050.567  15.3%   4.4 3465s
 2474356 1917400     cutoff  102      598402.293 507058.126  15.3%   4.4 3470s
 2477927 1920219 596495.634   98   96 598402.293 507062.479  15.3%   4.4 3475s
 2482735 1924080 577317.757  213   90 598402.293 507064.122  15.3%   4.4 3480s
 2487828 1926856 553389.972  126  102 598402.293 507073.460  15.3%   4.4 3485s
 2491538 1930008 580750.034  182   86 598402.293 507073.460  15.3%   4.4 3490s
 2495054 1932120 593262.644  147   72 598402.293 507078.742  15.3%   4.4 3495s
 2497900 1933334 551592.035  117  108 598402.293 507086.994  15.3%   4.4 3500s
 2501399 1935976 566132.976  135  104 598402.293 507086.994  15.3%   4.4 3505s
 2504147 1938056 584809.188  195   95 598402.293 507086.994  15.3%   4.4 3510s
 2507969 1941162     cutoff   78      598402.293 507102.343  15.3%   4.4 3515s
 2510346 1942853 546319.665  101  107 598402.293 507104.062  15.3%   4.4 3520s
 2513708 1945271 574970.536  202   93 598402.293 507104.062  15.3%   4.4 3525s
 2516887 1947969 595129.823  239   64 598402.293 507104.062  15.3%   4.4 3530s
 2520114 1950651 595738.861   84   87 598402.293 507112.685  15.3%   4.4 3535s
 2524042 1953009 588780.788   79  107 598402.293 507122.789  15.3%   4.4 3540s
 2526576 1954441 587401.464   72  112 598402.293 507132.650  15.3%   4.4 3545s
 2530403 1957621 578748.299  169   67 598402.293 507133.790  15.3%   4.4 3550s
 2534221 1959647     cutoff   90      598402.293 507145.441  15.3%   4.4 3555s
 2536042 1960152     cutoff   91      598402.293 507149.645  15.2%   4.4 3560s
 2539731 1963065 593409.512   93   88 598402.293 507154.475  15.2%   4.4 3565s
 2543034 1965216 543709.547   84   99 598402.293 507156.901  15.2%   4.4 3570s
 2545573 1967326 585096.446  210   86 598402.293 507156.901  15.2%   4.4 3575s
 2548466 1968979     cutoff   99      598402.293 507162.072  15.2%   4.4 3580s
 2551556 1970961 588960.636   86  101 598402.293 507164.747  15.2%   4.4 3585s
 2555655 1973726 588732.038  136   88 598402.293 507174.561  15.2%   4.5 3590s
 2558674 1975528 595117.669  112   64 598402.293 507181.536  15.2%   4.5 3596s
 2562117 1978240     cutoff   76      598402.293 507183.257  15.2%   4.5 3600s

Cutting planes:
  Gomory: 19
  Implied bound: 7
  MIR: 8
  Flow cover: 58
  RLT: 42
  Relax-and-lift: 1

Explored 2562271 nodes (11411411 simplex iterations) in 3600.04 seconds (2384.94 work units)
Thread count was 2 (of 24 available processors)

Solution count 10: 598402 599478 599518 ... 599565

Time limit reached
Best objective 5.984022928773e+05, best bound 5.071832567798e+05, gap 15.2438%
