
Gurobi 11.0.3 (linux64, Java) logging started ter 12 nov 2024 14:55:25 -03

Set parameter Username
Academic license - for non-commercial use only - expires 2025-10-10
Set parameter NonConvex to value 2
Set parameter TimeLimit to value 3600
Set parameter LogToConsole to value 0
Set parameter MIPGap to value 2.4984374264171935e-07
Set parameter Threads to value 2
Set parameter NodefileDir to value "/home/ps12398/goal_programming/goalProgrammingMarcos/"
Set parameter NodefileStart to value 1
Gurobi Optimizer version 11.0.3 build v11.0.3rc0 (linux64)

CPU model: Intel(R) Xeon(R) CPU           X5650  @ 2.67GHz, instruction set [SSE2]
Thread count: 12 physical cores, 24 logical processors, using up to 2 threads

Optimize a model with 57891 rows, 39068 columns and 204713 nonzeros
Model fingerprint: 0xe2cc77fb
Model has 144 quadratic constraints
Variable types: 19466 continuous, 19602 integer (139 binary)
Coefficient statistics:
  Matrix range     [7e-03, 6e+05]
  QMatrix range    [7e-03, 2e+04]
  QLMatrix range   [1e+00, 2e+04]
  Objective range  [5e+00, 8e+06]
  Bounds range     [1e+00, 1e+08]
  RHS range        [1e+00, 6e+05]
Presolve removed 57628 rows and 38425 columns
Presolve time: 0.13s
Presolved: 780 rows, 810 columns, 12674 nonzeros
Presolved model has 2 SOS constraint(s)
Presolved model has 139 bilinear constraint(s)

Solving non-convex MIQCP

Variable types: 433 continuous, 377 integer (141 binary)
Found heuristic solution: objective 2109187.5694

Root relaxation: objective 1.319852e+04, 223 iterations, 0.01 seconds (0.01 work units)

    Nodes    |    Current Node    |     Objective Bounds      |     Work
 Expl Unexpl |  Obj  Depth IntInf | Incumbent    BestBd   Gap | It/Node Time

     0     0 13198.5217    0  148 2109187.57 13198.5217  99.4%     -    0s
H    0     0                    1166888.8274 13198.5217  98.9%     -    0s
     0     0 284709.250    0  143 1166888.83 284709.250  75.6%     -    0s
H    0     0                    709881.01367 291264.794  59.0%     -    0s
     0     0 292287.282    0  140 709881.014 292287.282  58.8%     -    0s
     0     0 299393.732    0  138 709881.014 299393.732  57.8%     -    0s
H    0     0                    649055.29640 302962.861  53.3%     -    0s
     0     0 308002.804    0  139 649055.296 308002.804  52.5%     -    0s
     0     0 317367.342    0  137 649055.296 317367.342  51.1%     -    0s
     0     0 318388.234    0  141 649055.296 318388.234  50.9%     -    0s
     0     0 318693.918    0  140 649055.296 318693.918  50.9%     -    0s
H    0     0                    606521.02824 318763.084  47.4%     -    0s
     0     0 318817.981    0  143 606521.028 318817.981  47.4%     -    0s
     0     0 319073.228    0  137 606521.028 319073.228  47.4%     -    1s
H    0     0                    600879.69543 319167.152  46.9%     -    1s
     0     0 319167.152    0  142 600879.695 319167.152  46.9%     -    1s
     0     0 319167.152    0  142 600879.695 319167.152  46.9%     -    1s
     0     0 319168.489    0  141 600879.695 319168.489  46.9%     -    1s
     0     2 319197.391    0  141 600879.695 319197.391  46.9%     -    1s
H  150   159                    597903.35426 321338.751  46.3%   4.0    1s
H  257   274                    587197.37794 321338.751  45.3%   3.2    1s
H  473   490                    579315.66284 321338.751  44.5%   2.6    1s
H  486   490                    571413.21705 321338.751  43.8%   2.5    1s
H 1217  1232                    564967.19645 321338.751  43.1%   2.9    2s
  2298  2232 537871.727  638   79 564967.196 374849.030  33.7%   3.1    5s
  2366  2279 475840.158  260   75 564967.196 386407.380  31.6%   3.7   10s
  2530  2397 465374.314   92  101 564967.196 419957.285  25.7%   4.8   15s
H 2652  2378                    563669.30719 419957.285  25.5%   4.6   15s
H 2845  2390                    557765.21971 419957.285  24.7%   4.4   16s
H 3001  2375                    550179.71998 419957.285  23.7%   4.3   16s
H 3707  2737                    539365.27863 419957.285  22.1%   4.5   17s
H 4220  2954                    538101.76438 422912.481  21.4%   4.4   17s
H 4511  3090                    538076.59817 422912.481  21.4%   4.5   18s
H 4631  3085                    537419.70923 422912.481  21.3%   4.5   18s
  5849  3949 505618.153  247   93 537419.709 428909.132  20.2%   4.9   20s
H 8591  5658                    535658.95986 436122.556  18.6%   4.9   22s
* 8873  5863             591    535657.91009 436122.556  18.6%   4.8   23s
 10053  7099 474228.001  126   92 535657.910 438031.112  18.2%   5.0   25s
 14025 10418 466366.977   83   99 535657.910 446016.331  16.7%   5.1   30s
 16903 12774 481736.494  114   99 535657.910 447009.881  16.5%   5.2   35s
H18843 14191                    535647.75417 447903.677  16.4%   5.3   37s
H19282 14612                    535647.70032 448174.252  16.3%   5.3   38s
H20378 15458                    535641.84371 448382.934  16.3%   5.3   40s
H21338 16113                    535630.74717 448483.746  16.3%   5.4   41s
H22699 17201                    535630.69355 449540.111  16.1%   5.5   43s
H23506 17836                    535604.05880 449897.692  16.0%   5.5   44s
 23779 18121 492391.604  108   98 535604.059 450244.908  15.9%   5.4   45s
H25331 19238                    535604.00002 450432.133  15.9%   5.4   47s
H26474 20073                    535348.26654 450703.956  15.8%   5.4   48s
 27553 21067 505671.156  117   98 535348.267 450816.313  15.8%   5.3   50s
H27665 21067                    535344.57732 450816.313  15.8%   5.3   50s
H29123 22261                    535344.48065 451374.271  15.7%   5.3   52s
H29972 22706                    535319.29716 451621.713  15.6%   5.3   53s
H30309 23012                    535228.78229 451789.084  15.6%   5.3   53s
 31310 23754     cutoff   86      535228.782 451943.017  15.6%   5.3   55s
H32665 24912                    535228.73552 452246.087  15.5%   5.2   56s
 35088 26792 498508.950  256   95 535228.736 452390.613  15.5%   5.2   60s
 38960 29794 510393.997  208   91 535228.736 452921.986  15.4%   5.1   65s
 42508 32166 520909.372   86   93 535228.736 453549.809  15.3%   5.2   70s
 45524 34260 477353.897   83   99 535228.736 454184.996  15.1%   5.2   75s
 49242 37184 499226.704   86   96 535228.736 454288.648  15.1%   5.2   80s
 53289 40367     cutoff  149      535228.736 454482.282  15.1%   5.1   85s
 56841 43565 512659.998  188   92 535228.736 454571.909  15.1%   5.0   90s
 60789 46568 525797.968  142   86 535228.736 454644.452  15.1%   5.0   95s
 64852 50022 521106.329  346   75 535228.736 454708.863  15.0%   5.0  100s
 70372 54431 532854.141  157   91 535228.736 454830.260  15.0%   5.1  105s
 76142 58911 470620.863   94   98 535228.736 455035.233  15.0%   5.0  110s
 82248 63803 534715.350  223   86 535228.736 455130.119  15.0%   5.0  115s
 88357 68774 507416.025  259   84 535228.736 455174.519  15.0%   5.0  120s
H91669 71018                    533554.08789 455215.128  14.7%   5.1  122s
H91931 70907                    532590.72796 455223.839  14.5%   5.1  123s
H92131 70980                    532590.71952 455240.677  14.5%   5.1  123s
 93185 71870 520602.658  318   83 532590.720 455261.972  14.5%   5.0  125s
 97058 74998     cutoff  179      532590.720 455304.136  14.5%   5.0  130s
 100816 77762     cutoff  214      532590.720 455380.619  14.5%   5.0  135s
 104073 80612 521512.744  231   91 532590.720 455402.287  14.5%   5.1  140s
H104955 81143                    532581.71785 455408.986  14.5%   5.1  141s
H104964 81141                    532576.05138 455408.986  14.5%   5.1  141s
H104976 81095                    532489.48923 455408.986  14.5%   5.1  141s
 108069 83754 462818.290  106   96 532489.489 455420.118  14.5%   5.1  145s
 113992 88565 510740.720  330   86 532489.489 455452.303  14.5%   5.1  150s
H117773 91745                    532475.82713 455468.981  14.5%   5.1  153s
H117979 91743                    532474.82598 455468.981  14.5%   5.1  153s
H118095 91922                    532432.89103 455468.981  14.5%   5.1  153s
 120031 93266     cutoff  142      532432.891 455483.022  14.5%   5.1  155s
 126149 98676 522570.992  297   81 532432.891 455497.678  14.4%   5.1  160s
 132276 103917     cutoff  199      532432.891 455518.407  14.4%   5.1  165s
 136986 107508 525439.494  152   91 532432.891 455538.861  14.4%   5.1  170s
 141410 111567 530496.369  223   81 532432.891 455550.416  14.4%   5.1  175s
 145674 115062 482874.648   87   95 532432.891 455566.356  14.4%   5.1  180s
 149860 118215 468935.722  110   99 532432.891 455597.481  14.4%   5.1  185s
 154606 122232 524413.090  205   93 532432.891 455620.661  14.4%   5.1  190s
 160804 127271 490223.691  150   91 532432.891 455643.176  14.4%   5.1  195s
 165612 130903 476951.430  134  100 532432.891 455670.948  14.4%   5.1  200s
 169563 134362 474193.801  132   97 532432.891 455685.188  14.4%   5.0  205s
 173754 137502     cutoff  171      532432.891 455711.293  14.4%   5.0  210s
 178142 141424 496742.830  214   96 532432.891 455730.696  14.4%   5.0  215s
 182483 144900 495892.439  145   90 532432.891 455748.349  14.4%   5.0  220s
 186213 147943 456446.365   82  104 532432.891 455763.139  14.4%   5.0  225s
 190244 151094 460316.254   82  102 532432.891 455781.712  14.4%   5.0  230s
 194596 154490     cutoff  161      532432.891 455802.762  14.4%   5.0  235s
 198183 157477 455972.335   78  100 532432.891 455815.552  14.4%   5.0  240s
 201933 160504 525007.371  245   77 532432.891 455821.541  14.4%   4.9  245s
 205524 163240 481066.723  159   99 532432.891 455835.653  14.4%   4.9  250s
 209599 166328 517307.131  216   89 532432.891 455851.765  14.4%   4.9  255s
 213230 169233 530551.825  159   89 532432.891 455863.364  14.4%   4.9  260s
 217175 172355 530917.682  167   89 532432.891 455869.852  14.4%   5.0  265s
 221067 175527 494395.147  221   89 532432.891 455880.233  14.4%   5.0  270s
 224436 178252 509960.800  311   84 532432.891 455889.886  14.4%   5.0  275s
 228151 181192 513517.220  311   86 532432.891 455896.641  14.4%   5.0  280s
 232043 184243     cutoff  147      532432.891 455905.437  14.4%   5.0  285s
 236113 187720 457803.975   99  102 532432.891 455912.669  14.4%   5.0  290s
 240015 190895     cutoff  134      532432.891 455919.529  14.4%   5.0  295s
 244203 194563 480552.621  136   97 532432.891 455927.641  14.4%   5.0  300s
 248234 197791 484666.063  144   99 532432.891 455938.961  14.4%   5.0  305s
 251521 200434 464976.822  102  101 532432.891 455951.714  14.4%   5.0  310s
 255087 203144 522325.823  136   88 532432.891 455960.350  14.4%   5.0  315s
 259150 206464 527421.222  166   83 532432.891 455971.921  14.4%   5.0  320s
 262864 209333 461539.345   71  101 532432.891 455984.611  14.4%   5.0  325s
 266903 212895 479689.983  210   95 532432.891 455999.275  14.4%   5.0  330s
 270772 215962 507071.205  216   89 532432.891 456010.070  14.4%   5.0  335s
 274967 219291     cutoff  168      532432.891 456023.583  14.4%   5.0  340s
 278384 221989 524639.206  242   77 532432.891 456035.790  14.3%   5.0  345s
 281941 224471 483790.067  103   93 532432.891 456053.662  14.3%   5.0  350s
 285751 227679 470146.071  125   99 532432.891 456068.027  14.3%   5.0  355s
 289640 230758 515893.924  287   84 532432.891 456077.616  14.3%   5.0  360s
 293393 233700 530343.224  289   90 532432.891 456094.963  14.3%   5.0  365s
 297243 236856 476898.182  256   98 532432.891 456107.699  14.3%   5.0  370s
 300963 239577 511815.444  176   86 532432.891 456124.474  14.3%   5.0  375s
 304648 242698 517867.292  115   89 532432.891 456139.989  14.3%   5.0  380s
 308735 246102     cutoff  134      532432.891 456150.004  14.3%   5.0  385s
 312482 249031 517599.637  179   85 532432.891 456161.564  14.3%   5.0  390s
 316653 252678 511810.126  332   88 532432.891 456178.096  14.3%   5.0  395s
 320518 255658 491936.603  168   98 532432.891 456193.385  14.3%   5.0  400s
 324254 258866 510115.613  178   82 532432.891 456202.734  14.3%   5.0  405s
 328034 261935 491406.854  155   99 532432.891 456209.207  14.3%   5.0  410s
 332516 265620 505355.428  143   95 532432.891 456218.055  14.3%   5.0  415s
 335496 268178 473194.005  123  101 532432.891 456223.985  14.3%   5.0  420s
 339417 271157 516797.686  292   91 532432.891 456242.012  14.3%   5.0  425s
 343401 274294 488151.063  161   97 532432.891 456259.192  14.3%   5.0  430s
 347470 277751 512937.643  230   84 532432.891 456269.134  14.3%   5.0  435s
 351243 280788 508387.171  216   88 532432.891 456277.655  14.3%   5.0  440s
 355099 283861 473734.825  121   95 532432.891 456286.503  14.3%   5.0  445s
 359312 287297     cutoff  135      532432.891 456293.458  14.3%   5.0  450s
 362756 289844 470402.508  111   98 532432.891 456302.387  14.3%   5.0  455s
 366822 293217 515023.653  114   91 532432.891 456312.977  14.3%   5.0  460s
 370390 296101 461549.892   87  103 532432.891 456328.917  14.3%   5.0  465s
 373680 298684 475538.606  146   99 532432.891 456342.992  14.3%   5.0  470s
 377821 302091 522599.729  216   82 532432.891 456351.620  14.3%   5.0  475s
 381691 305091 478914.277  126   96 532432.891 456365.302  14.3%   5.0  480s
 385739 308463 461887.896  111  100 532432.891 456375.621  14.3%   5.0  485s
 389732 311666 474981.405  125  100 532432.891 456389.495  14.3%   5.0  490s
 393487 314737 507231.318  309   93 532432.891 456405.385  14.3%   5.0  495s
 397793 318184 476491.788  110   99 532432.891 456421.817  14.3%   5.0  500s
 401755 321392 513651.233  324   75 532432.891 456442.788  14.3%   5.0  505s
 405958 324907 499040.065  264   91 532432.891 456452.124  14.3%   5.0  510s
 410103 328414 493128.506  113   97 532432.891 456464.669  14.3%   5.0  515s
 413346 330946 474841.984  150   99 532432.891 456475.912  14.3%   5.0  520s
 417454 334299     cutoff  128      532432.891 456487.863  14.3%   5.0  525s
 421456 337461     cutoff  155      532432.891 456501.221  14.3%   5.0  530s
 425752 341050 485319.311  141   97 532432.891 456509.618  14.3%   5.0  535s
 429736 344398 483383.064   87   92 532432.891 456518.050  14.3%   5.0  540s
 433458 347228 484399.315  144   98 532432.891 456531.512  14.3%   5.0  545s
 437710 350664 522275.401  193   93 532432.891 456540.805  14.3%   5.0  550s
 441320 353123 524780.302  236   93 532432.891 456547.217  14.3%   5.0  555s
 444776 356089 531377.368  278   90 532432.891 456559.685  14.3%   4.9  560s
 448769 359172 467093.245   99   99 532432.891 456572.930  14.2%   4.9  565s
 452580 362139 532039.339  180   94 532432.891 456587.895  14.2%   4.9  570s
 456278 365032 478552.781  109   98 532432.891 456596.601  14.2%   4.9  575s
 460319 368219 478112.987  106   95 532432.891 456608.135  14.2%   4.9  580s
 464080 371171 518040.084  208   92 532432.891 456622.149  14.2%   4.9  585s
 467952 374273 509973.979  142   93 532432.891 456635.429  14.2%   4.9  590s
 471725 377266 531556.546  165   90 532432.891 456645.093  14.2%   4.9  595s
 475406 380116 509108.286  147   94 532432.891 456660.880  14.2%   4.9  600s
 478233 381893 530875.045  159   93 532432.891 456672.616  14.2%   4.9  605s
 481997 385063 513317.701  341   86 532432.891 456687.051  14.2%   4.9  610s
 486183 388475 480131.559   98   97 532432.891 456704.199  14.2%   4.9  615s
 490023 391744 525368.653  233   88 532432.891 456714.818  14.2%   4.9  620s
 494154 395043 522359.431  135   92 532432.891 456723.537  14.2%   4.9  625s
 498011 398117 472742.529  131   95 532432.891 456736.809  14.2%   4.9  630s
 501742 401279 530344.435  180   86 532432.891 456748.022  14.2%   4.9  635s
 505715 404526 458561.868   86  104 532432.891 456760.322  14.2%   4.9  640s
 509802 407829 466901.746  114   98 532432.891 456769.984  14.2%   4.9  645s
 513174 410778 494848.408  185   96 532432.891 456776.408  14.2%   4.9  650s
 516935 413865 488577.408  133   94 532432.891 456783.951  14.2%   4.9  655s
 520769 416727 528450.903  140   83 532432.891 456792.458  14.2%   4.9  660s
 524624 419850     cutoff  137      532432.891 456802.625  14.2%   4.9  665s
 528216 422456 458304.075   89  100 532432.891 456811.112  14.2%   4.9  670s
 532334 425913 486173.911  198   90 532432.891 456822.465  14.2%   4.9  675s
 536364 429048 477318.973  143   96 532432.891 456828.943  14.2%   4.9  680s
 540325 432224 508489.049  130   91 532432.891 456835.384  14.2%   4.9  685s
 544390 435583 492263.371  263   91 532432.891 456841.774  14.2%   4.9  690s
 548453 438819 459474.939   92  103 532432.891 456848.365  14.2%   4.9  695s
 551837 441755     cutoff  115      532432.891 456854.402  14.2%   4.9  700s
 555882 444952 525644.477  144   79 532432.891 456860.199  14.2%   4.9  705s
 559740 448106 461406.454   85  101 532432.891 456867.308  14.2%   4.9  710s
 563688 451358 487724.002  144   95 532432.891 456879.263  14.2%   4.9  715s
 567745 454685 510813.592  147   96 532432.891 456888.630  14.2%   4.9  720s
 571635 457758 464474.807  119  102 532432.891 456898.446  14.2%   4.9  725s
 574896 460344 462525.117  105  101 532432.891 456908.403  14.2%   4.9  730s
 578964 463699 460429.036  102  104 532432.891 456914.453  14.2%   4.9  735s
 583069 467048 529651.248  146   93 532432.891 456925.593  14.2%   4.9  740s
 587102 470161 483353.786  152   98 532432.891 456934.899  14.2%   4.9  745s
 591069 473396 511546.287  147   96 532432.891 456942.494  14.2%   4.9  750s
 595196 476764 522781.827  236   79 532432.891 456947.930  14.2%   4.9  755s
 598240 479077     cutoff  157      532432.891 456956.326  14.2%   4.9  760s
 601754 481904 497302.789  163   93 532432.891 456964.092  14.2%   4.9  765s
 605860 484967 457077.761   74  103 532432.891 456974.880  14.2%   4.9  770s
 609892 488253 482867.568  132   91 532432.891 456985.855  14.2%   4.9  775s
 613788 490792     cutoff  142      532432.891 456996.914  14.2%   4.9  780s
 618584 494738 462174.329   88   96 532432.891 457003.093  14.2%   4.9  785s
 622915 498466 471395.671  135   97 532432.891 457012.805  14.2%   4.9  790s
 627230 502119 469411.105  114   97 532432.891 457015.096  14.2%   4.9  795s
 631926 506022 521898.348  246   90 532432.891 457019.192  14.2%   4.9  800s
 635712 509158 480754.088  129   96 532432.891 457026.841  14.2%   4.9  805s
 639393 511982     cutoff  141      532432.891 457033.083  14.2%   4.9  810s
 643149 514615 513062.409  161   93 532432.891 457041.192  14.2%   4.9  815s
 647063 517730 509210.049  160   89 532432.891 457048.948  14.2%   4.9  820s
 650939 521043 509574.305  285   87 532432.891 457052.658  14.2%   4.9  825s
 654952 523975 525136.022  156   94 532432.891 457059.777  14.2%   4.9  830s
 658837 527198 481475.709  263   96 532432.891 457066.265  14.2%   4.9  835s
 662120 530037 513231.634  389   84 532432.891 457068.848  14.2%   4.9  840s
 666084 533203 487148.667  184   90 532432.891 457073.035  14.2%   4.9  845s
 670079 536402 527349.880  218   81 532432.891 457073.655  14.2%   4.9  850s
 674256 539761     cutoff  178      532432.891 457079.866  14.2%   4.9  855s
 678315 542688 462380.142   95   99 532432.891 457086.097  14.2%   4.9  860s
 682155 545562     cutoff  154      532432.891 457089.952  14.2%   4.9  865s
 686041 548556 467284.130  113   97 532432.891 457095.445  14.1%   4.9  870s
 690316 552129 474375.603  223   94 532432.891 457100.983  14.1%   4.9  875s
 694095 554960 522972.041  179   93 532432.891 457109.027  14.1%   4.9  880s
 697821 557860 529576.547  145   93 532432.891 457116.971  14.1%   4.9  885s
 701767 561374 516307.093  137   89 532432.891 457120.553  14.1%   4.9  890s
 705855 564316 504657.507  113   94 532432.891 457125.811  14.1%   4.9  895s
 709039 566814 493850.065  166   93 532432.891 457131.793  14.1%   4.9  900s
 712637 569328 477830.136  172   96 532432.891 457136.458  14.1%   4.9  905s
 716393 572409 505494.800  139   93 532432.891 457143.420  14.1%   4.9  910s
 720591 575967 523615.982  387   72 532432.891 457145.166  14.1%   4.9  915s
 724557 579169     cutoff  173      532432.891 457145.599  14.1%   4.9  920s
 728748 582549 498936.093  125   88 532432.891 457146.038  14.1%   4.9  925s
 732650 585603 515916.748  359  100 532432.891 457147.376  14.1%   4.9  930s
 736789 589101 457236.340   83  105 532432.891 457149.237  14.1%   4.9  935s
 739823 591575     cutoff  206      532432.891 457153.885  14.1%   4.9  940s
 743907 594897     cutoff  271      532432.891 457156.259  14.1%   4.9  945s
 747849 598181 461544.568   83  100 532432.891 457159.029  14.1%   4.9  950s
 752230 601640 490352.394  119   95 532432.891 457166.102  14.1%   4.9  955s
 755874 604561 475146.099  114  101 532432.891 457169.826  14.1%   4.9  960s
 759965 607685 531518.963  213   87 532432.891 457172.404  14.1%   4.9  965s
 763867 610798 485189.191  112   97 532432.891 457178.781  14.1%   4.9  970s
 767768 613919 514119.627  390   80 532432.891 457183.383  14.1%   4.9  975s
 771905 617302 470091.972   92   98 532432.891 457188.206  14.1%   4.9  980s
H774831 596841                    527189.47270 457189.512  13.3%   4.9  984s
 775048 597155 498711.726   98   93 527189.473 457189.609  13.3%   4.9  985s
H775279 597362                    527189.11903 457189.755  13.3%   4.9  985s
H775980 597960                    527189.10669 457190.369  13.3%   4.9  986s
 778658 599942 513906.842  162   90 527189.107 457193.520  13.3%   4.9  990s
 782141 602712 509816.763  150   93 527189.107 457197.654  13.3%   4.9  995s
 786108 605924 505397.960  138   93 527189.107 457200.736  13.3%   4.9 1000s
H788766 607256                    527096.65853 457203.695  13.3%   4.9 1003s
H788773 601930                    526408.86281 457204.032  13.1%   4.9 1004s
H788851 595247                    525566.60325 457204.131  13.0%   4.9 1004s
 789525 595993 491322.006  106   94 525566.603 457204.311  13.0%   4.9 1005s
H789653 595683                    525521.96530 457204.311  13.0%   4.9 1005s
 793193 598626 507453.909  257   90 525521.965 457208.787  13.0%   4.9 1010s
 796466 601154     cutoff  144      525521.965 457214.229  13.0%   4.9 1015s
 800280 604300     cutoff  157      525521.965 457217.354  13.0%   4.9 1020s
 804153 607493 503977.654  209   82 525521.965 457217.898  13.0%   4.9 1025s
 808474 610678     cutoff  185      525521.965 457218.489  13.0%   4.8 1030s
 812369 613796 498125.914   97   90 525521.965 457218.706  13.0%   4.8 1035s
 816448 617140 521823.879  199   88 525521.965 457219.408  13.0%   4.8 1040s
 820326 620221 489635.353  150   91 525521.965 457220.432  13.0%   4.8 1045s
 824212 623641 466605.781  123   97 525521.965 457222.808  13.0%   4.8 1050s
 828406 626713 485912.975  113   89 525521.965 457226.437  13.0%   4.8 1055s
 831917 629795 475945.910  171   95 525521.965 457227.147  13.0%   4.8 1060s
 836020 632967     cutoff  158      525521.965 457228.087  13.0%   4.8 1065s
 839998 635980     cutoff  237      525521.965 457228.496  13.0%   4.8 1070s
 843848 639195     cutoff  151      525521.965 457229.036  13.0%   4.8 1075s
 848079 642749 522098.809  160   83 525521.965 457229.663  13.0%   4.8 1080s
 851977 645646 507509.195  139   95 525521.965 457229.993  13.0%   4.8 1085s
 855878 648735     cutoff  133      525521.965 457231.218  13.0%   4.8 1090s
 859936 652072 461246.282   89   95 525521.965 457237.204  13.0%   4.8 1095s
 863860 655089 504867.533  170   89 525521.965 457241.187  13.0%   4.8 1100s
 867679 658099 517041.237  179   94 525521.965 457245.244  13.0%   4.8 1105s
 871675 661233 480407.840  111   97 525521.965 457248.237  13.0%   4.8 1110s
 875696 664474 458807.441   80   98 525521.965 457251.483  13.0%   4.8 1115s
 879035 667217 522988.339  281   87 525521.965 457253.263  13.0%   4.8 1120s
 883013 670382     cutoff  153      525521.965 457256.984  13.0%   4.8 1125s
 887079 673406 514880.811  125   87 525521.965 457260.668  13.0%   4.8 1130s
 890876 676302     cutoff  175      525521.965 457262.647  13.0%   4.8 1135s
 894962 679567     cutoff  178      525521.965 457266.542  13.0%   4.8 1140s
 898905 682368 476177.732  102   98 525521.965 457269.112  13.0%   4.8 1145s
 902069 685231 494438.248  219   89 525521.965 457271.504  13.0%   4.8 1150s
 906028 688095 483389.723   91  100 525521.965 457275.824  13.0%   4.8 1155s
 910097 691116 484536.808  144   94 525521.965 457279.874  13.0%   4.8 1160s
 913999 694018     cutoff  147      525521.965 457282.356  13.0%   4.8 1165s
 917904 697275 495209.509  189   97 525521.965 457284.615  13.0%   4.8 1170s
 921945 700338 476276.790  100   97 525521.965 457287.579  13.0%   4.8 1175s
 925604 703339 494997.773  176   86 525521.965 457289.989  13.0%   4.8 1180s
 929899 706703 523865.147  195   96 525521.965 457290.985  13.0%   4.8 1185s
 933864 709774 469879.645   91   95 525521.965 457292.225  13.0%   4.8 1190s
Created node file directory '/home/ps12398/goal_programming/goalProgrammingMarcos//grbnodes3'
 935430 710907 522896.895  188   90 525521.965 457292.514  13.0%   4.8 1195s
 939184 713784 496309.512  158   85 525521.965 457292.514  13.0%   4.8 1200s
 942784 715566 519073.824  111   83 525521.965 457292.628  13.0%   4.8 1205s
 946350 717765 514734.394  142   93 525521.965 457292.706  13.0%   4.8 1210s
 949386 718841     cutoff  195      525521.965 457292.824  13.0%   4.8 1215s
 952096 719376     cutoff  164      525521.965 457292.857  13.0%   4.8 1220s
 956136 722280     cutoff  140      525521.965 457292.910  13.0%   4.8 1225s
 959429 723700 463781.617  106   99 525521.965 457292.910  13.0%   4.8 1232s
 961651 725856 507066.950  282   81 525521.965 457292.910  13.0%   4.8 1235s
 966039 729035 470801.649  143   91 525521.965 457293.065  13.0%   4.8 1240s
 970322 732348     cutoff  209      525521.965 457293.065  13.0%   4.8 1245s
 973504 733610 460884.782  102  103 525521.965 457293.139  13.0%   4.8 1250s
 976181 735208     cutoff  158      525521.965 457293.155  13.0%   4.8 1255s
 977928 736644 467314.789  126  103 525521.965 457293.155  13.0%   4.8 1260s
 981067 738640 520217.832  106   86 525521.965 457293.204  13.0%   4.8 1265s
 984202 740226     cutoff  192      525521.965 457293.232  13.0%   4.8 1270s
 987782 742233 519764.252  126   85 525521.965 457293.323  13.0%   4.8 1275s
 991354 744816 510477.892  157   93 525521.965 457293.559  13.0%   4.8 1280s
 994159 745691     cutoff  168      525521.965 457293.645  13.0%   4.8 1285s
 997396 746999 466594.297   97   99 525521.965 457293.739  13.0%   4.8 1290s
 1000950 749198 520942.712  101   87 525521.965 457293.890  13.0%   4.8 1298s
 1001987 749718 462063.252   90   94 525521.965 457293.901  13.0%   4.8 1300s
 1006211 753365 486419.561  144   83 525521.965 457293.927  13.0%   4.8 1305s
 1010256 756496 515618.467  122   83 525521.965 457293.971  13.0%   4.8 1310s
 1013386 757503 464894.771  151   95 525521.965 457294.089  13.0%   4.8 1315s
 1017497 759918     cutoff   95      525521.965 457294.136  13.0%   4.8 1320s
 1019758 761216 519228.050  235   93 525521.965 457294.265  13.0%   4.8 1325s
 1022995 763669 516314.039  173   93 525521.965 457294.344  13.0%   4.8 1330s
 1026062 764950 521494.832  210   92 525521.965 457294.486  13.0%   4.8 1335s
 1030137 767167 517156.817  251   80 525521.965 457294.490  13.0%   4.8 1340s
 1034292 769002 473008.384  126   89 525521.965 457295.035  13.0%   4.8 1345s
 1037988 771186     cutoff  129      525521.965 457295.651  13.0%   4.8 1350s
 1041189 773163 506564.213  255   81 525521.965 457295.871  13.0%   4.8 1355s
 1042483 773450     cutoff  207      525521.965 457296.267  13.0%   4.8 1360s
 1045549 774805 525409.365  180   97 525521.965 457296.805  13.0%   4.8 1365s
 1049039 776994 506928.248  136   91 525521.965 457297.086  13.0%   4.8 1370s
 1052036 778172     cutoff  184      525521.965 457297.369  13.0%   4.8 1375s
 1055974 780443 516029.143  126   79 525521.965 457297.895  13.0%   4.9 1380s
 1058986 781195     cutoff  194      525521.965 457298.243  13.0%   4.9 1385s
 1062297 782895 476896.395  140   93 525521.965 457298.746  13.0%   4.9 1390s
 1065659 784903 512673.729  173   99 525521.965 457298.885  13.0%   4.9 1395s
 1068076 785820     cutoff  169      525521.965 457300.113  13.0%   4.9 1400s
 1069086 786789 484980.125  175   93 525521.965 457300.188  13.0%   4.9 1405s
 1072234 788215 457544.717  124   98 525521.965 457300.322  13.0%   4.9 1410s
 1076367 791211 493186.329  167   88 525521.965 457300.438  13.0%   4.9 1415s
 1079695 792822 486213.084  100   94 525521.965 457300.523  13.0%   4.9 1420s
 1083742 795672 520722.839  140   77 525521.965 457300.594  13.0%   4.9 1425s
 1088810 799025     cutoff  145      525521.965 457300.768  13.0%   4.9 1431s
 1091808 800329 519073.737  221   97 525521.965 457300.768  13.0%   4.9 1435s
 1095406 802526 486020.340  133   90 525521.965 457300.797  13.0%   4.9 1440s
 1099294 804883     cutoff  195      525521.965 457300.919  13.0%   4.9 1445s
 1102969 807445     cutoff  206      525521.965 457300.924  13.0%   4.9 1450s
 1106069 808735 524106.171  225   85 525521.965 457301.041  13.0%   4.9 1455s
 1109893 811547     cutoff  267      525521.965 457301.127  13.0%   4.9 1461s
 1112301 813040 491353.739  109   94 525521.965 457301.198  13.0%   4.9 1465s
 1115171 813735 522318.765  179   88 525521.965 457301.246  13.0%   4.9 1470s
 1117794 814360     cutoff  132      525521.965 457301.418  13.0%   4.9 1475s
 1120831 815291 517535.199  113   91 525521.965 457301.524  13.0%   4.9 1480s
 1125442 819577 515764.730  195   87 525521.965 457301.524  13.0%   4.9 1485s
 1128524 820595 515521.123  181   88 525521.965 457301.639  13.0%   4.9 1490s
 1132681 822967     cutoff  145      525521.965 457301.647  13.0%   4.9 1495s
 1135981 823973 486615.702  147   91 525521.965 457301.735  13.0%   4.9 1500s
 1136971 824203     cutoff  184      525521.965 457301.749  13.0%   4.9 1505s
 1140096 826381 521740.274  217   84 525521.965 457301.761  13.0%   4.9 1510s
 1143929 829084 512690.391  109   87 525521.965 457301.847  13.0%   4.9 1515s
 1147601 831491 500709.602  224   96 525521.965 457301.857  13.0%   4.9 1520s
 1151357 833242     cutoff  157      525521.965 457301.883  13.0%   4.9 1525s
 1155179 836085     cutoff  120      525521.965 457301.886  13.0%   4.9 1530s
 1157655 837085 462376.449  106   96 525521.965 457302.035  13.0%   4.9 1536s
 1160764 839715 505419.987  181   79 525521.965 457302.035  13.0%   4.9 1540s
 1163763 840601     cutoff  171      525521.965 457302.215  13.0%   4.9 1545s
 1166452 841905     cutoff  150      525521.965 457302.230  13.0%   4.9 1550s
 1170529 844542 514798.754  170   93 525521.965 457302.332  13.0%   4.9 1555s
 1173825 846651 519924.041  119   82 525521.965 457302.349  13.0%   4.9 1560s
 1177172 849842 480388.748  139   88 525521.965 457302.355  13.0%   4.9 1565s
 1180910 852142     cutoff  186      525521.965 457302.365  13.0%   4.9 1570s
 1184374 854194     cutoff  219      525521.965 457302.418  13.0%   4.9 1575s
 1189021 857076     cutoff  189      525521.965 457302.459  13.0%   4.9 1580s
 1194666 860962 511758.702  186   80 525521.965 457302.479  13.0%   4.9 1585s
 1198177 862316 519746.667  185   88 525521.965 457302.540  13.0%   4.9 1590s
 1200021 863805 521720.112  183   90 525521.965 457302.569  13.0%   4.9 1595s
 1203136 865087     cutoff  146      525521.965 457302.622  13.0%   4.9 1600s
 1205796 865742 520498.868  236   92 525521.965 457302.662  13.0%   4.9 1605s
 1209706 868963 505481.443  201   81 525521.965 457302.671  13.0%   4.9 1610s
 1213202 870718 457302.671   91   98 525521.965 457302.671  13.0%   4.9 1615s
 1217263 873357 512350.500  188   77 525521.965 457302.699  13.0%   4.9 1620s
 1219408 874248 516453.456  115   82 525521.965 457302.842  13.0%   4.9 1625s
 1223236 876837 516691.676  158   87 525521.965 457302.881  13.0%   4.9 1630s
 1226320 878203 524199.187  188   96 525521.965 457302.945  13.0%   4.9 1635s
 1229455 880551 512766.330  189   87 525521.965 457302.945  13.0%   4.9 1640s
 1233259 882959 486340.051  134   89 525521.965 457303.081  13.0%   4.9 1645s
 1237711 885974     cutoff  240      525521.965 457303.083  13.0%   4.9 1651s
 1240631 887853 476169.839  140   92 525521.965 457303.087  13.0%   4.9 1655s
 1244502 890015 496809.444  183   98 525521.965 457303.153  13.0%   4.9 1660s
 1248325 892144 509831.931  140   86 525521.965 457303.180  13.0%   4.9 1665s
 1251574 893620 514992.359  154   89 525521.965 457303.212  13.0%   4.9 1670s
 1255279 896539 489252.141  153   87 525521.965 457303.247  13.0%   4.9 1675s
 1258295 897880 458462.858  114   98 525521.965 457303.280  13.0%   4.9 1680s
 1261120 900906 491757.222  164   89 525521.965 457303.280  13.0%   4.9 1685s
 1264627 903076 523752.891  217   89 525521.965 457303.319  13.0%   4.9 1690s
 1268574 905980 523086.900  170   93 525521.965 457303.478  13.0%   4.9 1695s
 1272172 908357     cutoff  176      525521.965 457303.478  13.0%   4.9 1700s
 1274867 909054 506590.734  180   96 525521.965 457303.501  13.0%   4.9 1705s
 1277202 909935     cutoff  195      525521.965 457303.520  13.0%   4.9 1710s
 1281448 912835 515732.910  207   83 525521.965 457303.600  13.0%   4.9 1715s
 1284500 913370     cutoff  160      525521.965 457303.873  13.0%   4.9 1720s
 1289319 917877 514884.954  191   85 525521.965 457303.873  13.0%   4.9 1725s
 1292929 919574 467372.226  114   95 525521.965 457303.969  13.0%   4.9 1730s
 1295042 921271 492168.443  154   88 525521.965 457303.969  13.0%   4.9 1735s
 1298689 923383 515313.024  168   93 525521.965 457304.005  13.0%   4.9 1740s
 1303716 928301 509162.424  234   83 525521.965 457304.071  13.0%   4.9 1745s
 1306843 930006 518659.671  131   85 525521.965 457304.099  13.0%   4.9 1750s
 1310598 932272 491967.723  145   86 525521.965 457304.134  13.0%   4.9 1755s
 1312235 933105 524230.251  188   87 525521.965 457304.134  13.0%   4.9 1760s
 1316001 935366 523088.862  233   89 525521.965 457304.206  13.0%   4.9 1765s
 1319675 937376 489073.305  149   86 525521.965 457304.242  13.0%   4.9 1770s
 1323024 939436     cutoff  209      525521.965 457304.242  13.0%   4.9 1775s
 1326761 941897 508366.905  171   82 525521.965 457304.345  13.0%   4.9 1780s
 1329975 943178 520036.197  185   85 525521.965 457304.565  13.0%   4.9 1785s
 1333014 946181 486610.210  134   89 525521.965 457304.565  13.0%   4.9 1790s
 1336458 948617 523552.671  233   86 525521.965 457304.773  13.0%   4.9 1795s
 1340863 952447 496618.462  190   87 525521.965 457304.979  13.0%   4.9 1800s
 1344656 954630 517451.611  171   95 525521.965 457305.126  13.0%   4.9 1805s
 1347488 956218     cutoff  176      525521.965 457305.335  13.0%   4.9 1811s
 1351214 958384 513703.572  146   87 525521.965 457305.352  13.0%   4.9 1815s
 1354445 959589 467257.082  125   97 525521.965 457305.511  13.0%   4.9 1820s
 1358546 962321 463372.412   94   98 525521.965 457305.819  13.0%   4.9 1825s
 1362605 964921 508097.376  198   82 525521.965 457306.739  13.0%   4.9 1830s
 1367026 966888 463384.995  121  101 525521.965 457307.406  13.0%   4.9 1835s
 1370590 970253 504525.933  248   88 525521.965 457307.406  13.0%   4.9 1840s
 1373715 971381     cutoff  203      525521.965 457307.830  13.0%   4.9 1845s
 1377880 974507 517660.150  137   84 525521.965 457308.332  13.0%   4.9 1850s
 1380729 975619 520486.075  111   86 525521.965 457309.173  13.0%   5.0 1855s
 1383798 976908 520271.091  133   89 525521.965 457309.498  13.0%   5.0 1860s
 1387561 978787     cutoff  157      525521.965 457310.096  13.0%   5.0 1865s
 1390247 980848 522579.707  216   87 525521.965 457310.288  13.0%   5.0 1870s
 1393774 982319 514461.837  148   95 525521.965 457310.642  13.0%   5.0 1875s
 1397507 983375 519282.421  116   85 525521.965 457310.882  13.0%   5.0 1880s
 1404496 989323     cutoff  150      525521.965 457310.933  13.0%   4.9 1885s
 1407695 990728 459811.777  106   95 525521.965 457311.038  13.0%   5.0 1892s
 1410185 991623     cutoff  124      525521.965 457311.244  13.0%   5.0 1895s
 1414510 994581 506202.416  170   82 525521.965 457311.583  13.0%   5.0 1900s
 1417630 996220     cutoff  157      525521.965 457311.787  13.0%   5.0 1905s
 1421184 998740 525275.548  207   88 525521.965 457311.968  13.0%   5.0 1910s
 1424319 999829     cutoff  227      525521.965 457312.007  13.0%   5.0 1915s
 1427570 1001426     cutoff  161      525521.965 457312.414  13.0%   5.0 1920s
 1429009 1002056     cutoff  172      525521.965 457312.483  13.0%   5.0 1925s
 1432362 1003927 524935.741  127   83 525521.965 457313.229  13.0%   5.0 1930s
 1436661 1005886 516834.010  148   77 525521.965 457313.703  13.0%   5.0 1935s
 1443004 1011505 525343.547  218   89 525521.965 457314.020  13.0%   5.0 1940s
 1446671 1013266 505205.166  199   99 525521.965 457314.131  13.0%   5.0 1945s
 1449546 1015444     cutoff  233      525521.965 457314.400  13.0%   5.0 1950s
 1452934 1017305 470972.963  147   96 525521.965 457314.911  13.0%   5.0 1955s
 1456759 1019912 523310.815  203   88 525521.965 457314.911  13.0%   5.0 1960s
 1460298 1022514 497358.830  177   82 525521.965 457315.955  13.0%   4.9 1965s
 1464580 1024303 461863.522  108   97 525521.965 457316.673  13.0%   4.9 1970s
 1467483 1026763 506335.870  170   83 525521.965 457316.673  13.0%   4.9 1975s
 1471854 1028221 520536.760  150   93 525521.965 457317.463  13.0%   4.9 1980s
 1475901 1029665 519789.126  131   88 525521.965 457318.156  13.0%   5.0 1985s
 1479261 1031267     cutoff  165      525521.965 457318.589  13.0%   5.0 1990s
 1482730 1033642 522190.830  130   90 525521.965 457319.426  13.0%   5.0 1995s
 1486277 1035736 499621.957  115   85 525521.965 457319.971  13.0%   5.0 2000s
 1489394 1036940     cutoff  196      525521.965 457320.021  13.0%   5.0 2007s
 1492104 1038860 498401.964  183   87 525521.965 457320.318  13.0%   5.0 2010s
 1496174 1040710     cutoff  187      525521.965 457320.597  13.0%   5.0 2015s
 1500059 1043815 515684.561  200   81 525521.965 457320.808  13.0%   5.0 2020s
 1503268 1044923     cutoff  167      525521.965 457321.169  13.0%   5.0 2025s
 1506072 1045617 523949.492  201   85 525521.965 457321.714  13.0%   5.0 2030s
 1509160 1047994 479003.297  145   92 525521.965 457322.041  13.0%   5.0 2035s
 1512116 1050911 499082.251  163   89 525521.965 457322.041  13.0%   5.0 2040s
 1515875 1053220 524094.120  133   86 525521.965 457322.201  13.0%   5.0 2045s
 1519349 1055515 488291.805  144   88 525521.965 457322.386  13.0%   5.0 2050s
 1522683 1057454 514566.296  179   86 525521.965 457322.593  13.0%   5.0 2055s
 1525287 1058746 473625.710  120   95 525521.965 457322.738  13.0%   5.0 2061s
 1529048 1061133 517446.107  134   83 525521.965 457323.038  13.0%   5.0 2065s
 1532615 1063612 479622.248  135   92 525521.965 457323.326  13.0%   5.0 2070s
 1537698 1067450     cutoff  163      525521.965 457323.513  13.0%   5.0 2075s
 1540612 1068617 465724.001  112   94 525521.965 457323.700  13.0%   5.0 2080s
 1543279 1070875 501661.196  169   82 525521.965 457323.700  13.0%   5.0 2085s
 1545698 1072054     cutoff  137      525521.965 457324.062  13.0%   5.0 2090s
 1550353 1076237 516249.366  262   81 525521.965 457324.130  13.0%   5.0 2095s
 1553761 1078125 515936.246  104   86 525521.965 457324.316  13.0%   5.0 2100s
 1556968 1078670 513733.267  107   88 525521.965 457324.968  13.0%   5.0 2105s
 1560535 1080246 520241.902  149   94 525521.965 457325.480  13.0%   5.0 2111s
 1563081 1081912     cutoff  159      525521.965 457325.577  13.0%   5.0 2115s
 1566161 1083244 523391.242  192   92 525521.965 457326.206  13.0%   5.0 2120s
 1570645 1086131 522123.147  195   90 525521.965 457326.528  13.0%   5.0 2125s
 1575612 1089307 497310.548  175   82 525521.965 457327.291  13.0%   5.0 2130s
 1578600 1091101 520510.157  164   87 525521.965 457328.066  13.0%   5.0 2135s
 1581344 1092463 522349.958  177   88 525521.965 457328.519  13.0%   5.0 2140s
 1584912 1094281     cutoff  151      525521.965 457329.579  13.0%   5.0 2145s
 1589223 1098063 505953.186  158   82 525521.965 457330.099  13.0%   5.0 2150s
 1592757 1100022 481034.242  143   96 525521.965 457330.399  13.0%   5.0 2155s
 1596776 1102684     cutoff  157      525521.965 457330.710  13.0%   5.0 2161s
 1599064 1103994     cutoff  190      525521.965 457330.851  13.0%   5.0 2165s
 1602431 1106294 458067.897  102  102 525521.965 457331.755  13.0%   5.0 2170s
 1604904 1107242 522232.469  167   94 525521.965 457332.282  13.0%   5.0 2175s
 1609100 1109770 522074.166  177   86 525521.965 457332.745  13.0%   5.0 2180s
 1612077 1110773     cutoff  194      525521.965 457333.149  13.0%   5.0 2185s
 1615092 1113293 480796.282  132   89 525521.965 457333.473  13.0%   5.0 2191s
 1617575 1114173 518095.194  166   86 525521.965 457333.731  13.0%   5.0 2195s
 1621772 1116458     cutoff  172      525521.965 457334.089  13.0%   5.0 2200s
 1625435 1119154 490826.230  211   92 525521.965 457334.764  13.0%   5.0 2205s
 1629944 1122812 520606.937  124   87 525521.965 457334.791  13.0%   5.0 2210s
 1633249 1124504 484938.213  145   92 525521.965 457335.328  13.0%   5.0 2217s
 1634904 1125622 516728.539  195   78 525521.965 457335.328  13.0%   5.0 2220s
 1637478 1126403     cutoff  197      525521.965 457336.088  13.0%   5.0 2225s
 1641254 1129320 519028.591  268   77 525521.965 457336.088  13.0%   5.0 2230s
 1644724 1131249 475336.139  102   95 525521.965 457336.763  13.0%   5.0 2235s
 1648368 1133685     cutoff  185      525521.965 457337.079  13.0%   5.0 2240s
 1650751 1135435 478198.137  126   90 525521.965 457337.225  13.0%   5.0 2245s
 1654490 1137800 523774.338  217   88 525521.965 457337.662  13.0%   5.0 2250s
 1658590 1141951 508546.838  173   85 525521.965 457337.782  13.0%   5.0 2255s
 1661838 1143251     cutoff  196      525521.965 457338.279  13.0%   5.0 2260s
 1665875 1145934     cutoff  188      525521.965 457338.650  13.0%   5.0 2265s
 1667803 1146805 524156.789  222   88 525521.965 457338.820  13.0%   5.0 2270s
 1671745 1150051 480481.882  142   90 525521.965 457338.913  13.0%   5.0 2275s
 1676383 1153629 492159.085  104   95 525521.965 457339.074  13.0%   5.0 2280s
 1679662 1154961 468438.852  114   90 525521.965 457339.538  13.0%   5.0 2285s
 1682687 1157943 506595.088  171   78 525521.965 457339.538  13.0%   5.0 2290s
 1686670 1160010 521371.477  128   87 525521.965 457339.711  13.0%   5.0 2295s
 1690453 1162471 507939.620  178   80 525521.965 457339.883  13.0%   5.0 2300s
 1693506 1164069 471844.605  113   92 525521.965 457340.390  13.0%   5.0 2305s
 1697567 1166654 516497.742  141   88 525521.965 457340.804  13.0%   5.0 2310s
 1699717 1167990 509357.108  151   84 525521.965 457340.804  13.0%   5.0 2315s
 1703556 1170056     cutoff  139      525521.965 457341.263  13.0%   5.0 2320s
 1706589 1170777     cutoff  225      525521.965 457341.601  13.0%   5.0 2325s
 1710174 1173472 486958.863  160   91 525521.965 457342.057  13.0%   5.0 2330s
 1713941 1175714 522347.090  178   96 525521.965 457342.120  13.0%   5.0 2335s
 1716885 1176748     cutoff  131      525521.965 457342.328  13.0%   5.0 2340s
 1720899 1178940 481195.926  150   97 525521.965 457342.984  13.0%   5.0 2347s
 1722777 1180297 506713.149  203   87 525521.965 457342.984  13.0%   5.0 2350s
 1725405 1181185 519372.053  137   75 525521.965 457343.359  13.0%   5.0 2355s
 1728588 1182793     cutoff  122      525521.965 457343.633  13.0%   5.0 2360s
 1732122 1184120 524040.387  150   91 525521.965 457344.482  13.0%   5.0 2365s
 1735133 1186326 518887.463  172   74 525521.965 457344.939  13.0%   5.0 2370s
 1737985 1186976 485541.288  163   97 525521.965 457345.715  13.0%   5.0 2375s
 1740867 1188164 516139.713  170   91 525521.965 457346.560  13.0%   5.1 2380s
 1743365 1190247 524909.594  130   90 525521.965 457346.560  13.0%   5.1 2385s
 1746797 1191570     cutoff  156      525521.965 457347.025  13.0%   5.0 2390s
 1751937 1196430 517849.438  247   75 525521.965 457347.025  13.0%   5.0 2395s
 1755604 1197292     cutoff  192      525521.965 457347.495  13.0%   5.0 2400s
 1759402 1200442 495832.060  115   94 525521.965 457348.177  13.0%   5.0 2407s
 1761471 1201602 522032.725  164   91 525521.965 457348.347  13.0%   5.0 2410s
 1765087 1203986 518838.029  218   79 525521.965 457348.461  13.0%   5.0 2415s
 1768134 1205555 468627.767  134   91 525521.965 457349.049  13.0%   5.0 2420s
 1772013 1208064 513865.183  180   82 525521.965 457349.049  13.0%   5.0 2426s
 1774367 1209059 519492.215  134   99 525521.965 457349.349  13.0%   5.0 2430s
 1777812 1211163 481556.665  162   93 525521.965 457349.615  13.0%   5.0 2437s
 1780045 1212878 509614.106  197   78 525521.965 457349.615  13.0%   5.0 2440s
 1783313 1213893 524493.491  185   84 525521.965 457349.958  13.0%   5.0 2445s
 1786995 1216679 514367.332  193   87 525521.965 457350.046  13.0%   5.0 2450s
 1790371 1217980 520120.464  183   87 525521.965 457350.438  13.0%   5.1 2455s
 1793953 1220405     cutoff  168      525521.965 457350.730  13.0%   5.1 2460s
 1797658 1221726     cutoff  168      525521.965 457351.171  13.0%   5.1 2467s
 1799692 1223222 522314.631  197   91 525521.965 457351.191  13.0%   5.1 2470s
 1803030 1224920 522085.385  194   82 525521.965 457351.682  13.0%   5.1 2475s
 1806324 1227224 485402.674  120   96 525521.965 457351.959  13.0%   5.1 2480s
 1809417 1228711 470883.832  112   93 525521.965 457352.496  13.0%   5.1 2485s
 1813513 1232355     cutoff  284      525521.965 457352.496  13.0%   5.1 2492s
 1815460 1232960     cutoff  156      525521.965 457352.496  13.0%   5.1 2495s
 1819333 1234998 500622.687  216   81 525521.965 457352.739  13.0%   5.1 2500s
 1822850 1236784     cutoff  168      525521.965 457353.136  13.0%   5.1 2505s
 1827925 1241692 504053.993  181   82 525521.965 457353.566  13.0%   5.1 2510s
 1830011 1243157 521175.299  209   80 525521.965 457353.566  13.0%   5.1 2515s
 1833093 1243844 518229.379  166   91 525521.965 457353.959  13.0%   5.1 2520s
 1836178 1245758 472030.533  104   93 525521.965 457354.259  13.0%   5.1 2525s
 1838768 1246235     cutoff  172      525521.965 457354.489  13.0%   5.1 2530s
 1842801 1250052 513329.508  252   84 525521.965 457354.884  13.0%   5.1 2535s
 1846501 1252385     cutoff  170      525521.965 457355.257  13.0%   5.1 2540s
 1849202 1253258 462104.650  106   94 525521.965 457355.502  13.0%   5.1 2545s
 1851371 1254824 515767.806  237   80 525521.965 457355.502  13.0%   5.1 2550s
 1854143 1255679 515653.235  166   88 525521.965 457356.821  13.0%   5.1 2555s
 1857203 1256832     cutoff  127      525521.965 457357.171  13.0%   5.1 2560s
 1860983 1259805 484883.479  148   92 525521.965 457357.511  13.0%   5.1 2565s
 1864806 1261536 504712.931  188   84 525521.965 457357.839  13.0%   5.1 2570s
 1867894 1262630 517729.787  181   91 525521.965 457358.178  13.0%   5.1 2575s
 1870663 1263274     cutoff  164      525521.965 457358.912  13.0%   5.1 2580s
 1873523 1266254 479070.052  143   91 525521.965 457358.964  13.0%   5.1 2585s
 1876597 1268186     cutoff  219      525521.965 457359.072  13.0%   5.1 2590s
 1879373 1268579     cutoff  162      525521.965 457359.133  13.0%   5.1 2595s
 1883015 1271242 504274.458  122   89 525521.965 457359.221  13.0%   5.1 2600s
 1885340 1271681     cutoff  177      525521.965 457359.394  13.0%   5.1 2605s
 1888330 1273292 486546.746  138   87 525521.965 457359.533  13.0%   5.1 2610s
 1892438 1275040     cutoff  127      525521.965 457359.877  13.0%   5.1 2615s
 1895018 1276784 486287.984  141   92 525521.965 457359.896  13.0%   5.1 2620s
 1899347 1279220 523858.918  136   81 525521.965 457360.169  13.0%   5.1 2625s
 1902622 1280216 522160.936  185   84 525521.965 457360.487  13.0%   5.1 2630s
 1907073 1283305 518103.197  185   79 525521.965 457360.565  13.0%   5.1 2635s
 1910434 1284698 476076.811  139   93 525521.965 457360.791  13.0%   5.1 2640s
 1914188 1285985     cutoff  227      525521.965 457360.855  13.0%   5.1 2645s
 1916088 1287277 475242.605  111   90 525521.965 457360.905  13.0%   5.1 2650s
 1920645 1291146 515550.831  179   81 525521.965 457360.905  13.0%   5.1 2655s
 1923421 1291718 519016.280  162   87 525521.965 457361.360  13.0%   5.1 2660s
 1927798 1296045 518000.638  281   71 525521.965 457361.461  13.0%   5.1 2665s
 1930785 1296945 468899.235  123   93 525521.965 457361.665  13.0%   5.1 2670s
 1932604 1297736 473478.547  116   93 525521.965 457361.675  13.0%   5.1 2675s
 1936672 1300077     cutoff  130      525521.965 457361.706  13.0%   5.1 2680s
 1939925 1301039     cutoff  122      525521.965 457361.848  13.0%   5.1 2685s
 1943887 1304250 501844.837  173   86 525521.965 457362.009  13.0%   5.1 2690s
 1946287 1305331 522517.047  191   88 525521.965 457362.625  13.0%   5.1 2695s
 1949359 1306947     cutoff  200      525521.965 457362.781  13.0%   5.1 2700s
 1952026 1308834     cutoff  197      525521.965 457362.929  13.0%   5.1 2705s
 1955183 1309646 519820.280  119   86 525521.965 457363.441  13.0%   5.1 2710s
 1959996 1314296 520675.340  244   78 525521.965 457363.602  13.0%   5.1 2715s
 1963571 1315547     cutoff  196      525521.965 457363.678  13.0%   5.1 2720s
 1967432 1318794 508351.645  168   79 525521.965 457363.793  13.0%   5.1 2725s
 1969168 1319622 521881.962  130   84 525521.965 457363.856  13.0%   5.1 2730s
 1972312 1320611 517888.029  144   89 525521.965 457364.314  13.0%   5.1 2735s
 1975769 1321862 478114.212  113   87 525521.965 457364.600  13.0%   5.1 2740s
 1979886 1324034 514449.487  139   92 525521.965 457364.916  13.0%   5.1 2745s
 1984064 1327558 502313.484  199   78 525521.965 457365.045  13.0%   5.1 2750s
 1986528 1329684     cutoff  242      525521.965 457365.129  13.0%   5.1 2755s
 1990316 1331442     cutoff  212      525521.965 457365.378  13.0%   5.1 2760s
 1993776 1334499 490444.126  148   86 525521.965 457365.423  13.0%   5.1 2765s
 1997842 1336967 521373.680  167   88 525521.965 457365.446  13.0%   5.1 2770s
 2001419 1338748 520049.455  190   86 525521.965 457365.560  13.0%   5.1 2775s
 2004259 1340353 519880.408  128   76 525521.965 457365.642  13.0%   5.1 2780s
 2007699 1342297 487509.996  148   87 525521.965 457365.713  13.0%   5.1 2785s
 2011967 1344778 519513.451  150   79 525521.965 457365.999  13.0%   5.1 2790s
 2015613 1347046     cutoff  137      525521.965 457366.077  13.0%   5.1 2795s
 2019097 1348971     cutoff  156      525521.965 457366.408  13.0%   5.1 2800s
 2022170 1349990     cutoff  121      525521.965 457366.545  13.0%   5.1 2805s
 2025363 1351977 498490.192  136   84 525521.965 457366.545  13.0%   5.1 2812s
 2027375 1353015 463249.718   95   94 525521.965 457366.743  13.0%   5.1 2815s
 2030588 1354230 475106.603  119   97 525521.965 457366.987  13.0%   5.1 2820s
 2034357 1356269 495811.469  207   84 525521.965 457367.178  13.0%   5.1 2825s
 2037448 1357617     cutoff  237      525521.965 457367.418  13.0%   5.1 2830s
 2040742 1359890 490726.944  139   88 525521.965 457367.635  13.0%   5.1 2835s
 2043876 1360883 519462.287  166   93 525521.965 457367.931  13.0%   5.1 2840s
 2046087 1362597 476964.635  134   91 525521.965 457368.019  13.0%   5.1 2846s
 2049408 1365064 514860.945  200   82 525521.965 457368.019  13.0%   5.1 2850s
 2053141 1367446     cutoff  205      525521.965 457368.171  13.0%   5.1 2855s
 2056918 1369529 522304.475  171   87 525521.965 457368.263  13.0%   5.1 2860s
 2060998 1373603 508134.639  177   79 525521.965 457368.353  13.0%   5.1 2866s
 2063977 1375084 520241.238  162   71 525521.965 457368.467  13.0%   5.1 2870s
 2067513 1377053 485658.889  139   87 525521.965 457368.509  13.0%   5.1 2875s
 2071043 1379662 511078.647  179   79 525521.965 457368.509  13.0%   5.1 2880s
 2074552 1381924 478350.272  117   92 525521.965 457368.763  13.0%   5.1 2885s
 2077594 1384735 503400.408  153   84 525521.965 457368.763  13.0%   5.1 2890s
 2080549 1385892 524859.369  192   87 525521.965 457368.941  13.0%   5.1 2895s
 2083929 1387783 522840.696  123   87 525521.965 457368.964  13.0%   5.1 2900s
 2087151 1389952 511873.818  197   94 525521.965 457369.043  13.0%   5.1 2905s
 2090484 1391504 485416.677   85   99 525521.965 457369.198  13.0%   5.1 2910s
 2094420 1393707 518508.276  130   76 525521.965 457369.270  13.0%   5.1 2915s
 2098022 1395847 480203.498  137   90 525521.965 457369.310  13.0%   5.1 2920s
 2102885 1398177     cutoff  150      525521.965 457369.968  13.0%   5.1 2925s
 2109198 1403708 518768.616  131   78 525521.965 457370.080  13.0%   5.1 2930s
 2113407 1405670 473158.988  134   97 525521.965 457370.923  13.0%   5.1 2935s
 2117188 1408147 466090.730  107   96 525521.965 457371.130  13.0%   5.1 2940s
 2120431 1409836 479921.848  167   96 525521.965 457371.162  13.0%   5.1 2945s
 2124146 1412012 492826.357  143   95 525521.965 457371.350  13.0%   5.1 2950s
 2127596 1413845     cutoff  192      525521.965 457371.617  13.0%   5.1 2955s
 2130303 1415262 522020.319  115   84 525521.965 457371.649  13.0%   5.1 2960s
 2133175 1417048 484683.553  145   93 525521.965 457371.757  13.0%   5.1 2965s
 2136851 1420399 511450.531  192   80 525521.965 457371.757  13.0%   5.1 2970s
 2139993 1421533 520840.908  203   86 525521.965 457371.980  13.0%   5.1 2975s
 2144097 1424626 467285.337  106   97 525521.965 457372.230  13.0%   5.1 2980s
 2147879 1427046 474242.809  130   96 525521.965 457372.381  13.0%   5.1 2985s
 2150761 1429532 500124.090  162   88 525521.965 457372.381  13.0%   5.1 2990s
 2154079 1431056 475318.072  109   92 525521.965 457372.579  13.0%   5.1 2995s
 2157980 1433761 513710.587  182   78 525521.965 457372.579  13.0%   5.1 3000s
 2161069 1434536     cutoff  140      525521.965 457372.771  13.0%   5.1 3005s
 2164328 1435710 524270.808  223   88 525521.965 457372.869  13.0%   5.1 3010s
 2167879 1438105     cutoff  245      525521.965 457372.890  13.0%   5.1 3015s
 2169790 1439245 523994.392  212   91 525521.965 457372.956  13.0%   5.1 3020s
 2172721 1440112 518445.762  140   71 525521.965 457373.172  13.0%   5.1 3025s
 2177197 1443496     cutoff  270      525521.965 457373.191  13.0%   5.1 3030s
 2180472 1444525     cutoff  132      525521.965 457373.440  13.0%   5.1 3035s
 2183441 1445426 458678.355   84  102 525521.965 457373.680  13.0%   5.1 3040s
 2187578 1449059 511757.572  184   78 525521.965 457373.680  13.0%   5.1 3046s
 2189395 1449742 515849.683  229   94 525521.965 457373.794  13.0%   5.1 3050s
 2192376 1450347 524453.832  182   90 525521.965 457374.070  13.0%   5.1 3055s
 2195434 1451469 509163.517  163   90 525521.965 457374.228  13.0%   5.1 3060s
 2199084 1454156     cutoff  219      525521.965 457374.443  13.0%   5.1 3065s
 2203095 1456623 461420.684   96   96 525521.965 457374.614  13.0%   5.1 3070s
 2206392 1458230     cutoff  188      525521.965 457374.668  13.0%   5.1 3075s
 2208977 1459233     cutoff  134      525521.965 457374.688  13.0%   5.1 3080s
 2211531 1461056 504724.876  184   82 525521.965 457374.688  13.0%   5.1 3085s
 2214496 1462444 458179.602   85  101 525521.965 457375.000  13.0%   5.1 3090s
 2218218 1463457     cutoff  162      525521.965 457375.355  13.0%   5.1 3095s
 2222001 1466187 524665.429  151   70 525521.965 457375.409  13.0%   5.1 3100s
 2226352 1468633 522719.699  169   66 525521.965 457375.515  13.0%   5.1 3105s
 2230510 1470966 458171.762   98   98 525521.965 457375.554  13.0%   5.1 3111s
 2234042 1473493 491567.444  139   88 525521.965 457375.585  13.0%   5.1 3115s
 2237371 1474701 524086.841  189   86 525521.965 457375.628  13.0%   5.1 3120s
 2240769 1475854     cutoff  231      525521.965 457375.714  13.0%   5.1 3125s
 2244518 1477212 520490.416  180   93 525521.965 457375.784  13.0%   5.1 3130s
 2247852 1478731 472275.821  114   90 525521.965 457375.867  13.0%   5.1 3135s
 2251874 1482141 525098.687  159   91 525521.965 457375.890  13.0%   5.1 3140s
 2255673 1484540 483834.495  170   87 525521.965 457375.957  13.0%   5.1 3145s
 2259848 1487818 511436.983  111   84 525521.965 457375.965  13.0%   5.1 3150s
 2263279 1489392 478015.253  139   91 525521.965 457376.003  13.0%   5.1 3155s
 2266606 1491623 525465.953  140   77 525521.965 457376.156  13.0%   5.1 3160s
 2269517 1492375 521384.549  173   89 525521.965 457376.166  13.0%   5.1 3166s
 2271771 1493068     cutoff  176      525521.965 457376.271  13.0%   5.1 3170s
 2275471 1494733 466652.023  122   93 525521.965 457376.384  13.0%   5.1 3175s
 2279961 1498859 513385.652  185   77 525521.965 457376.384  13.0%   5.1 3180s
 2283760 1500024 523811.153  168   87 525521.965 457376.494  13.0%   5.1 3185s
 2287673 1501948 459849.896   87   97 525521.965 457376.550  13.0%   5.1 3190s
 2289714 1503602 490625.053  126   95 525521.965 457376.550  13.0%   5.1 3195s
 2294037 1505741     cutoff  169      525521.965 457376.623  13.0%   5.1 3200s
 2297878 1507955     cutoff  205      525521.965 457376.651  13.0%   5.1 3205s
 2300852 1509359     cutoff  249      525521.965 457376.700  13.0%   5.1 3210s
 2305295 1512784 519063.004  235   69 525521.965 457376.700  13.0%   5.1 3215s
 2308072 1514360     cutoff  144      525521.965 457376.744  13.0%   5.1 3220s
 2312689 1518593 510404.563  173   79 525521.965 457376.785  13.0%   5.1 3225s
 2315939 1520115 458987.397  107   95 525521.965 457376.916  13.0%   5.1 3230s
 2320721 1524510 519171.885  215   77 525521.965 457376.916  13.0%   5.1 3236s
 2322797 1524879     cutoff  152      525521.965 457376.944  13.0%   5.1 3240s
 2326720 1527277 511892.221  123   81 525521.965 457376.965  13.0%   5.1 3245s
 2330240 1529018     cutoff  180      525521.965 457376.996  13.0%   5.1 3250s
 2333707 1531634 502930.821  112   88 525521.965 457377.012  13.0%   5.1 3255s
 2337164 1533302     cutoff  221      525521.965 457377.066  13.0%   5.1 3260s
 2340290 1536379 480120.313  132   92 525521.965 457377.151  13.0%   5.1 3265s
 2345196 1540279 520048.495  198   80 525521.965 457377.151  13.0%   5.1 3270s
 2348458 1541819     cutoff  230      525521.965 457377.309  13.0%   5.1 3275s
 2351808 1543118     cutoff  183      525521.965 457377.365  13.0%   5.1 3280s
 2355537 1546285 490311.018  164   91 525521.965 457377.365  13.0%   5.1 3286s
 2358181 1548194     cutoff  202      525521.965 457377.410  13.0%   5.1 3290s
 2362091 1549989     cutoff  134      525521.965 457377.411  13.0%   5.1 3295s
 2366931 1553109 525380.359  140   92 525521.965 457377.454  13.0%   5.1 3300s
 2369355 1554097 462772.771  110   97 525521.965 457377.466  13.0%   5.1 3305s
 2372528 1556449 512199.820  173   81 525521.965 457377.466  13.0%   5.1 3310s
 2377633 1560520 495623.867  157   84 525521.965 457377.524  13.0%   5.1 3315s
 2380937 1562003     cutoff  183      525521.965 457377.584  13.0%   5.1 3320s
 2385850 1565276     cutoff  232      525521.965 457377.711  13.0%   5.1 3325s
 2390444 1567320 476865.178  127   90 525521.965 457377.817  13.0%   5.1 3331s
 2393734 1569753 518213.997  191   78 525521.965 457377.817  13.0%   5.1 3335s
 2398826 1572624 488598.868  147   94 525521.965 457377.946  13.0%   5.1 3340s
 2404427 1575946 522304.458  196   90 525521.965 457378.046  13.0%   5.1 3345s
 2407494 1577908 523253.753  187   93 525521.965 457378.120  13.0%   5.1 3350s
 2410717 1579464 516654.923  115   88 525521.965 457378.210  13.0%   5.1 3355s
 2415226 1581226     cutoff  201      525521.965 457378.392  13.0%   5.1 3360s
 2420454 1584954     cutoff  185      525521.965 457378.475  13.0%   5.1 3365s
 2423766 1586608 477170.371  164   89 525521.965 457378.635  13.0%   5.1 3370s
 2427286 1589286 514908.298  231   79 525521.965 457378.635  13.0%   5.1 3376s
 2429525 1590108     cutoff  154      525521.965 457378.928  13.0%   5.1 3380s
 2431792 1591104 472931.800  124   98 525521.965 457379.047  13.0%   5.1 3385s
 2435949 1594230 521198.870  196   84 525521.965 457379.047  13.0%   5.1 3390s
 2438966 1595266     cutoff  160      525521.965 457379.219  13.0%   5.1 3395s
 2442698 1597925     cutoff  153      525521.965 457379.363  13.0%   5.1 3400s
 2445227 1599102 522160.144  138   84 525521.965 457379.363  13.0%   5.1 3405s
 2448085 1600628 490215.670  213   85 525521.965 457379.413  13.0%   5.1 3410s
 2451990 1602682     cutoff  245      525521.965 457379.483  13.0%   5.1 3415s
 2456002 1605121     cutoff  187      525521.965 457379.605  13.0%   5.1 3420s
 2459286 1606938 508851.361  117   80 525521.965 457379.867  13.0%   5.1 3425s
 2462996 1609940 481967.119  136   89 525521.965 457379.980  13.0%   5.1 3430s
 2465480 1612081     cutoff  295      525521.965 457380.001  13.0%   5.1 3435s
 2468753 1613218 464182.538  110   96 525521.965 457380.111  13.0%   5.1 3440s
 2472803 1616716 516282.262  196   79 525521.965 457380.111  13.0%   5.1 3445s
 2476084 1617548     cutoff  175      525521.965 457380.163  13.0%   5.1 3450s
 2480163 1620966 508034.862  173   82 525521.965 457380.169  13.0%   5.1 3455s
 2482737 1621880 525069.783  256   90 525521.965 457380.192  13.0%   5.1 3460s
 2486551 1624679 520757.453  153   83 525521.965 457380.238  13.0%   5.1 3465s
 2490084 1625798     cutoff  212      525521.965 457380.329  13.0%   5.1 3470s
 2493276 1626782 522622.811  143   80 525521.965 457380.485  13.0%   5.1 3475s
 2497331 1628927 485182.914  148   91 525521.965 457380.552  13.0%   5.1 3480s
 2501323 1631595 485622.767  146   90 525521.965 457380.552  13.0%   5.1 3485s
 2503326 1632790 513239.989  198   83 525521.965 457380.552  13.0%   5.1 3490s
 2506502 1634127 524666.453  229   92 525521.965 457380.710  13.0%   5.1 3495s
 2510296 1636921     cutoff  161      525521.965 457380.710  13.0%   5.1 3500s
 2513961 1638738 482633.383  199   91 525521.965 457380.866  13.0%   5.1 3505s
 2518006 1640830 523397.444  215   87 525521.965 457380.995  13.0%   5.1 3510s
 2520319 1642350 522250.303  144   81 525521.965 457381.094  13.0%   5.1 3515s
 2523627 1644081 517681.869  144   88 525521.965 457381.108  13.0%   5.1 3520s
 2529161 1648681 517453.634  217   73 525521.965 457381.226  13.0%   5.1 3525s
 2532855 1650744 514261.984  125   81 525521.965 457381.264  13.0%   5.1 3530s
 2536176 1653476 493146.880  215   85 525521.965 457381.295  13.0%   5.1 3535s
 2539760 1656076 470081.759  116   96 525521.965 457381.307  13.0%   5.1 3540s
 2543415 1657931     cutoff  171      525521.965 457381.354  13.0%   5.1 3545s
 2546923 1659365 524771.994  210   92 525521.965 457381.407  13.0%   5.1 3550s
 2550772 1661894 505522.911  223   82 525521.965 457381.444  13.0%   5.1 3555s
 2553963 1662811     cutoff  264      525521.965 457381.486  13.0%   5.1 3560s
 2556960 1664975 503751.576  189   82 525521.965 457381.626  13.0%   5.1 3565s
 2560594 1666452     cutoff  172      525521.965 457381.778  13.0%   5.1 3570s
 2563334 1667550 472366.270  116   97 525521.965 457381.802  13.0%   5.1 3575s
 2567464 1670374 524232.008  210   82 525521.965 457381.904  13.0%   5.1 3580s
 2571639 1672703 513850.443  154   82 525521.965 457382.121  13.0%   5.1 3585s
 2574971 1674274 520704.837  207   89 525521.965 457382.172  13.0%   5.1 3590s
 2576922 1675262 458823.658  104   97 525521.965 457382.223  13.0%   5.1 3595s
 2581348 1679148 508217.319  170   82 525521.965 457382.234  13.0%   5.1 3600s

Cutting planes:
  Gomory: 14
  Implied bound: 7
  MIR: 10
  Flow cover: 64
  RLT: 41
  Relax-and-lift: 8

Explored 2581469 nodes (13148642 simplex iterations) in 3600.21 seconds (2166.57 work units)
Thread count was 2 (of 24 available processors)

Solution count 10: 525522 525567 526409 ... 532489

Time limit reached
Best objective 5.255219653048e+05, best bound 4.573822336971e+05, gap 12.9661%
