
Gurobi 11.0.3 (linux64, Java) logging started ter 12 nov 2024 04:54:46 -03

Set parameter Username
Academic license - for non-commercial use only - expires 2025-10-10
Set parameter NonConvex to value 2
Set parameter TimeLimit to value 3600
Set parameter LogToConsole to value 0
Set parameter MIPGap to value 2.4984374264171935e-07
Set parameter Threads to value 2
Set parameter NodefileDir to value "/home/ps12398/goal_programming/goalProgrammingMarcos/"
Set parameter NodefileStart to value 1
Gurobi Optimizer version 11.0.3 build v11.0.3rc0 (linux64)

CPU model: Intel(R) Xeon(R) CPU           X5650  @ 2.67GHz, instruction set [SSE2]
Thread count: 12 physical cores, 24 logical processors, using up to 2 threads

Optimize a model with 57891 rows, 39068 columns and 204713 nonzeros
Model fingerprint: 0xba67a0bc
Model has 144 quadratic constraints
Variable types: 19466 continuous, 19602 integer (139 binary)
Coefficient statistics:
  Matrix range     [7e-03, 6e+05]
  QMatrix range    [7e-03, 2e+04]
  QLMatrix range   [1e+00, 2e+04]
  Objective range  [5e+00, 8e+06]
  Bounds range     [1e+00, 1e+08]
  RHS range        [1e+00, 7e+05]
Presolve removed 57628 rows and 38425 columns
Presolve time: 0.14s
Presolved: 780 rows, 810 columns, 12674 nonzeros
Presolved model has 2 SOS constraint(s)
Presolved model has 139 bilinear constraint(s)

Solving non-convex MIQCP

Variable types: 433 continuous, 377 integer (141 binary)
Found heuristic solution: objective 2645633.6489

Root relaxation: objective 3.399964e+05, 203 iterations, 0.01 seconds (0.01 work units)

    Nodes    |    Current Node    |     Objective Bounds      |     Work
 Expl Unexpl |  Obj  Depth IntInf | Incumbent    BestBd   Gap | It/Node Time

     0     0 339996.393    0  141 2645633.65 339996.393  87.1%     -    0s
H    0     0                    2629597.4498 339996.393  87.1%     -    0s
     0     0 568377.665    0  129 2629597.45 568377.665  78.4%     -    0s
     0     0 573547.222    0  127 2629597.45 573547.222  78.2%     -    0s
     0     0 665022.528    0  132 2629597.45 665022.528  74.7%     -    0s
H    0     0                    1409969.7617 666348.480  52.7%     -    0s
     0     0 689208.404    0  125 1409969.76 689208.404  51.1%     -    0s
     0     0 697590.059    0  125 1409969.76 697590.059  50.5%     -    0s
     0     0 698914.862    0  126 1409969.76 698914.862  50.4%     -    0s
     0     0 698977.182    0  128 1409969.76 698977.182  50.4%     -    0s
H    0     0                    1016809.7939 698990.137  31.3%     -    0s
     0     0 698990.137    0  128 1016809.79 698990.137  31.3%     -    0s
     0     0 698990.137    0  128 1016809.79 698990.137  31.3%     -    0s
     0     0 698993.929    0  128 1016809.79 698993.929  31.3%     -    1s
     0     2 698998.457    0  128 1016809.79 698998.457  31.3%     -    1s
H   29    34                    1009516.8455 700082.041  30.7%   4.9    1s
H  389   403                    1008186.0075 700082.041  30.6%   2.0    1s
H  499   513                    1007252.4280 700082.041  30.5%   2.0    2s
H  752   767                    1001761.7507 700082.041  30.1%   1.7    2s
H 1785  1890                    1001590.0531 700082.041  30.1%   1.6    3s
H 1944  1997                    999682.27614 700082.041  30.0%   1.6    4s
H 1997  2040                    997868.82443 700082.041  29.8%   1.6    4s
H 2026  2040                    977966.80417 700082.041  28.4%   1.6    4s
  2922  3085 834709.308 1377   93 977966.804 700082.041  28.4%   1.7    5s
H 3787  3597                    972086.24645 733516.041  24.5%   2.2    6s
H 3801  3427                    972049.30445 736772.716  24.2%   2.3    6s
H 3809  3262                    969136.15509 741946.346  23.4%   2.3    7s
  3823  3272 859551.268 1372   66 969136.155 798500.523  17.6%   2.4   10s
H 3827  3111                    969089.04218 798500.523  17.6%   2.4   10s
H 3829  2956                    969047.60497 798500.523  17.6%   2.4   10s
H 3829  2808                    959019.80092 798500.523  16.7%   2.4   10s
H 3836  2672                    956551.97870 798500.523  16.5%   2.4   10s
  3994  2789 830417.532   88  105 956551.979 810487.451  15.3%   2.6   15s
H 4110  2728                    955365.87658 810487.451  15.2%   2.7   15s
H 4194  2661                    954035.50531 810487.451  15.0%   2.8   15s
H 4387  2675                    953921.29148 810487.451  15.0%   3.0   15s
H 4695  2751                    950839.32003 810487.451  14.8%   3.3   15s
H 5762  3416                    950828.31536 810487.451  14.8%   3.8   16s
  9419  5486 923020.188 1138   93 950828.315 810487.451  14.8%   4.8   20s
 14518  9811 847975.347 1049   94 950828.315 810496.264  14.8%   4.9   25s
H18482 13748                    950820.25301 810496.264  14.8%   5.6   29s
 19286 14703 946308.908 2296   70 950820.253 810496.264  14.8%   5.5   30s
H19526 14819                    950539.28070 810496.264  14.7%   5.5   30s
H20559 15863                    950449.69006 810504.599  14.7%   5.5   31s
H21716 17084                    950420.73544 810504.599  14.7%   5.5   32s
 25084 20127 944041.364 1430   78 950420.735 810509.242  14.7%   5.3   35s
 32520 27415 863088.386  222  103 950420.735 810563.123  14.7%   5.2   40s
H35854 30581                    950396.67294 810563.123  14.7%   5.0   41s
 41220 35792 900682.726  236   89 950396.673 810576.580  14.7%   4.7   45s
H48572 43089                    950377.50254 810584.903  14.7%   4.4   49s
 48875 43565 936313.314  920   79 950377.503 810584.903  14.7%   4.4   50s
H56053 50130                    949865.85438 810609.564  14.7%   4.2   54s
H56233 50100                    949038.86718 810609.564  14.6%   4.2   54s
 57191 50963 866055.875  123   96 949038.867 810624.287  14.6%   4.1   55s
H58026 51552                    949038.86639 810624.287  14.6%   4.1   55s
H58897 52180                    948945.00535 810630.410  14.6%   4.1   56s
H59950 52941                    948580.23770 810630.419  14.5%   4.0   56s
H60144 52902                    947841.15697 810630.419  14.5%   4.0   56s
H62984 55432                    947841.13655 810649.083  14.5%   3.9   58s
 65194 57655 934183.490  828   77 947841.137 810649.083  14.5%   3.9   60s
H65440 53381                    943427.30519 810649.083  14.1%   3.8   60s
H66519 54172                    943182.60344 810649.083  14.1%   3.8   60s
H67665 55240                    943172.06284 810660.873  14.0%   3.8   61s
H72699 59395                    942643.11404 810671.220  14.0%   3.8   64s
H72960 59730                    942643.10606 810673.788  14.0%   3.7   64s
 73303 60182 864628.465  136   97 942643.106 810673.788  14.0%   3.7   65s
H74054 60713                    942607.64106 810673.788  14.0%   3.8   65s
H74340 60870                    942602.91257 810673.870  14.0%   3.8   65s
H74663 61169                    942602.90119 810674.484  14.0%   3.8   65s
H75567 61294                    941791.99776 810675.061  13.9%   3.8   66s
H81193 66043                    941555.68157 810684.048  13.9%   3.6   69s
*81219 66042            1599    941555.13286 810684.048  13.9%   3.6   69s
*81225 66042            1597    941555.13119 810684.048  13.9%   3.6   69s
*81229 66042            1597    941555.13020 810684.048  13.9%   3.6   69s
*81230 66042            1597    941555.12848 810684.048  13.9%   3.6   70s
*81236 66042            1597    941555.12798 810684.048  13.9%   3.6   70s
*81238 66042            1597    941555.12699 810684.048  13.9%   3.6   70s
*81239 66042            1597    941555.12526 810684.048  13.9%   3.6   70s
H82282 67079                    941506.62312 810684.048  13.9%   3.6   70s
 88728 73132 909444.615 1645   97 941506.623 810684.048  13.9%   3.6   75s
 96387 80207 854543.764  149   95 941506.623 810700.538  13.9%   3.5   80s
H103988 86314                    941444.95978 810730.626  13.9%   3.5   84s
*104219 86468             602    941410.36108 810730.626  13.9%   3.5   84s
H104473 86547                    941369.49904 810730.626  13.9%   3.5   85s
 112172 93709 841297.790  110  105 941369.499 810747.140  13.9%   3.5   90s
 120148 101160 926960.113  595   74 941369.499 810762.461  13.9%   3.5   95s
H120372 100071                    940491.31920 810762.461  13.8%   3.5   95s
*120656 100235             845    940490.35288 810765.605  13.8%   3.5   95s
*120659 100216             846    940459.35855 810765.605  13.8%   3.5   95s
*120662 100216             846    940459.25304 810765.605  13.8%   3.5   95s
*120663 100161             846    940421.94171 810765.605  13.8%   3.5   95s
*120664 100091             845    940385.16643 810765.605  13.8%   3.5   95s
*120670 100068             845    940348.82317 810765.605  13.8%   3.5   95s
*120671 100032             844    940312.36891 810765.605  13.8%   3.5   95s
*120684 99991             844    940284.26983 810765.605  13.8%   3.5   95s
 125386 103941 939535.734 1918   66 940284.270 810773.719  13.8%   3.4  100s
 130021 108126 925235.442 1138   71 940284.270 810791.763  13.8%   3.4  105s
H133388 109740                    939883.34332 810794.587  13.7%   3.5  107s
 135474 111836 929911.079  547   77 939883.343 810794.587  13.7%   3.5  110s
 140831 116807 926710.250  454   81 939883.343 810841.509  13.7%   3.4  115s
 147498 122892 861745.878  141   94 939883.343 810879.202  13.7%   3.3  120s
H148899 124142                    939883.30707 810879.202  13.7%   3.3  122s
H150050 124966                    939781.96823 810891.635  13.7%   3.3  123s
H151315 126129                    939748.84274 810917.035  13.7%   3.3  124s
 151535 126258 852131.358   91  108 939748.843 810917.035  13.7%   3.3  125s
 156565 130986 915121.156 1291   77 939748.843 810932.244  13.7%   3.3  130s
 161730 135836 884832.640  211   97 939748.843 810932.244  13.7%   3.4  135s
H163972 137741                    939717.55588 810971.315  13.7%   3.4  137s
 166268 139472 859406.204  136   95 939717.556 810986.379  13.7%   3.4  140s
 172025 144947 848076.337   95  108 939717.556 811007.829  13.7%   3.3  145s
 178920 151340 853065.472   79  106 939717.556 811064.716  13.7%   3.3  150s
H179785 152079                    939713.77495 811069.484  13.7%   3.3  150s
H180154 152417                    939713.71483 811069.484  13.7%   3.3  151s
H181299 152839                    939641.93887 811083.300  13.7%   3.3  152s
 183267 154554 876186.723  160  102 939641.939 811105.945  13.7%   3.3  155s
 188551 159425 926377.663  696   80 939641.939 811113.555  13.7%   3.3  160s
 193643 163922 860965.892  120   96 939641.939 811185.737  13.7%   3.3  165s
H194016 163978                    939581.16624 811185.737  13.7%   3.2  165s
H195152 164948                    939577.90785 811202.295  13.7%   3.2  166s
H196377 166170                    939528.39889 811205.664  13.7%   3.2  169s
 197460 166837 854622.956  110  104 939528.399 811213.018  13.7%   3.2  170s
 202403 171137 924283.632  216   91 939528.399 811310.639  13.6%   3.2  175s
 207421 175573 927199.979  298   78 939528.399 811354.362  13.6%   3.2  180s
H209047 176735                    939484.30960 811360.866  13.6%   3.2  182s
H209055 176731                    939479.59880 811360.866  13.6%   3.2  182s
H209086 176699                    939475.12964 811360.866  13.6%   3.2  182s
H210221 177601                    939391.11164 811375.579  13.6%   3.2  183s
 212171 179633 932262.048  337   84 939391.112 811381.231  13.6%   3.2  185s
 217585 184301 935206.962  315   74 939391.112 811410.007  13.6%   3.1  190s
 222655 188779 895347.217  503   88 939391.112 811429.881  13.6%   3.2  195s
 227689 193663 925824.796 1857   76 939391.112 811429.881  13.6%   3.2  200s
H231251 196809                    939361.42156 811592.708  13.6%   3.2  203s
 232338 197476     cutoff  670      939361.422 811592.708  13.6%   3.2  205s
 236658 200648 888704.284  356  102 939361.422 811647.814  13.6%   3.2  210s
 242567 206530 889082.741  202   91 939361.422 811704.933  13.6%   3.2  215s
H243948 207120                    939360.06903 811709.679  13.6%   3.2  216s
H243960 207084                    939331.52830 811709.679  13.6%   3.2  216s
H243965 207083                    939329.68417 811709.679  13.6%   3.2  216s
H243966 207077                    939324.94700 811709.679  13.6%   3.2  216s
H243967 207071                    939322.20874 811709.679  13.6%   3.2  216s
H243973 207045                    939308.13192 811709.679  13.6%   3.2  216s
 247257 210017 886626.210  273  104 939308.132 811841.118  13.6%   3.2  220s
 252005 214563 921035.381 1407   90 939308.132 811841.118  13.6%   3.2  225s
H256627 218807                    939269.14806 812213.055  13.5%   3.2  230s
 262165 223782 834737.353  117  113 939269.148 812894.310  13.5%   3.2  235s
 267413 228706 911835.583 1207   92 939269.148 812894.310  13.5%   3.3  240s
H269272 230283                    939244.47011 812894.310  13.5%   3.3  242s
H269347 230266                    939237.41199 812894.310  13.5%   3.3  242s
H270545 231100                    939052.20885 813241.064  13.4%   3.3  243s
 272405 233007 851989.904  141  108 939052.209 813294.330  13.4%   3.3  245s
 277697 238095 851295.317   88  110 939052.209 813376.190  13.4%   3.3  250s
H283141 243084                    939033.21143 813562.482  13.4%   3.3  254s
 283697 243713 932502.059 1524   76 939033.211 813562.482  13.4%   3.3  255s
 288947 248150 917937.697  418   81 939033.211 813667.841  13.4%   3.3  260s
 293926 252340 927515.993  135  106 939033.211 813721.055  13.3%   3.3  265s
H295890 254196                    939033.14097 813721.055  13.3%   3.3  266s
 299889 257613 891253.952  191   91 939033.141 813849.063  13.3%   3.3  270s
 305615 262789 930954.970  377   81 939033.141 813952.122  13.3%   3.3  275s
H308788 265753                    939033.08118 813961.398  13.3%   3.3  277s
 311949 268574 935375.831  298   71 939033.081 814072.895  13.3%   3.3  280s
 317157 273700 849284.598  121  103 939033.081 814156.739  13.3%   3.3  285s
 323219 279548 908160.952  230   83 939033.081 814379.552  13.3%   3.3  290s
 329389 284459 922902.636  404   72 939033.081 814472.913  13.3%   3.3  295s
 334928 289652 910598.231  173   83 939033.081 814545.966  13.3%   3.3  300s
 340325 294486 929353.181 1059   74 939033.081 814596.302  13.3%   3.3  305s
 345128 298989 909060.815  226   87 939033.081 814644.562  13.2%   3.4  310s
 351172 304645 915815.622  852   76 939033.081 814704.042  13.2%   3.4  315s
 356969 310089 932588.796  369   72 939033.081 814778.419  13.2%   3.4  320s
 362944 315398 926131.937  475   78 939033.081 815020.200  13.2%   3.4  325s
 368153 320363 920862.222  307   81 939033.081 815046.874  13.2%   3.4  330s
 374803 325819 917888.245  442   83 939033.081 815143.198  13.2%   3.4  335s
 381011 331609 872639.221  156  103 939033.081 815501.910  13.2%   3.3  340s
 386680 336637     cutoff  439      939033.081 815792.071  13.1%   3.3  345s
 392828 342604 930621.205  499   69 939033.081 815838.452  13.1%   3.3  350s
H393425 337092                    937618.75970 815838.452  13.0%   3.3  350s
 398621 341796 903323.363  459   96 937618.760 815892.864  13.0%   3.3  355s
 404284 346823 926627.712 1654   81 937618.760 815892.864  13.0%   3.3  360s
H406135 347663                    937536.63573 815892.864  13.0%   3.3  361s
 409490 350529 862271.216  130  104 937536.636 816127.228  12.9%   3.3  365s
 415390 355899 863035.571  147  104 937536.636 816226.218  12.9%   3.4  370s
H418832 358946                    937534.69003 816434.468  12.9%   3.3  372s
H418926 358511                    937462.95396 816434.468  12.9%   3.3  372s
 421381 360426 934330.849  485   77 937462.954 816463.918  12.9%   3.4  375s
 427585 366016 934094.615 1074   76 937462.954 816744.785  12.9%   3.4  380s
H431745 368865                    937397.73239 817358.525  12.8%   3.4  384s
 432692 369781 891974.282  200   93 937397.732 817447.958  12.8%   3.4  385s
 439201 375925 918783.133  330   86 937397.732 817662.870  12.8%   3.3  390s
H444564 380407                    937340.97102 817704.710  12.8%   3.3  394s
 445178 381069 931525.827  605   70 937340.971 817704.710  12.8%   3.3  395s
H445721 381275                    937322.13287 817704.710  12.8%   3.3  395s
 451114 385410 924638.862  867   81 937322.133 817772.066  12.8%   3.3  400s
 457246 390601 936097.034  277   77 937322.133 817937.920  12.7%   3.3  405s
H458371 391375                    937316.87258 817986.288  12.7%   3.3  406s
H458380 391029                    937258.67138 817986.288  12.7%   3.3  406s
 462484 395190 916519.045  883   90 937258.671 818024.295  12.7%   3.3  410s
 469160 401043 857739.508  139  102 937258.671 818351.296  12.7%   3.3  415s
H472408 402745                    937205.65461 818400.027  12.7%   3.3  418s
 475129 405498 871575.894  154   95 937205.655 818441.988  12.7%   3.3  420s
 481383 411362 923553.640  305   78 937205.655 818584.255  12.7%   3.3  425s
H484992 414200                    937163.08257 818732.177  12.6%   3.3  428s
 487313 416547 928844.255  773   78 937163.083 818732.177  12.6%   3.3  430s
 493474 421963 929622.389 1050   76 937163.083 818891.051  12.6%   3.3  435s
 499451 427326 854381.390  120  109 937163.083 819123.228  12.6%   3.3  440s
 504901 432333 864532.554  204  106 937163.083 819210.537  12.6%   3.3  445s
H507884 434821                    937130.95525 819210.537  12.6%   3.3  447s
 510644 437421 887718.484  196   90 937130.955 819436.212  12.6%   3.3  450s
 516979 443202 929489.077 1263   75 937130.955 819538.668  12.5%   3.3  455s
H520769 446166                    937079.35338 819668.549  12.5%   3.3  458s
H520774 446156                    937077.73503 819668.549  12.5%   3.3  458s
H520781 445973                    937041.35713 819668.549  12.5%   3.3  458s
 522733 447834 930329.944 1460   77 937041.357 819668.549  12.5%   3.3  460s
 529134 453395 933827.851 1389   75 937041.357 819716.386  12.5%   3.3  465s
 535021 458886 882477.186  195   95 937041.357 819818.664  12.5%   3.3  470s
 540909 464108 867946.057  171  107 937041.357 819891.380  12.5%   3.3  475s
 546485 468850 884496.600  299   98 937041.357 820054.148  12.5%   3.3  480s
 552471 474425 872504.810  160  105 937041.357 820202.286  12.5%   3.2  485s
 558307 479812 917314.851  248   82 937041.357 820304.570  12.5%   3.2  490s
 564513 485064 866336.325  218   99 937041.357 820759.455  12.4%   3.2  495s
 570333 490338 862636.452  217  102 937041.357 821046.902  12.4%   3.2  500s
 574641 494664 912544.821 1087   81 937041.357 821046.902  12.4%   3.2  505s
 580361 499997 856961.659  170  101 937041.357 821256.576  12.4%   3.2  510s
 585810 504744 934019.709  258   84 937041.357 821418.798  12.3%   3.2  515s
 591116 509830 932848.872  415   74 937041.357 821446.262  12.3%   3.2  520s
 596312 514372 905457.425  498   85 937041.357 821563.357  12.3%   3.2  525s
 601791 519635 875859.815  238  101 937041.357 821622.555  12.3%   3.2  530s
 606898 523999 923261.727  680   78 937041.357 821717.718  12.3%   3.2  535s
 612324 528594 855205.502  178  103 937041.357 821922.300  12.3%   3.2  540s
 617974 533744 875736.209  218  102 937041.357 822028.354  12.3%   3.2  545s
 623254 538682 875889.433  221  103 937041.357 822146.412  12.3%   3.2  550s
 628953 543895 867336.238  215  100 937041.357 822243.045  12.3%   3.2  555s
 634018 548465 903068.831  408   88 937041.357 822314.604  12.2%   3.2  560s
 639681 553423 930949.789 2022   66 937041.357 822314.604  12.2%   3.2  565s
 645112 558511 922119.094  420   70 937041.357 822407.938  12.2%   3.2  570s
 650695 563553 931811.352 1286   75 937041.357 822414.499  12.2%   3.1  575s
 655856 568153 870620.002  242  100 937041.357 822755.072  12.2%   3.1  580s
 661350 573136 872980.204  206  103 937041.357 822995.129  12.2%   3.1  585s
 665374 577048 924985.064  742   84 937041.357 823025.491  12.2%   3.1  590s
 670162 580857 925047.004  282   82 937041.357 823145.130  12.2%   3.1  595s
 675518 586037 921300.652  505   83 937041.357 823180.255  12.2%   3.1  600s
 680518 589863     cutoff  440      937041.357 823245.052  12.1%   3.1  605s
 685665 594399 886080.973  293   98 937041.357 823372.254  12.1%   3.1  610s
 690643 599112 891234.814  237   98 937041.357 823398.998  12.1%   3.1  615s
 695634 603168 931814.114  288   75 937041.357 823424.302  12.1%   3.1  620s
 700744 607937 922961.013 1095   78 937041.357 823436.797  12.1%   3.1  625s
 705961 612614 883679.223  243  100 937041.357 823490.282  12.1%   3.1  630s
 711082 617162 922097.791 1146   80 937041.357 823507.218  12.1%   3.1  635s
 715797 620928 874457.438  214   98 937041.357 823623.735  12.1%   3.1  640s
 721272 626008 930530.710  417   73 937041.357 823995.764  12.1%   3.1  645s
 726650 630958 910229.201  314   87 937041.357 824193.477  12.0%   3.1  650s
 731518 635059 930640.192  879   77 937041.357 824306.666  12.0%   3.1  655s
 736963 639947     cutoff  362      937041.357 824433.682  12.0%   3.1  660s
 741864 644558 915320.290 1245   85 937041.357 824433.682  12.0%   3.1  665s
 747093 649619 904948.464  235   88 937041.357 824486.364  12.0%   3.1  670s
 752170 653132 878050.311  126  103 937041.357 824498.736  12.0%   3.1  675s
 756938 656438     cutoff  316      937041.357 824553.547  12.0%   3.1  680s
 761226 660418     cutoff 1086      937041.357 824577.448  12.0%   3.1  685s
 766559 665226 862869.600  179  105 937041.357 824650.026  12.0%   3.1  690s
 771737 669651 918112.306  984   82 937041.357 824666.926  12.0%   3.1  695s
 776769 673955     cutoff  435      937041.357 824736.841  12.0%   3.1  700s
 781763 678638 909793.655  226   90 937041.357 824788.090  12.0%   3.1  705s
 787644 684262 883455.288  192   97 937041.357 824809.881  12.0%   3.1  710s
 792561 688059     cutoff  244      937041.357 824875.595  12.0%   3.1  715s
 797665 692619 901160.868  293   86 937041.357 824893.433  12.0%   3.1  720s
 802503 696539 902001.861  373   93 937041.357 824986.372  12.0%   3.1  725s
 807702 701306 897504.596  138   98 937041.357 825090.154  11.9%   3.1  730s
 812132 705513 893801.312  623   85 937041.357 825158.514  11.9%   3.1  735s
 816758 710067 914351.069 1583   81 937041.357 825158.514  11.9%   3.1  740s
 822984 715864 931318.559  387   72 937041.357 825271.908  11.9%   3.1  745s
 829893 722489 907566.676 1171   87 937041.357 825288.080  11.9%   3.1  750s
 837180 729415 915495.614  617   88 937041.357 825412.278  11.9%   3.1  755s
 842500 733912 933841.973 1824   78 937041.357 825420.235  11.9%   3.1  760s
 848525 739507 866695.742  204  106 937041.357 825476.889  11.9%   3.1  765s
 855043 745364 919515.872  398   82 937041.357 825541.498  11.9%   3.1  770s
 860705 750712 934973.191 1372   82 937041.357 825555.720  11.9%   3.1  775s
Created node file directory '/home/ps12398/goal_programming/goalProgrammingMarcos//grbnodes3'
 864187 753853 931411.292  702   71 937041.357 825595.266  11.9%   3.1  790s
 869069 757633 932799.043  493   69 937041.357 825601.398  11.9%   3.1  795s
 874440 761687     cutoff  372      937041.357 825631.808  11.9%   3.1  800s
 879221 765290 867491.856  272  103 937041.357 825647.008  11.9%   3.1  805s
 881457 767056 893255.217  357  103 937041.357 825647.008  11.9%   3.1  816s
 886092 771654 837557.174  104  109 937041.357 825688.526  11.9%   3.1  820s
 891719 775373     cutoff  306      937041.357 825709.109  11.9%   3.1  825s
 897381 780233 867919.781  199   98 937041.357 825722.419  11.9%   3.1  830s
 897873 780712 873392.634  207   94 937041.357 825722.419  11.9%   3.1  839s
 898713 781486 896794.202  230   93 937041.357 825722.419  11.9%   3.1  840s
 904429 786088 890715.436  212   89 937041.357 825763.728  11.9%   3.1  845s
 909403 790087 927643.104   98  109 937041.357 825787.490  11.9%   3.1  850s
 913864 792968 865688.020  219  109 937041.357 825798.596  11.9%   3.1  855s
 915325 794467 890823.700  427   96 937041.357 825798.596  11.9%   3.1  865s
 920384 798917 910823.172 1425   84 937041.357 825798.596  11.9%   3.1  870s
 925249 803563 934941.074 2329   69 937041.357 825798.596  11.9%   3.1  875s
 928221 806375 919963.648  242   80 937041.357 825813.044  11.9%   3.1  886s
 932238 808668     cutoff  330      937041.357 825827.762  11.9%   3.1  890s
 938801 813325 904668.570  549   83 937041.357 825842.597  11.9%   3.1  895s
 943414 817178 929333.517 1815   85 937041.357 825842.597  11.9%   3.1  900s
 945590 818943 869604.609  179  104 937041.357 825866.577  11.9%   3.1  910s
 949986 823341 904101.721  369   86 937041.357 825872.834  11.9%   3.1  915s
 956048 829281 933043.822 2150   74 937041.357 825872.834  11.9%   3.1  920s
 960594 832104     cutoff  306      937041.357 825895.216  11.9%   3.1  925s
 961468 832446 884286.857  183  102 937041.357 825903.911  11.9%   3.1  934s
 961926 832961 928644.469  417   84 937041.357 825903.911  11.9%   3.1  935s
 967666 838667 922225.837 1407   77 937041.357 825904.987  11.9%   3.1  940s
 972270 842616 935698.683  424   79 937041.357 825935.553  11.9%   3.1  945s
 975254 845383 934697.465  532   73 937041.357 825969.186  11.9%   3.1  950s
 976559 846473 932156.773  270   74 937041.357 825984.377  11.9%   3.1  959s
 976812 846680 885018.632  207   99 937041.357 825984.377  11.9%   3.1  960s
 982039 851555 918852.062  950   76 937041.357 825998.746  11.9%   3.1  965s
 986876 855709 855356.920  193  116 937041.357 826022.831  11.8%   3.1  970s
 990642 859064 903964.274  392   88 937041.357 826022.831  11.8%   3.1  981s
 994645 862215 930891.828 2022   75 937041.357 826022.831  11.8%   3.1  985s
 1000470 867097 917081.109  372   81 937041.357 826069.951  11.8%   3.1  990s
 1005509 871318 925177.109  278   83 937041.357 826099.352  11.8%   3.1  995s
 1005630 871372     cutoff  288      937041.357 826099.352  11.8%   3.1 1007s
 1008246 873909 931960.672  709   67 937041.357 826114.186  11.8%   3.1 1010s
 1014480 879715 910096.169  338   85 937041.357 826115.332  11.8%   3.1 1015s
H1018338 882389                    936439.23034 826128.582  11.8%   3.1 1018s
H1019012 882865                    936403.75218 826134.928  11.8%   3.1 1020s
H1020370 884071                    936403.74330 826137.938  11.8%   3.1 1021s
 1021574 885235 921384.434  321   70 936403.743 826145.621  11.8%   3.1 1030s
 1025699 888891 923974.109  261   80 936403.743 826158.827  11.8%   3.1 1035s
 1030319 892481 862372.054  106  106 936403.743 826175.766  11.8%   3.1 1040s
 1034459 895972 919955.433   90  108 936403.743 826213.596  11.8%   3.1 1045s
 1038113 898891 916168.631  308   86 936403.743 826225.626  11.8%   3.1 1056s
 1041761 902335 875708.883  255  106 936403.743 826225.820  11.8%   3.1 1060s
 1046495 906290 923717.560  860   78 936403.743 826225.820  11.8%   3.1 1065s
 1051726 909766 851026.173  140  103 936403.743 826245.265  11.8%   3.1 1070s
 1054197 911439 886146.927  248   98 936403.743 826245.265  11.8%   3.1 1081s
 1058232 915462 885729.312  158   97 936403.743 826271.474  11.8%   3.1 1085s
 1062230 917194     cutoff  160      936403.743 826298.283  11.8%   3.1 1090s
 1066707 921007 931296.138  180   77 936403.743 826330.192  11.8%   3.1 1095s
 1070497 924217 910979.137  332   91 936403.743 826341.601  11.8%   3.1 1108s
 1072093 925639 919805.792  685   82 936403.743 826341.601  11.8%   3.1 1110s
 1075497 927904     cutoff  298      936403.743 826369.828  11.8%   3.1 1115s
 1082637 934757 904958.921  683   82 936403.743 826388.552  11.7%   3.1 1120s
 1085366 937204 923668.001 1811   76 936403.743 826388.552  11.7%   3.1 1131s
 1087851 938679 899596.442  133   95 936403.743 826403.431  11.7%   3.1 1135s
 1091753 940495 863089.332  150  110 936403.743 826419.414  11.7%   3.1 1140s
 1097300 945017     cutoff 1721      936403.743 826433.254  11.7%   3.1 1145s
 1101458 948387 868255.289  188  108 936403.743 826445.793  11.7%   3.1 1150s
 1103585 950564 884802.829  264  102 936403.743 826445.793  11.7%   3.1 1160s
 1109178 955112 934390.248  316   84 936403.743 826468.863  11.7%   3.1 1165s
 1113660 958793 873229.000  223   95 936403.743 826471.222  11.7%   3.1 1170s
 1117861 962205 932188.188 1075   76 936403.743 826471.222  11.7%   3.1 1175s
 1120487 963248 930497.084  182   92 936403.743 826504.626  11.7%   3.1 1189s
 1120927 963551 932769.628  279   88 936403.743 826506.181  11.7%   3.1 1190s
 1124853 966831 895083.639  327  102 936403.743 826517.316  11.7%   3.1 1195s
 1129410 970927 922960.592 1538   75 936403.743 826517.316  11.7%   3.1 1200s
 1132471 972980     cutoff 2331      936403.743 826517.316  11.7%   3.1 1205s
 1135992 975198 871061.045  192   98 936403.743 826522.037  11.7%   3.1 1218s
 1136825 975832 882902.186  240   97 936403.743 826522.037  11.7%   3.1 1220s
 1140995 979406 846653.562  121  110 936403.743 826536.845  11.7%   3.1 1225s
 1147425 985399 936270.247  162   89 936403.743 826538.004  11.7%   3.1 1230s
 1151506 987311 877300.294  104  104 936403.743 826557.217  11.7%   3.1 1235s
 1153769 988772 934503.648  173   87 936403.743 826557.217  11.7%   3.1 1246s
 1156182 989803 831279.690  269   94 936403.743 826557.217  11.7%   3.1 1250s
 1161089 994416 929131.050 1018   79 936403.743 826557.217  11.7%   3.2 1255s
 1164552 995766     cutoff  180      936403.743 826561.777  11.7%   3.2 1260s
 1167981 998036     cutoff  113      936403.743 826579.650  11.7%   3.2 1265s
 1172652 1002217 885227.655  292   99 936403.743 826582.155  11.7%   3.2 1278s
 1174815 1004079 916712.641  377   83 936403.743 826582.155  11.7%   3.2 1280s
 1179025 1006417 831158.400   79  112 936403.743 826593.982  11.7%   3.2 1285s
 1182659 1009220 888698.202  294   95 936403.743 826593.982  11.7%   3.2 1290s
 1187996 1014227 919721.700 1634   80 936403.743 826593.982  11.7%   3.2 1295s
 1189440 1015278 936081.723 2146   77 936403.743 826593.982  11.7%   3.2 1305s
 1194596 1019523 932202.148  176   77 936403.743 826616.256  11.7%   3.2 1310s
 1199516 1022622 934411.717  162   85 936403.743 826620.968  11.7%   3.2 1315s
 1204314 1027345 889527.300  217   96 936403.743 826626.088  11.7%   3.2 1320s
 1205714 1028752 899102.527  240   88 936403.743 826626.088  11.7%   3.2 1328s
 1207748 1030733 909493.296  918   85 936403.743 826626.088  11.7%   3.2 1330s
 1212760 1034037 923465.678  135   89 936403.743 826628.730  11.7%   3.2 1335s
 1216074 1034898     cutoff  176      936403.743 826639.709  11.7%   3.2 1340s
 1221580 1039085 932964.382  180   89 936403.743 826643.123  11.7%   3.2 1345s
 1226242 1042585 847367.681  110  111 936403.743 826646.192  11.7%   3.2 1356s
 1229333 1045794 868547.075  165  108 936403.743 826646.192  11.7%   3.2 1360s
 1233671 1049240 923660.346  712   78 936403.743 826646.192  11.7%   3.2 1365s
 1237541 1051763 933810.676  160   88 936403.743 826676.418  11.7%   3.2 1370s
 1242493 1055885 934047.573  173   82 936403.743 826676.950  11.7%   3.2 1375s
 1243126 1056462 934881.573  175   82 936403.743 826676.950  11.7%   3.2 1384s
 1243752 1056744 infeasible  179      936403.743 826676.950  11.7%   3.2 1385s
 1247302 1059517     cutoff  100      936403.743 826687.780  11.7%   3.2 1390s
 1251529 1062589     cutoff  137      936403.743 826697.552  11.7%   3.2 1395s
 1256029 1066574 866336.151  176  104 936403.743 826723.369  11.7%   3.2 1400s
 1259165 1069006 921777.192  391   83 936403.743 826723.369  11.7%   3.2 1413s
 1260374 1069570     cutoff  185      936403.743 826729.091  11.7%   3.2 1415s
 1264480 1072856 867359.153   97  108 936403.743 826743.640  11.7%   3.2 1420s
 1269809 1076081 931503.173  103  106 936403.743 826800.940  11.7%   3.2 1425s
 1275083 1079443 866227.867  175  110 936403.743 826809.035  11.7%   3.2 1430s
 1277948 1082080 919313.208  828   81 936403.743 826809.035  11.7%   3.2 1441s
 1280864 1084223 871010.768  178  105 936403.743 826867.918  11.7%   3.2 1445s
 1285288 1087861     cutoff  240      936403.743 826892.456  11.7%   3.2 1450s
 1291078 1092510 922432.585  217   79 936403.743 826923.135  11.7%   3.2 1455s
 1293314 1093883 885785.117  339   97 936403.743 826949.441  11.7%   3.2 1469s
 1293558 1094158 888517.278  345   95 936403.743 826949.441  11.7%   3.2 1470s
 1298089 1098077     cutoff  306      936403.743 826950.250  11.7%   3.2 1475s
 1302418 1101726 933953.508 1167   76 936403.743 826954.489  11.7%   3.2 1480s
 1306185 1104433     cutoff  293      936403.743 826969.118  11.7%   3.2 1485s
 1309329 1105417 854515.484  119  111 936403.743 827006.444  11.7%   3.2 1490s
 1310055 1106256 864040.378  153  105 936403.743 827006.444  11.7%   3.2 1500s
 1314723 1110469 923450.456  473   81 936403.743 827006.444  11.7%   3.2 1505s
 1318474 1112988     cutoff  200      936403.743 827039.253  11.7%   3.2 1510s
 1321046 1114910 851224.269   95  109 936403.743 827048.189  11.7%   3.2 1515s
 1325607 1119088 933932.034  174   84 936403.743 827048.189  11.7%   3.2 1520s
 1326193 1119614     cutoff  103      936403.743 827048.189  11.7%   3.2 1527s
 1328312 1120498 840579.409  107  112 936403.743 827071.830  11.7%   3.2 1530s
 1331915 1123633 871256.428  187  102 936403.743 827071.830  11.7%   3.2 1535s
 1336648 1127953     cutoff  962      936403.743 827071.830  11.7%   3.2 1540s
 1341479 1130248 878829.179  225  101 936403.743 827104.786  11.7%   3.2 1545s
 1344476 1132669 920320.821  329   85 936403.743 827104.786  11.7%   3.2 1553s
 1345697 1133525 871416.687  241  102 936403.743 827144.583  11.7%   3.2 1555s
 1350246 1136786 896056.681  303   95 936403.743 827154.382  11.7%   3.2 1560s
 1354443 1139265 844638.240   86  111 936403.743 827173.510  11.7%   3.2 1565s
 1358050 1141738     cutoff  133      936403.743 827197.961  11.7%   3.2 1570s
 1362679 1145443 933710.161  183   85 936403.743 827197.961  11.7%   3.2 1575s
 1365006 1147012 833370.162   77  112 936403.743 827228.501  11.7%   3.2 1585s
 1370753 1152778 910089.414  881   83 936403.743 827228.501  11.7%   3.2 1590s
 1375422 1155403 932360.136  162   90 936403.743 827260.032  11.7%   3.2 1595s
 1381445 1161448 924094.707 1193   79 936403.743 827265.683  11.7%   3.2 1606s
 1385809 1165257 912664.480   83  107 936403.743 827266.090  11.7%   3.2 1610s
 1388902 1167052 930516.061  173   89 936403.743 827266.090  11.7%   3.2 1615s
 1392171 1169301 838681.924   85  108 936403.743 827300.031  11.7%   3.2 1620s
 1396781 1172528     cutoff  240      936403.743 827315.917  11.6%   3.2 1625s
 1397954 1173606 844188.806  103  113 936403.743 827326.006  11.6%   3.2 1634s
 1398156 1173801 844040.689  113  115 936403.743 827326.006  11.6%   3.2 1635s
 1401696 1177067 877458.259  227  101 936403.743 827326.006  11.6%   3.2 1640s
 1406000 1180684 919464.436  950   84 936403.743 827326.006  11.6%   3.2 1645s
 1409576 1183130 932278.765  124   92 936403.743 827350.836  11.6%   3.2 1650s
 1412273 1184216 906785.491  309   90 936403.743 827367.988  11.6%   3.2 1655s
 1415932 1187684 926910.974 1483   78 936403.743 827367.988  11.6%   3.2 1670s
 1419329 1189920 882232.423  261   98 936403.743 827389.799  11.6%   3.2 1675s
 1423924 1193604     cutoff  222      936403.743 827398.642  11.6%   3.2 1680s
 1427211 1195335 844454.586  100  112 936403.743 827411.123  11.6%   3.2 1685s
 1431083 1198665 911337.712  328   91 936403.743 827411.123  11.6%   3.2 1690s
 1434219 1200997 932705.033  155   90 936403.743 827446.040  11.6%   3.2 1699s
 1434422 1200987 932281.790  156   91 936403.743 827446.040  11.6%   3.2 1700s
 1438604 1205188 922661.501  693   80 936403.743 827453.210  11.6%   3.2 1705s
 1441008 1206129 933617.245  237   91 936403.743 827465.648  11.6%   3.2 1710s
 1444237 1207624 864226.232  158   99 936403.743 827506.846  11.6%   3.2 1715s
 1449179 1211722 920754.766  444   79 936403.743 827506.846  11.6%   3.2 1720s
 1454323 1214915 934826.757  135   90 936403.743 827560.505  11.6%   3.2 1725s
 1454792 1215285 931952.272  132   90 936403.743 827560.505  11.6%   3.2 1734s
 1455508 1216031 929564.734   98   96 936403.743 827579.659  11.6%   3.2 1735s
 1459386 1218917 866587.321  200  103 936403.743 827585.566  11.6%   3.2 1740s
 1465337 1224870 931853.770 1911   55 936403.743 827585.566  11.6%   3.2 1745s
 1468775 1226654     cutoff  244      936403.743 827598.688  11.6%   3.2 1750s
 1469338 1226987     cutoff  265      936403.743 827598.688  11.6%   3.2 1759s
 1469736 1227238 928309.799  277   73 936403.743 827598.688  11.6%   3.2 1760s
 1475390 1231338     cutoff  151      936403.743 827598.688  11.6%   3.2 1765s
 1480181 1234621 933231.849  237   89 936403.743 827625.613  11.6%   3.2 1770s
 1485204 1237151 934508.187  343   74 936403.743 827655.709  11.6%   3.2 1775s
 1489333 1240369 924617.694  102  103 936403.743 827670.143  11.6%   3.2 1784s
 1489682 1240403     cutoff  279      936403.743 827671.383  11.6%   3.2 1785s
 1494420 1244460 910559.238  446   82 936403.743 827704.152  11.6%   3.2 1790s
 1500038 1249137 932088.888  171   85 936403.743 827748.471  11.6%   3.2 1795s
 1503735 1251126     cutoff  107      936403.743 827776.100  11.6%   3.2 1800s
 1505922 1252585 918045.854  417   84 936403.743 827798.490  11.6%   3.2 1812s
 1509323 1255579     cutoff  117      936403.743 827809.407  11.6%   3.2 1815s
 1514087 1259743 929118.283  161   87 936403.743 827820.585  11.6%   3.2 1820s
 1518395 1262864 892043.926  274   96 936403.743 827849.459  11.6%   3.2 1825s
 1520861 1265530 912640.647  320   85 936403.743 827849.459  11.6%   3.2 1833s
 1523608 1268183 923817.989  857   79 936403.743 827849.459  11.6%   3.2 1835s
 1527470 1270710 876989.824  192  101 936403.743 827861.044  11.6%   3.2 1840s
 1532569 1274636 933194.800  274   91 936403.743 827874.380  11.6%   3.2 1845s
 1535668 1276889 935039.512  246   87 936403.743 827889.688  11.6%   3.2 1856s
 1538496 1279585 892053.788  110  101 936403.743 827922.115  11.6%   3.2 1860s
 1542322 1282058     cutoff  101      936403.743 827942.078  11.6%   3.2 1865s
 1549147 1288593 919631.169 1466   79 936403.743 827949.770  11.6%   3.2 1870s
 1550864 1289910 933327.587 2074   76 936403.743 827949.770  11.6%   3.2 1878s
 1552275 1290690 852297.756  136  110 936403.743 827971.021  11.6%   3.2 1880s
 1556961 1294518 911999.489  298   88 936403.743 827971.021  11.6%   3.2 1885s
 1560686 1296921 846458.684  102  108 936403.743 828009.205  11.6%   3.2 1890s
 1565070 1300672 918473.747  296   84 936403.743 828009.205  11.6%   3.2 1895s
 1567951 1301983     cutoff  155      936403.743 828040.283  11.6%   3.2 1900s
 1568279 1302276 831773.014   75  114 936403.743 828040.283  11.6%   3.2 1907s
 1570548 1304467 906958.412  131   94 936403.743 828040.821  11.6%   3.2 1910s
 1575235 1308331 936247.261  144   85 936403.743 828052.954  11.6%   3.2 1915s
 1578874 1311432 899818.558  520   89 936403.743 828059.100  11.6%   3.2 1920s
 1582577 1315223 911468.286 1455   83 936403.743 828059.100  11.6%   3.2 1929s
 1582935 1315540 911646.481 1558   79 936403.743 828059.100  11.6%   3.2 1930s
 1587515 1319869 928914.970 2328   85 936403.743 828059.100  11.6%   3.2 1935s
 1592444 1324081 848073.069   85  107 936403.743 828080.758  11.6%   3.2 1940s
 1595523 1325325 934699.344  133   92 936403.743 828088.956  11.6%   3.2 1945s
 1596752 1326232     cutoff  245      936403.743 828101.474  11.6%   3.2 1956s
 1600531 1329439     cutoff  160      936403.743 828103.613  11.6%   3.2 1960s
 1603231 1330601 932029.581  130   89 936403.743 828108.389  11.6%   3.2 1965s
 1607877 1334196 932465.527  106   94 936403.743 828114.135  11.6%   3.2 1970s
 1611064 1335562     cutoff  111      936403.743 828125.913  11.6%   3.2 1975s
 1616567 1340722 910535.111  593   79 936403.743 828137.875  11.6%   3.2 1987s
 1619231 1342767 918431.560 1501   74 936403.743 828137.875  11.6%   3.2 1990s
 1623341 1345683 868674.473  194  104 936403.743 828159.659  11.6%   3.2 1995s
 1629024 1351051 933968.673  108   95 936403.743 828163.592  11.6%   3.2 2000s
 1631154 1352824     cutoff  100      936403.743 828169.437  11.6%   3.2 2008s
 1632247 1352981 933051.730  103   99 936403.743 828173.358  11.6%   3.2 2010s
 1636173 1355767 885610.344  224   94 936403.743 828181.961  11.6%   3.2 2015s
 1642171 1359963     cutoff  113      936403.743 828193.666  11.6%   3.2 2020s
 1648013 1365979 902228.289  261   90 936403.743 828195.091  11.6%   3.2 2031s
 1651494 1368656     cutoff  298      936403.743 828199.887  11.6%   3.2 2035s
 1654735 1371039 839645.751   89  113 936403.743 828207.202  11.6%   3.2 2040s
 1657663 1373292 886776.906  232  102 936403.743 828207.202  11.6%   3.2 2045s
 1661534 1376468     cutoff 1218      936403.743 828207.202  11.6%   3.2 2050s
 1664695 1378410 918043.809  157   93 936403.743 828231.547  11.6%   3.2 2060s
 1667825 1380608     cutoff  104      936403.743 828231.601  11.6%   3.2 2065s
 1671352 1383547 923145.640  100  107 936403.743 828234.814  11.6%   3.2 2070s
 1675228 1386951 872176.755  194  102 936403.743 828237.026  11.6%   3.2 2075s
 1679246 1390834 902582.975  281   85 936403.743 828237.026  11.6%   3.2 2085s
 1682832 1393756 928393.593 1378   74 936403.743 828237.026  11.6%   3.2 2090s
 1685900 1395555 850168.466  111  110 936403.743 828257.322  11.5%   3.2 2095s
 1689905 1398693 904535.650  259   91 936403.743 828257.322  11.5%   3.2 2100s
 1693840 1402174 933569.634  148   86 936403.743 828259.159  11.5%   3.2 2109s
 1694278 1402202 933749.826  154   84 936403.743 828259.159  11.5%   3.2 2110s
 1697596 1403276 854109.677  122  107 936403.743 828271.947  11.5%   3.2 2115s
 1702336 1406894     cutoff  176      936403.743 828280.748  11.5%   3.2 2120s
H1702391 1406892                    936371.05139 828280.748  11.5%   3.2 2120s
H1702439 1406901                    936370.00331 828280.748  11.5%   3.2 2120s
 1704425 1407441 842216.110   94  116 936370.003 828289.667  11.5%   3.2 2125s
 1709208 1412256 929145.935 1286   77 936370.003 828291.557  11.5%   3.2 2130s
 1712013 1413113 935648.332  182   78 936370.003 828299.948  11.5%   3.2 2135s
 1713993 1414517 867418.789  142  105 936370.003 828304.055  11.5%   3.2 2146s
 1716790 1417184 919739.742  279   90 936370.003 828304.055  11.5%   3.2 2150s
 1720104 1418969     cutoff  129      936370.003 828313.342  11.5%   3.2 2155s
 1724315 1422541     cutoff  156      936370.003 828314.593  11.5%   3.2 2160s
 1727619 1424556 933703.192  168   91 936370.003 828316.742  11.5%   3.2 2165s
 1730453 1426747 876938.457  233  102 936370.003 828323.769  11.5%   3.2 2170s
 1731904 1428359 911558.401  615   81 936370.003 828323.769  11.5%   3.2 2178s
 1733807 1430235 914754.383 1073   80 936370.003 828323.769  11.5%   3.2 2180s
 1738750 1434436 935940.717 2222   84 936370.003 828323.769  11.5%   3.2 2185s
 1743088 1435466     cutoff  140      936370.003 828342.887  11.5%   3.2 2190s
 1748064 1439157     cutoff  166      936370.003 828358.976  11.5%   3.2 2195s
 1749836 1440075 878113.057  249  104 936370.003 828362.644  11.5%   3.2 2208s
 1751220 1441574 887752.422  280   96 936370.003 828362.644  11.5%   3.2 2210s
 1756218 1446566 909409.717  344   77 936370.003 828362.644  11.5%   3.2 2215s
 1760086 1448877     cutoff  185      936370.003 828388.687  11.5%   3.2 2220s
 1763626 1450360 899349.491  235   99 936370.003 828410.716  11.5%   3.2 2225s
 1766659 1452664 855137.754  126  108 936370.003 828430.294  11.5%   3.2 2236s
 1769531 1455510 868137.648  167  109 936370.003 828430.294  11.5%   3.3 2240s
 1774813 1460895 928554.140  711   77 936370.003 828430.294  11.5%   3.3 2245s
 1778237 1462351 930178.172  198   84 936370.003 828447.302  11.5%   3.3 2250s
 1780317 1462917 932602.964  154   88 936370.003 828449.899  11.5%   3.3 2255s
 1781264 1463633     cutoff  166      936370.003 828456.857  11.5%   3.3 2267s
 1784162 1465915 871074.991  212  106 936370.003 828469.558  11.5%   3.3 2270s
 1788927 1468917     cutoff  114      936370.003 828496.067  11.5%   3.3 2275s
 1793151 1472470 935943.606  169   85 936370.003 828514.031  11.5%   3.3 2280s
 1796454 1474574 929948.628  247   74 936370.003 828519.293  11.5%   3.3 2285s
 1799108 1476726 934056.351  213   82 936370.003 828529.232  11.5%   3.3 2293s
 1800578 1477997 883279.434  203  104 936370.003 828529.537  11.5%   3.3 2295s
 1804614 1480957 933076.981  136   85 936370.003 828537.015  11.5%   3.3 2300s
 1808543 1484084 928164.859  125   89 936370.003 828543.632  11.5%   3.3 2305s
 1812139 1486535     cutoff  251      936370.003 828546.773  11.5%   3.3 2310s
 1814621 1487301 926235.521   90  104 936370.003 828554.000  11.5%   3.3 2315s
 1817438 1489685     cutoff  102      936370.003 828559.714  11.5%   3.3 2324s
 1817678 1489893 930315.048   99  100 936370.003 828559.714  11.5%   3.3 2325s
 1822007 1492694 909056.081  119   96 936370.003 828572.872  11.5%   3.3 2330s
 1824618 1494590 897545.849  109   95 936370.003 828578.793  11.5%   3.3 2335s
 1828401 1497790 925109.620  118  101 936370.003 828582.825  11.5%   3.3 2340s
 1831557 1498925     cutoff  265      936370.003 828593.131  11.5%   3.3 2345s
 1834901 1501384 892957.114  210   98 936370.003 828593.131  11.5%   3.3 2350s
 1835505 1501881 902232.120  235   92 936370.003 828593.131  11.5%   3.3 2357s
 1837276 1503559 924143.677  769   78 936370.003 828593.131  11.5%   3.3 2360s
 1840636 1505219 925780.993  165   88 936370.003 828603.921  11.5%   3.3 2365s
 1843935 1507759 899849.912  354   88 936370.003 828605.700  11.5%   3.3 2370s
 1848335 1511515     cutoff  115      936370.003 828616.154  11.5%   3.3 2375s
 1851317 1513753 935139.429  151   87 936370.003 828619.713  11.5%   3.3 2386s
 1855828 1518123 900184.703  258   88 936370.003 828624.893  11.5%   3.3 2390s
 1859630 1520582 922996.879  104   99 936370.003 828635.827  11.5%   3.3 2395s
 1862508 1522070     cutoff  134      936370.003 828637.657  11.5%   3.3 2400s
 1865715 1524820     cutoff  104      936370.003 828648.151  11.5%   3.3 2411s
 1867917 1526527     cutoff  105      936370.003 828655.215  11.5%   3.3 2415s
 1871604 1529151 934885.633  155   83 936370.003 828660.871  11.5%   3.3 2420s
 1874305 1530688 911632.221  340   91 936370.003 828681.377  11.5%   3.3 2425s
 1879898 1536115 932246.111 2014   73 936370.003 828681.377  11.5%   3.3 2430s
 1881763 1537902 891864.699  215  101 936370.003 828690.382  11.5%   3.3 2438s
 1883786 1539185 872610.011  104   98 936370.003 828695.518  11.5%   3.3 2440s
 1886950 1540476 927781.109  100  101 936370.003 828718.085  11.5%   3.3 2445s
 1892123 1545476 915146.036  156   87 936370.003 828720.209  11.5%   3.3 2450s
 1897901 1549266 883251.645  306   91 936370.003 828728.165  11.5%   3.3 2455s
 1898901 1550187 933463.329  327   91 936370.003 828729.056  11.5%   3.3 2461s
 1902325 1552851 895593.123  234   93 936370.003 828729.056  11.5%   3.3 2465s
 1908466 1558135 932529.686  161   84 936370.003 828740.535  11.5%   3.3 2470s
 1912199 1560430 852217.366   84  108 936370.003 828748.039  11.5%   3.3 2475s
 1914171 1562584 911161.861  397   85 936370.003 828753.521  11.5%   3.3 2483s
 1915689 1564121 916879.518  739   82 936370.003 828753.521  11.5%   3.3 2485s
 1920892 1566983     cutoff  112      936370.003 828760.946  11.5%   3.3 2490s
 1925742 1570868 928677.593  109   98 936370.003 828789.093  11.5%   3.3 2495s
 1928855 1572690 920271.100  402   84 936370.003 828809.133  11.5%   3.3 2500s
 1930962 1574671 929907.077 1027   74 936370.003 828812.984  11.5%   3.3 2508s
 1932464 1575866 932073.610  125   88 936370.003 828815.550  11.5%   3.3 2510s
 1936302 1578293 864065.251  172  101 936370.003 828835.139  11.5%   3.3 2515s
 1941336 1582647 926580.562  899   78 936370.003 828835.139  11.5%   3.3 2520s
 1946999 1586484 878212.082  190  102 936370.003 828850.361  11.5%   3.3 2529s
 1947820 1587125 885914.711  210  102 936370.003 828850.361  11.5%   3.3 2530s
 1952225 1589838 929917.020  128   95 936370.003 828871.663  11.5%   3.3 2535s
 1955591 1592006 901886.736  484   84 936370.003 828881.217  11.5%   3.3 2540s
 1960417 1596247 920828.321 2103   77 936370.003 828881.217  11.5%   3.3 2545s
 1963326 1599383 927290.463 2332   83 936370.003 828881.217  11.5%   3.3 2555s
 1967716 1602581     cutoff  153      936370.003 828883.466  11.5%   3.3 2560s
 1970593 1603914 924576.997  113   92 936370.003 828888.007  11.5%   3.3 2565s
 1974015 1607118 908771.100  785   84 936370.003 828893.563  11.5%   3.3 2570s
 1978414 1611515 922522.900 2034   68 936370.003 828893.563  11.5%   3.3 2581s
 1981725 1614358 830025.587   76  113 936370.003 828897.815  11.5%   3.3 2585s
 1985593 1617113 890174.119  246   98 936370.003 828903.291  11.5%   3.3 2590s
 1989672 1620639 927496.922 1320   77 936370.003 828903.291  11.5%   3.3 2595s
 1993610 1622941 900925.032  113  100 936370.003 828917.617  11.5%   3.3 2600s
 1994172 1623405 933478.711  177   80 936370.003 828917.617  11.5%   3.3 2607s
 1996724 1625364 932830.619  152   87 936370.003 828917.617  11.5%   3.3 2610s
 2000342 1627501 862755.284   91  108 936370.003 828927.364  11.5%   3.3 2615s
 2005331 1631102 852693.884  117  110 936370.003 828941.231  11.5%   3.3 2620s
 2009655 1634946 902112.423  294   93 936370.003 828941.231  11.5%   3.3 2625s
 2013606 1636782 868499.833  154  107 936370.003 828961.671  11.5%   3.3 2635s
 2016672 1639484 914417.857 1152   78 936370.003 828961.671  11.5%   3.3 2640s
 2020637 1642861 930435.952 2325   74 936370.003 828961.671  11.5%   3.3 2645s
 2024106 1645287     cutoff  109      936370.003 828989.500  11.5%   3.3 2650s
 2026656 1646771     cutoff  125      936370.003 828993.175  11.5%   3.3 2660s
 2031963 1651741     cutoff  137      936370.003 829001.570  11.5%   3.3 2665s
 2036310 1654768     cutoff  150      936370.003 829014.575  11.5%   3.3 2670s
 2040465 1658811 935257.471  161   88 936370.003 829017.151  11.5%   3.3 2675s
 2042513 1660469 852301.343  101  106 936370.003 829021.364  11.5%   3.3 2684s
 2043515 1660999 934030.056  145   81 936370.003 829029.929  11.5%   3.3 2685s
 2046666 1662527 860534.711  135  107 936370.003 829038.143  11.5%   3.3 2690s
 2051673 1667701 904955.736  637   86 936370.003 829038.143  11.5%   3.3 2695s
 2056335 1672066     cutoff  166      936370.003 829041.066  11.5%   3.3 2707s
 2058551 1673881     cutoff  124      936370.003 829045.145  11.5%   3.3 2710s
 2061421 1674889 855225.397  125  109 936370.003 829057.356  11.5%   3.3 2715s
 2065182 1677765 839875.080   83  111 936370.003 829061.563  11.5%   3.3 2720s
 2069059 1680344 915709.107  507   85 936370.003 829068.712  11.5%   3.3 2725s
 2072514 1683331 928371.820 1711   79 936370.003 829068.712  11.5%   3.3 2730s
 2073369 1684102 932032.295 2007   79 936370.003 829068.712  11.5%   3.3 2736s
 2077111 1687053 934443.388  107  100 936370.003 829079.932  11.5%   3.3 2740s
 2081080 1689471     cutoff  182      936370.003 829091.358  11.5%   3.3 2745s
 2086468 1694261 908342.831  220   92 936370.003 829094.235  11.5%   3.3 2750s
 2087274 1694582 935572.143  248   76 936370.003 829094.235  11.5%   3.3 2755s
 2090124 1695186 931374.371  137   89 936370.003 829109.235  11.5%   3.3 2760s
 2093582 1697836     cutoff  268      936370.003 829113.552  11.5%   3.3 2765s
 2098085 1702043 909517.876  438   80 936370.003 829113.552  11.5%   3.3 2770s
 2101873 1704368 934241.346  370   87 936370.003 829123.643  11.5%   3.3 2775s
 2104370 1704772     cutoff  104      936370.003 829132.877  11.5%   3.3 2780s
 2106856 1706634 904449.482  389   88 936370.003 829135.042  11.5%   3.3 2785s
 2107694 1707485 918198.054  608   72 936370.003 829135.042  11.5%   3.3 2790s
 2112834 1712054     cutoff  110      936370.003 829138.632  11.5%   3.3 2795s
 2118500 1716482 862600.767   90  108 936370.003 829147.620  11.5%   3.3 2800s
 2120980 1718965 862780.461  163  107 936370.003 829150.543  11.5%   3.3 2809s
 2121534 1719524 862320.975  167  106 936370.003 829150.543  11.5%   3.3 2810s
 2126566 1724404 908627.343  412   84 936370.003 829150.543  11.5%   3.3 2815s
 2129853 1726699     cutoff  225      936370.003 829157.033  11.4%   3.3 2820s
 2134400 1730101     cutoff  410      936370.003 829164.059  11.4%   3.3 2825s
 2135711 1730810 843730.600  101  108 936370.003 829169.426  11.4%   3.3 2832s
 2137716 1732223 886991.340  265   97 936370.003 829169.426  11.4%   3.3 2835s
 2142576 1736142 904882.189  231   87 936370.003 829179.817  11.4%   3.3 2840s
 2145888 1738396     cutoff  113      936370.003 829191.011  11.4%   3.3 2845s
 2150308 1743080 918392.556 1113   72 936370.003 829191.091  11.4%   3.3 2853s
 2152723 1745162 935225.521 1756   56 936370.003 829191.091  11.4%   3.3 2855s
 2155533 1745917     cutoff  175      936370.003 829193.778  11.4%   3.3 2860s
 2158172 1746826 911030.696  103   99 936370.003 829206.906  11.4%   3.3 2865s
 2161708 1749606     cutoff  121      936370.003 829213.515  11.4%   3.3 2870s
 2165569 1752352 933083.026  122   92 936370.003 829221.747  11.4%   3.3 2875s
 2168506 1754874 931533.891  101   95 936370.003 829225.185  11.4%   3.3 2884s
 2168712 1755031 932938.330  105   94 936370.003 829225.185  11.4%   3.3 2885s
 2174448 1759577 915809.009  401   82 936370.003 829234.547  11.4%   3.3 2890s
 2178916 1763536 933141.356 1931   75 936370.003 829234.547  11.4%   3.3 2895s
 2182595 1766366 856999.836   87  109 936370.003 829248.867  11.4%   3.3 2900s
 2183130 1766731 878045.836  109  102 936370.003 829248.867  11.4%   3.3 2905s
 2185817 1768102     cutoff  168      936370.003 829259.960  11.4%   3.3 2910s
 2190400 1771825     cutoff  106      936370.003 829265.016  11.4%   3.3 2915s
 2194481 1774543 934872.574  147   83 936370.003 829269.199  11.4%   3.3 2920s
 2198815 1778172     cutoff  147      936370.003 829275.483  11.4%   3.3 2925s
 2200832 1779751 931701.790  147   88 936370.003 829276.177  11.4%   3.3 2933s
 2202066 1780417     cutoff  167      936370.003 829286.125  11.4%   3.3 2935s
 2206662 1785058 918795.240 1303   86 936370.003 829287.815  11.4%   3.3 2940s
 2211646 1789263 930866.589  186   86 936370.003 829290.729  11.4%   3.3 2945s
 2213409 1790225 922651.963  129   79 936370.003 829302.382  11.4%   3.3 2953s
 2214091 1790712     cutoff  150      936370.003 829302.382  11.4%   3.3 2955s
 2217998 1793659     cutoff  155      936370.003 829327.552  11.4%   3.3 2960s
 2221398 1795917 934238.848  172   81 936370.003 829329.851  11.4%   3.3 2965s
 2226610 1801251 907595.166  448   83 936370.003 829329.851  11.4%   3.3 2970s
 2228281 1802609 928228.922  979   77 936370.003 829329.851  11.4%   3.3 2976s
 2230624 1803050 909127.284  112   95 936370.003 829343.714  11.4%   3.3 2980s
 2236501 1807988     cutoff  166      936370.003 829350.664  11.4%   3.3 2985s
 2242198 1811944 879960.711   98  106 936370.003 829364.475  11.4%   3.3 2990s
 2244005 1813672 862602.686  190  109 936370.003 829366.623  11.4%   3.3 2997s
 2246007 1815490 896399.209  300   93 936370.003 829366.623  11.4%   3.3 3000s
 2250949 1818954 932394.964  111   97 936370.003 829377.595  11.4%   3.3 3005s
 2255078 1820604 838849.362   82  112 936370.003 829388.216  11.4%   3.3 3010s
 2258742 1822893 875771.870  173  104 936370.003 829390.839  11.4%   3.3 3015s
 2262618 1825593 933656.429  164   83 936370.003 829403.971  11.4%   3.3 3024s
 2262985 1825773 894241.517  105  100 936370.003 829405.100  11.4%   3.3 3025s
 2266427 1828028 930209.449  137   89 936370.003 829408.390  11.4%   3.3 3030s
 2270895 1831349 930601.633  292   72 936370.003 829408.390  11.4%   3.3 3035s
 2273836 1832912 852398.080   91  109 936370.003 829414.182  11.4%   3.3 3040s
 2278232 1836904 933500.295  199   83 936370.003 829414.182  11.4%   3.3 3045s
 2280464 1838714     cutoff  102      936370.003 829414.182  11.4%   3.3 3051s
 2282885 1839635     cutoff  176      936370.003 829414.182  11.4%   3.3 3055s
 2287400 1843379 931791.037 1378   82 936370.003 829417.498  11.4%   3.3 3060s
 2291411 1847006 936145.959  161   77 936370.003 829417.498  11.4%   3.3 3065s
 2293692 1848797 927213.626  101   99 936370.003 829417.498  11.4%   3.3 3073s
 2295026 1849134     cutoff  146      936370.003 829423.402  11.4%   3.3 3075s
 2297651 1849853     cutoff  141      936370.003 829423.402  11.4%   3.3 3080s
 2301398 1852638     cutoff  150      936370.003 829423.402  11.4%   3.3 3085s
 2305536 1856115 920532.251  612   85 936370.003 829438.923  11.4%   3.3 3090s
 2309709 1858365     cutoff  104      936370.003 829444.296  11.4%   3.3 3095s
 2314729 1862362 919783.706  453   76 936370.003 829452.961  11.4%   3.3 3103s
 2316313 1863865 922408.468  907   71 936370.003 829452.961  11.4%   3.3 3105s
 2321290 1868377 929499.198 2273   68 936370.003 829452.961  11.4%   3.3 3110s
 2323556 1869274 928964.518   97  108 936370.003 829454.326  11.4%   3.3 3115s
 2326822 1871479 894353.055  256   93 936370.003 829456.155  11.4%   3.3 3120s
 2329562 1873890 919043.273  959   78 936370.003 829456.155  11.4%   3.3 3128s
 2331345 1874546 841245.533   80  111 936370.003 829462.101  11.4%   3.3 3130s
 2335589 1877530 933000.732  116   97 936370.003 829466.575  11.4%   3.3 3135s
 2340337 1880756 934252.919  101   99 936370.003 829469.719  11.4%   3.3 3140s
 2345158 1884308 935440.641  133   87 936370.003 829475.514  11.4%   3.3 3145s
 2347633 1886479 929446.968  142   89 936370.003 829477.099  11.4%   3.3 3151s
 2350572 1888527 936206.179  182   80 936370.003 829477.710  11.4%   3.3 3155s
 2354809 1892765 869875.936  176  101 936370.003 829477.982  11.4%   3.3 3160s
 2359040 1896466 910721.101  305   86 936370.003 829477.982  11.4%   3.3 3173s
 2360325 1897771 930936.541 1049   80 936370.003 829477.982  11.4%   3.3 3175s
 2363767 1899459     cutoff  287      936370.003 829485.268  11.4%   3.3 3180s
 2368813 1904025 911708.743  538   79 936370.003 829485.296  11.4%   3.3 3185s
 2373843 1907870 909872.404  943   85 936370.003 829489.126  11.4%   3.3 3190s
 2375531 1909226 919294.932 1616   87 936370.003 829489.126  11.4%   3.3 3198s
 2376262 1909861 929516.643 1885   81 936370.003 829489.126  11.4%   3.3 3200s
 2380629 1913192 905395.763  699   83 936370.003 829493.014  11.4%   3.3 3205s
 2385194 1915943 932865.233  131   88 936370.003 829499.580  11.4%   3.3 3210s
 2388803 1919108     cutoff  171      936370.003 829501.569  11.4%   3.3 3215s
 2390587 1920176 933939.920  109   95 936370.003 829513.892  11.4%   3.3 3222s
 2392839 1921970 854468.509  112  111 936370.003 829514.329  11.4%   3.3 3225s
 2396568 1924981 922580.585  315   83 936370.003 829514.329  11.4%   3.3 3230s
 2400062 1927533 863865.294  160  105 936370.003 829522.057  11.4%   3.3 3235s
 2403603 1930323 904167.548  249   78 936370.003 829522.057  11.4%   3.3 3240s
 2407307 1932945 850175.038  127  113 936370.003 829533.499  11.4%   3.3 3245s
 2408803 1934464 876597.961  233   97 936370.003 829533.499  11.4%   3.3 3250s
 2412674 1937875 916059.155 1011   80 936370.003 829533.499  11.4%   3.3 3255s
 2417500 1941866 910443.099  677   82 936370.003 829536.070  11.4%   3.3 3260s
 2420076 1944409 918021.602 1404   82 936370.003 829536.070  11.4%   3.3 3266s
 2423592 1947821 931409.684 2327   83 936370.003 829536.070  11.4%   3.3 3270s
 2427134 1950389 857240.467  144  108 936370.003 829537.261  11.4%   3.3 3275s
 2429326 1952682 869906.317  187  102 936370.003 829537.261  11.4%   3.3 3285s
 2433785 1956858 900524.512  279   88 936370.003 829537.261  11.4%   3.3 3290s
 2438020 1960341 931690.930  112  101 936370.003 829537.261  11.4%   3.3 3295s
 2441730 1962814 870714.595  151  109 936370.003 829545.116  11.4%   3.3 3300s
 2445976 1967121 919349.763 1227   80 936370.003 829545.116  11.4%   3.3 3308s
 2448282 1969435 929121.663 1695   79 936370.003 829545.116  11.4%   3.3 3310s
 2451509 1971241     cutoff  304      936370.003 829547.766  11.4%   3.3 3315s
 2455004 1973909 889199.730  219   97 936370.003 829549.504  11.4%   3.3 3320s
 2458732 1977180 926973.237 1432   77 936370.003 829549.504  11.4%   3.3 3325s
 2459545 1977553 863144.138   88  100 936370.003 829552.129  11.4%   3.3 3331s
 2462633 1979424 868758.882  202  108 936370.003 829559.333  11.4%   3.3 3335s
 2467112 1983975 921946.030 1515   74 936370.003 829559.333  11.4%   3.3 3340s
 2471446 1988157     cutoff  155      936370.003 829559.333  11.4%   3.3 3349s
 2471726 1988427     cutoff  154      936370.003 829559.333  11.4%   3.3 3350s
 2475525 1990015 853630.829  136  111 936370.003 829569.638  11.4%   3.3 3355s
 2480515 1994157 920867.204  388   79 936370.003 829569.638  11.4%   3.3 3360s
 2484638 1997339 854876.737  131  115 936370.003 829579.432  11.4%   3.3 3365s
 2488510 2001333 891914.799  239   93 936370.003 829579.432  11.4%   3.3 3373s
 2490153 2002963 902228.713  268   85 936370.003 829579.432  11.4%   3.3 3375s
 2495327 2006888 934960.174  135   90 936370.003 829589.369  11.4%   3.3 3380s
 2498801 2009305     cutoff  107      936370.003 829592.040  11.4%   3.3 3385s
 2500518 2010802     cutoff  194      936370.003 829592.758  11.4%   3.3 3393s
 2501496 2011582 930678.664  131   87 936370.003 829592.758  11.4%   3.3 3395s
 2505382 2014481 916934.516 1140   86 936370.003 829592.758  11.4%   3.3 3400s
 2510712 2019912 927231.770 2334   86 936370.003 829592.758  11.4%   3.3 3405s
 2513331 2022457 918914.411  153   92 936370.003 829597.225  11.4%   3.3 3415s
 2515994 2023784 933245.723  138   86 936370.003 829603.587  11.4%   3.3 3420s
 2519449 2026094 852953.636  117  107 936370.003 829606.070  11.4%   3.3 3425s
 2523626 2029429 905800.760  257   88 936370.003 829606.070  11.4%   3.3 3430s
 2528352 2032870 856020.593  127  107 936370.003 829623.163  11.4%   3.3 3435s
 2532188 2035858 903405.913  271   91 936370.003 829623.163  11.4%   3.3 3444s
 2532520 2036154 905197.944  275   92 936370.003 829623.163  11.4%   3.3 3445s
 2536896 2039359 877530.293  111  101 936370.003 829632.722  11.4%   3.3 3450s
 2540420 2041526 863945.051  126   99 936370.003 829633.969  11.4%   3.3 3455s
 2544688 2045015 923528.244  322   82 936370.003 829633.969  11.4%   3.3 3460s
 2547632 2047199 863592.387  140  108 936370.003 829642.129  11.4%   3.3 3467s
 2549967 2048943 893625.532  232   98 936370.003 829642.129  11.4%   3.3 3470s
 2553774 2052125 928716.127 1700   76 936370.003 829642.129  11.4%   3.3 3475s
 2558452 2055670 843431.613   98  111 936370.003 829652.966  11.4%   3.3 3480s
 2561777 2058175 874678.954  171   95 936370.003 829652.966  11.4%   3.3 3489s
 2562249 2058606 878807.275  181  106 936370.003 829652.966  11.4%   3.3 3490s
 2566711 2061770     cutoff  144      936370.003 829652.966  11.4%   3.3 3495s
 2570819 2065269 882957.349  212   99 936370.003 829659.115  11.4%   3.3 3500s
 2575325 2068867     cutoff  164      936370.003 829664.201  11.4%   3.3 3505s
 2576777 2070077 933592.509  174   84 936370.003 829665.393  11.4%   3.3 3511s
 2580003 2072346 840827.899   79  108 936370.003 829668.753  11.4%   3.3 3515s
 2582436 2072949 infeasible  125      936370.003 829674.722  11.4%   3.3 3520s
 2586550 2076928 907318.604  322   84 936370.003 829675.645  11.4%   3.3 3525s
 2590298 2080476 933011.078 1686   69 936370.003 829675.645  11.4%   3.3 3532s
 2592170 2081260 934737.364  188   81 936370.003 829676.553  11.4%   3.3 3535s
 2595427 2083223 855669.015  123  109 936370.003 829680.955  11.4%   3.3 3540s
 2599105 2086040 898630.847  213   93 936370.003 829680.955  11.4%   3.3 3545s
 2604334 2090275     cutoff  132      936370.003 829680.955  11.4%   3.3 3554s
 2604627 2090595     cutoff  135      936370.003 829684.528  11.4%   3.3 3555s
 2607960 2093858 868006.435  165   99 936370.003 829684.528  11.4%   3.3 3560s
 2611660 2096932 902277.965  238   91 936370.003 829684.528  11.4%   3.3 3565s
 2617120 2101215 930398.718 1563   75 936370.003 829688.771  11.4%   3.3 3570s
 2619124 2102393 868212.873  164  106 936370.003 829689.336  11.4%   3.3 3577s
 2620745 2103791 893415.146  237   94 936370.003 829689.336  11.4%   3.3 3580s
 2624353 2106214 929481.779  199   88 936370.003 829698.814  11.4%   3.3 3585s
 2629191 2110566 865554.375  168  103 936370.003 829702.797  11.4%   3.3 3590s
 2633632 2114761 901080.426  255   89 936370.003 829702.797  11.4%   3.3 3599s
 2634327 2115390 908681.840  319   83 936370.003 829702.797  11.4%   3.3 3600s

Cutting planes:
  Gomory: 10
  Implied bound: 6
  MIR: 8
  Flow cover: 15
  RLT: 48

Explored 2634606 nodes (8792063 simplex iterations) in 3600.04 seconds (1922.90 work units)
Thread count was 2 (of 24 available processors)

Solution count 10: 936370 936404 936439 ... 937259

Time limit reached
Best objective 9.363700033150e+05, best bound 8.297027971032e+05, gap 11.3916%
