
Gurobi 11.0.3 (linux64, Java) logging started seg 11 nov 2024 15:53:47 -03

Set parameter Username
Academic license - for non-commercial use only - expires 2025-10-10
Set parameter NonConvex to value 2
Set parameter TimeLimit to value 3600
Set parameter LogToConsole to value 0
Set parameter MIPGap to value 2.4984374264171935e-07
Set parameter Threads to value 2
Set parameter NodefileDir to value "/home/ps12398/goal_programming/goalProgrammingMarcos/"
Set parameter NodefileStart to value 1
Gurobi Optimizer version 11.0.3 build v11.0.3rc0 (linux64)

CPU model: Intel(R) Xeon(R) CPU           X5650  @ 2.67GHz, instruction set [SSE2]
Thread count: 12 physical cores, 24 logical processors, using up to 2 threads

Optimize a model with 57891 rows, 39068 columns and 204713 nonzeros
Model fingerprint: 0xa7127ffd
Model has 144 quadratic constraints
Variable types: 19466 continuous, 19602 integer (139 binary)
Coefficient statistics:
  Matrix range     [7e-03, 6e+05]
  QMatrix range    [7e-03, 2e+04]
  QLMatrix range   [1e+00, 2e+04]
  Objective range  [5e+00, 8e+06]
  Bounds range     [1e+00, 1e+08]
  RHS range        [1e+00, 8e+04]
  QRHS range       [3e-03, 3e-03]
Presolve removed 57628 rows and 38425 columns
Presolve time: 0.13s
Presolved: 780 rows, 810 columns, 12674 nonzeros
Presolved model has 2 SOS constraint(s)
Presolved model has 139 bilinear constraint(s)

Solving non-convex MIQCP

Variable types: 433 continuous, 377 integer (141 binary)
Found heuristic solution: objective 2889248.6104

Root relaxation: objective 9.303605e+05, 124 iterations, 0.00 seconds (0.00 work units)

    Nodes    |    Current Node    |     Objective Bounds      |     Work
 Expl Unexpl |  Obj  Depth IntInf | Incumbent    BestBd   Gap | It/Node Time

     0     0 930360.507    0  112 2889248.61 930360.507  67.8%     -    0s
     0     0 1079685.77    0  128 2889248.61 1079685.77  62.6%     -    0s
H    0     0                    1817667.3813 1086131.18  40.2%     -    0s
     0     0 1092470.37    0  115 1817667.38 1092470.37  39.9%     -    0s
     0     0 1146397.69    0  125 1817667.38 1146397.69  36.9%     -    0s
H    0     0                    1652872.2740 1153253.81  30.2%     -    0s
     0     0 1155581.32    0  133 1652872.27 1155581.32  30.1%     -    0s
     0     0 1158696.49    0  127 1652872.27 1158696.49  29.9%     -    0s
     0     0 1159117.72    0  129 1652872.27 1159117.72  29.9%     -    0s
     0     0 1163937.77    0  125 1652872.27 1163937.77  29.6%     -    0s
     0     0 1165030.83    0  126 1652872.27 1165030.83  29.5%     -    0s
     0     0 1165437.12    0  127 1652872.27 1165437.12  29.5%     -    0s
     0     0 1171139.07    0  126 1652872.27 1171139.07  29.1%     -    0s
     0     0 1171148.01    0  127 1652872.27 1171148.01  29.1%     -    0s
     0     0 1171289.46    0  127 1652872.27 1171289.46  29.1%     -    0s
     0     0 1171319.53    0  127 1652872.27 1171319.53  29.1%     -    0s
     0     2 1171329.61    0  127 1652872.27 1171329.61  29.1%     -    1s
H  180   187                    1394126.6408 1181021.14  15.3%   1.9    1s
H  185   187                    1359020.6576 1181021.14  13.1%   1.9    1s
H 1459  1469                    1337314.3664 1181021.14  11.7%   2.1    2s
H 1467  1469                    1325423.4632 1181021.14  10.9%   2.1    2s
H 3168  3168                    1325294.9907 1181021.14  10.9%   1.9    3s
  3804  3798 1266021.64 1133   63 1325294.99 1231467.29  7.08%   2.0    5s
H 3820  3620                    1318717.9845 1254433.90  4.87%   2.2    6s
H 3827  3442                    1309739.4128 1255052.37  4.18%   2.2    7s
H 3993  3376                    1308755.6889 1256593.30  3.99%   2.5    8s
H 4094  3292                    1302297.6275 1256593.30  3.51%   2.5    8s
H 4752  3608                    1302280.0474 1256593.30  3.51%   2.6    8s
  6462  4786 1277403.54  690   67 1302280.05 1256593.30  3.51%   2.7   10s
H 7861  5358                    1301700.1866 1257121.05  3.42%   2.9   11s
H 8152  5462                    1298503.6688 1257121.05  3.19%   2.9   11s
H 8540  5491                    1295337.1774 1257121.05  2.95%   2.9   11s
H 8734  5535                    1295057.4162 1257121.05  2.93%   2.9   12s
 12213  8221 1277569.51  271   77 1295057.42 1257348.04  2.91%   3.4   15s
H14789 10386                    1293109.9447 1257545.42  2.75%   3.5   17s
H14886 10373                    1293033.0502 1257545.42  2.74%   3.5   17s
H15246 10690                    1292441.1562 1257545.42  2.70%   3.4   18s
H15621 10902                    1291848.9992 1257545.42  2.66%   3.5   18s
 17133 12402 1287255.15  211   87 1291849.00 1257554.27  2.65%   3.4   20s
 22205 17049 1286937.55  417   79 1291849.00 1257803.11  2.64%   3.3   25s
H25903 20035                    1291118.3989 1258069.44  2.56%   3.3   28s
H26634 20615                    1291076.4289 1258087.18  2.56%   3.4   29s
 26886 20942 1258968.88   53  115 1291076.43 1258109.99  2.55%   3.4   30s
H30183 23733                    1291076.4261 1258168.18  2.55%   3.3   33s
 32129 25479 1283258.96  163   73 1291076.43 1258174.95  2.55%   3.3   35s
 35991 28895 1267403.32   71  102 1291076.43 1258290.80  2.54%   3.3   40s
 41100 33253     cutoff  203      1291076.43 1258423.81  2.53%   3.3   45s
 45934 37470 1288895.87  369   76 1291076.43 1258593.95  2.52%   3.2   50s
 50868 41637 1266396.42   69  108 1291076.43 1258687.05  2.51%   3.2   55s
*54442 44635             558    1290996.5900 1258780.26  2.50%   3.2   57s
*54445 44635             559    1290996.4715 1258780.26  2.50%   3.2   57s
*54446 44633             560    1290986.4728 1258780.26  2.49%   3.2   57s
*54449 44622             561    1290927.6315 1258780.26  2.49%   3.2   57s
*54458 44620             559    1290905.0800 1258780.26  2.49%   3.2   57s
*54470 44594             562    1290836.3517 1258780.26  2.48%   3.2   57s
H55646 45655                    1290804.6009 1258799.97  2.48%   3.3   59s
 56607 46476 1288613.26  164   82 1290804.60 1258817.86  2.48%   3.3   60s
 61958 51220 1277376.58  248   80 1290804.60 1258904.54  2.47%   3.3   65s
 67697 55997 1285730.22  184   86 1290804.60 1258981.50  2.47%   3.3   70s
 72994 60563 1267867.73  137   97 1290804.60 1259079.08  2.46%   3.3   75s
 79427 65939     cutoff  206      1290804.60 1259159.03  2.45%   3.3   80s
 85426 71088 1268876.07  138   93 1290804.60 1259347.11  2.44%   3.3   85s
 91393 75990 1270744.68  124   91 1290804.60 1259481.42  2.43%   3.3   90s
 97639 81577 1285985.13  233   80 1290804.60 1259573.55  2.42%   3.3   95s
H99871 83388                    1290600.7527 1259624.13  2.40%   3.3   96s
 103056 86182 1270607.73  107  101 1290600.75 1259664.13  2.40%   3.3  100s
 108528 90908     cutoff  243      1290600.75 1259715.45  2.39%   3.2  105s
 114455 96113 1264829.62   80  103 1290600.75 1259771.46  2.39%   3.2  110s
 120702 101425 1289265.58  311   70 1290600.75 1259805.66  2.39%   3.2  115s
 126966 106973 1267780.55  128   94 1290600.75 1259844.76  2.38%   3.3  120s
 132501 111491 1275047.83  220   92 1290600.75 1259896.92  2.38%   3.3  125s
 138431 116481 1289456.88  190   87 1290600.75 1259962.17  2.37%   3.3  130s
 144464 121620     cutoff  221      1290600.75 1260017.66  2.37%   3.2  135s
 150409 126891 1270149.25  189   91 1290600.75 1260120.67  2.36%   3.2  140s
 156444 132136     cutoff  326      1290600.75 1260169.57  2.36%   3.2  145s
 162421 137389 1281984.52  306   79 1290600.75 1260267.25  2.35%   3.2  150s
 167258 141318 1288708.48  257   75 1290600.75 1260404.04  2.34%   3.2  155s
H170037 143348                    1290459.4463 1260522.53  2.32%   3.2  157s
H170112 142689                    1289981.0439 1260531.72  2.28%   3.2  157s
 172134 144392 1287037.79  194   81 1289981.04 1260568.67  2.28%   3.2  160s
 177510 148957 1276758.87  161   73 1289981.04 1260640.04  2.27%   3.3  165s
 183027 153739 1269038.35   90  103 1289981.04 1260742.17  2.27%   3.3  170s
 188513 158424 1288641.01  264   86 1289981.04 1260865.53  2.26%   3.2  175s
 193969 163020 1278901.24   97   88 1289981.04 1260944.46  2.25%   3.2  180s
 200100 168224 1289381.99  277   83 1289981.04 1261077.72  2.24%   3.2  185s
 206243 173341 1274500.47  171   95 1289981.04 1261163.14  2.23%   3.2  190s
 211456 177708 1276768.24  133   94 1289981.04 1261208.18  2.23%   3.2  195s
 217158 182902 1268234.40   84  103 1289981.04 1261243.95  2.23%   3.2  200s
 222768 187635 1275046.78   98   99 1289981.04 1261276.22  2.23%   3.2  205s
 228678 192853 1262052.60   79  109 1289981.04 1261302.89  2.22%   3.2  210s
 234781 198073 1269574.04  157   88 1289981.04 1261324.35  2.22%   3.2  215s
 240315 203093 1273513.57  188   83 1289981.04 1261344.21  2.22%   3.2  220s
 245982 208037     cutoff  288      1289981.04 1261353.04  2.22%   3.2  225s
 250954 212468 1273517.10  182   82 1289981.04 1261377.77  2.22%   3.2  230s
 256645 217190 1268315.30  124   99 1289981.04 1261395.62  2.22%   3.2  235s
 262686 222535 1283415.30  130   87 1289981.04 1261413.13  2.21%   3.2  240s
 268218 227207 1273789.06  147   81 1289981.04 1261437.51  2.21%   3.2  245s
 274009 232098 1263524.88   80  107 1289981.04 1261447.28  2.21%   3.2  250s
 279387 236885 1266196.41   99  106 1289981.04 1261458.53  2.21%   3.2  255s
 284914 241628 1289426.88  407   68 1289981.04 1261474.83  2.21%   3.2  260s
H286360 242388                    1289812.5651 1261476.23  2.20%   3.2  261s
 289702 245612 1272288.36  168   90 1289812.57 1261484.55  2.20%   3.2  265s
 295557 250828 1271298.49  224   79 1289812.57 1261494.68  2.20%   3.2  270s
H299005 253189                    1289716.7376 1261506.36  2.19%   3.2  273s
H299069 252644                    1289597.4304 1261506.36  2.18%   3.2  273s
H300215 253569                    1289551.5340 1261508.35  2.17%   3.2  274s
 300468 253789 1289185.28  160   78 1289551.53 1261508.79  2.17%   3.2  275s
 306061 258552 1287390.97  306   74 1289551.53 1261518.89  2.17%   3.2  280s
 311648 263422 1262654.87   86  106 1289551.53 1261526.59  2.17%   3.2  285s
H313248 264606                    1289514.1137 1261526.88  2.17%   3.2  286s
 317930 268933 1282487.91  447   72 1289514.11 1261535.26  2.17%   3.2  290s
 323052 273036 1280528.09  148   80 1289514.11 1261547.73  2.17%   3.2  295s
H326368 275839                    1289485.1694 1261553.75  2.17%   3.2  298s
 328449 277820 1264254.99   93  102 1289485.17 1261558.65  2.17%   3.2  300s
 334825 283146 1288849.48  271   70 1289485.17 1261565.41  2.17%   3.2  305s
H340227 287507                    1289464.7012 1261576.17  2.16%   3.1  309s
 340321 287823 1266925.99  123   92 1289464.70 1261576.17  2.16%   3.1  310s
H341309 288630                    1289460.2194 1261576.63  2.16%   3.1  311s
 345599 292342 1285417.54  288   65 1289460.22 1261581.88  2.16%   3.2  315s
 351114 296936 1269520.57  109   99 1289460.22 1261589.90  2.16%   3.1  320s
H354528 299836                    1289432.7487 1261594.63  2.16%   3.1  323s
H354535 299759                    1289418.7311 1261594.63  2.16%   3.1  323s
 356298 301404 1263393.78   86  106 1289418.73 1261598.96  2.16%   3.1  325s
 361943 306646 1282247.60  316   71 1289418.73 1261604.27  2.16%   3.1  330s
 368562 312066 1287987.67  182   81 1289418.73 1261611.01  2.16%   3.1  335s
H368910 312208                    1289413.1835 1261611.33  2.16%   3.1  335s
 374918 317541 1274093.52  154   90 1289413.18 1261615.41  2.16%   3.1  340s
 380199 322179     cutoff  154      1289413.18 1261621.25  2.16%   3.1  345s
H381992 323510                    1289351.8533 1261623.58  2.15%   3.1  346s
 385819 326992 1277835.62  243   74 1289351.85 1261626.71  2.15%   3.1  350s
 391584 332032 1278675.05  330   82 1289351.85 1261631.81  2.15%   3.1  355s
H396823 336275                    1289292.9632 1261635.09  2.15%   3.1  359s
 397453 336631 1261727.84   79  110 1289292.96 1261635.64  2.15%   3.1  360s
 402988 341573 1264536.37   99  102 1289292.96 1261639.47  2.14%   3.1  365s
 408740 346615 1275007.89  222   81 1289292.96 1261644.99  2.14%   3.1  370s
H409608 346819                    1289236.5131 1261645.98  2.14%   3.1  370s
H409712 346817                    1289235.9506 1261645.98  2.14%   3.1  370s
 413707 350386 1275862.67  184   87 1289235.95 1261650.60  2.14%   3.1  375s
 419064 355046     cutoff  275      1289235.95 1261656.04  2.14%   3.1  380s
 424358 359696 1285329.22  208   74 1289235.95 1261662.00  2.14%   3.1  385s
 429760 364509 1262005.19   79  111 1289235.95 1261665.58  2.14%   3.1  390s
 435190 369086     cutoff  141      1289235.95 1261672.11  2.14%   3.1  395s
H438548 371984                    1289235.4679 1261675.02  2.14%   3.1  397s
 440652 373577 1265005.95  116   97 1289235.47 1261677.76  2.14%   3.1  400s
 445856 377979 1265205.60   87  101 1289235.47 1261682.11  2.14%   3.1  405s
 451712 383222 1270686.32  127   95 1289235.47 1261684.28  2.14%   3.1  410s
 457354 388060 1267614.92  131   95 1289235.47 1261688.99  2.14%   3.1  415s
 462732 392789 1274784.34  204   74 1289235.47 1261692.02  2.14%   3.1  420s
 468234 397329 1271485.62  139   94 1289235.47 1261695.95  2.14%   3.1  425s
 473630 401929     cutoff  179      1289235.47 1261699.63  2.14%   3.1  430s
 480054 407871 1264964.87  113  100 1289235.47 1261702.89  2.14%   3.1  435s
 485292 412661 1281310.11  274   81 1289235.47 1261706.74  2.14%   3.1  440s
H488211 415214                    1289234.2245 1261709.02  2.14%   3.1  443s
 489642 416234 1272576.58  178   81 1289234.22 1261710.44  2.13%   3.1  445s
 495261 421536 1285665.81  587   77 1289234.22 1261713.26  2.13%   3.1  450s
H501114 426174                    1289221.9593 1261717.50  2.13%   3.1  454s
H501116 426078                    1289208.5234 1261717.50  2.13%   3.1  454s
 501260 426330 1268518.50   93  102 1289208.52 1261717.50  2.13%   3.1  455s
H502320 427048                    1289197.8127 1261718.56  2.13%   3.1  456s
H502466 426878                    1289175.0238 1261718.64  2.13%   3.1  456s
 506506 430364 1288164.65  366   69 1289175.02 1261721.93  2.13%   3.1  460s
 512311 435753 1269264.76  113   91 1289175.02 1261723.67  2.13%   3.1  465s
H515218 438284                    1289164.3130 1261725.56  2.13%   3.1  467s
 517656 440235 1264514.85  112  102 1289164.31 1261727.34  2.13%   3.1  470s
 522886 444925 1279654.03  226   79 1289164.31 1261731.56  2.13%   3.1  475s
H527851 448859                    1289157.6530 1261734.26  2.13%   3.1  479s
 528031 448861 1266306.31  136   97 1289157.65 1261734.26  2.13%   3.1  480s
 532997 453861 1283970.90  270   72 1289157.65 1261735.76  2.13%   3.0  485s
 538612 458563 1283705.34  139   93 1289157.65 1261737.35  2.13%   3.0  490s
H540663 460188                    1289133.3594 1261738.39  2.13%   3.0  491s
H540873 459871                    1289096.3711 1261738.64  2.12%   3.0  492s
 544294 462968 1267485.28  137   95 1289096.37 1261740.14  2.12%   3.0  495s
 549790 467793 1262269.54   68  111 1289096.37 1261744.15  2.12%   3.0  500s
H553729 471110                    1289095.3867 1261746.38  2.12%   3.0  504s
H553735 470735                    1289047.9776 1261746.38  2.12%   3.0  504s
H553740 470707                    1289044.5672 1261746.38  2.12%   3.0  504s
 554812 471881 1282037.73  244   69 1289044.57 1261747.71  2.12%   3.0  505s
 560115 476269 1272867.73  122   96 1289044.57 1261750.37  2.12%   3.0  510s
 565302 481065 1271289.85  171   83 1289044.57 1261752.05  2.12%   3.0  515s
 570751 485682 1277025.07  138   83 1289044.57 1261755.88  2.12%   3.0  520s
 576058 490127 1277618.89  257   72 1289044.57 1261758.19  2.12%   3.0  525s
 581691 495008 1284599.67  310   75 1289044.57 1261760.73  2.12%   3.0  530s
 587081 499663 1268846.97  129   97 1289044.57 1261764.12  2.12%   3.0  535s
 591564 503419 1287086.02  209   71 1289044.57 1261767.32  2.12%   3.0  540s
 597021 508090     cutoff  133      1289044.57 1261770.74  2.12%   3.0  545s
H601822 512256                    1289041.6225 1261772.82  2.12%   3.0  549s
H602093 512122                    1289023.9039 1261772.87  2.11%   3.0  550s
 607233 516703 1279912.53  172   73 1289023.90 1261774.89  2.11%   3.0  555s
 613115 521857 1274563.61  152   88 1289023.90 1261779.40  2.11%   3.0  560s
H614885 523005                    1289003.5088 1261779.92  2.11%   3.0  561s
H614894 522725                    1288974.8202 1261779.92  2.11%   3.0  561s
H616195 523319                    1288903.5913 1261780.43  2.10%   3.0  563s
H617360 524221                    1288883.7373 1261780.70  2.10%   3.0  564s
 617971 524647 1272539.14  154   95 1288883.74 1261781.02  2.10%   3.0  565s
 624126 530299 1285422.98  285   68 1288883.74 1261783.57  2.10%   3.0  570s
 630357 535737 1273779.51  140   86 1288883.74 1261785.88  2.10%   3.0  575s
 635575 540005 1287515.76  243   77 1288883.74 1261789.84  2.10%   3.0  580s
 640750 544711 1279488.20  314   72 1288883.74 1261793.39  2.10%   3.0  585s
 646472 549767 1267419.94  150   87 1288883.74 1261796.06  2.10%   3.0  590s
 652233 554613 1263283.68   95  108 1288883.74 1261798.71  2.10%   3.0  595s
 657672 559393 1272302.66  149   86 1288883.74 1261800.77  2.10%   3.0  600s
 663450 564176 1270533.61  139   93 1288883.74 1261803.07  2.10%   3.0  605s
 669054 569126 1268863.78  119   97 1288883.74 1261806.85  2.10%   3.0  610s
 673653 573086 1264488.53   90  104 1288883.74 1261809.22  2.10%   3.0  615s
 678896 577811 1269330.82  192   87 1288883.74 1261811.56  2.10%   3.0  620s
 684534 582669 1265719.40  128   98 1288883.74 1261814.05  2.10%   3.0  625s
 690123 587398 1288683.79  445   80 1288883.74 1261817.11  2.10%   3.0  630s
 695245 591825 1264664.98  106  105 1288883.74 1261818.80  2.10%   3.0  635s
 700836 596606 1275966.32  149   80 1288883.74 1261823.87  2.10%   3.0  640s
 706069 601216 1286908.57  271   77 1288883.74 1261825.97  2.10%   3.0  645s
 711450 605753 1262577.52   73  113 1288883.74 1261827.28  2.10%   3.0  650s
H712114 606363                    1288882.8963 1261827.96  2.10%   3.0  651s
 715863 609673 1287991.22  219   71 1288882.90 1261830.08  2.10%   3.0  655s
 721553 614526 1283190.97  235   81 1288882.90 1261832.26  2.10%   3.0  660s
H724876 617040                    1288862.1977 1261833.36  2.10%   3.0  663s
 726354 618317 1273346.07  156   83 1288862.20 1261834.64  2.10%   3.0  665s
 731818 623068 1266717.63  125  102 1288862.20 1261837.79  2.10%   3.0  670s
 737384 627963 1268611.79  130   93 1288862.20 1261840.48  2.10%   3.0  675s
 742676 632729 1263845.42   99  107 1288862.20 1261842.45  2.10%   3.0  680s
 747990 637433 1264165.07  119  101 1288862.20 1261844.22  2.10%   3.0  685s
 753466 642225 1264627.88  104  103 1288862.20 1261846.77  2.10%   3.0  690s
 758326 646560 1275903.86  178   80 1288862.20 1261848.67  2.10%   3.0  695s
 763370 650530 1278880.62  160   87 1288862.20 1261851.80  2.10%   3.0  700s
 768742 655213 1282760.01  349   70 1288862.20 1261853.53  2.10%   3.0  705s
H769258 655405                    1288845.4555 1261853.53  2.09%   3.0  705s
 773508 659302 1280155.59  218   74 1288845.46 1261854.65  2.09%   3.0  710s
 779357 664426 1284996.53  245   71 1288845.46 1261857.56  2.09%   3.0  715s
H781965 666542                    1288845.2192 1261858.54  2.09%   3.0  717s
 783696 668142 1276524.19  138   90 1288845.22 1261859.21  2.09%   3.0  720s
 789504 673306 1262336.17   73  114 1288845.22 1261860.89  2.09%   3.0  725s
 795024 678099 1275074.68  137   96 1288845.22 1261864.15  2.09%   3.0  730s
 800417 682625     cutoff  344      1288845.22 1261867.05  2.09%   3.0  735s
H800419 682513                    1288835.4877 1261867.05  2.09%   3.0  735s
 805754 687291 1262154.28   70  112 1288835.49 1261869.22  2.09%   3.0  740s
 811211 691971     cutoff  184      1288835.49 1261872.32  2.09%   3.0  745s
 816905 696967 1267078.79   93  105 1288835.49 1261874.60  2.09%   3.0  750s
 822956 702291     cutoff  181      1288835.49 1261877.40  2.09%   3.0  755s
 828686 707248 1264569.25  113   99 1288835.49 1261880.64  2.09%   3.0  760s
 834001 712094 1282026.09  408   74 1288835.49 1261882.03  2.09%   3.0  765s
 840224 717658 1282411.25  119   97 1288835.49 1261883.70  2.09%   3.0  770s
H840530 717980                    1288832.6013 1261883.70  2.09%   3.0  770s
 844778 721824 1278813.52  260   81 1288832.60 1261885.04  2.09%   3.0  775s
 850605 726970 1277682.74  153   84 1288832.60 1261886.63  2.09%   3.0  780s
H853389 728750                    1288786.6194 1261887.80  2.09%   3.0  782s
 856007 731069     cutoff  251      1288786.62 1261888.66  2.09%   3.0  785s
 862157 736425 1286649.74  278   78 1288786.62 1261890.76  2.09%   3.0  790s
H866154 739371                    1288760.3245 1261892.05  2.08%   3.0  793s
 867076 739955 1268279.78  131   93 1288760.32 1261892.33  2.08%   3.0  795s
 872363 744724 1263989.25   98  106 1288760.32 1261894.55  2.08%   3.0  800s
 878460 749976 1287614.30  230   64 1288760.32 1261896.99  2.08%   3.0  805s
H878951 749996                    1288741.3606 1261897.24  2.08%   3.0  805s
H878957 749624                    1288709.9851 1261897.24  2.08%   3.0  805s
H880345 750968                    1288701.3967 1261897.28  2.08%   3.0  807s
 883641 754020 1286263.65  521   80 1288701.40 1261898.01  2.08%   3.0  810s
 889405 759198 1272212.07  249   75 1288701.40 1261900.20  2.08%   3.0  815s
 894943 764077 1267604.80  122   95 1288701.40 1261902.96  2.08%   3.0  820s
 900315 768869 1269362.07  100  101 1288701.40 1261905.51  2.08%   3.0  825s
 905888 773630     cutoff  146      1288701.40 1261907.64  2.08%   3.0  830s
H906309 773873                    1288690.5032 1261907.85  2.08%   3.0  830s
 910731 777968 1266622.19  106   97 1288690.50 1261909.35  2.08%   3.0  835s
 915864 782114 1286426.94  233   72 1288690.50 1261911.34  2.08%   3.0  840s
H919031 784496                    1288681.5516 1261912.87  2.08%   3.0  842s
H920363 785511                    1288660.1288 1261913.25  2.08%   3.0  844s
 920894 786139 1277183.58  128   88 1288660.13 1261913.66  2.08%   3.0  845s
 926581 790941 1287098.26  399   73 1288660.13 1261915.41  2.08%   3.0  850s
 931922 795433 1266262.16   97  100 1288660.13 1261917.74  2.08%   3.0  855s
 936969 799746 1282700.74  153   80 1288660.13 1261920.74  2.07%   3.0  860s
 942387 804541 1281936.22  209   71 1288660.13 1261922.05  2.07%   3.0  865s
 947520 808960 1265310.54   88  105 1288660.13 1261923.62  2.07%   3.0  870s
 952175 813251 1284251.29  275   75 1288660.13 1261925.08  2.07%   3.0  875s
 958600 818902 1269634.05  154   99 1288660.13 1261926.96  2.07%   3.0  880s
 964231 823462 1267709.50  110   96 1288660.13 1261928.48  2.07%   3.0  885s
 969708 828385 1274510.31  180   90 1288660.13 1261930.48  2.07%   3.0  890s
 975116 832624 1265604.44  128   97 1288660.13 1261931.96  2.07%   3.0  895s
 980596 837206 1277855.86  131   98 1288660.13 1261934.05  2.07%   3.0  900s
H985253 840880                    1288644.4557 1261935.49  2.07%   3.0  904s
 985408 840882 1264266.93   97  104 1288644.46 1261935.49  2.07%   3.0  905s
 990055 845279 1273280.15  172   84 1288644.46 1261936.78  2.07%   3.0  910s
 995647 850296 1283860.20  241   72 1288644.46 1261938.32  2.07%   3.0  915s
H998004 851931                    1288632.3634 1261939.20  2.07%   3.0  917s
 1000234 853932 1268125.99  136   95 1288632.36 1261939.77  2.07%   3.0  920s
 1005591 858686 1280367.21  203   73 1288632.36 1261941.36  2.07%   3.0  925s
H1010934 863056                    1288623.8519 1261942.94  2.07%   3.0  930s
 1016436 868101 1276067.88  208   76 1288623.85 1261945.26  2.07%   3.0  935s
 1022294 872954 1277200.64  138   87 1288623.85 1261947.24  2.07%   3.0  940s
H1023641 873750                    1288618.9212 1261947.75  2.07%   3.0  941s
H1023661 873614                    1288609.8566 1261947.90  2.07%   3.0  941s
H1024893 873862                    1288556.9836 1261948.62  2.06%   3.0  943s
H1026116 874979                    1288552.9471 1261949.34  2.06%   3.0  944s
H1026255 874891                    1288547.0961 1261949.34  2.06%   3.0  944s
 1026790 875673 1283293.03  254   75 1288547.10 1261949.35  2.06%   3.0  945s
H1027672 876174                    1288547.0713 1261949.47  2.06%   3.0  945s
 1031360 879425 1279161.00  152   79 1288547.07 1261950.64  2.06%   3.0  950s
 1037011 884368     cutoff  134      1288547.07 1261952.70  2.06%   3.0  955s
H1040854 887945                    1288545.7910 1261953.38  2.06%   3.0  958s
H1040858 887869                    1288540.6681 1261953.38  2.06%   3.0  958s
H1042146 888405                    1288521.0446 1261954.12  2.06%   3.0  959s
 1042278 888855 1275121.88  144   84 1288521.04 1261954.17  2.06%   3.0  960s
H1047297 892703                    1288495.4040 1261955.23  2.06%   3.0  964s
 1048113 893433 1281881.19  190   80 1288495.40 1261956.03  2.06%   3.0  965s
 1053384 898019 1280033.21  213   75 1288495.40 1261958.49  2.06%   3.0  970s
 1059171 902918 1263865.67   93  108 1288495.40 1261961.00  2.06%   3.0  975s
 1064489 907564 1265788.37  104  101 1288495.40 1261963.09  2.06%   3.0  980s
 1069930 912417 1277895.98  193   81 1288495.40 1261964.95  2.06%   3.0  985s
 1075218 916702 1278891.15  449   68 1288495.40 1261966.59  2.06%   3.0  990s
 1082318 922750 1264056.36   78  113 1288495.40 1261968.12  2.06%   3.0  995s
 1089419 928633 1265824.41  105  102 1288495.40 1261969.80  2.06%   3.0 1000s
 1097289 935191 1271485.08  111   98 1288495.40 1261972.18  2.06%   3.0 1005s
 1105147 941788 1271291.25  224   76 1288495.40 1261974.42  2.06%   3.0 1010s
H1107012 942449                    1288432.6875 1261975.47  2.05%   3.0 1011s
H1108239 942969                    1288402.6028 1261975.51  2.05%   3.0 1012s
 1110819 945189 1272945.40   89   99 1288402.60 1261976.17  2.05%   3.0 1015s
 1115742 949418 1265229.92   94  105 1288402.60 1261977.57  2.05%   3.0 1020s
H1121278 954070                    1288375.1825 1261978.86  2.05%   3.0 1025s
 1126487 958940 1274706.93  190   80 1288375.18 1261979.90  2.05%   3.0 1030s
 1131859 963454 1282182.85  186   77 1288375.18 1261980.83  2.05%   3.0 1035s
H1135393 966103                    1288356.7307 1261981.66  2.05%   3.0 1038s
 1137007 967531     cutoff  211      1288356.73 1261982.74  2.05%   3.0 1040s
 1141959 971409 1264552.75   80  109 1288356.73 1261984.09  2.05%   3.0 1045s
 1146929 975955 1274416.53  140   96 1288356.73 1261985.32  2.05%   3.0 1050s
H1148328 977006                    1288350.0592 1261985.58  2.05%   3.0 1051s
 1151694 980135 1270613.57  143   90 1288350.06 1261986.58  2.05%   3.0 1055s
 1156842 984434 1264302.62   74  110 1288350.06 1261988.63  2.05%   3.0 1060s
 1162150 989057 1264076.85   82  108 1288350.06 1261990.32  2.05%   3.0 1065s
H1162785 989457                    1288346.0525 1261990.41  2.05%   3.0 1065s
 1167208 993644 1281189.43  219   79 1288346.05 1261991.74  2.05%   3.0 1070s
 1173311 998856 1267032.77   85  107 1288346.05 1261993.66  2.05%   3.0 1075s
H1175605 1000731                    1288344.7124 1261994.00  2.05%   3.0 1077s
 1178210 1003177 1275094.44  161   91 1288344.71 1261994.80  2.05%   3.0 1080s
 1183605 1008026 1272610.46  191   85 1288344.71 1261996.62  2.05%   3.0 1085s
Created node file directory '/home/ps12398/goal_programming/goalProgrammingMarcos//grbnodes2'
 1185141 1009019     cutoff  189      1288344.71 1261996.89  2.05%   3.0 1090s
 1189939 1012226     cutoff  172      1288344.71 1261997.69  2.05%   3.0 1095s
 1194483 1014152     cutoff  135      1288344.71 1261998.05  2.05%   3.0 1100s
 1199012 1017585 1270167.42  223   86 1288344.71 1261998.38  2.04%   3.0 1105s
 1204246 1021502 1272731.16  143   98 1288344.71 1261998.84  2.04%   3.0 1110s
 1208260 1024063     cutoff  214      1288344.71 1261999.36  2.04%   3.0 1118s
 1209938 1025490 1267402.23   83  104 1288344.71 1261999.37  2.04%   3.0 1120s
 1214685 1029057 1282487.15  489   70 1288344.71 1261999.87  2.04%   3.0 1125s
 1219106 1032277 1273881.12  128   90 1288344.71 1262000.77  2.04%   3.0 1130s
 1223331 1035223 1284088.37  272   80 1288344.71 1262001.19  2.04%   3.0 1135s
 1227489 1037857     cutoff  282      1288344.71 1262002.28  2.04%   3.0 1140s
 1229095 1038598 1286291.15  170   85 1288344.71 1262002.70  2.04%   3.0 1145s
 1234040 1043152 1286665.92  285   78 1288344.71 1262003.05  2.04%   3.0 1150s
 1238135 1045730 1262966.28   96  107 1288344.71 1262003.47  2.04%   3.0 1155s
H1239814 1047266                    1288310.2260 1262003.47  2.04%   3.0 1157s
 1242179 1048964 1280394.02  157   83 1288310.23 1262003.78  2.04%   3.0 1160s
 1247491 1053303 1282448.18  292   77 1288310.23 1262004.21  2.04%   3.0 1165s
 1249185 1054175 1268120.12   89  109 1288310.23 1262004.61  2.04%   3.0 1170s
 1253014 1057199 1286631.77  158   78 1288310.23 1262005.13  2.04%   3.0 1175s
 1257924 1060043 1263881.38   95  107 1288310.23 1262006.20  2.04%   3.0 1180s
 1263356 1064396 1286546.83  241   71 1288310.23 1262006.61  2.04%   3.0 1185s
 1268060 1068261 1282412.04  215   73 1288310.23 1262007.30  2.04%   3.0 1192s
 1270623 1069681 1287276.22  154   82 1288310.23 1262007.83  2.04%   3.0 1195s
 1275638 1073354 1269664.40  107  103 1288310.23 1262008.79  2.04%   3.0 1200s
 1280349 1076221 1278690.64  135   88 1288310.23 1262009.55  2.04%   3.0 1205s
 1285223 1079521 1279061.96  239   75 1288310.23 1262010.00  2.04%   3.0 1210s
 1289312 1082399     cutoff  282      1288310.23 1262010.91  2.04%   3.0 1217s
 1291533 1084227 1276120.46  315   77 1288310.23 1262010.91  2.04%   3.0 1220s
 1296767 1087960 1266146.49  111  101 1288310.23 1262011.78  2.04%   3.0 1225s
 1300959 1091129 1270223.51  215   80 1288310.23 1262012.06  2.04%   3.1 1230s
 1305457 1093464     cutoff  119      1288310.23 1262012.18  2.04%   3.1 1235s
 1310422 1096895 1264317.77   85  106 1288310.23 1262012.85  2.04%   3.1 1242s
 1312480 1098251 1265033.68  108  104 1288310.23 1262013.24  2.04%   3.1 1245s
 1317033 1101045     cutoff  172      1288310.23 1262014.01  2.04%   3.1 1250s
H1319946 1102887                    1288281.3846 1262014.46  2.04%   3.1 1253s
 1320784 1103224 1287141.66  154   83 1288281.38 1262014.76  2.04%   3.1 1255s
 1325559 1107189 1272869.25  100  100 1288281.38 1262015.18  2.04%   3.1 1260s
 1329990 1110070 1288244.44  224   68 1288281.38 1262015.85  2.04%   3.1 1265s
 1331289 1111095 1284599.05   97  101 1288281.38 1262015.90  2.04%   3.1 1270s
H1332460 1111550                    1288261.7637 1262015.90  2.04%   3.1 1273s
 1333835 1112460     cutoff  205      1288261.76 1262016.32  2.04%   3.1 1275s
 1338147 1115356 1281044.04  241   70 1288261.76 1262016.59  2.04%   3.1 1280s
 1341883 1117695 1287707.40  317   73 1288261.76 1262017.79  2.04%   3.1 1285s
H1345625 1120744                    1288228.0961 1262018.38  2.03%   3.1 1289s
 1346472 1121735 1281189.07  229   79 1288228.10 1262018.38  2.03%   3.1 1290s
 1351289 1124275 1286697.14  193   79 1288228.10 1262018.97  2.03%   3.1 1295s
 1353734 1126001 1282598.95  208   76 1288228.10 1262018.97  2.03%   3.1 1300s
 1358476 1128914     cutoff  139      1288228.10 1262020.32  2.03%   3.1 1305s
 1362931 1132023     cutoff  313      1288228.10 1262020.46  2.03%   3.1 1310s
 1367252 1135857 1285648.74  282   70 1288228.10 1262020.89  2.03%   3.1 1315s
 1371573 1138225 1268060.37  150   94 1288228.10 1262021.35  2.03%   3.1 1320s
 1372553 1138844 1279345.62  205   82 1288228.10 1262021.35  2.03%   3.1 1325s
 1376583 1141797 1281876.23  163   74 1288228.10 1262021.94  2.03%   3.1 1330s
 1381323 1145119 1271989.01  146   94 1288228.10 1262022.29  2.03%   3.1 1335s
 1385696 1147972 1270588.13  162   92 1288228.10 1262023.44  2.03%   3.1 1340s
 1390086 1151004 1276151.01  108   96 1288228.10 1262023.71  2.03%   3.1 1345s
 1392298 1152833     cutoff  327      1288228.10 1262023.99  2.03%   3.1 1351s
 1395516 1154631 1267486.53  131   95 1288228.10 1262024.28  2.03%   3.1 1355s
 1400390 1158220     cutoff  198      1288228.10 1262024.78  2.03%   3.1 1360s
 1404722 1161750     cutoff  359      1288228.10 1262025.04  2.03%   3.1 1365s
 1408724 1164315     cutoff  212      1288228.10 1262026.11  2.03%   3.1 1370s
 1410385 1165700 1270571.88  108  101 1288228.10 1262026.22  2.03%   3.1 1375s
 1414896 1168706 1275441.19  168   91 1288228.10 1262026.54  2.03%   3.1 1380s
 1419461 1171800     cutoff  168      1288228.10 1262027.02  2.03%   3.1 1385s
 1424788 1176532     cutoff  256      1288228.10 1262027.18  2.03%   3.1 1390s
 1428800 1179800 1287326.76  248   71 1288228.10 1262027.84  2.03%   3.1 1398s
 1430377 1181068     cutoff  138      1288228.10 1262028.07  2.03%   3.1 1400s
 1435304 1185386 1281974.06  445   76 1288228.10 1262028.27  2.03%   3.1 1405s
 1440174 1188877 1278443.11  193   82 1288228.10 1262029.10  2.03%   3.1 1410s
 1444902 1192014 1282504.05  123   93 1288228.10 1262029.12  2.03%   3.1 1415s
 1447827 1193425     cutoff  214      1288228.10 1262029.91  2.03%   3.1 1423s
 1449772 1194697 1272166.42  164   86 1288228.10 1262029.97  2.03%   3.1 1425s
 1454011 1197909 1284603.25  139   89 1288228.10 1262030.30  2.03%   3.1 1430s
 1459094 1201978 1269110.97  145   90 1288228.10 1262031.47  2.03%   3.1 1435s
 1464498 1206012     cutoff  162      1288228.10 1262032.12  2.03%   3.1 1440s
 1466172 1207308 1285640.31  182   79 1288228.10 1262032.42  2.03%   3.1 1445s
 1469485 1209889 1279114.39  116   89 1288228.10 1262032.59  2.03%   3.2 1450s
 1472979 1211365 1285781.33  196   73 1288228.10 1262033.06  2.03%   3.2 1455s
 1478059 1214534 1265651.65   94  104 1288228.10 1262033.90  2.03%   3.2 1460s
 1483259 1218789     cutoff  120      1288228.10 1262033.99  2.03%   3.2 1465s
 1485625 1221194 1280613.71  236   75 1288228.10 1262034.38  2.03%   3.2 1470s
 1489784 1224088 1268698.32  118   96 1288228.10 1262035.34  2.03%   3.2 1475s
 1496312 1229500     cutoff  491      1288228.10 1262035.96  2.03%   3.2 1480s
 1502993 1233266     cutoff  274      1288228.10 1262037.11  2.03%   3.2 1485s
 1504753 1234411 1285431.37  121   91 1288228.10 1262037.11  2.03%   3.2 1490s
 1509708 1238691 1286301.06  222   73 1288228.10 1262037.43  2.03%   3.2 1495s
 1514606 1242506 1273688.59  393   78 1288228.10 1262037.95  2.03%   3.2 1500s
 1518995 1245187 1285864.90  120   96 1288228.10 1262038.25  2.03%   3.2 1505s
 1521407 1247411 1281218.62  285   76 1288228.10 1262038.80  2.03%   3.2 1510s
H1521422 1226121                    1287529.9529 1262038.80  1.98%   3.2 1510s
 1524998 1228521     cutoff  132      1287529.95 1262039.17  1.98%   3.2 1515s
 1530311 1232499     cutoff  186      1287529.95 1262040.15  1.98%   3.2 1520s
 1535125 1235878     cutoff  124      1287529.95 1262040.53  1.98%   3.2 1525s
 1539941 1239677 1280045.60  242   77 1287529.95 1262041.44  1.98%   3.2 1531s
 1543159 1241517 1287156.08  346   72 1287529.95 1262041.79  1.98%   3.2 1535s
 1546948 1244018 1263541.29   95  105 1287529.95 1262042.22  1.98%   3.2 1540s
 1552252 1248801 1274585.69  156   93 1287529.95 1262042.47  1.98%   3.2 1545s
 1555804 1251280 1276179.37  250   72 1287529.95 1262042.97  1.98%   3.2 1551s
 1558901 1253595     cutoff  145      1287529.95 1262043.35  1.98%   3.2 1555s
 1564343 1256887     cutoff  166      1287529.95 1262043.95  1.98%   3.2 1560s
 1571269 1260624 1285157.55  142   82 1287529.95 1262045.13  1.98%   3.2 1565s
 1577107 1265270 1278470.43  259   77 1287529.95 1262045.42  1.98%   3.2 1571s
 1579498 1266866     cutoff  217      1287529.95 1262045.56  1.98%   3.2 1575s
 1584492 1270414 1264376.30  111  102 1287529.95 1262046.39  1.98%   3.2 1580s
 1588899 1273217     cutoff  155      1287529.95 1262047.06  1.98%   3.2 1585s
 1593345 1276457 1279407.83  115   96 1287529.95 1262047.32  1.98%   3.2 1590s
 1595148 1277879 1285938.61  176   71 1287529.95 1262047.50  1.98%   3.2 1595s
 1599960 1281410 1282609.59  111   93 1287529.95 1262047.90  1.98%   3.2 1600s
 1604062 1283774 1268839.12   87  104 1287529.95 1262048.70  1.98%   3.2 1605s
 1608118 1286315 1287237.26  299   76 1287529.95 1262049.03  1.98%   3.2 1610s
 1612248 1288491 1279689.92  329   71 1287529.95 1262049.55  1.98%   3.2 1615s
 1615805 1291592 1273798.04  192   88 1287529.95 1262049.86  1.98%   3.2 1621s
 1620112 1294732     cutoff  155      1287529.95 1262050.26  1.98%   3.2 1625s
 1624473 1297937 1282477.53  108  102 1287529.95 1262050.76  1.98%   3.2 1630s
 1629676 1301479 1263049.27   87  112 1287529.95 1262051.52  1.98%   3.2 1635s
 1632456 1304073 1282462.41  267   78 1287529.95 1262051.52  1.98%   3.2 1640s
 1637036 1306714 1271180.91  169   80 1287529.95 1262051.95  1.98%   3.2 1645s
 1642213 1309971 1283120.43  163   81 1287529.95 1262052.33  1.98%   3.2 1650s
 1646812 1313040 1267514.37   99  102 1287529.95 1262052.79  1.98%   3.2 1655s
 1651579 1316336 1268901.66  163   91 1287529.95 1262053.41  1.98%   3.2 1660s
 1652905 1317782 1276425.39  219   81 1287529.95 1262053.41  1.98%   3.2 1665s
 1657494 1320818 1266345.20  116   97 1287529.95 1262053.94  1.98%   3.2 1670s
 1662281 1324880 1275419.75  218   74 1287529.95 1262054.57  1.98%   3.2 1675s
 1666479 1327776 1283281.82  158   82 1287529.95 1262054.93  1.98%   3.2 1680s
 1668599 1329571 1274159.62   98  104 1287529.95 1262054.99  1.98%   3.2 1685s
 1672556 1332511 1264792.29  116   97 1287529.95 1262055.33  1.98%   3.2 1690s
 1677332 1335742 1270273.22   94  103 1287529.95 1262055.44  1.98%   3.2 1695s
 1681477 1338633 1277336.92  196   78 1287529.95 1262055.72  1.98%   3.2 1700s
 1684923 1341148 1279663.48  235   76 1287529.95 1262056.16  1.98%   3.2 1706s
 1688435 1343606 1283941.08  260   72 1287529.95 1262056.87  1.98%   3.2 1710s
 1692615 1345958     cutoff  159      1287529.95 1262057.59  1.98%   3.2 1715s
 1696667 1349101 1282479.04  278   66 1287529.95 1262057.92  1.98%   3.2 1720s
 1700984 1352077 1274018.95  158   90 1287529.95 1262058.48  1.98%   3.2 1725s
 1704866 1355014 1281217.27  123   94 1287529.95 1262058.75  1.98%   3.2 1731s
 1708309 1357404 1263243.76   97  109 1287529.95 1262059.16  1.98%   3.2 1735s
 1714574 1361410 1283051.45  155   78 1287529.95 1262059.48  1.98%   3.3 1740s
 1720193 1365095 1285635.62  194   76 1287529.95 1262060.34  1.98%   3.3 1745s
 1723397 1367245 1285087.34  131   86 1287529.95 1262060.63  1.98%   3.3 1750s
 1728084 1370959 1286402.44   93  101 1287529.95 1262061.19  1.98%   3.3 1755s
 1731801 1373277 1269688.65  155   93 1287529.95 1262061.79  1.98%   3.3 1760s
 1736035 1376110 1277236.47  151   91 1287529.95 1262062.49  1.98%   3.3 1765s
 1740473 1379288     cutoff  148      1287529.95 1262062.79  1.98%   3.3 1770s
 1742665 1380596 1264564.43   93  108 1287529.95 1262063.40  1.98%   3.3 1775s
 1746513 1382895 1274116.05  156   91 1287529.95 1262063.52  1.98%   3.3 1780s
 1750606 1385475 1264067.94   72  109 1287529.95 1262064.03  1.98%   3.3 1785s
 1754891 1388221 1286975.99  140   86 1287529.95 1262064.74  1.98%   3.3 1790s
 1758971 1391755 1277549.00  305   74 1287529.95 1262065.26  1.98%   3.3 1795s
 1760869 1393088 1267485.96  126   93 1287529.95 1262065.46  1.98%   3.3 1800s
 1766109 1397367 1283099.17  213   74 1287529.95 1262065.79  1.98%   3.3 1805s
 1770992 1401146 1273283.12  153   86 1287529.95 1262066.39  1.98%   3.3 1810s
 1773704 1402838 1286626.43  289   69 1287529.95 1262066.50  1.98%   3.3 1816s
 1777074 1405015 1278442.31  135   93 1287529.95 1262066.87  1.98%   3.3 1820s
 1780955 1407359 1284816.88  139   85 1287529.95 1262067.22  1.98%   3.3 1825s
 1785707 1410438     cutoff  182      1287529.95 1262067.77  1.98%   3.3 1830s
 1789755 1413297 1266739.59  121   98 1287529.95 1262068.17  1.98%   3.3 1835s
 1792832 1416154 1276501.35  244   71 1287529.95 1262068.91  1.98%   3.3 1841s
 1796346 1418947 1286513.47  149   93 1287529.95 1262069.44  1.98%   3.3 1845s
 1800492 1421721 1285169.84  125   89 1287529.95 1262070.01  1.98%   3.3 1850s
 1804600 1424490 1285679.83  162   82 1287529.95 1262070.51  1.98%   3.3 1855s
 1808948 1427435 1280266.53  149   88 1287529.95 1262070.59  1.98%   3.3 1860s
 1810885 1428876     cutoff  168      1287529.95 1262070.65  1.98%   3.3 1865s
 1815312 1432237 1277046.56  174   83 1287529.95 1262071.10  1.98%   3.3 1870s
 1819859 1434905 1276657.92  144   93 1287529.95 1262071.77  1.98%   3.3 1875s
 1824448 1438766 1275816.26  176   79 1287529.95 1262072.20  1.98%   3.3 1880s
 1826984 1440656 1282867.63  122   93 1287529.95 1262072.21  1.98%   3.3 1885s
 1831222 1443670 1263565.29   94  109 1287529.95 1262072.67  1.98%   3.3 1890s
 1835784 1446567 1262583.00   78  111 1287529.95 1262073.14  1.98%   3.3 1895s
 1840011 1449929 1267520.48  128   95 1287529.95 1262073.65  1.98%   3.3 1900s
 1844028 1453153 1274936.82  183   80 1287529.95 1262074.19  1.98%   3.3 1907s
 1846252 1454897 1279131.98  208   70 1287529.95 1262074.24  1.98%   3.3 1910s
 1850953 1458270     cutoff  126      1287529.95 1262074.58  1.98%   3.3 1915s
 1855127 1461160 1283393.65  485   72 1287529.95 1262074.99  1.98%   3.3 1920s
 1859370 1463974     cutoff  206      1287529.95 1262075.54  1.98%   3.3 1925s
 1862282 1465679 1262862.39   81  110 1287529.95 1262075.93  1.98%   3.3 1931s
 1865661 1468452 1266534.89   87  104 1287529.95 1262076.12  1.98%   3.3 1935s
 1869885 1471328     cutoff  200      1287529.95 1262076.38  1.98%   3.3 1940s
 1875084 1474735     cutoff  104      1287529.95 1262077.02  1.98%   3.3 1945s
 1879358 1477862 1286118.02  281   76 1287529.95 1262077.37  1.98%   3.3 1953s
 1881057 1478761     cutoff  108      1287529.95 1262077.72  1.98%   3.3 1955s
 1885644 1482147 1270328.38  150   92 1287529.95 1262078.09  1.98%   3.3 1960s
 1889940 1485299 1287355.58  137   94 1287529.95 1262078.38  1.98%   3.3 1965s
 1894946 1489344 1286622.00  295   79 1287529.95 1262078.84  1.98%   3.3 1970s
 1897436 1490996 1267126.05  101   98 1287529.95 1262079.10  1.98%   3.3 1975s
 1901736 1493774 1278411.30  167   83 1287529.95 1262079.77  1.98%   3.3 1980s
 1906793 1497994 1274430.17  159   89 1287529.95 1262080.17  1.98%   3.3 1985s
 1911506 1501393 1273487.33  162   86 1287529.95 1262080.49  1.98%   3.3 1992s
 1914696 1503643 1267909.74  130  100 1287529.95 1262080.97  1.98%   3.3 1995s
 1920064 1507903 1284848.13  154   84 1287529.95 1262081.10  1.98%   3.3 2000s
 1924676 1511138     cutoff  130      1287529.95 1262081.38  1.98%   3.3 2005s
 1928438 1514157 1267317.75   87  104 1287529.95 1262081.95  1.98%   3.3 2010s
 1929840 1514816 1286525.72  121   89 1287529.95 1262081.95  1.98%   3.3 2015s
 1934228 1518014 1265902.58  116  100 1287529.95 1262082.83  1.98%   3.3 2020s
 1939253 1521883 1264614.41   81  106 1287529.95 1262083.04  1.98%   3.3 2025s
 1943508 1524996 1275749.25  198   78 1287529.95 1262083.30  1.98%   3.3 2030s
 1946127 1526924 1282498.59  179   82 1287529.95 1262083.53  1.98%   3.3 2036s
 1950226 1529466 1286393.51  170   86 1287529.95 1262083.77  1.98%   3.3 2040s
 1955233 1532933 1282647.91  132   92 1287529.95 1262084.31  1.98%   3.3 2045s
 1960679 1537352 1279339.53  176   84 1287529.95 1262084.64  1.98%   3.3 2050s
 1963467 1539300 1275611.05  106  103 1287529.95 1262084.80  1.98%   3.3 2055s
 1968148 1542661     cutoff  179      1287529.95 1262085.11  1.98%   3.3 2060s
 1972084 1545455 1281586.17  274   75 1287529.95 1262085.23  1.98%   3.3 2065s
 1976594 1548199     cutoff  198      1287529.95 1262086.02  1.98%   3.3 2070s
 1980236 1550586     cutoff  118      1287529.95 1262086.27  1.98%   3.3 2075s
 1982425 1551636     cutoff  287      1287529.95 1262086.58  1.98%   3.3 2080s
 1986987 1554394 1285451.07  207   77 1287529.95 1262086.95  1.98%   3.3 2085s
 1992070 1557949 1284972.22  223   80 1287529.95 1262087.53  1.98%   3.3 2090s
 1997697 1561969 1280130.20  226   73 1287529.95 1262087.77  1.98%   3.3 2095s
 2000729 1564206 1279635.73  312   74 1287529.95 1262088.19  1.98%   3.3 2100s
 2004048 1567203 1282310.67  318   69 1287529.95 1262088.30  1.98%   3.3 2105s
 2008637 1569775 1273686.81  112   94 1287529.95 1262089.32  1.98%   3.3 2110s
 2013390 1573675 1267411.57  118  100 1287529.95 1262089.81  1.98%   3.3 2115s
 2017166 1577269 1283457.92  293   73 1287529.95 1262090.09  1.98%   3.3 2120s
 2022084 1581053 1268421.42  118  100 1287529.95 1262090.63  1.98%   3.3 2125s
 2027810 1585471     cutoff  128      1287529.95 1262091.00  1.98%   3.3 2130s
 2030945 1587465 1283494.27  241   69 1287529.95 1262091.53  1.98%   3.3 2135s
 2035131 1590352 1282466.14  304   77 1287529.95 1262091.67  1.98%   3.3 2140s
 2039272 1593026 1272728.98  157   89 1287529.95 1262092.20  1.98%   3.3 2145s
 2043103 1595101     cutoff  167      1287529.95 1262092.58  1.98%   3.3 2150s
 2047251 1598175 1275436.59  181   84 1287529.95 1262093.05  1.98%   3.3 2155s
 2049090 1599375     cutoff  198      1287529.95 1262093.05  1.98%   3.3 2160s
 2052021 1600966 1284388.46  162   80 1287529.95 1262093.52  1.98%   3.4 2165s
 2057105 1604899 1271970.37  162   87 1287529.95 1262093.94  1.98%   3.4 2170s
 2061458 1608301 1285777.03  122   91 1287529.95 1262094.10  1.98%   3.4 2175s
 2064805 1611150 1282854.46  277   77 1287529.95 1262094.28  1.98%   3.4 2180s
 2068556 1613570 1275274.70  155   81 1287529.95 1262094.63  1.98%   3.4 2185s
 2072762 1616029     cutoff  194      1287529.95 1262095.18  1.98%   3.4 2190s
 2077738 1619347 1270460.54  112   98 1287529.95 1262095.90  1.98%   3.4 2195s
 2081727 1621530 1269691.40  117  101 1287529.95 1262096.37  1.98%   3.4 2200s
 2084328 1623097 1265162.35   88  105 1287529.95 1262096.99  1.98%   3.4 2205s
 2087657 1625548 1278253.24  187   85 1287529.95 1262097.55  1.98%   3.4 2210s
 2091508 1627623 1282637.80  167   78 1287529.95 1262098.22  1.98%   3.4 2215s
 2096182 1630202 1286097.45  126   91 1287529.95 1262099.05  1.98%   3.4 2220s
 2100830 1633189 1277781.43  132   93 1287529.95 1262099.36  1.98%   3.4 2225s
 2103937 1635478 1275126.31  122   93 1287529.95 1262099.54  1.98%   3.4 2230s
 2108024 1638289 1278062.94  176   82 1287529.95 1262099.70  1.98%   3.4 2235s
 2112287 1641190 1287002.54  131   87 1287529.95 1262099.97  1.98%   3.4 2240s
 2116663 1644504 1282931.21  401   68 1287529.95 1262100.23  1.98%   3.4 2245s
 2121415 1648026 1286256.60  162   84 1287529.95 1262100.92  1.98%   3.4 2253s
 2122928 1648804 1286277.57  103   98 1287529.95 1262101.05  1.98%   3.4 2255s
 2127225 1650903 1277015.36  169   83 1287529.95 1262102.14  1.97%   3.4 2260s
 2132537 1655375     cutoff  151      1287529.95 1262102.55  1.97%   3.4 2265s
 2136785 1657863 1276263.04  109   99 1287529.95 1262103.03  1.97%   3.4 2270s
 2139361 1659973 1280543.56  153   81 1287529.95 1262103.46  1.97%   3.4 2275s
 2143754 1663031 1263856.05   86  109 1287529.95 1262103.86  1.97%   3.4 2280s
 2147158 1665621 1269244.07   97  103 1287529.95 1262104.08  1.97%   3.4 2285s
 2151608 1668937     cutoff  119      1287529.95 1262104.50  1.97%   3.4 2290s
 2155740 1671503 1285946.23  206   75 1287529.95 1262104.97  1.97%   3.4 2296s
 2158351 1673131 1268922.17  123   96 1287529.95 1262105.40  1.97%   3.4 2300s
 2163133 1676109 1269228.49  101  100 1287529.95 1262105.86  1.97%   3.4 2305s
 2166517 1677968     cutoff  158      1287529.95 1262106.24  1.97%   3.4 2310s
 2170628 1681158 1273183.43  116   98 1287529.95 1262106.43  1.97%   3.4 2315s
 2174703 1684425 1274885.77  261   78 1287529.95 1262106.69  1.97%   3.4 2321s
 2178590 1686761 1285796.72  136   88 1287529.95 1262106.89  1.97%   3.4 2325s
 2182420 1689259     cutoff  238      1287529.95 1262107.16  1.97%   3.4 2330s
 2186669 1691946 1273055.15  148   97 1287529.95 1262107.76  1.97%   3.4 2335s
 2191023 1694754 1267666.76  135  101 1287529.95 1262107.93  1.97%   3.4 2340s
 2193053 1696550 1280599.21  238   74 1287529.95 1262107.93  1.97%   3.4 2345s
 2197486 1699732 1287416.28  240   67 1287529.95 1262108.27  1.97%   3.4 2350s
 2201006 1702378 1263991.85   92  107 1287529.95 1262108.84  1.97%   3.4 2355s
 2205279 1705338 1280226.11  174   75 1287529.95 1262109.16  1.97%   3.4 2360s
 2208702 1707274     cutoff  171      1287529.95 1262109.72  1.97%   3.4 2367s
 2211208 1709422 1274005.66  106   99 1287529.95 1262109.80  1.97%   3.4 2370s
 2214860 1711287 1272949.66  116   99 1287529.95 1262110.17  1.97%   3.4 2375s
 2219204 1713775 1266910.24  109  103 1287529.95 1262110.69  1.97%   3.4 2380s
 2223834 1716472 1263676.16   91  107 1287529.95 1262111.23  1.97%   3.4 2385s
 2227728 1719336 1282369.87  297   67 1287529.95 1262111.44  1.97%   3.4 2391s
 2230573 1721026 1273909.35  105   98 1287529.95 1262111.80  1.97%   3.4 2395s
 2234279 1723410 1270152.48  144   94 1287529.95 1262112.14  1.97%   3.4 2400s
 2238351 1726673 1283762.00  137   89 1287529.95 1262112.53  1.97%   3.4 2405s
 2242361 1729549 1287529.95  285   80 1287529.95 1262112.85  1.97%   3.4 2410s
 2244762 1731259     cutoff  118      1287529.95 1262113.04  1.97%   3.4 2415s
 2249262 1735028 1264690.96   87  109 1287529.95 1262113.36  1.97%   3.4 2420s
 2253166 1738046 1281481.92  115   95 1287529.95 1262113.58  1.97%   3.4 2425s
 2257190 1741072 1269303.37   99  105 1287529.95 1262113.86  1.97%   3.4 2430s
 2259470 1742354 1286625.87  128   90 1287529.95 1262113.99  1.97%   3.4 2435s
 2264025 1744959 1285851.77  175   78 1287529.95 1262114.61  1.97%   3.4 2440s
 2268783 1748159 1285729.08  192   75 1287529.95 1262114.91  1.97%   3.4 2445s
 2274612 1752540 1266286.31   98  109 1287529.95 1262115.29  1.97%   3.4 2450s
 2278275 1755150 1270499.26   94  108 1287529.95 1262115.57  1.97%   3.4 2455s
 2282551 1758038 1263205.72   74  112 1287529.95 1262115.90  1.97%   3.4 2460s
 2287054 1760977 1264386.14   94  104 1287529.95 1262116.35  1.97%   3.4 2465s
 2291252 1763639     cutoff  130      1287529.95 1262116.72  1.97%   3.4 2470s
 2295303 1765405 1286182.76  110   98 1287529.95 1262117.23  1.97%   3.4 2475s
 2297490 1767665 1273865.40  222   82 1287529.95 1262117.29  1.97%   3.4 2480s
 2302771 1771542 1269656.73  150   89 1287529.95 1262117.69  1.97%   3.4 2485s
 2307502 1774564 1267867.62   80  109 1287529.95 1262117.98  1.97%   3.4 2490s
 2311072 1777489 1276819.04  124   91 1287529.95 1262118.06  1.97%   3.4 2497s
 2313353 1778753 1265346.61   98  107 1287529.95 1262118.26  1.97%   3.4 2500s
 2317277 1781225 1281748.22  134   83 1287529.95 1262118.66  1.97%   3.4 2505s
 2321945 1784728     cutoff  190      1287529.95 1262119.06  1.97%   3.4 2510s
 2326134 1787525 1273817.75  131   97 1287529.95 1262119.40  1.97%   3.4 2515s
 2328758 1789268 1286647.01  196   70 1287529.95 1262119.46  1.97%   3.4 2520s
 2334148 1792660 1286204.77  193   85 1287529.95 1262119.68  1.97%   3.4 2525s
 2341205 1798146 1272461.75  150   92 1287529.95 1262120.25  1.97%   3.4 2530s
 2345149 1801355     cutoff  303      1287529.95 1262120.41  1.97%   3.4 2535s
 2349611 1805013 1265551.98   81  107 1287529.95 1262120.53  1.97%   3.4 2540s
 2353533 1807191     cutoff  110      1287529.95 1262120.97  1.97%   3.4 2545s
 2357713 1809538 1286980.43  250   71 1287529.95 1262121.61  1.97%   3.4 2550s
 2361153 1811983 1283965.68  299   69 1287529.95 1262122.03  1.97%   3.4 2557s
 2363146 1813159 1284079.83  121   88 1287529.95 1262122.06  1.97%   3.4 2560s
 2367345 1816231 1267707.46  113  104 1287529.95 1262122.44  1.97%   3.4 2565s
 2371963 1818907     cutoff  175      1287529.95 1262123.10  1.97%   3.4 2570s
 2375589 1820528 1262748.35   78  114 1287529.95 1262123.61  1.97%   3.4 2575s
 2380000 1823991     cutoff  297      1287529.95 1262123.97  1.97%   3.4 2580s
 2382668 1826391 1267929.39  109   98 1287529.95 1262124.28  1.97%   3.4 2585s
 2387499 1829630 1274865.38  104  102 1287529.95 1262124.46  1.97%   3.4 2590s
 2391697 1832758 1266168.32   93  107 1287529.95 1262125.14  1.97%   3.4 2595s
 2396067 1835264     cutoff  128      1287529.95 1262125.47  1.97%   3.4 2600s
 2398239 1836846     cutoff  195      1287529.95 1262125.50  1.97%   3.4 2605s
H2399616 1837454                    1287529.8962 1262125.64  1.97%   3.4 2606s
 2401713 1838770 1268803.52  111   97 1287529.90 1262125.91  1.97%   3.4 2610s
 2406543 1842932 1282278.98  278   77 1287529.90 1262126.14  1.97%   3.4 2615s
 2412537 1845971 1264567.26  122  102 1287529.90 1262127.03  1.97%   3.4 2620s
 2416121 1849101 1274990.64  139   94 1287529.90 1262127.14  1.97%   3.4 2625s
 2420367 1852247 1267828.26  130  102 1287529.90 1262127.58  1.97%   3.4 2630s
 2425302 1856192 1284403.59  135   89 1287529.90 1262127.68  1.97%   3.4 2635s
 2429533 1858552 1272088.52  134   93 1287529.90 1262128.13  1.97%   3.4 2640s
 2432513 1860950 1266564.05   92  104 1287529.90 1262128.52  1.97%   3.4 2645s
 2437506 1864479     cutoff  144      1287529.90 1262128.88  1.97%   3.4 2650s
 2442558 1868903     cutoff  266      1287529.90 1262129.26  1.97%   3.4 2655s
 2445762 1870711 1270763.07  111   97 1287529.90 1262129.54  1.97%   3.4 2662s
 2448297 1873325 1284368.14  175   79 1287529.90 1262129.57  1.97%   3.4 2665s
 2452917 1876863 1273994.51  159   88 1287529.90 1262129.91  1.97%   3.4 2670s
 2457187 1879452 1283481.20  144   85 1287529.90 1262130.39  1.97%   3.4 2675s
 2461048 1881654     cutoff  136      1287529.90 1262130.92  1.97%   3.4 2680s
 2463166 1882954     cutoff  228      1287529.90 1262131.40  1.97%   3.4 2685s
 2466930 1885833 1272771.03  164   85 1287529.90 1262131.66  1.97%   3.4 2690s
 2471850 1889136 1287436.38  464   66 1287529.90 1262132.32  1.97%   3.4 2695s
 2476336 1892122 1283743.26  146   79 1287529.90 1262132.68  1.97%   3.4 2700s
 2479496 1894470     cutoff  169      1287529.90 1262132.87  1.97%   3.4 2706s
 2483318 1896932 1271193.34  146   96 1287529.90 1262133.15  1.97%   3.4 2710s
 2489564 1900794     cutoff  204      1287529.90 1262133.78  1.97%   3.4 2715s
 2496515 1905472 1273327.88  104  101 1287529.90 1262134.31  1.97%   3.4 2720s
 2499265 1907579     cutoff  154      1287529.90 1262134.36  1.97%   3.4 2725s
 2503153 1910599 1283245.45  328   77 1287529.90 1262134.64  1.97%   3.4 2730s
 2506809 1913007 1266773.32  113   98 1287529.90 1262134.80  1.97%   3.4 2735s
 2511259 1916503 1271750.95  116   94 1287529.90 1262135.09  1.97%   3.4 2740s
 2513201 1918060 1284132.12  226   77 1287529.90 1262135.10  1.97%   3.4 2745s
 2517535 1920799 1272236.37  163   84 1287529.90 1262135.59  1.97%   3.4 2750s
 2522006 1923626     cutoff  133      1287529.90 1262135.91  1.97%   3.4 2755s
 2526754 1927081 1286379.84  269   81 1287529.90 1262136.32  1.97%   3.4 2760s
 2528867 1928070 1287088.21  185   75 1287529.90 1262136.72  1.97%   3.4 2765s
 2533632 1931650 1275890.62   86  106 1287529.90 1262137.08  1.97%   3.4 2770s
 2538248 1935669     cutoff  164      1287529.90 1262137.26  1.97%   3.4 2775s
 2542344 1938489     cutoff  281      1287529.90 1262137.59  1.97%   3.4 2780s
 2544830 1939771     cutoff  216      1287529.90 1262137.78  1.97%   3.4 2785s
 2549181 1943170 1285316.66  274   70 1287529.90 1262138.09  1.97%   3.4 2790s
 2553865 1946303 1281789.82  174   74 1287529.90 1262138.37  1.97%   3.4 2795s
 2557971 1948606 1283013.92  226   74 1287529.90 1262138.69  1.97%   3.4 2800s
 2562332 1951731 1275865.10  148   87 1287529.90 1262139.02  1.97%   3.4 2805s
 2564615 1953075 1282203.25  113   97 1287529.90 1262139.14  1.97%   3.4 2810s
 2568203 1955278 1263529.63   75  110 1287529.90 1262139.54  1.97%   3.4 2815s
 2572416 1958437 1272383.72  154   84 1287529.90 1262139.74  1.97%   3.4 2820s
 2576358 1960763 1276320.10  169   76 1287529.90 1262139.93  1.97%   3.4 2825s
 2580207 1963203 1267531.67  126   97 1287529.90 1262140.36  1.97%   3.4 2831s
 2583791 1966114     cutoff  180      1287529.90 1262140.77  1.97%   3.4 2835s
 2587732 1968566     cutoff  141      1287529.90 1262141.07  1.97%   3.4 2840s
 2592586 1972382     cutoff  214      1287529.90 1262141.47  1.97%   3.4 2845s
 2596185 1975056 1274349.77  152   90 1287529.90 1262141.72  1.97%   3.4 2851s
 2599433 1976821 1266938.10  101   99 1287529.90 1262142.04  1.97%   3.4 2855s
 2603321 1979479 1271807.86  119   93 1287529.90 1262142.34  1.97%   3.4 2860s
 2608144 1983094 1281200.42   95   98 1287529.90 1262142.74  1.97%   3.4 2865s
 2611810 1985190 1262392.87   78  111 1287529.90 1262143.10  1.97%   3.5 2870s
 2614028 1987029     cutoff  115      1287529.90 1262143.10  1.97%   3.5 2875s
 2618015 1989673     cutoff  102      1287529.90 1262143.50  1.97%   3.5 2880s
 2622529 1993562 1279749.05  202   84 1287529.90 1262143.69  1.97%   3.5 2885s
 2626642 1996156     cutoff  124      1287529.90 1262143.84  1.97%   3.5 2890s
 2629779 1999007 1285213.11  392   75 1287529.90 1262143.99  1.97%   3.5 2895s
 2632576 2000727 1286242.62  185   82 1287529.90 1262144.49  1.97%   3.5 2900s
 2636428 2003443 1272449.73  143  102 1287529.90 1262144.80  1.97%   3.5 2905s
 2641038 2007236 1278298.30  459   70 1287529.90 1262144.92  1.97%   3.5 2910s
 2644051 2008788 1265759.89   95  101 1287529.90 1262145.22  1.97%   3.5 2915s
 2649384 2012612 1276980.49  109   98 1287529.90 1262145.71  1.97%   3.5 2920s
 2652919 2014585 1267282.41  131   95 1287529.90 1262145.90  1.97%   3.5 2925s
 2657579 2018545 1263697.87   84  107 1287529.90 1262146.00  1.97%   3.5 2930s
 2660308 2020431 1275541.76  155   78 1287529.90 1262146.11  1.97%   3.5 2935s
 2666083 2024105     cutoff  169      1287529.90 1262146.85  1.97%   3.5 2940s
 2672212 2028830 1279859.31  180   79 1287529.90 1262147.13  1.97%   3.5 2945s
 2675936 2031189 1266382.66  115   99 1287529.90 1262147.49  1.97%   3.5 2950s
 2680074 2034678 1287481.08  207   80 1287529.90 1262147.58  1.97%   3.5 2955s
 2685162 2038249 1267759.45   92  107 1287529.90 1262148.00  1.97%   3.5 2960s
 2689726 2041036 1265706.30   83  106 1287529.90 1262148.30  1.97%   3.5 2965s
 2693046 2043128 1277471.86  123   93 1287529.90 1262148.50  1.97%   3.5 2970s
 2696468 2045358 1264110.48   89  107 1287529.90 1262148.78  1.97%   3.5 2975s
 2701008 2048687     cutoff  322      1287529.90 1262149.17  1.97%   3.5 2980s
 2705070 2051616 1270794.18  126  100 1287529.90 1262149.40  1.97%   3.5 2985s
 2709501 2054564 1279531.92  200   81 1287529.90 1262149.73  1.97%   3.5 2991s
 2713675 2057574 1274927.88  108   99 1287529.90 1262149.94  1.97%   3.5 2995s
 2720085 2061609     cutoff  116      1287529.90 1262150.71  1.97%   3.5 3000s
 2725530 2065558 1277123.71  217   81 1287529.90 1262150.96  1.97%   3.5 3006s
 2729001 2067720 1280776.91  157   84 1287529.90 1262151.29  1.97%   3.5 3010s
 2732860 2070172     cutoff  182      1287529.90 1262151.72  1.97%   3.5 3015s
 2737304 2073114     cutoff  190      1287529.90 1262151.96  1.97%   3.5 3020s
 2741126 2075421 1266182.37  117   98 1287529.90 1262152.43  1.97%   3.5 3025s
 2744061 2077685 1263712.54   79  111 1287529.90 1262152.61  1.97%   3.5 3030s
 2749388 2081611 1267203.79  100  106 1287529.90 1262152.95  1.97%   3.5 3035s
 2753989 2084713     cutoff  269      1287529.90 1262153.23  1.97%   3.5 3040s
 2757637 2087275     cutoff  203      1287529.90 1262153.37  1.97%   3.5 3046s
 2760731 2089233 1274935.67  152   95 1287529.90 1262153.71  1.97%   3.5 3050s
 2765677 2093066 1282248.19  297   69 1287529.90 1262153.93  1.97%   3.5 3055s
 2770022 2095425 1285990.51  162   79 1287529.90 1262154.31  1.97%   3.5 3060s
 2774333 2098654 1272902.78  149   90 1287529.90 1262154.61  1.97%   3.5 3065s
 2777044 2100779 1286001.21  251   74 1287529.90 1262154.61  1.97%   3.5 3070s
 2780875 2103321     cutoff  188      1287529.90 1262154.97  1.97%   3.5 3075s
 2785086 2105450 1267358.11  102  108 1287529.90 1262155.41  1.97%   3.5 3080s
 2789256 2108550 1285633.49  133   88 1287529.90 1262155.66  1.97%   3.5 3085s
 2792460 2110567 1277763.69  192   77 1287529.90 1262155.93  1.97%   3.5 3090s
 2795707 2113083 1286231.40  204   75 1287529.90 1262155.93  1.97%   3.5 3095s
 2800700 2116387 1286489.60  383   81 1287529.90 1262156.30  1.97%   3.5 3100s
 2805097 2119687 1281344.89  177   79 1287529.90 1262156.65  1.97%   3.5 3105s
 2807704 2121883 1264331.28   94  106 1287529.90 1262156.73  1.97%   3.5 3110s
 2811523 2124530     cutoff  143      1287529.90 1262156.78  1.97%   3.5 3115s
 2815944 2127768     cutoff  131      1287529.90 1262156.97  1.97%   3.5 3120s
 2819754 2129795 infeasible  154      1287529.90 1262157.21  1.97%   3.5 3125s
 2823993 2131778 1275179.58  131   94 1287529.90 1262157.74  1.97%   3.5 3130s
 2826514 2133509 1274444.01   70  106 1287529.90 1262157.93  1.97%   3.5 3135s
 2830314 2135879 1274373.28  157   90 1287529.90 1262158.04  1.97%   3.5 3140s
 2834152 2138424     cutoff  115      1287529.90 1262158.36  1.97%   3.5 3145s
 2838512 2141779 1285156.82  129   89 1287529.90 1262158.50  1.97%   3.5 3150s
 2842888 2144514 1265231.85   99   99 1287529.90 1262158.77  1.97%   3.5 3155s
 2845178 2146081     cutoff  130      1287529.90 1262158.96  1.97%   3.5 3160s
 2849694 2149711 1279693.06  104   95 1287529.90 1262159.18  1.97%   3.5 3165s
 2853355 2152101 1279002.44  200   82 1287529.90 1262159.52  1.97%   3.5 3170s
 2857217 2154505     cutoff  208      1287529.90 1262159.86  1.97%   3.5 3175s
 2860663 2156484 1265508.16  125   95 1287529.90 1262160.08  1.97%   3.5 3182s
 2863558 2157988 1277738.09  150   82 1287529.90 1262160.54  1.97%   3.5 3185s
 2867716 2161084 1269268.87  102  102 1287529.90 1262160.93  1.97%   3.5 3190s
 2872597 2165091 1274433.44  234   83 1287529.90 1262161.17  1.97%   3.5 3195s
 2874795 2166875 1283720.65  328   71 1287529.90 1262161.17  1.97%   3.5 3200s
 2879473 2169589 1273889.00  134   93 1287529.90 1262161.95  1.97%   3.5 3205s
 2883644 2172049 1279308.35  111   96 1287529.90 1262162.31  1.97%   3.5 3210s
 2888200 2175687 1284371.17  132   90 1287529.90 1262162.50  1.97%   3.5 3215s
 2892583 2178017 1263283.83   82  111 1287529.90 1262162.89  1.97%   3.5 3220s
 2895301 2180247     cutoff  142      1287529.90 1262162.89  1.97%   3.5 3225s
 2899589 2182694 1264330.16   90  105 1287529.90 1262163.49  1.97%   3.5 3230s
 2903802 2186369 1270243.18  145   96 1287529.90 1262163.61  1.97%   3.5 3235s
 2908397 2189692 1285987.11  288   69 1287529.90 1262163.94  1.97%   3.5 3240s
 2911062 2191047 1286168.81  285   68 1287529.90 1262164.31  1.97%   3.5 3245s
 2915693 2194298     cutoff  228      1287529.90 1262164.77  1.97%   3.5 3250s
 2919823 2197428     cutoff  175      1287529.90 1262165.03  1.97%   3.5 3255s
 2924727 2200306 1262600.96   71  116 1287529.90 1262165.27  1.97%   3.5 3260s
 2929262 2203365     cutoff  212      1287529.90 1262165.67  1.97%   3.5 3265s
 2935559 2208028 1274472.01  152   92 1287529.90 1262165.92  1.97%   3.5 3270s
 2938699 2209951     cutoff  236      1287529.90 1262166.15  1.97%   3.5 3275s
 2941848 2212223 1287333.55  335   65 1287529.90 1262166.52  1.97%   3.5 3280s
 2946019 2215722 1282206.84  237   78 1287529.90 1262166.74  1.97%   3.5 3285s
 2950224 2218673 1278562.26  200   81 1287529.90 1262167.04  1.97%   3.5 3290s
 2954877 2221270 1282573.83  110   95 1287529.90 1262167.24  1.97%   3.5 3295s
 2958792 2223583 1276582.71  119  100 1287529.90 1262167.41  1.97%   3.5 3301s
 2961126 2224802     cutoff  152      1287529.90 1262167.54  1.97%   3.5 3305s
 2965420 2226917 1274445.66  167   88 1287529.90 1262167.81  1.97%   3.5 3310s
 2969979 2230904 1285288.89  293   79 1287529.90 1262167.85  1.97%   3.5 3315s
 2973418 2233159 1279770.56  299   72 1287529.90 1262168.06  1.97%   3.5 3320s
 2976757 2235499 1264778.15   82  109 1287529.90 1262168.21  1.97%   3.5 3325s
 2980625 2237453 1283141.55  191   72 1287529.90 1262168.48  1.97%   3.5 3330s
 2985279 2241128     cutoff  405      1287529.90 1262168.77  1.97%   3.5 3335s
 2989550 2243262 1285010.95  262   76 1287529.90 1262169.33  1.97%   3.5 3340s
 2994556 2246717 1266476.06   85  107 1287529.90 1262169.74  1.97%   3.5 3345s
 2997500 2248388 1286656.41  152   87 1287529.90 1262169.98  1.97%   3.5 3350s
 3002494 2251017 1285575.77  123   91 1287529.90 1262170.35  1.97%   3.5 3355s
 3008730 2255758 1278394.66  126   89 1287529.90 1262170.81  1.97%   3.5 3360s
 3012844 2258111 1284217.27  112   92 1287529.90 1262171.14  1.97%   3.5 3365s
 3019030 2262788     cutoff  186      1287529.90 1262171.70  1.97%   3.5 3370s
 3024804 2267190     cutoff  112      1287529.90 1262171.92  1.97%   3.5 3375s
 3027037 2268892 1262349.71   82  110 1287529.90 1262172.12  1.97%   3.5 3380s
 3032222 2272056 1286144.05  150   81 1287529.90 1262172.56  1.97%   3.5 3385s
 3036339 2274670     cutoff  319      1287529.90 1262172.73  1.97%   3.5 3390s
 3041240 2278590 1282341.10  371   77 1287529.90 1262172.95  1.97%   3.5 3395s
 3044602 2280626 1268388.55   79  108 1287529.90 1262173.25  1.97%   3.5 3400s
 3048284 2282933     cutoff  165      1287529.90 1262173.51  1.97%   3.5 3405s
 3052230 2285729 1266607.02  139   96 1287529.90 1262173.87  1.97%   3.5 3410s
 3056656 2289404 1273344.29  106  103 1287529.90 1262174.07  1.97%   3.5 3415s
 3059862 2291921 1275549.52  184   82 1287529.90 1262174.25  1.97%   3.5 3420s
 3064481 2295241 1264791.90  105  105 1287529.90 1262174.46  1.97%   3.5 3425s
 3068755 2298443 1287086.22  265   76 1287529.90 1262174.66  1.97%   3.5 3430s
 3073135 2301780 1286198.19  188   75 1287529.90 1262174.91  1.97%   3.5 3437s
 3075663 2303532     cutoff  204      1287529.90 1262175.10  1.97%   3.5 3440s
 3079941 2306873 1278494.16  206   86 1287529.90 1262175.31  1.97%   3.5 3445s
 3084319 2309365 1286984.94  153   76 1287529.90 1262175.50  1.97%   3.5 3450s
 3088108 2311598     cutoff  133      1287529.90 1262175.92  1.97%   3.5 3455s
 3091011 2314307 1278901.34  238   67 1287529.90 1262176.11  1.97%   3.5 3460s
 3095313 2316797     cutoff  113      1287529.90 1262176.20  1.97%   3.5 3465s
 3099226 2319455 1270511.27  147   96 1287529.90 1262176.56  1.97%   3.5 3470s
 3103866 2322100 1268998.53   98   97 1287529.90 1262176.80  1.97%   3.5 3475s
 3106992 2324381 1265418.97   99  107 1287529.90 1262177.09  1.97%   3.5 3480s
 3110640 2326652 1270686.81  142  100 1287529.90 1262177.44  1.97%   3.5 3485s
 3115278 2329940 1280241.89  141   85 1287529.90 1262177.87  1.97%   3.5 3490s
 3119511 2333123 1273406.49  160   91 1287529.90 1262178.03  1.97%   3.5 3495s
 3123150 2335658 1267034.15  134   95 1287529.90 1262178.32  1.97%   3.5 3501s
 3126255 2337939     cutoff  176      1287529.90 1262178.50  1.97%   3.5 3505s
 3131171 2341177 1268137.45  128   98 1287529.90 1262178.87  1.97%   3.5 3510s
 3135117 2343856     cutoff  207      1287529.90 1262179.05  1.97%   3.5 3515s
 3139198 2346530     cutoff  125      1287529.90 1262179.31  1.97%   3.5 3520s
 3142872 2349912     cutoff  316      1287529.90 1262179.38  1.97%   3.5 3525s
 3147147 2352770 1282537.35  250   77 1287529.90 1262179.61  1.97%   3.5 3530s
 3152112 2356120 1286445.32  132   90 1287529.90 1262180.24  1.97%   3.5 3535s
 3155412 2358853 1283765.97  274   73 1287529.90 1262180.29  1.97%   3.5 3540s
 3159519 2361222 1266806.00  153   91 1287529.90 1262180.73  1.97%   3.5 3545s
 3164186 2365587 1287463.20  124   91 1287529.90 1262180.74  1.97%   3.5 3550s
 3167615 2367380 1283355.19  195   75 1287529.90 1262181.24  1.97%   3.5 3555s
 3170651 2370096 1272581.97  157   92 1287529.90 1262181.34  1.97%   3.5 3560s
 3174866 2372843 1286909.45  307   60 1287529.90 1262181.51  1.97%   3.5 3565s
 3179637 2376190     cutoff  124      1287529.90 1262181.71  1.97%   3.5 3570s
 3183936 2378863     cutoff  123      1287529.90 1262182.07  1.97%   3.5 3575s
 3186772 2380771 1266283.20   97  102 1287529.90 1262182.26  1.97%   3.5 3580s
 3191316 2384091 1280378.36  294   78 1287529.90 1262182.51  1.97%   3.5 3585s
 3196111 2387334 1271364.75  127   98 1287529.90 1262182.76  1.97%   3.5 3590s
 3200408 2390512 1274047.93  143   90 1287529.90 1262183.07  1.97%   3.5 3595s
 3203356 2392496 1276898.19  154   91 1287529.90 1262183.25  1.97%   3.5 3600s

Cutting planes:
  Gomory: 11
  Implied bound: 6
  MIR: 1
  Flow cover: 34
  RLT: 45

Explored 3203358 nodes (11333670 simplex iterations) in 3600.04 seconds (1994.30 work units)
Thread count was 2 (of 24 available processors)

Solution count 10: 1.28753e+06 1.28753e+06 1.28823e+06 ... 1.28836e+06

Time limit reached
Best objective 1.287529896235e+06, best bound 1.262183252449e+06, gap 1.9686%
