
Gurobi 11.0.3 (linux64, Java) logging started seg 11 nov 2024 16:53:52 -03

Set parameter Username
Academic license - for non-commercial use only - expires 2025-10-10
Set parameter NonConvex to value 2
Set parameter TimeLimit to value 3600
Set parameter LogToConsole to value 0
Set parameter MIPGap to value 2.4984374264171935e-07
Set parameter Threads to value 2
Set parameter NodefileDir to value "/home/ps12398/goal_programming/goalProgrammingMarcos/"
Set parameter NodefileStart to value 1
Gurobi Optimizer version 11.0.3 build v11.0.3rc0 (linux64)

CPU model: Intel(R) Xeon(R) CPU           X5650  @ 2.67GHz, instruction set [SSE2]
Thread count: 12 physical cores, 24 logical processors, using up to 2 threads

Optimize a model with 57891 rows, 39068 columns and 204713 nonzeros
Model fingerprint: 0xcf571d35
Model has 144 quadratic constraints
Variable types: 19466 continuous, 19602 integer (139 binary)
Coefficient statistics:
  Matrix range     [7e-03, 6e+05]
  QMatrix range    [7e-03, 2e+04]
  QLMatrix range   [1e+00, 2e+04]
  Objective range  [5e+00, 8e+06]
  Bounds range     [1e+00, 1e+08]
  RHS range        [1e+00, 2e+05]
Presolve removed 57628 rows and 38425 columns
Presolve time: 0.16s
Presolved: 780 rows, 810 columns, 12674 nonzeros
Presolved model has 2 SOS constraint(s)
Presolved model has 139 bilinear constraint(s)

Solving non-convex MIQCP

Variable types: 433 continuous, 377 integer (141 binary)
Found heuristic solution: objective 2913856.6886

Root relaxation: objective 7.220603e+05, 177 iterations, 0.01 seconds (0.01 work units)

    Nodes    |    Current Node    |     Objective Bounds      |     Work
 Expl Unexpl |  Obj  Depth IntInf | Incumbent    BestBd   Gap | It/Node Time

     0     0 722060.342    0  141 2913856.69 722060.342  75.2%     -    0s
H    0     0                    2884726.3322 722060.342  75.0%     -    0s
     0     0 889624.964    0  122 2884726.33 889624.964  69.2%     -    0s
H    0     0                    1911658.9946 889732.873  53.5%     -    0s
     0     0 889732.873    0  121 1911658.99 889732.873  53.5%     -    0s
     0     0 913030.492    0  130 1911658.99 913030.492  52.2%     -    0s
     0     0 920088.412    0  129 1911658.99 920088.412  51.9%     -    0s
     0     0 1023899.46    0  119 1911658.99 1023899.46  46.4%     -    0s
H    0     0                    1700731.3421 1027182.77  39.6%     -    0s
     0     0 1028580.45    0  130 1700731.34 1028580.45  39.5%     -    0s
     0     0 1032768.38    0  135 1700731.34 1032768.38  39.3%     -    0s
H    0     0                    1541423.4152 1033448.33  33.0%     -    0s
H    0     0                    1536995.5395 1033448.33  32.8%     -    0s
     0     0 1033448.33    0  135 1536995.54 1033448.33  32.8%     -    0s
     0     0 1034166.57    0  134 1536995.54 1034166.57  32.7%     -    0s
     0     0 1034174.29    0  134 1536995.54 1034174.29  32.7%     -    0s
     0     0 1034177.01    0  134 1536995.54 1034177.01  32.7%     -    1s
H    0     0                    1415338.7266 1034181.40  26.9%     -    1s
     0     2 1034181.40    0  134 1415338.73 1034181.40  26.9%     -    1s
H  472   484                    1258808.2180 1041182.55  17.3%   3.4    1s
H 1390  1402                    1257584.3134 1041182.55  17.2%   2.5    2s
  3708  3684 1067548.62  234   74 1257584.31 1046438.13  16.8%   2.1    5s
H 3726  3513                    1257376.9619 1084662.07  13.7%   2.2    6s
H 3731  3340                    1256927.1360 1107999.07  11.8%   2.2    7s
H 3740  3179                    1250640.6367 1128355.05  9.78%   2.3    8s
H 3745  3024                    1248472.6153 1128355.05  9.62%   2.3    9s
H 4090  3123                    1248085.9639 1131118.80  9.37%   2.5    9s
  4110  3148 1145274.88  140  101 1248085.96 1131118.80  9.37%   2.5   10s
H 4180  3026                    1237048.4240 1131118.80  8.56%   2.5   10s
H 5257  3665                    1237019.5341 1131118.80  8.56%   3.0   11s
H 5291  3523                    1235400.5851 1131118.80  8.44%   3.0   11s
  9417  6515 1205281.36 1367   78 1235400.59 1131118.80  8.44%   3.8   15s
H10845  7107                    1235344.5701 1131118.80  8.44%   4.0   16s
H12054  8458                    1235206.2436 1131123.25  8.43%   4.2   18s
H13197  9643                    1235076.5504 1131123.25  8.42%   4.0   19s
 14081 10242 1202500.36  549   75 1235076.55 1131123.25  8.42%   4.0   20s
H14299 10608                    1235014.6501 1131123.25  8.41%   4.0   20s
H14411 10608                    1234928.7310 1131123.25  8.41%   4.0   20s
H15448 11708                    1233937.4223 1131123.25  8.33%   4.0   21s
H16645 12882                    1231972.6261 1131158.69  8.18%   4.1   23s
 18714 14962 1202516.81  709   74 1231972.63 1131158.69  8.18%   4.1   25s
H23611 19673                    1231942.4291 1131190.60  8.18%   4.2   29s
 24335 20490 1153932.49  200   96 1231942.43 1131190.60  8.18%   4.2   30s
H29201 25248                    1231853.4804 1131192.16  8.17%   4.0   34s
H29880 25871                    1230791.9941 1131192.16  8.09%   4.0   34s
 30309 26394 1198196.75  850   84 1230791.99 1131192.16  8.09%   3.9   35s
H31548 27440                    1230781.0146 1131192.16  8.09%   3.9   35s
H33444 29017                    1229063.2116 1131192.16  7.96%   3.8   38s
H34271 29871                    1228378.2932 1131201.02  7.91%   3.8   39s
H34368 28801                    1223691.7364 1131201.02  7.56%   3.8   39s
H34395 28981                    1223578.0438 1131201.02  7.55%   3.8   39s
 35288 29973 1195193.32  609   79 1223578.04 1131201.02  7.55%   3.8   40s
H35674 30189                    1223564.9873 1131201.02  7.55%   3.7   40s
H35737 29982                    1223020.2487 1131201.02  7.51%   3.7   40s
H36597 30701                    1223007.2089 1131201.02  7.51%   3.7   40s
H37693 31865                    1222979.5971 1131201.82  7.50%   3.7   42s
H38319 31973                    1221560.2843 1131201.82  7.40%   3.7   42s
H38416 31133                    1220364.3367 1131201.82  7.31%   3.6   42s
 41426 34177 1167214.00  257   85 1220364.34 1131202.88  7.31%   3.5   45s
 47596 40068 1136485.23   52  111 1220364.34 1131218.47  7.30%   3.5   50s
 51398 43686 1152370.15  146   91 1220364.34 1131224.63  7.30%   3.4   55s
 56994 49016 1209061.40  746   73 1220364.34 1131235.54  7.30%   3.4   60s
 62344 53897 1134906.12   52  110 1220364.34 1131237.22  7.30%   3.5   65s
 67593 58543 1217298.57  559   70 1220364.34 1131240.38  7.30%   3.4   70s
H68621 59551                    1220273.1461 1131240.38  7.30%   3.4   71s
H69885 60693                    1220251.9804 1131240.87  7.29%   3.4   72s
 71917 62647 1134896.05   62  103 1220251.98 1131240.87  7.29%   3.5   75s
 77932 68135 1136085.19  111   98 1220251.98 1131248.75  7.29%   3.4   80s
H81690 71356                    1219595.2409 1131249.41  7.24%   3.4   83s
 83323 72920 1135906.25   87   97 1219595.24 1131250.11  7.24%   3.4   85s
 87452 76444     cutoff  583      1219595.24 1131254.45  7.24%   3.4   90s
 92726 81194 1157872.27  107   95 1219595.24 1131262.12  7.24%   3.4   95s
 98248 86333 1216386.81 1537   73 1219595.24 1131270.12  7.24%   3.4  100s
 103624 91093 1216436.44 1208   83 1219595.24 1131280.67  7.24%   3.3  105s
 108016 95258 1174591.74  248   88 1219595.24 1131290.66  7.24%   3.4  110s
 113349 100286 1188988.39  512   87 1219595.24 1131301.35  7.24%   3.3  115s
 118830 105285 1164933.41  222   93 1219595.24 1131322.49  7.24%   3.3  120s
H120215 105661                    1219232.9221 1131322.49  7.21%   3.3  121s
H120994 106067                    1219232.6946 1131336.81  7.21%   3.3  122s
H121108 106067                    1219230.9318 1131336.81  7.21%   3.3  123s
H121236 105837                    1218752.3286 1131336.81  7.17%   3.3  123s
H121525 105898                    1218643.0284 1131336.81  7.16%   3.3  123s
H122646 106990                    1218598.9774 1131336.81  7.16%   3.3  124s
 122748 107261 1201317.76  531   79 1218598.98 1131336.81  7.16%   3.3  125s
H123899 108263                    1218555.6538 1131336.81  7.16%   3.3  126s
H124034 108229                    1218532.0317 1131336.81  7.16%   3.3  126s
H125145 106862                    1216417.2149 1131364.31  6.99%   3.3  127s
 128244 109772 1157297.64   76   99 1216417.21 1131385.88  6.99%   3.2  130s
 133432 114802 1162031.51  184   86 1216417.21 1131388.21  6.99%   3.2  135s
H137913 118637                    1216416.8338 1131402.13  6.99%   3.2  138s
H137932 118501                    1216301.5234 1131402.13  6.98%   3.2  139s
 138727 119547 1188062.74  283   92 1216301.52 1131404.52  6.98%   3.2  140s
H139045 119799                    1216243.6502 1131404.52  6.98%   3.2  140s
H140285 120812                    1216148.1176 1131404.70  6.97%   3.2  141s
H141387 118819                    1214633.8135 1131404.70  6.85%   3.2  143s
H142616 119949                    1214616.7749 1131404.70  6.85%   3.2  144s
 143288 120655 1202805.53 1119   76 1214616.77 1131404.70  6.85%   3.2  145s
H143791 120896                    1214548.6759 1131404.70  6.85%   3.2  145s
H146948 123603                    1214518.2828 1131411.01  6.84%   3.2  148s
H148127 124560                    1214494.1761 1131412.52  6.84%   3.2  149s
 148299 124781 1144529.28  111   99 1214494.18 1131412.52  6.84%   3.2  150s
H149262 125012                    1214327.0607 1131413.40  6.83%   3.2  151s
H150430 121066                    1212865.0618 1131416.73  6.72%   3.2  152s
H151755 122130                    1212844.7681 1131418.15  6.71%   3.2  153s
 153340 123639 1145817.33  102   96 1212844.77 1131421.81  6.71%   3.2  155s
 157909 127835 1182273.78  105   95 1212844.77 1131424.89  6.71%   3.2  160s
 163061 132362 1212362.37  429   76 1212844.77 1131434.04  6.71%   3.2  165s
H164382 133494                    1212829.3949 1131435.15  6.71%   3.2  166s
H165431 131339                    1211964.2380 1131437.36  6.64%   3.2  167s
 168111 133791 1201698.81  571   74 1211964.24 1131442.45  6.64%   3.2  170s
 172506 137732 1134466.86   58  105 1211964.24 1131452.99  6.64%   3.2  175s
H177719 142319                    1211952.2321 1131457.10  6.64%   3.2  179s
 177808 142415 1206043.69  725   73 1211952.23 1131457.10  6.64%   3.2  180s
H178745 142746                    1211815.5150 1131459.36  6.63%   3.2  180s
H179783 143692                    1211792.2436 1131460.75  6.63%   3.2  181s
 182296 146009 1191471.30  271   86 1211792.24 1131465.23  6.63%   3.2  185s
 187655 150986 1193957.44  395   86 1211792.24 1131475.60  6.63%   3.2  190s
H188910 151995                    1211791.8258 1131490.69  6.63%   3.2  191s
H190071 152939                    1211762.9176 1131494.18  6.62%   3.2  192s
H191439 154095                    1211755.4652 1131494.67  6.62%   3.1  193s
 192580 155102 1211019.09  404   80 1211755.47 1131497.91  6.62%   3.1  195s
H196754 158991                    1211746.7359 1131510.92  6.62%   3.1  199s
 197269 159441 1200335.14  687   86 1211746.74 1131516.20  6.62%   3.1  200s
H197761 159673                    1211708.9771 1131520.87  6.62%   3.1  200s
H198813 160259                    1211597.0871 1131528.74  6.61%   3.1  201s
 202175 163327 1163296.15  298   92 1211597.09 1131532.72  6.61%   3.1  205s
 207713 168338 1182772.33  193   87 1211597.09 1131553.69  6.61%   3.1  210s
H211589 171436                    1211494.1121 1131558.47  6.60%   3.1  213s
 212190 172140     cutoff  597      1211494.11 1131559.65  6.60%   3.1  215s
 217564 177083 1199345.99  629   79 1211494.11 1131563.42  6.60%   3.1  220s
 222573 181899 1144656.50  136   99 1211494.11 1131593.01  6.60%   3.1  225s
H224327 183033                    1211400.0522 1131593.46  6.59%   3.1  226s
H225513 183940                    1211355.3601 1131595.98  6.58%   3.1  228s
 226470 184804 1160864.76  343   92 1211355.36 1131597.86  6.58%   3.1  230s
H226728 185033                    1211345.3219 1131597.86  6.58%   3.1  230s
H228141 184787                    1210975.9648 1131599.16  6.55%   3.1  231s
H228359 182273                    1210230.0951 1131599.16  6.50%   3.1  232s
 231428 185042 1152735.07  171  100 1210230.10 1131606.74  6.50%   3.1  235s
 236727 189943 1189771.92  333   94 1210230.10 1131613.49  6.50%   3.1  240s
H241120 193751                    1210222.6229 1131622.59  6.49%   3.0  244s
H241121 193702                    1210209.3706 1131622.59  6.49%   3.0  244s
 241539 194150 1161350.23  147   90 1210209.37 1131625.34  6.49%   3.0  245s
H242397 194621                    1210188.0277 1131628.57  6.49%   3.0  246s
H243723 195948                    1210173.4995 1131628.86  6.49%   3.0  248s
H244750 196906                    1210149.3308 1131629.91  6.49%   3.0  249s
 245266 197334 1143330.51  169   92 1210149.33 1131629.91  6.49%   3.0  250s
H245786 197460                    1210084.4960 1131629.91  6.48%   3.0  250s
H247254 198770                    1210076.2053 1131630.60  6.48%   3.0  251s
H248052 199457                    1210073.6412 1131632.55  6.48%   3.0  252s
 250573 202147 1167024.54  218   88 1210073.64 1131636.96  6.48%   3.0  255s
 255927 206793 1193122.98  363   85 1210073.64 1131657.43  6.48%   3.0  260s
H260783 210988                    1210069.3956 1131669.87  6.48%   3.0  264s
H260855 210979                    1210067.0581 1131669.87  6.48%   3.0  264s
 261254 211661 1189232.40  371   85 1210067.06 1131669.87  6.48%   3.0  265s
 265667 215554 1174344.43  183   87 1210067.06 1131680.02  6.48%   3.0  270s
H267365 216838                    1210024.6810 1131682.41  6.47%   3.0  271s
H268519 217753                    1210024.2674 1131685.76  6.47%   3.0  273s
H268905 218213                    1210024.2563 1131685.76  6.47%   3.0  273s
H269709 219048                    1210024.1735 1131688.94  6.47%   3.0  274s
 270359 219790 1195909.68  382   77 1210024.17 1131688.94  6.47%   3.0  275s
H270711 219840                    1209972.2369 1131688.94  6.47%   3.0  275s
 276277 225025 1157038.11  183   94 1209972.24 1131702.29  6.47%   3.0  280s
 280829 229309 1185989.88  495   86 1209972.24 1131709.07  6.47%   3.0  285s
H283441 231441                    1209971.7249 1131717.37  6.47%   3.0  287s
H283447 231410                    1209964.0416 1131717.37  6.47%   3.0  287s
H284893 232797                    1209949.2328 1131722.07  6.47%   3.0  289s
H286033 233517                    1209867.0872 1131725.95  6.46%   3.0  290s
 291200 238310 1190963.20  115   94 1209867.09 1131738.85  6.46%   3.0  295s
H292217 239019                    1209865.8659 1131738.85  6.46%   3.0  296s
 295077 241916 1157069.25  144   89 1209865.87 1131743.12  6.46%   3.0  300s
H295466 242055                    1209845.5980 1131743.12  6.46%   3.0  300s
 300657 246944 1184324.98  286   88 1209845.60 1131761.64  6.45%   3.0  305s
H301785 247983                    1209834.0836 1131761.64  6.45%   3.0  306s
H303041 248798                    1209816.5415 1131761.64  6.45%   3.0  307s
 305955 251510 1170638.56   71   97 1209816.54 1131775.00  6.45%   3.0  310s
 310495 255941 1147654.62  217   91 1209816.54 1131785.16  6.45%   3.0  315s
H315852 260174                    1209751.7638 1131793.75  6.44%   3.0  319s
 316169 260738 1144483.17  141   99 1209751.76 1131793.75  6.44%   3.0  320s
H317112 261265                    1209703.9442 1131793.75  6.44%   3.0  320s
H317249 261377                    1209660.6563 1131793.75  6.44%   3.0  321s
 321469 265151 1166912.04  217   91 1209660.66 1131804.78  6.44%   3.0  325s
 327225 270636 1187314.91  429   84 1209660.66 1131823.43  6.43%   3.0  330s
 332478 275700 1194061.02  464   78 1209660.66 1131844.57  6.43%   3.0  335s
 336943 279675 1159433.04  248   94 1209660.66 1131860.66  6.43%   3.0  340s
H340752 283109                    1209652.1964 1131871.44  6.43%   3.0  343s
H341914 284053                    1209613.2247 1131871.44  6.43%   3.0  344s
 342081 284253 1196387.40  464   80 1209613.22 1131871.44  6.43%   3.0  345s
H343105 285110                    1209606.7656 1131871.78  6.43%   3.0  346s
 346895 288511 1144170.02  111   97 1209606.77 1131886.95  6.43%   3.0  350s
 350962 292385 1172074.60  293   88 1209606.77 1131909.09  6.42%   3.1  355s
H352581 293684                    1209583.4279 1131909.15  6.42%   3.1  356s
 355563 296281 1163468.95  268   95 1209583.43 1131913.37  6.42%   3.1  360s
H359462 299695                    1209569.8333 1131928.01  6.42%   3.1  363s
 360700 301023 1188025.95  340   85 1209569.83 1131929.16  6.42%   3.1  365s
H360852 300744                    1209490.8964 1131929.16  6.41%   3.1  365s
 365833 305556 1196772.95  374   83 1209490.90 1131940.35  6.41%   3.1  370s
 370158 309438 1184131.17  233   87 1209490.90 1131962.11  6.41%   3.1  375s
H373734 312264                    1209416.9051 1131967.50  6.40%   3.1  378s
H373773 312198                    1209401.3452 1131967.50  6.40%   3.1  378s
H374902 313398                    1209397.9567 1131973.59  6.40%   3.1  380s
H375032 313156                    1209338.0449 1131974.42  6.40%   3.1  380s
H376096 314254                    1209337.0643 1131977.28  6.40%   3.1  381s
H377616 315086                    1209255.3127 1131981.57  6.39%   3.1  382s
H378212 315617                    1209255.3080 1131981.97  6.39%   3.1  383s
 379956 316935     cutoff  482      1209255.31 1131987.24  6.39%   3.1  386s
H379958 316935                    1209255.2732 1131987.24  6.39%   3.1  386s
H382415 318932                    1209164.3542 1131996.85  6.38%   3.1  389s
H383621 319778                    1209119.6635 1132003.25  6.38%   3.1  390s
H383724 317486                    1208573.2401 1132003.25  6.34%   3.1  390s
H384251 318070                    1208571.1482 1132008.63  6.33%   3.1  390s
 388625 322016 1184413.05  378   85 1208571.15 1132023.48  6.33%   3.1  395s
 394047 326904 1176564.00  249   90 1208571.15 1132054.26  6.33%   3.1  400s
H396982 329284                    1208555.2009 1132062.27  6.33%   3.1  402s
H396990 328944                    1208503.1605 1132062.27  6.33%   3.1  402s
H398147 329837                    1208474.4365 1132067.01  6.32%   3.1  404s
 399091 330799 1197777.13  245   78 1208474.44 1132068.65  6.32%   3.1  405s
 404133 335420 1147382.13  194   99 1208474.44 1132072.36  6.32%   3.1  410s
 409509 340455 1194559.69  516   86 1208474.44 1132091.49  6.32%   3.1  415s
 415222 345552     cutoff  351      1208474.44 1132106.11  6.32%   3.1  420s
 420848 350841 1194415.94  154   86 1208474.44 1132128.78  6.32%   3.1  425s
H424389 354104                    1208458.8312 1132140.72  6.32%   3.1  428s
 426507 356086 1135385.52   68  105 1208458.83 1132157.05  6.31%   3.1  430s
 432179 361354 1192829.67  428   86 1208458.83 1132185.96  6.31%   3.1  435s
H436971 365438                    1208447.8512 1132190.98  6.31%   3.1  439s
 437466 365861 1203947.80  341   72 1208447.85 1132190.98  6.31%   3.1  440s
 442831 370144 1170911.47  220   91 1208447.85 1132212.49  6.31%   3.2  445s
 448034 375000 1190571.07  155   89 1208447.85 1132254.86  6.31%   3.2  450s
H449674 376279                    1208434.6240 1132263.51  6.30%   3.2  451s
H450781 377252                    1208391.6760 1132272.79  6.30%   3.2  452s
 453200 379422 1149447.41  110   95 1208391.68 1132275.39  6.30%   3.2  455s
 459504 385376 1205914.19  602   78 1208391.68 1132301.49  6.30%   3.2  460s
H463530 388551                    1208352.3588 1132341.28  6.29%   3.2  463s
 464801 389862 1164177.19  421   89 1208352.36 1132362.66  6.29%   3.2  465s
H464938 387343                    1207851.9966 1132362.66  6.25%   3.2  465s
 469631 391520 1201419.21  218   87 1207852.00 1132379.36  6.25%   3.2  470s
 474897 396068 1200790.76  242   89 1207852.00 1132413.17  6.25%   3.2  475s
H477807 398598                    1207846.8028 1132428.34  6.24%   3.2  477s
 479878 400572 1162020.84  264   94 1207846.80 1132440.08  6.24%   3.2  480s
 485174 405082 1191566.62  361   88 1207846.80 1132473.78  6.24%   3.2  485s
 490067 409559 1169916.55  271   90 1207846.80 1132523.84  6.24%   3.2  490s
H490652 410012                    1207844.5514 1132523.84  6.24%   3.2  490s
 495343 414486 1171625.03  436   93 1207844.55 1132541.82  6.23%   3.2  495s
 500799 419440 1185281.59  352   93 1207844.55 1132563.54  6.23%   3.2  500s
 505943 424061 1141862.61   94   97 1207844.55 1132584.20  6.23%   3.2  505s
 511242 428758 1169496.00  120   99 1207844.55 1132600.83  6.23%   3.2  510s
 516398 433438     cutoff  548      1207844.55 1132614.43  6.23%   3.2  515s
 521446 437763 1139032.44   81   98 1207844.55 1132652.26  6.23%   3.2  520s
H521638 437903                    1207843.9554 1132652.26  6.23%   3.2  520s
H522670 438648                    1207783.8046 1132663.08  6.22%   3.2  521s
H523736 439387                    1207738.8117 1132664.44  6.22%   3.2  522s
 526564 441934 1174421.48  338   90 1207738.81 1132700.49  6.21%   3.2  525s
 531971 446830 1177830.81  137   98 1207738.81 1132759.37  6.21%   3.2  530s
H536389 450607                    1207707.0987 1132774.70  6.20%   3.2  534s
 537081 451472 1198645.52  789   77 1207707.10 1132774.70  6.20%   3.2  535s
H537598 451758                    1207703.7936 1132774.70  6.20%   3.2  535s
 542181 456073 1190903.65  386   84 1207703.79 1132848.99  6.20%   3.2  540s
 547624 460880 1169728.27  155   91 1207703.79 1132889.06  6.19%   3.2  545s
 553285 465865 1158870.02  208   94 1207703.79 1132930.59  6.19%   3.2  550s
 558942 471061 1140096.04  180  101 1207703.79 1132997.27  6.19%   3.2  555s
 564223 476014 1193394.77  854   72 1207703.79 1133005.61  6.19%   3.2  560s
 569368 480381 1205116.71  366   76 1207703.79 1133041.04  6.18%   3.2  565s
H569929 480664                    1207681.0498 1133041.26  6.18%   3.2  565s
 574541 484958 1192366.24  186   92 1207681.05 1133067.86  6.18%   3.2  570s
 580108 489918 1203425.37  544   77 1207681.05 1133126.13  6.17%   3.2  575s
H582603 491971                    1207677.2345 1133146.03  6.17%   3.2  577s
H583877 493385                    1207669.4072 1133147.53  6.17%   3.2  578s
 585436 494499 1196316.54  757   72 1207669.41 1133147.53  6.17%   3.2  580s
 590939 499391 1180094.79  303   91 1207669.41 1133185.66  6.17%   3.2  585s
 596499 504271 1133909.55   53  112 1207669.41 1133260.12  6.16%   3.2  590s
H596731 504405                    1207666.9166 1133260.12  6.16%   3.2  590s
H597907 505626                    1207650.0361 1133263.69  6.16%   3.2  591s
H599169 506696                    1207649.3968 1133263.69  6.16%   3.2  592s
 602114 509372 1169147.72  133   92 1207649.40 1133295.61  6.16%   3.2  595s
 607538 514338 1165701.93  176   93 1207649.40 1133341.81  6.15%   3.2  600s
 612912 519335 1203435.72  192   88 1207649.40 1133377.84  6.15%   3.2  605s
 618421 524121 1180415.50  326   88 1207649.40 1133426.85  6.15%   3.2  610s
 624171 529328 1196358.21  561   86 1207649.40 1133458.03  6.14%   3.2  615s
 629462 534057 1206874.92  466   81 1207649.40 1133513.14  6.14%   3.2  620s
H631152 535104                    1207591.4701 1133537.85  6.13%   3.2  621s
 634925 538660 1194652.63  675   85 1207591.47 1133568.98  6.13%   3.2  625s
 640403 543502 1157956.32  122   94 1207591.47 1133612.67  6.13%   3.2  630s
H644076 546227                    1207551.7946 1133622.51  6.12%   3.2  633s
H644079 546168                    1207539.9657 1133622.51  6.12%   3.2  633s
 645557 547590 1158004.01  305   94 1207539.97 1133623.02  6.12%   3.2  635s
 650483 552113 1187689.78  451   80 1207539.97 1133630.15  6.12%   3.2  640s
 656299 557345 1153876.75   93   99 1207539.97 1133642.61  6.12%   3.2  645s
H656836 557766                    1207533.6453 1133642.87  6.12%   3.2  645s
 661677 562381 1167006.79  307   93 1207533.65 1133647.25  6.12%   3.2  650s
 667685 567867 1200114.13  592   74 1207533.65 1133652.65  6.12%   3.2  655s
H669656 569527                    1207532.8333 1133657.69  6.12%   3.2  657s
H670701 570484                    1207505.0005 1133657.69  6.12%   3.2  658s
H670862 570142                    1207448.7142 1133657.69  6.11%   3.2  658s
H671919 571026                    1207429.0347 1133659.89  6.11%   3.2  659s
 672617 571792 1134290.04   58  115 1207429.03 1133664.06  6.11%   3.2  660s
H673380 572159                    1207411.3988 1133666.25  6.11%   3.2  660s
 677766 576304 1141196.05   89  104 1207411.40 1133672.90  6.11%   3.2  665s
 683767 582019 1173303.89  225   86 1207411.40 1133681.21  6.11%   3.2  670s
H686061 583828                    1207397.3933 1133687.92  6.10%   3.2  672s
 688914 586480 1185372.22  376   88 1207397.39 1133689.23  6.10%   3.2  675s
 694082 591340 1158207.89  247   92 1207397.39 1133703.51  6.10%   3.2  680s
H698949 595422                    1207387.0184 1133719.33  6.10%   3.2  685s
 704585 600520 1142792.71  120  100 1207387.02 1133737.74  6.10%   3.2  690s
 709998 605240 1182929.83  408   84 1207387.02 1133754.10  6.10%   3.2  695s
H711968 607029                    1207380.2739 1133757.16  6.10%   3.2  697s
 715800 610660 1159953.05  198   93 1207380.27 1133765.75  6.10%   3.2  700s
 721732 615750 1161208.73  200   89 1207380.27 1133774.16  6.10%   3.2  705s
H724936 618659                    1207377.1600 1133777.03  6.10%   3.2  708s
H725010 618608                    1207366.5357 1133777.03  6.10%   3.2  708s
H726201 619447                    1207295.3277 1133778.78  6.09%   3.2  709s
 726840 619964 1138817.21   70  103 1207295.33 1133779.73  6.09%   3.2  710s
 732183 624777 1149997.50  133   96 1207295.33 1133785.77  6.09%   3.2  715s
 737287 629400     cutoff  217      1207295.33 1133793.31  6.09%   3.2  720s
H739018 630632                    1207233.0346 1133794.94  6.08%   3.2  721s
H740306 631606                    1207214.1022 1133797.24  6.08%   3.2  723s
H741438 632448                    1207169.1697 1133797.88  6.08%   3.2  724s
 742320 633371 1153616.85  151   87 1207169.17 1133799.52  6.08%   3.2  725s
 747792 638424 1146105.39  126   97 1207169.17 1133806.75  6.08%   3.2  730s
 753581 643643 1163777.74  172   87 1207169.17 1133818.24  6.08%   3.2  735s
H754323 644029                    1207132.7231 1133818.24  6.07%   3.2  735s
 759142 648617 1197325.25  317   78 1207132.72 1133821.24  6.07%   3.2  740s
 764724 653554 1201161.98  551   76 1207132.72 1133828.83  6.07%   3.2  745s
H767084 655432                    1207104.8062 1133831.98  6.07%   3.2  747s
 770248 658326 1203730.74  115   93 1207104.81 1133835.92  6.07%   3.2  750s
 776048 663748 1141072.32   83  103 1207104.81 1133840.99  6.07%   3.2  755s
H779906 667119                    1207085.4190 1133843.03  6.07%   3.2  758s
H780920 667963                    1207066.0208 1133843.23  6.07%   3.2  759s
 781662 668649 1152131.82  128  102 1207066.02 1133845.88  6.07%   3.2  760s
 787546 674218 1189271.44  234   87 1207066.02 1133848.70  6.07%   3.2  765s
 793230 679267 1153711.18  162   99 1207066.02 1133855.68  6.07%   3.2  770s
H793917 679780                    1207065.5199 1133855.74  6.07%   3.2  770s
H794989 680655                    1207041.3300 1133856.10  6.06%   3.2  771s
H796313 681532                    1207007.3979 1133857.97  6.06%   3.2  773s
 798641 683978 1157039.17  196   94 1207007.40 1133858.21  6.06%   3.2  775s
 803781 688441 1169325.66  215   93 1207007.40 1133864.53  6.06%   3.2  780s
 808416 692418 1140374.93  131  106 1207007.40 1133870.55  6.06%   3.2  785s
H809189 693198                    1206980.4936 1133870.55  6.06%   3.2  786s
H809255 690710                    1206651.8795 1133870.55  6.03%   3.2  786s
H810492 689691                    1206375.2608 1133870.55  6.01%   3.2  787s
H811713 690751                    1206358.7147 1133872.58  6.01%   3.2  789s
 812413 691484 1173000.71  396   87 1206358.71 1133873.78  6.01%   3.2  790s
 817567 696018     cutoff  427      1206358.71 1133879.26  6.01%   3.2  795s
 822915 700863 1154359.35  186   96 1206358.71 1133883.21  6.01%   3.2  800s
H824320 701920                    1206348.1395 1133884.99  6.01%   3.2  801s
H825376 702891                    1206338.0004 1133885.66  6.01%   3.2  802s
 827642 704788 1135998.01   75  105 1206338.00 1133889.40  6.01%   3.2  805s
 832688 709490 1145121.47  111  101 1206338.00 1133891.94  6.01%   3.2  810s
 837815 714186 1161977.23  202   96 1206338.00 1133897.74  6.00%   3.2  815s
H838113 714409                    1206335.9920 1133897.74  6.00%   3.2  815s
 842301 718009 1159908.05  164   91 1206335.99 1133898.57  6.00%   3.2  820s
 846423 721740 1137258.83   92  104 1206335.99 1133899.66  6.00%   3.2  825s
 851919 726760 1147153.60  124   98 1206335.99 1133908.16  6.00%   3.2  830s
H855705 730214                    1206335.9136 1133911.50  6.00%   3.2  833s
 857318 731697 1200005.44  359   74 1206335.91 1133912.36  6.00%   3.2  835s
 862558 736423 1190347.79  352   85 1206335.91 1133922.63  6.00%   3.2  840s
 868164 741499 1148923.51  104   99 1206335.91 1133928.49  6.00%   3.2  845s
H868418 741686                    1206335.8251 1133929.02  6.00%   3.2  845s
H869787 742678                    1206304.5541 1133929.86  6.00%   3.2  846s
H870907 743758                    1206302.1661 1133929.86  6.00%   3.2  848s
H872045 744789                    1206298.7618 1133930.38  6.00%   3.2  849s
 872942 745545 1195164.84  300   88 1206298.76 1133932.59  6.00%   3.2  850s
 878641 750684 1193038.75  536   83 1206298.76 1133935.55  6.00%   3.2  855s
H880259 751948                    1206292.1539 1133935.64  6.00%   3.2  856s
H881357 752935                    1206279.4842 1133936.86  6.00%   3.2  857s
H881507 752894                    1206273.6938 1133936.86  6.00%   3.2  857s
H882736 753940                    1206261.1502 1133938.44  6.00%   3.2  859s
 883542 754718 1188134.84  193   86 1206261.15 1133938.73  6.00%   3.2  860s
H884129 755320                    1206258.1125 1133939.84  6.00%   3.2  861s
 888377 759198 1195632.39  153   84 1206258.11 1133946.85  5.99%   3.2  865s
 893977 764225 1159230.78  355   97 1206258.11 1133954.45  5.99%   3.2  870s
H895121 765030                    1206244.8501 1133955.19  5.99%   3.2  871s
H895657 765381                    1206237.0270 1133957.04  5.99%   3.2  871s
H896948 766568                    1206236.4810 1133960.07  5.99%   3.2  872s
 899318 768931 1187078.00  405   89 1206236.48 1133966.47  5.99%   3.2  875s
 904929 773975 1181397.19  339   86 1206236.48 1133969.86  5.99%   3.2  880s
H909835 778078                    1206234.5782 1133977.81  5.99%   3.2  884s
H909848 775827                    1205976.9980 1133978.78  5.97%   3.2  884s
 909862 776118 1135280.77   74  104 1205977.00 1133978.78  5.97%   3.2  885s
 913925 779761 1194434.73  460   80 1205977.00 1133984.57  5.97%   3.2  890s
 918623 783923 1196911.27  278   82 1205977.00 1133988.41  5.97%   3.2  895s
H922606 787540                    1205970.4386 1133989.47  5.97%   3.2  899s
H922770 787445                    1205961.4722 1133989.47  5.97%   3.2  899s
 923409 788183 1135152.33   73  103 1205961.47 1133991.03  5.97%   3.2  900s
 928256 792469 1198813.03  422   79 1205961.47 1133995.49  5.97%   3.2  905s
 932737 796512 1163865.70  278   91 1205961.47 1133999.10  5.97%   3.2  910s
H935614 799075                    1205957.9751 1134001.01  5.97%   3.2  913s
H935616 798972                    1205945.3571 1134001.56  5.97%   3.2  913s
 937567 800666 1169871.88  169   84 1205945.36 1134003.78  5.97%   3.2  915s
 942177 804901 1197733.52 1009   75 1205945.36 1134004.29  5.97%   3.2  920s
 947666 809971 1197958.02  428   85 1205945.36 1134007.97  5.97%   3.2  925s
H948534 810699                    1205938.1276 1134007.97  5.96%   3.2  926s
H949589 811416                    1205910.9874 1134008.49  5.96%   3.2  927s
 951526 813149 1170560.39  230   96 1205910.99 1134013.46  5.96%   3.2  930s
H953710 814724                    1205901.5077 1134017.31  5.96%   3.2  932s
 956586 817547 1157267.60  201   91 1205901.51 1134017.93  5.96%   3.2  935s
H957888 818725                    1205899.9801 1134018.98  5.96%   3.2  936s
H958896 819614                    1205893.6843 1134018.98  5.96%   3.2  937s
 962361 822751 1144826.43  121  101 1205893.68 1134021.12  5.96%   3.2  940s
 968129 827915 1188793.25  333   89 1205893.68 1134025.96  5.96%   3.2  945s
H971574 830883                    1205890.1016 1134027.23  5.96%   3.2  949s
H971588 830558                    1205853.1589 1134027.23  5.96%   3.2  949s
 972214 831344 1137278.76  101  104 1205853.16 1134029.27  5.96%   3.2  950s
H972769 831889                    1205851.9703 1134029.27  5.96%   3.2  950s
H974063 832808                    1205836.6639 1134029.72  5.95%   3.2  952s
H975170 824725                    1204930.2408 1134029.72  5.88%   3.2  953s
H976178 825351                    1204904.8216 1134030.94  5.88%   3.2  954s
 976400 825623 1137790.58   82  103 1204904.82 1134030.94  5.88%   3.2  955s
 981911 830550 1149810.98  149   97 1204904.82 1134037.75  5.88%   3.2  960s
 987759 835990 1148911.06  190   95 1204904.82 1134039.52  5.88%   3.2  965s
H989467 837118                    1204882.6973 1134040.51  5.88%   3.2  966s
H990503 838229                    1204881.8439 1134043.60  5.88%   3.2  967s
H991591 839012                    1204867.3566 1134043.66  5.88%   3.2  968s
 992632 839895 1156578.79  310   92 1204867.36 1134043.66  5.88%   3.2  970s
 998203 844868     cutoff  423      1204867.36 1134047.43  5.88%   3.2  975s
 1003139 849052 1169040.42  242   86 1204867.36 1134055.88  5.88%   3.2  980s
H1004406 849998                    1204865.6107 1134056.30  5.88%   3.2  981s
H1004409 849982                    1204864.2776 1134056.30  5.88%   3.2  981s
H1004419 849604                    1204830.2451 1134056.30  5.87%   3.2  981s
 1008177 853126     cutoff   94      1204830.25 1134059.53  5.87%   3.2  985s
H1008801 853677                    1204826.5985 1134059.53  5.87%   3.2  985s
H1010062 854450                    1204802.5065 1134059.73  5.87%   3.2  988s
 1011901 856287 1150659.90  130  102 1204802.51 1134059.73  5.87%   3.2  990s
 1016687 860611 1150766.54  162   97 1204802.51 1134063.45  5.87%   3.2  995s
Created node file directory '/home/ps12398/goal_programming/goalProgrammingMarcos//grbnodes6'
 1019000 862455 1164772.87  128   94 1204802.51 1134067.16  5.87%   3.2 1003s
 1020694 863849 1144941.50  170   96 1204802.51 1134068.96  5.87%   3.2 1005s
H1022802 865690                    1204683.1511 1134068.96  5.86%   3.2 1007s
 1025399 868072 1136925.54   79  102 1204683.15 1134070.22  5.86%   3.2 1010s
 1030047 871691 1201408.87  416   71 1204683.15 1134073.41  5.86%   3.2 1015s
 1034779 875739 1175730.71  284   95 1204683.15 1134075.34  5.86%   3.2 1020s
 1035493 876429 1186523.78  474   87 1204683.15 1134075.34  5.86%   3.2 1027s
 1037848 878253 1150793.83  103   97 1204683.15 1134075.95  5.86%   3.2 1030s
 1041253 880949 1168622.58  177  100 1204683.15 1134078.47  5.86%   3.2 1035s
 1045755 884615 1159587.79  165   91 1204683.15 1134080.17  5.86%   3.2 1040s
H1048034 886351                    1204627.1778 1134081.48  5.86%   3.2 1042s
H1050334 888116                    1204617.6225 1134082.67  5.86%   3.2 1045s
 1051871 889581 1154422.89  132  102 1204617.62 1134082.67  5.86%   3.2 1052s
 1054916 892299 1161626.60  246   86 1204617.62 1134083.12  5.86%   3.2 1055s
H1057799 894667                    1204608.9620 1134083.12  5.85%   3.2 1058s
 1059432 895994 1164968.04  184   91 1204608.96 1134084.50  5.85%   3.2 1060s
 1064383 899239 1166432.57  334   92 1204608.96 1134085.32  5.85%   3.2 1065s
 1068678 903045 1178366.85  325   86 1204608.96 1134086.96  5.85%   3.2 1074s
 1069684 903955 1200192.55  588   79 1204608.96 1134086.96  5.85%   3.2 1075s
H1070538 904461                    1204605.0004 1134086.96  5.85%   3.2 1076s
H1071860 905339                    1204602.7592 1134087.09  5.85%   3.2 1077s
H1072948 906258                    1204573.8903 1134087.09  5.85%   3.2 1079s
 1073194 906488 1201710.46  126   94 1204573.89 1134087.09  5.85%   3.2 1080s
 1078084 909903 1155598.34  172   94 1204573.89 1134089.14  5.85%   3.2 1085s
 1081920 912878 1145185.14  136  101 1204573.89 1134091.33  5.85%   3.2 1090s
 1084895 915504 1200811.74  161   85 1204573.89 1134091.79  5.85%   3.2 1098s
 1086859 916986 1202131.50  564   77 1204573.89 1134092.33  5.85%   3.2 1100s
 1091405 920644 1176130.32  165   92 1204573.89 1134094.04  5.85%   3.2 1105s
 1097066 924508 1180114.60  169   88 1204573.89 1134097.75  5.85%   3.2 1110s
 1102266 928476 1160523.33  137   94 1204573.89 1134099.81  5.85%   3.3 1115s
 1103790 929627 1168111.02  257   83 1204573.89 1134099.97  5.85%   3.3 1122s
 1105446 930944 1173109.57  151   87 1204573.89 1134100.91  5.85%   3.3 1125s
 1109981 934208 1203465.09  489   67 1204573.89 1134102.31  5.85%   3.3 1130s
 1114538 937725 1145744.24  113  102 1204573.89 1134104.31  5.85%   3.3 1135s
 1119384 941722 1176816.79  253   96 1204573.89 1134105.91  5.85%   3.3 1140s
 1121435 943491 1153348.05  262   91 1204573.89 1134106.22  5.85%   3.3 1148s
 1123322 945037 1198125.97  525   77 1204573.89 1134106.22  5.85%   3.3 1150s
 1127129 947325 1144860.24  164   96 1204573.89 1134110.06  5.85%   3.3 1155s
 1132126 951401 1157129.86  178   93 1204573.89 1134111.31  5.85%   3.3 1160s
 1136677 955384     cutoff  431      1204573.89 1134113.93  5.85%   3.3 1165s
H1139136 957036                    1204564.3925 1134113.93  5.85%   3.3 1168s
 1139393 957167     cutoff  207      1204564.39 1134113.93  5.85%   3.3 1172s
 1141576 959124 1155908.58   86  105 1204564.39 1134115.79  5.85%   3.3 1175s
 1145489 961871 1199456.69  481   73 1204564.39 1134117.25  5.85%   3.3 1180s
 1150097 965559 1136686.12   85  101 1204564.39 1134118.59  5.85%   3.3 1185s
 1154937 969350 1190368.80  325   90 1204564.39 1134121.01  5.85%   3.3 1190s
 1156453 970706 1198656.66  648   78 1204564.39 1134121.01  5.85%   3.3 1196s
 1159793 973019 1189629.52  229   92 1204564.39 1134122.38  5.85%   3.3 1200s
 1164853 976992 1185200.97  347   87 1204564.39 1134126.60  5.85%   3.3 1205s
 1169396 980874 1202805.22  250   81 1204564.39 1134126.60  5.85%   3.3 1210s
 1172878 983618 1199036.45  184   86 1204564.39 1134129.83  5.85%   3.3 1218s
 1174523 985330 1154619.53  190   97 1204564.39 1134130.09  5.85%   3.3 1220s
H1175330 985926                    1204536.7612 1134130.09  5.85%   3.3 1220s
 1181113 990686 1143421.18   96  106 1204536.76 1134133.48  5.84%   3.3 1225s
 1187566 995206     cutoff  229      1204536.76 1134135.31  5.84%   3.3 1230s
H1188157 995728                    1204515.7770 1134135.51  5.84%   3.3 1231s
 1188964 996528 1202360.41  395   80 1204515.78 1134136.29  5.84%   3.3 1235s
 1194270 1001420 1160929.68  100   92 1204515.78 1134139.85  5.84%   3.3 1240s
 1201072 1006288 1197620.75  118   89 1204515.78 1134142.69  5.84%   3.3 1245s
H1201295 1006525                    1204501.4478 1134143.40  5.84%   3.3 1245s
H1201386 1006525                    1204479.7154 1134143.40  5.84%   3.3 1245s
H1202487 1007609                    1204461.7687 1134144.53  5.84%   3.3 1246s
H1203492 1008656                    1204368.0082 1134144.53  5.83%   3.3 1248s
H1204696 1009590                    1204360.6353 1134144.53  5.83%   3.3 1249s
 1205839 1010781 1144326.35  115   97 1204360.64 1134145.07  5.83%   3.3 1254s
 1206208 1011087 1175689.04  204   85 1204360.64 1134145.07  5.83%   3.3 1255s
 1211315 1015205     cutoff  374      1204360.64 1134147.28  5.83%   3.3 1260s
 1217336 1019855     cutoff  116      1204360.64 1134149.40  5.83%   3.3 1265s
H1217337 1019855                    1204359.2468 1134149.40  5.83%   3.3 1265s
H1217347 1019855                    1204352.2225 1134149.40  5.83%   3.3 1265s
H1218136 1020390                    1204342.6196 1134150.29  5.83%   3.3 1266s
 1221538 1023534 1189950.76  135   84 1204342.62 1134150.89  5.83%   3.4 1270s
 1222190 1023904 1197662.05  141   82 1204342.62 1134150.89  5.83%   3.4 1275s
H1223122 1024572                    1204340.2992 1134152.43  5.83%   3.4 1276s
 1226236 1027092 1163130.61  262   93 1204340.30 1134156.48  5.83%   3.4 1280s
 1231243 1031627 1175523.59  105   91 1204340.30 1134158.09  5.83%   3.4 1285s
 1236017 1035192 1140167.30   78  103 1204340.30 1134160.34  5.83%   3.4 1290s
H1236090 1035192                    1204332.6578 1134160.34  5.83%   3.4 1290s
 1238606 1037151 1198561.40  162   92 1204332.66 1134163.48  5.83%   3.4 1296s
 1242109 1040700 1185464.32  293   87 1204332.66 1134164.83  5.83%   3.4 1300s
 1247229 1045037 1187876.01  129   85 1204332.66 1134169.44  5.83%   3.4 1305s
H1248773 1045687                    1204329.0643 1134169.44  5.83%   3.4 1307s
 1250736 1047087 1164446.72  199   87 1204329.06 1134169.48  5.83%   3.4 1310s
 1254162 1049563 1178747.79  401   94 1204329.06 1134170.52  5.83%   3.4 1319s
 1254727 1050205 1138512.20  143  101 1204329.06 1134171.83  5.83%   3.4 1320s
 1259318 1053771     cutoff  289      1204329.06 1134175.55  5.83%   3.4 1325s
 1263650 1057115 1203370.45  359   81 1204329.06 1134176.77  5.83%   3.4 1330s
 1268194 1060624     cutoff  304      1204329.06 1134178.35  5.82%   3.4 1335s
 1270923 1062654 1194507.21   91   97 1204329.06 1134180.07  5.82%   3.4 1341s
 1274123 1065533     cutoff  451      1204329.06 1134181.09  5.82%   3.4 1345s
 1278748 1069138 1173464.33  248   92 1204329.06 1134182.36  5.82%   3.4 1350s
 1282903 1072130 1149806.72  165   94 1204329.06 1134184.76  5.82%   3.4 1355s
 1286692 1075166 1190043.86  377   85 1204329.06 1134184.95  5.82%   3.4 1362s
 1287800 1075849 1175550.93   85   97 1204329.06 1134188.73  5.82%   3.4 1365s
 1292192 1079585 1190593.16  267   87 1204329.06 1134189.68  5.82%   3.4 1370s
H1294986 1081333                    1204328.9932 1134191.62  5.82%   3.4 1373s
H1296534 1082485                    1204318.7317 1134194.01  5.82%   3.4 1374s
 1296698 1082837 1186630.24  301   86 1204318.73 1134194.01  5.82%   3.4 1375s
 1301914 1087055 1151143.92   99   92 1204318.73 1134195.09  5.82%   3.4 1384s
 1302607 1087665 1159071.50  110   96 1204318.73 1134195.09  5.82%   3.4 1385s
 1307520 1091627 1188873.32  285   87 1204318.73 1134196.67  5.82%   3.4 1390s
H1309393 1093136                    1204300.9566 1134196.77  5.82%   3.4 1392s
 1311479 1094629 1181693.98  257   94 1204300.96 1134197.76  5.82%   3.4 1395s
 1315683 1097513 1157578.81  192   93 1204300.96 1134201.60  5.82%   3.4 1400s
 1317045 1098890     cutoff  513      1204300.96 1134202.15  5.82%   3.4 1406s
 1321075 1102729 1174062.04  375   91 1204300.96 1134204.30  5.82%   3.4 1410s
H1323702 1104398                    1204289.2511 1134204.56  5.82%   3.4 1412s
 1325534 1105970 1145189.67  120   96 1204289.25 1134204.76  5.82%   3.4 1415s
 1330768 1110540 1190820.17  342   86 1204289.25 1134204.90  5.82%   3.4 1420s
 1331432 1111119 1158371.41  155   96 1204289.25 1134205.65  5.82%   3.4 1425s
 1335325 1113883     cutoff  210      1204289.25 1134207.19  5.82%   3.4 1430s
H1336722 1114731                    1204281.9730 1134207.19  5.82%   3.4 1431s
H1338107 1115829                    1204271.7172 1134208.73  5.82%   3.4 1433s
 1339776 1117194 1168873.25  115   93 1204271.72 1134209.33  5.82%   3.4 1435s
 1344672 1120981 1179790.44  170   88 1204271.72 1134211.08  5.82%   3.4 1440s
H1346044 1122033                    1204266.7185 1134211.39  5.82%   3.4 1441s
H1347383 1123375                    1204236.3678 1134211.39  5.81%   3.4 1443s
 1348061 1123883 1135150.65   65  109 1204236.37 1134212.13  5.81%   3.4 1448s
H1348420 1124262                    1204227.2269 1134212.64  5.81%   3.4 1448s
H1348597 1124262                    1204191.0678 1134212.64  5.81%   3.4 1448s
H1349219 1124857                    1204087.6009 1134212.81  5.80%   3.4 1449s
 1349835 1125225     cutoff  253      1204087.60 1134212.81  5.80%   3.4 1450s
H1352510 1127317                    1204086.5412 1134213.40  5.80%   3.4 1453s
 1354421 1129497 1165504.89  225   91 1204086.54 1134213.40  5.80%   3.4 1455s
 1359158 1132796 1139513.86  111   99 1204086.54 1134214.15  5.80%   3.4 1460s
 1363128 1136381 1183123.25  228   89 1204086.54 1134217.44  5.80%   3.4 1467s
H1364398 1137179                    1204068.6064 1134217.44  5.80%   3.4 1469s
 1364478 1137343     cutoff  233      1204068.61 1134217.44  5.80%   3.4 1470s
H1364482 1137343                    1204060.0572 1134217.44  5.80%   3.4 1470s
 1369279 1141291 1191939.85  292   79 1204060.06 1134220.05  5.80%   3.4 1475s
 1374290 1145229 1175954.51  228   95 1204060.06 1134221.54  5.80%   3.4 1480s
H1377345 1147708                    1204051.5248 1134222.96  5.80%   3.5 1483s
H1377392 1147708                    1204029.8225 1134222.96  5.80%   3.5 1483s
 1378180 1148745 1150569.58  136   95 1204029.82 1134224.77  5.80%   3.5 1485s
 1379807 1149910 1155768.21  226   93 1204029.82 1134225.00  5.80%   3.5 1490s
 1384555 1153478     cutoff  125      1204029.82 1134227.84  5.80%   3.5 1495s
 1389593 1157537 1139618.62  115   99 1204029.82 1134229.17  5.80%   3.5 1500s
 1393746 1161391 1182845.84  237   82 1204029.82 1134229.17  5.80%   3.5 1509s
 1394547 1162102 1143229.26  108  106 1204029.82 1134231.05  5.80%   3.5 1510s
 1399310 1165410 1139293.50   81  101 1204029.82 1134233.23  5.80%   3.5 1515s
 1406852 1171556     cutoff  309      1204029.82 1134235.52  5.80%   3.5 1520s
 1410133 1173892     cutoff  630      1204029.82 1134236.60  5.80%   3.5 1525s
 1415917 1178139 1190686.51  116   90 1204029.82 1134239.03  5.80%   3.5 1530s
 1421173 1182192 1157732.17  200   95 1204029.82 1134240.24  5.80%   3.5 1535s
 1425911 1186025     cutoff  271      1204029.82 1134241.38  5.80%   3.5 1540s
 1428884 1188209     cutoff  356      1204029.82 1134241.58  5.80%   3.5 1545s
H1434807 1193272                    1204020.0780 1134242.93  5.80%   3.5 1549s
 1435986 1194496 1177744.44  287   93 1204020.08 1134242.93  5.80%   3.5 1550s
 1439043 1196588 1192751.44  184   91 1204020.08 1134244.02  5.80%   3.5 1555s
 1442342 1199793 1178593.50  428   88 1204020.08 1134244.96  5.80%   3.5 1561s
 1445733 1202904 1192488.83  675   79 1204020.08 1134244.96  5.80%   3.5 1565s
H1447482 1204188                    1204011.7769 1134245.55  5.79%   3.5 1566s
H1448729 1204717                    1204002.5757 1134246.12  5.79%   3.5 1567s
 1452556 1208662 1168836.19  280   90 1204002.58 1134246.13  5.79%   3.5 1570s
 1455361 1210830 1172861.15  261   91 1204002.58 1134246.20  5.79%   3.5 1575s
 1459772 1214236 1192855.39  155   88 1204002.58 1134246.20  5.79%   3.5 1580s
H1461571 1215864                    1203996.3891 1134248.52  5.79%   3.5 1582s
 1464149 1217964     cutoff  366      1203996.39 1134252.26  5.79%   3.5 1585s
 1467582 1220116 1200349.15  264   94 1203996.39 1134253.66  5.79%   3.5 1590s
 1471777 1223454 1188018.20  116   89 1203996.39 1134255.04  5.79%   3.5 1597s
 1473675 1224585 1200754.39  176   93 1203996.39 1134255.30  5.79%   3.5 1600s
H1474443 1225109                    1203993.2172 1134255.78  5.79%   3.5 1601s
H1474447 1225109                    1203988.7509 1134255.78  5.79%   3.5 1601s
H1474546 1225109                    1203986.9008 1134255.78  5.79%   3.5 1601s
 1477226 1227410 1139547.85   99   92 1203986.90 1134256.56  5.79%   3.5 1605s
 1482187 1231624 1163789.29  174   96 1203986.90 1134257.48  5.79%   3.5 1610s
 1487004 1235765     cutoff  133      1203986.90 1134258.70  5.79%   3.5 1618s
 1488156 1236635 1148839.22  153   97 1203986.90 1134259.24  5.79%   3.5 1620s
H1490641 1238720                    1203980.9026 1134259.68  5.79%   3.5 1622s
H1491891 1239985                    1203961.3032 1134259.68  5.79%   3.5 1623s
 1493084 1240946     cutoff  465      1203961.30 1134260.38  5.79%   3.5 1625s
 1497291 1243964     cutoff  128      1203961.30 1134261.07  5.79%   3.5 1630s
H1497347 1233419                    1203896.0874 1134261.07  5.78%   3.5 1630s
 1501577 1237632 1163742.96  201   92 1203896.09 1134262.34  5.78%   3.5 1637s
H1502262 1238121                    1203891.8872 1134262.34  5.78%   3.5 1639s
 1502868 1238861 1193864.38  501   77 1203891.89 1134262.34  5.78%   3.5 1640s
 1507648 1242635 1186108.18  138   85 1203891.89 1134263.21  5.78%   3.5 1645s
 1512362 1246638 1202428.16  139   93 1203891.89 1134264.16  5.78%   3.5 1650s
H1514968 1248417                    1203889.5671 1134264.56  5.78%   3.5 1653s
H1514969 1248409                    1203839.5832 1134264.56  5.78%   3.5 1653s
 1515820 1249513 1190926.17  363   87 1203839.58 1134264.56  5.78%   3.5 1657s
H1516174 1249702                    1203829.5715 1134264.56  5.78%   3.5 1657s
H1517712 1250706                    1203829.5312 1134265.02  5.78%   3.5 1658s
H1518917 1251561                    1203825.3317 1134265.02  5.78%   3.5 1660s
 1524316 1255729 1202829.15  257   76 1203825.33 1134266.99  5.78%   3.5 1665s
 1529624 1260421 1161304.54  240   89 1203825.33 1134268.39  5.78%   3.5 1670s
 1531451 1262196 1188508.18  270   83 1203825.33 1134268.39  5.78%   3.5 1675s
 1534580 1264311 1141311.58   86   99 1203825.33 1134269.27  5.78%   3.5 1680s
 1539617 1268895 1185234.85  318   85 1203825.33 1134269.98  5.78%   3.5 1685s
 1544884 1273241 1152025.04  159   94 1203825.33 1134271.73  5.78%   3.5 1690s
 1546512 1274775 1182266.61  332   83 1203825.33 1134271.73  5.78%   3.5 1695s
 1550623 1277650 1152232.88  405   93 1203825.33 1134272.94  5.78%   3.5 1700s
 1555061 1281440 1151601.40  137   97 1203825.33 1134273.84  5.78%   3.5 1705s
 1560251 1285500 1191079.21  379   85 1203825.33 1134274.02  5.78%   3.5 1710s
 1561841 1286729 1200822.84  230   83 1203825.33 1134274.90  5.78%   3.5 1715s
 1565918 1290117 1194417.66  125   85 1203825.33 1134274.95  5.78%   3.5 1720s
 1570120 1293508     cutoff  304      1203825.33 1134276.01  5.78%   3.5 1725s
 1574454 1297379 1201034.98  548   74 1203825.33 1134276.29  5.78%   3.5 1730s
 1577030 1299022 1135220.72   65  108 1203825.33 1134276.90  5.78%   3.6 1736s
 1580676 1302410 1190943.83  228   91 1203825.33 1134277.52  5.78%   3.6 1740s
H1581654 1303043                    1203717.2971 1134277.61  5.77%   3.6 1741s
 1584902 1305185 1145615.54  111  101 1203717.30 1134279.49  5.77%   3.6 1745s
 1589692 1308983 1198089.56  145   84 1203717.30 1134280.71  5.77%   3.6 1750s
 1592988 1311874 1169011.91  188   86 1203717.30 1134282.22  5.77%   3.6 1755s
H1594003 1312707                    1203707.4671 1134282.22  5.77%   3.6 1756s
 1597738 1315600 1154278.01  180   96 1203707.47 1134284.17  5.77%   3.6 1760s
 1602691 1319314 1162578.62  109   93 1203707.47 1134286.00  5.77%   3.6 1765s
H1603855 1320067                    1203683.7793 1134286.00  5.77%   3.6 1766s
 1608136 1323466     cutoff  341      1203683.78 1134286.56  5.77%   3.6 1772s
 1611716 1326376 1145491.20   79   94 1203683.78 1134287.91  5.77%   3.6 1775s
 1616968 1330467 1177356.02  291   85 1203683.78 1134289.38  5.77%   3.6 1780s
H1616970 1330466                    1203617.9106 1134289.38  5.76%   3.6 1780s
 1620900 1333651 1143294.23  130  103 1203617.91 1134289.39  5.76%   3.6 1785s
 1625078 1336737     cutoff  217      1203617.91 1134292.23  5.76%   3.6 1792s
 1627334 1338481     cutoff  112      1203617.91 1134293.17  5.76%   3.6 1795s
 1630709 1341274 1182739.67  317   89 1203617.91 1134294.63  5.76%   3.6 1800s
 1635707 1344965     cutoff  319      1203617.91 1134296.21  5.76%   3.6 1805s
H1636773 1345702                    1203612.9292 1134296.21  5.76%   3.6 1806s
 1639692 1347918 1200166.13  252   80 1203612.93 1134297.22  5.76%   3.6 1810s
 1641719 1349384 1191630.28  105   93 1203612.93 1134297.35  5.76%   3.6 1815s
 1646012 1353131 1189150.58  355   89 1203612.93 1134297.77  5.76%   3.6 1820s
 1650756 1356840 1142523.51  125  100 1203612.93 1134300.30  5.76%   3.6 1825s
 1654732 1359623 1164610.01  173   90 1203612.93 1134302.14  5.76%   3.6 1830s
 1656862 1361582 1156696.24  249   93 1203612.93 1134302.40  5.76%   3.6 1835s
 1662241 1365918     cutoff  129      1203612.93 1134304.48  5.76%   3.6 1840s
 1666877 1369684 1171101.03  271   94 1203612.93 1134305.31  5.76%   3.6 1845s
 1671161 1373096 1203070.59  150   87 1203612.93 1134306.22  5.76%   3.6 1852s
 1673709 1375333 1135704.17   62  106 1203612.93 1134307.38  5.76%   3.6 1855s
 1678074 1378605     cutoff  173      1203612.93 1134308.41  5.76%   3.6 1860s
 1683161 1382784 1145732.10   84   98 1203612.93 1134308.97  5.76%   3.6 1865s
 1687572 1386482 1153806.03  277   91 1203612.93 1134308.97  5.76%   3.6 1870s
 1688592 1387314 1171723.04  317   86 1203612.93 1134308.97  5.76%   3.6 1875s
 1693072 1390320 1200389.35  293   77 1203612.93 1134310.92  5.76%   3.6 1880s
 1697397 1393696 1150026.36  120   94 1203612.93 1134312.74  5.76%   3.6 1885s
 1701935 1396738     cutoff  177      1203612.93 1134313.59  5.76%   3.6 1890s
 1704638 1399377 1170304.64  156   91 1203612.93 1134314.36  5.76%   3.6 1896s
 1707718 1401346 1139516.74   79  110 1203612.93 1134314.85  5.76%   3.6 1900s
 1711551 1404236 1194683.27  539   75 1203612.93 1134315.86  5.76%   3.6 1905s
 1716368 1407991     cutoff  159      1203612.93 1134316.56  5.76%   3.6 1910s
 1720334 1411848 1193008.16  442   88 1203612.93 1134317.55  5.76%   3.6 1916s
H1722775 1414162                    1203608.6052 1134317.86  5.76%   3.6 1919s
 1723548 1414763 1153965.00  173   99 1203608.61 1134317.86  5.76%   3.6 1920s
 1728475 1418929 1137962.97   90  103 1203608.61 1134318.49  5.76%   3.6 1925s
 1732341 1421755 1161480.45  152   94 1203608.61 1134319.16  5.76%   3.6 1930s
 1733847 1422827     cutoff  167      1203608.61 1134320.72  5.76%   3.6 1935s
H1735661 1424185                    1203606.1466 1134320.78  5.76%   3.6 1937s
H1735669 1424185                    1203588.7250 1134320.78  5.76%   3.6 1937s
H1736771 1424977                    1203507.4132 1134320.98  5.75%   3.6 1938s
 1738130 1426100 1173655.20  208   86 1203507.41 1134320.98  5.75%   3.6 1940s
 1743074 1429831 1138311.07   84  101 1203507.41 1134321.36  5.75%   3.6 1945s
 1749224 1434923 1143873.49  125  100 1203507.41 1134322.54  5.75%   3.6 1950s
 1751211 1436622 1165863.38  275   88 1203507.41 1134322.54  5.75%   3.6 1955s
H1751975 1437323                    1203434.3116 1134322.54  5.74%   3.6 1955s
 1756281 1440917 1186921.05  216   86 1203434.31 1134323.91  5.74%   3.6 1960s
 1761457 1445014 1137171.81   70  101 1203434.31 1134325.25  5.74%   3.6 1965s
 1763854 1446695 1163933.05  102  101 1203434.31 1134325.32  5.74%   3.6 1971s
H1764941 1447669                    1203372.0434 1134325.36  5.74%   3.6 1972s
H1766368 1448751                    1203359.5293 1134326.26  5.74%   3.6 1974s
 1767094 1449483 1161061.00  218   92 1203359.53 1134326.89  5.74%   3.6 1975s
 1771141 1452250 1160651.42  243   88 1203359.53 1134327.53  5.74%   3.6 1980s
 1775542 1454746 1165493.87  223   88 1203359.53 1134329.43  5.74%   3.6 1985s
H1779223 1457749                    1203351.1469 1134330.55  5.74%   3.6 1989s
 1780333 1458706 1143225.04   92  106 1203351.15 1134331.12  5.74%   3.6 1990s
 1782548 1460501 1181397.91  216   86 1203351.15 1134331.12  5.74%   3.6 1995s
 1787064 1463933     cutoff  167      1203351.15 1134333.31  5.74%   3.6 2000s
 1790638 1466869 1155867.03  240   90 1203351.15 1134333.85  5.74%   3.6 2005s
H1792345 1468282                    1203346.8962 1134333.85  5.74%   3.6 2006s
 1795272 1470625 1138204.58   72  104 1203346.90 1134334.60  5.74%   3.6 2010s
 1798095 1473076 1143871.76  109  102 1203346.90 1134335.51  5.73%   3.6 2015s
 1803661 1478128 1146956.98  131  101 1203346.90 1134335.63  5.73%   3.6 2020s
H1807383 1480937                    1203346.7771 1134336.45  5.73%   3.6 2024s
 1808042 1481664 1172018.81  234   92 1203346.78 1134336.45  5.73%   3.6 2025s
 1810521 1483420 1178693.60  321   93 1203346.78 1134337.60  5.73%   3.6 2031s
 1813395 1485231 1182890.25  231   86 1203346.78 1134338.14  5.73%   3.6 2035s
 1818128 1489043 1176328.92  107   90 1203346.78 1134341.33  5.73%   3.6 2040s
 1822203 1492012     cutoff  588      1203346.78 1134341.50  5.73%   3.6 2045s
 1827331 1496181 1201459.29  194   89 1203346.78 1134342.54  5.73%   3.6 2052s
 1829957 1497693 1200463.57  375   80 1203346.78 1134343.32  5.73%   3.6 2055s
 1836108 1502906     cutoff  122      1203346.78 1134343.95  5.73%   3.6 2060s
H1839488 1505312                    1203323.1696 1134345.23  5.73%   3.6 2063s
 1840740 1506621 1167557.55  209   97 1203323.17 1134345.26  5.73%   3.6 2065s
 1843454 1508357 1167234.11   95   94 1203323.17 1134345.26  5.73%   3.6 2071s
 1846432 1510476 1139910.21  122  106 1203323.17 1134345.91  5.73%   3.6 2075s
 1851651 1514555 1140550.22   81  105 1203323.17 1134346.93  5.73%   3.7 2080s
H1852223 1515043                    1203311.0416 1134346.93  5.73%   3.7 2081s
H1852224 1515043                    1203303.8503 1134346.93  5.73%   3.7 2081s
H1853379 1515706                    1203298.1698 1134346.93  5.73%   3.7 2082s
H1854870 1517083                    1203295.2788 1134347.86  5.73%   3.7 2083s
 1856906 1519140 1198374.13  398   77 1203295.28 1134348.32  5.73%   3.7 2085s
 1859510 1521046     cutoff  105      1203295.28 1134349.31  5.73%   3.7 2090s
 1864753 1524844     cutoff  440      1203295.28 1134349.89  5.73%   3.7 2095s
 1869247 1528406 1147278.35  129   97 1203295.28 1134351.02  5.73%   3.7 2100s
 1874164 1532381 1175810.55  283   86 1203295.28 1134351.30  5.73%   3.7 2105s
 1876056 1533941 1194310.86  326   78 1203295.28 1134351.30  5.73%   3.7 2110s
 1881771 1538199     cutoff  437      1203295.28 1134353.33  5.73%   3.7 2115s
 1886041 1541385 1178669.48  289   84 1203295.28 1134353.76  5.73%   3.7 2120s
 1888851 1543985 1148457.24  105   97 1203295.28 1134355.04  5.73%   3.7 2125s
 1892767 1546775 1189771.51  117   88 1203295.28 1134355.42  5.73%   3.7 2130s
 1897275 1550133 1163952.91   79  103 1203295.28 1134357.51  5.73%   3.7 2135s
 1902138 1553828     cutoff  196      1203295.28 1134358.70  5.73%   3.7 2140s
 1904844 1556212 1199065.95  221   84 1203295.28 1134359.45  5.73%   3.7 2146s
 1909012 1559727 1158403.38  376   89 1203295.28 1134360.12  5.73%   3.7 2150s
 1913903 1564066 1194250.31  322   81 1203295.28 1134360.31  5.73%   3.7 2155s
 1917230 1566291 1148221.99  120   93 1203295.28 1134361.61  5.73%   3.7 2160s
 1919718 1568210 1166034.22  102   93 1203295.28 1134362.37  5.73%   3.7 2165s
 1924934 1571958 1189650.85  130   91 1203295.28 1134364.71  5.73%   3.7 2170s
 1929586 1575595 1159545.17  157   95 1203295.28 1134365.60  5.73%   3.7 2175s
 1934459 1579405 1156463.66  210   89 1203295.28 1134367.30  5.73%   3.7 2180s
 1936664 1581129 1203207.61  323   83 1203295.28 1134367.30  5.73%   3.7 2185s
 1940844 1583946 1198396.86  423   71 1203295.28 1134368.75  5.73%   3.7 2190s
 1944845 1587707 1184628.80  271   83 1203295.28 1134368.97  5.73%   3.7 2195s
 1949490 1591100 1148572.58  124   99 1203295.28 1134369.14  5.73%   3.7 2202s
 1951676 1592790     cutoff  618      1203295.28 1134369.80  5.73%   3.7 2205s
 1956514 1596441 1201271.23  200   84 1203295.28 1134371.33  5.73%   3.7 2210s
 1961502 1600538     cutoff  333      1203295.28 1134373.13  5.73%   3.7 2215s
 1966168 1603757     cutoff  254      1203295.28 1134374.25  5.73%   3.7 2220s
 1968812 1606093 1194048.41  329   84 1203295.28 1134374.48  5.73%   3.7 2225s
 1972016 1608263     cutoff  269      1203295.28 1134375.26  5.73%   3.7 2230s
 1976205 1611559 1200364.75  420   77 1203295.28 1134375.47  5.73%   3.7 2235s
 1981219 1615623 1186409.40  132   86 1203295.28 1134376.00  5.73%   3.7 2242s
 1983310 1617008 1189298.79  415   90 1203295.28 1134376.77  5.73%   3.7 2245s
 1988336 1621169 1174829.59   76  101 1203295.28 1134377.64  5.73%   3.7 2250s
 1992629 1624338 1197959.93  194   81 1203295.28 1134379.28  5.73%   3.7 2255s
 1996189 1627609 1169213.76  105   97 1203295.28 1134380.00  5.73%   3.7 2260s
 1999727 1630022 1190356.33  145   87 1203295.28 1134380.86  5.73%   3.7 2265s
 2003470 1632857 1196563.74  313   83 1203295.28 1134382.27  5.73%   3.7 2270s
 2008062 1636483     cutoff  400      1203295.28 1134383.40  5.73%   3.7 2275s
 2012065 1639587 1142672.02   92  101 1203295.28 1134384.43  5.73%   3.7 2282s
 2014641 1641624 infeasible  479      1203295.28 1134385.00  5.73%   3.7 2285s
 2019048 1645282 1195510.65  320   82 1203295.28 1134385.76  5.73%   3.7 2290s
 2024057 1649661 1182052.24  311   88 1203295.28 1134387.33  5.73%   3.7 2295s
 2025992 1651141 1199307.55  177   87 1203295.28 1134387.42  5.73%   3.7 2300s
 2030377 1654067     cutoff  140      1203295.28 1134389.01  5.73%   3.7 2305s
 2036058 1659203 1145953.47  111  103 1203295.28 1134390.09  5.73%   3.7 2310s
 2040631 1662652 1144392.33   94  102 1203295.28 1134391.48  5.73%   3.7 2315s
 2042652 1664115 1146256.93  116   96 1203295.28 1134391.93  5.73%   3.7 2320s
 2047303 1668064 1168275.94  279   85 1203295.28 1134392.31  5.73%   3.7 2325s
 2051492 1671429 1198349.68  149   89 1203295.28 1134393.91  5.73%   3.7 2330s
 2054651 1674165 1135611.42   63  112 1203295.28 1134394.32  5.73%   3.7 2336s
 2058040 1676690 1185476.33  243   68 1203295.28 1134395.13  5.73%   3.7 2340s
 2062601 1679900     cutoff  447      1203295.28 1134395.32  5.73%   3.7 2345s
 2066574 1682605 1177493.83  243   91 1203295.28 1134397.11  5.73%   3.7 2350s
 2070874 1686516 1165873.38  264   91 1203295.28 1134398.16  5.73%   3.7 2357s
 2072663 1687911 1171525.26  205   91 1203295.28 1134398.17  5.73%   3.7 2360s
 2077097 1691238 1191225.78  151   92 1203295.28 1134398.97  5.73%   3.7 2365s
 2081547 1694865 1203017.12  149   84 1203295.28 1134400.03  5.73%   3.7 2370s
 2085247 1697696 1198910.29  577   83 1203295.28 1134400.31  5.73%   3.7 2375s
 2089441 1700951     cutoff  141      1203295.28 1134402.79  5.73%   3.7 2380s
 2095195 1706074 1169361.47  275   90 1203295.28 1134404.23  5.73%   3.7 2385s
 2099154 1709145 1164466.84  393   91 1203295.28 1134404.76  5.73%   3.7 2392s
 2101622 1711109 1157616.04  196   94 1203295.28 1134405.32  5.73%   3.7 2395s
 2105798 1714582     cutoff  365      1203295.28 1134405.90  5.73%   3.7 2400s
 2110734 1718266 1199389.14  218   82 1203295.28 1134407.10  5.72%   3.7 2405s
 2114570 1721768 1173222.44  242   87 1203295.28 1134408.15  5.72%   3.7 2412s
H2117165 1723590                    1203278.2743 1134409.17  5.72%   3.7 2414s
 2117298 1723821     cutoff  169      1203278.27 1134409.17  5.72%   3.7 2415s
 2122253 1727740     cutoff  400      1203278.27 1134410.10  5.72%   3.7 2420s
 2128084 1733036 1192868.24  503   87 1203278.27 1134410.65  5.72%   3.7 2428s
H2129857 1734038                    1203265.2142 1134411.09  5.72%   3.7 2430s
H2129972 1734038                    1203220.9298 1134411.09  5.72%   3.7 2430s
 2134396 1738048 1161892.23  211   87 1203220.93 1134411.47  5.72%   3.7 2435s
H2136184 1739422                    1203218.3206 1134411.47  5.72%   3.7 2438s
 2138336 1741228 1197219.60  185   90 1203218.32 1134411.88  5.72%   3.7 2440s
 2141528 1744032 1162840.89  317   92 1203218.32 1134412.96  5.72%   3.7 2445s
 2146002 1747935 1196609.61  845   73 1203218.32 1134414.23  5.72%   3.7 2450s
H2149082 1750234                    1203212.2989 1134414.30  5.72%   3.7 2453s
 2150055 1751161 1161834.18  191   96 1203212.30 1134414.88  5.72%   3.7 2455s
 2154969 1754772 1188170.73  127   88 1203212.30 1134415.82  5.72%   3.7 2460s
 2156408 1755394 1197535.49  264   81 1203212.30 1134416.29  5.72%   3.7 2465s
 2161519 1759896 1201528.51  104   94 1203212.30 1134417.29  5.72%   3.7 2470s
 2166108 1763918 1161759.95  156   93 1203212.30 1134418.15  5.72%   3.7 2475s
 2170184 1766924 1189727.88  307   87 1203212.30 1134418.69  5.72%   3.7 2480s
 2171892 1768218     cutoff  401      1203212.30 1134419.48  5.72%   3.7 2485s
 2176572 1772099 1162273.34  216   95 1203212.30 1134420.59  5.72%   3.7 2490s
 2180932 1775176 1157124.83  162   93 1203212.30 1134420.59  5.72%   3.7 2495s
 2184571 1777508     cutoff  272      1203212.30 1134422.66  5.72%   3.7 2500s
 2187166 1780077 1168331.24  208   84 1203212.30 1134422.83  5.72%   3.7 2505s
 2192419 1783915 1202627.21  267   78 1203212.30 1134423.43  5.72%   3.7 2510s
 2196710 1786826     cutoff  131      1203212.30 1134423.81  5.72%   3.7 2515s
 2201458 1791012 1170106.57  362   88 1203212.30 1134424.74  5.72%   3.7 2522s
 2203627 1792762 1144704.87  111   99 1203212.30 1134424.80  5.72%   3.7 2525s
 2209101 1797158 1163906.11  204   87 1203212.30 1134426.08  5.72%   3.7 2530s
 2213135 1800899 1172870.89  344   92 1203212.30 1134426.47  5.72%   3.7 2535s
 2215319 1802744 1167346.08  362   86 1203212.30 1134426.68  5.72%   3.7 2540s
 2219769 1806084 1197857.50  235   89 1203212.30 1134427.49  5.72%   3.7 2545s
 2225772 1810672 1179605.45  223   88 1203212.30 1134427.74  5.72%   3.7 2550s
 2230943 1814637 1185471.99  305   89 1203212.30 1134428.46  5.72%   3.7 2556s
 2234089 1816736     cutoff  118      1203212.30 1134428.71  5.72%   3.7 2560s
 2238734 1820215 1148993.36  201   94 1203212.30 1134430.31  5.72%   3.7 2565s
 2243786 1824249 1179603.36  293   89 1203212.30 1134431.44  5.72%   3.7 2570s
H2245852 1825839                    1203212.0163 1134431.58  5.72%   3.7 2574s
 2245999 1826103 1173467.65  255   92 1203212.02 1134431.58  5.72%   3.7 2575s
 2249559 1829172 1180597.75  284   86 1203212.02 1134432.08  5.72%   3.7 2580s
 2253893 1832698 1161465.09  100   97 1203212.02 1134433.93  5.72%   3.7 2585s
 2258389 1836503 1186417.37  291   89 1203212.02 1134434.37  5.72%   3.7 2590s
 2261044 1838429 1151488.63  108   96 1203212.02 1134434.85  5.72%   3.7 2595s
 2266454 1842743 1168128.14  131   91 1203212.02 1134436.03  5.72%   3.7 2600s
 2270936 1846039 1139269.62  111  100 1203212.02 1134436.82  5.72%   3.7 2605s
 2274033 1849256 1187872.53  347   85 1203212.02 1134436.82  5.72%   3.7 2610s
 2278669 1852507     cutoff  209      1203212.02 1134438.37  5.72%   3.7 2615s
 2282164 1855354 1160734.86  245   92 1203212.02 1134438.40  5.72%   3.7 2620s
 2286565 1858439 1200416.41  374   86 1203212.02 1134440.19  5.72%   3.7 2625s
 2289239 1860836 1173252.35  324   94 1203212.02 1134440.70  5.72%   3.7 2631s
 2293037 1863934 1182794.89  282   86 1203212.02 1134441.05  5.72%   3.7 2635s
H2294078 1864515                    1203209.3423 1134441.05  5.72%   3.7 2636s
 2297647 1867497 1151729.21   95   96 1203209.34 1134442.62  5.72%   3.7 2640s
 2301514 1870293 1159583.83  225   94 1203209.34 1134443.43  5.72%   3.8 2645s
 2304582 1873095 1180754.06  115   96 1203209.34 1134443.65  5.72%   3.8 2651s
 2307602 1875715 1155514.37  145   98 1203209.34 1134443.65  5.72%   3.8 2655s
 2311982 1878528     cutoff  372      1203209.34 1134444.38  5.72%   3.8 2660s
 2316395 1881513 1202897.32  351   72 1203209.34 1134444.86  5.72%   3.8 2665s
 2319739 1884110 1200481.44  471   77 1203209.34 1134445.35  5.72%   3.8 2672s
 2322018 1885792 1156474.47  196   95 1203209.34 1134445.85  5.72%   3.8 2675s
 2327147 1889094     cutoff  403      1203209.34 1134446.43  5.71%   3.8 2680s
 2332686 1893235 1175767.97  235   94 1203209.34 1134447.87  5.71%   3.8 2685s
 2335740 1895699 1189172.49  286   90 1203209.34 1134447.98  5.71%   3.8 2691s
 2339299 1898451 1192897.77  143   84 1203209.34 1134448.27  5.71%   3.8 2695s
 2343194 1901610 1136407.67   91  106 1203209.34 1134448.68  5.71%   3.8 2700s
 2348242 1905669 1161526.33  208   90 1203209.34 1134449.09  5.71%   3.8 2705s
 2350205 1907644 1185727.37  383   87 1203209.34 1134449.09  5.71%   3.8 2710s
H2350398 1907644                    1203205.6142 1134449.09  5.71%   3.8 2710s
 2354453 1910868 1199914.24  374   74 1203205.61 1134449.69  5.71%   3.8 2715s
 2359215 1914638 1136252.91   70  105 1203205.61 1134449.69  5.71%   3.8 2720s
 2364017 1918381 1161510.24   93  102 1203205.61 1134450.30  5.71%   3.8 2725s
 2366175 1919833 1195422.26  152   85 1203205.61 1134450.30  5.71%   3.8 2730s
 2371264 1923826 1160452.90  186   95 1203205.61 1134450.66  5.71%   3.8 2735s
 2376000 1927744 1168678.98  220   86 1203205.61 1134451.27  5.71%   3.8 2740s
 2380250 1930883 1160781.50  259  107 1203205.61 1134451.97  5.71%   3.8 2746s
 2384232 1934343 1191973.32  398   83 1203205.61 1134452.38  5.71%   3.8 2750s
 2389700 1938785     cutoff  158      1203205.61 1134452.99  5.71%   3.8 2755s
 2394061 1941780 1198200.44  326   87 1203205.61 1134454.06  5.71%   3.8 2760s
 2395868 1943429 1167749.91   89  100 1203205.61 1134454.06  5.71%   3.8 2765s
 2399286 1945923 1202924.37  208   90 1203205.61 1134454.50  5.71%   3.8 2770s
 2405225 1950796 1147124.25  137   93 1203205.61 1134455.28  5.71%   3.8 2775s
 2409351 1954519 1173522.11  226   84 1203205.61 1134456.15  5.71%   3.8 2781s
 2412351 1956664 1191752.18  111   90 1203205.61 1134456.25  5.71%   3.8 2785s
 2417104 1960525 1199162.71  597   77 1203205.61 1134457.81  5.71%   3.8 2790s
H2420668 1952253                    1203169.9574 1134458.22  5.71%   3.8 2794s
 2420933 1952563 1165432.61  142   90 1203169.96 1134458.32  5.71%   3.8 2795s
 2424005 1955247 1168573.59  275   90 1203169.96 1134458.46  5.71%   3.8 2801s
H2425684 1956476                    1203162.4371 1134459.20  5.71%   3.8 2802s
 2427587 1958161 1141385.71   90  101 1203162.44 1134459.52  5.71%   3.8 2805s
 2430760 1960819 1181052.51  293   87 1203162.44 1134459.61  5.71%   3.8 2810s
 2435571 1964415 1164437.33  239   87 1203162.44 1134460.30  5.71%   3.8 2815s
 2439613 1967520 1139439.08   73  104 1203162.44 1134461.03  5.71%   3.8 2821s
 2442772 1969789     cutoff  192      1203162.44 1134461.83  5.71%   3.8 2825s
 2447791 1974469 1167850.08  261   89 1203162.44 1134461.98  5.71%   3.8 2830s
 2452509 1977755     cutoff  423      1203162.44 1134462.16  5.71%   3.8 2835s
 2456248 1980928 1137090.07   67  107 1203162.44 1134462.98  5.71%   3.8 2840s
 2459995 1983783 1172740.97  213   93 1203162.44 1134463.52  5.71%   3.8 2845s
 2464175 1986922 1195802.77  366   87 1203162.44 1134464.04  5.71%   3.8 2850s
 2469203 1990930 1188268.30  647   89 1203162.44 1134464.68  5.71%   3.8 2856s
 2473019 1993979 1177644.97  266   90 1203162.44 1134464.92  5.71%   3.8 2860s
 2478002 1997940 1163110.85  422   90 1203162.44 1134466.04  5.71%   3.8 2865s
 2483789 2002362 1192297.57  194   88 1203162.44 1134467.20  5.71%   3.8 2870s
 2486052 2003906 1139559.73  104  101 1203162.44 1134467.70  5.71%   3.8 2875s
 2490271 2007830 1142079.47  102  100 1203162.44 1134468.43  5.71%   3.8 2880s
 2494376 2011668 1169360.79  239   90 1203162.44 1134469.57  5.71%   3.8 2885s
 2497193 2013776 1182660.31  117   96 1203162.44 1134469.96  5.71%   3.8 2890s
 2502981 2018311 1189088.34  274   83 1203162.44 1134470.30  5.71%   3.8 2895s
 2507478 2021895 1143750.51  151  100 1203162.44 1134470.99  5.71%   3.8 2900s
 2511723 2025724 1137793.73   84   99 1203162.44 1134471.32  5.71%   3.8 2906s
 2514620 2027917 1179723.91  103   95 1203162.44 1134471.57  5.71%   3.8 2910s
 2519832 2032008     cutoff  369      1203162.44 1134472.35  5.71%   3.8 2915s
 2526463 2037284     cutoff  483      1203162.44 1134473.84  5.71%   3.8 2921s
 2529405 2039915 1154506.81  224   90 1203162.44 1134473.96  5.71%   3.8 2925s
 2534317 2043671 1196851.32  181   83 1203162.44 1134474.67  5.71%   3.8 2930s
 2539011 2047719 1194809.11  360   82 1203162.44 1134475.04  5.71%   3.8 2935s
 2540971 2048936     cutoff  513      1203162.44 1134475.43  5.71%   3.8 2940s
 2545471 2052275     cutoff  318      1203162.44 1134475.66  5.71%   3.8 2945s
 2549492 2055418 1157450.07  225   91 1203162.44 1134476.20  5.71%   3.8 2950s
 2554755 2059901 1199069.52  143   83 1203162.44 1134476.30  5.71%   3.8 2955s
 2557758 2062295 1199837.27  202   89 1203162.44 1134477.21  5.71%   3.8 2960s
 2561953 2065554 1189124.60  465   83 1203162.44 1134477.68  5.71%   3.8 2965s
 2565844 2068035 1197876.69  333   71 1203162.44 1134478.28  5.71%   3.8 2970s
 2570814 2072006 1143611.66  110  102 1203162.44 1134478.92  5.71%   3.8 2975s
 2572991 2073684 1201295.48  182   90 1203162.44 1134479.18  5.71%   3.8 2980s
 2578010 2077529 1145511.69  130  100 1203162.44 1134479.54  5.71%   3.8 2985s
 2584174 2082120 1188939.03   95   96 1203162.44 1134480.11  5.71%   3.8 2990s
 2587238 2084596 1165270.48  154   91 1203162.44 1134480.75  5.71%   3.8 2995s
H2588612 2085681                    1203145.4130 1134480.87  5.71%   3.8 2997s
H2589848 2086252                    1203145.3812 1134480.99  5.71%   3.8 2999s
 2589849 2086523 1145271.90   82   97 1203145.38 1134480.99  5.71%   3.8 3000s
H2590493 2086833                    1203128.2448 1134480.99  5.71%   3.8 3000s
H2591547 2087816                    1203118.2940 1134480.99  5.70%   3.8 3002s
H2591651 2087816                    1203113.8683 1134480.99  5.70%   3.8 3002s
H2592823 2088708                    1203112.3325 1134481.44  5.70%   3.8 3003s
 2594077 2089820 1194809.78  255   79 1203112.33 1134481.78  5.70%   3.8 3005s
H2596335 2090991                    1203103.7333 1134481.92  5.70%   3.8 3007s
 2598281 2092490 1142762.37  144   96 1203103.73 1134481.97  5.70%   3.8 3010s
 2603248 2096480 1135779.35   91  105 1203103.73 1134482.46  5.70%   3.8 3017s
 2606369 2099240     cutoff  168      1203103.73 1134483.24  5.70%   3.8 3020s
H2609213 2101217                    1203091.0679 1134483.49  5.70%   3.8 3023s
H2609226 2101217                    1203070.2955 1134483.49  5.70%   3.8 3023s
 2610642 2102447 1183890.10  307   89 1203070.30 1134483.68  5.70%   3.8 3025s
 2614744 2105765 1147995.04  158   92 1203070.30 1134484.21  5.70%   3.8 3030s
 2617797 2107820 1136455.03   75  108 1203070.30 1134484.35  5.70%   3.8 3035s
 2622462 2110947 1142526.66  120   98 1203070.30 1134485.16  5.70%   3.8 3040s
 2626293 2114137     cutoff  467      1203070.30 1134485.48  5.70%   3.8 3045s
 2630638 2117634 1197229.20  408   72 1203070.30 1134486.34  5.70%   3.8 3050s
 2633822 2120449 1184008.00  319   89 1203070.30 1134486.61  5.70%   3.8 3055s
 2639888 2124873     cutoff  268      1203070.30 1134487.18  5.70%   3.8 3060s
 2644076 2127993 1140977.53  145   95 1203070.30 1134487.42  5.70%   3.8 3065s
 2647106 2130606 1190997.05  429   85 1203070.30 1134487.42  5.70%   3.8 3070s
 2652214 2134588 1148178.23  126   94 1203070.30 1134487.90  5.70%   3.8 3075s
 2657379 2139054 1162801.69  287   97 1203070.30 1134489.16  5.70%   3.8 3080s
 2660724 2142291 1179016.40  318   89 1203070.30 1134489.19  5.70%   3.8 3085s
 2665493 2145980     cutoff  256      1203070.30 1134489.60  5.70%   3.8 3090s
 2670481 2150142 1194763.42  114   86 1203070.30 1134489.76  5.70%   3.8 3095s
 2674113 2152918 1142175.57   93  101 1203070.30 1134490.37  5.70%   3.8 3100s
 2676885 2154977     cutoff  254      1203070.30 1134490.52  5.70%   3.8 3105s
 2681307 2158444 1135385.55   69  108 1203070.30 1134490.98  5.70%   3.8 3110s
 2686183 2162513 1139271.71   90   99 1203070.30 1134491.93  5.70%   3.8 3115s
 2689402 2165239     cutoff  420      1203070.30 1134492.20  5.70%   3.8 3121s
 2693283 2168496 1149306.84  125   99 1203070.30 1134492.38  5.70%   3.8 3125s
 2698177 2172667     cutoff  259      1203070.30 1134492.82  5.70%   3.8 3130s
 2702403 2175670 1197442.04  430   87 1203070.30 1134493.21  5.70%   3.8 3135s
 2704961 2177284     cutoff  297      1203070.30 1134493.77  5.70%   3.8 3140s
 2709119 2180247     cutoff  230      1203070.30 1134494.03  5.70%   3.8 3145s
 2713599 2183937 1166154.10  183   91 1203070.30 1134494.68  5.70%   3.8 3150s
 2716877 2186707 1155207.75  167   89 1203070.30 1134494.76  5.70%   3.8 3155s
 2719973 2189024 1198050.14  367   80 1203070.30 1134494.76  5.70%   3.8 3160s
 2724265 2191835 1198870.82  372   80 1203070.30 1134495.66  5.70%   3.8 3165s
 2729340 2195819 1190772.59  218   85 1203070.30 1134496.05  5.70%   3.8 3170s
 2733763 2199153 1157664.71  201   90 1203070.30 1134496.46  5.70%   3.8 3175s
 2736096 2200986 1141909.84  125   99 1203070.30 1134497.08  5.70%   3.8 3180s
 2741134 2205356 1140207.98   96  104 1203070.30 1134497.24  5.70%   3.8 3185s
 2746367 2209631 1170923.29  297   87 1203070.30 1134498.08  5.70%   3.8 3190s
 2747946 2211047 1198469.52  340   79 1203070.30 1134498.08  5.70%   3.8 3195s
 2752118 2213956 1137540.21   86  104 1203070.30 1134498.79  5.70%   3.8 3200s
 2756286 2216735 1156127.23   77  106 1203070.30 1134499.61  5.70%   3.8 3205s
 2763181 2222456 1199633.64  282   85 1203070.30 1134500.34  5.70%   3.8 3210s
 2766214 2224831 1151586.14  189   97 1203070.30 1134501.22  5.70%   3.8 3215s
 2770985 2228754     cutoff  328      1203070.30 1134501.52  5.70%   3.8 3220s
 2774698 2231832 1196712.91  257   83 1203070.30 1134501.52  5.70%   3.8 3225s
 2778650 2234804 1175556.53  302   93 1203070.30 1134502.35  5.70%   3.8 3231s
 2782046 2237138 1201535.22  209   78 1203070.30 1134502.60  5.70%   3.8 3235s
 2786634 2240419 1137920.53   87  102 1203070.30 1134503.13  5.70%   3.8 3240s
 2790779 2243528 1168589.07  302   91 1203070.30 1134503.83  5.70%   3.8 3245s
 2795030 2247130 1196318.26  451   84 1203070.30 1134503.84  5.70%   3.8 3252s
 2797708 2249120 1139271.85   76   99 1203070.30 1134504.32  5.70%   3.8 3255s
 2802672 2253021 1157076.75  172   97 1203070.30 1134505.19  5.70%   3.8 3260s
 2809238 2258544     cutoff  211      1203070.30 1134505.75  5.70%   3.8 3267s
 2812257 2260954 1152304.37  118  102 1203070.30 1134506.04  5.70%   3.8 3270s
 2815828 2263724 1191970.32  116   93 1203070.30 1134506.56  5.70%   3.8 3275s
 2820354 2267457 1150478.24  159   89 1203070.30 1134507.46  5.70%   3.8 3280s
 2824260 2270460 1176794.58  280   92 1203070.30 1134507.93  5.70%   3.8 3286s
 2828374 2274204 1157772.31  216   89 1203070.30 1134508.12  5.70%   3.8 3290s
H2833085 2277932                    1203063.4204 1134508.48  5.70%   3.8 3295s
 2837198 2280732 1152946.84  173  101 1203063.42 1134508.56  5.70%   3.8 3300s
 2839134 2281887 1176794.88  178   96 1203063.42 1134509.18  5.70%   3.8 3306s
 2842561 2284288 1202782.58  396   80 1203063.42 1134510.48  5.70%   3.8 3310s
H2845942 2287072                    1203060.1012 1134510.66  5.70%   3.8 3314s
 2846701 2287876 1184990.06  261   89 1203060.10 1134510.66  5.70%   3.8 3315s
 2851878 2291913     cutoff  227      1203060.10 1134511.79  5.70%   3.8 3320s
 2855067 2294176     cutoff  228      1203060.10 1134512.39  5.70%   3.8 3325s
 2859200 2297479 1185399.31  457   89 1203060.10 1134512.49  5.70%   3.8 3330s
 2864878 2301754 1175657.57  105   93 1203060.10 1134513.26  5.70%   3.8 3335s
H2865041 2301754                    1203033.2441 1134513.26  5.70%   3.8 3335s
 2868234 2304245 1144168.12  186   98 1203033.24 1134513.48  5.70%   3.8 3340s
 2871791 2307399 1196377.14  372   82 1203033.24 1134513.48  5.70%   3.8 3345s
 2875962 2310103 1144809.55  109  102 1203033.24 1134514.31  5.70%   3.8 3350s
H2878083 2311839                    1203013.3420 1134514.31  5.69%   3.8 3352s
 2880666 2313937 1141526.89   81  105 1203013.34 1134514.80  5.69%   3.8 3355s
 2882644 2315552 1191826.02  163   90 1203013.34 1134514.80  5.69%   3.8 3360s
 2886686 2319362 1148151.46  100   99 1203013.34 1134515.31  5.69%   3.8 3365s
 2891513 2322698     cutoff  121      1203013.34 1134515.74  5.69%   3.9 3370s
H2895514 2325662                    1203000.3950 1134515.83  5.69%   3.9 3374s
 2896287 2326450 1149594.09  166   94 1203000.39 1134516.25  5.69%   3.9 3375s
 2899774 2329559 1177076.97  382   92 1203000.39 1134516.94  5.69%   3.9 3380s
 2903635 2331745     cutoff  247      1203000.39 1134518.20  5.69%   3.9 3385s
 2907217 2333990     cutoff  312      1203000.39 1134518.55  5.69%   3.9 3390s
H2908572 2335199                    1202994.4030 1134518.55  5.69%   3.9 3391s
 2910334 2336322     cutoff  347      1202994.40 1134519.11  5.69%   3.9 3395s
 2914834 2339453 1145283.89  126   96 1202994.40 1134519.48  5.69%   3.9 3402s
 2916600 2340706 1186964.45  267   89 1202994.40 1134519.48  5.69%   3.9 3405s
 2921599 2344738 1176703.18  368   93 1202994.40 1134520.68  5.69%   3.9 3410s
 2926189 2348477 1174242.79  365   90 1202994.40 1134521.27  5.69%   3.9 3415s
 2929376 2351051 1193437.74  450   84 1202994.40 1134521.52  5.69%   3.9 3421s
 2932249 2353339 1140201.03  123  103 1202994.40 1134521.69  5.69%   3.9 3425s
 2937741 2357795     cutoff  267      1202994.40 1134522.50  5.69%   3.9 3430s
 2942658 2362144 1176760.04  126   89 1202994.40 1134522.88  5.69%   3.9 3437s
 2944736 2363511 1141047.29   92  101 1202994.40 1134523.37  5.69%   3.9 3440s
 2949403 2366759 1165779.27  242   88 1202994.40 1134523.62  5.69%   3.9 3445s
 2953416 2369563     cutoff  277      1202994.40 1134524.05  5.69%   3.9 3450s
 2958137 2373441     cutoff  264      1202994.40 1134524.22  5.69%   3.9 3455s
 2959496 2374417 1191748.02   93   93 1202994.40 1134524.30  5.69%   3.9 3460s
 2964120 2377668 1173620.84  332   91 1202994.40 1134525.34  5.69%   3.9 3465s
H2964797 2378077                    1202993.8116 1134525.44  5.69%   3.9 3466s
 2968646 2381081 1200780.77  594   74 1202993.81 1134525.89  5.69%   3.9 3470s
 2972486 2383991 1191289.69  120   86 1202993.81 1134526.25  5.69%   3.9 3475s
 2975359 2385839     cutoff  152      1202993.81 1134526.32  5.69%   3.9 3480s
 2978816 2388784 1194016.49  379   78 1202993.81 1134526.53  5.69%   3.9 3485s
 2983181 2391694     cutoff  491      1202993.81 1134527.59  5.69%   3.9 3490s
 2987480 2394856 1190973.62  151   84 1202993.81 1134527.79  5.69%   3.9 3495s
 2990944 2396938 1135313.52   68  109 1202993.81 1134529.07  5.69%   3.9 3500s
 2995242 2400356 1177270.28  194   94 1202993.81 1134529.43  5.69%   3.9 3505s
H2995937 2400847                    1202989.0878 1134529.54  5.69%   3.9 3506s
 2998389 2402555 1166611.18   91   96 1202989.09 1134529.85  5.69%   3.9 3510s
 3002598 2405615 1162216.37  194   88 1202989.09 1134530.40  5.69%   3.9 3515s
 3005677 2408082 1137511.57   89  106 1202989.09 1134530.80  5.69%   3.9 3520s
H3008672 2410516                    1202976.0945 1134531.12  5.69%   3.9 3524s
 3009240 2411265 1171620.43  336   90 1202976.09 1134531.12  5.69%   3.9 3525s
 3014154 2414698 1198554.59  265   83 1202976.09 1134531.93  5.69%   3.9 3530s
 3019509 2418718 1141392.79  110  101 1202976.09 1134532.47  5.69%   3.9 3535s
 3021622 2420215 1143298.02   82   99 1202976.09 1134533.06  5.69%   3.9 3540s
 3025729 2423733 1145650.78  113   99 1202976.09 1134533.60  5.69%   3.9 3545s
 3030417 2427485 1174933.45  104   96 1202976.09 1134534.14  5.69%   3.9 3550s
 3034022 2430293 1156363.76  144   98 1202976.09 1134534.60  5.69%   3.9 3555s
 3037109 2432781 1179459.34  320   90 1202976.09 1134534.64  5.69%   3.9 3560s
 3041783 2436326     cutoff  334      1202976.09 1134535.43  5.69%   3.9 3565s
 3046730 2440018 1148456.26  126   97 1202976.09 1134536.36  5.69%   3.9 3570s
 3050638 2442574 1161862.63   65  108 1202976.09 1134537.33  5.69%   3.9 3575s
 3054703 2445756 1153844.84  134   93 1202976.09 1134537.96  5.69%   3.9 3580s
 3058886 2449612 1168276.36  231   91 1202976.09 1134538.91  5.69%   3.9 3585s
H3061328 2451464                    1202975.4134 1134539.10  5.69%   3.9 3587s
H3062477 2452141                    1202954.9337 1134539.37  5.69%   3.9 3589s
 3063142 2452641 1143210.24  108  101 1202954.93 1134539.37  5.69%   3.9 3590s
 3066766 2455337 1200872.57  268   77 1202954.93 1134540.21  5.69%   3.9 3595s
 3070923 2458243 1188836.58  118   95 1202954.93 1134540.54  5.69%   3.9 3600s

Cutting planes:
  Gomory: 10
  Implied bound: 6
  MIR: 5
  Flow cover: 13
  RLT: 42

Explored 3071037 nodes (11916899 simplex iterations) in 3600.05 seconds (1750.89 work units)
Thread count was 2 (of 24 available processors)

Solution count 10: 1.20295e+06 1.20298e+06 1.20298e+06 ... 1.20306e+06

Time limit reached
Best objective 1.202954933707e+06, best bound 1.134540544551e+06, gap 5.6872%
