
Gurobi 11.0.3 (linux64, Java) logging started dom 01 dez 2024 10:45:10 -03

Set parameter Username
Academic license - for non-commercial use only - expires 2025-10-10
Set parameter NonConvex to value 2
Set parameter TimeLimit to value 3600
Set parameter LogToConsole to value 0
Set parameter MIPGap to value 1.0305790061187408e-08
Set parameter Threads to value 2
Set parameter NodefileDir to value "/home/ps12398/experiment_epec/goalProgrammingMarcos/"
Set parameter NodefileStart to value 1
Gurobi Optimizer version 11.0.3 build v11.0.3rc0 (linux64)

CPU model: Intel(R) Xeon(R) CPU           X5650  @ 2.67GHz, instruction set [SSE2]
Thread count: 12 physical cores, 24 logical processors, using up to 2 threads

Optimize a model with 2177725 rows, 1457786 columns and 12057681 nonzeros
Model fingerprint: 0x3f7e2172
Model has 858 quadratic constraints
Variable types: 728468 continuous, 729318 integer (853 binary)
Coefficient statistics:
  Matrix range     [1e-03, 1e+07]
  QMatrix range    [1e-03, 2e+05]
  QLMatrix range   [1e+00, 2e+05]
  Objective range  [1e+00, 2e+08]
  Bounds range     [1e+00, 1e+08]
  RHS range        [1e+00, 1e+07]
  QRHS range       [5e-02, 5e-02]
Presolve removed 1 rows and 2 columns (presolve time = 5s) ...
Presolve removed 2174592 rows and 1452762 columns (presolve time = 10s) ...
Presolve removed 2174589 rows and 1452760 columns
Presolve time: 10.79s
Presolved: 6286 rows, 6024 columns, 1388951 nonzeros
Presolved model has 2 SOS constraint(s)
Presolved model has 853 bilinear constraint(s)

Solving non-convex MIQCP

Variable types: 2708 continuous, 3316 integer (855 binary)
Found heuristic solution: objective 2.204975e+07

Root simplex log...

Iteration    Objective       Primal Inf.    Dual Inf.      Time
       0    0.0000000e+00   8.372391e+03   0.000000e+00     15s
    1323    9.0284176e-01   2.527001e+05   0.000000e+00     21s
    2329    1.1764727e+06   2.905505e+03   0.000000e+00     32s
    3385    1.3064428e+06   4.547149e+03   0.000000e+00     35s
    3432    1.3081872e+06   0.000000e+00   0.000000e+00     36s

Root relaxation: objective 1.308187e+06, 3432 iterations, 20.71 seconds (9.70 work units)
Total elapsed time = 36.01s (DegenMoves)

    Nodes    |    Current Node    |     Objective Bounds      |     Work
 Expl Unexpl |  Obj  Depth IntInf | Incumbent    BestBd   Gap | It/Node Time

     0     0 1308187.18    0 1386 2.2050e+07 1308187.18  94.1%     -   38s
     0     0 5012030.60    0 1385 2.2050e+07 5012030.60  77.3%     -   51s
     0     0 5072969.80    0 1379 2.2050e+07 5072969.80  77.0%     -   72s
     0     0 5072969.80    0 1380 2.2050e+07 5072969.80  77.0%     -   74s
     0     0 5072969.80    0 1380 2.2050e+07 5072969.80  77.0%     -   76s
     0     0 5072969.80    0 1380 2.2050e+07 5072969.80  77.0%     -   76s
     0     0 5072969.80    0 1380 2.2050e+07 5072969.80  77.0%     -   80s
     0     0 5072969.80    0 1380 2.2050e+07 5072969.80  77.0%     -   88s
     0     2 5072969.80    0 1380 2.2050e+07 5072969.80  77.0%     -  101s
     7    10 5073004.60    4 1377 2.2050e+07 5073004.60  77.0%   2.9  105s
    17    20 5073004.60    8 1374 2.2050e+07 5073004.60  77.0%   1.8  110s
    27    30 5073659.35   12 1371 2.2050e+07 5073006.36  77.0%   1.5  115s
    37    40 5073043.08   15 1370 2.2050e+07 5073006.36  77.0%   1.4  131s
    45    55 5073703.08   17 1368 2.2050e+07 5073006.36  77.0%   1.3  137s
    60    74 5073080.17   22 1367 2.2050e+07 5073006.36  77.0%   1.2  142s
    73    95 5074125.00   27 1362 2.2050e+07 5073006.36  77.0%   1.3  150s
    94   121 5074148.79   34 1359 2.2050e+07 5073006.36  77.0%   1.3  157s
   120   147 5075542.61   44 1351 2.2050e+07 5073006.36  77.0%   1.3  164s
   146   177 5074836.37   54 1348 2.2050e+07 5073006.36  77.0%   1.3  172s
   176   208 5074914.95   66 1339 2.2050e+07 5073006.36  77.0%   1.2  181s
   207   232 5074978.86   77 1333 2.2050e+07 5073006.36  77.0%   1.2  190s
   231   260 5075259.15   85 1328 2.2050e+07 5073006.36  77.0%   1.2  198s
   259   289 5075699.68   95 1322 2.2050e+07 5073006.36  77.0%   1.2  206s
H  288   318                    2.204969e+07 5073006.36  77.0%   1.2  214s
   317   349 5076319.86  114 1310 2.2050e+07 5073006.36  77.0%   1.2  222s
   348   384 5076537.34  124 1305 2.2050e+07 5073006.36  77.0%   1.2  234s
   383   422 5076857.30  135 1298 2.2050e+07 5073006.36  77.0%   6.1  242s
   421   457 5078254.93  154 1283 2.2050e+07 5073006.36  77.0%   5.6  251s
H  429   457                    2.204969e+07 5073006.36  77.0%   5.6  251s
   456   494 5077304.09  164 1277 2.2050e+07 5073006.36  77.0%   5.3  261s
H  487   494                    2.204969e+07 5073006.36  77.0%   5.0  261s
   493   526 5077547.18  179 1268 2.2050e+07 5073006.36  77.0%   5.0  271s
   525   571 5077686.27  195 1256 2.2050e+07 5073006.36  77.0%   5.1  283s
   570   605 5079081.20  211 1244 2.2050e+07 5073006.36  77.0%   4.8  294s
   604   629 5079174.06  221 1235 2.2050e+07 5073006.36  77.0%   7.4  302s
   628   680 5079309.98  238 1222 2.2050e+07 5073006.36  77.0%   9.5  309s
H  640   680                    2.204949e+07 5073006.36  77.0%   9.4  309s
   679   723 5080107.70  256 1207 2.2049e+07 5073006.36  77.0%   8.9  316s
H  690   723                    2.204946e+07 5073006.36  77.0%   8.8  316s
   722   752 5080311.83  264 1203 2.2049e+07 5073006.36  77.0%   8.5  323s
H  735   752                    2.204940e+07 5073006.36  77.0%   8.3  323s
   751   754 5080311.83  269 1199 2.2049e+07 5073006.36  77.0%   8.3  333s
   753   818 5080387.70  269 1199 2.2049e+07 5073006.36  77.0%   8.3  343s
   817   875 5080755.64  296 1179 2.2049e+07 5073006.36  77.0%   7.8  352s
   874   949 5082447.80  319 1162 2.2049e+07 5073006.36  77.0%   7.7  369s
   948  1027 5082673.49  349 1146 2.2049e+07 5073006.36  77.0%   7.2  384s
  1026  1071 5082746.57  373 1135 2.2049e+07 5073006.36  77.0%   6.8  397s
  1070  1073 5083034.43  392 1121 2.2049e+07 5073006.36  77.0%   6.6  401s
  1072  1163 5088003.93  392 1135 2.2049e+07 5073006.36  77.0%   6.6  415s
  1162  1226 5083986.41  426 1100 2.2049e+07 5073006.36  77.0%   6.2  425s
  1225  1312 5084087.71  434 1096 2.2049e+07 5073006.36  77.0%   7.5  440s
H 1265  1312                    1.414832e+07 5073006.36  64.1%   7.3  440s
  1311  1431 5086462.72  467 1078 1.4148e+07 5073006.36  64.1%   7.1  455s
  1430  1551 5085493.13  510 1050 1.4148e+07 5073006.36  64.1%   6.7  469s
  1550  1668 5085939.48  556 1023 1.4148e+07 5073006.36  64.1%   6.5  484s
  1667  1756 5088724.09  608 1000 1.4148e+07 5073006.36  64.1%   6.2  498s
  1755  1879 5086672.47  646  977 1.4148e+07 5073006.36  64.1%   6.1  512s
  1878  1986 5087318.40  689  955 1.4148e+07 5073006.36  64.1%   6.5  526s
  1985  2006 5087715.65  729  935 1.4148e+07 5073006.36  64.1%   7.3  537s
  2005  2127 5087860.41  735  930 1.4148e+07 5073006.36  64.1%   7.8  564s
  2126  2316 5091071.90  784  919 1.4148e+07 5073006.36  64.1%   8.1  595s
  2315  2347 5088978.55  864  854 1.4148e+07 5073006.36  64.1%   8.5  611s
  2346  2519 5089414.84  879  859 1.4148e+07 5073006.36  64.1%   8.4  634s
  2518  2682 5091691.90  943  855 1.4148e+07 5073006.36  64.1%   8.4  655s
  2681  2794 5116585.24 1006  854 1.4148e+07 5073006.36  64.1%   8.7  673s
  2793  2985 5096056.29 1054  854 1.4148e+07 5073006.36  64.1%   8.5  705s
  2984  3125 5100076.96 1113 1137 1.4148e+07 5073006.36  64.1%   8.7  744s
  3124  3162 5100076.96 1125 1129 1.4148e+07 5073006.36  64.1%   9.7  766s
  3161  3321 5100076.96 1131 1125 1.4148e+07 5073006.36  64.1%  11.1  808s
  3320  3424 5100415.91 1152 1118 1.4148e+07 5073006.36  64.1%  11.8  833s
  3423  3497 5100962.41 1175 1105 1.4148e+07 5073006.36  64.1%  12.8  855s
  3496  3513 5101273.38 1185 1098 1.4148e+07 5073006.36  64.1%  13.7  866s
  3512  3584 5101273.38 1187 1097 1.4148e+07 5073006.36  64.1%  14.6  901s
H 3553  3584                    1.394644e+07 5073006.36  63.6%  14.5  901s
  3583  3658 5103169.32 1222 1079 1.3946e+07 5073006.36  63.6%  15.5  924s
  3658  3659 5077379.11   95  366 1.3946e+07 5073006.36  63.6%  17.1  992s
  3660  3660 5080429.18  275  532 1.3946e+07 5073006.36  63.6%  17.1 1013s
  3661  3661 5096772.91  682  530 1.3946e+07 5096772.91  63.5%  17.1 1028s
H 3661  3477                    1.342902e+07 5096772.91  62.0%  17.1 1032s
  3663  3478 5096772.91  435  530 1.3429e+07 5096772.91  62.0%  17.1 1037s
  3664  3479 5096772.91   13  529 1.3429e+07 5096772.91  62.0%  17.1 1044s
  3665  3480 5096772.91  514  529 1.3429e+07 5096772.91  62.0%  17.1 1049s
  3666  3480 5096772.91 1053  529 1.3429e+07 5096772.91  62.0%  17.1 1061s
  3670  3485 5096772.91 1050  366 1.3429e+07 5096772.91  62.0%  18.2 1068s
  3671  3485 5096772.91  276  529 1.3429e+07 5096772.91  62.0%  18.2 1097s
H 3671  3310                    1.266395e+07 5096846.53  59.8%  18.2 1109s
  3672  3311 5096846.53  236  527 1.2664e+07 5096846.53  59.8%  18.2 1123s
  3673  3312 5096846.53  526  527 1.2664e+07 5096846.53  59.8%  18.2 1127s
  3674  3312 5096846.53  200  527 1.2664e+07 5096846.53  59.8%  18.1 1136s
  3675  3313 5098783.83  900  527 1.2664e+07 5096846.53  59.8%  18.1 1140s
  3676  3314 5096846.53  750  527 1.2664e+07 5096846.53  59.8%  18.1 1151s
  3677  3314 5096846.53  403  527 1.2664e+07 5096846.53  59.8%  18.1 1212s
  3678  3315 5096846.53   80  527 1.2664e+07 5096846.53  59.8%  18.1 1228s
  3679  3319 5097178.49   25 1377 1.2664e+07 5096846.53  59.8%  19.5 1237s
  3685  3323 5097178.49   27 1375 1.2664e+07 5097178.49  59.8%  19.5 1240s
  3697  3331 5097989.47   30 1372 1.2664e+07 5097682.30  59.7%  19.4 1245s
  3705  3336 5099711.24   32 1370 1.2664e+07 5097899.33  59.7%  19.4 1271s
  3713  3345 5098738.70   34 1368 1.2664e+07 5097899.33  59.7%  19.4 1275s
  3725  3354 5098173.19   37 1365 1.2664e+07 5097899.33  59.7%  19.3 1280s
  3745  3367 5100764.84   41 1361 1.2664e+07 5097899.33  59.7%  19.2 1286s
  3751  3372 5099841.36   43 1359 1.2664e+07 5097899.33  59.7%  19.2 1293s
  3758  3378 5099231.69   45 1357 1.2664e+07 5097899.33  59.7%  19.6 1297s
  3767  3385 5101392.14   47 1355 1.2664e+07 5097899.33  59.7%  19.6 1300s
  3787  3400 5100290.55   53 1349 1.2664e+07 5097899.33  59.7%  19.5 1307s
  3798  3406 5100350.70   56 1346 1.2664e+07 5097899.33  59.7%  19.5 1310s
  3817  3416 5101439.39   60 1342 1.2664e+07 5097899.33  59.7%  19.4 1324s
  3824  3422 5101623.02   62 1340 1.2664e+07 5097899.33  59.7%  19.4 1327s
  3833  3430 5104117.84   64 1338 1.2664e+07 5097899.33  59.7%  19.3 1331s
  3844  3437 5101092.58   67 1335 1.2664e+07 5097899.33  59.7%  19.3 1335s
  3854  3443 5103881.89   69 1333 1.2664e+07 5097899.33  59.7%  19.2 1340s
  3872  3459 5104827.14   74 1328 1.2664e+07 5097899.33  59.7%  19.6 1348s
  3886  3466 5102439.08   78 1324 1.2664e+07 5097899.33  59.7%  19.5 1353s
  3897  3477 5102439.08   81 1321 1.2664e+07 5097899.33  59.7%  19.5 1358s
  3912  3486 5105975.65   85 1317 1.2664e+07 5097899.33  59.7%  19.4 1367s
  3926  3494 5104569.45   89 1313 1.2664e+07 5097899.33  59.7%  19.3 1371s
  3939  3508 5103908.61   93 1309 1.2664e+07 5097899.33  59.7%  19.3 1376s
  3957  3516 5104263.49   97 1305 1.2664e+07 5097899.33  59.7%  19.3 1384s
  3971  3529 5106387.69  102 1300 1.2664e+07 5097899.33  59.7%  19.5 1392s
  3989  3537 5105330.06  107 1296 1.2664e+07 5097899.33  59.7%  19.8 1398s
  4003  3548 5105330.06  108 1295 1.2664e+07 5097899.33  59.7%  20.1 1405s
  4018  3545 5105330.06  109 1294 1.2664e+07 5097899.33  59.7%  20.6 1413s
  4020  3558 5109276.81  109 1347 1.2664e+07 5097899.33  59.7%  21.0 1421s
  4034  3568 5105330.06  110 1293 1.2664e+07 5097899.33  59.7%  20.9 1427s
  4049  3583 5105330.06  111 1292 1.2664e+07 5097899.33  59.7%  21.2 1433s
  4069  3596 5105330.06  112 1291 1.2664e+07 5097899.33  59.7%  21.6 1438s
  4088  3605 5109228.56  113 1347 1.2664e+07 5097899.33  59.7%  22.2 1444s
  4104  3619 5105330.06  114 1289 1.2664e+07 5097899.33  59.7%  22.1 1598s
  4123  3657 5105624.68  116 1287 1.2664e+07 5097899.33  59.7%  22.8 1609s
  4167  3684 5107854.85  127 1276 1.2664e+07 5097899.33  59.7%  22.6 1618s
  4209  3700 5106683.97  138 1265 1.2664e+07 5097899.33  59.7%  22.4 1627s
  4239  3726 5111034.87  141 1262 1.2664e+07 5097899.33  59.7%  22.2 1636s
  4275  3761 5107430.16  153 1250 1.2664e+07 5097899.33  59.7%  22.4 1652s
  4322  3795 5110120.96  165 1238 1.2664e+07 5097899.33  59.7%  22.2 1664s
  4372  3793 5109087.27  176 1227 1.2664e+07 5097899.33  59.7%  22.4 1674s
  4386  3826 5109162.67  177 1226 1.2664e+07 5097899.33  59.7%  22.6 1689s
  4424  3842 5109203.74  179 1224 1.2664e+07 5097899.33  59.7%  23.1 1698s
  4453  3869 5112129.92  186 1217 1.2664e+07 5097899.33  59.7%  23.7 1709s
  4489  3885 5116627.56  192 1239 1.2664e+07 5097899.33  59.7%  24.7 1720s
  4517  3938 5110798.29  195 1208 1.2664e+07 5097899.33  59.7%  25.4 1734s
  4580  3973 5110998.68  206 1197 1.2664e+07 5097899.33  59.7%  25.8 1746s
  4636  3992 5111305.32  214 1189 1.2664e+07 5097899.33  59.7%  26.0 1755s
  4673  4016 5111326.83  222 1188 1.2664e+07 5097899.33  59.7%  27.0 1766s
  4710  4032 5114353.80  235 1238 1.2664e+07 5097899.33  59.7%  28.6 1775s
  4738  4072 5119929.24  245 1167 1.2664e+07 5097899.33  59.7%  29.7 1786s
H 4757  3899                    1.235084e+07 5097899.33  58.7%  29.6 1786s
  4787  3931 5113331.10  265 1156 1.2351e+07 5097899.33  58.7%  30.1 1797s
  4829  3932 5113675.02  281 1150 1.2351e+07 5097899.33  58.7%  31.0 1808s
  4844  3986 5113720.11  287 1147 1.2351e+07 5097899.33  58.7%  31.2 1819s
  4903  4050 5113853.91  304 1139 1.2351e+07 5097899.33  58.7%  31.5 1836s
  4986  4031 5113966.36  311 1136 1.2351e+07 5097899.33  58.7%  32.0 1847s
  4995  4175 5114094.44  314 1135 1.2351e+07 5097899.33  58.7%  32.3 1869s
  5142  4246 5115303.70  341 1126 1.2351e+07 5097899.33  58.7%  32.0 1887s
  5262  4301 5115863.75  370 1114 1.2351e+07 5097899.33  58.7%  32.2 1907s
  5357  4373 5116407.96  382 1111 1.2351e+07 5097899.33  58.7%  32.9 1925s
  5461  4460 5117570.20  417 1101 1.2351e+07 5097899.33  58.7%  33.4 1949s
  5582  4529 5118957.89  465 1080 1.2351e+07 5097899.33  58.7%  33.8 1967s
  5692  4642 5120013.90  501 1065 1.2351e+07 5097899.33  58.7%  34.0 1988s
  5841  4705 5120759.20  525 1058 1.2351e+07 5097899.33  58.7%  34.3 2014s
  5954  4885 5125309.83  535 1056 1.2351e+07 5097899.33  58.7%  35.6 2046s
  6172  4867 5122638.60  597 1032 1.2351e+07 5097899.33  58.7%  35.2 2065s
  6226  4920 5127466.43  607 1028 1.2351e+07 5097899.33  58.7%  36.7 2084s
  6297  5003 5123144.73  626 1020 1.2351e+07 5097899.33  58.7%  38.9 2105s
  6404  5092 5123392.98  643 1017 1.2351e+07 5097899.33  58.7%  40.3 2134s
  6529  5248 5133792.29  692 1010 1.2351e+07 5097899.33  58.7%  41.1 2169s
  6726  5330 5132037.01  763 1083 1.2351e+07 5097899.33  58.7%  41.5 2193s
  6874  5354 5145132.71  798 1079 1.2351e+07 5097899.33  58.7%  42.4 2217s
  6947  5583 5155063.30  816 1033 1.2351e+07 5097899.33  58.7%  44.2 2254s
  7201  5658 5157525.45  892 1008 1.2351e+07 5097899.33  58.7%  44.1 2281s
  7360  5749 5165886.01  926 1003 1.2351e+07 5097899.33  58.7%  45.7 2313s
  7504  5818 5171381.59  959  991 1.2351e+07 5097899.33  58.7%  46.8 2339s
  7621  5861 5174390.44  984  990 1.2351e+07 5097899.33  58.7%  47.4 2365s
  7703  5959 5174390.44 1002  988 1.2351e+07 5097899.33  58.7%  50.0 2408s
  7829  6019 5174722.88 1020  985 1.2351e+07 5097899.33  58.7%  51.5 2441s
  7931  6149 5175059.26 1049  981 1.2351e+07 5097899.33  58.7%  53.5 2475s
  8095  6377 5178885.04 1075  983 1.2351e+07 5097899.33  58.7%  53.5 2518s
  8377  6499 5224878.66 1129 1070 1.2351e+07 5097899.33  58.7%  53.6 2566s
  8593  6538 5191730.53 1153  966 1.2351e+07 5097899.33  58.7%  54.1 2597s
  8704  6690 5193855.08 1179  969 1.2351e+07 5097899.33  58.7%  57.5 2648s
  8893  6772 5196273.90 1237  958 1.2351e+07 5097899.33  58.7%  58.2 2686s
  9038  6893 5198142.57 1277  964 1.2351e+07 5097899.33  58.7%  60.1 2726s
  9208  7094 5211109.57 1332 1018 1.2351e+07 5097899.33  58.7%  62.8 2769s
  9465  7181 5216509.01 1424 1004 1.2351e+07 5097899.33  58.7%  64.3 2808s
  9638  7490 5206116.57 1451  959 1.2351e+07 5097899.33  58.7%  66.0 2861s
 10005  7654 5212729.51 1558  936 1.2351e+07 5097899.33  58.7%  65.7 2910s
 10291  7890 5235768.48 1611  935 1.2351e+07 5097899.33  58.7%  65.7 2965s
 10622  7990 5286862.90 1717  921 1.2351e+07 5097899.33  58.7%  65.2 3009s
 10833  8083 5313172.91 1780  960 1.2351e+07 5097899.33  58.7%  67.1 3057s
 10996  8420 5313267.95 1794  947 1.2351e+07 5097899.33  58.7%  68.0 3124s
 11387  8403 5326712.17 1868  960 1.2351e+07 5097899.33  58.7%  67.0 3155s
 11501  8551 5326926.23 1882  948 1.2351e+07 5097899.33  58.7%  68.9 3190s
 11687  8750 5330565.49 1941  917 1.2351e+07 5097899.33  58.7%  70.8 3223s
 11948  8803 5355518.07 2010  946 1.2351e+07 5097899.33  58.7%  70.9 3256s
 12088  9075 5355742.05 2025  933 1.2351e+07 5097899.33  58.7%  71.6 3297s
 12406  9268 5372775.10 2111  917 1.2351e+07 5097899.33  58.7%  71.0 3345s
 12705  9478 5387806.09 2151  922 1.2351e+07 5097899.33  58.7%  70.7 3398s
 13015  9530 5393418.41 2170  916 1.2351e+07 5097899.33  58.7%  70.3 3433s
 13170  9925 5404200.21 2202  901 1.2351e+07 5097899.33  58.7%  71.7 3483s
 13602 10299 5446325.81 2311  895 1.2351e+07 5097899.33  58.7%  70.8 3524s
 13976 10439 5475573.50 2434  894 1.2351e+07 5097899.33  58.7%  70.1 3600s

Cutting planes:
  RLT: 788

Explored 14116 nodes (997806 simplex iterations) in 3602.31 seconds (1611.85 work units)
Thread count was 2 (of 24 available processors)

Solution count 10: 1.23508e+07 1.2664e+07 1.3429e+07 ... 2.20497e+07

Time limit reached
Best objective 1.235084099844e+07, best bound 5.097899325765e+06, gap 58.7243%
