
Gurobi 11.0.3 (linux64, Java) logging started sex 29 nov 2024 18:46:28 -03

Set parameter Username
Academic license - for non-commercial use only - expires 2025-10-10
Set parameter NonConvex to value 2
Set parameter TimeLimit to value 3600
Set parameter LogToConsole to value 0
Set parameter MIPGap to value 1.0305790061187408e-08
Set parameter Threads to value 2
Set parameter NodefileDir to value "/home/ps12398/experiment_epec/goalProgrammingMarcos/"
Set parameter NodefileStart to value 1
Gurobi Optimizer version 11.0.3 build v11.0.3rc0 (linux64)

CPU model: Intel(R) Xeon(R) CPU           X5650  @ 2.67GHz, instruction set [SSE2]
Thread count: 12 physical cores, 24 logical processors, using up to 2 threads

Optimize a model with 2177725 rows, 1457786 columns and 12057681 nonzeros
Model fingerprint: 0x524c251f
Model has 858 quadratic constraints
Variable types: 728468 continuous, 729318 integer (853 binary)
Coefficient statistics:
  Matrix range     [1e-03, 1e+07]
  QMatrix range    [1e-03, 2e+05]
  QLMatrix range   [1e+00, 2e+05]
  Objective range  [1e+00, 2e+08]
  Bounds range     [1e+00, 1e+08]
  RHS range        [1e+00, 3e+07]
Presolve removed 1446935 rows and 718638 columns (presolve time = 6s) ...
Presolve removed 2174589 rows and 1452760 columns
Presolve time: 8.97s
Presolved: 6286 rows, 6024 columns, 1388951 nonzeros
Presolved model has 2 SOS constraint(s)
Presolved model has 853 bilinear constraint(s)

Solving non-convex MIQCP

Variable types: 2708 continuous, 3316 integer (855 binary)
Found heuristic solution: objective 5.003500e+07

Root simplex log...

Iteration    Objective       Primal Inf.    Dual Inf.      Time
       0    2.4745424e+06   4.958385e+04   0.000000e+00     13s
    1561    1.3975239e+07   1.633956e+04   0.000000e+00     15s
    2072    1.4633240e+07   0.000000e+00   0.000000e+00     16s

Root relaxation: objective 1.463324e+07, 2072 iterations, 3.89 seconds (3.09 work units)
Total elapsed time = 16.35s (DegenMoves)

    Nodes    |    Current Node    |     Objective Bounds      |     Work
 Expl Unexpl |  Obj  Depth IntInf | Incumbent    BestBd   Gap | It/Node Time

     0     0 1.4633e+07    0 1396 5.0035e+07 1.4633e+07  70.8%     -   18s
     0     0 1.9144e+07    0 1390 5.0035e+07 1.9144e+07  61.7%     -   24s
     0     0 1.9177e+07    0 1391 5.0035e+07 1.9177e+07  61.7%     -   37s
     0     0 1.9180e+07    0 1390 5.0035e+07 1.9180e+07  61.7%     -   41s
     0     0 1.9181e+07    0 1389 5.0035e+07 1.9181e+07  61.7%     -   42s
     0     0 1.9181e+07    0 1389 5.0035e+07 1.9181e+07  61.7%     -   47s
     0     2 1.9181e+07    0 1389 5.0035e+07 1.9181e+07  61.7%     -   52s
    11    14 1.9181e+07    6 1389 5.0035e+07 1.9181e+07  61.7%   1.8   55s
H   27    41                    5.003475e+07 1.9181e+07  61.7%   1.3   63s
    40    76 1.9181e+07   20 1389 5.0035e+07 1.9181e+07  61.7%   1.2   72s
    75    78 1.9181e+07   39 1389 5.0035e+07 1.9181e+07  61.7%   1.1   76s
    77    80 1.9181e+07   40 1389 5.0035e+07 1.9181e+07  61.7%   1.1   87s
    79   134 1.9181e+07   41 1389 5.0035e+07 1.9181e+07  61.7%   1.1  100s
H   80   134                    2.788365e+07 1.9181e+07  31.2%   1.1  100s
H  110   134                    2.788349e+07 1.9181e+07  31.2%   1.1  101s
   133   293 1.9181e+07   70 1387 2.7883e+07 1.9181e+07  31.2%   1.1  142s
   292   466 1.9181e+07  142 1387 2.7883e+07 1.9181e+07  31.2%   1.0  169s
   465   625 1.9181e+07  227 1386 2.7883e+07 1.9181e+07  31.2%   1.0  188s
   624   767 1.9181e+07  302 1381 2.7883e+07 1.9181e+07  31.2%   1.0  219s
   766   881 1.9181e+07  382 1381 2.7883e+07 1.9181e+07  31.2%   1.0  248s
   880   924 1.9181e+07  441 1380 2.7883e+07 1.9181e+07  31.2%   1.0  266s
   923   959 1.9181e+07  442 1380 2.7883e+07 1.9181e+07  31.2%   1.0  286s
   958  1087 1.9181e+07  459 1380 2.7883e+07 1.9181e+07  31.2%   1.0  321s
  1086  1280 1.9181e+07  513 1380 2.7883e+07 1.9181e+07  31.2%   1.0  360s
  1279  1362 1.9181e+07  606 1378 2.7883e+07 1.9181e+07  31.2%   1.0  386s
  1361  1564 1.9181e+07  646 1378 2.7883e+07 1.9181e+07  31.2%   1.0  428s
  1563  1743 1.9181e+07  749 1377 2.7883e+07 1.9181e+07  31.2%   1.0  471s
  1742  1961 1.9181e+07  849 1376 2.7883e+07 1.9181e+07  31.2%   1.0  511s
  1960  2102 1.9181e+07  929 1376 2.7883e+07 1.9181e+07  31.2%   1.0  547s
  2101  2372 1.9181e+07  988 1373 2.7883e+07 1.9181e+07  31.2%   1.0  577s
  2371  2549 1.9181e+07 1167 1370 2.7883e+07 1.9181e+07  31.2%   1.0  611s
  2548  2669 1.9181e+07 1254 1369 2.7883e+07 1.9181e+07  31.2%   1.0  644s
  2668  2843 1.9181e+07 1313 1369 2.7883e+07 1.9181e+07  31.2%   1.0  685s
  2842  3047 1.9181e+07 1397 1368 2.7883e+07 1.9181e+07  31.2%   1.0  742s
  3046  3173 1.9182e+07 1497 1366 2.7883e+07 1.9181e+07  31.2%   1.0  783s
  3172  3399 1.9182e+07 1560 1365 2.7883e+07 1.9181e+07  31.2%   1.0  841s
  3398  3588 1.9182e+07 1671 1365 2.7883e+07 1.9181e+07  31.2%   1.0  894s
  3587  3828 1.9182e+07 1763 1364 2.7883e+07 1.9181e+07  31.2%   1.0  947s
  3828  3829 1.9181e+07 1147  318 2.7883e+07 1.9181e+07  31.2%   1.0  992s
  3830  3830 1.9181e+07  109  533 2.7883e+07 1.9181e+07  31.2%   1.0 1004s
H 3830  3638                    2.682623e+07 1.9670e+07  26.7%   1.0 1010s
  3831  3639 1.9670e+07 1715  537 2.6826e+07 1.9670e+07  26.7%   1.0 1019s
  3832  3640 1.9670e+07 1032  537 2.6826e+07 1.9670e+07  26.7%   1.0 1023s
H 3832  3458                    2.666982e+07 1.9680e+07  26.2%   1.0 1027s
  3834  3459 1.9680e+07 1788  537 2.6670e+07 1.9680e+07  26.2%   1.0 1034s
  3835  3460 1.9680e+07  346  537 2.6670e+07 1.9680e+07  26.2%   1.0 1047s
H 3839  3290                    2.666971e+07 1.9680e+07  26.2%   1.7 1056s
H 3840  3126                    2.666964e+07 1.9680e+07  26.2%   1.7 1064s
  3841  3127 1.9680e+07  507  540 2.6670e+07 1.9680e+07  26.2%   1.7 1074s
  3842  3128 1.9680e+07  588  539 2.6670e+07 1.9680e+07  26.2%   1.7 1078s
H 3842  2971                    2.652255e+07 1.9683e+07  25.8%   1.7 1082s
  3844  2972 1.9683e+07 1657  538 2.6523e+07 1.9683e+07  25.8%   1.7 1088s
  3849  2976 1.9683e+07  693  534 2.6523e+07 1.9683e+07  25.8%   2.4 1100s
  3850  2977 1.9683e+07  911  538 2.6523e+07 1.9683e+07  25.8%   2.4 1110s
H 3851  2829                    2.650641e+07 1.9683e+07  25.7%   2.4 1118s
  3852  2829 1.9683e+07 1758  537 2.6506e+07 1.9683e+07  25.7%   2.4 1123s
  3853  2830 1.9683e+07 1494  537 2.6506e+07 1.9683e+07  25.7%   2.4 1134s
H 3853  2688                    2.650212e+07 1.9683e+07  25.7%   2.4 1141s
  3855  2692 1.9684e+07   34 1389 2.6502e+07 1.9683e+07  25.7%   3.1 1149s
  3859  2695 1.9684e+07   35 1388 2.6502e+07 1.9683e+07  25.7%   3.1 1150s
  3883  2711 1.9684e+07   41 1382 2.6502e+07 1.9683e+07  25.7%   3.1 1182s
  3885  2738 1.9684e+07   41 1382 2.6502e+07 1.9683e+07  25.7%   3.1 1188s
  3913  2796 1.9684e+07   49 1374 2.6502e+07 1.9683e+07  25.7%   3.1 1202s
  3980  2776 1.9685e+07   65 1358 2.6502e+07 1.9683e+07  25.7%   3.1 1215s
  3982  2923 1.9685e+07   65 1358 2.6502e+07 1.9683e+07  25.7%   3.1 1238s
  4130  3012 1.9685e+07  102 1320 2.6502e+07 1.9683e+07  25.7%   3.0 1252s
  4268  3103 1.9685e+07  137 1285 2.6502e+07 1.9683e+07  25.7%   3.0 1272s
  4405  3204 1.9686e+07  171 1251 2.6502e+07 1.9683e+07  25.7%   2.9 1293s
  4552  3306 1.9686e+07  208 1214 2.6502e+07 1.9683e+07  25.7%   2.9 1315s
  4703  3427 1.9687e+07  246 1176 2.6502e+07 1.9683e+07  25.7%   2.8 1335s
  4874  3472 1.9687e+07  288 1134 2.6502e+07 1.9683e+07  25.7%   2.8 1355s
H 4925  3320                    2.650186e+07 1.9683e+07  25.7%   2.8 1355s
  4976  3493 1.9687e+07  314 1108 2.6502e+07 1.9683e+07  25.7%   2.8 1381s
  5166  3508 1.9691e+07  357 1065 2.6502e+07 1.9683e+07  25.7%   3.0 1396s
  5245  3598 1.9696e+07  375 1073 2.6502e+07 1.9683e+07  25.7%   3.4 1411s
  5361  3683 1.9691e+07  392 1030 2.6502e+07 1.9683e+07  25.7%   4.2 1427s
  5485  3794 1.9697e+07  420 1023 2.6502e+07 1.9683e+07  25.7%   4.9 1451s
  5637  3855 1.9701e+07  464 1054 2.6502e+07 1.9683e+07  25.7%   5.4 1474s
  5749  3960 1.9702e+07  486 1058 2.6502e+07 1.9683e+07  25.7%   6.1 1498s
  5891  4026 1.9707e+07  513 1080 2.6502e+07 1.9683e+07  25.7%   6.7 1534s
H 6003  3861                    2.626750e+07 1.9683e+07  25.1%   7.0 1534s
  6004  4058 1.9723e+07  555 1081 2.6268e+07 1.9683e+07  25.1%   7.0 1563s
  6201  4177 1.9721e+07  605 1057 2.6268e+07 1.9683e+07  25.1%   7.6 1591s
  6386  4353 1.9731e+07  655 1064 2.6268e+07 1.9683e+07  25.1%   8.2 1623s
  6623  4477 1.9737e+07  715 1105 2.6268e+07 1.9683e+07  25.1%   8.6 1655s
  6826  4539 1.9733e+07  758 1081 2.6268e+07 1.9683e+07  25.1%   9.2 1685s
  6956  4716 1.9742e+07  790 1078 2.6268e+07 1.9683e+07  25.1%   9.6 1714s
  7176  4761 1.9751e+07  832 1044 2.6268e+07 1.9683e+07  25.1%  10.0 1741s
  7295  4957 1.9741e+07  851 1096 2.6268e+07 1.9683e+07  25.1%  11.3 1769s
  7530  5085 1.9745e+07  905 1085 2.6268e+07 1.9683e+07  25.1%  12.1 1803s
  7737  5318 1.9748e+07  944 1089 2.6268e+07 1.9683e+07  25.1%  13.0 1842s
  8039  5441 1.9758e+07 1023 1040 2.6268e+07 1.9683e+07  25.1%  13.9 1880s
  8262  5645 1.9767e+07 1068 1037 2.6268e+07 1.9683e+07  25.1%  14.3 1919s
  8541  5864 1.9773e+07 1160 1051 2.6268e+07 1.9683e+07  25.1%  15.1 1964s
  8853  6083 1.9783e+07 1230 1063 2.6268e+07 1.9683e+07  25.1%  15.8 2012s
  9176  6420 1.9798e+07 1324 1024 2.6268e+07 1.9683e+07  25.1%  16.1 2058s
  9620  6625 1.9800e+07 1449 1082 2.6268e+07 1.9683e+07  25.1%  16.3 2111s
H 9973  6765                    2.626705e+07 1.9683e+07  25.1%  16.9 2169s
 10353  6906 1.9812e+07 1654 1056 2.6267e+07 1.9683e+07  25.1%  17.3 2207s
H10621  7051                    2.626705e+07 1.9683e+07  25.1%  17.9 2253s
 10904  7213 1.9825e+07 1782 1078 2.6267e+07 1.9683e+07  25.1%  18.3 2294s
 11066  7556 1.9826e+07 1801 1062 2.6267e+07 1.9683e+07  25.1%  18.9 2331s
 11409  7809 1.9836e+07 1879 1010 2.6267e+07 1.9683e+07  25.1%  19.4 2372s
 11662  8008 1.9834e+07 1951 1023 2.6267e+07 1.9683e+07  25.1%  19.9 2406s
 11861  8216 1.9839e+07 2019 1018 2.6267e+07 1.9683e+07  25.1%  20.7 2448s
 12069  8576 1.9842e+07 2071 1020 2.6267e+07 1.9683e+07  25.1%  21.0 2486s
 12429  8912 1.9854e+07 2150 1043 2.6267e+07 1.9683e+07  25.1%  21.5 2526s
 12765  9139 1.9859e+07 2234 1042 2.6267e+07 1.9683e+07  25.1%  22.2 2557s
 12992  9392 1.9862e+07 2287 1043 2.6267e+07 1.9683e+07  25.1%  22.5 2591s
 13245  9693 1.9868e+07 2343 1050 2.6267e+07 1.9683e+07  25.1%  23.0 2631s
 13546 10138 1.9879e+07 2407 1002 2.6267e+07 1.9683e+07  25.1%  23.1 2666s
 13991 10358 1.9891e+07 2517 1045 2.6267e+07 1.9683e+07  25.1%  23.3 2696s
 14211 10766 1.9898e+07 2575  995 2.6267e+07 1.9683e+07  25.1%  23.5 2743s
 14619 10768 1.9901e+07 2684  991 2.6267e+07 1.9683e+07  25.1%  23.3 2897s
 14621 10997 1.9925e+07 2684  981 2.6267e+07 1.9683e+07  25.1%  23.3 2925s
 14850 11215 1.9909e+07 2744  978 2.6267e+07 1.9683e+07  25.1%  23.6 2962s
 15068 11693 1.9908e+07 2799 1016 2.6267e+07 1.9683e+07  25.1%  23.7 3014s
 15546 12077 1.9922e+07 2914  998 2.6267e+07 1.9683e+07  25.1%  23.6 3072s
 15930 12370 1.9927e+07 3010 1035 2.6267e+07 1.9683e+07  25.1%  23.7 3122s
 16223 12773 1.9933e+07 3085  989 2.6267e+07 1.9683e+07  25.1%  23.9 3166s
 16626 13181 1.9943e+07 3182 1026 2.6267e+07 1.9683e+07  25.1%  24.1 3214s
 17034 13512 1.9957e+07 3282  979 2.6267e+07 1.9683e+07  25.1%  24.2 3262s
 17365 13848 1.9957e+07 3370 1001 2.6267e+07 1.9683e+07  25.1%  24.5 3304s
 17701 14218 1.9967e+07 3446 1034 2.6267e+07 1.9683e+07  25.1%  24.6 3351s
 18071 14607 1.9994e+07 3540  988 2.6267e+07 1.9683e+07  25.1%  24.5 3402s
 18460 14881 1.9992e+07 3631 1008 2.6267e+07 1.9683e+07  25.1%  24.5 3431s
 18734 15190 2.0008e+07 3697  967 2.6267e+07 1.9683e+07  25.1%  24.5 3467s
 19043 15544 2.0007e+07 3769  979 2.6267e+07 1.9683e+07  25.1%  24.7 3507s
 19397 15875 2.0018e+07 3852  963 2.6267e+07 1.9683e+07  25.1%  24.8 3550s
 19728 16266 2.0021e+07 3917  979 2.6267e+07 1.9683e+07  25.1%  25.0 3600s

Cutting planes:
  RLT: 840

Explored 20119 nodes (506336 simplex iterations) in 3601.99 seconds (1521.71 work units)
Thread count was 2 (of 24 available processors)

Solution count 10: 2.6267e+07 2.62675e+07 2.65019e+07 ... 2.68262e+07

Time limit reached
Best objective 2.626704532967e+07, best bound 1.968343960834e+07, gap 25.0641%
