
Gurobi 11.0.3 (linux64, Java) logging started sex 29 nov 2024 10:42:03 -03

Set parameter Username
Academic license - for non-commercial use only - expires 2025-10-10
Set parameter NonConvex to value 2
Set parameter TimeLimit to value 3600
Set parameter LogToConsole to value 0
Set parameter MIPGap to value 1.0305790061187408e-08
Set parameter Threads to value 2
Set parameter NodefileDir to value "/home/ps12398/experiment_epec/goalProgrammingMarcos/"
Set parameter NodefileStart to value 1
Gurobi Optimizer version 11.0.3 build v11.0.3rc0 (linux64)

CPU model: Intel(R) Xeon(R) CPU           X5650  @ 2.67GHz, instruction set [SSE2]
Thread count: 12 physical cores, 24 logical processors, using up to 2 threads

Optimize a model with 2177725 rows, 1457786 columns and 12057681 nonzeros
Model fingerprint: 0x7ec15ea6
Model has 858 quadratic constraints
Variable types: 728468 continuous, 729318 integer (853 binary)
Coefficient statistics:
  Matrix range     [1e-03, 1e+07]
  QMatrix range    [1e-03, 2e+05]
  QLMatrix range   [1e+00, 2e+05]
  Objective range  [1e+00, 2e+08]
  Bounds range     [1e+00, 1e+08]
  RHS range        [1e+00, 3e+07]
  QRHS range       [2e-01, 2e-01]
Presolve removed 1446935 rows and 718638 columns (presolve time = 5s) ...
Presolve removed 2174589 rows and 1452760 columns
Presolve time: 9.15s
Presolved: 6286 rows, 6024 columns, 1388951 nonzeros
Presolved model has 2 SOS constraint(s)
Presolved model has 853 bilinear constraint(s)

Solving non-convex MIQCP

Variable types: 2708 continuous, 3316 integer (855 binary)
Found heuristic solution: objective 2.576248e+07

Root simplex log...

Iteration    Objective       Primal Inf.    Dual Inf.      Time
       0    0.0000000e+00   5.782637e+04   0.000000e+00     14s
     123    7.5067195e-01   9.196771e+04   0.000000e+00     15s
     834    2.2577172e+06   0.000000e+00   0.000000e+00     19s

Root relaxation: objective 2.257717e+06, 834 iterations, 5.35 seconds (0.58 work units)

    Nodes    |    Current Node    |     Objective Bounds      |     Work
 Expl Unexpl |  Obj  Depth IntInf | Incumbent    BestBd   Gap | It/Node Time

     0     0 2257717.19    0  853 2.5762e+07 2257717.19  91.2%     -   18s
H    0     0                    8351620.0854 2257717.19  73.0%     -   19s
     0     0 2257717.19    0  852 8351620.09 2257717.19  73.0%     -   24s
     0     0 2257717.19    0  852 8351620.09 2257717.19  73.0%     -   28s
     0     0 2257717.19    0  852 8351620.09 2257717.19  73.0%     -   28s
     0     0 2257717.19    0  852 8351620.09 2257717.19  73.0%     -   29s
     0     0 2257717.19    0  852 8351620.09 2257717.19  73.0%     -   30s
     0     0 2257717.19    0  852 8351620.09 2257717.19  73.0%     -   31s
     0     0 2257717.19    0  852 8351620.09 2257717.19  73.0%     -   32s
H    0     0                    8264707.1941 2257717.19  72.7%     -   34s
     0     2 2257717.19    0  852 8264707.19 2257717.19  72.7%     -  492s
H    3     5                    8210061.8619 2257717.19  72.5%  64.0  496s
H   11    10                    4696657.8792 2257717.19  51.9%  26.7  503s
    13    13 2257717.19    4  852 4696657.88 2257717.19  51.9%  30.6  506s
    21    19 2257717.19    6  852 4696657.88 2257717.19  51.9%  29.1  511s
    29    24 2257717.19    8  852 4696657.88 2257717.19  51.9%  30.3  516s
    46    36 2267205.98   13  855 4696657.88 2257717.19  51.9%  32.0  521s
    57    40 2257717.19   15  852 4696657.88 2257717.19  51.9%  30.5  526s
    76    58 2257717.19   20  852 4696657.88 2257717.19  51.9%  31.1  531s
    86    64 2274693.42   23  855 4696657.88 2257717.19  51.9%  30.8  537s
   104    87 2257717.19   27  852 4696657.88 2257717.19  51.9%  27.3  545s
   120    97 2257717.19   31  852 4696657.88 2257717.19  51.9%  28.3  550s
   138   105 2280026.45   37  855 4696657.88 2257717.19  51.9%  33.9  555s
H  158   112                    4663934.7197 2257717.19  51.6%  35.9  559s
   168   123 2257717.19   44  852 4663934.72 2257717.19  51.6%  36.6  564s
   189   127 2274328.47   51  855 4663934.72 2257717.19  51.6%  40.3  568s
   195   141 2257717.19   52  852 4663934.72 2257717.19  51.6%  40.4  575s
   219   156 2257717.19   58  852 4663934.72 2257717.19  51.6%  39.9  582s
   248   163 2257717.19   65  852 4663934.72 2257717.19  51.6%  39.9  587s
   261   171 2257717.19   68  852 4663934.72 2257717.19  51.6%  40.2  593s
H  262   171                    4645305.4283 2257717.19  51.4%  40.0  593s
   277   179 2257717.19   70  852 4645305.43 2257717.19  51.4%  40.3  600s
   292   186 2257717.19   73  852 4645305.43 2257717.19  51.4%  39.9  607s
   307   199 2257717.19   74  852 4645305.43 2257717.19  51.4%  40.6  616s
H  322   199                    4645255.1500 2257717.19  51.4%  41.0  616s
   333   218 2257717.19   82  852 4645255.15 2257717.19  51.4%  40.9  623s
   370   225 2269348.61   92  855 4645255.15 2257717.19  51.4%  41.2  630s
   385   236 2257717.19   97  852 4645255.15 2257717.19  51.4%  43.1  638s
   407   252 2257717.19  103  852 4645255.15 2257717.19  51.4%  45.3  650s
H  422   252                    4626616.3019 2257717.19  51.2%  45.4  650s
   439   279 2257717.19  111  852 4626616.30 2257717.19  51.2%  46.3  662s
   492   304 2257717.19  124  852 4626616.30 2257717.19  51.2%  45.6  672s
   543   330 2257717.19  136  852 4626616.30 2257717.19  51.2%  44.4  684s
   592   356 2257717.19  147  852 4626616.30 2257717.19  51.2%  43.3  693s
   643   385 2257717.19  159  852 4626616.30 2257717.19  51.2%  42.8  703s
   695   409 2264451.17  172  855 4626616.30 2257717.19  51.2%  42.1  715s
   745   439 2257717.19  184  852 4626616.30 2257717.19  51.2%  41.4  728s
   805   459 2257717.19  197  852 4626616.30 2257717.19  51.2%  40.6  739s
   844   489 2257717.19  206  852 4626616.30 2257717.19  51.2%  40.1  751s
   902   524 2257717.19  218  852 4626616.30 2257717.19  51.2%  39.3  762s
   973   547 2257717.19  233  852 4626616.30 2257717.19  51.2%  38.5  776s
  1017   580 2257717.19  247  852 4626616.30 2257717.19  51.2%  38.5  793s
H 1028   580                    4624952.4760 2257717.19  51.2%  38.6  793s
  1081   623 2257717.19  257  852 4624952.48 2257717.19  51.2%  37.5  808s
  1166   649 2257717.19  274  852 4624952.48 2257717.19  51.2%  36.7  820s
  1211   691 2257717.19  284  852 4624952.48 2257717.19  51.2%  37.0  835s
  1294   723 2257717.19  302  852 4624952.48 2257717.19  51.2%  36.7  851s
H 1354   760                    4624740.0796 2257717.19  51.2%  36.8  866s
  1428   800 2262473.36  329  855 4624740.08 2257717.19  51.2%  36.4  886s
  1504   842 2257717.19  340  852 4624740.08 2257717.19  51.2%  35.8  903s
  1586   896 2257717.19  363  852 4624740.08 2257717.19  51.2%  36.2  918s
  1687   939 2257717.19  389  852 4624740.08 2257717.19  51.2%  36.3  943s
H 1739   939                    4608983.2875 2257717.19  51.0%  36.8  943s
  1774   993 2257717.19  415  852 4608983.29 2257717.19  51.0%  36.9  960s
H 1831   993                    4608866.0266 2257717.19  51.0%  37.4  960s
  1876  1057 2257717.19  444  853 4608866.03 2257717.19  51.0%  37.1  978s
  1973  1097 2257717.19  472  852 4608866.03 2257717.19  51.0%  38.0  997s
H 1986  1097                    4398441.5573 2257717.19  48.7%  38.0  997s
  2021  1161 2448381.20  484  869 4398441.56 2257717.19  48.7%  38.3 1012s
  2089  1238 2257717.19  496  852 4398441.56 2257717.19  48.7%  38.7 1033s
  2167  1351 2257717.19  510  852 4398441.56 2257717.19  48.7%  39.0 1054s
  2288  1450 2257717.19  537  854 4398441.56 2257717.19  48.7%  39.6 1071s
  2413  1587 2257717.19  570  853 4398441.56 2257717.19  48.7%  39.1 1091s
  2580  1793 2375079.50  610  869 4398441.56 2257717.19  48.7%  38.1 1117s
  2842  2110 2260907.02  687  861 4398441.56 2257717.19  48.7%  36.9 1154s
  3170  2485 2406299.81  764  860 4398441.56 2257717.19  48.7%  33.9 1196s
  3562  2739 2258052.08  842  851 4398441.56 2257717.19  48.7%  31.3 1232s
H 3580  2739                    4398237.5981 2257717.19  48.7%  31.4 1232s
H 3841  2739                    4264828.5962 2257717.19  47.1%  30.5 1248s
  3842  2740 2466576.96 1144  319 4264828.60 2257717.19  47.1%  30.5 1253s
  3844  2741 2466576.96 1520    0 4264828.60 2257717.19  47.1%  30.5 1260s
  3845  2742 2341886.22  765    0 4264828.60 2257717.19  47.1%  30.4 1266s
  3847  2743 2466576.96 1590    0 4264828.60 2257717.19  47.1%  30.4 1271s
  3849  2745 2466576.96 1018    0 4264828.60 2257717.19  47.1%  30.4 1276s
  3852  2747 2341979.85  175    0 4264828.60 2257717.19  47.1%  30.4 1286s
  3853  2750 2257717.19   13  848 4264828.60 2257717.19  47.1%  30.6 1291s
  3859  2754 2257717.19   15  848 4264828.60 2257717.19  47.1%  30.6 1296s
  3863  2757 2257717.19   16  848 4264828.60 2257717.19  47.1%  30.6 1302s
  3867  2758 2257717.19   17  848 4264828.60 2257717.19  47.1%  30.9 1306s
  3871  2760 2260554.15   18  883 4264828.60 2257717.19  47.1%  31.1 1313s
  3873  2765 2257717.19   18  848 4264828.60 2257717.19  47.1%  31.1 1324s
  3878  2766 2257717.19   20  850 4264828.60 2257717.19  47.1%  31.1 1339s
  3881  2772 2257717.19   21  849 4264828.60 2257717.19  47.1%  31.1 1350s
  3890  2779 2257717.19   23  849 4264828.60 2257717.19  47.1%  31.3 1375s
  3904  2789 2257717.19   26  848 4264828.60 2257717.19  47.1%  31.7 1418s
  3923  2809 2257717.19   31  847 4264828.60 2257717.19  47.1%  32.3 1477s
  3959  2830 2257717.19   40  847 4264828.60 2257717.19  47.1%  33.1 1546s
  4021  2849 2281177.83   56  861 4264828.60 2257717.19  47.1%  35.9 1644s
  4095  2871 2274316.20   76  860 4264828.60 2257717.19  47.1%  38.8 1732s
  4186  2897 2257717.19  102  835 4264828.60 2257717.19  47.1%  42.7 1825s
  4303  2920 2296771.05  138  861 4264828.60 2257717.19  47.1%  47.6 1963s
  4418  2941 2269701.75  170  862 4264828.60 2257717.19  47.1%  49.6 2072s
  4539  2965 2267904.69  202  862 4264828.60 2257717.19  47.1%  52.3 2203s
  4665  2989 2257717.19  234  824 4264828.60 2257717.19  47.1%  54.8 2328s
  4799  3019 2257717.19  265  823 4264828.60 2257717.19  47.1%  57.7 2490s
H 4875  2856                    4234989.4424 2257717.19  46.7%  57.3 2490s
H 4944  2765                    4122640.0791 2257717.19  45.2%  60.3 2627s
  5050  2800 2257717.19  331  822 4122640.08 2257717.19  45.2%  61.7 2802s
  5182  2822 2263445.91  370  860 4122640.08 2257717.19  45.2%  63.0 2973s
  5311  2859 2257717.19  404  822 4122640.08 2257717.19  45.2%  64.9 3178s
  5462  2891 2262059.06  439  860 4122640.08 2257717.19  45.2%  67.2 3317s
  5627  2923 2257717.19  474  822 4122640.08 2257717.19  45.2%  70.2 3520s
H 5703  2774                    4110574.0540 2257717.19  45.1%  69.7 3520s
  5802  2797 2257717.19  512  820 4110574.05 2257717.19  45.1%  73.1 3600s

Cutting planes:
  RLT: 487

Explored 5887 nodes (439492 simplex iterations) in 3600.56 seconds (1751.27 work units)
Thread count was 2 (of 24 available processors)

Solution count 10: 4.11057e+06 4.12264e+06 4.23499e+06 ... 4.62495e+06

Time limit reached
Best objective 4.110574054048e+06, best bound 2.257717186118e+06, gap 45.0754%
