
Gurobi 11.0.3 (linux64, Java) logging started qui 28 nov 2024 23:35:39 -03

Set parameter Username
Academic license - for non-commercial use only - expires 2025-10-10
Set parameter NonConvex to value 2
Set parameter TimeLimit to value 3600
Set parameter LogToConsole to value 0
Set parameter MIPGap to value 1.0305790061187408e-08
Set parameter Threads to value 2
Set parameter NodefileDir to value "/home/ps12398/experiment_epec/goalProgrammingMarcos/"
Set parameter NodefileStart to value 1
Gurobi Optimizer version 11.0.3 build v11.0.3rc0 (linux64)

CPU model: Intel(R) Xeon(R) CPU           X5650  @ 2.67GHz, instruction set [SSE2]
Thread count: 12 physical cores, 24 logical processors, using up to 2 threads

Optimize a model with 2177725 rows, 1457786 columns and 12057681 nonzeros
Model fingerprint: 0xc04e20ed
Model has 858 quadratic constraints
Variable types: 728468 continuous, 729318 integer (853 binary)
Coefficient statistics:
  Matrix range     [1e-03, 1e+07]
  QMatrix range    [1e-03, 2e+05]
  QLMatrix range   [1e+00, 2e+05]
  Objective range  [1e+00, 2e+08]
  Bounds range     [1e+00, 1e+08]
  RHS range        [1e+00, 2e+07]
  QRHS range       [3e-02, 3e-02]
Presolve removed 1446935 rows and 718638 columns (presolve time = 5s) ...
Presolve removed 2174589 rows and 1452760 columns
Presolve time: 8.36s
Presolved: 6286 rows, 6024 columns, 1388951 nonzeros
Presolved model has 2 SOS constraint(s)
Presolved model has 853 bilinear constraint(s)

Solving non-convex MIQCP

Variable types: 2708 continuous, 3316 integer (855 binary)
Found heuristic solution: objective 5.200500e+07

Root simplex log...

Iteration    Objective       Primal Inf.    Dual Inf.      Time
       0    1.8094668e+06   6.201612e+04   0.000000e+00     12s
    1680    1.4975404e+07   1.057910e+05   0.000000e+00     15s
    2007    1.6603244e+07   0.000000e+00   0.000000e+00     18s

Root relaxation: objective 1.660324e+07, 2007 iterations, 5.80 seconds (2.86 work units)
Total elapsed time = 17.69s (DegenMoves)

    Nodes    |    Current Node    |     Objective Bounds      |     Work
 Expl Unexpl |  Obj  Depth IntInf | Incumbent    BestBd   Gap | It/Node Time

     0     0 1.6603e+07    0 1396 5.2005e+07 1.6603e+07  68.1%     -   20s
     0     0 2.1114e+07    0 1392 5.2005e+07 2.1114e+07  59.4%     -   25s
     0     0 2.1147e+07    0 1393 5.2005e+07 2.1147e+07  59.3%     -   38s
     0     0 2.1150e+07    0 1391 5.2005e+07 2.1150e+07  59.3%     -   42s
     0     0 2.1151e+07    0 1391 5.2005e+07 2.1151e+07  59.3%     -   44s
     0     0 2.1151e+07    0 1391 5.2005e+07 2.1151e+07  59.3%     -   49s
H    0     0                    2.985497e+07 2.1151e+07  29.2%     -   51s
     0     2 2.1151e+07    0 1391 2.9855e+07 2.1151e+07  29.2%     -   59s
     1     4 2.1151e+07    1 1391 2.9855e+07 2.1151e+07  29.2%   6.0   60s
    15    20 2.1151e+07    8 1391 2.9855e+07 2.1151e+07  29.2%   1.3   65s
    26    29 2.1151e+07   14 1391 2.9855e+07 2.1151e+07  29.2%   1.2   72s
    28    31 2.1151e+07   15 1391 2.9855e+07 2.1151e+07  29.2%   1.2   89s
    30    60 2.1151e+07   16 1391 2.9855e+07 2.1151e+07  29.2%   1.2   95s
    59   130 2.1151e+07   32 1391 2.9855e+07 2.1151e+07  29.2%   1.1  109s
   129   251 2.1151e+07   69 1389 2.9855e+07 2.1151e+07  29.2%   1.0  139s
   250   393 2.1151e+07  126 1389 2.9855e+07 2.1151e+07  29.2%   1.0  168s
   392   523 2.1151e+07  188 1388 2.9855e+07 2.1151e+07  29.2%   1.0  193s
   522   677 2.1151e+07  264 1387 2.9855e+07 2.1151e+07  29.2%   1.0  217s
   676   760 2.1151e+07  336 1383 2.9855e+07 2.1151e+07  29.2%   1.0  241s
   759   878 2.1151e+07  385 1383 2.9855e+07 2.1151e+07  29.2%   1.0  273s
   877   999 2.1151e+07  444 1382 2.9855e+07 2.1151e+07  29.2%   1.0  299s
   998  1087 2.1151e+07  504 1382 2.9855e+07 2.1151e+07  29.2%   1.0  323s
H 1045  1087                    2.985443e+07 2.1151e+07  29.2%   1.0  323s
  1086  1196 2.1151e+07  549 1380 2.9854e+07 2.1151e+07  29.2%   1.0  358s
  1195  1340 2.1151e+07  604 1380 2.9854e+07 2.1151e+07  29.2%   1.0  392s
  1339  1493 2.1151e+07  676 1380 2.9854e+07 2.1151e+07  29.2%   1.0  430s
  1492  1547 2.1151e+07  753 1379 2.9854e+07 2.1151e+07  29.2%   1.0  463s
  1546  1714 2.1151e+07  768 1379 2.9854e+07 2.1151e+07  29.2%   1.0  519s
  1713  1911 2.1151e+07  853 1378 2.9854e+07 2.1151e+07  29.2%   1.0  573s
  1910  2071 2.1151e+07  938 1378 2.9854e+07 2.1151e+07  29.2%   1.0  601s
  2070  2092 2.1151e+07 1006 1375 2.9854e+07 2.1151e+07  29.2%   1.0  611s
  2091  2332 2.1151e+07 1026 1375 2.9854e+07 2.1151e+07  29.2%   1.0  646s
  2331  2514 2.1151e+07 1165 1372 2.9854e+07 2.1151e+07  29.2%   1.0  684s
  2513  2647 2.1151e+07 1257 1371 2.9854e+07 2.1151e+07  29.2%   1.0  736s
  2646  2844 2.1151e+07 1310 1371 2.9854e+07 2.1151e+07  29.2%   1.0  789s
  2843  3062 2.1151e+07 1408 1370 2.9854e+07 2.1151e+07  29.2%   1.0  831s
H 3061  3064                    2.976939e+07 2.1151e+07  29.0%   1.0  896s
H 3062  3064                    2.976158e+07 2.1151e+07  28.9%   1.0  896s
  3063  3255 2.1152e+07 1516 1367 2.9762e+07 2.1151e+07  28.9%   1.0  941s
H 3254  3542                    2.976158e+07 2.1151e+07  28.9%   1.0  997s
  3541  3863 2.1152e+07 1745 1365 2.9762e+07 2.1151e+07  28.9%   1.0 1055s
  3863  3864 2.1152e+07 1553  319 2.9762e+07 2.1151e+07  28.9%   1.0 1124s
  3864  3865 2.1151e+07  715  319 2.9762e+07 2.1151e+07  28.9%   1.0 1125s
  3865  3865 2.1151e+07   29  536 2.9762e+07 2.1151e+07  28.9%   1.0 1143s
H 3865  3671                    2.879620e+07 2.1640e+07  24.9%   1.0 1150s
  3866  3672 2.1640e+07  284  538 2.8796e+07 2.1640e+07  24.9%   1.0 1160s
  3868  3673 2.1650e+07 1760  537 2.8796e+07 2.1650e+07  24.8%   1.0 1170s
  3869  3674 2.1650e+07  400  537 2.8796e+07 2.1650e+07  24.8%   1.0 1175s
  3870  3675 2.1650e+07 1545  537 2.8796e+07 2.1650e+07  24.8%   1.0 1187s
  3874  3679 2.1650e+07  678  319 2.8796e+07 2.1650e+07  24.8%   1.7 1190s
  3875  3679 2.1650e+07 1251  534 2.8796e+07 2.1650e+07  24.8%   1.7 1209s
H 3875  3495                    2.864352e+07 2.1650e+07  24.4%   1.7 1221s
  3876  3496 2.1650e+07 1125  539 2.8644e+07 2.1650e+07  24.4%   1.7 1238s
  3877  3497 2.1650e+07  160  538 2.8644e+07 2.1650e+07  24.4%   1.7 1245s
  3878  3497 2.1653e+07  996  538 2.8644e+07 2.1653e+07  24.4%   1.7 1261s
  3879  3498 2.1653e+07  170  538 2.8644e+07 2.1653e+07  24.4%   1.7 1272s
  3884  3502 2.1653e+07 1211  533 2.8644e+07 2.1653e+07  24.4%   2.5 1287s
H 3884  3326                    2.864343e+07 2.1653e+07  24.4%   2.5 1293s
  3885  3327 2.1653e+07 1594  538 2.8643e+07 2.1653e+07  24.4%   2.5 1307s
  3886  3328 2.1653e+07 1280  537 2.8643e+07 2.1653e+07  24.4%   2.5 1311s
  3887  3328 2.1653e+07 1663  537 2.8643e+07 2.1653e+07  24.4%   2.5 1321s
  3888  3329 2.1653e+07 1447  537 2.8643e+07 2.1653e+07  24.4%   2.5 1335s
  3889  3330 2.1653e+07 1366  537 2.8643e+07 2.1653e+07  24.4%   2.5 1348s
  3890  3333 2.1654e+07   32 1389 2.8643e+07 2.1653e+07  24.4%   3.2 1368s
  3896  3337 2.1654e+07   34 1387 2.8643e+07 2.1653e+07  24.4%   3.2 1370s
  3910  3355 2.1654e+07   37 1384 2.8643e+07 2.1653e+07  24.4%   3.2 1375s
  3920  3353 2.1654e+07   40 1381 2.8643e+07 2.1653e+07  24.4%   3.2 1382s
  3922  3385 2.1654e+07   40 1381 2.8643e+07 2.1653e+07  24.4%   3.2 1388s
  3954  3443 2.1654e+07   49 1372 2.8643e+07 2.1653e+07  24.4%   3.2 1398s
  4023  3540 2.1655e+07   66 1355 2.8643e+07 2.1653e+07  24.4%   3.1 1421s
  4143  3551 2.1655e+07   97 1323 2.8643e+07 2.1653e+07  24.4%   3.1 1433s
  4194  3683 2.1655e+07  109 1311 2.8643e+07 2.1653e+07  24.4%   3.1 1453s
  4343  3785 2.1656e+07  147 1273 2.8643e+07 2.1653e+07  24.4%   3.0 1474s
  4495  3801 2.1656e+07  185 1235 2.8643e+07 2.1653e+07  24.4%   3.0 1494s
  4561  3884 2.1656e+07  202 1218 2.8643e+07 2.1653e+07  24.4%   3.0 1514s
  4666  4048 2.1657e+07  228 1192 2.8643e+07 2.1653e+07  24.4%   2.9 1536s
  4865  4168 2.1657e+07  279 1141 2.8643e+07 2.1653e+07  24.4%   2.9 1561s
  5052  4234 2.1657e+07  326 1094 2.8643e+07 2.1653e+07  24.4%   2.8 1578s
  5180  4286 2.1663e+07  355 1085 2.8643e+07 2.1653e+07  24.4%   3.2 1597s
  5275  4396 2.1664e+07  378 1062 2.8643e+07 2.1653e+07  24.4%   3.7 1623s
  5416  4522 2.1662e+07  410 1010 2.8643e+07 2.1653e+07  24.4%   4.4 1646s
  5589  4586 2.1667e+07  464 1062 2.8643e+07 2.1653e+07  24.4%   5.1 1673s
  5711  4693 2.1673e+07  487 1136 2.8643e+07 2.1653e+07  24.4%   5.4 1698s
  5859  4806 2.1687e+07  526 1085 2.8643e+07 2.1653e+07  24.4%   5.5 1722s
  6021  4822 2.1688e+07  569 1108 2.8643e+07 2.1653e+07  24.4%   6.1 1743s
  6091  4898 2.1685e+07  582 1069 2.8643e+07 2.1653e+07  24.4%   6.4 1762s
  6190  5025 2.1697e+07  622 1037 2.8643e+07 2.1653e+07  24.4%   6.9 1784s
  6350  5150 2.1703e+07  672 1028 2.8643e+07 2.1653e+07  24.4%   7.5 1819s
  6529  5341 2.1707e+07  742 1021 2.8643e+07 2.1653e+07  24.4%   8.0 1848s
  6779  5402 2.1712e+07  812 1035 2.8643e+07 2.1653e+07  24.4%   8.4 1875s
H 6794  5231                    2.843356e+07 2.1653e+07  23.8%   8.5 1876s
  6924  5350 2.1715e+07  854 1055 2.8434e+07 2.1653e+07  23.8%   9.0 1903s
  7086  5551 2.1720e+07  890 1022 2.8434e+07 2.1653e+07  23.8%   9.3 1941s
  7341  5671 2.1724e+07  955 1040 2.8434e+07 2.1653e+07  23.8%   9.7 1980s
  7546  5924 2.1728e+07 1010 1044 2.8434e+07 2.1653e+07  23.8%  10.0 2016s
  7867  6026 2.1743e+07 1095 1014 2.8434e+07 2.1653e+07  23.8%  10.5 2055s
  8076  6207 2.1745e+07 1148 1002 2.8434e+07 2.1653e+07  23.8%  10.9 2096s
  8327  6460 2.1750e+07 1206 1030 2.8434e+07 2.1653e+07  23.8%  11.5 2127s
  8664  6710 2.1760e+07 1288 1006 2.8434e+07 2.1653e+07  23.8%  11.8 2167s
  9026  6912 2.1768e+07 1375 1033 2.8434e+07 2.1653e+07  23.8%  12.2 2214s
H 9306  6660                    2.839168e+07 2.1653e+07  23.7%  12.4 2214s
  9349  6957 2.1774e+07 1467 1008 2.8392e+07 2.1653e+07  23.7%  12.4 2258s
  9660  7171 2.1779e+07 1542 1005 2.8392e+07 2.1653e+07  23.7%  12.7 2296s
  9978  7456 2.1784e+07 1620 1026 2.8392e+07 2.1653e+07  23.7%  13.0 2338s
H10092  7268                    2.839148e+07 2.1653e+07  23.7%  13.0 2339s
H10355  7037                    2.837960e+07 2.1653e+07  23.7%  13.1 2339s
 10369  7294 2.1790e+07 1703 1026 2.8380e+07 2.1653e+07  23.7%  13.2 2377s
 10630  7593 2.1793e+07 1767 1003 2.8380e+07 2.1653e+07  23.7%  13.7 2427s
 11016  7765 2.1807e+07 1863  986 2.8380e+07 2.1653e+07  23.7%  14.0 2466s
 11317  8031 2.1814e+07 1930 1007 2.8380e+07 2.1653e+07  23.7%  14.4 2507s
 11683  8195 2.1814e+07 2017  986 2.8380e+07 2.1653e+07  23.7%  14.9 2549s
H11838  8081                    2.837060e+07 2.1653e+07  23.7%  15.0 2549s
 11969  8465 2.1825e+07 2099  976 2.8371e+07 2.1653e+07  23.7%  15.1 2590s
 12353  8834 2.1835e+07 2213  998 2.8371e+07 2.1653e+07  23.7%  15.5 2637s
 12722  9100 2.1839e+07 2308  996 2.8371e+07 2.1653e+07  23.7%  15.9 2673s
 12988  9416 2.1848e+07 2375  974 2.8371e+07 2.1653e+07  23.7%  16.2 2715s
H13002  9416                    2.833586e+07 2.1653e+07  23.6%  16.3 2715s
 13304  9868 2.1851e+07 2454  974 2.8336e+07 2.1653e+07  23.6%  16.5 2758s
 13756 10174 2.1861e+07 2576  992 2.8336e+07 2.1653e+07  23.6%  16.6 2796s
 14062 10588 2.1874e+07 2633 1025 2.8336e+07 2.1653e+07  23.6%  16.9 2838s
 14476 10778 2.1880e+07 2729  979 2.8336e+07 2.1653e+07  23.6%  17.2 2996s
 14666 10987 2.1894e+07 2777  969 2.8336e+07 2.1653e+07  23.6%  17.5 3029s
 14875 11265 2.1890e+07 2823  999 2.8336e+07 2.1653e+07  23.6%  17.8 3069s
H14955 11265                    2.828257e+07 2.1653e+07  23.4%  17.8 3070s
H15110 11265                    2.828088e+07 2.1653e+07  23.4%  18.0 3070s
 15153 11622 2.1902e+07 2900  995 2.8281e+07 2.1653e+07  23.4%  18.0 3110s
 15510 12078 2.1907e+07 2979  991 2.8281e+07 2.1653e+07  23.4%  18.3 3158s
 15966 12458 2.1926e+07 3096 1009 2.8281e+07 2.1653e+07  23.4%  18.5 3210s
H16346 12750                    2.827241e+07 2.1653e+07  23.4%  18.9 3249s
 16638 13050 2.1929e+07 3244  978 2.8272e+07 2.1653e+07  23.4%  19.0 3287s
 16938 13307 2.1936e+07 3293 1027 2.8272e+07 2.1653e+07  23.4%  19.2 3325s
 17195 13705 2.1939e+07 3357  981 2.8272e+07 2.1653e+07  23.4%  19.5 3364s
 17593 14131 2.1953e+07 3464  949 2.8272e+07 2.1653e+07  23.4%  19.5 3410s
 18019 14454 2.1961e+07 3583 1015 2.8272e+07 2.1653e+07  23.4%  19.5 3456s
 18342 14781 2.1965e+07 3648  991 2.8272e+07 2.1653e+07  23.4%  19.7 3493s
 18669 14950 2.1969e+07 3734  987 2.8272e+07 2.1653e+07  23.4%  19.9 3526s
 18838 15303 2.1974e+07 3782 1005 2.8272e+07 2.1653e+07  23.4%  20.0 3561s
 19191 15619 2.1977e+07 3859  953 2.8272e+07 2.1653e+07  23.4%  20.2 3600s

Cutting planes:
  RLT: 841

Explored 19507 nodes (400421 simplex iterations) in 3606.97 seconds (1484.30 work units)
Thread count was 2 (of 24 available processors)

Solution count 10: 2.82724e+07 2.82809e+07 2.82826e+07 ... 2.86434e+07

Time limit reached
Best objective 2.827240717017e+07, best bound 2.165342347739e+07, gap 23.4115%
