
Gurobi 11.0.3 (linux64, Java) logging started sex 29 nov 2024 20:59:57 -03

Set parameter Username
Academic license - for non-commercial use only - expires 2025-10-10
Set parameter NonConvex to value 2
Set parameter TimeLimit to value 3600
Set parameter LogToConsole to value 0
Set parameter MIPGap to value 1.0305790061187408e-08
Set parameter Threads to value 2
Set parameter NodefileDir to value "/home/ps12398/experiment_epec/goalProgrammingMarcos/"
Set parameter NodefileStart to value 1
Gurobi Optimizer version 11.0.3 build v11.0.3rc0 (linux64)

CPU model: Intel(R) Xeon(R) CPU           X5650  @ 2.67GHz, instruction set [SSE2]
Thread count: 12 physical cores, 24 logical processors, using up to 2 threads

Optimize a model with 2177725 rows, 1457786 columns and 12057681 nonzeros
Model fingerprint: 0x3082ea14
Model has 858 quadratic constraints
Variable types: 728468 continuous, 729318 integer (853 binary)
Coefficient statistics:
  Matrix range     [1e-03, 1e+07]
  QMatrix range    [1e-03, 2e+05]
  QLMatrix range   [1e+00, 2e+05]
  Objective range  [1e+00, 2e+08]
  Bounds range     [1e+00, 1e+08]
  RHS range        [1e+00, 3e+06]
  QRHS range       [1e-02, 1e-02]
Presolve removed 1 rows and 2 columns (presolve time = 6s) ...
Presolve removed 2167387 rows and 1445394 columns (presolve time = 10s) ...
Presolve removed 2174589 rows and 1452760 columns
Presolve time: 13.79s
Presolved: 6286 rows, 6024 columns, 1388951 nonzeros
Presolved model has 2 SOS constraint(s)
Presolved model has 853 bilinear constraint(s)

Solving non-convex MIQCP

Variable types: 2708 continuous, 3316 integer (855 binary)
Found heuristic solution: objective 4.395880e+07

Root simplex log...

Iteration    Objective       Primal Inf.    Dual Inf.      Time
       0    7.8670009e+04   4.134160e+04   0.000000e+00     18s
    1499    1.5353398e+07   8.402233e+03   0.000000e+00     20s
    1606    1.5400947e+07   0.000000e+00   0.000000e+00     21s

Root relaxation: objective 1.540095e+07, 1606 iterations, 2.93 seconds (2.43 work units)
Total elapsed time = 20.62s (DegenMoves)

    Nodes    |    Current Node    |     Objective Bounds      |     Work
 Expl Unexpl |  Obj  Depth IntInf | Incumbent    BestBd   Gap | It/Node Time

     0     0 1.5401e+07    0 1394 4.3959e+07 1.5401e+07  65.0%     -   21s
     0     0 2.0360e+07    0 1389 4.3959e+07 2.0360e+07  53.7%     -   26s
     0     0 2.0390e+07    0 1389 4.3959e+07 2.0390e+07  53.6%     -   40s
     0     0 2.0391e+07    0 1389 4.3959e+07 2.0391e+07  53.6%     -   46s
     0     0 2.0391e+07    0 1390 4.3959e+07 2.0391e+07  53.6%     -   46s
     0     0 2.0392e+07    0 1389 4.3959e+07 2.0392e+07  53.6%     -   47s
     0     0 2.0392e+07    0 1389 4.3959e+07 2.0392e+07  53.6%     -   51s
H    0     0                    2.917025e+07 2.0392e+07  30.1%     -   53s
     0     2 2.0392e+07    0 1389 2.9170e+07 2.0392e+07  30.1%     -   60s
    17    24 2.0393e+07    7 1384 2.9170e+07 2.0392e+07  30.1%   2.2   66s
    23    32 2.0393e+07   10 1381 2.9170e+07 2.0392e+07  30.1%   1.9   72s
    31    74 2.0393e+07   14 1377 2.9170e+07 2.0392e+07  30.1%   1.6   78s
    73   120 2.0393e+07   29 1375 2.9170e+07 2.0392e+07  30.1%   1.4   94s
   119   357 2.0393e+07   46 1375 2.9170e+07 2.0392e+07  30.1%   1.3  122s
   356   497 2.0393e+07  151 1375 2.9170e+07 2.0392e+07  30.1%   1.1  141s
   496   635 2.0393e+07  219 1373 2.9170e+07 2.0392e+07  30.1%   1.1  162s
   634   755 2.0393e+07  288 1373 2.9170e+07 2.0392e+07  30.1%   1.1  183s
H  753   755                    2.917025e+07 2.0392e+07  30.1%   1.0  183s
   754   793 2.0393e+07  348 1373 2.9170e+07 2.0392e+07  30.1%   1.0  197s
H  781   793                    2.908874e+07 2.0392e+07  29.9%   1.0  197s
   792   950 2.0393e+07  375 1373 2.9089e+07 2.0392e+07  29.9%   1.0  218s
   949  1130 2.0393e+07  453 1373 2.9089e+07 2.0392e+07  29.9%   1.0  244s
  1129  1281 2.0393e+07  548 1370 2.9089e+07 2.0392e+07  29.9%   1.0  269s
  1280  1357 2.0393e+07  621 1370 2.9089e+07 2.0392e+07  29.9%   1.0  292s
  1356  1488 2.0393e+07  622 1370 2.9089e+07 2.0392e+07  29.9%   1.0  320s
  1487  1723 2.0393e+07  689 1370 2.9089e+07 2.0392e+07  29.9%   1.0  348s
  1722  1983 2.0393e+07  809 1367 2.9089e+07 2.0392e+07  29.9%   1.0  386s
H 1982  2135                    2.904340e+07 2.0392e+07  29.8%   1.0  418s
  2134  2290 2.0393e+07  987 1363 2.9043e+07 2.0392e+07  29.8%   1.0  448s
  2289  2485 2.0393e+07 1075 1363 2.9043e+07 2.0392e+07  29.8%   1.0  474s
  2484  2719 2.0394e+07 1177 1349 2.9043e+07 2.0392e+07  29.8%   1.0  498s
  2718  2968 2.0394e+07 1287 1349 2.9043e+07 2.0392e+07  29.8%   1.0  524s
  2967  3090 2.0394e+07 1404 1349 2.9043e+07 2.0392e+07  29.8%   1.0  548s
H 3089  3267                    2.889299e+07 2.0392e+07  29.4%   1.0  575s
  3266  3488 2.0394e+07 1527 1349 2.8893e+07 2.0392e+07  29.4%   1.0  608s
  3487  3733 2.0394e+07 1625 1333 2.8893e+07 2.0392e+07  29.4%   1.0  641s
  3733  3734 2.0394e+07 1174  600 2.8893e+07 2.0392e+07  29.4%   1.0  693s
  3734  3735 2.0393e+07 1238  600 2.8893e+07 2.0392e+07  29.4%   1.0  695s
  3735  3735 2.0393e+07 1123  536 2.8893e+07 2.0392e+07  29.4%   1.0  720s
H 3735  3548                    2.802879e+07 2.0662e+07  26.3%   1.0  729s
  3736  3549 2.0662e+07  280  540 2.8029e+07 2.0662e+07  26.3%   1.0  740s
  3737  3550 2.0663e+07 1394  540 2.8029e+07 2.0663e+07  26.3%   1.0  745s
  3738  3550 2.0671e+07 1303  541 2.8029e+07 2.0671e+07  26.3%   1.0  752s
  3739  3551 2.0671e+07 1612  542 2.8029e+07 2.0671e+07  26.2%   1.0  759s
  3740  3552 2.0671e+07 1784  543 2.8029e+07 2.0671e+07  26.2%   1.0  766s
  3741  3552 2.0672e+07  166  544 2.8029e+07 2.0672e+07  26.2%   1.0  772s
  3742  3553 2.0672e+07  803  545 2.8029e+07 2.0672e+07  26.2%   1.0  778s
  3743  3554 2.0672e+07 1346  546 2.8029e+07 2.0672e+07  26.2%   1.0  782s
  3744  3554 2.0672e+07 1801  547 2.8029e+07 2.0672e+07  26.2%   1.0  785s
  3748  3558 2.0672e+07 1234  600 2.8029e+07 2.0672e+07  26.2%   1.8  796s
  3750  3559 2.0672e+07   58  535 2.8029e+07 2.0672e+07  26.2%   1.8  819s
H 3750  3381                    2.776363e+07 2.0672e+07  25.5%   1.8  826s
  3751  3382 2.0672e+07  240  540 2.7764e+07 2.0672e+07  25.5%   1.8  837s
  3752  3383 2.0672e+07  643  541 2.7764e+07 2.0672e+07  25.5%   1.8  842s
  3753  3383 2.0672e+07 1471  542 2.7764e+07 2.0672e+07  25.5%   1.8  849s
  3754  3384 2.0672e+07  872  543 2.7764e+07 2.0672e+07  25.5%   1.8  857s
  3755  3385 2.0672e+07 1135  544 2.7764e+07 2.0672e+07  25.5%   1.8  865s
  3756  3385 2.0672e+07 1025  545 2.7764e+07 2.0672e+07  25.5%   1.8  872s
H 3756  3215                    2.755380e+07 2.0672e+07  25.0%   1.8  880s
  3758  3217 2.0672e+07 1358  548 2.7554e+07 2.0672e+07  25.0%   1.8  885s
  3760  3218 2.0672e+07  542  549 2.7554e+07 2.0672e+07  25.0%   1.8  891s
  3761  3219 2.0672e+07  480  549 2.7554e+07 2.0672e+07  25.0%   1.8  913s
  3763  3223 2.0673e+07   27 1401 2.7554e+07 2.0672e+07  25.0%   2.6  929s
  3765  3224 2.0673e+07   28 1400 2.7554e+07 2.0672e+07  25.0%   2.6  930s
  3777  3232 2.0673e+07   31 1397 2.7554e+07 2.0672e+07  25.0%   2.6  935s
  3783  3243 2.0673e+07   32 1396 2.7554e+07 2.0672e+07  25.0%   2.6  941s
  3792  3242 2.0673e+07   35 1393 2.7554e+07 2.0672e+07  25.0%   2.6  952s
  3794  3269 2.0673e+07   35 1393 2.7554e+07 2.0672e+07  25.0%   2.6  963s
  3821  3270 2.0673e+07   42 1388 2.7554e+07 2.0672e+07  25.0%   2.6 1028s
  3831  3345 2.0673e+07   47 1384 2.7554e+07 2.0672e+07  25.0%   2.6 1065s
  3910  3437 2.0673e+07   68 1366 2.7554e+07 2.0672e+07  25.0%   2.7 1120s
  4028  3641 2.0673e+07   98 1338 2.7554e+07 2.0672e+07  25.0%   2.8 1198s
  4271  3793 2.0674e+07  156 1295 2.7554e+07 2.0672e+07  25.0%   2.9 1244s
H 4388  3593                    2.754992e+07 2.0672e+07  25.0%   2.9 1244s
  4504  3780 2.0674e+07  214 1246 2.7550e+07 2.0672e+07  25.0%   2.8 1297s
  4730  3944 2.0674e+07  272 1199 2.7550e+07 2.0672e+07  25.0%   2.9 1342s
  4969  4045 2.0675e+07  333 1152 2.7550e+07 2.0672e+07  25.0%   2.9 1381s
  5150  4288 2.0675e+07  377 1116 2.7550e+07 2.0672e+07  25.0%   2.8 1427s
  5453  4451 2.0675e+07  453 1116 2.7550e+07 2.0672e+07  25.0%   2.7 1463s
  5717  4629 2.0676e+07  518 1109 2.7550e+07 2.0672e+07  25.0%   2.7 1506s
  5983  4821 2.0676e+07  586 1109 2.7550e+07 2.0672e+07  25.0%   2.6 1557s
  6264  5015 2.0676e+07  658 1106 2.7550e+07 2.0672e+07  25.0%   2.6 1600s
  6552  5189 2.0677e+07  733 1105 2.7550e+07 2.0672e+07  25.0%   2.5 1644s
  6822  5402 2.0677e+07  800 1091 2.7550e+07 2.0672e+07  25.0%   2.5 1700s
  7125  5636 2.0678e+07  879 1076 2.7550e+07 2.0672e+07  25.0%   2.5 1759s
  7460  5859 2.0678e+07  964 1067 2.7550e+07 2.0672e+07  25.0%   2.5 1807s
  7794  6081 2.0678e+07 1044 1059 2.7550e+07 2.0672e+07  25.0%   2.5 1857s
  8128  6329 2.0678e+07 1123 1056 2.7550e+07 2.0672e+07  25.0%   2.5 1925s
  8487  6593 2.0678e+07 1211 1050 2.7550e+07 2.0672e+07  25.0%   2.5 1994s
  8871  6863 2.0679e+07 1308 1045 2.7550e+07 2.0672e+07  25.0%   2.4 2067s
  9269  7108 2.0679e+07 1408 1042 2.7550e+07 2.0672e+07  25.0%   2.4 2116s
  9646  7379 2.0679e+07 1502 1042 2.7550e+07 2.0672e+07  25.0%   2.3 2184s
 10043  7628 2.0679e+07 1601 1043 2.7550e+07 2.0672e+07  25.0%   2.3 2248s
H10279  7396                    2.754699e+07 2.0672e+07  25.0%   2.2 2248s
 10424  7730 2.0680e+07 1694 1040 2.7547e+07 2.0672e+07  25.0%   2.2 2310s
 10806  7971 2.0680e+07 1789 1041 2.7547e+07 2.0672e+07  25.0%   2.2 2376s
 11175  8221 2.0680e+07 1880 1040 2.7547e+07 2.0672e+07  25.0%   2.1 2428s
H11440  7987                    2.754363e+07 2.0672e+07  24.9%   2.1 2429s
 11548  8328 2.0681e+07 1972 1033 2.7544e+07 2.0672e+07  24.9%   2.1 2489s
 11925  8592 2.0681e+07 2069 1023 2.7544e+07 2.0672e+07  24.9%   2.1 2551s
 12315  8922 2.0681e+07 2168 1022 2.7544e+07 2.0672e+07  24.9%   2.1 2615s
H12683  9251                    2.754294e+07 2.0672e+07  24.9%   2.1 2678s
H12850  9251                    2.754221e+07 2.0672e+07  24.9%   2.1 2678s
 13012  9631 2.0681e+07 2343 1019 2.7542e+07 2.0672e+07  24.9%   2.0 2748s
 13392  9994 2.0682e+07 2436 1013 2.7542e+07 2.0672e+07  24.9%   2.0 2795s
 13755 10377 2.0682e+07 2529 1010 2.7542e+07 2.0672e+07  24.9%   2.0 2861s
 14138 10758 2.0682e+07 2629 1010 2.7542e+07 2.0672e+07  24.9%   2.0 2904s
H14320 10758                    2.754221e+07 2.0672e+07  24.9%   2.0 2904s
 14519 10836 2.0682e+07 2720 1010 2.7542e+07 2.0672e+07  24.9%   2.0 2943s
 14597 11152 2.0682e+07 2739 1010 2.7542e+07 2.0672e+07  24.9%   2.0 3002s
 14913 11564 2.0683e+07 2818 1009 2.7542e+07 2.0672e+07  24.9%   2.0 3058s
 15325 11860 2.0683e+07 2920 1009 2.7542e+07 2.0672e+07  24.9%   2.0 3116s
H15516 11860                    2.754217e+07 2.0672e+07  24.9%   1.9 3116s
 15621 12170 2.0683e+07 3016 1010 2.7542e+07 2.0672e+07  24.9%   2.0 3179s
 15931 12475 2.0684e+07 3116 1009 2.7542e+07 2.0672e+07  24.9%   1.9 3221s
 16236 12788 2.0684e+07 3215 1009 2.7542e+07 2.0672e+07  24.9%   1.9 3272s
 16549 13083 2.0684e+07 3316 1008 2.7542e+07 2.0672e+07  24.9%   1.9 3339s
 16844 13396 2.0684e+07 3412 1008 2.7542e+07 2.0672e+07  24.9%   1.9 3387s
 17157 13702 2.0685e+07 3514 1009 2.7542e+07 2.0672e+07  24.9%   1.9 3438s
 17463 14004 2.0685e+07 3613 1009 2.7542e+07 2.0672e+07  24.9%   1.9 3495s
 17765 14258 2.0685e+07 3711 1008 2.7542e+07 2.0672e+07  24.9%   1.9 3540s
H17995 14258                    2.754200e+07 2.0672e+07  24.9%   1.9 3541s
 18019 14561 2.0685e+07 3790 1008 2.7542e+07 2.0672e+07  24.9%   1.9 3590s
 18322 14590 2.0685e+07 3890 1008 2.7542e+07 2.0672e+07  24.9%   1.9 3600s

Cutting planes:
  Gomory: 1
  RLT: 846

Explored 18351 nodes (37473 simplex iterations) in 3601.46 seconds (1128.28 work units)
Thread count was 2 (of 24 available processors)

Solution count 10: 2.7542e+07 2.75422e+07 2.75422e+07 ... 2.80288e+07

Time limit reached
Best objective 2.754199731661e+07, best bound 2.067236193573e+07, gap 24.9424%
