
Gurobi 11.0.3 (linux64, Java) logging started sex 29 nov 2024 03:38:23 -03

Set parameter Username
Academic license - for non-commercial use only - expires 2025-10-10
Set parameter NonConvex to value 2
Set parameter TimeLimit to value 3600
Set parameter LogToConsole to value 0
Set parameter MIPGap to value 1.0305790061187408e-08
Set parameter Threads to value 2
Set parameter NodefileDir to value "/home/ps12398/experiment_epec/goalProgrammingMarcos/"
Set parameter NodefileStart to value 1
Gurobi Optimizer version 11.0.3 build v11.0.3rc0 (linux64)

CPU model: Intel(R) Xeon(R) CPU           X5650  @ 2.67GHz, instruction set [SSE2]
Thread count: 12 physical cores, 24 logical processors, using up to 2 threads

Optimize a model with 2177725 rows, 1457786 columns and 12057681 nonzeros
Model fingerprint: 0x443d161c
Model has 858 quadratic constraints
Variable types: 728468 continuous, 729318 integer (853 binary)
Coefficient statistics:
  Matrix range     [1e-03, 1e+07]
  QMatrix range    [1e-03, 2e+05]
  QLMatrix range   [1e+00, 2e+05]
  Objective range  [1e+00, 2e+08]
  Bounds range     [1e+00, 1e+08]
  RHS range        [1e+00, 3e+06]
Presolve removed 1448568 rows and 720271 columns (presolve time = 5s) ...
Presolve removed 2174589 rows and 1452760 columns
Presolve time: 7.35s
Presolved: 6286 rows, 6024 columns, 1388951 nonzeros
Presolved model has 2 SOS constraint(s)
Presolved model has 853 bilinear constraint(s)

Solving non-convex MIQCP

Variable types: 2708 continuous, 3316 integer (855 binary)
Found heuristic solution: objective 5.371539e+07

Root simplex log...

Iteration    Objective       Primal Inf.    Dual Inf.      Time
       0    2.4745424e+06   5.782623e+04   0.000000e+00     10s
    1620    2.5157536e+07   0.000000e+00   0.000000e+00     13s

Root relaxation: objective 2.515754e+07, 1620 iterations, 2.39 seconds (2.42 work units)
Total elapsed time = 12.72s (DegenMoves)

    Nodes    |    Current Node    |     Objective Bounds      |     Work
 Expl Unexpl |  Obj  Depth IntInf | Incumbent    BestBd   Gap | It/Node Time

     0     0 2.5158e+07    0 1394 5.3715e+07 2.5158e+07  53.2%     -   13s
H    0     0                    5.262193e+07 2.5158e+07  52.2%     -   14s
     0     0 3.0116e+07    0 1389 5.2622e+07 3.0116e+07  42.8%     -   21s
H    0     0                    4.029597e+07 3.0116e+07  25.3%     -   23s
     0     0 3.0146e+07    0 1389 4.0296e+07 3.0146e+07  25.2%     -   37s
     0     0 3.0148e+07    0 1389 4.0296e+07 3.0148e+07  25.2%     -   44s
H    0     0                    3.899694e+07 3.0148e+07  22.7%     -   46s
     0     0 3.0148e+07    0 1390 3.8997e+07 3.0148e+07  22.7%     -   46s
     0     0 3.0149e+07    0 1389 3.8997e+07 3.0149e+07  22.7%     -   47s
     0     0 3.0149e+07    0 1389 3.8997e+07 3.0149e+07  22.7%     -   52s
     0     2 3.0149e+07    0 1389 3.8997e+07 3.0149e+07  22.7%     -   57s
     7    10 3.0149e+07    3 1388 3.8997e+07 3.0149e+07  22.7%   3.4   60s
    23    32 3.0149e+07   10 1381 3.8997e+07 3.0149e+07  22.7%   1.9   71s
    31    74 3.0149e+07   14 1377 3.8997e+07 3.0149e+07  22.7%   1.6   80s
    73   143 3.0149e+07   29 1375 3.8997e+07 3.0149e+07  22.7%   1.4   96s
   142   367 3.0149e+07   52 1375 3.8997e+07 3.0149e+07  22.7%   1.2  130s
   366   507 3.0149e+07  151 1375 3.8997e+07 3.0149e+07  22.7%   1.1  153s
   506   635 3.0150e+07  219 1373 3.8997e+07 3.0149e+07  22.7%   1.1  175s
H  510   635                    3.887536e+07 3.0149e+07  22.4%   1.1  175s
   634   690 3.0150e+07  283 1373 3.8875e+07 3.0149e+07  22.4%   1.1  194s
H  650   690                    3.887535e+07 3.0149e+07  22.4%   1.1  194s
   689   834 3.0150e+07  299 1373 3.8875e+07 3.0149e+07  22.4%   1.0  215s
   833   990 3.0150e+07  371 1373 3.8875e+07 3.0149e+07  22.4%   1.0  240s
   989  1079 3.0150e+07  449 1373 3.8875e+07 3.0149e+07  22.4%   1.0  261s
  1078  1284 3.0150e+07  493 1372 3.8875e+07 3.0149e+07  22.4%   1.0  292s
H 1168  1284                    3.886295e+07 3.0149e+07  22.4%   1.0  292s
H 1270  1284                    3.886246e+07 3.0149e+07  22.4%   1.0  293s
  1283  1503 3.0150e+07  595 1370 3.8862e+07 3.0149e+07  22.4%   1.0  332s
  1502  1599 3.0150e+07  705 1369 3.8862e+07 3.0149e+07  22.4%   1.0  358s
  1598  1768 3.0150e+07  753 1367 3.8862e+07 3.0149e+07  22.4%   1.0  392s
  1767  2003 3.0150e+07  838 1367 3.8862e+07 3.0149e+07  22.4%   1.0  428s
  2002  2202 3.0150e+07  952 1363 3.8862e+07 3.0149e+07  22.4%   1.0  456s
  2201  2426 3.0150e+07 1053 1363 3.8862e+07 3.0149e+07  22.4%   1.0  490s
  2425  2575 3.0150e+07 1160 1348 3.8862e+07 3.0149e+07  22.4%   1.0  515s
  2574  2712 3.0150e+07 1258 1330 3.8862e+07 3.0149e+07  22.4%   1.0  540s
  2711  2948 3.0150e+07 1330 1330 3.8862e+07 3.0149e+07  22.4%   1.0  572s
H 2947  3116                    3.886219e+07 3.0149e+07  22.4%   1.0  599s
  3115  3274 3.0151e+07 1490 1328 3.8862e+07 3.0149e+07  22.4%   1.0  628s
  3273  3484 3.0151e+07 1537 1329 3.8862e+07 3.0149e+07  22.4%   1.0  663s
  3483  3738 3.0151e+07 1599 1329 3.8862e+07 3.0149e+07  22.4%   1.0  711s
  3738  3739 3.0150e+07  706  600 3.8862e+07 3.0149e+07  22.4%   1.0  744s
  3739  3740 3.0150e+07  631  600 3.8862e+07 3.0149e+07  22.4%   1.0  745s
  3740  3740 3.0149e+07  279  536 3.8862e+07 3.0149e+07  22.4%   1.0  758s
H 3740  3552                    3.778364e+07 3.0419e+07  19.5%   1.0  768s
  3741  3553 3.0419e+07 1397  540 3.7784e+07 3.0419e+07  19.5%   1.0  784s
  3742  3554 3.0419e+07  787  540 3.7784e+07 3.0419e+07  19.5%   1.0  789s
H 3742  3377                    3.755419e+07 3.0427e+07  19.0%   1.0  795s
  3743  3377 3.0427e+07 1380  540 3.7554e+07 3.0427e+07  19.0%   1.0  800s
  3744  3378 3.0428e+07  742  541 3.7554e+07 3.0428e+07  19.0%   1.0  807s
  3745  3379 3.0428e+07  420  543 3.7554e+07 3.0428e+07  19.0%   1.0  813s
  3746  3379 3.0428e+07  350  544 3.7554e+07 3.0428e+07  19.0%   1.0  819s
  3747  3380 3.0428e+07 1326  545 3.7554e+07 3.0428e+07  19.0%   1.0  826s
  3748  3381 3.0428e+07  689  546 3.7554e+07 3.0428e+07  19.0%   1.0  830s
  3750  3382 3.0428e+07  710  548 3.7554e+07 3.0428e+07  19.0%   1.0  837s
  3754  3386 3.0428e+07  739  600 3.7554e+07 3.0428e+07  19.0%   1.8  848s
  3756  3387 3.0428e+07 1346  535 3.7554e+07 3.0428e+07  19.0%   1.8  874s
H 3756  3217                    3.752021e+07 3.0428e+07  18.9%   1.8  886s
  3757  3218 3.0428e+07 1551  540 3.7520e+07 3.0428e+07  18.9%   1.8  899s
  3758  3219 3.0428e+07 1793  540 3.7520e+07 3.0428e+07  18.9%   1.8  906s
  3759  3219 3.0429e+07  729  541 3.7520e+07 3.0429e+07  18.9%   1.8  912s
  3760  3220 3.0429e+07  524  543 3.7520e+07 3.0429e+07  18.9%   1.8  920s
  3761  3221 3.0429e+07  750  544 3.7520e+07 3.0429e+07  18.9%   1.8  927s
  3762  3221 3.0429e+07  813  545 3.7520e+07 3.0429e+07  18.9%   1.8  933s
  3763  3222 3.0429e+07  662  546 3.7520e+07 3.0429e+07  18.9%   1.8  939s
  3764  3223 3.0429e+07  337  547 3.7520e+07 3.0429e+07  18.9%   1.8  944s
  3765  3223 3.0429e+07  250  548 3.7520e+07 3.0429e+07  18.9%   1.8  948s
  3766  3224 3.0429e+07 1119  549 3.7520e+07 3.0429e+07  18.9%   1.8  954s
  3767  3225 3.0429e+07 1579  549 3.7520e+07 3.0429e+07  18.9%   1.8  974s
  3768  3225 3.0429e+07 1037  549 3.7520e+07 3.0429e+07  18.9%   1.8  976s
  3769  3229 3.0429e+07   27 1401 3.7520e+07 3.0429e+07  18.9%   2.6  990s
  3781  3237 3.0430e+07   30 1398 3.7520e+07 3.0429e+07  18.9%   2.6  995s
  3789  3249 3.0429e+07   32 1396 3.7520e+07 3.0429e+07  18.9%   2.6 1004s
  3798  3248 3.0429e+07   35 1393 3.7520e+07 3.0429e+07  18.9%   2.6 1031s
  3800  3279 3.0429e+07   35 1393 3.7520e+07 3.0429e+07  18.9%   2.6 1043s
  3831  3298 3.0430e+07   43 1387 3.7520e+07 3.0429e+07  18.9%   2.6 1063s
  3861  3365 3.0429e+07   51 1380 3.7520e+07 3.0429e+07  18.9%   2.6 1096s
  3938  3465 3.0430e+07   69 1365 3.7520e+07 3.0429e+07  18.9%   2.6 1145s
  4063  3616 3.0430e+07   99 1337 3.7520e+07 3.0429e+07  18.9%   2.7 1206s
  4256  3795 3.0430e+07  147 1300 3.7520e+07 3.0429e+07  18.9%   2.7 1267s
  4499  3921 3.0431e+07  208 1250 3.7520e+07 3.0429e+07  18.9%   2.8 1311s
  4706  4079 3.0431e+07  259 1210 3.7520e+07 3.0429e+07  18.9%   2.8 1352s
  4933  4219 3.0431e+07  316 1164 3.7520e+07 3.0429e+07  18.9%   2.7 1399s
H 5039  4023                    3.752011e+07 3.0429e+07  18.9%   2.7 1399s
  5149  4229 3.0432e+07  369 1136 3.7520e+07 3.0429e+07  18.9%   2.7 1447s
  5392  4389 3.0432e+07  429 1116 3.7520e+07 3.0429e+07  18.9%   2.7 1489s
  5633  4558 3.0432e+07  490 1114 3.7520e+07 3.0429e+07  18.9%   2.6 1544s
  5882  4677 3.0432e+07  553 1114 3.7520e+07 3.0429e+07  18.9%   2.5 1589s
  6084  4873 3.0433e+07  603 1106 3.7520e+07 3.0429e+07  18.9%   2.5 1632s
  6348  5083 3.0433e+07  668 1081 3.7520e+07 3.0429e+07  18.9%   2.5 1676s
H 6646  5086                    3.752011e+07 3.0429e+07  18.9%   2.4 1715s
  6902  5315 3.0433e+07  818 1075 3.7520e+07 3.0429e+07  18.9%   2.4 1766s
  7216  5212 3.0434e+07  900 1075 3.7520e+07 3.0429e+07  18.9%   2.3 1818s
  7218  5473 3.0434e+07  900 1074 3.7520e+07 3.0429e+07  18.9%   2.3 1865s
H 7279  5307                    3.729713e+07 3.0429e+07  18.4%   2.3 1865s
  7480  5568 3.0434e+07  967 1074 3.7297e+07 3.0429e+07  18.4%   2.3 1933s
  7808  5664 3.0434e+07 1052 1074 3.7297e+07 3.0429e+07  18.4%   2.2 1965s
  8013  5979 3.0434e+07 1104 1074 3.7297e+07 3.0429e+07  18.4%   2.2 2018s
  8397  6236 3.0435e+07 1204 1074 3.7297e+07 3.0429e+07  18.4%   2.1 2075s
  8782  6501 3.0435e+07 1303 1074 3.7297e+07 3.0429e+07  18.4%   2.1 2136s
  9175  6772 3.0435e+07 1404 1065 3.7297e+07 3.0429e+07  18.4%   2.0 2197s
  9577  7047 3.0435e+07 1509 1042 3.7297e+07 3.0429e+07  18.4%   2.0 2267s
  9986  7299 3.0436e+07 1619 1034 3.7297e+07 3.0429e+07  18.4%   2.0 2328s
 10374  7528 3.0436e+07 1723 1033 3.7297e+07 3.0429e+07  18.4%   2.0 2385s
 10733  7805 3.0436e+07 1822 1024 3.7297e+07 3.0429e+07  18.4%   2.0 2443s
 11129  8055 3.0436e+07 1925 1015 3.7297e+07 3.0429e+07  18.4%   2.0 2517s
 11511  8318 3.0436e+07 2026 1012 3.7297e+07 3.0429e+07  18.4%   2.0 2571s
 11902  8591 3.0437e+07 2130 1011 3.7297e+07 3.0429e+07  18.4%   1.9 2639s
 12305  8900 3.0437e+07 2237 1012 3.7297e+07 3.0429e+07  18.4%   1.9 2703s
 12667  9282 3.0437e+07 2334 1013 3.7297e+07 3.0429e+07  18.4%   1.9 2755s
 13049  9647 3.0437e+07 2435 1011 3.7297e+07 3.0429e+07  18.4%   1.9 2812s
 13414 10037 3.0438e+07 2532 1011 3.7297e+07 3.0429e+07  18.4%   1.9 2880s
 13804 10347 3.0438e+07 2636 1011 3.7297e+07 3.0429e+07  18.4%   1.8 2924s
 14114 10475 3.0438e+07 2714 1009 3.7297e+07 3.0429e+07  18.4%   1.8 2986s
 14242 10868 3.0438e+07 2746 1009 3.7297e+07 3.0429e+07  18.4%   1.8 3039s
 14635 11256 3.0438e+07 2851 1006 3.7297e+07 3.0429e+07  18.4%   1.8 3107s
 15023 11606 3.0439e+07 2952 1004 3.7297e+07 3.0429e+07  18.4%   1.8 3173s
 15373 11997 3.0439e+07 3043 1002 3.7297e+07 3.0429e+07  18.4%   1.8 3236s
 15764 12362 3.0439e+07 3148 1000 3.7297e+07 3.0429e+07  18.4%   1.8 3297s
 16129 12733 3.0439e+07 3247 1000 3.7297e+07 3.0429e+07  18.4%   1.8 3365s
 16500 13117 3.0440e+07 3346 1000 3.7297e+07 3.0429e+07  18.4%   1.8 3414s
 16884 13408 3.0440e+07 3449  999 3.7297e+07 3.0429e+07  18.4%   1.8 3459s
 17175 13813 3.0440e+07 3530  999 3.7297e+07 3.0429e+07  18.4%   1.8 3520s
 17580 14218 3.0440e+07 3635  999 3.7297e+07 3.0429e+07  18.4%   1.8 3580s
 17985 14254 3.0440e+07 3738  998 3.7297e+07 3.0429e+07  18.4%   1.8 3601s

Cutting planes:
  Gomory: 1
  RLT: 847

Explored 18021 nodes (35709 simplex iterations) in 3610.60 seconds (1132.26 work units)
Thread count was 2 (of 24 available processors)

Solution count 10: 3.72971e+07 3.75201e+07 3.75202e+07 ... 3.88754e+07

Time limit reached
Best objective 3.729713497031e+07, best bound 3.042895665644e+07, gap 18.4148%
