
Gurobi 11.0.3 (linux64, Java) logging started qui 28 nov 2024 22:35:27 -03

Set parameter Username
Academic license - for non-commercial use only - expires 2025-10-10
Set parameter NonConvex to value 2
Set parameter TimeLimit to value 3600
Set parameter LogToConsole to value 0
Set parameter MIPGap to value 1.0305790061187408e-08
Set parameter Threads to value 2
Set parameter NodefileDir to value "/home/ps12398/experiment_epec/goalProgrammingMarcos/"
Set parameter NodefileStart to value 1
Gurobi Optimizer version 11.0.3 build v11.0.3rc0 (linux64)

CPU model: Intel(R) Xeon(R) CPU           X5650  @ 2.67GHz, instruction set [SSE2]
Thread count: 12 physical cores, 24 logical processors, using up to 2 threads

Optimize a model with 2177725 rows, 1457786 columns and 12057681 nonzeros
Model fingerprint: 0x84ea5b8d
Model has 858 quadratic constraints
Variable types: 728468 continuous, 729318 integer (853 binary)
Coefficient statistics:
  Matrix range     [1e-03, 1e+07]
  QMatrix range    [1e-03, 2e+05]
  QLMatrix range   [1e+00, 2e+05]
  Objective range  [1e+00, 2e+08]
  Bounds range     [1e+00, 1e+08]
  RHS range        [1e+00, 2e+07]
  QRHS range       [3e-03, 3e-03]
Presolve removed 1446935 rows and 718638 columns (presolve time = 5s) ...
Presolve removed 2174589 rows and 1452760 columns
Presolve time: 8.23s
Presolved: 6286 rows, 6024 columns, 1388951 nonzeros
Presolved model has 2 SOS constraint(s)
Presolved model has 853 bilinear constraint(s)

Solving non-convex MIQCP

Variable types: 2708 continuous, 3316 integer (855 binary)
Found heuristic solution: objective 5.679675e+07

Root simplex log...

Iteration    Objective       Primal Inf.    Dual Inf.      Time
       0    3.6850412e+06   6.201610e+04   0.000000e+00     12s
    1405    2.0479158e+07   2.733601e+04   0.000000e+00     15s
    2007    2.1394989e+07   0.000000e+00   0.000000e+00     17s

Root relaxation: objective 2.139499e+07, 2007 iterations, 4.82 seconds (2.91 work units)
Total elapsed time = 17.15s (DegenMoves)

    Nodes    |    Current Node    |     Objective Bounds      |     Work
 Expl Unexpl |  Obj  Depth IntInf | Incumbent    BestBd   Gap | It/Node Time

     0     0 2.1395e+07    0 1396 5.6797e+07 2.1395e+07  62.3%     -   19s
     0     0 2.5906e+07    0 1390 5.6797e+07 2.5906e+07  54.4%     -   24s
     0     0 2.5939e+07    0 1392 5.6797e+07 2.5939e+07  54.3%     -   35s
     0     0 2.5942e+07    0 1392 5.6797e+07 2.5942e+07  54.3%     -   40s
     0     0 2.5942e+07    0 1392 5.6797e+07 2.5942e+07  54.3%     -   42s
     0     0 2.5942e+07    0 1392 5.6797e+07 2.5942e+07  54.3%     -   46s
H    0     0                    3.461959e+07 2.5942e+07  25.1%     -   49s
     0     2 2.5942e+07    0 1392 3.4620e+07 2.5942e+07  25.1%     -   57s
     9    12 2.5942e+07    5 1392 3.4620e+07 2.5942e+07  25.1%   1.7   60s
    19    28 2.5942e+07    9 1391 3.4620e+07 2.5942e+07  25.1%   1.3   65s
H   27    36                    3.461915e+07 2.5942e+07  25.1%   1.2   70s
    35    72 2.5942e+07   20 1392 3.4619e+07 2.5942e+07  25.1%   1.2   81s
    71    74 2.5942e+07   40 1392 3.4619e+07 2.5942e+07  25.1%   1.1  102s
    73   159 2.5942e+07   41 1392 3.4619e+07 2.5942e+07  25.1%   1.1  125s
   158   281 2.5942e+07   85 1390 3.4619e+07 2.5942e+07  25.1%   1.0  154s
H  175   281                    3.461915e+07 2.5942e+07  25.1%   1.0  154s
   280   394 2.5942e+07  138 1390 3.4619e+07 2.5942e+07  25.1%   1.0  176s
   393   483 2.5943e+07  188 1389 3.4619e+07 2.5942e+07  25.1%   1.0  197s
   482   670 2.5943e+07  234 1389 3.4619e+07 2.5942e+07  25.1%   1.0  226s
   669   815 2.5943e+07  324 1384 3.4619e+07 2.5942e+07  25.1%   1.0  259s
   814   909 2.5943e+07  407 1383 3.4619e+07 2.5942e+07  25.1%   1.1  281s
   908  1050 2.5943e+07  454 1383 3.4619e+07 2.5942e+07  25.1%   1.1  316s
  1049  1186 2.5943e+07  519 1383 3.4619e+07 2.5942e+07  25.1%   1.0  349s
  1185  1376 2.5943e+07  584 1381 3.4619e+07 2.5942e+07  25.1%   1.0  387s
  1375  1435 2.5943e+07  679 1381 3.4619e+07 2.5942e+07  25.1%   1.0  410s
  1434  1633 2.5943e+07  705 1380 3.4619e+07 2.5942e+07  25.1%   1.0  446s
  1632  1761 2.5943e+07  812 1380 3.4619e+07 2.5942e+07  25.1%   1.0  478s
  1760  1967 2.5943e+07  878 1379 3.4619e+07 2.5942e+07  25.1%   1.0  519s
  1966  2300 2.5943e+07  957 1379 3.4619e+07 2.5942e+07  25.1%   1.0  559s
  2299  2425 2.5943e+07 1142 1376 3.4619e+07 2.5942e+07  25.1%   1.0  590s
H 2376  2425                    3.460334e+07 2.5942e+07  25.0%   1.0  590s
  2424  2600 2.5943e+07 1216 1372 3.4603e+07 2.5942e+07  25.0%   1.0  623s
  2599  2726 2.5943e+07 1303 1372 3.4603e+07 2.5942e+07  25.0%   1.0  658s
H 2653  2726                    3.460324e+07 2.5942e+07  25.0%   1.0  658s
  2725  2810 2.5943e+07 1356 1371 3.4603e+07 2.5942e+07  25.0%   1.0  691s
  2809  2934 2.5943e+07 1357 1371 3.4603e+07 2.5942e+07  25.0%   1.0  723s
  2933  3095 2.5943e+07 1423 1371 3.4603e+07 2.5942e+07  25.0%   1.0  761s
  3094  3274 2.5943e+07 1502 1369 3.4603e+07 2.5942e+07  25.0%   1.0  807s
  3273  3463 2.5943e+07 1591 1368 3.4603e+07 2.5942e+07  25.0%   1.0  846s
  3462  3706 2.5943e+07 1686 1367 3.4603e+07 2.5942e+07  25.0%   1.0  890s
  3706  3707 2.5943e+07  757  366 3.4603e+07 2.5942e+07  25.0%   1.0  905s
  3708  3708 2.5943e+07   10  537 3.4603e+07 2.5942e+07  25.0%   1.0  930s
  3709  3709 2.6404e+07 1703  540 3.4603e+07 2.6404e+07  23.7%   1.0  944s
  3710  3710 2.6404e+07  974  540 3.4603e+07 2.6404e+07  23.7%   1.0  950s
  3711  3710 2.6414e+07 1150  539 3.4603e+07 2.6414e+07  23.7%   1.0  959s
  3712  3711 2.6414e+07  443  539 3.4603e+07 2.6414e+07  23.7%   1.0  968s
  3713  3712 2.6414e+07 1376  539 3.4603e+07 2.6414e+07  23.7%   1.0  977s
  3717  3716 2.6414e+07 1871  366 3.4603e+07 2.6414e+07  23.7%   1.8  980s
  3718  3716 2.6414e+07  866  535 3.4603e+07 2.6414e+07  23.7%   1.8 1001s
H 3718  3530                    3.342742e+07 2.6414e+07  21.0%   1.8 1008s
  3719  3531 2.6414e+07  428  538 3.3427e+07 2.6414e+07  21.0%   1.8 1014s
  3720  3532 2.6414e+07 1744  537 3.3427e+07 2.6414e+07  21.0%   1.8 1018s
  3721  3532 2.6417e+07  550  537 3.3427e+07 2.6417e+07  21.0%   1.8 1024s
  3722  3533 2.6417e+07 1673  537 3.3427e+07 2.6417e+07  21.0%   1.8 1033s
  3725  3536 2.6417e+07  597  366 3.3427e+07 2.6417e+07  21.0%   2.5 1035s
  3727  3537 2.6417e+07 1277  535 3.3427e+07 2.6417e+07  21.0%   2.5 1052s
  3728  3538 2.6417e+07  464  539 3.3427e+07 2.6417e+07  21.0%   2.5 1062s
  3729  3539 2.6417e+07 1742  537 3.3427e+07 2.6417e+07  21.0%   2.5 1066s
H 3729  3362                    3.326105e+07 2.6417e+07  20.6%   2.5 1073s
  3730  3362 2.6417e+07  566  537 3.3261e+07 2.6417e+07  20.6%   2.5 1075s
  3731  3363 2.6417e+07  754  538 3.3261e+07 2.6417e+07  20.6%   2.5 1081s
  3732  3364 2.6417e+07  357  538 3.3261e+07 2.6417e+07  20.6%   2.5 1087s
H 3732  3195                    3.325844e+07 2.6417e+07  20.6%   2.5 1094s
  3733  3195 2.6417e+07 1085  537 3.3258e+07 2.6417e+07  20.6%   2.5 1096s
  3734  3196 2.6417e+07  423  538 3.3258e+07 2.6417e+07  20.6%   2.5 1105s
  3735  3197 2.6417e+07  473  537 3.3258e+07 2.6417e+07  20.6%   2.5 1112s
  3736  3197 2.6417e+07  617  538 3.3258e+07 2.6417e+07  20.6%   2.5 1119s
  3737  3198 2.6417e+07 1667  538 3.3258e+07 2.6417e+07  20.6%   2.5 1125s
  3739  3199 2.6417e+07 1330  537 3.3258e+07 2.6417e+07  20.6%   2.5 1141s
  3740  3200 2.6417e+07  983  537 3.3258e+07 2.6417e+07  20.6%   2.5 1152s
  3741  3204 2.6418e+07   39 1389 3.3258e+07 2.6417e+07  20.6%   3.3 1160s
  3761  3223 2.6418e+07   44 1384 3.3258e+07 2.6418e+07  20.6%   3.3 1166s
  3769  3222 2.6418e+07   46 1382 3.3258e+07 2.6418e+07  20.6%   3.3 1209s
  3771  3249 2.6418e+07   47 1381 3.3258e+07 2.6418e+07  20.6%   3.3 1217s
  3798  3248 2.6419e+07   53 1375 3.3258e+07 2.6418e+07  20.6%   3.3 1225s
  3806  3294 2.6419e+07   55 1373 3.3258e+07 2.6418e+07  20.6%   3.3 1237s
  3855  3441 2.6419e+07   67 1361 3.3258e+07 2.6418e+07  20.6%   3.2 1269s
  4018  3514 2.6419e+07  108 1320 3.3258e+07 2.6418e+07  20.6%   3.2 1302s
  4146  3607 2.6420e+07  140 1288 3.3258e+07 2.6418e+07  20.6%   3.1 1327s
H 4240  3415                    3.324671e+07 2.6418e+07  20.5%   3.1 1327s
  4281  3626 2.6420e+07  173 1255 3.3247e+07 2.6418e+07  20.5%   3.1 1357s
H 4479  3408                    3.324489e+07 2.6418e+07  20.5%   3.0 1357s
  4505  3627 2.6420e+07  228 1199 3.3245e+07 2.6418e+07  20.5%   3.0 1388s
  4733  3767 2.6421e+07  283 1144 3.3245e+07 2.6418e+07  20.5%   2.9 1420s
H 4859  3580                    3.324333e+07 2.6418e+07  20.5%   2.9 1420s
  4949  3859 2.6421e+07  334 1093 3.3243e+07 2.6418e+07  20.5%   2.9 1455s
  5258  3974 2.6421e+07  409 1017 3.3243e+07 2.6418e+07  20.5%   2.8 1481s
H 5339  3810                    3.324257e+07 2.6418e+07  20.5%   2.8 1481s
  5476  4027 2.6422e+07  473  961 3.3243e+07 2.6418e+07  20.5%   2.7 1507s
H 5739  4029                    3.305502e+07 2.6418e+07  20.1%   2.7 1532s
  5959  4215 2.6422e+07  594  944 3.3055e+07 2.6418e+07  20.1%   2.6 1562s
  6219  4377 2.6422e+07  659  945 3.3055e+07 2.6418e+07  20.1%   2.6 1592s
  6467  4551 2.6422e+07  721  943 3.3055e+07 2.6418e+07  20.1%   2.5 1620s
H 6595  4384                    3.303611e+07 2.6418e+07  20.0%   2.6 1620s
  6724  4609 2.6422e+07  785  945 3.3036e+07 2.6418e+07  20.0%   2.6 1653s
  6992  4803 2.6422e+07  851  945 3.3036e+07 2.6418e+07  20.0%   2.5 1687s
  7275  4984 2.6422e+07  921  945 3.3036e+07 2.6418e+07  20.0%   2.5 1723s
  7550  5178 2.6422e+07  985  944 3.3036e+07 2.6418e+07  20.0%   2.5 1757s
  7836  5368 2.6422e+07 1052  944 3.3036e+07 2.6418e+07  20.0%   2.6 1792s
  8121  5592 2.6422e+07 1122  944 3.3036e+07 2.6418e+07  20.0%   2.6 1827s
H 8440  5715                    3.302564e+07 2.6418e+07  20.0%   2.6 1869s
  8788  5981 2.6422e+07 1279  943 3.3026e+07 2.6418e+07  20.0%   2.6 1915s
  9170  6149 2.6422e+07 1363  943 3.3026e+07 2.6418e+07  20.0%   2.7 1957s
  9465  6380 2.6422e+07 1427  942 3.3026e+07 2.6418e+07  20.0%   2.7 1996s
  9794  6547 2.6422e+07 1503  942 3.3026e+07 2.6418e+07  20.0%   2.7 2034s
 10071  6874 2.6422e+07 1566  942 3.3026e+07 2.6418e+07  20.0%   2.6 2080s
 10490  7164 2.6422e+07 1658  941 3.3026e+07 2.6418e+07  20.0%   2.6 2121s
 10903  7560 2.6422e+07 1749  942 3.3026e+07 2.6418e+07  20.0%   2.5 2155s
 11299  7932 2.6422e+07 1836  941 3.3026e+07 2.6418e+07  20.0%   2.5 2184s
 11671  8280 2.6422e+07 1922  941 3.3026e+07 2.6418e+07  20.0%   2.4 2222s
H11842  8280                    3.300600e+07 2.6418e+07  20.0%   2.4 2222s
 12019  8619 2.6422e+07 2007  940 3.3006e+07 2.6418e+07  20.0%   2.4 2263s
 12358  8978 2.6422e+07 2091  941 3.3006e+07 2.6418e+07  20.0%   2.4 2297s
 12717  9198 2.6422e+07 2180  941 3.3006e+07 2.6418e+07  20.0%   2.3 2327s
 12937  9512 2.6422e+07 2236  941 3.3006e+07 2.6418e+07  20.0%   2.3 2368s
 13251  9857 2.6422e+07 2314  941 3.3006e+07 2.6418e+07  20.0%   2.3 2413s
H13425  9857                    3.299613e+07 2.6418e+07  19.9%   2.3 2413s
 13596 10210 2.6422e+07 2401  941 3.2996e+07 2.6418e+07  19.9%   2.3 2456s
 13949 10556 2.6422e+07 2488  941 3.2996e+07 2.6418e+07  19.9%   2.2 2499s
H14295 10892                    3.299613e+07 2.6418e+07  19.9%   2.2 2538s
 14631 11069 2.6422e+07 2657  940 3.2996e+07 2.6418e+07  19.9%   2.2 2573s
 14808 11420 2.6422e+07 2739  941 3.2996e+07 2.6418e+07  19.9%   2.2 2612s
H15159 11743                    3.299613e+07 2.6418e+07  19.9%   2.2 2648s
H15320 11743                    3.299613e+07 2.6418e+07  19.9%   2.2 2648s
 15482 12075 2.6422e+07 2907  940 3.2996e+07 2.6418e+07  19.9%   2.2 2687s
 15814 12408 2.6422e+07 2988  940 3.2996e+07 2.6418e+07  19.9%   2.1 2721s
 16147 12736 2.6422e+07 3071  940 3.2996e+07 2.6418e+07  19.9%   2.1 2760s
 16475 13035 2.6422e+07 3154  940 3.2996e+07 2.6418e+07  19.9%   2.1 2788s
 16774 13378 2.6422e+07 3222  940 3.2996e+07 2.6418e+07  19.9%   2.1 2822s
 17117 13689 2.6422e+07 3308  940 3.2996e+07 2.6418e+07  19.9%   2.1 2859s
 17428 14041 2.6422e+07 3386  940 3.2996e+07 2.6418e+07  19.9%   2.1 2901s
 17780 14372 2.6422e+07 3474  940 3.2996e+07 2.6418e+07  19.9%   2.1 2946s
 18111 14720 2.6422e+07 3558  940 3.2996e+07 2.6418e+07  19.9%   2.1 2986s
 18459 15063 2.6422e+07 3644  940 3.2996e+07 2.6418e+07  19.9%   2.1 3019s
 18802 15379 2.6422e+07 3730  940 3.2996e+07 2.6418e+07  19.9%   2.0 3061s
 19118 15703 2.6422e+07 3810  940 3.2996e+07 2.6418e+07  19.9%   2.0 3101s
 19442 15997 2.6422e+07 3895  939 3.2996e+07 2.6418e+07  19.9%   2.1 3139s
 19736 16298 2.6422e+07 3973  938 3.2996e+07 2.6418e+07  19.9%   2.1 3170s
 20037 16594 2.6422e+07 4051  939 3.2996e+07 2.6418e+07  19.9%   2.1 3203s
 20333 16908 2.6422e+07 4128  939 3.2996e+07 2.6418e+07  19.9%   2.1 3240s
 20647 17213 2.6422e+07 4210  939 3.2996e+07 2.6418e+07  19.9%   2.1 3271s
 20952 17513 2.6422e+07 4291  938 3.2996e+07 2.6418e+07  19.9%   2.1 3300s
 21252 17825 2.6422e+07 4371  939 3.2996e+07 2.6418e+07  19.9%   2.1 3333s
 21564 18149 2.6422e+07 4453  938 3.2996e+07 2.6418e+07  19.9%   2.1 3370s
 21888 18451 2.6422e+07 4538  939 3.2996e+07 2.6418e+07  19.9%   2.1 3400s
 22190 18779 2.6422e+07 4618  939 3.2996e+07 2.6418e+07  19.9%   2.1 3437s
 22518 19079 2.6422e+07 4704  938 3.2996e+07 2.6418e+07  19.9%   2.1 3461s
 22818 19344 2.6422e+07 4783  938 3.2996e+07 2.6418e+07  19.9%   2.1 3491s
 23083 19670 2.6422e+07 4854  939 3.2996e+07 2.6418e+07  19.9%   2.1 3526s
 23409 19991 2.6422e+07 4940  939 3.2996e+07 2.6418e+07  19.9%   2.1 3556s
H23730 20307                    3.299589e+07 2.6418e+07  19.9%   2.1 3578s
 24046 20619 2.6422e+07 5108  939 3.2996e+07 2.6418e+07  19.9%   2.1 3599s
 24358 20621 2.6422e+07 5190  939 3.2996e+07 2.6418e+07  19.9%   2.2 3600s

Cutting planes:
  RLT: 841

Explored 24360 nodes (56032 simplex iterations) in 3600.40 seconds (1243.74 work units)
Thread count was 2 (of 24 available processors)

Solution count 10: 3.29959e+07 3.29961e+07 3.3006e+07 ... 3.32467e+07

Time limit reached
Best objective 3.299588923916e+07, best bound 2.641769424013e+07, gap 19.9364%
