
Gurobi 11.0.3 (linux64, Java) logging started sex 22 nov 2024 00:20:38 -03

Set parameter Username
Academic license - for non-commercial use only - expires 2025-10-10
Set parameter NonConvex to value 2
Set parameter TimeLimit to value 3600
Set parameter LogToConsole to value 0
Set parameter MIPGap to value 2.8513120942475052e-08
Set parameter Threads to value 2
Set parameter NodefileDir to value "/home/ps12398/experiment_hosp/goalProgrammingMarcos/"
Set parameter NodefileStart to value 1
Gurobi Optimizer version 11.0.3 build v11.0.3rc0 (linux64)

CPU model: Intel(R) Xeon(R) CPU           X5650  @ 2.67GHz, instruction set [SSE2]
Thread count: 12 physical cores, 24 logical processors, using up to 2 threads

Optimize a model with 253880 rows, 172586 columns and 1906376 nonzeros
Model fingerprint: 0xc1e1fbfd
Model has 298 quadratic constraints
Variable types: 86148 continuous, 86438 integer (293 binary)
Coefficient statistics:
  Matrix range     [3e-03, 3e+06]
  QMatrix range    [3e-03, 5e+04]
  QLMatrix range   [1e+00, 5e+04]
  Objective range  [1e+00, 7e+07]
  Bounds range     [1e+00, 1e+08]
  RHS range        [1e+00, 7e+06]
  QRHS range       [8e-02, 8e-02]
Presolve removed 250437 rows and 168877 columns
Presolve time: 1.71s
Presolved: 5451 rows, 4324 columns, 766205 nonzeros
Presolved model has 2 SOS constraint(s)
Presolved model has 293 bilinear constraint(s)

Solving non-convex MIQCP

Variable types: 1045 continuous, 3279 integer (295 binary)
Found heuristic solution: objective 2.971277e+07

Root simplex log...

Iteration    Objective       Primal Inf.    Dual Inf.      Time
       0    0.0000000e+00   8.179780e+03   0.000000e+00      7s
     466    0.0000000e+00   0.000000e+00   0.000000e+00      7s

Root relaxation: objective 0.000000e+00, 466 iterations, 0.26 seconds (0.07 work units)
Total elapsed time = 7.00s (DegenMoves)

    Nodes    |    Current Node    |     Objective Bounds      |     Work
 Expl Unexpl |  Obj  Depth IntInf | Incumbent    BestBd   Gap | It/Node Time

     0     0    0.00000    0  413 2.9713e+07    0.00000   100%     -    9s
H    0     0                    2.950558e+07    0.00000   100%     -    9s
     0     0    0.00000    0  528 2.9506e+07    0.00000   100%     -   11s
H    0     0                    5313734.9464    0.00000   100%     -   11s
     0     0    0.00000    0  522 5313734.95    0.00000   100%     -   12s
     0     0    0.00000    0  364 5313734.95    0.00000   100%     -   20s
     0     0    0.00000    0  364 5313734.95    0.00000   100%     -   21s
     0     0    0.00000    0  362 5313734.95    0.00000   100%     -   24s
H    0     0                    4385469.0743    0.00000   100%     -   24s
     0     0    0.00000    0  364 4385469.07    0.00000   100%     -   25s
     0     0    0.00000    0  370 4385469.07    0.00000   100%     -   27s
     0     0    0.00000    0  364 4385469.07    0.00000   100%     -   28s
     0     0    0.00000    0  359 4385469.07    0.00000   100%     -   31s
     0     0    0.00000    0  359 4385469.07    0.00000   100%     -   38s
     0     2    0.00000    0  357 4385469.07    0.00000   100%     -   54s
     1     4    0.00000    1  355 4385469.07    0.00000   100%   233   56s
    18    25    0.00000    6  364 4385469.07    0.00000   100%  63.2   60s
    54   108    0.00000   17  359 4385469.07    0.00000   100%  23.9   70s
H  107   270                    4385445.9325    0.00000   100%  18.0  160s
H  271   806                    1258391.1050    0.00000   100%  10.8  182s
H  539   806                    1121627.0570    0.00000   100%   7.0  182s
H  807   951                    638259.31931    0.00000   100%   5.7  191s
   952  1028    0.00000  443  292 638259.319    0.00000   100%   5.6  200s
H 1036  1214                    369772.41746    0.00000   100%   6.1  214s
H 1128  1214                    172787.24247    0.00000   100%   7.2  214s
H 1245  1383                    133423.69552    0.00000   100%   7.7  225s
H 1362  1383                    22643.796885    0.00000   100%   8.2  225s
H 1470  1506                    22029.150049    0.00000   100%   9.1  234s
  1644  1752 infeasible  723      22029.1500    0.00000   100%  10.1  244s
H 1838   358                       0.0000000    0.00000  0.00%  10.3  244s

Cutting planes:
  Gomory: 6
  Implied bound: 2
  MIR: 113
  StrongCG: 19
  Zero half: 3
  Relax-and-lift: 1

Explored 1936 nodes (27488 simplex iterations) in 244.11 seconds (95.19 work units)
Thread count was 2 (of 24 available processors)

Solution count 10: 0 22029.2 22643.8 ... 4.38545e+06

Optimal solution found (tolerance 2.85e-08)
Best objective 0.000000000000e+00, best bound 0.000000000000e+00, gap 0.0000%
