
Gurobi 11.0.3 (linux64, Java) logging started sex 22 nov 2024 04:04:03 -03

Set parameter Username
Academic license - for non-commercial use only - expires 2025-10-10
Set parameter NonConvex to value 2
Set parameter TimeLimit to value 3600
Set parameter LogToConsole to value 0
Set parameter MIPGap to value 2.8513120942475052e-08
Set parameter Threads to value 2
Set parameter NodefileDir to value "/home/ps12398/experiment_hosp/goalProgrammingMarcos/"
Set parameter NodefileStart to value 1
Gurobi Optimizer version 11.0.3 build v11.0.3rc0 (linux64)

CPU model: Intel(R) Xeon(R) CPU           X5650  @ 2.67GHz, instruction set [SSE2]
Thread count: 12 physical cores, 24 logical processors, using up to 2 threads

Optimize a model with 253880 rows, 172586 columns and 1906376 nonzeros
Model fingerprint: 0xec399e1e
Model has 298 quadratic constraints
Variable types: 86148 continuous, 86438 integer (293 binary)
Coefficient statistics:
  Matrix range     [3e-03, 3e+06]
  QMatrix range    [3e-03, 5e+04]
  QLMatrix range   [1e+00, 5e+04]
  Objective range  [1e+00, 7e+07]
  Bounds range     [1e+00, 1e+08]
  RHS range        [1e+00, 8e+06]
  QRHS range       [3e-03, 3e-03]
Presolve removed 250437 rows and 168877 columns
Presolve time: 1.78s
Presolved: 5451 rows, 4324 columns, 766205 nonzeros
Presolved model has 2 SOS constraint(s)
Presolved model has 293 bilinear constraint(s)

Solving non-convex MIQCP

Variable types: 1045 continuous, 3279 integer (295 binary)
Found heuristic solution: objective 2.843112e+07

Root simplex log...

Iteration    Objective       Primal Inf.    Dual Inf.      Time
       0    0.0000000e+00   7.824487e+03   0.000000e+00      7s
     532    0.0000000e+00   0.000000e+00   0.000000e+00      7s

Root relaxation: objective 0.000000e+00, 532 iterations, 0.39 seconds (0.19 work units)
Total elapsed time = 7.15s (DegenMoves)
Total elapsed time = 11.13s (DegenMoves)

    Nodes    |    Current Node    |     Objective Bounds      |     Work
 Expl Unexpl |  Obj  Depth IntInf | Incumbent    BestBd   Gap | It/Node Time

     0     0    0.00000    0  399 2.8431e+07    0.00000   100%     -   14s
H    0     0                    1.720180e+07    0.00000   100%     -   14s
     0     0    0.00000    0  435 1.7202e+07    0.00000   100%     -   18s
H    0     0                    7083264.4755    0.00000   100%     -   19s
     0     0    0.00000    0  375 7083264.48    0.00000   100%     -   22s
H    0     0                    1454069.3482    0.00000   100%     -   23s
     0     0    0.00000    0  375 1454069.35    0.00000   100%     -   23s
     0     0    0.00000    0  373 1454069.35    0.00000   100%     -   24s
H    0     0                    1180295.7180    0.00000   100%     -   25s
     0     0    0.00000    0  373 1180295.72    0.00000   100%     -   27s
     0     0    0.00000    0  373 1180295.72    0.00000   100%     -   35s
     0     2    0.00000    0  373 1180295.72    0.00000   100%     -   49s
     1     4    0.00000    1  434 1180295.72    0.00000   100%   265   50s
    23    32    0.00000   10  419 1180295.72    0.00000   100%  67.9   59s
    31   102    0.00000   13  413 1180295.72    0.00000   100%  91.9   63s
   101   178    0.00000   35  421 1180295.72    0.00000   100%  32.1   71s
   177   282    0.00000   91  352 1180295.72    0.00000   100%  20.7  159s
H  276   282                    956727.68013    0.00000   100%  14.0  159s
   281   772    0.00000  166  293 956727.680    0.00000   100%  13.8  180s
H  530   772                    814526.09608    0.00000   100%  15.2  180s
   777  1032    0.00000  343  291 814526.096    0.00000   100%  12.3  188s
H  847  1032                    796367.98303    0.00000   100%  15.6  188s
  1037  1158    0.00000  380  318 796367.983    0.00000   100%  13.1  198s
H 1073  1158                    611767.50552    0.00000   100%  13.0  198s
  1169  1338    0.00000  409  300 611767.506    0.00000   100%  13.0  210s
  1349  1518    0.00000  483  294 611767.506    0.00000   100%  12.4  224s
H 1463  1518                    574777.91609    0.00000   100%  12.5  224s
  1529  1744  877.10561  574  295 574777.916    0.00000   100%  12.6  233s
H 1658  1744                    572700.21627    0.00000   100%  12.8  233s
  1759  1961 2136.66731  690  295 572700.216    0.00000   100%  13.0  247s
  1976  2160 3361.29539  807  294 572700.216    0.00000   100%  13.3  260s
H 2084  2160                    572554.42334    0.00000   100%  13.3  260s
  2175  2384 4372.69147  913  295 572554.423    0.00000   100%  13.4  271s
H 2309  2384                    549802.46208    0.00000   100%  13.5  271s
H 2399  2527                    545265.06042    0.00000   100%  13.5  280s
  2542  2746 25988.4318 1152  293 545265.060    0.00000   100%  13.5  295s
H 2667  2746                    545264.96726    0.00000   100%  13.5  295s
  2763  2989 28573.8432 1268  295 545264.967    0.00000   100%  13.5  310s
  3006  3250 27953.9842 1394  295 545264.967    0.00000   100%  13.3  324s
  3267  3484 28267.9490 1548  296 545264.967    0.00000   100%  13.1  339s
  3501  3766 28872.8523 1681  297 545264.967    0.00000   100%  12.9  357s
  3786  3767 82536.6612 1410 1361 545264.967    0.00000   100%  12.8  382s
  3788  3768 28689.6346 1569  280 545264.967    0.00000   100%  12.8  399s
  3789  3769 5052.85459  971  209 545264.967    0.00000   100%  12.8  407s
  3791  3770    0.00000  146  179 545264.967    0.00000   100%  12.8  414s
  3792  3771 29309.6796 1635  179 545264.967    0.00000   100%  12.8  416s
  3793  3772 69015.7613 1082   80 545264.967    0.00000   100%  12.8  421s
  3795  3773 67380.1698 1035   77 545264.967    0.00000   100%  12.8  425s
  3796  3774    0.00000  409   77 545264.967    0.00000   100%  12.8  437s
  3797  3774 65024.2585  943   77 545264.967    0.00000   100%  12.8  453s
  3798  3778    0.00000   13  369 545264.967    0.00000   100%  14.2  457s
  3800  3779    0.00000   14  374 545264.967    0.00000   100%  14.2  460s
  3810  3786    0.00000   16  376 545264.967    0.00000   100%  14.2  470s
  3814  3789    0.00000   17  377 545264.967    0.00000   100%  14.2  477s
  3818  3796    0.00000   18  361 545264.967    0.00000   100%  14.2  483s
  3825  3803    0.00000   20  357 545264.967    0.00000   100%  14.2  494s
  3834  3833    0.00000   23  353 545264.967    0.00000   100%  14.3  512s
  3867  3895    0.00000   31  345 545264.967    0.00000   100%  14.2  543s
  3940  3990    0.00000   51  324 545264.967    0.00000   100%  14.0  603s
  4059  4013    0.00000   86  303 545264.967    0.00000   100%  13.6  676s
  4125  4104    0.00000   98  304 545264.967    0.00000   100%  13.9  767s
  4240  4191    0.00000  122  300 545264.967    0.00000   100%  13.8  847s
  4367  4279    0.00000  151  301 545264.967    0.00000   100%  13.6  906s
  4498  4611    0.00000  179  299 545264.967    0.00000   100%  13.3  967s
H 4563  4400                    465048.25392    0.00000   100%  13.3  967s
H 4660  4188                    400719.88514    0.00000   100%  13.5  967s
H 4757  3985                    179249.60404    0.00000   100%  13.6  967s
H 4760  3822                    97513.517443    0.00000   100%  13.6  967s
H 4877  4166                    6699.6408433    0.00000   100%  13.6 1025s
H 4924  3060                       0.0000000    0.00000  0.00%  13.7 1025s

Cutting planes:
  Gomory: 5
  Implied bound: 2
  MIR: 325
  StrongCG: 20
  Flow cover: 136
  Zero half: 1
  RLT: 21

Explored 5416 nodes (82275 simplex iterations) in 1025.61 seconds (446.77 work units)
Thread count was 2 (of 24 available processors)

Solution count 10: 0 6699.64 97513.5 ... 572554

Optimal solution found (tolerance 2.85e-08)
Best objective 0.000000000000e+00, best bound 0.000000000000e+00, gap 0.0000%
