
Gurobi 11.0.3 (linux64, Java) logging started sex 22 nov 2024 11:38:41 -03

Set parameter Username
Academic license - for non-commercial use only - expires 2025-10-10
Set parameter NonConvex to value 2
Set parameter TimeLimit to value 3600
Set parameter LogToConsole to value 0
Set parameter MIPGap to value 2.8513120942475052e-08
Set parameter Threads to value 2
Set parameter NodefileDir to value "/home/ps12398/experiment_hosp/goalProgrammingMarcos/"
Set parameter NodefileStart to value 1
Gurobi Optimizer version 11.0.3 build v11.0.3rc0 (linux64)

CPU model: Intel(R) Xeon(R) CPU           X5650  @ 2.67GHz, instruction set [SSE2]
Thread count: 12 physical cores, 24 logical processors, using up to 2 threads

Optimize a model with 253880 rows, 172586 columns and 1906376 nonzeros
Model fingerprint: 0x997424cf
Model has 298 quadratic constraints
Variable types: 86148 continuous, 86438 integer (293 binary)
Coefficient statistics:
  Matrix range     [3e-03, 3e+06]
  QMatrix range    [3e-03, 5e+04]
  QLMatrix range   [1e+00, 5e+04]
  Objective range  [1e+00, 7e+07]
  Bounds range     [1e+00, 1e+08]
  RHS range        [1e+00, 8e+06]
  QRHS range       [8e-02, 8e-02]
Presolve removed 250437 rows and 168877 columns
Presolve time: 1.54s
Presolved: 5451 rows, 4324 columns, 766205 nonzeros
Presolved model has 2 SOS constraint(s)
Presolved model has 293 bilinear constraint(s)

Solving non-convex MIQCP

Variable types: 1045 continuous, 3279 integer (295 binary)
Found heuristic solution: objective 2.580149e+07

Root simplex log...

Iteration    Objective       Primal Inf.    Dual Inf.      Time
       0    0.0000000e+00   7.114108e+03   0.000000e+00      7s
     392    0.0000000e+00   0.000000e+00   0.000000e+00      7s

Root relaxation: objective 0.000000e+00, 392 iterations, 0.24 seconds (0.06 work units)
Total elapsed time = 7.24s (DegenMoves)

    Nodes    |    Current Node    |     Objective Bounds      |     Work
 Expl Unexpl |  Obj  Depth IntInf | Incumbent    BestBd   Gap | It/Node Time

     0     0    0.00000    0  391 2.5801e+07    0.00000   100%     -    8s
     0     0    0.00000    0  607 2.5801e+07    0.00000   100%     -   10s
     0     0    0.00000    0  564 2.5801e+07    0.00000   100%     -   12s
     0     0    0.00000    0  400 2.5801e+07    0.00000   100%     -   17s
H    0     0                    2.580143e+07    0.00000   100%     -   18s
     0     0    0.00000    0  378 2.5801e+07    0.00000   100%     -   18s
     0     0    0.00000    0  348 2.5801e+07    0.00000   100%     -   20s
H    0     0                    1299392.6495    0.00000   100%     -   21s
     0     0    0.00000    0  346 1299392.65    0.00000   100%     -   21s
     0     0    0.00000    0  346 1299392.65    0.00000   100%     -   22s
H    0     0                    1292729.5829    0.00000   100%     -   22s
     0     0    0.00000    0  346 1292729.58    0.00000   100%     -   23s
     0     0    0.00000    0  346 1292729.58    0.00000   100%     -   25s
     0     0    0.00000    0  346 1292729.58    0.00000   100%     -   30s
H    0     0                    789014.55763    0.00000   100%     -   38s
     0     2    0.00000    0  346 789014.558    0.00000   100%     -   41s
    39    78    0.00000   20  324 789014.558    0.00000   100%   3.7   46s
    79   115    0.00000   41  306 789014.558    0.00000   100%   4.8  104s
   116   429    0.00000   53  293 789014.558    0.00000   100%   3.8  121s
   432   531    0.00000  144  292 789014.558    0.00000   100%  13.1  128s
H  540   645                    778241.62911    0.00000   100%  13.2  136s
   658   700    0.00000  174  292 778241.629    0.00000   100%  12.5  143s
H  691   700                    197109.20192    0.00000   100%  14.2  143s
   717   827    0.00000  191  291 197109.202    0.00000   100%  13.7  151s
H  751   827                    192886.64998    0.00000   100%  14.5  151s
H  752   247                       0.0000000    0.00000  0.00%  14.5  151s

Cutting planes:
  Gomory: 8
  Implied bound: 6
  MIR: 150
  StrongCG: 14
  Flow cover: 6
  RLT: 3
  Relax-and-lift: 1

Explored 847 nodes (16530 simplex iterations) in 151.52 seconds (58.47 work units)
Thread count was 2 (of 24 available processors)

Solution count 9: 0 192887 197109 ... 2.58015e+07

Optimal solution found (tolerance 2.85e-08)
Best objective 0.000000000000e+00, best bound 0.000000000000e+00, gap 0.0000%
