
Gurobi 11.0.3 (linux64, Java) logging started qui 21 nov 2024 15:32:57 -03

Set parameter Username
Academic license - for non-commercial use only - expires 2025-10-10
Set parameter NonConvex to value 2
Set parameter TimeLimit to value 3600
Set parameter LogToConsole to value 0
Set parameter MIPGap to value 2.8513120942475052e-08
Set parameter Threads to value 2
Set parameter NodefileDir to value "/home/ps12398/experiment_hosp/goalProgrammingMarcos/"
Set parameter NodefileStart to value 1
Gurobi Optimizer version 11.0.3 build v11.0.3rc0 (linux64)

CPU model: Intel(R) Xeon(R) CPU           X5650  @ 2.67GHz, instruction set [SSE2]
Thread count: 12 physical cores, 24 logical processors, using up to 2 threads

Optimize a model with 253880 rows, 172586 columns and 1906376 nonzeros
Model fingerprint: 0x66a1f823
Model has 298 quadratic constraints
Variable types: 86148 continuous, 86438 integer (293 binary)
Coefficient statistics:
  Matrix range     [3e-03, 3e+06]
  QMatrix range    [3e-03, 5e+04]
  QLMatrix range   [1e+00, 5e+04]
  Objective range  [1e+00, 7e+07]
  Bounds range     [1e+00, 1e+08]
  RHS range        [1e+00, 1e+06]
  QRHS range       [8e-02, 8e-02]
Presolve removed 250437 rows and 168877 columns
Presolve time: 1.35s
Presolved: 5451 rows, 4324 columns, 766205 nonzeros
Presolved model has 2 SOS constraint(s)
Presolved model has 293 bilinear constraint(s)

Solving non-convex MIQCP

Variable types: 1045 continuous, 3279 integer (295 binary)
Found heuristic solution: objective 3.362412e+07

Root simplex log...

Iteration    Objective       Primal Inf.    Dual Inf.      Time
       0    0.0000000e+00   9.245468e+03   0.000000e+00      6s
     573    0.0000000e+00   0.000000e+00   0.000000e+00      6s

Root relaxation: objective 0.000000e+00, 573 iterations, 0.19 seconds (0.10 work units)
Total elapsed time = 5.63s (DegenMoves)

    Nodes    |    Current Node    |     Objective Bounds      |     Work
 Expl Unexpl |  Obj  Depth IntInf | Incumbent    BestBd   Gap | It/Node Time

     0     0    0.00000    0  479 3.3624e+07    0.00000   100%     -    6s
     0     0    0.00000    0  360 3.3624e+07    0.00000   100%     -    7s
     0     0    0.00000    0  345 3.3624e+07    0.00000   100%     -    8s
     0     0    0.00000    0  327 3.3624e+07    0.00000   100%     -   10s
     0     0    0.00000    0  329 3.3624e+07    0.00000   100%     -   11s
     0     0    0.00000    0  326 3.3624e+07    0.00000   100%     -   13s
     0     0    0.00000    0  330 3.3624e+07    0.00000   100%     -   13s
     0     0    0.00000    0  326 3.3624e+07    0.00000   100%     -   15s
     0     0    0.00000    0  329 3.3624e+07    0.00000   100%     -   15s
     0     0    0.00000    0  328 3.3624e+07    0.00000   100%     -   16s
     0     0    0.00000    0  327 3.3624e+07    0.00000   100%     -   19s
     0     0    0.00000    0  327 3.3624e+07    0.00000   100%     -   22s
H    0     0                    3.354727e+07    0.00000   100%     -   35s
     0     2    0.00000    0  327 3.3547e+07    0.00000   100%     -   37s
    29    47    0.00000   12  316 3.3547e+07    0.00000   100%  33.9   41s
H   63    88                    3.329236e+07    0.00000   100%  26.2   44s
    89   186    0.00000   38  313 3.3292e+07    0.00000   100%  22.0   51s
   187   317    0.00000   93  309 3.3292e+07    0.00000   100%  21.1   58s
H  318   385                    3.057540e+07    0.00000   100%  17.6   64s
   386   445    0.00000  162  308 3.0575e+07    0.00000   100%  17.0   70s
   446   523    0.00000  212  304 3.0575e+07    0.00000   100%  21.8  159s
H  524   580                    2.698801e+07    0.00000   100%  22.0  171s
   581   959 52812.7072  264  301 2.6988e+07    0.00000   100%  22.5  196s
   981  1047    0.00000  383  291 2.6988e+07    0.00000   100%  24.5  216s
  1083  1363    0.00000  395  292 2.6988e+07    0.00000   100%  26.1  233s
H 1405  1363                    2.681375e+07    0.00000   100%  25.6  233s
  1406  1678    0.00000  518  294 2.6814e+07    0.00000   100%  25.6  251s
H 1459  1678                    936013.52516    0.00000   100%  24.9  251s
H 1556  1678                    935839.07698    0.00000   100%  23.5  251s
H 1635  1678                    870295.05485    0.00000   100%  23.0  251s
  1723  1988   43.58631  677  291 870295.055    0.00000   100%  21.9  268s
  2040  2471 1893.64555  823  291 870295.055    0.00000   100%  20.0  290s
  2523  2775 9349.08159 1146  291 870295.055    0.00000   100%  19.9  306s
H 2715  2775                    692359.72933    0.00000   100%  20.2  306s
H 2827  2987                    678872.10815    0.00000   100%  19.8  321s
  3041  3286 15829.4649 1426  291 678872.108    0.00000   100%  19.6  337s
H 3340  3580                    665750.49966    0.00000   100%  19.5  358s
  3637  3581 15598.7654 1417 1361 665750.500    0.00000   100%  19.3  395s
  3639  3582 14626.6034 1375  194 665750.500    0.00000   100%  19.3  403s
  3640  3583 17265.3201 1489   61 665750.500    0.00000   100%  19.3  409s
  3641  3584    0.00000  178   56 665750.500    0.00000   100%  19.3  410s
  3643  3585 8007.24960 1088   35 665750.500    0.00000   100%  19.3  415s
  3644  3586 6524.34122 1025   32 665750.500    0.00000   100%  19.3  420s
  3647  3588   92.84406  713   31 665750.500    0.00000   100%  19.3  425s
  3649  3589    0.00000  425   22 665750.500    0.00000   100%  19.2  430s
  3651  3590 3735.74661 1416   19 665750.500    0.00000   100%  19.2  435s
  3654  3592   43.57478  606   13 665750.500    0.00000   100%  19.2  441s
  3656  3594  819.98545  974   14 665750.500    0.00000   100%  19.2  445s
  3659  3596 2490.30486 1279   17 665750.500    0.00000   100%  19.2  452s
  3660  3596 3455.91545 1362   17 665750.500    0.00000   100%  19.2  474s
  3661  3600    0.00000   12  309 665750.500    0.00000   100%  20.9  477s
  3677  3611    0.00000   16  310 665750.500    0.00000   100%  20.9  480s
H 3689  3451                    593158.18837    0.00000   100%  21.0  484s
  3704  3503    0.00000   25  300 593158.188    0.00000   100%  21.1  490s
H 3725  3325                    367876.47534    0.00000   100%  21.3  490s
  3764  3481    0.00000   45  297 367876.475    0.00000   100%  21.7  506s
  3938  3599    0.00000  101  290 367876.475    0.00000   100%  23.0  521s
  4115  3764    0.00000  162  291 367876.475    0.00000   100%  23.6  541s
H 4345  3655                    257030.54968    0.00000   100%  23.6  555s
H 4435  3471                    171585.09274    0.00000   100%  23.7  555s
H 4487  3420                    100404.84801    0.00000   100%  23.9  567s
H 4576  3251                    93269.331182    0.00000   100%  24.1  567s
  4604  3338    0.00000  300  283 93269.3312    0.00000   100%  24.0  581s
H 4654  3188                    54574.903359    0.00000   100%  24.1  581s
  4704  3447    0.00000  325  283 54574.9034    0.00000   100%  24.0  601s
H 4885  2374                       0.0000000    0.00000  0.00%  23.4  601s

Cutting planes:
  Gomory: 17
  MIR: 164
  StrongCG: 12
  Flow cover: 135
  Zero half: 1

Explored 4995 nodes (120483 simplex iterations) in 601.29 seconds (251.98 work units)
Thread count was 2 (of 24 available processors)

Solution count 10: 0 54574.9 93269.3 ... 678872

Optimal solution found (tolerance 2.85e-08)
Best objective 0.000000000000e+00, best bound 0.000000000000e+00, gap 0.0000%
