
Gurobi 11.0.3 (linux64, Java) logging started ter 12 nov 2024 04:56:38 -03

Set parameter Username
Academic license - for non-commercial use only - expires 2025-10-10
Set parameter NonConvex to value 2
Set parameter TimeLimit to value 3600
Set parameter LogToConsole to value 0
Set parameter MIPGap to value 1.0291680367498715e-08
Set parameter Threads to value 2
Set parameter NodefileDir to value "/home/ps12398/goal_programming/goalProgrammingMarcos/"
Set parameter NodefileStart to value 1
Gurobi Optimizer version 11.0.3 build v11.0.3rc0 (linux64)

CPU model: Intel(R) Xeon(R) CPU           X5650  @ 2.67GHz, instruction set [SSE2]
Thread count: 12 physical cores, 24 logical processors, using up to 2 threads

Optimize a model with 2176625 rows, 1457786 columns and 12056581 nonzeros
Model fingerprint: 0x188335e7
Model has 858 quadratic constraints
Variable types: 728468 continuous, 729318 integer (853 binary)
Coefficient statistics:
  Matrix range     [1e-03, 1e+07]
  QMatrix range    [1e-03, 2e+05]
  QLMatrix range   [1e+00, 2e+05]
  Objective range  [1e+00, 2e+08]
  Bounds range     [1e+00, 1e+08]
  RHS range        [1e+00, 2e+07]
  QRHS range       [2e-02, 2e-02]
Presolve removed 1445608 rows and 726758 columns (presolve time = 5s) ...
Presolve removed 2166647 rows and 1447366 columns (presolve time = 35s) ...
Presolve removed 2166647 rows and 1447366 columns (presolve time = 60s) ...
Presolve removed 2166644 rows and 1447364 columns
Presolve time: 59.69s
Presolved: 17064 rows, 12567 columns, 6046758 nonzeros
Presolved model has 2 SOS constraint(s)
Presolved model has 853 bilinear constraint(s)

Solving non-convex MIQCP

Variable types: 3209 continuous, 9358 integer (855 binary)

Root simplex log...

Iteration    Objective       Primal Inf.    Dual Inf.      Time
       0    0.0000000e+00   1.360180e+04   0.000000e+00    106s
    2048    0.0000000e+00   0.000000e+00   0.000000e+00    110s

Root relaxation: objective 0.000000e+00, 2048 iterations, 7.71 seconds (1.04 work units)
Total elapsed time = 110.10s (DegenMoves)
Total elapsed time = 120.92s (DegenMoves)

    Nodes    |    Current Node    |     Objective Bounds      |     Work
 Expl Unexpl |  Obj  Depth IntInf | Incumbent    BestBd   Gap | It/Node Time

     0     0    0.00000    0 1464          -    0.00000      -     -  121s
     0     0    0.00000    0 1420          -    0.00000      -     -  131s
     0     0    0.00000    0 1108          -    0.00000      -     -  139s
     0     0    0.00000    0 1073          -    0.00000      -     -  186s
     0     0    0.00000    0 1051          -    0.00000      -     -  192s
     0     0    0.00000    0 1041          -    0.00000      -     -  222s
     0     0    0.00000    0 1084          -    0.00000      -     -  228s
     0     0    0.00000    0 1036          -    0.00000      -     -  246s
     0     0    0.00000    0 1054          -    0.00000      -     -  251s
     0     0    0.00000    0 1040          -    0.00000      -     -  270s
     0     0    0.00000    0 1037          -    0.00000      -     -  276s
     0     0    0.00000    0 1035          -    0.00000      -     -  293s
     0     0    0.00000    0 1037          -    0.00000      -     -  296s
     0     0    0.00000    0 1035          -    0.00000      -     -  322s
     0     0    0.00000    0 1035          -    0.00000      -     -  353s
     0     2    0.00000    0 1035          -    0.00000      -     -  466s
     1     5    0.00000    1 1032          -    0.00000      -   104  470s
     7    10    0.00000    4 1029          -    0.00000      -  95.1  477s
    11    14    0.00000    5 1029          -    0.00000      -  82.9  482s
    13    16    0.00000    6 1032          -    0.00000      -  86.4  486s
    15    21    0.00000    7 1032          -    0.00000      -  75.9  494s
    20    29    0.00000    9 1041          -    0.00000      -  64.0  507s
    28    40    0.00000   12 1029          -    0.00000      -  95.6  519s
    41    67    0.00000   16 1037          -    0.00000      -  89.4  555s
    68   132    0.00000   27 1021          -    0.00000      -   109  627s
   134   249    0.00000   53 1013          -    0.00000      -  73.5  760s
   251   388    0.00000   87 1007          -    0.00000      -  83.2  943s
   390   559    0.00000  150 1000          -    0.00000      -  72.5 1094s
   561   703    0.00000  254  992          -    0.00000      -  60.5 1222s
   706   847    0.00000  319  984          -    0.00000      -  58.1 1332s
   850   975    0.00000  370  974          -    0.00000      -  53.1 1424s
   980  1137    0.00000  425  952          -    0.00000      -  50.8 1570s
  1142  1277    0.00000  493  931          -    0.00000      -  46.9 1733s
  1283  1441    0.00000  550  903          -    0.00000      -  46.1 1886s
  1447  1611    0.00000  631  887          -    0.00000      -  45.1 2072s
  1625  1765 18437.7043  703  876          -    0.00000      -  47.9 2214s
  1804  1885 284412.634  771  872          -    0.00000      -  53.5 3600s

Cutting planes:
  Gomory: 51
  Implied bound: 19
  MIR: 491
  StrongCG: 46
  Mod-K: 1
  Relax-and-lift: 4

Explored 1926 nodes (135155 simplex iterations) in 3600.54 seconds (989.85 work units)
Thread count was 2 (of 24 available processors)

Solution count 0

Time limit reached
Best objective -, best bound 0.000000000000e+00, gap -
