
Gurobi 11.0.3 (linux64, Java) logging started ter 12 nov 2024 18:03:36 -03

Set parameter Username
Academic license - for non-commercial use only - expires 2025-10-10
Set parameter NonConvex to value 2
Set parameter TimeLimit to value 3600
Set parameter LogToConsole to value 0
Set parameter MIPGap to value 1.0291680367498715e-08
Set parameter Threads to value 2
Set parameter NodefileDir to value "/home/ps12398/goal_programming/goalProgrammingMarcos/"
Set parameter NodefileStart to value 1
Gurobi Optimizer version 11.0.3 build v11.0.3rc0 (linux64)

CPU model: Intel(R) Xeon(R) CPU           X5650  @ 2.67GHz, instruction set [SSE2]
Thread count: 12 physical cores, 24 logical processors, using up to 2 threads

Optimize a model with 2176625 rows, 1457786 columns and 12056581 nonzeros
Model fingerprint: 0x29f723c2
Model has 858 quadratic constraints
Variable types: 728468 continuous, 729318 integer (853 binary)
Coefficient statistics:
  Matrix range     [1e-03, 1e+07]
  QMatrix range    [1e-03, 2e+05]
  QLMatrix range   [1e+00, 2e+05]
  Objective range  [1e+00, 2e+08]
  Bounds range     [1e+00, 1e+08]
  RHS range        [1e+00, 2e+06]
  QRHS range       [2e-01, 2e-01]
Presolve removed 1445608 rows and 726758 columns (presolve time = 6s) ...
Presolve removed 2166644 rows and 1447364 columns
Presolve time: 9.93s
Presolved: 17064 rows, 12567 columns, 6046758 nonzeros
Presolved model has 2 SOS constraint(s)
Presolved model has 853 bilinear constraint(s)

Solving non-convex MIQCP

Variable types: 3209 continuous, 9358 integer (855 binary)

Root simplex log...

Iteration    Objective       Primal Inf.    Dual Inf.      Time
       0    0.0000000e+00   1.009914e+04   0.000000e+00     85s
     138    0.0000000e+00   1.896540e+04   0.000000e+00     85s
     943    0.0000000e+00   0.000000e+00   0.000000e+00     86s

Root relaxation: objective 0.000000e+00, 943 iterations, 23.47 seconds (0.43 work units)
Total elapsed time = 86.54s (DegenMoves)
Total elapsed time = 93.79s (DegenMoves)
Total elapsed time = 99.61s (DegenMoves)

    Nodes    |    Current Node    |     Objective Bounds      |     Work
 Expl Unexpl |  Obj  Depth IntInf | Incumbent    BestBd   Gap | It/Node Time

     0     0    0.00000    0 1128          -    0.00000      -     -  100s
     0     0    0.00000    0  994          -    0.00000      -     -  110s
     0     0    0.00000    0 1016          -    0.00000      -     -  162s
     0     0    0.00000    0 1013          -    0.00000      -     -  168s
     0     0    0.00000    0 1011          -    0.00000      -     -  230s
     0     0    0.00000    0 1029          -    0.00000      -     -  246s
     0     0    0.00000    0 1080          -    0.00000      -     -  282s
     0     0    0.00000    0 1079          -    0.00000      -     -  317s
     0     2    0.00000    0 1037          -    0.00000      -     -  463s
     1     5    0.00000    1 1035          -    0.00000      -   884  467s
     3     6    0.00000    2 1075          -    0.00000      -   321  472s
     5     8    0.00000    2 1073          -    0.00000      -   222  476s
     9    12    0.00000    4 1073          -    0.00000      -   134  482s
    11    14    0.00000    5 1069          -    0.00000      -   110  485s
    15    20    0.00000    7 1065          -    0.00000      -  81.4  495s
    19    29    0.00000    9 1065          -    0.00000      -  64.9  510s
    28    50    0.00000   14 1066          -    0.00000      -  45.1  546s
    49   103    0.00000   25 1062          -    0.00000      -  27.4  628s
   102   209    0.00000   50 1062          -    0.00000      -  14.6  759s
   208   351    0.00000   98 1014          -    0.00000      -  11.3  968s
   351   580    0.00000  131  961          -    0.00000      -  14.4 1185s
   580   787    0.00000  207  925          -    0.00000      -  10.4 1299s
   787   978    0.00000  276  933          -    0.00000      -  11.0 1478s
   978  1263    0.00000  333  939          -    0.00000      -  11.9 1685s
  1264  1459    0.00000  434  936          -    0.00000      -  12.1 1845s
  1461  1594    0.00000  518  941          -    0.00000      -  12.5 3603s

Cutting planes:
  Gomory: 32
  Implied bound: 3
  MIR: 230
  StrongCG: 15
  Zero half: 2
  Mod-K: 1

Explored 1597 nodes (27774 simplex iterations) in 3604.35 seconds (804.45 work units)
Thread count was 2 (of 24 available processors)

Solution count 0

Time limit reached
Best objective -, best bound 0.000000000000e+00, gap -
